397.5187822415322
397.5447789439435
397.57037616259214
397.58557669618875
397.5955753116026
400.04099130671096
400.0410392728444
400.0410875608426
400.0411072846092
400.04111606132415
400.04115333800024
400.0411888636022
400.04119042773215
400.0412200175044
400.04122792240145
400.0412460588944
400.0412530433829
400.0412640294178
400.041264735469
400.04126991583695
400.0412710634652
400.0412735367078
400.04127398680015
400.04127544676635
400.04127619748283
400.04127662270463
400.0412770339251
400.0412772800274
400.0452746116912
400.05927267320806
400.0827413475862
400.108740802328
400.134736706738
400.15553284993604
400.18153010157465
400.2075272882776
400.2335236339915
400.25952017812284
400.28031771146135
400.3115136361482
400.33231086217256
400.35830757918757
400.38430435546854
400.41030083168766
400.43629753993156
400.4570950752487
400.48309161615884
400.5090881792676
400.53508490396655
400.5610815773231
400.58187886789926
400.60787557272494
400.63387221215555
400.6598688356952
400.68586548807775
400.7118622137626
400.7326596847074
400.75865618851975
400.7846528216591
400.81064949095475
400.8366460899692
400.86264277209375
400.8886394467523
400.9094368063355
400.9354334052191
400.96143018170955
400.98742690898564
401.0134233384756
401.03422070657206
401.0602173821176
401.0862140528515
401.11221059606663
401.13820723969
401.1642039804538
401.1902006052773
401.21099788028204
401.2369945362096
401.2629913329366
401.2889879927569
401.3149843995059
401.34098115762885
401.3617784992284
401.38777512879483
401.4137717115902
401.43976838179526
401.4657650069107
401.4917616224451
401.51775839348386
401.54375496708167
401.56455215639863
401.5905488775977
401.6165457119658
401.6425420781268
401.6685386613752
401.6945355031544
401.7205320483827
401.7413292777898
401.7673260457445
401.7933225928247
401.8193192199508
401.8453158906647
401.87131251848865
401.89210975106323
401.91810636776694
401.9441031802234
401.970099666358
401.99609621392415
402.0220929712688
402.04808960243923
402.06888695054715
402.09488346839436
402.1208801261664
402.1468767314481
402.16767416442286
402.19367063595655
402.21966727179125
402.2456640095812
402.2716607306343
402.29765714531914
402.32365360669365
402.3496505183736
402.37044793809076
402.3964443891083
402.42244100359085
402.44843764736703
402.47443413191206
