0.018266290943869015
0.03215120924074662
0.05832434151421112
0.08258541307643838
0.09479310526228997
0.10124194834906358
0.10195793197238444
0.10195881756630333
0.10446502925411243
0.11468093472037799
0.1299913769992905
0.15160824166948286
0.1786604927908625
0.20728525565734468
0.23439686862836126
0.2607453343598515
0.2826018070615927
0.3061574638953714
0.33506296344377945
0.36473366778297
0.39415137348568247
0.4192976177483698
0.44721411903618336
0.4768436029418586
0.5042667231477039
0.5316611660910375
0.5554231552014832
0.5913149171419211
0.612136080181048
0.6373439756113181
0.6555086926898603
0.6676499681442588
0.6853007732791703
0.7036885360336761
0.7203552908600039
0.7345909574497175
0.7470914211007842
0.7591228844766439
0.7734018917136265
0.790613123196207
0.8077852517206335
0.8242930872374098
0.8418402035402122
0.8592386793164287
0.8774686171558532
0.8947328260872366
0.9117700727152829
0.9285772901920019
0.9443853736764165
0.9597106358637549
0.9749403962804305
0.9951915878265339
1.0181579826809128
1.038317274446048
1.057012896372361
1.072827780957533
1.0827499310491717
1.0898854021752367
1.0991499002534224
1.1068264722220924
1.1148417003157098
1.1264397784296611
1.1351902759662897
1.146443859441037
1.1610832709063759
1.1797977648986895
1.2028259566681159
1.2300240739117247
1.2564546596768478
1.2844800498343556
1.3100234477998614
1.3345583971569097
1.3568070052883172
1.3813259046404784
1.4034535245033495
1.4196452395657233
1.4384195875667938
1.4566282801215382
1.4757325466812978
1.4903081702868084
1.50490157213436
1.5184848973825158
1.5375891179306231
1.5598146500827306
1.5745683484472734
1.5931656709717845
1.6055221953058323
1.6203949113239098
1.6391559619710208
1.6576667690856806
1.6734658702506962
1.6870791387078479
1.7015699844645884
1.720068374924931
1.742256465184289
1.7614255627843187
1.7777711890182244
1.794859770631634
1.8077602149473515
1.8160559903789082
1.8260244529391716
1.836172061143529
1.8433670220894034
1.8619189963519744
1.8758099940230615
1.891533228417358
1.9055061996005422
1.9177148047996244
1.9292545976588713
1.9405596830952678
1.9481765517852605
1.9514462914900523
1.9550013186036752
1.9602306283493809
1.9654505637662525
1.9726379086021872
1.9812308377641448
1.989757686360321
2.004325153143246
2.0274261059500014
2.0500933052012003
2.0797922507626163
2.1097149638049686
2.138608812835854
2.168354525063474
2.1975310079903516
2.2272448338340998
2.2571194922049767
2.287036259134443
2.3170472158735906
2.3470663355090515
2.377094373000131
2.407116630017027
2.437161682683711
2.467227507316591
2.497056439321086
2.5187869256891804
2.5407882509230144
2.5648714806688138
2.5931890923626497
2.6229418795425743
2.6502360598398824
2.676433274764222
2.6996804033123403
2.721693115778334
2.743816004002398
2.7686828860489605
2.795062121157679
2.818121818314754
2.832892934887796
2.8524405610581005
2.8750600710321628
2.8971051009710225
2.9182789059811203
2.9480822519181955
2.9781183577988486
3.0080345619330258
3.0378858433239126
3.0631489000646894
3.0855395812266577
3.106452780497459
3.128138171504472
3.146438853733813
3.164781065742836
3.1826274648863233
3.2010106426008225
3.2193412765130587
3.2379542812151842
3.253139646230761
3.2678228670804907
3.2862150110250163
3.3091629441291306
3.326670662729644
3.343516966633607
3.3588357481083504
3.3731211445381457
3.3861754981626544
3.3980641365038933
3.414208093251264
3.4331119159693695
3.4574238947021576
3.4790533371775476
3.4960114207301807
3.5122035849347704
3.526962874059387
3.54122139814181
3.5554491858409225
3.571998958337791
3.5914511102865756
3.6178590345916617
3.6478081041169026
3.6777290070299538
3.7076132505050703
3.730091133276229
3.7589036682650923
3.7876778996988665
3.8127482780472386
3.8387739504271674
3.867345512029348
3.896384494066832
3.9253012932430873
3.954087505295263
3.9827426596909627
4.012134810270541
4.041889478457406
4.071152076647945
4.099719291303842
4.129138078904109
4.156778349122698
4.182773334090704
4.204295907308468
4.227829250502172
4.25083880691932
4.275190118616106
4.302698736014661
4.332496974965835
4.362251372085623
4.392116857488548
4.416095137277751
4.446100080210866
4.475797761437616
4.505575279468076
4.535349878634127
4.565033292099248
4.594901973154915
4.624861104749251
4.6548559781066166
4.684813547873358
4.714812965793586
4.744751260954995
4.774701053379321
4.804682824443824
4.8346490071733745
4.864628015745796
4.894710001664611
4.924846347879817
4.952822128003184
4.974667398522569
4.990888052507113
5.008381176107943
5.031572478300999
5.059964411497429
5.089556376023935
5.120062685171629
5.15079130730014
5.179054876556167
5.208885340140055
5.2387343578375125
5.268750684113475
5.298746232406785
5.328512220845895
5.356924768841676
5.376916920050093
5.405619205243258
5.426221462026152
5.441932406219036
5.4628005342506825
5.489241864937734
5.518727362868502
5.548604569188692
5.578448246250959
5.607129098967889
5.633570165630068
5.655881326905143
5.677850211573839
5.70037560489721
5.723233362882662
5.747269020066706
5.776876955391332
5.806897832724931
5.836858666022837
5.866810066560807
5.896632057671259
5.921636432235202
5.9415624160920535
5.959583350311686
5.9835326955905055
6.012144133239506
6.041867083907563
6.071861294270316
6.1010683769633935
6.130108319510211
6.154304201764226
6.182233761430726
6.21020081949803
6.239521739785735
6.263473299042222
6.293467381154628
6.322309023127695
6.350372939550484
6.380142910230292
6.410053085130352
6.440019224392306
6.4699431723015
6.499883293571771
6.52984678067116
6.559854661886031
6.58975921865466
6.619677295821437
6.649717740546224
6.679787410629866
6.709828120960661
6.739779993580037
6.769694243536696
6.799635626207561
6.829694036547586
6.859846355524597
6.88908733584375
6.917612677212377
6.947574168612662
6.977739759925486
7.007852405183322
7.03786625206946
7.067841270252326
7.097741446964933
7.127620143717467
7.156373577128617
7.182013747843904
7.206685123278169
7.2352414859566
7.265190519650352
7.294945814322735
7.324359265972061
7.353975506343062
7.3833682729845345
7.406771133995576
7.436349865901069
7.465215658962303
7.493171462947791
7.521020922286153
7.549086382680596
7.577300190937442
7.605549818567177
7.634420047255992
7.664313316342496
7.692556005093143
7.7161535143091955
7.735078222705297
7.7552365586753735
7.77666266058166
7.793003045242167
7.806989529631226
7.8214571114480265
7.837270885201288
7.85051244760187
7.864418732774748
7.875392968421867
7.892793558596729
7.909803503366712
7.923492185005511
7.933990059770432
7.9448249921852705
7.958722275397138
7.978738084891103
8.003486622592098
8.030154778285091
8.051933369565035
8.073618326715131
8.095199706818764
8.115859165928054
8.141963666776087
8.165605878454237
8.192499848862257
8.221981355453835
8.251807495176346
8.281840701564143
8.311811183137912
8.341819248960409
8.371742314466228
8.401721165156905
8.431720727930387
8.46170268540567
8.491670516977422
8.515694999833805
8.545648741203818
8.574352656253193
8.603401962120554
8.633415561512622
8.663520451086725
8.69368453505252
8.723919006592302
8.754227384109258
8.784401092168904
8.814712379557884
8.844963496819188
8.875102048010573
8.904327344763523
8.932208435659014
8.957937136478797
8.977085919146989
8.999767924787754
9.026702620599695
9.056514753496208
9.080495109683822
9.114476916086241
9.13336093246437
9.157475321190105
9.182320001674896
9.20645825540676
9.228828760875736
9.251797512391404
9.276777376183052
9.306434778712838
9.336231582225482
9.36578122713683
9.38878806721647
9.414676599323373
9.443102960363628
9.469253020686434
9.495955394800278
9.5259695117337
9.549982373971632
9.579922472851571
9.609281008391152
9.634010494512344
9.657210124152737
9.682361625478688
9.707940232788767
9.736753159803646
9.765258964667662
9.79362419306868
9.820410464983098
9.845947668865715
9.871619981892396
9.89694560117905
9.91338296587649
9.926352762703877
9.932080309229704
9.9327383826444
9.939000727955321
9.939904948880322
9.9449964236931
9.956358271535683
9.969625295238881
9.987528630618892
10.009076481177997
10.028531212725925
10.041081082062373
10.04747325939488
10.047979057551222
10.05059383891622
10.05693614789301
10.063961716921204
10.064583570699593
10.072220897196278
10.086377440250317
10.104457331242456
10.122404410442403
10.142580176509263
10.169128274618254
10.196650854510514
10.226112447162068
10.255800292484244
10.282313403442167
10.31066723706759
10.340067795401406
10.364887626873953
10.385764159958175
10.407373457867953
10.429903417680082
10.453179901025543
10.47671442831846
10.498539866521753
10.511658105673474
10.5214259116283
10.52899076769911
10.541931862256362
10.560827700396262
10.58365716673369
10.612624022763242
10.641894350159237
10.668994414587434
