-5.78676426144674,-2.66769885164671
-5.786152687619268,-2.6689911307204985
-5.7864201191064115,-2.6684779852002634
-5.786642749666055,-2.6680613052630036
-5.786643099344981,-2.6680596459981873
-5.786642775092628,-2.668060417404244
1.5529777662652633e-05,2.1525948490064422e-07
6.874891559166027e-05,2.679028081692033e-07
0.00010505413162443374,2.7527315489030125e-07
0.0001230988213958421,2.4289411272518886e-07
0.00012289935877799415,2.054187936577235e-07
9.699606623699923e-05,1.5763878947033733e-07
5.7599683344687736e-05,8.027656238025552e-08
3.6809616579727135e-05,4.429996665017647e-09
4.6691662169284544e-05,-4.87468146237299e-09
7.54734507160922e-05,5.00527520031872e-07
8.018021730537547e-05,8.039048229530973e-07
6.691809871144368e-05,9.082184446702566e-07
5.2981624874250406e-05,1.0405475290500758e-08
5.7322125411938624e-05,-2.3326871509165477e-08
6.598176556412674e-05,5.391026902432225e-07
6.509502166658294e-05,-4.169592003490473e-08
5.967380908543393e-05,3.319974097965365e-07
6.034426840595978e-05,5.163710331017272e-07
6.310126187267076e-05,7.084186215780321e-08
6.265502505339015e-05,1.177943062163833e-07
6.133913973980488e-05,3.5935669546523754e-07
0.0004610247105381924,1.6275597550466283e-07
0.006058368692331564,-2.2415101171673114e-07
0.022056712425580178,-2.741525495516695e-06
0.04776897730068516,-6.794281280791422e-06
0.07769530464487714,0.0002738328957785869
0.10740509645104543,0.001174692654700335
0.1311292781800704,0.0026364824098661596
0.16071821467715586,0.00541833199234299
0.19026810642687417,0.008866243303494933
0.2197321487989877,0.01289636090017254
0.243210365889476,0.01667086018135978
0.2724678076245307,0.021933473042534846
0.3013476961429837,0.02876802176790111
0.32410224785500885,0.03589003623906133
0.3520415204968267,0.04639948592700682
0.3795426408296799,0.058217359814948716
0.40680211015179546,0.07068472976991662
0.42861883228165487,0.08071360783486074
0.4560426564398196,0.09295471933895781
0.4837243590887862,0.10461493820171312
0.5115411764731809,0.11590070075016586
0.5338984187580281,0.12468890902551674
0.5620413982513771,0.13520155082970878
0.590427432830797,0.14504549185700383
0.6132983258027657,0.15243539768214376
0.6420673173857255,0.16108113455772377
0.6709964547488849,0.16915039936772194
0.7000429358409359,0.176754483038593
0.7233480745627403,0.1825688845792798
0.7525513924242622,0.18952551080980606
0.781825006545895,0.19617020143412262
0.8111441025543329,0.20258210302026627
0.8346221858622108,0.20759319474562224
0.8639899406082788,0.21375370743364783
0.8933807799102977,0.21980405607810974
0.9169139004907879,0.22455484162881814
0.9463243697369947,0.2304485292511149
0.9757151451670719,0.23643177475416827
1.0050842172944874,0.24251801338044593
1.0285626093923972,0.24746631602128355
1.057889361962834,0.2537533966574052
1.0872004706123155,0.26012643397458896
1.1106431020932976,0.2652614506940398
1.1399400696929836,0.27170652826462605
1.169232070717435,0.2781786066300011
1.1985104470159946,0.2846965275227379
1.2219183831594649,0.2899743461391487
1.2511637612770143,0.2966392434446028
1.2745415924822225,0.3020406927705441
1.3037361931224547,0.3089056746719057
1.3328897102963215,0.31593081414995394
1.3619941236176232,0.32315588346961643
1.3852459923214635,0.32906527967220245
1.4142833129785146,0.3365732867696868
1.4432654873778663,0.34425332553546817
1.4721306256170843,0.3523084426268393
1.4951706759673316,0.35899938966278894
1.5238925787884765,0.36759556593332754
1.5524452923256202,0.3766912770086471
1.5752151812425252,0.3842195882504059
1.603584814730801,0.39389551145575713
1.6316798012947338,0.40423043231801103
1.6537446092930508,0.4134431464680463
1.681087117324941,0.42578994433302053
1.708790916896851,0.4374929841009437
1.7311928547848217,0.4461908142878098
1.7595588409446759,0.45621708688485313
1.7826150569448402,0.4631574440038499
1.81183307225129,0.4703816978332058
1.8349591095997149,0.47524927273387196
1.859193452201358,0.4799219435182748
1.8777690618509122,0.4832608308818537
1.891216614021577,0.48564737174020384
1.9029697226686237,0.4877391840419897
1.9142843467120454,0.4899904649507898
1.9209176565444146,0.4914505794869232
1.9243517315062657,0.49231850315663345
1.9271665027679141,0.4929996302304591
1.9298550209381653,0.4936105516852893
1.9323098008753532,0.49417429809345936
1.935150249699206,0.49485987732230746
1.9378031532612765,0.49545352361031864
1.939578947518536,0.4958411055579919
1.9420431248881405,0.49643757303804814
1.9455722747517923,0.4973863569161832
1.948423552117395,0.49816071879590496
1.9515595478699939,0.498967307015915
1.9532460122208475,0.4993534664033128
1.957433430724102,0.5003977707582998
1.9622022799669638,0.5018204419447622
1.9665538416439388,0.5033334587459681
1.9659528480669044,0.5030293413918632
1.9572602382421749,0.49841727995439694
1.9454936785811796,0.4911472926305695
1.9339536144411795,0.4834930456503513
1.920905407404455,0.4754643738757082
1.9073456311804835,0.4681362621775907
1.8922043214470154,0.46076481509255496
1.8797444235332852,0.4548884156756932
1.867425431741081,0.4487317686486577
1.8563235503689106,0.44263607644854014
1.846697862334112,0.43709122336270445
1.8395599450973203,0.4329178843001217
1.8341538480410433,0.42977287967699057
1.8284391525121393,0.4265290806369982
1.8221625741435166,0.42309524473290144
1.8158718618540637,0.4196236794143688
1.8117476647860586,0.4171885667095658
1.811582204254207,0.4170873552462204
1.8176901197955668,0.4207481563870992
1.8283381069315086,0.4269552364020138
1.840839166702197,0.433994100719427
1.8485243713646138,0.438333280052655
1.8543982796823915,0.44173155146897275
1.8577297995233122,0.44375855500065975
1.8605081545451037,0.44550157864753004
1.86193321563942,0.4463752891677814
1.8624369175945605,0.44669598113067793
1.8583460328766788,0.4444766251708141
1.849709847032315,0.4398420797818264
1.841207007164165,0.43538561826499783
1.835295580804206,0.432293410595059
1.8316936836421653,0.43033802326849585
1.8286296033938954,0.4286096023315576
1.8296833970987967,0.4292127312362534
1.8293487863922664,0.4290228266040953
1.826688307473623,0.4274810617003077
1.826711856990528,0.4274950873988467
1.82654705015739,0.427389816952152
1.8265776533047446,0.42740593048447584
1.8252739376946676,0.4266444093126236
1.824873945245182,0.4264247333791165
1.826481815786534,0.42733402867198944
1.8296298534075826,0.42915526527586545
1.8342723615075571,0.43186280674412353
1.8383872794946776,0.4342114305357119
1.844581270285772,0.4376853217446361
1.8484968750441217,0.43997000039583983
1.8501216692003715,0.4409764869262148
1.8517643322573105,0.44200103397533014
1.8553356931886458,0.4442059389235591
1.8612726127943646,0.44785265831887294
1.8686940633323663,0.45263272811818533
1.8762438436951323,0.45764694224647756
1.88116104313091,0.4609357853953223
1.885146310081044,0.4634864101381878
1.8876326046294376,0.4649944723464107
1.8863378246579925,0.4642309652377433
1.878388336197841,0.45963862739589484
1.872516946732542,0.4563345870880562
1.8666630968527054,0.45313985463156103
1.8577229111961806,0.44840710727488037
1.85345014815285,0.44614709839525113
1.8545856002316876,0.44677571811517885
1.857065245829107,0.44818865214317616
1.8583294019468515,0.44892872375220316
1.8566606634773275,0.44788415407901666
1.8534067778569157,0.4458095454940355
1.8497883364579517,0.44353148042819396
1.849230580436959,0.44319911261888556
1.8476989596947782,0.44238430377208626
1.8496666935675201,0.44332313072791385
1.8604026489669963,0.4481565161006422
1.87426271494984,0.45406890074194817
1.8854610131960212,0.4584400368501754
1.8974164984906556,0.46290932141756325
1.9063843260029674,0.4665577517586135
1.9101771092543027,0.46824198611545853
1.9137467969766062,0.46993180492616654
1.9104111308914349,0.46805623073210767
1.9064163859791277,0.4656090623007976
1.9026044437497458,0.4632212801498884
1.896685082070091,0.45954305385607086
1.8898356551131927,0.4551669493876089
1.8831180517130313,0.4508427499281875
1.8762364455631064,0.44641734973982383
1.8694160524515318,0.44200490439251355
1.8610335026663094,0.43664638180467463
1.854219721795786,0.43262278900648254
1.8440478913359604,0.42721312167044595
1.838208724519566,0.42425559364832627
1.834652008208964,0.42252213480314843
1.833219125602526,0.42185352997311937
1.8330726252216931,0.42178451295699587
1.836365810783902,0.4233065612676148
1.8447575940801548,0.4270777358950667
1.8540752448180224,0.43132111126113054
1.8678247808854622,0.43773133688552346
1.8807633170375473,0.44400244463749905
1.886288303213386,0.44681018080552765
1.893576404965969,0.45077562475749544
1.9009637244753732,0.45499518861840743
1.9072828038388145,0.4588126032160581
1.910200444938573,0.4606369156122675
1.9091096908919154,0.4599657707989059
1.9059670656455687,0.4580405178476143
1.9030268707340088,0.456270179832923
1.8996445120600303,0.4543333710934532
1.896162400895366,0.4524289139634275
1.8915926054183934,0.44982115194678496
1.8883257240123865,0.4478749512891969
1.8838202214288682,0.44512960885256236
1.8766450100271501,0.4407103615265974
1.8699463573516377,0.43668662248277007
1.866412889131131,0.43471286003211795
1.8628279097872453,0.43279237116920927
1.8582315173362869,0.43038253968555734
1.8546821937368578,0.42854744268849726
1.8568014734491933,0.4296386298055725
1.860279639623194,0.4314777845321434
1.8608614174185503,0.43181651359670004
1.8625874557553739,0.4329764448030192
1.8635764927506668,0.4336794388181853
1.8636905204018035,0.4337630448018422
1.8618779100083933,0.4326661430579054
1.8578420679931429,0.43044571656747227
1.8537495067495073,0.4283202588405592
1.8520776268089503,0.4274522218916215
1.8526180779521377,0.427746424639306
1.8540030356125332,0.42857335543819336
1.8557688564379535,0.4296536140859927
1.8603364214277527,0.4324120865549777
1.863793228535819,0.4345011298006308
1.8655568131052889,0.4355689244204972
1.8619353054047825,0.4332414129428264
1.857907223342521,0.43069997109043867
1.8584227617177098,0.43096636876816935
1.8623651455984198,0.4330736776679783
1.8680717884039624,0.43586733973530095
1.8756625285241202,0.4394068414186164
1.8886805248048748,0.44489375770948525
1.900707806458904,0.44952806536755546
1.9077326221498898,0.45213346293200857
1.9127885235467659,0.45390069446681025
1.9185426033330963,0.455939026577742
1.924791169220275,0.45843193052365844
1.931084272131804,0.46109923758887866
1.9314630965909505,0.46122865326322116
1.9232291397218255,0.4568788486586927
1.9123348710646395,0.4506284062068197
1.898666657931185,0.4424064542519041
1.8888295161505129,0.43619088029624414
1.8826424552971583,0.4319913918136544
1.8773270333932657,0.42844190608742616
1.8683253160976132,0.422851475963295
1.8581414565551992,0.4172696226950682
1.8556861714542354,0.41605477469246005
1.856341729386432,0.41634897625722583
1.859970229989344,0.4179704794490328
1.8650201961500041,0.42027338007664694
1.871740914869358,0.4233616711162017
1.878902110266914,0.4268540151315348
1.8846863125533102,0.43006517832420116
1.8884616614899632,0.43256411822116214
1.8892925464726902,0.43319238039297925
1.8879568772080997,0.4321059114541089
1.886033949208933,0.4306517970557431
1.8809961429804853,0.42747743071048294
1.8718164528598114,0.4226397510321884
1.8571802973186333,0.416041075049345
1.8471495668138587,0.41174170341998234
1.835907702825436,0.406728746131268
1.8279734020195433,0.4029851372658092
1.819475195139414,0.39898939691560137
1.81234717578094,0.39595263328283953
1.810944664146047,0.3954214366120665
1.8148861920725048,0.3968325423732055
1.8244101684585023,0.40029680480014573
1.8379249501543882,0.4055808254120328
1.8528980361041087,0.41177079397550614
1.8701772777017553,0.4189529233414416
1.8891671356278028,0.4266914197062493
1.904071210868644,0.4324132433847982
1.916018759292623,0.4371108822926459
1.924678995721045,0.4408170287294497
1.9293677283990556,0.443146233787365
1.9283043585190476,0.44250577027043764
1.9239525861912807,0.4397150274905151
1.9182591190021536,0.4359929451719868
1.9132094601717062,0.4327521961937371
1.9025523375495217,0.42632355729736165
1.887692129955765,0.4184745583261814
1.8746729347762927,0.4124584696909703
1.8665123693971235,0.4089315813888956
1.8631824939579993,0.40747895910115345
1.865766261058919,0.4085940047545503
1.8682603719093362,0.40960701150556506
1.8736008041967522,0.4117558590988596
1.8789321788690216,0.4139641211694103
1.887434557728056,0.41781491822346817
1.897834169643187,0.42336093080769543
1.902943285574599,0.42662552378507856
1.9074962607710895,0.4301276876592986
1.910366685752008,0.4325874055311617
1.9116843118213558,0.43372904049951905
1.9100826336691157,0.43250425709742824
1.9047667942097188,0.4290253298365365
1.9009993405612713,0.42691004249318193
1.8995370835789867,0.4262007714153697
1.893380201638132,0.42365031417648263
1.8837827549301023,0.420215540509136
1.8744150884781212,0.4171069786371331
1.8643821661017281,0.4138459865921751
1.8530103277892354,0.4100243911583771
1.8493544178631391,0.4087594854069785
1.8497992695124221,0.4089190312798783
1.8520766348562083,0.4097913473424619
1.8574876845015258,0.4119829627939941
1.8626538563951103,0.41422321601579154
1.8658948176078805,0.41568809680616725
1.8737435630564754,0.41913978970778554
1.880240316332659,0.4220248699131342
1.8869343559202298,0.42521697478166387
1.891338303915461,0.42746191030549435
1.8922168254038423,0.42797657042634407
1.8938077297960692,0.42913312943781834
1.8955573073420935,0.4305744932360829
1.8961930208533995,0.431104660736464
1.8937945598044421,0.42936410078402915
1.888742288752125,0.42611747702980024
1.8800859143739932,0.4211818972111148
1.872618559026311,0.41735710506064755
1.868696837686075,0.415513620244471
1.863966125077108,0.413511414559373
1.8574193166644262,0.41098347506498595
1.85381364803286,0.40983996495117564
1.8480783424768275,0.4083559812216495
1.84314234232438,0.4072129366055753
1.8439367751405793,0.40738247575744374
1.846378082651987,0.4079040458042079
1.8502748150837476,0.4087478466730034
1.8574466341660634,0.41048284986108124
1.864252518478111,0.4124301264775328
1.8748522300349801,0.41613796810959325
1.8821700111012722,0.4191721934126377
1.8898449157314658,0.42287511604005656
1.8948433257776514,0.42551911460721437
1.9012294788564548,0.42907419734769453
1.9057832589683672,0.4317615040759464
1.9092147163017203,0.43391689739170086
1.910318607352704,0.43465194253694067
1.9081790533039313,0.43323983216771533
1.9031660404047874,0.42994471511262067
1.8957370383366172,0.42523992062888977
1.8862062387806946,0.4194502114728543
1.8795468982348291,0.41545475997531894
1.8786383713474137,0.4149085891686032
1.8754518768474822,0.4130658958132626
1.8689640045381508,0.40930256232540124
1.8632719954612893,0.40602586015738784
1.8554797256034912,0.40181171215163713
1.8479116025053481,0.3979121403731809
1.8443089579089145,0.3960447504548499
1.8440790881720892,0.39591629452515514
1.8473807383021374,0.39773763435758624
1.8481634750317724,0.39816861387387503
1.8478536966228187,0.397980061853029
1.8483452840278263,0.3982901253968027
1.8448269585860886,0.3959015897452762
1.8390324322633613,0.39198410432251557
1.8355673033535027,0.389744258364295
1.8321894669618621,0.3877306467458369
1.829608400689669,0.3863178360454795
1.8263213369276101,0.3845461647111811
1.8267214778458556,0.3847683545198701
1.8313300865520559,0.3873582145810712
1.8399804307915786,0.3923888248913757
1.846396591980398,0.39627207523326297
1.8555659546193581,0.40187211270040807
1.8617386046159359,0.4056821300709551
1.8656984582789577,0.4081642772747234
1.8706133460277061,0.41134613143165266
1.8748284661734111,0.41416231233903655
1.8788776063884853,0.41678119197218455
1.8860011307904003,0.42104125467222936
1.8956535018152425,0.4263631088016123
1.8999142871861672,0.42854141185352623
1.8989718795092843,0.4280831961466585
1.8914779656043064,0.4244125833623647
1.8874238028941084,0.42228250180642
1.8857317570296754,0.4213235970044579
1.8868231622231606,0.4220329253703175
1.8873875362108241,0.4224183763808461
1.8863208787679313,0.42169460701682343
1.8865063302370293,0.4218176249087451
1.8850846283532576,0.42088853875388765
1.8834159386940796,0.41981982045600247
1.878579976840366,0.4168720538524645
1.8681180158568216,0.410895193544225
1.8607354884866159,0.40696932464397517
1.853161436912061,0.4031295568861186
1.8452964940118208,0.3991114934875921
1.8372207771776037,0.39455455946169166
1.830517107054772,0.39060059476500236
1.8239137002130343,0.3867044229362501
1.8206869262402507,0.38483366711542205
1.8200632009818267,0.38447347629984785
1.8194191187291373,0.3840914427111128
1.8198896929000554,0.3843846075017185
1.8248946134220576,0.38758817582912874
1.8278136927296305,0.3895003688311762
1.8321744079944466,0.39233484844921945
1.8393773779873477,0.3967258219107408
1.8435255820545156,0.3990541525206169
1.8470712573961632,0.40091845394602366
1.8549114986970134,0.4048905618975136
1.8631197014462106,0.409047905270297
1.8738675534212095,0.4146873023642749
1.8831975926464666,0.42021734923406834
1.8898976472733424,0.42475926289328414
1.891671762938406,0.42604831415232514
1.8909138209456464,0.42549449305057097
1.8865042285431524,0.42239069134708673
1.8799391925538809,0.41818770507185127
1.8775839773772238,0.41684488811214604
1.8826781391606096,0.419196470954581
1.8896735409734002,0.42201284898374625
1.8954075916717827,0.4241673475522008
1.8971881544005755,0.42482238605535544
1.8966986051041423,0.42466502792420213
1.8961806405807844,0.4244850223483112
1.8982273335945177,0.42525315083289633
1.8989870609421589,0.4255463244360754
1.9022585537522176,0.42705564985673516
1.903822462679547,0.42787099649445437
1.8991480228573536,0.4248552568996315
1.8937781246401368,0.4211060878742519
1.8911104271044696,0.4192340187260294
1.8883535125923814,0.4173049504835971
1.8829198229892066,0.4137735236514328
1.876856016609532,0.4099831761446663
1.8729660115559663,0.40757618058952505
1.866745725858411,0.40357160097588357
1.8631320773917142,0.40117042674826914
1.8589055408844577,0.3984176957623139
1.8573190790104261,0.39741981341408394
1.8545961619510631,0.3959093759566858
1.849670586253849,0.39334369635386657
1.8458122116659565,0.39145347132072655
1.8440387880804083,0.3906042204049612
1.8447816535835186,0.3909597852056696
1.8451292731098343,0.39112904907506585
1.8473591546568988,0.3923541447998671
1.8511836571656681,0.39475993258054903
1.852341857070713,0.39553426258349417
1.8511192687205016,0.3947179650243165
1.848806983492966,0.39325824227228084
1.845534988935062,0.3912416526607726
1.843465540442054,0.3899824936639849
1.8387988401344448,0.387113797249833
1.8343326411857628,0.3843108003085715
1.831077685078349,0.38232642474065176
1.8279047174054126,0.38045812883691627
1.8278538519023253,0.3804253830616172
1.8287469920817885,0.3808842834106026
1.8340511700448092,0.38351849689435735
1.8442985008221469,0.3884619362322129
1.8546247885593947,0.39337522561675103
1.8622907009693725,0.39700247610279976
1.872869922993222,0.4017521655369496
1.8848833549344641,0.4065949366862088
1.8968980049359025,0.4110889827152308
1.9160662056607587,0.41740106088999596
1.9291812134855921,0.4211065970124757
1.9409616605398725,0.4239809313182699
1.952617854042816,0.4270032338631827
1.9596591340918887,0.42922981706880153
1.9632032983555219,0.43055955077794894
1.958046627836558,0.42785837306514285
1.9489675399317512,0.4222650648883114
1.9377590208620863,0.4142694594700684
1.9288041781496292,0.40765949988573025
1.91548711395236,0.3984794196168908
1.8999735433385674,0.38904861627682663
1.8805629822756351,0.3782493126190134
1.863193497023819,0.36870436772156795
1.8442034621380208,0.3577090857992467
1.8302011969468865,0.34853841962717524
1.8194590006589233,0.34125349431462426
1.8071466741298594,0.33352286227837946
1.802508955898562,0.3309287601245163
1.8029069552299601,0.33110594363309553
1.808314784068995,0.33365391305125497
1.8201979621301827,0.33926128515424053
1.8308402710995506,0.3444781779896383
1.8445519099391354,0.35116934575417785
1.8599770126740667,0.3587954797037647
1.8699212565349153,0.3639718188119473
1.8778591469441839,0.3683874621142717
1.8849385315915685,0.3726327812751035
1.8883507579687993,0.37484534099734107
1.8898926892769108,0.3759099744357855
1.8895398145647766,0.37562336776996175
1.886044114398995,0.3729479904591934
1.8777063781126326,0.3668230105471446
1.8645794927068682,0.3577735728502398
1.8524131926794813,0.3499899106581611
1.846136658333688,0.34629354573906024
1.8360366285083576,0.3406434464610484
1.8282685724361862,0.336423939848729
1.822689368525249,0.33355562114485926
1.8172861414625252,0.3308673534205484
1.8136779639482885,0.328995694585395
1.8120721261529358,0.32812841339924964
1.8130169093203354,0.3286786083934007
1.8170190722501252,0.3310837343286132
1.8223958715291588,0.33439937676359377
1.829373785211539,0.33882773632131424
1.837145889119888,0.34388414698791975
1.8459384692260918,0.3495427690933681
1.852672962630832,0.3538778680119024
1.8543615375811602,0.354991949217709
1.8546239603572117,0.3551655876050589
1.854427759637053,0.35503488432142993
1.8542660583377202,0.3549442557562444
1.8527003887917128,0.35404708178429034
1.853746588300392,0.35461882072849477
1.854125342689244,0.3548199902255041
1.8553921801720237,0.35549166059421466
1.8593580735682438,0.3575518571736658
1.8682091829610172,0.36198491063975113
1.8779850188133456,0.36670099049628696
1.888042384799889,0.3716905656817781
1.8945450776605437,0.3750014889368978
1.9030300634305506,0.37952246172190995
1.9100612651877178,0.3833986575900143
1.9142991034577068,0.3858274147525874
1.9215493612974146,0.39006678010437906
1.9236895430356724,0.3913188768180188
1.9194393699631878,0.3889034401948328
1.9135112409981287,0.38561762310975434
1.90340622631601,0.38010114710399456
1.8901041435045738,0.37276162319105766
1.8704971887567587,0.36151406812804765
1.8501835779314344,0.3493681698397634
1.8344592888084266,0.339633859812459
1.8221065596107875,0.33176386729327934
1.8157045532982687,0.3276908280710568
1.80993590108504,0.3240198921915964
1.8074570483291081,0.3224389081168401
1.8100298378424247,0.32409492180954796
1.8141149512387647,0.32673105033096733
1.818600877727086,0.3295725010095332
1.822979275704722,0.33227998045392293
1.8296178503689886,0.33627970299371
1.8326229484181726,0.3380393939458189
1.8334464276063236,0.3385156922047675
1.8361876568138271,0.34004011763525227
1.8388452278127263,0.3415687068651899
1.8390533732857524,0.3416931131655535
1.8387576373554335,0.34151335411372197
1.8400538977085825,0.3422962131744904
1.8425101549449845,0.34380936445499577
1.845157889711302,0.34546028224458664
1.850040458784656,0.34847440944966523
1.8532537114978422,0.350428607743897
1.8576733444286433,0.3531862058624364
1.8667181015408618,0.35883976940879664
1.8760964345689026,0.36464684505963657
1.8833574104813469,0.3693477073538107
1.8880353964010967,0.3724922058277042
1.8921870318954401,0.3753975844246191
1.8947855291537539,0.3772364065516253
1.89736280270403,0.37898892599643125
1.896603451704967,0.37850702183792384
1.8946104421412433,0.3772783729184011
1.8956643237615005,0.3779107537314946
1.8955883681792227,0.3778609394283381
1.8950065690703979,0.3774924895025467
1.8942403563357202,0.37702127145090086
1.892436676358482,0.3759563382450043
1.8919034316477374,0.3756600842653953
1.8912573598045934,0.3753388683157083
1.89553513286879,0.37732504089849705
1.9006427238684422,0.37978673428588117
1.9069925001143506,0.3831362084320517
1.9091860401007923,0.3843821527630384
1.9110229152037197,0.3855456909657234
1.910930004327893,0.3854749903843218
1.9080659383864096,0.3833055423013155
1.903031086489393,0.37947103418107075
1.89595570629758,0.3746047385543998
1.888694858173468,0.3702603180440427
1.8774021026458403,0.36423372164866946
1.8707659822967477,0.3607866679506883
1.8664562746408795,0.3585801799291741
1.8614265187637247,0.3560744368010831
1.8571164602132002,0.35404691297091384
1.8513887122055963,0.3515056968246694
1.84697493739682,0.34942187702437183
1.8430102087301534,0.3472257248078668
1.8400517419799247,0.3453233875299558
1.841675339624115,0.3465032882374097
1.842243333908173,0.34692525445812505
1.8387896609666263,0.3442040356487901
1.8327857693495244,0.3396377305721431
1.8265884468385025,0.33518634458686747
1.822024253318305,0.33209707961414436
1.819390748186383,0.3304835431249176
1.8183590353215242,0.3299016500272416
1.8162335705436619,0.32872509266340094
1.8126968909991161,0.32674806264238154
1.809102827557637,0.3247264669144995
1.8040926215266648,0.32193073044525145
1.8033030970793096,0.3215060416253312
1.8081752094741093,0.32400858069996524
1.8166518858612495,0.3282927718564331
1.833460839526362,0.3368993022125723
1.8482084529183813,0.34484842885581113
1.861313896379065,0.35231275287965935
1.8706663676300113,0.3579958879809041
1.873468054303017,0.35978478318743995
1.8738755396180258,0.3600643631850048
1.8716675244499392,0.35849857921727346
1.8700925482961834,0.35742629227320866
1.8674289249645228,0.35568823939330657
1.8670804009803934,0.3554689795968956
1.8669285467316528,0.3553698693040369
1.864526993155518,0.35382312951403516
1.8634555371435984,0.3531370624324624
1.8603900170052647,0.3512145492225548
1.8537745372122059,0.34729784764908306
1.8508720868478667,0.34566934778656666
1.8496724341835353,0.34501989173735936
1.8487506080108476,0.34449949378136946
1.8486292601520578,0.3444167110606519
1.8507665772511466,0.3457654042614301
1.850807641819181,0.34579043488107264
1.853968863729967,0.3477955406542311
1.8569932513836722,0.3496526010930183
1.8588104189686518,0.35074837636843426
1.8586543875000638,0.35062922599523816
1.855817350466364,0.3487623421308803
1.8545085031963062,0.3479171225007392
1.8578050634429637,0.3499138219127952
1.8586940296710814,0.35043098357613545
1.8566042231337658,0.3492317795255114
1.855691926077439,0.34870232017035235
1.8561526251808385,0.34899883939353443
1.8560532238284246,0.3489328906282447
1.8542247994797756,0.3477692641116097
1.8510845994950857,0.34582163742646993
1.8508873291398784,0.34570329534109506
1.8503825856583782,0.34536960755150514
1.8506150250200022,0.34552169269039384
1.8522304121324207,0.3465755186837762
1.8557033074896345,0.3487025247372977
1.863315369041259,0.3531955437018173
1.8682438753318258,0.35594074053743546
1.8761201578618627,0.36000797099978354
1.8885395928107673,0.3658819279384751
1.8989061363249269,0.3702538594382485
1.909839355019789,0.374631789391252
1.9185015584213156,0.3782747035164302
1.9269239203527706,0.38215847510269013
1.9294363772317973,0.3834950503549068
1.9306366981709646,0.3842459050722433
1.931516045069336,0.38488418335020913
1.931923078909218,0.38519761031187855
1.9282844290935843,0.38260215894175503
1.9186151775394682,0.37624284380256684
1.907608833392799,0.36947003801613176
1.9009248172329227,0.3655195328302983
1.891377633315483,0.3600676002408522
1.8849309621950228,0.3563928276013132
1.8809600417560266,0.3541627018485613
1.8744270545872481,0.35071291148010797
1.8673882203615881,0.3471420364309374
1.85783341432426,0.34227358537724156
1.854349432178512,0.3404398446293404
1.8550969752858337,0.3408486014533978
1.8503518772628267,0.3379502307202728
1.8456846075412665,0.3349763102599629
1.8463647599671829,0.3354273107320167
1.8493893250149622,0.3374514595300215
1.8504599169350564,0.3381616136542445
1.8518455802485043,0.33905591051524486
1.853341543366675,0.34001344166773073
1.8522977465213224,0.33934343107246
1.8522072647483103,0.33927665369400606
1.8518067038631514,0.3389792539306513
1.846220361994289,0.3350152855498078
1.8421132867645076,0.33218319757164566
1.8378891138155506,0.32937779559527985
1.8346009182408314,0.32735100049594035
1.8332359246896288,0.3265871768704705
1.835440050381156,0.32777343244524915
1.8453970291344544,0.3328273498601512
1.8562184505077406,0.3379960531653983
1.865412383546395,0.3419696534574588
1.875158639217531,0.34597236272797804
1.8817706869694464,0.3488352380984893
1.8899690986140507,0.3527248693277662
1.8966584473274337,0.35596866015635575
1.902127955750614,0.3585629218078675
1.90300033172288,0.35898492069085075
1.903067025632926,0.35898249688616185
1.9015340535973433,0.3579920524306513
1.9007956143604459,0.3574070046771293
1.9002333555567252,0.35695270226532255
1.8982676596348864,0.3554432276610487
1.8921944663972492,0.3513667165142759
1.8830702486492112,0.3461001643721016
1.8736490409153599,0.341324459520098
1.8720431188420457,0.34058285487839973
1.8731403358533028,0.3410268917531821
1.871207576814555,0.340229192745704
1.8670732253909597,0.33843377302416255
1.8623589835368235,0.33615557290198744
1.8599560851292003,0.3347770637350929
1.8618844484279107,0.3360620693498016
1.8636202668514026,0.3373348880029791
1.8659622014237125,0.33906289336087736
1.8675834074670297,0.3402172349527104
1.8675994001553495,0.3402448833729124
1.8658525090763889,0.33904918754454383
1.8615675776311682,0.33609291250890855
1.8579321490233236,0.3336505159152874
1.8548380358740226,0.3316697618447232
1.850697870602117,0.3291499589184568
1.8474472487791165,0.3272615705434544
1.843604865542564,0.3251411058466417
1.8418017900776336,0.32415124329507944
1.8412724142312022,0.3238578918241455
1.8384539725421518,0.3222784749324965
1.8365115665620408,0.3211258552675704
1.8362763417568053,0.3209599745244459
1.83774631126124,0.32195101486566957
1.8416025203079407,0.3245585333329683
1.8448544884018725,0.3267281219968524
1.8419970988759282,0.32481731730443014
1.8389527016950975,0.3228659780343678
1.839658521996402,0.3232577870150574
1.8451125767764827,0.3262631540967521
1.8539100829475776,0.33093099151469213
1.8633630602198685,0.335957390633748
1.8716824862656112,0.3403673811308022
1.8839474520704327,0.3468227716128647
1.898102370801355,0.3548527848847182
1.9136639509441364,0.3644230144755097
1.9249956969547808,0.3717768904099737
1.9350017212551247,0.3787644486058372
1.9410605330462956,0.3831435392952526
1.943175072745318,0.3846368573280137
1.940755588191914,0.3830736182636048
1.9372640859695045,0.3808825033824613
1.9346680994424494,0.37927365165727495
1.9294537895160793,0.37609631300955654
1.924644897695949,0.37331989132352017
1.9204501039280661,0.37103555533753385
1.9149210094714568,0.36819740683791624
1.9091739417076998,0.36530654785023664
1.9031081577531577,0.3620058292275858
1.8970628401057712,0.3583041954631995
1.8905574928053004,0.3538214702836446
1.8812358305349888,0.3466757263684186
1.8693567530217265,0.3373017742000657
1.8580474382825796,0.32862307681470265
1.8423001050240095,0.3173724614161592
1.8273914338455257,0.3079968293301852
1.817992994137082,0.30277416510076877
1.8108767391196237,0.29924632002321766
1.804360158124601,0.2961594433934448
1.8015996545919137,0.2948180535210458
1.8001236907867513,0.2940617780127852
1.800389112210692,0.2942206885699366
1.8052624932704786,0.2971559386445577
1.8145797620016093,0.303194880632889
1.822384849806296,0.3084583889246698
1.826401306380215,0.3111605861589395
1.831890539143039,0.31483093239505217
1.8347479600340286,0.316706242715383
1.8345824013926457,0.31660645698367584
1.8355615533242655,0.31723002842687
1.8395149529041617,0.3197537085295507
1.8435742884857127,0.32224586889585377
1.8476952475702806,0.3246091437751094
1.8557010144241062,0.3289869236515087
1.863688174166527,0.3331570316618642
1.8762572779196676,0.33978649848990267
1.8870224692012247,0.3457890054037679
1.8985526581573342,0.3528402628329978
1.9034515763146567,0.35619511105269946
1.9060059522625101,0.3580937154164871
1.9038017391069644,0.3564309215537088
1.8985645942936518,0.35256828939150076
1.8922073783793818,0.348228817410148
1.887244421368393,0.345154030824884
1.8842281766633293,0.34336553400898545
1.8805177603475007,0.34114116597131855
1.876388410442504,0.33860163796473314
1.873449944696237,0.3368448378274984
1.8708892055949031,0.33536510799281893
1.868638240359704,0.33411240828555694
1.8669972747082682,0.33317109893437213
1.8655931476406444,0.3323184778166909
1.862960657625828,0.3305383476673375
1.8597195625993985,0.3283077679321292
1.8561035576355225,0.3258649382210054
1.8483318221466627,0.3207509490361127
1.8420588438346062,0.31674107063592877
1.8377394157812421,0.3140458646785869
1.8342932300329051,0.31197670302910957
1.8313998142588181,0.310265347024244
1.8285147829673487,0.3085566596053556
1.8259655311059826,0.30706535384291483
1.8250785399817422,0.30654065123959445
1.8265785210581904,0.30745772786009706
1.826632294628507,0.3074900430892
1.8278816275712124,0.30831469430354563
1.832957245534461,0.3116167610824561
1.8435826865575593,0.3183946646767117
1.8548951233081847,0.3255801474333396
1.8658761824878503,0.33243487788148257
1.8717752243575074,0.33614506415452977
1.877565568514245,0.3398940937008449
1.8783195366585956,0.34039341084648916
1.8751325018849514,0.33817823407381203
1.8713261708635294,0.3356058264789242
1.8649017643053836,0.33150990176857903
1.8582096382570505,0.32756210906768346
1.851504773644498,0.3239304074976259
1.8438372214326284,0.3198560546513732
1.8362989606743445,0.3155130915825492
1.8295261993065548,0.31123467664154303
1.8225830265888536,0.30653947309401264
1.820124061884588,0.30482547770716717
1.8194640719936668,0.30436780405859737
1.8189989154324355,0.3040726959446851
1.8175965879772424,0.3031944263876488
1.818362992378715,0.303650181970309
1.826022490152869,0.3081401214814525
1.8359692807429377,0.3138197006254125
1.8446769636867555,0.3186422388341004
1.8500117527657456,0.3215771054810214
1.8552755613348966,0.32446155531405296
1.86019743397781,0.3272969764367809
1.8671157607767337,0.3315017657034651
1.8745614890293363,0.3361306008069822
1.88067964480692,0.3400651085279549
1.8870909762566344,0.34437647237225766
1.8911462932204184,0.3471194223385155
1.889837627236227,0.3461719043012374
1.8838009591575726,0.3417468682676489
1.8763504782897196,0.33639480345139017
1.866671712914449,0.33018966673857436
1.8555919220908041,0.3238515309395062
1.846838472134077,0.3189023315173418
1.8315728413170842,0.30967685545824386
1.8193224853508285,0.3018654681482124
1.8114019752083796,0.2967802745940091
1.8048966470613257,0.292771698232388
1.804511324444614,0.2925390744326211
1.8121715201450839,0.2967472866280208
1.8243554727560882,0.30320505992610797
1.8405247607158985,0.31174369540479485
1.8579823289412174,0.3212756690694932
1.8707187813184625,0.3285059006603317
1.8813713799286795,0.3352234844498304
1.8867171189285799,0.3389482126099763
1.887266075853496,0.3393276544623381
1.8825268939119673,0.3357256660217287
1.874706073460712,0.3299049185293156
1.8640101471522375,0.32232914833800197
1.854032519062092,0.3158495123887365
1.847839688886882,0.3120625435078042
1.8422755354838651,0.3087369136522821
1.8375081729379101,0.3059464503927496
1.8303175745324423,0.30184284293189445
1.823803207287032,0.29834275055817444
1.817971657753257,0.29526641573651013
1.816322604769576,0.29439157435556423
1.8212771876552434,0.2972170096693515
1.8276920486537502,0.30106578973575804
1.834989826977115,0.3057649909248437
1.842182251683566,0.31067111695970484
1.8460249440003742,0.3133782831338669
1.8465319552167863,0.3137364821780925
1.8455250210190524,0.3130614357022316
1.844415165561345,0.3123764637083565
1.8443909868166675,0.3123561583848453
1.8429565555362182,0.31157793010677154
1.8428292136520887,0.3115101866833506
1.8453037318945251,0.31283623385602133
1.848098453384228,0.31447832909882545
1.851415019440258,0.31670874162034274
1.8537270501762346,0.31840330532979877
1.8532753907207486,0.318071238522057
1.8520711604108355,0.3172053403297109
1.8459048880485638,0.31302263022305815
1.8417378833142204,0.3103664223608885
1.8408961895240163,0.30986352443155274
1.8427707453117665,0.3109440250493744
1.846032332856094,0.3128660179496437
1.8523493818166863,0.3166450424763916
1.8567394786834028,0.3192876104171407
1.8593675430414187,0.3208690496805451
1.8632725388567415,0.3232251620543793
1.868388483825131,0.3264081448772354
1.868676224286501,0.3265902493217353
1.8664204719600213,0.32519943256754386
1.8634653650274633,0.3233548259306064
1.8639650438878523,0.32368600039385254
1.8660115762945033,0.3250850380802054
1.8676157537523632,0.3261919684087602
1.8657135606711386,0.32492746943193435
1.8650545753954957,0.3244878182420938
1.8630407265558062,0.3231368839943161
1.8582020037804892,0.3199750403031499
1.8484404701979962,0.31389335454118716
1.8380547972290389,0.30790760782849846
1.8306222396514964,0.30401643096427106
1.8298254979531214,0.3036283155011678
1.8326612012829553,0.30494987155652153
1.838302554096492,0.3076409768154404
1.850053061679782,0.313372764682157
1.8602495694469352,0.31871744882228936
1.8722413820859647,0.3253939228504487
1.8807016269916537,0.33029841753011757
1.8840706142321295,0.3323830837405814
1.885737594757729,0.3335339984831723
1.8847836811344156,0.33278635156340003
1.8798590518002254,0.32888773106174474
1.8708738215914216,0.32197790691466555
1.8663883694327168,0.3187289254107232
1.8589276337370197,0.313726277770093
1.8525995020422803,0.30988969159361424
1.846542260450523,0.3063673989463613
1.837314113865893,0.3010099855756367
1.8298218133896968,0.2967093109336507
1.8233564535925189,0.2931839690509876
1.8161097513790063,0.28943401531855645
1.8136584623051226,0.28823441619197565
1.8171789799534577,0.28987178394191476
1.8251329227951651,0.29361656658785434
1.8363008297376264,0.2992478186465178
1.8476043433847849,0.30524848284569933
1.8617240751603148,0.31334929636723075
1.8731694291237981,0.3203495075880303
1.8802147465338992,0.32514720202104036
1.8879511102865645,0.3307934414135912
1.892465594756208,0.3341296760685499
1.8924323634282882,0.33411892449554587
1.8905824862568328,0.3329012298113905
1.8875412249555672,0.33110547539476326
1.8879276501402613,0.33130179014453554
1.8924979661861379,0.3336117090635084
1.900344514278023,0.3373627184964277
1.9045221920336428,0.33936494428637104
1.9095171715870431,0.34196777840824294
1.912566170141535,0.3438143923560718
1.9150418561539495,0.34558794054401254
1.9133844531773312,0.3442822463690586
1.9096384552679855,0.3413119381316214
1.903149114619272,0.33663078659821943
1.893613468646612,0.3306494396439908
1.8820719885328157,0.3241437511558285
1.8745476734583855,0.32015671639176635
1.8690920853359554,0.31727839135674774
1.8597857711067252,0.31239833077822493
1.849739046582748,0.3071749641035697
1.841584500039554,0.30297393256314914
1.8352805096444642,0.2997842532280922
1.8318553934704331,0.29800864987503023
1.835128810266869,0.2998243623353722
1.8366152308082502,0.3006873769694397
1.8341121487362482,0.299129254051542
1.8309249127137814,0.29709216128445337
1.8289681478296824,0.2958234583705446
1.8262016411185644,0.2940318106997715
1.8247688188649966,0.29311818371542875
1.8253634398964498,0.2934984858368663
1.827051619111762,0.2945931072458637
1.8276309252046112,0.2949722291259345
1.8301241078911605,0.296490709945734
1.8341145428175296,0.2987736606778658
1.8427435314042075,0.30330011572863486
1.8498851345878125,0.30682287135062375
1.8606378644981123,0.3123623692190518
1.8690730933071285,0.31710769077649364
1.8761808646422724,0.32140267449507065
1.875763540983486,0.3211139454317532
1.8753158779680843,0.32080578166550955
1.8728111284897324,0.31910256723756875
1.873187232853977,0.3193577064122206
1.8723849515612796,0.3187930482665307
1.8692862117642939,0.3165884742338509
1.8662608380795518,0.31442560084253107
1.8640872158890354,0.31293704531089545
1.8611182008025384,0.3110153983342249
1.8571929877874125,0.30859633787953983
1.8503611633262536,0.30452948980297256
1.8422129067420647,0.29984445938869625
1.8375749367248835,0.29716821983721203
1.8341057168226316,0.2951153328733515
1.8309686868900206,0.2931736126451199
1.8250409809445334,0.28936296647017445
1.8241780120908033,0.28880257909833595
1.825608468104662,0.2897423382217115
1.829011657295734,0.29197987493268274
1.8347362352551198,0.29575346344845665
1.8397608012523716,0.29904720102689963
1.8472045188716688,0.30390911540836335
1.8524182795275967,0.3073535018199141
1.8587607327000166,0.31153444319562335
1.8656857687691966,0.31615848529408475
1.87207015990833,0.32018169375227784
1.8764132143992438,0.32275454915912033
1.879319229797676,0.324403562896527
1.8805800960659655,0.3250726004513241
1.886374584530632,0.3282148779775737
1.8936313745377575,0.3321382793456605
1.9021041761841144,0.33667877818769604
1.913473322309627,0.3429118096877278
1.924075302486298,0.34956026537722074
1.930610746827314,0.3544049879996771
1.9357255683036,0.3586927831198189
1.9375517553952608,0.36030402020097924
1.9373020706861284,0.3601117782527295
1.9334562186479294,0.35711426048541706
1.9275680014560235,0.3531172378831455
1.9177483473246293,0.3475300068786113
1.9125187722232573,0.34507354613014324
1.9030497680352225,0.3411875399295435
1.8942569770911728,0.3376026452395471
1.881766562814089,0.33229263241940843
1.8718005417298682,0.3280894439517372
1.859957647392727,0.32313772177213135
1.852828650999113,0.3199464528747835
1.8531889839441342,0.32015525442386966
1.8582196076127038,0.323008162933361
1.8665834259621712,0.3281388568567631
1.8691017856365015,0.3298762007761375
1.8684814432649073,0.3293718321793709
1.865584237188204,0.3270179976469303
1.8572489799201073,0.3204825651795506
1.8456793214117941,0.31209418801259226
1.8379641393885293,0.30704519427060434
1.8324555255476946,0.3037423744679944
1.8312697703555114,0.30307348973946935
1.8319202337544853,0.30342234233612736
1.8281547357190993,0.301494042824846
1.8241351761258533,0.29934365907803095
1.816624387628586,0.29499950657740337
1.807344785156554,0.28939393772712246
1.8018044916842695,0.28598788827364197
1.7978636177480272,0.2835428799135646
1.7971838709998504,0.2831232151519781
1.7999237802045516,0.28477848804682127
1.8074475110719523,0.28931762534242544
1.8194188436929988,0.29654767002833604
1.835246045843083,0.3059660471924014
1.8505735786783306,0.3146835917014988
1.8678192898376238,0.3240185136349888
1.8821988164415158,0.3314270697265788
1.898427710034354,0.3388675754365728
1.910852163421152,0.3439548787445091
1.9190896490388254,0.34702730208528965
1.9258788071353146,0.3494629850698581
1.9278497185880217,0.35020612361539405
1.92768488026013,0.3501244366935105
1.9265861288039,0.3496360797287505
1.9269552785859738,0.3498019785774318
1.9246674931207184,0.3487778971811397
1.9209609316729883,0.3470012535734858
1.9176549345672613,0.34528917306434503
1.915420875860164,0.34401591493594275
1.910359256644024,0.34093870715451996
1.9008479849911464,0.3349082636208308
1.8928316142092807,0.32933780419556896
1.886911251004569,0.3250339182182412
1.879044213240399,0.3194476783814758
1.8706407203319972,0.3140327688454214
1.8677351425937267,0.3123409750278451
1.8702054937201438,0.3136043150881249
1.8760026804402052,0.31639557793611284
1.880871449598082,0.31870209623539425
1.8880310064181842,0.3222583736951133
1.8917387337384424,0.3242758939064794
1.8916724725719802,0.32421387915494293
1.8886295932036037,0.3221701857374187
1.8855562024267356,0.3200447099862044
1.8841844616457608,0.31909565260881156
1.878980782808093,0.3153809932196087
1.8699469222152068,0.3088416459656681
1.861514681500788,0.3030963250834577
1.8534211386460995,0.29816592309839823
1.850361995086159,0.29651755709293404
1.8516665724719175,0.29711079474994156
1.8551272123176838,0.298592125372751
1.8599147522118185,0.3007772350411093
1.8621380211055267,0.30195232833259134
1.8646203836291997,0.3034275629372846
1.8700876954435437,0.3069269730936607
1.8731171480867053,0.30907991285561026
1.8761767799919722,0.31144412859158366
1.8773784603523274,0.3124147914249096
1.877731099768386,0.31271071454007493
1.8753391426593276,0.3111250784181643
1.8733766823938678,0.3099985224772687
1.8713043394806048,0.3089371873448486
1.872333885028715,0.30942065884852166
1.873115048130482,0.30977071705769343
1.8723437685907254,0.3094119144752697
1.8717260990456774,0.30909253369635875
1.8696378439558732,0.30789420563266184
1.8670329348150758,0.30630688892730423
1.8671752511200284,0.30639605817574805
1.8664909079198801,0.3059264175122246
1.8615500634923665,0.30258533939115345
1.8583601126345204,0.3003912335216645
1.8542562638550228,0.2975250297798964
1.847202657666752,0.29259856119764394
1.8410310350987236,0.28828803518814966
1.8323093279036735,0.2822747596172786
1.8257910644785933,0.2780688175291123
1.8189885601036153,0.27392255222411216
1.8154744335598147,0.2718833350148581
1.8154228072837828,0.2718551219954397
1.8164196223132185,0.27243976115007096
1.8167966241264637,0.27266917857682305
1.816097478356948,0.2722241192185368
1.8164862168945575,0.2724752758658198
1.8180433050173725,0.2734620757225344
1.8246854627697768,0.2776310277366644
1.8314486615485994,0.28177991903749317
1.8413499755314877,0.2875590610019878
1.8501270831072596,0.2925108919083497
1.8660399955183702,0.3014507644957901
1.880480453227847,0.30946364379079566
1.8910633338056186,0.31537145300359326
1.902286619623608,0.3222711445199862
1.9072784833304264,0.3257331121877528
1.9111325455387882,0.3286447204469082
1.9131554956415049,0.33023570826691573
1.9129727011324196,0.3301284725425106
1.9091289313539257,0.3275973110557836
1.9037518156169098,0.32454351934527675
1.8986323208070086,0.3219618285413713
1.8976976970234325,0.32153271770576014
1.8954572702457233,0.3205490899364813
1.889178935283108,0.3177276228902709
1.8807324497510638,0.31362747326109686
1.8750836935864408,0.31039825200609644
1.8714310154006428,0.3079011236081601
1.867392467437008,0.30487292428515633
1.8596673418671665,0.2990763103948769
1.8525264444778575,0.29397979776442834
1.8448141443702304,0.2889528461977712
1.8394208117137743,0.2856844108627316
1.8374599394649032,0.2845379127502226
1.8374503568368947,0.2845388009983213
1.8358833136161419,0.28350373667258577
1.83439855819678,0.2824879830414052
1.829439620292478,0.2792196578292165
1.827255410894939,0.2778601427502174
1.8288691082815183,0.27878482327501397
1.836519448606987,0.2831223540490108
1.8486903760597142,0.29003110353016376
1.8617558590418355,0.297454985974738
1.875065989404177,0.30506247347875526
1.883924704714955,0.31036039246129116
1.8889796546514386,0.31362918796288275
1.891602793866753,0.31546887586093203
1.891905441100605,0.3156913359039711
1.8909899829378407,0.3150469728942563
1.8870513721574462,0.31234248248174185
1.8842118987286356,0.3104233417634211
1.8828366301909303,0.3095138415529264
1.8797896169458126,0.3075570726802214
1.8811376440314362,0.30836657245925314
1.8824537510628698,0.3091450766723064
1.8806417917683995,0.3081202650043609
1.8780976620512349,0.30663895810051706
1.8773715936374102,0.3061910199526323
1.8768610699417962,0.30582431097581797
1.8738087020573029,0.3035800045184652
1.8695420792198452,0.3004728684018182
1.8671341087594289,0.2987861351679273
1.8653636965043707,0.2975413917304495
1.8628414873790569,0.2958102639540112
1.856419442311281,0.29149547492788314
1.8444879344047624,0.28370595691754924
1.8325020259341562,0.2765887366427751
1.8261187005308104,0.2733311234495914
1.8243401387397389,0.27255243298280907
1.8273527654993824,0.2736247958541079
1.8319867565424652,0.2751957444988268
1.8426556452610874,0.27900714057851084
1.8562503565325357,0.284604710139281
1.87186929047832,0.2924277179680161
1.8813777588275349,0.29804639812439904
1.8866447000169075,0.3015430055586731
1.8867073527689098,0.301559541018515
1.8833932255699857,0.29887441376484786
1.8774259419193684,0.2942802706778185
1.8710596945436062,0.28979908358983564
1.8633199283571016,0.2848923554863167
1.8608979655136355,0.28346310047887113
1.855323523421963,0.2802521927523401
1.8502226228505871,0.27724988809346546
1.8460676516520682,0.27466362624801127
1.8451643727593754,0.2740934607702861
1.8410545423005829,0.27161967526424635
1.8370143954602332,0.269162218501557
1.837772348021496,0.2696394808253222
1.8393680408183766,0.27068237786207056
1.8413048962169463,0.27200059763803525
1.8458333708833297,0.27506503297115226
1.8501374962263426,0.2779189163020847
1.8564285067834476,0.2820513458981856
1.8629447570832587,0.286312282726104
1.8659867619861406,0.2883351137001978
1.8637204691452804,0.286811187327991
1.8583116628968692,0.28322319978636995
1.8546558483003746,0.28087680435063217
1.8505595096491656,0.27837313494401505
1.8439040762650554,0.2744879382373733
1.8400386101994475,0.27224155862143
1.8372058717559057,0.27057343553067026
1.8349143205698264,0.2691416096085423
1.8368290156363936,0.2703697226968695
1.8413862517450414,0.2733548483814777
1.8455796424096762,0.27617056663005557
1.849438504762983,0.27883002696764775
1.8566359234803456,0.2837688379917113
1.863910404986057,0.2887298700778705
1.8725395655699915,0.29456185155786974
1.8798285673750663,0.29945141623197263
1.8832064288902601,0.3017138529968731
1.8872734668501807,0.3044532207219816
1.8870733723309232,0.3043174397700035
1.8845393178776773,0.30273121904296313
1.8820502566570319,0.301243801730572
1.8825678398091463,0.30154254759713783
1.8827494860163174,0.3016449616510034
1.8828185798198322,0.30168291165335714
1.8841762939170041,0.3025526083602764
1.8848522435181518,0.3029950607998333
1.8845626879416215,0.3028065101010574
1.8822141971319015,0.3012581191172093
1.879101192209973,0.299238847021386
1.873555338760029,0.29563266984244513
1.8677103473727878,0.291767160904006
1.8604216332772623,0.2869925866012393
1.855565146391114,0.2838067853814287
1.8474804195716503,0.27849846840001935
1.8443124747970705,0.2764503638765256
1.8416279045717332,0.2747186870012204
1.8361058934037946,0.27116420071880426
1.8322434775124543,0.2687136003942218
1.8312442743968942,0.26808847761910426
1.83025245322806,0.26746791427865474
1.8325401668487178,0.26888190888667185
1.835015882342316,0.27038276280398904
1.8350873971737405,0.2704083844150694
1.8343888753617779,0.26996750510546347
1.8334545269573472,0.26933642518418216
1.834431003270421,0.27002436449692313
1.8371719546288388,0.27193930429296964
1.8422784556158003,0.27534505191306924
1.844263682675644,0.2765971122223139
1.847631468737103,0.27861489021013636
1.8487068756448872,0.2792487153248208
1.8492334469358096,0.27955518322992357
1.850911980652296,0.28067931285009584
1.8518161152454355,0.2813090596007655
1.8523890809143881,0.28171483592850494
1.852003096482247,0.2814475603634349
1.8532129817614555,0.2822569892420213
1.85610502719231,0.2841671261651261
1.8556610121752453,0.2838827848816426
1.8540589361568478,0.2828571492831643
1.8503344442501555,0.2804106503859466
1.8426676439020153,0.27523013969053145
1.8341093659493923,0.26954935745223096
1.824996653226446,0.26381796652300255
1.8161662518435024,0.25859787746698215
1.8126589314526402,0.25664463295392187
1.81545268508337,0.2581114209046429
1.8266497504042136,0.26376029246809746
1.841498735334815,0.27117087700056836
1.855716725585779,0.2785937272724225
1.8730464901689745,0.2882841363453728
1.8877881536734615,0.29684703550925395
1.8957553348529006,0.30157670851830054
1.9029396534835632,0.3059359448464058
1.9047137211575638,0.3070305726988182
1.9004366765156868,0.30418692286940996
1.8930267171642876,0.29901962051936787
1.8863090084195464,0.29431333060897025
1.8813784493135635,0.29082300696739644
1.8745816487088736,0.28609893762536814
1.8703716561029515,0.283291479668075
1.864537116849382,0.27951694575234626
1.8581169048796422,0.2753509324831713
1.8530737361206233,0.27209555631064747
1.8482545466786857,0.2690360109286895
1.8411827126167533,0.2645850950166188
1.8361672521170536,0.26145344699615275
1.833360058530279,0.25976544765016674
1.8346510106656981,0.2605222319124502
1.8387920542635223,0.2629381182027843
1.8448349365941683,0.26655598490613575
1.8511664576230717,0.2706185912150491
1.8591737969715942,0.2760059125709156
1.867188050537388,0.28163180611021865
1.8707949389839054,0.28414525766293913
1.8721629134551958,0.2851130251708524
1.8720565054178635,0.28502938145454754
1.870290189518111,0.2837521827222122
1.8653053243826772,0.28028877440135463
1.8582708177962888,0.2758322702209297
1.8513299692668765,0.2717030525428698
1.8421173878311778,0.2661360110264893
1.8327043772297238,0.26018721894149155
1.8281133453971659,0.25721117408372063
1.8249971203675353,0.255184800483648
1.8188677105372975,0.25112078162215007
1.8156909416568405,0.2490677320738869
1.8179648322681032,0.25046013374427895
1.8268468077143603,0.25569989032790863
1.840102032528128,0.2636574855461591
1.8504273740440111,0.27017343801796173
1.861952314623868,0.27810938154414655
1.8684175939942873,0.2828765537484181
1.8700831597894305,0.2841329056304767
1.870109136983504,0.28414473709600274
1.8672265295868133,0.28224115886436
1.8603824953121963,0.2779597219204731
1.8533196500568243,0.27369786202280383
1.848374788879257,0.2706868776890219
1.8437588062288983,0.2678435912738768
1.8373655347258382,0.26398428283118025
1.8320715372146665,0.26076834130519594
1.8275288304217294,0.2579706511248346
1.823269709173993,0.25528725220803333
1.8235236989518913,0.25545860628736666
1.8295085528391393,0.25935731317668415
1.8365238219912277,0.26379972163588655
1.8409137846673693,0.26654775978513756
1.8473486826657726,0.2705410728993149
1.8530231575623728,0.27410430883818215
1.8574293011103271,0.2770326197934578
1.8606329668109582,0.279351196734447
1.8617515432434453,0.28019382001612136
1.8600268932135635,0.27896265117341484
1.8583921765293216,0.27785389159202045
1.8570885839007958,0.2770201454597218
1.8515044219087464,0.2734302496555585
1.8487973038059238,0.27165025399628573
1.8492684069234069,0.27196223288368154
1.8482879184266332,0.271332277632782
1.8469590464541359,0.27049437872786164
1.843563168055185,0.2684276247886368
1.8377362284729437,0.26490048933704463
1.8323171004651044,0.26148853119981985
1.8303006601079932,0.2602130432614243
1.8291110650023403,0.25947665091042554
1.8273571293619144,0.25836974913517846
1.8259658667293321,0.2574750043035148
1.8264532702537541,0.25778680254544023
1.830727126297255,0.26061998348064075
1.83495642698022,0.2634931383422141
1.8357446130269233,0.26405103182822987
1.833983744975772,0.2627597880258356
1.8328942173472476,0.2619562567442923
1.8337801279686892,0.262600764591807
1.8387559035501004,0.2660332210191508
1.846855204055776,0.2712738360356014
1.8571075295989696,0.27759347999091727
1.8609745436753098,0.27993134615877996
1.8606692593970127,0.27976365816182697
1.8582075284940325,0.2783445355627642
1.8554948378692444,0.27671149575546966
1.8536450098029023,0.27554590556888864
1.8525026022543907,0.27476254635690334
1.8513760053042871,0.2739561829726326
1.8488603498782012,0.2720795896776206
1.8415036785701002,0.2665115713610593
1.836064089666079,0.26245081948846866
1.8336406569960055,0.26067831640468353
1.8297540628261595,0.25803439435760467
1.825364807799095,0.25536235552297404
1.8230311625496836,0.2540542016510582
1.823135818918879,0.25411247094611245
1.825925700514112,0.2556359447220761
1.8310356662620273,0.2583464280594494
1.8395358459247568,0.2624818608020146
1.848147740007546,0.26642581110197844
1.8615205154393948,0.2725669905065954
1.8803194634452152,0.2812399819473006
1.8961042679052764,0.2881950881585581
1.911829619766032,0.2952671607103502
1.9234340553088893,0.30050274791142284
1.9339998637990963,0.30512682772742705
1.9401441573359104,0.3077417970404376
1.9404247089965068,0.3078629790452703
1.9383878730451023,0.30692823132625746
1.9385918392866945,0.3070305116856948
1.9370124727161988,0.3060852018414651
1.9324169952799786,0.30295003008583904
1.9263916179017722,0.29841252218186415
1.9197756926380625,0.29338623182136664
1.9096021868053559,0.28610359246755207
1.8979502797314864,0.27859353020736527
1.8924225609408671,0.2753888146576429
1.8921651300509703,0.2752346689516408
1.8964278293204588,0.277367921208381
1.8987764973153152,0.27858736460647754
1.9003479193035475,0.27948599102386246
1.9017200562732195,0.2803445672328596
1.9018580491591182,0.2804248040969221
1.8976589628466767,0.2772362830663159
1.890981778861281,0.2721838162438249
1.8822799568407946,0.2658964543492913
1.8757906444880077,0.26140460282315314
1.8737065514057958,0.2599569644091422
1.8740005902750265,0.2601658887713346
1.8734916911818138,0.25979939766701493
1.8712933015771853,0.25825234388091706
1.8656719400335986,0.25464190287543426
1.8564980957847512,0.24909387292417692
1.8495979837164094,0.2450188320355313
1.8454535019016014,0.24254743194541506
1.8463544507647818,0.2430984241267605
1.8492142209292621,0.2448313663265094
1.8536816909162823,0.2475094498126645
1.8563696469449478,0.24913016838662935
1.859260987943346,0.25107295200397234
1.8620541624340723,0.25315039125656674
1.8614045108236512,0.2526064550042206
1.8599420144217556,0.2513762421931631
1.8588348563062824,0.25047648656419824
1.8566362844951627,0.24882704342539794
1.8524821746496776,0.24598018877604785
1.8492218419773514,0.24390608016571974
1.8465280956362806,0.24227256998907074
1.8426753247665473,0.23997428066545615
1.836312945219052,0.23604749803731934
1.8257851587285279,0.22941774848332588
1.818464492206554,0.22490462951162632
1.8104783843986998,0.22006795673434035
1.8107124392017284,0.22019239775102856
1.8157393754220774,0.22307213055793462
1.8262629365105418,0.2292231638685032
1.8374597762125595,0.23633149628828817
1.8463075990558584,0.24251635841762106
1.8544090623828045,0.2487060997881453
1.8599431939947502,0.2530995831602857
1.8631161803594398,0.2555707109789599
1.8667423784289323,0.25815806712826805
1.8680911749048914,0.25907196611261424
1.8691898012470696,0.25977736136124696
1.8720692953116131,0.261688019483801
1.8728809474153392,0.2622519669784
1.874559691091516,0.26344102329369706
1.873953881978475,0.26301206039912683
1.872756644431772,0.2621850063123219
1.8710645473986889,0.261100161155071
1.8720773165068563,0.2617062090420548
1.8775459850203597,0.26484808381114017
1.886224491387717,0.2694129019896938
1.8950759017911978,0.2735602575910991
1.9028124133172797,0.2770719300059417
1.9096149233553512,0.2802023843526244
1.9128959342374987,0.28170903263314
1.9177607732442405,0.2840436075282742
1.922274356498678,0.286208320934742
1.923373114774193,0.28673647667496854
1.9221274731271831,0.28605745581376063
1.9207189418792738,0.28519895625314384
1.91979711634666,0.28455760798135826
1.9150600082283677,0.2810750573861633
1.9082704424188943,0.275850871548122
1.9016865913796115,0.27090584898511644
1.8926738740213915,0.26445325810803466
1.8814493472924139,0.25698913727381906
1.8689537019542795,0.24915294411652636
1.860441735550158,0.24379613377446607
1.8517037548717163,0.23836668950809958
1.8437838190998512,0.23362543779700556
1.8366594545976864,0.22958696065425035
1.8312345171698787,0.22652490746847143
1.8296241089270728,0.22554166798511474
1.829881706354146,0.22571640403456983
1.8329340485437469,0.2280626401734359
1.838215769088715,0.23243706983259055
1.8429954745282362,0.2364672639680298
1.8518059865275296,0.2434104398159092
1.8590074540566137,0.24855595043295997
1.8624241034839157,0.2508031339042436
1.8691562950409637,0.255067114543015
1.8752215367211131,0.2589920809284381
1.8795857347667486,0.2619666675208522
1.8788252448689393,0.26142974794292423
1.8758954915005979,0.2593679100489407
1.8735187689884039,0.25770417615254515
1.8724867307923496,0.25698664279176925
1.8711638298255922,0.25606682235710826
1.8710299743407508,0.25597462551462136
1.868322676789393,0.2541700194407992
1.8658944619947329,0.2526064850735786
1.863279285173389,0.2509261676189594
1.8601559830758785,0.24887008512007563
1.8565417879565205,0.24640564010722518
1.849464829864068,0.24156213931618797
1.844990791881492,0.23858044944694698
1.8421311986133861,0.23669900363828478
1.8389866968166926,0.2345997182383328
1.8351363265918352,0.23203667191383123
1.8325447012808669,0.23029531413719342
1.8302967118082225,0.22880976517525595
1.8290319110817066,0.22795669952791242
1.8290790759967595,0.2279887620823887
1.829936400858553,0.22857891279950918
1.8309213252831604,0.22924003986302974
1.8292787821062495,0.22820273890287646
1.8289057664121207,0.22797042163992667
1.8295866327126173,0.22839378480851716
1.8327705755184172,0.23039938877423258
1.8385862674906799,0.23404168056074712
1.8461072260904,0.23877654083036975
1.8517239476060736,0.24235341455775863
1.8575817079137042,0.24629562838976352
1.860351830057211,0.24830918302503444
1.859664069619506,0.2477792497547426
1.8561304056297265,0.245177950858835
1.8531181355247,0.24313304768163374
1.852101084480601,0.2425344251623832
1.8510005954713207,0.24188230444962674
1.8543094096402915,0.2439199351653511
1.8554776580425638,0.2447066101536328
1.8561779321149234,0.2452282826839525
1.8543173489763183,0.24381082961476405
1.8510659927888864,0.24142281736235585
1.8429112808415573,0.23603236464006427
1.8334145329787375,0.2304356866849972
1.8294653749844605,0.228197933531952
1.8309627951302512,0.22902631206812832
1.8321813499100585,0.22971473320973698
1.831067259420615,0.22899715360957917
1.831023046950634,0.22897304563141896
1.8286973075525779,0.22729780355394325
1.824748446964931,0.22447011653237534
1.8187171821228578,0.22031464392566713
1.816943457119204,0.21916338886864467
1.819508774752802,0.22071394069382919
1.8300431837184064,0.22694882722777482
1.8439947644661705,0.23503255403667386
1.8563086720622304,0.2421073119471865
1.8670103271638974,0.24828114828877745
1.8788959895274797,0.2550548941791067
1.8890196396395462,0.2606567369599229
1.9030825545647088,0.26870270675233704
1.912952367909274,0.27494652901931255
1.9157056882635932,0.27687005680016075
1.9151398344272044,0.2764303462462123
1.9120320480021964,0.27398908285945645
1.9060364942058519,0.2695407019236686
1.896136559869394,0.26299776479634174
1.8841068416976732,0.25561477899822044
1.8735116662048563,0.24940597619067897
1.863581383908027,0.24362532582108698
1.8549303814531002,0.23876254557785687
1.844688522123719,0.23351970180478418
1.8364093726835653,0.229609384835237
1.8333614882549525,0.22818011130527407
1.8329240930580124,0.22798693941870007
1.8401961820546058,0.23202047078861443
1.8510378666953635,0.23872157288720444
1.857762754400111,0.24336223567566745
1.8639829682824425,0.24812157696281173
1.8672501759865172,0.25079083880406267
1.8681259126091,0.2515245983694887
1.8668569624639186,0.25054777427715214
1.8644198422302973,0.2489886683946381
1.86320103659022,0.24827673198094588
1.865873525741222,0.2496842998314712
1.872564527641878,0.25306548044032945
1.876880599694153,0.25527848495582356
1.8774589219815363,0.2555732169510889
1.8777813822316134,0.2557573059992397
1.8772811161852734,0.2554120365348773
1.8719137805739827,0.25158808470488025
1.867752792169233,0.24838169629852308
1.8623773455563641,0.24428970668441644
1.8592427838170407,0.24203292926431272
1.8517882243363162,0.23706409562965675
1.8418536423738903,0.23089252586512762
1.8341026111193053,0.22627477381254837
1.831638630922964,0.22484918381135616
1.8237130562825048,0.22034786960927646
1.8172030542768345,0.21666647219421528
1.8122847408138845,0.21372638123632798
1.8101044273810798,0.21231187550263197
1.8066549961315697,0.20997161025674946
1.809457627050578,0.21193563586056494
1.8197220733023824,0.219291210906964
1.8290279790042987,0.22612575533559617
1.8400647240427803,0.23430469892565825
1.8467361263589093,0.23911140203898776
1.8507332103233172,0.2417488642573935
1.8510853729117434,0.24197195502929114
1.8524165666656474,0.24271971634981446
1.8535157102877984,0.24329712403504203
1.8598965307178421,0.24648162454504496
1.8660566503832128,0.24944385954524753
1.872843494927824,0.2526106927400962
1.8769800321550179,0.2546572244459846
1.8788694557506262,0.2557207422916998
1.8826083937240958,0.2581890643369918
1.8836607437619541,0.25897363888621316
1.8823137053412091,0.25786535606624855
1.8794151110475006,0.25551104957834303
1.8737439075444258,0.2512739459617545
1.8650362829236138,0.2453779595209276
1.859716624906567,0.2420779677196376
1.858271146813814,0.24121399980843514
1.8612345266871395,0.24290512977910597
1.8607412165756998,0.24264075264498522
1.8572435562709755,0.2407212298929118
1.8497451006237402,0.23663551859197282
1.843522024058609,0.2331297221563777
1.840680949344717,0.23137937173955342
1.838650467057475,0.22999805417702548
1.8390110330998477,0.2302649142636329
1.841885359774727,0.23234690967385285
1.8457200927617998,0.23504447096989894
1.8490057150230228,0.23727706198978424
1.8514791629466183,0.2389677216697398
1.8554738373452315,0.24195445740739654
1.8579280914508203,0.2438627541750526
1.8559847309516386,0.2423988935915853
1.8502435981130025,0.23830488237356942
1.8399051220165272,0.2314327319582174
1.8283061817042334,0.2243038450402488
1.8206080070194914,0.21984738480600036
1.8165936842178405,0.217573608037242
1.8160061486995545,0.2172352811695275
1.8205275469640272,0.22007904114464502
1.8219285188345742,0.22097375879127706
1.8257691495486883,0.22345744792474756
1.8333329719617246,0.22831545439821738
1.843256514017946,0.23466069094445172
1.8503827234560268,0.23923016338960568
1.856865082557079,0.24346127945429435
1.8598454811676135,0.24551468411201005
1.8629079823016286,0.24770930169905853
1.8652595381674204,0.2493808833614312
1.865427803787824,0.24951034731588453
1.862743997764855,0.24770026928935582
1.8614054307286372,0.24682008468134778
1.8592429485840487,0.24540237867580456
1.8539516113674566,0.2419403957687673
1.849471550554481,0.23897608730406442
1.845016931746228,0.23601083016667132
1.8410208697325219,0.23347762911466435
1.8362303301099199,0.23066394726253914
1.833685652432372,0.2292379643124844
1.8346806921986776,0.2297825370563769
1.8383358282810731,0.23183805780027172
1.8465912021213966,0.23676405020296004
1.8531152203245422,0.24085307275267423
1.8547299041157177,0.24191369715592795
1.8543508996608953,0.24165022088204033
1.853488370130233,0.24101810237192642
1.8510144676745781,0.23919154037342275
1.8546657805164284,0.24184798747628256
1.8595499880018869,0.24529377861823204
1.8658243468932538,0.2494410385147633
1.8735767975497761,0.2541937798359933
1.878129739287832,0.25682868844696005
1.8831587154588871,0.2597030099353218
1.887235888650269,0.26220170635566586
1.8897941812088845,0.26388167332662255
1.8914706359382052,0.2650194964932242
1.89195045793567,0.2653450182081995
1.8855956600197916,0.26066765802769065
1.8761593364792508,0.25378549108479853
1.8706256060473645,0.2499065457453527
1.8622355446279881,0.2443852248955095
1.8496521970390727,0.23634682980781846
1.840874989197993,0.230670515059803
1.833129198613252,0.2256426967463593
1.8268828163149398,0.22163791098046884
1.8188082887653065,0.2165742314123141
1.8116341404848735,0.21233680266278834
1.8106435283036368,0.21177447478464456
1.8129980373654462,0.21298635771836355
1.820836919736207,0.21714115313241825
1.8300659846996818,0.22232941401867543
1.8416921322225763,0.2294717254199505
1.8512531379845951,0.2355428824383223
1.8610930963213304,0.24188546267557134
1.8693419826552,0.24728561019199655
1.8797813235757543,0.2541981878041557
1.8839890624557512,0.2570125068948159
1.8868661712919728,0.25895994021258734
1.8848411819776802,0.2575347828550792
1.8831608421293815,0.2563509656458354
1.8812124708090732,0.2550186575490667
1.8754559857415696,0.2512125961509511
1.8680814532941308,0.24654281150632748
1.8590277253123482,0.24078651151869793
1.854356228132348,0.23782024950453037
1.8510321531397027,0.23567975437721836
1.8471385310534139,0.233131516997346
1.8419385779883843,0.22966836229158274
1.8397309158312416,0.22815614190273184
1.843166325745517,0.23053628235218954
1.8514366797678274,0.23626168648288534
1.8569905803851272,0.24009955653972564
1.858495876051799,0.24115064608696296
1.8590010251185474,0.24151330122159892
1.8598653448789602,0.2421400252322406
1.8629270143944248,0.24426150347139813
1.8671225187637104,0.2470167791694834
1.870102844542605,0.24896090558052175
1.8710693669255194,0.2495850194999283
1.8708787291632496,0.24944260444959024
1.8665487715339117,0.24641397844825516
1.8627995088033704,0.2437656668252006
1.858177647271945,0.2405799179354156
1.8555986316893707,0.23889394414114398
1.8514346051862456,0.2363135457498311
1.845715611657765,0.23288898436532002
1.8441162288837454,0.23191580108474813
1.8367086922026423,0.22720678629716434
1.8291181328509587,0.2222025738130683
1.8248423379327354,0.21930615676647464
1.823172821133025,0.21816044318756278
1.8255387051634964,0.21977990276178264
1.834181807400848,0.22567729545281026
1.8427537245006462,0.23151543527277862
1.8519931989919889,0.23790125386175426
1.8562545001892206,0.24097150071738915
1.8553506795102943,0.24033941519816887
1.8497346312701655,0.23658270313558108
1.847207351922146,0.23500494913069778
1.8460990948979936,0.23437712497615562
1.8476363377789395,0.23522813563661255
1.8494693852196076,0.2362802692576854
1.852784296300215,0.23825187550990112
1.8562970714543394,0.24039147173590678
1.8573784520431271,0.24108718475273877
1.8582182699165526,0.2416625907363436
1.8554395432163098,0.2395876647714063
1.851828767402425,0.23687142894687374
1.8474698720036757,0.2336310497513706
1.8425345124454298,0.23011028184222404
1.8342144700136682,0.22464081771068956
1.832958613706405,0.22387248082643332
1.837239452919305,0.22622452356387557
1.843836689875885,0.22977861676594039
1.8513257340413942,0.23374614795827273
1.856714256129662,0.23645418696901185
1.8624803522467397,0.23929251293253168
1.8716382927182484,0.24407916788533315
1.8836905857449275,0.2510325599508388
1.8922364295822216,0.2565104822287994
1.8976420001956393,0.26043477975953716
1.8988253127218173,0.26137179114393666
1.8959680230998506,0.258801074539811
1.8924637626986969,0.2557004360082266
1.886418249655304,0.25077458934178903
1.880107753811373,0.24619572566845943
1.875820578228499,0.2433927403713937
1.8696751215904233,0.2397341130628124
1.8616217299315387,0.23537676452482306
1.8571398477001464,0.2331824409112623
1.8552372082300461,0.23234743049344733
1.8539371195115955,0.23178362175624573
1.8546625852991347,0.23212676920707281
1.859000607021137,0.234412316989132
1.8676467489098298,0.23965724708398456
1.876271052010063,0.2452672522058785
1.8789131484207613,0.2470541109348199
1.8774553229784845,0.2459489388195631
1.8757408654469856,0.2446282478127813
1.874032361607465,0.24332780507759272
1.8731098475619246,0.24262007667801067
1.8707760392698949,0.24088125205103486
1.864975283286749,0.23683193039138706
1.8614885249228392,0.23460354742537265
1.857114005516329,0.23198156437207437
1.8512935894921132,0.22854830209211097
1.8477639032513564,0.2263994140489907
1.839538574794019,0.22115519942620374
1.8321602837016533,0.2163502280271611
1.827753480417049,0.21354065715261467
1.824682137849429,0.21167191129972024
1.826264732496216,0.21261454814682992
1.8319979495478846,0.21607421132282945
1.8428503477217915,0.2226597212125813
1.8546569181177446,0.22982940361082077
1.8647958919850995,0.23608785074008082
1.8756404998082625,0.24279153588333324
1.8909153066059419,0.25219346731742437
1.9003656612124828,0.2579251672318714
1.9071294201963551,0.26212713974899016
1.9114798687769954,0.26478479901206864
1.911625073036372,0.26488657937989385
1.9107046282668056,0.26438453043522203
1.909391337653629,0.2636739084876035
1.9089420862893125,0.26342272198369127
1.9097498814248817,0.2638851109183657
1.9077873193190333,0.26264467718276896
1.9047753772313516,0.26057559346878395
1.9026826101784118,0.25903546702541763
1.9027623193836938,0.2591023679871755
1.8996456676196807,0.2568554075155239
1.8936063699971168,0.25255561919947506
1.8897970269949833,0.24977226946058295
1.884487511872957,0.24591536210170442
1.8778366047567623,0.2413963124362795
1.8725972783862415,0.2381228877212785
1.8657106773830867,0.2341351490268806
1.8606964944225741,0.2313771428947827
1.851882608736435,0.22688925243856525
1.8476373844943659,0.2248696455693827
1.8466963602051687,0.22443976347094435
1.8481123077931663,0.22512062726094548
1.853712326889513,0.2278486538390656
1.8632122297622662,0.23257101528448562
1.8763219460146419,0.23945708714634645
1.8829572895560798,0.24323344799820007
1.8871717458106556,0.24583941015705352
1.889527681781305,0.24739266704224763
1.8859855097747513,0.2447401126392084
1.8811729965826827,0.24103684411291434
1.8753764632903285,0.23683876792177816
1.8662331812749233,0.2308612282635948
1.8546955964971548,0.22404169414441905
1.849650120442386,0.22120906337791577
1.8494802568387259,0.2211154523712707
1.8516750790183465,0.22229898194157632
1.8513878556796932,0.22211439558061746
1.847875114698818,0.21986305361753777
1.8425039298448174,0.21623632097370155
1.8389646630277887,0.21384400125226596
1.8367719454265163,0.21236829019383605
1.8392177454823473,0.21399606197080856
1.8432895443252741,0.21674432376865516
1.8451252164249412,0.21803901667235834
1.8478325041153798,0.21998181432062885
1.8518671209997106,0.22287175690515162
1.8508028057673132,0.22215732426483156
1.844256289259313,0.21789488069386853
1.8406566427516344,0.21561222931050084
1.8422114566373418,0.21661704080372604
1.8472036107370775,0.2199766942862759
1.8501662628299458,0.2220591991559894
1.8521484481995132,0.2235144005373935
1.8549206009032955,0.22553633464099784
1.8569615504073436,0.22696918766698254
1.8578025496040846,0.22754358688915285
1.855386206873639,0.22591461367013327
1.8529573038414469,0.22427872911042607
1.8532016344715905,0.2244321987577815
1.8530901300581288,0.22436906977530066
1.8522861774431636,0.22387859680750588
1.8503434551799547,0.22263735071515137
1.8449958099788761,0.21910876824686457
1.8397100050830524,0.21555912449924247
1.8353184521413353,0.21266931044811277
1.8366216564956048,0.21349796981955163
1.839001821802673,0.21500893255073475
1.845282342121166,0.2190937812171412
1.8541768167222965,0.22500497882560874
1.8630488937338086,0.23106207807589896
1.8682534508339892,0.2348136216157611
1.868155688896358,0.2347348244805636
1.8678284908785407,0.23448483683630883
1.870175505770229,0.23616018589504945
1.8718981431788309,0.23729822387748478
1.8742034767797253,0.23875985082590562
1.8753679667081544,0.2394915744188073
1.872595478010622,0.2376957640731618
1.8638497558229652,0.23203377543375395
1.8532629657788828,0.22547653868312026
1.8475844324413337,0.22212055244221884
1.845730700676364,0.22102122387242967
1.847763362191806,0.22229463756742085
1.8500103818078202,0.22374569901321784
1.8521312643714982,0.22515537727812676
1.8501984876067619,0.2237869978556769
1.8457973380706156,0.22068694426740101
1.8389278918209306,0.21593896042300723
1.8318293910202081,0.2111498276196656
1.8317316034245346,0.21108115857270018
1.8337790079147713,0.21238551649643742
1.8350029006080562,0.213167045295028
1.8348458783828823,0.21306336894350897
1.8346670891096832,0.21294069184759187
1.834429437459783,0.21277779124744983
1.8395880345053306,0.21624371872871342
1.8427411709104486,0.21837120631526433
1.8437096604034982,0.21903742023139045
1.8463850666315278,0.2209338678307579
1.843883722629228,0.2190635182115245
1.8401685143173718,0.21629315647908062
1.8382523453936739,0.21491652968522165
1.8374282491384681,0.21436370488003775
1.83839292351653,0.214945178360209
1.8422521873902324,0.21723035179301242
1.8441572660702474,0.2183562934967233
1.846542931761821,0.21972889398596687
1.8497197576948097,0.2215546075369011
1.8546795639494018,0.22434993581413187
1.8639704692519576,0.22968599348608384
1.874343942540301,0.23593632205815232
1.8853673238893964,0.24276120145399435
1.8905697170331832,0.2460226453095357
1.8909831662669876,0.24628675471361733
1.888018800818666,0.24424521329269896
1.8809875181394435,0.2392321038350551
1.8765081213859574,0.23595037357989737
1.872827977884495,0.23311628300986215
1.8659264263797413,0.22770783137968403
1.8553098996420223,0.2197474944932798
1.848044945108201,0.21465823409441315
1.8414230348219798,0.21038593118365023
1.833953230732773,0.20593598120383116
1.826631747128908,0.2016937443257256
1.8193808656416712,0.19729587788136835
1.8142156401614775,0.19409887119214794
1.8078208669552394,0.19022573172950633
1.8053642974087152,0.18874664177904
1.8093335784676272,0.19123630274569156
1.821695072605089,0.19924281620636589
1.8402591419650018,0.21149553917549657
1.8545199611895455,0.22067358695339337
1.8707476483216894,0.2305755469944915
1.8867498885926968,0.23962049176308411
1.904220926519669,0.24855196003374874
1.924235741140041,0.2569587972284716
1.9396515971875226,0.26199021660544064
1.951243090028417,0.26542469496640303
1.9625177173557375,0.26895296515930767
1.9672479048380764,0.27060683347125375
1.9703696725997701,0.27176216592798697
1.9708220024347363,0.2719282416959093
1.9679097189666985,0.2706470084470015
1.9607731570923839,0.26688641166717925
1.9505674635629782,0.2602813236514491
1.9348290060854867,0.24808677480925923
1.9200611574718114,0.23545508443547244
1.9081746825696229,0.22558599528396808
1.892570496918298,0.21407345850778878
1.878896371732359,0.20524367686544404
1.8689186954964796,0.1994897796470471
1.8607049923269918,0.19515140131162353
1.8536383736535529,0.191367431830204
1.849320352116269,0.18894209453093153
1.8430721757763087,0.1853199112286317
1.8383274953681126,0.18235247307169272
1.8380216641285452,0.18214768114987087
1.8404560837540211,0.1839379496081332
1.8471475493702494,0.18930726891550317
1.8526809111318185,0.19397381313778023
1.8560103941146011,0.19683824846610365
1.8564935508445144,0.1972600157333678
1.853947381681022,0.19521804707611531
1.8522473776587673,0.19399790042831072
1.8465583317926293,0.1902681553856531
1.8397014116078019,0.18616878545957244
1.834290435480719,0.18317501001106387
1.8305634101045887,0.18116163961998386
1.8274146442561683,0.17949578219919282
1.8252527538042098,0.17839322633750515
1.8285241786112214,0.1798433191037398
1.8343703012700243,0.1822933136034055
1.8444792720078511,0.1866741685425959
1.85820905104189,0.1931223546465735
1.874953553017165,0.202312374121139
1.8877628142263314,0.21052472973561998
1.8970933982096123,0.21729595089649748
1.8990377978957298,0.21888041433558866
1.8979160716823125,0.21783897350862583
1.895888012161151,0.21598053121213948
1.8920898450022092,0.21277601710583346
1.8813879173124006,0.20489759115011508
1.869302370771832,0.19685660638114735
1.8617101299400456,0.19201354361095702
1.852484924080277,0.1860352066223385
1.8450573226305178,0.1812018389310975
1.8379373596575452,0.17666581259605363
1.8324954212281837,0.17324950433119954
1.8260603606684298,0.169224544926897
1.8214021863923033,0.1662247794069553
1.8210588425104588,0.16600383358626705
1.8232959182131194,0.16758727049834365
1.8268839836839235,0.17017096928871486
1.8281360690460242,0.17109561988642938
1.8272291741158426,0.17045021493968268
1.8282478994323514,0.1711562201180165
1.8326775128593118,0.17415854054588342
1.8388007479177777,0.17823311255734456
1.8443137152230538,0.18185058616693173
1.8490259370645306,0.18501219844342243
1.8497891334758012,0.18552564882926567
1.8487139135121806,0.1848057950433644
1.849629804478039,0.18541626790223467
1.84871085247883,0.18477919262335069
1.8467587234352643,0.1834142612182508
1.8506858065111365,0.1861874446596143
1.854529442836119,0.18899390970395114
1.8574429093604627,0.19119761504779467
1.8607618199107474,0.19369124866546072
1.863978002699933,0.1960846950965635
1.867161736054539,0.19830898111777384
1.8708181106497688,0.20071989935801376
1.8734761262691182,0.20234051444068032
1.8753274307779997,0.20343755986915968
1.8757281680756164,0.20367511974303515
1.8746851646511504,0.20296632049659996
1.871050198281001,0.2004294335556608
1.86155934168496,0.193750944325594
1.8528596162455349,0.18778377490288575
1.8482251851787341,0.18472587604821236
1.8481036259753154,0.1846465069486151
1.8513883863169034,0.18672414737195173
1.8571943327492721,0.19045695975948795
1.8629485093177163,0.1942655866870591
1.8656297642664414,0.19613657242675955
1.8665729936210813,0.1968472399150963
1.8651243455422701,0.19569103292207898
1.863013643461876,0.1940417376195483
1.8637577259278009,0.1945735196268007
1.869135911422643,0.19826238754063683
1.872550764078124,0.20052852925235296
1.8692499760391639,0.19841030999779574
1.8620974036699323,0.19383891634323427
1.8565746481234942,0.19012000396963408
1.8496129486639807,0.18530487399683795
1.8410861356709995,0.17938367766015903
1.8347345638607193,0.175015202626127
1.8304830438289073,0.17219144234824293
1.8311702227736455,0.1726181887474918
1.8372144770871468,0.17630004316060466
1.845623748882947,0.18143476332026778
1.8576851579919522,0.18906099690880057
1.868412244449759,0.19602837664947415
1.8783697336471141,0.202430194205048
1.8846261160506368,0.20636536227151295
1.8869680188527904,0.20779547659522593
1.8921446005716587,0.21104579963058187
1.8909206154693134,0.21024852992334697
1.8878604925246274,0.2082318165647286
1.8813343830056368,0.20379140028960085
1.877738733398754,0.2012614785866489
1.8766432379422548,0.20048826497905037
1.8784836885600042,0.201786680689235
1.8806490688856423,0.20334657673650586
1.8789833113893453,0.20207880976485196
1.8760013419825807,0.19981566329284936
1.8698708916907119,0.195240921848526
1.8649037763600398,0.19173450062429978
1.859859442444794,0.1885105067746097
1.8577831129258462,0.1872784751711292
1.85855970519283,0.18770787753090803
1.8633984227871856,0.19042036569477014
1.8706131571116706,0.19476894462643538
1.8747771477167945,0.19743569985717668
1.877088271419868,0.19898762865332553
1.8775319445733443,0.19927839010148107
1.875988702673018,0.19814026926072983
1.8731827312222622,0.19601708711362303
1.868403673462743,0.1924182454818281
1.8626076697637874,0.18819101233080768
1.8601900700228797,0.18649574323174314
1.8589301140690144,0.18570275389748764
1.8552963556419015,0.18343735261053973
1.853177174112431,0.1821282875217979
1.849168904815346,0.17958589930948812
1.8452902304459247,0.17693935150663853
1.8423078310789138,0.17487106697353397
1.8388992507211528,0.17251897908857353
1.8345104806006172,0.16943705199502812
1.8343745845414487,0.16934211050352083
1.836904225359987,0.17119015186270226
1.8415959535970998,0.1745959976429842
1.842887519204306,0.17549758480290825
1.8442667362753227,0.1764298413834848
1.84358425106749,0.17597230265025784
1.8442259806579477,0.17640084377227774
1.8419436699940297,0.17485378794693587
1.835084180284865,0.17013397391216714
1.8330510745364095,0.16873565788842645
1.830759970652795,0.16720229362665884
1.8299052013374875,0.1666496892779263
1.8308942417395435,0.16729454679142897
1.8335060119868445,0.1691259301296427
1.834754719489177,0.1700139371895871
1.836664676204085,0.17137799076456986
1.8400229149867853,0.17376319610204477
1.8420131608242591,0.1751923312732128
1.8453086956594302,0.17756011447939193
1.851246795792258,0.18176011978114487
1.8591914738398143,0.18731390932965983
1.8640733998530041,0.19073089721214107
1.8622903607657069,0.18947954141249093
1.8587017843675735,0.18699371319474703
1.8522991157444582,0.18261113289640019
1.8491986316321816,0.18049883067436578
1.8506651756135268,0.18151193942876856
1.8533579826778501,0.18343196781662283
1.8567983879172327,0.18599995646704828
1.8618403123969924,0.1897524749777409
1.8614325302942043,0.1894641135938918
1.8600721945179006,0.18852380885112363
1.8583052327383816,0.18735714799886044
1.8575375664145997,0.18686122573320635
1.8582552073014338,0.18733508572072183
1.8583512197731533,0.18740183662436935
1.860258626115,0.18869058190650267
1.8599085536144837,0.18842835822623272
1.859213748262613,0.18790721234945695
1.8578965748396672,0.18691849410340936
1.857239171234645,0.18643630999843303
1.8565763807729605,0.1859546624941374
1.8575400302095237,0.18661536488938868
1.8593800839360672,0.1878772155657918
1.8624514051600973,0.19000345941925012
1.8614335247709142,0.18925412207330503
1.8568766456681074,0.1859291640946484
1.8513666087524834,0.18207770018242403
1.8456697776520554,0.17837545701040264
1.8436907822703879,0.17712011954412066
1.8457228417749194,0.1783844441251216
1.8501209917607906,0.181107575584741
1.8552474119260944,0.1843245698705891
1.860286798908125,0.18752409337870474
1.864971780301135,0.19065002954341514
1.8685701998586173,0.19320241833252683
1.8691786294446966,0.19363493603984067
1.867918029757509,0.19262168920952819
1.8636819293546105,0.1892729163028544
