1406.4542192592414
1406.4782230546025
1406.5009840093805
1406.5176835152683
1406.5260068951402
1411.1320482050965
1411.132559813021
1411.1325907279077
1411.1326037308077
1411.1326138423824
1411.1326521330811
1411.1326918379507
1411.1327019170728
1411.1327286026435
1411.1327498722642
1411.1327534054353
1411.1327720574982
1411.1327778397188
1411.1327879962496
1411.132791136669
1411.1327947843272
1411.1327990180391
1411.132801337814
1411.13280349681
1411.1328053780057
1411.1328058239344
1411.1328066373233
1411.1332058529447
1411.1412025829582
1411.155684103906
1411.1747640690694
1411.19124542668
1411.2133505199724
1411.2361117168896
1411.25927924463
1411.283025101712
1411.3072003283814
1411.3302866513538
1411.3524410656998
1411.372967569419
1411.3881323431604
1411.4056670564755
1411.4206241402392
1411.4309805413282
1411.4438945423578
1411.4568979592812
1411.4741954893368
1411.4887470966269
1411.5066893148914
1411.526065511596
1411.5417699580867
1411.5609539039135
1411.5792674556624
1411.59960471241
1411.6183219161962
1411.6420518550715
1411.6652572201228
1411.68891171997
1411.7113275339655
1411.7325912781957
1411.748738144981
1411.7546908265485
1411.7562511272686
1411.7678085794155
1411.789244647442
1411.8173985533213
1411.847471262395
1411.8714939985591
1411.9015183610957
1411.9315410950244
1411.9615574479787
1411.9915549504663
1412.0215543640518
1412.0455500012667
1412.0755393833256
1412.1055226850679
1412.135496072394
1412.1655016575846
1412.1955067045712
1412.2255043332905
1412.2495064026807
1412.2795037319306
1412.3094912119814
1412.3394619701123
1412.3694286448
1412.393427262085
1412.4234268647142
1412.4533964698492
1412.4833541571747
1412.5133328293941
1412.5433089028609
1412.5732673372222
1412.6032127195535
1412.6331655371612
1412.657136567075
1412.6871010325276
1412.7170677199754
1412.7470486492405
1412.777029043714
1412.8010273384546
1412.8309996224966
1412.8609873500131
1412.8910093783463
1412.9210650040002
1412.9511026008458
1412.9811306381284
1413.0051411540003
1413.0351535091716
1413.0651164626265
1413.0949735370993
1413.1247788991966
1413.1487197398394
1413.1786848777886
1413.208688808369
1413.2386892838551
1413.2687062916093
1413.292729607856
1413.3227660967755
1413.3527548476266
1413.3827063818592
1413.4126829880645
1413.4366763706971
1413.4666832701773
1413.4967141797722
1413.5267446223966
1413.5567974902424
1413.5868702164128
1413.6109586211126
1413.6411062839209
1413.671298585538
1413.7014856858448
1413.7317379996111
1413.7558898762793
1413.7859671155954
1413.815946612883
1413.8460119073948
1413.8760629927754
1413.9061462124903
1413.9362409714104
1413.960291959389
1413.9903787390315
1414.0204385292575
1414.050474901625
1414.0805094254526
1414.104507315823
1414.1344798377208
1414.164448532536
1414.1944967366917
1414.2244954872883
1414.2484219483997
1414.2780836075192
1414.3075900298218
1414.3367044446652
1414.3658470847088
1414.3951087032558
1414.424622035527
1414.448666247471
1414.478602563447
1414.5084427334
1414.5384070428074
1414.5684165864195
1414.5983820058975
1414.6223481950262
1414.6522965919883
1414.6822571392804
1414.712232709448
1414.742200106447
1414.7721300877313
1414.7960951520913
1414.8260540105534
1414.8560082755607
1414.885947771306
1414.9159069000614
1414.9398901880706
1414.969871618445
1414.9998585541332
1415.0298433147914
1415.059826414068
1415.0838215549247
1415.1138158070094
1415.1438061508616
1415.1738028848324
1415.1978041906686
1415.227819417565
1415.2578467132705
1415.2878654881456
1415.3118755161029
1415.3418863190211
1415.37189978745
1415.4019153586264
1415.4319233136869
1415.4619368868032
1415.4859336223478
1415.5159186347655
1415.545892291711
1415.575875687819
1415.6058574950264
1415.6358363186544
1415.6657973684194
1415.6957453816815
1415.7196872529569
1415.7496051161913
1415.7794923362817
1415.8093551607951
1415.8392360311132
1415.8691342786533
1415.8930774059102
1415.9230191868908
1415.952939714328
1415.982928290758
1416.0129234151555
1416.0429177593085
1416.06691266883
1416.0969061095211
1416.1269020709012
1416.1569183033098
1416.1809294549357
1416.2109744470638
1416.2410228847843
1416.271003676619
1416.3010051324554
1416.3310174824258
1416.3610262851287
1416.3910688606286
1416.415125817561
1416.4451245602947
1416.4751055786871
1416.5050840577737
1416.5350418998385
1416.5590281907573
1416.5890007430987
1416.618970831959
1416.648945621511
1416.6789133191946
1416.702885689664
1416.7328404079983
1416.7628102573503
1416.7927834731402
1416.8227783355123
1416.846775580886
1416.8767327207952
1416.9066138124408
1416.9365347298783
1416.9663701339282
1416.9961585734472
1417.0260319366328
1417.055973161547
1417.0799239954142
1417.1098335242973
1417.1397527262893
1417.1696691866382
1417.1996049731313
1417.2295796663389
1417.253540865356
1417.2835196666608
1417.3135110329126
1417.343522558918
1417.3735616933643
1417.3975944722158
1417.4276206125612
1417.4576503345895
1417.487665402581
1417.5176562443958
1417.5416458532359
1417.5716336229316
1417.6015987477153
1417.6315754860213
1417.661532035496
1417.685515924579
1417.7155323430627
1417.7455352748743
1417.7755516655384
1417.8055967050416
1417.8356314603811
1417.8656626994798
1417.8896870276278
1417.919712485716
1417.9497515722949
1417.9797907360132
1418.0098377552506
1418.0338664270944
1418.0639272355188
1418.0940546834447
1418.1241605538125
1418.1542644924073
1418.1843192907986
1418.2083460209865
1418.2383673186973
1418.2683748521451
1418.2983750642322
1418.3283750090825
1418.3583767921616
1418.388394830167
1418.4184078161038
1418.4484262027242
1418.4723986960933
1418.5023437874788
1418.532289448642
1418.562225897438
1418.5921914798078
1418.622163241957
1418.6521441864056
1418.6821502035473
1418.712153409887
1418.736147719237
1418.7661377331506
1418.7961213450922
1418.8261015658861
1418.8560982063354
1418.8861005624171
1418.916096770832
1418.9401101606436
1418.9701151927914
1419.0001008145225
1419.0300898553921
1419.0600826136317
1419.0900786096145
1419.12007584861
1419.1440724864508
1419.1740585398952
1419.2040497298237
1419.2340462452817
1419.26404488898
1419.294042094645
1419.3240350381882
1419.3540153275508
1419.38398573224
1419.4139632372817
1419.4379401059098
1419.4679133816815
1419.4978877920416
1419.527863624058
1419.5578374524594
1419.5878096028669
1419.6117890365401
1419.6417672869993
1419.6717459932254
1419.7017250827735
1419.731704946155
1419.7556889705702
1419.785668973361
1419.8156525034897
1419.8456354905213
1419.8756236848258
1419.9056155474727
1419.9356062875402
1419.9655987247481
1419.9955920303569
1420.0255839089855
1420.0495779553578
1420.0795684032141
1420.1095628482153
1420.133558069156
1420.1635493343622
1420.1935396658362
1420.223526044356
1420.253509772637
1420.2834911499872
1420.3134784427084
1420.3434718442243
1420.36746915506
1420.3974695691468
1420.427461282558
1420.4574474783806
1420.4874380846147
1420.5174351411579
1420.5414501036262
1420.5714692996005
1420.6014781644667
1420.631495569024
1420.6615069195773
1420.6915360881194
1420.7215467773233
1420.7515575339396
1420.7815744941274
1420.8115947784265
1420.841624336333
1420.8656486237817
1420.8956665154126
1420.925685805813
1420.9556956371082
1420.9857084863208
1421.0157295335832
1421.0457536748231
1421.0757807406967
1421.0997894627037
1421.1298026193567
1421.1598058435695
1421.189818395065
1421.2198326726293
1421.2498421855196
1421.2798570248501
1421.309876781455
1421.333899848735
1421.3639109662865
1421.3939187762444
1421.4239362746046
1421.45396815426
1421.483992321779
1421.5140121107122
1421.5440269346577
1421.574033406052
1421.5980309402826
1421.6280250532297
1421.6580120948306
1421.6879954147407
1421.7179794640972
1421.7419598876636
1421.7719424766433
1421.8019181708412
1421.8319036723822
1421.8558936889754
1421.8858800689081
1421.915865829628
1421.9458559715508
1421.9758428875168
1421.9998360336078
1422.02983363176
1422.0598347037012
1422.0898380177646
1422.1198397041474
1422.14383910249
1422.1738316296503
1422.2038231935308
1422.233815479381
1422.2637993942867
1422.287788220952
1422.3177832380302
1422.3477829850578
1422.377784451859
1422.407785422937
1422.437783279441
1422.4677847927046
1422.497788209059
1422.527788537447
1422.5517824244926
1422.5817810513029
1422.6117840084366
1422.6417776149874
1422.67176442552
1422.7017477643542
1422.7257354558042
1422.7557184015154
1422.785729296719
1422.8157455623286
1422.845754042207
1422.8757593424045
1422.9057602861997
1422.9357617743212
1422.959771583564
1422.9897906142605
1423.0198044130889
1423.0498239960993
1423.0798324199218
1423.1038508996542
1423.1338733637147
1423.1639051950294
1423.193917115857
1423.2239434704866
1423.2539872621048
1423.2780211981362
1423.3080753856282
1423.3381223750314
1423.3681660886582
1423.3982028797977
1423.4222339254834
1423.4522821747844
1423.4823400363994
1423.51238867942
1423.5424292076127
1423.572462231495
1423.6024998789576
1423.6265361467456
1423.6565746085814
1423.686602794693
1423.7166581247827
1423.746732213539
1423.7707997472905
1423.8008961163491
1423.8309842005367
1423.861063627705
1423.8851374849175
1423.9152117018707
1423.9452477950083
1423.975301015365
1424.0053478909927
1424.0294015925756
1424.0594592415655
1424.0894920081755
1424.1195267865924
1424.1495934054458
1424.1796950214652
1424.209790767962
1424.2398944815109
1424.2700034938605
1424.2941014129208
1424.3241891107737
1424.3543119165065
1424.3844066942727
1424.4144903943998
1424.4385518667734
1424.4685568135378
1424.498542754954
1424.5285182713517
1424.5585086155106
1424.5885007524669
1424.6124883730809
1424.6424609966587
1424.672406756662
1424.7023064944008
1424.7302836216697
1424.7521939663843
1424.7817911188654
1424.8117619610143
1424.8417546505148
1424.8657561626562
1424.895764267481
1424.9256891674795
1424.9556937542498
