1821.1222267116395
1821.1402255907205
1821.164226723362
1821.193027185109
1821.2130270529224
1821.223023354568
1821.2242448258824
1821.2242471080413
1821.2243114887638
1821.224566860404
1821.229612813881
1821.2426006717308
1821.2634300582451
1821.2901102723997
1821.3203508849208
1821.3506275809375
1821.3808797617596
1821.411180807604
1821.4414744253243
1821.4716096614
1821.501565357017
1821.5315567726536
1821.5615001715553
1821.5915060878026
1821.6155082138075
1821.6455199365935
1821.6755242288368
1821.705530492396
1821.735557202908
1821.7655871545933
1821.7956192211661
1821.825642131787
1821.855661068355
1821.8856784278069
1821.9156958711906
1821.9457147242613
1821.9757356995667
1822.0057607101865
1822.0357902521323
1822.0658253042775
1822.0958666093823
1822.1259140911977
1822.155957624477
1822.185985964732
1822.2160002032376
1822.246005511851
1822.2759971125965
1822.29999812245
1822.330003455217
1822.3600104012503
1822.3900196760283
1822.4200291498069
1822.45004956115
1822.4800712278702
1822.5100970709457
1822.540117557554
1822.5701351997045
1822.600147107117
1822.6301514638435
1822.660153456835
1822.6901580970741
1822.7201687769614
1822.7501765234035
1822.7801796594658
1822.8101758603275
1822.8401398172339
1822.8641148545798
1822.8940823045502
1822.9240254599406
1822.953952059196
1822.9838674727555
1823.0137930162741
1823.0437108267067
1823.0736196604678
1823.1035296539649
1823.1334521535598
1823.1633954845336
1823.1873588714284
1823.217324731078
1823.2473125355575
1823.2773137913132
1823.3073224387654
1823.337337282453
1823.367356597408
1823.3973777101899
1823.427412779555
1823.457449623261
1823.4874790822178
1823.517499548593
1823.54751438521
1823.5775290098181
1823.6075418881094
1823.637552142384
1823.6675623017065
1823.6975701760657
1823.7275773652998
1823.7515820915341
1823.7815865946889
1823.8115926735045
1823.8416022961935
1823.8716132923298
1823.9016258351398
1823.9316397946732
1823.9616554552806
1823.9916729214988
1824.021691321656
1824.0517082142064
1824.0817233607665
1824.1117332799577
1824.1417416278866
1824.1717511591457
1824.2017659347282
1824.231780870127
1824.261795480368
1824.2858077772805
1824.3158226086694
1824.3458360400975
1824.3758483373072
1824.4058599214566
1824.4358703949058
1824.465880343968
1824.4958888969352
1824.5258965980881
1824.5559037300713
1824.5859112816993
1824.6159185945776
1824.6459249471088
1824.6759314632409
1824.7059370131021
1824.729940674723
1824.7659430171082
1824.795943755043
1824.8199437055637
1824.8499433191585
1824.8799438427643
1824.9099435509022
1824.9399419150964
1824.9699413381552
1824.999941085872
1825.0299399965995
1825.0599405044118
1825.0899415188965
1825.119942879527
1825.1439439080193
1825.1739453592124
1825.203947522147
1825.2339496784239
1825.2639504114318
1825.2939507869658
1825.3239514080522
1825.353952719148
1825.3839540899044
1825.413952758198
1825.437950037717
1825.4679458125786
1825.4979417497266
1825.5279373581004
1825.557932390994
1825.5879290017535
1825.6179298794864
1825.6479329911344
1825.6779368343703
1825.7079422604154
1825.7379483460822
1825.767955223057
1825.7979628538135
1825.8219679391098
1825.8519741308212
1825.8819805727242
1825.9119858950671
1825.941989353149
1825.9719929990522
1826.001999303022
1826.032002488568
1826.0620074843428
1826.0920154790733
1826.122025202225
1826.1520345030356
1826.1820476743321
1826.2120629875178
1826.2420793399256
1826.2720974581562
1826.302116279052
1826.3321357939963
1826.3621555169318
1826.3921756113032
1826.4221962941713
1826.4522177653334
1826.4822400567357
1826.512264716417
1826.5422896256443
1826.572313947078
1826.5963333444743
1826.626357512111
1826.6563805221772
1826.6864026950634
1826.716424011978
1826.746442794043
1826.776460863096
1826.8064779015567
1826.8364939839544
1826.8665088877347
1826.8965250051715
1826.9265396858757
1826.9565536414707
1826.986568696919
1827.0165842262093
1827.046600324595
1827.0766181549423
1827.106635217461
1827.1366503982586
1827.1666658509957
1827.196680466331
1827.2266968306837
1827.2507117729706
1827.2807314459985
1827.3107501162892
1827.3407666627115
1827.370780656095
1827.400791209897
1827.4308053347522
1827.4608207178542
1827.4908422604572
1827.5208550319744
1827.5508721176045
1827.5808952644056
1827.6109221999288
1827.6409591446638
1827.6709934101755
1827.7010135862017
1827.7310244878659
1827.7610488064877
1827.7850620800968
1827.815070283581
1827.8450751228095
1827.875073954952
1827.9050592123433
1827.935022785202
1827.9649701943645
1827.9949291923606
1828.0249026472484
1828.054895851003
1828.0849198086191
1828.114954915544
1828.1449916032568
1828.175032104057
1828.2050661005385
1828.2350768419685
1828.2650681797836
1828.2950545859844
1828.3190483617711
1828.3490771303766
1828.3790921735
1828.40911126248
1828.439117981722
1828.469130797116
1828.499120400981
1828.5291589114668
1828.559204318785
1828.5892079168596
1828.6191984621128
1828.6492891735534
1828.6734139211903
1828.7035029088295
1828.7335140299558
1828.7634621992668
1828.793360718419
1828.8233655627491
1828.8534562841892
1828.8835385607458
1828.9136561047335
1828.9438126447046
1828.9739156091273
1829.0039499999789
1829.0340132153704
1829.058068595147
1829.0881487466402
1829.1182008715143
1829.1482351839595
1829.1782682786097
1829.2082820588305
1829.2382817342502
1829.2682817152709
1829.2982766441166
1829.328275288828
1829.3582742470896
1829.3882736538094
1829.4182703776419
1829.4482631522346
1829.4782539558748
1829.50224722531
1829.5322405956451
1829.562233352984
1829.592223691605
1829.6222102254192
1829.6521945949082
1829.6821843216674
1829.7121739848785
1829.742166448655
1829.772160974287
1829.8021570390918
1829.8321581964153
1829.8621496578626
1829.892126341389
1829.9220945238465
1829.9520594658634
1829.982012155239
1830.005972123197
1830.0359130591273
1830.0658466988527
1830.0957795567806
1830.1257112271173
1830.1556486451393
1830.1855818817626
1830.215525181966
1830.2454833999127
1830.2754494701246
1830.3054177960535
1830.335391441212
1830.3653667101116
1830.3953424284691
1830.425319333957
1830.4552955304616
1830.4852714667595
1830.5152472318407
1830.539230595174
1830.5692094286524
1830.599189841206
1830.62916965231
1830.6591445238419
1830.6891187057051
1830.7190919166992
1830.7490647776565
1830.7790405159078
1830.8090220886202
1830.8390063001862
1830.8689920059617
1830.8989774344234
1830.928964050447
1830.9589503548086
1830.9829345025682
1831.0129047056162
1831.0428630265783
1831.0728133484356
1831.1027551834595
1831.1326943020601
1831.1626355454341
1831.1925793305454
1831.22252651416
1831.2524742657556
1831.2824292566377
1831.3123909247618
1831.3423625567636
1831.372336003474
1831.4023214297122
1831.432310243721
1831.4623011416381
1831.4923028168494
1831.516313226576
1831.5463312632073
1831.5763389753797
1831.6063414227572
1831.6363330771596
1831.6663230572833
1831.6963223218825
1831.72633571141
1831.756351709115
1831.7863767719932
1831.8164124070918
1831.846465826639
1831.876516738532
1831.9065703610302
1831.936633473827
1831.9666697569678
1831.9967039280696
1832.020725649234
1832.0507482254661
1832.0807663216397
1832.110786080508
1832.1407996021492
1832.1708006532892
1832.200796264887
1832.2307912629292
1832.2607846161427
1832.2907755571778
1832.3207677048545
1832.3507611857622
1832.380753376709
1832.4107470569904
1832.4347419637809
1832.4647340375836
1832.4947254680978
1832.5247161890786
1832.5547063058018
1832.5846979410157
1832.6146911013882
1832.6446848959758
1832.6746803139224
1832.7046789192145
1832.7346797643668
1832.764683154853
1832.7946878800574
1832.8246936932533
1832.8546996651824
1832.8847061024735
1832.9147134960083
1832.944721305265
1832.9687287230383
1832.998736477903
1833.0287461238504
1833.058753221483
1833.0887565351627
1833.1187585259408
1833.14875836509
1833.1787592799271
1833.2087608347226
1833.2387640684647
1833.2687697912409
1833.2987784149311
1833.3287865531809
1833.3587956682065
1833.3888047024348
1833.4188138355842
1833.4488232632436
1833.4788329744333
1833.5028404738703
1833.5328505050454
1833.5628604142662
1833.5928693260237
1833.6228772509492
1833.6528839599816
1833.6828893087695
1833.712893730307
1833.742897241785
1833.7729003228146
1833.8029026113177
1833.8329039029304
1833.8629043545786
1833.8869033465417
1833.916901170308
1833.9468983363029
1833.9768953448843
1834.0068923504004
1834.0368887590796
1834.066887090409
1834.0968863165986
1834.126886921086
1834.1568915071007
1834.1868988211993
1834.2169103941058
1834.24692612265
1834.2769445721767
1834.300961462413
1834.3309858931332
1834.3610133725313
1834.3910412864434
1834.4210763832484
1834.4511161506575
1834.4811516109428
1834.5111867120656
1834.541219689002
1834.571248289984
1834.6012721042423
1834.6312927516224
1834.6613128721453
1834.6913330208304
1834.7213500885784
1834.75136433243
1834.7813757760139
1834.805382079767
1834.8353895297853
1834.8653938427726
1834.8953958081236
1834.9253957005237
1834.955391955088
1834.9853865632228
1835.0093769580233
1835.0393636248298
1835.0693461177477
1835.0993375278767
1835.1293212603173
1835.1592921515592
1835.1892517781007
1835.2192015383928
1835.249146378876
1835.2790910383128
