8.128983534757989,-7.980611545444536
8.125528097986642,-8.01040461978851
8.123419133440727,-8.033046433423289
8.123069370578891,-8.037819787501663
8.12278335910212,-8.042196430931865
8.122555169118087,-8.046176341081749
8.122377052095361,-8.049758319421889
8.122243004034898,-8.052941509385281
8.122147398629085,-8.055726062035738
8.122083748543389,-8.05811103385566
8.122045756112776,-8.060095784311557
8.122027147301218,-8.061681152858103
8.122021810859367,-8.062866414039194
8.122023726175762,-8.063806689138707
8.122030060286576,-8.064551310578354
8.122037402464452,-8.065098660109474
8.122043124708732,-8.065447702461332
8.122047723979412,-8.065599673704117
8.12204727808735,-8.065599287858628
8.122046764754938,-8.065599784019641
8.122047623517773,-8.065599900414847
8.122094214528472,-8.067997053913789
8.122330019247777,-8.079991408080335
8.122683272031379,-8.100361219707743
8.122296258531014,-8.124504548806131
8.11972831238252,-8.152407143163925
8.113565440297652,-8.181880634548902
8.106098894999432,-8.204870883319238
8.094544624594285,-8.231679301984485
8.082128297609376,-8.25559394291947
8.069941586207081,-8.276093575017315
8.0561845429215,-8.296832453369989
8.041548069417248,-8.317443890180872
8.025506578957724,-8.339216639943007
8.008596154099964,-8.361446496913304
7.994171793594101,-8.379786132081641
7.974962747357135,-8.40285795354968
7.9553237102702505,-8.425033090096246
7.937970417595457,-8.44402861229602
7.920687723628323,-8.462459616566345
7.904045107187424,-8.480607965559047
7.889835177662112,-8.496724956044568
7.8705159438232135,-8.518670473570024
7.846362393915572,-8.54543175516512
7.829534640236808,-8.56267027585525
7.807516368909188,-8.583145601033006
7.785139523379616,-8.603130058994688
7.762976052443481,-8.623329573005222
7.741139612170578,-8.643807522105524
7.720020732732305,-8.665046519415064
7.703417838148355,-8.682132811714974
7.683324790436682,-8.702502219436301
7.662850289113498,-8.721998899142546
7.641623337785583,-8.739668815626368
7.618986741307537,-8.75574575980372
7.5974428622542565,-8.770110706932922
7.582426702638712,-8.77996609516168
7.568208066395641,-8.789225521059715
7.553580679771042,-8.798564027349816
7.540956494247885,-8.806565885252649
7.519725317681209,-8.81975310213159
7.495286953676724,-8.835136987163983
7.470348913557621,-8.851498458596755
7.446730631984256,-8.867960850718227
7.426035500084012,-8.883075035551784
7.404127067601081,-8.898401509429391
7.383751681415471,-8.911230457677258
7.357640094504048,-8.926108464228708
7.331829609380246,-8.93953440375642
7.308142139339658,-8.95097347211954
7.2815432796762245,-8.962960542790057
7.25389864780399,-8.974482296783451
7.225926647811063,-8.985159590200013
7.197687060172512,-8.995391206047826
7.174854506275825,-9.002977337501381
7.146033552659819,-9.011488967317124
7.1170626314489995,-9.019397259226302
7.087982924664307,-9.02686376492433
7.058909867334379,-9.034217813903942
7.035772940542908,-9.04041978560817
7.007157422444427,-9.049200862463978
6.978682095704583,-9.058554045507039
6.955998353659319,-9.066335960719071
6.92773373114453,-9.076335939595394
6.899367049680091,-9.086226860308887
6.870641381726659,-9.095160269215858
6.841452106433644,-9.102534007916727
6.8182604807988625,-9.107220305071088
6.792894730383869,-9.11158587176304
6.764511053720454,-9.115584768050965
6.734755303340021,-9.119527646244705
6.70481495752826,-9.122589121141708
6.674711450369312,-9.12376909349224
6.650609599185055,-9.122989187686217
6.620629648388055,-9.120131126182908
6.59087795045124,-9.115528140004136
6.561465915863199,-9.109105241509225
6.532527158700196,-9.100693393900078
6.504210297640693,-9.090628961430555
6.481646019891919,-9.082609209380744
6.453028317815348,-9.074279599976025
6.423701405131486,-9.069664747152705
6.393903810257206,-9.068863854514257
6.363973448502103,-9.069894968138932
6.33397102899077,-9.070879461254222
6.309964299674189,-9.071549965455054
6.2799217665219205,-9.071749081130541
6.249904059679906,-9.071667650009564
6.219851927008195,-9.070669063448129
6.189847720338499,-9.068733494764183
6.165882879387974,-9.065905406492421
6.136424239397154,-9.05914093228472
6.108142178563513,-9.048701717525823
6.080866229263316,-9.03584208161641
6.054722932168025,-9.020945268893215
6.028918446551111,-9.005721700843898
6.002600483055001,-8.991852159659501
5.9779488961644685,-8.979970900807876
5.958416426257751,-8.970430432875965
5.933523857023828,-8.958081950115375
5.90873309549224,-8.945449878807413
5.884060593884532,-8.931632099987947
5.859243809091412,-8.916289457211764
5.834710993295663,-8.898911635243014
5.811663937504807,-8.879471084917114
5.789976605225036,-8.858642128816706
5.768592658934298,-8.837614536316021
5.747235211257131,-8.816498880025526
5.73067960132664,-8.799021290568767
5.711210054406544,-8.776038451986892
5.694010484388941,-8.753466642817902
5.681786128028097,-8.736404204620316
5.669210867513701,-8.717403992057633
5.656181160598207,-8.697537540811455
5.642046086062259,-8.677568250237963
5.62485288727333,-8.655746055079844
5.60925772485651,-8.638104402925826
5.590631254584037,-8.620258363957612
5.571381184699329,-8.604441732711155
5.549127571024315,-8.587620656789177
5.525873386083291,-8.571750558036724
5.500769810713516,-8.556200043910277
5.475439160383145,-8.540476946674211
5.450689267131527,-8.525145976542127
5.432999695155025,-8.514130676798715
5.4098441812145115,-8.500132872836145
5.38424729349008,-8.485282954524848
5.3584510908730625,-8.469912751906804
5.333078222690893,-8.453836508064947
5.31285091648431,-8.441005144649992
5.287009522508263,-8.42592311817216
5.260628705396243,-8.411708233202235
5.234346333537243,-8.397071520625925
5.208972302136966,-8.381139945109409
5.184944396883466,-8.36530805967672
5.160306110051985,-8.349522223718866
5.1396828052307635,-8.337342412460627
5.113901542892645,-8.321862640196915
5.089020341323344,-8.304936595976004
5.064567160166549,-8.28761642294415
5.039507636107146,-8.271285387571345
5.013907229048217,-8.255657848452332
4.988672122929487,-8.239285393417644
4.964110373573653,-8.221989689623584
4.939552621980088,-8.204808715681665
4.91494449341826,-8.187615019253641
4.890572869713562,-8.170085688404981
4.871740353560141,-8.156330090208973
4.8476653745752945,-8.138375433457638
4.825131417666746,-8.120781647600381
4.802326684171952,-8.101897675555318
4.7791917806310344,-8.083191553439214
4.7551774189043154,-8.065613748044704
4.730452157535817,-8.048718760501135
4.7053928391897255,-8.032250260258788
4.680758079161969,-8.015731991111089
4.661657347664754,-8.002489280831744
4.6376798264620955,-7.986061680998333
4.613567213759846,-7.9698376466960745
4.588644818925653,-7.9532251647083285
4.563395052228323,-7.936984134921972
4.5384474454513954,-7.920329393425315
4.513302251483176,-7.9042773899783985
4.492838342897153,-7.8916675017053315
4.468374217692805,-7.876419169372516
4.443582232875585,-7.85972085682746
4.419596678682124,-7.841558540015466
4.396121834700023,-7.822906924766612
4.37235247429756,-7.804593055942799
4.354000870660076,-7.789816110597751
4.331363291544713,-7.770722505840894
4.30819153400396,-7.751958982218352
4.284573229574097,-7.733607336075132
4.262640888551558,-7.71644601310224
4.243119255039521,-7.701771851561164
4.221686310794546,-7.686063067198495
4.197093574756734,-7.669292632643817
4.17724421284466,-7.655709017613037
4.153573550115242,-7.637665083415634
4.13053089483168,-7.618403268340057
4.107623584001637,-7.599009530981307
4.0853383856754135,-7.579330711332153
4.06369490458502,-7.5590477834083805
4.042541277606966,-7.538204895928883
4.025590484097603,-7.521350543841086
4.003937501601712,-7.500614585686858
3.982638156805028,-7.479341435395399
3.964314099809759,-7.45804428980718
3.950128297511093,-7.438851598709283
3.940160384290937,-7.423249712416923
3.929148356858894,-7.4045475407429535
3.9175933057524386,-7.385003669224014
3.9045462665020474,-7.363269467657805
3.8900808026849494,-7.34046303376144
3.877138106117895,-7.3212283389806485
3.862475595350069,-7.3001409575904335
3.8489635246121083,-7.2806388679532565
3.833269610009092,-7.257174513912821
3.81842763345613,-7.2330546569252245
3.803947475247742,-7.207316988530599
3.7902093309401628,-7.1807148200983
3.7778251286482383,-7.153663524346543
3.767921291145272,-7.13210824140708
3.7545911030880488,-7.105705681995017
3.740534583704068,-7.080178177368603
3.726208243511617,-7.056230851001815
3.7099690849359557,-7.031164086016956
3.693314007702509,-7.006996495187594
3.67683862889611,-6.983223109207424
3.659257299101743,-6.959484460081924
3.6403399289643676,-6.9366716756324305
3.624687511441171,-6.918872357523905
3.6051224692480877,-6.896695676188496
3.5870247722706754,-6.873662500634989
3.573373955291679,-6.8522937761922496
3.5598805480894797,-6.82826376809652
3.545909716828504,-6.8017349407365275
3.532562548173059,-6.774815330761436
3.522545931348313,-6.75294885425279
3.511000788833073,-6.725172560979839
3.5010856958832064,-6.697739453790038
3.4921295052538355,-6.669106348638207
3.4839906087429675,-6.6426312083637455
3.475008177143708,-6.615475191128601
3.4649158078423485,-6.588512725591863
3.456110346858865,-6.567525203196181
3.4435593072243673,-6.541121243488199
3.4308011420901545,-6.518734648441626
3.4176744166905637,-6.498621189110033
3.4042148505301615,-6.478293427185954
3.3900631604115867,-6.455294720825201
3.3773230733707496,-6.43251117960727
3.3677055922755503,-6.414871093798831
3.3554786451528376,-6.391584827259954
3.3446648294315584,-6.368239906082058
3.334606066711877,-6.341039192002899
3.3253720844063848,-6.31333897434759
3.3182406299118483,-6.2908751288889695
3.309665011517584,-6.263188026734002
3.3013213585430945,-6.236516210360672
3.293464319070323,-6.207610087291325
3.285830977348643,-6.178623395549374
3.278312739366148,-6.149533502741082
3.2709545290425104,-6.120496732151787
3.2632108184925817,-6.091478267006129
3.257786406450076,-6.068902927740325
3.250897558750182,-6.041280438081971
3.2432228671818897,-6.0134276342056605
3.2357731135697314,-5.984555317335359
3.227831765052467,-5.955676900847002
3.2200152950733516,-5.926640515637605
3.2135656808076285,-5.897295309308943
3.2071089689757026,-5.868021894989996
3.2011388439153166,-5.8385545184849335
3.195913911455846,-5.8089839290262315
3.1920658515140965,-5.7790882864553605
3.191316019813113,-5.754920715326652
3.193359079850159,-5.724847357490404
3.196833654115239,-5.695030250488045
3.199679342827465,-5.665384656939891
3.2004442477098074,-5.637814067490393
3.1988096617411776,-5.6105422952957555
3.1946643931208265,-5.584600991893944
3.188462054976568,-5.558832742980591
3.1819312092432006,-5.533010182368476
3.176878464283119,-5.506735130635006
3.1751247706482397,-5.480848854072577
3.1759975657308,-5.460551708270544
3.1784219722351406,-5.435386039447894
3.1809412253572638,-5.40847589350756
3.182404742597955,-5.378637313003741
3.1824016181439037,-5.348740714720469
3.1808074656595564,-5.31903358513737
3.1780730608210326,-5.29073102688026
3.173312366633667,-5.263693564466926
3.1686422818394546,-5.2420436833109125
3.1628286912743953,-5.213395077235675
3.1584206577153284,-5.1868962893102015
3.1549051655707734,-5.1609990378955315
3.152227703837203,-5.136276408763992
3.1501680172907576,-5.111233462350295
3.1492267642247262,-5.087895939351867
3.14898107681909,-5.06871296143133
3.1487434240484546,-5.048207791572355
3.1474127057708783,-5.028196661499168
3.1449394892287463,-5.006599056849034
3.1424823708068774,-4.986929088527016
3.1388509805336557,-4.96050977910345
3.1335203820917035,-4.932792392921665
3.126206361208423,-4.903777899546383
3.118728171312983,-4.8746676815613466
3.11256135395556,-4.845228504766176
3.10698851423927,-4.815775377937003
3.102053170204687,-4.793504256595536
3.0951506156846986,-4.765254916297882
3.0879968369737156,-4.73638523098941
3.0818314035196552,-4.708940076521268
3.0767614806922645,-4.685070495068432
3.0715955570870035,-4.661899915813043
3.0655283721307716,-4.637981969980408
3.059217677000454,-4.615035246906794
3.0526510669549904,-4.591432755330057
3.0445090752535595,-4.563130966755754
3.0364026804003177,-4.534288245034593
3.0292749910025094,-4.505128944522917
3.023750047320833,-4.4817905228951185
3.0163072879573827,-4.452771605586749
3.008459139878228,-4.423828392162338
3.0003151116625095,-4.394994159834458
2.991282878062378,-4.366470911587719
2.9809516456429197,-4.3384049455650695
2.9696495111059287,-4.310863044895409
2.9599036765808915,-4.287642854635159
2.949246095266134,-4.263267739013594
2.9396183921363948,-4.241819051313209
2.927542788487057,-4.214596830175255
2.9163525110239146,-4.186800213222016
2.905781388074159,-4.15868821942361
2.8957239107581407,-4.13038465197218
2.886748851997061,-4.10403598785911
2.8773936056731206,-4.078605125290471
2.8684916042563824,-4.057753961147743
2.852142185470318,-4.0259001474727265
2.8398938602452453,-4.0053737564341505
2.8239304925550845,-3.9813510879915155
2.808393315098197,-3.9600730504707444
2.790213461346119,-3.937757759609355
2.7695876620898154,-3.9163052842321866
2.747157827297998,-3.8966214315347867
2.728345846705479,-3.8822790999890637
2.7040947911781776,-3.8657580526481863
2.681217267014196,-3.851794444357593
2.6574580604607694,-3.8393334942399284
2.63377770455592,-3.828490579542419
2.6112912575560165,-3.818130177855765
2.5932971783843874,-3.8090273533066905
2.5727875708265056,-3.797799848821781
2.5526579841038823,-3.786614259373707
2.5302162955132257,-3.7755046500825573
2.505905220671672,-3.765065049237643
2.4827232273862982,-3.7552227264134554
2.459722944988557,-3.7443735634861954
2.440284443814026,-3.734419747928698
2.415205052967928,-3.720910461968145
2.3887862090399445,-3.7067604990882113
2.3623848593364993,-3.6936777695902214
2.33688270441038,-3.68190946189883
2.312337128946727,-3.6700479616037494
2.289938489480378,-3.6570917257739213
2.2683802169596734,-3.642435965693164
2.248088899667554,-3.626541606885227
2.2288624830451957,-3.6100791016663636
2.2122473719351277,-3.5956945976095307
2.189734089965471,-3.576787018629276
2.1707134974480504,-3.5619788843774214
2.1499602609282036,-3.547126869963913
2.126427623266776,-3.5302220891202785
2.10214239897244,-3.5126176241805966
2.0778179542352704,-3.4950404483317516
2.053793615178599,-3.476999130816682
2.030065511329969,-3.458629699469838
2.011069780432351,-3.443972883662463
1.9873918038423264,-3.4254962802251514
1.9661545892487373,-3.408114734904913
1.9433002190655322,-3.3890543154423693
1.9204043206104293,-3.369734723905144
1.8981166564807208,-3.349815542545476
1.8769757381320595,-3.3283484141920012
1.8572850211301388,-3.3056611568803858
1.8390470208272394,-3.281693424511798
1.8223944463795139,-3.2565936972064677
1.807155925909614,-3.2306780095158807
1.7922102066279386,-3.204708927381348
1.776691990150419,-3.1790475091976336
1.7632858780873006,-3.156512960115077
1.7529317887118416,-3.137666543216034
1.7406153179568855,-3.112377128312704
1.728383507638802,-3.0852153302503025
1.7161791607038297,-3.057795946352418
1.7047127918774034,-3.0299835385746388
1.6946340967826474,-3.001655703387225
1.6848245668904525,-2.9733434100306164
1.6743909876818868,-2.9452549246778594
1.6657073453680926,-2.922913794186199
1.6541995724242051,-2.895256759158592
1.6425158664571562,-2.8675769357721137
1.6325848689544455,-2.840323926694168
1.6255545099411755,-2.817964812893464
1.6168674940622387,-2.790730475864676
1.6063508245290872,-2.76280872445836
1.5949124540504913,-2.735094168577834
1.5836162169498949,-2.707467354290634
1.5733915120474276,-2.68178322263372
1.5633181528841429,-2.6556889578178997
1.553578929150914,-2.629581709451191
1.5446113112775042,-2.6067841118049775
1.5370305114147318,-2.589782980130777
1.52701684913906,-2.568236159552929
1.5181889030165683,-2.5478369367190585
1.5105125647723903,-2.528828590378568
1.5041139697511123,-2.5127081476312187
1.4980679863472932,-2.4970049889047883
1.4922387327747242,-2.4815284589441085
1.485729085895206,-2.4652214048842893
1.479319539357185,-2.4495901768796995
1.4742113449368133,-2.436703653312308
1.4678392052819833,-2.420460269025552
1.4595302743229615,-2.399010876653088
1.4500491243486346,-2.3753821206312553
1.4417667688769773,-2.3538329468495713
1.4318821216689428,-2.3256282446147085
1.422485085480913,-2.297134706235572
1.4136441957665105,-2.268474574666102
1.4048805875510535,-2.2397968152159753
1.3960193166478532,-2.2111421903128323
1.3872412341775635,-2.184950914889335
1.377436726506204,-2.1584179150384495
1.369242774484067,-2.1359980797576985
1.3626024645213333,-2.1144645257387267
1.3594878502267025,-2.1001403914949313
1.356690458465133,-2.0810187450308497
1.3544213943425487,-2.055331849686524
1.3527532032740541,-2.0257044312290153
1.3516935051478998,-1.9956653203392418
1.3521457278828377,-1.9655395156303617
1.3552752378029882,-1.9355293940538316
1.3614371559331169,-1.906000542643019
1.3693566298794053,-1.8773972428651378
1.3784184511226838,-1.8491536011499627
1.3887800849383356,-1.8209357335682999
1.4004146073943933,-1.793226841330336
1.4109127777008919,-1.7715801257078165
1.4271240239509935,-1.7394833164568921
1.4371871941246661,-1.7178853798642266
1.4467551455295042,-1.6930652782825604
1.4553738475023328,-1.6676039346302574
1.463186798369365,-1.6412997304283803
1.4696825256178885,-1.6125540793493247
1.474543455903465,-1.5832414028326778
1.4772341537079043,-1.5537504774836342
1.4776218108785024,-1.5243928013212018
1.4774341351833786,-1.4947383204177032
1.4772740928820993,-1.46476232590054
1.4767861628325296,-1.4407937133074877
1.475738025620574,-1.4108469457790307
1.4741497461740014,-1.380921698645134
1.471080463881141,-1.345137188973905
1.4684737095126092,-1.3212816590056864
1.4655293461176382,-1.2913873246075251
1.4630753562915488,-1.2614903560711717
1.4602526361067756,-1.2316516436597287
1.4574371647634028,-1.2017497961129375
1.4553714088040268,-1.1717790856920254
1.4540927834441564,-1.147996854377422
1.4528746774591723,-1.1186973947363317
1.4516543351704494,-1.0916522760823626
1.4508355175947318,-1.0634689967889874
1.4505989649488662,-1.0348639513893434
1.451431345890497,-1.0062784912696494
1.4538343457582938,-0.9767216267818343
1.4574028765213412,-0.947028095897052
1.4621833662124015,-0.9174909727980052
1.4677073640124108,-0.8879541834146932
1.474666867756773,-0.8586557126753832
1.483447065059503,-0.8298724351909599
1.4911503243435864,-0.807124693349161
1.5003723981127488,-0.7786428491266743
1.508501341573564,-0.7498268119712898
1.5160949346992436,-0.7208502798813959
1.522451380573798,-0.6916339869036577
1.5273959561545192,-0.6621327367735861
1.5311709136781522,-0.632429942117708
1.53385286325827,-0.6026560561524461
1.5342399158239508,-0.572852344178049
1.5325482230675764,-0.5490461454188097
1.528379310083495,-0.5194680697438273
1.5227609742868202,-0.49007523339976305
1.5155980711150212,-0.461086859817705
1.5063552616044305,-0.4326888882871979
1.4948321012383754,-0.40521925974337775
1.4800381784687133,-0.3794155141464286
1.4621226395049591,-0.35564847680198525
1.442171338267894,-0.3334058152754272
1.4205185161142149,-0.3129768514598733
1.3965090335325765,-0.29537320290705155
1.371007163528477,-0.2797430580233391
1.350322658145326,-0.2675219437211283
1.3250169096595783,-0.2511871363757548
1.300957098478534,-0.2330271985379931
1.278557828247778,-0.21282915701437927
1.2578239004898342,-0.191021349669444
1.2375255574931465,-0.1689704293262254
1.2168213553383584,-0.14726535508405292
1.1961460902430205,-0.12557858659725704
1.1746606410964024,-0.10473824413270927
1.152716204127525,-0.08436555575693745
1.1300268877221957,-0.06483604438224924
1.1070641707953475,-0.04549513479536973
1.084351822998291,-0.025853065659197618
1.0664559645889415,-0.009824884238741716
1.0441554577545802,0.010221362077538003
1.0218136627680856,0.030276616965089306
0.9997107835932807,0.05053978083816565
0.9771224292870948,0.07020323392930658
0.9544273584276595,0.08987721687534195
0.9319624412601992,0.10943648560483625
0.9148813500027548,0.12370205300529968
0.8917493412835469,0.14243777228960697
0.8687897882227377,0.1615357000764408
0.8474141327094366,0.1797722124139096
0.8250246883381767,0.19763969086370628
0.8016446828762971,0.21421883961352683
0.7780328556981201,0.23085166814374006
0.7564971475959187,0.24744327301765792
0.7336817814716713,0.2657917891280241
0.7109484101696032,0.28345895607078975
0.6890291043876575,0.2993263717521842
0.671619809383416,0.3123454119297213
0.6496106758634066,0.33110922150110716
0.6277444530948352,0.35150584138020924
0.6056636659829698,0.37163228866199666
0.5838041838098733,0.3922038812242662
0.5623153672521034,0.4130915170542858
0.5412644836725632,0.43287603683067716
0.5237357160741531,0.44983320850877256
0.5096749300907213,0.4634004996614991
0.4983837505854136,0.47397185084417437
0.48670707482176134,0.4848835887743265
0.47361967878758404,0.4968600440795308
0.4625266085507638,0.5069195962857528
0.4475059106429626,0.5203284444139115
0.4279014315352402,0.5374860257763785
0.40634856995659624,0.5565424982010366
0.3859097214386662,0.5738925185554798
0.36664102556864153,0.5897054449064567
0.34742833867752526,0.6054901413894305
0.3303757470736197,0.61943677625799
0.3084764538718828,0.6367398472132312
0.2857178466913328,0.6531947974405221
0.260972269520723,0.6699773997856582
0.237704298996217,0.6843415548483774
0.21730506871312327,0.6958487245791647
0.1929556898860746,0.7089021881423786
0.16647195733223494,0.7229736751403533
0.139877785274701,0.7368413201200769
0.11868539263596403,0.7481084332614171
0.09259887302314608,0.7630155816055602
0.0666328376662242,0.778018882700138
0.04074694701408378,0.7932762603039311
0.01528191803729472,0.8091985476640612
-0.00988547676666442,0.8256082820613454
-0.03455531820301902,0.8425576576288906
-0.05731679663784737,0.8586932062962801
-0.08182379493164296,0.8759374810095835
-0.10386946751473987,0.8906685258071334
-0.12615176961127514,0.9043977860386334
-0.14891878836294262,0.9177593846028347
-0.17478514548276736,0.9322508764008876
-0.19472377374532882,0.943412900209607
-0.21674055315488425,0.9564502818288341
-0.23807194095422712,0.9693960919161257
-0.2624938003872382,0.9840859460161394
-0.28682443873702246,0.9987631541675286
-0.3063909827901931,1.0097030389802675
-0.32616835408413974,1.0190259152799093
-0.35116511699569075,1.028426115959244
-0.37734465633334496,1.0365045439873584
-0.40244155648301366,1.0443058222649126
-0.4206397202012035,1.050893724121644
-0.4438520893372913,1.0607992155071169
-0.4659961485295849,1.0711165437525185
-0.4876440600851729,1.0809077535376637
-0.5098834972158482,1.0896577908657743
-0.5317923600281377,1.097340922379538
-0.5555819726261175,1.10499620740216
-0.5828409766459155,1.112964926968324
-0.6060125393154044,1.1189772083846032
-0.6352318584179321,1.1254881638311036
-0.6646330485853669,1.131209052358553
-0.6940318975178036,1.136048364054293
-0.7198418383834535,1.1391260597133208
-0.7444126238965442,1.140839453764228
-0.7726138167779213,1.1419693534963766
-0.8026104395317947,1.1433809823952166
-0.8325767760909358,1.1450937696555525
-0.8625263920917561,1.1474728908701401
-0.8923802830650486,1.1498730177332108
-0.9163143166819366,1.1511652110640542
-0.9462323819537646,1.1522151165036436
-0.9761616877595005,1.1519733474963458
-1.0061957677712556,1.1514279388900597
-1.036211639714025,1.1515809682732454
-1.0662576657624019,1.1519498445567498
-1.0962708155793808,1.1533343188944423
-1.126215206418953,1.154845694231419
-1.156195158100276,1.1562164442678429
-1.180198235095035,1.157697638278292
-1.2100919937521464,1.1601898957004098
-1.2399739492366149,1.1618223280125828
-1.2699635206098845,1.1631516950285539
-1.2998693928225646,1.1642154554854642
-1.3298681809612314,1.1643899822088732
-1.353891334646898,1.1649601888611891
-1.3838355489295662,1.1654227799259045
-1.4138843923583173,1.1656930211059597
-1.4438822886245828,1.1669524130035278
-1.4738596510682214,1.1680235135179808
-1.4978791198886428,1.169434787117413
-1.5277693126910616,1.1716254699255633
-1.557724625758097,1.1731990347540988
-1.5876945495866093,1.175578133459863
-1.6175357270558246,1.1781631534033568
-1.6474859932844221,1.1802776022758763
-1.677363565407848,1.1829696400009948
-1.70720408578669,1.1846920778421608
-1.7310797740294024,1.1846379199517083
-1.7608943363052831,1.1825852011246014
-1.790770150272717,1.1797095559647401
-1.8202211026146171,1.1779192581085822
-1.8491052545680144,1.177336324497174
-1.8769439638493777,1.177241925170369
-1.906845035557186,1.1769932026392047
-1.9368575803761034,1.1770342628929813
-1.96685856828364,1.178239605525109
-1.9966830321384785,1.1825943549742266
-2.025777090558486,1.1906115562844037
-2.0478152346360434,1.1983540866275608
-2.075225540168565,1.2092118082890795
-2.10076899466465,1.2207958142269921
-2.127519178204321,1.234113634702399
-2.1539496917513503,1.248225111359678
-2.178612123069635,1.2620177938755093
-2.198240274402822,1.273647045187149
-2.216210318966344,1.2850145214446558
-2.2279111030341534,1.2931952767428767
-2.2430415434268633,1.3046030243065605
-2.2594106681195623,1.317046565612191
-2.2790551493665907,1.3319058008548659
-2.2983397844113616,1.3469873808357915
-2.315813853773436,1.3612951804718736
-2.331945519953772,1.374209256414892
-2.348875181702941,1.3870874198786114
-2.364357222899089,1.3987372271080325
-2.3867739365484613,1.415667926795755
-2.4090298368571075,1.4320448157205494
-2.4321508674916483,1.4480533608574409
-2.4549598005262543,1.4641813869814984
-2.477406609987857,1.480722956935121
-2.500345284158016,1.4996075742668369
-2.519218553086497,1.5171027891877207
-2.535594755908762,1.5339786991083617
-2.550772035061448,1.5515977194281474
-2.562298684290191,1.5669852195798097
-2.5777417763359796,1.591404543421489
-2.591561410634749,1.6179591591956168
-2.6029608608789507,1.6440544348086805
-2.6128316003095486,1.670867530898706
-2.62188927223511,1.6995503577627862
-2.630050013313502,1.728459242487298
-2.6377958847512093,1.7574413608509925
-2.645704753282689,1.7863843284176102
-2.651777571737113,1.8096136670701803
-2.6588647234479423,1.8387536319339595
-2.666131593743846,1.86785760461571
-2.673039923352491,1.8970997177613205
-2.6789777267385464,1.926563188456495
-2.6844967803820814,1.9560615180651215
-2.689193092929869,1.9858042386503862
-2.6910172753450228,2.009908578304409
-2.6901897500842185,2.0400625955509293
-2.686969807570347,2.069974006921631
-2.6823532184286725,2.0996901024786156
-2.67606929366922,2.1291497967317072
-2.6683462977266164,2.158194521258489
-2.6599200631255253,2.18683091836812
-2.65177533143866,2.212205224953413
-2.644519221474934,2.2338928078066234
-2.639526097591669,2.2491084592129895
-2.633845387861676,2.2661849777661764
-2.6286510573190567,2.2826299029605455
-2.6236375203176223,2.30015189555889
-2.6186605042669258,2.319555022078785
-2.6132006513082384,2.3424330120859054
-2.6080732897439707,2.3649105985416967
-2.602000416076087,2.3909294449561584
-2.595671212784691,2.416353682391139
-2.589535254082881,2.4425862037243387
-2.583291045684452,2.471333274464147
-2.5779405363166967,2.500036959366975
-2.5740387622403746,2.527157301564227
-2.5716598971852815,2.549782576025492
-2.5691701906212567,2.5787236275130736
-2.5672545093304935,2.607430073354013
-2.5659657169735337,2.6373408516781036
-2.5656725675842473,2.661254283113341
-2.5666130101893145,2.6911364121789894
-2.5683070002394897,2.7210378636344483
-2.5710388775975708,2.750860318376966
-2.574402874862711,2.7805160289540845
-2.5790961360744173,2.808632501528647
-2.585573293307137,2.8346759029042374
-2.5938456807090615,2.8603438902558476
-2.602165661496738,2.8801250906513003
-2.614194662868801,2.9043018771641753
-2.628357282024363,2.9271719101482394
-2.6457732699732857,2.9499301291394837
-2.6659003772820347,2.9718370095450926
-2.6885254444083437,2.99118547347665
-2.712631647300116,3.0088735859669735
-2.7369319727511776,3.026520348195483
-2.7601956635098794,3.0456851298181173
-2.7816905176999014,3.0668616073249795
-2.7969771566356005,3.0855749318963137
-2.8140879013988864,3.1103312515119073
-2.8304052225185514,3.1355399154290873
-2.845299712370849,3.1612646100000776
-2.856209387167003,3.1851243575127093
-2.8642123302989635,3.2089695699007197
-2.869227060243205,3.228793024151937
-2.8750026110088007,3.257348268182905
-2.8782478062224213,3.2865451175945024
-2.8800100487702935,3.315772835400954
-2.881606429975471,3.340285231473583
-2.8834707168713587,3.362640322406215
-2.886677845321187,3.3860806345375054
-2.891055779028595,3.4116160176883374
-2.8948369004437358,3.437576752885893
-2.8962630569772565,3.465161652508499
-2.895276899494446,3.48805318126368
-2.8927927726318328,3.5169582513614874
-2.8901875211506223,3.5439617729476414
-2.887171631814893,3.5713697273367004
-2.883457554638271,3.598648160338414
-2.879301415712686,3.6282139216979257
-2.876342133632579,3.6579395869644102
-2.8745505685656916,3.687791085909722
-2.8735510770200356,3.711716235754417
-2.8734538233952787,3.741658692028292
-2.873508276211477,3.771654998403353
-2.874122620870934,3.8015975713773416
-2.875240958420012,3.831579718479969
-2.8759505574120774,3.861590334693863
-2.8764238796141575,3.885592836905749
-2.8764647701319888,3.921661907718833
-2.875525289735762,3.9456903668578827
-2.8728160988872466,3.9746091838622246
-2.8689157696983956,4.00005376001953
-2.864437015218566,4.022524556939323
-2.859727299134792,4.044875037774579
-2.8538101545370447,4.070348791542321
-2.8465138484790824,4.096602896796124
-2.8385989587792233,4.123744206996275
-2.8319310918140674,4.145516726202593
-2.8220286729559887,4.172498725659049
-2.8115570897872835,4.1993650782462435
-2.802591344070212,4.2261309600283825
-2.7966314492801634,4.250437065003522
-2.7917706954555794,4.274552235629115
-2.7884137330495644,4.290716551648546
-2.7847249031420542,4.306866999164053
-2.7805179935504976,4.324340403555193
-2.775816610196861,4.344757334644894
-2.77136158464369,4.368864901902783
-2.7678428930411805,4.393490134076067
-2.7651978986753485,4.417909285420487
-2.763305668214283,4.442907275167645
-2.762431984514504,4.462324728865693
-2.762427182477571,4.482932323892296
-2.76270655661969,4.5044427970629055
-2.7629533541352296,4.524681928383135
-2.7627692409349547,4.540411683667698
-2.761842981178076,4.559710465330362
-2.7602266571350684,4.581398279133663
-2.757636140981264,4.609612340091053
-2.7544014236928884,4.639426112947592
-2.7511942320902185,4.668233541645151
-2.747979628795909,4.695174357488186
-2.744599390621506,4.718460000122834
-2.7413259324947656,4.73843227850789
-2.7381783834833446,4.755114466763112
-2.7326224286619887,4.780462860358339
-2.7261164326388925,4.808628061627955
-2.7199909613318556,4.835767255627302
-2.7140219545178326,4.8635174290506615
-2.7096917681719526,4.8878538261676825
-2.7065973003033985,4.911146489558749
-2.7041260052867786,4.938380726461602
-2.7021899350127825,4.967961503947417
-2.7004838743199353,4.997904774095045
-2.698863944347271,5.021855174707723
-2.6965597563040054,5.051791216855622
-2.6943816457378955,5.0814538469409545
-2.6928443838378366,5.110642677588309
-2.691283373871455,5.139275701991323
-2.6892241545262916,5.165179370208716
-2.685932295090432,5.1926880526873544
-2.6817206174229624,5.221017302145179
-2.6778638386136397,5.244225346400543
-2.6735414498715184,5.269936194722641
-2.669540934426645,5.297344120617465
-2.6671882351647858,5.326122100345655
-2.666575292713357,5.355650176820915
-2.6685636771823407,5.383788338679383
-2.6728081829167065,5.411665544114942
-2.677752297324543,5.4403982131531725
-2.6811783736033865,5.460550549684649
-2.6853661232360695,5.485634819396723
-2.6902148998509547,5.51216872256769
-2.6968124401162314,5.540503906692197
-2.704889693715203,5.569311904869312
-2.7143395618304433,5.597666107081188
-2.725708151983663,5.6252748753023765
-2.738699162747555,5.6522216992661
-2.7522238493424487,5.679034946632299
-2.7622090993127686,5.700985289730125
-2.7720805565310136,5.72953215502899
-2.778769639036019,5.758239856987155
-2.7826228762468346,5.781746317878229
-2.786030391924461,5.806921279603311
-2.789526678851429,5.832773262493734
-2.793802971252425,5.861125501319787
-2.7977867267997243,5.88477601873402
-2.803137219898833,5.914280350833652
-2.8081157676743063,5.943670212709644
-2.811844271030769,5.9726251994643516
-2.81407199319384,5.9969396294245145
-2.8161925441641373,6.019709176692508
-2.818890901873478,6.0441339704995745
-2.8214748183860645,6.070558152230008
-2.82294938056236,6.098986902649322
-2.822905802396954,6.127593591107934
-2.821470548125189,6.1575948253937325
-2.8196218735520757,6.181508816436833
-2.816876798649688,6.211413660661569
-2.8138219927493826,6.241267780420991
-2.810376547150173,6.271110113667491
-2.805998771905649,6.30086353519071
-2.80053239298715,6.330410226526077
-2.794901367533393,6.359855144721547
-2.790872429728241,6.383467594360188
-2.7866847765396243,6.413133139579604
-2.782690739922544,6.44286427851602
-2.7785932299783327,6.471791851949056
-2.774007899139123,6.501471120654933
-2.7684588286816907,6.5310451436479156
-2.7614826639836223,6.560164034113076
-2.7536324635564386,6.587663922061003
-2.7453645967384896,6.6153124959563225
-2.7379777771610074,6.641353726550082
-2.7328378640807567,6.6603871777270856
-2.7262267791863395,6.684318227869603
-2.7193331265315694,6.70636918417408
-2.7107950778373837,6.730996074898991
-2.702406735670785,6.753255103288405
-2.6921524107267985,6.777991313337837
-2.6800687072113027,6.805045619819402
-2.6695029559363594,6.826656891176282
-2.6562131495958874,6.852101207889031
-2.642755288323285,6.875663447551047
-2.628571662695152,6.898565372321077
-2.611614131396084,6.922399799419514
-2.592842267508505,6.944341779944607
-2.5730049952481924,6.964181927771925
-2.5508030947001545,6.983810640163569
-2.528426188934669,7.0028405355917895
-2.5062788312795226,7.022960310468283
-2.4852045703940058,7.044130477969931
-2.465584359625983,7.066601331211055
-2.450945494359845,7.085334198925361
-2.4339827962429066,7.109910729867938
-2.418645839265313,7.13524781561927
-2.4040523582530886,7.16166437888341
-2.389815389274024,7.188143293901766
-2.3761444323302015,7.214779871755056
-2.3631838896838766,7.241791278211605
-2.3506886312091613,7.268792294353477
-2.3377202937551935,7.2946341360124505
-2.3233497868910873,7.321021803811205
-2.3083283373865573,7.347047197925738
-2.2925386293592824,7.3726195870224185
-2.276317854233034,7.397861818785981
-2.263384803971032,7.418074594697084
-2.2469756721383396,7.443246019252751
-2.2300262244181277,7.467999539754099
