-7.154700112443248,0.4837216896941418
-7.15442456585998,0.5134183884840048
-7.1538722837073365,0.5374313728208674
-7.153212601005213,0.5574430570824729
-7.153055087440777,0.5614458932845834
-7.152904340152055,0.5650483639753985
-7.152762299183072,0.5682501397604077
-7.152251260306107,0.5782622200734926
-7.15216805192934,0.5796507487425682
-7.152168092509087,0.5796491044837052
-7.152167274867656,0.5796493801113407
-7.15216812790603,0.5796504547324217
-7.152167967910021,0.5796502432279951
-7.152142042083774,0.5800482594253612
-7.151446048515063,0.590822379137311
-7.150467798678917,0.6059909081897149
-7.14869874519409,0.6327755305187964
-7.145952631899489,0.6624136667814156
-7.142046678795138,0.6922223736716576
-7.137551907068987,0.721884059381283
-7.1333309785696235,0.7515561939050115
-7.129680297183178,0.7813043948450226
-7.125811075336505,0.8111141716089065
-7.121868546469893,0.8348482863083794
-7.11596741703685,0.8643402079644978
-7.108726620883543,0.8935171402774105
-7.100694499890163,0.9224801585807326
-7.09204987353449,0.951033828485212
-7.083033776797261,0.9797728988104204
-7.073662540957688,1.007616765650936
-7.066387963902163,1.0276289327830035
-7.055814041159057,1.0545776480800895
-7.0448676010045626,1.081933633082138
-7.03432446995013,1.1086452992370115
-7.023860916499051,1.1339036818981019
-7.012574068831128,1.160092261683647
-7.001867182431291,1.1856586997744898
-6.9929561798929685,1.2075212499310481
-6.9815411109076795,1.2352395106822343
-6.970392685484562,1.2629757175042864
-6.96033099044399,1.2911178898936602
-6.951578954737192,1.3197145419327365
-6.944698216680478,1.3487622658718743
-6.940905072456256,1.3723398646984775
-6.937351749479785,1.4021029946942964
-6.933559463303461,1.4301342988495895
-6.928847843619917,1.4543148903295624
-6.92277236509403,1.4770104731014901
-6.917335748541129,1.4943583839297334
-6.91006832923433,1.5154784989534467
-6.901071918823718,1.5387595890118182
-6.890749581941367,1.5654299096598299
-6.880558529913641,1.5923617602459936
-6.8705335710137705,1.6188303965219386
-6.85931405433239,1.6464885249478483
-6.850042548290113,1.6685705847464394
-6.8353983988963805,1.7015116342339744
-6.822749568096662,1.728730138167584
-6.812678584949084,1.7504885167543824
-6.80070165718964,1.777918341804885
-6.790226574774393,1.80590700380741
-6.78125425560233,1.834419344969265
-6.773836007887588,1.86339546314135
-6.7677678225600015,1.8926683466348133
-6.764103928217327,1.9163006022655769
-6.760656510859355,1.94605425346943
-6.757206819569609,1.9758839968600532
-6.7536109969805835,2.0056453566048806
-6.750584391032151,2.03544953627587
-6.748517558770512,2.0652916777377053
-6.747629967239047,2.0952249563998238
-6.7472244928509335,2.1252215891397896
-6.746746569889196,2.1526349094864154
-6.746208744249867,2.175007168189669
-6.745469870325823,2.202843942256567
-6.7444875418182395,2.227658581870346
-6.743019467797236,2.2505795477971184
-6.740500469649426,2.2732271560506936
-6.7366132790212445,2.2983613505275087
-6.73220075184486,2.32305984674019
-6.727381382296728,2.3493755992231
-6.721708681309852,2.3781340717392245
-6.715067829822877,2.4056384072000916
-6.7096198684005515,2.4249326553070456
-6.7014445304864605,2.4499620571585283
-6.693640621369771,2.472449218011264
-6.683994926499387,2.4987141765811707
-6.67388157661907,2.523774659201621
-6.664530565166412,2.543512264465884
-6.65416002469293,2.5612678463119214
-6.640232504503913,2.5821825723673526
-6.624430598134338,2.60476138655666
-6.611250009603761,2.624448836814341
-6.598663911627089,2.6440824571262764
-6.58821785081138,2.6606634098936435
-6.573847048804839,2.6828327995121652
-6.5578393430406585,2.7073252970505877
-6.541069040452812,2.732239243942837
-6.523868022020176,2.7568161614640903
-6.5065908367288605,2.7813205323034333
-6.489393638350456,2.8055813382127726
-6.47303363229561,2.8292733179625285
-6.45825194828716,2.851540964115158
-6.443501399150865,2.874448929678365
-6.431506327666544,2.8940575695035355
-6.422811926739496,2.9087988649709664
-6.410934765684375,2.929704347823112
-6.397250634419513,2.9553970853531224
-6.384540348265647,2.981914299772012
-6.373160734205067,3.009291483442636
-6.362683266357177,3.036596421491325
-6.351127193496049,3.0643514208666067
-6.338974957488272,3.091788552514502
-6.32954701325242,3.1138164460800217
-6.318300166166335,3.141119833345462
-6.30898922860068,3.165276818785049
-6.300055389605438,3.191024635508409
-6.290924927311769,3.216912540037486
-6.281490521131531,3.240555877318566
-6.273312474553778,3.2590009845301906
-6.263838451845954,3.2784103320768843
-6.253045803766101,3.2997670314326357
-6.24111056497826,3.323841513527663
-6.2326237799334985,3.3402761367346416
-6.220511772582326,3.36129698375296
-6.2044538729896885,3.385855100142247
-6.189142797585282,3.407206894630074
-6.175100638900686,3.42461677603997
-6.158996448311254,3.442301952754466
-6.144159309711344,3.457908352240853
-6.129643221611809,3.4728713346356668
-6.114960929240411,3.4876354527415203
-6.101117122830686,3.500989889981895
-6.0807899983247555,3.5196212771043056
-6.058254776677835,3.5394819650336395
-6.035186323804301,3.558765937289953
-6.011636390013586,3.577385288543656
-5.987779824251243,3.595644145708114
-5.965196235259569,3.612336887333235
-5.942666713172536,3.628624071465387
-5.923501892675567,3.6424284021237945
-5.906912146238584,3.654278488345514
-5.891415282932019,3.6653698913979693
-5.86743717567489,3.6820379540308372
-5.844453617426036,3.69762239347378
-5.823038377331722,3.712400459522278
-5.806330521788586,3.7245044842465815
-5.784559696358309,3.7415864368555742
-5.764171510077257,3.758069952952606
-5.741689434835589,3.7758244996093873
-5.71811063804271,3.7939878571282217
-5.69396990254214,3.8117673504302565
-5.669323083537436,3.8288294621252486
-5.644399829646089,3.845595278559222
-5.619344632881339,3.8620639071972707
-5.594499752983765,3.8788712196794215
-5.574616847098674,3.8922875207803633
-5.550024213668674,3.9094202828112397
-5.525509708316249,3.926688767767109
-5.501735162742768,3.9447868646445396
-5.479104292379783,3.964309338494636
-5.457395025962409,3.9848793728155507
-5.437278380869937,4.006902922412246
-5.422361045666845,4.0255996760242905
-5.404150249170046,4.04945625322789
-5.3872715080969895,4.070225261255345
-5.369123502147799,4.089448344141083
-5.348621558538171,4.1062297953435545
-5.326508186620187,4.120634279615808
-5.303818404828779,4.133984851384038
-5.282635718394741,4.145237523464358
-5.267223876973016,4.153084111065518
-5.250267026371059,4.161210832666854
-5.232534929357657,4.169457335319278
-5.212574030015533,4.177853099622148
-5.189827360431821,4.186665252700123
-5.164472810634899,4.195216155860817
-5.136837109405182,4.202634509919452
-5.113293836086789,4.207702015578109
-5.093262661042733,4.211425510585159
-5.0661993020247635,4.216045250633743
-5.039680758999664,4.21884194836151
-5.013149885046528,4.21921558889587
-4.986750034171127,4.218648354078986
-4.959570681446464,4.2183214379397285
-4.932050914985755,4.21881670849846
-4.9034858250016615,4.222083148860813
-4.874900932301821,4.2292515806505495
-4.852810930611192,4.238087135384126
-4.82623127422805,4.251688844866601
-4.8000888752546,4.266369740154348
-4.773807479896462,4.280932347458496
-4.746742428694111,4.294124774998797
-4.719182487693066,4.306142398628224
-4.6908337801486955,4.316448325814125
-4.667594285149161,4.322832474091398
-4.638562562028577,4.329599553524169
-4.613709670993103,4.335304510975801
-4.58913530580112,4.340282757687329
-4.563400560943571,4.344754354451062
-4.540146976848571,4.349105424111626
-4.513850317556932,4.354020622549165
-4.491591881917829,4.357593346013449
-4.469522122942742,4.3606481302330655
-4.44735999824512,4.363759953192345
-4.427490255740678,4.366381065693786
-4.406164015083216,4.368584840442955
-4.382003997789465,4.370517100429975
-4.355309576578424,4.372138346145893
-4.325308633516964,4.373541570150446
-4.295255576484871,4.374218028669221
-4.26513547979912,4.3732185069066825
-4.2352113034962215,4.370269708720997
-4.2053893589384765,4.366607020929986
-4.181598211781449,4.363078078429077
-4.152039710547046,4.357876767214004
-4.12359420000709,4.353451801031203
-4.097502502355201,4.350629549471796
-4.070711332182501,4.347843025104978
-4.044086080523394,4.344257859354052
-4.017991509858888,4.340939440097336
-3.998379744324635,4.338851719996172
-3.973825494136478,4.337261523536754
-3.9476551975290652,4.33670669954755
-3.9206389014537963,4.3371922941183625
-3.8931241665431897,4.339145215392327
-3.8639458831776707,4.342935120025589
-3.8381821464804156,4.3481323826535085
-3.819239820608058,4.352960633493671
-3.7953400197121425,4.359349109445068
-3.770927708028018,4.364603039956182
-3.744098092099412,4.368849243672727
-3.7152540611977014,4.373241136329462
-3.6857319345606423,4.378334301328776
-3.656294997404296,4.384000638868145
-3.6327233380337227,4.38861525918057
-3.6029919565331,4.393359436399605
-3.573242341446328,4.396271727080677
-3.545546549520063,4.398271471241171
-3.5183301631225574,4.398929916785875
-3.491856889142442,4.397706571694739
-3.468177652046806,4.394131938980376
-3.4479195236098854,4.388575576238819
-3.428244749574792,4.381681699852158
-3.4023685114911157,4.371590149662914
-3.377134676197248,4.360890193976432
-3.355579298987797,4.350306991830943
-3.335042372440577,4.339682539759608
-3.319150051585043,4.332123974621751
-3.296815498180121,4.323281654266507
-3.271790272493611,4.31566632237357
-3.246145941098328,4.308985837004057
-3.2213736700453506,4.304079196337962
-3.2039894322913978,4.302277297737861
-3.1919725768904854,4.302254137125234
-3.1768927116749257,4.303538175079212
-3.1608611778365723,4.305450365312415
-3.1427022597269048,4.30776450051106
-3.1207957777990942,4.310127846883657
-3.098888255440135,4.311577120279581
-3.071055619503261,4.31280788519087
-3.044007915570507,4.313502539612505
-3.0145529643281206,4.3134567317713985
-2.984550263243508,4.312523801342711
-2.955544432612181,4.311674226916878
-2.927477413116948,4.31100821806627
-2.906035720220455,4.310799040851539
-2.8871228907669053,4.310503350645411
-2.8726288246573555,4.309552258060779
-2.853568529302377,4.306483402275338
-2.831885040916399,4.299749342577741
-2.810989878895576,4.290634113571034
-2.790756717597862,4.280082998440389
-2.7715456287954034,4.2668142686270905
-2.7551427463027074,4.25112749031546
-2.7409485401244025,4.233926017040607
-2.7289796051246658,4.2176232101085915
-2.7094342109994476,4.190171295404635
-2.6917315939563236,4.165981159697344
-2.6773312653084393,4.146815237170148
-2.6588295323650577,4.123279101945981
-2.6393261164920463,4.100630874826081
-2.6185305282990003,4.079148769187763
-2.5969202281742554,4.058403486765074
-2.5750563091325827,4.037855536744831
-2.555726765624942,4.0187004223972345
-2.5384743003318824,3.999977486479161
-2.5196390495710275,3.978527656732016
-2.5009722404363437,3.95628486642713
-2.485919718986874,3.937732052875665
-2.467793319543341,3.9137302314023215
-2.450352642332234,3.8893029823000957
-2.4332897148702144,3.8649789737669153
-2.417682521388858,3.8406692933525517
-2.405502205921225,3.8201231004198792
-2.3908843569653553,3.795159577344822
-2.3793288209958248,3.7752751990870332
-2.367987538476899,3.755949438762287
-2.355151895717435,3.7352071610563127
-2.3396578500960845,3.710646053822771
-2.323084642421047,3.6856866346631447
-2.3061670259567215,3.6609444273348193
-2.28887617603069,3.636485023947713
-2.270858417682196,3.6125959968458585
-2.255554961950046,3.5942411898317914
-2.2350467654026853,3.572541279954609
-2.213016563391229,3.552388568171813
-2.1895925989675606,3.533926076098373
-2.1644796775572215,3.5178608727872422
-2.1381649299249528,3.5037225089098456
-2.1110717676520276,3.4909518645042
-2.083886235309591,3.4782993126605612
-2.056560349392463,3.465943478583832
-2.034626483078674,3.456294200062229
-2.0069304437226942,3.444861794998645
-1.97919308570588,3.433994496240257
-1.9510952302797482,3.4235417859545225
-1.9231647716396645,3.413395032605092
-1.8955999446943987,3.4030201495104717
-1.8679397306894434,3.391963507821471
-1.8459567829036212,3.38256128192742
-1.8186610907719158,3.370127089626458
-1.7914014794137914,3.3576394600289645
-1.7640828160947957,3.345219956044643
-1.7368711973948607,3.332525527471129
-1.7151708467976723,3.3223052045300885
-1.6879664564859573,3.3096673388464386
-1.6611889679684249,3.2975546844777077
-1.6340162406636736,3.2856356551742696
-1.6067840032603513,3.27370359617607
-1.5817609784541673,3.2627148318203316
-1.5587452967273834,3.253244390711227
-1.54110131251388,3.2468173311427146
-1.5177056309892978,3.239852525480018
-1.4935527861982696,3.2333636029168407
-1.4664706755044385,3.2257968155900607
-1.4394413163053608,3.2179603501910723
-1.419435532557033,3.2121546130775456
-1.3923190266316394,3.204103395409993
-1.3659066928444885,3.1957690118313313
-1.3401547339807136,3.1869199651833884
-1.3153163131528027,3.1778741179136274
-1.295278698407158,3.1697628958695865
-1.2780777180621823,3.1616492575322104
-1.2569904948569228,3.149853951534275
-1.2345157885701206,3.134750507325847
-1.212744098586501,3.118889786375296
-1.1931983566658786,3.105133235857301
-1.1741324530058321,3.0933599615481957
-1.1536551134210744,3.0819304296895047
-1.1341918592242226,3.0710116286591043
-1.110943656580853,3.057808792039118
-1.0876683411238768,3.0451190863145445
-1.0612330178844285,3.0317547491515646
-1.0343330550537442,3.0191321204672037
-1.0124958302864033,3.0093347737534084
-0.9848403993027326,2.997819776917543
-0.9569136603588988,2.98705670601976
-0.9286267019037537,2.9771487272444985
-0.9059706245038114,2.9691460852735796
-0.8778386645402131,2.958653268730281
-0.8525939720342589,2.949059869573228
-0.834709854084134,2.942330002014594
-0.8186375348023399,2.936049150945185
-0.7997546787378766,2.9286563850580416
-0.7746874758733305,2.9190226922101057
-0.7473423824222406,2.908540217575028
-0.7248609216548096,2.900236271201311
-0.696504361525049,2.8907162010415743
-0.667675087742232,2.8831747315607235
-0.6390032742734366,2.8789641730811826
-0.6104483285464433,2.8775177114900004
-0.5828421407886294,2.8785856106056764
-0.5605419627721429,2.8800366656994636
-0.524680496707807,2.8815366861472484
-0.5006853724078583,2.882117898901336
-0.4755256503038622,2.8830382333138376
-0.44942584243058237,2.885036185589361
-0.43114968890367605,2.887339426846735
-0.4067978502330535,2.892075683465546
-0.381391167733185,2.8998225670148265
-0.35680468841961555,2.9101680517400985
-0.33247120849595757,2.921422993629315
-0.30539799296033254,2.9330613284356932
-0.27708783795916175,2.94336399648262
-0.2480003749574444,2.9512889663304147
-0.22445407064040332,2.956260412426947
-0.19479557608735512,2.961278684432962
-0.16508812007093548,2.965471712324417
-0.13543353914582543,2.9700017083411248
-0.1056022465491572,2.973802735679096
-0.0756138162711031,2.976295651603345
-0.04553295289115745,2.977167866203654
-0.01681766112331531,2.976714193900225
0.010568853532260392,2.975689398936931
0.04031127403524353,2.9745936726920905
0.07010813474544558,2.9736015109417195
0.09389031283151825,2.9726285527861274
0.12379196020386858,2.970560185692133
0.15368243432639686,2.967984205625446
0.1835814894609807,2.9655371458366417
0.21347931156098257,2.9631590539385093
0.23740743942405176,2.9612931537677913
0.26732737540726614,2.9590713698296676
0.2972337060400193,2.956587972179497
0.32710374121721575,2.9543228588723127
0.35701467183709457,2.9528473771226142
0.38690620140789495,2.952681548663503
0.4166990374152965,2.9545583341692487
0.4403554177087864,2.957695752390392
0.46968593699886657,2.963508973993538
0.4986814841864754,2.9708155242264853
0.5273112456397138,2.979305753595515
0.5551796107102767,2.9895941848656444
0.5819165111598846,3.002631022095415
0.6072836238758593,3.0182326582197896
0.6301360434624067,3.037142135570636
0.6501751470270143,3.059175480154731
0.6685525754088415,3.0826582258850928
0.682902168807501,3.1014001272744323
0.7003455929762161,3.122373267001638
0.7164015212013831,3.138776292026456
0.7358800753122012,3.1558830683557364
0.7593111852135184,3.174611579319962
0.7844454907478083,3.191321371154823
0.8107367229720719,3.2059410426209842
0.8370981813771909,3.2201677355678777
0.857863522561115,3.23215263321485
0.8840803513175154,3.2468531812178076
0.9103733399683426,3.261222906550937
0.9365851437473977,3.275890949182745
0.9631319555404525,3.2898875266947107
0.9894412138034209,3.304247728743209
1.0153768821937599,3.3191436741303924
1.0397900878753938,3.334785547100648
1.0610473039973847,3.3498303738770776
1.077973581030771,3.3625341326050173
1.0968678326333876,3.377356391036725
1.1181531451698064,3.394769149082209
1.1408322521478738,3.414239273969558
1.162910727343797,3.4339409430253256
1.1839611918429116,3.4519760969319484
1.2023669188564186,3.4662570894491718
1.2164587260745596,3.476852684807705
1.2366754994623674,3.492790423607312
1.2594227454187759,3.511867244501634
1.2796377273087438,3.5295707482077443
1.2973800790244512,3.546922757387977
1.313237078823905,3.5641966134734
1.3249508361279339,3.5773810385510543
1.3400031331571491,3.5943678070783847
1.3568457076626899,3.61406674134497
1.3760090138228567,3.6361416253546635
1.3966748213152427,3.6579315305319278
1.419215014708356,3.6779819998311476
1.4432254136161244,3.6961123933006204
1.4626327243399666,3.7102136506148393
1.4870591195426022,3.7277399172922117
1.5126559492599472,3.743693901581206
1.5395056909593499,3.7573261225259755
1.5666257835707007,3.7701231209343216
1.5930410210698231,3.783356977850022
1.6191180645312075,3.797657591789033
1.645048511276055,3.812760996628243
1.6660950258097507,3.8243983538262505
1.6924484013869046,3.838695446595095
1.7190546648651708,3.8527333797809256
1.7464366993147857,3.8651949862731834
1.7741833159826579,3.876777347813042
1.8025879993710296,3.886806197139397
1.831377490825706,3.8954121758455305
1.8601447281429917,3.903785878354963
1.8827968500786867,3.9113795253969266
1.9102389965940703,3.923053988423194
1.9370149054730164,3.936460218721083
1.963527234061711,3.9503777203937687
1.9895750054693897,3.965200282117905
2.0157196230812366,3.97994287753108
2.0417028729435263,3.9948769419516776
2.067724911367865,4.009850586675101
2.0884304427535185,4.021884527855916
2.1133975237611455,4.038248648684165
2.136830044456903,4.056492261043739
2.1595525142181,4.075925657553492
2.18156651107896,4.09613172823152
2.202324605812398,4.117625948950062
2.221412480209291,4.140570999577915
2.2390180404446793,4.164712777716955
2.254629961201015,4.190101193657152
2.267928690276491,4.216861645813268
2.2797194837707315,4.244287978989473
2.2887604830703814,4.2724262574197445
2.2949425727210246,4.301395727315783
2.297461070748417,4.3250408445180755
2.29886672498492,4.3548300000351405
2.300264826168568,4.384749999734812
2.3037349221184953,4.41462082056733
2.3109102307234926,4.44391011366982
2.3215094571660115,4.472097480441581
2.333997462134596,4.499321930301625
2.3466301372063927,4.526294390936073
2.35888088236604,4.552598428173903
2.372205421126814,4.578918820532044
2.384214609539709,4.599771762027946
2.3999140766027867,4.625202392000431
2.415422092009279,4.650523296499361
2.4291076682483483,4.671217819859299
2.4432970621271792,4.689524557608868
2.4605748022046234,4.707092320485636
2.479452249580572,4.723680547053128
2.4947006422705087,4.736857849506058
2.5145698722106644,4.75561346037431
2.5346322993368444,4.777726507377458
2.5535150405820115,4.800867176993734
2.5720881816284753,4.824396607899422
2.5903322064784975,4.847866369980896
2.6067578027837564,4.870952443841307
2.62253899198117,4.895943725607646
2.636585106943375,4.919984111324388
2.6497120709575896,4.943655251256969
2.6594539837686177,4.960704042721239
2.6721511317046756,4.982516829566896
2.6863085861670886,5.008175745076588
2.6998455120645857,5.034880193242733
2.713091664579845,5.06083348692577
2.726252019733235,5.086092178854454
2.74007809372502,5.112347247722356
2.7536788359913764,5.138148746865875
2.7658682563632366,5.161848987873411
2.774952431690655,5.180152028829563
2.785875562841543,5.20443213062554
2.7969707296538,5.2321663388867075
2.8076886383566446,5.260181699036944
2.8192791591848976,5.287913113684124
2.830959420297754,5.315485192665121
2.8413778429232823,5.343505158536799
2.8501896945692633,5.372066023243551
2.857540195996857,5.400809997452413
2.862297551687258,5.4301399518792905
2.862397216514092,5.459743966819087
2.858866622569038,5.483258136231811
2.8515676918932193,5.512198870727656
2.8429088195360714,5.540877749400756
2.8339217413932882,5.568365258385702
2.825375033995443,5.594587485893427
2.818543583970932,5.621432140324961
2.8154101881179767,5.648134315080001
2.8164830934203082,5.67409391848417
2.8199800221045535,5.699321907166148
2.8239292262375435,5.720153294477154
2.8276869865549092,5.735702369033757
2.8308123566358767,5.746635550783394
2.8351864773625213,5.7591071394060185
2.8403037521947203,5.771399000347745
2.8481291791464067,5.788949769718457
2.8550787182386124,5.804157190360709
2.8608395671937807,5.816852160811249
2.8659906140237617,5.828376207854959
2.873025086926928,5.843914974671442
2.8816538293118934,5.863802089189931
2.891714709130256,5.889183594269881
2.9015512191734483,5.916738598184186
2.908942987794373,5.939520774058973
2.9176228789213114,5.967862349240338
2.9259049088432034,5.993749510649857
2.9323606470020103,6.014243720957152
2.9373975514690462,6.031648671531184
2.942937108563603,6.052356242700986
2.9482891734159473,6.073039598509468
2.954831825493504,6.09749654981427
2.9617360272294166,6.1210366719560705
2.970549636771551,6.145935275568243
2.9811139832230875,6.1690071215419655
2.993522577835942,6.190561237883267
3.0043924714239303,6.207934218470785
3.018789424769594,6.230987733204631
3.0341123495881406,6.256718775494603
3.04908443317985,6.282665798195106
3.0642313539817354,6.3085341505681605
3.0775162869547077,6.328596966192903
3.094632204258656,6.350165413773198
3.1121965607211624,6.369239999288485
3.130868737114934,6.389005982153724
3.1487303508692874,6.409136812321771
3.1664237446296686,6.432105171828424
3.1824835583030353,6.45581008326263
3.196448192541502,6.477342932081031
3.2093789151703596,6.497208625002709
3.2215381291472935,6.5151080571798285
3.2351459175058066,6.535248361541921
3.246903115690148,6.55319273908523
3.258857883162861,6.57116856756696
3.270454250839761,6.587808690287823
3.2864204719552568,6.609071934307633
3.30581643973964,6.631857953424394
3.326555916734344,6.653635901044841
3.3487665508754736,6.67400452140124
3.3729916371175133,6.691891139595352
3.3980544330426987,6.708415571771488
3.418369869424523,6.721260994133742
3.4428684686136184,6.735645856965493
3.4646725237052935,6.747398462822865
3.484733980767417,6.757619411316319
3.5069991443546886,6.768269709777868
