385.51865669059333
385.5201289632447
385.52052630633256
385.52052697268743
385.5205279311203
389.11349061507326
389.11353045406116
389.11358391671615
389.11360652168497
389.11360912360175
389.11362756657684
389.11367442336854
389.11369521356227
389.1137117105906
389.11373388279907
389.113736938142
389.11375749645754
389.11376217162166
389.1137733614518
389.1137750240658
389.1137799082931
389.1137817928416
389.1137847805419
389.11378558852056
389.11378711866223
389.11378738511513
389.11378808225084
389.1137881950376
389.1180711412074
389.130360596263
389.14862233825005
389.1739337936264
389.20402359273663
389.23410373432733
389.26415939000196
389.29420042515807
389.3182269282221
389.34825222844825
389.37824197256487
389.40818093458523
389.43817847676775
389.4681720477125
389.49815995189886
389.52814626603146
389.55813358317624
389.5821274565633
389.61211826333346
389.64211060282116
389.67211207794713
389.7020867319384
389.73209861132955
389.7621017275693
389.7921177662854
389.8221307279072
389.8461425947911
389.8761514644945
389.90616402834513
389.93618017451246
389.96620142406783
389.99620911276077
390.0202132756953
390.05023383922816
390.0802472309077
390.1102799437216
390.140310057898
390.17034061435885
390.2003711193018
390.23041498069176
390.2604475091359
390.28445612586603
390.3144757569938
390.34449801101056
390.3745238591483
390.4045311263687
390.43454946911936
390.46460213901804
390.4946518456955
390.52466732778777
390.5487052687709
390.5787623193294
390.6088927061624
390.6389458438633
390.66906658262485
390.6992215746565
390.7293528811955
390.7593729655976
390.78933731391913
390.81934265584374
390.8492530312659
390.87316643118095
390.90299293975863
390.9327883378733
390.96261821968534
390.99258853505404
391.02268550679327
391.05138990947336
391.0795896074683
391.10804557423387
391.1320420746538
391.1622597766557
391.19162072068957
391.2207770063118
391.2500769213994
391.2797912554359
391.3095462363598
391.339258127302
391.3688073526635
391.3980887026052
391.42660136471244
391.4488373058322
391.4782319232167
391.5075049232345
391.53709041323134
391.566737039347
391.59636053195084
391.62601458238356
391.64971383747803
391.67931236981195
391.70894669316215
391.73864231804185
391.76836811287006
391.7981615480819
391.8279460418487
391.8577106978713
391.88746024975455
391.91718256620777
391.9468353237665
391.97628672807787
392.00582167268925
392.0295218727302
392.058227654489
392.086803369177
392.11539103663495
392.14478027216296
392.1740663842174
392.20348322358177
392.23332103015036
392.26338608225177
392.29343344331926
392.32365388693347
392.3538794096442
392.3780577931875
392.40825927091646
392.43842569643874
392.46848733642025
392.498460106624
392.5284567572282
392.55842803688864
392.5883896001143
392.6123372237952
392.64228970651425
392.67225563739294
392.70221870474575
392.7321860477904
392.76216120384606
392.7921900562676
392.8222183672018
392.85223000091486
392.88223626642116
392.9062228426931
392.9361889672929
392.9661633390206
392.9961335785428
393.02614945210826
393.0561328235036
393.08609400247667
393.1160830522689
393.14610120493967
393.1701129786643
393.20010250725494
393.23005307348313
393.2600259491123
393.28999101098304
393.31998985340255
393.3499430332645
393.37986548542057
393.40984630716474
393.4398954753853
393.46984688822687
393.49975377981093
393.52963326991573
393.5596487863752
393.5836998080446
393.6137992357677
393.643820324906
393.6737376698244
393.7037394875151
393.7337944401069
393.76373259372554
393.7876905248754
393.81769377398393
393.8476616315766
393.8776228817016
393.90757853358605
393.93753399728143
393.96749488874514
393.9974360848126
394.0274078015493
394.05735429532416
394.0813213433418
394.11128278851737
394.1412446512739
394.1712125921293
394.20115909972526
394.23118085015307
394.26117046646976
394.28514287576616
394.3151271309148
394.34513590131115
394.375118307896
394.40507893000967
394.43503062280234
394.4589982818309
394.48894984413886
394.5189288427566
394.54887782507654
394.57885663721225
394.6088718178437
394.6388504435024
394.66881530241864
394.6988105489656
394.72880099845537
394.752806851875
394.78281064845027
394.8128050690486
394.84278459950474
394.87276418772046
394.9027356529754
394.9327054286763
394.9566904514528
394.9866723911742
395.01665333633383
395.046628579724
395.07660430006683
395.1065816922724
395.13656546393787
395.16654276690537
395.19650857988444
395.2264751203735
395.2504469377877
395.28041834754487
395.31037405705666
395.34033853025807
395.3702932362056
395.4002328335788
395.4301782140953
395.4601292764264
395.4900862851592
395.5200374063241
395.5499947192303
395.57396847231297
395.6039345606265
395.63390320893984
395.663878811994
395.68785588202445
395.7178238096453
395.7477971273467
395.7777748369044
395.8077505414008
395.8377290397479
395.86171361637724
395.8916916049413
395.92167625914226
395.9516531818711
395.98162948941354
396.0116015214525
396.0415676481271
396.0715340610939
396.10149733736347
396.12546617819527
396.1554236463797
396.18537798715647
396.2153293633689
396.24527782935115
396.27522485611655
396.3051709310194
396.33511723734
396.36506572576917
396.38902694551194
396.41898278341625
396.44894454877596
396.478913670458
396.5088904818984
396.5388745621956
396.568858574859
396.5988407615507
396.6288204651529
396.6588018393994
396.68878784805895
396.71878033539457
396.74277982208247
396.77278405164185
396.8027970974343
396.8328040859968
396.8628140238702
396.8928257492354
396.92284268256367
396.95285989269127
396.98288058888113
397.00689645781773
397.0369179194065
397.0669372864448
397.09695520094004
397.1269696131352
397.1569787714275
397.18098446506144
397.21098912244634
397.2409902226671
397.27098796392363
397.3009795373776
397.3309686803309
397.36095407626436
397.39093880535637
397.4209168595698
397.4448948338858
397.47486046616933
397.50481786583896
397.5347639576544
397.56470504864205
397.594636977812
397.6245652102649
397.6545023713473
397.67845214630427
397.70840178381553
397.73837572061836
397.76836053521436
397.79835034726415
397.8283650479452
397.8583880440234
397.8884278166758
397.912472580699
397.94250570385935
397.9725309842037
398.0025517658363
398.03256345685895
398.0625698860129
398.09257714887264
398.1225811782578
398.15258985061706
398.1765942298225
398.20659665147656
398.2366015197345
398.266600752584
398.29660354976943
398.32661127181655
398.3566200102924
398.38663251768315
398.4166493969614
398.44065919270435
398.4706647368474
398.5006841326116
398.530700866822
398.56071170333274
398.5907290443287
398.62073883855544
398.6507412651019
398.68074362538806
398.7107595201642
398.74077121558673
398.7647783191035
398.79479023337416
398.8247929664073
398.8547990852043
398.8788034192931
398.9088023825881
398.9388035998491
398.96880752240867
398.9988148526953
399.0288196472085
399.05882172784607
399.088824998464
399.1188239406359
399.1488307876033
399.1728344171014
399.20283686084247
399.23283610637543
399.2628457621722
399.2928507569475
399.3228531859386
399.35284971916946
399.3828528223968
399.4068574839158
399.43686454518183
399.4668635732489
399.49687129941435
399.52687510599213
399.5568822764717
399.5868904460897
399.61689780880056
399.6469053269166
399.6769100005356
399.7069248291523
399.73092644266353
399.7609359802566
399.79094250070057
399.82096744780347
399.85097797936265
399.8809904617332
399.9110138006612
399.94102072315746
399.971033953404
399.9950422835037
400.0250493767965
400.0550717925991
400.08507874455574
400.11511625047405
400.1451247442935
400.17513861815803
400.2051637385011
400.2351799518486
400.26517410374737
400.29521303935485
400.3192294901328
400.34925813923996
400.37929055576194
400.40929704565764
400.4392947482317
400.4693005304907
400.49333355732625
400.523343687527
400.5533668726452
400.5833970183313
400.61344999240265
400.64346134495077
400.6734661437031
400.70346521313525
400.7334936448533
400.76352027955625
400.78753373561335
400.81660364673934
400.8440809171566
400.8703855629111
400.89453114466556
400.9169488673388
400.93591861723564
400.9506597247491
400.97307705927307
400.98654012350767
400.9969057809567
400.99948969451265
401.00144393489575
401.00877510107074
401.0207191160566
401.0321658311298
401.03923341708355
401.04175279253434
401.0422263971313
401.04427372208045
401.0509353141893
401.05683359370806
401.05990956618024
401.0647326028516
401.0683421687426
401.07193556411073
401.0833150516642
401.09504557873373
401.1113977471708
401.125309837075
401.140237766952
401.15727564510104
401.17154964119163
401.1809742160338
401.1883848147121
401.1919808260114
401.19272957451614
401.19910916506853
401.2074975506058
401.2122850468371
401.2130883828344
401.21340347501894
401.2141814771034
401.21651723765626
401.2244491597746
401.2347353131192
401.2445562239997
401.25431253769085
401.26332236180286
401.26911258185396
401.2728497140476
401.27498498995425
401.28250564500627
401.2954353829462
401.307966955175
401.31588075678354
401.3190781091266
401.32132867802574
401.3215811419385
401.323720759241
401.32736910752783
401.3311880442261
401.3381956775556
401.3442018815969
401.35105521011667
401.35788280996064
401.36163908041834
401.3629190670824
401.3686717239548
401.38381488229885
401.4011039061996
401.4131961734403
401.4182260782956
401.41838209886106
401.42052717369074
401.42096934578535
401.42338779904213
401.4239301394431
401.4280779170582
401.4350176384703
401.4457881760283
401.4576941151461
401.4668613349476
401.47785842490885
401.48831126394606
401.4976157886141
401.5062339095789
401.51005989924516
401.5108702742823
401.5148206134896
401.52390966348696
401.53185573753024
401.5378707674996
401.542291176155
401.544707621152
401.55304851521015
401.5597887342393
401.5646050354504
401.56536570906627
401.5664945566785
401.56871315186066
401.57134631741536
401.57474668810454
401.57691929506166
401.5797210743691
401.5837039614284
401.58617242256616
401.5900795795723
401.59719260134983
401.606713542939
401.61226946506315
401.6146367807322
401.61859418350855
401.6259129258632
401.63343631562685
401.641631016474
401.6436181739975
401.64536568035237
401.6473254268731
401.65036214311095
401.65397466004157
401.6614842769592
401.6683192018094
401.6759950443367
401.68213196670894
401.68659074276957
401.6869461346846
401.68795696202295
401.6884453285288
401.69058846395984
401.69903667378696
401.70688529787145
401.71781655942533
401.7289252711263
401.73583815330505
401.74219778812534
401.7481759171166
401.752167266964
401.7525528458921
401.75826943385
401.76146151898763
401.7676630620119
401.77119251900456
401.773676642088
401.7763371691418
401.7796491022151
401.78322488363824
401.78575473734014
401.78693139004594
401.78945904825684
401.79396937106657
401.80250656744863
401.8083089354272
401.81022972755994
401.8104319309045
401.81131316508015
401.8133149983153
401.8186190743696
401.8235318085598
401.82777839681813
401.8349702228451
401.8448370904424
401.85180143328733
401.85204573409777
401.8565471774497
401.86488597435846
401.8711733211808
401.87769927252947
401.88167193222296
401.88405046017823
401.88405423660083
401.88723496364804
401.8891928347396
401.89273534085663
401.8973203721552
401.9014178302486
401.9035152612042
401.9072234127963
401.91361461021575
401.9200132151897
401.9285011862913
401.93571686272645
401.9385309903812
401.94069696369775
401.9505973842693
401.96591905843604
401.98697958865
402.00584890702265
402.01846173485393
402.02489348891226
402.03109409688204
402.032877867198
402.035650503061
402.03882558862574
402.0440716165855
402.04887760760965
402.0572852088282
402.0654716821224
402.07523834985926
402.0792991504945
402.0849735989349
402.0880491359865
402.0919338096339
402.0945255025936
402.0971186848911
402.10326309952967
402.10894088237865
402.1164704699211
402.12565684863154
402.1321186658594
402.1345022467996
402.13770085259415
402.14452625238647
402.1529282122597
402.16020373515477
402.1688318519983
402.1754655486349
402.17578504862877
402.18027391932543
402.18490892399467
402.18916219771614
402.19368315557665
402.1963867061935
402.19929384212077
402.20576054770316
402.21663193340856
402.22710509069225
402.23601047563096
402.2425302644191
402.24507649169846
402.24638438968685
402.25321868515925
402.2606267307405
402.2640751182351
402.26700644112617
402.26751430205604
402.27255825746454
402.2837485062997
402.29435788568105
402.3050520009223
402.3154025260697
402.32110503442397
402.3219691209537
402.3266495719925
402.33513841589456
402.3411603114045
402.3445924408283
402.348884991676
402.3531495453516
402.35319280040517
402.35600692190224
402.3568209448816
402.359228338004
402.3646311123336
402.3735704731327
402.38247477980246
402.38912664711506
402.39122053886604
402.39405447650023
402.40094315980053
402.4152176354944
402.4291725502455
402.43918773991487
402.44501941753026
402.45342873603596
402.45904613177385
402.4599348690749
402.4630010854933
402.46936404077263
402.47488980128946
402.4767848536385
402.48304994738004
402.4894945485686
402.49769285199534
402.5034541055516
402.50601995173633
402.50706756206336
402.51104247558703
402.5211503837429
402.5304200593164
402.5388143636574
402.54488165745454
402.5509639270781
402.5572852000299
402.56091665837175
402.5618098337127
402.564044275423
402.56849510054934
402.573090268126
402.5767536290893
402.5825959013287
402.5866319295828
402.5914580744852
402.60002288944895
402.6053977405605
402.6076131984762
402.6118621998013
402.6155065739453
402.62229593955084
402.6294955814521
402.63709144189244
402.6445435416849
402.6481683007728
402.64981693543393
402.6520931717501
402.6536196224387
402.656547198672
402.66137280858237
402.6664232064186
402.6717722130951
402.67847672680955
402.6859686605319
402.6901266787888
402.69290708564364
402.70105416128683
402.71001221643303
402.719887183804
402.73093998402925
402.7404223749543
402.74871311756453
402.7509934848292
402.7534903176386
402.75746328256434
402.76144142191936
402.76723975601675
402.770013419497
402.7747854895984
402.782869562095
402.78800915311876
402.79366981602766
402.8004368241854
402.8045562719969
402.8045977940834
402.80892460080855
402.8165453438031
402.8235629689402
402.82859333581837
402.8344396408503
402.83667865634516
402.83733755330246
402.83840512149214
402.8409878552809
402.84597619409004
402.8508380226936
402.85752491259353
402.86481267611236
402.8733374104393
402.8812256597296
402.88437833444624
402.885338098456
402.89346339980534
402.90074257036855
402.9085042392664
402.9094255725511
402.91159672391825
402.9129847552346
402.91340209733204
402.91590535076165
402.9165249306246
402.9175401185444
402.9200177740333
402.92421001816655
402.9304019744084
402.93180656056785
402.9336064687087
402.93915389893357
402.94815523803845
402.9544809329706
402.9592905549209
402.96128271930706
402.96287806289865
402.9653053596999
402.96774826948854
402.9735421143362
402.9820290012828
402.99039505436247
402.9992111965949
403.0088946258343
403.0192828330334
403.02770199515163
403.02943416615494
403.0350640589467
403.04400433524427
403.05120062888255
403.0594887959368
403.0637815551316
403.06495128541434
403.0664357070479
403.0694472178649
403.072814724095
403.076370080271
403.0792628649576
403.07935855103733
403.084436462496
403.08925426327386
403.09262943358056
403.0992289767356
403.10622468848925
403.1126798915068
403.1209048940076
403.126470217129
403.13042053592574
403.1344597714825
403.1453242481985
403.15920731197275
403.1724598035484
403.18635008765824
403.19934391178094
403.2068577333026
403.21069899433763
403.2130404525397
403.21336451669595
403.2173774185029
403.22138177443685
403.2264768699708
403.23313399280414
403.2383844986161
403.244383848421
403.2490662757119
403.2502042363685
403.25483184896507
403.2629276411641
403.2720839257141
403.2844300194373
403.29202588049196
403.30203924915855
403.31212844300165
403.31848628538194
403.32432304955876
403.324485149558
403.3274372351552
403.3312756142416
403.3372595645569
403.3429993575307
403.3511193539245
403.35684142511974
403.36525378604455
403.37237857958
403.3816875485049
403.38739939182676
403.394327764936
403.3996908738981
403.41002900510557
403.4196362566945
403.42896917751835
403.4359630101071
403.4400725735397
403.4431894705462
403.4510299292007
403.4613042654375
403.47094059062863
403.4786246035619
403.47951077901644
403.4808856200809
403.48216522797685
403.48708753927974
403.4945960449957
403.5009180211923
403.50363717968685
403.5037166463385
403.50591612754016
403.5089083792916
403.51787606533657
403.52709406542965
403.5376225953911
403.54428327879407
403.54973926801625
403.5555967174554
403.55870969104393
403.5594941668507
403.5608529688275
403.56375971058
403.56759840630167
403.5693636867693
403.5744200809747
403.58294342021367
403.5930720976148
403.60516900957697
403.6161278476273
403.6259433053982
403.6300911895448
403.6322699889442
403.6326774762033
403.63633422131716
403.64195871175076
403.6477541768353
403.65334060617766
403.6622288222655
403.66551688291446
403.6707951727298
403.6748844681175
403.67862605243215
403.6859429886971
403.694169952538
403.70130863745067
403.70964872188154
403.7119954006718
403.71204476323436
403.71242557547214
403.7146510623187
403.7219023986024
403.7260720525534
403.7292143875585
403.7332257575573
403.73810441834223
403.74241644415343
403.74604931804595
403.74607136513157
403.7510243588998
403.75543276135875
403.76146982494885
403.76670120407863
403.77349762939986
403.78736746082325
403.8003955125159
403.81050736316433
403.81725111267036
403.81915309659956
403.8192492616525
403.8229447789807
403.8275883529443
403.8345460143223
403.8395814414746
403.84257707258
403.8467883033774
403.85179977039235
403.85879898661744
403.8652168227111
403.8745756288462
403.88263886773274
403.89069240410487
403.89663831092116
403.8989774619603
403.9025785365203
403.91294024942624
403.9205327318656
403.9269190849233
403.9329066891655
403.9329460233413
403.9351820614332
403.9388708557558
403.94315212728657
403.948211126662
403.9534167538442
403.9625889497938
403.9702331192068
403.9783784147431
403.98098129191516
403.982981538164
403.99416925215877
404.00454845595567
404.01370071924663
404.0196569243992
404.02163348904406
404.02593465515054
404.0307703160735
404.033374017225
404.03579110333317
404.0402788946545
404.0483718677988
404.0544817066773
404.0606242612396
404.06302183286
404.0652385651536
404.07251722178773
404.08118494890607
404.0863680053795
404.08751545523637
404.09239851214437
404.0998861343871
404.1068784423336
404.1115034307675
404.1133355966302
404.11591524902724
404.1224386657957
404.1317537928444
404.1366912234094
404.1375975556217
404.1455635741886
404.1500674341106
404.15078005110513
404.156157031921
404.1634014302706
404.1710114114329
404.17389963465524
404.17656086529973
404.18117331506636
404.18660886699234
404.18856670245856
404.18898359369285
404.1901299330682
404.19326518204923
404.1965602239685
404.2005949894492
404.2026894722652
404.2066527867238
404.20984027532364
404.21604312965036
404.2227657336335
404.2280412754725
404.22914148792444
404.2293016557629
404.23317802779025
404.2343953680318
404.2373276980547
404.243778438175
404.2525975020752
404.26542228384716
404.27944193932433
404.28908145277217
404.29991453091327
404.3063551356922
404.30679464855615
404.3077374012613
404.31011440944445
404.3139057483326
404.32262318588437
404.33169502965814
404.3406403894664
404.347545883742
404.3499379402671
404.35321597281967
404.3608748609186
404.3681020541713
404.3766923286626
404.3831753054289
404.38957850274517
404.39264676660343
404.39835762799095
404.4021036618329
404.4042256230708
404.40645190132125
404.4090745694457
404.41094489315424
404.4159207095443
404.42400632707944
404.4296794042527
404.43293369565964
404.4345056391228
404.4363714284302
404.4374601674271
404.4386419097995
404.4394508319807
404.439816488146
404.4404153038943
404.442628560945
404.4432277018111
404.44746034979937
404.45281738947284
404.4557671800882
404.458142634929
404.45957180558685
404.4633787976902
404.4695796671603
404.47536344623467
404.479792012717
404.4862975531184
404.48802399121195
404.4922439098393
404.50403812971825
404.5213052597465
404.53265303344205
404.5434725586029
404.5498081906936
404.55183758330855
404.552021168772
404.55438471420575
404.55664624348367
404.56039993735055
404.5640380900336
404.5692824797229
404.5758881953706
404.5811195990217
404.58720818622265
404.58995060173197
404.59202296151597
404.5965104790876
404.60712860459734
404.6190486259397
404.629745560011
404.63924306576115
404.64156358558284
404.64199542517804
404.64404311367497
404.6461313203208
404.64722745375775
404.6522452391103
404.6604189463609
404.6698539236935
404.67691862078414
404.68209317537105
404.68526170716495
404.6872015517347
404.6915348140934
404.69356634302125
404.6970148059136
404.699997782375
404.70278378988604
404.71085779087554
404.7170482832906
404.71944242952014
404.72022952843196
404.7210904309098
404.7238035020786
404.7250687155495
404.7277131115244
404.7302331893538
404.73545993371965
404.7406757791502
404.7437440855331
404.7493943266941
404.75467132450467
404.75956909714176
404.76206932055527
404.7665695342762
404.77067188646
404.7711757056287
404.772676239203
404.77635797808085
404.7798497913659
404.78456404733487
404.78921046420186
404.79470528309514
404.7991713399725
404.8036108889651
404.8108585798729
404.81962112651985
404.82718069113037
404.8330204721608
404.839050141703
404.84405337609803
404.8487363383439
404.8567197284743
404.8651084476535
404.8711343025202
404.8714734887371
404.87470678310456
404.8778593506962
404.8798315008595
404.88023449491556
404.88201010966196
404.88384299855477
404.8872957598789
404.8875108100982
404.8924796427183
404.9029625597475
404.91256786775926
404.9220802229067
404.93200986787696
404.9453857334431
404.9595832818633
404.9736053967809
404.9864282687988
404.99489166548113
405.00097341448947
405.00540818458717
405.00903935752865
405.01126402112214
405.012929216709
405.01486276862073
405.02059016012413
405.02393787346546
405.0272470823379
405.03106518834545
405.0357596369778
405.04055123971136
405.04316529686866
405.04492635573456
405.05313098536334
405.0552492246355
405.05640775256273
405.0590753761816
405.06175061610566
405.0624046689501
405.0629564687129
405.0639536039771
405.0649010013461
405.06866197600004
405.0696806577277
405.07708686040263
405.0856515089654
405.09506761665534
405.1024391589267
405.1096476053614
405.1149203197683
405.1229100634568
405.12849214018684
405.1326657821725
405.1404401197623
405.14766353111764
405.1536634485472
405.1616161174299
405.16358603142584
405.16880707172277
405.17961284731234
405.1939649130848
405.2062320077685
405.21118179622806
405.21393184885835
405.2202828792693
405.2260536635635
405.23560942053064
405.24293790028634
405.25091451345816
405.25550685575604
405.25823065390114
405.2588743473979
405.26351003596966
405.2730499370588
405.2833666517908
405.29162421431823
405.3028825337045
405.31317792219943
405.32462292156237
405.3337524405029
405.33905775874064
405.3404919255821
405.3409473733823
405.3415743116376
405.34159787674275
405.34170121279334
405.3427963302515
405.34829008976413
405.3553619778273
405.3566968213697
405.36071800226006
405.36524299006237
405.367623433759
405.3685676654294
405.37054908370146
405.3753061046655
405.38060438713944
405.3842200716031
405.3865004412596
405.39184801569104
405.4006673619905
405.4024704675884
405.40638207214056
405.41546302213413
405.43278577158054
405.45140729969006
405.4696609944419
405.4845959967525
405.49835036968
405.5089141324099
405.51507699885434
405.516837143549
405.51826117975685
405.5212773582469
405.5247162650427
405.529375906469
405.5335266148535
405.53882369551144
405.5461024881746
405.5581702118087
405.5702103743655
405.58007319650886
405.58887441071374
405.5973447923651
405.60517605016645
405.6117438888484
405.6129059457011
405.61894952274116
405.6237070057583
405.6245904977011
405.6262628286133
405.6279037025347
405.632219175825
405.63711433282907
405.6426337179694
405.65025486482864
405.65662680682595
405.66500880697487
405.6750443296045
405.68486917550587
405.68958769838224
405.69647826864025
405.70007629341734
405.7074657664758
405.7091855125666
405.71546285078017
405.72695566082587
405.7391776824502
405.7510108968417
405.7601514859509
405.7713272550365
405.78340762446385
405.7948447275642
405.80694226512003
405.8174656090828
405.8243881273067
405.82771077031765
405.82903328389136
405.83155615946947
405.8345190386272
405.8381618341987
405.84272499782185
405.8469202893411
405.8502667183078
405.8536070869437
405.8573717010916
405.8583566938691
405.85972743839375
405.86386869522335
405.8668597807796
405.87187741907
405.8745340416743
405.8764692503732
405.8811974223187
405.88373944036994
405.88675144659436
405.89153964161784
405.89867924391535
405.90582615558344
405.9129996090945
405.9175016195318
405.9222448818184
405.9256970766615
405.9319444581315
405.93539900477333
405.93634818843645
405.9448974242979
405.9593003469216
405.97324545242066
405.9819865572838
405.9893320555834
405.9950966640556
405.9996609525886
406.0021728257294
406.0060562797827
406.01487747724326
406.0225967916395
406.0309625639463
406.0372624212787
406.0451790986814
406.0506915799279
406.0523336610669
406.0619347317356
406.0755114647844
406.08708587242495
406.0939453205014
406.0995187085437
406.10309281190194
406.10479797208274
406.10520146630637
406.1091063471151
406.1135190621747
406.11611884429294
406.1185121796543
406.11971819692843
406.12555592059056
406.13274754793844
406.13967634804203
406.1453879937441
406.1524391870944
406.1628173432131
406.1708342867091
406.1744701438028
406.1749917186584
406.1750494559375
406.1803182340739
406.1831536081497
406.1835889426896
406.1903250167341
406.20064231545336
406.21266951873685
406.2187713052169
406.2263942542558
406.2305547316309
406.2318162164273
406.23822750908096
406.2450173114963
406.2503485732949
406.25584067047583
406.26133179697376
406.26623004425704
406.2714033269306
406.2761056235035
406.27996417937186
406.28184397638677
406.2875134794537
406.2955443344187
406.3077529239012
406.3216932377186
406.3308381624259
406.3375286490167
406.3455733125148
406.3517421483378
406.35350993005005
406.3558060446948
406.3622666205255
406.3679502811649
406.37201091456495
406.37523984934364
406.38041748976974
406.38544338394826
406.3935358108853
406.4043198379778
406.4134548319629
406.4226393848809
406.4260600082404
406.42818539411013
406.43226818000824
406.4447549943983
406.45619226428227
406.46529231186315
406.46971981346474
406.472709778047
406.4733037785971
406.47591922840127
406.47733313182704
406.4796032584672
406.48485720689973
406.4864004435517
406.4883187620049
406.49205515240817
406.49690735020465
406.50169648670646
406.50352516825114
406.50650181761637
406.5086797203947
406.5101266217918
406.51351983829096
406.5166049085832
406.52449890775074
406.5344081049273
406.54151880874565
406.5466249493364
406.5505323300469
406.55085007588366
406.55087577739073
406.55368577052474
406.558803740565
406.56310344020244
406.56849726974247
406.5685399160801
406.5705859776314
406.57119098412414
406.57720808158376
406.58642805636134
406.5964798303155
406.6025880347455
406.6069106490468
406.6088326062387
406.6098377398401
406.6111358615232
406.6152158021068
406.6198446912977
406.62677472775295
406.63250854757393
406.6392703497356
406.64162517217375
406.6419599242133
406.6420568108898
406.6429866551702
406.64591878236746
406.6489824041496
406.6539016109068
406.65975575306237
406.6653845924342
406.66961205887577
406.67290196193005
406.6735393215671
406.68017699969016
406.6906565114049
406.707853078218
406.7260446502652
406.74078107227774
406.75071500750573
406.7554885571817
406.76106249370827
406.7665931436968
406.7670734540575
406.7721549545614
406.77785322897546
406.7845320088613
406.7917326913989
406.7960966986349
406.79943246616506
406.80594554353837
406.8137774480009
406.81954647499356
406.8242256035701
406.83005213212743
406.83657247371394
406.8377367646838
406.8436537234513
406.85151775912584
406.85539883337896
406.85709643535597
406.86239294890953
406.8680698346266
406.8705691267635
406.87389765650147
406.87561850809624
406.8778985034615
406.8803578424873
406.8862932038858
406.8996296724592
406.9121879992538
406.9241987093958
406.93167164590574
406.94212783760685
406.95197478794125
406.957388231315
406.96233819250773
406.9672615221876
406.9742852559735
406.976955417147
406.9789395709884
406.98342027397456
406.9930849486572
407.0072582277666
407.02651124658206
407.0484963379958
407.067334788011
407.0793904466012
407.09068048974376
407.0976050006135
407.1009286898983
407.10096642143947
407.1047447700127
407.11646470860296
407.130029492776
407.13957209362457
407.14574191860487
407.1506356582715
407.1513055301034
407.1532542365668
407.15840770499375
407.1707240374968
407.18806627308834
407.207175303613
407.2241979301297
407.2371645677504
407.24654425597225
407.2509593194342
407.2554713740345
407.2587629529473
407.2622670402461
407.2637816524268
407.2676317869923
407.2744027444387
407.2815279882138
407.2898845775233
407.2982812667961
407.30077691965874
407.30262708970145
407.3113406498533
407.3164651128121
407.31997706269965
407.3230640149494
407.32543098493363
407.3308907711819
407.33792193781653
407.3451650290548
407.35538916994415
407.36574008045466
407.3759415106191
407.3852214136191
407.39447343896154
407.39794276153606
407.40004696513466
407.40357649302666
407.4057385440586
407.4069961228619
407.40989752046335
407.4107917858749
407.41082194497676
407.4124856784897
407.4175792703542
407.42432557209304
407.43159379293655
407.43321540078415
407.4332634176514
407.4366376474602
407.44163370778364
407.4479101662457
407.4563636920772
407.46399300267666
407.4674722379194
407.47194653308577
407.47266950849144
407.47512485227026
407.47518231911357
407.4792179992221
407.47975844246866
407.4833012557164
407.48564518517054
407.4895258944948
407.4945890794786
407.49694528242554
407.4998530513493
407.5000923470166
407.5038171621957
407.5081119978679
407.51569368571336
407.5239082576077
407.53037224964737
407.5342843889597
407.53735739316056
407.5430193510217
407.5502459154586
407.55747530177985
407.5667268931852
407.5691812663499
407.5728801261345
407.58187226523796
407.5991877017822
407.61852010843484
407.63443435969094
407.65076095505174
407.66480549885205
407.67589798864026
407.6793955882465
407.6806397521387
407.6814867100813
407.68309657930666
407.6872858027227
407.693645041271
407.69979263717136
407.7081411640495
407.7157162355916
407.7242389027356
407.7295697477647
407.73362728539286
407.73436423151446
407.73917290189064
407.7450472190345
407.75214936694937
407.75525665301683
407.759199086913
407.7623814022837
407.76655363280054
407.77289658164847
407.77725419188965
407.7814905123922
407.78748172744565
407.79483651668517
407.801762890428
407.8082017802047
407.81539854163276
407.8223188102822
407.8248388046962
407.82696953685246
407.8316040523248
407.84118641211626
407.8460156981075
407.85236119638944
407.8599265215009
407.86592286631975
407.86712292345925
407.86885432506006
407.8730889982667
407.87906270733004
407.8840700933683
407.8900203489229
407.89290120908646
407.8973929234785
407.90569272936006
407.9088243210116
407.90992651190965
407.9139755248108
407.92321903370663
407.93327173062414
407.93772875500485
407.9405970946411
407.94329009706905
407.95186535823893
407.9581008010038
407.96542512709334
407.97634172717494
407.98064836222613
407.9837472815509
407.98567166625503
407.9887373098011
407.99218658975747
407.9973670850354
408.00090401991986
408.0033390225736
408.0065566278797
408.00906872835856
408.0101576568841
408.0156228575868
408.02690609446387
408.03829438538884
408.04693077441596
408.05342674767746
408.0593054190442
408.0632044539957
408.06349802761997
408.06870730198796
408.0744201046933
408.0809411056789
408.08628435257543
408.09184587590414
408.0978725714891
408.0999130170464
408.10378389671956
408.10783003905203
408.11209696527874
408.11486212333307
408.1204535981254
408.12547581451906
408.1322630349771
408.13905883000086
408.1446445662039
408.14941501002664
408.1533705181038
408.15363649182495
408.1579670474653
408.16071793084916
408.1667038320825
408.17232979679886
408.180827523095
408.1865559977702
408.1871335654402
408.1878150192144
408.19045309824133
408.1950674401113
408.20069761424315
408.2030176909571
408.20393805314694
408.20580590325307
408.20597567537317
408.2074189348607
408.20928995459246
408.21273272341875
408.2154845629283
408.2192996780816
408.21931651723867
408.2203678457523
408.22247217160555
408.2316116757719
408.2407315713183
408.2497912639375
408.2565150722381
408.26475646559265
408.2690097000954
408.26908426663306
408.2720534505403
408.27301744007633
408.2733872480643
408.2749364880404
408.2805886134476
408.2893271601738
408.2972016810081
408.30457987534373
408.3092399219526
408.3105947102543
408.31149004852523
408.3122295523348
408.31320047231367
408.3202342285367
408.3282486005679
408.3322590377729
408.3378878116824
408.3451492683238
408.35041275292673
408.3546198204363
408.35830589634645
408.35920422830753
408.3598912834434
408.3634002440403
408.36414384235457
408.3658027238188
408.3664143423486
408.36764490851897
408.3691882314363
408.369247873117
408.37498017426446
408.3832168816117
408.3914549467795
408.39735546486423
408.39887413156856
408.4001315025115
408.40055374881496
408.40132964004766
408.40250633292857
408.4050086577146
408.41059446129964
408.4141604467385
408.41806744310503
408.4181460826494
408.4182215603259
408.41946003315314
408.4234799656137
408.426273275009
408.42678898311885
408.4317017045787
408.438741464953
408.44653910949495
408.45279600456774
408.4599329332857
408.46180709357327
408.4632485657014
408.46380349147597
408.4644258675998
408.46901049471336
408.47243930820446
408.47583921626205
408.48364265385374
408.4898469045717
408.4946954770747
408.5009745154426
408.507508995096
408.51125372937486
408.5137754631633
408.51992159889056
408.5258739341568
408.52848749986634
408.52887218990304
408.53041322304887
408.53912087090424
408.5488833609109
408.5581353665205
408.56221617020344
408.5643398199955
408.56647795604573
408.5716072354893
408.58295116785257
408.59534672093594
408.61086847306103
408.6287862033981
408.64251203683204
408.654060853391
408.6628429573522
408.6684992037406
408.6714356338772
408.6731721424709
408.6766141478825
408.67887175528887
408.68212238984415
408.68613661264794
408.68910128606393
408.6941456632145
408.6995818352175
408.7046144285878
408.71333968741254
408.71838142057646
408.7191188696908
408.72278265473926
408.72937547269555
408.7368353083884
408.7403067294364
408.7408950814294
408.74346602935805
408.7474666904649
408.749747289373
408.7541189364654
408.7587310026129
408.7639453329193
408.7728028054738
408.77969432977324
408.78298384662025
408.7886542164481
408.79391860008786
408.7988880731747
408.8003180555197
408.801729892252
408.80196819557597
408.80237660703983
408.80248673690994
408.80382938462134
408.8052216866425
408.8084343957382
408.8136287813408
408.822816302602
408.83121711142695
408.8337848320169
408.8339110172608
408.834020091188
408.837124887648
408.8400721094173
408.84023240532025
408.84505208079565
408.8532612547725
408.8578685067003
408.86207087712637
408.8627306360716
408.86327767974404
408.8647228536427
408.86527436124464
408.8671575834522
408.8707835129437
408.8718664481635
408.87361776239777
408.8749737099491
408.87982893837517
408.8872227127347
408.89321660385247
408.90223327816506
408.90925195461534
408.9156562157361
408.9174956638585
408.92157495217054
408.9255603760705
408.92980563446366
408.93501160074277
408.94021567857124
408.94283132780555
408.9436062769087
408.948244937448
408.9549522387228
408.9601613721069
408.9653095461653
408.96886385361296
408.97603333280307
408.9819137851286
408.9874934439956
408.9947357112066
408.9983134823602
408.9983341054097
409.00210459834057
409.00231082970515
409.00377450941846
409.01120811640817
409.0207206661821
409.0321126129808
409.04109366505884
409.04757319401585
409.04962445612847
409.05066799791143
409.0510200137551
409.0541610635918
409.05934419990524
409.06738494175744
409.0750227921843
409.080450953913
409.08147889064463
409.0824873921894
409.0856582395547
409.0862196993968
409.08863377959216
409.09819185502585
409.1101360598007
409.12482102871974
409.13524523601876
409.14541845482637
409.15198940683564
409.15601856774424
409.15849738161495
409.161619435221
409.1669889313552
409.1700971468885
409.17226403058373
409.17510806856643
409.1788299203931
409.1839279417918
409.1905547756531
409.19888815113956
409.2071046908382
409.21648843839944
409.2232883219181
409.22379136074017
409.2304440000481
409.24180393614637
409.2542861568538
409.2695017396572
409.28711556550866
409.3031270799789
409.31189638507186
409.3151881780399
409.31586728109716
409.3203090665947
409.32644905330307
409.33573197675815
409.3454209277412
409.351738570145
409.3572739265069
409.3625342202574
409.36561024068897
409.3690821630777
409.3718891786831
409.3726970828542
409.373518296565
409.374415939306
409.37514243376006
409.37733983632205
409.380414639082
409.3840992481813
409.3866829863855
409.392269454068
409.3990604008594
409.4022745055886
409.4038854900814
409.404917000027
409.4064436924065
409.40922908476665
409.4132547176638
409.41755731480674
409.4243357541135
409.43158025543715
409.4385736257729
409.4469234675323
409.45235921514103
409.4581104300623
409.46586219211997
409.4720027924764
409.47690930056075
409.4813904030399
409.4862885058562
409.48647119077634
409.4881975897473
409.4887575514393
409.48903604539015
409.49216770196773
409.4941244657206
409.49414884313705
409.49769228660466
409.49921918929385
409.50279912518835
409.5082592534901
409.5180559093356
409.5344202585105
409.5499993769844
409.5621082330377
409.5723333630359
409.57849842263687
409.58042571767567
409.5804988338391
409.58225580473896
409.5849945500748
409.5887210592526
409.5947866440274
409.602533908533
409.6079442197701
409.61541003026264
409.6212614829636
409.62758248119167
409.63204739138473
409.63323109510907
409.63912658996964
409.6511190181097
409.6658609692865
409.68247616594095
409.6958702130145
409.7055677793304
409.712491588072
409.71680168355516
409.72105901061957
409.7227671457436
409.722958216472
409.7250380235052
409.73104847682544
409.73615633846015
409.7424765842459
