-7.954914313724068,-9.156362564990687
-7.941938658416555,-9.154055016030416
-7.931603278786362,-9.151974151493867
-7.9294455691375845,-9.15149322723765
4.392275114285933e-06,4.584892643394845e-07
5.678428928362465e-05,2.3014129756217507e-07
0.00011127571707995442,2.679452166504675e-07
0.00012528008087936727,2.244572764856006e-07
0.00010445669570690367,1.6700300941461327e-07
5.7599957893244286e-05,8.02528544901632e-08
3.8128228630921085e-05,1.3898625220372502e-09
7.14441050278663e-05,3.874217603892891e-07
8.01804622832736e-05,8.038904544626193e-07
5.79533137442625e-05,5.047437241206588e-07
5.732235231621643e-05,-2.333659942015043e-08
6.667796475618053e-05,4.572686185957121e-07
6.123149760090626e-05,5.28503325782959e-08
6.034447395739962e-05,5.163628495967474e-07
6.323376288538817e-05,3.3712120592759476e-08
6.19818976643232e-05,2.3350452932391584e-07
6.133933054474269e-05,3.5934839680590167e-07
6.193932486734627e-05,1.5548395566861614e-07
6.216159401681399e-05,3.274946918674413e-07
6.169602013446868e-05,2.9613049825763576e-07
6.190212892367979e-05,1.688488497897486e-07
6.194390757881028e-05,3.836416021447138e-07
6.190026471968508e-05,2.4618831870267905e-07
6.18572618106293e-05,2.1910017473459255e-07
0.006202725033588739,3.9058064440419e-06
0.021462384069436305,1.3234240421017065e-05
0.041949391190580526,-0.00044290927186983254
0.0687480232829794,-0.0024060123603323945
0.09817077406097943,-0.0067460215875054744
0.1202927466478268,-0.011685223858429662
0.14569368799730437,-0.019688018836880258
0.16562301324074133,-0.027365645168700256
0.1861127922233204,-0.03605604601680142
0.20658074371910262,-0.04460223624967012
0.2289196706811884,-0.05353972429719131
0.25068781330299833,-0.062142149759429326
0.272392663419324,-0.07091092121007628
0.3039336776650746,-0.08400024061991627
0.33119252497359997,-0.09650976572252128
0.3503887051354161,-0.1061022438683547
0.37974179191277535,-0.12073132430008306
0.40387685392792877,-0.13199967325778658
0.4330265226165137,-0.14560954444780047
0.45903505238806597,-0.15823207519934
0.48526604664937695,-0.1723783910429292
0.5069402405559336,-0.1859508197792113
0.5295914279426127,-0.20263429118607265
0.5461335854261242,-0.21595059965675104
0.560772636516032,-0.22798332448001757
0.5777955061443064,-0.2410095841017204
0.5964540076811219,-0.2539043875216921
0.6201372204143372,-0.2696634099792521
0.6417201947760423,-0.2846154201772058
0.6645797464611248,-0.302048600076463
0.6878056684118873,-0.32034083443275596
0.7114226590340132,-0.33880325604170836
0.7351452781915655,-0.3571502097448355
0.7638541150835567,-0.37883473753029184
0.7876838747846949,-0.3971872910951434
0.8104000651909401,-0.4169308912302203
0.832557904938739,-0.437166047659401
0.854505461077376,-0.4576431963662023
0.8766789023770565,-0.4777610865569361
0.8995357106405499,-0.49710538992781705
0.9227905140179686,-0.5160222469457162
0.9453127822379804,-0.5343484353067505
0.963962620136308,-0.5499912538438455
0.9806716774939541,-0.56387463352082
0.9977308607275018,-0.5775737667624298
1.0182787566437275,-0.5936165309459944
1.0462924178715753,-0.6140134021906537
1.0708172286209963,-0.631365487834814
1.0946047686392106,-0.6497718784117289
1.1201468857326486,-0.670512745017617
1.1434061451453783,-0.6884323633320119
1.1663692133063506,-0.7056506280599792
1.1853870240364848,-0.7201447381383472
1.2031399632296063,-0.7333565280675733
1.2249597304396331,-0.7494231966063839
1.2479207913673285,-0.7671241649443189
1.270317144581953,-0.7862560241790217
1.2911744360364912,-0.8081221414898921
1.3090039673463438,-0.8325037366423418
1.3273552882074398,-0.8636223021677886
1.3413678161691474,-0.8902184501602693
1.355069026112412,-0.9168637359360381
1.3731416987270402,-0.9477904013440335
1.3902494930777116,-0.972191653437529
1.4045222136564295,-0.9914876902822178
1.4219362775371174,-1.0159792613083545
1.4351259761715327,-1.0353248080489312
1.4481119909678344,-1.0554167883509253
1.4600551792379108,-1.074082030524666
1.4730598616974389,-1.0947125674948928
1.4847496198316927,-1.1132941903085116
1.4951911422483575,-1.1299967346596167
1.5079937454211418,-1.15126523060414
1.5224406135027742,-1.177393278704806
1.5359965707550869,-1.2036195250453299
1.548562975017141,-1.2285914271620801
1.5595973371771137,-1.2517819734309639
1.5689912691063983,-1.2747939799159649
1.577047429692178,-1.3027519265981082
1.58159179810644,-1.3297141297601185
1.5829642429174504,-1.3597146980331742
1.5811978226242875,-1.3892272098657075
1.5768679697578258,-1.4181863889208917
1.5705489494202547,-1.447917905138058
1.5658845094189053,-1.466147617368208
1.5618443400470332,-1.4811702537777371
1.5545750030478112,-1.5075168303068154
1.5449795003244546,-1.5408508861002759
1.5373695914664534,-1.5698270752332393
1.5306380455678603,-1.5951741619262292
1.5232468063616704,-1.6200346713188198
1.5138471325993592,-1.6469928570801573
1.5030806638014127,-1.674076354376334
1.4903799854890953,-1.7053112441809712
1.4818197252941374,-1.7296223975628289
1.4735948404962005,-1.75394955506426
1.465694199017365,-1.7787747960288518
1.4576407979104806,-1.8068085488272894
1.449567913868493,-1.8356262124419742
1.4413022051969313,-1.8644520777719973
1.434754734729971,-1.8886897931022593
1.4298876061236945,-1.9091104450990082
1.4235206727588108,-1.9383861564565579
1.4194145151421342,-1.961439626782961
1.4171302610918388,-1.9788959277149536
1.4156408644588259,-2.005867812202839
1.4160627196777171,-2.0327211446553473
1.4184748473471103,-2.0568486816349787
1.4221598989670539,-2.0760078839280167
1.4264293940345212,-2.091413217027522
1.430882814312145,-2.104990368760413
1.4362959012008127,-2.12140567097091
1.444364717954212,-2.1466990472186414
1.4527838814677283,-2.1741637542016043
1.4607088967576702,-2.201371243897526
1.4661413845705649,-2.221837765593925
1.471289383060792,-2.243691613103409
1.475548976986835,-2.2613515414114707
1.4792683097847275,-2.274460180129158
1.4827986795935584,-2.2864396677211185
1.486227574570477,-2.300894233657738
1.4881848488833451,-2.3156879041757996
1.4876783648743843,-2.3316811487836784
1.4851785912090834,-2.3467591761783893
1.480456758237032,-2.36515785144335
1.475191772901431,-2.3832734300717817
1.470322550244892,-2.402760882924105
1.4671611278621661,-2.4208078603072187
1.465407348413324,-2.4469540050339225
1.466276414897812,-2.4821532414763863
1.467671139912529,-2.510571433910933
1.4686114507166492,-2.5441607109762425
1.4695484633686173,-2.567997793867953
1.4722324965881946,-2.5939565067158785
1.4763677743940586,-2.618239162815087
1.4806967381397673,-2.641201968416784
1.4839341259283736,-2.6642620601949307
1.484508046126182,-2.6885669571490616
1.4816145711458346,-2.7153891867193933
1.4748089168380487,-2.741284106727254
1.46405706061414,-2.764228052325543
1.4450493313033093,-2.7894770377674685
1.430267621646464,-2.802500887964781
1.4147227602558092,-2.8123371846606635
1.3984998399771544,-2.820749293591745
1.3784798456819753,-2.8308010989136703
1.3594629559127405,-2.8415736921930455
1.3389564551359359,-2.855110151434362
1.3176369652034994,-2.8701727439323705
1.2964429820965007,-2.8855344051838023
1.2764153434080516,-2.9003067836028054
1.2526294987018225,-2.9183546225393844
1.2287846919789915,-2.936516667521893
1.2055782000741975,-2.955247001258553
1.1849430359247486,-2.973334602498351
1.1601300767036657,-2.996354892931899
1.14449802014312,-3.0110294277486345
1.1258623258136558,-3.028532353292029
1.1046530414155884,-3.0484361945449248
1.0828114869702927,-3.0689790307511964
1.0616094077113591,-3.0900793687892465
1.0411815105963582,-3.1119871967102486
1.0171893242546757,-3.1387719014399975
0.9973859502133642,-3.1613023687559845
0.9817989295562115,-3.1795022764717045
0.9629892342847846,-3.202786382396252
0.9452181721374129,-3.226086019998377
0.9275792430380514,-3.250295114722237
0.9102012960618873,-3.27460540897648
0.8927554735063911,-3.2989487427659445
0.874601984222293,-3.322919836553417
0.854512746731379,-3.3477714016721345
0.840822468791446,-3.3646440181349466
0.8271307773908873,-3.3828770198030496
0.8131404641028198,-3.4035980659393186
0.7984423597075271,-3.4265938366115334
0.77841415980044,-3.4554101722404296
0.7609417783959816,-3.4795156111821144
0.7444555062464453,-3.5043990473052826
0.7292812099444823,-3.5301154794611915
0.714068723236149,-3.555936232311752
0.7015706556472467,-3.5764688500256803
0.6851676906223186,-3.601654560321241
0.6651940526645298,-3.6315811623302747
0.6493850745036946,-3.65675092068259
0.6344498727117217,-3.6824024317026045
0.6167785592499976,-3.713717666645512
0.6027195306666688,-3.740161738138197
0.5903340969799392,-3.766502885834935
0.5815440534423374,-3.791852045877137
0.5768408034599022,-3.817653634750435
0.5767490862999821,-3.8434343372607733
0.5806003353784579,-3.8695919173070266
0.586542326168548,-3.8950879751764473
0.5930305122161045,-3.919302190098933
0.5978004620764649,-3.9386928149481752
0.6007793391877975,-3.9583188040953274
0.6014372232099762,-3.977734186213794
0.6001916416850603,-3.9984391364215006
0.5971795595513518,-4.0181716072725
0.5925668768634479,-4.041013825909521
0.585584750714666,-4.0711698200895166
0.5803859119034519,-4.0963884380139755
0.577682782768443,-4.113442991346472
0.5747713073976901,-4.133494956494396
0.5721694664967799,-4.149333389664826
0.5697856939968803,-4.163114456850587
0.5669369580757888,-4.183418018330012
0.5653275259073806,-4.201208271996963
0.5642033218889676,-4.21563590559825
0.5627332975927164,-4.228654055707681
0.5615483044774457,-4.235983903619312
0.5599135658106468,-4.242741606122558
0.5582330626377849,-4.248488064549977
0.555185401098156,-4.259486295501028
0.5516981732928269,-4.274254627745817
0.5496849906480022,-4.288508791914966
0.5486668095509825,-4.303754293231077
0.54793991230409,-4.318539355635903
0.5463377032296983,-4.334576323180689
0.5430151593728881,-4.352761319023944
0.5398768468104858,-4.366591809978432
0.5362973065304538,-4.380404662329485
0.5331579293012767,-4.392703037050567
0.5300985140104243,-4.406627028494569
0.5273046536443968,-4.42177256963338
0.5243879700220898,-4.437883460656952
0.5202681283125138,-4.459075408775016
0.5156990591765791,-4.480299945268157
0.5110380844425028,-4.503076936345504
0.5079344157624114,-4.522276784227386
0.5049315267069755,-4.548350003637647
0.5026910362356999,-4.577903020321335
0.5011709906424564,-4.607810772745796
0.5009436384043265,-4.637679826303085
0.5027108296065511,-4.661425340309293
0.5080898763338907,-4.690672014529927
0.5180392926275674,-4.718557727772607
0.5330474498522032,-4.744076942294584
0.5515383256517143,-4.766111011433521
0.5680372542919635,-4.7823066563131835
0.5895134077283538,-4.801826383053279
0.6106415669413114,-4.821907949333509
0.6263558637465061,-4.839364977853582
0.6414361126471115,-4.861112343111681
0.6529533872986658,-4.885742130419101
0.6615590262290179,-4.912437989566795
0.6685530902385622,-4.939476515438867
0.6742390741336344,-4.9609842989256165
0.6810275179422622,-4.9820771353902895
0.6916632475915051,-5.007357210959565
0.7036734209743072,-5.03221559918047
0.713626201445951,-5.053086108531138
0.7256644402987158,-5.080630989544531
0.7346375585165573,-5.102956919362632
0.7447970472743406,-5.131252926439892
0.753889098708288,-5.159867603162944
0.7621362919022063,-5.1887833311218134
0.7683663358580194,-5.216526510981577
0.7714343289872209,-5.2416561048659265
0.7708939998940352,-5.263166974366346
0.7683079206884486,-5.277227549801915
0.7621163282272281,-5.295291703844874
0.7509958396315747,-5.315873755502514
0.7360778509054007,-5.336663127465029
0.7198601517521944,-5.354974265976814
0.7004962655151572,-5.373096081834671
0.6862559239847955,-5.385254836496809
0.6690588191720019,-5.399918518952763
0.6525867526822877,-5.414989174017287
0.6398736748851244,-5.427617145828973
0.628561745802965,-5.440440460170123
0.6208793517086573,-5.451184433540355
0.6121892490529004,-5.466653187239782
0.6033552907849468,-5.485444837129754
0.5980345152976658,-5.497496996935129
0.5906663366626128,-5.515547346286713
0.5853934762387877,-5.529824509861799
0.5798487852328874,-5.549698451571658
0.5758095990566457,-5.573923443796118
0.5730186790090063,-5.598463474279474
0.5697861880255322,-5.623078068743496
0.5644055051064463,-5.647434838121122
0.5549120713532143,-5.671884484611621
0.5444867985485352,-5.6900712648308485
0.5300242280084803,-5.709944415251723
0.5151137215516026,-5.7270983846494365
0.4952844547873149,-5.74609649880275
0.4856896605722082,-5.753894758041903
0.4729907144002655,-5.762999385448001
0.45561181207616747,-5.773789671288712
0.4310035215317316,-5.7867241340222515
0.403758133999713,-5.798816547974482
0.3835484358217185,-5.8066439214214665
0.3599979952395177,-5.814686891414755
0.3356767266533404,-5.822359168335761
0.31372562931613274,-5.828989782865097
0.29639970469523164,-5.8344378165633275
0.28240701346985164,-5.838967799199593
0.26280721019738745,-5.845126752480858
0.2469037077261815,-5.849506241669253
0.23254441970171033,-5.8528941603408695
0.22491693795890028,-5.85467650812817
0.21229523258002783,-5.8579642834489425
0.1981530507220991,-5.861630612282887
0.1886064006464931,-5.863601376263929
0.1796250941663319,-5.8649472565300265
0.1728410733128637,-5.865797246076785
0.15957365795473352,-5.8675907720286915
0.1460533443529537,-5.869375479890002
0.12650682931271823,-5.871180639377961
0.1027544416330304,-5.872202777238447
0.0778769633434357,-5.8728030550061785
0.054042576214755896,-5.873042990508821
0.027614396559266705,-5.871977751843235
0.008456309280890181,-5.870341945017449
-0.010890944268349486,-5.868639740271298
-0.030910552334846783,-5.867194883636078
-0.04752531286133232,-5.866758757808137
-0.06728685309371596,-5.867267781856549
-0.08366576164586605,-5.868184378771225
-0.10189949702570372,-5.869075773872583
-0.12758419218569778,-5.869188394536567
-0.14983873826049873,-5.867989130964826
-0.17132737894811428,-5.86587847642643
-0.1996381231904832,-5.861406095270194
-0.226077050737391,-5.855416374991447
-0.254902860514647,-5.847387587394808
-0.2778862008553097,-5.840378892745064
-0.3064513659996231,-5.8311800144106325
-0.33508140966656086,-5.822234774757541
-0.36355817360872256,-5.812461184806563
-0.3914181606127578,-5.801178374917128
-0.41818506964901564,-5.7902591095306635
-0.4399261560930393,-5.782419714661355
-0.46378225251698607,-5.775666947752117
-0.4900388542991684,-5.7703910744860805
-0.5252880778053924,-5.7659422041768655
-0.554605781435706,-5.765461026737973
-0.5841346816727515,-5.766398561506563
-0.611192800331777,-5.76681271886701
-0.63399854538878,-5.765905159335402
-0.6499618175873552,-5.763832469047634
-0.6600697369642607,-5.761347996732096
-0.6688483788231214,-5.7581093210684875
-0.678623821898631,-5.75396783588037
-0.6880256637773046,-5.749994124532009
-0.7049611718871316,-5.743645178964692
-0.7267873922307194,-5.736190838207619
-0.7437645850112756,-5.730451334915949
-0.7666361532811603,-5.723219871581547
-0.7883412410546844,-5.71693777606329
-0.8068456749977938,-5.711599613243947
-0.8243385476903863,-5.706465666882111
-0.8436324121984218,-5.701572918689662
-0.8563617409693458,-5.699083605448195
-0.8667467806654001,-5.697476503815365
-0.8767387313970613,-5.695933795598938
-0.8895446309497805,-5.693407252894251
-0.9034783105022576,-5.690037027432412
-0.9181529718629766,-5.685270120508988
-0.9321301771941435,-5.679396088693268
-0.951214074367574,-5.670444025204578
-0.9728270038038256,-5.660290406583521
-0.9957812555247701,-5.650737815164937
-1.0205885313925553,-5.641736708348787
-1.0373687597568457,-5.635863069559299
-1.053221988319274,-5.629908348845299
-1.0662835698380404,-5.6243684608715965
-1.0771929847601815,-5.6194891160793246
-1.085955704191178,-5.615838985428981
-1.0910419505000957,-5.613876834252251
-1.0926013093399385,-5.613283068668571
-1.097551493774424,-5.611326615254118
-1.1010119864784587,-5.60990189179823
-1.1053227915807342,-5.608105006076334
-1.110676053997954,-5.605727100998093
-1.1174730307504244,-5.60239323606312
-1.1233522620909093,-5.599232348681739
-1.1299789195451895,-5.595493994751911
-1.1371324625617525,-5.59117974068231
-1.1433683004665267,-5.587306221430993
-1.1484662548126168,-5.5839686174867005
-1.1541673817449232,-5.579944644082365
-1.1596442368812347,-5.576045730829448
-1.165471607793454,-5.572138610789533
-1.1757671936621217,-5.565837477651479
-1.184655212594303,-5.561135543941356
-1.1899580730733512,-5.558834258524232
-1.1881346588151838,-5.559314535253324
-1.1890270948415764,-5.559141398457938
-1.1911149013619369,-5.558893741390601
-1.1965903986687898,-5.558454610044586
-1.2051049552532103,-5.557839709096074
-1.2159977726919802,-5.5568715567234985
-1.2305934871685353,-5.5552771129827265
-1.237232872863237,-5.554343687498601
-1.2470917074177048,-5.552626707084227
-1.26313358725691,-5.549644532590963
-1.2794413623948593,-5.54626612229924
-1.3034254863814476,-5.539915093721612
-1.3226821156603135,-5.53333996741201
-1.3509997447301874,-5.522536814561913
-1.3663348207780703,-5.516540265143619
-1.3818825494256468,-5.510489056862919
-1.3960979917867549,-5.504968741901996
-1.4128306188160138,-5.497717275920239
-1.4340808816630264,-5.48695828417299
-1.4517550607990428,-5.477326967124866
-1.4659736574628088,-5.469581076029678
-1.4789818409822308,-5.463338632182469
-1.487051263076508,-5.460300631091637
-1.4959130607597888,-5.4574959005500645
-1.5036030991118758,-5.455231140846361
-1.5148689161171602,-5.451928823496347
-1.529136754217848,-5.448175632945429
-1.5435542740911112,-5.445241736228203
-1.5622921424673422,-5.441856358461199
-1.5864265028017317,-5.436871815181763
-1.6125315404584233,-5.430418936174565
-1.639187497571089,-5.421763455572559
-1.6593834869116701,-5.41370301107833
-1.6831525346388814,-5.403284452619012
-1.7019488288194693,-5.395493474807778
-1.7206873017099327,-5.388995447241111
-1.738850406132315,-5.384724038488596
-1.7688467228199656,-5.382557820340798
-1.7980628799805123,-5.385932770710204
-1.8266893574078864,-5.393927910634289
-1.8531823521948334,-5.404699530110407
-1.8743016103910162,-5.415785082717988
-1.8898013471064856,-5.425021856489523
-1.9003432840755996,-5.432069068636923
-1.9113575427808027,-5.441049607573643
-1.925878569920353,-5.45598385604967
