2024.5410716605666
2024.541086295737
2024.5411181271566
2024.541118421493
2024.5411186022684
2024.5411186985452
2028.1654087897718
2028.1654648598635
2028.1655016701511
2028.165510593315
2028.1655250960719
2028.165568059296
2028.165599063807
2028.1656089458631
2028.1656377320962
2028.1656407874343
2028.165657131545
2028.1656660144315
2028.1656772042577
2028.1656779970347
2028.165682836064
2028.1656834647106
2028.1656865784337
2028.1656867550091
2028.1656880897553
2028.1656883176975
2028.1656890655752
2028.1656895259628
2028.1676195386558
2028.1679738902715
2028.1741845461784
2028.1872090822942
2028.206569632283
2028.2294170251066
2028.2538358817196
2028.2779852230258
2028.302823095332
2028.3236920209574
2028.3481332583879
2028.3727253201725
2028.40163555302
2028.4314487738989
2028.4612664962488
2028.4911778820365
2028.5210958049631
2028.551034655846
2028.580933326542
2028.6107952057323
2028.6405470153088
2028.6699173939269
2028.6994073714563
2028.7276985295869
2028.7479380747402
2028.7734908200216
2028.8024246633827
2028.8322794292446
2028.8621313118422
2028.8920064097197
2028.9218906455035
2028.95179345519
2028.9817338884511
2029.0116848903774
2029.0416420708946
2029.0715950748256
2029.1015493525229
2029.131504367888
2029.1614590197785
2029.1914252074318
2029.215398255637
2029.2453617875285
2029.2753205878391
2029.3052761838298
2029.3352250656526
2029.3651651923208
2029.3951052710413
2029.4250422524462
2029.4549933942183
2029.4849460105072
2029.5149095534896
2029.5448732286638
2029.5688456488024
2029.5988145518265
2029.6287894376708
2029.6587615048627
2029.6887358077474
2029.7187120211297
2029.748691181437
2029.7786723855124
2029.808656534165
2029.8386409605641
2029.8686243601492
2029.8986074931654
2029.9285915872786
2029.9585782917084
2029.9825678733764
2030.0125598607585
2030.0485578879295
2030.0785571398117
2030.1085569443703
2030.132558442835
2030.1625638408057
2030.1925714004121
2030.2225813479633
2030.2525952672038
2030.2826118329326
2030.3126288759804
2030.3426436363338
2030.3726562749303
2030.4026679114093
2030.4326817706858
2030.462699231158
2030.4927226098544
2030.5227470354332
2030.5527696886331
2030.5827913947853
2030.6128111560317
2030.6428301972373
2030.672836597442
2030.7028359706248
2030.7268347862382
2030.756833488717
2030.7867446881162
2030.816498125364
2030.8465063927292
2030.8765257630853
2030.9065459759304
2030.936578992798
2030.966620261
2030.996664518771
2031.0267117776611
2031.0567667759578
2031.086823508279
2031.1168818471087
2031.1469302766714
2031.1769692142684
2031.207005116468
2031.2310302180967
2031.261051825295
2031.2910622555976
2031.3210722497997
2031.351088394889
2031.3811163147204
2031.4111641947904
2031.4412364899554
2031.4712995205969
2031.501354622395
2031.5314168260961
2031.5614851232085
2031.591575221476
2031.6216569807927
2031.6517466472694
2031.6818364752146
2031.711909835197
2031.735963100516
2031.7660143236626
2031.7960527133644
2031.8260757872904
2031.8560900839902
2031.8860954322122
2031.9160944739822
2031.9460913403736
2031.9760835591924
2032.006070456595
2032.0360539503301
2032.0660226811701
2032.095991131197
2032.1259578871432
2032.1559415355446
2032.1859362623243
2032.2159417741661
2032.2459567460762
2032.269972720653
2032.2999794340492
2032.3300004781966
2032.3599994318395
2032.3900079197206
2032.4200556588764
2032.4501195771425
2032.4801348950955
2032.5101458497259
2032.540166300168
2032.5701786647214
2032.5941840794585
2032.6242002903598
2032.6542288252479
2032.6842654036502
2032.714306155612
2032.744349806918
2032.7743935765438
2032.804410047147
2032.8344198929794
2032.8644233936661
2032.8944187101204
2032.9244169804206
2032.9544180041305
2032.984417267736
2033.0083976964752
2033.0383699575225
2033.0683370997222
2033.098304791307
2033.1282838570369
2033.158272937367
2033.1882689420001
2033.218270771718
2033.248263462275
2033.2782520333046
2033.3082370296243
2033.3382195168192
2033.36820191426
2033.3981818644506
2033.4281644619286
2033.452154140154
2033.482138940374
2033.5121299517875
2033.5421229147455
2033.5721201296349
2033.6021269285436
2033.6321413008968
2033.6621634445748
2033.6921986132904
2033.7222296091006
2033.752249120725
2033.7822614239544
2033.8122783699948
2033.8423023057055
2033.8723383163428
2033.902401470727
2033.9324648369097
2033.9625543581933
2033.986654338057
2034.016739421438
2034.0468465337697
2034.07689330665
2034.1068856590005
2034.1368768759319
2034.1668609742583
2034.196849185643
2034.2268419984234
2034.2568358088708
2034.2868244493236
2034.3168180843186
2034.3468113514114
2034.3768049402129
2034.4067974050834
2034.4367838185028
2034.466769583523
2034.4967553245215
2034.5207433919577
2034.550729236563
2034.5807123592983
2034.6106920007269
2034.6406712763546
2034.6706490471222
2034.7006237572639
2034.730595534136
2034.7605612642521
2034.790525596953
2034.8204858837837
2034.8504449335546
2034.8804043278003
2034.9103651714543
2034.9403270251319
2034.9702864082865
2035.0002346884605
2035.030168980237
2035.0600989536226
2035.0900663505902
2035.1140361621924
2035.1440259037845
2035.1740062998574
2035.203998247109
2035.2339804178278
2035.2639604589551
2035.2939406917658
2035.3239191988018
2035.353942714009
2035.3839791413784
2035.4139988653112
2035.4440098944692
2035.4740272971974
2035.504044623126
2035.5340513575256
2035.5640507655705
2035.5880574662606
2035.6180766383438
2035.6481194365927
2035.6782043550497
2035.7083066241585
2035.7384412027338
2035.7685175745914
2035.7985001968834
2035.8284349284802
2035.8583670672824
2035.8823230587514
2035.912260850995
2035.942193827721
2035.9721375299173
2036.002091497094
2036.0320416572772
2036.0619914654294
2036.0919448023844
2036.1219077896023
2036.151874278567
2036.1818337484422
2036.2117838817842
2036.2417374153476
2036.2716968328014
2036.3016572490415
2036.3316166023337
2036.3615790283598
2036.385560217353
2036.4155409307389
2036.4455251794714
2036.4755071556326
2036.5054782119043
2036.5354452349611
2036.5654085100255
2036.595366008057
2036.6253275925785
2036.655296676458
2036.6792760589992
2036.7092496792604
2036.7392250473788
2036.7692023660002
2036.7991809767375
2036.8291574775863
2036.8591280857797
2036.8890938821264
2036.9190597983672
2036.9490260993678
2036.9789893856998
2037.0089479191556
2037.0388914988903
2037.0688386722818
2037.0927938492382
2037.122738352468
2037.152676508629
2037.1826137141143
2037.212550128652
2037.2424978253543
2037.2724466957086
2037.3024004342553
2037.3323565721853
2037.3623205909116
2037.386304669801
2037.4162994512517
2037.4463042716402
2037.4763042308887
2037.5063010297906
2037.5362969992364
2037.5662858011926
2037.5962740284135
2037.6262624141211
2037.650260568496
2037.6802696133811
2037.7102789015842
2037.7402826456316
2037.7702940154286
2037.8002987954656
2037.830300132426
2037.8603044156234
2037.8903099023348
2037.9203146069422
2037.9503191042852
2037.9803262599958
2038.0103324022855
2038.040337857681
2038.0703356967597
2038.1003174027321
2038.1243087618157
2038.1543002469157
2038.1842904184384
2038.2142637232162
2038.2442390203341
2038.2742350722979
2038.3042318101334
2038.33423696537
2038.3641983846167
2038.394189554584
2038.4241648902741
2038.4541452360731
2038.4841494973186
2038.514161164092
2038.5441720940244
2038.574178634975
2038.6041878938593
2038.6342041606229
2038.6642180874285
2038.6942371879995
2038.724258501678
2038.7542705828994
2038.7842780638396
2038.814275631602
2038.8442717189623
2038.874268914428
2038.8982723965073
2038.928282324648
2038.9582959241952
2038.9883114864074
2039.018329915358
2039.048357645601
2039.0783862330377
2039.1084247658166
2039.1384717712094
2039.1685258094496
2039.1985841541546
2039.228641451187
2039.258702337536
2039.288771400987
2039.3188312465354
2039.3488843999137
2039.3789323352144
2039.4089797267145
2039.4390293364602
2039.469079362424
2039.499127658637
2039.5291682236052
2039.559205245055
2039.5892357304685
2039.619273603453
2039.6493174801094
2039.6793550344871
2039.7094003238085
2039.7394430131023
2039.7634828066161
2039.7935340899846
2039.823575503353
2039.8536156466143
2039.8836562592908
2039.9136933742082
2039.943725430699
2039.973752527511
2040.00378259139
2040.0338258828615
2040.0638657464108
2040.093909178991
2040.1239540281088
2040.1539993628182
2040.1840444201737
2040.2140845732165
2040.2441226659753
2040.2741607474825
2040.3041999187467
2040.334230897747
2040.3642588167786
2040.3942856170204
2040.4243101218474
2040.4543311564757
2040.4783502492612
2040.5083783257644
2040.538403415545
2040.568428899138
2040.5984467718217
2040.6284320026416
2040.658394353638
2040.6883667354741
2040.7183522787147
2040.7483503027581
2040.7783590031713
2040.8083697425682
2040.8383845991918
2040.868390280062
2040.8924014892593
2040.9224222427556
2040.9524399934369
2040.9824611702584
2041.0124840271544
2041.042506162679
2041.0725290301925
2041.102544096711
2041.1325350631296
2041.16251646093
2041.1924966063796
2041.2224874482017
2041.2524930408586
2041.2765045390804
2041.306514530671
2041.3365219638142
2041.3665282013847
2041.3965411830975
2041.4265568572532
2041.4565715757685
2041.4865803553955
2041.516585303993
2041.5465876586602
2041.5766060297728
2041.606623199541
2041.6366336261642
2041.6666364111713
2041.6966255520801
2041.726601151092
2041.7565682118825
2041.7865368592163
2041.816504274607
2041.8464722934225
2041.8764440711805
2041.9064044361269
2041.936359567687
2041.9663131700509
2041.9902865389133
2042.0202581283352
2042.0502255722618
2042.0801969492636
2042.1101754678564
2042.1401580552433
