292.47264768157515
292.4971006792686
305.01381661691795
305.02821425334906
305.03269298531717
305.0327274474365
305.0327335502028
305.03274916279855
305.0327943460206
305.0328502728881
305.03285961379936
305.03289377731255
305.0329195572732
305.0329260974187
305.0329480527432
305.03297104185265
305.0329809444307
305.03299189882995
305.03299974697336
305.0330022400536
305.03300604993416
305.033007164829
305.0330092903916
305.0330097575404
305.0330110674526
305.033011175451
305.03301200838195
305.0330291472631
305.03682730412726
305.0479696229378
305.0673410686023
305.0917828098158
305.1202247159458
305.149835722192
305.1796014523232
305.2094394134126
305.23932535062636
305.269206209926
305.29913788322494
305.32308591020575
305.3530231919675
305.38296111268846
305.4128929871782
305.442818764984
305.4727458878627
305.5026733558079
305.53260370207397
305.56254304906804
305.59249055819646
305.62244408451465
305.65240399940626
305.6823696331063
305.71233953075097
305.74231426348877
305.77229309256154
305.8022789057197
305.83227007832835
305.86226471210847
305.8862628101198
305.91626213332916
305.94626210577906
305.97626207733276
306.0062637584134
306.03626934801093
306.0662788782587
306.09628843382205
306.1262970610518
306.1563079229826
306.18632173133614
306.21633888329933
306.2463666831259
306.27639146926924
306.30641723750324
306.3364557866139
306.36049484776817
306.39656735859785
306.4206069877904
306.45064353227576
306.48062513012417
306.510619494691
306.54061210162
306.57059823902915
306.6005795498274
306.6305575566296
306.66053425809304
306.690511051177
306.7204887697257
306.7504717241146
306.7804592898596
306.81044893755717
306.83444239346517
306.8644371978182
306.89442947147256
306.9244210653945
306.9544193866754
306.9844097820352
307.01439200022014
307.0443727027438
307.0743610650451
307.10438313007637
307.1343871502014
307.16440046704355
307.1944198627034
307.2244756741704
307.2545398573164
307.28459400234215
307.31463825442484
307.3446793385062
307.3747090722056
307.4047402623508
307.43478365330236
307.46482489343276
307.4948549249459
307.5248827360925
307.5548926775851
307.58489688278786
307.6148909672237
307.6448578823951
307.67482017905496
307.6987930243214
307.7287652340788
307.75873740923873
307.7887112043333
307.8186895065015
307.8486733082809
307.8786612328701
307.9086490823353
307.93863539706956
307.96862535537986
307.99861891256324
308.0286232027411
308.05864185237795
308.0886643462961
308.1186949861424
308.1487160194909
308.1787281231798
308.20273611239014
308.2327442083231
308.26275391798106
308.2927606158259
308.3227658573954
308.35276738085435
308.38277271079585
308.41278008739516
308.44278537087956
308.4727879290226
308.50278579833804
308.53277193170885
308.56275380232444
308.5927355994456
308.62271984829226
308.65270475817897
308.6826758597107
308.7066475163081
308.7366016839619
308.76655833619736
308.7965161065959
308.8264722090388
308.85643000338104
308.8864011415466
308.9163775660236
308.9463529102476
308.9763330108663
309.0063225901373
309.0363208085222
309.0663266237153
309.096337923982
309.12634998983816
309.1563597236279
309.18636509801644
309.2163659543062
309.2463667668416
309.276374370896
309.306385136175
309.3363930829242
309.3664024305452
309.3964145817932
309.42042679146584
309.45044789594584
309.4804714118882
309.51049336945147
309.5405133579931
309.57053117264377
309.6005473795048
309.63056241747705
309.66057647920024
309.6905923732116
309.72061258212267
309.75063904685953
309.78066882229547
309.8107011670015
309.84073464538375
309.87076524614287
309.90079169623215
309.93081047037725
309.9608281742263
309.99084421171847
310.02085776459734
310.0448650941962
310.08087186347177
310.11088609552985
310.1348996884313
310.16491546810204
310.1949321890933
310.2249447249329
310.254952988544
310.2849546102136
310.3149510860247
310.34494703011455
310.3749423665392
310.4049371280164
310.43493027660327
310.45892396737406
310.48891471881166
310.51890525985925
310.54889693528395
310.57888903354683
310.60888117050064
310.6388730466199
310.6688641191535
310.69885340785675
310.7288427195537
310.7588305752179
310.78881731185356
310.8188034990574
310.848789565408
310.8787734688259
310.9087574191978
310.9387409517846
310.96872703546677
310.9987148782742
311.02870499203726
311.05869698559025
311.08869081739414
311.1186884699409
311.14868723575904
311.17868202357954
311.2026762870108
311.2326703370398
311.26266729959093
311.2926652355212
311.3226649176361
311.35266660580066
311.3826679503976
311.41266468307293
311.44265647965136
311.4726487415524
311.502643181975
311.532640180112
311.56264655365953
311.5926569098666
311.6226621965213
311.6526726392196
311.6826897056135
311.7127169119829
311.74274833399676
311.76678218406136
311.8028070131905
311.8268086135329
311.8568082588802
311.8868050862602
311.9167864160224
311.9467660478725
311.97675914249714
312.0067750440095
312.0368208307226
312.06685863734646
312.09689307441874
312.1269413080784
312.1569718234145
312.1870000108069
312.2170641383606
312.2471258386217
312.2771553020635
312.3071915559537
312.3372157575994
312.3672486254241
312.397260409225
312.42723036609425
312.4512061396316
312.4811805350544
312.51114917759963
312.5411169575606
312.57109915044776
312.60108583313354
312.63107032475
312.66105275546187
312.691039809122
