-7.955181294944438,-9.62569283097986
-7.9586018573410895,-9.64990540723866
0.013093723070838734,-2.2121050897556247e-05
0.027490983316975793,-0.00012619894186359764
0.031969331969130016,-0.0001847940953476369
0.032003792454516136,-0.00018512967775593386
0.032009895115511736,-0.00018516552281377528
0.03199428441801857,-0.00018492207077119534
0.031949105978400026,-0.00018426469303151858
0.03189318037973603,-0.00018388796350154627
0.03188385085087963,-0.00018434895660437108
0.0319180030465849,-0.0001852282540453567
0.03194378297774867,-0.00018518927251066637
0.031950319505266035,-0.0001849717617208788
0.03192837076130487,-0.00018443425315172037
0.03190538246750257,-0.0001846279036193178
0.031915285004207976,-0.00018465650609357617
0.031926238923789256,-0.0001845539936476199
0.031918391287113754,-0.0001846431746799683
0.031915910504236915,-0.00018439585825311418
0.03191971480486996,-0.00018460198111031447
0.031920820305417694,-0.00018474640750967955
0.03191870571630679,-0.00018453070084382988
0.03191826724442147,-0.0001846918542004376
0.03191957471551542,-0.00018461192084851333
0.03191966992092174,-0.00018456093471748896
0.03191886297877429,-0.00018476737674980945
0.031935998956935496,-0.00018445194027854822
0.03573381302337095,-0.00013342370002096968
0.046852329056917996,0.0005944977844557632
0.06605851018588968,0.0031194757198235675
0.08993603132566104,0.00834084505840693
0.11672424957304782,0.017897695347043892
0.14287079172903736,0.03179625729407599
0.1673063303041431,0.04879340837261619
0.19008322749978757,0.06806818142214592
0.211485873225633,0.08892713631155423
0.2315213584586506,0.11109569702171612
0.25061665569491515,0.13414509375860179
0.2653098155970813,0.15305591204770058
0.28295899462007823,0.17723746119361306
0.2998273650175062,0.20197078238650287
0.3158556447713131,0.22724945637473362
0.3309291202529292,0.2531017776280782
0.3450069293643929,0.2795110179507064
0.3580792115913455,0.3064325479032937
0.3701422442701619,0.3338243143706107
0.3812767661600021,0.36161616426796966
0.39159366714500177,0.3897304819204053
0.40118084191708986,0.41810828695856084
0.4101257142617549,0.4467017435360437
0.4185163330871713,0.4754686814817203
0.42642034626160685,0.5043775268507225
0.433907540663834,0.5334021116485275
0.4410397113262946,0.5625201873784998
0.44789893644823253,0.5917109397066257
0.45458341209614056,0.6209477011510092
0.46115799331199103,0.650212918345494
0.46637536637465,0.6736370026709186
0.4728814475747466,0.7029223283553013
0.4793825045124899,0.7322094348304437
0.48588270350948637,0.761496730817341
0.4923957189455127,0.7907829305980542
0.49896511863412596,0.8200605397017002
0.5056510183794125,0.8493158067537597
0.5125018637754216,0.8785329137712613
0.5194823785366832,0.9077183574355225
0.526618596039215,0.9368684214763655
0.5339468826861712,0.9659738317415549
0.5415147875321782,0.9950213140459172
0.5494256214175594,1.0239883206165672
0.5577662668176664,1.0528313686049642
0.5664970617346998,1.0815597514024269
0.5757112565782234,1.110150187671547
0.5835663939168322,1.1328696348164624
0.5963738810188475,1.166591946595007
0.6056209742100137,1.1887819226929657
0.617752211535759,1.2162596788889624
0.6301865742759397,1.2435412263668844
0.6422080827584575,1.2710211324725327
0.654179553127887,1.298520957337294
0.666003767105112,1.3260773794661098
0.6775869122426706,1.3537307652606403
0.6888730107182341,1.3815031413389143
0.6998350288866639,1.4094036214119
0.7104528075685294,1.4374370104232395
0.7207353717139235,1.4655960672963397
0.7307269636922487,1.493865231479723
0.7405023201045764,1.5222147730337228
0.7501095054097663,1.5506239433760078
0.757693800584922,1.5733871679521494
0.7670903303084938,1.6018721379771943
0.776399901802584,1.630382984291489
0.7855811230776516,1.6589347072145544
0.7946915047959017,1.6875161736678213
0.803741820229491,1.7161084034582625
0.8125687219667964,1.744761836289414
0.8211311871944246,1.77349381695621
0.8294469484654591,1.8023061405000715
0.8378295443463954,1.8311341906429557
0.8464557948774822,1.8598714317324676
0.855219273962807,1.8885768427587664
0.864221397199128,1.9172146829884578
0.8738274264190837,1.9456940791471649
0.88430431817653,1.9738736789906324
0.8957567770387272,2.001660237238056
0.9078954985652608,2.0291431141418474
0.9207223766179136,2.05630812715867
0.9340403790645607,2.0832230991424527
0.947754678261961,2.1099399548530995
0.9620400617833503,2.1363697327090527
0.9769144820810537,2.1624700723501307
0.9922779142900682,2.1882725478793965
1.00804338290811,2.213828749504613
1.0240828011333827,2.239192772280701
1.0401929462649342,2.264505131982833
1.0563119521833721,2.2897998497979297
1.0721528744744375,2.315237640304556
1.0875170144023305,2.340960828781248
1.099458124724424,2.361748017009691
1.1140203751068438,2.387944853107655
1.1282158829004434,2.4143421795309568
1.1420428695907112,2.440936217047649
1.1555538554310372,2.467697230901958
1.1688154595553286,2.494588832289714
1.1818955783355989,2.521573756115102
1.1948152357726738,2.5486357879540584
1.207564680611374,2.5757767298619765
1.2201633642333076,2.6029919970928432
1.2326619354336852,2.6302573448893307
1.2451341104959548,2.6575465786325534
1.257825543112213,2.684750381016912
1.270823406984559,2.7118133756003497
1.2842398581714987,2.738680421718672
1.2980463290578237,2.7653383249553727
1.3121060397215167,2.7918534320432955
1.3234808931670043,2.812995717989186
1.3378250851205973,2.8393534488990797
1.3523186761737904,2.865631167448032
1.3669506386005938,2.891828640438584
1.3816708094333874,2.9179749803792867
1.3964656550458536,2.9440748645392087
1.411293304630641,2.970160504893391
1.4262377261574448,2.9961817830249626
1.4412832489480887,3.022142316165415
1.4563903361464328,3.0480639174182143
1.4715101316212238,3.073972679416124
1.4865441488975235,3.0999177467520997
1.501341977661966,3.1259933451050954
1.5158924615441,3.152207684261551
1.530212262226232,3.1785515352959792
1.5443395255767525,3.2049998859277014
1.558169531956429,3.2315893171093184
1.5689064369468222,3.2530219835615575
1.5818164517014826,3.2800512950375498
1.5940993717974477,3.307374012454949
1.6057836730376336,3.3349592460371005
1.616839849666596,3.3628003852364863
1.6272692777267435,3.3908841255890376
1.637180872376149,3.419168916810581
1.6467219798378625,3.447586398979589
1.6558958501112349,3.4761234164403367
1.664737601298794,3.5047700544463356
1.6733486217929898,3.5334967874819467
1.6818735529020845,3.5622581966242954
1.6904422444078349,3.5910145258629957
1.699152029696371,3.6197341669457694
1.7080557777488021,3.648395070064343
1.717132233540485,3.676999301786105
1.7263432217462262,3.7055559155291604
1.7356045046790383,3.73409150763017
1.7448815553949844,3.7626219314405813
1.7542260329763972,3.7911374892961884
1.763731964352984,3.8196029648989747
1.7733915636334052,3.848013684880113
1.783187892042737,3.876379031596357
1.7931542484739185,3.9046880577544574
1.8012780181691441,3.927284309198062
1.811692169982669,3.9554412294167975
1.8224581302859229,3.9834681023834677
1.8335737145802602,4.01135648207333
1.8450094129963364,4.0391130040776595
1.8567352010897715,4.066745866578441
1.8687215926332938,4.094264934369531
1.8809484364994116,4.121676734630513
1.8933976177869698,4.148987204900936
1.9060710265189396,4.17619636887948
1.9190167639170643,4.203281804565165
1.9322972863339307,4.2302116450572615
1.9460037731201472,4.256930919611633
1.9601541112723,4.283420722531328
1.9747803892037223,4.3096520362157085
1.9898667717248657,4.335618130345913
2.0053604198477757,4.361338444745358
2.021150558686177,4.386868785844522
2.0371892531514644,4.41224244983336
2.053457542413769,4.437467541928472
2.0699267497558402,4.4625589461525355
2.0832139110415344,4.48255402603329
2.103244878510789,4.512474717467632
2.1200580784129905,4.5373377509729345
2.1336924125386845,4.55710534002639
2.1509171675316696,4.581686935675839
2.168365986738285,4.606111150041149
2.1860005527889736,4.63039642104494
2.20377240985666,4.6545761022115
2.221596521502618,4.6787090329667675
2.2394185966975395,4.702837070533644
2.25719700385662,4.726996642150888
2.274922966288343,4.751193965620541
2.292590532203202,4.7754332484218205
2.31018661542936,4.799722480959128
2.324198213789267,4.819199963039834
2.3416177020355993,4.84361320946521
2.3589190854024844,4.868110039585021
2.37611323793996,4.892683637475793
2.393211050585594,4.917324878535142
2.410210652688515,4.942034022741236
2.4271135135268502,4.96680912977699
2.443911813620313,4.99165428112862
2.4605857027505054,5.016580950745745
2.477125847466713,5.0415965944277135
2.4935185706161267,5.066707351387302
2.5097508588182675,5.091920784191629
2.525809868010487,5.117244284083834
2.5416894084584154,5.142680564675661
2.5573734812016737,5.168235296651479
2.5728462484834993,5.193918574334571
2.5881016098354257,5.219731094095467
2.6031570955760914,5.2456636520816105
2.6180394900286807,5.271697957365218
2.6327717696984627,5.297820110018714
2.6473824369426846,5.3240126295607375
2.66190178521209,5.3502579809988955
2.676366692449071,5.3765377377889
2.6908094314042903,5.402830954444229
2.705213459372889,5.4291408627427185
2.7166737986088605,5.450221311082449
2.7309170175210578,5.476617783425602
2.745099153413008,5.503050429601083
2.759246274642448,5.529502936495437
2.7733824849691247,5.555963255552327
2.7875303317992097,5.582419629506429
2.8017036546420337,5.608861974281735
2.815863854382122,5.635306117574998
2.8299478628001395,5.661785327700717
2.8439131924777206,5.688327847191876
2.8577918259828166,5.7149182587775
2.871602374041277,5.7415469774766565
2.8854404486778065,5.768171968440504
2.8994125355166247,5.79473137861926
2.9135028891871237,5.821222493368747
2.927690270593788,5.847667622972726
2.9420644695739715,5.87401922024071
2.956777415081876,5.900194826381422
2.971875514934032,5.9261550592198775
2.984333439095353,5.946708065679212
3.003559659423669,5.977173468444785
3.0164764896521876,5.997402959685145
3.032629689464018,6.022682454474523
3.0487750170798518,6.047963634214451
3.0647697447127817,6.073322041543329
3.0804836981738983,6.098853394670221
3.0959945562403517,6.1245243706393255
3.111563673875173,6.150186734514677
3.12757419933202,6.175611375589912
3.1442083505488934,6.200622869748946
3.16128815854799,6.225328083145361
3.1789024146201323,6.2496721651590965
3.1970698641994346,6.273583995434819
3.21556720089988,6.297238605409751
3.234644765702386,6.320474316863719
3.254610149808777,6.342948507840689
3.2750296109910524,6.364967006418684
3.295873299734091,6.386593776573738
3.317038058263284,6.407889449393862
3.3385274787833463,6.428869867776005
3.360285611281837,6.449540882194509
3.381945281487698,6.470254573350821
3.3989905443825728,6.4871156744286935
3.4200394885435825,6.508455925848746
3.440783549478161,6.530084690768326
3.4611354108887253,6.552081726316579
3.481193465980909,6.5743663918120125
3.501083022664582,6.596807574343784
3.520804778618139,6.619393456651213
3.5403243501502955,6.64215158659623
3.559648673903388,6.665081782816551
