-1.761222317975325,-7.533404163014366
-1.7733883890378406,-7.560738874870871
-1.7848511771717157,-7.584155928409782
-1.7924359998266928,-7.598324227054062
-1.7934288023254754,-7.600076501662984
-1.794234654629258,-7.601474828135263
-1.7948483746658328,-7.6025221307828295
-1.7961815433017774,-7.60473186248179
-1.7962539469925631,-7.604848970314798
-1.796253980983996,-7.604848688865474
-1.796254267387528,-7.6048490421083015
-1.796253972431656,-7.604849372338673
-1.7962542432401905,-7.604849038298163
-1.7964638823377617,-7.605188865155623
-1.800665719165832,-7.611992315018702
-1.807574707790106,-7.623169384508995
-1.8195633518357635,-7.6419729427074685
-1.8357156396207568,-7.6652705668050745
-1.8513530463846306,-7.685273460849815
-1.8669635067114896,-7.702258804193802
-1.8862986347221784,-7.72030257735784
-1.9100115363092738,-7.738565954241129
-1.9350401109650515,-7.755073173906599
-1.9607588495675627,-7.770653091296281
-1.9871495785228486,-7.785079244908834
-2.008452387403308,-7.796134233906836
-2.0346581597253657,-7.810063781085635
-2.0586433769923618,-7.823231918587038
-2.0816815740865158,-7.836481269248471
-2.1053048959892133,-7.850169627740595
-2.1277288869400897,-7.863034694248757
-2.1499525667659647,-7.876228492471188
-2.1684612553587277,-7.887105557907528
-2.1938111455253653,-7.902173346425684
-2.2194875225794144,-7.917314756701583
-2.2457304187485163,-7.931753626846265
-2.272791483979147,-7.944832612098794
-2.300666852785174,-7.956130816952462
-2.3292621486558285,-7.965441215037127
-2.3584255192471772,-7.972810424192934
-2.3821572907940753,-7.9770752513775784
-2.4120134880352553,-7.980403316093706
-2.4396375140987163,-7.981021090106404
-2.4667112061211593,-7.978996055317127
-2.4950901010312485,-7.974190526500351
-2.5220346530249773,-7.966562426907073
-2.546776654506905,-7.956875591635914
-2.5707833497394508,-7.945384031916721
-2.5955107552860586,-7.93084302519711
-2.6152782372059478,-7.917102061600325
-2.6369616580134734,-7.900145085420714
-2.6568266818626594,-7.88196911256207
-2.675912815439879,-7.861118741761603
-2.694076227397559,-7.83712245109282
-2.7099949115555155,-7.811637278934085
-2.7234290486586232,-7.784681906586634
-2.7338241138181174,-7.756458460612644
-2.740943023985063,-7.727277793358459
-2.7437217920772143,-7.697189252600783
-2.7415045494101755,-7.667004558775848
-2.7368119321222384,-7.643316409608656
-2.7292397390300405,-7.61535354739423
-2.720405278230522,-7.586716922781153
-2.711019209436574,-7.558193304531827
-2.701400437776408,-7.529922133370967
-2.692140671747083,-7.501607576658238
-2.683806240970717,-7.47285974816987
-2.677703407854299,-7.449659897417101
-2.6697205281974017,-7.4206837088693876
-2.661124493047562,-7.392273580239415
-2.6519621489776717,-7.3636405557777636
-2.641325016603103,-7.335476158085572
-2.6296580975355206,-7.307818543826973
-2.620818039100193,-7.286987358959062
-2.61196608076023,-7.265742257694064
-2.6030626926646505,-7.242618748470295
-2.5951811380296808,-7.218846589031157
-2.587626048837217,-7.193997058975934
-2.580962021655132,-7.174052317772837
-2.5705547245931295,-7.149832192575523
-2.5580619379690956,-7.126721314173889
-2.54479870470934,-7.1034877483710295
-2.5312248490226676,-7.077730022677265
-2.519815597321283,-7.053141618848116
-2.5085947695994144,-7.028435028004513
-2.4974424560331507,-7.00393303263067
-2.4881736334296454,-6.983336361583319
-2.475658473174584,-6.956290918746274
-2.4635663376635537,-6.928963340777493
-2.4526564805023763,-6.90111796998375
-2.4431967668144865,-6.872752364437191
-2.4349033398311537,-6.844327579770194
-2.427828248239644,-6.815797056343816
-2.421589095025217,-6.78697343751407
-2.41625193131161,-6.762762868994811
-2.4125879732056177,-6.746909146950118
-2.4081627154548544,-6.724548955574554
-2.4043328141258855,-6.700385912133319
-2.4014018104699035,-6.681878116048568
-2.398561001459264,-6.66441267059222
-2.394334459509455,-6.638274323806644
-2.390635878729724,-6.611385532993509
-2.38782933476382,-6.5866490812129115
-2.386008594392192,-6.5703030329838
-2.3850432726005906,-6.561572359563976
-2.3838869703972714,-6.551438129656336
-2.3814885983336316,-6.532624014822429
-2.3778161710626584,-6.508341916110313
-2.373387114167454,-6.480795742192364
-2.3680810506129095,-6.452160935809753
-2.3618824191428884,-6.42275300267058
-2.3553818009434915,-6.394602383174694
-2.347996361905539,-6.365463973354927
-2.340087000975431,-6.337490587886315
-2.3313235616354966,-6.309128448676758
-2.3222996522189923,-6.281270451394094
-2.3150508233493987,-6.2584136848448
-2.306019995413271,-6.229776201907891
-2.29626825773387,-6.201338727966772
-2.285461122224558,-6.173289471407481
-2.2740497244605296,-6.145517962798141
-2.262669230708501,-6.1177983356129015
-2.251931396984072,-6.0898183974983855
-2.2415792059553827,-6.061709648014051
-2.232183181838109,-6.033287595099541
-2.223707139096976,-6.004582816193581
-2.2164751456562906,-5.975559210873219
-2.211548762074026,-5.952122656770626
-2.2059010806660395,-5.922667959530114
-2.200005848780324,-5.89322028740249
-2.1937073866788133,-5.863888752272882
-2.1881263548249326,-5.834593116484035
-2.1834979862751336,-5.807536496579415
-2.1786685076032004,-5.781576098510679
-2.1733099460060026,-5.757591055213494
-2.168551348092922,-5.73717820559649
-2.163133318477843,-5.713493234519114
-2.157834069651897,-5.688297968302104
-2.1531527087353886,-5.662989129953366
-2.149315241996933,-5.637568107126318
-2.1459377331202023,-5.611053034290197
-2.143058613718726,-5.586278130726431
-2.1407692001606162,-5.560838061758034
-2.1392247048706734,-5.537211194278046
-2.137654691031284,-5.507324417522956
-2.136526825654956,-5.477438948220689
-2.1359529416269107,-5.447544010215636
-2.135653222747594,-5.417663882710879
-2.134731836023383,-5.387631400398867
-2.1337708262236657,-5.357684563735725
-2.133422051335603,-5.327722226344707
-2.1336084144511664,-5.297893997905885
-2.134105799136143,-5.269073902766554
-2.1347821938677396,-5.24183791194848
-2.1350495236725924,-5.211931251983399
-2.1352922091743824,-5.181967952188278
-2.1358135128320894,-5.157980389310669
-2.1361939192608843,-5.127956587406981
-2.1358381357122016,-5.097923403181616
-2.134748236952143,-5.06787752596166
-2.132613372933654,-5.0378942160987865
-2.129855416470969,-5.009161970135674
-2.1272396791388193,-4.982922273065051
-2.124380541034903,-4.953532277238823
-2.121295322357053,-4.924615564195436
-2.1182182535075227,-4.901024932709798
-2.1134190132882478,-4.871946842510874
-2.108382504510621,-4.842605707542868
-2.103130714003626,-4.813148882358914
-2.0973154608153726,-4.783844932655259
-2.0918037060019787,-4.754396610847629
-2.087136368818821,-4.724922720474816
-2.084398434137949,-4.6951966041404205
-2.083503518861817,-4.665352304317254
-2.083192026486829,-4.641356623335813
-2.0831809139457502,-4.611587340140598
-2.0843043809802997,-4.581718645261315
-2.0852781758137957,-4.552877687433417
-2.0847896488273423,-4.525298310682878
-2.082155367405546,-4.498218384097235
-2.077458276541309,-4.471012919112548
-2.072336018256994,-4.443519120961779
-2.0687139378320407,-4.41986346029064
-2.0652785771216626,-4.390131859106423
-2.0629557946340076,-4.361174305532458
-2.0611405023514866,-4.33123013877668
-2.058369970640641,-4.301237172416614
-2.054139791060935,-4.277448348743539
-2.0460461934565433,-4.248394059780163
-2.0356664677387686,-4.220098174367758
-2.023339900135743,-4.192672653358328
-2.009730100894523,-4.165886009300177
-1.9949507349145124,-4.140833289046086
-1.9812100010099987,-4.1193748941958725
-1.971044547581818,-4.103425200144236
-1.9562857833834744,-4.079816658232403
-1.9412816820902,-4.054546805019051
-1.927493871229548,-4.029237878138536
-1.9144583683395338,-4.003799460144767
-1.9052088862056358,-3.983878548153653
-1.8954692865250555,-3.9611771729398746
-1.8880588927021578,-3.9424875257490384
-1.8801694075663302,-3.920593100796961
-1.8735407625571443,-3.9008496747519024
-1.8630393790989759,-3.868095758738909
-1.8561006326078597,-3.8464600722265354
-1.8484618572225722,-3.822895714956688
-1.8412384236486656,-3.8009022479522994
-1.8345287202810634,-3.781775104592928
-1.8295272291134765,-3.768038316961231
-1.8231242818864326,-3.7516904614486704
-1.8158535885989613,-3.73408924332926
-1.8090497749559395,-3.717669615160422
-1.8014290500661954,-3.6990081845608107
-1.7930321716255089,-3.677732691660863
-1.7842078864577164,-3.654300832218202
-1.7764023242589009,-3.6328819330281568
-1.7683539217544122,-3.608786256192029
-1.7625658277691338,-3.590433112868859
-1.7561129811649971,-3.568881006781953
-1.750109321553756,-3.5474951650166084
-1.7464020386404078,-3.533418768912089
-1.7453011441683124,-3.528999636291579
-1.746503075455333,-3.5343132248838183
-1.7495686795779164,-3.5487533352699483
-1.7537392283275366,-3.567654330810301
-1.7583078143440116,-3.5850122720694713
-1.7673866633913584,-3.611700019894704
-1.7768904051209922,-3.633558706879034
-1.7834619883136213,-3.6457328174334926
-1.7855341765369175,-3.6489583015154383
-1.7816520514479828,-3.644174159828114
-1.7704901546354266,-3.632492821002568
-1.7514741511673015,-3.615668160144492
-1.7291353231007012,-3.5982381547406797
-1.706876028313233,-3.5814093053526443
-1.687860541464522,-3.5668849786771197
-1.6641007773666887,-3.5485879310722908
-1.640433908510607,-3.5301616614309794
-1.6170129257174084,-3.511689172826492
-1.5941834872554295,-3.4923367447410674
-1.5718010926484054,-3.4724088774777733
-1.549582892712921,-3.452233586082243
-1.531524049613286,-3.436374483338114
-1.5086410078608674,-3.416940464795354
-1.4855754375149535,-3.3977312002594404
-1.4626336390591095,-3.37887604122596
-1.4401276086780082,-3.360722337859335
-1.4175639401625635,-3.343569831244848
-1.3970321509274872,-3.3293079608012204
-1.3791227132439885,-3.318119712031515
-1.356375897497792,-3.305559353631661
-1.3330793675337953,-3.2942737229931396
-1.3092483373472572,-3.2840959229034805
-1.2850145178335142,-3.2746516814198157
-1.2614268715889312,-3.2659457688041993
-1.2365826752767073,-3.256838608398207
-1.2172599293153685,-3.249408495103594
-1.1919159350440813,-3.2391451600936594
-1.1650389020038538,-3.227382883609109
-1.13781750343819,-3.2148983876469086
-1.1103976900982484,-3.2026146529782222
-1.0828160525647816,-3.190939859228357
-1.0550927234430696,-3.1794337501749186
-1.0328247114708264,-3.1704913903214256
-1.0048262385087354,-3.1596974727331246
-0.9770757355543666,-3.1487030629068142
-0.9498687484969708,-3.1376297977887213
-0.9232962205960671,-3.1258299481552925
-0.9023573082187764,-3.1155363006558856
-0.8776715583824047,-3.102096835441012
-0.857048044286843,-3.0892787036917477
-0.8358124843159588,-3.074614555237769
-0.8216613301442294,-3.0641238242523587
-0.812434444159406,-3.05690740224959
-0.8020120180501811,-3.04888263188441
-0.788837164874262,-3.038951805323367
-0.7832161129510173,-3.034776885126922
-0.7761325845559375,-3.0296652507264774
-0.7658512245107361,-3.022626414057911
-0.7564472513297574,-3.0167529677842237
-0.7396005506148976,-3.0068721585397578
-0.7151163647931411,-2.993283518071341
-0.6899155293355308,-2.979361867066283
-0.6686602657656112,-2.9674024680848596
-0.6461675128275428,-2.954523086267263
-0.6251344231313065,-2.941961379151338
-0.6090424606955556,-2.931671230468573
-0.5866964080426936,-2.915985493526972
-0.5646209486389567,-2.89959916910604
-0.5450572985856232,-2.885201826289779
-0.523609643543229,-2.869802394068721
-0.4996491363317038,-2.853023495176512
-0.47525824441584263,-2.8358934640467033
-0.45104950571162056,-2.81892383805421
-0.431181438973824,-2.8055339077649477
-0.40647212471520416,-2.789293881596421
-0.3813268544048406,-2.77291644521341
-0.3560777196960802,-2.7566790542393647
-0.330836776967234,-2.7405240207277637
-0.3060423144647525,-2.723729263746685
-0.28165861739017556,-2.7063207249617975
-0.2578213209863199,-2.688229890690368
-0.23451870172194045,-2.669374173216957
-0.21128620249276533,-2.6506471972220162
-0.1889446456733279,-2.6324558052882434
-0.16934623152680844,-2.6168773733721795
-0.15315184245346847,-2.604581925791469
-0.13313524212409478,-2.5895250116591786
-0.11228807614514909,-2.5742153186299435
-0.09150473398715972,-2.5590764928402048
-0.0683286799437013,-2.541885470804402
-0.044357175165253976,-2.5238775695409097
-0.020621517362744136,-2.505590916503187
0.00183225352181818,-2.4871304591410235
0.0229031696524327,-2.467776052687804
0.03987706289360285,-2.45034715433613
0.051415312327864615,-2.4369818021726237
0.06433589890170054,-2.420216027188334
0.07843212824201765,-2.3999383428361942
0.08987299144490085,-2.3809045580046955
0.09956315031163522,-2.3610175955561625
0.10742725587063749,-2.341673148546612
0.11484910235732207,-2.3222187823470035
0.12340309633638219,-2.3024421810948055
0.1328540177893859,-2.282737519965603
0.1403308018118299,-2.2662614291347323
0.15003020052515822,-2.241324558092022
0.15912916421246873,-2.2152839443444043
0.1692415126756034,-2.1889179402680696
0.18160999698448285,-2.161893202566397
0.19487804051962063,-2.134989660930752
0.20770798351836478,-2.108137674322519
0.2206596860749647,-2.0806441093939996
0.23442666719518443,-2.053809615940966
0.2486663554716232,-2.027393941726915
0.2630651992473841,-2.0011341483662273
0.2733812908833373,-1.9818478302720983
0.28621138761138215,-1.9561925051429592
0.29873875246182285,-1.9290561089524176
0.3109075985886674,-1.9020437159172268
0.3241426228767417,-1.8750924998498943
0.3385339454996763,-1.848717795652146
0.3529156688160951,-1.8224339253658604
0.3667755264783392,-1.7958487650594561
0.38099629841747723,-1.7693607082559168
0.39294790519733935,-1.7485195421349653
0.40814793699259255,-1.722632987526691
0.4227784075841221,-1.6982137590230624
0.4380273356927124,-1.6726817422648375
0.45286895628663126,-1.6468816520511036
0.46334870218938823,-1.6266055433762054
0.4754004369370677,-1.599413581794414
0.4866904854685102,-1.5716579659326446
0.4972723607593596,-1.5436391106714276
0.5073924351644183,-1.5154312241137344
0.5166841153414936,-1.486998643958278
0.5235626498494722,-1.46153524877116
0.52763392498001,-1.4411597568263976
0.5301834817498172,-1.4128926829301225
0.5295065493254988,-1.384575190545675
0.5262670919465173,-1.3548746027429859
0.5221455344189125,-1.3251472628184917
0.5192371702769966,-1.295557018218648
0.5189381060997702,-1.2698081883740555
0.5207859146915487,-1.2435963899498015
0.5265083136531326,-1.2161815060108576
0.5371476148808731,-1.1878763132122343
0.5478607408734975,-1.166269628773044
0.5625506126700747,-1.1400319101278669
0.5776889588294494,-1.1141493079704157
0.5919334275735605,-1.087907599494465
0.6043130622843481,-1.06073482873089
0.6151057809044592,-1.0337149641686507
0.625252589642538,-1.0060232992604605
0.632096490822463,-0.985906512164929
0.63929090751582,-0.9635154678744974
0.6469713417559636,-0.937723332055696
0.6531606087467088,-0.9148673393724523
0.6588942385121161,-0.8923473639836937
0.6648004888903276,-0.8696279931012226
0.6700630204961159,-0.8485897850421357
0.674300537015665,-0.8284549739361817
0.6770493751855957,-0.8122348108049376
0.6800027774908417,-0.7919624808698301
0.6819853457798526,-0.7748447458914368
0.6840645193813042,-0.7529404145309521
0.6862860878828866,-0.7303502250649576
0.688036033484035,-0.7095017062064888
0.6898656331416385,-0.6855305883061227
0.6919109552345505,-0.6581171300135886
0.6937760940265763,-0.630881659627569
0.6952093700231772,-0.6128718275144296
0.6967001402246467,-0.5922936854758676
0.6975518832473397,-0.5732791095790132
0.6978843552949304,-0.5533923926920645
0.697730235362821,-0.53024202184108
0.697574043700154,-0.5020630039586013
0.6982137184780824,-0.47198976460592423
0.7003448731576518,-0.441954352668989
0.7047693057474343,-0.4121424796387858
0.7110487001025375,-0.38272824659740895
0.7165635930128572,-0.3597941582695229
0.7244691142018895,-0.3308560378800084
0.7344873747950887,-0.3024192119324968
0.7465392094752461,-0.27484410607819015
0.7590425863516879,-0.2482945383128439
0.772650239617236,-0.22146369805868826
0.7879342315319035,-0.19550433947984308
0.8046208496199923,-0.17047421365653773
0.8222202287125208,-0.1461057488835174
0.8365733889017485,-0.1272659544146069
0.8537963519024274,-0.10477102171415334
0.868700077075266,-0.08310003914239864
0.8804295936631549,-0.06296674431540383
0.8918775018395083,-0.04241053308599193
0.9055316862998053,-0.020047822844290106
0.9190744218510535,0.0006112364415477808
0.9293764773196911,0.01694862646197138
0.9394684068513225,0.03507762622082494
0.9491733066045727,0.054804641534803855
0.9586128853272586,0.0756745065117292
0.9682700169821216,0.09882331651470293
0.9772685700266504,0.12149146381703674
0.9873894478286636,0.14501232906390193
0.9980094242501286,0.16837282739388512
1.007076986581288,0.18808129716036123
1.0173951473325271,0.21039593169590626
1.0289036323286724,0.23481608341897572
1.041807430179749,0.26085448882449963
1.0542526524099758,0.28562076578012585
1.0676499145717206,0.311458383839078
1.0823452325318392,0.337697656027542
1.0952030581632528,0.3580965519233733
1.1128402492191616,0.3824811718632039
1.1310564641335792,0.40634189221903966
1.1495114539494595,0.43001287674824973
1.168029939420524,0.45361993399913497
1.1867502549061806,0.47709287682689416
1.205811817968167,0.500269378024717
1.2242975774231328,0.5237844464211395
1.2412790242789682,0.5483535282059144
1.253875539154313,0.5686988872888077
1.2702221408524212,0.5979286844415087
1.277651595267616,0.6128699525016528
1.287049040321977,0.6343693472000806
1.2952021491029353,0.6572162202082745
1.3027515834628778,0.6819724315203298
1.3101838927204053,0.7070378671032382
1.3163630435379303,0.7273798815288692
1.3235692067379718,0.7518422063646997
1.330926297689208,0.7775325439226467
1.3391796061179537,0.8057607038035636
1.3466462429063104,0.8314611597247594
1.3547594235798925,0.8569705752249204
1.364076731273155,0.8843279581335115
1.3738076215484796,0.9114566815452172
1.383077341389435,0.9369198960842756
1.3891234619550885,0.9538404308039219
1.3968612832605292,0.9741660929873588
1.4064565069492374,0.99600443712581
1.4174520737109664,1.0201812358088689
1.4298194035705314,1.047160060468178
1.442699575108605,1.0736105633083546
1.4559426712789323,1.0991190752760813
1.470582411796296,1.1243370687560488
1.4860584082928465,1.1500485222170507
1.5004157206338504,1.1741893889530899
1.5131923296016752,1.1957744564805712
1.5245618798930745,1.2139062408295223
1.5366741990838098,1.2324416777390674
1.5451871398219437,1.2451799571769708
1.5565664083326458,1.261594913733401
1.5716084273925055,1.2831942496012734
1.5864142030389254,1.305312563315082
1.5987494798079955,1.3257593541678303
1.6105534404858965,1.3471586333119645
1.6192953475883602,1.3637194751359887
1.628582444822314,1.3813441262028978
1.6372595722139784,1.3978457994410693
1.6484726436534896,1.4204120801370177
1.6591273915785656,1.4431640610900012
1.6677962699674023,1.4629431149102703
1.6763242429494356,1.4855351797824496
1.6827534001918034,1.5064748731801632
1.6887133949810609,1.5335267583381873
1.6926138758346922,1.563084589474902
1.6938583477214313,1.592915413777322
1.6937595760118342,1.6226935868235677
1.6939398060211954,1.648244563979142
1.6945162448180164,1.6644649736058694
1.6951234089236387,1.6732194303501442
1.6969579121367884,1.6873334355716632
1.7000288935279386,1.704510823063126
1.704736486865441,1.727902046589722
1.7097147458278188,1.754877377835614
1.7146640145032621,1.7821483641330949
1.719317956143219,1.807726867288362
1.723449051661384,1.831791533326463
1.7279447768887597,1.8559493153694528
1.7330455947800973,1.8825229864423678
1.7386270193665814,1.9105186119358066
1.7450848983613843,1.939677265707387
1.7516651156373384,1.9689714478204179
1.7588401316818,1.9968545859810976
1.7657718540178562,2.0199359106113146
1.7750045388702977,2.0485265722360793
1.785269110990618,2.0767983023429695
1.7965589174782342,2.1045290132853838
1.805790279958448,2.1245300790973336
1.817350829062482,2.147183489097142
1.8303720785940192,2.169933774453169
1.844698913602776,2.1928314193575553
1.8599001976779448,2.216230960321273
1.8761343597863038,2.241295981825015
1.8921428438194374,2.266630522821525
1.9078133368163666,2.292206647660552
1.9236099108245328,2.3175516747129463
1.938714513588325,2.3425432162493194
1.9497839008794842,2.3626094463528315
1.9629388367779188,2.387755691984932
1.9744701370334727,2.4101542877833637
1.9855854208457298,2.4324861339668735
1.9951469904579697,2.451861579314129
2.0051405204159334,2.4715703087578658
2.0158886837611374,2.4923824486361634
2.028127095926807,2.5149466587158775
2.041099367013727,2.538458566812362
2.0548711465050387,2.5624218357707327
2.0680423636490253,2.5835011436642317
2.0787347823747777,2.5991928932232375
2.092618922226815,2.6189393054360077
2.106180769901645,2.6381316671531607
2.118087474545573,2.6552812557953134
2.131003472052917,2.6752076110716967
2.1443319450923224,2.6994338003303606
2.1562985194054556,2.7266987012761024
2.166084288018343,2.754772978365408
2.175205054289094,2.7831369966116553
2.1841400622814873,2.8117605755573565
2.1912356263536297,2.834717391756454
2.1991277723152223,2.860042379245991
2.2064590838421827,2.8844247198418365
2.2131003041915718,2.907121808529486
2.2184946810825985,2.9249179017951565
2.2238353518222564,2.9408185669572493
2.230026265378821,2.9593162409915124
2.2381803022910436,2.9854446678175846
2.2469533250437097,3.014080733425393
2.2564560601030395,3.0426029742237146
2.2644892776626233,3.065218698604519
2.2741576168875643,3.0935874772992307
2.283844082817591,3.122010944847487
2.2930398539352512,3.1476301453486126
2.3033953009394654,3.1754753896433225
2.3148013509192027,3.2033190808079106
2.32739666588751,3.2305897014055884
2.3397061307225444,3.2578688637660007
2.348762058693446,3.2800415289194653
2.359659297627858,3.307975098617206
2.3702643726293977,3.336007429552067
2.3802104778905018,3.3642432718263673
2.38923508875645,3.3928003548637644
2.3975391699344173,3.4215797339991894
2.4054996204699646,3.4505027098782626
2.4135927871801384,3.479410310965847
2.422272804244612,3.5081875727728247
2.43147256523132,3.5352424255492796
2.442372395754255,3.562983812278968
2.4518435271711634,3.585055924330557
2.4642067487261716,3.612404459106101
2.4765579527998463,3.6397473162091245
2.488740593884449,3.6671354630644966
2.5007019929078926,3.694641277148061
2.5123836272075866,3.7218868445063116
2.5222257296865576,3.7441407468799186
2.5319118289453537,3.7650585539430725
2.5441626250002,3.7895493026317064
2.5570184931397577,3.8141410493167793
2.570376376468531,3.8395749733875415
2.583628300709811,3.866436915490295
2.5933528989103953,3.887846340907978
2.604090440475466,3.915000669759303
2.6129734633225272,3.942685731591735
2.620004481124551,3.9700285112992577
2.6249790321462614,3.997622723977748
2.6284615614371507,4.027312853595713
2.6307150289983063,4.057186728370719
2.632643922379893,4.087115082816943
2.6346036470795218,4.117066847153663
2.636268692858879,4.14099372189779
2.6377857500528994,4.170901298374287
2.638303024882827,4.200813045072932
2.637290677982408,4.22912962819803
2.635070821992275,4.252409979027821
2.632038593263579,4.277674974017615
2.629433135146265,4.299869152166786
2.6259927269215924,4.328349147612521
2.621912507179536,4.35683567135812
2.616761502224476,4.386036646502651
2.6110937850347553,4.414521796582545
2.6048224743173383,4.442289637817292
2.5986490239250086,4.471644250916268
2.593126260817461,4.50104422360748
2.5887460107334457,4.524570939058445
2.5828140707889204,4.553822481950432
2.57635349199716,4.5830941623536745
2.569726254776141,4.612251893838227
2.5634506751763104,4.641621547373271
2.557582529599977,4.671056666501292
2.5527790460984114,4.69453605971715
2.546080722241122,4.723724482608226
2.5385095899474233,4.752668407331886
2.5293427805818482,4.780925525217966
2.5187669766816763,4.8084102319768185
2.5065367735752075,4.835662215263182
2.492648272973832,4.862133411991755
2.4779099527719417,4.887540824615547
2.466739055540758,4.906402374339584
2.4542018429317007,4.927325620309065
2.4425400767839176,4.946231017582778
2.4337573114204347,4.960119272454311
2.426347983940059,4.972156637329775
2.4189288534882922,4.985145988972769
2.4106083341120472,5.002097661785389
2.4004809204005073,5.0279027874526205
2.3937788811080574,5.051014733290034
2.3882506795167013,5.080645915629495
2.3841040407759904,5.110375478572676
2.37947263835429,5.139934858728687
2.3730180418854996,5.169076375157805
2.3642788454409827,5.197574687953771
2.3548265902309007,5.219360933022113
2.3356740538762173,5.249409906535197
2.3167609624126544,5.272523493153834
2.2969732730354395,5.295034924805661
2.2807992894800537,5.312574477444195
2.2596982658810947,5.333634951891408
2.237710979567708,5.35316697164821
2.217805988022071,5.369314885653812
2.1990875950371196,5.3830736373625365
2.178873377040668,5.396388816097785
2.157526015225733,5.409591654455967
2.13758649213872,5.421132733826775
2.1211862867055897,5.429854107955843
2.0966436539775604,5.442597928452936
2.071821274499737,5.456081762119155
2.046033476448395,5.470745895562247
2.0201360819567613,5.485988422252195
1.994756953209832,5.502076819475456
1.9693934349762567,5.5180018912754685
1.94884935959156,5.530408182199649
1.9232004939293914,5.545940295124183
1.897317534314439,5.561006193411962
1.8709986476019382,5.575292448342846
1.8442608650171752,5.588738273299481
1.8170563011391059,5.6013102928321405
1.795449215322413,5.611134619792471
1.7712705725973998,5.622311199824692
1.749844437565328,5.632709340706337
1.7288815323424416,5.643002498718369
1.7062416246308352,5.654652427574876
1.6834787502429673,5.66771112708551
1.6608653897390893,5.681905433111672
1.637884492397414,5.697403020621173
1.620194437159438,5.71038491658236
1.5967138450043747,5.728326759459572
1.57349887334879,5.746811332583976
1.55062659524502,5.766432959891211
1.5286827554657945,5.78695336944676
1.5073947584215277,5.8077846978723935
1.4874634413847705,5.829100022417102
1.472425514395359,5.846037149494681
1.4544313160618472,5.868052107064468
1.4374581895320746,5.891539559002832
1.422181834219638,5.9145354130868135
1.4073742820352892,5.936698176081767
1.3912718959177972,5.959340121744624
1.3743852394776828,5.982015063033053
1.3578910875352617,6.00467307050275
1.3441585843244002,6.02439180471116
1.3272657432108215,6.049208019493238
1.310927744072188,6.07445455638738
1.2956528911405487,6.100335157861516
1.2806506415487269,6.126333415706096
1.2660767626678644,6.152587923736056
1.2517157171176656,6.178924274426724
1.2373718174019268,6.205300127571966
1.226387818070683,6.2266996994595525
1.2135382448560927,6.253892047450744
1.201778967970061,6.281551695466016
1.190644083137408,6.3094468751278106
1.1798723083603504,6.337453732930792
1.16922771725226,6.3655302844445005
1.1593770454256156,6.3928224171444095
1.1512270997119256,6.4165542771850275
1.142554836606277,6.444046592609589
1.1352670741477178,6.466890916542324
1.1260742677071094,6.49546426642842
1.1169699295360542,6.524039123380451
1.1073079107178152,6.552364892937895
1.0964128718681616,6.5802095709707995
1.0838765100450318,6.6073399660298024
1.0702707358033967,6.634031245475188
1.0562823841355988,6.660566516706243
1.0452517461556017,6.681897832935302
1.031337647197808,6.708438948762957
1.0169762858511244,6.734752592854561
1.002611513017317,6.761125906160946
0.9886975026801198,6.787715741715328
0.9746971070272398,6.814247704320144
0.9609965775177386,6.840970175976959
0.9501913259054838,6.862413312888673
0.9379559410659026,6.888311394053422
0.9268079699857281,6.915305398451841
0.9164769314400161,6.943222196442214
0.9077284730780405,6.9720913095583015
0.9025042447254685,7.001854687350807
0.9002536150910894,7.031884545604215
0.8990024913161758,7.061879683209119
0.8976160411734432,7.091792596514327
0.8952263585757919,7.12165988501691
0.8933169259194239,7.145606181207965
0.8912598823983581,7.175554275357034
0.8897895696682604,7.205570060242543
0.8890727268767102,7.235611150068517
0.8895169817965322,7.265341745369075
0.8916357993709354,7.291463303387093
0.8953229493388544,7.317418784362009
0.8990563225923963,7.33897125093635
0.9038590659887215,7.365840104301906
0.9085852670566675,7.393503840220943
0.9130862582310559,7.421527235117978
0.9176677859388441,7.450316202383513
0.9218414229806773,7.473868008083831
0.9276492980283054,7.503313384691004
0.9334651670919984,7.532742999600968
0.9396394966531306,7.562166583443226
0.9474236767342492,7.591242248847036
0.9561825152791931,7.619972752708876
0.9646511640415598,7.646276249029735
0.9732845033161962,7.670860585639917
0.9814217784577005,7.691664660232603
0.9916508683512746,7.715466114898201
1.002804297604952,7.740459445289419
1.013817406746061,7.76430888291356
1.024624991839758,7.785819629482815
1.0353021227722679,7.804949456588702
1.0466621266842613,7.822773776785123
1.0590549434428953,7.840457135115499
1.069663623743335,7.855100206948778
1.0848583237461302,7.874729815196217
1.1003829080950511,7.893896309202776
1.1183278622624278,7.915419159109265
1.1376257229917022,7.9383569344773965
1.156422716465227,7.961679907848578
1.17127228643166,7.980559075018089
1.190858605931482,8.003455328586702
1.2122787754033806,8.024646945980736
1.2353579030271153,8.04398750091443
1.26022498744419,8.061072773685853
1.2863613562035279,8.076032966311297
1.313405181152113,8.08931424189348
1.3413580373068972,8.100559411678047
1.3638640977284684,8.108263490560143
1.3922476079115138,8.117625788254212
1.420990566757161,8.126394970737184
1.4499611190522441,8.134392973502392
1.479228204950031,8.141311080680769
1.5087316387619167,8.147123155820745
1.537963225160218,8.152221228585145
1.5668240712060935,8.158372452989521
