0.02979689044349613
0.05972027627263071
0.08984536948514574
0.10986675452703643
0.12387291192437039
0.1342318525342428
0.13987541077724913
4.692785335116344
4.694286221223462
4.694325558242895
4.694346491522964
4.694346933621425
4.694367122569763
4.694416235720325
4.694439269116143
4.694453603579801
4.6944787583920755
4.694485524357753
4.694500213145274
4.694513944846226
4.694521918721189
4.6945285826662495
4.694531852543733
4.694536403209688
4.694538274648494
4.694540629403214
4.694541791603774
4.694542908495951
4.695003166251075
4.700841841082144
4.71714114636899
4.74266173436095
4.772298275674392
4.802413443611376
4.832517735763517
4.862574910035316
4.892732940152953
4.9229648719659425
4.953231015081763
4.983484313903179
5.00760755776549
5.037648264524785
5.06755608372683
5.097319311750464
5.127058233938796
5.156771056991126
5.1865644738346095
5.216501445613153
5.246568519489417
5.270711612587296
5.3009840251508376
5.331254485954454
5.361440042736907
5.391535322849506
5.420399078587399
5.446126118271189
5.471132403260671
5.4907656609570346
5.516780418382954
5.540429809589231
5.564100989686697
5.587749285364117
5.61135042959875
5.631967193294195
5.657625329141033
5.683147468081829
5.706883572466497
5.732544772390728
5.7615604715659146
5.791371734258355
5.821469772547621
5.845585121269178
5.875683239084091
5.905672800688447
5.935601542524141
5.965614715695946
5.995676027761855
6.025744389793159
6.055827276129897
6.079924268991633
6.109973776973203
6.139982010536883
6.1699570382967535
6.199877057036248
6.228172453793807
6.255946241853398
6.284793222739505
6.313174286793577
6.342795509571219
6.366729473105827
6.396751456557164
6.426765733076903
6.456809754142355
6.486855070877857
6.516802691454631
6.5468442792569155
6.576814194087926
6.600801138606855
6.630871205172084
6.660841427843546
6.689939070851672
6.718822249443355
6.747847183897106
6.77627069921636
6.80396516182282
6.831749889644227
6.859855185363239
6.883224147221222
6.912808231983013
6.942765918277333
6.972667345559593
7.002459425563033
7.031435473610882
7.058298094334142
7.07804676682475
7.101593803735141
7.127396237654368
7.155797715232051
7.183965713227668
7.212140376241123
7.241773575598488
7.271271793859096
7.300463670707427
7.327516023996096
7.349759276854681
7.379574927762945
7.409440095036235
7.439342948030933
7.4685342037217595
7.494175750933826
7.519084892024152
7.545093856671219
7.570553487184737
7.590953725455702
7.616738909563566
7.641489706953288
7.665667199169141
7.692066459582866
7.721478328152273
7.750609274822449
7.779534823594832
7.808596526207664
7.834618500949236
7.855375247167725
7.885161129407468
7.914967063449773
7.944934829243252
7.974657166449282
8.004085019990086
8.033397104209868
8.06182097157485
8.089575292006888
8.111179440712263
8.137969466767386
8.164606225101709
8.191911488621027
8.220372159131244
8.247180525269064
8.273704357334708
8.29686846530381
8.323539753894522
8.351895159344915
8.380588156799545
8.403512910193559
8.433506724566238
8.463271750496517
8.49297265777624
8.52224111283089
8.549428511615321
8.571053000017235
8.59696323746241
8.62314274197297
8.64721553690788
8.671300860447028
8.699975576059204
8.728184175826849
8.74878114510681
8.770602760265254
8.791753282058075
8.812933837449624
8.837514257625513
8.86400861531681
8.890601065425894
8.917117690081719
8.943662180619825
8.966539713989377
8.99650871229667
9.026367188808118
9.05381242076098
9.080531927581115
9.106744419783471
9.132673209075577
9.155893916655307
9.180097272719262
9.19933725877174
9.223370026665393
9.247540642658965
9.27126894495708
9.293972302162407
9.316683353543588
9.339249593674728
9.36169446535694
9.384116492197212
9.400313770941713
9.419523542394199
9.44113048302215
9.46157133376837
9.481331585413447
9.501392142155341
9.523476998934898
9.552908924144504
9.582931248338394
9.606947311744216
9.636952993685622
9.666971035063423
9.69631463810476
9.726293394262953
9.756328267398565
9.786370891053483
9.810416299338435
9.840452280446204
9.870484689538658
9.900531120509404
9.930627513899369
9.960708643129866
9.990851100309952
10.021009959821193
10.051108863547155
10.075094272495868
10.104726897495429
10.129688960762666
10.151941430100283
10.176003264369292
10.201010712501503
10.22454213112676
10.247178122945849
10.26460426928313
10.287031883108067
10.30971068024076
10.332656302145539
10.357752443930675
10.386664616755187
10.416615770861315
10.440562399845279
10.470577511888356
10.500601253811654
10.530554904984648
10.560489787443595
10.5904835044968
10.620543968425306
10.650605884564184
10.674613947074219
10.703477436814747
10.732975896992365
10.761476656689517
10.791305818035173
10.821439089122828
10.85150958850662
10.881500623508698
10.9114701149428
10.941483485706506
10.965513976223262
10.995493429005666
11.02543098319833
11.055444799844448
11.085582947074247
11.115678467017817
11.144619065998707
11.171459217639201
11.198083649509432
11.22423798285596
11.243338149948801
11.267100055165544
11.29073881983639
11.314245872162111
11.337611401431879
11.36261965599362
11.389929927550629
11.411680028419571
11.438447466149695
11.465356989240098
11.492087685625679
11.51809500492869
11.545241585731564
11.567290818306773
11.597390533784619
11.627618676637145
11.656992231740203
11.682953477552811
11.710329670977476
11.740516538760577
11.764625746865272
11.794771058699498
11.824943392511305
11.855083297547273
11.885122602655377
11.915135233904389
11.94512198600613
11.96904602477359
11.99906176837957
12.029176537819328
12.059264768183683
12.089237866134802
12.119282595308805
12.149301109450331
12.173283086835177
12.203347594013715
12.229770910377614
12.2530717999891
12.276552914208368
12.298323626673824
12.328037586528623
12.358036194099244
12.38800338448391
12.417837541286652
12.447546867715074
12.477336808974188
12.507270361966055
12.531276190597305
12.560541221343419
12.590405996266753
12.62038400793304
12.65033049312945
12.680334056061586
12.710455129978856
12.740652920008003
12.764749613215464
12.79490345686764
12.825115859800164
12.855223459496022
12.885204351157169
12.915046644839382
12.938719152991197
12.967551078128514
12.996803309849676
13.026246224594333
13.056057549064809
13.08579408085958
13.114324786716992
13.143379528630959
13.167006116560684
13.196708675403954
13.2266103540633
13.256225366942063
13.28275145889764
13.312099731768228
13.342154166635774
13.37218893591814
13.396170269876103
13.425743269122535
13.455568648517646
13.485383776145364
13.515172909774341
13.545110426060177
13.575063636851914
13.605043289878083
13.629101592534523
13.659075244673083
13.687112168889273
13.71675108775198
13.746890546436031
13.770990354876567
13.801194221653432
13.831396341789322
13.86148522070509
13.891595571143228
13.921765685326907
13.951826890221987
13.981507518192734
14.011360363517994
14.034863660663975
14.064487231172938
14.094371660331849
14.124285028229886
14.15433157308975
14.184458950439396
14.214575921945888
14.238586727231834
14.268478253711493
14.29822766375335
14.327010596959838
14.35627950604095
14.38609118356555
14.414379679659094
14.442771969362155
14.4720774314127
14.4957633832572
14.525494570146678
14.555359933905061
14.585349601778134
14.615397366305233
14.64536691210813
14.669408938649637
14.705405861725863
14.729308023498577
14.759065672300178
14.788541842062864
14.818050756080027
14.847455315428657
14.877384578933219
14.90739008713566
14.937293220403145
14.967308931406388
14.991309884080811
15.021359598904967
15.051091007998776
15.08102393296296
15.110920514112552
15.14099480513121
15.171044600004361
15.195073132748002
15.225169001077013
15.254620655902661
15.284881163426771
15.31499582419395
15.344220549064982
15.363839014302338
15.387484629703586
15.41025078461142
15.436807389345754
15.46378006086453
15.49147908600547
15.519300418312014
15.54171239904397
15.569608744608086
15.597364317634272
15.625441103746196
15.653894622311052
15.682490716519784
15.711696906222858
15.739757296375792
15.762117108667896
15.79202916781252
15.820730293095586
15.850260574730942
15.880230175086142
15.910159205264833
15.93408657137732
15.962789246608953
15.987906225784629
16.011421913896992
16.03441249299372
16.05579795622775
16.074210512565546
16.095114341926724
16.11414950068477
16.135338681730513
16.153868871569664
16.170389268832103
16.193015206992694
16.218044023170002
16.238526407376767
16.25433936049607
16.277195972371835
16.303687951094027
16.333522571777607
16.36338224400872
16.387277274568962
16.4160307621027
16.444437407034734
16.472772707593638
16.50036185364518
16.527779698782926
16.55542357337933
16.57931950154061
16.609489278021236
16.6396206322538
16.66964830045418
16.699545837324564
16.72763843476136
16.75005622371466
16.768420571864386
16.792046807727985
16.81946762201951
16.844559060687562
16.870274384261393
16.896239679997965
16.920029027047725
16.947658321065106
16.976121371624515
17.002702137925212
17.028218737926917
17.053636249091348
17.07665104040484
17.105672086939855
17.133003818972654
17.160433477692347
17.188229634495553
17.216001244360726
17.2437439651847
17.27157485462555
17.297453010351447
17.31800314143593
17.34374409014343
17.36883424510926
17.390773624635646
17.412379960220914
17.43520366770774
17.4639970757504
17.493699096369937
17.517460998812922
17.547120832131508
17.57674405427001
17.60634678606308
17.636065503635656
17.665932521194893
17.695936614813235
17.72606493190274
17.750198561904188
17.780256389117277
17.81037265530469
17.840464024963723
17.87052161353439
17.900548726551357
17.930457557862823
17.9543176583352
17.9836241665387
18.011047631909744
18.035623683237613
18.060593506598813
18.08695034889104
18.113387844889456
18.134720164529504
18.162108145280673
18.189224367168777
18.213836419419902
18.239120818041506
18.26107937532882
18.29041919102649
18.32002885678403
18.349650684525383
18.379531603894215
18.40688286308446
18.434110159828233
18.459281163575962
18.480426070838025
18.508501125819322
18.53849525598818
18.56512567921424
18.59103585018965
18.61816356499572
18.64752172528171
18.677015743109624
18.707079846857255
18.730838285999866
18.761002177801647
18.781324920159395
18.810695157747823
18.840576610336417
18.869000282577918
18.898666839371295
18.927902718665877
18.957838558975475
18.981758939645466
19.011665449090813
19.04161517848973
19.071564822809403
19.10094371475606
19.13046523238644
19.155535526308256
19.18047539846536
19.20175582240467
