8.212614152651025,8.022547762094568
8.213564753583146,8.052503666964128
8.213899760785417,8.069296088379893
8.213999154181773,8.074096428215732
8.214089791111936,8.078495830615909
8.214309872162294,8.089296932695019
8.214520450973893,8.099296930211917
8.214546748060286,8.100506896055558
8.214546437146153,8.100504284865364
8.214546698437898,8.100504652626487
8.214546673603541,8.100505720567709
8.214545639754988,8.100511415351805
8.214550806883624,8.100538819533547
8.214383571299436,8.102943391949257
8.213210088547678,8.109436918554476
8.20915933472892,8.122216497538359
8.201460534137619,8.13903190361685
8.18943076354838,8.158953503390693
8.173526094942963,8.179608743258221
8.155266614579302,8.198225120846127
8.140856669869104,8.20981482662077
8.121161645007078,8.222302118499393
8.103083309207927,8.231117942333324
8.080023217368502,8.239419883743572
8.053808587509995,8.245750854664102
8.026183356518032,8.249240750897654
7.996799453648487,8.249908488242262
7.967188050890711,8.247761669556567
7.937591899466927,8.243617210218321
7.914058268790699,8.239242034516558
7.884913197803615,8.23256758387436
7.856192766520231,8.22433163556288
7.827945410844399,8.214506073809435
7.800126592650358,8.203490097913718
7.778303352886206,8.193718330338607
7.751793762607682,8.17995216669377
7.726214019044547,8.16453699852015
7.701744246472093,8.14739380341578
7.6779645057998005,8.129252443489925
7.654570818540311,8.110580223089459
7.63617612603627,8.095233824321909
7.613590018418118,8.075609848580985
7.591372529405583,8.055588783932107
7.5698089472047885,8.034828693506485
7.548763198252013,8.013526194860473
7.52833375390113,7.9916528235781445
7.5085190276279565,7.96922230041251
7.489103495655663,7.946465813599476
7.473645768992791,7.928215560779739
7.45442877491676,7.905310879880736
7.435300685532508,7.882260560258439
7.415975606819563,7.859375785082874
7.396883090718684,7.836372963472766
7.378609421223373,7.812721285115018
7.364492140263336,7.793381568470005
7.34731332657207,7.768934844106521
7.330775122028853,7.743990069356732
7.3149439018176645,7.7186019706447615
7.300007758906387,7.692682515429421
7.286193704148674,7.666182214071999
7.273642845270999,7.639045822256459
7.2626818475313195,7.611253943610064
7.253429748745404,7.582833834953219
7.247209327097571,7.559755234824945
7.240982902291305,7.530516516095513
7.236040453453781,7.500996823831912
7.231941241952537,7.471324672716474
7.228515918195721,7.4415684613382025
7.22633709030868,7.41770249630645
7.223897652663221,7.387806583800673
7.221429242785218,7.357893427929516
7.218477902780185,7.327996845702186
7.214925180775949,7.29818715516054
7.211792251035437,7.274360974530527
7.207433147839078,7.244646528579436
7.2026286372142145,7.215018945730627
7.197639435424186,7.185417835533026
7.193493963820114,7.161777348685903
7.188499944293668,7.132225781963787
7.18424157325479,7.1025869433309055
7.1808510722377505,7.0728367686776075
7.178231729552411,7.042992039858938
7.17656110209252,7.019081577577586
7.174904351683797,6.989138664230874
7.173256153553145,6.95918138541732
7.171653979927066,6.929233354851393
7.170294916988474,6.899284763693466
7.169464976381857,6.875318268673115
7.168672181555271,6.845338067833004
7.167912866659875,6.815345688933082
7.167159743946678,6.785357742544293
7.166592915659392,6.761369184301667
7.166105941321288,6.7314011100518805
7.16619801722186,6.7014387153898465
7.166904127989981,6.671487930220632
7.167874417293603,6.647530228737692
7.1695247407162945,6.617610150481465
7.171685664836295,6.587714468164951
7.1742045256465,6.557850516979691
7.176593315055892,6.533988476161406
7.179989866457265,6.5042140358199
7.183940797588068,6.474518752331205
7.1886934626323,6.444961081574695
7.194481192515329,6.415585309490568
7.201475616376278,6.386533644619161
7.208442663956144,6.3636701562151865
7.218435387658894,6.335463239042676
7.229495643332858,6.307658298682203
7.2415179359668125,6.280232413926508
7.251621267253088,6.258496869580308
7.264668197267754,6.231509755708354
7.277974723267469,6.204639769388713
7.291479549872445,6.1778609790246595
7.3051455519310355,6.1511931717414985
7.319241450040179,6.124717987877808
7.3333565871311475,6.098233796295363
7.344490194536118,6.076960944483547
7.358126150759181,6.050207565975077
7.371449633868607,6.02331221251491
7.381988866072819,6.001739672559563
7.395034293757641,5.974716244902574
7.407952023067805,5.94762586838904
7.420836727552513,5.920542348582536
7.433882364172993,5.893549811205924
7.447250138394319,5.866721619930702
7.4608557735158785,5.840007585348282
7.474926582074672,5.813547005373388
7.486505990665508,5.792559120117367
7.5012271840396725,5.766414399969978
7.515837616678964,5.740203555281228
7.530205076613452,5.713839424228839
7.544257512041468,5.687308019693994
7.557821608761469,5.660497970216556
7.570786610390743,5.633419612737759
7.581039381356636,5.6117138181414195
7.593734558331603,5.584523330686163
7.606343578726661,5.557309556222085
7.6191095996157605,5.5301815265791285
7.632091083911927,5.503158568763839
7.64256832604833,5.481577220314734
7.65570587780569,5.454635734510137
7.668729033561592,5.427600949794436
7.681478826419111,5.400444440160888
7.693973751351573,5.3731716134985446
7.703821753880468,5.351287484280543
7.7160128245262,5.323874120125518
7.728108879166604,5.296416376436399
7.740111934677412,5.26891060448815
7.751897151333512,5.241303723525385
7.763360075506876,5.2135513088232806
7.772175319661791,5.191193399636496
7.782624648813649,5.163025619516629
7.792442365579885,5.134631366238407
7.80151343125998,5.105984504667448
7.80981572764975,5.077107719637379
7.817518863064869,5.048080974726149
7.824722798859592,5.018924494023348
7.830140591916437,4.995521472057082
7.836519653888093,4.966177906139103
7.842370461691581,4.936713369702539
7.84753784288352,4.907115557995934
7.85194012718424,4.877388387909382
7.855503935823317,4.847550859431568
7.857782897532602,4.823618765868049
7.859890970417241,4.793643874760419
7.861284659858876,4.7636355410933735
7.862008792194728,4.733604351891709
7.862119175529745,4.70957437658816
7.861649481746619,4.679533426868347
7.860065593863225,4.649502920518923
7.857032031980754,4.619600622021418
7.852585190489135,4.589922908455117
7.848081845153755,4.566446113066705
7.841345297694243,4.537234874998201
7.833546289458247,4.508206764506995
7.82473732441231,4.479460761887088
7.816998847078616,4.45669622686397
7.806754976408815,4.4284657860799665
7.796064323353052,4.400400409529899
7.7847586237264705,4.372566389926524
7.772746299431374,4.345016623812377
7.759830297087889,4.317871215441844
7.748928645349404,4.296445397691027
7.734678214192118,4.2699937641622325
7.719820396077252,4.2438866899212995
7.704501942180918,4.218059757850926
7.691990338147686,4.197555783147003
7.676061572198374,4.172107887562353
7.6598961225718245,4.14682111873725
7.643631336355837,4.121607593383181
7.627314153334372,4.096427201302002
7.610905213712861,4.071304803886955
7.594458190411356,4.046213926108801
7.581306708463552,4.026140895355083
7.564941813312361,4.001009454304515
7.548771376369945,3.9757606244671027
7.53281709974539,3.950372723256326
7.517044699393947,3.9248690771066745
7.504594692245027,3.904370566320827
7.4892688030475805,3.878600997902801
7.474188964488194,3.8526889649837837
7.459411213576525,3.8266111238211025
7.445051013253984,3.800310981208996
7.431237705834116,3.7737280143971383
7.418044362119839,3.7468380623607946
7.407445238146725,3.725143594859689
7.394322542294576,3.69819330316136
7.3815608251698706,3.671070506842143
7.3691111691822115,3.6437976514956074
7.356958973863421,3.61639087433422
7.345032973965988,3.5888776005830496
7.333244080583034,3.561296351330628
7.321488324875899,3.5336955774505627
7.309749417968281,3.5060887116419432
7.300303451528703,3.484016055297841
7.288370376439403,3.4564819524861887
7.276260019342303,3.4290175129725644
7.263790229123975,3.4016923938216808
7.250668681279425,3.37465846296491
7.2395637356667,3.3533283305039405
7.225044546221597,3.3270306840558876
7.210033506615983,3.3009974008220615
7.193597009245447,3.275733325995151
7.175223496802021,3.2518672271927613
7.155518889186932,3.229112060629429
7.139069013677311,3.211593469401045
7.118324160198273,3.189904387781792
7.101612829423375,3.1726524751248215
7.080333214368346,3.151454364152945
7.058806114300137,3.130544195907378
7.037309014404363,3.1096341004858754
7.015973930478269,3.0885665037680705
6.999066458762899,3.0715611339068163
6.978233524130096,3.0500133427944522
6.957491256527271,3.0283372622129194
6.936979141927959,3.0064889630458493
6.916560188054012,2.9845141423564874
6.900285067749996,2.9668865039440853
6.8802574653024875,2.9445881638420004
6.860311899684756,2.922185900113881
6.8402937240794905,2.8998049463978877
6.81975079976114,2.87839717965498
6.8010054742666615,2.8607588676009468
6.7805225825268085,2.8433314970578585
6.757583875999732,2.824621194147548
6.738859396770156,2.809576647782821
6.715222641034347,2.791064470962285
6.6915412427313905,2.7726444174976415
6.667539520215995,2.754553711469126
6.642725097255411,2.737566004399722
6.61786909004714,2.7208346059607327
6.598193805410019,2.7071209258136846
6.5737972303690935,2.6896963492370576
6.549595191493149,2.6720680031458675
6.526307888529707,2.653294890037154
6.503101401107503,2.634209382502627
6.483726105413405,2.6198307905798623
6.4578680603167635,2.6042053365040125
6.430239706684506,2.592036359904531
6.401811742264058,2.5821172145508546
6.372711124851833,2.5742527354978217
6.343146895500595,2.568561351740318
6.313434374529217,2.5641079767319224
6.28362235321732,2.5603427983537164
6.253742833644902,2.5573874358856927
6.229889289855826,2.554929694603872
6.2001086960595755,2.5515234356064864
6.170360441012624,2.5477852260130747
6.140655341927604,2.5437328588325885
6.116914572352817,2.54030841432462
6.087265906690037,2.535832918051499
6.057677688288811,2.5310390077322795
6.0340698517618385,2.526884910145501
6.004622868660106,2.521282385291256
5.975224632260137,2.515379169100469
5.945812409402475,2.509429008285619
5.916275145167156,2.503958767580204
5.886584473378225,2.49925586718382
5.8567051916234725,2.4958208951554806
5.8267953655129725,2.493198729543008
5.796885178894701,2.4907834086439924
5.772961595183134,2.4889288808427117
5.743066039885929,2.4865283364820634
5.713212929217955,2.483868991618596
5.683443829471108,2.4805896198463055
5.659733370857251,2.477269943444608
5.630185424236226,2.472328494956264
5.6007576112934885,2.466720438276605
5.57727787537545,2.4618591221175117
5.547958176680557,2.455537010958757
5.518681216985567,2.449070452656416
5.489473978870815,2.442311106270265
5.460324282984841,2.4352834892589352
5.431231590136742,2.427995537131861
5.407934703942685,2.4222073706875444
5.378895072419119,2.415320886175787
5.349907033563167,2.4091396479352474
5.3209017227659485,2.4038690771546203
5.291550154458355,2.3993337261109517
5.268059454395349,2.3962024433781752
5.238566551789293,2.3928097179199703
5.209616574239895,2.3899894720741006
5.183671545556926,2.3878034566907647
5.159532317091842,2.3857568489901815
5.139175733755976,2.383936953760833
5.116119428353168,2.3817807535289455
5.09117318827946,2.37916666839698
5.065914408234757,2.376326557720619
5.050663555003712,2.374414208621749
5.030623091041092,2.3714738436208647
5.011145207309787,2.3681399176331017
4.983605790107949,2.362874549381782
4.954169709755572,2.357164861108355
4.924759218210879,2.351382626436868
4.895366935636237,2.3454737720065713
4.866084590452016,2.3393155326323125
4.842994394810452,2.3341517569357273
4.814059484310761,2.327247142274165
4.7851356925772075,2.319881007932713
4.756362892836099,2.311630291319304
4.727908063833819,2.3023342361739454
4.699827538277345,2.2920090930454293
4.677591645746157,2.2830622859922034
4.649984214290012,2.271452522708065
4.622587836857636,2.2592622343741393
4.5951005044265285,2.247177116944188
4.567446979733422,2.2355195071588887
4.545281976491395,2.2263371591249608
4.517492614950298,2.215063954354474
4.489854103340245,2.2034783080290348
4.462270697831246,2.1916911727661574
4.434766265095091,2.179787984910561
4.40750921902588,2.16739453531023
4.380782244793881,2.1539190988772696
4.359671983553718,2.1426141322217234
4.333964008018312,2.128077866057479
4.311308057221498,2.1147720357589814
4.287085198056895,2.0998542190331992
4.2628447259659605,2.0842465496490807
4.237993216435117,2.068017155674425
4.218230826697401,2.0549863628104212
4.193541013075362,2.0388643291748845
4.169018946621336,2.02300089668481
4.1448147405463205,2.007487217394186
4.121922468976303,1.992928686713871
4.101319785601193,1.9797382026368031
4.083344436807474,1.9680180044989783
4.0690873734408015,1.9585782250544492
4.051816574794665,1.9470141738341464
4.035480739815152,1.9358958848152168
4.0220177122147485,1.9265540487282946
4.0108853814000325,1.9187237817186418
4.004540764130042,1.9142042892244349
3.995674321361842,1.9077816826552016
3.988288580387152,1.902313908774229
3.979041649765439,1.8953308324414138
3.9721537912309737,1.8900310505884292
3.9651780581229716,1.8845530310139171
3.952623138124446,1.8744162953549213
3.935812232689329,1.8602599000919047
3.9180704414013876,1.8443830945278747
3.907785473241059,1.8345769488320514
3.9048077346648786,1.8315767306641566
3.904995379530518,1.8317821121556677
3.9084343079002295,1.8353400603676664
3.912500942248514,1.8393562620827781
3.9157476357918566,1.8424453293373246
3.916300702325953,1.8429605141242171
3.916145163566174,1.8428155081035338
3.9156834853676425,1.842384828406252
3.914703841413371,1.8414680324508734
3.9143405104012023,1.8411284274988848
3.914161695163586,1.840961401681917
3.914030327625988,1.840837880468239
3.9141448589800105,1.8409450820199431
3.913741774748067,1.840567967054308
3.9127725596784733,1.8396633992291622
3.9128884835092284,1.8397719006521696
3.9122795398697314,1.839204260429083
3.9119750686565133,1.8389205529843913
3.9121815536891025,1.839113171631747
3.9117092651473624,1.838673723331232
3.912123569518649,1.8390600845894252
3.911617891245995,1.8385891864194128
3.9121107523660203,1.8390489947328292
3.9115187559221742,1.8384984156572464
3.9121179424579298,1.8390558920195912
3.9108098323951643,1.837838130076401
3.9111938358383305,1.8381966348762295
3.9119555565831226,1.8389066854463894
3.9115051082183934,1.8384873188600055
3.911942615608586,1.838895533778632
3.9118139387082427,1.8387756050849695
3.9114071194492133,1.8383969958364907
3.9121652131066096,1.8391039179672237
3.9115234658846605,1.838506854487537
3.9119374750782336,1.8388932772765623
3.911269518638293,1.8382693041908589
3.912123323118595,1.839066639349521
3.911497259014084,1.8384839473218104
3.9119312290149737,1.8388888589815477
3.912128312619018,1.8390722301373557
3.9120745170927655,1.8390242180740939
3.91240346019584,1.8393307982170144
3.9125621172637306,1.839478984309363
3.912423249089375,1.8393497525643674
3.912359767337079,1.8392909607472792
3.9125544495291744,1.8394720330650836
3.9118667789162656,1.838831162967416
3.911908573905738,1.8388703549517467
3.9114800757867565,1.838471431638203
3.9116599997306447,1.8386394475467955
3.9119044458563845,1.8388680091519416
3.911804353789463,1.8387745257840815
3.9120992933661247,1.8390502948812815
3.912503007374833,1.83942607361076
3.9119265596517594,1.8388893533959174
3.9123182502811487,1.8392546334792357
3.9116522276391876,1.838634538205214
3.9122917592104116,1.839230914161548
3.911898588753612,1.8388654334734738
3.9112715823592774,1.8382811983649001
3.9118838803587583,1.8388524811580313
3.912333247208619,1.8392714143942066
3.9114964767938813,1.8384917908408425
3.9121203429778273,1.8390736317887506
3.9115342254842895,1.8385288157053044
3.912198988565044,1.8391484670011424
3.9119698564674104,1.8389347286448576
3.911588194756989,1.8385801279641403
3.9124756370861546,1.8394080425553927
3.912027925786354,1.8389907282827194
3.911666852970518,1.8386546623901674
3.9124709887394813,1.8394040080813916
3.911663300442135,1.8386519196681441
3.9123063511983354,1.8392521997611189
3.9121861587962417,1.8391400324049598
3.9116826173577386,1.8386715577469737
3.912094043723886,1.83905506009474
3.912478333884862,1.8394129763461295
3.911334889602797,1.8383485657555692
3.9117912756703186,1.8387742847277087
3.9120641155164906,1.8390286672169336
3.9117003939583426,1.838690573341784
3.912367322152511,1.8393121610434848
3.9111247926373314,1.8381540597524957
3.9117139006234343,1.8387047124169247
3.9123100301163944,1.8392595889022034
3.911136886535207,1.8381666251625723
3.911838184361158,1.838821586265951
3.9115542469108147,1.83855589348363
3.9121315246465453,1.8390955141770717
3.9120907836765357,1.8390574474215815
3.9117856506031483,1.8387737704821794
3.91229834502582,1.8392515555526983
3.91117405322305,1.8382046530643719
3.9118050842518484,1.8387930947073297
3.9123031707246505,1.839257503445421
3.9113522730593977,1.8383718493501924
3.9119257836647234,1.8389065441815955
3.9120304939475656,1.8390045116999183
3.9114539749509,1.8384678273010744
3.9116373953456427,1.8386391929580614
3.9114764731852505,1.8384893860493563
3.9120730957096606,1.8390456036903835
3.912408336586362,1.839358769118276
3.9126121576447517,1.839548513266245
3.912307164511686,1.8392649191175978
3.9126508381747245,1.8395854872207913
3.911560477463362,1.8385701397123282
3.9123050803648156,1.839263541586278
3.9112194179933426,1.838252367782466
3.9118244213540456,1.838817074230442
3.912328276046267,1.8392866979567286
3.9112944299825037,1.8383231473208188
3.9118971195472234,1.8388855800535786
3.9113339444257718,1.8383610879161272
3.911441994229618,1.8384623123640624
3.9118943871187275,1.8388837926028456
3.910891369054361,1.8379494251316437
3.9116377684531902,1.8386459106096922
3.9120990611540862,1.8390760561878507
3.9111021354443003,1.838147505076339
3.911750759698446,1.8387531976700193
3.911702264550577,1.8387071778426378
3.911685158581003,1.8386918912703931
3.9116331274931238,1.8386437410521124
3.9120728423567197,1.8390539206197967
3.912186390023418,1.8391603484239
3.91213605403213,1.8391135530794989
3.911630135205378,1.8386418375747775
3.912062009272016,1.839045116018592
3.9118917538396825,1.8388864945002983
3.9114335731868937,1.8384602415193256
3.9120277310107956,1.8390143444338545
3.912265096010123,1.8392356653918238
3.9114435164834243,1.8384708536147596
3.912021825811664,1.8390101032402428
3.9115532219143185,1.8385741918226697
3.911213366541566,1.8382577799366244
3.911951701293813,1.838945922536795
3.9121234661244797,1.8391055655286563
3.9113651708155954,1.8384001648809611
3.912028509400745,1.839018372001587
3.9111238885511517,1.8381759679938257
3.911680871006006,1.838695258936662
3.9113565167546316,1.8383938130455688
3.9118585551425435,1.8388614847841667
3.912445974714351,1.8394090587479421
3.9119632040053745,1.8389598045170632
3.9122698318257747,1.839245421346841
3.9116562001996344,1.8386746655947497
3.9116061475656516,1.8386276205029581
3.9123546482006026,1.83932654430568
3.9119416819822574,1.8389419706030694
3.912055285239009,1.8390480561549378
3.9126743072747834,1.8396253165533927
3.9113302944413584,1.8383733171179073
3.9119898189552154,1.8389877823751417
3.911908896121071,1.838912540405275
3.9119036164069394,1.8389084090487693
3.9115812262876775,1.8386078005317388
3.9123123017571246,1.8392893644345014
3.9116012757614667,1.8386273802991822
3.912204778714139,1.8391893805947093
3.9119430466039047,1.8389463541258724
3.9117902008895027,1.8388034621227995
3.9119184349696234,1.838924156421148
3.9118664268127543,1.8388758551088509
3.9115379887216273,1.8385704893927814
3.9120529006057003,1.839049949333894
3.911398546278378,1.8384414876915458
3.9121341683731283,1.8391273190273558
3.911513900181431,1.8385493430959674
3.912219162368422,1.8392074285928843
3.9121095038312563,1.839105880243602
3.9123123456909767,1.839295471739435
3.911771486462559,1.8387915337661942
3.912126596705514,1.839122893596882
3.9116518148823194,1.8386806299911589
3.9117221067409615,1.8387460855592064
3.911385546078592,1.838433674967819
3.9119203851871136,1.83893168726592
3.911954549666989,1.8389641882890952
3.9119469510988027,1.8389572939946734
3.9116144561738024,1.838648299741061
3.9120784053397504,1.8390807654466166
3.9118927522127844,1.838907335909159
3.912166490976091,1.8391625530240807
3.911993912892257,1.8390017667684533
3.9118570929773635,1.8388744825117993
3.912480222130984,1.8394551913469017
3.9113032532714245,1.8383585508903875
3.9120675087109653,1.8390725689334726
3.9119861555140445,1.8389963338103463
3.911651228796104,1.8386849656024877
3.9120499656898544,1.8390571905800739
3.911888265622786,1.8389071682160165
3.9121825045689134,1.8391806432253006
3.9118596851415948,1.8388807114310104
3.9117914708775916,1.8388169131092558
3.9119707957320515,1.8389845397091844
3.9112807166937986,1.838342511808563
3.9117765551357064,1.8388049559025437
3.9122333062580696,1.8392306016206161
3.9116991687127163,1.838733424393181
3.9118734968551485,1.8388963044139588
3.9123799292207155,1.839368128211773
3.91167656486983,1.8387129927485608
3.9117601030544003,1.838791326099304
3.91202876750042,1.8390420102694738
3.9120620654333886,1.8390733350869337
3.911967962225481,1.8389860122781154
3.9121467920692825,1.8391528397096182
3.91123434173843,1.8383028398204144
3.911828568590931,1.8388569041497727
3.9124160341179857,1.8394045787752913
3.9112676512496205,1.8383346817360142
3.9119089951908568,1.8389340348937897
3.911976614271578,1.83899705804954
3.911674188384829,1.838716131392198
3.912184831080938,1.8391914071997004
3.9117832666592776,1.8388179970503378
3.9116609511326828,1.8387042571645036
3.911764940589278,1.8388015718228141
3.9116625472863125,1.8387061760604344
3.9120782498965596,1.83909352112135
3.91180381834449,1.838838992156179
3.912264679813674,1.8392676201549574
3.911949835798072,1.8389755779341304
3.912333160257169,1.8393331823851389
3.911649642697719,1.838696786927677
3.9116187774361033,1.8386674889664212
3.9117654259817676,1.8388049845518584
3.911257797668655,1.8383324467762396
3.9118216788383484,1.83885882900205
3.911988924454565,1.8390159920419895
3.9125629614507353,1.8395508389018156
3.9116383974920534,1.8386901795119563
3.9122617959503674,1.8392714035698852
3.9123251924691638,1.839331003442036
3.912492213061847,1.8394873653071888
3.912076335355007,1.8391000019271848
3.912331029128801,1.8393369841881106
3.9112874408368747,1.8383654671297402
3.912007923078942,1.839037725050955
3.911548434944693,1.8386097095447766
3.9120994325426963,1.839124141164192
3.91187378364559,1.8389142714336266
3.91248631895741,1.8394857178035027
3.912314205606537,1.8393264049407743
3.912926821630025,1.839896806989948
3.9118582789829706,1.8389015831065951
3.9125043542965603,1.8395048340334552
3.9119249269862624,1.8389653009178508
3.911480135840437,1.83855095787585
3.911784606826854,1.83883465218925
3.911330384921926,1.8384114646922023
3.912052545771943,1.8390851897720486
3.911938737536267,1.8389795594773206
3.9119722966054185,1.8390110832558106
3.912142188952908,1.8391698080912773
3.9120062978420984,1.8390435366176994
3.9121539538344208,1.8391809545653401
3.9119858636591913,1.8390251757445
3.9119417024474257,1.8389835979214535
3.9121445905424594,1.8391738124660706
3.912828216187407,1.839810766375316
3.9122787251424156,1.8392998386612247
3.9119547331921627,1.838997272740209
3.9119931589221326,1.8390329063122064
3.911755667068425,1.8388127793092055
3.911744915174646,1.838802308219321
3.911513173620429,1.8385879975662769
3.912185744450884,1.8392146947095167
3.91157048814405,1.8386421778655329
3.911994477247311,1.8390372841233276
3.9126132814467582,1.8396139428695242
3.9115817603399017,1.8386536523068586
3.9120857051917373,1.8391238596672745
3.9113961737391953,1.8384813522054557
3.9119905073812955,1.839035660863033
3.9125197944230745,1.8395285935842363
3.911852508335261,1.8389075175045075
3.911682484527123,1.8387491557254505
3.911820198489453,1.8388781336350344
3.9111908871589067,1.8382915393711337
3.9117021008385118,1.838769174623689
3.9113466802044816,1.8384382933039107
3.9118974534752886,1.838951692718078
3.91221418431681,1.839247898328483
3.9117374516695635,1.8388031792326067
3.9116280193932265,1.8387015510711606
3.911613475772242,1.8386880524911857
3.9117741657212646,1.8388385356321968
3.9115296625307407,1.8386109109933386
3.911654432009377,1.838728220326155
3.9122757301830275,1.839307652050483
3.9120675345127713,1.8391136354846591
3.9118356791119546,1.8388987528422738
3.9112864860125396,1.8383870599545626
3.9116861093733104,1.838760090083555
3.911861291838567,1.8389239108829447
3.912481806980992,1.839502463919521
3.912299151611495,1.8393328292392932
3.912852188257721,1.8398487989023968
3.911801283392395,1.8388695177710273
3.91229665509368,1.839331770486807
3.9117748802909547,1.838846164551302
3.9120877209856895,1.8391373072400299
3.9121966967888664,1.8392394874338944
3.9119060512657913,1.838968876371268
3.912498009777153,1.8395210999431493
3.9119577827725927,1.8390181170296886
3.912430312392508,1.8394583362335504
3.911827764941242,1.838897237755137
3.912524782229007,1.839547165258356
3.9123024903748593,1.8393403725235888
3.9114965113978193,1.8385895429653794
3.911786413471982,1.838859730990134
3.9112982775979384,1.8384042921341022
3.911800847196881,1.8388739927500213
3.9125655202846623,1.839586373091328
3.912208219744734,1.8392543395914556
3.91178086462807,1.838856643073817
3.9112149419023363,1.8383300229569848
3.911316539904298,1.8384254556379447
3.9118461131897173,1.838919065238257
3.912203081323481,1.8392517920948601
3.9111179748321185,1.8382407216012233
3.911735836698905,1.8388166890023574
3.912168631133494,1.8392201123238268
3.9110317123008644,1.8381612271416337
3.9118006575538353,1.83887874434087
3.9117197560951777,1.8388032262569438
3.9113155443191636,1.8384270648621892
3.911761433049071,1.8388429558806765
3.911322878929782,1.8384353341331838
3.911684275651538,1.8387717849472747
3.9116249518443706,1.8387174010641842
3.9120538419793562,1.8391169603521242
3.9117086044211304,1.838796486976505
3.912082926300945,1.8391455271508437
3.911890137191304,1.8389663677216654
3.9119130686760197,1.8389882936884183
3.912061924899491,1.8391268161681968
3.911763973140185,1.8388494144740932
3.9123838719396837,1.8394273434428072
3.9114504784583874,1.838557594251913
3.9120236892082674,1.8390926835024033
3.9114528441034744,1.8385616673162002
3.9119594383080583,1.8390341668619588
3.9118328702215592,1.8389170406547861
3.911891937221281,1.8389730254335943
3.9121174181712366,1.839182652987254
3.9118648112941043,1.8389482801665327
3.911372238833103,1.8384892488580213
3.9116187966175775,1.8387191818264352
3.9121827019595,1.839245547385884
3.9117597844143055,1.838851376989577
3.9116876216519727,1.8387845452736822
3.9113855571679923,1.8385037282243057
3.9115615221078266,1.8386685616885123
3.911867666739006,1.83895391336173
3.9113919845014906,1.8385117098576542
3.912003436773193,1.8390810734200937
3.91202327849631,1.8391006758884731
3.911530490336444,1.8386412360941162
3.9120401223411627,1.8391163030407138
3.911413045134248,1.8385326875631365
3.9118055258717614,1.838898937863779
3.911665954543186,1.8387693775924752
3.9124390656463066,1.8394894668708024
3.912313714588561,1.8393737003611257
3.9115344130863323,1.83864819858251
3.91217154921335,1.8392426510843454
3.911572908757527,1.8386853812939317
3.9120318728345285,1.8391123933670543
3.912111956282135,1.839187121490406
3.911536979868166,1.8386516544623475
3.911467044328926,1.8385866952328664
3.912103951097835,1.839181007326071
3.911722172766377,1.8388256282009716
3.9121563870462737,1.8392313113250938
3.9121632788777316,1.839238075750875
3.9116596786478577,1.8387689538937793
3.9123603578748964,1.83942249368351
3.9114231575111416,1.8385491006474368
3.9119991554487066,1.8390861233225335
3.912294957625538,1.839361207971993
3.9118820788504696,1.8389778069665095
3.9124389342030006,1.8394968003552339
3.911719299346612,1.8388271815445125
3.9120539726645838,1.8391388532271156
3.911226094508677,1.838368136046509
3.91188751060773,1.83898536702987
3.911596482780415,1.8387148355056446
3.9115931465111213,1.8387109707554312
3.911221226734113,1.8383656930499126
3.911946909990401,1.839042298829867
3.911756100278116,1.8388642965082809
3.9117386187270706,1.8388483696900593
3.91213171182551,1.83921492253491
3.9115399449434713,1.8386634310562446
3.9122427298835465,1.8393186121857232
3.9115625149454822,1.8386863493760528
3.9119262026908177,1.839024704526538
3.9115700817957477,1.838693390703922
3.9117587736885273,1.838869287784742
3.912231489272149,1.8393097634593163
3.911187928364812,1.8383371376681346
3.911681548669213,1.8387981200605226
3.911521521924557,1.8386490436169654
3.9116202697740965,1.838741416559752
3.911491562589784,1.838621650771823
3.9115818359626164,1.8387069499219537
3.9117915587153993,1.8389022572230451
3.9122316994945177,1.8393132518074065
3.911666981263584,1.8387876273181274
3.911222167699363,1.8383729821344497
3.9114339277656334,1.8385703925284236
3.9119153694665627,1.8390196806083288
3.9117850986525164,1.8388979359463655
3.91174082494673,1.8388580270990984
3.9124819283940804,1.8395486619517725
3.91201147598667,1.839110992149758
3.9114509242838644,1.8385876151702452
3.9121344970961935,1.8392260069712376
3.911948882070203,1.8390532271799023
3.9115385682619856,1.8386718811876248
3.9122015595808124,1.83928998399689
3.911864621668381,1.838977269072478
3.9118812929075126,1.83899236051722
3.9120838687675903,1.8391812116373856
3.91144945053354,1.8385903084288178
3.912018218696578,1.8391205915220314
3.9112595275851945,1.8384134898451128
3.9117543217937714,1.8388755402787853
3.911741035647642,1.8388627538673077
3.911963293401354,1.8390699935610184
3.911654233128337,1.838782980246338
3.912163643660347,1.8392575760691718
3.9113805645355337,1.838528709790896
3.911942717757372,1.8390530618330796
3.912172300544882,1.8392668990583938
3.9114795965802496,1.8386221132065577
3.9121157285264325,1.83921435587344
3.911510000211479,1.8386507068285851
3.91209235904547,1.8391936519774812
3.9111694853759595,1.8383332498432456
3.9117075427160604,1.8388355636712084
3.9116808557424383,1.8388100421197222
3.9117926337986964,1.8389156335494947
3.9121098174409266,1.8392109282359537
3.9118480182173023,1.838968001046536
3.9122071478889846,1.8393027253280285
3.911697487868341,1.8388285602615377
3.9117749129202926,1.8389004125789636
3.9114023939563842,1.8385548380690757
3.9120110957172303,1.8391218546945054
3.911609642477798,1.8387485769032668
3.912070982676837,1.8391788705505345
3.9112358939562357,1.8384002955492769
3.9118460709007032,1.8389696654001826
3.911044698069456,1.838223623065058
3.911603511991642,1.8387443214970163
3.9121003099854286,1.839207544290037
3.911111464397579,1.8382862861579627
3.911731166811349,1.8388642225760157
3.9115393068022146,1.8386849511560472
3.9121156662243948,1.8392226571919832
3.911186058940794,1.838356068082625
3.911824561560476,1.838952179161295
3.9117263619735945,1.8388607469138918
3.91143070850026,1.8385859122544017
3.911933523170641,1.839054699195178
3.9118566811263156,1.8389830905381954
3.911570776149901,1.8387176552479598
3.9122363183989606,1.839337873856078
3.9112852463952925,1.8384522604548492
3.9117032806779735,1.8388421261492593
3.9109649752451054,1.8381552427823111
3.9115594389883745,1.8387091878629453
3.9121251550435483,1.8392369535840432
3.9115112401774037,1.8386655098423488
3.9115615227088965,1.838712284331015
3.912219457530422,1.839325739669789
3.9110381527983207,1.8382248898889937
3.911713620700417,1.838856163247953
3.9122689264174855,1.8393730721542996
3.9112203744055853,1.8383965166119944
3.9118137247561506,1.8389506384589294
3.9120476950802177,1.8391684995049287
3.9115966355748717,1.8387500429680905
3.912097108899753,1.8392159954034157
3.911249190547864,1.8384264364025216
3.91187190389808,1.8390067001706023
3.911876051444815,1.8390106092536742
3.911382352237473,1.838550719093354
3.9119645192275496,1.8390933715546987
3.911026414790737,1.8382197771227446
3.9117165787556405,1.8388642126546035
3.912205951500802,1.8393206555198467
3.9120212546013766,1.8391486361770697
3.9120558998150767,1.8391812136305137
3.9125135372734876,1.8396077161639581
3.91120611280468,1.8383890938565082
3.9118564530432884,1.83899702517527
3.912179117424744,1.839297480215968
3.911388660608899,1.8385616949748387
3.9119676897185998,1.839101685933972
3.9110293187944527,1.8382276710896694
3.911633532618741,1.8387913582508795
3.9117798476415166,1.8389279804829766
3.911596045153477,1.8387560689402411
3.911523782122963,1.8386897602122445
3.912183374931613,1.8393046156703403
3.911194153935366,1.8383833967349714
3.9116922727992547,1.83884852619805
3.9119775349951724,1.8391143338571663
3.9110909364977133,1.8382881401924571
3.9116983312917886,1.8388555601750163
3.9121040705614654,1.8392333463099864
3.9121170275050283,1.839245095789094
3.9113454503364555,1.8385273320370825
3.911987783645985,1.8391253888709251
3.910983683858004,1.8381895745077301
3.9115737960429056,1.838740653041535
3.9119924225608425,1.8391308808862876
3.9112185186059047,1.8384105616016264
3.91184841552221,1.8389976907994263
3.912295083184489,1.8394143902877838
3.911253840010935,1.8384439848051781
3.911925021934345,1.839070581075469
3.91242650290215,1.839536971047771
3.912616033571279,1.8397134886863595
3.9115069924739836,1.8386802651494647
3.9118087597954156,1.8389620753085993
3.9125034825420517,1.8396093972147176
3.911421445995833,1.8386019863600065
3.9121420668035376,1.839274345081243
3.911389677941857,1.8385730367416582
3.9119734684286662,1.8391178615839272
3.9114721109155584,1.8386508787937383
3.911763890326269,1.8389231358113762
3.9119252605150288,1.8390738098032984
3.912073985550285,1.8392124153180593
3.9111856227856174,1.8383854799853923
3.9119060836509103,1.8390569741669804
3.911339403787628,1.838529078336581
3.911734194846815,1.8388983757257442
3.9115731544939405,1.838747539212645
3.9112072310945236,1.8384076068474553
3.9118499537816063,1.839006878385344
3.9120973915853745,1.8392371549291022
3.911685301588983,1.838853329866898
3.911837636305048,1.8389960548924569
3.9123421469075663,1.839465711997244
3.9112570464060443,1.8384551915441365
3.9119815362838537,1.8391309807569867
3.9113450511182037,1.8385378563228014
3.911809269045748,1.8389715609400696
3.912277315637323,1.8394074784173833
3.911426958713078,1.8386160261668083
3.912023075813213,1.8391724804562033
3.911944941525587,1.8390993117175152
3.91163565364538,1.8388118829410458
3.9123766153827972,1.8395027237200339
3.9112689534869634,1.8384708644899992
3.9118029533224883,1.8389693251100803
3.911624546741322,1.8388028152828562
3.9121361165571167,1.8392797818716153
3.9112776194036116,1.8384806907549864
3.9118732774075555,1.8390362731560903
3.911424300485461,1.838618382829825
3.9116193791368006,1.8388004567173937
3.911499646430863,1.8386889141566753
3.9111869243489434,1.8383984877616013
3.911643101839525,1.8388239395451402
3.91233822220374,1.8394720570293586
3.9110644757409365,1.8382848265403327
3.9117898969515594,1.8389625971070402
3.9119856771684898,1.8391447154961096
3.911745217982468,1.8389207735319792
3.911095243059812,1.8383153498464495
3.911713435819608,1.8388923094982448
3.9119314321214063,1.8390953521997728
3.912116868643271,1.8392682898085655
3.9114750878066684,1.838670708060084
3.9122034996482005,1.8393501316365428
3.911277612037407,1.8384873554675532
3.9116677522572467,1.838851150972158
3.912090966464291,1.8392461156436333
3.911280975899588,1.8384923705001228
3.9120012721757167,1.8391634494184805
3.911803313693333,1.8389799050923519
3.9122605337621437,1.839405920321065
3.9113239909309083,1.8385329916840127
3.9118896756370196,1.8390616872378405
3.9119158422265485,1.8390861009410704
3.9112950163177587,1.8385085609909522
3.9119533008311453,1.8391222672527157
3.9114614723978387,1.8386642099287565
3.912027957866064,1.8391926123644102
3.9113645201981613,1.8385748785421567
3.9119907542306245,1.8391588923013102
3.9115311805465685,1.8387308709879373
3.9117783671932296,1.8389621580631932
3.9121990821760884,1.8393537846098216
3.911345792928623,1.8385599417580156
3.9114554219332165,1.8386628227141815
3.912015452760208,1.83918457025788
3.9110002772412966,1.8382387793782378
3.911603267718628,1.8388015847166288
3.9119951080161752,1.8391670925068597
3.911874202347546,1.839054523042401
3.911984715902762,1.8391570115768425
3.9116576617644125,1.8388529991440699
3.912325828444,1.83947593737033
3.9118200352031995,1.8390044078598105
3.912141866120534,1.839304509745604
3.9119479748304267,1.8391242809096988
3.9117587711501742,1.8389484004558765
3.911714394881325,1.8389072818121874
3.9117418995290762,1.8389331375472735
3.9114530636635347,1.8386649776334238
3.9118042507248756,1.8389924897912895
3.9115695313659606,1.8387742871661978
3.9112392157934024,1.8384673887096352
3.911862715629578,1.8390482776187664
3.911812547243764,1.8390022906295285
3.912133958273147,1.8393013724974918
3.911945942063485,1.8391268971712695
3.911448014475297,1.8386629173332234
3.911622797547626,1.8388265373623944
3.911603069817696,1.8388092230543842
3.912237489259034,1.8394000641856998
3.911533476117206,1.8387452517291603
3.9121333247655676,1.8393042746571642
3.9113582631028705,1.8385820038470355
3.912018129690631,1.839197650526739
3.9110594445036746,1.8383044553546455
3.9117029990915606,1.8389044033586746
3.9122540947625475,1.8394183198160492
3.911209809142805,1.838445843286928
3.911774945005862,1.8389730667048836
3.9117968513926984,1.8389934655223727
3.9114259724454623,1.8386490722594
3.9120125955167273,1.8391951879860804
3.911811610962826,1.8390082538464874
3.911481097360692,1.83870180918045
3.912166397103128,1.8393399251246396
3.9111471243201152,1.8383906020788836
3.911767469213367,1.8389703850557737
3.912325441357563,1.8394897950726303
3.9111586137776015,1.8384031894003072
3.911966212848485,1.8391569998939428
3.9111350332230317,1.838382283817075
3.9117939850935626,1.8389979034421717
3.9111531424369272,1.8384000023101055
3.911797817086656,1.8390023864483647
3.911917158906021,1.8391136247016298
3.910882190918768,1.8381506514004113
3.9114180126147424,1.8386511365556906
3.9114765658685378,1.8387051940765753
3.9118219664481546,1.839027989265531
3.9116381995411533,1.8388570355714489
3.9116760255506526,1.83889249432729
3.9123460077833783,1.8395176878019597
3.911538409634297,1.8387652864176698
3.911828790731114,1.8390362711764372
3.9114101435397695,1.8386476710361883
3.9119145048965147,1.8391175212217585
3.911696794699887,1.8389146981908435
3.912300579080434,1.8394778417274604
3.9112322827802717,1.8384832422880073
3.911484297019301,1.8387177988591497
3.912075793626745,1.8392694177408506
3.911349198111222,1.8385927058659588
3.9119946316414542,1.8391949487879005
3.9115021171199786,1.838736208385166
3.911507086451123,1.8387419474790687
3.9122708831389654,1.8394530753771696
3.9116259822008743,1.838853062388499
3.9120695642231205,1.8392672674756525
3.9111886018251325,1.8384465888762447
3.911802208426759,1.8390190689583952
3.911995377338174,1.8391992357952862
3.9117139817376136,1.838937783904828
3.9117291847449,1.8389524564320263
3.9114997465380323,1.8387395546852887
3.9118181689160756,1.83903572748987
3.9122551818844142,1.8394438166396505
3.9113290168736863,1.8385801733050666
3.9118109455656245,1.8390302397807445
3.912102380256941,1.839302100272658
3.9117419172260286,1.8389667483994296
3.91164372265883,1.8388751623512345
3.9113334376386586,1.8385869150833958
3.912058655611915,1.8392628822304191
3.911379596697069,1.8386313008088258
3.9119022307638485,1.8391184220958257
3.9114633038501303,1.8387101480530217
3.91178587661975,1.839010456704493
3.9117313136687533,1.8389601155500328
3.9123045852995126,1.8394946329292812
3.9116927600870786,1.838924755020385
3.911581673038001,1.8388211484012047
3.9117707438378444,1.8389978244113327
3.9114427936310197,1.8386931648775648
3.9119664656239737,1.8391808362565203
3.9115950583095755,1.838835536105265
3.9123316611356826,1.8395219970512955
3.9109428398315584,1.8382267173083398
3.911791817826817,1.8390200300390707
3.9119255035647416,1.8391438709552184
3.9113301823028115,1.8385899762656073
3.912003743590458,1.8392186455146966
3.9115029230693867,1.8387520510664028
3.9116826004463694,1.8389202106594866
3.912231882008147,1.8394324933585255
3.911164006835083,1.8384369340915905
3.911965207804669,1.8391849519462937
3.9110390281954333,1.8383223557957409
3.911581660934682,1.8388283259416114
3.9112757026571003,1.8385433035756895
3.9118103524128283,1.8390422368212693
3.9117140072279075,1.838952792857564
3.911760081006381,1.8389965739672207
3.9117053502917445,1.8389454002047192
3.912337384802135,1.839535200581689
3.9114811281068884,1.8387374478687535
3.912001505674199,1.839224420668841
3.911586492463133,1.8388381376867386
3.9117521581164514,1.8389919976533904
3.9117432022116114,1.8389838078802119
3.911959049438722,1.8391854341649936
3.91139600582361,1.8386611587193677
3.9120540959155408,1.8392751514460806
3.9116696289601802,1.8389178157332462
3.9121315676381605,1.839347902442942
3.911315569748152,1.8385887316710563
3.911611709244886,1.8388647496159596
3.9115435037152086,1.8388014837966054
3.911308448904668,1.8385824515379763
3.9118978404652403,1.8391319564462265
3.9119777712652386,1.8392072010200493
3.9118109338188294,1.8390511475407734
3.911869427709097,1.8391068033172677
3.9114282991406824,1.838696488261154
3.9115569738509675,1.8388167674256801
3.911585224251911,1.8388431626308799
3.911692466836921,1.8389440708692775
3.9120178463396575,1.8392471728386286
3.912143352949964,1.839364003650291
3.911890880828561,1.8391295055646493
3.9112651691815645,1.8385467195247098
3.9119498303823472,1.839185009138478
3.9112741314602526,1.838556138143139
3.9117469902222606,1.8389967176459796
3.911041345510355,1.8383388572458368
3.9116075158696026,1.8388673014716235
3.9116892095034386,1.838943502576787
3.911841492641186,1.8390856193477747
3.9119396241000723,1.8391775760272726
3.911495532494756,1.8387638991257529
3.9120534205035136,1.8392843530374423
3.911404612360769,1.838680351237801
3.912055867041662,1.839287826528832
3.9114404786571844,1.8387148732238914
3.9116078981031537,1.838869963487519
3.9119633141801793,1.8392025924831399
3.911456044191026,1.8387301753083818
3.911956992805534,1.8391964106649332
3.911657691487975,1.8389180710699473
3.911622010741383,1.8388855015190477
3.9118174742660163,1.839067580538405
3.9115162832137496,1.838787091679248
3.911604569697294,1.838870040315864
3.9116653016984886,1.8389264780612984
3.9118380581218837,1.83908907878039
3.9112855473867643,1.838574494006691
3.912042946630678,1.8392807323409701
3.9112667105922214,1.8385580137927104
3.912034656752576,1.8392740317649174
3.9113618378662935,1.8386479778803353
3.9120462229218913,1.839286141811274
3.9116215019771796,1.8388909710331558
3.9119820570867376,1.839226635921215
3.91161493711519,1.8388860771210735
3.9122822381643787,1.8395078581529272
3.911879530420572,1.8391330109981352
3.912306536263548,1.8395315664350516
3.911470468619971,1.83875233705923
3.911809845434084,1.8390689431192226
3.911569184346964,1.8388460035035152
3.912048839336565,1.8392932654017247
3.911641257795117,1.8389140217982687
3.9115656356982274,1.8388435522305673
3.9119284835964234,1.8391823317518583
3.9112649389900724,1.838563729666409
3.9118128681353017,1.839074944033802
3.9110922537363333,1.838404104202929
3.9118234112352113,1.8390854476399139
3.91117988142247,1.8384868400029435
3.9112360531298407,1.8385393778175962
3.911782114493509,1.8390484118073436
3.911571478108477,1.8388520463851026
3.912093467595701,1.8393392788880218
3.9116525016282657,1.838928754026243
3.911970412656619,1.839224802811034
3.911627602170992,1.8389062018364137
3.912033483382896,1.8392845261029476
3.9107493166215397,1.8380873159900029
3.911774176603325,1.8390451499100327
3.91153532952402,1.8388225177255033
3.9115166185344,1.8388051427590675
3.9115506214515103,1.8388376359549437
3.9111954519857948,1.8385072851855635
3.910969851423684,1.8382976614818187
3.9115878100391406,1.83887371368928
3.9119447489422043,1.839206227180881
3.911124646057495,1.8384431810810788
3.9119019978234055,1.839167740012233
3.9112272892735973,1.8385399734264065
3.9116861560071854,1.8389681584114723
3.9121534669441176,1.8394036544697399
3.9114576563544445,1.8387553664034153
3.9121097571014958,1.8393639920079072
3.911292413155619,1.8386020746873635
3.9120123294220406,1.8392745396288657
3.9114052382984013,1.8387082523364853
3.9115629239894822,1.8388562956057362
3.9118297492644176,1.8391054856609497
3.911430369030579,1.8387332828752285
3.911806404958554,1.8390842186249188
3.9120605835639584,1.8393214465765062
3.9113760744333343,1.838684099410767
3.912031064992261,1.8392946647610051
3.912241880759264,1.8394909722234154
3.9115459392481133,1.8388436742996421
3.9115331539159324,1.838831349185213
3.911943402524051,1.83921466480864
3.911958645203671,1.8392290417143176
3.911847056460275,1.8391251939736448
3.912116715917179,1.839376887202461
3.9115493470164444,1.83884837625212
3.9123532089190474,1.839597847591106
3.9112614680926816,1.8385809479536612
3.9117161600598895,1.8390050413255719
3.911900332083972,1.8391772781362425
3.912184588929699,1.8394418004742474
3.9124153155021446,1.839658011660938
3.911450378536605,1.8387587631573885
3.9121448525084515,1.8394065363734213
3.9113965491453717,1.8387098225461878
3.912073576588478,1.8393412254860484
3.9116864417580115,1.8389811564854877
3.912027286002314,1.8392985330427565
3.9116274732607033,1.8389267772018545
3.91161976360877,1.8389196136805972
3.9112283002776675,1.8385553505781316
3.911789071105301,1.8390783415895338
3.9124585011908035,1.8397024296174946
3.9116346161082567,1.8389352291972372
3.9123933550228793,1.8396424906953313
3.91136068528685,1.838680801510379
3.9114819828926874,1.8387943604200594
3.9119288423158456,1.8392103748287754
3.910724352122294,1.8380878085533456
3.91135811664961,1.8386802721021664
3.911809660518414,1.8391015622709892
3.9122046559525723,1.8394692038356206
3.91092834398681,1.8382807330611206
3.911480595034125,1.8387958585142359
3.9115592328763173,1.838870223671493
3.9120710690359,1.8393477476733069
3.9123060717253706,1.8395664821281084
3.9119908261268277,1.8392732889616907
3.912641074768808,1.839880059909365
3.911817781277676,1.8391121621096382
3.911660116667612,1.8389651972856909
3.911260431823358,1.8385936595639893
3.9117366579370203,1.839037562245069
3.911338725764967,1.8386676521446497
3.911923924586873,1.8392135212223812
3.9111339818410196,1.8384769424295384
3.9117457741383035,1.8390480119403252
3.911770038410775,1.8390707129114137
3.911834694191811,1.839132475246019
3.9121792492463467,1.8394538690941187
3.911397449660971,1.8387257372494
3.912013721052579,1.839299101840861
3.911655885467866,1.8389668497829126
3.9120030593201864,1.8392900672169619
3.9109735533912025,1.838330288065336
3.9117041427012573,1.8390132509270802
3.9122877484188034,1.8395569780077732
3.9112529949417087,1.838593331237041
3.911913541155431,1.8392091282059941
3.9108650140257324,1.8382315897132624
3.911519495657606,1.8388429768436718
3.9118804498238653,1.8391797813023625
3.9116814117235665,1.8389945402490202
3.9121794164651087,1.8394590036098313
3.911421421070412,1.8387527392775374
3.912038848047745,1.8393282327496707
3.9107483705676054,1.8381265212732076
3.911273599596191,1.8386163549034171
3.9116634992553845,1.8389800218651697
3.912278000572034,1.8395531315098852
3.910877090747171,1.8382488019366092
3.9112774821259246,1.8386228066582821
3.9117359049572995,1.8390507619682486
3.9124192217703255,1.839687374954676
3.9112455387037355,1.8385935832112619
3.9119447359754616,1.839246448947058
3.9114894733597807,1.838822829553891
3.9115328292700013,1.8388640437211208
3.9117245348522833,1.8390424921696047
3.911826480424175,1.8391380332958323
3.9118891281733337,1.8391965648504636
3.9110587530605474,1.8384231071611268
3.911762062508461,1.839078709881186
3.9114226390227316,1.838763063236202
3.911897003485456,1.8392059354370764
3.9113153463728967,1.838663639799738
3.9119154796709563,1.8392236738443148
3.9115526810207983,1.8388859682493894
3.9113692798690116,1.838714949987958
3.9118559269137796,1.8391687615325925
3.9110734591944056,1.8384403046048519
3.911607991570392,1.8389380517160947
3.911719881003027,1.8390427268814609
3.912437536849406,1.8397116809071261
3.911737730802731,1.8390605214167688
3.9116979161570713,1.839023006572266
3.911391329663621,1.8387381092238981
3.9121429219993247,1.839438612073084
3.910715018020539,1.8381085458448205
3.911038782231292,1.8384121281618984
3.911883034383227,1.8392000408122429
3.911403232406257,1.8387529294213119
3.9120817946223347,1.8393865300656966
3.9118935677146913,1.8392109828046488
3.912580858613593,1.8398519440095764
3.9117154848036875,1.8390451613022025
3.9119943604505214,1.8393053648937145
3.9117816987019,1.8391070244738514
3.9113890879316124,1.838741779153104
3.911384701643646,1.8387382693159118
3.911133646614613,1.8385035576952673
3.9117816518696005,1.8391084216152491
3.912150461373357,1.8394524458156765
3.9115269776845527,1.8388710961937216
3.9120616044197347,1.8393696229119105
3.911405214229197,1.8387580990099022
3.912100773930571,1.8394069055873437
3.9112300487152414,1.838594914231295
3.9118012588729325,1.8391284208745569
3.911680696017136,1.8390158761818052
3.911124819940784,1.8384983109193358
3.9119375393100664,1.83925661797554
3.910909568513746,1.838298141225083
3.911551081717026,1.838897514409207
3.912172852120501,1.8394770477453894
3.911470196927081,1.8388231735761673
3.91102637320633,1.8384101955372205
3.9116009872442716,1.8389460270234101
3.9105851089900403,1.8379998825997799
3.911026630279662,1.8384124199162843
3.911582313857172,1.8389306983493368
3.9121170067178745,1.8394282086155977
3.911049787044013,1.8384344389777432
3.9118556584702477,1.8391864465890129
3.911120680009857,1.8385013953706646
3.911531777850597,1.8388857251900925
3.911065691769779,1.8384505997856073
3.9115931695038926,1.838942201126445
3.9119170957920164,1.839244937323446
3.9121260207272965,1.8394393217080407
3.911411688424483,1.8387759669290566
3.910784619383402,1.8381922935180761
3.9112590811458854,1.8386349181703097
3.9117155870243967,1.839060439947948
3.9115822064461567,1.8389364839164097
3.9115878755244617,1.8389427084826422
3.9119433247430613,1.839273593306587
3.911491993187866,1.8388544308789603
3.912095338027152,1.8394173043974775
3.9115746051838522,1.8389317600742507
3.9116947174546586,1.8390447436743014
3.9123973091183077,1.839699364290506
3.9110192558342103,1.838414889807013
3.9116160347044997,1.8389725175513825
3.9114263624093764,1.838795050321312
3.9117900366367073,1.8391346964653914
3.911690135124555,1.8390425809217539
3.911372866088044,1.8387470207017538
3.9117342370235777,1.8390844033343186
3.9116365476293127,1.838993077834485
3.9113006568345927,1.8386811056754224
3.9117670039242647,1.8391161144155108
3.9122319343217264,1.839549272745452
3.9112856606232964,1.8386673208614492
3.9118731902669115,1.839216204983906
3.9117286596261036,1.8390814260025385
3.9113710478891384,1.8387489392144194
3.911838782675847,1.8391857020609865
3.9121941667944458,1.8395167944660913
3.911682778719525,1.8390407641555429
3.912080952359256,1.8394120736140118
3.9112347853400515,1.8386240003260084
3.9118808620525964,1.8392269559148968
3.911332119278809,1.8387153961606146
3.9114374016966513,1.838814381235359
3.9114271159611786,1.8388043579490732
3.9120456947180324,1.8393814041205108
3.911823045935641,1.839174220383745
3.911515367104827,1.8388879595218008
3.91192991424933,1.8392747255561104
3.911177917704169,1.8385748308579346
3.911652032620208,1.8390168451480942
3.911133418323963,1.8385331353294991
3.9117504059999595,1.8391096198994283
3.911281192364627,1.8386723899103168
3.911502875209459,1.8388792889404177
3.9109867581804667,1.8383997208876797
3.911104748634778,1.8385095954710162
3.9118102982834375,1.839168106459741
3.911242933263887,1.838639692877507
3.911727447436993,1.8390918460628736
3.911578602723727,1.8389531683868032
3.911309626237086,1.838703571012642
3.9117611964628436,1.8391244300319487
3.9109287721994277,1.8383495083059085
3.9115666447078214,1.8389442895078671
3.9119099345159145,1.839264625876126
3.911204732223142,1.838607934272049
3.911980041964082,1.839329642249731
3.9114610312696283,1.8388473340075935
3.911761064444179,1.8391263688749737
3.9113664804368047,1.8387596473973387
3.91217731850354,1.8395156523861758
3.9111832767987935,1.838589951605989
3.911815717560568,1.8391798003413247
3.911392601786585,1.838785395412189
3.9117475757287363,1.839116101250901
3.9110613217913457,1.8384768923887063
3.9118057100257544,1.839170714221792
3.911989514119423,1.8393418915763509
3.910949785328361,1.8383729012230834
3.9115936151642527,1.8389744864568303
3.9118967380037835,1.8392569492130284
3.911180048497585,1.838590104523701
3.911775680471222,1.8391458593307546
3.911356006537515,1.8387549695222571
3.9115687799275998,1.8389540585910489
3.9118665112932063,1.839231646819273
3.9110821950905335,1.8385018518863043
3.911862128643054,1.8392289469538436
3.9115587537925975,1.8389469797760774
3.9121235889185764,1.8394733120772693
3.911390306699294,1.8387903071108704
3.912000166863148,1.8393589484259385
3.9108741824731736,1.8383090767136365
3.9116446383261256,1.839028347427774
3.9113138106312944,1.8387209556600477
3.91122139420526,1.8386351360958093
3.9118380834714337,1.8392097040039812
3.9116133303681475,1.839001034123611
3.9120691162650245,1.8394260229586148
3.911107455591662,1.8385301953386397
3.911893319811828,1.8392631153885772
3.911308143793204,1.838718218492679
3.9119664478528677,1.8393317045714197
3.910896665807558,1.838334846099101
3.9116843786460267,1.8390701663205749
3.912140469608357,1.8394954034333344
3.9113477956085574,1.8387567769604936
3.911963217684633,1.8393312649639957
3.9111974996826513,1.838617540788231
3.911545541552936,1.8389414892305729
3.9106635092123985,1.8381210845199407
3.911183134882025,1.8386052586082422
3.911799828034812,1.8391798118942864
3.910839542447739,1.8382863022976148
3.9114329107355736,1.8388392094192367
3.9120453838753586,1.8394103892926514
3.911154014299331,1.8385796965973373
3.9115455122638543,1.8389453016014696
3.911574274115811,1.8389720878602949
3.911328112068178,1.8387435653656565
3.9116708181560247,1.839063594976883
3.9117071953682205,1.839097518239694
3.911526343157988,1.8389289169583696
3.911801188309058,1.8391851813680327
3.910827161993171,1.838278024064404
3.9116652092690494,1.8390600390886742
3.9111735906106055,1.8386023198550911
3.9112268347885406,1.8386526567779993
3.9112017153935796,1.8386289549878085
3.9112731927825513,1.8386964456943313
3.9115061181455397,1.8389135793411024
3.911519905913317,1.8389271028576126
3.9115319119989818,1.8389378290796004
3.9114996054989892,1.8389085307598043
3.911468979281249,1.8388805833329862
3.911232874298631,1.8386615062544334
3.9117050692685176,1.839101812568942
3.911715349527774,1.839111095477785
3.911388599156541,1.8388077248265624
3.9117602953803,1.8391544764777454
3.9110547500936215,1.8384975534654118
3.9115667864230943,1.83897467899887
3.9119703897516658,1.83935131173651
3.911110330802698,1.8385503718696712
3.911933016735067,1.8393175987084627
3.9110144293593754,1.8384620180404994
3.9115596477451726,1.8389707979648988
3.911021096165491,1.838468428441409
3.91146939619368,1.8388869048739886
3.9120929606423225,1.8394688686384952
3.9122655962587123,1.8396283685897368
3.912416742490346,1.8397690253675647
3.912703369620384,1.840035590414514
3.9117491926334345,1.8391469474918216
3.9118097284587474,1.8392036300263486
3.911785950377991,1.8391812042193507
3.911813297637229,1.8392066018132818
3.911303744130287,1.838733336128631
3.9118739599406966,1.8392650091893166
3.9114156871320613,1.8388383637308823
3.911551493124193,1.8389651767525703
3.9120311075301832,1.83941257591752
3.9112623736999494,1.8386971195222837
3.9119033427592758,1.8392947287578285
3.9109918902243423,1.8384457602072675
3.911441795502913,1.8388661588310402
3.9119984843921523,1.839385001095756
3.911336588869601,1.8387693519791464
3.912015346454928,1.8394014494490678
3.911072625061707,1.838524134874008
3.9116921758151686,1.8391017851043068
3.911552206952971,1.8389710780382404
3.911516468902539,1.8389380698153024
3.9109883580539497,1.8384468650997456
3.91172484504365,1.8391331701931846
3.91093206966066,1.8383949003352853
3.911798788969677,1.8392042026128241
3.9114014471094727,1.838834019417696
3.9115153894429433,1.8389404311496496
3.911536524416683,1.83896001472601
3.9117051013332937,1.8391180414784585
3.9110729283329513,1.8385289717533646
3.911454216001912,1.8388857007822914
3.9120480053492304,1.8394397989428823
3.9111942834559086,1.8386436980508798
3.9118116638516782,1.8392207862888181
3.9118398154544978,1.83924690988456
3.9114968203738814,1.8389284126445125
3.911978655111326,1.8393770710787256
3.9112455118540783,1.8386952109465304
3.911765363974262,1.8391792866106902
3.9116142437714463,1.8390389724504779
3.9117973871269975,1.839210287515427
3.911085971593892,1.838547470862931
3.9117974974874605,1.8392103580901369
3.911045550656684,1.8385113002601077
3.9117247216324187,1.8391438528797612
3.9116458297260186,1.8390709884624108
3.9119124473579814,1.8393194478158659
3.911555272392304,1.8389876482355834
3.9114596858174226,1.8388981286618449
3.9114371698270447,1.8388779322488922
3.9115870961082964,1.8390180408940981
3.911313628039612,1.8387629560952803
3.9109869897273204,1.8384596654990528
3.911679949014227,1.8391050405706793
3.910963924907714,1.838438616590087
3.911452346662253,1.8388945144907045
3.9110043209948175,1.8384772552403936
3.9116253447492215,1.8390558813079332
3.911506260897907,1.8389455785600788
3.9117819115571337,1.8392025992064962
3.911292878107439,1.8387476543918655
3.911285737711011,1.838741334370516
3.9117096528899946,1.8391364293091976
3.91067938772459,1.8381760373871812
3.9116932792154886,1.8391218199683197
3.9114600473785606,1.8389053126051729
3.9119128903466223,1.839326995250285
3.9121801536656964,1.8395762055967952
3.9115568239664507,1.8389958743478454
3.911481104209564,1.8389250884716206
3.9120539823427785,1.8394596482501808
3.9114260631845466,1.8388749455621491
3.911648664892258,1.839082320733713
3.9118001187639324,1.8392234858916512
3.9115976786022766,1.8390355066031157
3.911332018749252,1.8387872885706324
3.9115648428622385,1.8390045769122656
3.91131637989004,1.838772873249607
3.911530358868879,1.838972492473592
3.9119502668761506,1.839364126921777
3.9111296707690326,1.8385996343971756
3.9117966757057223,1.8392215801072247
3.911218110000013,1.8386828876996633
3.91163191994469,1.8390691155919408
3.9112094730315885,1.8386761081427487
3.9112054623972092,1.8386728084198438
3.9117346071336025,1.8391657901177447
3.9117311932124275,1.839163395623087
3.911491260874599,1.8389397918066652
3.9122430245905164,1.8396416163167084
3.911350960723716,1.8388105878223884
3.9115696316255466,1.8390146204444142
3.9119538180480857,1.8393722922625326
3.9110519221536384,1.838532784935718
3.911738921112227,1.839173920289236
3.9109838034254167,1.838470139646021
3.9116126951488583,1.839056900824903
3.9109233149392875,1.8384152609818092
3.9115165203990454,1.838967992393781
3.911838263119944,1.8392683866873984
3.911775081306421,1.8392097083437433
3.9119491005958222,1.839371508478269
3.9110365467720394,1.8385218228491604
3.911736249702894,1.8391741603526022
3.9108765765478086,1.8383736956075498
3.911552896230706,1.8390044616603258
3.9110966216560623,1.838580115958298
3.910988846437605,1.8384791155163491
3.9114986909245624,1.8389545459757008
3.9119994844672656,1.8394213516212927
3.911437455468322,1.8388982739395683
3.9113815077522815,1.8388465333897646
3.9115712282035475,1.8390234369154699
3.9109961577968018,1.8384885432224458
3.9106563521474293,1.8381727286543994
3.911362936117754,1.8388314055033605
3.9119494115406566,1.8393778016651285
3.9108005578321317,1.8383071218525644
3.9114711331954193,1.838933414088737
3.9109873154805204,1.8384834769750178
3.9115180855144334,1.8389781677530974
3.9120483543170566,1.8394729103516088
3.9113019945489,1.83877758258666
3.9119115636177253,1.839346511475333
3.911764564038273,1.839209299152655
3.9119164473501242,1.839351804224936
3.911134722474095,1.8386237753921526
3.9115454410762154,1.8390069350544118
3.9108808001422446,1.8383879372225
3.911639119397493,1.8390944764489954
3.9118663521233445,1.8393062454407443
3.9109715454015395,1.8384725956706154
3.9114067315462124,1.8388786911981239
3.9119220473915255,1.839359638783238
3.9119304194351496,1.8393672041137006
3.911513973162696,1.8389797901411329
3.91178519954418,1.839232441660009
3.9123407028753294,1.8397513770806007
3.911809223077199,1.8392564589720486
3.9116946197597344,1.839149283038849
3.9114796924448476,1.838951172291193
3.9122418776523364,1.8396615366883489
3.911398931098342,1.8388761096719846
3.911594649353249,1.8390592521148705
3.9115777542058345,1.839043152362834
3.9116162511343386,1.8390800639738205
3.911153384076826,1.8386488707080741
3.9117919120719575,1.839244769471315
3.9111139467129465,1.8386128315181505
3.911880903749914,1.8393290551914159
3.9114504922801236,1.8389283597507466
3.912006227020872,1.8394468961161234
3.911033150280545,1.8385409329695692
3.911532328583397,1.8390060911508561
3.9118344471273625,1.8392879120817467
3.911480939782942,1.8389591848607847
3.911771865250155,1.8392304156306953
3.9112684052164113,1.8387618150893206
3.911217337589999,1.8387143535114296
3.9113241725279027,1.8388151549138252
3.9119583337204387,1.8394063987390834
3.911076004203954,1.8385839402302278
3.911516404151839,1.8389951354891692
3.912115809529526,1.8395541812457317
3.9115799764924577,1.8390561959395926
3.911938908150121,1.8393904309354079
3.9116952205874003,1.8391640310116815
3.9112275419293296,1.8387288302809943
3.91188731867323,1.8393445774083974
3.9117467216742035,1.8392139405654864
3.9119919318798164,1.8394428433794887
3.911288148853044,1.838787003275378
3.912088208424072,1.8395332986816384
3.9115102640988098,1.8389957499851246
3.911631691644905,1.83910884690445
3.9115277688471957,1.8390125085047773
3.911919224140255,1.83937746864409
3.911479528611716,1.8389681657110128
3.912084894646463,1.8395324190869238
3.91109431547541,1.8386103325224785
3.9117397254823754,1.8392125124775844
3.911279966008895,1.8387838695237648
3.91149679139296,1.8389871941576053
3.9109744056319933,1.8385002163012056
3.9115796854176037,1.8390644460937218
3.9111249983440883,1.8386417786501283
3.911706709575699,1.8391833909692612
3.9111425388327654,1.8386588709702802
3.9115695564361723,1.839056747376478
3.91170021821453,1.8391786089708773
3.9114317673097614,1.838929591227977
3.911696631486453,1.8391763458753432
3.911269482008915,1.8387790727201063
3.9119067480333674,1.8393731779859765
3.9115710611820673,1.8390615731359536
3.9122317943174485,1.839676929542203
3.911220094369868,1.8387349866675102
3.911431778927744,1.8389328584615494
3.911936380772664,1.8394031603818055
3.9111096801506817,1.8386339478913134
3.911758897082835,1.8392381678889276
3.9112115190448176,1.8387291667327696
3.911849117414908,1.8393239696001857
3.9110176415540354,1.8385494227336034
3.911289240433136,1.8388030956139094
3.9113758786084727,1.8388844277858474
3.9116375044621905,1.839127157572035
3.9117445061841636,1.8392268518167838
3.910584086956742,1.8381465365252119
3.9112529003845435,1.838769765778062
3.9118235531325194,1.8393030836685185
3.9117813403105117,1.8392636533873123
3.911805046541269,1.8392875030530365
3.91175780191951,1.8392436509363657
3.911812416200086,1.8392945643794802
3.912369540155757,1.839814374907838
3.9115296114638882,1.8390322768279221
3.9121097377079006,1.839573355183332
3.911502687009864,1.8390084282133323
3.9121181613745506,1.8395815430938378
3.911969879396565,1.8394441506721126
3.911540244063205,1.8390442086304462
3.9112819390941027,1.8388038496106618
3.9108580422167685,1.8384093513028401
3.9107677416587108,1.8383259770025617
3.9112703376792,1.8387945052604742
3.9117252783765877,1.8392184226190331
3.9109095966810066,1.8384591981816347
3.911619757395463,1.8391220660173873
3.911474115590901,1.838986581501226
3.911484474918381,1.8389959970169754
3.9116437825952786,1.8391456605819902
3.911655417587722,1.8391565775876455
3.9114172107843475,1.8389355666654346
3.9119324497554313,1.8394155601135822
3.9113290597858974,1.8388541729991523
3.9120197276236,1.8394970351222661
3.911025151996493,1.8385710024957702
3.911448271949146,1.8389658695455393
3.9119928111501565,1.8394734438383604
3.911551318830823,1.839062313357787
3.911625382334084,1.8391316464263103
3.911842110077656,1.839333935829481
3.9112314938938733,1.8387653119417164
3.911741654283058,1.8392412158611382
3.911680341366029,1.8391840913920237
3.9114874674830378,1.8390052467949742
3.9115045455934028,1.8390212296898703
3.911113461854978,1.8386576485666277
3.9113648017191034,1.8388915644725425
3.9114634928066554,1.8389841757435528
3.911413568799713,1.838937450264679
3.9111926545915723,1.838732214121907
3.9116922981543265,1.8391986731199026
3.9119019787922045,1.8393935675792883
3.9112790591676845,1.8388143740567238
3.9119372652481306,1.839427922697707
3.9114470688266216,1.8389711350288016
3.9116940049393016,1.8392023124670571
3.9115137590005395,1.8390338928592178
3.9113325386576303,1.838865981577203
3.9121923156821725,1.8396684556871254
3.9113249413325515,1.8388602221410877
3.9116311500200136,1.8391462773381557
3.911571368846358,1.8390909411190826
3.911274611993309,1.838814656352289
3.9120594877208212,1.8395460897784475
3.9109263383289954,1.838490675498004
3.911525521705074,1.8390502558268151
3.9115747226788637,1.8390958784941527
3.911283103760512,1.838825155100918
3.911624647218354,1.8391436999951485
3.9111864507450815,1.8387355080149106
3.9113232686993222,1.8388642106668354
3.9118195538269354,1.839327045543715
3.9113105303205513,1.8388531669092307
3.911485141350181,1.8390154920743216
3.912074960823857,1.8395676551549887
3.9117072847631724,1.8392247192862157
3.9114145987438826,1.838952673619317
3.91193912645046,1.8394409756728252
3.9113223178866607,1.838866998190223
3.911140260175757,1.8386969107742632
3.9117119172223758,1.839231514488914
3.911791486293444,1.8393051720823168
3.911354270114645,1.8388986291640703
3.9120665258658263,1.8395628331075176
3.9110766989863563,1.8386408567533659
3.911740575251188,1.8392604278962879
3.911234185804729,1.838788488771131
3.9113208980867302,1.8388700515267116
3.9114173016307543,1.8389598842704555
3.9108132879643316,1.8383984267496538
3.9114937751217465,1.8390332425209945
3.912191941109579,1.8396831516650818
3.911259268911678,1.8388149006512724
3.911975547483867,1.839483104522435
3.910998472397881,1.8385732566464714
3.911671753494965,1.8392013157633682
3.9112590661770783,1.8388169447281781
3.91156599886579,1.8391029056201005
3.9117833794793535,1.839305825512738
3.911278725030112,1.8388358043418995
3.91129565915594,1.8388520566122584
3.9112461907565685,1.8388059045257918
3.9117013060915715,1.8392310677869286
3.9111728028224073,1.8387387720150028
3.9117868751549034,1.8393113813580302
3.91199191658667,1.8395029725683494
3.9118188248212333,1.839342028659055
3.912057951000688,1.8395651388058132
3.9116219699348185,1.8391585987999852
3.912276951583743,1.8397697902434682
3.911787431893203,1.8393137698474376
3.9117422176590098,1.8392714921382014
3.9120719052089834,1.839578279550444
3.911114053894579,1.8386864166128922
3.9116355952120716,1.8391730244767437
3.9111017711293954,1.838675418481668
3.911350483365016,1.8389082988628294
3.9114771710139347,1.8390260554297662
3.9112302034330573,1.8387965497131102
3.911738830025417,1.8392709972882502
3.9108974450390805,1.8384881522496477
3.91136788604841,1.8389264155196805
3.9120083819492533,1.8395240520417628
3.911407055202988,1.8389639075278896
3.9114305005787133,1.8389859210203003
3.9117145417366674,1.8392515918787078
3.911998738927799,1.8395160481208102
3.911812242954983,1.839343395357861
3.912443339500604,1.8399319775901892
3.911527977824506,1.8390794295004507
3.911691399251547,1.839231759219128
3.9115090550280387,1.839062160758102
3.9117854345260845,1.8393200393455797
3.910926452601264,1.838519593933871
3.911318573486319,1.838885846843484
3.911482368186708,1.8390385315459223
3.9116228383667484,1.8391696329123874
3.9115862880312875,1.8391356386066036
3.911303316382755,1.8388733164859834
3.9116860021537536,1.8392299080540542
3.91141103128721,1.838974419340922
3.911964027652693,1.8394898494936243
3.911210261433374,1.838788252689096
3.911860597557483,1.8393950458170707
3.9108986817513434,1.8384984604413783
3.911591636514176,1.8391454447194557
3.911044706375781,1.8386354410692916
3.911095362879063,1.8386827163010786
3.9116712612482654,1.8392201092380356
3.911134160221897,1.8387191909681602
3.9116780785047087,1.8392271162407134
3.911784916130594,1.8393268053357836
3.9114688516232596,1.8390329757981623
3.91143123346522,1.8389978759342915
3.911565886509301,1.8391238239781016
3.91145262557833,1.8390183905516182
3.9109397157515895,1.8385413288381312
3.911581740907696,1.8391396968158056
3.911394146889085,1.8389651178874036
3.911802035789767,1.8393452792172122
3.910927815421404,1.838531430349343
3.911300673468044,1.838879231339832
3.9114753487004936,1.8390422635957746
3.9109443608491437,1.8385473196730662
3.911459491666596,1.8390284633928915
3.911874922532128,1.839415749938121
3.910909756533447,1.8385166930093408
3.9116877866344555,1.8392423683801298
3.9116871705270864,1.839241670325101
3.910975979837193,1.8385802439685563
3.911544675986927,1.8391110597798437
3.9113069333937047,1.8388884506469612
3.9120378804370692,1.8395717828384277
3.911685843376,1.8392438308612966
3.9114187118317743,1.838995294821659
3.911767818135655,1.8393214903472181
3.9108607684977694,1.8384751714956127
3.911699397988625,1.839258532301431
3.911237183179755,1.8388290856108467
3.9114383093854967,1.8390160709631664
3.9111760886801887,1.8387717592498705
3.9116580490228077,1.8392217664577852
3.9120196963891587,1.8395583517933727
3.911288600699783,1.8388782079583317
3.911404051484455,1.8389865214393268
3.911414183687719,1.838995448489712
3.911063890005702,1.8386701009143664
3.9116212825195187,1.8391895277754102
3.9113580679467566,1.8389451384655897
3.9118536817261336,1.8394073896445755
3.9112002595599296,1.838799625928479
3.911670228707232,1.839236983686662
3.9108491324175234,1.8384731747240997
3.9113951878446565,1.8389821852533077
3.9111027257888265,1.838709225568266
3.9117613261849873,1.8393239297407853
3.9116320254925725,1.8392034991060493
3.9120109576221576,1.8395572359939922
3.911498876824874,1.8390806428541036
3.9108798261121183,1.8385033161308795
3.911475369067589,1.8390598054546932
3.91149821849547,1.8390805703092412
3.911054571914255,1.8386677266524547
3.9118025717720695,1.8393653533192975
3.9111196577915712,1.8387293456275322
3.911824950892733,1.8393869593299446
3.9111322855861737,1.838742491477305
3.9117070541872496,1.839278305401339
3.910965204412073,1.83858734272321
3.911522075446925,1.8391067140832618
3.911329353606156,1.8389265402752342
3.9116783703896996,1.839253531788106
3.911702298613207,1.8392763390617604
3.911766499374865,1.8393353612295482
3.9108829198270407,1.83851237001779
3.911323711456349,1.8389239013781207
3.911326614496529,1.8389266952265468
3.911080473098884,1.838697835429183
3.9114564426778227,1.8390483576993113
3.911584131111574,1.8391676095443807
3.910868410413936,1.8385021445128453
3.9114610882905345,1.8390543690948273
3.911067924448404,1.8386874350772962
3.9116769336462514,1.8392563405295492
3.911799811391969,1.8393707334265763
3.9114992902455703,1.8390919313326144
3.911555636013447,1.8391447531927987
3.9112064731800626,1.8388200049840089
3.911728733093213,1.8393064397457908
3.911125308506964,1.8387453908788929
3.9119860529965162,1.8395474133273628
3.911273241348879,1.8388843049105712
3.9113265846990855,1.838934229174223
3.9110400733148567,1.8386683198314926
3.9115293462309,1.8391247323989244
3.9118152880428525,1.8393909781008628
3.911188480960911,1.838808059687464
3.911721887898653,1.8393049879292853
3.9109067197714533,1.8385459859471553
3.9116408019157927,1.8392302717172122
3.9113456009196437,1.8389560051904446
3.9120221720720223,1.8395866423524494
3.911153977339612,1.8387776554792916
3.9116142685701383,1.8392070953313466
3.9115339125134243,1.839132106507433
3.9111925285337925,1.8388146727826986
3.91191896978873,1.8394922275470855
3.91096017088704,1.8385982142500923
3.911616123978035,1.839210931161729
3.911275073278448,1.838893828689895
3.911356812466338,1.838970294001913
3.9118621815246493,1.839441553040971
3.911094768732973,1.838727973796075
3.911741869855269,1.8393308543972928
3.9117478523804974,1.8393363451702098
3.9114210568503145,1.8390331071540607
3.9119791131331443,1.8395537597502645
3.911122537248607,1.838755227919227
3.9117710600679447,1.8393605754926121
3.9109009811938527,1.8385499604731352
3.911533626654308,1.839139818302701
3.9121480104066215,1.8397120244317868
3.9118684634050833,1.839452455706907
3.911094487001359,1.8387323535240596
3.911722354252808,1.8393174753165664
3.911506155203546,1.8391164334908743
3.910923494632675,1.8385735775364822
3.9115952572092203,1.8391998898558066
3.9108328328082376,1.8384902988060456
3.9115317941097856,1.8391417499120755
3.911670612657569,1.839271366412099
3.9119441039652565,1.839526495287824
3.9112561692702665,1.8388854709719649
3.911625677970166,1.8392302251103405
3.911044010303608,1.838688688476196
3.9113256679221085,1.8389500564406984
3.9109565276651703,1.8386072553680772
3.9112875854411198,1.8389159698394146
3.911508276429225,1.8391217644392848
3.9106075661464805,1.8382830400262875
3.911135272578882,1.838774833854455
3.911660524185589,1.839265461409954
3.911300924136036,1.8389305692079945
3.9114855942661206,1.839102689644408
3.9107262438700046,1.8383953754371485
3.9114938831942414,1.8391112547279842
3.9112490556692716,1.838884112571134
3.911688589631841,1.8392936713714139
3.911581793258506,1.8391947416995322
3.91157097584577,1.8391845724865714
3.911261269715771,1.8388967182253624
3.9117451692937206,1.8393482637187026
3.910922899537714,1.8385825916165797
3.911394450290955,1.839022031477448
3.9109168572935213,1.8385777772826915
3.911429397100379,1.8390560784450845
3.910788322348164,1.8384584096220231
3.9113066410275423,1.8389420642142846
3.9117958092373293,1.8393983220783483
3.911593969754862,1.8392098241862398
3.9112598180469025,1.838898839194251
3.911332232156421,1.8389666971384528
3.9110527828214527,1.8387071733026221
3.9114837165517047,1.8391092328730634
3.911078532080411,1.8387316501134336
3.911702566209839,1.8393144000227004
3.9116009080138077,1.8392199715198565
3.9109294123924503,1.8385945177374305
3.9115716266773277,1.8391937213091765
3.9110084848824056,1.8386683546843197
3.911545300890111,1.839170133242169
3.911485051921834,1.8391139097820237
3.911489710152333,1.8391194799201676
3.91184176430785,1.839447870599493
3.9111897001533333,1.8388409300101995
3.911761662694812,1.839374375472444
3.9112690439595705,1.8389153037509915
3.9116618798323906,1.8392818232448342
3.9110350095170556,1.8386982709116095
3.9117795569238463,1.839392876237093
3.9110526457293333,1.8387158956778584
3.9117605684975625,1.839376274500342
3.9108401791864726,1.8385182447416721
3.9114261889809536,1.839065917986182
3.9114171239437785,1.8390565092032698
3.911368392951471,1.8390124577716374
3.9117521046597026,1.8393699464496711
3.9113944416000366,1.8390369560603155
3.9120421022143708,1.8396413661811728
3.9110081571319606,1.8386782211693486
3.911581375801655,1.8392125244412256
3.9120262191202255,1.8396272488445653
3.9116613897465053,1.839287022125372
3.9118113875462486,1.8394277884506636
3.9116896423977647,1.8393146642377174
3.9118532012273213,1.8394677633242538
3.9119644377824447,1.839571489826602
3.911212008109824,1.838871492785782
3.9112007922987573,1.838860260764223
3.9111582801905285,1.838822059900971
3.9117731183181577,1.8393953525895452
3.911311779183185,1.83896565296496
3.9114413101459378,1.8390871383914675
3.911521365328858,1.8391619529981724
3.9111663638879337,1.8388322490521616
3.9113964910602865,1.8390468287682173
3.911102258756369,1.8387731070564421
3.9117183434634417,1.839347614862825
3.9110028025688393,1.8386809543022418
3.9114682454486274,1.8391149704061662
3.911536257710311,1.8391787313159211
3.910985932271246,1.838665718717596
3.911628098772746,1.8392648037017538
3.911887427945832,1.839506832094033
3.9115666518745953,1.8392084403359954
3.9116481805826657,1.8392850403341205
3.9113763035573195,1.839032082873711
3.910624157022016,1.8383315432689056
3.9114084619215186,1.839063294845159
3.9117289525646024,1.8393620632257925
3.9109940286055087,1.8386780574422108
3.911663791322438,1.8393021949597157
3.911021819619791,1.8387048168381945
3.9112133352428815,1.8388834638987197
3.911587149224624,1.83923166011357
3.911263772266945,1.8389305016897195
3.9108414081725025,1.8385373177583673
3.9114097902445137,1.8390669405326696
3.9118925908866307,1.8395176932560526
3.9113090401365462,1.8389744086414026
3.9118687556451843,1.8394957447242803
3.910989203333471,1.8386768575644923
3.911715450448381,1.839354263504373
3.9110870244639577,1.8387691053338697
3.9117443584754383,1.839382550386022
3.911461390727604,1.839119549231459
3.911870316990957,1.8395006259332762
3.911649284217516,1.839295866237053
3.911208861460629,1.8388856032237353
3.9112583398358303,1.8389313706882868
3.9109451622342033,1.8386408342066827
3.9114576299650365,1.8391178979479754
3.911633823218734,1.8392827927442064
3.9112836614685196,1.8389567890694867
3.9114875663809427,1.8391465245343257
3.9116655238098303,1.8393126624842373
3.911375790260356,1.8390431401843748
3.9116512458772013,1.8392993827609119
3.9113922814780473,1.8390589863828861
3.912011794654607,1.8396365132564942
3.911083383882059,1.8387712926275077
3.9117147660876768,1.839360435644887
3.911069156974101,1.8387597751100726
3.911686741082803,1.839335552656881
3.9119987314240268,1.839626617317647
