0.029657407666480833
0.05331924318860151
0.08182185613645057
0.10073597250240951
0.1164959377313597
0.12910059379544755
10.834486970135819
10.842891262000053
10.846074900647944
10.846489319954467
10.846501958433382
10.846512290607201
10.84654087105965
10.84659416010813
10.84661010339099
10.846624611605192
10.84665926127955
10.846668128712087
10.84667749385341
10.846703205611357
10.846704664961427
10.8467178822116
10.846719701897353
10.8467261660225
10.84672754228605
10.846730858758509
10.846732242802306
10.846733537975034
10.849409306575115
10.861869800099297
10.884305546417336
10.912813204535077
10.942702352757058
10.972575482580263
11.00247644767623
11.032409631686601
11.062393031913711
11.086442731897868
11.11650111046215
11.146507388876271
11.176251450499958
11.202059665575929
11.225830088168548
11.245947307239918
11.270678142394031
11.292544091405881
11.312028515371304
11.334459726139794
11.361616565267424
11.391624639528239
11.421544739087308
11.451418670888177
11.47531560074907
11.505258671001945
11.535220743270337
11.565213259183269
11.595156681639075
11.62420314527733
11.653947773645138
11.677897708184327
11.707363563981973
11.737303332450328
11.76731307732852
11.797323314689017
11.827271440080137
11.857248094226497
11.88122732903893
11.910679284352542
11.938486264935905
11.967795240979857
11.996599481006657
12.026546857646606
12.055203033782476
12.082218982895979
12.106540898811842
12.127444418258316
12.14528176233131
12.162917446293605
12.183104880440098
12.20068016066613
12.222773403926126
12.244638425394328
12.273330475911088
12.302707451753147
12.332194239232125
12.362054221880431
12.391926610376249
12.421804125087588
12.445583542133145
12.47541758802523
12.505373384040524
12.53524213865141
12.564967451601493
12.594778009791236
12.618702702267198
12.648530030100591
12.678266403841906
12.708122662867689
12.738075956510837
12.768109157209713
12.791692025932557
12.815412238291147
12.836936495280614
12.858751098407096
12.881273788467327
12.903589056840856
12.926006745063717
12.948551560794645
12.969732656008693
12.990909891045252
13.014016666354127
13.034240709631774
13.05965965346448
13.088507306449166
13.116310006342074
13.14609969527495
13.175953246177608
13.205834944366217
13.23575390491178
13.259637326796353
13.289407303680342
13.317494399867668
13.34557727203164
13.373736264801314
13.403608245381488
13.433595159418408
13.463506492058356
13.493415454345122
13.523399683637807
13.550011439736958
13.576129731823666
13.59697779730578
13.623114464415636
13.651133936542392
13.681128494484566
13.711163620677072
13.741273743009495
13.771486411927876
13.80178871329164
13.831767777358115
13.855528130977493
13.885123778595602
13.914787162293978
13.943571332058369
13.970448147619926
13.994956481643692
14.018664124254768
14.047789918714933
14.077450783658206
14.10684803517598
14.135956364860851
14.165038288960508
14.194412288910359
14.22374860887484
14.24580510897522
14.271920197000496
14.29796017687874
14.324301522986199
14.350678354015354
14.375256360518318
14.394753482663276
14.414235911520747
14.429922413368582
14.449724991274042
14.468791606850433
14.488361281666863
14.507799391514924
14.532114720564495
14.56065864852057
14.589940543748328
14.61644343260081
14.635210093054786
14.657921645099727
14.68122970756813
14.704842754881366
14.728504797207775
14.752483411445581
14.778692932396934
14.8055289522142
14.832286067982775
14.853730010726565
14.882143414331592
14.911838607637257
14.940996122029022
14.970942542914239
15.000865497496013
15.030899208534027
15.060931342651486
15.090957118090015
15.114942642593359
15.144514387242998
15.169541702626715
15.192144557981313
15.214077767163417
15.231389990776842
15.247381929929702
15.262668834012162
15.283627929058635
15.310449934288492
15.340337811251755
15.370298244914023
15.400281186351222
15.430253646347463
15.460248409211452
15.490209463478685
15.520167117094058
15.550155918614688
15.574141734518246
15.604196238921716
15.634212109575795
15.664236761422114
15.69427424618694
15.722112475229212
15.752081543849044
15.782008697723628
15.812012022228469
15.842018985887915
15.87201158761288
15.895977942160352
15.925939531448234
15.955935776103773
15.985965980063284
16.016003908186732
16.046116049499343
16.076301083604065
16.106437410048784
16.136450604281077
16.16642030361113
16.190444755014465
16.217697740728536
16.24251275321788
16.26797539837832
16.294441871221938
16.322545691927168
16.348702323008894
16.37348109909499
16.395770317275797
16.418996347020585
16.442978569776773
16.46205903690671
16.481473801903004
16.49785618867967
16.515876974201156
16.5370578781807
16.56136805856437
16.58671399858848
16.615826627294965
16.64604208400173
16.676242604486948
16.706324957867672
16.73627852379204
16.76595055619907
16.78974815968212
16.819668503610842
16.84912714720815
16.875870468467692
16.901314330380348
16.92722851826633
16.95320146606102
16.970761358763365
16.985973925575237
17.00139196160005
17.023620461776076
17.046922908526252
17.06624749669284
17.076669349966227
17.07882856430927
17.08460567845639
17.097599229177487
17.11824786429646
17.145441990206635
17.17538840695493
17.19932949105967
17.22920397758671
17.25783972218195
17.286042809418618
17.31573059639394
17.34582962542716
17.37590568900625
17.405874655974483
17.43586861162128
17.46588141721249
17.49584190225211
17.51975745760669
17.55565059122857
17.579136603213374
17.607499273176106
17.635619737946755
17.663153841618794
17.69234063333084
17.72141751591819
17.751424754839185
17.78146591697051
17.805539481575607
17.83555639436225
17.865499294584048
17.895483330451523
17.924260606105157
17.94988313986816
17.97824817262457
18.006543040255213
18.03614773737012
18.06013154119814
18.090184325427366
18.120221917031937
18.147833458470686
18.17584776945288
18.20432976915238
18.234033173595634
18.264055832550223
18.288073986684704
18.31757674849962
18.346473893578562
18.374484116488475
18.4039752720237
18.433814652031675
18.463845095962494
18.493891465662596
18.521555277166303
18.545747071928346
18.565713108563333
18.590466247876606
18.619042837615623
18.648637308830782
18.678210471170782
18.703843582858905
18.725760002774155
18.750645353704655
18.778400410625764
18.804975822497262
18.829817284624855
18.858566211989007
18.888326419702317
18.912278174488474
18.941751263943903
18.96969211704727
18.99784283578563
19.02439162412868
19.048398037909386
19.072228932508303
19.092489815636824
19.112485458491154
19.133585119299074
19.15546269293835
19.171223257617786
19.185119887343653
19.20653333124282
19.230178787863185
19.257418874520162
19.287350013285995
19.3172215763105
19.3471750596918
19.37715993317836
19.407165902235967
19.437130626652326
19.46709998397038
19.491071326935142
19.521076913283096
19.551109030011133
19.581050366234752
19.611072473994284
19.641167881420525
19.67027160676503
19.694478636443144
19.71316233091006
19.74200429797024
19.769804132704564
19.793496483960613
19.818765903572395
19.84649998933587
19.876309250265056
19.898293275891483
19.925579066149403
19.947471205813624
19.971026400005936
19.99378833288362
20.01401907319859
20.02975372114939
20.05051369607119
20.074659617539638
20.102873130687623
20.131758324656133
20.160767669622416
20.18988955416502
20.219984562961866
20.24994495417219
20.27389254028405
20.30384020147368
20.333266067264635
20.359642669286472
20.38481630652926
20.411409510967786
20.43967847390597
20.461654121608607
20.490888160720328
20.5165806429989
20.541468712639926
20.56596625043877
20.590436896329965
20.614982586803702
20.639405453689395
20.663906465254456
20.687764230107817
20.710700008312767
20.729317671480597
20.750294885375236
20.77005482812246
20.79019501901843
20.810952027843662
20.83026185037256
20.853401716021832
20.88149172201146
20.910582893893558
20.934599153069964
20.96461038003153
20.994609304129654
21.024531667559092
21.054438071143004
21.083237915959927
21.111389590146995
21.14048104902473
21.168125283059062
21.194633113384803
21.21416179248484
