0.030158145467326626
0.05427240209982709
0.07525820565554509
0.09255406425349622
0.09637359490582151
0.09999037215138726
0.10661577240499864
0.11743461673976349
0.1250141378296017
0.12935207405328536
0.13047732569388162
0.130478592636902
0.13047900666610573
0.1328777647293013
0.14441169516378374
0.1633014256934375
0.1851672532703687
0.20991257890666293
0.23680000402284712
0.2601131812338273
0.28999738920206575
0.32012102797305453
0.35026620607900955
0.3804473921239474
0.4098927926588619
0.43941135462539904
0.4697206152282233
0.5000325262241295
0.5297672621407321
0.558591626314475
0.5873052512711747
0.6160450150095638
0.6399375036776748
0.6698045511996271
0.6998027406060925
0.7285978449782744
0.7572933932339106
0.7871590911339161
0.8167113349486608
0.8408192816515792
0.8702774978672899
0.8989931422335273
0.9268530863045248
0.9532657345833527
0.9782705470051098
0.998325433406556
1.0231826511231106
1.0470805146181854
1.0665215191084123
1.092173695154373
1.1199070799376478
1.1465586947323034
1.171462493831049
1.1981308224736826
1.2189249481600983
1.2432788963474044
1.2662859838975054
1.288649678076682
1.3116429554938114
1.3368941650276467
1.364802254837399
1.387239884494787
1.4170778808192341
1.447172610520723
1.477248040814814
1.501027505810259
1.53714070549736
1.5613167320463823
1.5916098810873902
1.6219088303986195
1.6521388632626226
1.6762999765131095
1.7065626410024746
1.7427607586648166
1.772799047709808
1.8027042388444288
1.8265872603778384
1.8563237172695763
1.8861264341744728
1.9100627279209934
1.9400341968823833
1.9699629728847676
1.9997147039018077
2.0285012760123498
2.0571019967341555
2.0825835494607765
2.1049050942293595
2.1308060668428976
2.159224588646172
2.1884588215127394
2.216573266378924
2.240576561342358
2.2705082418706692
2.3004228801008026
2.3301366903219884
2.3574299534733134
2.3846938978899512
2.410978144298709
2.437644146430921
2.465778542766447
2.4934923782811578
2.5221366617764076
2.5507257178523677
2.579717613263672
2.609145448051611
2.638633413830901
2.668566544195592
2.6985518061227256
2.7284055715688336
2.758255708178161
2.7881353452027966
2.8181360965108606
2.8421050800161796
2.8720306044988653
2.9019784861303504
2.9316710979116145
2.956897328758443
2.9808634226438566
3.0055034687873983
3.0338856285950984
3.0623695562102458
3.0861961668143545
3.112267991328375
3.1342157813657487
3.1512082368278422
3.172657763727493
3.1936764324475972
3.2119803511380423
3.2251723641301813
3.2354518539835775
3.249742772697303
3.266356382093913
3.2857475025503247
3.3128233297448197
3.3366780881438283
3.366625892438179
3.396590423680428
3.4205653086924266
3.450553025739544
3.480576770036573
3.5105941442714963
3.540620131220543
3.570608352666757
3.600513740454206
3.624473651096887
3.654506453644277
3.684507832767854
3.7140425652128863
3.7396736980930174
3.763280358491188
3.7870921496768064
3.8115382282625654
3.8396008045318495
3.867898485853355
3.895669412002179
3.9256171672043445
3.955578019729238
3.979591366583245
4.009623378138491
4.039581777239714
4.069519049715105
4.09867705064067
4.128016247378672
4.151590937316588
4.180850750931937
4.210064989974689
4.241208714334175
4.263767951311621
4.282701639357911
4.307319043267808
4.326959786568249
4.352738000463381
4.378812226732927
4.400732281650616
4.428247708201902
4.458144006377024
4.488102656221448
4.518128895852909
4.548132958550094
4.578184858856499
4.608232453933233
4.6382163097662525
4.662188440323605
4.69216347884879
4.722180899803986
4.752221580032439
4.782278600433597
4.8123389810478505
4.8363703040688675
4.865696361195194
4.89560590567849
4.925670544590686
4.955238669647836
4.982873548363393
5.006765764044354
5.035990307082154
5.060612134246012
5.090508770281267
5.119861840632393
5.143652153375958
5.172025348729169
5.201817012404875
5.225784927287305
5.255899381409172
5.285980376909499
5.316064951531849
5.346171972616052
5.376179930393975
5.406136534843207
5.435951408339073
5.465914882418598
5.4956486242111655
5.520837141184145
5.542772247473725
5.564733293400671
5.587377438542362
5.613398404555602
5.633143190703051
5.656393113811514
5.678410537078318
5.700189170853575
5.716776321289017
5.733472525085114
5.7521752183998105
5.7742261564297825
5.797059954984452
5.820564979539678
5.841032854160194
5.859154991659977
5.876410387452681
5.894977809119598
5.911335366803836
5.93000133772095
5.955809198218275
5.976828211809956
6.012815106334116
6.03674732799108
6.066538524493879
6.096361103283876
6.126298751330389
6.156201796708012
6.185913354769131
6.2091977073358375
6.238387868333007
6.268119039201007
6.298108400171268
6.327051469068207
6.350888599605295
6.379618889533307
6.407092946880474
6.434203974417421
6.4583944270700355
6.479050138242849
6.505273994105235
6.528862478442526
6.562708664433083
6.583785637771077
6.609549264247549
6.638001302715494
6.667656665929291
6.694285626387035
6.7119539825245065
6.735298708519574
6.7596901811990575
6.785309878165308
6.811530298866761
6.8340444129436575
6.849261505728776
6.8600209831202426
6.867116899523662
6.873375006537553
6.876460682403902
6.878268501223481
6.880892807462342
6.886445018002401
6.893405730800433
6.899985738489925
6.9053295016066105
6.910627745504532
6.9117875657548336
6.918806789277908
6.931415796816408
6.94657013696402
6.955000895367467
6.967460537163122
6.98175643234791
6.994906578326339
7.008131369380857
7.02193946265428
7.034280409186817
7.048377830641714
7.072636580315008
7.100772075445787
7.130524832225913
7.154534882172144
7.184592369605626
7.214657706313283
7.244490263014409
7.272498303670046
7.300982921402642
7.328761710884381
7.353727740525926
7.371126605152931
7.385329502704588
7.398588317482199
7.411391867650963
7.434950659895754
7.460193137678222
7.485459853084007
7.508533699094982
7.531564092720004
7.555116088623856
7.580227100215586
7.606666865366495
7.630559334719043
7.659326198093934
7.685014360724524
7.706892640064238
7.727579543797177
7.7447780481670465
7.760406889909739
7.771818918658216
7.789476009041813
7.8124885470116325
7.837386838756895
7.866351891691129
7.888202904611498
7.916232673940998
7.945358934296703
7.965951785404487
7.991907082872276
8.018026541680248
8.043104146554453
8.069717287289615
8.097098700765086
8.11882729298452
8.148040715843091
8.170390666866485
8.18837424972029
8.208742357922542
8.225628190782025
8.247716857338277
8.267737262326971
8.289576547841987
8.313034231431214
8.33311388233675
8.34712562159409
8.3560505224299
8.368107399923213
8.38014966801458
8.396001242931089
8.41111464725819
8.42720982935715
8.44799217431827
8.468175895111901
8.483792498571063
8.508025422748265
8.533878339221825
8.557089000302872
8.584757564323978
8.605971185547832
8.624788543260475
8.639979528864728
8.659703231154712
8.6838567518926
8.705937075227677
8.73771542003432
8.765576799452504
8.793068548032752
8.819436348797952
8.839802478041241
8.865209148289582
8.888898591631836
8.911941044086696
8.93846451812784
8.96179082564401
8.991504145723104
9.021369712749065
9.05137311118676
9.075459586404271
9.1055639845585
9.129666869293507
9.158614749123732
9.18419051920634
9.203986234508047
9.217951822735648
9.227692625434745
9.246005340179929
9.268903691772325
9.292127974375497
9.31578967641499
9.343776905904258
9.37096256687464
9.391986664436233
9.411833672140276
9.430570604204641
9.451736760952693
9.472527294503836
9.487037401267129
9.504602492064599
9.5181541383691
9.532485199459977
9.555776635068776
9.581884729095945
9.608167656332808
9.633994560461732
9.662648393867569
9.692567516660796
9.719994391373316
9.739245936184178
9.761113177898483
9.783719574245378
9.809564203962376
9.835112834703674
9.861331092545816
9.884162347932467
9.912452578760645
9.940529524286449
9.969295687804133
9.998988718542831
10.022894828960947
10.052068192319602
10.08211679739602
10.112027556118026
10.140558959478717
10.166818481277234
10.192069967101013
10.21575243786388
10.24064856771935
10.261046483138736
10.285558386962744
10.309256832047096
10.333066787139805
10.352210199569889
10.376250300744156
10.401659404905457
10.431162096842383
10.467291093114929
10.497222502059481
10.527030850629426
10.556715944344218
10.586591493092868
10.610536306538737
10.6396425059806
10.666621402917444
10.687712607965116
10.716892429270697
10.746528565869072
10.77225347699791
10.803387013584437
10.824715154104432
10.849811824130649
10.875690902517379
10.901479437569071
10.923302878820161
10.95157671095362
10.977353884280946
11.00049328981355
11.023497050690608
11.046529975238947
11.069696507283437
11.095540101605724
11.118686035906334
11.153108981789659
11.175491008894607
11.203590393427584
11.231293833213261
11.257816608837958
11.286778451741895
11.316698555225459
11.3464424027875
11.376277434948014
11.400029054426696
11.429625157336176
11.454807692484287
11.482361736326347
11.512085062722495
11.541942573473936
11.571732044810362
11.595612452973874
11.625579077127492
11.655470620867833
11.685394581062216
11.715348083273627
11.745159145311257
11.767508423760631
11.794629765614722
11.821779329295577
11.848688278957919
11.87588269576679
11.899519387037115
11.92900973153364
11.957882925203247
11.987448145479345
12.01700490501221
12.046318561343673
12.07577492849375
12.105364549971124
12.135075112176727
12.165068462673927
12.195327781164785
12.225505495446972
12.255563994691252
12.285499869293401
12.315509586035787
12.34564229667477
12.375807609248586
12.405857127376247
12.4358810373442
12.464524983546546
12.492407583636195
12.522573951305086
12.552657803261505
12.581627536402523
12.609750367572643
12.636739342988745
12.662799141286806
12.689790009972299
12.713763438829115
12.743789157819423
12.77395955859695
12.80412640620486
12.833789925893445
12.859281217469402
12.884719573117268
12.910093690562757
12.936481464625855
12.966419892561841
12.996433411350841
13.026334004535379
13.05017995929886
13.079364677812176
13.108646151263518
13.134019799720933
13.158767329914943
13.183639240362998
13.210052422170055
13.240283115223086
13.270406675605779
13.300504017755474
13.330662565086804
13.3607413718606
13.390903327433257
13.42100013569608
13.45112171083745
13.475280626961434
13.505378516227468
13.535349255919762
13.565087924569148
13.593437477430342
13.621832873575572
13.646604456838913
13.669132275869202
13.692195811187903
13.715289129553899
13.739012507037195
13.763039187994105
13.787194610759645
13.811547523291818
13.836194991394162
13.860781205667427
13.880523025741523
13.910024710402366
13.929594973034433
13.95393640719538
13.979310758346104
14.006683631778966
14.031568780614766
14.056390713522891
14.081108976790011
14.105909356276747
14.1257399385345
