-2.8526228354424705,5.493344605912225
-2.8543701265322263,5.471144992990505
-2.856589352706177,5.449886330923397
-2.858945191160695,5.432449497270608
-2.8602286073218677,5.4248223107343865
-2.860500845323353,5.423420322837526
-2.860500810138864,5.4234198979091195
-2.860500953428962,5.423419620128729
-2.8605009602039533,5.423419866844261
-2.8610027950918657,5.420911202004741
-2.863020918088652,5.41073183946455
-2.865695015299286,5.393751753821264
-2.867026931111187,5.3738909900530185
-2.8664179507022176,5.346330748942011
-2.8648703089629945,5.318713670642603
-2.8625826202451474,5.28978400209087
-2.8590027625838546,5.2605843182478615
-2.856114909249337,5.241751005070822
-2.850978084081168,5.216136851195158
-2.8439645999878667,5.187583899464807
-2.8337331990857564,5.153111796675656
-2.825178309411255,5.125135981671475
-2.8151531922102837,5.097351565722177
-2.8030263675035165,5.070053581646473
-2.7859595292074264,5.038584921495656
-2.7695203792123504,5.013626027960553
-2.752202186426714,4.989169772057725
-2.734111689892912,4.965357056004148
-2.7111201957687103,4.937740144396701
-2.6916011166690463,4.915618384805801
-2.6754886533790074,4.898407108438515
-2.6588448102395907,4.8814134481683595
-2.6404401135464037,4.862105250461406
-2.620856494988176,4.8409866178014145
-2.6060746166233604,4.825057866854657
-2.5962782971352345,4.814759315212091
-2.584505411300872,4.80298182303969
-2.573395206937737,4.792585609240109
-2.5645887818893565,4.7848126969798
-2.5571399972209776,4.7783934581806085
-2.5478620703045305,4.7703369718783435
-2.539850585651356,4.763126406025602
-2.532084422662373,4.755843372564398
-2.519984997081158,4.74375286976478
-2.504956871058293,4.728394350874113
-2.49120640925255,4.714545864728568
-2.4745881632331157,4.698105310519084
-2.4604968185255713,4.6847133137579835
-2.4472038063496915,4.672500236646815
-2.430806973119846,4.658503685535512
-2.415122752187655,4.646353011475533
-2.3999257613674003,4.635104516141599
-2.3877578517452753,4.62600922424691
-2.3752398619001793,4.616590574967676
-2.361191438558583,4.606463201281744
-2.345415006655935,4.595978388247802
-2.3266865919903053,4.584327792058564
-2.308089713323182,4.573843067504896
-2.2847170346356815,4.563012028923147
-2.2634547534818443,4.554928292892491
-2.242290700986208,4.547904143948821
-2.212702231537341,4.537751727526845
-2.188828810708612,4.528570547974241
-2.164116480887978,4.517450267413326
-2.1500162487140853,4.5111568327765825
-2.134794920685138,4.5049209459303174
-2.1176182490331708,4.498214108101727
-2.098286201289504,4.490633866699407
-2.0779830092042153,4.483101583300848
-2.0593077967738345,4.475992552481599
-2.039258705385353,4.467925059176309
-2.018569657671627,4.459111533652785
-2.0037699041652193,4.452872676691961
-1.987896153986171,4.4468332214947255
-1.9711589567488241,4.441135277557863
-1.95624336892109,4.436589974937435
-1.9421734143240974,4.43300556277732
-1.9298208672927415,4.430442094848602
-1.9090092494175588,4.427123187294905
-1.8827238691841754,4.423853676366161
-1.8543569716138546,4.420605190015291
-1.8277263126068015,4.418514725670062
-1.8027574162237225,4.417416853544324
-1.7743466971796455,4.417397146345174
-1.7477084359620454,4.417657398205991
-1.7287125413670836,4.417364720004387
-1.700023312781755,4.416144666559325
-1.67104057485387,4.415375685931632
-1.6416741588618935,4.416985590083151
-1.6121846765671806,4.421534975031426
-1.58649838949931,4.426925999440133
-1.5657427979487915,4.431754125811228
-1.545969168136448,4.4358441850604775
-1.5258910643192267,4.4382195281209
-1.5058112686002272,4.439253386307278
-1.4853606196894111,4.440338884766206
-1.4645050579370533,4.442866262950915
-1.4456365664603175,4.44698606387205
-1.4308777798513126,4.451469136286422
-1.4184030855399778,4.456175944033642
-1.4060290706027831,4.460898430324549
-1.3975332936599316,4.46427175641921
-1.392930960488846,4.46621891642828
-1.3911328486297125,4.466951094080697
-1.3896569250371589,4.467526752600299
-1.3871835666984167,4.468468695507645
-1.3843919846622488,4.469498562066054
-1.3824413081059466,4.4703143866779245
-1.3759587506197806,4.473311407592493
-1.361637772972663,4.48087454077989
-1.3384884841144742,4.494370027942277
-1.3159309080287043,4.507386370760502
-1.290612532176657,4.520346873114103
-1.2654173914131324,4.531063340737796
-1.23984288414486,4.540811136569179
-1.2081572802980447,4.551514626231503
-1.1829521425702716,4.560141825349862
-1.1557547106372459,4.571083046844142
-1.1357846689416033,4.5801306766231376
-1.1182330718515288,4.589056257205502
-1.0998800552864811,4.599385488290336
-1.0766503532723606,4.615022367173847
-1.061945118395298,4.627159860257025
-1.052072645378377,4.636400398212784
-1.041307933065213,4.6466146563776904
-1.0262973418665353,4.659757621648054
-1.0073125864007644,4.674595079352608
-0.9927499171692067,4.684820594324449
-0.9772168002491267,4.695230794188384
-0.9580552472510844,4.707893186145648
-0.9380664753205924,4.721807439695044
-0.9170813042759137,4.736989300471468
-0.8969076893839569,4.7535908881432265
-0.8794026998770176,4.770677423375682
-0.8652600725494115,4.787344123195081
-0.8557036711911077,4.800236022490722
-0.8494575704559331,4.809671136326535
-0.8393946668924586,4.825396588424118
-0.8308602419937945,4.838175243439059
-0.8251208405136705,4.846431874872269
-0.8190659832519586,4.8540020620687665
-0.8109384809692759,4.86265168234809
-0.7979322113993356,4.875276929170175
-0.7861489410255527,4.887020278333574
-0.7714351692695809,4.903645751029143
-0.7603479993568916,4.918441643965951
-0.7512183605893974,4.931759396694151
-0.7437017165858983,4.942728257658208
-0.7372392841843776,4.9522566945083835
-0.7316303145596623,4.960441293546039
-0.7277296451661524,4.966039005627171
-0.7239358185170107,4.971196983106402
-0.7176022178256356,4.979499632300313
-0.7110129040959948,4.987870459282268
-0.7002986466628136,5.002022449222931
-0.693480806424793,5.011104949883673
-0.6856113129684999,5.0214065564599855
-0.6710434369053981,5.040119599610234
-0.6594388069555824,5.055129314795396
-0.650829322280958,5.067254408267347
-0.6458180065987654,5.0751463211872725
-0.6404576706428359,5.084363539389702
-0.6344330181230783,5.095732329755846
-0.6309317016955313,5.103184730238663
-0.6291808801982021,5.1072259600408305
-0.6282593732831804,5.109345513668352
-0.6244189764264638,5.117442209639902
-0.6226613775034889,5.120959297117858
-0.6215099578540745,5.123296692888449
-0.6191669051900628,5.129265741072885
-0.6160760707100527,5.138841014937119
-0.6128062807978705,5.1494259695290605
-0.6087427301587323,5.162486033561846
-0.6046994672429089,5.17473569664876
-0.6022571582865691,5.181452774983611
-0.5996072044339027,5.18836468699287
-0.5985802599255294,5.1908151638092255
-0.5973085417172598,5.193520444598535
-0.5933640772949836,5.201697226922627
-0.5909755655680569,5.2066009019095025
-0.586333948126064,5.21629843123315
-0.580600198862018,5.228446435952214
-0.5737887325364321,5.242562867150514
-0.5644405541085209,5.260618515904718
-0.555262009395983,5.277787494963492
-0.5453476828692502,5.298683167227441
-0.5376269292350356,5.316781644949019
-0.5287992553033276,5.337313863013487
-0.5187898297434448,5.360056937292764
-0.5105573353068922,5.379748077068381
-0.49981589527227543,5.40442815245324
-0.4903173771059205,5.423444967078198
-0.47731313163231315,5.446883392061554
-0.4638950012664492,5.471123498617114
-0.45139807774947677,5.495811836368685
-0.4397785945135732,5.522586795384707
-0.4293597012318224,5.550546369889906
-0.4213654711574131,5.579323204684078
-0.4150582397195891,5.605860438098773
-0.40955442809589215,5.6284253449559705
-0.4028173157623547,5.652816215004582
-0.3969599740700298,5.674848805353807
-0.3924964696919723,5.697603519841713
-0.38830117686717536,5.723168660836141
-0.3859766224327283,5.736714103210638
-0.3830673570231634,5.751114868164903
-0.3802622323665269,5.762748808404422
-0.37675516544479376,5.775282515291739
-0.3733813512527187,5.787730209410328
-0.37054303963678753,5.802472116338759
-0.36886275392272705,5.821103569405047
-0.36843349537037984,5.834250859509778
-0.3679471169221176,5.8502181162626865
-0.3667805387721219,5.868515974414966
-0.3639398216175753,5.8905021847811465
-0.3573511737202084,5.917848820276852
-0.3491155230636551,5.941103856283767
-0.3396854719056211,5.96376628447897
-0.33047200882203925,5.986502698243467
-0.32160821594828465,6.0095810457458425
-0.31298211331394593,6.034211259625403
-0.30295924585334777,6.065334409184357
-0.29458440986781603,6.093613237819998
-0.2858114652114675,6.12192398602701
-0.2776835269537318,6.146551895687362
-0.2684996726981952,6.171587793455159
-0.2594895368180203,6.195629418740417
-0.24733226402262198,6.2265225496631915
-0.23568503262971358,6.254222082475387
-0.22329372760877744,6.2811913183610955
-0.20712878878606616,6.310726190333467
-0.19431423587302754,6.330135750385507
-0.17242421901233035,6.3587317082270935
-0.1538560077535917,6.382165653719182
-0.1310717159068858,6.410052264862583
-0.1098897828929553,6.4314912518474365
-0.08919551266182173,6.44733567865048
-0.06622921779230286,6.46063268485658
-0.04851425856330492,6.469196331762664
-0.02604798970333144,6.479755647576275
-0.007329392832395575,6.488506149067253
0.012410142349698986,6.497652138610882
0.026517647166694466,6.503769364893177
0.0425776203663581,6.511047279164709
0.05838246857976225,6.519004552297299
0.07316189327404915,6.528530775227859
0.08620282924200318,6.53908860664092
0.09879483379986993,6.551575991030051
0.10845339159044079,6.562980788377798
0.12403993921812904,6.583070403343554
0.13638801765716865,6.6010765860753144
0.14707645551306553,6.620853593980759
0.15551362168697283,6.643905650428223
0.1616189285953415,6.667835453573638
0.1669990942889846,6.6920751648826755
0.17304287912728428,6.715411210149275
0.18453961402925437,6.745322614242237
0.19918598819182276,6.77073906292401
0.2153581787529768,6.791838748789922
0.23597970660813503,6.814048045733297
0.24777829798749199,6.825031335300115
0.25631433924623576,6.832204935653861
0.2572062575680709,6.832931099506846
0.2544777132929073,6.8311740257529205
0.24999992971030183,6.828765777582471
0.2422000737518627,6.825196636548734
0.2419769493988822,6.825076648550867
0.2464045792450948,6.8263780155645355
0.2604705317726352,6.829637409237823
0.2767860440187956,6.831959909643467
0.2938141435973485,6.832700406842385
0.3086094165559004,6.832256328354581
0.333798344934383,6.830726076241033
0.3589331372989323,6.828527462563272
0.38404572900500467,6.82632112676963
0.4128242084394594,6.823768746400652
0.4424867225026498,6.820366937751072
0.4719487008952541,6.814642321777282
0.5005209521136225,6.806019307736565
0.528592576232926,6.796253756640881
0.5567950540223723,6.787306618606599
0.585644641435537,6.781147225887204
0.6152666728667053,6.779471137018522
0.6450011557725124,6.781639177165727
0.6799656282567025,6.786358757927605
0.700061414196181,6.789132328422281
0.7227123755432429,6.7913620213789985
0.7406835386543577,6.791725386601917
0.760400311412411,6.789677811655489
0.785572238743699,6.783517247625487
0.8102330625835595,6.775021426728976
0.833489887374027,6.766146657871522
0.862042312821121,6.753727484805279
0.8806957963406797,6.743756250855974
0.9006884588301853,6.731069472279858
0.9155888778969286,6.719669414517003
0.928802384507906,6.706765535338619
0.9408817343729196,6.6929572113582845
0.9551857575169774,6.676448204968665
0.968148266226412,6.663626412938471
0.9894536858862827,6.648246862502928
1.0057582446315476,6.640139934503446
1.0219379104879158,6.634508829133048
1.0395199491627336,6.6294772229455345
1.0628688347318511,6.623125077631888
1.0875293854184414,6.615678330127953
1.1045579715935552,6.609281257707068
1.1147974170440447,6.604502061675828
1.1191246903535614,6.602208944339168
1.1225069788624358,6.60026232576833
1.1264119469830849,6.598057749544588
1.1306550327335236,6.595808210599185
1.136677493211663,6.592672950470518
1.1406749414063697,6.5906983579114025
1.1475758097244446,6.587225718859694
1.1523379793870459,6.58462642000069
1.157642948971571,6.581407632514487
1.1628265942490725,6.5783098998882075
1.175348604661467,6.571981654692925
1.1892288098243504,6.565618114834234
1.2087338984381528,6.556123984392225
1.2231170545887935,6.548085417783812
1.2358103097974242,6.5402691718300225
1.2469208892865458,6.5330097343442874
1.2581755744663468,6.525518711774917
1.271563517118026,6.516453978672888
1.292539721729694,6.502427602727801
1.3076736306793546,6.492431051495291
1.3210620615200361,6.483679913576241
1.3380984551262225,6.472971469806255
1.3559134973462732,6.461385632006934
1.370599010770537,6.450960498803967
1.3811899993219239,6.442852301673183
1.3939297643633322,6.432453394116022
1.4064916774058323,6.421862676078632
1.4226448275379002,6.4087248129992584
1.4385012799084218,6.396556488455156
1.4612019451924978,6.380305358763799
1.485993899735645,6.363664216284012
1.5111152032735236,6.347254903194345
1.536447931790158,6.331363443416038
1.5618851410777166,6.31736778825523
1.5854380587305021,6.305672790312908
1.60429336904766,6.297480436044293
1.614946219953769,6.293503752129352
1.623692430327985,6.290999017308944
1.6341109638002054,6.28913406631639
1.6412165573651152,6.28845975430497
1.6500056854926146,6.288128960027656
1.660161553320815,6.288049075247344
1.667468606759097,6.2883517070163215
1.6739496111098384,6.289007207195868
1.6845366568254658,6.290122368430455
1.689422659143625,6.290561449400245
1.691862337607725,6.290747350749598
1.6937853620948438,6.290891004313807
1.6978298189189271,6.291066390624435
1.7020094938701227,6.29106293663212
1.7114658876915454,6.290646846259319
1.7265039378666323,6.28972464045687
1.73074064363158,6.2894765500420675
1.7323044622703179,6.289401063114755
1.7363170404006336,6.289167671661472
1.7411901588059513,6.288816481008315
1.749528273881506,6.288062923516028
1.7624343325187624,6.286592908563926
1.7856655452668118,6.283150996212799
1.8102549157016943,6.2787876363493265
1.8302040951121488,6.275016684235865
1.8457652528941826,6.271590182827856
1.8647689138739272,6.2658592356073175
1.885500004253665,6.2581388040464985
1.9087241907451147,6.249320690254826
1.934597003059474,6.24025582265388
1.9579964663026304,6.233385117633949
1.9833625874942593,6.2272713213454045
2.0052561505653994,6.223083547002738
2.027425117534924,6.219440562760788
2.0535084289094026,6.215128199638291
2.079049963469171,6.211727462675352
2.1007062354236177,6.210297543334201
2.1364413478015503,6.2103211072596345
2.166269004333388,6.212339995526538
2.1959476069544843,6.215748066529385
2.225054598687578,6.220687368273653
2.248272553529577,6.225337349561151
2.269868997333859,6.229795256586371
2.289141821650543,6.2335592536200775
2.3058462826541497,6.236314219368507
2.333257409561994,6.240318636429342
2.3664638239755287,6.245621552084552
2.387933229536398,6.249834895235279
2.4227631222091137,6.258020723877599
2.451773003188101,6.2656216481958635
2.474873784031792,6.2717891550603655
2.5069884884423823,6.28118611638095
2.528644061886487,6.288341700822303
2.5502586677311867,6.295602045298179
2.5785903049585652,6.305291950708974
2.61199391868036,6.318451652896701
2.639454583200992,6.330385764568829
2.6665101029450082,6.343175901283626
2.687084638281156,6.354019025543315
2.712468263328772,6.368643974006137
2.7378147378166315,6.38434461869752
2.7622698335387046,6.401342196618358
2.785746348239123,6.419869571995149
2.8123448287404123,6.443862527900104
2.829057587134983,6.460994108000294
2.8488182698038917,6.48299926313936
2.866432538076655,6.50473713566096
2.882524000158259,6.526829320245026
2.894388460123746,6.545164981805627
2.900859748836055,6.556499723969281
2.9057516271508237,6.565613629598078
2.9066335215427874,6.567238155442504
2.9059308162855673,6.565991402151848
2.90700065032803,6.567844129693606
2.909543993492525,6.572281592599536
2.912246599897788,6.5772696842401706
2.91336851664674,6.579569255864827
2.9171718937358455,6.587447906400301
2.9220477166758925,6.596950673551447
2.924986439085834,6.602147337117501
2.925341762127924,6.6027389613887895
2.9275327241850775,6.6057349122756115
2.935807218199576,6.615869566687214
2.94997675558531,6.631550770240592
2.9671413976626,6.649551246559613
2.9830425736429658,6.66640874985654
2.9986783733537417,6.683768224172549
3.0167998730104597,6.704898248308779
3.039464672506,6.732352162467935
3.0575729645149643,6.754609953688948
3.072898069073126,6.773449662666975
3.0854022519771886,6.78939930455733
3.0987165013119675,6.807990159702931
3.112015737425814,6.828635279245329
3.1258179454926207,6.8514867172862255
3.1395234151662863,6.877944432349753
3.1500349805869123,6.904766100430709
3.156058135156472,6.929406610012957
3.1585760224718187,6.947471580097642
3.1601777171448724,6.970268052420513
3.161531217388648,6.993914975418409
3.1636346415282435,7.018867479458135
3.1656071785939566,7.045121206316498
3.1678922065993707,7.080317598528558
3.169840660972363,7.110233268048569
3.172076221717891,7.140124274458294
3.173938938987452,7.175826223709103
3.173324705223233,7.205534852386296
3.171822391520367,7.230679381119174
3.169525214084079,7.253131813762796
3.167096570003322,7.271239040998242
3.1652591036877644,7.285612439425387
3.1633582090282353,7.299213163905861
3.160744692983453,7.315474809994571
3.157714132120196,7.3339389626293885
3.1545417805215696,7.352284393501826
3.150489545000702,7.373382146911031
3.147144614408254,7.388868523925091
3.1438264452497346,7.403722187646582
3.1372686396857525,7.4355053505392075
3.130904686076019,7.464630358372334
3.125000034697168,7.487157118006221
3.116937329724033,7.51557308947481
3.108965540926732,7.543774043640059
3.1027700829576976,7.565096532486127
3.095954542890813,7.586238606092785
3.087526629836812,7.6100296820378786
3.078767053745288,7.633421558584458
3.0652670064164136,7.666263919315758
3.054194754991108,7.691304066872713
3.0429049691239864,7.716241289265734
3.0312037991007488,7.741956261869729
3.0192442534868693,7.7676255392576
3.0083345887997406,7.791927678632613
2.999468007209881,7.814675499012676
2.9908329392404993,7.839906818168256
2.9832269840112433,7.868458344610755
2.977290319719583,7.89794200828861
2.9716527817715117,7.92735651002165
2.9643100439832577,7.956246020028915
2.9537321234103264,7.984083190833855
2.943645833863384,8.005782943953646
2.930630751283076,8.032846555777944
2.9189321477075922,8.06063716389599
2.90982218094369,8.089356247231771
2.901825855400235,8.118274680444596
2.892952860413902,8.146793071146284
2.8813053410602607,8.17413382776516
2.865406360357298,8.199149344031078
2.846757863154818,8.220982707028952
2.8322320286354112,8.234958892983927
2.8156220239175345,8.248705115849138
2.800967778051261,8.259240990322045
2.7803920168032876,8.271418067180417
2.754524148115253,8.283959124977613
2.7318632601514268,8.293656151327124
2.7144709271561176,8.300596019299933
2.699139339285023,8.306685599857083
2.688047707110821,8.311447587888564
2.6722264149520045,8.318994054537146
2.6491598272961707,8.330748324784045
2.6228340074048027,8.344985907380035
2.59688655663227,8.359963674499049
2.572621333369763,8.374639894934187
2.552470421871314,8.386895924072443
