0.020460666032959488
0.039431858486455126
0.0556412853604214
0.064054602429731
0.0660592198709779
0.06785474461328257
0.07306695900340157
0.07511958365491171
0.07513940687869132
0.07514027472294174
0.0751404560177199
0.07514062319769561
0.07555984985053318
0.08365645544116496
0.10067297705382944
0.11888830885070897
0.14537773480600738
0.17357707276295226
0.19680450033153402
0.21901034623775878
0.24155061507615494
0.2655161995525757
0.28946189221669516
0.31101133594069835
0.3273848445526207
0.3486329501784779
0.3736732102232727
0.4008748523073585
0.4284657209319267
0.45831267436073575
0.4882619799107162
0.5182790630728629
0.5483807408660527
0.5784197858919427
0.6069235067607059
0.6288193125189079
0.6555039356233838
0.6819974469260619
0.7085682804135591
0.7352688404611697
0.7620221815464149
0.7885637353673444
0.8157174595318425
0.8435680058379353
0.8731332489910548
0.902824185240618
0.9328897751932453
0.9568790182081928
0.9850093273939285
1.0147883441331536
1.0447028144057011
1.0746212907320778
1.1045299083506848
1.1343669731980226
1.1642425662671116
1.194108888486186
1.218068751188378
1.248133884767308
1.2782240935221225
1.3082032318735217
1.3382078425297395
1.3682354158356116
1.3982857713749526
1.4221026561305485
1.452007403384488
1.4813153084658133
1.5110857052025741
1.5400457667800829
1.5690449286675348
1.5983196885325963
1.6243080555348983
1.6446494184688065
1.6626965469830086
1.6839987917915835
1.7097107572167776
1.7397829065374733
1.763916002705967
1.7940311567733283
1.8217368274238221
1.8460439933447677
1.866932333486745
1.8881979684666959
1.911108320777923
1.935107076956888
1.9559993428336495
1.971908791283727
1.9928013353985403
2.0148737694165995
2.0359516272231772
2.0589051689857425
2.0782378044281535
2.104316331067968
2.1301376728413413
2.157149861209035
2.1840472914323255
2.212848096016905
2.2424495739362738
2.2716238051175885
2.2969792021037736
2.3226684795275636
2.349145731595733
2.3771907577343367
2.402860740379926
2.4261515037338146
2.4559737166159907
2.485912798464606
2.5158750353854593
2.5458472531528527
2.57573441955489
2.605613075054201
2.629559705656303
2.6594753901676307
2.6885457956689014
2.71852287387595
2.748456665729016
2.7784034068297303
2.808357684286022
2.8382819873569494
2.8621902321922175
2.8921009523295242
2.9212073364911832
2.950406466279612
2.9749765990242643
2.995962904760579
3.0167875456509163
3.044204105362376
3.0740166896156236
3.0961031790472013
3.123339216504049
3.1498078188205354
3.1775055690438796
3.207412168754041
3.237333776857858
3.2664914086833354
3.2897059734385414
3.3194245254545147
3.3493138239009363
3.379218972293865
3.408611529080854
3.437744149746185
3.4676152892697902
3.49752218279321
3.527415807467829
3.557222362909692
3.581048891717877
3.610821724167301
3.640706050782148
3.6706606929975973
3.7006520679001267
3.7307065925960696
3.760706735593193
3.7847152276113682
3.81474168689376
3.844739492443534
3.874781277218177
3.904841045921085
3.9348721732295155
3.964911077371161
3.988916954713999
4.01890879243385
4.0488707935846024
4.078628042955795
4.106640107456242
4.126255646931329
4.152199121357323
4.17824278099616
4.208053971359427
4.238192955965383
4.268342932494864
4.298473814035194
4.32856139788523
4.358688422079202
4.388808650511521
4.418915595630759
4.4429611559578985
4.472216868662826
4.499119006590951
4.525103523597159
4.547450415796709
4.570588983725118
4.594552974946243
4.616707622703352
4.643508177030321
4.667868925417517
4.685630457860934
4.707721582913086
4.72968337223728
4.7556617540883614
4.785550098921175
4.814332599609939
4.838839854398814
4.865743918129759
4.887743504080973
4.915122760540104
4.942389443202582
4.969759400701605
4.99717236570223
5.025094209146859
5.053152143833987
5.0785275524155935
5.102339397885392
5.128952453506294
5.158291615421322
5.181224781156636
5.210904597879993
5.238587376823541
5.262248442070524
5.2883351489612425
5.314273553049008
5.3403328056299735
5.369316473081416
5.3993340244162695
5.429363962522883
5.453406944338276
5.48316797377163
5.512968729105745
5.541269545612597
5.5712731702857745
5.601303415701838
5.631330867904697
5.66136682968107
5.691397389390799
5.721413079934927
5.745437906480014
5.772252997011796
5.796880757171717
5.821196446435949
5.8448677873878
5.870670111952786
5.895977860030243
5.921348549076941
5.948432810112375
5.973357316126295
5.995041115989741
6.0160364647863585
6.045271485800986
6.0723572049815955
6.100117837588094
6.129573052852661
6.158903277460535
6.18872427977259
6.218709786623476
6.2486985447511065
6.278712165617617
6.308727403322095
6.331780279469996
6.35870894737798
6.386810392655166
6.413867694633573
6.440927356050288
6.470825076509031
6.500463746998281
6.527870945517449
6.554172571080767
6.57917191841386
6.601556959542225
6.630855407317133
6.66091273232242
6.690907718138992
6.72092265336091
6.750954968832684
6.7809799097524115
6.810941748246703
6.840047611622711
6.866316222790049
6.890688367078717
6.913639213234231
6.930309632821042
6.952096483493964
6.978354245490649
7.0049151137430234
7.0318791228404915
7.058742956338451
7.087880789087146
7.111859101185458
7.139344166675294
7.167282061658577
7.197172763223801
7.227229475774438
7.257187685186862
7.281121607415099
7.31111385941084
7.341104713475522
7.3691991651271636
7.395336167719071
7.424269484608256
7.454216380183754
7.477676722454425
7.5065248029039155
7.53197886988192
7.554916972243455
7.576514247403415
7.596265970600755
7.610896833706966
7.631864916160593
7.658329253977957
7.688218179252226
7.71806642134426
7.748022984545996
7.7717484754312895
7.800841247010537
7.830499823495824
7.8539083831965835
7.880754331203686
7.906401046265476
7.932914319864162
7.959975988551819
7.985437465288855
8.01165155846948
8.037691019035805
8.060636214575492
8.090642816920253
8.120700903824059
8.150549815605467
8.179997796131268
8.207395255630779
8.225102740228833
8.24451520410504
8.261964869923663
8.282418013435715
8.29780545673442
8.315102835769636
8.330927630104702
8.347350499372554
8.358515062889726
8.372550656844586
8.38186764028931
8.395753046933379
8.406448953338215
8.417636401208574
8.429220859967508
8.43629629988125
8.439428972252484
8.447583352825314
8.456072414189748
8.467825533829311
8.477856945395928
8.492189782484976
8.510168914089238
8.527567949102682
8.552874107145124
8.575251462674384
8.59544616270742
8.613232758583921
8.636673143690455
8.658063107367662
8.679205197215028
8.699802356927716
8.72585307051309
8.755641254566836
8.785436978331411
8.815425920318805
8.839429909297031
8.8694323350075
8.897438104255007
8.92654066265312
8.956538949406845
8.985246836913836
9.011058169711434
9.028791153975671
9.052145512101228
9.07522370298564
9.098112659817362
9.121463566162397
9.148166490310015
9.166565629461408
9.194464043003338
9.216446187905872
9.234586372546495
9.257959130718922
9.278835332767056
9.299111574661143
9.31980154470467
9.34085522505238
9.361788101101556
9.385400333520678
9.40971609672969
9.42861740643565
9.450506673279303
9.467717680292383
9.479578112190556
9.494623833665562
9.513982521426401
9.532352003715706
9.552629350848354
9.577584214136422
9.604590724648846
9.624576539353528
9.65108275294412
9.676334663929396
9.70193066458333
9.731372453198807
9.761345485026073
9.791325316733921
9.821349991091012
9.85137556361852
9.881306845100514
9.91120981829031
9.941177557007888
9.96515890981841
9.995094680717958
10.02508161723723
10.055071338252956
10.08505246712911
10.114262573055946
10.134698349718231
10.163018842014663
10.192912560584832
10.222200434662582
10.251265035544693
10.280973516924837
10.310575854730997
10.340050458097869
10.363751672922904
10.39368442987261
10.423569865302849
10.45338865125559
10.482693055922221
10.51091669474084
10.540758790235502
10.57061579485104
10.600555343156467
10.62127073858912
10.644669763131839
10.668138556811728
10.696565957339274
10.726572421911449
10.756679724900557
10.786795918605057
10.81685432874809
10.846782832209092
10.876566688352183
10.906352482840346
10.93627160742347
10.960301845250553
10.990448274009694
11.02064423310759
11.050745364799623
11.08075610660428
11.110687042663333
11.140626447282107
11.164548111127482
11.194463930475209
11.224354766727036
11.254256621620861
11.284141760141242
11.31406895293526
11.344004451428484
11.37402225130729
11.404084052008894
11.428071885743913
11.457487109225335
11.485194894747574
11.50860027191858
11.534036827366162
11.559604733742564
11.58528637937023
11.609423807801464
11.632611936437597
11.650806614994652
11.67264052635431
11.694729047676644
11.72004186609396
11.745619574038228
11.771310765150002
11.799292747993022
11.829137712431079
11.853046668289524
11.882311847669213
11.912169174708273
11.942167312293957
11.972290219689615
12.002121119487747
12.028663362582112
12.055308143058486
12.081831015296908
12.108623223270529
12.138487793749224
12.168274067805273
12.198012651561182
12.221849636762666
12.251737123741115
12.281691783458898
12.311624067969948
12.341576618443485
12.3715685109913
12.401519923614993
12.425497138395954
12.454330137422318
12.479819125554831
12.506688651162401
12.533545700627924
12.560273180408965
12.587774442651106
12.616277720489474
12.638393015649774
12.667951435078296
12.697835533104685
12.727746725904277
12.757669972091264
12.787681160925901
12.817745348988145
12.847736353024498
12.877722031163204
12.907739469205268
12.937793916650218
12.967802682459125
12.99177474283175
13.021698786752145
13.05159788017403
13.081450823612052
13.111320427201102
13.141189887638097
13.171134131059729
13.2010754758098
13.231079663930071
13.26107199791009
13.291032491555793
13.320998933184791
13.344959684797082
13.37490426434405
13.404849720352454
13.433537448296924
13.46270388583303
13.492644747725292
13.522628218154415
13.552620947330107
13.582613585588799
13.611841897397532
13.639764618896677
13.664680893151655
13.68913897633709
13.714194259395166
13.73973598008294
13.760149147098112
13.78940519162913
13.81819975162544
13.847174289737849
13.873145519203758
13.900003853998733
13.924508825933826
13.952825858447593
13.976635321036927
14.006675138267545
14.036632272954199
14.066555078740572
14.09651050465988
14.126545481688977
14.156564756007256
14.18657969448204
14.216631852987167
14.246636013462073
14.276528362543312
14.304934362905913
14.334761325618057
14.364798061107516
14.388806196697999
14.418722397890939
14.448734554184478
14.478707451330424
14.508752711681089
14.538563295640458
14.56781156993979
14.593837639685553
14.619099586999369
14.641930625792762
14.668062781732374
14.695736356445318
14.72085314779183
14.744526139977067
14.77025245561583
14.796463510729636
14.818339546406895
14.845490354888929
14.872503152079203
14.899519526973382
14.92889991828009
14.95742823609572
14.982100347968794
15.00600722248677
15.023526501570608
15.042733559936678
15.06328554957263
15.085831704715176
15.10839809923159
15.130487385108168
15.153561855148828
15.179410782432397
15.209462839519318
15.23348042651242
15.263406654058953
15.293275370701043
15.323125075884073
15.352965255791158
15.382940367970315
15.407013926594386
15.437210438764215
15.467460062889161
15.497641224260914
15.527873773412225
15.558087884098853
15.588321543424618
15.618512372869299
15.648716423755701
15.672869368511872
15.702948804417515
15.732979593780964
15.763122967544426
15.793377470137182
15.82368589140001
15.853935786297574
15.878057585426255
15.908115960543523
15.938079730313383
15.96804599908968
15.99798059371226
16.02795122508345
16.057929684556235
16.087897849350835
16.117948513625915
16.140396077444773
16.164837144502254
16.189656632476694
16.216748447222276
16.24439868595708
16.26934128145493
16.292947372502066
16.312263041814163
16.337432564798004
16.36499536360218
16.39343867390356
16.423263052342207
16.447330178214557
16.47745542156558
16.5066626831856
16.535314639770387
16.565184179449915
16.595205787098962
16.625280033942623
16.65544236573497
16.68559355797948
16.709624812023947
16.739555942458995
16.76944281890675
16.799277900244522
16.829099201887505
16.858987598460345
16.889011152733023
16.9130242103633
16.943053153904096
16.97319122143085
17.003263943083528
17.03335303238869
17.063374519535614
17.093372765435966
17.123294186313085
17.15017175260139
17.178541169810728
17.208583158870503
17.231780875476527
17.25657241585214
17.284988901108544
17.31497608711971
17.345033885145124
17.37517513496544
17.40540689456106
17.434963356637073
17.464363293330408
17.487800672045655
17.516982480352038
17.546025915405668
17.575674095192028
17.605443209177196
17.635092142251963
17.658897458728852
17.688776601066014
17.718785436960747
17.748911433623253
17.773091400505574
17.8032382913993
17.833270211759025
17.8631748702464
17.892940842021815
17.922587182330936
17.952184056442842
17.975906948374497
18.005644861833833
18.03554342959255
18.065378223889436
18.09505425114551
18.124664821936353
18.154392865658806
18.178283359425404
18.20826817812601
18.238379330255338
18.268544631375946
18.298598229721804
18.32852285399683
18.357952402946083
18.385027520869667
18.411686589231063
18.441190461043178
18.463119357760664
18.489703698456168
18.518647509986955
18.547865086473728
18.577583406250415
18.604660442606836
18.631261992248398
18.65310061633752
18.673625199349065
18.689951526283142
18.712379492997226
18.738555755754682
18.764866360552894
18.79120050783072
18.818149301609864
18.839921487328276
18.868323990476334
18.89827530696574
18.928325564149777
18.95840071197368
18.98840655515343
19.018423812397057
19.04841616710875
19.07725300391069
19.10608234365536
19.136158509976745
19.160203248975606
19.190161082468382
19.220461655038687
19.25081866658009
19.28040836111479
19.310323391690083
19.34020409269555
19.369643721008327
19.398987412740606
19.420869084276465
19.44834124479372
19.477148174463792
19.50704275264607
19.537240762853042
19.567475445091294
19.593771128399705
19.61908126526264
19.643001492512763
19.663643378576214
19.685878878486353
19.705105631821645
19.727399225786
19.75574803718405
19.779840427785988
19.809911794884442
19.836362873225813
19.857415057929227
19.875851099114428
19.899011516647285
19.92630493106211
19.955268799942328
19.978933633808445
20.007547684601747
20.034819430967918
20.05989753793588
20.083913286111507
20.112693358290795
20.141367767317636
20.16528833575144
20.19527320764257
20.22527159729003
20.25528923271674
20.28441735425137
20.305707563802088
20.329443054448838
