8.235350748151845,8.00331957592401
8.233566842515904,8.03326223052132
8.232047783243278,8.057209900546628
8.230439136859705,8.083164908720642
8.229660239086035,8.096746367425922
8.229529726158122,8.099143455428331
8.229423374602343,8.10114100376337
8.229279198974828,8.103938339891261
8.229215608871526,8.105213702505676
8.229215013263557,8.105210835601024
8.229215603840311,8.10521114471534
8.229215734165011,8.105212159530696
8.229215126549654,8.105212084881616
8.229215663553557,8.105211585506131
8.229014917070772,8.109512501123227
8.228568902012752,8.118786880890339
8.227479764911152,8.13431435971629
8.224886163322726,8.152191620678293
8.2187753686653,8.176023010602817
8.207890229935389,8.203106756093579
8.192698977181573,8.228589787458416
8.17384659452263,8.25156671138818
8.156762153628176,8.268166852643446
8.133565210737238,8.286880128756689
8.108709472071775,8.303368585853422
8.08254618117997,8.317700447605066
8.055239982002028,8.329700599981411
8.027014072826681,8.33939000463301
8.003947414533693,8.345589044051108
7.974659846902148,8.35141053710674
7.94503646726263,8.35532139749524
7.9211946156498385,8.357208258124219
7.891305327981247,8.35817627257022
7.861393065583982,8.357769693323672
7.831523249526103,8.356071864126452
7.807689914230481,8.353829113201991
7.778013793697715,8.349973929412663
7.748513579394065,8.344959135468969
7.719229739545951,8.338793671694162
7.695983474222082,8.333068787740975
7.667179067848605,8.32492469212659
7.6386553527751735,8.31582984609938
7.610395950647468,8.305914403172094
7.582366609584834,8.295325708670365
7.560311028220308,8.286162548681142
7.533402293309445,8.273097934950872
7.507130230750749,8.25881067169282
7.481689429772176,8.24312213612949
7.4570474057984155,8.226165043037536
7.437964627302664,8.211754944428211
7.415036352766793,8.19257325944598
7.3931536428299225,8.172197552984178
7.372223659821037,8.15081850603779
7.356074636334902,8.133141159450329
7.3365884386754985,8.110407732842033
7.31766586913133,8.087183983988714
7.299077226886546,8.06367029889804
7.28436516532741,8.044733608302968
7.2658523530738615,8.021137410447663
7.24712555714744,7.9976974811367185
7.2281109152709035,7.974459964317824
7.2087566892940185,7.9515045095438595
7.188748618215109,7.9290627653993
7.16783355048576,7.907452026991514
7.1504344747376,7.8908221727443495
7.127934976461579,7.870886889709765
7.10493760070505,7.851571758051682
7.08168459491173,7.832593074984138
7.0630461990462035,7.81746943559808
7.039725733249379,7.798589044051549
7.021047871088406,7.78352315553323
6.997715999742998,7.764670230537826
6.974441719426826,7.745762060397489
6.951418353624867,7.726560968385166
6.928548738963353,7.707165279511111
6.905756915454018,7.687674706592103
6.883194377322636,7.667948729630654
6.865443865326993,7.651850368607272
6.843777912482651,7.6311843514115765
6.822637502671022,7.609946237769873
6.8017332982861625,7.588470723359294
6.785322252666512,7.570994842813143
6.7650384297322494,7.54891274451248
6.744683759038922,7.526842930972596
6.724059511331958,7.5050453139794016
6.703331077118308,7.483324132384521
6.6863065872059835,7.4663491942394
6.664767682051996,7.445474065682834
6.647442888445498,7.428834571033566
6.6253555907619965,7.408490255962426
6.602983501825399,7.388993307667861
6.582693654888427,7.373227890170011
6.569171552971726,7.363803833824574
6.556094943524775,7.355827426701245
6.542988469445179,7.349045110586538
6.526482887321714,7.341665607862409
6.515186132804417,7.3373769876650075
6.5048275910182065,7.334053838230568
6.503984147377009,7.333784451049595
6.508027688453123,7.334607701223206
6.516276477219308,7.336206385860271
6.529348561694956,7.339062368304555
6.543944270072347,7.342906415027384
6.562503560144354,7.34804820168166
6.581559283496298,7.35229803918646
6.608041466374459,7.355566215477709
6.637731230220635,7.35622843199102
6.6652969945417855,7.3534208994067605
6.681410831476962,7.3496485608450515
6.692356598934102,7.345550679815868
6.69388132981891,7.344798461200049
6.691997310473479,7.346217782813424
6.686498225871027,7.35126449136892
6.677906034021883,7.360061474442455
6.669771884334109,7.368743560717663
6.664714262554506,7.37408476403185
6.665656682278954,7.373125777611821
6.670695912479553,7.368295586892565
6.679291560106615,7.360922607768047
6.681872426342223,7.35897101186698
6.677955752490496,7.3614078247529715
6.666379615733854,7.367614458121072
6.652497065185391,7.374343987898879
6.636161098404757,7.382615506174663
6.616155337445751,7.394109444656751
6.598550805002698,7.406192920332555
6.5770197298900595,7.422880350208771
6.555221991690885,7.441501537689588
6.5341465968750985,7.463123708859349
6.51922749714252,7.482163892429348
6.503838633653053,7.508187142657882
6.491683870385505,7.535825045727267
6.482180608242566,7.564439881836745
6.475734122633939,7.593971775803889
6.473575794568349,7.624159542654185
6.47636790479017,7.654287803041957
6.481161639156232,7.677592159631033
6.488680178988729,7.706249173402954
6.496015140334988,7.734817907488103
6.501164291455201,7.763003577127989
6.5038303118692955,7.787483210654045
6.505411951125042,7.809751243983872
6.507042198409489,7.827599216740081
6.509658862611808,7.849646555503433
6.514341008154307,7.874614057015588
6.521857019979424,7.902092663148967
6.530272250338061,7.929179823020596
6.536392209718397,7.950929284547802
6.541927992633894,7.978189331325005
6.544706776141363,8.004848619985488
6.545904210091256,8.032876193662814
6.545830072636144,8.062010869279625
6.544125597831336,8.091753442494568
6.541791654053548,8.11550568233601
6.537428238090433,8.14502067740706
6.531927155035325,8.174373804467209
6.5260951653465105,8.203669375900395
6.519310244629556,8.232692932450846
6.510861964088771,8.261365362512432
6.501352628953978,8.289802912131332
6.493922137051839,8.312644288641039
6.485502376794704,8.3415551890355
6.479784480175673,8.371193415064544
6.4767350437075,8.401147065316009
6.474808815552741,8.431113248723355
6.472642496310767,8.46098235234552
6.470269477663908,8.484816360321554
6.466399440571567,8.514498729647546
6.461431436621737,8.544005137087877
6.455251143089351,8.573276348732566
6.447798245007778,8.60226040642221
6.441277134627245,8.6253139541745
6.4321508582803695,8.653817267156853
6.422186175989335,8.682058190822348
6.411477789833006,8.710025245797006
6.402523453539327,8.732272116442081
6.390979151505132,8.759926363278636
6.378908424397031,8.787351136214948
6.366289475607031,8.81451246674789
6.352899799951558,8.841306339560706
6.339049753091023,8.867899814382978
6.328006785519033,8.88923949334523
6.314693694065272,8.91614333082275
6.301285225997197,8.942963477856251
6.287805675088607,8.969781849276972
6.277293686282352,8.99135384046681
6.263863809932159,9.018163388106528
6.250425671021919,9.04499446552732
6.237268538398014,9.072016562862105
6.225161488783311,9.099512661632888
6.213204008214847,9.126996025968245
6.203136980052798,9.14872405348581
6.189563176334264,9.175368776304078
6.174341000277007,9.201034407198728
6.156925796663986,9.225223744560102
6.137107778333593,9.24721971224975
6.114790794486178,9.266871721347465
6.090283108940845,9.283775241446202
6.064282887173273,9.298441266218502
6.0373307024458756,9.311326582572894
6.01521155896739,9.320397414775002
5.987024632555546,9.330388216861191
5.958410639771066,9.339166338995756
5.929521469708991,9.347062058288468
5.900433511065206,9.354207435507144
5.87118743635362,9.360722313360846
5.8477068238695935,9.36554595155146
5.818252403239616,9.371016013418723
5.788687022589292,9.37572675986957
5.758988795123829,9.379275986216141
5.729168273418969,9.381216070686078
5.699274776038811,9.381474202676888
5.675336093805844,9.380691764012058
5.645478746621797,9.378771674101998
5.615769005872336,9.375436307034517
5.586306794886255,9.370423461616124
5.557143547419252,9.363786602955539
5.5282085089587545,9.356078992666092
5.505228276917393,9.349341113457303
5.476785393063213,9.339995909804285
5.448635302175993,9.329812815304996
5.420782151443243,9.31878989160701
5.393224582805856,9.307073849743862
5.366046291100123,9.294508805122605
5.344561621932277,9.283916210030567
5.318033364893399,9.269992483502406
5.291865030223948,9.255450666036525
5.266215281077049,9.24001680149947
5.246097570805315,9.227041170802503
5.22161555170391,9.209845720298016
5.197739016472247,9.19177440597
5.1743411978438845,9.173075054242343
5.151366365429158,9.153845932235216
5.128859156566454,9.134093579514115
5.107011144070852,9.11362831727137
5.085833523510304,9.092464898571755
5.069357724414745,9.075074385770346
5.049291711140829,9.05283853606707
5.029779049149463,9.030113237588976
5.010791752723784,9.006940122920268
4.992327388640911,8.983351087832496
4.974342675859293,8.95938182283762
4.9567575885828274,8.935110667278632
4.942884776876197,8.915543980582166
4.9257768707906315,8.890927800082055
4.909057606792349,8.86605861333766
4.892784289756303,8.84090070067286
4.877053002557291,8.81540135345108
4.861720275718427,8.789645393278427
4.846766992597909,8.76367169465784
4.835119863439536,8.74272518005947
4.8212614996186955,8.716184264804653
4.808037374670389,8.689292975049977
4.795229035316321,8.66220049528164
4.782930129571533,8.634878969211245
4.771277897172991,8.60728931874902
4.76246829257402,8.585006076639392
4.752045914273117,8.556913229163177
4.742005148418667,8.528662672107789
4.7321473317711185,8.500338505155431
4.722424636444735,8.471964075991252
4.712768913055709,8.443567903005555
4.7033133569085015,8.415117638393186
4.695958846917862,8.392282578736179
4.686778317586785,8.363709804361312
4.677110676529929,8.335262024779142
4.666730423334879,8.307059990558665
4.65542803855923,8.279207464471042
4.645891346325952,8.257151205446494
4.633645550795602,8.229750657261226
4.621038946223868,8.20248330937185
4.6079173417667265,8.175478372595391
4.594598131295113,8.148588124884089
4.581250731297506,8.1217278357722
4.570642454216366,8.100198296643859
4.557194026823001,8.07335646718535
4.543386144710004,8.04669504231948
4.529230254030223,8.020218581026342
4.517721943497562,7.999147312425828
4.503249625361076,7.972863157373747
4.48873735390202,7.946607092279359
4.474337794042726,7.920305873247309
4.4600939367643075,7.8939051199734385
4.448637076466544,7.8728065732223245
4.434178998525182,7.846510329465727
4.419643722742106,7.820263632841906
4.407990402190155,7.799278600034766
4.393375170612161,7.773076246921921
4.378736155522933,7.746889540797475
4.364072175707639,7.720714283712045
4.352300164512069,7.699790368839595
4.33744980149033,7.673718144380041
4.322571922852576,7.647663379316019
4.307689176900724,7.621619756044774
4.292847464309016,7.595553634409748
4.278093039645662,7.5694376938498635
4.266326824798399,7.5485255979116825
4.251767950435767,7.522314145489019
