1135.5640614222727
1135.5838014267556
1135.60231949646
1135.6123059720123
1135.6209469166934
1135.6218006397778
1139.2588163439636
1139.2588628333922
1139.2588945625369
1139.2589080468097
1139.2589128075526
1139.2589358100763
1139.2589752063727
1139.2589962664938
1139.2590130337421
1139.2590380939118
1139.2590383906847
1139.2590547346804
1139.2590643973733
1139.2590742962445
1139.259078571836
1139.2590828094048
1139.259085939376
1139.259088330793
1139.25908975008
1139.2590907128522
1139.259091747003
1139.2616879807233
1139.274014949922
1139.2937897591073
1139.3130436973406
1139.3414685100524
1139.3712991118923
1139.4011571874635
1139.4309162898544
1139.4548008715003
1139.4847609925846
1139.5148431663838
1139.5388700072883
1139.5688216420133
1139.5928583734399
1139.6229131575078
1139.6529045690884
1139.6828953032384
1139.7129570235218
1139.7370283168243
1139.7670126245573
1139.7970113090096
1139.8270887985905
1139.8510730879746
1139.881056679675
1139.9111027997383
1139.9410610404166
1139.9650988893693
1139.9951785809658
1140.019152763615
1140.049045154029
1140.0730381412552
1140.1031362838378
1140.1331732187568
1140.163112235464
1140.1931346064441
1140.2171587652817
1140.247194994085
1140.2772589276956
1140.3073209956428
1140.3313617275642
1140.361412290726
1140.3914534817272
1140.4154626399836
1140.4454440220125
1140.4754063048567
1140.4993816280078
1140.5293263445246
1140.559246997895
1140.589170285735
1140.6130820723802
1140.6429926540104
1140.6728981148092
1140.702823987539
1140.7267804539877
1140.7567469525684
1140.7807307561516
1140.8047223609733
1140.8347075978013
1140.8646743129464
1140.8885958952242
1140.918522767072
1140.9484253353887
1140.972355010421
1141.0022667192407
1141.032162717473
1141.05604056355
1141.0858126241887
1141.1156037143778
1141.1453150455166
1141.1690373991237
1141.198743618072
1141.2284648219925
1141.2522206657566
1141.2792404893837
1141.3044491236985
1141.327415226916
1141.3458333854344
1141.3709386398375
1141.391118099319
1141.4164527208577
1141.4440427138486
1141.4728321444923
1141.5002312850845
1141.521721034327
1141.5498961049038
1141.578686956703
1141.601613466841
1141.6290277038936
1141.6567180886273
1141.68012856964
1141.7089420646664
1141.732692261615
1141.7623573767798
1141.791976447962
1141.8214705677115
1141.8449287594701
1141.8742266701859
1141.9034545380844
1141.9326250430727
1141.9620022259373
1141.9850139343987
1142.0130526017406
1142.0412289976373
1142.0630442932343
1142.0880818804085
1142.1129347477902
1142.1340679013194
1142.1590960253002
1142.1781234353675
1142.2008698170544
1142.223863790582
1142.2425682076484
1142.2667480076211
1142.2921518773355
1142.3131428262955
1142.3406846920338
1142.3605526285096
1142.3854493335439
1142.4118173877173
1142.4331316325529
1142.4601201086932
1142.4879913601187
1142.5106845976213
1142.539528980913
1142.5618998125792
1142.5891149091233
1142.6168124896092
1142.639853508272
1142.6685258279515
1142.6969309968795
1142.725197118933
1142.7527597069572
1142.7746151108756
1142.8019117910878
1142.824193605863
1142.8529620395714
1142.876048861066
1142.9045978424247
1142.9273134895393
1142.9499857274702
1142.9781070753513
1143.0003279253335
1143.0280479052062
1143.0559647234643
1143.0844088812423
1143.1072696652443
1143.135881293442
1143.1649656915777
1143.1885323760364
1143.2180061834565
1143.2476733162819
1143.2773720093514
1143.3011748458887
1143.3311175910421
1143.3611012684855
1143.391091197392
1143.4150814487293
1143.4450749593234
1143.475073828369
1143.505086482228
1143.529104747353
1143.5591140734787
1143.589162804258
1143.619224720058
1143.6433035855116
1143.6733766582652
1143.7034278407352
1143.733457979831
1143.7574712594749
1143.7874685031413
1143.8174426815028
1143.8414269442262
1143.8714362283692
1143.8954493020958
1143.9254595960645
1143.9554613921864
1143.9794523604216
1144.0094392020437
1144.039420835664
1144.0693838170941
1144.0933396176908
1144.1232774540906
1144.1532270263633
1144.1771914723872
1144.207152410247
1144.237089939667
1144.2670076814384
1144.296937020245
1144.3208889884284
1144.3508474598746
1144.3807980105712
1144.4107630860567
1144.43475378635
1144.464690647701
1144.4946057482316
1144.5185344159465
1144.5483781949767
1144.5782356628529
1144.6021648839596
1144.6320861910594
1144.6620229096766
1144.6919067857382
1144.7157320853994
1144.7453757278406
1144.7749426495109
1144.8045846238224
1144.828362060338
1144.8582326003811
1144.8880755483062
1144.9179606282294
1144.9418575499283
1144.9657365992973
1144.995585025223
1145.025432197649
1145.0490473456828
1145.078726250446
1145.1084554499705
1145.1383200494997
1145.1683542256467
1145.1923608722047
1145.2223391985972
1145.2523222633145
1145.2763216501658
1145.306332849094
1145.3303456977567
1145.3603423020927
1145.3843274323845
1145.414391385927
1145.4444464405692
1145.4744598734578
1145.4984835081495
1145.522511961591
1145.5525716595869
1145.58258654879
1145.612568088068
1145.6366006888863
1145.6663573296344
1145.6900261985613
1145.71944716808
1145.7417176932045
1145.7685606267094
1145.7952610180114
1145.817024154587
1145.846556825354
1145.8759851344416
1145.899717417821
1145.9293851873736
1145.9590670628877
1145.9887352686737
1146.012444356779
1146.0420903302168
1146.0717079631822
1146.1006388957585
1146.1229838851054
1146.1519108312118
1146.1808711997069
1146.2039074037095
1146.23226777631
1146.2614930680977
1146.2905333561014
1146.3136736053575
1146.3421233298004
1146.3649204200676
1146.3934239449152
1146.4219048251168
1146.4446937944476
1146.473235388797
1146.5018181315174
1146.5308084221506
1146.5549600354148
1146.5850840055862
1146.6151731288278
1146.645260034029
1146.669318047783
1146.6973157747589
1146.718302373605
1146.7479534444876
1146.777213366083
1146.7988294976642
1146.8209209220113
1146.8319737882528
1146.847669642073
1146.8681521194856
1146.8879864957562
1146.9153221563242
1146.9428050194501
1146.9636660483236
1146.9871767130453
1147.0067170493003
1147.0340141313984
1147.0568275000724
1147.0863083802426
1147.1159637032872
1147.144419003029
1147.1663894048427
1147.1932898272387
1147.2177682240065
1147.24150311797
1147.2628685219217
1147.2918628249977
1147.3206701878335
1147.3441440808633
1147.373313046106
1147.402899296416
1147.4265259496417
1147.456171886128
1147.485944091032
1147.5098050343886
1147.5336655854414
1147.5635516712307
1147.593477281841
1147.6174161037277
1147.6473192518802
1147.6772195591952
1147.7010621143008
1147.7308915312897
1147.754920265805
1147.7849596150909
1147.8150264727979
1147.839094144348
1147.8691808917092
1147.8992614538008
1147.9233259515777
1147.9533862245407
1147.9834597107927
1148.0075148351693
1148.037560020237
1148.0615767493093
1148.0916083469895
1148.1216521468996
1148.1456895401575
1148.1757488795365
1148.1997655865437
1148.229797864736
1148.2598141359817
1148.2838387257723
1148.3138799139317
1148.3439094810344
1148.3679295576471
1148.3979481535123
1148.4279610534684
1148.4519770663824
1148.482004721684
1148.5060404708347
1148.5360886769772
1148.5661317664687
1148.590185113825
1148.6202202934185
1148.6502815245046
1148.6802971056823
1148.7103031177667
1148.734273753282
1148.764208799568
1148.7940829768183
1148.8178873952395
1148.8476094394157
1148.8772940702308
1148.900935447216
1148.930297654044
1148.959685996674
1148.9893094668894
1149.0191579876853
1149.0430142184064
1149.0727860176962
1149.0965505935912
1149.1256789444922
1149.1481712544892
1149.1766070123106
1149.2053392638134
1149.2338639214902
1149.2563227575604
1149.2839067300677
1149.311423495065
1149.333139188389
1149.3598201676436
1149.3866743170504
1149.4086024922904
1149.4362258065482
1149.46376903975
1149.49175954199
1149.514194125285
1149.5424651356325
1149.5713272158844
1149.6002497453972
1149.6233167006576
1149.6518919084056
1149.6803045824215
1149.708784980149
1149.7316487666924
1149.7601503235942
1149.7885288646028
1149.8111995279198
1149.8396539560529
1149.8686860163468
1149.8926291581874
1149.9225351314467
1149.9524311850637
1149.9823591353754
1150.0063133920128
1150.0362923628009
1150.0602935267123
1150.0902805581345
1150.1142812719445
1150.1443031487838
1150.1743029435047
1150.2042611905904
1150.2281936917277
1150.2580718612357
1150.28761283654
1150.3109802018148
1150.3387923923444
1150.3648251508257
1150.3862627928916
1150.4030879537127
1150.4161159776754
1150.4235418416906
1150.432613525252
1150.4415721240855
1150.447786592454
1150.454014066417
1150.459301606897
1150.467401638825
1150.479319219295
1150.4949538783949
1150.5095413785978
1150.5252729165186
1150.537814354149
1150.5535155962618
1150.569213676886
1150.581777843943
1150.5974822244207
1150.613155893351
1150.6288686261564
1150.6437530903493
1150.6537097685978
1150.6636500515199
1150.6730712729468
1150.6806076236685
1150.690815999612
1150.7007397951388
1150.7079475242997
1150.7142282365712
1150.7178204043125
1150.7201475032223
1150.7221653470665
1150.7235536295386
1150.7261812062657
1150.7301597315734
1150.7355447428135
1150.7410106749815
1150.748657914758
1150.7578252130727
1150.7663901640747
1150.778829968533
1150.7898247433216
1150.8018074116471
1150.8114131719306
1150.8198665007244
1150.8329931243725
1150.8473256921259
1150.8626027600958
1150.8779513757595
1150.8902461006487
1150.9050770641923
1150.9171321227434
1150.925917542283
1150.935553005613
1150.9408656046917
1150.9438407171363
1150.945010701218
1150.9461797564845
1150.9473468626793
1150.9483052233365
1150.9495765652987
1150.9506711382821
1150.9520821523056
1150.9534656048565
1150.9545578429659
1150.95538499464
1150.9557143944858
1150.958454300228
1150.965831436918
1150.969694160261
1150.9717979645973
1150.9806811571189
1151.0004264877555
1151.0257898453249
1151.0494121962233
1151.0780541602082
1151.103627742574
1151.123041011999
1151.1385280788195
1151.1506485898046
1151.1674632007168
1151.182137962191
1151.2016326140574
1151.2152849306126
1151.2267267001778
1151.2410693320762
1151.2612195291324
1151.28533712664
1151.3101622274617
1151.3285841912352
1151.3500771932854
1151.3737585578926
1151.4021904596493
1151.4259297325393
1151.455261639951
1151.4839435066451
1151.5134071613531
1151.5429283571161
1151.5663793022586
1151.5957247110841
1151.6254894031397
1151.6493044339493
1151.6731225293984
1151.7029011205934
1151.7327166879877
1151.7566038389944
1151.7864932916411
1151.8103000412164
1151.840081765587
1151.8638068228618
1151.893667344646
1151.923436347177
1151.9531437151188
1151.9769251470932
1152.0058399650115
1152.0347052902484
1152.0631781144407
1152.0916827891535
1152.1143813443086
1152.142051120272
1152.1693288749354
1152.1910830842776
1152.2177596184454
1152.2446510649665
1152.2707225357624
1152.2914567475593
1152.3163862785616
1152.3373911007416
1152.3572622865468
1152.3727559983795
1152.3920609302888
1152.405845762974
1152.422324705792
1152.4396327796333
1152.4549735266714
1152.4712379394564
1152.4853528636495
1152.4974002202578
1152.5120072905208
1152.5262630185746
1152.5465260640024
1152.5643425637602
1152.5802142137336
1152.5932777404264
1152.605943302849
1152.6134133262215
1152.6192269851972
1152.6270916215822
1152.6337047433656
1152.6443722228298
1152.6562402524175
1152.6676526663346
1152.6826825478315
1152.693366186199
1152.7075338733757
1152.723306324319
1152.7369480099294
1152.7461822590897
1152.7559762486362
1152.761939742706
1152.7624144459926
1152.7630406346934
1152.7678609178556
1152.7772430203365
1152.78524464294
1152.7902092169568
1152.7970256436843
1152.8025184228009
1152.8059069664127
1152.8150649471904
1152.8220949418342
1152.8310446576959
1152.8458066819899
1152.8574063763451
1152.8709657959082
1152.8865514596905
1152.9004314892393
1152.9105824897301
1152.9210085280008
1152.931083097994
1152.938345538054
1152.9477555190556
1152.9553321807343
1152.9634723477711
1152.9721961119956
1152.97950903955
1152.982639032145
1152.9887458984338
1152.993443439768
1153.0013854191343
1153.0055254470738
1153.0065352569954
1153.0075996792775
1153.0110483782485
1153.0119262834687
1153.0150622832311
1153.021922952144
1153.0295112218957
1153.0371020105385
1153.0408676508378
1153.0432445412748
1153.0441351743057
1153.0452735522897
1153.047545699072
1153.057428205664
1153.067716338862
1153.0777029193398
1153.0923856188406
1153.1122688827948
1153.1349379458566
1153.1526424201493
1153.1683036839374
1153.1820299566884
1153.1877147390824
1153.1921246594711
1153.1952816185747
1153.2019303859142
1153.214757494678
1153.2296267395488
1153.240892992094
1153.2542850243995
1153.2637301858779
1153.2721550017593
1153.2784964180623
1153.280632309499
1153.2824785997357
1153.2873499379796
1153.2905281490282
1153.2967159532666
1153.301294798086
1153.3062551333446
1153.3127856288584
1153.3163049863003
1153.3193017760334
1153.3218119013252
1153.324095655197
1153.3241252481494
1153.3245669819748
1153.325192020815
1153.3257286665107
1153.3272329303472
1153.3311302491297
1153.3356082187424
1153.3392964909629
1153.339585350503
1153.3406799149918
1153.342178797665
1153.3450768448613
1153.3494788672538
1153.3575835860847
1153.3627317114212
1153.3742939724523
1153.383483857765
1153.3875138595404
1153.3931002566474
1153.3962777077068
1153.396656108511
1153.399029316405
1153.4018909560166
1153.4103344426142
1153.4189859366184
1153.425503551395
1153.4310319687552
1153.4368122604435
1153.4421933563776
1153.4487634095133
1153.4552656690742
1153.4620773643503
1153.4638475189925
1153.4646384590756
1153.4650773757492
1153.4666675178498
1153.4671424948835
1153.4707358814244
1153.475210394958
1153.478406775162
1153.4843966579162
1153.4923899282767
1153.5031842453059
1153.5108607475502
1153.5224253638764
1153.5329735997027
1153.5407003069631
1153.5477962510022
1153.5536921771502
1153.5585419637596
1153.5672308484118
1153.5707700572827
1153.5740677845956
1153.5846026617808
1153.593401430096
1153.599721358896
1153.6080442729121
1153.6159714348146
1153.6250534573383
1153.6353589868315
1153.642430497445
1153.652051071531
1153.6656074172524
1153.6796761104354
1153.6882193574195
1153.6971652087814
1153.7070436241813
1153.7134438648616
1153.7212639165336
1153.7281802348916
1153.7353426744814
1153.742879089671
1153.7499982287409
1153.75789818794
1153.7627660266778
1153.7652717265878
1153.7660257398493
1153.7687835969678
1153.7729100440597
1153.780871146672
1153.7900322613561
1153.7973595178453
1153.80531919972
1153.8128799040853
1153.8152407075502
1153.8163991555325
1153.8176840400847
1153.8199881497615
1153.824292491248
1153.826618552449
1153.8289227634727
1153.8328373705351
1153.838732373248
1153.8450260371553
1153.8588163532859
1153.8711397424022
1153.889141488131
1153.9031353826997
1153.9141625803265
1153.9231365073906
1153.9301602698313
1153.939950254981
1153.9481549436077
1153.9571822991516
1153.9634301088543
1153.9724689906304
1153.9835442878548
1153.9898248617208
1153.9916455435757
1153.997633244094
1154.0012413702245
1154.0028468667763
1154.0031690265598
1154.0059647639719
1154.006766695462
1154.0112187406305
1154.019724353562
1154.0286895400072
1154.0348516161337
1154.0394620475547
1154.0454679692293
1154.049935888998
1154.0514694715105
1154.0518066219247
1154.0525519784967
1154.0556828461804
1154.0624165352026
1154.071952601817
1154.0791000389268
1154.0890303770798
1154.1057622548326
1154.1270927396092
1154.1406090272365
1154.155957512731
1154.1697046850848
1154.1755672544523
1154.1816905516926
1154.1850163688475
1154.1855416871842
1154.1897990797045
1154.195660005867
1154.1973903395901
1154.1976673879292
1154.200743193
1154.2023305846635
1154.204882098567
1154.210654168963
1154.217908730933
1154.2221130220073
1154.225764828037
1154.2274175177956
1154.2278699379751
1154.2335200777031
1154.2385238325855
1154.243778739105
1154.2451983832382
1154.247120956224
1154.247341426382
1154.2476785480758
1154.250292005128
1154.2504706741495
1154.257015939971
1154.262832747722
1154.268262707147
1154.2708490327461
1154.2766470519728
1154.286339157952
1154.2964801078556
1154.3036712269543
1154.3190567368715
1154.332450856311
1154.3456020610386
1154.3547154173564
1154.368108329729
1154.3835033177736
1154.3960988671283
1154.4052139412854
1154.4142079575317
1154.423352976483
1154.4333772543098
1154.44398212876
1154.4509881542494
1154.4561465809693
1154.4593024402022
1154.4605450845622
1154.4615403334562
1154.4662691079384
1154.4725473752494
1154.476282227995
1154.4781619141854
1154.4806840959525
1154.4836063661833
1154.488662588302
1154.4903867124788
1154.4933284291246
1154.4936126828375
1154.4950877187398
1154.4980300730485
1154.5017464144478
1154.506671210512
1154.5117288254858
1154.5186492693092
1154.52278304121
1154.5286638001567
1154.5373702597358
1154.5492684877477
1154.556357863859
1154.5652294026736
1154.5757661269536
1154.5797574243863
1154.5818318764625
1154.5866125644072
1154.5899989429943
1154.5937528969744
1154.598227316683
1154.5997107038856
1154.6038240550215
1154.6068204667672
1154.6115460934498
1154.6166709369616
1154.6193581126097
1154.6230948951559
1154.6255999331227
1154.6269125834297
1154.6295720188573
1154.6333433029852
1154.6359162594656
1154.6365989069425
1154.6371627441251
1154.6385919628824
1154.641208074507
1154.648203856529
1154.6539322950027
1154.6599438153467
1154.660453115144
1154.6627511577815
1154.667354199628
1154.6684776713114
1154.6694753360798
1154.6713939074077
1154.6742344216952
1154.6762981844138
1154.676835680743
1154.6785074828315
1154.6820422302094
1154.6854421113592
1154.688057886167
1154.6894190749626
1154.6907467273113
1154.6912950845149
1154.6923476630502
1154.6929267433386
1154.6949660036137
1154.698184580629
1154.7023420412677
1154.7052078533309
1154.7060899571252
1154.7081835409133
1154.7122857425072
1154.713969240893
1154.7174670804197
1154.7197670087353
1154.7216837003175
1154.7222120208885
1154.727941203547
1154.7364723989451
1154.7421789537245
1154.7479090415588
1154.752810603389
1154.7657580580021
1154.777434448997
1154.7850787115217
1154.7955176579385
1154.8046959849887
1154.8174631450263
1154.82831583528
1154.8426983189029
1154.8580255968843
1154.8669668514349
1154.8794156949996
1154.8971672927987
1154.9172852037295
1154.9296732379446
1154.945350142412
1154.9639184236314
1154.9778631272807
1154.9909134443076
1154.998363787681
1155.0011257990723
1155.0033798015766
1155.005232046715
1155.0090833304648
1155.0149366514188
1155.02010166215
1155.0247540307864
1155.030713278048
1155.0365690669043
1155.0420209816566
1155.0573192221618
1155.073232250555
1155.0857994293556
1155.0965074574287
1155.102813376736
1155.106994740902
1155.110522448282
1155.1120516379215
1155.1133848268207
1155.1136409133105
1155.1170937680142
1155.124015024688
1155.128136202437
1155.1318517668358
1155.136366047627
1155.141193280078
1155.1464505795145
1155.1504666293993
1155.154890857932
1155.1600810050281
1155.1635939928767
1155.1651836813055
1155.1671942951234
1155.1712054292257
1155.1768976447902
1155.1841363079648
1155.1957723599323
1155.2054998634367
1155.2191660068484
1155.2312828999075
1155.2401832358696
1155.242962383167
1155.2475471463308
