-6.249129089893939,-4.549144168156288
-6.23327882537855,-4.5666683713164655
-6.2157745860057005,-4.585411155107846
-6.2064413550510755,-4.594911436064168
-6.204784749633287,-4.596548548770338
-6.203404989759165,-4.5978968608133615
-6.2023058386085115,-4.5989593076672906
-6.200134842849265,-4.601013113489015
-6.200135879741298,-4.6010122752862435
-6.200135464081672,-4.601011903979158
-6.200134686296826,-4.601012068048809
-6.200135253093159,-4.601012623863295
-6.20013510950041,-4.601011748014773
-6.201895339818998,-4.59938360930955
-6.208344593495575,-4.593485284186594
-6.2136281626450085,-4.588907385174623
-6.220209245777719,-4.583466524400335
-6.224564381601308,-4.580050461794883
-6.225894257367749,-4.579005638125073
-6.224682876273258,-4.5799420336796866
-6.221949605079402,-4.581935313024916
-6.218883102350467,-4.584079206577683
-6.211432856693088,-4.5889611192176085
-6.206987245655584,-4.591556584140152
-6.210128788099459,-4.590150122326604
-6.219338028113386,-4.586580482432545
-6.237002843100101,-4.580599937716062
-6.257437942177745,-4.575156674140412
-6.279990878004287,-4.572310754026973
-6.307017889430241,-4.5736301116819815
-6.328142352761392,-4.57855432964142
-6.338905820979884,-4.583268621634114
-6.340767313454972,-4.584459848372449
-6.33507277380658,-4.5785319340515285
-6.328652212519542,-4.569312247320234
-6.3205295283137595,-4.553514275044726
-6.313195678510686,-4.534723644426974
-6.306805952155372,-4.515726251598404
-6.301651516770169,-4.499042837534283
-6.296543925336219,-4.480282947076457
-6.2916364922462185,-4.4599835012293125
-6.287787599563248,-4.442933554103584
-6.284219143085074,-4.423353761194806
-6.281759553368051,-4.402321136868051
-6.281345583361976,-4.3842340917445775
-6.282695781848309,-4.368130319948497
-6.2861734638186215,-4.346990040882624
-6.29157501942614,-4.321284943259753
-6.297833878066772,-4.2937745802607274
-6.304158395864308,-4.264931047290697
-6.310249766763138,-4.235803177125196
-6.3170619574663585,-4.206643700561411
-6.3242921549236435,-4.178927208297074
-6.331599923539442,-4.150995832395648
-6.338095148959276,-4.124657054910938
-6.344764352712774,-4.098833327120783
-6.3523440679187555,-4.070674951776443
-6.359827112370568,-4.0435786685285375
-6.367326206574242,-4.018487098376583
-6.375192703326062,-3.9958823319258814
-6.385532915391159,-3.9719011244346945
-6.396426993956016,-3.9509096788787654
-6.410050854759258,-3.928577959164599
-6.4244028735210374,-3.9070972221229696
-6.43765640931849,-3.888111468065496
-6.45310146642193,-3.8680382365083004
-6.472874068025288,-3.8458313740615027
-6.489712739493267,-3.8288276987161503
-6.511549207942197,-3.8083403119619206
-6.538089814386805,-3.7841542694057746
-6.559799673319049,-3.7633818774355663
-6.579935285135648,-3.7428031349571267
-6.596972407824193,-3.7224802112607986
-6.608609659957172,-3.706910842796678
-6.621857019236707,-3.6883990795074464
-6.640860277913923,-3.6608131641749515
-6.6526920551425475,-3.642015266958879
-6.6670956572609565,-3.6184013505996946
-6.6822429157928305,-3.5943841863169492
-6.696122596610175,-3.5716623524775644
-6.7080370950460555,-3.548368200087279
-6.717175004373537,-3.5225848968663027
-6.7238418661998764,-3.495183299588655
-6.729664935959048,-3.46677570787225
-6.735477922366698,-3.437366316700678
-6.741231243476368,-3.4079296634502616
-6.746788993299634,-3.379800926065028
-6.751917453244067,-3.3506302219591366
-6.756551263743113,-3.3210087775609916
-6.760463524345698,-3.2912065049131822
-6.763350033110566,-3.2616867220010692
-6.7652167431735,-3.233332864810283
-6.766263408979853,-3.20330852029088
-6.7670234006909125,-3.1733229750114567
-6.768201267500535,-3.1434204921848794
-6.77122153893267,-3.1139129361230853
-6.77662868470792,-3.08608580558438
-6.784227311189437,-3.058267258699833
-6.793214247240024,-3.029724926723586
-6.801723410913492,-3.000902843105215
-6.807731815411975,-2.971424001320471
-6.810373790497567,-2.9413911526423195
-6.810382923386042,-2.911280477570624
-6.808717483956911,-2.8829800640983994
-6.8064216139856635,-2.8597511418810497
-6.80423395314384,-2.837527654716617
-6.802547681290901,-2.8115349436434056
-6.801987482850065,-2.7851183485900837
-6.803232461551806,-2.7573647886914747
-6.805626859493883,-2.72755613358598
-6.807331317559597,-2.703577230606283
-6.808592854276689,-2.679180496997248
-6.808947464054143,-2.656943649564247
-6.808153810277052,-2.631950783753064
-6.805001332189102,-2.6032300728315083
-6.7978311800714275,-2.5747726487365648
-6.785187521312971,-2.5472292173047943
-6.768225221777221,-2.5222065200747106
-6.750642388882509,-2.501413850039454
-6.7323990000087015,-2.48371272155937
-6.714728097591641,-2.4696617140716204
-6.696855045940644,-2.458438034993615
-6.677827105029185,-2.449434477497555
-6.657960412940115,-2.442362457627023
-6.637290217859004,-2.4373023401474354
-6.615416187051575,-2.4338136329574884
-6.593595838265132,-2.4308255018068183
-6.571511257242307,-2.42673384273941
-6.549876018044296,-2.4203457457205757
-6.526711928658203,-2.4105605554806413
-6.503883537453992,-2.399146832729325
-6.4855329188588104,-2.3899807765541126
-6.460302252043065,-2.3790623267656925
-6.42736517658873,-2.3693746131715354
-6.401149291699524,-2.3649853093387416
-6.3818166776018295,-2.363291084066873
-6.3577245948487695,-2.3617343747093145
-6.333844574821934,-2.3592535010649143
-6.307253460714254,-2.3539571621266204
-6.280714787473311,-2.346872841755577
-6.255261175044642,-2.3381944642430486
-6.228503074378813,-2.328205674905937
-6.201230580867675,-2.3179748334361645
-6.173990526870571,-2.3073973017749165
-6.146975690530158,-2.297313197336945
-6.120872373834558,-2.2882934893762474
-6.092114697167991,-2.2794733964725
-6.062952804413438,-2.2721154654285294
-6.033765586101423,-2.2651674859372584
-6.004328338022681,-2.258906147265013
-5.9743713277911334,-2.2551990819621692
-5.944293635628387,-2.254138854368904
-5.920309425542667,-2.253837760051103
-5.890484729620919,-2.25240651697187
-5.861297305932221,-2.24795167129957
-5.83458950890515,-2.240088264869754
-5.807468896630726,-2.229461224327764
-5.7814949935004245,-2.2159440241918897
-5.758671568445777,-2.2002764270861226
-5.737962718791815,-2.182775604839048
-5.719430656121875,-2.1629944262755134
-5.702083793714055,-2.1419798262488485
-5.684516588102679,-2.120981135198392
-5.664826554477512,-2.1007633447997276
-5.642145334460433,-2.082649545945271
-5.618219453751706,-2.068383123608392
-5.59328437936529,-2.0562155252532492
-5.568292640875805,-2.0444619389418177
-5.5446822990152205,-2.031792423681203
-5.5221383210987725,-2.0170808331848624
-5.499115279717137,-1.9992311617839509
-5.476553853184009,-1.9805841942867608
-5.453962896625632,-1.96326631841614
-5.43817305599172,-1.952884543589301
-5.416881304418003,-1.941042292241964
-5.394050587938845,-1.9294625918378574
-5.370394875728175,-1.9166682970119404
-5.34502809407738,-1.9008621786207032
-5.321161020215714,-1.8844384154759177
-5.298629646973139,-1.8680444731573158
-5.279312482896434,-1.8533694225794368
-5.26307352639661,-1.840892097600415
-5.246409835940223,-1.8285926651662003
-5.231943050089731,-1.8183179491838994
-5.2158432615549755,-1.8064814295732692
-5.198377698811637,-1.7933255506427588
-5.178290395056857,-1.7789618113046046
-5.154869064492648,-1.7649980898828583
-5.128667965268361,-1.7528004688060657
-5.101652188092267,-1.7417327813709171
-5.074004404529695,-1.7303814874010182
-5.046613848326753,-1.7182675276631825
-5.019241530052987,-1.7059511255368731
-4.991821634162975,-1.6937938770039882
-4.964672442731546,-1.6814334000198026
-4.941008161712315,-1.6699335783314146
-4.918086052541909,-1.6581118062921325
-4.895176160814982,-1.6465348966410427
-4.8706641044117935,-1.6348610739176688
-4.851368653507552,-1.626519636468038
-4.824786129682477,-1.6153370121769717
-4.800794236119767,-1.6047410669838602
-4.7774707708746105,-1.5938561335371297
-4.753176207217789,-1.5817794081506382
-4.728622336259797,-1.5684249458081094
-4.710194765513257,-1.5576481721526663
-4.690729064461241,-1.5455473757771
-4.66834551196698,-1.5314743919714209
-4.643577394762324,-1.5173321209010342
-4.61690009776742,-1.5035093129446433
-4.590183695163292,-1.4899378048506717
-4.563946446111688,-1.4755843964267676
-4.538642005436185,-1.4596540212075575
-4.514016425990496,-1.4426692618666614
-4.4900601124354615,-1.4247360958817237
-4.466606787130966,-1.4060616901352934
-4.443467961157738,-1.3870487111128806
-4.421102180010611,-1.3671830257660378
-4.399321509951549,-1.3466005982668874
-4.382030289369754,-1.3299726119491933
-4.3609320477584745,-1.3087457210886784
-4.341838904298462,-1.2886818095447272
-4.3266834202922455,-1.2728787560556258
-4.308907036214987,-1.2547012920672853
-4.292612623640114,-1.2377861907736665
-4.275813564847574,-1.2202497943158146
-4.255904579656674,-1.1993901721615747
-4.235475074879645,-1.1779718059047224
-4.2164686852804385,-1.1595904964044914
-4.194105463294958,-1.1401056202008402
-4.170856989121206,-1.1211132612751773
-4.147420121099929,-1.1023360382000935
-4.123788806253534,-1.0838074921202057
-4.102297099954183,-1.067896424795385
-4.081080648251851,-1.052792329500679
-4.058868516866582,-1.0370267585823105
-4.036151758149905,-1.0202491264371578
-4.012635270167922,-1.0026581216359296
-3.9894494425880223,-0.9837748799503166
-3.9669293075911964,-0.9640713832954143
-3.9453122410769033,-0.9434033519010738
-3.9259669800015717,-0.9238254666280601
-3.906014830987395,-0.9019387404236398
-3.8866724972900926,-0.8792033828005884
-3.869299796819958,-0.8578547975815591
-3.850949757142903,-0.8353975687425667
-3.8352424700360244,-0.8171904664052633
-3.811264043525951,-0.7903060298907021
-3.791232359863266,-0.7679773482377638
-3.775218105185303,-0.7504980986351923
-3.756360126774357,-0.7302242261081362
-3.7381704003656187,-0.7103432005351129
-3.7204427287806157,-0.6900153800403782
-3.702461338700015,-0.6684605710395651
-3.6842028694578803,-0.6462388231512399
-3.6682271208589663,-0.6255884717139818
-3.6542386766957224,-0.6056708101609319
-3.639630058071406,-0.583637249426572
-3.6247670034000024,-0.5617632466182845
-3.6109278880307576,-0.541424289222488
-3.5975480308206955,-0.5214285721178481
-3.5843196619347677,-0.4999801421857279
-3.570891086200574,-0.476150916763516
-3.558421515146683,-0.4528861793988825
-3.5458254169661516,-0.42985126572109783
-3.53161230001445,-0.4034911546121205
-3.520325073088867,-0.3823175515071043
-3.503587032756896,-0.3523457940042626
-3.4930355153839567,-0.3336039804355013
-3.480013174678618,-0.31074919392388256
-3.4673019212719565,-0.28829031080986134
-3.4534419798287397,-0.263493755262379
-3.4392463948374643,-0.2372680955559892
-3.42521235535654,-0.21091153707966767
-3.4112081451810212,-0.18472884880886534
-3.398297339068919,-0.15933347896254005
-3.3851468208064683,-0.13319190006287898
-3.3733335969907947,-0.10991167612878354
-3.3618275769963986,-0.08525447108415062
-3.3505302885250985,-0.05754887356282144
-3.340051959665818,-0.029843912126057415
-3.330259701856489,-0.001553505729412759
-3.3210452828958243,0.026980913453873087
-3.31245645887655,0.05389326629404586
-3.3061830263328407,0.0759553088677777
-3.2998818455831627,0.10121642053911051
-3.2936017079476483,0.13040792193500236
-3.2889492397564384,0.15988781295186108
-3.285676256413314,0.18831254724316548
-3.282133084261506,0.21814550627224166
-3.2777958179288884,0.2478299712593576
-3.273064747837298,0.2774884367061052
-3.2690476837695113,0.30113789771644583
-3.2641833523800186,0.33434604201147344
-3.2613455734753867,0.35799029933163784
-3.2575056535422497,0.3936965800396902
-3.255408335805281,0.41752520772885093
-3.253188103519344,0.44731678402260217
-3.2511801500082607,0.47723309264379477
-3.2495560775276426,0.5067629149055979
-3.2485270286652055,0.5363883383680907
-3.248236888667821,0.564633270047576
-3.248014861108028,0.5941224392147666
-3.2471645932585576,0.6241366121489377
-3.246263524238193,0.6541202272224987
-3.245356353674865,0.684111217844342
-3.2445239353723343,0.7138158106078785
-3.2434720968918973,0.7432135777771092
-3.241115388964141,0.7728325415980795
-3.2376678611634992,0.8026978444043169
-3.2335223175958028,0.8324242761304695
-3.2296603110563615,0.8621479923253412
-3.2257322607306773,0.8919073918496588
-3.2215126274598838,0.9216554771108869
-3.216265661784649,0.9507624035406895
-3.2094037265319755,0.9792808118375954
-3.202191711074621,1.0056455353494933
-3.1935646702322176,1.0318672896934338
-3.182881902035019,1.0598781748880775
-3.1734351963676435,1.0819760283305337
-3.1614724121806232,1.1094914920058203
-3.149755987677832,1.1361337036440529
-3.1382780238466967,1.162220914149755
-3.126662026019136,1.1883995791212085
-3.1151081617547303,1.21591234606191
-3.104923932554108,1.2428056091845938
-3.0968010931185885,1.2654750126897676
-3.0887840907337782,1.289016989347719
-3.0818163589242236,1.312870811374928
-3.0754707238669097,1.3401158727718951
-3.0696957283323836,1.368814856943437
-3.0648407379914264,1.394443377246373
-3.060088188695573,1.4194110216220335
-3.0546514976139805,1.4476010889174693
-3.0482722748413718,1.476548598735987
-3.0406829122803574,1.5051310748388114
-3.0336604293208818,1.53391287063232
-3.027981788997209,1.56331821493014
-3.0224432889783777,1.5928083904259154
-3.017619294526404,1.6223089905531156
-3.0149554790120145,1.6461026881573897
-3.0114131978811867,1.6819238431264627
-3.008923755999133,1.7050094111712277
-3.0054617387222313,1.732742226290828
-3.001714607400396,1.7618443197662943
-2.9984002056416204,1.791008936707549
-2.9958706847319925,1.820224437706059
-2.9942299232410616,1.848668466277574
-2.993318110293244,1.8763148550864286
-2.9925339906429915,1.9032342873170929
-2.9919332973220008,1.927737400510645
-2.9913576884563344,1.9455390821969443
-2.9909950631685263,1.9609675752910851
-2.990649866158339,1.9747138375495108
-2.9900118459900282,1.9922597954036638
-2.9892969241858944,2.0160904425406367
-2.9881741341639567,2.043345610035255
-2.9871412465836467,2.072434449103958
-2.9864463501028498,2.1003431798664924
-2.9858152407128986,2.1285444131840294
-2.9856136549061536,2.1538756925071993
-2.9856558190561313,2.1820547620753175
-2.9861378251209496,2.2081015421565726
-2.9868552777276056,2.2351502172154465
-2.98827567638906,2.262686032630269
-2.9904456745920154,2.2898014720833273
-2.99277086470454,2.3153989422580565
-2.995124527864925,2.3423209894337442
-2.9969601994496324,2.364168947032864
-2.9987117173933004,2.3940001702296008
-2.9982572290059295,2.4237597042625043
-2.9946091693355488,2.4526656260278576
-2.986916824019543,2.4813325752448465
-2.975262289452393,2.509065767161308
-2.961447041604214,2.535624536731757
-2.9465677380109896,2.561618776073537
-2.9305257220918794,2.586365100801137
-2.9138693696493756,2.608059752729789
-2.8967495166913415,2.626340893004477
-2.879046647156631,2.6434651889458043
-2.8617901268875716,2.6608533825718284
-2.8462486730227003,2.6796025749158274
-2.833279997719855,2.700250187533885
-2.821874946144528,2.721963476201984
-2.8105347463488117,2.743979544496154
-2.796009965976594,2.7690360826480154
-2.778816270537151,2.7938286302393074
-2.75882076279746,2.8165294204493683
-2.7356208161181645,2.8354123828451483
-2.710066614424821,2.85083447183158
-2.6888555252696493,2.8616163840554933
-2.6622554035023245,2.8746574176569313
-2.6364399279434205,2.8889051017975675
-2.6134046621425524,2.9053259740959856
-2.59606492881946,2.922275373171826
-2.580807538825917,2.941713355286039
-2.5667754104233054,2.962225520989145
-2.551443407002226,2.984592002014001
-2.533599131589186,3.008816410090667
-2.5144075296460766,3.032041187625442
-2.493082864092445,3.0533903636706343
-2.4700675119481312,3.0725346870921375
-2.4490193274218877,3.0881198826402074
-2.4298210796842277,3.100903873593732
-2.408350985289134,3.113170128383114
-2.390492799446404,3.121563839213899
-2.3747805778924658,3.1273903908447886
-2.347085325207159,3.1355871040503964
-2.3316116232769692,3.1392969896337917
-2.3139185315069715,3.1428301552867346
-2.2920468517193044,3.1462579206269594
-2.2684173338614575,3.1489830084660886
-2.245598249203788,3.1510248614320857
-2.225193345356785,3.1529183386131
-2.209179220922109,3.154227390510453
-2.195410859284314,3.1547968010326852
-2.178453871061907,3.1549511574165985
-2.157435306574079,3.1546609909047962
-2.1330167014887857,3.15339823539501
-2.104691116812223,3.1516905946330085
-2.082336019239544,3.1503679523321027
-2.0589240175077057,3.1490247889141543
-2.0296276290076927,3.1468174475925617
-2.005695203548743,3.1443840788381
-1.979260415365066,3.141344147510117
-1.9546375328808074,3.138888173343639
-1.935474109972646,3.137210741170957
-1.920692072077735,3.136104383999431
-1.9057498973677023,3.134975231498034
-1.8900383625880883,3.133359280873391
-1.8704937394384917,3.1308209417947808
-1.8510312513082898,3.1275398677084496
-1.8329081733115573,3.1241564067603527
-1.8138276858685594,3.120843404942373
-1.793001755400666,3.1175126544081597
-1.7681571318146967,3.113689031518994
-1.744173865237415,3.1095156373244306
-1.7193825393562276,3.1041288173004586
-1.6905840176171028,3.096413445545494
-1.6618501202875613,3.087639143522168
-1.6366728176467886,3.0796909141347286
-1.617734793832242,3.0735099061419877
-1.5975203107313134,3.066439430222957
-1.575795481557808,3.058812304234522
-1.5517182450212907,3.051176429324787
-1.5229740945669614,3.0440011500793958
-1.4936143170747187,3.0386926974778494
-1.4709221147424403,3.0362910541862016
-1.4447452460398846,3.0358016744632654
-1.4203555661268128,3.0379232970188665
-1.3948544699245373,3.041842810401474
-1.3735099742364585,3.0458473103200747
-1.3581223031330825,3.048896281006811
-1.3419636952523544,3.051982808982677
-1.3237420006387282,3.055425099674947
-1.3069644682081663,3.0582398388329697
-1.2890187410758962,3.061401904517613
-1.269932701519398,3.06550468627789
-1.2497442808699293,3.0709688459063997
-1.231830670800671,3.0764419488747143
-1.2127213684320721,3.082863558154038
-1.1933049776097253,3.091107769414331
-1.1744594192714932,3.1010353502023755
-1.1613890477114157,3.109116372685749
-1.148976610963724,3.117852497301755
-1.1354551144154377,3.128335722389371
-1.1137150895455288,3.1470507138155797
-1.0918556407784061,3.1675248731322334
-1.0702944447459894,3.1883497396471037
-1.048969202283626,3.209438859048724
-1.027484069467656,3.230406949213208
-1.0058370354042152,3.25119373612357
-0.9842947693415011,3.2720338865914633
-0.9632961521003227,3.2933550201741877
-0.9433318903326826,3.315631902845164
-0.9237721743682762,3.338397635258893
-0.9039969795321904,3.3609388073530373
-0.8866917357760357,3.3815374780209053
-0.8684688520487303,3.4043473000147704
-0.8503542183104718,3.4277994465198933
-0.8327071427553459,3.451656359790464
-0.8160827323472055,3.4763314376138563
-0.8000723326481821,3.5016641927216945
-0.7851326516308461,3.5262230902307836
-0.7738419256817843,3.546663543073388
-0.7659507824404688,3.5623571819957083
-0.7547129804197248,3.586076948954536
-0.7434204207597466,3.6096824044734506
-0.7321759816761205,3.632646701203097
-0.7222654852121408,3.6542545485500084
-0.711908495570158,3.6802855702482233
-0.7048398750713863,3.7015711744340685
-0.7014281684598144,3.714137721798778
-0.6995133362448803,3.724471425217028
-0.6989534377623483,3.7384744836829196
-0.7014587803438052,3.7591747717596182
-0.7069583641479413,3.780152478778055
-0.713956851442943,3.800822070342787
-0.7213134800164845,3.8224516121467413
-0.7286877524852099,3.8477797397557545
-0.7350057865464331,3.874052634493091
-0.7401703458489131,3.9027417581287436
-0.7419511185475142,3.9319513021085117
-0.7389240693044131,3.9590586552862117
-0.7337830250924029,3.979908776462057
-0.7262438458447287,4.00307674816759
-0.7177219525093914,4.024546411399043
-0.7057533427594224,4.050801269775096
-0.6927507612204942,4.077650165765674
-0.6795117271505027,4.104556657851311
-0.6659915808693907,4.131343413064586
-0.6522510001266234,4.158003837900113
-0.6384115423824278,4.183768082703256
-0.6247758301126421,4.206743693783223
-0.6099796055793121,4.2290568470928935
-0.5931103746291495,4.252037118908273
-0.5771094116587092,4.272651741582489
-0.5664223420243194,4.286478969156605
-0.5510577177589941,4.307767117829059
-0.5362928727895897,4.331689722479406
-0.5227166980480277,4.356931453432762
-0.5087084995056239,4.383225723131393
-0.49502506557395576,4.409906858177793
-0.48158858452880093,4.43667476997205
-0.46872303996598874,4.463947374533863
-0.45719094860035303,4.491597548988776
-0.44695602466572015,4.519494771882721
-0.4368479846776978,4.547723146006861
-0.42744556221778196,4.575244840133039
-0.4185734110664019,4.603369358708537
-0.41022419207910116,4.631325440743357
-0.4023183812361909,4.659872448551704
-0.39473021825188376,4.6889026000650045
-0.3885081780676697,4.712088784185306
-0.38076325637549796,4.740987088094423
-0.37367142728297575,4.768719913212996
-0.36720763405473755,4.795083703745197
-0.361595505142218,4.821204148222557
-0.3569900999044627,4.848113871306768
-0.3538497005220221,4.869776835549415
-0.35140872588331357,4.8898699867931015
-0.34864248529676833,4.915921433506906
-0.34714368208551627,4.944191266629861
-0.3481881095140814,4.971685615451602
-0.3508482569875843,4.998265461177045
-0.35378886251632274,5.021823227348866
-0.3566878687507383,5.043864780158042
-0.3591441140748635,5.0661084307316475
-0.36099496358064653,5.0906469624150965
-0.36226923695570207,5.111587118918586
-0.36377339084350774,5.130830877067642
-0.36573618315168466,5.149431524678845
-0.3689887081139253,5.172848424610755
-0.37265198682172834,5.194774641835518
-0.37644180952515605,5.220387519558616
-0.3800864832753221,5.246837787681081
-0.3847498354244325,5.274997239461609
-0.3902927761616567,5.301304676694318
-0.39787555624890664,5.32731174632037
-0.4062559818219119,5.351444114959554
-0.41598219010554577,5.377294057733577
-0.4271312181490448,5.403492038225081
-0.43989207179747647,5.4305650420759015
-0.453776185477108,5.457057970577626
-0.46857414381730084,5.483088167321512
-0.48439419453891047,5.508457279346689
-0.5019441847762124,5.532570929217554
-0.5213318029000361,5.555332358819388
-0.5406514257490279,5.5768757333987375
-0.5575542817289488,5.596698220748491
-0.5752327169454081,5.618805905544981
-0.5935897124584005,5.641330266372488
-0.6130455599280906,5.662773578530952
-0.6318079248117863,5.6823517439587565
-0.6476911354183862,5.698921889955006
-0.6652542490914519,5.717390039968116
-0.6848107336371145,5.737950667472681
-0.7037849798230483,5.75828418671269
-0.7219492714234922,5.777765882293596
-0.7408470415543215,5.797569531816733
-0.7613805832505333,5.8177164098437695
-0.778550719760821,5.833610565213642
-0.7995617638044732,5.853136399592196
-0.8200886913831651,5.872627551184606
-0.8402380221352508,5.89307386327558
-0.8605258091231314,5.915292484135964
-0.8797075872534571,5.938426819266213
-0.8987580279825317,5.961533106563178
-0.9189674946861098,5.983509825428732
-0.940595756344837,6.004142371872189
-0.9633101883336687,6.02359110005544
-0.9867726932060983,6.042237602399287
-1.0104034493830782,6.060717409329986
-1.0339930586639876,6.079224681357412
-1.0581177319381685,6.096923100961526
-1.0827816221591722,6.1139097129882405
-1.1080746266579535,6.129850216662819
-1.1287938735784753,6.141939317049963
-1.154766310760702,6.156865703353695
-1.1810900137013647,6.171253086146998
-1.207284073003133,6.185915186906285
-1.2324892519545525,6.200151138233368
-1.2567513128730199,6.212577336525399
-1.2776095826516884,6.22128879527795
-1.3009794682643536,6.2296869372431996
-1.3287515361403148,6.239411393349814
-1.3557931588496526,6.249784164591296
-1.3805005767565435,6.260071821829633
-1.3982298951635534,6.267393732332022
-1.4110663881175929,6.272511033471487
-1.4156777267419507,6.27426070244854
-1.4110656676271554,6.2726947188306275
-1.3984791361023852,6.268752680531521
-1.3793210573118142,6.263526117207985
-1.3595476170893557,6.25942304275507
-1.3369435101810714,6.256116549366111
-1.32257560098669,6.25466686821043
-1.3179534545756717,6.254395509210039
-1.318891274291861,6.2544132246568775
-1.32404227573648,6.254500432217687
-1.3336938833944634,6.2549938709983035
-1.3483093949132408,6.2567891078230975
-1.3696936770753827,6.261476345000664
-1.3910969723639461,6.268287314928215
-1.4099304896576383,6.275601972746849
-1.4223547284950309,6.280796050600741
-1.427370677799682,6.282908599836807
-1.423168117174706,6.281143675338826
-1.4137904320673567,6.2772148385971525
-1.4022480613641952,6.272640371876506
-1.3928973635818132,6.269252235434303
-1.391797437873476,6.26887276838244
-1.3979636292423057,6.270736240855105
-1.4017162247373907,6.271761468535839
-1.4136814515409235,6.274743932650036
-1.4296409683275821,6.278182945556111
-1.4445396473008978,6.280783711855088
-1.468615780768846,6.284122570033183
-1.494831557130551,6.28734842449074
-1.521768268655474,6.291022789446991
-1.5416289581447256,6.293428080115431
-1.5545085629558517,6.294760763158968
-1.5793293143193763,6.296953231662069
-1.6063718640337104,6.299287439087035
-1.6302582389476974,6.300997704316943
-1.6593153339347406,6.301634704108892
-1.6879838777113456,6.3003746032347
-1.7128580694101923,6.297290892718014
-1.7317804375101469,6.293383336668262
-1.7454480359188567,6.290053195489315
-1.757273942384098,6.286947775276274
-1.766591372570819,6.284360490458748
-1.7737337227120489,6.28214267549467
-1.7862168347701541,6.278056871207083
-1.8070796182395124,6.271203699209623
-1.832732283235273,6.263275139067419
-1.8594686478230182,6.255730506314509
-1.8819176277274299,6.24915644615709
-1.9028657152174666,6.241575528850137
-1.9226933250929987,6.232029337756249
-1.9399225209842184,6.221917870835939
-1.9539003150217462,6.212280762235717
-1.9675927185970294,6.202079154064836
-1.9835270338775015,6.19001535730018
-2.010478781242482,6.1696346210940565
-2.0277679345904898,6.156455946394558
-2.0486946116771585,6.140640211157109
-2.069440459594172,6.125106844797603
-2.091104176821705,6.107300794261157
-2.113177154785292,6.087473475713187
-2.1351496423387206,6.067057851166076
-2.1569940176637505,6.046541324108156
-2.178125736037203,6.0253922256018235
-2.1980304804578497,6.003075423235961
-2.2160323126530113,5.980559341217163
-2.2321359186705023,5.958046699350092
-2.247737896354254,5.93350921959028
-2.2623334862805966,5.907905825831548
-2.2763525622300214,5.881576830561551
-2.2873555037806383,5.858585395799543
-2.2943615888301445,5.842108989687727
-2.298769366027137,5.82962808212599
-2.303127349621471,5.814746315905949
-2.308407896874724,5.792619338759442
-2.3145027862614818,5.764100178971792
-2.3184791386027057,5.7472146820177095
-2.3238851789307007,5.724534355950618
-2.327801857365714,5.70714070471095
-2.3306933870793847,5.691667072682953
-2.3326268560670886,5.6776071164463096
-2.333729026503582,5.661426086307885
-2.333774443972863,5.640419237872588
-2.3332221498636407,5.615081235136222
-2.332763441647685,5.5863492230885745
-2.332118580309838,5.5566715735761285
-2.3316546082219882,5.5273308618497925
-2.331851565704982,5.497410053719083
-2.3334413902629394,5.4678330912978
-2.3373815351278577,5.437969181717991
-2.342291125079395,5.408661181483811
-2.3459971133209323,5.383469681584053
-2.3483067925090717,5.358160747083561
-2.3493170329250104,5.330705439371235
-2.3490072828693025,5.301914441369135
-2.348564120089928,5.273559838707838
-2.348502001695525,5.250714849757954
-2.3481015385479456,5.228524276028427
-2.346887374432128,5.21025516868803
-2.343796513457148,5.18753782904838
-2.34041811475366,5.166860093281964
-2.3376960348006794,5.14759239148366
-2.335101811694656,5.127009647025589
-2.3324812216313733,5.104960121069483
-2.3298369581236567,5.084682565763909
-2.3271521050671478,5.065356985351306
-2.3245425385342497,5.0470537380647125
-2.3220017339741346,5.029915614640014
-2.319790344714324,5.015202550297637
-2.3178600494669714,5.002825747263008
-2.3159227009368064,4.991380759234005
-2.31315994227274,4.9751902294086285
-2.3100919055111353,4.956423435208129
-2.3068591842892716,4.936214449770041
-2.303884239847468,4.9180016709939265
-2.3002475705318877,4.897691518687058
-2.2960485177085737,4.878329542607666
-2.292688826786244,4.864442037708202
-2.288568618574498,4.8488786815665925
-2.2836718649915,4.832534341410879
-2.27930659836159,4.817670330274748
-2.276773999671198,4.807170436776463
-2.27491672594409,4.795949709950425
-2.2740314451752557,4.7836541680760005
-2.275126511331492,4.76599352211106
-2.2801605983569915,4.7402033452818735
-2.2883311250157554,4.713061588935722
-2.2984541553505045,4.6852395720856075
-2.3102602177556104,4.658434272726276
-2.3244116115873545,4.632035405275304
-2.3409660183191288,4.607040880982135
-2.359591164797528,4.583374475107047
-2.3788251452905995,4.560366646818958
-2.396167675420422,4.537990892845719
-2.409429613379546,4.518334595047287
-2.4245834950303085,4.494685164186885
-2.4399201784775384,4.470069547452307
-2.454317054003375,4.4447213886520025
-2.4665813883430956,4.421041023903963
-2.477797523258927,4.397794082037073
-2.4879731931854345,4.375621799541142
-2.496682196428478,4.3565097563509125
-2.5064621925719486,4.334301462316789
-2.515694541968181,4.312166471035101
-2.5231480188305757,4.293480781714091
-2.531921925833913,4.269027081499668
-2.540168360105556,4.243322892332982
-2.5477478420154926,4.217024216922303
-2.5551847178233262,4.189596652285204
-2.560976458511059,4.163541242227509
-2.56593721528345,4.135671075523374
-2.5703980474176125,4.107770699109116
-2.574652811573864,4.07835637017877
-2.5776505637493403,4.050832102843215
-2.580028781127046,4.0251635811743505
-2.582078410142397,4.002543567118048
-2.58423031711037,3.9813404241613024
-2.5864894802190577,3.958663753702107
-2.5879152502574834,3.933867859134426
-2.588712293074356,3.9058115316211355
-2.5893347557604667,3.8818218063859247
-2.590203043087968,3.8519825019751885
-2.5911223225728195,3.8219711681613857
-2.5923124935309465,3.7920187884990963
-2.5932880600036263,3.7620499433350023
-2.594733823239048,3.7324131320836593
-2.5955853591025013,3.703246077465848
-2.5953419936052566,3.6742234323051375
-2.594241257490762,3.6496506719342507
-2.5928222950384026,3.6340291119540216
-2.59098266619099,3.6194497336819076
-2.5879601392706917,3.5974527573661446
-2.584467119482405,3.571399418075857
-2.5799826418439453,3.5425993666784095
-2.5754504278535726,3.5171334381120554
-2.5711778272930204,3.496573685871267
-2.564904478844723,3.4729101710922414
-2.558796429548503,3.4522074320604315
-2.552098693386429,3.4310785235277446
-2.542748534978149,3.404709816922595
-2.53085091068372,3.3773644893903123
-2.5161172293389322,3.351550619737055
-2.501939024516715,3.3331313122101833
-2.4847512779473115,3.3162546785275606
-2.4639893015703436,3.302293367687678
-2.437373652700534,3.2905556743389797
-2.4086004865457036,3.2835985247021355
-2.380237455082522,3.2821833105906983
-2.355905347986075,3.2855384520675277
-2.334014314138808,3.2926526278731787
-2.3129208464550524,3.302229483306716
-2.2919818816680393,3.312971434459688
-2.2686856444938424,3.326125245742847
-2.2454591298322613,3.340938474135204
-2.2254658691748364,3.3551822167822825
-2.206592255681787,3.3714110168035014
-2.1912092129380305,3.3894240151987494
-2.179681669580979,3.409318163016446
-2.1699142731750913,3.433249805062895
-2.1616931167088396,3.4594821127075432
-2.153846325249608,3.486446365950399
-2.146387194148874,3.511672133090906
-2.1397525610899804,3.5338977128709637
-2.1321557103699345,3.5567178795727927
-2.125879177754597,3.5743288727052622
-2.1182362999357163,3.595039939418098
-2.110107044852972,3.617646211295556
-2.100514129450457,3.644737288069907
-2.094686392852267,3.6636665175072145
-2.0899682496373297,3.686039200671523
-2.087364827432347,3.709415005145964
-2.0867972369793453,3.7325117413293216
-2.088653247551161,3.7510316393659644
-2.09214656128864,3.766918396631281
-2.096453807969521,3.782265230133729
-2.103050468625866,3.804631304178582
-2.1106080854731024,3.831088538483814
-2.1179783826027188,3.8595105552687508
-2.1250060024414013,3.8886509706386794
-2.132018921410004,3.9177615580088325
-2.1401254270157737,3.9465663155193877
-2.1491232931827913,3.9751511605968703
-2.1564373082995907,3.998010648015366
-2.1654440384854774,4.025558032467198
-2.17496631372821,4.053925655346534
-2.1839044838285133,4.080189722091655
-2.19288083080263,4.10739004777739
-2.2023913729278233,4.135216404877809
-2.212651658524155,4.161837594517919
-2.2238185322369173,4.187322501636812
-2.2358222560753127,4.213736552424576
-2.247370258338976,4.24039162233694
-2.2592742401743946,4.267286413297336
-2.2716921297865866,4.29456558503016
-2.284867722470207,4.3210003482253505
-2.299581959725659,4.347022167143602
-2.3157986814408638,4.372107482697816
-2.3338513091369872,4.395876332831794
-2.3537126155878396,4.418112557323618
-2.3756859042968483,4.438298481311683
-2.399328359520889,4.456433014994979
-2.4236666869189603,4.472127192813458
-2.4475689479413725,4.486139974874622
-2.4709055736305117,4.498889224516705
-2.4945162576289626,4.5114655623117494
-2.5183513435642597,4.523058148083264
-2.541726952878235,4.532536566332703
-2.5684310699060444,4.541854456729332
-2.5969878717379435,4.550405634369052
-2.625631948564416,4.558909896715545
-2.653996389464783,4.568611134270381
