2388.739624441632
2388.7696232918456
2388.7936287151056
2388.8145506780274
2388.8224971420314
2388.8258698239574
2388.828842575383
2388.8367318663886
2388.8384486295963
2388.838451544374
2388.838451723134
2388.838453037662
2388.838453324678
2388.8384571975444
2388.8390079562323
2388.8439177263804
2388.851761499303
2388.8680226318934
2388.893451125825
2388.9236728290425
2388.9538462941514
2388.983991514219
2389.008065441661
2389.038166497926
2389.068267132389
2389.0982966874053
2389.1223066742623
2389.1523356725934
2389.182389769687
2389.2124107414184
2389.24242673644
2389.2664445544046
2389.2964967959497
2389.3265467826795
2389.3565507399558
2389.380570500701
2389.4106123207484
2389.4406732163634
2389.4707426230043
2389.500758539868
2389.52474108704
2389.5547327742265
2389.584714200323
2389.6147175912142
2389.6447325372897
2389.668731293707
2389.6987128350747
2389.72869714279
2389.758679677941
2389.7886712240747
2389.8186579719577
2389.842662917984
2389.872678922262
2389.9027228152445
2389.9328018661936
2389.956865485231
2389.986856902341
2390.016825670893
2390.0467938157235
2390.070768933038
2390.100734704905
2390.130699436477
2390.160667768019
2390.184648317955
2390.2146391419788
2390.244647875242
2390.274687768099
2390.2986917087314
2390.3287015163714
2390.3587144384865
2390.3887322561236
2390.418754188732
2390.4427648869523
2390.4727901277847
2390.502830538311
2390.532849538149
2390.5568764470145
2390.5869061708804
