1231.8127646925968
1231.8367165782706
1231.8666779361345
1231.8882428363422
1231.9061983473364
1231.9085892555413
1231.910579358558
1231.912169822974
1231.9151987557923
1231.9152003387494
1231.915200718906
1231.9152014991516
1231.915201680632
1231.9152021478967
1231.9157564363366
1231.9201514881104
1231.9310228889121
1231.9470357629336
1231.9691589209683
1231.9964337048903
1232.0200824887668
1232.0498583606961
1232.0797013336733
1232.1095541696843
1232.1334446901508
1232.1633060919762
1232.1931569740643
1232.2170643728457
1232.2469482333395
1232.2768113883244
1232.3066453350395
1232.3305056542915
1232.360292657565
1232.3900796864393
1232.4199141696529
1232.4497990059597
1232.473721588496
1232.5036388574752
1232.533576749913
1232.5635112212954
1232.5934670394768
1232.62335914048
1232.6473316534716
1232.6773076207794
1232.7072822173272
1232.737257396502
1232.767234661506
1232.797209495072
1232.8211901581317
1232.8511697329088
1232.8811596967137
1232.911158373952
1232.9351635253777
1232.9651834406984
1232.9952041295257
1233.0252173569393
1233.0492401336846
1233.0792682828778
1233.1092885855055
1233.1393147427852
1233.1693364840924
1233.1933554193565
1233.2233645705946
1233.2533374496243
1233.283208540021
1233.306943323085
1233.3367251247348
1233.366400243551
1233.3959411289989
1233.42574411325
1233.449534793701
1233.4785724273047
1233.506991838439
1233.5354246949685
1233.5626859799747
1233.583462026135
1233.6083626421414
1233.6367218509668
1233.659642744949
1233.6883649077317
1233.7168935920265
1233.745387934395
1233.7684062063342
1233.796196869774
1233.820175015957
1233.8443964778423
1233.8679399289244
1233.8873555492862
1233.9150515730769
1233.9448033650733
1233.974706362027
1233.998641429543
1234.028147916969
1234.057978773778
1234.0818283377848
1234.1117321239687
1234.1416874910044
1234.1716431017414
1234.2016131027738
1234.225597813686
1234.2555802150266
1234.2855596039064
1234.31553163029
1234.3454854961217
1234.369463733841
1234.399471047983
1234.4295072809523
1234.4595487374004
1234.4835674265867
1234.513566740699
1234.5435812072412
1234.5675853726193
1234.5975924720756
1234.6275953767035
1234.6515961238943
1234.6815554093516
1234.7115302036161
1234.7414606319096
1234.771399204979
1234.8013612228735
1234.831325518898
1234.855310084025
1234.8853057878835
1234.9153138278332
1234.945323937352
1234.9693236448481
1234.999304008204
1235.029279566386
1235.059255819562
1235.0832216441902
1235.1131811362907
1235.1426773823493
1235.1712666151936
1235.1986081601808
1235.2272210885849
1235.2553277728935
1235.2758925119554
1235.2995632253014
1235.3246048989079
1235.3513788949615
1235.376512730586
1235.397403187869
1235.4236930785914
1235.4501584719303
1235.4725487007952
1235.4945037061316
1235.5128208865235
1235.5346898022146
1235.5570368048473
1235.5783200677256
1235.5942601687036
1235.6117831414515
1235.6284207301817
1235.6419676569571
1235.6497740437478
1235.6584347891733
1235.6666096752265
1235.674374530846
1235.6817998518559
1235.6867079508888
1235.6922383823296
1235.697032134327
1235.7018947767594
1235.7057529403164
1235.70903178858
1235.7108511547729
1235.7143424404135
1235.7228407550047
1235.7291643662693
1235.7374495930471
1235.7461242879147
1235.7551870092077
1235.7665708955149
1235.7791077322681
1235.7878878296724
1235.7944379665157
1235.7946795890393
1235.7968024254073
1235.7979805289087
1235.8067258340052
1235.8254401035222
1235.8457532370721
1235.8749998915832
1235.9048962888344
1235.9348082342265
1235.9646380401687
1235.994374353317
1236.0241462990064
1236.0480287510156
1236.0778666930655
1236.1076503313668
1236.1372661155458
1236.161129460835
1236.1911721462461
1236.2212356702314
1236.251314265412
1236.2753859220684
1236.3054548497157
1236.335469203443
1236.365474144698
1236.3894768977734
1236.4194857719863
1236.4494924742605
1236.4794817290106
1236.503444648334
1236.5333140886669
1236.5630113622406
1236.5917688875497
1236.6155849572176
1236.6315236932826
1236.6394744817505
1236.6410201758738
1236.6419768206026
1236.6432967441629
1236.6537452291518
1236.6718776323526
1236.6925443629216
1236.7128604625045
1236.7290288453478
1236.7481355521095
1236.7652159674071
1236.7772786102375
1236.7847235458348
1236.7885090357954
1236.7914483886677
1236.7958207302959
1236.7967011852509
1236.803718269362
1236.8214827570134
1236.8469508724563
1236.8767721725767
1236.9070589772575
1236.9373262042561
1236.967526581491
1236.9916046799485
1237.0215761583281
1237.0514983589605
1237.0809472796366
1237.1094112836627
1237.1378543124215
1237.1608946604392
1237.1888001963405
1237.2153851709106
1237.2415946732517
1237.2672650131838
1237.2917772770406
1237.312304517003
1237.3400767859885
1237.368250233991
1237.396373199034
1237.4250577962007
1237.447560374029
1237.4741459643544
1237.500078766108
1237.5248985909147
1237.5443627939017
1237.5665896324153
1237.587368494517
1237.6067683330389
1237.6225289521506
1237.644912223555
1237.6675276472654
1237.6903372577274
1237.7102034198288
1237.7292592015388
1237.7432519427991
1237.7611068191868
1237.7801648267862
1237.8005293957274
1237.8207121989185
1237.8392787594785
1237.8537986242686
1237.871050485775
1237.8875071125942
1237.9038827620611
1237.9170782323993
1237.933692237894
1237.9507470226845
1237.9669785025962
1237.9817703970286
1237.993329000983
1238.0077885842234
1238.0223950705179
1238.0368798217564
1238.050560156243
1238.0605751895564
1238.0745639443255
1238.0884460602686
1238.1029592759996
1238.1147563100394
1238.1298947121668
1238.1448963970033
1238.1598218427869
1238.1748576787088
1238.1916591855527
1238.2063714087712
1238.2295315472088
1238.25353913183
1238.272145635731
1238.2959977818527
1238.3185250076426
1238.3392376990626
1238.3594191397538
1238.3742342980079
1238.3918588806355
1238.4080598287646
1238.4244751449908
1238.4375770969357
1238.453241696904
1238.468050163433
1238.4829376875234
1238.4991241994699
1238.5119720751331
1238.5272071894674
1238.541511313595
1238.5560591039705
1238.5669093422055
1238.575420282649
1238.5833154051434
1238.589257538255
1238.5971078271461
1238.6060836579243
1238.6141759123807
1238.6245324046831
1238.6342609952965
1238.644945240367
1238.6562810526386
1238.6679097338879
1238.6787083677334
1238.6865666857766
1238.7000435894602
1238.7156172304988
1238.7305974472388
1238.7476375577196
1238.7636693790698
1238.7813762318497
1238.7973533965005
1238.815947416161
1238.8322160108933
1238.8557771215262
1238.882786396476
1238.9116803174793
1238.9352490174233
1238.9647957701982
1238.9942697504428
1239.0231388954767
1239.044957507524
1239.0725536729733
1239.099661720417
1239.1222132628807
1239.1440934093755
1239.1591825623868
1239.1772743456497
1239.1936228850232
1239.2089392796734
1239.2256138334685
1239.2371107047386
1239.2500345061387
1239.2644670990708
1239.276616153813
1239.283986907281
1239.2896306271068
1239.291766525386
1239.2925798169208
1239.2934617705039
1239.2937506363628
1239.2962294035233
1239.2979050808021
1239.299491819254
1239.3022596826486
1239.3068835937697
1239.312451363611
1239.3200995744508
1239.3282190589541
1239.3370626477667
1239.3516984882117
1239.367285083152
1239.387099558249
1239.4058332397055
1239.4184676771936
1239.4330647723223
1239.4433168040907
1239.4513547699557
1239.456998467138
1239.4639745107365
1239.468974053683
1239.4724487218853
1239.474966866584
1239.4788494587326
1239.4882280530185
1239.5008118571186
1239.5208892177159
1239.5368385538031
1239.5454113768146
1239.5578947790666
1239.5776776280647
1239.6015380164465
1239.6190179687035
1239.6315700500895
1239.6435066628803
1239.6621878693716
1239.6859335131317
1239.7088201948334
1239.738050985627
1239.765920360135
1239.7934402826413
1239.8200674227376
1239.841035892882
1239.8681542976283
1239.8973842332462
1239.9272542624062
1239.957015731816
1239.987009956629
1240.0170105482448
1240.041069373749
1240.0711644890064
1240.1012132538758
1240.1312521278496
1240.1551827948072
1240.184994938465
1240.2148023721354
1240.2447328124429
1240.2746268508663
1240.30453870325
1240.334539164397
1240.3585416204578
1240.3885128506906
1240.4184641394336
1240.4484329944717
1240.472386042249
1240.502303822874
1240.532206714117
1240.5620969270929
1240.5919902911482
1240.621876231028
1240.6518020118383
1240.681748258442
1240.711704014235
1240.7356722818581
1240.7656372992956
1240.7956075382715
1240.8255771884312
1240.8555509172595
1240.8855256001605
1240.9095022016834
1240.9394811893067
1240.9694737490008
1240.999475461439
1241.0294779200663
1241.0534701526913
1241.0834479504888
1241.1134020050295
1241.1433636971221
1241.173318769965
1241.203261098978
1241.2272142375798
1241.2571604068312
1241.2870844082
1241.3170105252595
1241.340961792993
1241.370908545252
1241.4008593397468
1241.4308101313022
1241.4607580044694
1241.4907113469756
1241.5206588434187
1241.5446107166051
1241.5745364443992
1241.6044600926311
1241.6343862812055
1241.664311840616
1241.688252726961
1241.71818423093
1241.748118320351
1241.7720657100963
1241.8019967681414
1241.831933818346
1241.8618771873114
1241.8918192661727
1241.915773422897
1241.945712094972
1241.975661498621
1242.0056325728044
1242.0296236669878
1242.0596148192692
1242.089619910422
1242.1196396833732
1242.1436582512274
1242.1736838288214
1242.2037017832333
1242.2337223786603
1242.263749583323
1242.2877598537484
1242.3177654408382
1242.3477715381073
1242.3777485654105
1242.4077194545598
1242.4376938585476
1242.467664324568
1242.4976359272148
1242.5216109334688
1242.5515800733156
1242.5815542918251
1242.6115363951017
1242.6355242726272
1242.6655016831166
1242.6954631075444
1242.7254156895447
1242.7493902151086
1242.7793723355737
1242.8093489142987
1242.8333202296903
1242.8632881407373
1242.8932546679061
1242.9172328879843
1242.9472109278038
1242.9772130321562
1243.0072325795645
1243.0372537843975
1243.0672770738004
1243.0973071478447
1243.1273591879933
1243.1514213009486
1243.1815050441999
1243.211581380202
1243.241648182679
1243.2656831132415
1243.2956727849482
1243.3256645037625
1243.3556645380343
1243.3856427839655
1243.415591930175
