2.1577625335222406,1.016915260031027
2.167657560469363,1.0289728756607188
2.1807459578340143,1.045135210173176
0.00964411980480805,1.1357389402994962e-05
0.024866153491372698,0.00011884139711586346
0.033714243000311554,0.0002448065298102627
0.03629064370237769,0.00029653935243293485
0.03631814076339396,0.00029691289514205296
0.0363272343156066,0.0002969527644328021
0.036312830216148353,0.00029653346773367777
0.03629048300800578,0.0002960141494883559
0.03623235800559916,0.0002945340057392317
0.03620317855868518,0.0002946462518293069
0.03619422197865934,0.00029514913244298597
0.036214640972108934,0.0002961154689724812
0.036247846045455806,0.00029700880370802616
0.03626403476815845,0.0002972242851835152
0.03626199330301225,0.00029702097650971765
0.0362417261041902,0.0002963972795397087
0.03621958728381322,0.0002958175633828154
0.036224474928021604,0.00029605187476352337
0.036235680161001836,0.00029641823832606587
0.03623905976525966,0.0002965428177639515
0.036231674323937674,0.00029629183532927267
0.03622858664063712,0.00029606332780549456
0.03623209749593139,0.00029629262899939324
0.03623452759144709,0.000296502600008313
0.03623304216936685,0.0002962547023368691
0.03663064075221753,0.00030629618114774053
0.04022716359139274,0.0003965936481798262
0.054221714579200796,0.0007464392683075655
0.07248137601267331,0.001202343712596979
0.08807445548163148,0.0016450569719578833
0.10886056774544296,0.002373073063697477
0.1296385855658802,0.003255551646750078
0.15040916870086998,0.004292460120363282
0.17117244812817126,0.0054839336269722995
0.19192674836339618,0.00682997299624003
0.21785399917689136,0.008728894927855717
0.2385820503383895,0.010421743085670388
0.25929714535380616,0.012268998541343154
0.2851710327395985,0.014793874992704117
0.3058525209657815,0.016987060498126604
0.3265168738433221,0.01933433536920694
0.35232207252370257,0.022483723151412546
0.3729444310812203,0.025175836624694914
0.39354624231602214,0.028021728990612706
0.4141261949505186,0.031020363080330588
0.4346833786312275,0.034171755050611076
0.4603459925687318,0.03832625748050157
0.48084747855913856,0.04182125423319223
0.5013225652295884,0.04546869742022958
0.5217698713743144,0.04926821932539264
0.5472885614011009,0.05423126649546166
0.5676694013250352,0.05837239031003366
0.5880187272887824,0.06266491121189077
0.6134101434878393,0.06824308996171527
0.6336851142863273,0.07287534197176086
0.6539247347309568,0.07765843813241076
0.6791736357403848,0.08384855223001408
0.6993307609519263,0.08896943422522433
0.7194492957987547,0.09424011448528861
0.739527956216784,0.09966012191869027
0.7595654901951082,0.10522937939846562
0.7795614541152798,0.11094749104594424
0.8044957128437663,0.11830386221450208
0.8243928824360165,0.12435574122882134
0.8442447088398011,0.13055510948232044
0.8640499309837419,0.13690204676351156
0.888739164725533,0.14504296448414575
0.9084353171513356,0.15172030389601024
0.9280814744988771,0.15854379134279234
0.9525666181079377,0.1672786441287308
0.9720958346393687,0.17442998378153998
0.9915714101424866,0.1817264124452118
1.0158383620832871,0.19105026322024504
1.0351888630235537,0.19867149067120002
1.0544824333569396,0.20643625182164474
1.0785171112550713,0.21634374932036582
1.0976778884121514,0.22443037465916027
1.1167780501591928,0.232659177144352
1.1358165897804344,0.2410297027846856
1.1547923557709,0.24954166410821832
1.1784220154891334,0.2603795971766715
1.1972525366459912,0.26920781382636066
1.2206976080116014,0.2804395154385974
1.2393780089181852,0.28958137985542826
1.2579898126229017,0.2988620232809054
1.276532102327534,0.30828086994057724
1.295003979688166,0.31783718460706034
1.3134041623914088,0.32753042873520083
1.331731610472276,0.33736043515958963
1.3545374225493096,0.3498393596907109
1.3726981842052897,0.3599743584607208
1.39078292972541,0.3702441717295834
1.4087905414527064,0.3806486516329563
1.4267205895786417,0.39118639255616394
1.4490222663810188,0.4045453663803338
1.466773248019378,0.41538171436723276
1.4844434388489514,0.42634971413053807
1.506415696942135,0.4402437521795392
1.5238998213429942,0.45150585382390424
1.5412997243111055,0.4628975784979364
1.56292981740933,0.4773184041275462
1.5801367717010306,0.4889997736579135
1.597256464788373,0.5008087255192036
1.6185317711130385,0.5157478689765825
1.635451208058152,0.5278413828007745
1.6522805158001341,0.5400606550530516
1.669018651301353,0.5524044887538337
1.6898112078056116,0.5680085482899154
1.706340118799462,0.5806305837894461
1.7227750209914325,0.5933753415203725
1.7431846999816973,0.6094774737311348
1.7594036769641985,0.6224953910260702
1.7795411609114722,0.6389362587034053
1.795540397917252,0.6522238462988973
1.8114402731225148,0.6656297995206369
1.8272401623472447,0.6791535234043552
1.8468479266129818,0.6962229219356768
1.8624194811138912,0.7100090620180202
1.8778878804489774,0.7239105260456632
1.8970773303697381,0.7414487598162393
1.9123112049320525,0.7556073537850908
1.9274393904431975,0.769878657613522
1.9424607837347947,0.7842618161270001
1.961086516051456,0.802397537288574
1.9758653798265147,0.8170303317150897
1.9905351111911853,0.8317725400021075
2.0050945883152194,0.8466232654770292
2.019543247835917,0.8615818447882602
2.03388049044103,0.8766477723852307
2.051643792280062,0.895629105036391
2.065726806496527,0.9109323721402716
2.0762141270731136,0.922478558533919
2.0935496929851705,0.941851549614551
2.107287862187361,0.9574652615539662
2.1209095569322614,0.9731805983125882
2.1344140902360804,0.9889968963694855
2.1478007606030833,1.0049133906093195
