0.03008693639874032
0.05999763424129215
0.08754266257643652
0.10269849990123169
0.11145284873411618
0.11479708353077615
0.11484175158835709
0.11484282232668605
0.11484411032645452
0.1148446201502873
0.119023817750558
0.13324996036210227
0.15618551349888835
0.17362024116459945
0.19640509785056615
0.22202759339578143
0.24747014105216739
0.2727987011251787
0.30124905465900126
0.33102340658895396
0.36088742571686694
0.3908198208247602
0.42068032634243235
0.4505839927577266
0.4804835683123225
0.5104106691238598
0.5402679271181627
0.5700761852175116
0.5984254824213331
0.6274445149508588
0.654544313515667
0.6828923903547292
0.7125736777030239
0.7388325251302551
0.7649883663903764
0.7931256140150743
0.8177718439695723
0.8380913981572158
0.8652988857118483
0.8949586962187284
0.9248323964845857
0.9547166367108848
0.984555572668075
1.0143824006841897
1.044006143350903
1.0724736224000393
1.1008494628076442
1.1300004394235295
1.1575958332703575
1.1852068703484737
1.2126336533765343
1.240016118116004
1.266429125177693
1.2875829546399384
1.3139470015655026
1.3424707653796295
1.36891407718034
1.3971392435475598
1.426482121623958
1.4562272062239083
1.4813708553720843
1.5069777917863045
1.5327269797377352
1.5556445237521843
1.5745598703323427
1.595010953121238
1.616000219529449
1.6357757077599338
1.6597709747004459
1.6867064224992059
1.7162735414630643
1.7451367310228574
1.7713178251871686
1.7984583569249604
1.8284149054013734
1.858422554388338
1.8883460859045325
1.9150710934283037
1.9421433050155725
1.9647519914412184
1.9910341156936424
2.0203112543270803
2.0491633769734237
2.0720969746916578
2.0970584026297585
2.125396797417383
2.1490822616472425
2.1656245286596487
2.187889015395213
2.2126647776388126
2.2401021170413506
2.2670675720667894
2.2948224316388455
2.3247240355325136
2.3531508106522234
2.382823234680331
2.4128508854564394
2.4428241861154736
2.472803966951066
2.502803093942184
2.5328406632000666
2.5628935374951944
2.592896564095457
2.616953261840844
2.651765091200628
2.681720636561547
2.705700063838781
2.7417698563704502
2.765843345438075
2.793471668625252
2.816644416079755
2.8385805108911413
2.8628750054956336
2.8868286011042255
2.9131929648803476
2.9395565447950167
2.967686017376546
2.9939925554323485
3.0210894204147314
3.0447832019239094
3.0747556368875544
3.104778998432304
3.13482069718477
3.1648804311345695
3.194947243635077
3.224984438913255
3.255102647115765
3.2852526290675095
3.314364689075508
3.3427264756172264
3.3701761790864633
3.3977898076387274
3.4260655415741064
3.4545528126489873
3.48267432145927
3.510138053959495
3.5373426127984504
3.560099886342185
3.5851428106379406
3.6090733960186143
3.6345590942503097
3.658139941293717
3.6806883687250016
3.703434395423455
3.7318966333506203
3.7608960848728477
3.7904584596794857
3.8202359843693343
3.850158652768883
3.8801628446663603
3.909489576986968
3.9374192612159336
3.9557669692684794
3.974424358971743
3.9949844434189847
4.018692955626949
4.046244074610961
4.076265735252322
4.1062674050247105
4.136208331738649
4.1661763048825495
4.196188764611306
4.226245695624454
4.255145594475274
4.283682371854227
4.3131941309097215
4.336845867228385
4.365636394175262
4.392042494765833
4.418745482682657
4.442764552457622
4.462561692590719
4.48846076118481
4.518051815185823
4.547458838617106
4.574592221126266
4.6045358930769
4.634584863766656
4.663634461742161
4.69053803449377
4.717572464182322
4.744471289467615
4.7717324517729285
4.79923455104192
4.82755684706277
4.857604050836165
4.887627490265939
4.917674033954443
4.947671446833352
4.977685474422828
5.001697336864387
5.029278604739337
5.051032382772356
5.071824493816174
5.092764278572864
5.115412375393443
5.140939977585704
5.170923710392733
5.200830024784434
5.230785791956274
5.2608024981173855
5.290755254508998
5.320178168661259
5.350060333613799
5.378770931904776
5.408616190211586
5.437828407468496
5.464977661401294
5.494601147296826
5.518552759049894
5.551961498457906
5.574188023718679
5.602973817609932
5.63251526858318
5.657789594336486
5.6841489864484025
5.713883390276833
5.7437200511652025
5.773779582489434
5.803868327562407
5.8339719326568735
5.864012713310403
5.894080656762392
5.92395985727899
5.950365927395176
5.973903243358282
5.992034972987374
6.010207625193066
6.025613015938326
6.039787951707733
6.062067043818885
6.087234758561071
6.113504817049961
6.1421894379558415
6.171632495432465
6.19561896481401
6.225699898851365
6.2553562069834605
6.2791703004359825
6.306668778801259
6.335603121090402
6.363991333569342
6.387101095286609
6.413332617337492
6.442244986108341
6.471431634520016
6.500972620578238
6.527435722690338
6.550560416955449
6.568888856086163
6.585875533321892
6.608511652851835
6.632404534899015
6.651462370716325
6.669938376865823
6.691881528996958
6.712860424378433
6.746090125307131
6.766503308921561
6.795198207674853
6.8244507502596115
6.853267449960627
6.883076190336535
6.911344718181871
6.935859473106517
6.965156827316931
6.9937574473088375
7.021761307392918
7.0504800312363916
7.078897932767901
7.108704708907312
7.137781203394133
7.160816562380166
7.196355138164506
7.2263997862874305
7.249052191226453
7.27718575151202
7.30347699552838
7.32961970629354
7.353046434598463
7.37755422706194
7.405176381404803
7.434389938119737
7.46451053534342
7.494572223527741
7.524576374114269
7.554567167100603
7.584559973289818
7.61381849486116
7.643851099478331
7.673781653684064
7.703576676788872
7.73345272862338
7.763463997645942
7.793561823786288
7.817672808009422
7.847733321572662
7.883630629602134
7.906797508885514
7.935834287598002
7.965004920474096
7.994704452608526
8.024719270350898
8.054687242363485
8.084198893003848
8.114076300099063
8.140010552687517
8.164348577726988
8.190599330963101
8.219229182381001
8.24625416708022
8.27614371986809
8.305099133733856
8.326000196625417
8.350875801596251
8.379005117547477
8.399510000587398
8.417241418281272
8.438273786033118
8.463490535185988
8.48776790805623
8.51232398735677
8.538347995570765
8.564401150265534
8.588758015342586
8.612335493729203
8.635665529017789
8.654875995726604
8.67474452617647
8.699717332447921
8.725025664920826
8.749677105037433
8.778104416771122
8.808177122717407
8.83816828684889
8.862095520240471
8.891914662420382
8.921616008783158
8.950654661312893
8.97739095870808
9.005664214638461
9.035383151557802
9.062571232117465
9.086521009342311
9.10824373436979
9.130419261018867
9.154306455317554
9.181220680040866
9.209278320616265
9.23782243355458
9.267772730114114
9.296222394282431
9.325590226250755
9.35562621485344
9.385655207674386
9.410628040830924
9.432693570587006
9.45697771252332
9.47829870473642
9.506202199336059
9.536268368239165
9.566245647574672
9.5962132737774
9.626234719656743
9.656189882617735
9.686084718882375
9.716032217523132
9.744827287376038
9.772430528448583
9.802105384207954
9.83075880424198
9.856156537501082
9.880293328657967
9.902567774999314
9.929497449237099
9.959517764817207
9.98954061144277
10.019583133667597
10.049592301254465
10.079567560493514
10.109546310641324
10.139503475273392
10.16949627461503
10.199460502543875
10.222562315690597
10.247374660399847
10.272160589545223
10.294621639327188
10.313852925760045
10.33358404276097
10.358051688512464
10.385084994862035
10.414387256483543
10.444335768409756
10.474361434043484
10.504432523491209
10.534527071779483
10.56451880716737
10.594377792240437
10.623655586116302
10.646145077488653
10.677030389128616
10.704337551917462
10.732001090395666
10.755485142077772
10.78011718101316
10.806407036789341
10.833492728694091
10.860963555594859
10.887861164344036
10.917708388058038
10.947716037063298
10.977696329006946
11.007662865225218
11.037388626707665
11.065243813291952
11.09283590283568
11.117331158716206
11.146911792294631
11.176948188103319
11.206945150517283
11.236550275334158
11.256832243726162
11.287560717937403
11.308348818180784
11.334558551122528
11.363248990147852
11.392826012462056
11.422357137097888
11.449832796720967
11.473281389760547
11.494994213035683
11.516877101623868
11.541397489055397
11.571230184221074
11.601216164298188
11.631157367222173
11.661013345072085
11.684830939218742
11.714718364319781
11.743508974530906
11.769103390916834
11.79516410816298
11.823030310981569
11.852067558953756
11.881457741007745
11.910024518994362
11.938327055316197
11.966489839340095
11.994573802709338
12.022794775886823
12.051014906644564
12.077356543559521
12.104789590209572
12.133705103646873
12.163776760059612
12.193864073730515
12.223903300770582
12.247933140661125
12.27804519536839
12.308164390494174
12.338124035810603
12.363562362499055
12.392212695000396
12.421522268841017
12.451636759052143
12.480581124562903
12.508364944319311
12.536590426180835
12.560246621870172
12.596198068782028
12.626196809278426
12.65019427980919
12.68020155836
12.710269551402055
12.739256530592526
12.76850804208668
12.79800599447174
12.825776216613082
12.851047531683081
12.874147434229426
12.901894752793039
12.931727503654274
12.961669105082352
12.98851035086546
13.016976644567643
13.046202933540958
13.07563612985668
13.104800460444666
13.134708350623855
13.164702810040339
13.194810351106169
13.22489508942906
13.247165455770288
13.273533439929158
13.297541688941985
13.324613485379297
13.35409183028237
13.38311934429059
13.412797552099965
13.442837263365826
13.47281687745182
13.501283131010972
13.530354115274017
13.560270226619402
13.590355827605993
13.620428845849638
13.65042739083597
13.680498759775992
13.708533112319845
13.734302450183455
13.754994152040798
13.774039374939566
13.786889167224293
13.80871733758908
13.829895977683657
13.85070261630482
13.871862798410367
13.895364618928395
13.921285696115698
13.949795233608665
13.97810666844829
14.005068476098868
14.034517716176648
14.064329637408983
14.093722542308925
14.121818921518734
14.15109032569307
14.173685286783737
14.20106458315905
14.226741988607376
14.25195026169066
14.27675286988151
14.303948608359958
14.332728707441015
14.362211339164807
14.391792130188318
14.421098223936163
14.448968908109727
14.476545670459045
14.503627007757181
14.532297775915783
14.56238277541114
14.591197838357905
14.621016767509747
14.644560791819025
14.667508376509787
14.683277632359841
14.697038240166217
14.717865134856401
14.742289479635682
14.771417756007772
14.80075777858686
14.830530437590355
14.85460316778905
14.884627393379171
14.914636851185152
14.94365894923983
14.97271309250074
15.00052233077899
15.030134388231753
15.059880897525222
15.088386203872915
15.118235814676824
15.146830098745118
15.174696476281301
15.20467066817427
15.234893946502394
15.265098197750632
15.295196533659109
15.325287829444084
15.34930513427963
15.385274063058498
15.415233660188688
15.439223112732682
15.468610511836296
15.497971999488811
15.523489517093246
15.54120906478034
15.557552966003035
15.572834145211958
15.585953585741777
15.600314851660169
15.621873598518617
15.647213761880776
15.670691479548458
15.693754842257162
15.718476961659347
15.747772867331374
15.777753358308765
15.80602957407495
15.83080129927534
15.85282341443277
15.879146368838786
15.900641726978122
15.925465262308922
15.953515627659215
15.980758897442625
16.007653123449774
16.02933608076573
16.04745534449525
16.068565034580967
16.092514400274457
16.118889698686633
16.145907268730518
16.17483206708333
16.201004644107243
16.22318664673711
16.246931104454912
16.267607012124973
16.297309201295693
16.32653513450614
16.353958769878375
16.38018654350895
16.407832928661044
16.437625714425156
16.467450917486644
16.497474885723285
16.52764285469402
16.55785609843055
16.581972329382925
16.617998794162514
16.640740875083917
16.66441994573952
16.681785519927317
16.69897948367682
16.718198232452895
16.744665145757807
16.773639515531222
16.80006696389372
16.82139230879558
16.843825456461616
16.86748940742665
16.884638940703713
16.902615826767732
16.921890659157636
16.940213041849468
16.956732164860295
16.966068795916954
16.972845433276422
16.984992554892077
17.004233577971405
17.018189382271828
17.02435785055825
17.030473860322534
17.038313770112996
17.047437247587666
17.05660470098229
17.065778934379438
17.0749158115564
17.079748851130073
17.08221870245686
17.08307624024297
17.086056989406988
17.092382617830104
17.099056542318984
17.103441628802372
17.109805516988295
17.117608903475723
17.129040106571665
17.142810455614278
17.159367518637715
17.177535697392656
17.194530766927656
17.212948262119145
17.2287009611224
17.251493826680104
17.272993616652197
17.29829450216076
17.327743613401385
