-5.645194669608413,-5.399551823322117
-5.659684304813248,-5.378912699608273
-5.671675355575327,-5.3627818398561935
-5.684045712014877,-5.348247411605823
-5.690268497369166,-5.341944191973121
-5.695041769632031,-5.337603030787032
-5.696264111297328,-5.336552076454947
-5.6962649609345775,-5.336553254631836
-5.698092253176562,-5.33500162486561
-5.703786406608656,-5.3300444793689925
-5.712788202235242,-5.321384183839333
-5.7245401093665995,-5.308007849451779
-5.739089612491873,-5.287303287419118
-5.753482553451723,-5.2624436103480345
-5.764713276227816,-5.241230599082234
-5.777770267143154,-5.214593737044659
-5.790846436458411,-5.188051634043487
-5.804708031257372,-5.161548960352736
-5.8182176334025675,-5.137325691484048
-5.83259644818052,-5.113077463016609
-5.8441593814096295,-5.094606791629173
-5.860044794027687,-5.069569870334113
-5.876033805885184,-5.044198449556984
-5.892222003570886,-5.019232455585772
-5.907170182773139,-4.996898903263314
-5.918936525402659,-4.9796254236015844
-5.931415276040965,-4.961224051455673
-5.945856853797762,-4.939608785382922
-5.960566189655007,-4.915554393454637
-5.971905407646934,-4.894512463295143
-5.984258706069058,-4.867298659475945
-5.9942239297921915,-4.839913093643159
-6.001105889251983,-4.813241585707961
-6.005225182464528,-4.78706134888072
-6.00687961409411,-4.757960831149255
-6.006467627612284,-4.731394245941824
-6.005020287035154,-4.704446996389754
-6.003812779591603,-4.677483808122559
-6.003544283127288,-4.649303648319962
-6.004053239134898,-4.625402891599976
-6.005102047100299,-4.595445586826103
-6.006547398860128,-4.565502364608555
-6.008284484296621,-4.535551334255689
-6.009435414759231,-4.50551723969268
-6.009417493302373,-4.475450000483017
-6.009047663844098,-4.445467289494699
-6.00930989364589,-4.415536857445657
-6.010897610448761,-4.385683515699042
-6.013528609313247,-4.361950943598331
-6.019168132126048,-4.3326603721694275
-6.0273954268280825,-4.304030801899529
-6.039029242092174,-4.276863306215296
-6.054634840717089,-4.251583950262823
-6.073380440323257,-4.228452489814285
-6.094008985078167,-4.206789059169227
-6.114402376023536,-4.18599883293123
-6.134972424065303,-4.164269832226069
-6.155661001050556,-4.142575146292625
-6.176618442134511,-4.121145565708615
-6.197956944389155,-4.100151536911312
-6.2156290166808,-4.0840102665428955
-6.238475781589034,-4.064683518514682
-6.261172463212159,-4.046929056365749
-6.2822314114304305,-4.032078635379327
-6.30405244949585,-4.017860445589313
-6.326936026878536,-4.0052740392293575
-6.350726632620331,-3.9955350349921805
-6.377668862353066,-3.986766322628092
-6.4065397807113005,-3.978688005802934
-6.429622640354527,-3.9718441097137553
-6.4578632333566635,-3.9611498131075096
-6.484363812724269,-3.9465364753121506
-6.508633749861584,-3.9286105493826384
-6.531406091889985,-3.9088684241870095
-6.552055676685092,-3.886777494101309
-6.565815379278971,-3.866812662644595
-6.579438327947726,-3.8398518894434948
-6.590634680616238,-3.811913771641867
-6.60074054511845,-3.7835927360429706
-6.608865072590813,-3.7574189776598983
-6.615754234472912,-3.7333752075859605
-6.622204140997819,-3.7093389058810335
-6.627115630223304,-3.687410234667532
-6.630899626594691,-3.6666906408072455
-6.634911057905267,-3.6387092698744885
-6.637952369258152,-3.612398262749112
-6.640473085856104,-3.5882560632816616
-6.642233596031637,-3.564996148090741
-6.642616335342931,-3.5394645991675064
-6.640611657048984,-3.5115703348455547
-6.63604353958842,-3.486187923348635
-6.630713380304069,-3.4662401591346583
-6.622456709629537,-3.4391438606437776
-6.613986369910865,-3.410922939685279
-6.607182739808134,-3.3833046976659418
-6.602258239874664,-3.353863747282539
-6.599148035360143,-3.324117508104769
-6.596679442829088,-3.2941955208642715
-6.593823007501291,-3.270264850916489
-6.5883458403649575,-3.240655860981205
-6.581832824266753,-3.211365107860278
-6.575372979973825,-3.182040014783392
-6.567715790778641,-3.1529264963942145
-6.558539241806746,-3.124300872366428
-6.549417126027268,-3.0957955086701086
-6.541817288157266,-3.066880713943902
-6.53639263942341,-3.0435032001828777
-6.528932098772029,-3.014817902934143
-6.51969543794253,-2.9873713787940295
-6.507804898360807,-2.9608303158706253
-6.49398687505337,-2.9353304379896357
-6.478099260391328,-2.9100729893871917
-6.4611380950563415,-2.8864007853117797
-6.443210581272432,-2.8628559325148313
-6.427300758235765,-2.8414398742229108
-6.414397793382117,-2.8232900697937
-6.397538800299044,-2.798899659028898
-6.381708739526108,-2.7762151404676563
-6.365879389121664,-2.7539153084480192
-6.351903537343159,-2.733187848727431
-6.338280337418369,-2.711637337588761
-6.325254202882131,-2.6880140029450157
-6.314251596938074,-2.6615028918421624
-6.308226037329137,-2.6385221916839665
-6.304454668415896,-2.611048742944403
-6.303136995702269,-2.5849428904588394
-6.302654336902705,-2.5616943549769844
-6.30210566057908,-2.5358006979275505
-6.301719932942715,-2.5070499146134977
-6.300602856751278,-2.4802242547066697
-6.298073531227415,-2.455561405290502
-6.294007219863286,-2.4303145736094676
-6.289489590770311,-2.4035843957855754
-6.285768881826212,-2.3741137898385873
-6.283840411613186,-2.3502670601677047
-6.283068926925965,-2.320420530597528
-6.284409922300713,-2.2905837574552947
-6.287985139219909,-2.261297074339316
-6.294070425514004,-2.231988812989618
-6.301543809006114,-2.2048280405958933
-6.310584559758014,-2.1762605650849465
-6.3197321196465674,-2.147665617925097
-6.328490373643193,-2.118960585154034
-6.337295538904228,-2.090305838258622
-6.34483013537807,-2.0675848011460913
-6.355591781892537,-2.039721795514577
-6.3683777923446705,-2.0127183130632442
-6.38203290008323,-1.9860233552255067
-6.3961767970426395,-1.9596461400127156
-6.41111104730268,-1.9340673317425188
-6.423495432635612,-1.9139644939805367
-6.437871760193075,-1.8903269238879155
-6.452157896927991,-1.8641124429041949
-6.465009041081365,-1.8369557733261213
-6.476869928673899,-1.8093511714789452
-6.488051353904512,-1.7814767169739736
-6.499133484997126,-1.7536529267016736
-6.510609843228699,-1.7259504503313514
-6.522088464174753,-1.6982377612780875
-6.5316369755845125,-1.676274829507058
-6.544402728228509,-1.649193009233121
-6.5572544372182495,-1.6236990131908375
-6.570391359243826,-1.5979480621159348
-6.583251850877019,-1.5718766259987378
-6.595814526927999,-1.5458385938352421
-6.608483929876549,-1.5186045468470548
-6.620527393718235,-1.4910753303799154
-6.631896078042479,-1.4633016759278281
-6.643380943519061,-1.4356385032714731
-6.655797467321052,-1.408417520100771
-6.66915813714736,-1.3829435265270538
-6.67918249083331,-1.3661823060541267
-6.693828171749152,-1.343364598581744
-6.709831713431309,-1.3183851681271612
-6.725223147953106,-1.2925248639512097
-6.739541907201709,-1.2661226471010563
-6.753663255996142,-1.2396712423500127
-6.768047788111633,-1.2133401736887983
-6.782240157557974,-1.186911948758106
-6.796367313979355,-1.160932780111937
-6.810953372716282,-1.1353422835097
-6.823280578611382,-1.1150902639519003
-6.838516801287825,-1.089170218896325
-6.851913086214867,-1.0646916032888265
-6.866222305386755,-1.0394725969318919
-6.881258549451346,-1.0145935253956244
-6.897353150390558,-0.9897489022367915
-6.913835033090545,-0.9661602455957083
-6.9316498621743285,-0.9420755449410342
-6.949977939055038,-0.9184105483493646
-6.969133313966752,-0.8953774381087972
-6.988161880649797,-0.8729024490648225
-7.007555637044486,-0.8502705070112714
-7.023279704822359,-0.8321690853396112
-7.043581164385893,-0.8102351142521317
-7.065428664157849,-0.7898722564299165
-7.088131879106729,-0.7702847538187871
-7.110948130279606,-0.7508057178414103
-7.133775397043182,-0.7313963467493911
-7.152448563684926,-0.7164361580886428
-7.176644451391086,-0.6988592010831082
-7.201386673027527,-0.6818740206568762
-7.225551538951364,-0.6639139503641798
-7.248752898863995,-0.6448177976772348
-7.2719563312431434,-0.6259123046759892
-7.294887943932157,-0.6089059014510818
-7.3180841242560595,-0.592351947003439
-7.342503822139779,-0.5749718350494036
-7.367306126268486,-0.5582186261342044
-7.387578330303075,-0.5454245164799962
-7.412910941767407,-0.5293003481369364
-7.43790904080563,-0.512598262058346
-7.462347430512166,-0.495115728246011
-7.485539928021119,-0.4774405226353694
-7.505955943985663,-0.46078261945169646
-7.527590881564081,-0.4412438280529013
-7.548675479771509,-0.42022629655926197
-7.569933611848759,-0.3995317571442667
-7.587768683508347,-0.38431480116117317
-7.610109474359349,-0.3688508355955226
-7.634082396659964,-0.35633227231860104
-7.65865420413092,-0.34544665208958686
-7.682360044574264,-0.3353859909395516
-7.707202288878849,-0.32613187829869295
-7.734114379526957,-0.31829810600128355
-7.755898524996767,-0.31259091355221136
-7.784579537388574,-0.30615261495987495
-7.813347753871049,-0.2995091330076548
-7.841033792388988,-0.2909056726049327
-7.8656612121965805,-0.279923835887127
-7.8893186590952835,-0.26717776466594756
-7.911938174667217,-0.2532518950394398
-7.932818330664106,-0.23900064652907452
-7.956183525474564,-0.22230690770625325
-7.979985429592429,-0.204886821497557
-7.998595190649328,-0.19053662433029586
-8.020956077990109,-0.17286420026694335
-8.042790045999634,-0.1544951591833761
-8.064790473752263,-0.13416253557533162
-8.086568839835184,-0.11354291216971338
-8.108639739654901,-0.09325478343448661
-8.130714037954526,-0.07293344271419867
-8.148520698555677,-0.056914998931792776
-8.17123773920721,-0.03733324383132021
-8.193903022739615,-0.0176718714621902
-8.216530088944971,0.002019360936801806
-8.239256055427049,0.021581086817806072
-8.261833721468255,0.04070184567044222
-8.281190244130288,0.056893861241983645
-8.303267874634217,0.07503341861399924
-8.326044949013031,0.0934125595964235
-8.344607764658583,0.10853137803551578
-8.367159453816138,0.12767299243320163
-8.387305283661936,0.14642297689536707
-8.408034924338839,0.1682625495942255
-8.427515857575086,0.19119720640876556
-8.445808146313855,0.21509746067575958
-8.459542577937452,0.23485236854973468
-8.476072734849684,0.2593705498744821
-8.493090875290104,0.2840602268354113
-8.510285616640376,0.3085315498189269
-8.528101710834632,0.33261197343665044
-8.546450702732525,0.35630269637572126
-8.564957341719012,0.3799358635271457
-8.583343561730793,0.4036143424612337
-8.601893497572895,0.4272014291341121
-8.616748629576433,0.4460292519400197
-8.63573500090594,0.4691790290598132
-8.655396817028283,0.4917890860113372
-8.675284239424894,0.5142422188574607
-8.695275203480485,0.53661070359471
-8.714944368698566,0.5593667854967046
-8.733180293739517,0.5833260940683076
-8.750301299894558,0.6080617210138654
-8.763062842630353,0.6284719034846318
-8.77822452835701,0.6543983036363767
-8.792962976182256,0.6805792738620865
-8.806746783586314,0.7073139702647881
-8.819603989429599,0.7344447794470201
-8.832618988612882,0.7614397173470867
-8.845697353604455,0.788022182209913
-8.858195102612504,0.8149360564152949
-8.86986285632615,0.8426276226872242
-8.878961843269218,0.8648341689668364
-8.890345509539218,0.892598843525938
-8.901518558822012,0.9204344954483743
-8.913194500973114,0.9480314363710468
-8.9225216195427,0.9701804052391768
-8.932741940484227,0.9955590275838379
-8.943432588656385,1.0219482244338547
-8.952624925145464,1.0448712261263304
-8.961692691784112,1.068634662292645
-8.970631348053649,1.0928149876546132
-8.979411950393496,1.1151612818719117
-8.989287234773235,1.1409108883678456
-8.99899619272542,1.1680970008051832
-9.007020754983435,1.1926189190908616
-9.01506547508485,1.2198104590610295
-9.023255012014353,1.246108025735273
-9.031699415435185,1.272655288539577
-9.039915979728972,1.300732531975906
-9.04802212811408,1.3296469910040472
-9.055426272396417,1.3587472106200411
-9.06064244114319,1.3816994523184611
-9.065945266720888,1.410425598995409
-9.070011281749975,1.4402274222498586
-9.072515011292662,1.470185865456992
-9.073308675993838,1.5002803300339689
-9.072588627459368,1.528389641211971
-9.07007535927701,1.5550883321834341
-9.065803096889377,1.5777902879726629
-9.060932179946397,1.5951959873944115
-9.052695611344998,1.6186131404914232
-9.041894489135107,1.6450040249025404
-9.030174218607955,1.6724741263500158
-9.018644425496147,1.7001173465983024
-9.00833408991944,1.728170707155352
-8.9998270846832,1.7567859049744758
-8.994167070966645,1.7859956658148102
-8.992132429491146,1.8097538545462246
-8.991625090793162,1.8396525069274354
-8.991597515406282,1.8696780030900566
-8.990535692385848,1.8997693278591532
-8.98683801685217,1.9297270435502534
-8.979637022158032,1.9590688888885002
-8.971510397226359,1.9818001726436898
-8.95979422093275,2.0094865557569213
-8.9476631309351,2.0369604235894845
-8.935422268348875,2.062685841847826
-8.922317483078674,2.088000426459873
-8.909064564964167,2.1123270654010384
-8.897832348418028,2.1324902278368905
-8.879169801573495,2.1633686237944376
-8.866090945833493,2.183423713499413
-8.850405519264484,2.2087682481753954
-8.837302822390201,2.2346502889631465
-8.82610206137502,2.2614760987164493
-8.817185038802084,2.2857246167742717
-8.812283925621083,2.302201559079116
-8.80721414923279,2.324283353038829
-8.802959143624221,2.348597080169467
-8.801215841879378,2.3715038310932965
-8.80099489587839,2.3944977230935707
-8.80069784544701,2.4175969932545023
-8.799615932194376,2.436089137230535
-8.796754248647968,2.46473851205171
-8.792889672253752,2.49452521316396
-8.788657832016625,2.5242481490014663
-8.784153609015977,2.552417083620319
-8.7792464427558,2.578377051932815
-8.775629555270719,2.595187810827825
-8.770404687345444,2.6172279063552035
-8.764512151498026,2.642899452981634
-8.759135951767387,2.6711994059971698
-8.756585776120515,2.6998732754728216
-8.757643853060477,2.7235238823303374
-8.76239113547173,2.7525061622994507
-8.769163872488168,2.7812312316575807
-8.775967483878015,2.810081289206648
-8.780796945270367,2.8394050184255852
-8.782647306228796,2.864662585932576
-8.781901064190533,2.8884469174620038
-8.777181841292048,2.9161365749138652
-8.770139904435496,2.937080150632873
-8.75793804129309,2.9618645227422196
-8.743786534130018,2.9854506590429395
-8.729383953390897,3.0087346020276997
-8.716366980422753,3.032662425566452
-8.706785798593032,3.0569240573496823
