-2.828503704596404,4.4967661879700955
-2.84124730209673,4.523726395858774
-2.8545448523657737,4.550297350339968
-2.8615769388784864,4.5634409492120716
-2.863591049368373,4.5670911183588965
-2.8654317698321528,4.570380061946914
-2.869871842770896,4.5780997830059
-2.8734928846279097,4.584090538220602
-2.8740300052476533,4.584937740088566
-2.8740298583054136,4.58493631318288
-2.874030361489384,4.584936860827596
-2.8740302915110427,4.584937261832596
-2.874030231012409,4.584936846345521
-2.8761842681493106,4.588303247819213
-2.883086593177026,4.599147076110915
-2.8916100928211566,4.613320086129782
-2.900172141694825,4.6305397252287035
-2.908702867910534,4.654333375384272
-2.9150671734542057,4.6789954213773965
-2.9196027878292883,4.6997338179487915
-2.9252201222419663,4.724921419364347
-2.930625555423635,4.748836815454005
-2.936960923832871,4.773957965733798
-2.944569957509263,4.802836906467776
-2.9521674576250687,4.83184475275626
-2.9590918298967335,4.861102187818381
-2.9639526059287875,4.884615895741274
-2.9704980837235744,4.913762138920168
-2.9774594506878174,4.94000362882093
-2.9837360497754712,4.961270800256073
-2.9898160303557617,4.982513104248748
-2.9945148440384384,5.005595441111935
-2.997286858213897,5.033239726206764
-2.9985469507067646,5.062814415928432
-2.9996158856236135,5.092415806166735
-3.0024942474430256,5.121883567743916
-3.007084692361179,5.1452592225767235
-3.0157570065745913,5.173740808387086
-3.026579435113803,5.201598855191795
-3.0377532382268018,5.229392279551512
-3.0494773367982164,5.256939526283473
-3.0615886084282216,5.284337955515801
-3.0738716618423467,5.309845996719803
-3.086635615553499,5.3333895282867205
-3.0990949075108323,5.3550471309803
-3.1118322389679816,5.375672833489761
-3.1244174236799402,5.395209381542012
-3.138664701369674,5.4179989048573
-3.1520701680274623,5.4405961928575675
-3.1631075088082565,5.460079010790004
-3.1767560085231725,5.483533286503825
-3.1887871395365557,5.504836766404083
-3.1986850720833857,5.524367150492028
-3.207723158092932,5.543895983114122
-3.21725416580069,5.564580231959006
-3.2284605441685787,5.5873788808135085
-3.237760241816366,5.605950292627483
-3.2501293597213183,5.630644774655259
-3.264786745090906,5.663063534912321
-3.2733882464759905,5.685437721472137
-3.2825225219105842,5.713656688771901
-3.2890193244106296,5.743159343123423
-3.2909053646624913,5.772958390812553
-3.2873966331952693,5.802934020418385
-3.278594607278567,5.831423820201806
-3.2650318405250958,5.858438648512858
-3.2489049409770905,5.883871365734697
-3.2320830327786814,5.908697622492894
-3.2192856814574986,5.928881194571467
-3.2049626206436588,5.955082841487296
-3.192187366907629,5.982132956822854
-3.180358435683974,6.009641184905734
-3.1699066789884744,6.037590510912074
-3.161672175307336,6.066328638153623
-3.1539756544868642,6.095354891772688
-3.1448148466829053,6.124080314313417
-3.1324066276628075,6.151509715119699
-3.117000117794347,6.1771751259165715
-3.1003093176610905,6.202046092344224
-3.0836015240038246,6.226904455105334
-3.068298522856928,6.25255046674743
-3.054369473336058,6.279055088177516
-3.0432274396310928,6.300363004510539
-3.0282019213592397,6.326417053389032
-3.011961894321187,6.3517841469776535
-2.9942001192149497,6.376044389018319
-2.9764263244119515,6.400143950528454
-2.959249965541812,6.4247019619472825
-2.9422371870494026,6.449436304863046
-2.924564599138953,6.4731024936837676
-2.9087186565471588,6.491158543695901
-2.892759975408746,6.50799257209205
-2.8748993657527033,6.527675478512863
-2.855612037609023,6.549447559962809
-2.834950024763242,6.5703874777605895
-2.8165668990943473,6.586010479115001
-2.79273339325836,6.604303721097364
-2.7716147856713667,6.620590482202423
-2.752087592544473,6.636503001345475
-2.7331466051763185,6.652965092335627
-2.716464947250638,6.66754616255278
-2.7007724834735174,6.6806189044603395
-2.6821184890865704,6.696272534433463
-2.6617428597924415,6.714456886875976
-2.6397129815682967,6.734812709508147
-2.617563427089687,6.755058945324525
-2.599846317543151,6.771253659206874
-2.5776387670290455,6.7914274821639005
-2.5551722200067317,6.811372145038671
-2.5323716000801566,6.830913976078389
-2.509311734805251,6.850114041114262
-2.4866058948728473,6.869621929225491
-2.4645529137397024,6.889886669743269
-2.4470937433115125,6.906348824216413
-2.425434075119198,6.92706393365013
-2.4050482766031256,6.947170981969446
-2.3848952749883376,6.9670929223750315
-2.3671450497348787,6.98358441378036
-2.352539960705772,6.996189522860703
-2.3387776130282862,7.007484386482935
-2.3210894585716657,7.021079472592057
-2.299232384370685,7.036770031038574
-2.2744348104181324,7.053381669572023
-2.254195369286825,7.066348539664159
-2.231002062984084,7.080421809315821
-2.2088081619559152,7.092881008513734
-2.1853369991230083,7.105498808457882
-2.163226471714022,7.116865841861919
-2.140204289973702,7.128641206888892
-2.1159378583187185,7.141762092837089
-2.0912215660069267,7.156760061474121
-2.0683667670046666,7.173511740280797
-2.0517810823613685,7.187617398102357
-2.030931007651914,7.206193633623526
-2.0098995752812128,7.223703523586327
-1.9877565258233687,7.240409012791503
-1.962785850515756,7.256975796683627
-1.9371420162412978,7.2726634964095975
-1.910962184592436,7.287413777966367
-1.886597962131525,7.300725126492686
-1.8657757486545037,7.311993791701719
-1.8392952231176956,7.326136344533573
-1.8126904184448063,7.340007261039316
-1.786117821387619,7.353943376093274
-1.7594049742378268,7.367665171824181
-1.732247848277459,7.380578124504301
-1.7054927466098853,7.3925352090738645
-1.678313491879125,7.404666057948044
-1.6521891985456696,7.416758468472623
-1.6292751712724243,7.4281846054407215
-1.6080365750917731,7.438840348832592
-1.5841479742196627,7.45023125989048
-1.562803601059306,7.460151413041813
-1.5354731826321941,7.472609142956956
-1.5086700414239624,7.484529787554905
-1.482264547707301,7.497069021852807
-1.4556215107974708,7.5104995764730855
-1.4346130828305657,7.521905776736355
-1.4087636402608261,7.536943160625686
-1.383240874808939,7.5526266363719445
-1.357937571305019,7.568649104739873
-1.3328454278635378,7.585005269537231
-1.3084620005615994,7.602321108785212
-1.2845201876914885,7.6203971256739464
-1.2598687319421158,7.637713078553246
-1.233960795498658,7.653064855241886
-1.2076437660142871,7.667463818097362
-1.1819450147440633,7.682578707262176
-1.1571180555204534,7.698726937544795
-1.1383021588674707,7.711779114636528
-1.1161629739930858,7.727083322466733
-1.0972785622722414,7.739106071358852
-1.0757138497185221,7.751881011845678
-1.0518266728269188,7.7664719220388125
-1.0274112218202789,7.783237196234575
-1.0073579932990013,7.798167502786688
-0.9902244728238508,7.811405553996885
-0.9757752899347691,7.823031318210427
-0.9595122974499181,7.8373197847331255
-0.9409126649114525,7.855940450136621
-0.9250201120685358,7.8731143663299035
-0.9052267396606984,7.895315183288932
-0.8856529679828085,7.917845817215262
-0.8659058187219794,7.940445755310338
-0.845903128281167,7.9627688467552975
-0.8255393813790677,7.9847699490150825
-0.8059124208477081,8.007349503094789
-0.7869577276922184,8.030560614849147
-0.7722877256995411,8.048836089327162
-0.7509319456802631,8.076147032178572
-0.7363557998864821,8.095223016223922
-0.7184024750936832,8.119280604337025
-0.7004162904311046,8.143343212029663
-0.6819977193044202,8.16708626129945
-0.6629325603845381,8.190311709087501
-0.6433590806383167,8.213101734830708
-0.6230461464896105,8.23527276155686
-0.6020962171312554,8.256794964496658
-0.5811558245177029,8.278242127507816
-0.5603111895117207,8.299848257168438
-0.5386160518134916,8.320725282840254
-0.5202699398990339,8.336346959380183
-0.4964569973566639,8.35473223190658
-0.47386861805303876,8.370314460532631
-0.4495119715355448,8.384786576240703
-0.4253419506673619,8.39677703444361
-0.3987372720331393,8.408217421688578
-0.3723934620949608,8.418808407964434
-0.3479651633721152,8.428464125542488
-0.3260087720037038,8.437339526014444
-0.30173688351615474,8.447409644079784
-0.27956437864634065,8.457314902195746
-0.25599653075597373,8.468640531465358
-0.22992669502677532,8.480741123306201
-0.20449958495967693,8.49126345647156
-0.18137158101061393,8.499224228009
-0.16216790629589142,8.505304690456793
-0.13883473978511282,8.51257242699531
-0.11924532527547084,8.518420798797894
-0.10095019781454763,8.523571499086513
-0.08432388561327842,8.528021881222692
-0.06884678904760118,8.531711408007194
-0.05168556006447733,8.534869927108565
-0.035738590098434,8.536765578074915
-0.007879233943563902,8.53832793650184
0.01275739455164394,8.538944596207235
0.04233266253698052,8.54012672807431
0.07212623707511805,8.542195518766986
0.10056869288651868,8.545066053995972
0.1255724260730112,8.547544265395105
0.14655177334785377,8.54944234988548
0.17634001553528825,8.551998033508436
0.20470035101859765,8.554538377152632
0.23156807981189584,8.556945211338766
0.26100676693449254,8.559667102358116
0.2908234233479043,8.56289582273907
0.3206522606316778,8.566129500943077
0.35055247285358715,8.569021128058848
0.37453940486056797,8.570736557309269
0.40444356780508334,8.572104877586053
0.43445047963870415,8.572353038394493
0.46440378700688856,8.572274939951356
0.49435632205369956,8.572764226485122
0.5231880227527024,8.574009883826811
0.5522593955114768,8.575922890601138
0.5762011869898159,8.577331197013804
0.6040882395881634,8.57910004347966
0.6312011866075984,8.580916110945571
0.6602079124176183,8.582719473103452
0.6901688629349654,8.584529180767458
0.7141892702923992,8.585550068990193
0.7442120742252235,8.586130894395957
0.7742087148904518,8.586590009550747
0.8042261479947673,8.586861853275535
0.834087736473461,8.587193952044624
0.8639137621399022,8.588447572556936
0.893730256980256,8.590247069746415
0.9235890995470937,8.59236239533465
0.9534138084581203,8.595167444777218
0.9769089821037237,8.598213466180354
1.0053634499865447,8.603818284201797
1.0337284997655707,8.610780612485762
1.0627657662527419,8.617375966997281
1.0922096188078017,8.623272132759656
1.1217989272230335,8.62852639227054
1.1508416621335529,8.633110714517867
1.1785019130768348,8.637648379847349
1.2020307647170032,8.642040003071308
1.2293972896068304,8.648349738758167
1.2536907637768249,8.65545920128777
1.2714719029782915,8.661185495783576
1.2877471744754303,8.666248786567696
1.3053790749343155,8.670842550669569
1.3224855023665936,8.67474990084703
1.3467599417718628,8.679562450198391
1.3740369779187043,8.684849492087508
1.4012213656244614,8.690245499480703
1.4229609868891608,8.693943286243988
1.4410597850898232,8.696548562835437
1.4609351842338745,8.699475909934797
1.4791818732312216,8.702060424739715
1.4933694933010517,8.70363730600308
