8.384294783737067,8.1302585632631
8.371722373684905,8.151934201644224
8.36090081030393,8.169927038714741
8.350334619971255,8.186542473932677
8.345558362922349,8.193637049293121
8.343760067998218,8.196185297303861
8.343759325203694,8.19618417937651
8.343524385967024,8.196510499073716
8.340238933990616,8.201052561190634
8.33179725622574,8.21264677855203
8.319736749879407,8.228377429401084
8.303999950584736,8.246373044174023
8.283728775425878,8.265639116570767
8.260111518005811,8.282789189695082
8.239449679488088,8.293552726547501
8.215204826093967,8.301364300751095
8.188231437477137,8.305027063747362
8.160396527456243,8.303480044995815
8.131773656769115,8.296984718753727
8.10389293516827,8.287130922342952
8.078201897284169,8.276524544038367
8.055441599149047,8.265964769203297
8.031153325806777,8.25312810626557
8.012946420989845,8.242655942335285
7.988148145566997,8.227131097603339
7.963313627588518,8.21037883714919
7.938855473084476,8.193083441318914
7.914658989744593,8.175370164354693
7.890433735890061,8.157631811355484
7.866409046822209,8.141286722539501
7.846416126417636,8.128937527705055
7.829409467579546,8.119362455273272
7.806959981630716,8.1077347063028
7.787402257983005,8.098419126231683
7.760831087305177,8.086900609761866
7.734018522083681,8.075911983563815
7.708972136361161,8.065985741576027
7.685395555848818,8.05687648466866
7.667834369002464,8.05006117858877
7.646825805417381,8.041145968877046
7.623688918912106,8.030171811788497
7.598951263317731,8.017316643276436
7.57810154138009,8.005837892200184
7.552500791393536,7.990640289727596
7.52779043038014,7.974614543694067
7.504217444824476,7.958253876860464
7.480234129068531,7.94070344882376
7.456704963356334,7.922788200952272
7.436330210556009,7.906306423562669
7.418839956605402,7.890820502075018
7.405783225813948,7.87899172502031
7.387877462276039,7.8631947961551765
7.366975526425065,7.844703290309505
7.349121225714309,7.828075551081641
7.331606778517272,7.810833092639841
7.312575473197596,7.791195709142692
7.2940140343546656,7.771517663233183
7.274048766946083,7.749369580320579
7.253980570101553,7.727061582608967
7.233630404422968,7.705029125078894
7.2174814924062325,7.6873279482676065
7.197804600002713,7.664734950629298
7.17831111031416,7.641954578672105
7.159602822304406,7.61862489723024
7.141756051935154,7.594572169175339
7.124796971624085,7.569943314418259
7.108868697929911,7.544571132246247
7.0930328671221865,7.519082091268969
7.080344644386689,7.498715858725765
7.0646554220353455,7.473167227691614
7.049339247191722,7.447590689392887
7.034508016852905,7.421756156008433
7.019743531915533,7.395655461341307
7.0050292858565255,7.369497364507988
6.990245877310087,7.343409007729574
6.975701866829338,7.317177164395532
6.96468644438962,7.297063888490489
6.95164341167616,7.272743736494794
6.937138992539562,7.24692540891507
6.923063773974386,7.223811477857303
6.911012008604744,7.2050235023941065
6.899495354753078,7.1865371389399675
6.888834474382803,7.168582439764061
6.874681247858664,7.142963870039537
6.861490378632786,7.117391585301246
6.849005619828039,7.09211396686132
6.838079846736804,7.069701578292589
6.828223146373988,7.049066655485659
6.818645070096903,7.02877062155737
6.808691000508534,7.006079725763322
6.7985722241060795,6.981069464874162
6.7912034410884585,6.961040468315587
6.7835049466646655,6.938869732661438
6.775925988621954,6.915482689406143
6.767937610871535,6.888701465687808
6.761159459830681,6.865834715230152
6.754531674182273,6.8438824354855265
6.747148261935107,6.818979259288497
6.7411530688013235,6.797693782181277
6.7330244590291,6.770049823004629
6.7247628597804745,6.741761619708884
6.718109978125886,6.712709193346801
6.713685021777685,6.683161796181331
6.710234506366442,6.653505838157036
6.70757778620523,6.629800629635618
6.70382736124351,6.600216475339665
6.699940386819936,6.570716785159072
6.696007205800155,6.543664787376317
6.692944050593047,6.521454382732892
6.690966411554483,6.504899772809697
6.6884277725046015,6.48240349578836
6.685921358558371,6.460935561378273
6.6836511307227795,6.440643585172705
6.6806159702001064,6.417670649032015
6.676934289882637,6.392147461561897
6.673620281308525,6.366814875298047
6.670737309188458,6.3389232825955135
6.6683302632766965,6.315880723369956
6.664752257944098,6.287335549247449
6.661273150490782,6.260921494759971
6.658670883819026,6.240435875102764
6.656538765520642,6.2218916464727405
6.655316761890919,6.210161781217819
6.654103951227409,6.195069840869158
6.653148858876403,6.177463048145944
6.652340575092159,6.152624455833032
6.652365961410639,6.12298726137035
6.653323784952,6.09376939924309
6.65474745384778,6.067148385499075
6.656769530894001,6.040772990953711
6.658899382264004,6.022256359960016
6.66206138794534,5.998426344479328
6.664952459567365,5.976778986708508
6.66775355953739,5.951806715449886
6.670707913808159,5.921979197441701
6.673156137919872,5.892085901995208
6.674588184286634,5.862046861449343
6.675176308704134,5.8380393538224835
6.675476993190353,5.808006314136727
6.675674834652677,5.778027481430104
6.676196234018257,5.74863084600746
6.677009103142426,5.725589007922922
6.679537499552204,5.697282604436803
6.683887181514464,5.667807468031025
6.688731583601137,5.638244156302198
6.693366356313791,5.608609300125179
6.697794401184879,5.578944691919481
6.702091112094616,5.552021188161849
6.705643080436329,5.5321388901557045
6.711284280288506,5.502973888074107
6.718009315481264,5.473794279977983
6.725453455673277,5.444796393733815
6.733979384872649,5.416112218416939
6.743486697087935,5.387715847047505
6.753275921531023,5.361049373893573
6.761414811531714,5.340631022999409
6.773415982486124,5.313884613670596
6.787649452890755,5.287692019320332
6.803931031655916,5.262644361957714
6.821896153200783,5.238813960367303
6.841611516286714,5.216393624961469
6.8585138209340215,5.199500681684927
6.88070534049892,5.179455360367849
6.903854180557328,5.160513349382793
6.927932386400843,5.142784970041332
6.952879537658579,5.126373509058616
6.973774196521065,5.1149028002791646
7.001254829298426,5.103563149446021
7.029972071407736,5.095561105832962
7.059174305291119,5.0892905750477695
7.088487913350633,5.083096249270217
7.1176899415455335,5.075982407799822
7.14668859517974,5.06823982137258
7.175574794723876,5.060093667435381
7.203344406477083,5.0521683718231465
7.23103268895945,5.04437726159121
7.254162675350632,5.038036181188288
7.2829796700110645,5.030257787613884
7.311836114309131,5.022882386668659
7.341119158041778,5.016833236332297
7.370658853899367,5.012001107413113
7.400337558821977,5.007736783474351
7.430028600137361,5.003610703683899
7.459767217529135,4.99994178324973
7.489561861077449,4.996873137545533
7.519428835686847,4.9943254336031755
7.543348896921929,4.992479484491363
7.571899212678949,4.9902065185426645
7.599148496811082,4.987545902679397
7.62752707352815,4.983912186460804
7.656304199884425,4.979111295770117
7.685392884964177,4.971875442494165
7.713887270799126,4.962346666551386
7.733856049002498,4.9547374244360105
7.7577447109060325,4.9446388180019705
7.781681169421293,4.933832662875023
7.803164224606376,4.923693546209275
7.820812467883436,4.915003117034601
7.838477500048108,4.905918250736213
7.856382813595396,4.8964208185238665
7.871950264945253,4.887682427479632
7.894046584797515,4.874681671425341
7.916784836236327,4.86106529375168
7.940855582851868,4.847166506485018
7.966742503857732,4.831949296627015
7.991935299090146,4.815537065577488
8.01621114053326,4.798278499180267
8.03386490136843,4.784895447539317
8.053458623042289,4.769131329233347
8.071157748708819,4.754450236738038
8.092300033105873,4.736880018335837
8.114287918839086,4.7173706497816115
8.13463265064857,4.69743148563494
8.148913688613598,4.682105339358999
8.166259954297258,4.662041063703246
8.183338254250604,4.64170129626149
8.200084064328601,4.6207766266048385
8.217711044912344,4.597437416155303
8.234416119874071,4.573986973341103
8.251424944892682,4.549353533141879
8.264997295724985,4.529593965038055
8.282355013218588,4.50514775875182
8.299785105054518,4.480726117216001
8.317267124236178,4.45636842521567
8.334711005781894,4.431898490710746
8.351288525857088,4.406839912630582
8.364439258190512,4.386779236504582
8.380925329059497,4.361695122685404
8.397036702130707,4.336360118547766
8.41277769735284,4.31076325030878
8.427717786529396,4.284705948495309
8.441128113064828,4.260694358433491
8.45190923085337,4.240061969160117
8.460532298992204,4.222659275242035
8.472746003582104,4.197039775369364
8.484211035702806,4.171182080739542
8.49518740043303,4.144963027657691
8.50510614393287,4.118265317861844
8.514417840735602,4.090039936183813
8.520934931898635,4.068073034362627
8.527832839236913,4.043023510405589
8.534628951034332,4.018007450872997
8.54091718852899,3.993428408037513
8.547137880333725,3.967108402188204
8.552797057250988,3.941271913506488
8.558928737982269,3.9122442432714752
8.563836800539224,3.8887914156623067
8.569763447482048,3.8593676529652297
8.575613648673201,3.830830333280524
8.581025603856899,3.8055800176935097
8.586903984934256,3.7781681734970913
8.592536217285447,3.7502593513785154
8.59813205894766,3.7226266823927783
8.601903404642018,3.703943190880796
8.606527210719305,3.679355464850785
8.610999790940932,3.6512411790625614
8.614494281517333,3.626001997600922
8.618148933669687,3.5980543028433076
8.621895934606734,3.568290122003407
8.625409605640932,3.538685812895537
8.628944488350465,3.5127425089883895
8.632976748213965,3.4871871655096243
8.635942679103085,3.468626841089921
8.638663857419878,3.446243879386104
8.640506216560846,3.4208697447775562
8.641503551377303,3.394523338725498
8.641362659792376,3.364750771970763
8.640682042250036,3.3347555542616205
8.639778624868095,3.3107845713455553
8.638153472593098,3.2808240092911998
8.6351838499072,3.250917584406767
8.630611319620611,3.2212109709088015
8.626311117891854,3.1944248985942143
8.622649943658827,3.169878271498625
8.618828761603075,3.1420385167382876
8.615392001370727,3.112287062745374
8.612545356031749,3.0838030005477104
8.610371809818867,3.0625076811158825
8.608348608227363,3.036551370371741
8.606938291579246,3.0074724917627416
8.60497252382729,2.9775958707471775
8.601831784119149,2.947718959329425
8.59820233525942,2.9179069437552445
8.59403739897625,2.888161616797624
8.588957926598438,2.8585054506074536
8.582138059732689,2.82919096175131
8.575782683404539,2.8059889804167306
8.566606493172518,2.7773272837475673
8.556255154971108,2.749419524555039
8.545120701433985,2.7232266554381104
8.532132990763541,2.6962544756827103
8.517734867546487,2.6698535924011986
8.503126526905437,2.643685887921246
8.488848131638166,2.6172901926384755
8.47462778880782,2.5913324437845
8.461833661962046,2.5660612996666177
8.449313172664,2.5389375480368623
8.438677735153004,2.51211420606181
8.43002907809899,2.483542288908998
8.42271726271122,2.454481453706717
8.417363408446151,2.431831944536536
8.410546380965899,2.403980787003181
8.403433074178086,2.3800466368885833
8.394814921778034,2.3558011804450336
8.384948806859366,2.3305432962183366
8.373080591499553,2.3033979146117542
8.360439993214582,2.27797153856067
8.349596158353124,2.2591676284505593
8.336081698744351,2.2376675083695527
8.32191698613755,2.2165073336031758
8.30813152872985,2.1988716534029167
8.295602113991626,2.1842783425853716
8.282669488758193,2.170460326834098
8.268742242358941,2.157001233623414
8.254314680089047,2.142764819951581
8.242251687367585,2.1299630213350684
8.226873401496533,2.1139503726849567
8.210026394622787,2.0979509830381438
8.191088513076899,2.0806458748987775
8.168598732691706,2.0622221874962823
8.145044702656646,2.0443622380513538
8.122667463774002,2.0278525408188357
8.101157306372572,2.0128645698720433
8.08206755964398,1.9993260598957525
8.05795799514857,1.9816863572725418
8.034784077600206,1.9628295541845275
8.01258525972877,1.9427713884230042
7.991761593122059,1.9214333108071786
7.973471567427957,1.8979226759595342
7.956836733420304,1.8730395629628502
7.940185179368887,1.8480104350479174
7.922121568856626,1.8239095727901002
7.902796613402948,1.800858958376844
7.886612811283487,1.7830540255441856
7.865983782269976,1.7612779814621553
7.845900984437801,1.739075568083855
7.82655265844296,1.716215268794237
7.8072122814086935,1.6932382828569625
7.790278370720371,1.6743352128177351
7.771041605616229,1.6542195124312815
7.75419178777258,1.6371308055181453
7.732433079626601,1.6163532707629744
7.711028080650854,1.5974826600719394
7.690288363436104,1.5805212644384203
7.668765635418266,1.563823309508574
7.645575787594563,1.5451182917550637
7.623188565085824,1.5263814900680315
7.601055590261357,1.507617236046939
7.5832647750838085,1.4918409493283928
7.564999206122304,1.4745813493579711
7.545625724994113,1.4545951737638954
7.529513933951013,1.4352236245331127
7.518477639938917,1.419943079097896
7.503709316105973,1.3971556144190358
7.488458790963416,1.371374181252488
7.473388776503106,1.3454481563457867
7.459197192360288,1.3191399433578053
7.446525725885829,1.2920585097570003
7.437295034924945,1.2699769533166148
7.426933237400519,1.2419218668663254
7.418187675483598,1.213368858787352
7.411334183864361,1.184262484897815
7.405421384763497,1.1548760436328238
7.3993274710150505,1.1254514095001467
7.3921621739918155,1.0962632250202966
7.385829491149157,1.0730537622379845
7.376612214355156,1.0443967743009404
7.36610767508807,1.0174173382486997
7.353711436525763,0.9900097708404677
7.339950130823605,0.9632342586231264
7.3251314444495526,0.9371080571292865
7.30991184242874,0.9112087538893977
7.294147395964176,0.8858018028414583
7.281588361629921,0.8663497451426219
7.266045544249078,0.8431521188136194
7.2493257970398615,0.8189155268989522
7.2318490416068,0.7944956486648832
7.213692273109128,0.7705499062702745
7.195972118513317,0.7492475709458147
7.1762720563611015,0.7285343379357834
7.155476464303243,0.7086583315945939
7.13390071709784,0.6886145123695907
7.11649656935177,0.6721231697961426
7.094795610857527,0.65139982347419
7.073009473783476,0.6307567945813625
7.050904693660631,0.6104125160725533
7.028159772260246,0.5907280113398541
7.005185327283399,0.5726013560952865
6.982660195473611,0.5556636651262836
6.964963477733722,0.542552588644377
6.941700723498339,0.5257244348952125
6.920961523981432,0.5114316666748627
6.903453192267344,0.49996622460451207
6.888486501471366,0.490589323749146
6.870763888822752,0.47877065133660685
6.8496608327073245,0.46408241345354984
6.8253846465418455,0.4473375208504493
6.805911215650623,0.4333790215288746
6.782846589775804,0.4162891032796009
6.763368373101107,0.40144204043184045
6.742876402487534,0.3846884595955432
6.724670785912367,0.3692368510608408
6.708764044250511,0.355891370019793
6.6947425740489654,0.34467485036905177
6.68030797582914,0.3331492858936959
6.659992167110694,0.31621382761652256
6.64142168260497,0.2999646427453228
6.623290589011288,0.2840620591659686
6.607874568727081,0.27097941725583236
6.590283636368308,0.2575707746092779
6.568147819230885,0.2423609836151732
6.55100633317053,0.2309340932443357
6.528315509515374,0.2152525615420749
6.504751643815095,0.19707108474185803
6.481492960385798,0.17811551949075852
6.4577980343548536,0.15964417621064184
6.434067369210028,0.1413176537768499
6.415330482271119,0.12639372900739487
6.3924796955801755,0.10703327416026395
6.36987462762117,0.08747209640220228
6.348899292166121,0.06880892860716656
6.327569670222743,0.048339059657582825
6.30670242129814,0.02688200817719829
6.286184980385929,0.004989079283755668
6.265464890206902,-0.016731570853244296
6.249705933942613,-0.033153051736735994
6.229723254556147,-0.05463774317965586
6.211954653006329,-0.07579875371094455
6.195233869608319,-0.09838235373334168
6.179088509769965,-0.12080274827215523
6.163615830359952,-0.1404023814467646
6.151610394222289,-0.15418352763676746
6.1365559842192905,-0.17088620561153417
6.1221423638818075,-0.18699505920017093
6.106681807330428,-0.20528009595787033
6.091069994983125,-0.22292840539932393
6.074888535613707,-0.2392186352712502
6.0586836338068775,-0.25537692838199116
6.043069315006257,-0.2721440874130603
6.026883823795598,-0.28907875186494836
6.01430670023257,-0.3017913710795923
5.998280671486582,-0.31830734278401474
5.980311582256882,-0.33755356487830146
5.962675004936046,-0.3579038770862935
5.945269739395542,-0.3796073097401624
5.9293495302371895,-0.40220851345914554
5.915772659809315,-0.4263237610254652
5.903461204379326,-0.4511938482120019
5.894880180573615,-0.4715794798981395
5.886023656909816,-0.497860983444616
5.877313337448239,-0.5259395946795611
5.868671363859104,-0.5546591298741067
5.859692723712559,-0.5833425523091891
5.851494438039541,-0.6059916602973402
5.8399255070106495,-0.6337656062082062
5.826504459788393,-0.6607912098227253
5.810421062031005,-0.686285493777202
5.7930920143753575,-0.7108260803601432
5.776059283805811,-0.7354157996392889
5.7606391646008746,-0.7610141803693975
5.745788501109479,-0.787103937588438
5.733319289629906,-0.8076650684530574
5.716876782533607,-0.8328684345324566
5.699586174143965,-0.8573952010193683
5.6830849444863585,-0.8822972432881917
5.669080773390979,-0.9076599820119935
5.655993137639425,-0.9336624806986118
5.642952210353676,-0.9580737890746787
5.629947086015115,-0.9803608488677676
5.616038469188758,-1.001009739424196
5.603398228608275,-1.017374017037426
5.585359997204517,-1.0392747341843436
5.566605989095549,-1.0621603103717057
5.549037816372353,-1.0859316817540317
5.53161780422108,-1.110066373153913
5.516961713000167,-1.1289995443957122
5.497128137026865,-1.1515474331445654
5.475397527507386,-1.1723841718611332
5.453071382559672,-1.1924599406685028
5.430667089658761,-1.2123931277660303
5.408593274592267,-1.232653073347213
5.391237380190389,-1.249169409109783
5.370249512821828,-1.2704952129015954
5.349970265676912,-1.29253827758678
5.330074137843748,-1.3149603687815652
5.310556463135315,-1.3377036379227194
5.29123761202799,-1.3606310377300477
5.272471016223908,-1.3839558872157156
5.257874227799788,-1.402988996437288
5.239293970859676,-1.4266221462864692
5.219830070295538,-1.4495294590000267
5.200046829364082,-1.4720695646842352
5.181414403284365,-1.494235491115358
5.164167856298752,-1.5168864796386006
5.150775402609622,-1.5359401717824206
5.134580083198454,-1.5591001981021637
5.120716113855014,-1.5786987754447683
5.106586334339329,-1.5980517162716505
5.089732812285326,-1.6206632717237088
5.071707943748342,-1.6446570866988066
5.0536285720132925,-1.668554047787444
5.035610267819553,-1.6925138052538113
5.017278360078218,-1.7163063429308476
4.998490636537983,-1.7395544310656952
4.983377486621014,-1.7577269404252671
4.964497416098529,-1.7808252082801033
4.945531003494317,-1.8040681985777873
4.925901716830855,-1.82676895346641
4.90619328005152,-1.8493635064087237
4.886639906428477,-1.872122714681359
4.870793599144599,-1.8901825307090923
4.85054677203952,-1.912379692020171
4.829567839473463,-1.9339362794206036
4.810411081869207,-1.951933244400037
4.79264254396029,-1.9677073274000303
4.773429376742005,-1.9839992604931451
4.75578449995236,-1.9982791958082828
4.7376957050834,-2.01295670971199
4.719918978547113,-2.0272492269615325
4.696792228355927,-2.046235081479341
4.6755400140998695,-2.0637919493545605
4.6554369518006276,-2.0796100585655677
4.6327467788030186,-2.096231348390772
4.608825537354628,-2.1138739735454135
4.585653505647308,-2.132393330260151
4.567510408509148,-2.1480715923987037
4.545938750321653,-2.1665457136037882
4.52514450140149,-2.185079438063274
4.50429398007125,-2.205657482010369
4.483785531753235,-2.2270057998049055
4.464886576673964,-2.2487910864090974
4.4518752061314855,-2.265845117114715
4.436691338892268,-2.2894214531885013
4.422429681963455,-2.3146579667386207
4.407988795879398,-2.3408521331664964
4.394166269864555,-2.367316099295549
4.383967211060408,-2.38896421898079
4.371992427832708,-2.416403334494003
4.360598263586427,-2.443447682027263
4.348445527885153,-2.470920391428331
4.335732802923636,-2.498123669742561
4.322815405181349,-2.5252070849410755
4.312522630160299,-2.54687622621237
4.299965984413616,-2.5739358860132593
4.288346862616895,-2.599487873509964
4.277020739209794,-2.6229467175748886
4.26607052529775,-2.646266428709681
4.255403016637673,-2.67136556480273
4.244896841854333,-2.6967239908440614
4.237602510669949,-2.7173297970646213
4.231396180061983,-2.743979432570414
4.229822186776982,-2.7733845842146416
4.233811038837668,-2.802715728345886
4.243161346958213,-2.830839825784119
4.253570597841747,-2.8522673214752525
4.268564128084453,-2.8781410436703565
4.284054568201407,-2.903870204357928
4.298767291401582,-2.93006220698531
4.313555015953018,-2.956123475537663
4.328641269615496,-2.9820262644534163
4.34453968174557,-3.007356457883282
4.361639983021151,-3.031885693696111
4.3799294035980525,-3.055558158970287
4.3991349702037805,-3.078527579318578
4.418644055255011,-3.101328994643895
4.434072301981331,-3.1197631662482
4.452905522257106,-3.143158963379985
4.471278068420044,-3.166916493952238
4.4892614813089615,-3.190949628133263
4.5070149258950405,-3.215176474207688
4.523957471447135,-3.2398485931732757
4.539555689352409,-3.264264200155551
4.553705312899674,-3.2881900062617375
4.5661582943473995,-3.3106657257199066
4.5769055850611124,-3.3316463767019635
4.58915935919337,-3.3575030814542575
4.597895098509221,-3.3778408159486277
4.6062004237283665,-3.40141068066321
4.612844131158619,-3.4268997957040925
4.618014140207246,-3.456296419732798
4.621355691412439,-3.4862141668677227
4.6229663602091655,-3.516292134044738
4.6222786673388,-3.546293773205319
4.620282793919578,-3.5760256172413083
4.618183128928963,-3.6057590621310434
4.616252578350237,-3.628408526228974
4.613044656891077,-3.656056275753895
4.609177747500892,-3.6846085164153792
4.605035826763492,-3.714334028970013
4.600377729049266,-3.7440029735200437
4.595281141901516,-3.773569803996429
4.589556352755732,-3.803118886809495
4.583335548030179,-3.826434150589836
4.573778855538608,-3.854960329450602
4.563284006355315,-3.8831155106078414
4.552299790072131,-3.9110604108959057
4.540808113616241,-3.938799106110813
4.528988544705836,-3.966409936741204
4.519995774256436,-3.986305779983764
4.508128243142521,-4.011331241019709
4.496641386280835,-4.034969211412524
4.487069286211277,-4.054041550862144
4.476774673126585,-4.074098394170325
4.464133061122097,-4.0988448085177085
4.451772932416406,-4.12329914427483
4.439730924227189,-4.14829085444926
4.430898536357795,-4.166963869549249
4.421209738640182,-4.187165478705468
4.410309983873517,-4.208690229545968
4.398858416330736,-4.230404258301643
4.388149200312632,-4.250956402801675
4.377372719096139,-4.272269546613106
4.366447697702066,-4.294691227605873
4.357420723494296,-4.31354282477502
4.346899613173929,-4.335620181604279
4.336931473067282,-4.357004933713921
4.325536910588439,-4.381648997358333
4.313905202861783,-4.40655185157909
4.301094181237388,-4.433105013522613
4.288287079291535,-4.458556552722838
4.2769077911904425,-4.47979008976197
4.265460953642342,-4.499140359519473
4.253055540289611,-4.517752267068262
4.240251303584304,-4.535502206491956
4.230039008113061,-4.549893667577573
4.215727932521499,-4.570925148385323
4.199438932463162,-4.59462570877858
4.182075417502917,-4.619138541616645
4.164337533570317,-4.643359773866552
4.146196959094435,-4.667289604394134
4.131639095883417,-4.68635737858559
4.113262226018794,-4.7101001569006264
4.096418624337259,-4.731424229153317
4.080429281132283,-4.750661530222032
4.0638417399961915,-4.769625603575931
4.047081076969149,-4.788008101782687
4.033291885048859,-4.802446483423396
4.018128060122252,-4.81816356435535
4.005365237460534,-4.831482630130168
3.9870035137045816,-4.8508251424038695
3.974172120807644,-4.864849172224475
3.9582956972664127,-4.882530904150118
3.9412973433826197,-4.900031372463722
3.921671574099391,-4.917002768950696
3.901241307892811,-4.9319354991994215
3.878435262438726,-4.945583764917541
3.858461209185716,-4.954459954774024
3.8326840744014166,-4.962812127498704
3.8066181589234636,-4.9697506713672155
3.780785462901215,-4.977064287439937
3.7551847479715676,-4.9854004218339805
3.7296394410200158,-4.993819405530491
3.704507637915246,-5.003317323440032
3.6807094610398927,-5.012545161023712
3.6627008961918905,-5.019414825128764
3.6466562659038924,-5.025008509950414
3.6239755990368976,-5.032102776887595
3.5998554606256663,-5.040019791182802
3.5739929565903124,-5.048815746890932
3.5473341177388105,-5.058178987144399
3.5203486814425875,-5.068515540588365
3.4922896482702845,-5.079087445695746
3.4645766918264256,-5.0904121683984425
3.4372891161840102,-5.102392555895616
3.4154818597966954,-5.112246998357394
3.391363769812702,-5.123697638318139
3.366759370122171,-5.135921060908429
3.3454368361541755,-5.146810411643816
3.3249996374752526,-5.1572375220413305
3.3023491299713297,-5.167668848993967
3.275665936069489,-5.179246635737788
3.248024325250056,-5.190983597378527
3.2203386624848207,-5.2025026504820655
3.1982313382427265,-5.21185415587904
3.1705025990284246,-5.223359220369959
3.1425774496929293,-5.2344206463888145
3.1149079285604757,-5.24468798621873
3.0880146482037114,-5.253326822716889
3.0607616949720704,-5.260281991325676
3.0344502939291664,-5.266317156226666
3.0145578424751878,-5.2712865166045075
2.9881401848614497,-5.278607846647335
2.9622701517354497,-5.287187298683269
2.938853150939978,-5.297184150431347
2.9154283585500163,-5.308580699312822
2.888922609633126,-5.321386159036646
2.8620266521404747,-5.334212210836977
2.835383005706822,-5.3474292048173195
2.8101834697949695,-5.361438227736137
2.7901059224110285,-5.37314825913441
2.7642149469734716,-5.38700244803361
2.7365889620373642,-5.39897334924683
2.708657357740251,-5.409637906955716
2.680910777048074,-5.4195810912704
2.6562661594752957,-5.426750636217078
2.631336012691974,-5.433309790391923
2.6064600631430053,-5.439731811149046
2.5815567898332734,-5.446552267494736
2.5549719195552743,-5.455644996325494
2.534044438068726,-5.464911630415675
2.5098291083167785,-5.478957853203064
2.4890447622470475,-5.4930321711704
2.4694306034569022,-5.507601720699107
2.4484790424657663,-5.523111466576243
2.4276743330900605,-5.539367788994698
2.4058402641694285,-5.559366314432296
2.38607047463583,-5.58169983222749
2.3674415356776337,-5.605167969568226
2.3491269260166754,-5.628840127430661
2.3358967817746987,-5.647167915507287
2.3199166552480177,-5.6703758185955415
2.3030253771736025,-5.69304909014939
2.2853360163043237,-5.714979938377085
2.2676500739692567,-5.736947274546346
2.248319241338323,-5.759030304775463
2.2281691862013977,-5.780698694870448
2.2071818078107905,-5.801680545690421
2.1850730165078485,-5.821373871152635
2.167299728441793,-5.836986028893246
2.1443789786955096,-5.855802256994528
2.12090480383325,-5.87376386366012
2.0981434448206118,-5.892406165573131
2.077214377953709,-5.912859689130852
2.0576869769128066,-5.93410888907149
2.0395078844174526,-5.956106147361636
2.026394856962769,-5.974351590978154
2.0102671979823903,-5.998533519883447
1.9955476166967558,-6.022899194680655
1.9811053037420967,-6.047624683490883
1.9660393285491824,-6.071945750063192
1.951218961933822,-6.096567501388351
1.9389351037587526,-6.116101703247131
1.9228516904229074,-6.139949493266746
1.907078431292711,-6.16397263858237
1.8906479172705548,-6.18790847819156
1.873042095736659,-6.212227293849694
1.854278269121713,-6.235742018066309
1.838995033502376,-6.254217762760214
1.8208695550929237,-6.277969962164345
1.8038986645377606,-6.302638989847413
1.7868783267601824,-6.327410090295155
1.7693586422636276,-6.351742671053751
1.7521478696438653,-6.376327468096378
1.7340571540677285,-6.400356492522759
1.7192953869034953,-6.419262246954861
1.7006614030824632,-6.4428550295513665
1.6807420924942102,-6.465421790043346
1.6601115263999542,-6.487030909387331
1.6389336824756413,-6.5077959687629425
1.6224576647191398,-6.523864325696604
1.6015803969379614,-6.545224635575321
1.5812924249321962,-6.567251642878551
1.5616240587543595,-6.589864395251943
1.542394019383185,-6.6119258381366395
1.5227417859030818,-6.634020328776993
1.5067195099479007,-6.65178877370507
1.4862485866627704,-6.673648556218442
1.4655857790055167,-6.695264290702817
1.4448574006880217,-6.716961352846551
1.4238992657602756,-6.738470080327187
1.406818254275709,-6.755375871802927
1.3850959412440067,-6.776115309334663
1.3632017589604988,-6.796627491300247
1.3414072035624698,-6.817219096095017
1.3197452716453886,-6.837865274966051
1.3031162608920848,-6.85320579175218
1.2815156219312986,-6.872541152650343
1.258966198523048,-6.892275571522498
1.2361771757737527,-6.911715753618211
1.2131613079161907,-6.930905958061513
1.190058372105236,-6.950046491002403
1.17142885621002,-6.965195837098729
1.1489394619484101,-6.982788866982317
1.1251300704090892,-7.000103755533197
1.1011310586203782,-7.016194512841869
1.0799315357217307,-7.029797968175565
1.0611258526001435,-7.041635983527178
1.0408996607794365,-7.054068945728506
1.0214651818725446,-7.0653958831821475
0.9955037720107881,-7.079707247229115
0.9716748712330221,-7.092369289494373
0.94554481809391,-7.106129604076906
0.9215215399015133,-7.118563280269006
0.8985423460945943,-7.130696951298517
0.8796353730808213,-7.140668420175549
0.8549917275755997,-7.153125252496485
0.8323673223832534,-7.1638722426526655
0.8089987695526738,-7.174823284570808
0.7824054951096351,-7.187062188802791
0.7604295241618978,-7.196787315599676
0.7327469606156793,-7.20844808107266
0.7050262154101129,-7.219892299095516
0.6775118281266195,-7.231221138928161
0.6524824176696796,-7.241320593634757
0.6302798963574693,-7.250085307956117
0.6079539206290078,-7.2585366560802935
0.5867946896971202,-7.266222339259836
0.5648661279831991,-7.274167239397987
0.5451592462590336,-7.280844791722024
0.5182820664635532,-7.2892665098947695
0.49146205173008045,-7.297917035278653
0.4670845652588026,-7.305595850402908
0.44305706581507437,-7.312538474244113
0.41476284104959843,-7.320477386505724
0.38591834452527085,-7.328687651864025
0.3628545318458547,-7.335317460882534
0.33505680280033706,-7.343658061704251
0.3100996735422532,-7.3522154805492805
0.2860209793377986,-7.362095116743434
0.26327777997909557,-7.37265335617217
0.2443267879473518,-7.382139125595254
0.22818208367903672,-7.39079444037087
0.2147096420263905,-7.398099393074188
0.19537499613414927,-7.408357245111155
0.17443583526952103,-7.419488337983016
0.1540739112142352,-7.430045873628769
0.13588941513742603,-7.4392767227397805
0.11590159928762356,-7.449127766334876
0.09903467367749369,-7.457206900745461
0.07637462322253172,-7.468105673118108
0.05678203918411677,-7.477826490225347
0.03538328210604841,-7.488716692341695
0.013086874969133976,-7.500421624453057
-0.013300345222347668,-7.514465658777259
-0.0398907580410472,-7.528376737399713
-0.06644160233194057,-7.542319537436782
-0.09275008273203576,-7.5562921469874205
-0.1131951244725857,-7.567375079442776
-0.13911278821864279,-7.582347240397475
-0.16236690885897131,-7.596756787535862
-0.18766805416532795,-7.612470253475233
-0.213408870879072,-7.627885888547204
-0.2340069935779281,-7.640225165179593
-0.2599984172298364,-7.655283328721302
-0.2864063923564136,-7.669644495986617
-0.31333584010938076,-7.68299884793551
-0.3386470534381985,-7.694208815639028
-0.3649889505507643,-7.704620090001213
-0.39045252312785933,-7.7141385066733585
-0.41808392811423,-7.724747820572257
-0.44597555818292406,-7.735453167257696
-0.47395169936750625,-7.7458917083702845
-0.49650793599679693,-7.753976592500067
-0.5248656409299562,-7.763500299210764
-0.5533511923383253,-7.772925149633353
-0.5818996278138185,-7.782182228854608
-0.610454671965976,-7.791380603544843
-0.6391106504121761,-7.8003508743488785
-0.6677968260174428,-7.809098564320556
-0.6964224393983269,-7.818031802717846
-0.7248140778576232,-7.82754220591064
-0.7530533262202002,-7.837626692733643
-0.7812542902744457,-7.847848322415594
-0.8095133867254151,-7.857996535877819
-0.8381440702946379,-7.867217166342182
-0.8611955416521461,-7.873932510425252
-0.8899546712683338,-7.8824803803008345
-0.9189661797660097,-7.8903720343197925
-0.9482022099860629,-7.8973325735104085
-0.9716754464833156,-7.9024324443787695
-1.0012079369018012,-7.908106763071087
-1.0308400184274662,-7.912912432790486
-1.0604468867201629,-7.917672178246154
-1.0900380071571663,-7.922609039722108
-1.1197196176850457,-7.927190244358511
-1.1493817970510278,-7.931592322132257
-1.1730349659375707,-7.935428412959776
-1.2024595714626853,-7.94100031538149
-1.2316307648524418,-7.947616426738563
-1.2605526674985927,-7.955342636525879
-1.289238292328176,-7.9639961981307215
-1.3181009982592231,-7.972448771709733
-1.3473118435118216,-7.979516120439375
-1.3765886985203273,-7.986142468727382
-1.4059223032482364,-7.9925152739855045
-1.4350124901924441,-7.998303330844302
-1.4565519723721145,-8.001813502648165
