0.024487663876607845
0.04955735127501213
0.07086663086945735
0.08926157236301892
0.09174031171053125
0.09381942256952025
0.09549718200168335
0.09940225220486956
0.09956404637195973
0.0995654507043461
0.09956657722764008
0.09956712085826123
0.09956785568884154
0.10196609409292265
0.10966187401944995
0.12051450534148894
0.13150881996291108
0.14908128187196368
0.1669585196410669
0.18470278999643527
0.20195112553948574
0.22217241626012496
0.24712099920257927
0.2756735766061461
0.30552402006514395
0.33491033263030173
0.3621255258226145
0.3888781607263109
0.4183274150425299
0.4460799840971377
0.4704357517510937
0.4938678490271895
0.5178273739960965
0.5364675876140411
0.5635341709096299
0.5905040619661931
0.6189483591556351
0.6454313048079554
0.6701154615030183
0.6983169434063372
0.7260323540952215
0.7556966333146702
0.7852837904657641
0.8085727722986823
0.8444461153688018
0.8678553292832584
0.8919213066848142
0.9158700242989071
0.9426797151390323
0.9699434364114132
0.9967184801095279
1.0254252609291554
1.0551008309171275
1.0850363501722184
1.1150000652671734
1.1449867204317097
1.174942209231386
1.204871497592378
1.2347568395207758
1.2646039408977203
1.2942799962522962
1.317232034334658
1.3441559817366606
1.3650714998188702
1.382692222537363
1.3976477461884929
1.4127920096648106
1.4280676163080481
1.444012151271923
1.4655182547568735
1.489337597465468
1.5169726909242423
1.5466587492145254
1.576468510807845
1.5975034034103337
1.6206539659347838
1.6423313790131802
1.6666494740003488
1.692636794764804
1.7220340896482966
1.7519721907441494
1.7816514616887094
1.8115401477501625
1.84144443742265
1.871374573651388
1.9007230314059458
1.9260983769227866
1.950222653486364
1.9722397842254666
1.9960707687312733
2.0205768571151568
2.0415439857647155
2.0691637556273315
2.0988946542288223
2.1288735099785967
2.158912859257978
2.1863539795977323
2.207676154132116
2.2272686423613397
2.2479345313378416
2.267885235292787
2.288007664791476
2.3122816547265685
2.335603645733964
2.3580807886345827
2.382578490989271
2.4071500214963506
2.4311716043822766
2.454573378235489
2.4780541409448333
2.502559128800507
2.5271367935158153
2.548412323433059
2.5740253572514242
2.6012202598778313
2.6248963906032063
2.643866058288672
2.6681494166627235
2.689079426899148
2.7093035113323625
2.7293911348047417
2.7495091999439816
2.7698577371001334
2.793511972551969
2.820807970237471
2.8506881239396966
2.8806339286586042
2.9044955511637434
2.934194633434172
2.9637636047501763
2.9933789623339067
3.023107144792182
3.052982389793901
3.0825894337739848
3.107477949981769
3.1310557665318233
3.1566255193033808
3.185428518107024
3.2143322752659786
3.243112896671524
3.273117756347572
3.3026758231799245
3.331531785893311
3.3555849985348956
3.3855785286482667
3.4155631981678463
3.445505802526322
3.475508201236016
3.504776371451577
3.533584760115612
3.5599476064409004
3.583626566999942
3.613339963809018
3.640522647076914
3.6657710923207154
3.6914578496859924
3.716287377210954
3.7431436489225
3.771980359969754
3.793718460107553
3.818250130592654
3.842305145066962
3.86742253556756
3.8903124246723584
3.91091635477242
3.931366579860974
3.9510874902267332
3.9736603125493173
3.994733675741842
4.01727409043212
4.039658420849578
4.068655554047056
4.097905450900395
4.127694414520205
4.157022801806296
4.184766516109179
4.2087775121846285
4.2326016825954795
4.255034990371062
4.278288659721556
4.299804163105549
4.328835962416972
4.3571559898596295
4.383099140007467
4.403269014787361
4.421586798868936
4.44214951516563
4.464493553428255
4.491230030597892
4.517448989662499
4.536346025831859
4.551660256589424
4.568322709006156
4.589712659614174
4.611403186191254
4.6303451770218516
4.649414339437129
4.676152670403738
4.703812786264965
4.732286881019254
4.761753132923869
4.785549775442952
4.819056156510994
4.84179693512482
4.869845333256733
4.895895692160655
4.9232962294091465
4.9529227455084675
4.9829280183855955
5.012977604323587
5.043013612733689
5.0730043005738015
5.103006069796545
5.133022442871934
5.162589908105185
5.18929153490971
5.216658923679856
5.242122843956359
5.268261705146889
5.289431972311245
5.3186762879310105
5.348455419581719
5.378181261931034
5.405056891790375
5.4295201226951155
5.453914526445586
5.47734418936016
5.4933393703608
5.512557799031407
5.532679678407871
5.5503238155530115
5.568812684345252
5.5919017887969
5.61916344095825
5.64313814083823
5.669128854786179
5.696392551252653
5.719600011454906
5.748231141311483
5.776341195508299
5.799684655462486
5.824108281055201
5.850715897020783
5.876336967795097
5.9026812902889985
5.931329870484191
5.960942608970342
5.990861694230155
6.0198078299175
6.047936046948324
6.068993029471303
6.096030144114675
6.122428404370807
6.147076639234903
6.172434419733382
6.200159904045276
6.229102478173647
6.255123319108568
6.276744106008167
6.304744385292815
6.3344534191933315
6.358477028412126
6.387424094695815
6.416100154260191
6.441585519682421
6.464130199972565
6.482044347211174
6.4944873418249385
6.512780129824517
6.538062334120773
6.567648258243688
6.597677722320034
6.627657947852001
6.6576306841535855
6.687667099409361
6.717504701660134
6.744624362113964
6.771524880909858
6.797999637359642
6.820619842476676
6.838902598539607
6.866752157385537
6.8950108902141904
6.92419710166311
6.953105356080285
6.981545030791683
7.011552914759959
7.041428431061285
7.071340328315546
7.095267868251968
7.125155937009057
7.154357740216759
7.182053589319091
7.2066646888864785
7.231041650983377
7.2566096354378224
7.283899521124139
7.31135272896313
7.334856989001746
7.358936093066603
7.387856219091614
7.411835790342353
7.440915347984264
7.469555721766214
7.498017058393911
7.5269136402044134
7.553128463021244
7.579391875345619
7.608682869367794
7.638630473815415
7.668504401516977
7.69847611578133
7.728484801336922
7.758463485528961
7.788421596250332
7.818453939050261
7.848542988643694
7.878607826503139
7.902604579706658
7.932591955247514
7.9625623675894825
7.9924433478792185
8.022183865873489
8.047515639436066
8.070562395558499
8.091851158537475
8.11457580860194
8.140035978254472
8.168183044891757
8.193295312558623
8.22093644652262
8.24837822058108
8.27492164029972
8.300319056792924
8.32475665574656
8.349084516558124
8.373207224269953
8.397935935444492
8.42104814434826
8.448996098497332
8.474256057931816
8.500452278765195
8.528668620547164
8.554817875812178
8.580204347604843
8.6060234973805
8.634861167004704
8.664773524960482
8.69475978479285
8.724767294615049
8.754140071438758
8.780706303003095
8.806277848881605
8.82743628235381
8.850792164866695
8.879021058349265
8.908891234511469
8.935700066458496
8.961203075953105
8.989635422051
9.019134957824447
9.049043045392033
9.076732912822667
9.09439860305771
9.116224925366089
9.140289971883785
9.168242209342077
9.198234103052398
9.225684814683376
9.254436976466778
9.280416306099179
9.308826070027585
9.338701659569365
9.366627365613377
9.392669408303444
9.420636574787316
9.449472266414102
9.478672164729202
9.506627992346214
9.534835443674947
9.564628638861562
9.594743087271814
9.624134792808581
9.652854371024457
9.682292469481677
9.708580439659178
9.732201506808176
9.7468791303777
9.76778317711415
9.7901056723835
9.814295233056875
9.838531639469315
9.86510902739243
9.89224034399475
9.914170036593179
9.937431468487999
9.961207527624644
9.987676933310523
10.012497235479394
10.039300790652357
10.068781256959268
10.090267802122684
10.112693515345658
10.134144648568014
10.156605902606263
10.17598205942331
10.194919223037585
10.216069734952523
10.238390879472416
10.25621156424803
10.277330670099175
10.301639285747735
10.325075591014883
10.346593681364004
10.370334720581099
10.398725007440941
10.422653467878572
10.452657762200745
10.482542460579413
10.511867962125413
10.5401385374135
10.57010626609136
10.600086435113479
10.629965775600414
10.659886844592716
10.689797019835401
10.719728697907236
10.748761498967717
10.778718327915199
10.80871167693316
10.838717168292467
10.868147465329814
10.891533936584223
10.921281593815277
10.95129061915683
10.9801615273873
11.009767479003928
11.0396133565398
11.069427583686565
11.099413122966878
11.129486761736407
11.159563288075695
11.189582359744524
11.219568645988142
11.249580262493287
11.279575218907704
11.309572420926177
11.338125692969028
11.36555015726927
11.389300586136443
11.418608820632095
11.44857617784923
11.478590147058783
11.508699260327653
11.538805240106427
11.568880048676146
11.598840782656694
11.62866549112495
11.658490635907684
11.68842584391145
11.718491898075436
11.748676463723834
11.778936585708546
11.809110744139812
11.839174294988432
11.869304864503277
11.899540659162415
11.929733569320641
11.959808815099695
11.981966356425104
12.009318903872465
12.034903613128662
12.05851754053746
12.079373409810119
12.102093627736496
12.123104742246994
12.145855566202101
12.168315627304974
12.190105658870472
12.212902132308534
12.238737896291932
12.265590326324174
12.294564471872674
12.323837914459778
12.350000054978969
12.375273890589813
12.401437741802464
12.431003560402445
12.454543687947735
12.48342325118055
12.511945375089583
12.538227511201626
12.560679440468771
12.585023532402227
12.610505005286347
12.635977534802329
12.665411596592726
12.69534374169569
12.725144481005033
12.754917173133544
12.784703987825843
12.814185015364263
12.843574574295825
12.870589574055861
12.895257435133429
12.916190666713634
12.937122187551678
12.960430566540662
12.988740300394054
13.012596250628715
13.042586916932645
13.07126898868275
13.098969573024432
13.126823109047637
13.15036916440264
13.175159808611904
13.201594615958163
13.229450824957441
13.258820577557463
13.288544754976844
13.31827360455152
13.348173435209077
13.378117874044499
13.40790873784415
