0.025233358549170155
0.04850185464184574
0.07274287808543023
0.08807275575819948
0.09537021414511981
0.0970023990004341
0.09823409931221168
0.09967725755080487
0.09968087655680467
0.09968207006593986
0.09968387399115258
0.09968433511815013
0.09968556660393514
0.09968583113760093
0.1039898209300535
0.11133374736239432
0.12976715651184897
0.14597431216601447
0.17190784799867795
0.2008838689652863
0.22789744080133809
0.25357513111097574
0.27972204412779456
0.305122301799982
0.3337453868528327
0.35656220014146284
0.3862983979464431
0.4161902627106687
0.44615058055657586
0.47618388225799946
0.5054618504362913
0.5336849948792145
0.5627461018155001
0.5868960554194972
0.6169345927934815
0.6467973601538829
0.6764471419205937
0.7012199888121076
0.7238829031870782
0.7469167358606889
0.7712292281525805
0.7975400173101342
0.8268160731511818
0.851078857611262
0.881330591211666
0.9115405186188699
0.9416961068078729
0.9717421012751227
0.9956937413889043
1.0256298854670014
1.0555246594134158
1.085422938633577
1.115323324340307
1.1452896110369206
1.1692838578874272
1.1979642644904203
1.226593044287619
1.2567307927094866
1.2868137259112542
1.3169287844673256
1.3470359769040285
1.371116654210478
1.4011962475817556
1.4311854384853726
1.4611157539270432
1.4905974314422834
1.5165829520455238
1.541393927536836
1.5642463023582305
1.5942917335833928
1.6243272028786044
1.654312679052733
1.6842541142959657
1.7141347392137873
1.743941269718903
1.7738027638083076
1.797785440258062
1.8277989634633105
1.8578384940463832
1.887913428577035
1.9179619620611295
1.9479929755820022
1.9780372356518978
2.008088500780408
2.032143396075374
2.062226148833062
2.0919646129925855
2.1212467072993992
2.1512431266916616
2.181271072851412
2.2113862648697014
2.235479218136495
2.2655806479749145
2.295568876239817
2.325483840462227
2.3553905002800977
2.3851776146636054
2.4148154787067697
2.4444429689434903
2.4742023345974515
2.4981155257086227
2.528102627561369
2.558062139736588
2.588019722400969
2.6180323113011803
2.6480687236934326
2.672103333934299
2.702131608326904
2.7321553926866353
2.7602502030823968
2.7887228355240694
2.8180284489186413
2.847421371176384
2.8713600387748293
2.900051683562938
2.929039814440145
2.954400402061854
2.976861448500569
2.9950032951163736
3.0211552295755673
3.0507289194423053
3.0799290763902105
3.109802646067901
3.139570196173042
3.1677160940408786
3.19157086468807
3.213072152812199
3.2348381631096905
3.260100602829047
3.2894900675993513
3.3127295865447777
3.3418276371107387
3.3679040959828104
3.392894980168774
3.419764581502405
3.4473858538353372
3.4756767848211436
3.498587652500454
3.528295265659791
3.558295174461989
3.5883062426508143
3.6183443369071995
3.648370846151756
3.678354396845433
3.706983394401748
3.7360821528488315
3.7585927122569878
3.7837258187766833
3.8060388027559253
3.8291141743444195
3.8572740878649
3.887266940457717
3.9099556752628195
3.9360460071442067
3.962294469249879
3.9909583204956327
4.02027354439145
4.0503126634211535
4.080374764402792
4.110445995847652
4.140542378153149
4.170384760642192
4.1972554225655
4.217711463260631
4.234807990467561
4.251413444706579
4.265918645168286
4.282674470368664
4.303024945878263
4.33011614976413
4.359677576124938
4.389595377314258
4.41965227179124
4.449239424752702
4.4722561436644
4.497116823986874
4.519979479980396
4.544757475214612
4.568812627136552
4.591478911336125
4.613032033718137
4.639455800644234
4.669420764725831
4.6994049096913
4.729314455437804
4.752701167251459
4.781750093016264
4.811314746206441
4.8411880014845154
4.871121205756469
4.901158832866565
4.93130995653444
4.955445982975097
4.9855585114683425
5.015554494464163
5.044379721349168
5.069119748700809
5.094144333306774
5.117848154675135
5.135696966295249
5.158478413835105
5.181056876887944
5.207060773703254
5.2312142360764025
5.250781156990669
5.271175028009039
5.290975447874831
5.3047759156512715
5.318656747429226
5.337266798536897
5.360214700886596
5.383719448581217
5.401238526420987
5.4188230023454365
5.440011736829191
5.4648042155444765
5.48851758403106
5.518455870885487
5.54850024522707
5.57849398585152
5.60846964493843
5.6385260827126125
5.6685609439814115
5.692494877804762
5.722369043264741
5.7523400265968005
5.782255191457566
5.811927074068741
5.841741018593483
5.871608040164485
5.901327063255651
5.930968395703823
5.960653056149942
5.98456394895116
6.01433368149572
6.044276762860523
6.074275359047071
6.104204263639048
6.133809649667857
6.162653561515544
6.184918607171579
6.210681867463269
6.235760178000832
6.258028304452219
6.283187610385877
6.3085028118455915
6.330333108022688
6.356613918370146
6.382844148892766
6.409665583539614
6.4373337061455365
6.461160956075557
6.479536626079808
6.495750651039943
6.514565322254146
6.537001648849102
6.561424938633906
6.583373281889032
6.601994976819483
6.617369143331544
6.641762697340124
6.669223824310274
6.695027884685246
6.71788055751944
6.740964199328259
6.762389550233203
6.786029931776456
6.809594689097404
6.8332358894403
6.8573451044888225
6.8845541690904835
6.90759627176777
6.937683913453663
6.9674395640226265
6.997074308957521
7.0265775655088785
7.056400819742268
7.0862713053927795
7.115936744414984
7.143924492643208
7.172280417105871
7.196153309752781
7.224118306364353
7.24782825080491
7.2695240065734374
7.294650662915165
7.320382892002255
7.345539565100389
7.373917191389309
7.403973748934178
7.43391976859526
7.457801300980147
7.4878177458609665
7.514997073862896
7.543316344729642
7.571672949571592
7.601463181348935
7.631453573292773
7.661462641668489
7.684243467393734
7.713701283473062
7.743665605400528
7.773743374925533
7.803718412950752
7.83348031226833
7.86310773410074
7.892582033118664
7.92233587935686
7.952135369972698
7.981933609413082
8.011870349005251
8.041890603886312
8.071949114095078
8.096086511935578
8.12631693370827
8.156613288660672
8.186919802905111
8.217142037414712
8.247278636808678
8.276331847526649
8.306311187230126
8.336464685603705
8.366569493725304
8.390578644630134
8.420669755224505
8.449930121353233
8.479977952061079
8.510065039130078
8.54015263674622
8.570237925182537
8.600359845486876
8.630431357177834
8.660545747623624
8.690702185036487
8.71481680077865
8.744844672983477
8.772453173364985
8.8016634397176
8.830073055175701
8.858997010425673
8.88883281959818
8.918826499344533
8.948149337125475
8.977957933120384
9.000850891140182
9.02631117709908
9.052355463964835
9.08035606343275
9.107547100249798
9.132593833393514
9.156702754100449
9.176486881098809
9.202003195547507
9.226944335845863
9.252174602406791
9.278640767954798
9.308588252766716
9.338487733401374
9.368460997006137
9.398549148774707
9.428617302720845
9.452649215424746
9.482779335815815
9.513005140722525
9.542608162924434
9.57202601291808
9.601325431943188
9.630496595728175
9.659525905006586
9.682512807878066
9.71149926192292
9.741235769045653
9.771107802401431
9.800966121765036
9.830880467463231
9.860886073567475
9.890883569731312
9.920912157463912
9.950891007276361
9.98088382396516
10.010933954892833
10.04102858216892
10.070670794439621
10.094595205000184
10.130631263724803
10.154588282393016
10.184510146447852
10.214505447796762
10.244528252282203
10.274491180862595
10.304447477754044
10.334396838984336
10.364302797498905
10.38827245263701
10.418198397102145
10.448097494243171
10.478039519076699
10.507996920036263
10.53805390964064
10.567479498427293
10.59643812856583
10.626554851967274
10.656609670327528
10.685419328648136
10.70942025275312
10.738680634272747
10.767615855462942
10.797582532817191
10.827519630321168
10.857442808942533
10.88734218916164
10.91723819379194
10.947081882734814
10.976867370106381
11.006507326969958
11.036165173181567
11.065802695465704
11.095564088541677
11.125115974929798
11.15369525309231
11.18248017839854
11.212282115225232
11.23607448184276
11.265906926224563
11.295628460594864
11.325483543752917
11.355213397257462
11.383069789060299
11.410803882729427
11.43492472972999
11.45274393987013
11.467283196887728
11.483029277556376
11.497917063994219
11.516859520643116
11.53872770717584
11.559353421349341
11.5814314478754
11.600679179188834
11.620502746037577
11.641985564673558
11.669207637378957
11.694311659243079
11.722126669455358
11.749638159153141
11.776616379417202
11.804854605061312
11.831907251390591
11.854216584754509
11.884170638340048
11.91419232870915
11.94413559859138
11.974009171190003
12.003915621412036
12.033834910170032
12.061305584053775
12.085197763153628
12.111368143830166
12.139639100818595
12.168002098862587
12.188759057958938
12.220520890826126
12.242731138618753
12.270401665714777
12.299533728080847
12.328559221567367
12.358403203647452
12.38832970587965
12.417868767796927
12.446215762111082
12.475730124708459
12.499403021365069
12.527600081719978
12.557216266146424
12.587140664531779
12.617138713359989
12.646519001897142
12.675984962074471
12.703286455096558
12.73187847924956
12.757685999887713
12.782291340153595
12.80908216720369
12.83658142369376
12.866439679409812
12.894726655810087
12.914973953153059
12.940113083762357
12.959984987218487
12.97646718613228
12.993325159457967
13.007650963555225
13.024169462494337
13.04383922736702
13.06554307199256
13.08273862077042
13.106782920956189
13.12403070942198
13.142551443642967
13.165719681840212
13.19533298528711
13.224966212169297
13.254784115390501
13.284678828131602
13.314591417517448
13.344607576887059
13.374602178932474
13.404672720128332
13.428477018411776
13.458042270682135
13.488052205899473
13.517874424004592
13.547746342882894
13.5775682227549
13.607488412911955
13.637322740543146
13.66723508608352
13.697315727401271
13.721295576617829
13.750808612476073
13.778238984754518
13.80465067574014
13.831776152668683
13.860078566969461
13.888995355305173
13.916402402843458
13.946066058820325
13.973712824178802
13.99560665755064
