2.177481683160327,1.041092009719698
2.1937103370029565,1.061401075658127
2.2072890658119593,1.0787102763306278
2.212423166961287,1.0853588007969823
2.216058218504492,1.090128220760549
2.216137923191883,1.090234139886838
3.305742358429658e-05,2.2414403336902262e-07
8.919150931320155e-05,2.861332696047055e-07
0.00012029809066082374,2.516341505109302e-07
0.00012289957912067556,2.0537864731148974e-07
9.699628491642791e-05,1.5760320548492264e-07
4.927636775240731e-05,3.6394792273501905e-08
3.8128181184063505e-05,1.3875017326504423e-09
6.006955536638158e-05,1.0924390342875438e-07
8.010624485218193e-05,6.76480181205153e-07
7.174784567251336e-05,9.222829284101202e-07
5.298183526144454e-05,1.0397369132396369e-08
5.993812042481923e-05,1.5741904101858137e-07
6.670563828684386e-05,2.7002773297880017e-07
6.12314920736562e-05,5.285440489822567e-08
5.940901399860094e-05,5.325684262347123e-07
6.177927520493049e-05,3.2272452215170107e-07
6.317309309031444e-05,5.71770383274948e-08
6.169082070220403e-05,3.136861408110301e-07
6.136329749434149e-05,3.075807588490351e-07
6.220534467875845e-05,1.3364677526823846e-07
6.207097497311467e-05,3.8104243741718996e-07
0.00126021938033895,1.7940456754838877e-07
0.008457227035955328,-6.014869616252717e-07
0.02645657439276756,-3.414828193550671e-06
0.051921526612576804,4.571391812120906e-05
0.07791826063049283,0.0003265573921421781
0.10390809995491516,0.0008492050497062811
0.12989331224835823,0.0016132865112422703
0.15587137702523013,0.0026191597743862806
0.18183790015495085,0.003866010976017168
0.20260195894846217,0.0050374608213408535
0.22854429867501524,0.006718832789702687
0.2544698970071792,0.008641295143043856
0.2803762534043157,0.01080442891436086
0.3010863559861996,0.01270806211488084
0.32695304187325175,0.015304662472913207
0.3527946412391923,0.018141155711233738
0.3786085299411402,0.021217818850351247
0.40439266789911144,0.024534331709019277
0.42499720202929664,0.027359879106723866
0.4507223741435771,0.031107286683289267
0.4764115549863191,0.03509355722520003
0.5020627858744426,0.039318389596593444
0.5276732432847662,0.0437815068784089
0.5532414088211342,0.04848253468227546
0.5736637133770932,0.05241415586204809
0.599149559323853,0.05754218047577805
0.6245867648924491,0.06290699978901264
0.6499728491487999,0.06850757167139915
0.675305839528807,0.07434441595247104
0.700583542044342,0.08041615771104427
0.7258036437612476,0.08672254276337171
0.7509641039277543,0.09326318089354077
0.7710478410526364,0.09866370907501838
0.7960954723757846,0.10562447313288441
0.8210773720215252,0.11281750668904728
0.8459909156202556,0.12024227521000966
0.8708344751847995,0.12789849894847646
0.8956061761735267,0.13578545247693477
0.9203031549997807,0.14390191892950843
0.9400056922750583,0.15056033873846583
0.9645637459906633,0.1590890787498512
0.9890411639263993,0.16784575583737918
1.013436109931361,0.1768293393145061
1.0328914449081985,0.18417919312787537
1.0571328982597257,0.19356980584073763
1.0812859800918144,0.20318537188497196
1.1053484123563695,0.21302476547973193
1.1293185387716826,0.2230874780541841
1.1484266538659653,0.2312978404945085
1.1722251450561576,0.24176014671679372
1.1959252289836746,0.25244328964158064
1.2195250554135444,0.2633460829100725
1.2430226430724471,0.27446785189554646
1.2664157044174578,0.28580760481741957
1.2897023549293714,0.29736412188476724
1.3082538204967145,0.3067649399096959
1.331343853903765,0.31870944013961305
1.354321974775662,0.3308681135405783
1.377186083468979,0.3432398481345151
1.399934320128201,0.35582361230189746
1.418047834808954,0.3660422500364044
1.4405821613451977,0.37900464816895185
1.4629953162547171,0.3921761194064749
1.4852848217956955,0.4055552231525559
1.507448983240084,0.4191407098606208
1.5294860245326478,0.43293198320636944
1.5470228277482017,0.44411187190986645
1.5688259895967174,0.4582695954229913
1.5904968486843554,0.4726296343006819
1.6077367587928146,0.4842622233026349
1.6291640027793095,0.4989823799847715
1.6504537474743268,0.513901137730711
1.6716039712434194,0.5290176053009713
1.6926127563838986,0.5443292979626515
1.7134780850164975,0.5598360067320015
1.7341984774363757,0.5755361669420866
1.750669467992554,0.58823409562859
1.7711242035383206,0.6042785749989659
1.7914290627895495,0.6205123407568871
1.811582303682955,0.636933915923193
1.8315818348647437,0.6535425556645545
1.8474700144755214,0.6669626413997692
1.8671890836846383,0.683903131343246
1.8867495639867344,0.70102632540134
1.9061503542694025,0.7183306610701596
1.9253893949606482,0.7358145042013302
1.9406630270942844,0.7499298001096483
1.9596069978332828,0.7677329670412896
1.9783845850513269,0.785711657365501
1.996994277500148,0.803863908926889
2.015434309470902,0.8221881324659499
2.0300631738431947,0.8369706938393324
2.048194431932199,0.855601272129366
2.0661513950399875,0.8743991609367039
2.083932827366757,0.8933633414847846
2.0980307736022628,0.9086532147708642
2.1154926100974025,0.9279121778555457
2.1327747414291762,0.947332723627717
2.149875640030246,0.9669128864322718
