0.022403529544805317
0.04609799271852707
0.07482599450857429
0.09155693248783675
0.1034656820889322
0.1078493537013116
0.10822277782096888
0.10822320747559416
0.10871057029290516
0.11714622302109451
0.13361165105969727
0.15127127901133408
0.16553209890853965
0.17771712398137574
0.18669596047171777
0.19215466039294096
0.199654695637575
0.21388103554205762
0.22942469695606066
0.24989068473575304
0.27636990373618486
0.3059482220863325
0.33358769099789687
0.3614095790863805
0.3901843330025378
0.4196497722458296
0.4493508689015543
0.4793297290759871
0.5032974490689933
0.533223685142089
0.5631893829493838
0.5931173443004709
0.6231347374579277
0.6531790381403666
0.682725527952244
0.7125524986276752
0.7394941201910036
0.763541416457357
0.7868239307868105
0.8145314163665023
0.8424870333564574
0.872163878089042
0.9022578407505083
0.9323349454727949
0.9623849667801985
0.9923108426889208
1.0222006293440378
1.0511934300084464
1.0796224845442308
1.1083022190871477
1.1354410941462147
1.1582290986008685
1.188158950242124
1.218176923083305
1.246678837651472
1.2749043989562143
1.3011279698851326
1.3300471258944055
1.360145325858944
1.3901449069115988
1.420239622768606
1.4502642351327921
1.4802557302029211
1.5102119063809223
1.5387446751790852
1.566021951542648
1.5938289283127396
1.6238644821192243
1.6539462115351113
1.682650771020925
1.707605829605167
1.7297146217137571
1.755460479082436
1.7752670229460772
1.8050487365502859
1.8353368820762532
1.8655857055061225
1.8946234690102515
1.9215947781422529
1.9471870463780652
1.9772616587812586
2.0033014147913493
2.0290410186397874
2.057462065389309
2.087181507724106
2.1170997454725033
2.147087281555599
2.1765226242612417
2.202633095178326
2.2314644388734135
2.261040275405876
2.282630905637692
2.3103312474161344
2.3388625054014356
2.3683788006202295
2.398051403281108
2.4278566835452122
2.4564594188921025
2.4853860916016473
2.514915832210299
2.544630625670778
2.5742663234864565
2.6006103186789162
2.627743155111317
2.6572750163361203
2.6848198293147574
2.706568179989019
2.729792420889424
2.748888281473152
2.7829190067786786
2.8069414043770076
2.8362866259177864
2.866355309223808
2.896409682039027
2.9264045411489428
2.956464063803529
2.986440239875581
3.016415553534059
3.0463698974630113
3.076368527873928
3.1064311485166205
3.1364984342158464
3.1664663573147642
3.193943267342081
3.2215309139069355
3.243611519166893
3.2726257830876926
3.3086790717552015
3.332694809941939
3.362581341083651
3.3917829195360465
3.42046395082149
3.450210775013846
3.4786626416194557
3.507018183127544
3.5359197471155257
3.565808370013272
3.595714185352501
3.6245737639400533
3.653075728520945
3.682315524521605
3.7113881441155865
3.7337941251241453
3.760312861314738
3.7884684922925502
3.818430563886636
3.8484136894937717
3.8766525494591413
3.903333675515464
3.9320373921410057
3.9591888270086133
3.9885995384646646
4.0173846011344345
4.043855149685345
4.065791198945416
4.08461790158076
4.113766870065845
4.14295085731987
4.173077741598387
4.202285585486238
4.231790558434941
4.261788346011454
4.290070391671411
4.318451044668427
4.344620429196484
4.3643092495385165
4.382237260381542
4.403025085443231
4.426030586971892
4.454793519622914
4.478575988579567
4.5143521615886435
4.544186142989878
4.568001124247627
4.5978381005279765
4.627812242514278
4.657896013137452
4.686595016652409
4.715755986470132
4.745667677557119
4.7758265574948515
4.802720621474778
4.8231820986325955
4.841559392435811
4.862649232065031
4.891387982748664
4.919122431467248
4.943200254929511
4.964095333502709
4.98985295452233
5.018232584623266
5.047005359271875
5.076086551351456
5.099776749285221
5.128704558209345
5.155688764049423
5.182722509619377
5.212263279870292
5.239950166133419
5.263965654696952
5.284653400624301
5.3080083744921
5.331963945409525
5.351885861642815
5.368040973833818
5.377486529029781
5.38013523683345
5.3816916178958145
5.3842151043856905
5.384226143939684
5.385085398458647
5.389673686616353
5.398329754621756
5.410842007192827
5.424075400456704
5.434904064229945
5.448730808894681
5.457773234525376
5.469434661148484
5.481755435115249
5.4996376313474356
5.522134055323409
5.537499959723547
5.544613860098926
5.549110765143566
5.553635372121783
5.558338565347865
5.5596133379885835
5.567283116322973
5.5692641113539665
5.577146467769496
5.590625075384839
5.613345431663058
5.635991542650869
5.658852203096051
5.683126935635811
5.704916269081852
5.731679048357938
5.761337504131288
5.786299297136286
5.806214246486118
5.821294050548703
5.8369061464838845
5.855747414859458
5.877306136960659
5.894952065301256
5.913932956607328
5.934149176210442
5.960766813893484
5.990229328942397
6.01848143461468
6.041450840219573
6.066357787251589
6.087562512735883
6.109470922838224
6.135173888695678
6.157216131690839
6.180794480841824
6.203192003683553
6.226595958642873
6.254731291716586
6.282781420934527
6.312739361533707
6.342652331164918
6.3725696803450615
6.402500263044666
6.432462692536327
6.462438906269938
6.49247830676229
6.522443833703386
6.552410332897793
6.582154647063041
6.610281002345688
6.638105036248586
6.6634129155967425
6.6822057497365845
6.70844311479397
6.7354753685268856
6.762962414158055
6.791069315401004
6.8162877677610965
6.8450650218284395
6.874864375249732
6.904709528096126
6.934270056020409
6.961574469225854
6.988486151787295
7.018010752989849
7.0437412138516144
7.069611194516337
7.097214277460666
7.126209098475638
7.154384673642198
7.184121920855981
7.214128108468693
7.243172779474218
7.272468770676653
7.302503061272618
7.326567222938082
7.356638780699123
7.386685748357075
7.41666273153431
7.446683077278767
7.4767100697397595
7.506669048331631
7.5366633622159025
7.566632869614088
7.596021891837408
7.625970313578316
7.656016649834144
7.684363365519374
7.709544902815952
7.736927119714904
7.766352846807209
7.795798150053725
7.820446469747375
7.846029248811485
7.875786413196359
7.905551630978647
7.9294151676743585
7.958740929434022
7.987775157573129
8.01583014570862
8.045048851435796
8.075153023748785
8.105233711653545
8.135246473732263
8.165318432110972
8.19308504903093
8.21394829807652
8.23068064658948
8.248585347046273
8.269241880148325
8.289512630057674
8.309357224067146
8.33220453519335
8.357831044351887
8.380465400080949
8.409066990630908
8.43892083903299
8.46863973389061
8.497345757947611
8.523849337560883
8.545797871013168
8.567698227583849
8.591838336887136
8.613047298934198
8.635901704122112
8.658105669158553
8.687054351138855
8.71684785285803
8.746704058420946
8.77554154140084
8.804915310899485
8.83472869464978
8.862771278623176
8.882841941296654
8.915024099149985
8.937409026554933
8.961588764806066
8.983022688224928
9.006957258964764
9.02948746358386
9.057071034280284
9.082435864509081
9.103043644024568
9.124494227284977
9.144198369324611
9.164037545917392
9.183724500825052
9.204779371008351
9.229549164582828
9.258282369618556
9.288314046553616
9.318358869250305
9.34738375074845
9.369825773711533
9.394774342476104
9.41142181038902
9.426580797501902
9.442178831883353
9.458073367492727
9.474205676765825
9.491043529874936
9.503952215606303
9.516490781640131
9.536816781127351
9.55767169326008
9.577137626572759
9.60328874392195
9.630651334105647
9.659798501813485
9.68975943761326
9.713682785267368
9.743249838396343
9.77161570071241
9.80137320253766
9.831450831191532
9.861480921496476
9.891507517516633
9.921540458840948
9.951621420262905
9.98163381077434
10.010194047465372
10.039916728388638
10.069925207267627
10.099585604825549
10.12934823152176
10.159439247641899
10.189448443649793
10.213413069112917
10.24339082114002
10.273414305335258
10.303402683323469
10.333326698984958
10.363237999204273
10.393093803506629
10.42256487220633
10.450748441594023
10.480420443379563
10.508941106735703
10.533929611510796
10.558251270627949
10.58614307385552
10.615895632216175
10.645905876664612
10.668407425211546
10.690636535919861
10.70537003385561
10.710694356239227
10.719205730504594
10.730873099006672
10.74582949889244
10.761605749651707
10.78068411091243
10.796725200269883
10.812896875242421
10.830299855705718
10.851821670083359
10.869984746677606
10.886573045958562
10.90234576170335
10.913771452502232
10.926101124187277
10.9403009569071
10.95315943534025
10.961104187279965
10.969240346335692
10.9815040502935
10.997415709481105
11.018545665465464
11.032582560587421
11.046562140475142
11.065259951015447
11.09112050412934
11.120700984154764
11.150788076667169
11.180724974768696
11.21062282259287
11.238862683164738
11.267530741940607
11.295166553591278
11.324449616997315
11.351792939717345
11.376774089283687
11.397046871546424
11.414604095423531
11.433450757585787
11.455363410783654
11.477870919881878
11.503496856904109
11.525525620513694
11.543056018752278
11.56191227414636
11.576605019256238
11.59176830391714
11.615842009331287
11.645539883512479
11.67553668583266
11.705377342716314
11.73347963492276
11.759561175277952
11.783198633278825
11.808021652084905
11.83502872382015
11.860762948282916
11.890244349130603
11.918970813684513
11.940705228014197
11.955651609791618
11.967823335934764
11.98688104988607
12.004802280603341
12.024861063090391
12.04966508746849
12.078969108490654
12.108487776065106
12.137941659333581
12.167303626630305
12.197400660575532
12.22745873075512
12.257445886871455
12.286404270572204
12.314179386974516
12.339258620836686
12.366106038798469
12.389405537950964
12.41791089724772
12.444542519531685
12.472104336056796
12.499886113402065
12.522993218955117
12.54901217283428
12.575775202449256
12.5971553172456
12.619187017733394
12.64336661235117
12.672172401851808
12.700327707614836
12.729656778333215
12.759143185863365
12.788526672114568
12.817958036454062
12.847693090111125
12.877840055866363
12.907687225091617
12.936584901943009
12.958465620871138
12.981526699046713
13.006870080804736
13.031937036266303
13.058202665366931
13.087645723268935
13.117807325875424
13.145765496163442
13.172102254062384
13.19917934932722
13.228883215556706
13.258817027951356
13.288793141369219
13.317102748592985
13.344370514788123
13.364579662967436
13.388621299790405
13.410839525582508
13.436175079605356
13.455035934886537
13.482593787309394
13.506474253025093
13.533833162808437
13.563009803029901
13.590077650686968
13.616947090969404
13.645439572081886
13.67511718329636
13.704008295690866
13.731291540433299
13.760835063496375
13.787987771309698
13.812435465724414
13.840042998317047
13.861022586373567
13.887576410955475
13.915168079485673
13.939000421385318
13.96865508858508
13.998324352371665
14.026627964438136
14.053974601496622
14.08088846158769
14.10668789367178
14.135504267102947
14.164707258535275
14.18941904330479
14.214888443769409
14.241202159316268
14.268597629824866
14.295871754903056
14.32123485819614
14.339779264500532
14.362122443089008
14.390695946021356
14.418064265385791
14.4442620857864
14.468251033285659
14.49018356688939
14.515840620297938
14.540076741450003
14.557414455721762
14.570742572021741
14.583565055764042
14.598941542126397
14.622519096512791
14.643532416401102
14.665473255947512
14.68944955305191
14.713609007747458
14.736870379706318
14.759790977628711
14.781260418125058
14.805482277095988
14.834432063640389
14.863348735900397
14.890811080716496
14.913019551186741
14.934451524480043
14.95515996655614
14.981017721750211
15.00098282503806
15.020379714271547
15.0419099099708
15.060759755180257
15.080042460240913
15.103967843453526
15.131312316603905
15.15787145235872
15.184447125077595
15.21248343016315
15.241558783135138
15.27129316610846
15.30117528316445
15.331095669719154
15.35206866408106
15.374594814963174
15.400374662184198
15.430401656715432
15.460004375417105
15.48999557759823
15.520029929765975
15.550097678666525
15.580131118268483
15.606196583199496
15.625567338236012
15.64802093573003
15.67665338272984
15.706697591700847
15.736314774271563
15.765155428483672
15.793664656091046
15.821277675049892
15.847779423066058
15.873789354827053
15.901402859251302
15.930473617385333
15.96049195334838
15.9904973630837
16.020543225078086
16.050612861060323
16.080472326648742
16.110490741712905
16.14043883623818
16.169282048455166
16.19866049454307
16.225854532458822
16.245914625392917
16.268790511216938
16.297371705214164
16.321209231516423
16.356810158264796
16.379677895530655
16.40765418529811
16.437409516350822
16.467345937471986
16.497323166380184
16.527186568447238
16.557039686796212
16.58670087827682
16.616138549928593
16.64569182354914
16.675531467430467
16.704132389288166
16.7339147885832
16.762771263561902
16.790043085495107
16.819993872074647
16.846666307315466
16.873418696316598
16.894912450679087
16.92353272876831
16.952087658458286
16.981218865749717
17.0065824630039
17.02437900202747
17.039666937168416
17.05927515521485
17.084843570410758
17.112138403503526
17.14141676674608
17.17114209983405
17.2006468077171
17.228008163417762
17.255916696563084
17.283515074521734
17.3134526313437
17.34314546508553
17.372196931205227
17.399721125529222
17.42378874150424
17.451055243357064
17.478967467775572
17.508240123337767
17.537893231176795
17.567825547815016
17.59784871430572
17.627625540306934
17.65158452206195
17.687323814904087
17.71054360980247
17.73924642252584
17.763062676391197
17.78559536110048
17.80681051387717
17.828137842799194
17.85179867534451
17.880389552950078
17.91035615283954
17.940285092220915
17.97021601111748
17.99879986449829
18.026645958240998
18.052126001810297
18.079541208715554
18.106565399631343
18.13448105782454
18.164480341292624
18.19446815221306
18.224435444845096
18.254409223030777
18.284326259342897
18.314248561633086
18.344213106283895
18.374176655257955
18.404152711818746
18.428147478756486
18.458201517915978
18.49311758952419
18.51690787599719
18.547006045386325
18.577050368016554
18.60702769201831
18.63651095896979
18.66139751703674
18.688368312990317
18.718138915069648
18.747705469529024
18.776862655144523
18.8066977332087
18.836664902242152
18.863689707408717
18.89240307834379
18.920539301573136
18.94919971297996
18.975191598576803
19.00209861304087
19.031634201316468
19.061584152374763
19.087234507665492
19.116258508461396
19.14573970234217
19.1729961366466
19.192534461948032
19.21186336688921
19.23130982737195
19.250389702093553
19.27439600225427
19.298051868671738
19.32496439707898
19.351686981368996
19.375561789454
19.400721435577594
19.425336009090746
19.44955517761784
19.476227940981197
19.50057947650236
19.526206882648307
19.551566981118917
19.580152055120784
19.61013646648927
19.640159073413667
19.670164163687627
19.700104690224403
19.72905437552174
19.75607971262132
19.78368682078671
19.81022783579691
19.839257768828205
19.868931370280194
19.898799328007392
19.92577067440757
19.953817956244055
19.982431502350142
20.01034671130805
20.039469682046146
20.069576957856174
20.099608957475574
20.12950578573047
20.158909859892823
20.18733021800842
20.215892579928152
20.23829067944585
20.270665673591125
20.29802381299181
20.31925102889372
20.343772643879518
20.368158664899603
20.389891675314793
20.411407697219218
20.433063706189266
20.454733924063657
20.481275990544976
20.51039001640103
20.54036785641967
20.570058840307336
20.596622238575403
20.622488191657073
20.650281855016228
20.674961515346865
20.696519594759557
20.715161931304813
20.73385216269441
20.75200082460634
20.771812509383718
20.794248784724928
20.81434697128788
20.849632333919686
20.87951285464438
20.908597038614683
20.937172497339557
20.959980677423633
20.98766082920207
21.017788597602188
21.046080308207944
21.075752066711633
21.104422466181404
21.133116734596282
21.162502817679968
21.191746872234535
21.22049193342578
21.249098323646415
21.27772505485294
21.307127268998368
21.33658617842753
21.366262916625377
21.396124191833966
21.426126910110728
21.456183647343316
21.486241020520445
21.516283984584042
21.54033264167756
21.57035655419874
21.600297008578355
21.630167472523862
21.65867040694788
21.685147174315883
21.71244326611127
21.740303817797216
21.76575709112848
21.793577565909263
21.822050598020738
21.849723091363536
21.872490638257194
21.892815481710038
21.90918659380487
21.92002988360401
21.92683171549379
21.933626269062177
21.94363030556418
21.96213671269789
21.986740254491576
22.012797387860033
22.038979593855892
22.066579565621026
22.095067098946643
22.12199011338192
22.148848169310348
22.171391424949046
22.18370196579285
22.201854217664234
22.22340687357372
22.250382002799107
22.275673244500346
22.301278287256682
22.33070297184563
22.35754518722686
22.382927653516383
22.409712091700783
22.438536557856562
22.46485237586146
22.48618775896449
22.507178660780863
22.530979058798
22.560970703479917
22.59111313282792
22.621274336927463
22.65047574484261
22.67821340668097
22.705581744161275
22.734046591277114
22.763942510651237
