0.02093107976194472
0.04748556590763787
0.07070865606187154
0.08209045411447193
0.08951388066963781
0.09190154834676133
0.09200640408760938
0.09240570134258856
0.10040159280488664
0.1171873698235445
0.1381219432241146
0.15838310237676037
0.1819480368922991
0.20467758873964445
0.22942824372397846
0.2589759742063334
0.28871109452275145
0.31746143509885355
0.3431056803789982
0.37103917319905205
0.4011087561974687
0.43109754537641876
0.46112263251720026
0.49105787408182794
0.5209610279150417
0.5498755140329022
0.5732490735457719
0.5958307665816898
0.61638638057086
0.6425765857483483
0.6715544814543457
0.7012345283708542
0.7308499566623958
0.7607416985959349
0.7907176462309835
0.8205654467656198
0.8500416550348586
0.8789702842426832
0.9029894576195787
0.933003183006698
0.9630545375141899
0.9931686163357316
1.0233202000642068
1.053503186106715
1.0836689337116403
1.1137673317929493
1.143649459988879
1.1672058666455294
1.197083927805899
1.226535417972887
1.2563233794636763
1.28626587299235
1.3163665771716406
1.3463991104196726
1.3754352206778042
1.4041020391055914
1.4300784613660282
1.4584367539950467
1.4810749553064722
1.505078933466928
1.5264359766394138
1.5427252642445122
1.5577969638224647
1.5744921298610663
1.5917328650536156
1.6080414114091086
1.6306975221046658
1.6510253187631283
1.6744597499093405
1.6981817035731048
1.7195114785754684
1.7428077538078315
1.76336334044721
1.786370324485276
1.8121410172347088
1.8367399459936231
1.8638097290779576
1.8937099151159855
1.9235529476254174
1.953498027388163
1.9833961512927998
2.013318195373832
2.043232524708558
2.0731392988768205
2.0970379213218884
2.126484921011848
2.148322046901102
2.1613721165816555
2.17262584528463
2.1762802952403937
2.1814087949858667
2.1896524425434505
2.198496586954442
2.2107011397850127
2.2215995002436046
2.2280127795028317
2.230586468089757
2.2328047406132403
2.2328593351481567
2.2348428896718002
2.237759016667548
2.241544571291207
2.248688323912583
2.2575791566446792
2.2689756048382144
2.288219698037483
2.3118683220845075
2.3368969811868876
2.3509168848241204
2.363831476046166
2.375603764990534
2.385521690733596
2.3980431987948556
2.4065957891782563
2.4152971657837985
2.4222164145332146
2.4307576663632036
2.443299260943036
2.4570748407925533
2.472988348291811
2.4892821490608816
2.505796964047291
2.51352180912962
2.5156421952158143
2.517225899349696
2.519001031678041
2.5192910317544284
2.5213201692515215
2.530169893005048
2.537067702562165
2.5372541857122473
2.5375399367894644
2.538697885218285
2.5419780597129553
2.547554683965436
2.5604663279493707
2.567836562252782
2.5704924097278257
2.5710819185495515
2.577898823662035
2.5876093439212036
2.5961090039062147
2.605384393043954
2.60637253646506
2.609780797882362
2.621034693284676
2.6312212127486436
2.641707748846833
2.644547834941307
2.648984251349556
2.651486229397749
2.6573310739390807
2.6640075460672046
2.665011890760766
2.6670249183757404
2.6687811448173346
2.669823938433045
2.6756201567727085
2.686709876705332
2.7055961610847685
2.7202876461650485
2.7305068166754816
2.7411321091393024
2.755866240950003
2.7716984274568945
2.7971067922852093
2.8271017438296147
2.8557798658791915
2.8841647267998938
2.9137981872969516
2.9437573984465133
2.973765786434352
2.9959834333237225
3.0178810903049818
3.037856775259423
3.061697059572388
3.0904684328651797
3.119929841367558
3.143835083952306
3.173645107408014
3.2035979935813037
3.233641232852162
3.26374464701066
3.2906390044286553
3.319810195948856
3.348898565511119
3.378683608250493
3.4026212046753916
3.432492430163149
3.4625169549720414
3.4924967310573654
3.52249207002817
3.55246044676705
3.582422594138846
3.609370403395687
3.632719141210819
3.661233727763204
3.6906186991699856
3.7147465709794836
3.734914824633516
3.7627129275086926
3.792813320398786
3.8228421889334623
3.8508308370843767
3.8784910980002447
3.9060111363404886
3.9306364970533196
3.955337165224725
3.9796147726476803
4.003299528122232
4.027393239937052
4.05291055540493
4.07227538296847
4.102513531526478
4.126266692209575
4.156267355913553
4.1863099186666695
4.2163839524939375
4.246356290780171
4.276190495955604
4.3058811149706635
4.335635150936606
4.359498974116644
4.389375654998168
4.419324626106196
4.44880251676742
4.47765877029979
4.507392019360071
4.537365034398953
4.561429384719891
4.591407851765978
4.620042591382381
4.647678438143259
4.675270733266971
4.704734966663132
4.733767702850962
4.763359656758814
4.792347214317907
4.819770296936047
4.849018914910156
4.873073176559518
4.903135828252828
4.933238057762926
4.963281335230437
4.993255684796449
5.023318706346003
5.0532813761647
5.08327132906958
5.107296134480222
5.137236491849123
5.167270927877912
5.197278334448194
5.227380816383441
5.257550191734269
5.287616662410063
5.3175528838684025
5.3473556220562335
5.377238864513343
5.407158780332772
5.437020775081944
5.466947484974435
5.490807300507258
5.520709349914739
5.548504968469635
5.576626391560162
5.6052698544199115
5.634219728559336
5.663138209694813
5.689911935757396
5.708172087203806
5.732449380298799
5.759452179688896
5.783533089838159
5.806837482215441
5.83006061615924
5.853322000363769
5.879562693162724
5.9060960762354044
5.928226567223181
5.957849216228315
5.984603105396423
6.010247032234917
6.035768548014235
6.064706791113135
6.094570557053977
6.124382147895567
6.154339383669614
6.17831032344887
6.208254108886236
6.238228555297124
6.268243388139248
6.298282576654774
6.328286994495291
6.358260818095868
6.387731349981129
6.417607114147871
6.439784224911154
6.468199376486191
6.497477081768996
6.526929166053923
6.556149987593557
6.5841040865343
6.612247037283469
6.642154359316056
6.671944849815601
6.701829663658186
6.725590607624862
6.760826412538133
6.78467643443366
6.814690959849781
6.844684834171945
6.8746877446929995
6.904632451040749
6.934601028770068
6.964617333390187
6.9943641830674625
7.020828229269043
7.049652022701073
7.079482176449725
7.103470912207286
7.133405574150094
7.16334806274153
7.193357927381973
7.216562944427457
7.241075348345565
7.264689143685796
7.289185553317403
7.316946335160521
7.34211267614543
7.36517720622496
7.394967415207093
7.424836063686171
7.454621528028572
7.484594236130606
7.514604692506925
7.538597946179136
7.568574069235939
7.598559112643235
7.626420657697255
7.652783390545228
7.677833890566426
7.698734966525074
7.720490830286826
7.742663470324975
7.762440639505747
7.7879067113871345
7.817225527711509
7.847355514055346
7.877445060526129
7.907482312233485
7.937467994701991
7.967415225211256
7.997314487227894
8.02726845558838
8.057218126727742
8.081201885913474
8.111173913039565
8.141118828321282
8.171050497330613
8.200976120739139
8.230890394729233
8.25485649454459
8.284910850525458
8.314940053792062
8.344832554141153
8.372835983202851
8.40034113768061
8.430366758119117
8.458833848791164
8.483881372304928
8.502073058928435
8.524515992186348
8.546933302604783
8.569415327240188
8.594661420929516
8.62381754850718
8.653684122608226
8.683644284018797
8.707604287677329
8.737541479345271
8.767441859055564
8.797307770599378
8.82729019723118
8.857257821001163
8.887284220407356
8.917375079722559
8.947378826950452
8.977028934434317
8.999371792538872
9.024542347931074
9.05019363342689
9.074264413258936
9.096453260333243
9.11981791628253
9.145399416224686
9.170487253602495
9.19656032005081
9.21912816092619
9.249266421668956
9.279145950133593
9.305805039459635
9.327638030213867
9.346439122139353
9.373797587096623
9.403433302608493
9.432284459631155
9.457143923664127
9.483032973000123
9.508351010748449
9.528612599359272
9.553880355102425
9.58049937730436
9.606654411890334
9.631351340513218
9.655758910569025
9.67992092754528
9.704206788542933
9.725872157258983
9.753965475355892
9.782189489926305
9.810387724223746
9.83800561923287
9.864887397051683
9.886469658808638
9.913503992094018
9.940420552675477
9.967412877124001
9.996615532441181
10.026332464442413
10.05024011815211
