-6.659394646110766,-4.1150253578805875
-6.659453087119226,-4.114938668675234
-6.659152858654464,-4.115387097361691
-6.659153253305272,-4.115387017463113
-6.659153192528351,-4.11538767708971
2.34765821836333e-05,2.2108686588700553e-07
7.954662771517488e-05,2.8501129196312687e-07
0.00011127560530983723,2.6795917440612116e-07
0.0001252799751496812,2.2447065408311655e-07
0.00011595811116770262,1.8612238593454085e-07
7.865751788554662e-05,1.3929937914436253e-07
4.31137535973988e-05,1.801215472470401e-08
4.152896509425258e-05,-2.1015495445749445e-09
6.62646255407887e-05,2.5030363291724955e-07
8.010620704977684e-05,6.764871642108932e-07
7.569775057036899e-05,8.914612542594477e-07
5.481969320343168e-05,2.5433357244653974e-07
5.500656292632295e-05,-1.5963106657226227e-07
6.598193168307946e-05,5.390989787350821e-07
6.509518601047117e-05,-4.1699312463832054e-08
6.026134912302269e-05,1.8254630720101175e-07
6.034442905744183e-05,5.163680224628976e-07
6.310142063473085e-05,7.083881323730041e-08
6.265518238038613e-05,1.1779123744143144e-07
6.13392953655276e-05,3.5935358945872466e-07
6.153435906199946e-05,2.359621022009118e-07
6.224263266485153e-05,1.931554650984654e-07
0.0002403876336504507,6.116964663718906e-07
0.0047289298091924845,0.00010437407610105075
0.014591301234635081,0.0008121344087208025
0.03034714855553014,0.003240977448078696
0.053837964692668425,0.009292826020855793
0.07566485927253355,0.016942021366697996
0.10219990010337707,0.028734210612697604
0.12780813758605697,0.04371965592398177
0.15135166539328293,0.06184407988353423
0.17271599695150472,0.08258639553127486
0.19207318173083768,0.10528041787024534
0.20951805242447255,0.1294953585579501
0.22512697145815988,0.15495148950782311
0.23912151574608478,0.181349628345088
0.24914745414218906,0.20306177472705236
0.26041934949483253,0.23075489708383112
0.2702217908827114,0.25899948721908966
0.2770764675399111,0.28193152822624185
0.28463820393608763,0.31089066281757743
0.291201830100415,0.3400991352098793
0.2968443949739873,0.36950620355470293
0.3017111987341935,0.3990646849870655
0.3060302891223395,0.4287239150278221
0.3099935811250053,0.4584427698780644
0.31371200035537505,0.4881974773391984
0.3172295004950138,0.517978746668841
0.3205751339941316,0.547781262048519
0.3231438218139792,0.5716367261844787
0.32624382777496846,0.6014683257387861
0.32921548003966317,0.6313123689130749
0.3320678323210539,0.6611695627852644
0.3348149661763951,0.6910378260815622
0.3369588132127369,0.7149390261821227
0.33962142880431534,0.744821758932974
0.34233254131555685,0.7747028879191485
0.34509799315269163,0.8045779608103348
0.34791009512907767,0.8344501580137593
0.35022967588658815,0.8583426019452419
0.35318447216431254,0.8881988552898143
0.3561404558814432,0.9180519606945969
0.35909775150751194,0.9479067560161094
0.3614614562159175,0.9717883322792961
0.3643806917327929,1.00164429231978
0.3673043219895996,1.0315034174173747
0.3702876751717947,1.0613615992235363
0.37344794651586233,1.091209153259618
0.37679291997429887,1.1210294595707953
0.3801940796377823,1.1508372410985834
0.3836331639882733,1.18064084257014
0.38636884072086,1.2044808053785467
0.3897086210306998,1.2342867123248131
0.3929031296958922,1.2641065255547486
0.39597339445864377,1.2939423039097093
0.3989634404775565,1.3237897660073066
0.4019268264469072,1.3536423038589513
0.40490590183375325,1.38349710643608
0.4073637913642044,1.407379852932522
0.41061684288361333,1.4372179448413895
0.4141826830148304,1.4670281452211942
0.41812874132382255,1.4967922773798543
0.42248433228142196,1.5265055767661861
0.4264256285144792,1.5502176825962761
0.4320488137222632,1.579734614079949
0.4383266737831782,1.609103503682433
0.44494071399847096,1.6383410735375412
0.4506307601978775,1.667765852234537
0.45635902584216176,1.6972157656741023
0.4608528683971295,1.7207764652273976
0.4659936332764731,1.7502894194714063
0.47043001653478006,1.7799039052204408
0.47387989708931516,1.8096350689826564
0.47581903541050213,1.8334938804973904
0.477150879223031,1.8633855383804734
0.4772363625206473,1.8933028828648735
0.47602342269278913,1.9231946812444416
0.4736571860816623,1.9530372587576625
0.4704611176009049,1.982815396443034
0.4672411824761829,2.00654877875384
0.4623690291085037,2.036089736159191
0.4565571224230193,2.0654509366584892
0.4496222237269046,2.0945674509689938
0.44183624254474857,2.123490791873157
0.43339094552669416,2.152231903355424
0.4242576859704676,2.1807591854229496
0.4164651621615698,2.203421558174062
0.40620456235295893,2.231576420560376
0.3954712956809751,2.2595536865135255
0.3841905867559856,2.287308781370386
0.3747331608678036,2.3093283634194446
0.36228033878363985,2.3365617339054254
0.3490502762560856,2.3634288413816495
0.3351640862954712,2.3899751867874452
0.320745267796669,2.4162414957545066
0.3058761606291772,2.4422642634328833
0.29070118573958353,2.468132530918443
0.278576271681387,2.4888511157399167
0.2634508504104281,2.5147550937455034
0.24819710633686154,2.5405680885598496
0.23241206245396945,2.5660244750928087
0.21945678782038985,2.586189274109063
0.20282033107100905,2.611113848889039
0.1858441324797799,2.6358286151774677
0.16880751453728243,2.6605346199125903
0.15194146708176498,2.685359853709624
0.13526201378214062,2.710323967992508
0.11902766858175397,2.735589952869651
0.10314312203459465,2.7610598247485845
0.08739344924802628,2.7865987009804716
0.07484827589811958,2.8070633041247746
0.05920012403003314,2.832662747454644
0.04357835860646574,2.858274634353195
0.027930078994003595,2.8838500035140844
0.015171112862631033,2.9041603280968435
-0.0009888007950922299,2.9294121169451386
-0.01739127175974351,2.954513091392598
-0.0339680124126129,2.9795047428675328
-0.05060450578773699,3.0044709208876896
-0.06388971875080016,3.0244672674187
-0.08026641985920357,3.0496316083503023
-0.0964285237630019,3.07490328888889
-0.11271067731863291,3.1000882860329266
-0.12929799282159649,3.125044647463077
-0.14285200717484964,3.14482711731535
-0.1636075342547138,3.1742188989838063
-0.177485931397743,3.1937923776608015
-0.194961006836002,3.2181646822144323
-0.2125606355943034,3.242448514987373
-0.230255060304793,3.26667164784327
-0.2478056952211099,3.2910231722758123
-0.26175145141666456,3.3105596996365114
-0.27914962566111945,3.3349946239424577
-0.29661455761950084,3.359403429831482
-0.3138515388633457,3.3839671752520695
-0.3310580783478415,3.408521268682567
-0.3484434804211321,3.432980936077911
-0.3657698776384619,3.4574451277609746
-0.38334033026385816,3.4817520148451253
-0.4009548172473753,3.506013733964601
-0.41868526011580365,3.5302162077687345
-0.4364927703762523,3.55433468915962
-0.4544629220036689,3.5783473894699487
-0.468894764818906,3.5975182525779124
-0.486957276816996,3.6214711511521553
-0.5050291153213815,3.6454018447935512
-0.5232249501250078,3.6692529775429037
-0.5415157216060064,3.6929953719231183
-0.5601610115221362,3.7164422302234423
-0.5795293748498228,3.73924698005584
-0.5998307026741658,3.761228402561239
-0.6166534924057666,3.778267282905363
-0.6384091364410633,3.798813120233653
-0.6608237868560188,3.818669373341059
-0.6837167186320711,3.8380182388301782
-0.7066587260693182,3.8573758778126126
-0.7294870707625991,3.87680953479206
-0.7526885155453876,3.8958003649320596
-0.7711761520508232,3.9111352863145763
-0.7940502073215734,3.93056515091247
-0.8172097603582192,3.949513567586076
-0.8409900227493217,3.9677325386592632
-0.8651774873188033,3.98541038112843
-0.8897509468246738,4.002504112607397
-0.9150359194034019,4.018455412001348
-0.9411555898117024,4.033023095489252
-0.9676786475436115,4.047060825235503
-0.9941840668637678,4.061031588597181
-1.0155651106561583,4.071971656433333
-1.0419531259824477,4.086364138787446
-1.0678693897686253,4.101602908888765
-1.0933958989173964,4.117424465884246
-1.1185259349319208,4.133949537671408
-1.1426918893878506,4.1519237613829105
-1.1657468956185708,4.171256266052815
-1.1837090080520924,4.187185730330876
-1.206209469036672,4.207000802975419
-1.2290181845170987,4.226441287027222
-1.2518406246325307,4.245962728509596
-1.2741958490838299,4.2660466819618605
-1.2918276542298932,4.282330250345671
-1.314028887198403,4.30247580215156
-1.3363695661420796,4.3224456767889805
-1.359219676848202,4.341833532831887
-1.3821530653506044,4.361189124566258
-1.4051446396209575,4.380393140846211
-1.4241047749884403,4.39490526086384
-1.4493586005483223,4.410626064008387
-1.4762166046279566,4.423671897580663
-1.4982065822747013,4.433197986308199
-1.5257725772592279,4.445093868424572
-1.5531369596332432,4.457475334879248
-1.5802525721688925,4.470410890073166
-1.6070755797006073,4.483904009503021
-1.633753174848337,4.497662152876755
-1.660334447380632,4.5115757073608975
-1.681601089082828,4.522709497387665
-1.7081379109197201,4.536716194912967
-1.7345959317059978,4.550884082800747
-1.7609551777200192,4.5652470692467375
-1.781930660028424,4.576941733031649
-1.808029855727655,4.591769250454436
-1.833969616536965,4.606885722534934
-1.8597003674012595,4.622367363672008
-1.8852034319277586,4.6382090452770806
-1.905469866395225,4.65109913207047
-1.93059692056904,4.6675442036232955
-1.9554935612355808,4.684324694195745
-1.9801252078437153,4.7015004867686665
-2.0045427079350517,4.718972287094382
-2.0238728118687046,4.733239373580891
-2.0524770680173625,4.755180662948375
-2.071189853270184,4.770260447971671
-2.0941812763009873,4.789607086518382
-2.11674079086384,4.8094338337417915
-2.1389287027876813,4.829675952959146
-2.1607474329854908,4.850311907540992
-2.182217141743274,4.871307085390135
-2.2034151765883903,4.8925649640066835
-2.2243352790976907,4.914102439758503
-2.244961675090629,4.935930294545428
-2.26112575577802,4.953713428189554
-2.281076305963591,4.976122275403816
-2.301012262487206,4.998558972203847
-2.320638854849617,5.021283645527061
-2.339977507648209,5.0442582111303595
-2.3588841984235165,5.067606398313287
-2.373541942956187,5.08667123338639
-2.3911413783760813,5.1110355605202376
-2.408160419919686,5.135792215442352
-2.424499374499948,5.161008736315802
-2.440213332284645,5.186630188580064
-2.455037095420903,5.212794289289198
-2.468797336480028,5.239536339511616
-2.4815237782623902,5.266772223748954
-2.491047609320757,5.288856294003661
-2.5021154572693605,5.316807048686865
-2.512353656970676,5.345060773554995
-2.5217840830048353,5.373591948260892
-2.530428377763366,5.4023755583461295
-2.5381578580627977,5.43142459907603
-2.5450060361700624,5.4606913783678035
-2.550904990812264,5.490163597274111
-2.5549970479399886,5.513854625256544
-2.5593844952741955,5.543587295667347
-2.5627459193424587,5.573461378441639
-2.5652746524901264,5.603395074628143
-2.567302917244352,5.633364472165782
-2.5686538059019015,5.663368801440176
-2.5694944144269223,5.693390569984031
-2.569731651399244,5.7174225421370215
-2.5693910521027847,5.747466750288721
-2.5682868539056156,5.777495987363613
-2.5663798771160526,5.807483750860322
-2.563697056430201,5.837409610534139
-2.560318488886798,5.867259235550903
-2.5562517502513593,5.897029505891988
-2.5514727827422035,5.926689583920263
-2.5471899360841688,5.9503367835087095
-2.5412409541703456,5.979782564804643
-2.534535399240844,6.009079894140352
-2.5269772073827217,6.038168433086236
-2.5187501146833577,6.067048379077739
-2.510179768508011,6.095817227095835
-2.5012511575004894,6.124487708892156
-2.491883232170964,6.153015335932757
-2.484124539523368,6.175743801581721
-2.4744109119399518,6.20410759197219
-2.46516296986005,6.232606837388336
-2.4566046839761873,6.261304291781325
-2.4488431266601145,6.290229286732238
-2.4418900918022217,6.319353604053836
-2.4358846462903374,6.3486898607347735
-2.430468653126177,6.378162274204691
-2.4257882945553866,6.407731954452622
-2.422030190808931,6.437443762549955
-2.419557696258983,6.461275036500869
-2.417546879749204,6.491109398900102
-2.4169420949766107,6.521026880269468
-2.4173848937523914,6.550961959548469
-2.41878794234904,6.580878759647824
-2.42065365084274,6.610801855115767
-2.422721371867837,6.6407232480298815
-2.424403432150791,6.664666635116968
-2.4264478357224455,6.694602576146374
-2.428379982374844,6.724547634784692
-2.430196425801369,6.754499858491478
-2.431859383290546,6.784466169015662
-2.4333130426911382,6.814444959280407
-2.4342924287444045,6.838439360709446
-2.4352423474394946,6.868444460682648
-2.4358192029552135,6.898464390338965
-2.4359748885362804,6.928491742154964
-2.4356686265911858,6.9585191216502515
-2.4348769734217073,6.988539012921876
-2.433579682608449,7.018544246689757
-2.432153027447851,7.042529136358561
-2.4298499191817884,7.072477433691926
-2.426936980770637,7.10237521803691
-2.423387849008772,7.132205183516209
-2.4191846241172748,7.161950245889797
-2.4142972677922505,7.191595232750285
-2.4098128997409973,7.215218009049805
-2.403403989324909,7.244583277194687
-2.3960897352017345,7.2737323403374265
-2.388076319596574,7.302671917843727
-2.379971788781258,7.33156866579282
-2.3714091327010687,7.360351116808339
-2.362394710303898,7.388995906007355
-2.3529472999676093,7.41749739000566
-2.3430861180804317,7.44586492132197
-2.3347191640149556,7.468400825146414
-2.323693710464872,7.4963458533529135
-2.3120372144174093,7.524031819840056
