526.7066185976306
526.7084308520712
526.7120512268261
526.7124749158274
526.7124776771843
537.7828332128536
537.7828682040159
537.7829216666232
537.7829442715721
537.7829486335826
537.7829688369739
537.7830054795253
537.7830364840559
537.7830463660985
537.7830751523156
537.7830798688427
537.7830978844653
537.7831067673663
537.783115881112
537.7831195754476
537.7831244596878
537.783126344248
537.783128723776
537.7831301426595
537.7831316469673
537.7831320428736
537.7831328593685
537.7831331015279
537.787268483939
537.7995692363319
537.8165944007982
537.8357818389647
537.8523484049384
537.872323008089
537.8943979460463
537.9162422477224
537.9376393177224
537.9603926909969
537.9835174319019
538.0052004222184
538.0249456275451
538.0423480311332
538.0554495188181
538.0682303335237
538.0796437903314
538.0954954443083
538.1129667309407
538.1273663476563
538.1386978464266
538.1557603262754
538.1744066721708
538.1936131136581
538.2083561295448
538.226607889812
538.24866698347
538.2719667003996
538.2956319088117
538.3190084869641
538.3424880361857
538.3603987371174
538.3817207080797
538.3981910357116
538.4050153427725
538.4081907101662
538.4213634893654
538.4442017296691
538.4730258689923
538.4970852296738
538.5271096415211
538.557153248354
538.587166667868
538.6172198877118
538.6472014702024
538.6772204506001
538.7072104688777
538.7312144094185
538.761184312876
538.7911664754795
538.8211435885296
538.8510867628557
538.8810407714575
538.9050308195251
538.935031162085
538.9650224079137
538.9950123167927
539.0249827557096
539.0549478918172
539.0849293800126
539.1148984307633
539.1388643095053
539.1688396801699
539.1988155695965
539.2287660743829
539.2587193462923
539.2886737589849
539.3186451576571
539.3486154890351
539.3785879501503
539.4025714589893
539.432546936656
539.4625413446361
539.4925107528302
539.5225127439816
539.5525388803873
539.5765809086922
539.6066259291723
539.6366599617953
539.6666715757156
539.6966840608212
539.7266322546204
539.7505163467689
539.7803115394727
539.8102332647087
539.8402192953879
539.8702190796247
539.9002212436819
539.9242422976155
539.954279456302
539.9843064635692
540.0142833731376
540.0442377823537
540.0742204253664
540.1042194385136
540.1282317433916
540.1582555757776
540.1882979885369
540.2183531463868
540.2484497125041
540.2785825057582
540.3087575337627
540.3389287928383
540.369142540923
540.3933386222992
540.4234898610857
540.4535296814242
540.4835123601863
540.513603421052
540.5436517293097
540.5737473936636
540.5978066497779
540.6278973344231
540.6579668125811
540.687971123024
540.7180079565755
540.7480233944374
540.7718394272924
540.801802955595
540.8317773870328
540.8617735140289
540.891561700917
540.915242647065
540.9447860064091
540.9742146686322
541.0037431208029
541.0337471527308
541.0577015666327
541.0876571376758
541.117555042716
541.1475630129075
541.1775366215933
541.2075138143997
541.2314890866674
541.2614537642628
541.2913868301769
541.3213366150221
541.3513150973624
541.3812776811952
541.4112088190797
541.4351737684719
541.4651331181097
541.4950892151186
541.5250267228403
541.5549933385068
541.5789757887844
541.6089559411824
541.6389395213295
541.6689266232992
541.6989097483772
541.7288979899012
541.7588928610719
541.7888872833465
541.8128862071172
541.8428843395768
541.8729007662431
541.9029311154728
541.932953882227
541.9629678937956
541.9869724496795
542.0169822014623
542.0469897924451
542.076994324051
542.1070053878237
542.137009298019
542.1669925055879
542.1909697926702
542.2209657850626
542.2509387810645
542.2809097204434
542.3048713836639
542.3348280630935
542.3647673575575
542.3946874592594
542.424576320138
542.4544441203091
542.4843262711852
542.5142215560574
542.54414885095
542.5681048834149
542.5980350663875
542.6280165433666
542.6580106008145
542.6880043410346
542.7179967589915
542.7479879391789
542.7779849973539
542.8080059044706
542.8380342708408
542.8620817411651
542.8921528685
542.9221192862135
542.9520989791155
542.9820985478816
543.0121157994172
543.036152883743
543.066218976932
543.0962152160049
543.1261941610613
543.1561631813988
543.1861370672971
543.2161155054423
543.2460862592502
543.2700637339834
543.3000388375033
543.3300016190888
543.3599561854589
543.3899268559335
543.4199095046356
543.4498882098618
543.473878005751
543.5038705097605
543.5338513697043
543.5638173278516
543.593699106361
543.6235747511936
543.6474255723481
543.6772298764535
543.7070840011343
543.7370257478856
543.7669578279971
543.7968489239261
543.8267786100783
543.8507245071493
543.880672009739
543.9106366633451
543.9406015423559
543.970582819733
544.0005784744401
544.030612613214
544.0546493361114
544.0846958736611
544.1147353147248
544.1447643681153
544.1747798099119
544.2047658465676
544.2347431436567
544.264707091149
544.2886762231269
544.3186328545222
544.3485972067047
544.378589099702
544.402594872752
544.4326141836251
544.4626421966001
544.4926599622819
544.5226810230329
544.5527141424685
544.5767367113091
544.6067618274577
544.6367744864004
544.6668301376222
544.6969045077044
544.7269862369885
544.7571203658
544.7872517026063
544.8173658547844
544.841433132664
544.8714465180544
544.901465993064
544.9314747831589
544.9614838320643
544.9914855623271
545.0154851754799
545.0454947432431
545.0755205899513
545.105534215345
545.1355110215386
545.1594624552724
545.1894080765743
545.2193466677422
545.2493068179235
545.2792787630265
545.309258769892
545.3392605708943
545.3692681443092
545.3992636323402
545.4292567325364
545.4532441582014
545.4832222165784
545.5132181853571
545.5432260890794
545.5732511663361
545.6032468809859
545.6332355039327
545.6632138733919
545.6932016952115
545.7171898361187
545.747178382089
545.7771701499579
545.8071568606159
545.8371440678319
545.8611401145347
545.8911359847546
545.9211332487793
545.9511303241176
545.9811283215472
546.011105268925
546.0410873989656
546.0650686827138
546.0950417647263
546.1250122093597
546.1549856441394
546.1849587042067
546.2149310873987
546.2449017987738
546.2748767580783
546.2988593847128
546.3288343684287
546.3588074128464
546.3887818155732
546.4187601135674
546.4487406137805
546.4727289369398
546.5027143596016
546.5327016164293
546.5626913352312
546.5926812263917
546.6226728148562
546.6466665598467
546.6766565924396
546.7066469141206
546.7366338861148
546.7666255542475
546.7966194543652
546.8266120172016
546.8566008442243
546.8865865353104
546.9165703065939
546.9465522085603
546.9705374795096
547.000528999185
547.0305302825241
547.0605379965551
547.0905367061116
547.1205252478784
547.150518180435
547.180519744365
547.2045366421016
547.2345538701521
547.2645548792248
547.2945749307158
547.3245896298619
547.3546242014646
547.3846353293229
547.4086439938827
547.4386584701199
547.4686813082503
547.4987145299779
547.5287429411435
547.558758352255
547.5887761109927
547.618784575741
547.6427971035299
547.672810358898
547.7028299429782
547.7328510529419
547.7628629349872
547.7928731836406
547.8168825446038
547.8468920560285
547.8769073838822
547.9069180766611
547.9369349147613
547.9669487650033
547.9909707391151
548.0209892133153
548.0510002606458
548.0810131400359
548.1110401977963
548.1410683572668
548.1710912997718
548.2011048996374
548.2311183796818
548.2551220633658
548.285116760625
548.3151092329662
548.3450906978863
548.3690812592582
548.399068668503
548.4290493720963
548.4590252226428
548.4890055888654
548.5129951694353
548.5429799027969
548.5729645665863
548.602952200057
548.6329404178232
548.6629294925757
548.6929246866176
548.7229250026123
548.7529268256541
548.7769276271841
548.8069279444032
548.8369233479388
548.866912834152
548.8969019157443
548.9268923978602
548.9508812804787
548.9808743066778
549.0108730992255
549.0408731133131
549.0648728037156
549.0948703647734
549.1248657518572
549.1548670840285
549.1848689656655
549.2148674735136
549.2448641695839
549.268860494208
549.2988508259658
549.3288367565099
549.358821541882
549.3888096128505
549.4187925064257
549.4487915912586
549.472813261286
549.5028347156015
549.5328433617666
549.5628478642582
549.5928433289574
549.6168526996248
549.6468702728014
549.6768810882546
549.7069021492845
549.7369124351318
549.7609235553767
549.7909529397799
549.8209775749523
549.8509973268589
549.8810183162664
549.9110610696922
549.9411090571086
549.965151699929
549.9952062964305
550.0252499783275
550.0552897087837
550.0853253284698
550.1153699595088
550.1454253253777
550.1694680920165
550.1995131021221
550.2295528646958
550.2595892461311
550.2836239371982
550.3136646046885
550.3436944160563
550.3737390673847
550.4038087132574
550.4338868300607
550.4579533218104
550.4880590164942
550.51814215402
550.5482286369293
550.5783122939948
550.6083457519209
550.6383825620727
550.6624243254108
550.6924924165193
550.7225542358555
550.7525894391764
550.7826272134121
550.812679795722
550.836765199964
550.8668597662561
550.8969616775198
550.9270864290871
550.957175934464
550.9873003522504
551.0113632846502
551.0414609553297
551.0715685085979
551.1016414230655
551.1316462405184
551.1616213046776
551.1856024316083
551.215594920058
551.2455985245093
551.2755847225776
551.3055642640333
551.3295257477961
551.359462379045
551.3884181269466
551.4153629405333
551.4450864680263
551.4688181686336
551.498803286148
551.5288024251057
551.5588146770463
551.5888327939733
551.6128350764591
