-1.8191792302463414,-7.518000419047378
-1.8305253524296095,-7.541726091300104
-1.8403203595445525,-7.5626039409099555
-1.8450669694215565,-7.573181463065783
-1.8458268733050687,-7.574920974546821
-1.8464215368199084,-7.576295856800413
-1.8471260872475155,-7.57794666671876
-1.8473811180438147,-7.578553716793901
-1.8473799497213712,-7.578552544058644
-1.8473808303948667,-7.578553787960141
-1.84738112162977,-7.578554190610278
-1.8473806110576814,-7.578553455073141
-1.84738076577631,-7.578553438387553
-1.848147850085667,-7.5804047228582245
-1.8507967035507913,-7.587109539465591
-1.8545347180900342,-7.598380633625667
-1.8587747910164971,-7.615819974210602
-1.861602117792433,-7.638455677504246
-1.8608964205528855,-7.664852526462898
-1.8554126331327263,-7.692033371618628
-1.845836734689435,-7.716378685665004
-1.8320612262677205,-7.738962396858906
-1.8145900549715275,-7.758716584918736
-1.7931610426152949,-7.775530717439836
-1.7684403405442781,-7.789295951495089
-1.7420211958583087,-7.799957905000958
-1.7148160765429,-7.809102945142034
-1.691957154742789,-7.816258026744526
-1.6631063135507325,-7.82428945470663
-1.6341181916313623,-7.832120426310804
-1.6053471005136182,-7.840799999577376
-1.576692790713255,-7.849494769729548
-1.547801535390366,-7.857636875246747
-1.5190558591052643,-7.86620042862185
-1.4901851315598107,-7.874280595658971
-1.4613495513565398,-7.882863421672067
-1.433050056722294,-7.892499841355357
-1.4047911602042917,-7.902845236130692
-1.3777746402333357,-7.915328336897338
-1.3521666393221115,-7.929748565246762
-1.3323894937679541,-7.941759371745036
-1.3111813370494076,-7.95630654017352
-1.2907320631430288,-7.971394860199821
-1.270182186926688,-7.9863487893738325
-1.2504775127504704,-7.998760118655317
-1.2364665033671847,-8.00573648413378
-1.2250376420705027,-8.009875160631852
-1.2109392791842135,-8.013895540924429
-1.188758968326926,-8.019288407780929
-1.1650939735100585,-8.024902044212002
-1.1416972739640434,-8.031624379363443
-1.1175047996737304,-8.038809441366665
-1.0903454782969269,-8.046586704479829
-1.0634477755907341,-8.055312702268155
-1.0381696409015124,-8.06347557966942
-1.0146833987636539,-8.070404550796496
-0.9921697321633727,-8.076949437525021
-0.9693071362470947,-8.082438851152801
-0.9507635013745708,-8.086202004287697
-0.9261085210923679,-8.091488008000633
-0.8978469349744153,-8.097344258447492
-0.8686012524404344,-8.103660140342733
-0.8395052060254526,-8.110741185171527
-0.8102882441649017,-8.11697037729677
-0.7808993922551113,-8.122978305871609
-0.7518191393541899,-8.130591725940443
-0.723123591056723,-8.139180776700407
-0.6944653384980731,-8.148129268626452
-0.6664297309380567,-8.15904040052244
-0.6390528588372555,-8.171310696139725
-0.6122250909795565,-8.184947722274378
-0.5867255904470011,-8.20088664999185
-0.5620612125148344,-8.218044842332178
-0.538897408801305,-8.237320708202324
-0.5217558284587338,-8.254185610519379
-0.5009802806819353,-8.275751055926447
-0.47956636807754416,-8.296485812609184
-0.4562296754495083,-8.314788649499778
-0.43162368358192194,-8.328187012641296
-0.40432856046528554,-8.337061737064259
-0.3770412306650154,-8.341862953790606
-0.35197848044689756,-8.343618850943457
-0.3259805624869381,-8.343450863047815
-0.2995006826640434,-8.34215195010119
-0.2725158723796089,-8.341422079368932
-0.24544642432677424,-8.342759327258138
-0.217820992084508,-8.34521346373357
-0.18809886132114975,-8.347419773739539
-0.15838286902843826,-8.347638620901211
-0.12892567337627273,-8.344652130769536
-0.10186556396747641,-8.337548273515637
-0.07607248384400658,-8.326726147317363
-0.05598416767679373,-8.31663422100174
-0.03089593097131314,-8.303714070726283
0.00042101678211340607,-8.290028288970499
0.021646776142701458,-8.283316557965172
0.048504920999800166,-8.277653784487732
0.07750665153570684,-8.273614044967298
0.10576972423406303,-8.27035249552871
0.13359931167670341,-8.265886529405622
0.16034476594642016,-8.258442382512397
0.18448719811984277,-8.247000706154111
0.206375687185727,-8.231930998743383
0.22237734401042716,-8.216493303348868
0.2354653379632811,-8.198504418818368
0.24635448428305437,-8.178985271363024
0.25630070170661046,-8.15881587196285
0.26745809965066464,-8.137119750340732
0.2793293478409104,-8.116381637510745
0.29627180016157467,-8.091681672930234
0.31337710863040125,-8.072952599388024
0.3288026336743285,-8.060891108791479
0.345000259156877,-8.052082695501456
0.3618789219864879,-8.044955346254088
0.3788414729730565,-8.038377259483665
0.3963998269758145,-8.030739219355503
0.41619708345829004,-8.01999459272592
0.4355852662202418,-8.005643849353069
0.4533827260297535,-7.988562729172315
0.470213477238637,-7.970339040431458
0.48547198284575444,-7.9539232232029455
0.49949338420981365,-7.940041334828541
0.510668967531894,-7.930368278235225
0.5197929252107986,-7.923798212374384
0.5290051743367682,-7.9186862407313106
0.5391956398121364,-7.914607064118494
0.5495415318444582,-7.911331352015689
0.559775038608707,-7.90814110841408
0.5696545695258314,-7.904346461068203
0.5808629576641341,-7.8981981963473435
0.5921874534637759,-7.889444297374596
0.6017810616232564,-7.879828807600436
0.6107919949375559,-7.869513242485673
0.6200477392646273,-7.857590530173121
0.6299694551388153,-7.844013297530991
0.6437238434867244,-7.825252021502408
0.6588770805867133,-7.806486298506848
0.6752018978646557,-7.788930574564809
0.6922026179959397,-7.771588381064392
0.7125267537286933,-7.750175751627184
0.732513749031852,-7.729152242826408
0.7529127285305678,-7.707370302888143
0.7711900721242789,-7.688475311232153
0.788151954025054,-7.672083211450929
0.8006153332568217,-7.660024200595166
0.8159493270321209,-7.644682120730615
0.8310731596564079,-7.629947311345006
0.8474682825842366,-7.614583297758068
0.8637839966449374,-7.599193028081198
0.8782284664090816,-7.584720696232894
0.8948601424130278,-7.567363499772766
0.912055729826521,-7.548603063751666
0.9303155853465084,-7.52673617573868
0.9486497459941479,-7.50306893410751
0.9664125068708914,-7.478909028778201
0.9836656991367376,-7.456265415656982
1.002555810986185,-7.435101025590621
1.018854441871518,-7.419994534098031
1.0407989240214097,-7.401573428214643
1.0645191502524893,-7.3832040788351065
1.0884563174011257,-7.3651641084903
1.1121362717590695,-7.3470142750777745
1.135566756964633,-7.329558634007307
1.1592641752642425,-7.311236868157693
1.1824974428904238,-7.292346026666933
1.2055100512525383,-7.273124636170527
1.2268088363334437,-7.255403926262641
1.2484750476558357,-7.238176773870192
1.2686730565047781,-7.223369459730291
1.287982707084268,-7.210055332400508
1.3060230376958373,-7.196978194417483
1.3219158272260567,-7.185243970526913
1.334539171591267,-7.175796821362278
1.349266795671939,-7.164296440055884
1.3637728860154572,-7.153372834929038
1.3766358154856704,-7.144043409807939
1.397160383684559,-7.129626994416985
1.4190652450653287,-7.115042223584424
1.4423658814226705,-7.098871170045855
1.4635861583551948,-7.083655608605037
1.4812605089737652,-7.070675078310319
1.5001469830017222,-7.0560549459833055
1.5227223215021164,-7.038631918408372
1.5462339169967876,-7.020234819591304
1.564975437919973,-7.005269003070329
1.5883278209565566,-6.9865157687394674
1.6118928328493307,-6.968113439772848
1.634672636365684,-6.950559976562429
1.6582805974288597,-6.932683594283125
1.6828187895940125,-6.915283354934112
1.708062477431031,-6.899168691399727
1.7335600518257617,-6.8849032902332015
1.7589117489644246,-6.871754172932594
1.7844527592207649,-6.857510473918464
1.8094754474737753,-6.8412210682248356
1.833714612707091,-6.823604571340894
1.8583170393421755,-6.806277277700905
1.8840467676857857,-6.790633353599939
1.9104327865206057,-6.776184283079605
1.9319269580029823,-6.765446696492438
1.958544247179291,-6.751779287032193
1.9822240772626423,-6.737922538445359
2.007146455665646,-6.721391372670006
2.0306895763819,-6.704881684879413
2.0534277334245274,-6.6876207130552014
2.0744096308152518,-6.670163517515806
2.097076170847027,-6.65069770705065
2.119227752203769,-6.630683768684355
2.1414338999666707,-6.610570465148441
2.1624322256820787,-6.592217573882035
2.1823833173185188,-6.575377627712763
2.204013054734467,-6.557549929977722
2.22211112696259,-6.542728298180404
2.2430812434520777,-6.525681587823972
2.2611437360937874,-6.511106570209358
2.280964474715953,-6.49519625018509
2.3007560469120953,-6.4794732804324715
2.321882483571333,-6.463022153044576
2.34549141101828,-6.444506341835599
2.3691581048903894,-6.426077719536864
2.392679414504467,-6.407461043435891
2.4164995360351877,-6.38915141031004
2.439566959812803,-6.371909133660422
2.4591213703067885,-6.357029720510456
2.476296292348273,-6.34308414606036
2.49252244862698,-6.32865872731261
2.5074763965847198,-6.313316814354291
2.52151314482509,-6.295027808771142
2.5334166484423943,-6.274523611316336
2.542335233210777,-6.254284830564603
2.5495479235510143,-6.230462121561749
2.5538301057138346,-6.20604535068518
2.5559575316636893,-6.186198390739856
2.558405448253515,-6.161250603148434
2.5622327106868488,-6.13635282063274
2.5690669254431,-6.112217570138481
2.5793134844586105,-6.090266969354046
2.591733379672117,-6.069606339303223
2.604799280922301,-6.049497375947954
2.616700500849391,-6.029816450521477
2.6253061692733106,-6.01325610346215
2.634686927819266,-5.991026427398228
2.6423583021655586,-5.968273013618885
2.6499082794861692,-5.945341101546557
2.65945519706768,-5.921390592494679
2.672818765383236,-5.895245081592123
2.687989866397222,-5.8696667490295376
2.7033789226345672,-5.844014324745994
2.718437710654534,-5.81826418877867
2.7332666604609543,-5.79274868342687
2.747905390231009,-5.766899482523851
2.761795270387924,-5.740583463959851
2.774788266626739,-5.713601200706092
2.7871506616439654,-5.686304687836886
2.7995328669512713,-5.6589567571013575
2.812167202667119,-5.6317266661386665
2.824985336458635,-5.604602857262177
2.8350973327804514,-5.5828574050852815
2.8474265742281175,-5.55553651765728
2.859647277845999,-5.528102303217482
2.8730714443465604,-5.501147487070313
2.888267407784421,-5.475170038650686
2.9041601049412287,-5.4497115586689215
2.91981184783407,-5.424426078409305
2.934575391376722,-5.401257221929921
2.949244911337876,-5.378691902077478
2.9627041403347705,-5.35798970246674
2.976458367028984,-5.335965528605179
2.989116418413075,-5.313394179861679
3.0009756878033103,-5.291258233364016
3.0101209767527637,-5.273803484036926
3.0212321636484645,-5.252727447338747
3.0326812544373856,-5.231622640703347
3.044844911525636,-5.20931527475772
3.059143518031263,-5.183750485504893
3.074000488634466,-5.157699198648881
3.088986937491562,-5.132654518478651
3.1042269208075735,-5.109280395583957
3.1207096795553095,-5.084782090903869
3.1374507587756395,-5.059890583969443
3.1508121955848507,-5.039957904171604
3.1703085082640396,-5.010055879798555
3.1823844758722255,-4.991361148732894
3.198859379970014,-4.967358686343324
3.2170525389029785,-4.943406830088327
3.235195789429155,-4.920638434334263
3.2531841799781724,-4.897682100698364
3.271299762812362,-4.873871035286219
3.2891020771060586,-4.850827550977928
3.307571302141583,-4.827716336705497
3.3263206748627123,-4.805638071723759
3.3458070372312982,-4.783912165750803
3.365922447703076,-4.762133343244002
3.386566074771492,-4.740522993967778
3.408126793082157,-4.719661510582523
3.430503697390175,-4.699577656572037
3.453607569389958,-4.680533373990027
3.4776453977300616,-4.662456023218814
3.5022927260988963,-4.645405914663328
3.5271657746669627,-4.628679672452947
3.5468607122182187,-4.615069998036944
3.5710292628127545,-4.597380416343798
3.5949516809303583,-4.579300530819665
3.618122303647473,-4.56122902690476
3.6400086329232884,-4.543295934690207
3.658594066498683,-4.52675811515152
3.6787245573555807,-4.507398342272672
3.7000583268407534,-4.4864928836789035
3.720025525367158,-4.4666120521612305
3.739380617735954,-4.44709790559375
3.7576281179920827,-4.428544396551894
3.77216721090979,-4.414052953690077
3.791588883340058,-4.395345511760768
3.809640547446461,-4.377697981461128
3.827129845776717,-4.360655355382303
3.8466707561741615,-4.342196224306071
3.867274799022396,-4.323002104811029
3.885232236718609,-4.3066356277532405
3.902534298883295,-4.290280813057662
3.9196490426048096,-4.2732256146498555
3.93550449714208,-4.2574511743929655
3.9468701347216855,-4.2462226957194416
3.962188884364479,-4.2312953702396054
3.9810793131061284,-4.212930259885953
4.000607261883929,-4.1936801331891775
4.020149413497698,-4.17363975802674
4.040412279845459,-4.151611362699944
4.059702427811147,-4.12909436191667
4.076643216334947,-4.107387214783303
4.093054476883378,-4.082814911545223
4.107986128208144,-4.056926761047166
4.121347881814205,-4.030201838453655
4.132867564686798,-4.002661042618944
4.142447155557791,-3.9743671557944604
4.149992806872499,-3.9454949028121606
4.155124250444192,-3.9160910232354094
4.15879788918043,-3.8863457815261606
4.163033678982335,-3.856546593892609
4.169742598045717,-3.8276022112909827
4.176166912963581,-3.8097665045417486
4.184056204183848,-3.7944794691767925
4.194201761997298,-3.7810243433977018
4.208269044528897,-3.7680603630285834
4.227908776137002,-3.756012102923359
4.252852998103272,-3.7460119397105607
4.27866092739179,-3.7389367042487414
4.304632895161424,-3.733034311465567
4.330319323825601,-3.7265216861311123
4.355248321757301,-3.717620501813628
4.380865555353688,-3.7038085671996446
4.404306971668435,-3.685784150485785
4.424906430383648,-3.6645846152465635
4.443872030426941,-3.641726414470716
4.458875606276897,-3.623177207426265
4.478758142853361,-3.600715499439194
4.500141139196552,-3.5795537281474323
4.5213525293232815,-3.560168758214787
4.54478517950372,-3.5414946958682303
4.569072700427351,-3.5238531501844768
4.5928288678641485,-3.5057230148522707
4.6146994150211444,-3.485569736185404
4.632515897268368,-3.4635535236282164
4.647163966677728,-3.439293843883826
4.660134586666608,-3.4139385790802916
4.670451560191962,-3.3935172689790956
4.68473789920659,-3.3686166750115905
4.702347500108059,-3.3446502517202465
4.723179417823879,-3.32273755575362
4.746343274293864,-3.3034439252058627
4.770324139137592,-3.2853799611581675
4.793833528722343,-3.266909944148348
4.814261855841811,-3.2486262995280977
4.834082464580651,-3.2280235730584446
4.85314264073964,-3.205207912921551
4.871215642005994,-3.181408337834396
4.889086110031511,-3.1573331387221137
4.903004997364967,-3.1378468292810098
4.919640918507994,-3.1129538098656178
4.9355849328517385,-3.0875967381130893
4.95118663625028,-3.0619818953840623
4.966680871509819,-3.0363030972661935
4.9816190665014615,-3.0111315540579655
4.994184227823457,-2.989196841138462
5.005069028903151,-2.9693851950575816
5.0140992168451906,-2.9522115892407927
5.0280731669112555,-2.923514624679485
5.037951655976591,-2.902089605992873
5.04979342500758,-2.875272084496363
5.060676762974499,-2.848424491247475
5.069393214864954,-2.822712196866063
5.077295648439652,-2.7959785022623285
5.0842936807147066,-2.7669176683764403
5.089553363248744,-2.7375736579340297
5.09391945028521,-2.7080153458196516
5.098883454781236,-2.679412651424075
5.104131415994918,-2.6535258805768533
5.109075168312381,-2.6304547541311805
5.115056959231404,-2.6053912905548327
5.121294218544644,-2.5808614871724305
5.128755954585675,-2.556398266534873
5.139359319121979,-2.5320125305127212
5.15552350034187,-2.507326896874863
5.171896703143931,-2.489472570626335
5.1950688933441524,-2.470163139802688
5.219702406419603,-2.452959904806385
5.242660518486044,-2.437579649271136
5.264224351499049,-2.4231280387877216
5.284771360178119,-2.410124964814333
5.30758486790167,-2.3964941374947086
5.33282568451795,-2.3820143904791307
5.359690168577477,-2.3683943347797127
5.387634499660872,-2.357037703924934
5.416495507716791,-2.3482940532113576
5.446127992381226,-2.342421120796419
5.470158875409456,-2.340229757733135
5.500188734331008,-2.339086206820224
5.530080208768564,-2.3377762907183106
5.559347264050056,-2.3342988251323056
5.586409061513197,-2.3272365707231017
5.612445752594938,-2.3158859205120037
5.63781847689012,-2.301758884514574
5.662816704934754,-2.286860996098568
5.687145808605259,-2.2721418676970035
5.709106145341349,-2.2575295903253387
5.730564346360826,-2.242474396874684
5.746945092923475,-2.2292695936913494
5.766815578278259,-2.2095575404801284
5.786021406353632,-2.1876143712494116
5.805016662313898,-2.164490223806344
5.822263114854797,-2.140194547247574
5.836862634246493,-2.1142190288477196
5.848936416815042,-2.0869243052192097
5.859644170078215,-2.0593832802567036
5.870432287983838,-2.0316079227507022
5.880871029894816,-2.00392973633429
5.888985317382891,-1.9827890667999697
5.899000794575933,-1.9571470889175402
5.908921007302742,-1.931926657111763
5.918871783792086,-1.9087148691620042
5.9307236139841715,-1.8844682966481023
5.945141959787219,-1.858445728336342
5.96014544728163,-1.832467312792293
5.972036183687416,-1.811633685349583
5.986587702608489,-1.7854300738664675
6.001020593440337,-1.7591183253044318
6.0154304204976565,-1.732841461576789
6.029225515684564,-1.7062543069179397
6.042769411290914,-1.6794615384748575
6.057401497704892,-1.6531357940236215
6.0739420967395965,-1.6279650814704014
6.091509331478041,-1.6035930893087367
6.1094399957768175,-1.579528811474203
6.126883322475721,-1.5552412772697342
6.142812753336737,-1.5299309099218183
6.155258615228171,-1.5093837829153665
6.171671718340315,-1.4841826082726715
6.188748449493931,-1.4594874810882887
6.205710253330701,-1.4347707809368822
6.222395095245235,-1.4100950068011544
6.239324515873574,-1.3854082326249242
6.255479781122039,-1.3623215858954627
6.270499701240351,-1.3404007668727373
6.2836462705670435,-1.320837596557023
6.296454362722597,-1.301786810081581
6.311133818700994,-1.279333378748793
6.3259209144457165,-1.2550894386905322
6.339486192356126,-1.2321355611572413
6.350463352667771,-1.2140235584272037
6.361857045379363,-1.1959889548700373
6.370612652042714,-1.1818493412232725
6.383261773418517,-1.1601282979215504
6.392744401183602,-1.1440239718534453
6.407467900680285,-1.120354313848087
6.42277304765157,-1.0951907787768616
6.4373977013159385,-1.0697410916122463
6.451084965363438,-1.046728094650044
6.463618978795508,-1.028092426484776
6.477852951274095,-1.0087406359327054
6.493719016405976,-0.987351280573966
6.509522462170265,-0.9661740247127207
6.524428650072954,-0.9478138187840901
6.5404335740587305,-0.9298835971762263
6.557234769564746,-0.9127441513554204
6.571541110467708,-0.898384331578878
6.591794744649853,-0.8772110740207538
6.6059475536577645,-0.8621448968949162
6.623768461046425,-0.8432224576224043
6.642504255120473,-0.8237688638139625
6.661326551861954,-0.8048241786910034
6.678182683728537,-0.7879618464675764
6.69481386236124,-0.7718199088364801
6.714388897760606,-0.7541171786553146
6.733486690534687,-0.737911700398377
6.751583404789294,-0.72372894715092
6.772452629543918,-0.7087793699132731
6.7969513082245205,-0.6930845009824503
6.823015559007182,-0.6780276104365327
6.849859865045737,-0.6644365217330186
6.871588410966736,-0.6542063366639025
6.898864728513671,-0.6416849769051194
6.926164473788927,-0.629231658411319
6.953500867019017,-0.616886379704369
6.980639421997423,-0.604176046299649
7.007329568382969,-0.5907201855077037
7.032601453424571,-0.5755120266403251
7.056697039981488,-0.5594417784314395
7.0802700861505645,-0.5440732861268314
7.1046326944755185,-0.5288535077787673
7.1288858059031215,-0.5125866294828348
7.1524451485530625,-0.49426966203328077
7.175000620351264,-0.4746450544982484
7.197015696117337,-0.45430779511229363
7.213904307785729,-0.4386724857379588
7.235346909169174,-0.41948594883999524
7.255870351223256,-0.4032956234989776
7.278491251047336,-0.38775701485054725
7.302396213399363,-0.37323230046438766
7.324345863800869,-0.36234557223580516
7.347915873357899,-0.3523869642623242
7.371618288662224,-0.3423085913335835
7.395068122613436,-0.3317494840429219
7.418361572349013,-0.32088862208505897
7.436448404578083,-0.31117697975879227
7.456778843992611,-0.2994047364037384
7.469604985415553,-0.2918159425452258
7.4789069268840835,-0.28613225059782726
7.492020979559923,-0.27825327098480646
7.509298270110468,-0.2679115501707515
