-3.4895420818287204,5.141031283077045
-3.4692344177319097,5.126559080963123
-3.450740116133971,5.113857928332317
-3.447913697301766,5.1120284910967575
-3.4454089883993526,5.110438599561268
-3.4432298723489403,5.109082208093382
-3.4377314534674506,5.105800587878325
-3.4354927024782413,5.104547595187446
-3.435492768212964,5.104549089177902
-3.4354928866364656,5.104547846415544
-3.435491729866845,5.104548820252525
-3.4354925598882704,5.104547958118297
-3.435141878993421,5.104356985926038
-3.4295182986300388,5.101243727308267
-3.41913143967702,5.095191680911616
-3.407101784146044,5.08703122088018
-3.391747636068517,5.07389804332877
-3.376953977983807,5.058357235724795
-3.3609454105349394,5.039897471354807
-3.3417891217466194,5.016890374229748
-3.3232613534025797,4.993452703171839
-3.305757357179571,4.969309983873834
-3.2899418870627644,4.94365530745445
-3.275797904891773,4.917159837089926
-3.262057617323405,4.890775344091899
-3.246849272858783,4.865203073095422
-3.2296055011164624,4.840811334108372
-3.214888797673571,4.821921736656366
-3.196272574782741,4.798345546190253
-3.178727246956346,4.773872700696083
-3.16268696631517,4.748395921395798
-3.148465880591064,4.7218204177580105
-3.1362726896746396,4.694786994989195
-3.126473355880929,4.669831442415957
-3.1178134506157984,4.644061186085809
-3.109402948518819,4.615679980217949
-3.1010723167187466,4.586868638303327
-3.0922655308045903,4.558244034054796
-3.082822575665028,4.529782296119023
-3.0738589047048457,4.501216835369613
-3.0664280883100763,4.472025973613434
-3.061185673766007,4.442383967370317
-3.0577398757916967,4.418630653958429
-3.0526498189378284,4.389186133575754
-3.045456554547174,4.360183093829534
-3.0372654782778747,4.331329940468141
-3.029582703971737,4.302266066309895
-3.0230696467622087,4.272894610908052
-3.0182147442754688,4.243184593536325
-3.014728738529671,4.213680222028959
-3.0118254569717697,4.185507578979589
-3.00917645380358,4.160818547599945
-3.0070802249130058,4.134628383866534
-3.0061110820168917,4.115143668423545
-3.0055391138258165,4.0932022541583795
-3.0048943226233202,4.069870892562155
-3.003759784982522,4.044169665384821
-3.002279272948754,4.017642796234483
-3.000450904169088,3.994662283586374
-2.9976095230798574,3.964974256662898
-2.995230703166725,3.935224401920958
-2.994605982078879,3.9051211057504664
-2.995676019693219,3.875038197047303
-2.998301501108279,3.845076919714418
-3.0018857482737733,3.815262617315653
-3.005504728199961,3.7854866597111188
-3.009035949847541,3.7557106394564133
-3.012197186552707,3.72590224014741
-3.0149215792663755,3.6960681902702466
-3.016498662042838,3.6721611127508593
-3.017647613810513,3.642258742962699
-3.0176190689707,3.6123261227857837
-3.016648529490613,3.5823945185057693
-3.015246645886181,3.552433057001309
-3.013592645018555,3.5225187619641156
-3.010855957970814,3.492743113850166
-3.006183465322053,3.4640308228459427
-2.9996539381017278,3.436116758442344
-2.9923921319012123,3.407612764231065
-2.984672630431814,3.379076527481824
-2.9766876885421003,3.350729620873654
-2.9696145445399345,3.323204092888209
-2.963221952149526,3.2972652783960963
-2.9566302959846014,3.2713486063882655
-2.949420235166417,3.2435219824946975
-2.9423655337839287,3.2161921830115188
-2.9359300582955066,3.1914380147224146
-2.931251685117348,3.172094577894278
-2.925816308486696,3.1471246309515264
-2.9202803816552225,3.121985354262808
-2.9127996786101855,3.096320466374603
-2.902341946823117,3.0697715322958135
-2.8909090724711364,3.0434758009699485
-2.8803251444966835,3.016643540591737
-2.8717859739757374,2.988462902862525
-2.8648818571416337,2.959363793738259
-2.8581859207070273,2.930392855022026
-2.8500840715649653,2.901813755553566
-2.8410553118883954,2.8738049714791885
-2.8315400857586983,2.8460489344687283
-2.8233581176395885,2.817744794257734
-2.818566669274251,2.788585219212516
-2.8183658974415358,2.7644981124077637
-2.8222209171976638,2.735338781182351
-2.8286899284607103,2.706765648669549
-2.83549967719632,2.6795904764990177
-2.841656751597383,2.6540494285999356
-2.8474648737037174,2.6272981157987627
-2.852121096214321,2.59877596382374
-2.8541649628629093,2.570722752470746
-2.8520996790435387,2.5435132556658213
-2.846076563919524,2.516903118661667
-2.8379024298481323,2.4907226548456998
-2.8310384119530387,2.469782022127918
-2.823595015051457,2.4431458481411985
-2.819039110858401,2.4158078517127066
-2.81688504823532,2.3873662469038903
-2.8168023913376574,2.357474813329587
-2.818659651152692,2.3274755632851583
-2.820483027282414,2.2975782648831897
-2.8218723966685757,2.2676147913547045
-2.8228748613633243,2.237674864035034
-2.8233263327338767,2.2076950927106367
-2.8237398872010844,2.1776910812692436
-2.824078242424455,2.147727065736286
-2.8239025456325697,2.1178069965788517
-2.823590858919341,2.0880236476681278
-2.823105492180692,2.0580856358673874
-2.8227034698220956,2.0340949825647283
-2.822507374539038,2.004065665143763
-2.8223024377174495,1.9740930670355248
-2.8218903532630812,1.9440989320658768
-2.8212940422685953,1.9141135359519648
-2.8204411523624935,1.8841547886726726
-2.818949705975389,1.8545362690018716
-2.817439338040249,1.8247919851695447
-2.8167793346199526,1.7992964969701741
-2.8166886291865856,1.776932137343329
-2.8165131278823488,1.75532196782636
-2.8170555876326704,1.7288977687661735
-2.8190085266250557,1.698941982331084
-2.8217513044204723,1.675093275010326
-2.826170743126525,1.6454597700187958
-2.8311088910651887,1.6158156237619459
-2.8373018113775457,1.5863782875710868
-2.84415259570787,1.5571907366739859
-2.8497189117301938,1.5278710867399916
-2.8521387063947534,1.4982107965535907
-2.851797631250823,1.4683257693003393
-2.8507218636313794,1.4383260265049542
-2.8502774056092828,1.4083087060268336
-2.849392886786944,1.3783818563573933
-2.8477672619139796,1.3484806076268858
-2.8444126094924247,1.318847415849826
-2.8386700871464248,1.2895027377549697
-2.8334439258386697,1.2662268294742955
-2.825730484866788,1.2374742186854932
-2.8159464068090663,1.2092217668783434
-2.805617143737318,1.1810216378657805
-2.7960572235043077,1.1525375581895703
-2.7881932389939843,1.123412379340153
-2.783696922931149,1.0935589413988298
-2.7815285260458733,1.0635362038497653
-2.781630126770796,1.033345546457708
-2.7851924457609982,1.003388323543797
-2.7905577592606936,0.9738249586048113
-2.795864363095642,0.9453868511299648
-2.8005658220644616,0.9202993127374849
-2.803629659463006,0.9003334783440542
-2.805576412895015,0.8747973142689722
-2.806338236074089,0.8480167402649618
-2.807445752292986,0.8186691164907478
-2.8104181697378303,0.788676154725037
-2.815146896206586,0.7590040860730702
-2.8196197785382244,0.7294198034734526
-2.822479699221741,0.6996864164164805
-2.8234800354174956,0.6700285574583469
-2.8240272572630616,0.6402984046519026
-2.825312683728964,0.6106173043378708
-2.8259263875828657,0.5809859115591157
-2.826263844576507,0.5571905781603751
-2.8273682117909678,0.5286867042069168
-2.8286287974314983,0.5048861119585939
