-2.006169437259175,8.514768417731338
-2.013616415795119,8.492017193758944
-2.015336830729023,8.48629473085448
-2.016872448687814,8.480936229993778
-2.0182275475814335,8.475941835537382
-2.022724561897179,8.456583363486278
-2.024214473334158,8.4478551577983
-2.0249006762250876,8.442195179248595
-2.0250022221786934,8.441146830389926
-2.025001244188414,8.441146411705999
-2.0250017303128782,8.441146877581232
-2.0250385992955113,8.44074913260366
-2.025668241303741,8.43388056118597
-2.0263415470950306,8.422800015756897
-2.026441535031996,8.404681903352362
-2.0252415641195602,8.384914297237156
-2.0210762624606384,8.358139886588958
-2.012340507133045,8.331081393091257
-1.9993655010087132,8.305043361611522
-1.9832545250399831,8.280746447626948
-1.9654530127574443,8.25747736377753
-1.9475714107557291,8.234007132630614
-1.9311272941549145,8.209108651178141
-1.9187124352896654,8.186377827162074
-1.9075852592747673,8.163734635949622
-1.8955626342216645,8.140340021123448
-1.8815213789349639,8.117297785292818
-1.865024988930924,8.094130633023333
-1.8475177013482322,8.07100087925203
-1.8302167376169414,8.047148417819498
-1.8131600598257556,8.0222969417249
-1.7968275381011394,7.997101853987126
-1.78104588494191,7.9720786841739795
-1.7686789016493787,7.951540356122319
-1.7580699288178998,7.932888904594186
-1.7469041984207399,7.912909299576868
-1.7346945326952419,7.892005473056706
-1.7194878962327302,7.866508488136018
-1.704651250150128,7.840408433898319
-1.690499024764631,7.814409399040541
-1.676746225365701,7.7903064151483035
-1.661678455662857,7.764916708860891
-1.6498978613243784,7.7441030796144155
-1.6355682653600148,7.718165501317148
-1.6203896491503076,7.692738300389734
-1.604110846527211,7.667560780369486
-1.5878811634440497,7.642313578076593
-1.5717701469679901,7.61700007053582
-1.558340313898411,7.595613030966322
-1.5445680471371694,7.573588216432015
-1.5318227883900455,7.55285270886454
-1.5195428800310145,7.531286104074826
-1.5067709023135087,7.506434085325191
-1.4937868506802217,7.480029908883898
-1.4810372231159195,7.452886306570514
-1.4683142232812998,7.426122158585392
-1.4562902790331549,7.399997252393829
-1.4462791674472357,7.3740800385238945
-1.4368420970045384,7.345585107273188
-1.427983377307148,7.316865506837649
-1.4201031526430752,7.288329823929947
-1.4141176573526302,7.265290720768312
-1.4058822385907257,7.236583414059304
-1.3963393763117014,7.20902816354203
-1.3861806153236884,7.183309654327831
-1.3751668342384789,7.1563501366907145
-1.364498101056025,7.1283338475558775
-1.3531363668138026,7.100673680937112
-1.3405336103443224,7.073506874103618
-1.327555810658877,7.046462840621082
-1.3160914059669748,7.02236615370311
-1.305537632035538,7.000341172925384
-1.293629417599779,6.976308040486684
-1.2802237628361561,6.9500997867090115
-1.2661758919562858,6.924200276734092
-1.2519561322467245,6.899976651746062
-1.2395610307248925,6.88100823784008
-1.2259396195335142,6.8628431350547885
-1.211390000595541,6.845384643393639
-1.1945809049407423,6.825712514700785
-1.1758741083019266,6.804091139589883
-1.1562727688228427,6.781371820832865
-1.1369167898136658,6.758450267922745
-1.117248099087513,6.735879648988273
-1.0965458059434077,6.714308153548185
-1.0794416825323114,6.697485938792675
-1.0584268640739005,6.675936055946754
-1.038868770397429,6.653048949808431
-1.0205391667427237,6.629168385183491
-1.0039163263667608,6.6040340671555064
-0.9889934834100775,6.577896459579724
-0.9750335935301491,6.551290831236467
-0.9618412200895944,6.524896225900409
-0.9486735066209521,6.498075760045723
-0.935760558442608,6.470953474227786
-0.9233535072708243,6.443605348824089
-0.9116103850616587,6.416983898692119
-0.9001137857819606,6.392037151613279
-0.8918267288492461,6.375093822364861
-0.8808927547581957,6.3545770557241035
-0.869796457907073,6.334683756001432
-0.8601093737572939,6.317513427527857
-0.8511507865161676,6.30160321408055
-0.8423421743455515,6.284524388024795
-0.8318448202667608,6.26115289928193
-0.8221301287679293,6.235653939932207
-0.8133214233641424,6.210792681331583
-0.8042462336923966,6.183138545934625
-0.7965971987199242,6.157352408341476
-0.7898561402700032,6.129753330396978
-0.7842163892725145,6.10054395032943
-0.7800428678243343,6.0718028040931085
-0.776797007976808,6.042580311372766
-0.7741722498793192,6.016401167348119
-0.7715114507599087,5.991501622643867
-0.7692075207082364,5.965252948750666
-0.7668058684620815,5.938867474640698
-0.7625444189635755,5.909376708097097
-0.7571207974235296,5.8823403288305
-0.7533819316044639,5.866813836943247
-0.7488651225277029,5.851235491209556
-0.7446574972872384,5.840344990016121
-0.7414652902695951,5.834276880389194
-0.7386237349954262,5.830341160784715
-0.7348171029725382,5.825986929976988
-0.7266576314072396,5.817526304595062
-0.7155235468500118,5.80639548104131
-0.7039339995715119,5.795148359270736
-0.6893090242645049,5.780730924151476
-0.6733687780804561,5.764057503366663
-0.6595545069761646,5.748861577258008
-0.6452634482680967,5.733393051215933
-0.6285253763867523,5.714845939888991
-0.6126582745698972,5.696238226577426
-0.6004927029344242,5.681056368783652
-0.5859020767251713,5.661207330920865
-0.5719230822594069,5.640926158698482
-0.5585876354373279,5.620644500352511
-0.5457737935460348,5.600636138395503
-0.5332545143417285,5.581086359368894
-0.5207994398909895,5.56171672917367
-0.5084345058676482,5.542258616522311
-0.49694285514102204,5.523877566894876
-0.48523176459342005,5.505241254679362
-0.47011342142304674,5.482094598622348
-0.45287266504216817,5.457625981121763
-0.43495577240837996,5.433603326650993
-0.4172459318134887,5.41092871487561
-0.3987521599843378,5.387488654716049
-0.38011533989235025,5.363990566002093
-0.3651047856204328,5.345237961118867
-0.34708764948407894,5.321133635084103
-0.3302857371997051,5.296217583682803
-0.31399669401089786,5.271512160839958
-0.29780830282457293,5.246387316676596
-0.2817260304786109,5.221042513060114
-0.26656721703489067,5.19652726347735
-0.25553848549761116,5.178270265988416
-0.24398977673775354,5.157492459104222
-0.23085991268564654,5.131537736729518
-0.2182222385120562,5.105331405939798
-0.2055119075016964,5.078655582167051
-0.1924054053382256,5.052381288621769
-0.18089715084515148,5.028955927782884
-0.17073531425550764,5.006903511317405
-0.16005264536455457,4.981272075274575
-0.1507911828439658,4.955839348457267
-0.1445759008836833,4.937588870170558
-0.14037800456965324,4.923567248463536
-0.13629197769712073,4.907335360350817
-0.13253925246707138,4.89224190641853
-0.12797976416124873,4.874461235813287
-0.12385554787190871,4.859062413749669
-0.11919419713720673,4.841271717120929
-0.11415561990502229,4.822263789727665
-0.10678169749855494,4.794893718505719
-0.09884924727418676,4.766922868161559
-0.09176271580511909,4.7410644745239585
-0.08560931756809795,4.715937371810284
-0.0797668528126375,4.687174720438408
-0.07544016664800986,4.6575273626166815
-0.07324464724637658,4.627461132217752
-0.07377155055634718,4.6032968140572015
-0.07766566756365861,4.573345988204021
-0.0851097577991945,4.544062648256734
-0.09583327301041035,4.515869890604717
-0.1081275601804522,4.4884609662755715
-0.12013929647811254,4.4614333666911845
-0.13064574704199078,4.437876484985854
-0.14173951239210558,4.4121127540974445
-0.15172021707949201,4.385197821509975
-0.1585192578382169,4.357281220337924
-0.16206845450448604,4.328556566527305
-0.16377114387738884,4.298725699860898
-0.163408766831519,4.268909916155518
-0.15974164927633097,4.23935231531385
-0.1539192630930281,4.209995859812912
-0.1473203666754686,4.180774298083701
-0.14020252133899266,4.151668465448822
-0.1332183039706316,4.125096188602386
-0.12604747073901026,4.101332366847361
-0.11682151427285975,4.075570206462149
-0.1061408597263525,4.049169460587237
-0.09488931220063643,4.02265087637688
-0.08410568477677428,3.995504708760444
-0.07742886422756988,3.976919858756386
-0.07115138918101423,3.9573583869816105
-0.06602032297652624,3.9387956257973893
-0.061448253042227924,3.920665496740723
-0.05570518749572066,3.9012423031930394
-0.046190347323328294,3.8763367190573073
-0.035519414284720704,3.853324922996784
-0.024435706436820043,3.8318685664692103
-0.00979377787980447,3.8063234594160833
0.006436950508273783,3.781316451588812
0.02439847848036287,3.757682381176625
0.04393720466558513,3.735160572002673
0.06385659175877685,3.712740694972233
0.08366479378737345,3.690248203986565
0.10431781502030699,3.6686573200497907
0.12361794444464108,3.651428313571612
0.13716212857676477,3.641504023680655
0.14993072711321614,3.633669524400413
0.16292117816653853,3.6259402508658924
0.17787879414321442,3.6159656835768295
0.19410481916983124,3.602833001816461
0.2103911983340444,3.587240544573509
0.22791650762634422,3.5691010948363338
0.2427149580585682,3.551840813819203
0.2542222803038388,3.5366450591650875
0.2696389594410166,3.513175339726898
0.2828317363408518,3.491643624350736
0.29417168062983906,3.4740169857803664
0.30611170416292616,3.456079675861077
0.3163555040385189,3.4408936186405916
0.32872787152451327,3.4230566012709334
0.3419553631969196,3.403808019072376
0.3557619724265099,3.3845586605406637
0.3703689822086002,3.366540383045353
0.38775850405251905,3.346989699063322
0.405751168901711,3.3280866526289667
0.42121289276416113,3.313026645390412
0.43753721757474046,3.297569591105276
0.45358097169858824,3.2821090698152724
0.4717007011291587,3.265048164231719
0.4879270285940785,3.250371416327269
0.5022812288698544,3.237818099081695
0.5149580790910865,3.227495158339519
0.5286154088057158,3.2172837848085907
0.543643738589703,3.206630588455831
0.5619049759757603,3.1935827999082607
0.5793476060621993,3.1802132231693276
0.6011969585755991,3.1608225146194
0.6258133757739209,3.134354385819179
0.6413407210344888,3.1160103910840444
0.6586874080530045,3.0950619452883723
0.677296255728386,3.0729749039986487
0.6973752930361488,3.0507798740274072
0.7182451582832131,3.0293078855633535
0.7396647877749907,3.008378000585227
0.7604531595174563,2.9878292050599318
0.7773632875143748,2.9699984654287843
0.7926123581001525,2.952536121623962
0.8094065535841225,2.9308866954596167
0.8258923228542061,2.9075202164966893
0.8412919225903205,2.8861814588079113
0.8543414814965977,2.8698856429790744
0.8680754373035059,2.8540911669791855
0.8839121566041039,2.835606505418276
0.897601368019357,2.817935473241353
0.911208767570092,2.797941984427504
0.9210782751913761,2.7829434329283846
0.9307685309366139,2.768548440794006
0.9416318020948983,2.753470461821334
0.9542543108016912,2.737652143775712
0.9667978641434313,2.722774183313331
0.9820709411301324,2.704070303231483
0.9997499461009967,2.6806953455857334
1.0170377182968038,2.656299915302114
1.034561899723167,2.6323309909952384
1.0512013327581267,2.61017954719615
1.0663123975276596,2.5887710776411286
1.0786680233809443,2.5676592485243654
1.0877490646841816,2.547917234663614
1.0947444629996408,2.528980948268621
1.0985108492259676,2.5145503919524503
1.0993093356933554,2.5092986686905028
1.099430320141315,2.5069305427726465
1.0994435389035417,2.505061476288915
1.0994554322647807,2.503240968921306
1.0995009975487726,2.4984584102569527
1.099339266620314,2.4894920212439047
1.0981353902359259,2.475191689521698
1.095542474750863,2.456253740903697
1.0925875580159554,2.4350525144093185
1.0899830768371792,2.4088654295828014
1.088596555304921,2.379847488539867
1.0874189667383944,2.3501790300489662
1.0855447923446113,2.3202086284928765
1.0837080947642108,2.2903185576119554
1.0837013667265585,2.2605042645591964
1.086206751905964,2.2307164074289876
1.0894166366591471,2.201290581656995
1.0919097656850318,2.1715949708810407
1.0935587659336228,2.147843934501229
1.0954656865613523,2.1190081931535842
1.0974415741665158,2.096864930848306
1.1000266842047284,2.078363314406099
1.1041065725606183,2.0617151371138056
1.1116507400662,2.042642479182814
1.1243617532666634,2.020494651689927
1.1392041788330856,1.9995342050670282
1.1546523338247165,1.978851490559388
1.1678465541227956,1.9598124239548174
1.1786254784931969,1.9409305164443151
1.1860950451880696,1.9227168178803316
1.1916540447016846,1.9026203483039623
1.1960400437581893,1.8823610456152604
1.199961315931521,1.8645986681078406
1.2086356155514923,1.8320139260016264
1.216231132740906,1.8103301080963847
1.2280933148592126,1.7829047680358052
1.24156240020236,1.7562231642819093
1.2561885530626087,1.7301284276700764
1.271787673576872,1.7045156759750202
1.2871118063245308,1.6786633393864545
1.301058233844089,1.6519773090868237
1.312889285741028,1.6270287583769343
1.3233868195316825,1.604663267975381
1.3354989689173962,1.580075742060196
1.3466723040266932,1.5577864479212833
1.3555568422104405,1.5397176129930923
1.3651860404242848,1.5181409479880068
1.3727227141140848,1.5001736600845967
1.3820571229894134,1.4785176609513957
1.3933417572818045,1.4542860227664351
1.4050520289333672,1.4285398297115914
1.4158458069765554,1.4040823698939524
1.4266888006599496,1.3788785051915795
1.4352246842671053,1.3579984699558851
1.4446579020757153,1.3354490458709514
1.4563156123765173,1.3116755842521342
1.4696362142402362,1.287722128238696
1.4826603703790289,1.2634618341647084
1.4944076237967656,1.2366969818164835
1.503805935177577,1.2093452972780643
1.5126205058599895,1.1819350948459881
1.5223432601594817,1.155104442291179
1.532778109519381,1.1297723452972293
1.5446682811781036,1.103965309546584
1.554288527883846,1.0829007910666044
1.5651344165179266,1.0565486907960466
1.5714677839887579,1.0399076798038351
1.5787181796445973,1.0218819772132923
1.585987300990404,1.0054565731207392
1.5945066374172387,0.9864380042837396
1.6044659430742603,0.9637981147415164
1.6135799325411546,0.9425030679050644
1.6227374475433785,0.921966126988679
1.632291444974346,0.900006435236253
1.6416669637872645,0.8764960855256879
1.651656194053747,0.8504535236454237
1.6621852402373187,0.8233441473684086
1.6731538667233672,0.7963335897294783
1.6846859149726054,0.7693913655731692
1.6964025337105797,0.7420855734577991
1.7069040650562508,0.7146035986400777
1.714659250632902,0.6929431566594927
1.7236491117854273,0.6659672578960953
1.732234158872687,0.6388612657578845
1.7407814988661992,0.6117270081388589
1.7490253165516094,0.584540920817822
1.756916804533794,0.5571768043433429
1.7642569449540182,0.5296988117731258
1.771208549214717,0.5021473935305465
1.7780439903806617,0.4745263300678278
1.7847073837823926,0.44690330786146815
1.7913629091645689,0.4193059662971579
1.798284988872312,0.3917329260331418
1.8051964247294783,0.36415508275408415
1.8118255806733754,0.33538642746305997
1.8173561114636332,0.3057769173387908
1.8196813416458695,0.27564127238910163
1.818495173392024,0.2514885415519403
1.8135522367702255,0.22166174724912055
1.8049693720010431,0.1958366980982354
1.7935291546402772,0.174976513530322
1.7791219776839617,0.1555292423001853
1.7634980835560419,0.13720120996531757
1.747551669765195,0.11850155377963074
1.7313337604533685,0.09834011956537103
1.7154789099953054,0.0780152083572793
1.6967944684886982,0.05466980784172865
1.6782386880698188,0.03112844920365106
1.6600661934886443,0.007326748412506811
1.6444102886347736,-0.014913084163562493
1.6291555121983408,-0.03954770648803265
1.6148542326278228,-0.06516503941691625
1.6012272592651606,-0.0914309332685846
1.5885018954364944,-0.11730479658219412
1.576286746249504,-0.14260675621420385
1.5631449450482613,-0.16838069349103807
1.5482098129130897,-0.1942975654458132
1.5321617257116,-0.21971636538654152
1.5151747184284117,-0.24453599693146127
1.497209911757569,-0.26863164080686114
1.4787925881266197,-0.2923688011258524
1.4599488047291145,-0.3157216048601422
1.4449078118598708,-0.33441605100703725
1.422911023369427,-0.3627990965594083
1.405670893522971,-0.38690741044795196
1.392210932759089,-0.40671979211523285
1.3765247144814783,-0.4318634388939475
1.361985346623403,-0.45787485874365014
1.3481844332190762,-0.484486932053377
1.334280566216573,-0.5107537818132849
1.320827051427716,-0.536123310474378
1.3067650287809636,-0.5619522778217456
1.2918023093809883,-0.5878585704171837
1.2769997675128515,-0.6138549831573513
1.26195218419276,-0.6398542446983949
1.2465470720865013,-0.6641301495566218
1.2308164255879692,-0.6875689994066855
1.216162579008726,-0.7115343131868117
1.2045299655256352,-0.7357120839858108
1.1944106024850516,-0.7624023807397279
1.1848152696556704,-0.7898813644092861
1.175188072854186,-0.8176259873720158
1.1666101191444695,-0.8428078059804216
1.1589271961364531,-0.8675117152106196
1.152569402784219,-0.8914030374485004
1.1471495059105639,-0.9147122936389889
1.1430151942791342,-0.9380341200534674
1.139637004182859,-0.9655535364621545
1.1379919110673842,-0.9922237206699709
1.1382973324758792,-1.0160171810749494
1.1406158345621786,-1.0421833172005848
1.1442704077417636,-1.0645105345288064
1.1492422635672697,-1.0868418948633831
1.1568757726645098,-1.1150192856361478
1.1656462680826636,-1.1429667383040523
1.1733651588046425,-1.1649056579008028
1.183912930326402,-1.1902765108314413
1.1964019941606958,-1.217020840639412
1.2108604943208774,-1.2430931892676422
1.2272984356022785,-1.2680140829879785
1.2454206698297012,-1.2917520909065694
1.2647318935520253,-1.3135137326187964
1.2823780479218665,-1.3303645407000557
1.2990901716541712,-1.3434695770494378
1.3182258320643205,-1.3546027547829322
1.338065241177719,-1.3626784289297116
1.3615366206878246,-1.3700520645743388
1.3903606813067488,-1.3775223164030248
1.4191612557799518,-1.3837244133327558
1.446521828598196,-1.388541208950408
1.4723925983774695,-1.3924066616987418
1.501351026976576,-1.3965159280163826
1.5307139377144179,-1.3998459531635452
1.5604524494993997,-1.4035861848884474
1.5900311401159823,-1.408024015794665
1.6193308872673602,-1.4138154607698468
1.6485918397208503,-1.4205497150660669
1.6778518656174513,-1.4270860554018356
1.7071013792887388,-1.4339388434167188
1.736239330773906,-1.4409211721714108
1.7655378480646298,-1.447414214503225
1.7947278474857447,-1.4546049957196112
1.823651525214266,-1.4627541052615038
1.8523549900160745,-1.4716066120711893
1.87521356835062,-1.479001785639939
1.9036365255369219,-1.4886111305981542
1.9310782038463041,-1.49744938599315
1.9595316894727084,-1.5061609685467758
1.9857610504897159,-1.5141880579664895
2.0096075273168252,-1.522079852350175
2.0363168698070333,-1.5304447079333892
2.065250405025924,-1.5376544567053143
2.0945898739950923,-1.5431560578452244
2.1241184068588854,-1.5476563461793849
2.153756923704795,-1.5510600974118498
2.183011846857367,-1.5532660945405163
2.2110482993513303,-1.5535360113840935
2.2410507587020736,-1.553265852398076
2.269383767821683,-1.5533145289129149
2.298927965853695,-1.5529933032401704
2.322342936855243,-1.5520103176045084
2.3581690539871234,-1.5502674057474541
2.3819827855859437,-1.5487985914463767
2.4107546584727144,-1.5463646637041542
2.4368754460250384,-1.543541899703795
2.4611719498255673,-1.540439113969438
2.485100729391858,-1.5363133082513243
2.508071614277597,-1.5311842340161395
2.530467608990398,-1.5247186318901347
2.5524110992433773,-1.5170882925217246
2.5765034667904323,-1.50793653164515
2.602830212655235,-1.4973404804535724
2.630498913151395,-1.4857892327622886
2.6583391451385765,-1.4744606774705216
2.686791823977853,-1.4645833384000058
2.7159808626345137,-1.45696023704562
2.745946728059126,-1.4528055390104218
2.776215751348113,-1.453825328358165
2.8059383019357624,-1.459084692736163
2.834892897222893,-1.4663891478377202
2.860533511792659,-1.4733626965360387
2.8880143907759472,-1.481278512453162
2.916612827183574,-1.490121386469119
2.9449266207274887,-1.4983385677458447
2.9660204220065496,-1.5039320509944787
2.987090138380272,-1.509085585459116
3.006107508776921,-1.5129724188752631
3.0253156651013846,-1.5158474772671988
3.04524488301994,-1.5164694613601468
3.0664734074633815,-1.514317217558793
3.0853982633339725,-1.5103380179689514
3.1044920652370416,-1.504183322971017
3.1237923739516886,-1.4959069333342423
3.142658979042777,-1.4854671577128082
3.160610496476631,-1.4731415707708455
3.178296024350394,-1.4602244979412216
3.195894980600613,-1.4472600990303448
3.2143909407842126,-1.4336118953940582
3.234828134164129,-1.4201072341617877
3.2580495257178743,-1.4070155345323054
3.2810411246417854,-1.3945874454648042
3.3029510716260724,-1.3825629795187102
3.3248159863923634,-1.3703735656135818
3.3466930785818976,-1.3581499974773097
3.369417334768184,-1.3458159980416495
3.393654408704955,-1.3330273702463509
3.412756797915529,-1.3224191452186418
3.435831091962488,-1.3078158761409973
3.4579617245580536,-1.2913807260290564
3.478414503058961,-1.2729592448310172
3.4965772057757496,-1.2523146296254621
3.5124209964423976,-1.2297952348605203
3.526891175971499,-1.2062022969415749
3.54159395726946,-1.182600264756863
3.5589613807690488,-1.1586544420201836
3.577880743069673,-1.135611801768884
3.596451815761388,-1.1143608740616955
3.6170931045243258,-1.0930594777588136
3.6383103745435514,-1.0722099703966477
3.6594319266923456,-1.0509248872127153
3.6797083746467014,-1.0293813282522608
3.6991485758056832,-1.0071557303120255
3.714282951131505,-0.9890304223429086
3.733122392501004,-0.9661184497960237
3.7515984555608157,-0.9427425474523203
3.7701154450463044,-0.9191965711640796
3.788750402594679,-0.895708240895841
3.807352607172794,-0.8721262694707549
3.8259537762022133,-0.8495489271366402
3.8448321062179285,-0.8274361377211523
3.8633791813764082,-0.8048140854179517
3.8816688356426607,-0.7819215320629039
3.9003982590986364,-0.7587398238070374
3.91878969054349,-0.7354029090187382
3.9354149747785265,-0.7107533790721424
3.949833150042239,-0.6848807008153921
3.9617602145075037,-0.6576148573467794
3.9712650803127065,-0.6302268702398985
3.9788654060204363,-0.6036272502615739
3.9849505345134273,-0.5764109294383064
3.98843540472645,-0.5504209043912783
