-1.4667162939548533,-6.059456396501139
-1.4956040902911591,-6.05132646689706
-1.5186823295093508,-6.044757164444099
-1.5417803601040543,-6.038253764119485
-1.548328091152116,-6.036425496939405
-1.5510241790397792,-6.035675128689346
-1.553335347213212,-6.035033406966224
-1.5587274434901428,-6.033543127838558
-1.5591500642664375,-6.033426785506132
-1.5591481369678606,-6.033427540360466
-1.5591484804550015,-6.033427526897943
-1.5591493814075739,-6.033427180056294
-1.5591488493322092,-6.03342714937694
-1.559573262065108,-6.033311191218916
-1.5674854852993927,-6.031153072627885
-1.5850551235766883,-6.026387533353726
-1.6087522126604579,-6.019820748963974
-1.630225837288113,-6.012950046456287
-1.6639172565745723,-6.000583117196064
-1.6861477822363722,-5.99128906225215
-1.7131127188246018,-5.977845629501381
-1.7393102620880125,-5.963109072505064
-1.7647076595965518,-5.947624959284866
-1.7894811308213392,-5.93068723260862
-1.8126681863080882,-5.914140702660959
-1.8335688279984672,-5.899192289728513
-1.8515551863256647,-5.885683234426032
-1.8743910036917055,-5.8684227603718275
-1.893411569900979,-5.854866593345483
-1.9167467334570678,-5.839642638937225
-1.9414022287123502,-5.825632079891843
-1.967870838065273,-5.81206387620546
-1.9945480387061836,-5.798279289710241
-2.0204462054967287,-5.783969795809267
-2.043915197805542,-5.76971123841376
-2.06453656953614,-5.7569639722334855
-2.085985081516001,-5.7431041859018315
-2.105441082410814,-5.729653954238791
-2.119409836582576,-5.719693929556505
-2.133575336526181,-5.7096520078604405
-2.1485078191307134,-5.699111094094688
-2.164706009046031,-5.687438086811542
-2.1831716733911284,-5.67358202520025
-2.202729106841126,-5.657686795119552
-2.2168512988351368,-5.645006873612344
-2.231901509076579,-5.6302928973216595
-2.247668591673742,-5.612996513398216
-2.2645323566308653,-5.5921091239316
-2.2822939639687374,-5.568610998165602
-2.2994099323040205,-5.54386142684562
-2.3154399862993165,-5.5184267027409515
-2.329975280926423,-5.4930436171283485
-2.343115563581136,-5.46589240635487
-2.352923248586264,-5.437307974932006
-2.3595194421931716,-5.409125922710156
-2.362931945656149,-5.389306269751477
-2.3671159497320895,-5.361982765730424
-2.368921503741744,-5.350908475085983
-2.370300210209211,-5.343158600827493
-2.3715230947289028,-5.3378705392334815
-2.3738031794651415,-5.330626157530865
-2.377827397338516,-5.3194455783738475
-2.382728517256661,-5.305673534480365
-2.388106472924037,-5.287802480287212
-2.3915891023795037,-5.271583520739192
-2.393718930912633,-5.259060719583749
-2.39631465987026,-5.244911840396071
-2.3980362245020275,-5.237516210362087
-2.399893253748125,-5.231904838788037
-2.405370239241797,-5.21982255997792
-2.412822077827812,-5.206198367811361
-2.4222815492914282,-5.189728370913152
-2.430922622135338,-5.174103300848304
-2.442418646808318,-5.151612761098145
-2.45405581317353,-5.1292689536001665
-2.465512528791364,-5.106726142023342
-2.4767373972107167,-5.083987075412855
-2.4895240489227666,-5.0592565340741205
-2.5022317786650308,-5.034288533061156
-2.5129932637303725,-5.014668078055534
-2.526608761546144,-4.990130701739737
-2.540748944609781,-4.9649799465751565
-2.5556514458351245,-4.939710563005179
-2.5699376305739166,-4.914607041608656
-2.583392386847195,-4.8919932999925475
-2.5976997824229224,-4.868123615296671
-2.611748006171706,-4.845297430992902
-2.62317429613067,-4.827435844962051
-2.6369402268879587,-4.805076246288287
-2.6525101899722694,-4.780372460086664
-2.6679607558390073,-4.757056891188701
-2.682342260897107,-4.736345766610008
-2.6979094006043804,-4.715371432543562
-2.7130849193069144,-4.697040720760842
-2.7234396955530764,-4.685905230887071
-2.735297791667084,-4.674101565881354
-2.7511270682966043,-4.66084980786273
-2.77222494800321,-4.646264226334045
-2.794423997843157,-4.634330832435286
-2.8173320463444966,-4.6249902238370995
-2.8360286391532417,-4.618208007074916
-2.85783930329138,-4.609924865990038
-2.8785628268773684,-4.60032309628663
-2.898162796553979,-4.587715690571884
-2.9160274767489813,-4.5724880950365465
-2.932737695230947,-4.556176223861218
-2.9494800980232387,-4.539897986762544
-2.9681613138755436,-4.523475206824742
-2.983304337892103,-4.510428978988822
-3.0027145670683235,-4.493607647155913
-3.0232966926702742,-4.476478495676322
-3.0434500721531235,-4.459638856863077
-3.066239763804442,-4.441969645569314
-3.0903354079609793,-4.424144970104926
-3.1147634958668333,-4.406968958755058
-3.1372619375078443,-4.391996210490847
-3.1576747002589034,-4.378935495987162
-3.172687981355732,-4.370046891108074
-3.19286809291446,-4.358780975619681
-3.2148865101051505,-4.346886878216364
-3.2371806775784857,-4.335369223024431
-3.2602880658138225,-4.322929757129351
-3.2854726137219696,-4.3083129181336535
-3.3106360652667037,-4.2929325069237425
-3.3361461568890105,-4.277528820306261
-3.362362109667942,-4.26312722784483
-3.383659102825331,-4.252461262288567
-3.4102085538452447,-4.238964026950905
-3.433656016943696,-4.225375195535719
-3.4563169784311873,-4.211057053813021
-3.479358438926519,-4.196423484155355
-3.5002082930013,-4.182316443988099
-3.511839920338665,-4.173941915975749
-3.527715958621127,-4.162304480495484
-3.547833350365555,-4.147934411239956
-3.5666652647253962,-4.135147244964754
-3.584923556298357,-4.12269615363683
-3.6021618662508734,-4.110279014736602
-3.6182250248149583,-4.098518912008735
-3.6380351513967315,-4.083584650654621
-3.6558271979589954,-4.0692562315997405
-3.67339827650601,-4.054313584722948
-3.6898531701417085,-4.040488288213015
-3.705662038231012,-4.0266922944077095
-3.722007893259175,-4.01022455185641
-3.7353409588094646,-3.995211077777788
-3.7522772760536145,-3.975875681986327
-3.7696649138303346,-3.9566562656258535
-3.7893571839020126,-3.934711577594656
-3.8093342362167597,-3.912397459007115
-3.829628691499436,-3.890385384413489
-3.8500489450087856,-3.869605846513738
-3.8710750891116565,-3.8491551621438123
-3.888248568696878,-3.8325990620862513
-3.9098609052954356,-3.8121841681914708
-3.932159505829933,-3.792214389247395
-3.9548805314974738,-3.7728078851768365
-3.978411785353333,-3.7543823665669938
-3.9977285233648843,-3.740252376689326
-4.0219852532836295,-3.722780538421381
-4.045438779090842,-3.7044095804815096
-4.068177978253146,-3.685374202447916
-4.091250718837677,-3.6665237931706995
-4.115054852366094,-3.648358025854302
-4.138726405521507,-3.629800431939781
-4.1615175593719425,-3.6101778028811604
-4.183546685898968,-3.589726221476893
-4.200660533218608,-3.572819188723162
-4.221367812726842,-3.55102762740821
-4.241282518501627,-3.52849364706503
-4.2603063481738985,-3.5051939852337246
-4.278106614186051,-3.4810387363785944
-4.294823043119009,-3.456073540427866
-4.309768651044518,-3.4309797237993744
-4.320382739925328,-3.4098630654797057
-4.330392696977476,-3.385068013896745
-4.339515251027133,-3.357374341868666
-4.348026650890235,-3.329638387286181
-4.357645276488803,-3.301736731332675
-4.369666033866213,-3.274860589361124
-4.384147906896635,-3.2489444175940068
-4.399737310264002,-3.223404811323325
-4.416803778013569,-3.198891595237365
-4.435076325997947,-3.175152689108811
-4.449628337521778,-3.156002130703851
-4.466540215604613,-3.131037368819487
-4.481220265633168,-3.1047492887259924
-4.494763647747686,-3.078388185446483
-4.506588409417779,-3.0539014040247348
-4.51809642182302,-3.027711492332085
-4.5247512142009985,-3.0114928769596325
-4.5321334071379225,-2.992263233754154
-4.537758779304595,-2.9750336860452045
-4.542964403234786,-2.9560685705970213
-4.549013478401855,-2.930711406509932
-4.554163863994229,-2.905718488195479
-4.557902470757043,-2.887448610856525
-4.563227534958485,-2.864039434588278
-4.569598194480266,-2.8420656672123568
-4.579144148191457,-2.818098954345354
-4.5929548838304735,-2.792564816503653
-4.608655125293529,-2.767784035843408
-4.62227981329891,-2.748769629286608
-4.641793694897027,-2.727171804720804
-4.664000147951896,-2.708821913498606
-4.687777931112541,-2.692307062645742
-4.711903199826529,-2.676065322895614
-4.7343817735830145,-2.659411596391533
-4.7569184993961455,-2.6419829318938706
-4.780245520083605,-2.623693321074025
-4.803060465723886,-2.60459621450526
-4.826087754288645,-2.5858009676444937
-4.844282127961214,-2.5703456456612774
-4.865513395413714,-2.5492283195180776
-4.882848497714681,-2.525919829820735
-4.8953009901287725,-2.5003118595987943
-4.904259876133974,-2.4718159907919373
-4.91078748672127,-2.44278567775058
-4.916899485146933,-2.4136511458159875
-4.923994581544894,-2.3846049499323656
-4.930964372561859,-2.361737283982278
-4.9409344652060625,-2.333530972820282
-4.95215679011338,-2.305782488647641
-4.963601971422873,-2.2780035422829408
-4.97405419521317,-2.2498150768425504
-4.983908774323625,-2.221456625466148
-4.993350152538243,-2.1929318010050314
-5.001607628348526,-2.163977019162171
-5.008007019125726,-2.1355856696176003
-5.012601905341238,-2.11408172028391
-5.019714111311853,-2.085248266867343
-5.028319598559756,-2.0566387385274427
-5.038713348220386,-2.0286502138643168
-5.050145838180711,-2.001537827149814
-5.059071476499964,-1.9816508797805836
-5.07106506800796,-1.9561003257263139
-5.083816333704239,-1.9295177855145198
-5.096184591938212,-1.90437385524897
-5.110351935384331,-1.8792638228525904
-5.126901075173933,-1.8554466548497701
-5.144534134107297,-1.8328670441416943
-5.159259461969658,-1.8158346825510887
-5.1776452742127095,-1.7983070183681287
-5.194302024777411,-1.7852986487777558
-5.207631498231383,-1.7764399595674083
-5.2250072077532,-1.766490602014167
-5.243095812773519,-1.7572493556257875
-5.260510601180263,-1.7481606640322769
-5.28013217788237,-1.7369129080659376
-5.297881800330478,-1.7257570310013823
-5.31324311523263,-1.715451314945768
-5.333934756650196,-1.7018261524090326
-5.3540961983346405,-1.6894306900802931
-5.376012157037173,-1.6762027201942884
-5.401565111707394,-1.6615753902571702
-5.427501829468086,-1.6474964110024857
-5.453436567418935,-1.6337696843177298
-5.480181439547151,-1.620258763037647
-5.507116713059958,-1.6072736334791047
-5.534044131666493,-1.5941063661370998
-5.555400613411748,-1.5831224338447678
-5.5820825757913575,-1.5694743670634954
-5.609104280591406,-1.5565860911296119
-5.636447387993063,-1.5443381239216138
-5.663971161810587,-1.5323767128455836
-5.691225395078661,-1.519653555782662
-5.718062422160755,-1.5061989427131468
-5.744756972444,-1.4924594734873222
-5.77124680969658,-1.4782762706855286
-5.797201995879488,-1.463093044363773
-5.817619062848504,-1.4503966009843428
-5.842769138248334,-1.4340115443296
-5.867855691996659,-1.4175383243467323
-5.892645577867481,-1.4006365235820069
-5.915401490414832,-1.3834760809247537
-5.93253890265448,-1.3696217774061548
-5.951620501215268,-1.3543702870132348
-5.9713355377494945,-1.3397063404844807
-5.995780666396674,-1.323449440883671
-6.0211800003797675,-1.307808457447535
-6.046530028014743,-1.2916009024559925
-6.070827212413199,-1.273809798898726
-6.094167570795158,-1.2548501780120342
-6.116693616732742,-1.2348937227239736
-6.133997502013195,-1.2181904574868427
-6.154920897711443,-1.1972805371674629
-6.173328462539226,-1.1787018998898957
-6.189368466268254,-1.1628723190824668
-6.205262937084732,-1.147212645769082
-6.220382245972061,-1.132275099510777
-6.2388689822033,-1.1148670819515178
-6.260147995601261,-1.0958807477333277
-6.278122124366497,-1.0800976676364797
-6.300866487770254,-1.0606951914974356
-6.323929347004837,-1.0416329952202288
-6.3472794739762515,-1.0228817756137
-6.3710060408274085,-1.0052536710920852
-6.3906030721782905,-0.9912637275039669
-6.413824007826692,-0.974631023279253
-6.436626691930182,-0.9571634448167321
-6.459024089967982,-0.9379982404394659
-6.4795357001610565,-0.9179520124496691
-6.499394969528043,-0.8963131277165471
-6.519423014063347,-0.8748108013479639
-6.541107488613445,-0.8544626311305258
-6.559523526427851,-0.8391754612060272
-6.582830400076738,-0.8202276710075236
-6.605204430074397,-0.8000355979912528
-6.625977717047077,-0.7782524631615102
-6.646186034903508,-0.7561176069679006
-6.667333464817165,-0.7350622735689736
-6.6901070808714405,-0.7157267277489615
-6.713635931939754,-0.6971150973604737
-6.734994626124065,-0.6791942662172036
-6.751708501607251,-0.6635711187022455
-6.772661201727526,-0.6431755333231565
-6.7941301524266375,-0.6233611941796499
-6.815621575145405,-0.6032835900895376
-6.837499367600502,-0.5829317761230236
-6.855026127777463,-0.5665982017064005
-6.876042649271872,-0.5450624842414578
-6.895510501186409,-0.522027143242714
-6.9126162363293275,-0.4971832709956841
-6.928010131652847,-0.4713691039071841
-6.943417972815893,-0.4457152769770234
-6.960509862607779,-0.4212997972068199
-6.975144555947975,-0.40393445589072663
-6.994621019336779,-0.38344034312964653
-7.014621970592548,-0.3625222952950263
-7.03321783348864,-0.3408468907466218
-7.049178686865805,-0.3171848559641174
-7.062214930196515,-0.291967463360341
-7.073953960691619,-0.2662539796711089
-7.085522354877202,-0.24208580902182392
-7.095435725203995,-0.22388599074743493
-7.104388147026294,-0.2087210911500377
-7.117111652688806,-0.18879066469267117
-7.126687218345545,-0.17448378042135954
-7.137124480862668,-0.15976220758627815
-7.147956183091179,-0.14450464681176847
-7.158394017694291,-0.12914292576944641
-7.169242203451407,-0.11410428272033564
-7.177922085321177,-0.1019942678864129
-7.1887359424225865,-0.08704168045182584
-7.199900109556703,-0.07233329383060888
-7.211956162148108,-0.05569556688068348
-7.226345344577573,-0.035560929304491215
-7.2422413661646345,-0.01336330324230282
-7.259001109643802,0.008281972735477037
-7.272517655254364,0.024620418045562364
-7.289390555030649,0.0445930856967252
-7.30745514511122,0.065182496642201
-7.325059556780805,0.08394917545364221
-7.342285624615968,0.10041797139328976
-7.3615709009497206,0.11599564092108261
-7.3793975694876055,0.12778827955498057
-7.399561519736462,0.13829966821553874
-7.420018141461031,0.14710086949145693
-7.44041426253585,0.15576712566067286
-7.4597019938799205,0.16495427164481644
-7.478390004141569,0.17469213692599175
-7.497800328297881,0.18512946530291471
-7.519544196759203,0.19702420223051378
-7.538391321704878,0.20761254277212368
-7.562098053584084,0.22100036174207374
-7.585624800541685,0.23436719960222857
-7.611686992731892,0.249212060505829
-7.637697180602869,0.26417995563957886
-7.658399536081688,0.2760376745353298
-7.684594843274166,0.29103527536753765
-7.710227395182123,0.30675776219826445
-7.735164088805743,0.3235878510942141
-7.759130137105155,0.34186538334465033
-7.781078565473829,0.3623893790750613
-7.799986385504222,0.38575963064254853
-7.8154836990634635,0.4112344217197042
-7.828020978266169,0.43835475560161224
-7.834982085740046,0.46155945052831837
-7.839545092570496,0.49146671486756655
-7.839616032959994,0.520941434819102
-7.835554867643673,0.5479016246130473
-7.827603533673567,0.5768930382566674
-7.8161984601584615,0.6048691648201191
-7.802035488011817,0.6310912503886534
-7.78929430388379,0.651476276315337
-7.771148017734655,0.6755955033936324
-7.751162110855109,0.6980812621402048
-7.7304919456937355,0.7199121123479442
-7.708807623642746,0.7407531440546412
-7.687010989303998,0.7613308312755453
-7.6694804247194055,0.7777980333360495
-7.646971789725453,0.7976690739631608
-7.624609492680139,0.8176634393815215
-7.601678990130621,0.8371087536820548
-7.5787099717840505,0.8563210861760522
-7.557090307453742,0.8768350804721254
-7.5382633378029,0.8998347237803113
-7.521888523138212,0.9248067165579198
