0.018930455914668125
0.044738215067258516
0.06657048839484128
0.07132950446451602
0.07568856720696675
0.08320650702901576
0.09499671292671365
0.0989325832227864
0.09912792557230451
0.09912861795710062
0.09912955463643963
0.0991303939773684
0.10269035057241323
0.11356264507048364
0.12890783005640857
0.1543690451651163
0.17246170949632839
0.19559086163393963
0.21885033066107526
0.2427730186244706
0.2675216705486066
0.29216787942489236
0.31736194680772606
0.3377334058549927
0.36339171190201675
0.39037628398517216
0.4172955435220775
0.4447003217803578
0.47261019889257616
0.5005462539112319
0.5285161835692754
0.5565492990323876
0.5781995908433444
0.6008601258797995
0.621751973898634
0.6427759576936791
0.6628919418115138
0.6858325112459424
0.7087632657714661
0.7310569121323043
0.7490653224453119
0.7705343235581773
0.791939176858139
0.8168252164447593
0.8432666813113237
0.8726704511114124
0.9025464211348314
0.9324619412384276
0.9623840962972088
0.9924748319582892
1.0224470864879012
1.0523300628996568
1.0822596288605562
1.105505364304692
1.1328451551207268
1.16113513995673
1.189540538699289
1.217881113944858
1.2462454522290527
1.2746352697904795
1.301717012282845
1.3219614352175681
1.3410918253762154
1.35594047203244
1.3779995350733982
1.4011458484769035
1.423831110133573
1.4480493167516528
1.4748521447237755
1.5028130814652894
1.5292862709107875
1.5515862281080974
1.580648538627865
1.6100661844385222
1.6397001908149553
1.6693032809489183
1.6988196712702315
1.7284262361583136
1.758250272364734
1.7882608846978478
1.818009973448327
1.8414063576033455
1.87052857156582
1.8995352612596323
1.929239541599375
1.9523013834484797
1.9815882078761025
2.0112050076324692
2.0408357412419083
2.068156617790033
2.0941266221074377
2.121684145371935
2.151625475018249
2.175674296222669
2.205628370319527
2.234829004875516
2.2648193690864655
2.294641285056517
2.3240769951211613
2.3514090607381464
2.3793783545108385
2.403243313878831
2.433316747118438
2.4633319218162892
2.4934753020306006
2.5237755885688866
2.5519284439651706
2.574251385149574
2.602044569501801
2.629314574947025
2.651705507646305
2.6746351862250712
2.6973318423403825
2.722529843897264
2.7483663828761755
2.774319236296081
2.8003920549865144
2.8276726566435624
2.8508753126416195
2.880950723321701
2.91121369727162
2.9415218224125446
2.971630943861814
3.000149313099386
3.028541926903638
3.0567591797498705
3.0835765323509956
3.1049745951491947
3.1318238387673025
3.1586001862791164
3.1853489252445306
3.21455667037651
3.2444542876148432
3.2744871559206294
3.3042786381834817
3.33406836625177
3.3629101075132746
3.3925448994497236
3.4154516911835384
3.442454516070382
3.4690501196751073
3.495623088266993
3.522172282942571
3.5521977086195733
3.5821631119930464
3.6121058813332043
3.6421254110644004
3.672115154940311
3.701971373753055
3.7317484418962947
3.754498868641972
3.7831891927998584
3.8109218371289586
3.8399984045278512
3.867569067554235
3.8942088481875867
3.922144796268328
3.946128007022332
3.976191872028002
4.006136462963663
4.035932804669018
4.065897835208503
4.09585443635118
4.125848507792005
4.149857201748758
4.179941946068609
4.210016791129267
4.240061435433438
4.270062571164825
4.3000063290315795
4.329888283147459
4.353796341714707
4.383608428667062
4.412717626297034
4.440532724208585
4.468496006243334
4.495022928989044
4.515144268318204
4.540166989703529
4.564648120321782
4.589272658025519
4.6142740290220585
4.639474261454862
4.666151463283115
4.696338869770817
4.726548986348691
4.756861223940116
4.781122974161885
4.811397951417013
4.841620346046661
4.871768522955418
4.901119103320635
4.923328483621325
4.9508463769783075
4.977675525152692
5.00723497679644
5.037184901916656
5.06712961057797
5.097055529940405
5.125752405677735
5.148348134296624
5.176854400121559
5.20543680336991
5.234188395184597
5.263608088260963
5.293124840945774
5.322177200910194
5.350449254575842
5.370564124952903
5.397767751325059
5.426558457641445
5.456510381630455
5.486257371428835
5.508846273939376
5.537226373071419
5.565908639487339
5.595907411741574
5.619904303460867
5.649915708822889
5.678194337432045
5.704324505085539
5.727131971434924
5.748916041346424
5.774271157284784
5.801931657564687
5.822736285733657
5.85126132768299
5.8812685823039965
5.906977317046935
5.930124895029022
5.955220829812178
5.985082296760911
6.01503628032982
6.044662761736708
6.074078957041148
6.103750267841596
6.127720811001223
6.157758789068979
6.186871813338
6.213419241664486
6.240169337672541
6.267820360333651
6.297903175428244
6.327711857743505
6.351569038461779
6.381602859768764
6.4109215667349995
6.434988635300788
6.455947743278135
6.475941209829033
6.49835488660759
6.521751222011175
6.540195714255402
6.562504851214591
6.58645393217349
6.610999803050092
6.635520079595611
6.6602878410585165
6.68770367689406
6.716816558074232
6.74675653688609
6.77674262473125
6.806693774032877
6.830701847863562
6.860752568591117
6.89080965683775
6.92083380015341
6.949656006908301
6.976700559978438
7.003599502452799
7.0290166826899
7.04944729605641
7.073587824949505
7.099868982800428
7.129594226933479
7.1594762709037
7.1833440355657086
7.213157634107445
7.243114583266152
7.273113591978955
7.301131004554205
7.323523519337275
7.350825562885312
7.377503233538258
7.402889244893738
7.429258422274213
7.456946979913308
7.484880273552302
7.511685410468118
7.540221143072935
7.563838469755537
7.591990674830713
7.620003206002295
7.647292903507585
7.676058912466306
7.70420697720208
7.726522337337857
7.752406952316081
7.777716713611156
7.800642677780923
7.8216067440070915
7.84245733655235
7.859220071390454
7.879857280619118
7.899229168807212
7.919497942935374
7.946296877950172
7.975380785743168
8.001662258960936
8.029042257227653
8.058058162579316
8.080874431265263
8.10870237932817
8.138328448509126
8.168341830387822
8.1983609372433
8.226552713176794
8.255922984003712
8.285846930008477
8.315892252850343
8.339860676106326
8.369770283929874
8.399778372554424
8.429787289289225
8.459861624629239
8.489938592404899
8.51399910699168
8.544179239496108
8.574404580050837
