9.023346049029497,8.480348466569577
9.004448960374093,8.498378855196414
8.986063728397468,8.512241763396059
8.967918522956374,8.52210278572465
8.956982655473622,8.526518101843111
8.95140037383984,8.52837794105161
8.948607794473205,8.529212651869605
8.94860842549839,8.529212150426627
8.948609058392485,8.529211556252616
8.948608407866205,8.529212144645042
8.948608444527844,8.529211934595743
8.94860872186864,8.52921186356641
8.948224731509544,8.529322469659771
8.940539726488678,8.531530577763046
8.921936442914703,8.53676844532156
8.90841621147556,8.53990410007089
8.890128926538242,8.542804147850566
8.873953028686334,8.544334914885567
8.849099644337086,8.54471375359943
8.824177701150722,8.542601865392747
8.797053132875163,8.538553919048493
8.771844178133948,8.534166378829706
8.744000956496679,8.529134677122359
8.720287970292537,8.524879597798076
8.695566020355061,8.520645190846825
8.67522917812475,8.517759074475858
8.650895941717437,8.514887776859895
8.622298031930475,8.511494311882446
8.586885649955702,8.507294883682295
8.557147773663116,8.50376636774657
8.528019965854424,8.49927145906391
8.4991669963756,8.49367558162674
8.470558123457414,8.487653358498209
8.447901408425347,8.48215959430264
8.418638233820873,8.473203254886945
8.396428944767875,8.46471389749646
8.37617151500526,8.455770162984656
8.357511600452984,8.446919400715027
8.338916544320607,8.438277017901978
8.31783284423019,8.429080041593856
8.294686878375298,8.41895677832119
8.274502367008147,8.409494486062682
8.25058882787453,8.397885456117255
8.225690103816188,8.38563307665211
8.205127295197366,8.375370074232876
8.184591674177462,8.364835446219333
8.161416198942042,8.351820429789955
8.142535305604156,8.34044051243085
8.121463951699416,8.328205553211266
8.101795654316167,8.316455326853895
8.087244004677776,8.306680724762694
8.071437683159795,8.295770716387297
8.059861707761508,8.288435522061015
8.04777122134246,8.281608482663602
8.034951101058805,8.274365867502873
8.022717366616954,8.266462045056938
8.008671336022864,8.254807620843419
7.9955451355058065,8.241074242294776
7.983063839349699,8.226573347723521
7.972888974800631,8.215015585468494
7.9575092510530565,8.199738578920291
7.936956999374312,8.182883162959254
7.9169483464817425,8.16923131511264
7.9014789106924495,8.159899869591586
7.882236136746888,8.14830891974143
7.863884126314434,8.135589642095843
7.847482046781195,8.120644891752665
7.834185629721149,8.103619362883723
7.826339114779669,8.089111663821512
7.820077217927554,8.071410686385509
7.8165489363848435,8.056702185110755
7.812966194737946,8.038013752713534
7.809133601229129,8.019197636759161
7.804317372034193,8.00047464549192
7.796198758787779,7.978911027935497
7.783382241618963,7.954663115801888
7.768107100148878,7.932650934631027
7.751447912792264,7.912174696930994
7.72802235308229,7.8892679501783425
7.708965844847596,7.875187120115715
7.677305420071423,7.857493763978494
7.654383600800432,7.849541971847658
7.624639128578194,7.844175200514326
7.59459238891057,7.842164859931566
7.56461164897075,7.841440350814613
7.535464653350921,7.839981161839223
7.513559439657913,7.837366190513126
7.49915926267406,7.8344001940856245
7.486313962442875,7.830153148876402
7.476867354107196,7.825494846421452
7.472878831838979,7.822634570453186
7.469799737038704,7.820049782847837
7.464079150505442,7.815025326664466
7.455546725167338,7.807807009537291
7.444946063069305,7.7995990159440485
7.4359071079844945,7.793368085418721
7.425382089362315,7.7876173903676165
7.412147394206747,7.781976731504057
7.399564218420854,7.777370567973267
7.388405215522734,7.773108517630602
7.381191756185671,7.769846210584576
7.376966337458234,7.767457794071946
7.3727261391519265,7.764844480933279
7.367943826512321,7.762114055319762
7.361387736615906,7.7589637134977085
7.351957701535829,7.755285405675153
7.343767890659829,7.752466043526036
7.332862582196619,7.749112656306584
7.321982804383628,7.746390129526125
7.305042080235434,7.742627547566967
7.28456070446322,7.737882868662351
7.258937203402514,7.730737514534664
7.234747786946883,7.7228474332965975
7.214999530375538,7.7149031744888745
7.198491908539104,7.70663782161656
7.184150387100157,7.699019747185187
7.173307243034871,7.69350066677303
7.16282991757167,7.688841917939584
7.150880021359172,7.683794015992059
7.135744275508601,7.677224021223062
7.112698654469979,7.666474715736358
7.086801194015714,7.652474606101606
7.056701452558689,7.633022350178731
7.034447186860206,7.6167337027543445
7.012162679632659,7.600619984367223
6.9887700071561145,7.586041388414726
6.964790840596573,7.572679378072195
6.939135915088923,7.558338254723084
6.917944091772169,7.546855706823619
6.890707261801233,7.532457486783659
6.872962089500781,7.522059615893826
6.850069625193694,7.505459257170897
6.828376112776371,7.485215900634041
6.808364400196328,7.463212884444099
6.788555354635503,7.440700981793747
6.7678938678401686,7.418799993994517
6.747259081657893,7.399623647071962
6.725834480279632,7.381256599791691
6.707657246039656,7.365650444945935
6.686073049691797,7.345059932564442
6.666666683048433,7.322474165464145
6.649773757174335,7.297924773046562
6.63246210825485,7.266556794863678
6.622258277319612,7.245872544142819
6.611250008172565,7.222307742101395
6.597279844911497,7.190382571767962
6.586614559915168,7.162447739349565
6.576965370859026,7.134073207305297
6.569591052326987,7.11128568408107
6.561416352505478,7.082521506231027
6.555338360186754,7.05348560822266
6.551674579139356,7.026326274658592
6.549924076686903,7.002755231271172
6.549107604987596,6.978759364425717
6.549518121396272,6.956628719292772
6.550845421347191,6.937600746156428
6.552593944412827,6.91803269728289
6.554448274432489,6.90093438857929
6.557428884835661,6.876696690709537
6.561252429278157,6.850573872228141
6.566587505293487,6.8211316474835755
6.57341181757097,6.792155589936213
6.5817570926996,6.763879387424096
6.593029135282471,6.7326002129289115
6.601512737532513,6.710586506225226
6.612090896902381,6.683848902892806
6.621649351308729,6.66043391332651
6.631100382938052,6.637672180575452
6.640203657833619,6.617221434682213
6.6512673117991294,6.593882483184759
6.663356855238792,6.5708693994297
6.680281497353774,6.540118829876299
6.693197573933201,6.5149354369399415
6.703565057036387,6.49183663202601
6.713338016591101,6.469034067109046
6.723163075037198,6.4454774448641
6.731877851027961,6.421598438885347
6.73996444937993,6.398703091394225
6.747956114694455,6.373644577367381
6.755410577895145,6.34607712113759
6.7620804999874595,6.317715608958511
6.765949880932787,6.290725621706142
6.7664014500088285,6.267995587322403
6.762820604824117,6.2437686457423185
6.75550883920751,6.219444065908649
6.746340538032856,6.1958832015659775
6.736629307893739,6.171780868967382
6.72657032013522,6.143965854909477
6.718317242378875,6.118820057568064
6.7113976034923235,6.0931751073185785
6.705731235326756,6.066029086693444
6.701153254960481,6.030684026198779
6.701011173884567,6.008127914485113
6.703895422665393,5.985565103433198
6.709795976894653,5.963604215775302
6.720950488379428,5.933249672187342
6.729859156371317,5.911681665533811
6.741080592859205,5.8861614167711505
6.754643873957194,5.859924875515886
6.7665637650778585,5.839365825569877
6.776479910311546,5.824443503669775
6.789686573334775,5.805918107787128
6.802921360618509,5.786509750059124
6.817549294496107,5.76354124823706
6.831549344569182,5.741423774384293
6.844083492549652,5.723408571193609
6.855275595534701,5.709215987506009
6.862538682028591,5.7005530862535485
6.868297910199767,5.693226300424032
6.871208345140987,5.689015809782118
6.874665350785343,5.683764686282553
6.881028887403981,5.674704787510346
6.888368172308936,5.665302393859638
6.898977650121912,5.652645678754821
6.910523891387683,5.63873468898771
6.91777897378446,5.6290271303550785
6.926498634547486,5.6161124962713105
6.936796148719163,5.600126137221189
6.947680761819678,5.581826323549148
6.958586657800244,5.561584415196024
6.9668962334104565,5.545810904308631
6.975160487386759,5.529972622526431
6.984247342239618,5.512582266808524
6.996474392522932,5.489519088986012
7.010238579777729,5.464619289414537
7.02179377064048,5.4450826026359325
7.0360169359720395,5.422436454946649
7.052415586004716,5.398405384854437
7.070411713530844,5.374620675730083
7.088693890254123,5.351144507801111
7.104047050717604,5.329464758710704
7.118782161268181,5.305556116166928
7.128775511561824,5.2877400649093955
7.13973558576301,5.268490849863381
7.1527764489347705,5.247069367799549
7.167000698655817,5.226578487478655
7.178424126237859,5.211374042087557
7.191847798832104,5.192941941041967
7.204273768897448,5.175164253153452
7.214139496951616,5.160536363083623
7.223517100472831,5.146588623404401
7.232716715068472,5.133574743106413
7.241396329543887,5.122431451416534
7.254599054383772,5.105858103184119
7.268968666506075,5.087430239063767
7.285997318039903,5.06506070878839
7.302098384123396,5.043412034160878
7.316666656031443,5.0225536551429215
7.328353618973109,5.0041100873071835
7.338576566682881,4.986854556900171
7.346875942871758,4.970670608521489
7.3526551953656885,4.9571791947251915
7.355907281874842,4.947496560496779
7.357788239693096,4.940080893311847
