-1.800696780685482,-5.522057871359095
-1.7951394729368548,-5.545288311042932
-1.78958959499485,-5.568214876020335
-1.78447516499733,-5.589621699878593
-1.7820838926664209,-5.599748274039233
-1.7811639109885422,-5.603690936003052
-1.7811631970124067,-5.603687872035787
-1.7811641672686647,-5.603687657342549
-1.7811640731280316,-5.603689109898416
-1.7808728929494302,-5.6049440364360095
-1.7793128205326547,-5.611476193602832
-1.7758834774357317,-5.623803194093751
-1.771506682233667,-5.636590097506
-1.7623253931405773,-5.6575192302748425
-1.7492740260309476,-5.679177569934397
-1.7300944757231271,-5.701466294882111
-1.7072196478327921,-5.720267941665094
-1.6814623645832234,-5.735110711177266
-1.6542200750782534,-5.747372979182844
-1.6264905239028602,-5.758849917625397
-1.6045157045632263,-5.768745143735008
-1.5781571648393955,-5.783468847432034
-1.5532860855865154,-5.800428017845563
-1.5291788974343377,-5.81839606453507
-1.5059728626002977,-5.836843806909245
-1.485035988351039,-5.85404441091395
-1.4651922222627696,-5.870423778880206
-1.4499109654711164,-5.8826229138223916
-1.4342732132845413,-5.893916812467636
-1.4189738444786228,-5.903821462290867
-1.4025917894335527,-5.913556547308339
-1.3894914058860168,-5.921221880778033
-1.3753458517436261,-5.929624756203802
-1.3585892299307731,-5.939929615533561
-1.3410198468862737,-5.950998301370709
-1.3212858423051381,-5.963528084379098
-1.3012031919945881,-5.977043675451572
-1.281113816193728,-5.990807940856379
-1.258524820576661,-6.00510844063522
-1.2391350115708757,-6.015886977895238
-1.2124200929134785,-6.029062758343643
-1.185470890682304,-6.042012145937819
-1.1604291118477976,-6.054800204240908
-1.1390237439266806,-6.066388842641602
-1.1220754907902604,-6.075798188949696
-1.0983660737359682,-6.089948422853108
-1.0746989460011138,-6.106154388323546
-1.0508700428560727,-6.123554787758588
-1.026438384494408,-6.140623062220054
-1.0014774670309938,-6.157048093178487
-0.9765738945865765,-6.17281571991268
-0.9543274866718762,-6.186160690490359
-0.9377979674890324,-6.195362070710983
-0.9144789641420772,-6.207956197906765
-0.8904259598528059,-6.221991199155778
-0.8651410244068166,-6.237944974770436
-0.8427060056023342,-6.252522056530666
-0.8221289448631215,-6.266187663817375
-0.8007851406673362,-6.280757345150878
-0.7809407314466589,-6.2939224059408385
-0.7631348067088625,-6.3053452159956676
-0.7384530126167754,-6.320793740478048
-0.7131199982010744,-6.336041908988731
-0.6869849090570564,-6.350144056734135
-0.6602138640874001,-6.3636893117823
-0.633865282457284,-6.377410985656855
-0.6087552034752319,-6.389989966916258
-0.587524739082483,-6.399304348626383
-0.5599078582054416,-6.4098993972571945
-0.5266006659492608,-6.422402341961177
-0.5040022533398195,-6.430275240037115
-0.47538971779041267,-6.439138272809907
-0.4466092279757608,-6.447420281527429
-0.4184283747286345,-6.454422672157255
-0.3904362567743742,-6.459616190512918
-0.36148623690292697,-6.4619536979377505
-0.3377556688144372,-6.462078911908832
-0.3081807333030969,-6.45925401394181
-0.279313411564012,-6.452101211972083
-0.25122838238339606,-6.442075832103142
-0.22436761786848408,-6.429197219471012
-0.19848977514771574,-6.414186798646504
-0.17311665617975083,-6.399097410412008
-0.147610010469389,-6.385396659921035
-0.12011846181144234,-6.37308355610284
-0.09214950446837833,-6.36210990656227
-0.06985701185948937,-6.353344286414014
-0.0422843066659735,-6.341582684496152
-0.01440272113865859,-6.33032184703874
0.013764867842566779,-6.319898088489955
0.04204601686144055,-6.309850761796118
0.07025179633280042,-6.2996989064251405
0.0983889306524455,-6.289298428132048
0.1253555931899396,-6.279018275047466
0.1454605400797581,-6.271017052545365
0.17164005087047388,-6.261041569187161
0.20002075661862595,-6.2512467254591595
0.22814131650469782,-6.241117444198743
0.2544537225222014,-6.231617935422222
0.2782009984756237,-6.223654524698955
0.30212269814968107,-6.215760992341428
0.32287282846782306,-6.209472550436393
0.3423682764528584,-6.203223094904988
0.3619193128054659,-6.196757578203291
0.3790897278772103,-6.191260587546049
0.4065224210459498,-6.182123818720241
0.43482260751278656,-6.172422447159885
0.46270885980073245,-6.161759208254518
0.48664072836649147,-6.151784251580392
0.5109302525360542,-6.140664195720182
0.5369993960042538,-6.126844435414965
0.5614023401114474,-6.112765125661545
0.583723747051493,-6.098861294872432
0.6014691789910114,-6.086450208677447
0.6240763750034214,-6.069113337939756
0.6467039868548592,-6.049970905239216
0.6675494634200332,-6.028795753371711
0.6864208032497271,-6.005727579136125
0.7020467387960654,-5.980510050245415
0.7136728986908487,-5.953132420124299
0.7223835949894377,-5.924639076068861
0.7273513696378067,-5.895509283762587
0.7274561116519284,-5.866381119667537
0.725307577571445,-5.845263421963803
0.720857009774678,-5.82182920294372
0.7144368766905215,-5.795658278434164
0.7066887290949986,-5.7666913822007135
0.6990015058136964,-5.737679370170316
0.6914041669796999,-5.708634944948144
0.6844764435537731,-5.679408776696796
0.6779136486241482,-5.650098432879574
0.6738462815232611,-5.628423284036222
0.6699665978889465,-5.602791763701716
0.6667037768508567,-5.579896454507196
0.6629646440007071,-5.556611071624819
0.6586036227386742,-5.53401084995137
0.6537239028231029,-5.509961514886742
0.6484052361300711,-5.48450983287946
0.6431816962950924,-5.4627716564009825
0.6371784071873487,-5.437219017182996
0.6308445382415214,-5.407861056891178
0.6251377409184298,-5.378684203621846
0.6210631667691289,-5.354992928229355
0.6163976585581813,-5.325350437499128
0.611799445572071,-5.2957223771206134
0.6080625326974431,-5.267136371809913
0.6047353882367079,-5.237889493263851
0.6013499594629023,-5.20827340280351
0.5982284440051595,-5.178921342695957
0.595953460783144,-5.155720943386906
0.5938307167998437,-5.126355311624363
0.5920539353008014,-5.09640310249563
0.5904865985884574,-5.066977435274502
0.5896246287492978,-5.038958214327008
0.5897639905113978,-5.011990693860494
0.5907261023716878,-4.991575858021758
0.5927036737814113,-4.966267270978338
0.5954336564675908,-4.9403125935885335
0.5983885511719981,-4.911967608510978
0.6011890095556447,-4.8821523992742275
0.6038201232198819,-4.852309563394144
0.6056850970476042,-4.824422078263946
0.6072939399142977,-4.7976349895088495
0.6086204099234758,-4.773228760519631
0.6096127090045979,-4.75300636075293
0.6100229104033564,-4.726006415455784
0.6093650086523497,-4.699730009910024
0.6089854362936523,-4.6736395846354615
0.6099264709189606,-4.64595017675356
0.611222163153538,-4.618597323943751
0.6126043006709513,-4.589037724073927
0.6141933758484993,-4.559069998334604
0.61598847767587,-4.529254733599878
0.6179263185080599,-4.49975233763751
0.6197549250362079,-4.477230601980264
0.6221681403594498,-4.4482833544174945
0.6244727800620793,-4.418698594684836
0.6271850026678178,-4.3889411575713915
0.6298804154700716,-4.359122691575272
0.632161709249085,-4.331913885118439
0.6342865962785598,-4.307362792751646
0.636847797353721,-4.283440560811025
0.6400454003662949,-4.26085701969649
0.6439775316923686,-4.238429598036628
0.6489050681394282,-4.213887175350439
0.6525010260231455,-4.19487312752219
0.6563127002241566,-4.171492227449096
0.6603043623123934,-4.146516773094427
0.6642256493771624,-4.120642126772967
0.6674018264947454,-4.096565911945382
0.6696580508621051,-4.074411844503714
0.6714423902706808,-4.048376227966322
0.6718946909185088,-4.01857513497484
0.670444151815832,-3.988696975462167
0.6679321489923985,-3.9588595748267714
0.6648330736315288,-3.929019235222612
0.6620456283900968,-3.8991344433042316
0.6590892073641051,-3.869314577092893
0.6557058232697127,-3.8400705976991625
0.6527559252494849,-3.817071384019258
0.6490082682720547,-3.7873286267014863
0.6453478415309399,-3.7592291189160516
0.6418719904146658,-3.7356772989509626
0.6377651131374827,-3.712917464901226
0.6333676221137587,-3.6904661721518557
0.6290681269236156,-3.6670570514028187
0.6261588028271295,-3.650083966937735
0.6230895282346264,-3.630491887562922
0.6199183026890769,-3.6080606162711346
0.6173991481267026,-3.5866576786999023
0.6152791725875726,-3.560066927676851
0.6146344406231499,-3.5340105290931785
0.6154992670543299,-3.5069713649512604
0.6172646248648403,-3.480607415369911
0.6197303526027338,-3.4557210012861836
0.6233095897196596,-3.4326933340330243
0.6292996591914959,-3.4048117625000645
0.6348053697202468,-3.3815013498016193
0.6411266454850894,-3.3522593317590115
0.6458309676647365,-3.3227438802812297
0.6490911298940133,-3.2929855640945296
0.6521976029502511,-3.2631158991788487
0.6554742170427384,-3.2335585912564846
0.659449178097951,-3.203751319524832
0.6644704690523693,-3.17567735158868
0.6714097452336458,-3.146877300329674
0.677837242000243,-3.124319308402507
0.6856184733711717,-3.0957947387857936
0.6921544715644866,-3.0690780494179535
0.6972438601334666,-3.0453348110705636
0.7014527404795525,-3.0222784365660162
0.7053373262045373,-2.9965308685210874
0.7080399129623199,-2.9704500164768284
0.7109092036901254,-2.94432037633274
0.7134573841010761,-2.9182509838278654
0.7152147512104369,-2.894403853593342
0.715893424904272,-2.8766765988203047
0.7152309820356083,-2.855508847553206
0.7137481972769932,-2.833338705908001
0.7123904364201533,-2.807520853356888
0.7109654959411923,-2.778345771030316
0.7088927832340236,-2.7484638911320514
0.7063066623899467,-2.718594738212159
0.7032047738353296,-2.688809027380393
0.6993570848926377,-2.6590936668827974
0.6956128977695939,-2.6307709775092465
0.6928524843048477,-2.608806614212414
0.6902869974761753,-2.581354049237019
0.6889913914387346,-2.5550366163802574
0.6893607826997672,-2.5311639828884096
0.6914621702388317,-2.508057501254417
0.6952682830550804,-2.486940089984573
0.7007099939633571,-2.4664260656532186
0.7083853237048389,-2.4461468409140252
0.717693291886132,-2.429372472400824
0.729615707375777,-2.4138915542313835
0.7416530864567402,-2.400896705390112
0.759046443048379,-2.384028239504675
0.776621715164611,-2.36695521862244
0.796636387785529,-2.3458219799236786
0.8159832375032102,-2.3237876261483503
0.8318101191930759,-2.3027415763893995
0.8436889524054896,-2.285388117130951
0.8595462493354975,-2.2627868660047876
0.8781367719178299,-2.2392566905653273
0.8979705959036917,-2.2166742732432776
0.9155677399748686,-2.1968420567464633
0.9294975466313623,-2.1801515695476965
0.944969959688356,-2.160766601894799
0.9618464706425247,-2.139858420293116
0.9785302722544571,-2.119298147578084
0.9924549853240945,-2.103105494120255
1.0122478505250432,-2.081360168873414
1.0318143922243221,-2.0593159038341806
1.0498148763758988,-2.0367086844298554
1.0676269456810052,-2.013309621030544
1.0852114280317617,-1.9894389812575952
1.101451134200395,-1.9661218504443707
1.1178942373280476,-1.9410858515950322
1.1306375812125125,-1.9207884455832374
1.1457792792940473,-1.8950414218200125
1.1599348549677475,-1.8686716613731231
1.1732122297015268,-1.8418936446727066
1.185854929362973,-1.8147315260050672
1.1981103118811123,-1.7873631475271967
1.2102582193211366,-1.7599493991689414
1.2197949936587653,-1.7379414978857088
1.2312500538663043,-1.7102642479355086
1.2421793449080094,-1.6823610127876663
1.2522698323281019,-1.6542030421150964
1.2611040071025228,-1.6255998607513418
1.2688870848662515,-1.5982790962688165
1.2762061849237794,-1.5694420858147744
1.2827863091576126,-1.5402147740090522
1.2890405385127708,-1.5108830497845953
1.2942900453661017,-1.485709131281708
1.2986372572135003,-1.4638754529099516
1.3029839593023136,-1.440957305869004
1.30597920997402,-1.4252920917438274
1.3089668254064455,-1.4110085894188718
1.312903013563676,-1.3943938370549158
1.317584107817351,-1.376398843246131
1.3231569528495377,-1.3563444566841416
1.3265425200950125,-1.34449143582898
1.3313919123433997,-1.3276236712661833
1.3371479836498423,-1.3068668349254025
1.3442529266148928,-1.2802672965040525
1.3519539665430453,-1.2525975809846586
1.359852750293995,-1.2236559285031214
1.3676010934094462,-1.1952662536792493
1.3735808576506052,-1.1734187562559013
1.380737323539504,-1.1482479371680046
1.387460305771184,-1.1266881211262256
1.393128237337686,-1.1100139794731994
1.3982877453345073,-1.09520617416033
1.405732456342194,-1.0761087226710075
1.4152851901415868,-1.0548045911199957
1.426371809255393,-1.0336593632860414
1.4389977256891238,-1.0123285011930803
1.4522287352400458,-0.9919169470225545
1.465925891675964,-0.9729314464708629
1.4837189633341776,-0.9510136888688698
1.5009066045435269,-0.9324453573368924
1.5195680603177055,-0.9137355088809254
1.5352526858518567,-0.8977272413906708
1.549406270613401,-0.8824493958580938
1.5620999070380406,-0.8675486134518652
1.5739361458992585,-0.8523512101767449
1.582241376862512,-0.8404789957286506
1.5923284716772241,-0.8242964111199618
1.6019414130182228,-0.8063651764062161
1.6091355829833414,-0.7909727613332821
1.6166860567294343,-0.7723949504886944
1.623528499317367,-0.7533596046113324
1.6309214674173227,-0.7305979235578469
1.6382031372379584,-0.7062102184997454
1.6464641922792083,-0.6778359080031817
1.6525570287488345,-0.6577682253648262
1.6597068910638748,-0.6342484113847379
1.667436699360356,-0.6089949808672062
1.6745657374874419,-0.5844863715085417
1.6801969204193499,-0.5641245678631694
1.6848245045384023,-0.5455764229479207
1.6884307144406225,-0.5269818727528509
1.6908595991264852,-0.5099095199986106
1.6929308179867266,-0.48731218967718404
1.693295117535226,-0.46191365442217136
1.6922990111127547,-0.43489778441218513
1.6906297208854897,-0.40802970886352496
1.689361657757332,-0.38456790617960274
1.6886042041130647,-0.362994625373763
1.6879531885088674,-0.34316069618256184
1.6863152015712821,-0.3153971728539511
1.6831131252943226,-0.2856889170681196
1.678863974691591,-0.25612697603579115
1.6746757459184591,-0.2264114991337619
1.6703588938668215,-0.19675086219889462
1.6663182984928557,-0.17315988779362598
1.659993145163521,-0.1439515342313848
1.651647515345032,-0.1152938782518708
1.6413538128926681,-0.08722642308023168
1.6300249216867355,-0.059490856602431065
1.6183202526415,-0.031874459976182955
1.60703695178344,-0.004014853671384563
1.5969018049286325,0.024313593712803047
1.5897715808434933,0.047312784965118516
1.5821412731571292,0.07639646304902475
1.5752127625660983,0.10560493074202294
1.5690319741749035,0.13346174213046008
1.5630206825550894,0.16281191804630898
1.5577345812035668,0.1898539966124474
1.5540265424852027,0.20970317384510337
1.5497340386475997,0.2345992237668748
1.5463287959621848,0.26149173278179194
1.5442878446846282,0.28951062378935283
1.5431146345064415,0.31606739758095287
1.542654920131841,0.3443813886621844
1.543011700659398,0.3666911155275044
1.5439776454288143,0.390591352375363
1.5463782757702607,0.41596314151489383
1.5495931459375782,0.44110927368401914
1.553595261815528,0.46661271392399123
1.558659843931901,0.49337563157500275
1.5632425119888318,0.5171271669648035
1.5666246710445713,0.5370177313612406
1.5710621617601224,0.56626273171624
1.5745727572404353,0.5959525028681635
1.576382826305247,0.6258087693704815
1.5772717393888214,0.6557560535303968
1.5775144595802295,0.6849286426497397
1.5775103321172343,0.7106617220841471
1.5776927000922225,0.735605360288134
1.578277300718903,0.7650044629958797
1.5798549620178695,0.787745007445624
1.583540269170581,0.816264571649691
1.5888688790178829,0.8458793169391721
1.5953715960654076,0.8752116052158707
1.6022301708263216,0.9044391167727829
1.6097163024899432,0.9335329852886359
1.6176912811084636,0.9625044331405945
1.6264875183797127,0.9912173967984635
1.6336010212492214,1.0141296152648849
1.6415995145631215,1.0416551109733718
1.6484637758659753,1.0695092752862296
1.6537696207938704,1.098058213971347
1.6577492914381118,1.1267893949818693
1.6611222200034261,1.1564013205114207
1.6642256904869777,1.18616835748086
1.6662012089600873,1.2100061832490945
1.6679047595753989,1.2399138144387232
1.6689227961641293,1.269842445284388
1.6689804934365573,1.299782513975362
1.6684371883079634,1.3282565980335324
1.6674471897046876,1.3563629591523172
1.6659514782345786,1.3843455108982334
1.6648364480621656,1.4044171579020674
1.6637296417316487,1.4288939828599796
1.6630051003778625,1.4543355586758608
1.6631134353840222,1.4817326106530435
1.6642968132348208,1.511769464962208
1.6664179150602445,1.5417669627960815
1.6699153036004502,1.5716336334766352
1.673868198480689,1.6013818637868789
1.6781033672481687,1.6311044955192517
1.6830801601637175,1.660757656675884
1.6875644163111974,1.6843317653857879
1.6928904280969246,1.7138531416672675
1.6976502618862528,1.7379858355426858
1.7023334773278853,1.7582696215909703
1.7064696390987313,1.7745096025666787
1.710569800129805,1.7901510160917447
1.7156816583676568,1.8088190849236736
1.722563474509555,1.830892057263178
1.7280906650223904,1.8455419757523832
1.7367560250081462,1.8651124066261489
1.7466581940403896,1.8850416839677953
1.757763510313615,1.9070435869298237
1.7708476002018974,1.9314083764879029
1.7860664478244916,1.9570819774858847
1.7998505244520917,1.9799587828914105
1.8148843213651702,2.0046492713226347
1.8306147606789867,2.0282950381098974
1.8468675180585634,2.050654102743926
1.8613939215924529,2.0704998981843983
1.8728073114848174,2.0873235166545814
1.8872454978931843,2.1108952133533085
1.9007448518973677,2.1344920417862805
1.9147485192439357,2.160673714892274
1.92722464751509,2.1878112018141964
1.937912560677455,2.215640458091289
1.9470283094948642,2.2440450618383565
1.9536080749476663,2.2670998709394565
1.9617506742253532,2.294953665207079
1.9697282852587328,2.3202466877173413
1.979188203811344,2.3470553271512
1.9897642188737774,2.37290886714141
2.0003504798199914,2.396451241086297
2.0102248574171866,2.418045117336121
2.016636016792938,2.4332094011815104
2.0250406420249614,2.4545322812145
2.0355059332647927,2.481360554337574
2.0461795809474617,2.5091786615762652
2.057237697460699,2.536984679020393
2.0680450194893822,2.564824629076989
2.0779192427421096,2.5926701856084593
2.087664730087771,2.6209290292565504
2.0975503299028526,2.6492849069565927
2.108412594151129,2.6773286079368797
2.117752648696391,2.6994849991500836
2.130170243839481,2.7268503605437586
2.1433893511028357,2.7538276949781104
2.156895001665093,2.7806210918700094
2.1702150973390313,2.807475226431437
2.1828809214323375,2.8345981829993376
2.19483321095213,2.8620847380290666
2.2062157990716726,2.8897667795566337
2.2163326067402562,2.917919818631217
2.223729389617986,2.9407108892520997
2.2338609758183945,2.9751601691167546
2.239417661030678,2.9984288484158697
2.245288513068973,3.027746862775991
2.2488352650024686,3.057360866435924
2.250657661637535,3.0872614061557906
2.252822918960301,3.1172689716565456
2.2570023923556373,3.1471043906510285
2.261607035443173,3.1707280030721394
2.26781968337664,3.2000598508284632
2.2735653967483214,3.2294874913682308
2.2793605273085102,3.2589367645161755
2.2855518973555267,3.2882820687504255
2.2931488395262285,3.316286380867829
2.302289226003346,3.3446901436715146
2.310542784593664,3.36906330571063
2.316452856606614,3.3855579745383384
2.323240383662526,3.4024679052885207
2.3334649257906412,3.4246303341061988
2.3432246687508087,3.4444873905646993
2.356642869337782,3.4712517204898954
2.36965289211243,3.4979381329282293
2.3821616305091067,3.525199383723585
2.3950570128452062,3.5523026014821037
2.407033499166413,3.5789998024348804
2.4178805805478603,3.605778832670809
2.4281263635773938,3.632715318941073
2.4368385468628895,3.660216215991865
2.444984267818985,3.687523802943694
2.4507156637698024,3.7093693926069493
2.4548799331186295,3.725969646386232
2.4610302681889507,3.748384993656668
2.4683257761803348,3.7733157058760978
2.4775841566319654,3.8015670681486275
2.488096528791828,3.828726725099745
2.4991558386001294,3.85559205872489
2.507971914651251,3.877908259436213
2.519674210201893,3.905617684002421
2.5321383074011785,3.9329336973957325
2.545508990577382,3.959902971488041
2.5603129034182683,3.9860695760089806
2.5751259209715385,4.0121028915792145
2.5891424060395645,4.038560734333215
2.6028068539911686,4.065289517662657
2.6141437341758667,4.086474001943271
2.62840048848697,4.1128590964177985
2.6423673911867196,4.139374213435063
2.6555330012756606,4.166231809629713
2.667265973890574,4.193733072386928
2.6774795499874657,4.221821599676167
2.6854494088373206,4.248052391945292
2.6926880760279928,4.27491099072945
2.6984165655726144,4.296680092843084
2.7056060606763492,4.325655980475532
2.712428657763525,4.354841725918826
2.7190933289718457,4.384091535160607
2.7255854031336635,4.413375808428493
2.73230356527973,4.442649226912117
2.7382711426019317,4.465946238900878
2.7464933444666597,4.494837379261536
2.7549112304905203,4.523619849711656
2.7631823305294816,4.552262716535525
2.771845969210648,4.580999112510561
2.781354464617885,4.608951977093024
2.791891367725552,4.6365814185893095
2.801932101882488,4.661504817079354
2.8113657697754904,4.687523113770822
2.818833427453607,4.7125427555967745
2.8244873823074683,4.732677557170629
2.832422330427104,4.757416220391295
2.8407611849084526,4.777200484114999
2.8512767447623433,4.79668567913672
2.8626231760268577,4.815833591860816
2.875717315064135,4.836234114598621
2.889946321332731,4.856592500012424
2.9022079787011785,4.8741873958261035
2.9174813751927458,4.896415777694638
2.9339433456254973,4.921315302226074
2.9485195143611587,4.945967121133047
2.9593666761008874,4.968021864914976
2.9659769669237424,4.986467052003519
2.97153610090198,5.0099690593988635
2.9738211548749596,5.033009396550561
2.9724803147714924,5.052730630717777
2.9685268272601957,5.071402176611622
2.964104831097408,5.086491447198807
2.956779103811291,5.1087599818003655
2.9494537489652752,5.132018123929537
2.942960486017786,5.1584489133642775
2.9375639089597305,5.187235916659637
2.9343295880949207,5.217111420847248
2.932723561301774,5.245350440699515
2.931551982270208,5.269372890520283
2.9297029526077045,5.2914020956742265
2.9267447673058284,5.313553380141803
2.9238355100532516,5.336103805903674
2.922031810844696,5.363123443947181
2.922257539666548,5.38590637822945
2.9246656840252623,5.41527852538538
2.9278672673954547,5.444002187606819
2.930102623766357,5.469605776874256
2.931166655658161,5.494717468848509
2.932285325647066,5.52010679649135
2.934668975479049,5.543266860375285
2.9379704135705627,5.563413704838671
2.9421124104747007,5.583243084731861
2.9459478276045337,5.599574948091464
2.9519403426473856,5.623109550230863
2.9582655132059807,5.646877101556664
2.96483430300264,5.670649045159651
2.9718435466538433,5.693674166869895
2.980736060409989,5.719465270633282
2.990722021544206,5.745333437589832
3.0031152236889564,5.772487756855905
3.017111139481462,5.799148453678318
3.032578412381927,5.824945517422989
3.045433005508616,5.8452266702359506
3.061446832168355,5.870601861410231
3.0780690247110734,5.8956562265484775
3.0952274083966858,5.9202673376373856
3.1118611856131313,5.945153355664314
3.1277359548140473,5.970567029675696
3.1402688190358843,5.991024698203676
3.1558846602673234,6.016644242575235
3.171689479729024,6.042161974986435
3.187638019940603,6.067583871278952
3.2033580700644784,6.091973651574064
3.2187377233484433,6.115480085133246
3.231791791476776,6.135552652507665
3.248230884186314,6.160546748835244
3.265421227933703,6.1852034234475495
3.2830176140327576,6.209507865720421
3.3005751798918994,6.233849958638029
3.318601224423802,6.257871663071628
3.333206549301173,6.276917431969514
3.351131329996059,6.300926858157612
3.3682498470165836,6.324439656930211
3.3843820644936113,6.347124724404285
3.3983968111543743,6.368303168471972
3.4081376401608425,6.384497528920268
3.4211971584118577,6.406205970887889
3.436667173078903,6.430120116178496
3.4539227175234815,6.45473573782796
3.472254958841183,6.478499150834812
3.492397647989825,6.500916702389599
3.5137156150114617,6.5218600077557385
3.5350692653310145,6.542729985398251
3.5562632190359715,6.563952186093437
3.577349214001244,6.585273337330075
3.5940554743681576,6.602372741017799
3.6133754889658842,6.622900645106816
