-1.4822417550420168,-8.0868517063226
-1.4994051057547741,-8.096269620615614
-1.5201445442508872,-8.107735707631761
-1.5340365211404752,-8.11593581448948
-1.5357593473563578,-8.11700254448494
-1.5371362055543898,-8.11786761602313
-1.5381700433786254,-8.11852667195283
-1.5401331200186392,-8.11980892653234
-1.5402084567002052,-8.119859349366061
-1.54020743554746,-8.119859789137449
-1.540208553816224,-8.119860086501507
-1.5402088685885704,-8.119859857238625
-1.5402079723143356,-8.11985985226214
-1.5406178311101357,-8.120132983601989
-1.5476426808301595,-8.124846957749796
-1.5627203236691587,-8.135018401840158
-1.5822918103591574,-8.147901555065674
-1.607231696377956,-8.162868020861373
-1.633394072967172,-8.177502908455558
-1.6597034508253663,-8.191927673170193
-1.6808035756463957,-8.2034100471522
-1.707419713975943,-8.217336648385851
-1.7343229300771381,-8.23067579808947
-1.7612045139631536,-8.2439518713807
-1.788036602931723,-8.257396981387089
-1.8143065967460135,-8.270286102765839
-1.8412486855417103,-8.2835129880355
-1.8685361244106635,-8.296153723763911
-1.8955734648636275,-8.30697191082891
-1.9210865755390552,-8.315649120896191
-1.9437501175482834,-8.322991466573157
-1.9660314784001551,-8.331173634670899
-1.9900208046684986,-8.341646608990352
-2.0126961823575362,-8.35199621361305
-2.0374516141768777,-8.36348861147275
-2.0641551033405703,-8.376472350085978
-2.0907713661498475,-8.390044121127367
-2.115822031264522,-8.40226656596699
-2.143029853893791,-8.41382793980769
-2.1711681777584912,-8.424321703907538
-2.1996577522848533,-8.433904400729864
-2.228072727697939,-8.442599561022767
-2.2561051739444613,-8.451017993611973
-2.2847033399626953,-8.459985901174557
-2.3132764143228934,-8.46915681685341
-2.3361624980174325,-8.476359194585001
-2.3645835493975427,-8.485856179328994
-2.3928660841919744,-8.495772635335793
-2.4209647914916723,-8.50616627724613
-2.4483952946592686,-8.516997446202335
-2.476290409324803,-8.528043175421386
-2.5007277563949937,-8.537846896384044
-2.5175282459703108,-8.544919124024009
-2.534871678159063,-8.551995306665575
-2.5576959697051405,-8.560301242569013
-2.5831097317834164,-8.56894290881285
-2.608408730137661,-8.578636528349751
-2.6352814358348655,-8.591296106991223
-2.6619147222105584,-8.605052102139728
-2.6885928264371133,-8.618848366389642
-2.7156228543779672,-8.631919878350836
-2.742438513536696,-8.645230286848678
-2.7685564085075,-8.659786911463371
-2.793979444038357,-8.675545089798478
-2.818234819346371,-8.691733149359338
-2.8398370187442934,-8.705844099347383
-2.863100358557516,-8.719350493775673
-2.8886680466361656,-8.733013639685467
-2.914653103639556,-8.747419144679135
-2.940321913775909,-8.762772362557966
-2.9661293838688536,-8.77803824913543
-2.992105656288123,-8.793097584541234
-3.0181342630430668,-8.807989299411252
-3.0442232472077646,-8.822868176519487
-3.0704043846622806,-8.836825590806916
-3.0960345201034865,-8.850371808736964
-3.1169064510873254,-8.862122536309439
-3.1428007769496356,-8.87720434332784
-3.1686764151481532,-8.8923865275119
-3.1952294757416513,-8.906571301048244
-3.2224399723755486,-8.91858293835616
-3.2508803985446417,-8.928080228667913
-3.2803228863104126,-8.934555650698105
-3.3098761910120023,-8.938829806912505
-3.335659551839668,-8.942075778546672
-3.358992297780615,-8.944698251322453
-3.385653411799889,-8.946207310150191
-3.410431935258905,-8.946310822013409
-3.433181996633524,-8.946345650442455
-3.456275442090055,-8.94724338162663
-3.4801055203858002,-8.949332737256485
-3.5071573758008014,-8.953126654978966
-3.536776321669756,-8.957815591053606
-3.5651567694610073,-8.961962069352385
-3.594914307725306,-8.965247606368118
-3.624864502417553,-8.967691301560935
-3.654502854101662,-8.969836443811404
-3.6836114036363647,-8.97268662342366
-3.7135891341462117,-8.975162282802252
-3.743715976298131,-8.975679217141055
-3.7737106695856366,-8.974538925289435
-3.797325294795577,-8.973632646148348
-3.8215617564450683,-8.973364103184444
-3.8444662402491403,-8.973905513465454
-3.868529899886342,-8.975884349510737
-3.897055658974886,-8.979261456168123
-3.9259481569609784,-8.983257025649763
-3.9549227570795216,-8.987019380431093
-3.9849272519278993,-8.98893284545764
-4.014982116561286,-8.98907077152596
-4.044811814291481,-8.989306430438138
-4.071729593209714,-8.990313422810157
-4.101417560650206,-8.991915732757347
-4.130312861076533,-8.993665526576724
-4.15528107525989,-8.994916818834811
-4.181192423450882,-8.996378093841473
-4.208179757403461,-8.99850548137355
-4.2379776439813135,-9.000753335334588
-4.267982733944413,-9.002065499587028
-4.297697996925944,-9.00148166565672
-4.323449663574232,-9.000467533696309
-4.347654478525758,-8.99947974647602
-4.37664769038989,-8.99843668957596
-4.400606044346766,-8.997521646555022
-4.4305649488908045,-8.996012775722557
-4.464786802434618,-8.99472022610222
-4.48408673230805,-8.994379707574714
-4.512649638437499,-8.994313270374528
-4.5426731642871765,-8.994114349277105
-4.572638965933069,-8.993864914297276
-4.602617041428676,-8.994109104208308
-4.632505817643733,-8.995174904439292
-4.662366604746516,-8.997453717226087
-4.692320043692588,-8.999875136672953
-4.7203884587802944,-9.00053829804069
-4.7451178158160925,-8.999486586650841
-4.769317369810166,-8.998374837535993
-4.790929623653276,-8.998309327747275
-4.8143804271603585,-8.99893740120895
-4.839627421971508,-8.9990950148301
-4.865930330550237,-8.997691497645551
-4.893071743638107,-8.995589211059038
-4.9209484021512,-8.994661262951519
-4.949947993449306,-8.99587340845376
-4.979594052080223,-8.998874549909944
-5.002200833462111,-9.001415317751105
-5.025825544920908,-9.00354450208233
-5.049715578494638,-9.004051802538365
-5.0737344958417685,-9.002488316025717
-5.0975657871908355,-9.000167024727416
-5.121732985988362,-8.99873487025313
-5.149796839624436,-8.999217390724658
-5.178131755678496,-9.000489180923084
-5.2066168647456,-9.000585268529989
-5.234491852838335,-8.997628152541148
-5.262090963629434,-8.989880688492779
-5.286514004216145,-8.977873844831809
-5.308619881510442,-8.96106072474876
-5.3288491248644165,-8.938883570881293
-5.34508306511993,-8.913400014803795
-5.357571999415383,-8.88605161615816
-5.367522541393575,-8.858019236148484
-5.376854580969423,-8.829619921037029
-5.386024977599605,-8.801237099071137
-5.393776792652741,-8.772275733352238
-5.399546690631114,-8.743243916410822
-5.404060680957919,-8.71353607158443
-5.408091863741425,-8.686643742430508
-5.412254958747971,-8.664356840919188
-5.419088482188507,-8.635272362713417
-5.427988739637022,-8.606803040129334
-5.437695436519543,-8.58033110190478
-5.448233296708361,-8.55398274748928
-5.459765092861527,-8.526350190285893
-5.472771747952373,-8.49948086066856
-5.487535899288728,-8.473478867547255
-5.503259809447069,-8.447976383133442
-5.519167420191562,-8.422536534485161
-5.535381838838444,-8.397338828146612
-5.551645518258736,-8.372110694812305
-5.567699320512773,-8.34675635701288
-5.583948262541077,-8.321566302664444
-5.599768851099735,-8.297685825125967
-5.615333696294127,-8.27461450142934
-5.632146185533993,-8.249957157813501
-5.648051883968573,-8.224377524922694
-5.662162863945978,-8.197776344758433
-5.6718592975058435,-8.176868785061906
-5.683451993793854,-8.15088518361437
-5.696230393680703,-8.125619751248347
-5.712306352675007,-8.101298454956863
-5.7315690333833285,-8.07852443934635
-5.7520974853141515,-8.056707326791102
-5.771012588825732,-8.036134403138053
-5.789170039425737,-8.014751000854284
-5.80800432395707,-7.992492782688835
-5.82452815063614,-7.9737008667204785
-5.839819427037209,-7.9560291669910805
-5.853230194709099,-7.938571209386537
-5.866830120768285,-7.918133411251232
-5.881225855182503,-7.894449009607728
-5.896280745784847,-7.869089380662
-5.912462210737256,-7.844601544577905
-5.9313100507676495,-7.821569809963768
-5.9528248263602395,-7.8009549411878
-5.975782376041121,-7.781735734761722
-5.998796164347373,-7.762381824290089
-6.020496802846943,-7.741419847706659
-6.03986631109147,-7.718285995658596
-6.0575592180821625,-7.6939862689841325
-6.071600684549479,-7.674580653501249
-6.094418745041285,-7.647057320114195
-6.111583790178122,-7.631106034365357
-6.134078785355619,-7.6160964747346425
-6.158641503547662,-7.604212090265057
-6.184091915333628,-7.593980274793418
-6.211916459166713,-7.58331175074416
-6.239584566368362,-7.572526410229129
-6.265656389211476,-7.561250661164667
-6.291362937964367,-7.549438369935478
-6.316640544709545,-7.537922142587039
-6.3436168909766755,-7.525284260894268
-6.370933043148619,-7.513013461731889
-6.398591643556845,-7.501457052239186
-6.426407419019984,-7.490418962479312
-6.454469203016464,-7.480973773542932
-6.483249966953615,-7.472682991653081
-6.512097434368863,-7.464390806307953
-6.540957829794,-7.456714792048998
-6.570210122426145,-7.450507855557938
-6.599486059718834,-7.444847761936156
-6.624778764051346,-7.439144131090197
-6.649608129119582,-7.432803507807464
-6.670009582553011,-7.427290417644377
-6.697050045036743,-7.42024522462743
-6.72554696316806,-7.412860882274221
-6.753952469766049,-7.405866905607472
-6.783230747346838,-7.3996007686322685
-6.811330214994992,-7.394768894646428
-6.8389818753858345,-7.39122900293007
-6.86282237112361,-7.389071455231117
-6.892696525945574,-7.387494467016383
-6.919631591157094,-7.387323374419887
-6.9439138849439725,-7.3877957262776475
-6.970423391514392,-7.38874189809515
-6.997288496110347,-7.39067824311262
-7.021877635333513,-7.393535925796892
-7.046105930953746,-7.3975432343676495
-7.072313281583326,-7.402896890125822
-7.09881367523961,-7.408477433688126
-7.125730357027316,-7.412395298214996
-7.152416833757159,-7.412767541724894
-7.177055630420092,-7.408607607063822
-7.200795811161159,-7.400245094601975
-7.227059598704765,-7.387075117634334
-7.250898990872255,-7.370772094267243
-7.269942311952068,-7.352665059849737
-7.287175745042461,-7.331211315166105
-7.3035953804000915,-7.306526859489698
-7.316654951733583,-7.2815892280432335
-7.326489944192895,-7.257082970655941
-7.333739381842466,-7.236537787968477
-7.341416704604086,-7.212901461648919
-7.346084778348981,-7.196077562587114
-7.351215196375001,-7.173805761601325
-7.355555196410007,-7.149496172718131
-7.35835704804388,-7.127150321283325
-7.359670688141498,-7.106632626400871
-7.360309014391444,-7.085558725994098
-7.361614934078915,-7.064617615244101
-7.363632588069137,-7.043629058148056
-7.3653831653562944,-7.022594815854149
-7.367160894922573,-7.001761580127322
-7.369310738811404,-6.974848782065217
-7.3710861964575045,-6.947552034317992
-7.371866440011006,-6.9193361090036785
-7.370647530007184,-6.889417454395976
-7.368663589070541,-6.860002475506618
-7.366799694020721,-6.831297887807924
-7.364801492411491,-6.804084178347857
-7.362288336253832,-6.778833201932769
-7.358699902051231,-6.753251162727852
-7.353861549671749,-6.7257579039660795
-7.348690848388872,-6.697352055418788
-7.344800319710942,-6.677669518837843
-7.339061026292707,-6.652621968052347
-7.3303001707112605,-6.620472987291662
-7.323811218221141,-6.5991388814804175
-7.315249047843786,-6.572275109667914
-7.306674735027415,-6.546146636877769
-7.298589294611279,-6.519572869295436
-7.291769335755217,-6.492700039641482
-7.287182317852479,-6.463762634441416
-7.285656923534241,-6.434060799046402
-7.288596970476167,-6.404528427537607
-7.295257158509433,-6.375462559156732
-7.303613916448882,-6.346692916034632
-7.311358483263866,-6.319252740216903
-7.317849633129583,-6.293145470676165
-7.32411909825887,-6.26621723012029
-7.329908040040921,-6.237710423762817
-7.335077567159278,-6.208484804136896
-7.340749728649536,-6.179053946056816
-7.34660654359341,-6.149638854819111
-7.352331250755578,-6.120178199874887
-7.357034472360395,-6.09049684267525
-7.361552809206966,-6.060885452246481
-7.366075593497399,-6.038136729930702
-7.373008083990094,-6.011085612633483
-7.382335925169675,-5.977080888172091
-7.388974718414083,-5.9552738370566844
-7.398044555684109,-5.928275502794297
-7.407472716011543,-5.900732326339419
-7.418028667886376,-5.872724664878177
-7.429172918565269,-5.844892323643909
-7.440956234020925,-5.8173954352151815
-7.4538018224501865,-5.790345078915051
-7.467401913491659,-5.763683034396159
-7.482179448853371,-5.737687257016866
-7.496996533978693,-5.713650060391277
-7.51198917719287,-5.689048792500695
-7.526733921259354,-5.6631575019954825
-7.540275168624818,-5.636589482497156
-7.553107077154482,-5.6096352616254315
-7.565187000747236,-5.582098541970219
-7.575867570760442,-5.553978216647263
-7.585955457357964,-5.525714580746203
-7.595303366867345,-5.499752400128201
-7.605008402173725,-5.473144983464039
-7.613553581117563,-5.451417456819634
-7.625622806769373,-5.424059820761185
-7.639141142575588,-5.397373840780692
-7.65320637956457,-5.370854734237235
-7.6667851951373525,-5.344079299786602
-7.6806119389243275,-5.317517226706118
-7.694735132237064,-5.291152533870562
-7.706932954961089,-5.266389467730127
-7.717545108870661,-5.242978432707238
-7.7274436913640345,-5.216160284635705
-7.734368709389361,-5.190400329565866
-7.740349325440742,-5.163334672405864
-7.746766578685909,-5.13677924287403
-7.753187083537957,-5.11633718625227
-7.760061630756627,-5.097192137254704
-7.766413626955734,-5.077732244478383
-7.771152654614465,-5.0563237040538525
-7.772842062266599,-5.031907203688063
-7.770069491263588,-5.00698893949521
-7.763908833059349,-4.983135342049874
-7.75536864447118,-4.958129427361778
-7.745469627497236,-4.933335406635165
-7.735030125320948,-4.911038171392201
-7.72481606488201,-4.890875774647966
-7.715185661443152,-4.871084586607055
-7.708126310642289,-4.8557441006978665
-7.703681572783986,-4.845774215493039
-7.6994898242352,-4.836279984595541
-7.6941923715519,-4.824542609146091
-7.687139420748865,-4.809823487227849
-7.679022988427037,-4.794580646703222
-7.669782688678701,-4.778061172517928
-7.66163387406691,-4.762986859961549
-7.654271807330908,-4.748117656966104
-7.646451338823204,-4.731119993506754
-7.635856639566151,-4.707457449082711
-7.623881324201218,-4.681999494215313
-7.611309168176332,-4.65627773770698
-7.59875162506363,-4.630763986502867
-7.586076234418684,-4.605539087765351
-7.573586023847656,-4.580174418758016
-7.561011899315,-4.554402245768195
-7.548396842595966,-4.527374102386067
-7.536512122510056,-4.500306961546507
-7.526338251982836,-4.4756053016109725
-7.515725838047545,-4.449780404020205
-7.505315325306084,-4.422591401119449
-7.495867031485956,-4.395675500353998
-7.489319635163219,-4.373979922625939
-7.48118475552156,-4.3459537395029155
-7.472859522899909,-4.317422874118696
-7.465905696566813,-4.290928648264074
-7.458753634348972,-4.263120290032539
-7.451086694634818,-4.235364419893017
-7.4429815514364135,-4.20645920226775
-7.4347400546430045,-4.17764936320743
-7.427440561694866,-4.148610493496819
-7.420991373037207,-4.119358672092271
-7.414445596210543,-4.0900297461881445
-7.406978730648318,-4.061244898755487
-7.399531758222056,-4.033480877121049
-7.3925384345058776,-4.004721805224023
-7.386567465050952,-3.9770986185415835
-7.381285739207313,-3.952161063658161
-7.375342385854746,-3.927443502413168
-7.368490174989706,-3.90129264505966
-7.360421345536476,-3.8732410157178974
-7.352314977705708,-3.8475806639414367
-7.3435458292521325,-3.8233419618490214
-7.332609772435833,-3.795495308063148
-7.320331182736912,-3.7680314666513994
-7.307077838423768,-3.7410517534279575
-7.29604685769531,-3.7197253751705155
-7.282059054642961,-3.693177926209446
-7.26871619211057,-3.667305989770298
-7.255585578776562,-3.640748205067414
-7.243176670937608,-3.6136840431861574
-7.232056010743562,-3.5859205014040487
-7.222837447021331,-3.557893529934101
-7.214961094299241,-3.5297298644663915
-7.207380633978476,-3.500754215117017
-7.201583186841202,-3.4750908389394484
-7.197266511670484,-3.4476423269700462
-7.195116622674503,-3.4262335648629505
-7.194433207718045,-3.412994356337819
-7.194242078686921,-3.404224379523026
-7.194019308154403,-3.391408637679075
-7.193317022301501,-3.3755515241297074
-7.19259785323947,-3.365839770714153
-7.192106712780356,-3.3602059092414094
-7.191631711211522,-3.3539722309675066
-7.191000638231443,-3.346512560583296
-7.190077901122382,-3.337678348221788
-7.189161061445348,-3.32662921053492
-7.18837551737054,-3.315749621227004
-7.187515851916135,-3.3052412301052683
-7.1866989922879405,-3.2963869206056335
-7.18551787954819,-3.2858491905456573
-7.1846884133832605,-3.278502641114456
-7.1838916495763705,-3.269117893228272
-7.182716758764309,-3.2527681991848882
-7.181686381282346,-3.2396746665341007
-7.180828074007142,-3.2286259174765397
-7.179105550791976,-3.2117985231434547
-7.17709967864029,-3.1930486978922152
-7.1754505817492396,-3.1751915769411925
-7.173768554230038,-3.161555729487572
-7.171701298102411,-3.148955313827301
-7.169353665479333,-3.135443099443709
-7.166445994312028,-3.119106991495764
-7.163699821184958,-3.105155439651107
-7.161651299796137,-3.0950382352482775
-7.159985934456717,-3.0858524347883387
-7.157969461099019,-3.0713197804201586
-7.156017717168787,-3.055568323287236
-7.153543612585243,-3.040129119513208
-7.150027085150813,-3.022287114062197
-7.146664190811514,-3.007525042829543
-7.14331842206703,-2.994902562734441
-7.139150543421576,-2.979690973569343
-7.135287966613036,-2.965599045928091
-7.132712718037061,-2.956678132656404
-7.131263491251142,-2.9522079651455964
-7.1300440600423185,-2.948697186754902
-7.127433653520444,-2.9417920024128956
-7.123623674069782,-2.9320902711123145
-7.119360750797145,-2.9208062142007183
-7.115378865617357,-2.9103899713718038
-7.11089179712357,-2.8994827216870998
-7.106563094949718,-2.8902237885150597
-7.101346836078042,-2.8793216178619505
-7.097411409712653,-2.8703157604517675
-7.09318904053782,-2.86044207407314
-7.089665581932757,-2.8525550745061623
-7.084957357620159,-2.8417715939861075
-7.080058158048642,-2.8309891584591242
-7.071554897430921,-2.8138772789973636
-7.06139580443559,-2.793883914871176
-7.051606105188323,-2.7721417217644544
-7.0417197685265895,-2.7474217604820823
-7.03105127840505,-2.721076702900641
-7.021918583944043,-2.699819289039525
-7.008814737219094,-2.672769094761143
-6.9938170369901735,-2.6466489456469837
-6.977223793955322,-2.621537557536208
-6.959567093570893,-2.5971893105285506
-6.940638932877447,-2.5737507961164146
-6.919390022058211,-2.552281191846516
-6.896051675800189,-2.533204298446411
-6.871819703263408,-2.5154413199468415
-6.847777419437032,-2.497610030962464
-6.824630167207102,-2.4787071472382936
-6.802358299510238,-2.4586765989243853
-6.780390436113479,-2.43827932033492
-6.758720948978653,-2.417596604485784
-6.737953331671497,-2.3970719998382077
-6.719303903569716,-2.3782035273148563
-6.701421504442412,-2.3586394321823803
-6.683125210002415,-2.3386912708018337
-6.664428825747664,-2.3200216154161466
-6.645159710808393,-2.301513879005404
-6.6303125519932635,-2.287425391944913
-6.611347541386108,-2.27012396255732
-6.594576168951221,-2.255420468318145
-6.57783518711039,-2.241259728305042
-6.559926338776267,-2.2264289364091936
-6.540379413634761,-2.210827281726802
-6.5183362857785125,-2.1933818039143556
-6.494542233764541,-2.1752389363193907
-6.472726731264586,-2.1582246573641655
-6.456539990392426,-2.1447463780276537
-6.443788102599147,-2.133592549294692
-6.426045514785185,-2.1179752594517556
-6.406082392836444,-2.100553720242939
-6.386518772832565,-2.084370678125307
-6.369789429395639,-2.0713746094844807
-6.3530934308532485,-2.0595453055165573
-6.331875170189853,-2.0459075639145423
-6.306903505546351,-2.031606779861268
-6.280205238095784,-2.0180720149479496
-6.2528855356417345,-2.005605325221613
-6.225305947571917,-1.9936783846071748
-6.198826153343702,-1.9829596349144383
-6.173416208156683,-1.9729238633937798
-6.1512942045086305,-1.9637657886400361
-6.13455908755563,-1.956247027206912
-6.1193704133661795,-1.948785839094016
-6.104335899234645,-1.941376182715373
-6.085101657413386,-1.931926527354929
-6.067456644405739,-1.9227154569453773
-6.045437594247223,-1.909753033077428
-6.021486164792245,-1.8929035559523018
-5.999409947804746,-1.8746105676736726
-5.980380443925581,-1.8573437903618892
-5.965133670358083,-1.8427724211439347
-5.953864483395809,-1.8314946134685632
-5.945019383856567,-1.8228409850553453
-5.935485000509666,-1.8147571458558798
-5.923659157514781,-1.807150179741418
-5.910681928897091,-1.8005318625003968
-5.897611009584127,-1.7943981375356066
-5.886501460535814,-1.788755674895052
-5.877160310023161,-1.783413744499373
-5.864220497515731,-1.7760015438392676
-5.8502482266003195,-1.768091189909262
-5.84328412281075,-1.7640434166251433
-5.8355902887567375,-1.759815504150055
-5.8243244079628615,-1.7542614074818788
-5.806722502480886,-1.7461235391436907
-5.78713283149237,-1.7368020025738773
-5.771763009107674,-1.7288650792896467
-5.756366387483815,-1.7211265932191724
-5.740030297809354,-1.7145024856643039
-5.720260232035788,-1.7088940307350957
-5.699972435625798,-1.704373664949142
-5.679867012581851,-1.6996536008639787
-5.660617162043553,-1.6934847479228357
-5.643433945067158,-1.685688500992325
-5.622535135294864,-1.674014295892426
-5.599015545534528,-1.658954395106961
-5.575406259113459,-1.643790795425115
-5.549782334477408,-1.629620371147849
-5.522957569269045,-1.6170369284784574
-5.500533112205552,-1.6070400163291576
-5.483602162303505,-1.5995276912138277
-5.47392143662455,-1.5951510679747565
-5.462745895061727,-1.5901754261361172
-5.452817384947143,-1.5856867615724333
-5.437409865296568,-1.5786800676152446
-5.420710838656337,-1.5707770238927643
-5.40127660063166,-1.561320137085379
-5.38230430674229,-1.5518208151738735
-5.363543990710029,-1.5420675915422024
-5.3475417110745616,-1.5330310300512129
-5.331654849074587,-1.5232306740728465
-5.312419780183226,-1.5107441433514173
-5.291665609692363,-1.4966703204033296
-5.270948471982008,-1.4816019967253617
-5.248753044429495,-1.4648950255289297
-5.225133815643958,-1.4470975671529849
-5.201091521139078,-1.429110981487479
-5.176684826433406,-1.4115651120471258
-5.151463892799802,-1.3951407512669212
-5.125540597683135,-1.3798992064840052
-5.098819905437282,-1.366001556642791
-5.071035854079497,-1.3542497878673436
-5.045554658509774,-1.3465628904017162
-5.019912049572422,-1.3418099858156178
-4.990058318824091,-1.3393678562806919
-4.960001874915914,-1.338878323750037
-4.937160548895819,-1.3385660714488408
-4.913456933015433,-1.3375028087483731
-4.888936611168846,-1.3348619765616618
-4.862859247852844,-1.3308144718684685
-4.835309565812457,-1.3264044195966467
-4.80760745989437,-1.3230626796478118
-4.780401570345812,-1.3199157943067477
-4.754903091066252,-1.316275483172055
-4.728423713959298,-1.3120216406203848
-4.703477164948296,-1.3070919633470435
-4.681195567464596,-1.3010507875235617
-4.659444714418062,-1.2935208123501216
-4.634978280718398,-1.2833669275193464
-4.612337176662807,-1.272935406734449
-4.586523317139815,-1.2611562235519014
-4.559678769793747,-1.2489336790030467
-4.537503324608191,-1.2388345249726413
-4.518937609345666,-1.2304315956694516
-4.501585030366776,-1.2232486036001948
-4.481153866381429,-1.2163194254399234
-4.460299252160846,-1.2110035621755673
-4.439366082570452,-1.206572139740833
-4.4227928747149,-1.2026917635897554
-4.397179678643553,-1.1941248682709762
-4.376439232190835,-1.1844130379426938
-4.360131784361738,-1.175848537163402
-4.337879092991367,-1.164457342133411
-4.310659303487073,-1.1519085738008434
-4.282934930575173,-1.140329231624127
-4.2550252920637694,-1.1292865446112463
-4.227268657321672,-1.1180234525014936
-4.199885987509274,-1.1061208872301596
-4.174083636502567,-1.0944079848513304
-4.147327552472943,-1.0814145045484171
-4.121103136626688,-1.0670131028674725
-4.095996020027873,-1.0529725334563984
-4.069904398412878,-1.0387409057289974
-4.044422831840351,-1.0236050935520233
-4.019378597165409,-1.0075871298875105
-3.9951437847139184,-0.9917257705660949
-3.974396425649425,-0.9781982422643168
-3.9500978497824497,-0.9618843712539337
-3.9253523475306236,-0.9450696931724397
-3.9056009082932106,-0.9314458975915713
-3.8811704152718765,-0.914142415741583
-3.8526661729958045,-0.8922452945995679
-3.834101338149792,-0.8775549563927278
-3.8132857622374776,-0.8612325139440598
-3.7908402729765465,-0.8443235935429688
-3.7668463216506334,-0.8263192473306853
-3.7430355931440573,-0.808110396092728
-3.7193600082860576,-0.7896907712092487
-3.696075527721529,-0.7716540097783557
-3.6723283229976955,-0.7533156232211526
-3.6482114291654564,-0.735391091220337
-3.624056332196653,-0.7176493938108914
-3.5999614420152497,-0.6997241861391119
-3.5759552066948173,-0.6824924811781703
-3.556952458331996,-0.6686501674259803
-3.537027948923224,-0.653515014998797
-3.5135397784061193,-0.6349203392190874
-3.4907820423038336,-0.6173001404865011
-3.46830435820263,-0.6006618696123658
-3.450378666562442,-0.5872607883942679
-3.424734670144313,-0.5651230588384772
-3.409535954912891,-0.5486642418741982
-3.391995880319263,-0.5271754310495037
-3.3749534861464334,-0.5057702723813062
-3.3571238740738996,-0.48321461692528034
-3.3384890967035363,-0.4606044673611777
-3.319070747391282,-0.43774450261198106
-3.300182355721155,-0.4145198660754498
-3.28175672016414,-0.390846804097715
-3.263347530655055,-0.3672469804422875
-3.244988762541361,-0.34356015785945193
-3.2271393140224913,-0.32026346102107606
-3.211425314375771,-0.2988192206816547
-3.195412524785693,-0.2762179541976522
-3.178751725450199,-0.25206086888674134
-3.164654478654516,-0.2312877699654923
-3.152177810427334,-0.21219053388068917
-3.1387755673751214,-0.19144380618623574
-3.125046023375939,-0.17021868256684514
-3.1153229578029755,-0.15575197710401817
-3.10076191860718,-0.13546557787656804
-3.0886269010271286,-0.12008670092570026
-3.0718357366415106,-0.10149890001804797
-3.053483727874174,-0.08460804644784145
-3.0328396022417334,-0.06937003580617591
-3.0121411839437897,-0.05794990049863391
-2.989693055177215,-0.04802973472795856
-2.9675382443492726,-0.03932505593974562
-2.947485292807531,-0.03192154115952561
-2.9247039227986624,-0.023540839783073256
-2.9013035758276584,-0.01546130950662081
-2.8764018555778663,-0.00705015502363625
-2.8488047193448143,0.003235529889411287
-2.8212155773160768,0.014864889064869158
-2.793755959323137,0.026913947834652507
-2.766302383601854,0.03905460113598714
-2.740200838172448,0.05039602748802622
-2.7155694899393104,0.06102445931771831
-2.6914890002467637,0.07207169559305983
-2.666950732432834,0.08369093619371697
-2.644558090399673,0.09354272082942468
-2.62503856999654,0.1014258921191341
-2.5984989051411973,0.11169444188585972
-2.5707674432552086,0.12197600088606905
-2.542581615263257,0.1317155539069601
-2.5141121086556475,0.14067650117463495
-2.485171572107571,0.14882878152005075
-2.4560842493554627,0.15622827653484098
-2.4270060617391587,0.1636396043992455
-2.4036883449419526,0.1693725532352718
-2.368778511277481,0.1780051548814721
-2.346500088369569,0.1843132380525391
-2.319628474205007,0.19382028812073357
-2.2945576184376644,0.20424079338317386
-2.2676619643168743,0.21567754051545432
-2.2404035714982964,0.22788861571238675
-2.215652611329261,0.23964888863286626
-2.195493929367257,0.24956895326407386
-2.1731971482337302,0.2597651165935749
-2.1499465336658914,0.2688354223408662
-2.126375923354531,0.2772936927953855
-2.100867999970944,0.2874336118602476
-2.0763676781875238,0.2985515932682692
-2.051539560009557,0.3110950461070307
-2.026837399165056,0.3242268321032772
-2.0045175521638505,0.3364695060823114
-1.980139493191795,0.34955667448978756
-1.9534656782498547,0.3633554663500138
-1.9314836937615238,0.37451257624869855
-1.9175886366615342,0.3814376091676521
-1.8995963469803823,0.39023396659269877
-1.8752947436054925,0.4017363886753279
-1.8483359032154068,0.41397573169424867
-1.8209803777780231,0.4258527698441894
-1.7932666162806066,0.43730515519416857
-1.7656884352774809,0.4478641794114355
-1.737876332028604,0.45851319840268456
-1.7132148733060648,0.4678584442520946
-1.692147539505365,0.47533757393486226
-1.6693937869106912,0.4827284710871655
-1.6463764070859368,0.4895689319711726
-1.6243633919435834,0.49536743142341827
-1.60032293986788,0.5008132649615723
-1.573660962736589,0.5064343884439614
-1.545736038774059,0.5123784418472936
-1.51656316127974,0.5181727630706758
-1.4874463755879979,0.5236336454465756
-1.4595885589582256,0.5289497021547311
-1.4384270079019543,0.5327945702194825
-1.4119609190058786,0.5364637720480243
-1.3820795418499796,0.5388400857075759
-1.353977083418364,0.5389030249669473
-1.3291276075725822,0.5368835680919767
-1.3044549304599304,0.5343614670773401
-1.2824813739537178,0.5330192137437036
-1.2595780854184049,0.5328067847702881
-1.2322455917956299,0.533959546071055
-1.2031651837574817,0.5364951819517496
-1.1775768442325696,0.5391724160114142
-1.1498442979764094,0.542255577647102
-1.1201289547307787,0.5447895126031744
-1.0904791046678033,0.5471772324835618
-1.0608555342683867,0.5503589864011909
-1.0314846983282984,0.5538563515708179
-1.0058988126689552,0.5569765200144923
-0.9807152137681266,0.5604963961508197
-0.9541167417270185,0.564689290097994
-0.9291747855491503,0.5687445787880483
-0.9103051479583135,0.5717134706401105
-0.8878700012788341,0.5750591248448346
-0.8644185683869652,0.5781864399622739
-0.8410970535137767,0.5813414323844754
-0.8158012439812182,0.5849620443660326
-0.7875619235130624,0.5894709397559742
-0.7603282963313817,0.5942269515767176
-0.7326710592990673,0.5986889043918913
-0.7067404532535918,0.6030118014129137
-0.6848078292500336,0.6071181497056022
-0.6617046553183162,0.6116290416928094
-0.6377083384816004,0.61632797872168
-0.6109654873316617,0.6226270330001531
-0.5836073281091514,0.6305185947733243
-0.5561949909196174,0.6396180351263915
-0.5293871619576509,0.6497415237326603
-0.5017710047469983,0.6607812012306261
-0.47393687250890315,0.6719404752428398
-0.4460666754802042,0.6831111142559333
-0.4181971330456831,0.693384602132245
-0.38952024281208175,0.7024061062961648
-0.3608257460083871,0.711090794790155
-0.3322994299318139,0.7203130225290387
-0.3035742252824899,0.7291614156073016
-0.2745301090184062,0.7369688588020755
-0.2451056147594952,0.7433327004909832
-0.22128594605554963,0.7470546319834753
-0.18936983378108072,0.749622431007973
-0.1673445919751816,0.7504687245512326
-0.13762809769205617,0.7511460971931115
-0.11029287698489983,0.7510867303397893
-0.0818582626794967,0.7500521904854233
-0.05382137945477822,0.747915542333138
-0.025688409178030353,0.7440476003547325
0.0035244139376978587,0.7368708838478082
0.03178768339874798,0.7263549995418909
0.05932764463350235,0.7143703291245451
0.0869202136898264,0.7028512013025476
0.11511804894096407,0.6937686399990838
0.1430041808536931,0.6889115782760059
0.1720432871967821,0.6873035163241162
0.20179961126713092,0.6879402844852325
0.23131979809961484,0.6909620198185312
0.2602183036245698,0.6974756402902942
0.28838658029881137,0.7068210306264159
0.3163890466277939,0.7170531368438374
0.3448910191118409,0.7262116307809501
0.3742885027738877,0.7323025594615551
0.40402917139924016,0.7351734469580866
0.4335749418784379,0.7367733566095845
0.4633637336443507,0.7388272129947698
0.4930490794171104,0.7417740380763121
0.5168879992345693,0.7439394215253728
0.5457702652273136,0.7460786355478898
0.5739162086456785,0.7477173179879948
0.6020403632102167,0.7492718688682165
0.631850283192126,0.751230185983537
0.6604216275196515,0.7533824402327483
0.6851526394250421,0.7549613128503957
0.7079573837911568,0.755933432526406
0.7312666124184699,0.7567779899934615
0.757779169241588,0.7578044832064647
0.7869389827975165,0.7585996442173252
0.8160833492222639,0.7595186733327435
0.8409013803009159,0.7602493689789815
0.8653573928619702,0.7603899147439338
0.8872472457785926,0.7603307145861512
0.9078088668294726,0.7597868385367545
0.9243605735838839,0.7587356402820603
0.9426485520684129,0.7567899198169568
0.965763591671402,0.7536075020727832
0.9916769887269842,0.7488945023820481
1.0182725492934,0.7431162819011926
1.043217728470036,0.7369879502297719
1.0695591303998293,0.7297186721910387
1.0951445524669592,0.7219306220508334
1.1152278460932448,0.7147128417557422
1.130238338069096,0.7083747331603957
1.1452169449049414,0.7018844436009015
1.1596304963225976,0.6953901116862912
1.1704772843046687,0.6897997412253801
1.1825631900500966,0.6823847637241632
1.2015354619030172,0.6687189512279789
1.2213257681829763,0.6531909662023471
1.237093646147423,0.6403086196043108
1.2515570839685641,0.628120236300098
1.2630102093388391,0.6186379015240202
1.2747825649107387,0.6092181166725352
1.2875886979687285,0.5989889398905156
1.3033015788100122,0.5864830712040302
1.319722403527766,0.5738698140467239
1.3410412614754232,0.5585529362545947
1.3643900648552827,0.5438012638384013
1.3847910595596713,0.5324987837339692
1.40205460406419,0.5235930940361818
1.4107605452732699,0.5191855045162302
1.415809013175782,0.5167568313058782
1.4225963150572725,0.5137805848464502
1.4322519749342828,0.5100861793351281
1.4415639917217495,0.5075176067393462
1.4534321941977673,0.5059383388036792
1.4644897558055947,0.5065319524035422
1.479856206032235,0.5098299517100783
1.5002930699928974,0.5170291733390415
1.5224802459876232,0.5271849141280388
1.5401318223625025,0.5360067086157319
1.5699900748320579,0.5507663929937837
1.5969566105601887,0.5638849394051293
1.6183735730446296,0.5746680011421424
1.6449837677473256,0.5884178394092717
1.6759196135605483,0.6065076996594291
1.6938002558446017,0.6190185016913989
1.7179881753959394,0.6381593329926014
1.7312714960288398,0.6498063987410271
1.7461754699332972,0.6648487540674538
1.7602912233434618,0.6818259642628455
1.7750855747460343,0.704171104420815
1.7879730241779122,0.730740464333516
1.797489804826243,0.7589633462258932
1.8045673127378636,0.787974997775494
1.8099315653573247,0.8173918594227024
1.8140865443710967,0.8470487373549446
1.8173922678131345,0.8768163500110068
1.8202741172361083,0.9058299963140584
1.8224514884615048,0.9295000549936934
1.8235702278242576,0.9467895872441803
1.8239572394940857,0.9664504324533444
1.8239367698599542,0.9906309728752262
1.8240907546700176,1.017181161791828
1.8242559381523908,1.0443159702050506
1.823846171202643,1.0716134416674294
1.8229303010224431,1.1002231363407367
1.8217966093067763,1.1252280425115841
1.8200488830463362,1.1536134990500537
1.8179138454542996,1.1828042741654285
1.8149932598110587,1.2126173423620406
1.8118922957772488,1.2363129561478445
1.8068711155964567,1.2656832549612251
1.8013813678636288,1.2947416064217199
1.7959914711527332,1.323379195436972
1.7913320338209535,1.351834127290071
1.7872275920764233,1.3813680952568699
1.7842603946028626,1.4110545972807107
1.7813912289404452,1.4404102683445494
1.7775090850278428,1.4697951143618109
1.7734021487889085,1.4973258566385175
1.7702941863162496,1.5206912493237397
1.766896719255944,1.5438188099153594
1.7634743914577866,1.567208484856376
1.7606893476286944,1.5905238940122262
1.7593241520481209,1.6145836906819808
1.7601417385990177,1.6421983206897806
1.7625701189695062,1.6665766485486455
1.7660173292027397,1.6912331808452712
1.7691326860326244,1.7174372371225826
1.7710953855803713,1.7419419380173367
1.772421031784374,1.7686706417594307
1.7729368739454838,1.7957287965020727
1.7732022899496882,1.8201333061076406
1.7739572053152182,1.8460105162236935
1.7751145312808279,1.871410018487635
1.7765817300680506,1.8967486530963724
1.7784916915357252,1.9232660289051946
1.7800839942126718,1.9471963639983885
1.7821224681099777,1.9732063309027923
1.784814220364914,1.994166149472551
1.7903148026664357,2.0224604530481933
1.7974921622655924,2.0504936004998497
1.8046292575266547,2.074349656092586
1.8108068371892798,2.094053004370278
1.8175430641609025,2.1131306525805544
1.82377750142612,2.1291021268594448
1.8284034050680453,2.140026380067853
1.8326102172269976,2.149429718482012
1.8397347817189815,2.164588872880015
1.848253548672311,2.182231180403213
1.8574803573401686,2.2013866684214163
1.8658076294560753,2.2190796324995223
1.876150696847644,2.24168351026881
1.8852376181061263,2.26270019972775
1.89358188755629,2.284959058398728
1.9024020612227852,2.3096950354694856
1.9120000994544972,2.3354555789703917
1.9202351746034194,2.3574991239385104
1.9308836345735994,2.38539751093059
1.9404664456656495,2.40937861040139
1.9489434511896468,2.4303968766649184
1.9547763247852106,2.445042981841061
1.9624514402471465,2.4649333846715367
1.968751235111142,2.4819850248708906
1.9761165145677655,2.5013835247792
1.9841877897229534,2.521542708060522
1.9921356405966006,2.5394162664914974
2.000004211833938,2.5559223387440726
2.0060213910561226,2.568885510857883
2.012124453311621,2.5815628816913945
2.0203010273819477,2.5962300284763886
2.0325651720801723,2.6150400486019656
2.0478150484050066,2.6346251298436476
2.061819723697953,2.6497900475932075
2.076602643720191,2.663649535328707
2.0883721669221904,2.6729144196461605
2.0995137311498207,2.6798541677417784
2.1107113525419234,2.6857717623466764
2.1258830796552775,2.692493479920901
2.1357466526595372,2.696035836425644
2.145633484060724,2.698850995905324
2.159824189016352,2.7020083530594543
2.1809041816504253,2.7054911550972034
2.19778948965924,2.7076484742269207
2.2211972248069505,2.710459307819588
2.2456980954950883,2.7131011721615503
2.270775665874741,2.715242940527834
2.293390933996859,2.715930180460536
2.32049738048262,2.714735841422754
2.349925883679806,2.7123851125897054
2.3789258247805347,2.709343985911661
2.4070306309947243,2.7058719620319027
2.4347015526852336,2.7020947906671027
2.4629081643910693,2.6981428900131093
2.4905678470656247,2.6951814909805742
2.5185483176443513,2.6933883419826357
2.5434699836705046,2.6919142507368754
2.560533934269655,2.6907950219033765
2.572688284290551,2.6896195614641
2.582163336615361,2.688037731329095
2.595353410005519,2.6849690244474957
2.613265157468461,2.6801785995945573
2.630253549068848,2.6755356817504716
2.6461521877810354,2.6708133013339515
2.663933153036041,2.664659309853561
2.684739523604439,2.6571506153509414
2.707089954049481,2.649416313324434
2.7299582979260877,2.6423428406330913
2.756173301096815,2.6342089128842345
2.778760029217203,2.6263059948131295
2.7940449118670694,2.6198490206374156
2.809402842970551,2.6120990243979234
2.8287637949292486,2.6012203429886864
2.846777042406789,2.5903285717599265
2.8681603785494474,2.576611070554775
2.889584581228619,2.5614868251557845
2.9091693243277033,2.5463201212599467
2.9280960663365185,2.531566222031479
2.9467792174945324,2.516488831160799
2.966724838088736,2.498438963590408
2.9827388454896284,2.482154911354271
2.998912549661022,2.4629961953897297
3.018364479117738,2.4365041502091707
3.035088287868444,2.413626304396858
3.0534384257703286,2.3901760199767645
3.071502749494178,2.366472145677523
3.0835438644751147,2.348741111288137
3.098025931684835,2.324484569318322
3.1116230074523634,2.2979537698612056
3.1236041836358037,2.271481752328863
3.135025818296733,2.244271213967673
3.146115885143677,2.216743110879305
3.1566404566533564,2.19041630831234
3.166452004335847,2.1637233938300406
3.1750393765424425,2.135860389108879
3.182967425001282,2.1073575603202324
3.1912846145977736,2.0785855624223686
3.2004453249828098,2.0501130358839266
3.2117425675499147,2.0225760082451534
3.226863032029632,1.9970821381990238
3.245320827738216,1.9754698459234183
3.2636345997399343,1.9604614317828737
3.283756711692235,1.947707021778752
3.3007752257951317,1.9381098232840401
3.3263320894542354,1.9243636082059516
3.3529751559760097,1.9120649901731095
3.3802326717957527,1.900798902804919
3.4072694688159832,1.8886999316556579
3.4330918460782702,1.8739549880572457
3.455650485382958,1.8558218670420097
3.473414199996653,1.8370274990675877
3.4842454768624065,1.8226735006680075
3.4909143027384735,1.8119537878558098
3.496918922421354,1.8002584227539749
3.5046552139485763,1.7823568217047119
3.5116945937270767,1.7642867029635076
3.5192879959005996,1.7432786558585327
3.527732979123784,1.7176659864940307
3.5351181798782596,1.689975150615275
3.540286398703352,1.6606900405507983
3.5433552904313235,1.63219003314096
3.5447930823057483,1.6021782994585667
3.544888155035264,1.5742917293572845
3.544121643687213,1.5486305398476732
3.5435676831916356,1.526533169514136
3.5435859421725473,1.500183241679908
3.5442710270252675,1.476785345988803
3.545106452035191,1.4467396150643408
3.5444965399056105,1.416640247748216
3.541845618865292,1.3866182172825388
3.536931518721989,1.3569132762620533
3.5308000622355022,1.3280057933701142
3.525437570257022,1.3048325890910162
3.520126070820687,1.2826890497885985
3.515737316282051,1.264054893046515
3.510238092724251,1.238452613745222
3.5052582491331044,1.2140718620961684
3.5007457524841357,1.1896611954206346
3.496629114850477,1.1627868483454142
3.4937612788383055,1.139551889342309
3.491051501975794,1.1150839987231598
3.4878066118989093,1.086655376150869
3.4843167687182786,1.0568580103230953
3.4811023718447847,1.0270736539407286
3.47882856118507,0.9972073540882459
3.477016465622234,0.969143645531951
3.475793192507288,0.947633824656566
3.473706312755639,0.9178773686909232
3.47031455372239,0.8882138308995999
3.465710008041156,0.8585205299677471
3.460778571470615,0.8289257213978143
3.4558465824520797,0.7993422565823054
3.4509219010525394,0.7697503033310247
3.4465776582559684,0.7401460279325482
3.4435941263375764,0.7103651907248487
3.4411669690905793,0.6804810310884418
3.439077045055579,0.6505973684360685
3.438210816783885,0.6207133516690672
3.438998416464673,0.5908173934961082
3.440610621901668,0.5609006602699921
3.441814967154908,0.5311809896373743
3.4418109711641174,0.5012545462941549
3.440423930589491,0.47126606453824915
3.4385598339167407,0.4413252635647164
3.4365801599551,0.41136190495165487
3.434256230723198,0.3819924362083708
3.4324858103431737,0.3602960620398241
3.4308067934069473,0.33878626549213464
3.429850866928366,0.31641725591653225
3.430545889642309,0.29469229695451743
3.4337397280925286,0.2700623744254137
3.4399363561691474,0.24235233700438363
3.4487045767349134,0.2151356945586282
3.460127877454303,0.19177964610052456
3.4759311544995586,0.16948658235055825
