0.0187468266522689
0.037477080849904684
0.0512941181638381
0.06007098679544256
0.06077968770890508
0.060783789176417434
0.06078473070866714
0.06078647026669282
0.060787288212108326
0.062294542647221014
0.07306519713664662
0.09351404326640475
0.11690641366126654
0.14028240862651797
0.16436304859935602
0.18840718571063775
0.21258327591789955
0.23727748730701553
0.2662958225439603
0.29523819463695145
0.321039731612059
0.34197208658320827
0.3608518329280978
0.37984721850097725
0.4011378231563427
0.42606262222179675
0.44610035157831884
0.47125101404805914
0.4963331653213014
0.5212842189241604
0.5460921020154151
0.5725065684840687
0.5996534712933419
0.6268303685931444
0.6555100106134968
0.6851959129225536
0.7143771260053934
0.739754544238402
0.7650232902840166
0.78724757571756
0.8057417057207353
0.8227313509886919
0.8442867418811685
0.8663895282880816
0.8936151676210772
0.9231990217424664
0.9529422931153209
0.9815757296475102
1.011435033212131
1.0409154914225236
1.0708118549013368
1.1006143260989898
1.12634455258157
1.1508269366680475
1.179384524922992
1.2092017754109214
1.238987797037067
1.2688222463742054
1.2987052066970608
1.3286864823873776
1.358619955433292
1.3885270662181892
1.418512287387493
1.441919107709786
1.4697727547244896
1.499184606897411
1.5292134837781761
1.557865191597626
1.5848668200779314
1.6131129771174455
1.6426967414761084
1.6674560632097961
1.6893644483118904
1.7137073697885272
1.7377735544320523
1.7614672390404658
1.7903624432749266
1.820189184801539
1.8501372662515043
1.8800571318653698
1.909937977636681
1.9397591960343428
1.969621735976588
1.999263773008384
2.028985421514462
2.0529487187342688
2.0824297695239284
2.109319931152151
2.139054651783139
2.168540911923514
2.195866007947049
2.2253439766680376
2.2552756716223747
2.2853022257269826
2.314777155880881
2.344848000033014
2.37496384391705
2.4051073190659236
2.4352337543879585
2.459344828911003
2.488844574817334
2.516950765105782
2.5441324010088935
2.573784567290227
2.6038959225454277
2.6340182824504135
2.664092926276674
2.6937013685972877
2.716796804719909
2.7398563366403494
2.768576650022406
2.7965870688630576
2.8263055657146654
2.8560854660804296
2.885890440083271
2.915657248051176
2.9454701799936482
2.9753895030514528
2.999306381124059
3.0292277805305545
3.0590028560782128
3.0875632845295113
3.1150605406329133
3.144176345198684
3.1732981395513398
3.202126248659716
3.2319543061525673
3.2613128830919598
3.2905374249943113
3.3205258188284446
3.350539165127912
3.3805478657633063
3.4090430339933304
3.432367546746942
3.4624132464099753
3.492431675213293
3.5223971876765305
3.5522639651087013
3.582064191592417
3.611988264498141
3.641686113871499
3.6686167152071905
3.692911419342891
3.7141378824581546
3.7358712951721933
3.7595490254403137
3.777941299284505
3.794474436009649
3.8161517123665707
3.836430449170415
3.858779311831058
3.8825690919102516
3.904138010386942
3.927153534556093
3.9554799650627843
3.98554383228002
4.009577503042242
4.045662475583618
4.069726267393992
4.1057317789276135
4.135592890730386
4.159448460337538
4.18928944045325
4.218931951237309
4.247938350694905
4.276473765501162
4.306411327488028
4.336308366547648
4.366236154601853
4.39620759574731
4.42621679831171
4.456186084494459
4.486244563264392
4.514468761674267
4.540910583931119
4.57091157487678
4.600803157467101
4.629388987393444
4.65304275908422
4.682647826190297
4.712305365948742
4.736926834099518
4.760404954948248
4.789575684994799
4.8198803252043225
4.850077823033012
4.880159310385022
4.909289992411076
4.937382993679986
4.964744996319601
4.990118041618396
5.018602785837987
5.0477491728329085
5.077182040226344
5.105703584094568
5.134875666584494
5.1645013713470425
5.193781927301808
5.223716140011906
5.253537815846567
5.27840860556315
5.3021816585623425
5.329064579611149
5.356559647944083
5.385875781939817
5.413318303820194
5.439745394637109
5.465118246866937
5.4888813561303875
5.514408348428197
5.53564587572494
5.559010274887595
5.578272517915837
5.603255861860383
5.628904326902362
5.657303338637867
5.687309515011338
5.717311923348262
5.747367541168789
5.777414112548732
5.807435457385573
5.837459245948888
5.867486114088589
5.8975503969854985
5.927633991698944
5.957767622096514
5.987833164677008
6.017854321302293
6.047899564222931
6.077958231839315
6.10763721317925
6.137257048160721
6.167172361044868
6.197147697546054
6.227185999704295
6.2571925872104295
6.28713012567397
6.317126889996185
6.347081559239386
6.376982626249964
6.406855904966212
6.436611964869276
6.460605854655434
6.490640602798473
6.520629558430203
6.55055218121377
6.580538274975803
6.610588649096689
6.6403558811052275
6.667204057651362
6.685845978812696
6.705685278224593
6.7335523705522755
6.763523027920241
6.793432702284297
6.817285783514379
6.845349452248513
6.872842788623595
6.90046226598481
6.9283842596684515
6.958586670789273
6.988677522106215
7.018639866329351
7.048464039484297
7.072244543100942
7.1020711284979186
7.132035149376805
7.162126425079655
7.192315688495567
7.22247445886163
7.252508725111883
7.282421055830487
7.311929019160028
7.340152875026221
7.368525601356115
7.3970220936295314
7.421787792544619
7.445183313902773
7.467678012255883
7.491165795615587
7.51616390407238
7.536715736821975
7.563103831560182
7.586117676476153
7.6089346021135835
7.632151022988994
7.6589327572245285
7.682867623105756
7.709041530953001
7.7383906631212565
7.768212097171297
7.79811441636184
7.828062780515307
7.8578762515762515
7.887540722631553
7.917174291348505
7.946960013751365
7.970890124807662
8.00091676762554
8.031069678339104
8.060928001481779
8.08668369602601
8.112672546461413
8.138540310135232
8.164274520496631
8.189862839442815
8.215482057151814
8.241245513226017
8.262453646826936
8.292208335368233
8.322259687509604
8.351805730675887
8.381709893091939
8.41174805778912
8.441791242628257
8.471888503999642
8.50197252575154
8.532048619545284
8.562129151394736
8.5921102388158
8.621684637344698
8.647111108948682
8.664487501082245
8.689298835710638
8.713689426463132
8.739031762382567
8.765338454665812
8.789761371423921
8.813456546442758
8.838966361470256
8.866659060186505
8.896437929535145
8.926313544146446
8.950239736460368
8.986095178573494
9.010011362439181
9.039475114765557
9.068586866910623
9.098490790644897
9.128479777826172
9.15848062908636
9.188516761663704
9.218535510209849
9.248589244071809
9.276287874703652
9.303837763303198
9.331990634182697
9.360530784285144
9.38886688456133
9.412744165250402
9.442806416134157
9.471799318447326
9.501660100254076
9.531766945200596
9.561865744559297
9.591945478164684
9.621980215388033
9.652001472596464
9.681996911704434
9.711988589114753
9.741955655429551
9.768259854982654
9.786990063326842
9.807087082989653
9.826710531311223
9.84870570872234
9.874463249121485
9.904133079268593
9.934065602333252
9.964069905699361
9.992560304917657
10.019330958918856
10.04160396981634
10.062580049730833
10.082557214633749
10.102868859668902
10.130320283203773
10.16043235813599
10.190495908735766
10.220663839127853
10.250685640600832
10.278465896869994
10.305805857727325
10.334526497350858
10.364444220170254
10.388341769898766
10.418216561299072
10.448083748217247
10.47784276644377
10.50521093380075
10.531859383999116
10.56049600002986
10.58821187281644
10.613162296217416
10.637383957939964
10.659531428504371
10.686012477259595
10.715312364092094
10.743783206781607
10.770162918450753
10.79541923342326
10.817543555671918
10.843531130305754
10.870758211605004
10.900552137011067
10.930646722726866
10.960763876185068
10.984788004142068
11.014742203353553
11.04469487689754
11.074684298619601
11.104601707418535
11.13449634563287
11.164471342022658
11.19447588212152
11.224554534956013
11.254533287350062
11.284402206694216
11.314311176744317
11.344300201368004
11.374346008649827
11.403479722487564
11.432211743574054
11.461041345914596
11.489760195589302
11.51672335165849
11.537111927796875
11.558558417609369
11.580010635506863
11.603196165791058
11.62625909054798
11.648367247673308
11.670412083080489
11.695422572845677
11.722071637444634
11.750560639572178
11.779171095830543
11.806394977811191
11.830782030078954
11.85131895926353
11.872030376493724
11.900225266719563
11.92395467355295
11.949567527007359
11.976408391437156
12.004814676463013
12.029549699021402
12.058091073106345
12.088104212497644
12.118077796254552
12.147614221403014
12.177550830685036
12.207467620065948
12.237347413053849
12.267255790792047
12.29715958639847
12.327013837430535
12.356856584043
12.38671293230685
12.416226530598422
12.444739327951954
12.474304696430378
12.504281410291277
12.534257251650738
12.564234302069105
12.594277184677937
12.62426327114952
12.646451184160172
12.670978403601007
12.699051117258211
12.729001534546562
12.758835877713377
12.787122698651768
12.816312832122781
12.845985928107877
12.86958526888853
12.88806839087409
12.911941968406278
12.934865680364481
12.961654996581533
12.990985662641922
13.01495152206429
13.04493298630576
13.074743415840043
13.104808410686696
13.13488549181063
13.164876191013093
13.194860088434693
13.224887154535658
13.253201132111808
13.277613876874465
13.306872948293144
13.334369476685602
13.361759823295985
13.390793183271544
13.419787825572925
13.449044966386184
13.472975821449268
13.50290876402145
13.53282784851058
13.562388574981638
13.590054125145826
13.619568370444386
13.648961624531657
13.673536733894032
13.699826406508393
13.725775133711869
13.751556354720964
13.778340387856066
13.806020117410668
13.827526733466348
13.849415390680884
13.87619012052916
13.906009461116875
13.93594070530967
13.965889635031253
13.995794165611361
14.019708754390537
14.049567578910306
14.07947186204539
14.109290531741387
14.139048546535077
14.168922543625587
14.198840476493801
14.228814363669334
14.258778783685955
14.288746104106343
14.318775833214655
14.348180378838302
14.375936805498586
14.403347934244225
14.433365330530002
14.46336228198847
14.492695775308306
14.51846206540411
14.541503500748119
14.570136861718089
14.600186282914416
14.630217152745288
14.659953149385087
14.683577668852923
14.71139352069492
14.737818695409198
14.767563472940644
14.797520986435385
14.827576818709604
14.857558509471236
14.887491461508167
14.91753911230482
14.947586539082176
14.977524149767039
15.00700244813766
15.03134791497941
15.056684267295735
15.085576114446557
15.110045329874364
15.136791531695602
15.164652155697812
15.190954587730916
15.212038929433923
15.234136928719234
15.255176968648108
15.281791326247161
15.3116660805299
15.340306666910662
15.369550695620372
15.398489770475736
15.428532022146786
15.456984446893879
15.481694736575777
15.503843335916708
15.52746857645673
15.55545911557205
15.579933608932018
15.6023478186361
15.629686973926907
15.659640331985333
15.689604450328796
15.719613555542237
15.748742643958261
15.778545750792222
15.807980606799774
15.837425874138491
15.867443358003113
15.897034822022539
15.92615982971348
15.955097949691426
15.976243957669952
15.988532831251637
15.99354948142897
15.994781731356138
16.000467945173607
16.010071583196236
16.022003663979078
16.03376493286362
16.04979987439869
16.066010711436952
16.082740890325024
16.103914924195553
16.130711775531196
16.16087711812214
16.191040979017327
16.221191480219588
16.24972327264602
16.27791744083835
16.305214075698323
16.32944194637984
16.3521353361113
16.38130772565907
16.41138449621083
16.43990983057964
16.467430331248096
16.490715142946414
16.51667550531019
16.54409060894777
16.572104333153387
16.59654233775517
16.62224253613258
16.647961946169087
16.673641974111767
16.699393767096893
16.720842904255765
16.750155191347513
16.779431331388473
16.807445584375564
16.82878525382402
16.853550848282833
16.870167986332614
16.89172817987891
16.91784822196072
16.946836860952846
16.976996344540662
17.007071072447015
17.037110804034448
17.067121695559653
17.09681483335594
17.126339931312103
17.15616570188804
17.1861663822509
17.216136974921007
17.246085698143393
17.274946829684197
17.30231153883306
17.331061447785608
17.35930233541469
17.389222132258354
17.413021702276996
17.441397535620496
17.46762690795588
17.495571331799553
17.52340298041277
17.551019696419047
17.57941584941267
17.60727854812979
17.635741163021073
17.664347115099442
17.69428261067398
17.724197310436633
17.754017397738664
17.78387643652945
17.812398057235935
17.839241460178172
17.865349610819802
17.888708546167617
17.909559436868182
17.937777183742345
17.965409703937055
17.990639564166393
18.01439148206622
18.038330610725843
18.062629771102564
18.089942076152834
18.119626161043513
18.14960231385108
18.177715440749616
18.20541923510061
18.232084031451002
18.261104223510202
18.291030289033085
18.320972163733135
18.35088226603306
18.3808257542687
18.404838326150113
18.43366916477
18.462803134188064
18.489594517707307
18.514531247334265
18.540867858638737
18.568007727134514
18.59291827347531
18.61981609346866
18.646597198796865
18.67046264676441
18.692587131396518
18.714960970483112
18.737125825110244
18.757923662374402
18.780596535073414
18.806092064152022
18.8330140932937
18.860525441749672
18.88937413673059
18.91887885719431
18.94240137117829
18.96941939502388
18.9924928189664
19.019609668953276
19.042031189850633
19.067482093664324
19.092391572663097
19.11997564468917
19.149981009995663
19.179962006496584
19.209937384162533
19.239862674342163
19.268610424531662
19.297168848955316
19.327107532457678
19.35696644421206
19.386911312750076
19.4169127349736
19.447012572457506
19.477204913265396
19.50733063699899
19.53735823619036
19.567402687897367
19.597454110147595
19.626796833756167
19.65481491649737
19.682806601494836
19.703046503683524
19.72172451590332
19.74439709393335
19.770198556396753
19.79508421136878
19.818358294443144
19.840249437302727
19.866999293921154
19.89675879233491
19.925054619378734
19.95387412826476
19.983387272429965
20.01247710287468
20.041682945900128
20.071569780983282
20.101449301985728
20.13138382886714
20.16139746571966
20.191444469067378
20.221155126576743
20.246783194716212
20.270206542330484
20.292147923668942
20.318087946570312
20.34486745685653
20.373822799205545
20.403757921766857
20.426237083572392
20.453952436038637
20.482628052155196
20.511547743949016
20.53909037203818
20.56903122663839
20.599014436898784
20.6281657815286
20.655535842178182
20.683162548587802
20.708082705348897
20.730275436103447
20.751721437153712
20.772888098064584
20.793955860387694
20.81298590539256
20.83327364501375
20.851183301238347
20.87268802372514
20.89486476326943
20.91037397931774
20.932897664566365
20.949093183893872
20.970820040028812
20.997758344191887
21.025584962499032
21.05368249757672
21.07934290238136
21.105347685622462
21.132097133544384
21.159093973296343
21.18742756574159
21.21405055448123
21.242355565949268
21.271308868183883
21.301265404478606
21.331100267183277
21.36024194928654
21.38601789052597
21.413267978119965
21.437093586833583
21.466992003672562
21.496952124967446
21.525041290306767
21.548790164912752
21.57656422031891
21.60639505661175
21.636235648434738
21.66621032887634
21.6963105272269
21.726412146425773
21.75639373898507
21.786237750933935
21.816017198363863
21.844781486204543
21.87079747719552
21.897082265386835
21.91698092695346
21.942428471147277
21.967775016140923
21.992485333521625
22.01583787572841
22.039276148717235
22.06273683207048
22.08639659875515
22.1117934012435
22.14085981665653
22.170660071090527
22.20047052166365
22.230520016715825
22.260581244171757
22.290511720298344
22.320326206637606
22.350189081790955
22.380182700214498
22.410295184329804
22.43369783689016
22.464862090146543
22.48532388465076
22.511592941917137
22.53609631350109
22.560885060084605
22.584079094935863
22.61287110476508
22.642621548875894
22.67250130903912
22.70119197204317
22.725921269669474
22.751269015492937
22.778950229512667
22.80667086875562
22.83616104269172
22.86581945584646
22.895532667151713
22.925356435987272
22.948865479825404
22.976434635881667
23.006536714205364
23.02532686310982
23.053424156522652
23.083386723921297
23.112718308254447
23.142101045823562
23.168864055531518
23.19394770943444
23.21855265961997
23.238590475217688
23.260495670699886
23.286924300788396
23.31482625236082
23.337167519402627
23.357851367049758
23.380126986435187
23.408701587884437
23.43838866578624
23.468382865098768
23.49833322762915
23.5263998894509
23.555100054241645
23.581948038033236
23.608783320522672
23.63597818108275
23.658111703551192
23.685838346660425
23.714032841462
23.74383889653244
23.773797531796955
23.803772577476096
23.83353167868353
23.862720121050398
23.892164119315385
23.921616173857206
23.949983441826554
23.978990108893637
24.00413819537277
24.029200838387812
24.057443262628667
24.0870726745512
24.116885000543196
24.14682585020448
24.176844412313354
24.205146600177958
24.235143530429816
24.261979445725533
24.291278634331494
24.320344102829257
24.34965119050667
24.372197014338546
24.4015289937779
24.431520525801723
24.458129452680332
24.484174886939385
24.50824893116198
24.532868695361746
24.557507623625188
24.58401251489793
24.612057172305164
24.63776688091917
24.659645379409245
24.687745698946173
24.717815253838378
24.747884039542637
24.777899966079545
24.80744327302439
24.834898837650986
24.863499683161375
24.890999054424523
24.91780776194494
24.941563256185145
24.971468504185655
25.00131780174258
25.031250618923192
25.061236525705567
25.09128393914745
25.121302269618894
25.151281677909722
25.181296566454545
25.211352247752544
25.24097808957978
25.270610072733596
25.299464390711634
25.32782221187205
25.357575210417856
25.383291511985995
25.408516393763186
25.43645727180083
25.464892980180785
25.490096410131976
25.51611118587611
25.545018025801834
25.56792810911996
25.59743874809413
25.627035444162985
25.65684367421794
25.686797337600645
25.716796402467086
25.746795451549968
25.77684977757008
25.80697379590969
25.837076723973585
25.867154394977373
25.897164009233183
25.927201033186808
25.95735549681635
25.987221195988777
26.014522167737887
26.04453779883443
26.07427756816669
26.10389912784202
26.127503564461918
26.1568846080633
26.186188592206534
26.21562715859463
26.245199499503606
26.274893330534073
26.3047873303098
26.33107268150201
26.35034783782667
26.362394831538147
26.37886347136303
26.40206623736544
26.42582183331552
26.44944457637694
26.472930001314822
26.497103701566935
26.523490127425536
26.550025933755904
26.571024861104828
26.58972106760139
26.608543475954868
26.62679117027527
26.643859897710104
26.66444884271511
26.6836319542802
26.70843390468554
26.733415273261585
26.758534180139907
26.784745043833613
26.81123178786672
26.837742162256045
26.86320960308275
26.882376183650983
26.900424351709738
26.921284113095478
26.945779863345884
26.97173970836139
27.001225683788693
27.03137016043114
27.06144105981341
27.091457512294625
27.121368930500953
27.15066162570778
27.18020625406674
27.206797693207285
27.22806790306323
27.254707049115922
27.281308297258047
27.30613852662781
27.32857249755092
27.35306839618395
27.377437818367174
27.400287043853133
27.422550025427658
27.447707328291596
27.47678335306163
27.506611711835337
27.536590680128654
27.5666286784762
27.59457932982468
27.617746908971966
27.65213587470556
27.6758619332997
27.70531421494364
27.735351092660466
27.765439190863184
27.795520758553227
27.825573068329412
27.855609953225354
27.884900963137593
27.91180592616412
27.940514453959565
27.96845333967613
27.99845443841209
28.028413451224313
28.05784819780465
28.08643426473823
28.115152513615058
28.141372288008565
28.17001193429638
28.193755698708948
28.22364839415756
28.25357064703053
28.281369407728707
28.311321114426498
28.340599321575603
28.370682089135265
28.400699363955724
28.428795841122007
28.451973522651393
28.47338880112158
28.498438708364613
28.527936915850024
28.557029705697435
28.58519519347187
28.61311025053764
28.638082325215418
28.658986935305293
28.67645636141751
28.704292793344784
28.73426289000364
28.764222820838473
28.79415794878995
28.824118728396535
28.852709919873906
28.88259158609631
28.91104392157211
28.933597713133675
28.954121070376424
28.976562412026844
29.00140367880126
29.028062070988124
29.0563816953698
29.08369239143483
29.11041982938947
29.139978032676314
29.16971151001368
29.198285241687884
29.227751496799662
29.25771958063678
29.28774586001984
29.31782866372517
29.347888129842847
29.377619451053818
29.406185940348628
29.435237557046204
29.464877653556485
29.49435562444977
29.524206294407122
29.548103905447235
29.57791919785764
29.60783153790577
29.634746591244152
29.658523012590713
29.68234126504915
29.706016476214057
29.731594973164917
29.76132432294778
29.78980648258116
29.81909036918755
29.84865654888006
