-1.763176398681983,-5.516838227650704
-1.7650275227736676,-5.536023520660601
-1.7662064679875822,-5.560094332459947
-1.7654779532524665,-5.578137437529496
-1.763395728644886,-5.593003134564737
-1.7615667271444158,-5.601139626915267
-1.7599614188552466,-5.606905611385646
-1.7595988801038596,-5.60808864248663
-1.7595983805126354,-5.6080878930293965
-1.7578564827440544,-5.613673332900744
-1.7538075217071425,-5.626219137847986
-1.7478439260816963,-5.642569949174582
-1.7386697381309881,-5.66256993812156
-1.7241916438597849,-5.686844742111534
-1.7061362255604497,-5.710515658410742
-1.686085423895576,-5.732618044318508
-1.6640939117809181,-5.75274834039445
-1.6407495792770634,-5.771496626443634
-1.621854979780552,-5.786278827025057
-1.5980704344271586,-5.804509518909167
-1.574061700181181,-5.8224840881464015
-1.551285904801195,-5.839068656928882
-1.5285418877948949,-5.85507260950181
-1.5039219441019975,-5.872216596883908
-1.4800926295129693,-5.889147968947155
-1.4605058715020371,-5.903207035573763
-1.4324062923507028,-5.924223953895445
-1.4151939367911892,-5.937455174068239
-1.39471687930731,-5.952676830365171
-1.3738795840234022,-5.96713219855126
-1.3498638124175235,-5.983378300123877
-1.325592633566509,-5.9991099457603125
-1.3001079833119784,-6.014292854801666
-1.2739391920239875,-6.028896219232679
-1.2528115595062228,-6.040134110375068
-1.225689329043891,-6.052597679592029
-1.198913336296528,-6.0626056056043405
-1.1732710796402792,-6.070380584861245
-1.1500254454411374,-6.076401729984088
-1.12749148797204,-6.081585448538917
-1.1115525039627694,-6.084403123949451
-1.103433380418369,-6.085316064120068
-1.0942091033312964,-6.0856203311904356
-1.0883490682110963,-6.085459866630298
-1.088218148045123,-6.085459257683707
-1.088088494463205,-6.085438759885748
-1.0810468583692672,-6.083833394665248
-1.0660846474844161,-6.078932179866841
-1.0464631556631017,-6.070093982103918
-1.026539012126563,-6.058784345386578
-1.0128125390966871,-6.049939773106924
-1.006022879605362,-6.045198137342834
-1.0026878251021332,-6.0427982062014305
-1.0023756714135712,-6.042573651802403
-1.0025425180174603,-6.0426971762750235
-1.0020113179790702,-6.042320481528108
-1.0050393603350611,-6.044367516565046
-1.012770320462196,-6.0493772451134475
-1.0227667125362523,-6.055407508448574
-1.033780839834695,-6.0613467946405635
-1.0378976086251384,-6.063313246600082
-1.0363383223783198,-6.062640299393946
-1.0301965763666208,-6.059950716021623
-1.016243768227244,-6.05357304863245
-1.0018832751746547,-6.046960228324046
-0.9912272093774668,-6.041737840806959
-0.986142619324761,-6.039009819093637
-0.9834475859902976,-6.037466476133996
-0.9808729381829172,-6.035917906206867
-0.9760762412479927,-6.032795988822842
-0.9703029671347939,-6.028602800309536
-0.9622948331106538,-6.021937602904147
-0.9515540072866486,-6.012371576156901
-0.9342515071576554,-5.996332747359507
-0.912911297089364,-5.976317908157756
-0.8955260459798519,-5.959829750264796
-0.8734806983758776,-5.939445872654657
-0.851180263110125,-5.91934524057093
-0.8286375501858462,-5.899523951232302
-0.806000598388364,-5.879808172038161
-0.7825330744522455,-5.860907935083916
-0.7583061172454351,-5.844409559967806
-0.7328519589478786,-5.82958234138914
-0.7068835798124222,-5.816490649942908
-0.6840283349379191,-5.805831022807658
-0.6649084336058458,-5.797838077984063
-0.6472442554192489,-5.791207797148478
-0.6300863025504555,-5.78514999361194
-0.6107217277130685,-5.778229695622045
-0.5863289524032667,-5.769355879177956
-0.5581342611010406,-5.759129463414617
-0.5366797227060033,-5.751156745474258
-0.512074207841244,-5.74177505502958
-0.48427390442315904,-5.731851876636576
-0.4568969659788609,-5.722938366534512
-0.42907366204367753,-5.714039266167314
-0.40057987560949104,-5.705093275566008
-0.37254510600500873,-5.696830766491723
-0.3439791387162188,-5.688396239254979
-0.31549539650074476,-5.679358952183469
-0.2872231048237949,-5.669726814010249
-0.26462604721214983,-5.661651148166987
-0.23635323252974133,-5.651634167056172
-0.20820667308693355,-5.641330432023171
-0.1805697977666934,-5.630856809195328
-0.15281563252109776,-5.619709449709047
-0.12548133806553136,-5.607505524707877
-0.0992279113000799,-5.5948167805218425
-0.07649796226923503,-5.582551790517974
-0.052049971534282605,-5.567418841376686
-0.03346185595194001,-5.5546716911359875
-0.015054115874073433,-5.540360047729233
0.0021942883526220158,-5.52504242793204
0.021069548849709428,-5.506423081863601
0.04056240194540037,-5.486645853219154
0.05816366846390499,-5.467619781767361
0.07098895107225356,-5.451786814764286
0.08412520506861514,-5.434573097781131
0.09804805461219764,-5.416166547561794
0.11237185980456937,-5.397390165274265
0.12455299689201033,-5.381297042719047
0.13294166785082098,-5.370276153678017
0.14102202678278375,-5.359779971226613
0.15160637986601763,-5.34652958790334
0.16544824087225293,-5.329942447840531
0.1789850038361417,-5.3143635825489275
0.19199000652775988,-5.298335900360424
0.2049974457942705,-5.28098110810528
0.21613072803986677,-5.265315838186699
0.22716486930807112,-5.248887206478242
0.24103131514704496,-5.227868898648491
0.25478925256624196,-5.206697527320829
0.2683591278049991,-5.185078212058163
0.27950199111916735,-5.166332305370625
0.29151875090432583,-5.1457943947769085
0.3024183449993316,-5.127818902230919
0.31596664810494884,-5.106627579441171
0.3321681757862942,-5.083197467853366
0.3492904851666608,-5.05939620990042
0.36404166674791083,-5.038715659564078
0.37667586112217444,-5.020623622928302
0.3911814446564393,-4.998620872771011
0.4058968188383487,-4.97296771130127
0.4188925603796131,-4.94613526543823
0.43064795370827585,-4.91869861732669
0.4409907490030493,-4.8907690589282815
0.4499665125009424,-4.863415722662132
0.45736799829848906,-4.839222785248101
0.4632998514863102,-4.818916182509138
0.4704799452789354,-4.793458207278527
0.47692368441477406,-4.769781260370874
0.4823297950541599,-4.748383377512171
0.4868727073183296,-4.725596624957324
0.49044019238951264,-4.702595411275707
0.49379158182275557,-4.67481264120534
0.4964739105575518,-4.646816421110788
0.4993257146892067,-4.62238667090892
0.5037443001489869,-4.596029766398098
0.5090323696921824,-4.572770035724832
0.5170065146086804,-4.544269490807355
0.5260422474788854,-4.515699909148906
0.5351121838470162,-4.487106264577573
0.5440606604916667,-4.45849511385294
0.5524022415933987,-4.429742688045058
0.5598652514969288,-4.400742034316656
0.5654689410189777,-4.373066129349907
0.5685762329788986,-4.348518994552039
0.5703128229714078,-4.325595150076383
0.5709463089426362,-4.29573934895068
0.5696840835299763,-4.265844331567509
0.5676170519843362,-4.235965192670516
0.5644656422927944,-4.206228004411954
0.5596091288083447,-4.176743100110317
0.5532544008769759,-4.147515701645826
0.5449990128246752,-4.1188513381768574
0.5347863002598362,-4.090737881941773
0.5256434254155449,-4.068701119876732
0.5136731793919921,-4.042637841758489
0.5008227960830439,-4.0164594679637755
0.48826510446200305,-3.990712586289799
0.4759591177306049,-3.963362018835401
0.4652416201555506,-3.936361769737131
0.4557287946457753,-3.9107936210115373
0.4459594264441069,-3.8845938224463756
0.4351364398910946,-3.856634774878377
0.4242165825648137,-3.828669277609784
0.416129481650857,-3.8068957623296997
0.40797185183845525,-3.784534587930603
0.3995847144532321,-3.761513792444986
0.3911205328090199,-3.7383883878765496
0.38218801914222855,-3.7158328621157373
0.3717341245311182,-3.6916177207079732
0.3617207565735649,-3.6689256143405755
0.3503664330081001,-3.643720266254211
0.3400671267209,-3.622165598266291
0.32702428156476687,-3.595556319738005
0.31399569952565165,-3.5690697785405634
0.30058324840456063,-3.544041433668526
0.28714535065457014,-3.5215698110447744
0.2738418507800933,-3.499900254898688
0.26196091537229066,-3.480344655246951
0.2514369017335703,-3.463421028708234
0.24221559072965643,-3.449523060567702
0.22800045773546349,-3.429337128258067
0.21381772731801235,-3.4095896849370337
0.19857743216190274,-3.3885280030620706
0.18192140178115201,-3.3657767873098803
0.16534421287867518,-3.3439355760787546
0.14711148223467285,-3.3215202330040454
0.12900467703807772,-3.300682605285036
0.11058325316532673,-3.2800029470545398
0.09089882908558167,-3.2589301828212136
0.07023029187609332,-3.23719425929806
0.049472074461721735,-3.2155161073154144
0.03304462217657238,-3.198016155876609
0.012359055233147488,-3.176328625196005
-0.008233034112978448,-3.1555664482546675
-0.02792453675533158,-3.136954078248367
-0.046401222096488684,-3.119969289393377
-0.06445152108402025,-3.103336775187922
-0.08395921590977551,-3.0848739894722796
-0.10162069638248405,-3.0671646936152026
-0.11831589733220904,-3.0493600151375038
-0.13409815015574938,-3.030493602934099
-0.1521238067380823,-3.0070138700011615
-0.1680365244360825,-2.9840628434686107
-0.18060697707233592,-2.9640766039920763
-0.19562775849991534,-2.938002090461331
-0.2078578242924232,-2.913993869645244
-0.21784864642135843,-2.891894867797291
-0.2260767638123112,-2.8719765966826953
-0.23423027184067868,-2.8531279634485514
-0.2426534596842997,-2.835717090428144
-0.2533591941558792,-2.816659440144786
-0.2670931111418927,-2.794404476285201
-0.28325579811282714,-2.7700209534525455
-0.3005529408649018,-2.7456948316319787
-0.3182809457654283,-2.7217350084998544
-0.3368700819098261,-2.69837647979421
-0.3563515747426401,-2.675583247770456
-0.3719921014818663,-2.6574013726200563
-0.3918983458961723,-2.6350304323755807
-0.41243590870407926,-2.6132079268255284
-0.432872452504302,-2.591447176664983
-0.4520636850336926,-2.5704380531423348
-0.4682350453119011,-2.552917055921959
-0.4856995001498234,-2.5339215459578317
-0.5047059750340578,-2.5126843884761105
-0.5230448597576183,-2.4921296792845427
-0.5420621530219596,-2.471979289244913
-0.5628883466337473,-2.4512559172896853
-0.5846098971861352,-2.430611324504998
-0.6066707476242853,-2.4103169164387603
-0.6243816873774172,-2.394091979866316
-0.6461072884552969,-2.3732962656462555
-0.666714914732357,-2.351334890446016
-0.6853485440819665,-2.327582908956249
-0.701386639289193,-2.3020387806123552
-0.7157369125814901,-2.2756357072082083
-0.7301826023742458,-2.24943521642514
-0.7461433219676092,-2.224159433170463
-0.7619580968483501,-2.200465350910236
-0.7758674416928745,-2.178579903556917
-0.7863467100603473,-2.1604558055699705
-0.7942499769359062,-2.145930049791217
-0.8051018245475543,-2.1259555764225224
-0.8187716287120836,-2.10204227232322
-0.8330182109457795,-2.077393776801946
-0.8440363686127421,-2.0582133059366696
-0.8578708078890911,-2.0349081446905903
-0.8718983176006071,-2.0125707953241285
-0.8876915811913767,-1.9890267135183348
-0.9043050391352262,-1.9653130903297684
-0.9227698206678616,-1.941797267447573
-0.9418160035908582,-1.9186124710554917
-0.9569886132071592,-1.900014850434031
-0.9759318956838284,-1.8767426779647325
-0.9944362575634975,-1.8530632192890855
-1.0095831754996742,-1.832397853651868
-1.0230206154423187,-1.81391572615215
-1.0370398363218833,-1.7946806064746945
-1.0488645611938274,-1.777811506482928
-1.0600994063834184,-1.7614310720203692
-1.0715988873570266,-1.7446280210032208
-1.0826335812632577,-1.7291124064536156
-1.0913285520631502,-1.7173312222791286
-1.1029589118183536,-1.7020586714325496
-1.115961946856808,-1.68573474952064
-1.1297081991080002,-1.6686820289922786
-1.1440189530991205,-1.6497836451610597
-1.1600050348463078,-1.6263596497684645
-1.1749065059217554,-1.6008596899491756
-1.1881535042218354,-1.5746039513716894
-1.2002225053560343,-1.5484608737448893
-1.210614139182529,-1.5258864192693582
-1.2184289260509877,-1.5088413843075485
-1.228770790858418,-1.4872125377909913
-1.2419714163164761,-1.4627552381097786
-1.2568596838476063,-1.4390869279393443
-1.272757899005785,-1.4157807803511675
-1.288384405770418,-1.3929494899467505
-1.3040453694717056,-1.3692847374472674
-1.3204775503681991,-1.3441971823247174
-1.3368883271066583,-1.3191953665311675
-1.3530909146472117,-1.2939570306926726
-1.370100519788777,-1.2694156494412199
-1.3889631292142492,-1.2462323695369824
-1.4058364372415975,-1.226850873015551
-1.4216913713835773,-1.2100603093406606
-1.439846214942758,-1.1919231955436076
-1.4552815269037076,-1.177202288781962
-1.474609862091473,-1.1597690478699696
-1.494410855008559,-1.1424382975586522
-1.5147677212700525,-1.1245257149682653
-1.5339933821865093,-1.1072563634718215
-1.554751096721801,-1.0884613963691354
-1.57629840095215,-1.0677925430007713
-1.5955995088182477,-1.047586454422283
-1.61308153722757,-1.027562378768906
-1.6297507817718382,-1.0066830594676042
-1.6437074901468918,-0.9893273807932677
-1.662667076163639,-0.9673834596815657
-1.6836619604415637,-0.9461360513322802
-1.705873779092088,-0.926104140107517
-1.7286526919821528,-0.9065995529163953
-1.7515168873418572,-0.8872017595639584
-1.7747742171196343,-0.8683408164998432
-1.7936452419361415,-0.8535213862666661
-1.8173813190999355,-0.8352440278460093
-1.8413908215916723,-0.8172598870806009
-1.8636139255164343,-0.8005354506586314
-1.8848924529210394,-0.7849746540181626
-1.903410285429169,-0.7725575983599277
-1.9204329529551223,-0.7622442428773756
-1.9374641533479044,-0.7528401053469712
-1.9568506172762814,-0.7427868398599934
-1.9730886029241348,-0.7345071101950326
-1.9927634939563217,-0.7247399471986756
-2.0156376118166603,-0.7133704592988768
-2.0374939310531532,-0.7020223670539926
-2.0623609158909333,-0.688522243487952
-2.088616988362795,-0.6741514402418212
-2.1150938620074147,-0.6600589155497802
-2.141499032586141,-0.6457485097784119
-2.16247716794522,-0.6340830889946633
-2.188662186541126,-0.6194018722770082
-2.214680021730379,-0.6044535875351725
-2.240695130362447,-0.5894962143847358
-2.2664662478434576,-0.5740275076361967
-2.2918866098972908,-0.5580905211165113
-2.3173994677310197,-0.5423442402302903
-2.343243436862983,-0.5272276113248917
-2.3693631522259615,-0.5124990442200248
-2.3956354254437353,-0.4980609685241256
-2.4167774884013724,-0.4867354322291095
-2.4431666476089178,-0.472426168120993
-2.4693813977024086,-0.45774068402535933
-2.4950626495615627,-0.44209344208960244
-2.5203127087921944,-0.4258738039299144
-2.545362631469015,-0.4092842324642176
-2.569995490970233,-0.3920616625507875
-2.5892942844301214,-0.37771525901604386
