0.030039883903200292
0.054093107270707486
0.08406132659616425
0.09961255054098787
0.1039965440132316
0.10798053314354626
0.11753219032128079
0.12470732089489647
0.12787674229896756
0.12791895242032542
0.12791989810209461
0.12792157362091758
0.12792325782274855
0.13209016718148123
0.14630062509294955
0.16748818872380228
0.1961868915623912
0.2202769548266197
0.2503980613278265
0.2805001495684034
0.31058627703900044
0.3406556283267744
0.3707047588010934
0.39990323314350756
0.428678394044482
0.4520616095376604
0.4756248652082117
0.49740271385476686
0.5163340654698948
0.5405482448230368
0.5612340374844651
0.5837055612808212
0.6085240584818388
0.6366383464740684
0.6625366956937117
0.6888589958935334
0.7111945095894818
0.7278598390001905
0.7497650573239063
0.773080633471191
0.7984631485025815
0.8244500724690892
0.8493333246256743
0.8739421877397316
0.8981696876946146
0.9188487466139224
0.9454275778582688
0.9717737702168604
0.997573738663987
1.0234619162755105
1.049283052428241
1.0773830700754803
1.100912868249601
1.1302354058941118
1.1596518125495054
1.1889955307303053
1.218366515991884
1.241928135723869
1.2711226883197155
1.2985645952552722
1.3237243671060512
1.3467778642765877
1.3636662594157347
1.3849409946538755
1.4062526689462114
1.4275015819804968
1.4510720223328093
1.4778346587391697
1.506970480974736
1.5309486542135402
1.5608024000666787
1.5905479053820946
1.6204036321950661
1.6503245429418167
1.680278789938927
1.7102782473194278
1.74028650384524
1.7643412353546022
1.7945155050602757
1.8247543691352013
1.8549495978782786
1.8850453747373561
1.909036351710665
1.938937146464272
1.9688469747974522
1.9988417875141895
2.0288470301714794
2.0589045633678897
2.0890013419782996
2.119096350779674
2.149188851532582
2.1732767688522383
2.203415441391916
2.2332808880902637
2.2634602763935856
2.2935595971381275
2.3237003235106917
2.3538148771209877
2.3770803964699714
2.4050452910460565
2.4349554958954243
2.464065041996683
2.4911829385814914
2.518298054480459
2.540532761229641
2.5700574029442564
2.5995823481063955
2.6296135732956007
2.6596007713587873
2.689555310503164
2.7194697685005695
2.749411855313756
2.779439064265383
2.8094680770416365
2.833526878051838
2.8636035799934345
2.893655449231017
2.9229651919356843
2.952878806716468
2.982870769764117
3.0127890799395787
3.0427530785823147
3.0725957501291545
3.0964745819068424
3.1263710347384484
3.1563916165829697
3.1864003593643173
3.210323613140085
3.240174704860155
3.270083730480538
3.300109034274584
3.3302479989670197
3.3597841783541407
3.3895575399729223
3.419098216508673
3.441519695502908
3.468409236114905
3.49107009586141
3.5136118936632115
3.5351852081379467
3.555155546895935
3.574107401807262
3.5994295032688686
3.629087803513101
3.659142028123842
3.688771424661393
3.718686147854684
3.742687197778952
3.7727049773676296
3.8027203928977595
3.832716749055159
3.856745772080972
3.8867857780616233
3.9167903002447977
3.9467912674269185
3.976859597814732
4.007030552065147
4.037144604506173
4.067134540919998
4.097067727479901
4.120986255929703
4.149400428326839
4.1749919441591805
4.2005945938362
4.226696969758117
4.255318169824236
4.278965891500122
4.308702478904411
4.338663665654722
4.368753267702944
4.398863480388939
4.428963521784046
4.452991723553485
4.482182043023923
4.50859185587767
4.535454636326516
4.562213342458364
4.587834295433747
4.617718663231226
4.647726293170354
4.677678925936072
4.707620802835411
4.7314700266584735
4.756824345825149
4.77939096468491
4.801355918992451
4.823076031111261
4.841026966712657
4.86677444857537
4.894499275533322
4.9223494214856105
4.951810756917377
4.981865855153394
5.005823144899072
5.035817560773068
5.065840791576027
5.09589705716278
5.126035125439258
5.153382958604053
5.178539251739956
5.203494028738885
5.223243911908206
5.24781713133933
5.272259401335365
5.291904074887618
5.318180153612286
5.346379995718737
5.3701652242894
5.399822076317858
5.4293228499183455
5.459355183120678
5.489352759474849
5.5193071470930875
5.543246376513058
5.573210730662799
5.603238073563386
5.633237275140714
5.663155089171151
5.6888248154483065
5.716829445703218
5.7408131036818135
5.770796615157416
5.800848821636435
5.830839356521509
5.860776678282902
5.890764516443974
5.920752123115755
5.950691381307173
5.980293063569757
6.0012685259400165
6.024188332759505
6.043609165975532
6.060345288802281
6.074780793267945
6.0963757860979495
6.1249760695505
6.148951893988079
6.178896921546523
6.208862991146223
6.238401879474395
6.266808814759194
6.293196392025484
6.320683964926192
6.350026945276756
6.379566849864675
6.409181294185879
6.438693005158133
6.4627120229694475
6.4925314611736695
6.522357545444627
6.551252767656912
6.575379463262496
6.5990111748823335
6.622116523341646
6.641931438587834
6.661427287987608
6.6845530911417095
6.712495353953169
6.741686711019239
6.7713263014710705
6.800479677526157
6.824555472752236
6.843752425577867
6.869837428012693
6.8992160831326
6.929298497802632
6.9592865892443365
6.984755383820909
7.0062961194534035
7.021825248269781
7.042590866807258
7.067864834916235
7.093852711075728
7.122957474675814
7.152881370055443
7.182705327765017
7.211445317717776
7.238342747714105
7.26520947284313
7.2868517122705585
7.313885766451197
7.340948492964372
7.368084619599874
7.396864106588573
7.4210075887255185
7.4455915453761214
7.470424725752609
7.492878420153261
7.521975314963396
7.551932387413971
7.5802127964464665
7.605528733475033
7.630127349135065
7.657372617750275
7.686772027517658
7.716645969255656
7.7405684979698774
7.770513305510198
7.80015016590898
7.830146678159283
7.860232500304328
7.889994136831197
7.919174176311117
7.94633713271243
7.9727968484673815
7.999582742986093
8.028840715614153
8.05229889071536
8.081500477970307
8.11026874370111
8.134600283212281
8.15568253096535
8.176909086226143
8.200647194992193
8.225099248422348
8.253273859552626
8.276569517512714
8.306319570832235
8.335748567613553
8.362302924070393
8.385518563232614
8.407461313827534
8.426798652141278
8.445779744042099
8.465864689312102
8.495180198282876
8.525086079275583
8.554452861265347
8.581642686437009
8.603478772170202
8.630209456442907
8.657048282626267
8.67926897395306
8.69826216468779
8.71217560086192
8.729613561040523
8.74845258148818
8.771734965441341
8.796923693726125
8.816855808487993
8.841657529680203
8.86685152223209
8.895792698061623
8.925633363299285
8.95542597273713
8.985251229085762
9.009073818230748
9.038966574538883
9.068992313815533
9.099140596649999
9.129372189601046
9.159518559831593
9.189543936172912
9.213468475195619
9.243376369809022
9.271462441097174
9.29920082402785
9.325847622065066
9.35263057725963
9.378731889053752
9.407603677390489
9.437570498079792
9.467648032779675
9.491664499405601
9.521697146658916
9.55060294947778
9.573579592847576
9.594224485416976
9.612212803193453
9.629626139723236
9.647456445608576
9.668556029644801
9.695634718999804
9.717923858120121
9.745399990848018
9.769946302237186
9.792846730924976
9.817736840881885
9.843050142910293
9.868655749985807
9.892261372352921
9.91963147058163
9.94446223902071
9.967531592766692
9.993355944694152
10.020330832184182
10.05033586469029
10.08028071332665
10.107883252950787
10.131985108854114
10.152599085067555
10.18258349575972
10.212586192734754
10.24259713178547
10.272612903175785
10.302676044139348
10.332733771606778
10.362827614292268
10.392956033222243
10.423043473313193
10.453099284526214
10.483133389551847
10.50709439752581
10.537036908486208
10.56698705198474
10.596532479147724
10.626593973243189
10.656464982810547
10.68629502703536
10.716145100724294
10.740013890798073
10.769947586229735
10.799928435845596
10.829834615444188
10.857951330136782
10.884829978734519
10.912596868265018
10.940987343454095
10.966040016545483
10.982145502096815
10.999722492022624
11.022470712829437
11.049420093607239
11.07946654824786
11.10952344112107
