2.1774846004673716,1.0410867908006485
2.1937128975251103,1.0613960170541508
0.01805111778004509,5.7871460766801153e-05
0.0300889917330958,0.00018560628971672958
0.03573648984673914,0.00028473075533480053
0.03631329975733126,0.00029708639936309507
0.03632676754546735,0.00029700489075106326
0.036318041964280554,0.0002966526678081047
0.03629053271892825,0.00029601019390744087
0.03623240772048215,0.0002945300752664101
0.036198045250312255,0.0002947185443144747
0.03620100449552251,0.0002955696020865659
0.03623293808252086,0.00029671032171168864
0.03626174668919315,0.00029720610449398226
0.03626426226674452,0.0002971070249655296
0.036241775828555194,0.0002963933213351443
0.036219637009339826,0.00029581361327896084
0.036228394970369227,0.00029617765590963044
0.03623961069374139,0.00029654985629571235
0.03623573572948897,0.0002964390450045624
0.036229108863804704,0.0002961370685967256
0.03623104639045042,0.0002961634842793191
0.036234398461464236,0.00029649985061279264
0.036233091904763606,0.0002962507426300408
0.036231444908538545,0.00029626458584201213
0.036232211641034004,0.0002963988853578018
0.03623315935139339,0.0002962083131975414
0.036632002007723825,0.0003062503910599346
0.04462490152955389,0.0005067052126411212
0.05821999942652485,0.0008462240625693254
0.07767930142902613,0.0013386610800169623
0.1036650426962996,0.0021762344202321824
0.12444486560908513,0.0030203978769511126
0.15040884182528177,0.00429260189547631
0.1711725056544556,0.00548400313701521
0.1971137865663025,0.007190385635632648
0.2178538987978859,0.008729101431947852
0.24376199284028408,0.010869257097476142
0.26447381429507255,0.012754612112585523
0.2903429270774566,0.01532801125850611
0.3110201214145188,0.017559562914415138
0.33684243829162985,0.02056513004408334
0.3574795377913907,0.023142554960571677
0.38324796747734036,0.026579757461514388
0.40383895550768123,0.029501780936887635
0.42440776461097135,0.03257712943802544
0.4500856036732003,0.03663576843564702
0.47060003802663997,0.040054632204241665
0.49620629334827737,0.04454268481821173
0.5166607532818894,0.04830409827351231
0.542188419249022,0.05321983050917839
0.5625769465424535,0.05732295841440723
0.5880188362292847,0.06266495333253269
0.6083359577016774,0.0671087292929254
0.6286195199872049,0.07170335413897648
0.6539246558959447,0.0776583750756165
0.6741283896681632,0.08259188150189829
0.699330804345934,0.08896964699804509
0.7194491114904505,0.09424016312966373
0.7445410819473758,0.10103863115586033
0.7645685320430519,0.10664495827331805
0.7845536902967483,0.11240030540736395
0.8094742147449205,0.11980321475920083
0.8293602527332566,0.1258917600510196
0.8492002939308533,0.13212804280625445
0.8739346798283697,0.14013106660312738
0.8936678822710732,0.14669856175300308
0.9133515605851079,0.1534124767460356
0.9378852030777951,0.1620106114293836
0.9574539465684665,0.16905295266350867
0.9818403879972436,0.17806030077729984
1.001288591659006,0.1854291433649288
1.0206812894369164,0.1929422319359361
1.0448428114318185,0.20253596389298548
1.0641072579461905,0.21037269560780986
1.0881050261877974,0.22036941174165808
1.1072357001429691,0.22852717214080848
1.1263050165334807,0.23682684735952192
1.1500541991030875,0.2474006055350539
1.168982100365541,0.2560182355851458
1.1878454560571938,0.26477634377218334
1.2113321821342133,0.27592080671090585
1.230046249674576,0.2849932433651773
1.248692494909494,0.2942047008422796
1.2719033030552467,0.305913348511397
1.2903926498173826,0.3154352279545706
1.308810711274171,0.3250945831425056
1.3317315949895825,0.3373609078421092
1.3499856957053447,0.3473265691521047
1.3681649329891552,0.3574280131680311
1.3862686717047954,0.3676646048722506
1.408790623319466,0.3806486925838037
1.4267206771795802,0.3911864709114527
1.4445717699234712,0.40185733191427336
1.462343003660048,0.4126605289934082
1.4844434124859303,0.4263497641649015
1.5020315925984629,0.4374489799350386
1.5195364708701609,0.4486783822726627
1.5369577045337035,0.460037592238292
1.5586145152683526,0.4744184788113429
1.5758430416983409,0.48606777452459005
1.5972563100886692,0.5008086834945961
1.6142876168963032,0.5127445891107302
1.631229719728415,0.5248065493119621
1.6480816505704614,0.5369942391021972
1.6690184175139255,0.5524045930396936
1.6856641493310736,0.5648725637550244
1.7063401626891432,0.5806309353728917
1.7227750872685057,0.5933756266657011
1.7431843681475594,0.6094777083248142
1.7594037138213199,0.6224953895999606
1.7755257838626621,0.635633615642417
1.7955403777454422,0.6522242254314063
1.8114403079348744,0.6656298949741017
1.8272400347604965,0.6791538325463206
1.8468478715963483,0.6962231193287006
1.862419261709894,0.710009226445545
1.8778876753485947,0.7239109632935875
1.8932523536517454,0.7379271262238165
1.9085125701198808,0.7520573135658508
1.9274391241415079,0.7698786910443108
1.9424606267142015,0.7842621230808631
1.9610864498319642,0.802397874669976
1.9758654171901064,0.8170306245423875
1.990534965417476,0.831772664999513
2.00509435290161,0.8466235836057572
2.0231379819265736,0.8653386668760262
2.037447084545157,0.8804309141609384
2.051643527582341,0.8956293963460218
2.069229688064067,0.9147750665570763
2.083169815844706,0.930208647423497
2.100433040982821,0.9496457180474241
2.11411320856206,0.9653105371625733
2.1276764514086093,0.9810765120765871
2.1411220988472084,0.9969429718815463
2.1544493050877818,1.0129089596519458
