3.7519034035000414,0.4610323406210041
3.7581286912082374,0.4425733002203406
3.763304428726925,0.42608537007344344
3.7675310845591894,0.41041544775433997
3.7688793541119074,0.40428491006736633
3.7694173112834846,0.4014175034903362
3.7694167675987997,0.4014187922248838
3.769416443992582,0.4014181188838539
3.7694167258151507,0.40141761877948
3.7694168088155373,0.40141806882039777
3.7698083096983734,0.39919719046519075
3.77173251459471,0.3880779738791168
3.7747271490723238,0.36962260626106536
3.777127308411926,0.3507013390036903
3.7794785215425284,0.3217951589971504
3.7808239283560345,0.2917595877923774
3.7811994703099394,0.26170988548774565
3.7812283372905235,0.2317259238455486
3.78166080954165,0.20175849691351766
3.7826095237674124,0.17181459392740162
3.7843726240584155,0.14190985656697153
3.786218339552867,0.11194999437556001
3.7877017044094057,0.08801031208112782
3.789645482066452,0.05930630824616385
3.791519386026411,0.030720807473780566
3.79353822686929,0.0014193810864196815
3.794470775213453,-0.025048058370473227
3.794540363330605,-0.05242325223018545
3.793244995328243,-0.0760334398589466
3.7900004815439607,-0.10591490933702556
3.7862172835972574,-0.13572590803828716
3.7814310631069974,-0.16539769044149968
3.7760170475454866,-0.19492578294246687
3.7701302824714307,-0.2244015059535738
3.763340414076589,-0.25366561680169886
3.7559587986242144,-0.28277185893572104
3.748672613506518,-0.31183606164368693
3.741691156064252,-0.34102051370393477
3.7358492501597165,-0.36433053032774854
3.727408908131039,-0.3932255474985744
3.7177790084150684,-0.4216852520693464
3.707423544129103,-0.44989424529638183
3.6973343002996044,-0.4759814349566251
3.6880534556686855,-0.4988686040007645
3.679884659063811,-0.518688289445271
3.6726556972914315,-0.5368725578911239
3.6663382543678202,-0.5543374521525036
3.6580786279421775,-0.5792242868751187
3.6501822205890724,-0.6045412926283196
3.6418719307595264,-0.6304563483377352
3.6332513507723743,-0.6566803462841672
3.623552732488339,-0.6851280686642981
3.6128577541284,-0.7132215133583817
3.6011067370609293,-0.7406807976473472
3.5878859325742924,-0.7676053029333771
3.5766905054104687,-0.7884567669964726
3.562578950004338,-0.8122774347042936
3.5473075800845755,-0.8371903442091146
3.531671150362622,-0.862797690846522
3.515974056619064,-0.8883510764428666
3.500863437204539,-0.9141906846455002
3.4866018545167954,-0.9405221146025706
3.4726155595456136,-0.9670740515198238
3.458192823187079,-0.993436221044026
3.4436802021977297,-1.0186426020960062
3.428960623374536,-1.043968555390475
3.416882371539381,-1.0646304859705709
3.401463476157793,-1.0904360931201953
3.3856518269157605,-1.1154297616757294
3.370841983345833,-1.1395043226870105
3.3592704652045766,-1.1596372413205673
3.3491039044592137,-1.1772436496393115
3.338910596595101,-1.1948161997626543
3.3242002081733166,-1.2199203888717052
3.3081342207023656,-1.2453187740198957
3.2912590552336676,-1.2702432005693551
3.272563789013414,-1.293882721092929
3.2523603766837934,-1.3162213621859722
3.230057286116354,-1.336621734998711
3.20606722698012,-1.3526013661241914
3.1797753406087024,-1.365480993129434
3.1577403696303254,-1.374383794887058
3.129395514463073,-1.383378255704808
3.100667285206321,-1.390615367617042
3.0719423707364673,-1.3981017316258737
3.043649302401388,-1.4069878947727175
3.0165065508015116,-1.4182928170233637
2.992976392484473,-1.4308606448158474
2.9704830536962117,-1.4445067948852124
2.946018993703168,-1.4593469865909843
2.9196713085279566,-1.473743521078998
2.8980169729849954,-1.4840989610330468
2.870729519396105,-1.4963415788390282
2.8432361316785,-1.5083854096345373
2.8157947079427696,-1.519392057170024
2.78855357545945,-1.5292189432467613
2.7608834313275517,-1.5381934111932074
2.7348837427220256,-1.5454091228886873
2.7166288780382652,-1.5497157917090327
2.696230727741216,-1.5531667229766974
2.679736741366974,-1.554374202029416
2.6599530137960086,-1.55424506548466
2.63713598698334,-1.5528287647925103
2.615116070649078,-1.5511917879013422
2.590290409845956,-1.548579805613982
2.5669180629097443,-1.5449273415012
2.5381262713956514,-1.539300255541053
2.5095427085774213,-1.5337215629350602
2.4812135117530194,-1.52896059380639
2.4515782589227366,-1.5242462507475687
2.421969438039346,-1.5193172928556298
2.3924079451075477,-1.5141441393925172
2.3628813270846765,-1.50904835498437
2.3332447803751766,-1.5053738305449704
2.3094229557225545,-1.5040132513729974
2.2795703650865975,-1.5047701634761497
2.249625815439333,-1.506608717793868
2.2195128106634847,-1.5074582743314635
2.189418860657639,-1.50567821383231
2.1595320636197792,-1.502107511623594
2.1299297674720847,-1.4964188472951694
2.1008572827180765,-1.4885066937722127
2.0723793045260877,-1.478856905263577
2.044053268970711,-1.4691423516747422
2.021252935276286,-1.4620474349210442
1.9946221802907231,-1.4541348970085133
1.9691069832252777,-1.4473195800655358
1.941208720439632,-1.4398121425766466
1.9125366878369325,-1.4315941510768722
1.8837236837271645,-1.4232406247498215
1.8561226451618613,-1.4155613971964196
1.828359689430177,-1.4086367711619632
1.7997085882219899,-1.401211556750017
1.7725339384239256,-1.3935182856764277
1.7446815374273958,-1.3859243980788134
1.7236261363961936,-1.3806339946495136
1.6965912191157908,-1.3745552606370626
1.6686959452585763,-1.3688206094996453
1.640242492309597,-1.3632494969593396
1.6119091284942992,-1.3576170973453021
1.5870790328863547,-1.352530595496714
1.558930512343328,-1.346318580991413
1.5298343255411395,-1.3391552280113026
1.5010026406853259,-1.3310026376043924
1.4729803360031781,-1.3217218355578995
1.4523771595034551,-1.313672728680404
1.4309170574889725,-1.3040445467686148
1.4137380557694772,-1.295519456853718
1.39268171824413,-1.2847259438446614
1.3680696361453613,-1.2719541494882118
1.3421107493519526,-1.2574514155978629
1.316248204102994,-1.24238917796459
1.2918006915609879,-1.2274819026900794
1.2679110142428187,-1.2120243251010467
1.2430980706996835,-1.195900277366866
1.222718363602936,-1.1830889356816554
1.1964764116431235,-1.1688142312193774
1.1692479800678657,-1.1564614469413497
1.141691938538804,-1.14455284018139
1.1142971161048163,-1.1322442484416393
1.087129396930666,-1.119464868375791
1.0602405406381434,-1.1060109921657137
1.033699975063132,-1.0919608386133355
1.007485335126803,-1.077275879026277
0.9815391028364472,-1.0621706124821644
0.961009505784681,-1.0496691990519327
0.9354068330393774,-1.034114671987186
0.9093880746134326,-1.019247385746511
0.8834763769546701,-1.0039912265719058
0.8582420596527054,-0.9876402900424611
0.8334475332966044,-0.9706945057582678
0.8089181441731521,-0.953385879403623
0.7844450562034573,-0.9360428843598477
0.7601191044727847,-0.9184290902889839
0.7361921195245518,-0.9005689339244055
0.7152702481054506,-0.8842352696301963
0.6978255887562592,-0.8690708133154759
0.6828522097400777,-0.8548323709825674
0.6599865925655382,-0.8308905082845798
0.6451405695677824,-0.8120822598619902
0.6284136541060316,-0.7870518465139089
0.6123909911251199,-0.7617097021379728
0.5953912052639408,-0.7371589997678039
0.5767889626949153,-0.7137399553348334
0.5576821956500327,-0.6905901310832909
0.5394080068084585,-0.6678419963776309
0.5219294272916328,-0.6457412827423409
0.5053962021491801,-0.624936929946765
0.4925584823912953,-0.6096491654018263
0.4787308186182257,-0.5942115160536172
0.4647666088627753,-0.5798564627203512
0.4562734345199212,-0.5714642821801983
0.4486661520959209,-0.5641649193101739
0.4384424408543044,-0.5541351374667485
0.425359377498157,-0.541057867130953
0.41233184269535655,-0.5280502569413708
0.3977757331850965,-0.5133849074117423
0.3814287808720647,-0.4974809323594291
0.36141003131172245,-0.48026557879278275
0.34031363676471876,-0.4648931318200582
0.31912582126927563,-0.45103073639038566
0.2937806001947718,-0.43539584261518643
0.26777450629330446,-0.4206210996455809
0.2410051538243296,-0.40740638933520257
0.21408863532461267,-0.3967499657280274
0.18680749915751763,-0.3882005166069583
0.15872570217994122,-0.3797731687178145
0.13028378446809014,-0.37027251249976817
0.10215775836269317,-0.3596139256908875
0.08009819845177245,-0.35014285683177754
0.05379283537158785,-0.33732042980543175
0.030559539458171178,-0.32529119158003067
0.004336509024201803,-0.3121177655070494
-0.02257620903275367,-0.29878573690446525
-0.04917634400168049,-0.28482447541042716
-0.07549907763915803,-0.270369375106979
-0.10136496838328557,-0.25609722650973815
-0.12662994874395278,-0.24331930629287485
-0.1532141321603115,-0.23002430573656957
-0.18000080707325977,-0.21719809432014583
-0.20758468221591023,-0.20587820146521132
-0.2356341420600517,-0.19542282735913438
-0.2640385264474577,-0.18612403047793846
-0.293046935607378,-0.17923918855636095
-0.3225339413534809,-0.17437108294688514
-0.3463034715734168,-0.171800490363636
-0.37555109300344586,-0.17019417310042706
-0.40195362677506136,-0.17031162089742596
-0.4282525233219459,-0.17206696546668626
-0.454724699576751,-0.17501945455859927
-0.48248349491993237,-0.17887819546320458
-0.5112716717670756,-0.183561226140399
-0.5404995983027443,-0.1897137203252094
-0.5692214267722624,-0.19792832599939433
-0.5975634234524244,-0.20756297758974185
-0.6254565732725379,-0.21832923592704098
-0.6530550367436632,-0.23005942812593483
-0.6808015047751463,-0.2415684163354733
-0.7066999551568934,-0.25174522845533737
-0.728281835549969,-0.26012833311257794
-0.7426266089863935,-0.2655290639091338
-0.7619095987888271,-0.2726259874881655
-0.7808901446917635,-0.27931705489230135
-0.8040587983681399,-0.2868531556214379
-0.8305987575312656,-0.2946319622814395
-0.8533987145936427,-0.3008054655630218
-0.8790388973123516,-0.306803675450858
-0.9049464303203272,-0.31185779540602626
-0.9344474311421075,-0.31642158231090617
-0.9643444595129065,-0.3197235834183651
-0.99421118207826,-0.32235901033754377
-1.0240228351941398,-0.32546974431123926
-1.053796779186135,-0.328998391181061
-1.083654857786514,-0.33233192132496775
-1.1135094856937928,-0.33520811040059556
-1.1373333981681448,-0.33779682185942156
-1.1670003521014174,-0.3418449781620783
-1.1966976659859898,-0.3462278819674704
-1.2260470428851455,-0.3501402631057501
-1.2547685438017813,-0.35370503438664197
-1.282536007594799,-0.3558653667178116
-1.3089073025799893,-0.3568461261870841
-1.3340169118068592,-0.35766316067565773
-1.3594861726553402,-0.35876880212411
-1.3836065481440134,-0.36005935319324467
-1.4070093415752274,-0.3613832019015392
-1.426834073237531,-0.3623450182189507
-1.4512921275915922,-0.3628642404762747
-1.476818573571279,-0.3624439848393407
-1.5014814499990448,-0.3613056631020934
-1.5299444676474745,-0.3593806852701139
-1.557027146067538,-0.35739032628006806
-1.5795019685638734,-0.35552948081658503
-1.6054965239892716,-0.3529404377357346
-1.6336669513528883,-0.34968559702022994
-1.6629988071887325,-0.34599962161492903
-1.6927274242964991,-0.3417306050789363
-1.7223731069523258,-0.33689340596318296
-1.7494593197057948,-0.3311961913640184
-1.7774102202754254,-0.3236981659583236
-1.805698739954171,-0.3153162590288711
-1.8325051237042709,-0.3082912529753775
-1.8600011153498675,-0.30267234931192927
-1.8833066985731597,-0.29825715979097134
-1.9126786863106184,-0.29198814052161404
-1.9419315487046143,-0.2854321815938971
-1.971215504694532,-0.2789035261134265
-2.000423419129109,-0.27191284578434494
-2.0294206181064753,-0.2641388290195674
-2.0577408630499594,-0.2564778891961674
-2.085286977179891,-0.24932769374300745
-2.113878557519689,-0.24098296913529943
-2.1424928675826203,-0.23202702005722398
-2.1713029720352437,-0.22373466639301706
-2.1993613249124317,-0.2150228172591999
-2.2261094718757204,-0.20524773692741888
-2.253554015080023,-0.19399712487957893
-2.2757350161916072,-0.18479576803109732
-2.303147966578529,-0.1723479840567151
-2.3299041739903505,-0.15868143125527856
-2.356239637423362,-0.14407881608751252
-2.3810954674717517,-0.12749362022427524
-2.4047932260079903,-0.10937499668989714
-2.4283512471830377,-0.09129057748590282
-2.4472987442969347,-0.07831907305933965
-2.4719547367316745,-0.06460236170080241
-2.497511126974863,-0.05231440878483734
-2.5194858367962696,-0.04174324698269975
-2.538662150826535,-0.03186152277121766
-2.5580944957137346,-0.020019262999792238
-2.5779207645165703,-0.005904345542104082
-2.5976604538592745,0.008433285823943997
-2.6182038424296503,0.021553710711098722
-2.6404019865641533,0.03275287501778241
-2.6632558971320908,0.042831822032383636
-2.6834371112286854,0.05180298573144358
-2.697975686530715,0.05852973912846424
-2.7111608962842917,0.0653885474117476
-2.7231189055330156,0.07249975266047486
-2.7383317570499854,0.08239238878845599
-2.753973636116948,0.09228895929451415
-2.771793687637046,0.10222763078849542
-2.78967135459029,0.11186322316012146
-2.8117627852015104,0.12487318749626784
-2.8345363512590436,0.14079310136488224
-2.8554174251728113,0.15888399531123737
-2.8755874146964913,0.17959333281019793
-2.8900223023898803,0.19664442180283725
-2.905270181421806,0.21630081235130688
-2.9183917227553184,0.2346281974673216
-2.9311913515178385,0.2545160909674601
-2.942780473697503,0.2741800710669142
-2.954919665551125,0.2962828702141834
-2.9666456373899983,0.31987816984086725
-2.976000249489386,0.3403483614682744
-2.985219854562065,0.36369237003432675
-2.9933696056535206,0.3860359072061412
-3.0018974851333797,0.40908113054503925
-3.011625972870359,0.4344448584264404
-3.0213858122028907,0.458677159846591
-3.0317654911419942,0.4812022803757597
-3.0423769188169056,0.501555400023195
-3.052172973394119,0.5194706173920415
-3.067066039545521,0.5466928058302968
-3.076890726585572,0.5646511422759706
-3.0891247872350642,0.5882027183368552
-3.101805083076158,0.6132994204340412
-3.1148517687557646,0.6393430393486264
-3.1255290373416362,0.6614665848155288
-3.1346333854350146,0.6820946902929214
-3.1427416532225076,0.702428820976664
-3.151994865411004,0.7258917539251009
-3.1591976848262444,0.7441274577323256
-3.169124167964866,0.7688357121430672
-3.1778662008352137,0.7902228928992031
-3.1870915258922614,0.8122357738068882
-3.1983667577118715,0.8381421347449028
-3.2095960715686367,0.8637164038282235
-3.219018496956229,0.8864932707290989
-3.2271597918464408,0.9076747429399007
-3.2325585574598947,0.9229635022759736
-3.238080567697358,0.9411473521265121
-3.2426282830409052,0.9592024347358324
-3.247564129872787,0.9818645485032985
-3.251862515807387,1.003118776418736
-3.257041699924577,1.0282205273887126
-3.2613343749181447,1.049324239292513
-3.26619167846543,1.0770698919107193
-3.2703556413096466,1.1054181327371646
-3.2743444060287534,1.1351762978578104
-3.2777682806139214,1.1631007617731646
-3.281698880908041,1.1925734460518669
-3.286796554951233,1.2207716658385357
-3.293694574837294,1.2497132006862257
-3.301740478526712,1.278391233275856
-3.310039284163823,1.307229039027638
-3.318135022152259,1.3361406517550398
-3.3243925109205086,1.359312630088991
-3.3322303877115216,1.3882686622107947
-3.3401623914728225,1.4171914970847568
-3.348038771011984,1.4461736581944873
-3.3543562336831405,1.4730663350833197
-3.3593130835656164,1.500007921576115
-3.363798603040135,1.529582383465669
-3.368107505820491,1.5592822784827487
-3.371355998903417,1.5862171971176668
-3.373066233352086,1.6131434636137425
-3.373572696434931,1.6426095995685879
-3.373149740618165,1.671131040123883
-3.372675485899261,1.7008016789781986
-3.372742859547837,1.7234923628199956
-3.3735855127507173,1.7509189246416625
-3.374908199179368,1.7771946950640702
-3.376441757060386,1.7991406863401689
-3.3784065278701783,1.8221813637262942
-3.381382188877442,1.8486012437462942
-3.38542559633227,1.8732592078069281
-3.391374513678413,1.8977310755583017
-3.398816169934064,1.9215840506784283
-3.406358208972721,1.945654247008288
-3.41154859980518,1.9657484536012677
-3.4161630161849326,1.9890190778440822
-3.4196431914088814,2.0091451026617775
-3.4231062233964917,2.028354218959757
-3.427056552829396,2.0503906401865497
-3.430953411383993,2.0719785416338787
-3.435054152699896,2.095977962423003
-3.4395601754675122,2.123214759400697
-3.44351717724737,2.151269941788361
-3.4456811755519707,2.1770895490254794
-3.4465218909035156,2.2062133722460775
-3.446583443434004,2.236101387843711
-3.4469186917393517,2.2573158455410147
-3.4482247079728063,2.281245248013664
-3.451013156477763,2.3044792053705585
-3.455515839970021,2.329507031955729
-3.4610701721977897,2.3556797588867417
-3.4677945938607784,2.3800428630227843
-3.474374227953314,2.399398497707843
-3.480853363085247,2.416122417617438
-3.485825802319537,2.4282465454052176
-3.490650511804801,2.439539295770871
-3.4957690508629966,2.450170892981178
-3.501941460475425,2.461751607972417
-3.509334599656261,2.4749606525886203
-3.5174616648786965,2.4888860624763556
-3.5257579503167253,2.5021205554800243
-3.535622249347466,2.515685380892077
-3.5510875265387436,2.5334610885241404
-3.5671427341743187,2.549434661986267
-3.5833854192247157,2.563831088162489
-3.602045197567852,2.5796503502789387
-3.6202515042566095,2.5948934842761475
-3.6400748199869946,2.6124964326453015
-3.659569392577209,2.6298601480304296
-3.679774465531152,2.6461355743507458
-3.698599831274105,2.659112662926395
-3.7233573386392975,2.673977765170758
-3.748323207162325,2.688749391893588
-3.772406928583687,2.705116995328817
-3.7949580326611896,2.723439280569083
-3.8150549217376426,2.7407302410711676
-3.834523881575949,2.7567175268177846
-3.8524759051064756,2.769340728569678
-3.871036568426341,2.7808556328641947
-3.8862611222502106,2.790389784337978
-3.9092410454330526,2.805950854042636
-3.93278745229634,2.8229117883723926
-3.954965709809232,2.841719305474102
-3.9759111051600047,2.861727010374254
-3.997123308576538,2.88158930073102
-4.019039551510294,2.8994509211559967
-4.039239746938194,2.9129710368991866
-4.0593331177747585,2.924714235164788
-4.079462060684402,2.936638631757049
-4.099180774539482,2.9491585959059727
-4.117126211335757,2.9610347620068858
-4.139617431985203,2.976220010171167
-4.162134159496663,2.9899274499246666
-4.186687565716357,3.0020163744053816
-4.21188035526795,3.0128379154090665
-4.23913994170266,3.0238526324447594
-4.266620968021545,3.0342093354214
-4.2931919380939485,3.0445704009246906
-4.316974134318381,3.05457275775759
-4.3364280765568495,3.062495443788054
-4.36336507381946,3.072612508301741
-4.3916579825585025,3.082627565190736
-4.419785034897639,3.0932002863122796
-4.447606752367915,3.1046122641040776
-4.47482749590975,3.117481254403495
-4.501241857803915,3.1319077249979794
-4.526950609296305,3.1474792712990327
-4.5473048242648115,3.160207653037832
-4.572877039318541,3.1757588301620068
-4.599159389852106,3.189991162293989
-4.626249513752748,3.2026327637930923
-4.65388502337379,3.2141472597255483
-4.68193557954636,3.2244698843741233
-4.710497680467009,3.2334008620430206
-4.739292773276782,3.2419296929447623
-4.767827248597499,3.251361267552389
-4.796098727197764,3.2615201429492826
-4.816203242457334,3.2690349214845567
-4.84092546980877,3.2778110077619784
-4.868406858056576,3.2866684434418465
-4.89422444470736,3.294919225321215
-4.919633920482796,3.303104883774518
-4.94177699372904,3.3095403742194875
-4.966076018118463,3.3157781362338956
-4.988153114316056,3.320769653197115
-5.011874877456623,3.3255588713429045
-5.035502509508479,3.3301609441207205
-5.057318965763093,3.3345418490313077
-5.0820213944179775,3.3401676971625345
-5.106633431732658,3.346371624506275
-5.132120951480675,3.352808727404949
-5.159414287220423,3.3597841664470507
-5.188409782466788,3.3677190026711323
-5.216020771591201,3.3760730694113152
-5.2419599706367626,3.3837146070209783
-5.2707714857531025,3.391894704522565
-5.299668357846564,3.3997332148636845
-5.328531328011084,3.4079705245535354
-5.351518630666851,3.4148758585245087
-5.380245849545911,3.4234843498721728
-5.409045184938332,3.4317601810710414
-5.437659303888204,3.438949744348714
-5.462801918146927,3.443901076185015
-5.491138826745953,3.448452402052565
-5.5196143223607,3.4523108252098975
-5.5450072953565845,3.455045212458379
-5.572752200379707,3.458154155941302
-5.602543462993743,3.4612554319209274
-5.632398656428786,3.4632220801277107
-5.661897337722588,3.4638071116878537
-5.686100793544066,3.463115020708807
-5.711848391211415,3.4612388644235317
-5.7304285059875,3.458787745823864
-5.754937014855142,3.453656843426843
-5.78279884046375,3.4453055139102804
-5.8103470403353645,3.4339866398750964
-5.836875046202128,3.420991230418463
-5.863617021770123,3.4079484973284155
-5.89099277103718,3.395804075914069
-5.915855330886635,3.384972129703093
-5.934822771419903,3.3766818697005427
-5.959819587031733,3.366890297140577
-5.983772998961953,3.3581434266782915
-6.0093008618210595,3.348375772511766
-6.0327559685115055,3.3393051691472886
-6.053262027442124,3.3310980747373176
-6.071327894511993,3.323105113696672
-6.090800975416648,3.3136454769723596
-6.109890590826288,3.303598896512472
-6.129397109208342,3.293256719370547
-6.1476479158655355,3.284409717062948
-6.1740513059163336,3.272259849704216
-6.201297242330318,3.2603686537608416
-6.226500647319546,3.2495729212865543
-6.2529846800927436,3.238297353186571
-6.2754729878211,3.2293736211190556
-6.299606998644803,3.2204455006190917
-6.325188725182996,3.2117684021289628
-6.349825799644922,3.203596009754466
-6.37436486554198,3.1958876227707935
-6.400703504429202,3.188996138065625
-6.43000239545135,3.182411974329165
-6.45337740124784,3.1771123211414674
-6.482164351280915,3.1695245088703525
-6.510353735838009,3.161061231715436
-6.53817544610073,3.151574760590309
-6.566024986204106,3.1412609274954426
-6.59368871134344,3.1299937733396748
-6.620689096033918,3.1171899491168618
-6.64687263333812,3.10278660126205
-6.667275144817045,3.0902756762202523
-6.692161176334976,3.073659005001609
-6.716325346547963,3.056056451061719
-6.7371112599385015,3.0388285539979245
-6.755909777125068,3.020681929381769
-6.772036399337104,3.0030218524038617
-6.786558175561352,2.9855205582958844
-6.800626613913076,2.9667838236437434
-6.814532757380367,2.946161055076964
-6.8285130765258995,2.925314409191019
-6.84200713349408,2.9047938275833074
-6.854897331688173,2.8838019350693243
-6.865315153122416,2.867085948531087
-6.878390256119874,2.8448038901079715
-6.891585107804701,2.8222502986972584
-6.904741028599093,2.799782013936597
-6.917462504635524,2.776981308688495
-6.930496623497087,2.7543892374707553
-6.9429522932867265,2.731505231821366
-6.955614561987397,2.708654708649814
-6.967959869598209,2.685761509908791
-6.979536149744824,2.66238788429625
-6.988850891231086,2.643727599122068
-6.999565523445027,2.6200641571588834
-7.009374017273274,2.5959051939156463
-7.018713988050704,2.5716407963411707
-7.026751404959859,2.5468852671230002
-7.035253741768997,2.5202473531189025
-7.042427521137422,2.4984042068691212
-7.052421643160629,2.4714249041803433
-7.0641256349136965,2.4448989221917587
-7.076892501466214,2.4177806225522254
-7.090702906727491,2.392368109120247
-7.105360255199616,2.368211492287769
-7.117296205982706,2.3486936955231816
-7.1309476676440475,2.3235748572039374
-7.142698084505074,2.297426406534431
-7.15332604877324,2.271030836900071
-7.16197605399476,2.2436509389878068
-7.168858367986899,2.2146345682011224
-7.172524839014061,2.185085007908983
-7.173780622674581,2.1551973597387026
-7.174278997419881,2.1330424490633377
-7.175398774825989,2.1045413463452336
-7.177339096484599,2.0751017286719016
-7.1794454726163215,2.045198899680372
-7.1815884409783415,2.015528900579768
-7.184621308157736,1.986956553095865
-7.1870868664374985,1.957765619124417
-7.188156390132507,1.934183812003543
-7.18898674611082,1.904689265947111
-7.188557589547182,1.8757628579742467
-7.187935201985302,1.8475334714533143
-7.187096691933157,1.8204452337265342
-7.186467918861376,1.7931405892638346
-7.186663937821807,1.7658987362395702
-7.186434261285091,1.744136954578776
-7.186381098991546,1.716846497316852
-7.186513761105827,1.6896571163798515
-7.185758280683665,1.6624505406198729
-7.185176399951469,1.6350183791457606
-7.184071632394526,1.6052275314187756
-7.183361840240117,1.5751708494811347
-7.183206870514387,1.55118916196354
-7.182679925788457,1.5211777114079044
