4.246616757858968,-0.4684609805629437
4.231353404290691,-0.4507415500441468
4.21335584741047,-0.4287105042698476
4.2006217930952765,-0.412208822552137
4.198850010395423,-0.40982655218429054
4.197328529548124,-0.40775689593127007
4.196053731115167,-0.40600264815939263
4.193279134937214,-0.4020920188730359
4.192795086131575,-0.40138686677573565
4.192796752686335,-0.4013878432095038
4.192796096025284,-0.40138744100236395
4.192795538847448,-0.401386853627856
4.1927960286061925,-0.40138734143374977
4.1925248914703115,-0.4009891786433858
4.187805260976707,-0.3940276854293178
4.177512998441538,-0.3787590746292887
4.165791494738578,-0.36133086911248424
4.149372459834734,-0.33703020722310345
4.132701847203153,-0.3121147394930148
4.117273705331069,-0.288835396269838
4.101646484794373,-0.2648001596646839
4.086143588564208,-0.23902052808402136
4.071706371369469,-0.21263611883207806
4.058488167808703,-0.18562032029864578
4.045851631788093,-0.15841689510176465
4.032948543308153,-0.1313756839051963
4.022005629341144,-0.11009766810372816
4.007041106186147,-0.08422539062690336
3.9906478988745095,-0.05923799585257909
3.97300645474283,-0.0350417829204013
3.955068334797468,-0.010966498185826885
3.9379005203083746,0.013706385701804288
3.9210088104064553,0.038260585670895395
3.9037654101541714,0.06267456056273535
3.890128067390238,0.0819003787432003
3.8746041369529336,0.10468571774939125
3.860782712961841,0.126478054406526
3.8461016727086856,0.15183795788264373
3.8322226383793256,0.17679264410135495
3.8183114904727216,0.20201611510519926
3.804554482673135,0.22732502748951094
3.790876977111307,0.2531708600029651
3.7800055580383756,0.2746776991208967
3.767547506506481,0.30110725054194615
3.7567586462566096,0.32586432720427094
3.7469988814971176,0.34987734463013076
3.736932608703399,0.377258193586131
3.728123211992545,0.4030031013004369
3.718731369561459,0.4312875740547069
3.7098003901589127,0.45892780907823527
3.703636164561696,0.4788066206880385
3.6949145021595773,0.5060685203621277
3.6847240103588175,0.5339787413517898
3.6738258084277446,0.5618327485045341
3.662467227174445,0.5895157304153433
3.650521367586526,0.6169336282542115
3.6375630241188968,0.6438877587678199
3.6234210137476515,0.6702694790040677
3.6085288109605544,0.6962543473487962
3.5929012502562023,0.7218043625249907
3.5800940147139193,0.7420970475727676
3.56500872028792,0.7663079764860796
3.553172536305685,0.7861125772297011
3.542671441784042,0.8046730000633364
3.530740551827137,0.8285388867274253
3.519277479267694,0.8557082401005719
3.5093613739571254,0.8835979700762984
3.5000474552132474,0.912135835338126
3.4912292677467427,0.9408779851472845
3.4840929210978744,0.9701584342896081
3.4799696553928166,0.9939138914248197
3.4773532153659623,1.023386974861552
3.4772254884031315,1.0530296611748051
3.478721876883345,1.0782962552260755
3.481810298524262,1.1002197279509023
3.4860242234590655,1.1216950326803137
3.4900174778182675,1.140830797423284
3.494331713445367,1.1635468183983817
3.498641261240673,1.1890402324399294
3.5013401996011964,1.2100032800629639
3.502678670704362,1.2334033383871827
3.502648329315845,1.2566374409882222
3.502426961997032,1.2797449101581226
3.5019074038495566,1.302265032569145
3.5008674326668667,1.323052030862303
3.499526830344057,1.3428283762808781
3.498331575190062,1.359104407428754
3.49575194066713,1.3833205926276775
3.4915899844526104,1.4104399827370722
3.486740993311174,1.439906779348351
3.4821735421513207,1.4695763186024473
3.4775975317994647,1.4982946749003239
3.4728410813342623,1.5277204583316588
3.468193378637758,1.5573827805216414
3.464943334363094,1.5810290188680545
3.4616486246307794,1.610882000010003
3.4584478454533296,1.640672035792503
3.45451252990052,1.670387808692883
3.450474737474573,1.7001039892575038
3.4464134226663994,1.72745757358539
3.4430631858382514,1.7480470610037737
3.4391190892345236,1.7725842204035591
3.4346917550299967,1.798056164440291
3.4290571468014024,1.8262453798876457
3.421959726363107,1.8536817533933525
3.4134622302928137,1.8822486625179082
3.405209175757212,1.9111522609209812
3.398112416811454,1.9403615074938942
3.3913179974694323,1.9695670640702239
3.3842840051261462,1.998731165818974
3.3788233222719213,2.0221250320050697
3.3723194167152895,2.051423154552642
3.3654074289782847,2.0805366666740728
3.3573563648196827,2.1094010200083884
3.34969943320934,2.1384848454693777
3.3434439176216,2.1679191752281435
3.3385207460785917,2.1975813548309704
3.334495872379645,2.2273759406595075
3.3323457092266264,2.2574441878425207
3.3322053001203367,2.2875182102364757
3.332442325944341,2.3114995129853564
3.3322383999805085,2.341473014879534
3.332138192779204,2.3715166964988494
3.333163769061929,2.4015779543369518
3.3355311245608346,2.4315550708364784
3.3385760836096288,2.461416220745878
3.341151843025618,2.4852987562771736
3.3452304348012123,2.5151162756615975
3.350974005341065,2.54463371502701
3.356851297724273,2.5739969727378837
3.361120003079766,2.60252072356164
3.3632166541089794,2.632219066051508
3.3630746186604585,2.662030101222642
3.36127602778348,2.6918774410146193
3.358929110530414,2.7157129576851617
3.355359552156425,2.7454603805103095
3.3514329608711706,2.774147522676541
3.347351713863279,2.8034742290765475
3.3428054129111886,2.8328497725475454
3.3373056752587384,2.861763643305423
3.3311821958540073,2.8900011996973642
3.3238416759997103,2.9165338176240865
3.3152555681126135,2.9419195094408557
3.305322919740172,2.966691316547115
3.292731197784532,2.990617902973225
3.2800121731755065,3.010758647291886
3.262927306991309,3.0352644785022207
3.2455224526979243,3.059510086146863
3.226715460650969,3.0825864066002047
3.2074242595159745,3.104325899987077
3.1881560044548105,3.125886296470048
3.1682990980491637,3.148470344062035
3.149769237305168,3.1721871628145712
3.1317962329453475,3.196204905272331
3.1142235803526575,3.220628411673784
3.097676828256968,3.245675503207662
3.0841572532728163,3.2654088688838394
3.06574185830696,3.2884901706021985
3.046290899330156,3.30885781915591
3.0260786501562067,3.328573487453601
3.0049147512427083,3.347116500931065
2.9826818965900004,3.3645395834301617
2.9600078366070965,3.382576870982597
2.9373843024589257,3.401718523914451
2.9167384199965753,3.4220846990208993
2.8970894499478175,3.4435257531992107
2.881466940246283,3.461723701076709
2.8627456474073907,3.484713858114556
2.845119502400644,3.505918331984041
2.8256331772701824,3.528484978954303
2.8063177530014864,3.5515319918974426
2.7881725588768336,3.5752134930891555
2.7711200083853367,3.5997969650041157
2.755088284056871,3.624486363995094
2.7422077689802467,3.644756589142386
2.7270386834159397,3.6697305487846354
2.712820994651693,3.696169399204751
2.700906241420652,3.723267445477234
2.690541865344454,3.7504245624169914
2.680483598136851,3.776858145387743
2.66969888237117,3.8014305007931646
2.659068062729275,3.820840125551852
2.650064435460467,3.835140822644033
2.638417814982071,3.852523475560484
2.6248850963596126,3.870773337518839
2.6087256197911297,3.8913492012698656
2.592122588842328,3.9125970888890524
2.57574006126644,3.933824781355098
2.5619678489890956,3.9519382457422356
2.5474185480990004,3.9722338147056715
2.53447259384318,3.991172520938093
2.5172816499788344,4.015684103627578
2.4991342858131103,4.039513330985216
2.480922770846008,4.063370279134394
2.4626750229536603,4.086897693961413
2.4449226952122127,4.108670555149945
2.425190866034755,4.131142453905445
2.4051099001485325,4.153449946954775
2.3859661621700994,4.176676226633311
2.3690382536867056,4.200104546505381
2.357422106453864,4.218053334415134
2.344797536154598,4.2392589765501505
2.3347897507832593,4.258465525334947
2.324722459905754,4.279592830545227
2.314998238613497,4.3010910940667895
2.307043149944426,4.319216088374098
2.297154198667273,4.3428614323795065
2.2890157035559393,4.3656612682878375
2.283113655895935,4.3896797482342125
2.279658197633035,4.414655023786107
2.277457963009042,4.439648191766229
2.274733540853552,4.464828254139881
2.2695269875938044,4.493569073748767
2.262115619618197,4.522538436885433
2.254057583414329,4.551444533161535
2.2480331829740736,4.574738336009048
2.2412572863507116,4.603961700133445
2.233789550181524,4.632947753909603
2.225631991670627,4.66179718445782
2.2172975560983423,4.690630869500791
2.210004868808108,4.71983612738708
2.203837640569343,4.74920371925216
2.1970833897361244,4.777934060669254
2.188913355494161,4.806712315122869
2.1813464314968614,4.828345572419645
2.171490626325331,4.8545429392602575
2.16302993805515,4.878278407891841
2.155220382952924,4.9004746286207626
2.146877208144845,4.922552053856192
2.137704229506338,4.944622487440796
2.1298684144055233,4.963567598850305
2.120915212150563,4.987958291119744
2.1122976783980163,5.012733162714115
2.1017251463724587,5.03982090290414
2.0895835390096047,5.066879775677986
2.0797859835817047,5.088583203750824
2.0684883045379037,5.116432870630438
2.0585109490913798,5.144801097312438
2.0495849510505177,5.173510868907966
2.041656293865872,5.201525314970071
2.0338960373657926,5.227180571325032
2.024388480385298,5.253437404440353
2.0158498404198797,5.274359542100793
2.0054551905096627,5.299253373145283
1.996711935765265,5.322085521783457
1.9875371616876847,5.347544693529655
1.977280114878413,5.375712862701649
1.966846675896279,5.4038652312248745
1.9573757855496794,5.431358884636369
1.9491713715918473,5.456688590271244
1.940757324839609,5.482366367392598
1.9319026591940702,5.510185055415817
1.9237117559885604,5.53615102714882
1.9150859488470007,5.562234144079674
1.906798426348721,5.588174363117004
1.9002455311954556,5.6096460731612465
1.8916318884840604,5.637269927533716
1.8816989389774093,5.665490673760828
1.870468803840893,5.693134023126639
1.8580235075019227,5.720321462540688
1.8448097673085404,5.747175568222092
1.830967501887406,5.773696970739275
1.815215829385703,5.798960516108483
1.8004808108580486,5.817692112940047
1.7804694306833506,5.839931270281107
1.7601243066089272,5.86200144037936
1.7400969459772664,5.884340477768949
1.7204243229734806,5.907005918876231
1.7008364812048666,5.929742503371799
1.6815324005963832,5.952760775903523
1.6628141037309296,5.976017370667325
1.6454676799346273,5.99739865258004
1.6273664295827088,6.020370599428677
1.6138732879994222,6.037578027824388
1.597271320694137,6.057233496349457
1.580063261308232,6.074650235906669
1.560735926099799,6.0918126258774885
1.5440250644270945,6.105966380176096
1.5245005268129557,6.121785601319905
1.506966038512482,6.135711952280592
1.4869437228373232,6.152175297066399
1.464941614046097,6.171631432188107
1.4437670052467975,6.191595820750371
1.42680132002746,6.20865653405676
1.4062597282475715,6.2306004781438515
1.3866966838888501,6.253497966462023
1.369020516863889,6.277652086956016
1.3534634743924938,6.301462548051058
1.3391251241072912,6.325388246676149
1.329199091381107,6.344400151628756
1.3164734146783972,6.371178201301279
1.304165905205956,6.398364628782233
1.2913792087978067,6.425406535690665
1.2787294134240808,6.452632818887495
1.266345903593149,6.4799683117381015
1.2539027223336634,6.507261042114065
1.2442310555726364,6.5292657322349195
1.2324193842584523,6.556838582783847
1.2205877052226568,6.584422352389175
1.2092381465382205,6.612266950638799
1.1993346046984976,6.640676482576619
1.1900675658320476,6.669197553108849
1.1805242233834967,6.697642621476726
1.173343723390718,6.720622540221555
1.1665093874289179,6.7500374590701995
1.163395840607691,6.7800555170243575
1.1626672365692536,6.809891423572481
1.1629913250225061,6.839680401742195
1.1635815852935918,6.869683452999038
1.164303530611861,6.893708612464577
1.1658682743609672,6.923701686566002
1.1676367695829377,6.95364769177556
1.1693771751603022,6.98360781306373
1.1715959695164109,7.013567038619062
1.1748057262983935,7.043496265518881
1.178919139588137,7.067248880648088
1.1857485399933982,7.096573299552002
1.1942749973810534,7.125430731132672
1.2038715654603027,7.153921074746754
1.214328213674102,7.182027561251171
1.2241750303979266,7.2090626382347684
1.233085139169749,7.2365870018076786
1.2420462080744286,7.265184993267741
1.2509386152807191,7.293797458155705
1.258608532035806,7.322280396377734
1.263810922578653,7.345633737385064
1.2684996637001578,7.375083092922787
1.2701610181959635,7.404543512201734
1.2689014850235008,7.43431766719122
1.266166434630493,7.4641005645427105
1.2640138458849592,7.49177702211659
1.2624254941443074,7.518353917861835
1.2614538034537928,7.539702056369005
1.26137647115234,7.566377836483186
1.261482759008652,7.593025394358324
1.2627559785163955,7.619738828288657
1.265131823694716,7.6437040541321615
1.268533588476498,7.666216103014988
1.2738901383141397,7.688304551520059
1.2805726535980417,7.709199384407473
1.2882577446040566,7.726733006779233
1.3033643349213215,7.751920465822229
1.3222184119796956,7.7755142444959064
1.3419882386498359,7.796501175645481
1.3596346716064651,7.813792369881734
1.3770717266338781,7.830796103321244
1.3939673250482414,7.848735898131472
1.4117433263904005,7.868915110156844
1.4299866471241234,7.88934739597992
1.4455436019619894,7.906845622612306
1.4653275329099658,7.929132688668921
1.4855379199391832,7.951231272576375
1.505658686557947,7.9729169448691
1.5243562256240144,7.992962170511505
1.5435030555015503,8.01309271187535
1.5637662426975238,8.034782189055436
1.5797215315270168,8.05260839027306
1.5996193551651592,8.075029253708273
1.619626239317266,8.096978663275264
