955.7168126307337
955.744459713195
955.7617380525643
955.7743355866158
967.8116060910066
967.8118113307501
967.8118671714226
967.8118984309926
967.8119011167422
967.8119194896071
967.8119662587133
967.811987239243
967.8120107929184
967.8120281394828
967.8120320303151
967.8120512786858
967.8120553512076
967.8120630497443
967.8120659179015
967.8120699481251
967.8120712661674
967.8120737906224
967.812074731438
967.8120758183863
967.8120766845599
967.8120769836089
967.8120775842483
967.8121412410958
967.8156586058062
967.8256465550048
967.8392492671621
967.8609499660545
967.8881249569449
967.91781659696
967.9475897768742
967.9774131969632
968.0072976710481
968.0372036781262
968.0671158947912
968.0970257823757
968.1269382376439
968.1568521656118
968.1867686535553
968.21669152454
968.246618426138
968.2765526327576
968.3064939103311
968.3364417671824
968.3663982140984
968.3963670370482
968.4263394111724
968.4503190104451
968.4862936800624
968.5102810200146
968.5402689814481
968.5702582513348
968.6002507715173
968.6302457739432
968.6602441243564
968.6902439718947
968.7202399655239
968.7502353457545
968.7802304827019
968.8102248070296
968.8402160077306
968.8702076995113
968.9002003066431
968.9241935517639
968.9541852207416
968.9841795088712
969.0141774550054
969.0441778054809
969.0741831583697
969.1041937262963
969.1342101683557
969.1642255032036
969.1942420753675
969.2242628979111
969.2542893337226
969.2843195443897
969.3143540470691
969.3444055605673
969.3744581885496
969.4044020966279
969.4343876923895
969.4644201552196
969.4944417728472
969.5244498209167
969.5544129816549
969.584364235634
969.6143163168464
969.6442829574629
969.6742526975255
969.7042233312277
969.7341883391824
969.7641487103377
969.7941065797811
969.8240615445401
969.8540071730115
969.883958018547
969.9079195795209
