4.316660384347799,-0.41008097145743766
4.307875321058882,-0.3966991267113578
4.29666117082644,-0.379926049116219
4.293603565170235,-0.37537704750501205
4.292408118905373,-0.37360179352760375
4.291435375472578,-0.37215910043724276
4.290159814457109,-0.37027012255462255
4.289779388258885,-0.369709855026845
4.2897808017505294,-0.36971313847738163
4.289781348781195,-0.3697113156333423
4.289779752444011,-0.36971046293244914
4.289779944169215,-0.369711380976108
4.289781232954388,-0.3697113033602182
4.28948588984845,-0.3692735875569005
4.28552625145353,-0.36303711817338025
4.278496344585746,-0.3511085272668175
4.270946169171906,-0.3374223418114224
4.263790714931431,-0.3235446512652187
4.253151455721208,-0.30177064703086975
4.24203256095187,-0.27718321343411023
4.23267615331809,-0.25118702426493245
4.226272979518118,-0.22462562611829562
4.222015872102706,-0.19507276728474363
4.220129293235785,-0.17109518706636917
4.218357436217917,-0.1412125812878074
4.215303913889381,-0.11157453780794904
4.209062512187179,-0.08253088537487997
4.200077758123434,-0.054589296029776246
4.191460622700673,-0.03168362828479672
4.185163669403027,-0.016063831552364766
4.182276452359816,-0.009156528846070199
4.182762882959924,-0.01026498422743216
4.187066162208145,-0.01985713874850282
4.194782251771757,-0.03662864085807542
4.200217587734481,-0.04883269450669145
4.2015265611577695,-0.05192114010069316
4.199103848899525,-0.045730733229285565
4.193611608576448,-0.03077214977801683
4.186665472904429,-0.010116312780726448
4.180073009372133,0.010804664788067006
4.174913635832312,0.029533940960864632
4.172083616974793,0.04138764329218476
4.167429793985372,0.0636420971586988
4.162252350535385,0.09026122036702096
4.15673194579406,0.11444350825296455
4.152158227979031,0.13135213168298587
4.149930998109184,0.1385321546545217
4.150806182237945,0.13620999471591305
4.15511387257554,0.1256047589927574
4.160620518950098,0.11242203301480057
4.164162837059836,0.10291178450786649
4.166692933129889,0.09429921225262698
4.170225641541299,0.0783248099026645
4.17210042948464,0.06688364021534257
4.172303089193014,0.06530721931606176
4.171973280724082,0.07170502438276882
4.171856612562253,0.08634063480689269
4.17240614150438,0.10521507623016485
4.17379651883736,0.1317420893179491
4.175472153715755,0.16083717278706816
4.177895001838358,0.19053740208834985
4.180039776992985,0.21908694173714466
4.181923048050421,0.24857549731539783
4.183012421296133,0.2721624839262628
4.183412344172577,0.29769345303842276
4.1835460389673225,0.3193686012133012
4.183659827808235,0.3322575527036506
4.18422731772375,0.34569084427571084
4.18629105411951,0.3665784323867416
4.191083223186715,0.3938624111207005
4.198094896263291,0.42175797987494523
4.203977380783779,0.44281545237188863
4.2118768249458265,0.47143836642332326
4.2201729677738555,0.5002591366941245
4.229019252712979,0.5289588905971421
4.238246819759443,0.5574976206818549
4.247825734190351,0.5859434689480726
4.258306015415889,0.6134626507015536
4.2697285411600046,0.6401308405812952
4.282327846111433,0.6674061545593469
4.295514083963303,0.6943037763996304
4.309396654115686,0.7209094274461761
4.323865793775574,0.7471525337080996
4.335679324999643,0.7680135567080536
4.350317640253147,0.7940889863311715
4.364265565841286,0.8205781506363088
4.376859862339359,0.8472438407833198
4.386631296124445,0.8718694609355072
4.395547716402172,0.9003233588658146
4.401426688343626,0.9295213431808107
4.404372633696977,0.9532473108225453
4.406479135655516,0.9830662956579737
4.407479532855337,1.013017046247609
4.4081920003894,1.0429895510120712
4.40840587969836,1.0729332528274718
4.407129672325845,1.1027729731755562
4.403918968187727,1.1324942224840293
4.399821610719407,1.1622098834615018
4.395586739332804,1.1918577298849276
4.390049226938202,1.221245495266837
4.383593410216041,1.2498276087375741
4.3771534380203745,1.2767654035935931
4.37139013776693,1.2976508046275341
4.362059070350169,1.32764179964148
4.355421060747237,1.3468121471640286
4.347597541843116,1.3698205805306733
4.3394618450795965,1.3956834418645092
4.331803132896813,1.4204500167394234
4.323264299890438,1.448137445733129
4.31531612674758,1.4747966801697108
4.3069649910527925,1.5034501100803468
4.299138804136785,1.5320746362053133
4.2930647567368725,1.5583470563378574
4.287398690458009,1.5876366465374707
4.283022576241408,1.6112097788733228
4.276808831768058,1.6404301578187108
4.2689811952617625,1.6675542485868675
4.26043963968055,1.692835536382888
4.251504341378781,1.720552849745338
4.242988789280055,1.749350898139972
4.234908730409795,1.7782607307436902
4.228862569773965,1.8015287251415213
4.222205749755886,1.8308516047268775
4.216761443011855,1.8604261675994886
4.212506936298392,1.8901894959654373
4.208992547045739,1.9200046751221842
4.2055569530809045,1.949786081129793
4.201599800189023,1.979512742342522
4.198160273642044,2.009363805539831
4.194782996145652,2.0391371958732596
4.191782201211308,2.062940079186946
4.186713031751695,2.0985008958159472
4.181941160273681,2.121874861033058
4.173749863349164,2.1506158659402494
4.164647941585536,2.179158832044491
4.154389139560139,2.207261894015355
4.143762061863193,2.235356657145883
4.1336700017396195,2.263626245769575
4.123659536616784,2.29161763082396
4.113944182336524,2.318624040805177
4.105700048753014,2.3406441539546785
4.094624174971928,2.3678747255713537
4.08405677094694,2.392301030095747
4.073181899832965,2.41741171390019
4.061497225223062,2.445069356173346
4.0504235787978,2.4730012151021867
4.039727868459539,2.501038282482814
4.028643135655191,2.5288205458564095
4.018745018421419,2.5506192828565086
4.005487922157164,2.577449387407498
3.991429729570801,2.603819083200603
3.977739878537335,2.627430237712101
3.9636197705473384,2.6500175294226866
3.9512127455155617,2.6707967528219183
3.9380688952833687,2.6948680014378956
3.924384866686539,2.721556686130898
3.9116417269685293,2.7487514924373997
3.9019388519918694,2.7706852875267964
3.890050302589341,2.7981607420362837
3.87923414942229,2.822272901401212
3.8690549649450543,2.8433564316334894
3.859899778376542,2.862307273820739
3.851641715799136,2.8801070349733764
3.843270279863447,2.8983335189563095
3.8316929337486236,2.925149637182124
3.8211801582913996,2.953320323753952
3.811113838354726,2.981582617390727
3.8009190651311275,3.0097875102453977
3.7915221045356016,3.0359853144303086
3.7829147866315975,3.0597134323425057
3.7735999168920067,3.0838671931513018
3.7659845837828914,3.103254280250804
3.7569031836224243,3.126460611819209
3.7474844001612047,3.1511683106606023
3.7382400077071973,3.1761524572586937
3.7280299496381404,3.2036104880753027
3.717897505847242,3.2294040077605977
3.707010788756589,3.2561295135295083
3.695715648998492,3.283817905222746
3.6872323680363777,3.306235185752563
3.677845464058034,3.3348255481828932
3.6698147382969353,3.3638245478562263
3.663513701283765,3.393268528766344
3.6585955157728223,3.42292062549014
3.6541827280699377,3.4525917937617163
3.650217161817271,3.4762025124570988
3.644072017862417,3.505369412270068
3.635961533599823,3.534146349360985
3.626977960587234,3.562722846402991
3.617804176965718,3.590196398247074
3.6092094756090907,3.6163050506712864
3.6012828088408124,3.6434275612059013
3.5937933576106857,3.6725045952031583
3.587359002266146,3.7017922069671383
3.581727092396327,3.7303460844620044
3.5770265516939665,3.7579541255051594
3.5739568152496606,3.7805504167975124
3.571357925992117,3.805205159770231
3.5697327110299386,3.8288469014974
3.568855262279834,3.8524263923068007
3.568682702531042,3.8784551531550258
3.570043087894635,3.9032113896211085
3.572863806439217,3.930558731579141
3.575871157932752,3.9544208177559916
3.5807776156910256,3.9840900481484267
3.586680288486439,4.013579473131818
3.5944673555526627,4.042699846106416
3.604228341237354,4.071146192351083
3.6132722630953933,4.095966034447577
3.621608925767203,4.11732083830719
3.630737588363461,4.137674701118972
3.6411918369094414,4.1597050165474485
3.650400023921618,4.179395688265365
3.6607346654290964,4.202576187191534
3.6707095838267434,4.226833115152005
3.6820195316828834,4.254138684751366
3.6947371309834454,4.281411144804447
3.708423728865823,4.308169598003497
3.7230971296527073,4.334419748691951
3.7387924893083158,4.360080773210293
3.7557678271520305,4.384936739246257
3.7739064511136484,4.408932844371618
3.7892686286096207,4.427478820518239
3.8091202985688373,4.4491104023166805
3.8303489463646523,4.470343281308428
3.8520477806070326,4.491037613305744
3.8738529258368115,4.511636647666563
3.89573640202482,4.532201800550906
3.9180617473935775,4.552290726017865
3.935973871180385,4.568247392613406
3.957745208236186,4.5887208912584425
3.977975790644394,4.61070181829455
3.9967398264502036,4.6339240062174705
4.013641601812094,4.658072261657228
4.027673243261437,4.680838635133432
4.0384896761593225,4.699379102695026
4.052642530153175,4.72343259798045
4.065508094221769,4.745271000709968
4.077329455555801,4.764500470788902
4.090388693111988,4.784206198206641
4.104268216343181,4.804138575504245
4.119494159366691,4.825402563861627
4.131133025837083,4.841759140895742
4.144235404312509,4.861659162123518
4.158134167092933,4.884717213234899
4.170604134013343,4.9076481521599
4.183024501935054,4.931821033047318
4.195758753573429,4.9586060252631805
4.208407508202118,4.985818638355603
4.220888239331758,5.01305388155955
4.232895028195639,5.040525449299409
4.242230034942873,5.062601480286737
4.253440774967049,5.090403121741239
4.264708571209574,5.1182240295023425
4.2759374321633254,5.146021992279061
4.286897034135515,5.173927362858427
4.297221138264476,5.202006365264643
4.305371300363973,5.230660605933804
4.310361410721524,5.260037940630396
4.31309498888377,5.289824687906828
4.315192053830233,5.319745071344046
4.317409841155498,5.349338047325513
4.319468297013482,5.371793766346751
4.322260021913944,5.401138924203746
4.3246458765802585,5.430877683905091
4.326010238929214,5.460750659281943
4.325897970223544,5.490673856688836
4.325144213583202,5.520649349443393
4.32404089314569,5.55057821585013
4.322500918457668,5.572832230926155
4.3201260600356814,5.600557550465288
4.318721869924578,5.627321951679542
4.318519433785129,5.651464128423552
4.318521486872801,5.675719021275615
4.3175841361670075,5.701844187568647
4.3154026993886125,5.728420152578989
4.313268710884527,5.7541998956453515
4.311903009666516,5.774718891176434
4.309502042023603,5.799754251338288
4.30606536880459,5.823987298584071
4.302322150018249,5.849889964983567
4.29825375501215,5.878303916876128
4.295007255400663,5.906008307298405
4.291011015202449,5.93432171389543
4.286671594891229,5.957773255884189
4.281356999003794,5.987198041945973
4.276118406709861,6.016539788310244
4.27030545642224,6.045847612553162
4.264969330132612,6.075219988782776
4.258958274487253,6.104432196347485
4.253203729102673,6.133766460365439
4.247185579828908,6.162931165458008
4.241586790141576,6.186137680556018
4.234703572467372,6.215186379597299
4.226820205525582,6.243867982672432
4.217823670881717,6.272361337953388
4.209424611272984,6.30021959852834
4.201950201498567,6.327021056407283
4.196542062964476,6.351062485620353
4.190934157257509,6.379398180463847
4.186824655609091,6.4071078239565304
4.184218919830822,6.42894614665046
4.1804428639456885,6.457296561918601
4.176034603550734,6.486874685664319
