7.656911002034709,-0.41574034477112015
7.666002491068338,-0.3875494813613762
7.677006696314888,-0.359660254940737
7.685669961933213,-0.3418626153711069
7.687559753200433,-0.3383947764307273
7.689312922467493,-0.3353086284316842
7.690916355508806,-0.3325982765362803
7.697175785253206,-0.3230688496600471
7.700923001184405,-0.31805350465759713
7.701768897501174,-0.3169834054213612
7.701768419293953,-0.3169833771053066
7.701767724893169,-0.31698420427474644
7.701767687825085,-0.31698338810104204
7.7028092062981806,-0.31567388218253534
7.707243980521399,-0.3098892646206063
7.7142014049301855,-0.2998198667374326
7.722739944161171,-0.2849256958531839
7.7318817482398545,-0.26349701474164344
7.739246432932533,-0.23634698618716574
7.741834805781039,-0.2068337436164712
7.739817491654147,-0.1771527314586677
7.735168828577961,-0.14803112164913937
7.729406070711341,-0.11876595594661288
7.722393288925811,-0.09064864708230974
7.712551102750101,-0.06356289409231047
7.69804853938599,-0.03799758022481277
7.679028769514092,-0.015324828457891402
7.656147732451746,0.0034567094141076085
7.630152404676555,0.017627641704185286
7.602114101702971,0.027457549107945692
7.573024026923735,0.03266328567918242
7.549572273873518,0.032846910835349505
7.515040726398429,0.026585634711006736
7.496729268509525,0.019625910150145726
7.476263379240439,0.008169760179790977
7.455302859852837,-0.0067165714145006215
7.439290287450456,-0.0209310731573095
7.425309060482151,-0.0368915923731397
7.4091140471047865,-0.05936075981074325
7.394040356968109,-0.08483070607183564
7.382400099809877,-0.10711849959241154
7.371323773984601,-0.13166570714050355
7.360698605384116,-0.1580724327864973
7.350730676808024,-0.1861088013611091
7.340923331319691,-0.2142281232427429
7.331486768245276,-0.2427091467324045
7.321589758531199,-0.27106012581722555
7.311513602289867,-0.2993308373399909
7.301768531250987,-0.3248696300380237
7.29065279566161,-0.3505853495590549
7.278485738596899,-0.37699900124874874
7.266184861118427,-0.4023136353157851
7.254370489906545,-0.4259819816748138
7.244168101535418,-0.4483702209811789
7.236113792144067,-0.46809153555518723
7.231841931042659,-0.4794369392063302
7.225823713939153,-0.4956789590312581
7.217616438583966,-0.5161710359672901
7.204108308259365,-0.5477965095086901
7.19449567724844,-0.5685813355662617
7.181639554585155,-0.5940277961716885
7.168546591311656,-0.6188179123613377
7.152472072945333,-0.6489340934107556
7.142152401309114,-0.6681277089432474
7.128827153337504,-0.6927621171079922
7.117405830618005,-0.7145733854942815
7.106677724467597,-0.7354554312284572
7.0950230983767595,-0.7583290336989786
7.085736069450409,-0.7766438006942348
7.077104938642863,-0.7940334789845142
7.066733102937045,-0.8150975936824133
7.053659000509859,-0.8410404386779434
7.042199668141727,-0.8620676309714445
7.027734788683969,-0.8863601331382666
7.013683073718415,-0.9067259494907687
6.998104791355824,-0.9270456359973952
6.982889733500661,-0.9460559891953578
6.96590849354275,-0.9677385427390763
6.947610343493045,-0.9914608538626812
6.929440509596407,-1.0135316285691405
6.910699308364653,-1.034550146188387
6.891445978472268,-1.0562082937710975
6.873761674347131,-1.077361975902987
6.859328492257632,-1.0970511099029663
6.846375063239447,-1.1166973181213882
6.832793393645113,-1.1393655282222386
6.819143986727802,-1.1640572994782041
6.806341816416458,-1.186996214085399
6.792934315980096,-1.21093844249762
6.783178198078417,-1.228567449262149
6.771880534916699,-1.2482349879126295
6.758255706458078,-1.2709410938148509
6.748798938724688,-1.2860959091593156
6.735543315955749,-1.3062266056090086
6.722526479062716,-1.326578853724018
6.709527744086101,-1.3485397267691523
6.698055789876685,-1.369127852296781
6.686195567634688,-1.3927597129999272
6.673631735530625,-1.4192003050682769
6.661465083845226,-1.4445790489062316
6.64902982216454,-1.4705522770231063
6.6372631897162435,-1.4950468365596072
6.623725016701871,-1.5208234776067464
6.6097510017747245,-1.5473567185334065
6.5959763392975805,-1.5740044120215535
6.582207215665063,-1.600636556500787
6.568645980398629,-1.6273986695023126
6.554630062804285,-1.6539857683765802
6.54023762881836,-1.6803234936756917
6.525334979009406,-1.7064029670298435
6.509871914353835,-1.7321728363299547
6.493833078702265,-1.7575710581132284
6.477500791898881,-1.7827362629828167
6.461909671631418,-1.806850153419284
6.447986750251236,-1.8291357652821014
6.432701962648255,-1.8548291257216065
6.417027865609437,-1.8800151747977774
6.400899624202856,-1.9037776765116516
6.387271089412365,-1.9223254111907055
6.370759858265503,-1.9422512510515617
6.352811938785721,-1.9610290652657132
6.334662966593053,-1.9790538442244947
6.3174071775873095,-1.9977495367195777
6.302087449915332,-2.0180242499995127
6.287811271129609,-2.0394563230268163
6.271752371883353,-2.0635564136001396
6.254315259702662,-2.0880309669176484
6.236882666007078,-2.1116482005530854
6.220251211927762,-2.132828247429469
6.202284389847005,-2.1546359662625516
6.1820689257266475,-2.1763375187687695
6.161769095982894,-2.1967438589702377
6.144167191732251,-2.214745868202526
6.124887881524278,-2.236064955685588
6.108922208643104,-2.254315357163475
6.093101652001763,-2.272733077694885
6.077039068693068,-2.292021535757617
6.0600902131740355,-2.3135474824508764
6.042874234251082,-2.3376878650691064
6.02723076683175,-2.3630735467612616
6.013732370001695,-2.389722244663405
6.001616123439428,-2.4170756809917675
5.992562880748432,-2.439276921600374
5.979180892270629,-2.4726976808537473
5.970041932367597,-2.4949242633759696
5.957596485286626,-2.5223227868988554
5.944484732049457,-2.548877857878773
5.932344545251049,-2.5740885627928014
5.919885388919561,-2.599411371126868
5.9062549153817905,-2.625860433783234
5.89363021430683,-2.652508060273129
5.88366073412134,-2.678213703675968
5.87453940953594,-2.704011562215639
5.865527093567879,-2.728929974329246
5.856489138680558,-2.7548801316701237
5.850072507093803,-2.7752068594461607
5.845132700326444,-2.7932402676503636
5.840848932508883,-2.813447272338003
5.8376270456230275,-2.834852104990397
5.834819302804626,-2.860465627160214
5.8333343226250385,-2.8876152791630747
5.833166349988816,-2.9155716165832595
5.834651739973148,-2.9445728588251177
5.837314905496253,-2.974388534429725
5.841015227828181,-3.004113223723449
5.845272905949437,-3.0337788482822803
5.849379557896322,-3.063558511669901
5.851619410815197,-3.0936222539185745
5.851758784908148,-3.1177073281642147
5.850834861902806,-3.1477428619042884
5.849613363288622,-3.1777237464711146
5.848256166663307,-3.2053131254738023
5.847268875152527,-3.22840901869438
5.847275336229587,-3.248637951078248
5.84876293458203,-3.2711322357036274
5.851232706276357,-3.297811243777446
5.853439812935256,-3.3274506462103224
5.85470811379059,-3.357131529943551
5.855438099227642,-3.3871378657563413
5.8563312584289715,-3.4170870922126646
5.858006568237586,-3.4470033240749376
5.859557893282669,-3.476836564607751
5.859678003706721,-3.504960649959996
5.858426605010153,-3.534718292809116
5.8563725993452165,-3.56183886262603
5.854569631481129,-3.5886593517455845
5.854846623363738,-3.6153958121948566
5.8586448062547385,-3.6418334512689796
5.864657598430296,-3.6666622646722544
5.87222516666148,-3.692697975758231
5.881338100293562,-3.721256138092174
5.890379161935166,-3.7498740694152763
5.899544779161573,-3.778420216173513
5.908814540957815,-3.8069385324073495
5.916498188486984,-3.8295175884934514
5.928429869956682,-3.8634107546900074
5.938535765383681,-3.89162393744634
5.94686012786252,-3.9141400400348525
5.957379049978834,-3.9420049356389217
5.968978092303364,-3.969511245880275
5.981287074934379,-3.9966105518722896
5.993307534475672,-4.021302460877692
6.003702744420656,-4.041453749031848
6.015568670934102,-4.0648522431782705
6.028432458851886,-4.091603215681776
6.040223007080974,-4.118354677508323
6.049863066674757,-4.1430131741046505
6.057370097548849,-4.166002736188313
6.062768192874969,-4.18859218739614
6.067156655396211,-4.213517609018135
6.0710240881074204,-4.243151278013081
6.073955597819505,-4.269248169811248
6.076402117402957,-4.291281473567487
6.078998873751645,-4.316647997071625
6.081256253569171,-4.343967571773505
6.082976606535197,-4.368882240821707
6.084882353634275,-4.396337332528446
6.086813880421176,-4.424831670776625
6.0890318399329075,-4.454204104920555
6.0917132741447055,-4.483927747412482
6.094671686392459,-4.513664241574229
6.097025300123016,-4.537525744451907
6.100754322605165,-4.567234781979481
6.105136409015832,-4.5968781792495355
6.109695862919981,-4.626550129278682
6.1133358915679565,-4.656415967538271
6.115461697844642,-4.686430055198923
6.115818739573642,-4.716571160171285
6.113605107387174,-4.7466250830943535
6.109031666397968,-4.776428951328441
6.102127719630141,-4.805740413594442
6.094173717722243,-4.8346990654417645
6.085419478171045,-4.86346725697882
6.0758717287353425,-4.89194512022322
6.0658263256704705,-4.920245264419167
6.054973906791648,-4.948276785627364
6.043762729211331,-4.975890274676901
6.03330606039454,-5.000312882165591
6.022560616293872,-5.02375241562911
6.009757748839063,-5.050043770546266
5.995754943750655,-5.076430414381018
5.981692887672738,-5.100224712843667
5.968943202443317,-5.120010435446806
5.956682220667505,-5.138694148039443
5.942147916092639,-5.160634326846845
5.930111458634783,-5.178110041078476
5.915389734015762,-5.198495931290979
5.900861308832831,-5.217849949328988
5.8860341045384335,-5.2371890342855405
5.872406083521446,-5.254295318394849
5.856575445382104,-5.27343355330438
5.839948493986483,-5.293781965756004
5.822082423662757,-5.316333388102645
5.804623285820241,-5.339749701332265
5.787305630129201,-5.36372843673119
5.770252144140546,-5.387429930882329
5.754047070276064,-5.410251856770635
5.737325383410118,-5.4344331074229
5.7207089265655195,-5.4593879048805825
5.704446463144328,-5.484334761605833
5.6876357073545725,-5.509246989485203
5.669972538507647,-5.533576458484413
5.651833349544411,-5.557448236415438
5.635409441750953,-5.577661760668458
5.618129863490143,-5.597025361037971
5.598537998401372,-5.618492834884299
5.577937955845104,-5.640392512278836
5.55679157950545,-5.661743664438981
5.534633897016382,-5.682101049153799
5.5119896837042,-5.701817748994426
5.489017929612319,-5.721160965216982
5.470283371771895,-5.73624814052097
5.446449900810331,-5.7545403466579055
5.421811171153383,-5.771858969603123
5.396147598256258,-5.787560337843414
5.370272562003694,-5.802722541041265
5.344773663898655,-5.818378420334233
5.32040719330853,-5.83509958023406
5.296067166861944,-5.852268320000556
5.272239958121931,-5.868604852341355
5.2479743812126145,-5.884277363163777
5.226139401766078,-5.897140803630263
5.205078721010832,-5.908570508511363
5.180289718857385,-5.9207989433833585
5.1535034025044,-5.933300020844745
5.126096955372197,-5.946259619178689
5.102999082842417,-5.958377225115447
5.086799799660168,-5.9674032555293905
5.06574495436396,-5.979879996393742
5.042502209733263,-5.995072787851934
5.0224223276499735,-6.009530221549577
5.005480044289171,-6.023038009265835
4.987301743168839,-6.039351674550369
4.970889566878231,-6.055838507200355
4.957171069134217,-6.070798777627561
4.939338246268983,-6.090685770950918
4.9193196244213935,-6.112969623139992
4.898966081470009,-6.135050560457152
4.878769119645341,-6.156272481957401
4.85779683172857,-6.177285285821529
4.83953749512249,-6.1941006588012435
4.819006839787974,-6.211578597899007
4.798461261255068,-6.227531587449828
4.777289762112534,-6.242172904809221
4.759961011202463,-6.252897841977282
4.737041604126665,-6.26618829686354
4.713635459114217,-6.279609432166604
4.6915215073485,-6.2924193724803565
4.6690220766482495,-6.305681922617523
4.64712302832494,-6.318865340764804
4.625974741833521,-6.33222578749136
4.604593981612623,-6.346006969441216
4.5806156098080235,-6.361126574726999
4.554477287115863,-6.376110199323115
4.526816777403138,-6.388334415699245
4.501030704310598,-6.395091797506484
4.475835028407083,-6.39795162983845
4.450616619619781,-6.39897543235142
4.425121341164943,-6.399936147581813
4.3966205704684445,-6.402460366878912
4.367847439764166,-6.406370484327489
4.338814835354823,-6.410920905782698
4.309463192326603,-6.416339944068455
4.280227217756209,-6.4227767551692665
4.257133311019061,-6.428852767519792
4.225813745539706,-6.439291504671411
4.200493319152673,-6.448714957832905
4.179078758505823,-6.457191781357539
4.145919322447788,-6.47045612088739
4.1188378178264955,-6.481085662559126
4.09684738330959,-6.490266787189077
4.069607717515653,-6.5023083336780605
4.0440139125714385,-6.514566072870153
4.022693588594444,-6.524979737795251
3.9979444802066335,-6.537898505925755
3.974566772114797,-6.550660894683276
3.952018382754345,-6.563336303059479
3.929281921594229,-6.576389422093588
3.9059846200372044,-6.58869351456102
3.880725934766895,-6.599518692654249
3.8544193567965404,-6.609613010035981
3.829016007208495,-6.620157775518477
3.8037355713605963,-6.63177220163643
3.7777939559147042,-6.642922068524394
3.7517734321446303,-6.653383736438849
3.729593865432627,-6.662785995859849
3.7067011676616137,-6.672816254355311
3.6830105204089314,-6.682371911334865
3.655442598577307,-6.6916562326121865
3.6260389405258335,-6.69858612834486
3.5958406232327396,-6.700992296770498
3.5717062472191725,-6.699244423423832
3.542519042185681,-6.6942200112583565
3.5147168480527373,-6.687264221252598
3.487525187971181,-6.678117348222962
3.459730752356947,-6.666809154201437
3.432825781783295,-6.6536392572339444
3.4068495180776974,-6.638938797594414
3.3825577130727265,-6.624852518925283
3.359479099516527,-6.611481873663578
3.3348594870472588,-6.597124818931573
3.308808995299122,-6.582230018124386
3.282831488811057,-6.567286075258061
3.25836321723177,-6.554363610386474
3.2426651959480917,-6.546833536255618
3.214363229605564,-6.535112396891822
3.195021638453087,-6.5286564060095635
3.170441542014714,-6.521490521429617
3.1468287605304854,-6.514171289596765
3.124301462589854,-6.50656723630307
3.102727639488731,-6.49976150176501
3.0764124268377944,-6.4917869185981365
3.0477405190866036,-6.482843065535024
3.0191838215504165,-6.473783962146214
2.9903550651827957,-6.465623249490033
2.961495186084507,-6.457528536574104
2.9324986317268595,-6.449823824385794
2.9035899845663633,-6.44176871898826
2.8747217050169707,-6.433470475088839
2.846124264621444,-6.424115367162027
2.817917257066338,-6.413727129835567
2.790110307322749,-6.402276049774455
2.768185618363532,-6.392385562742347
2.741206930528346,-6.379062336626024
2.715118469473378,-6.363996817427224
2.6899243224319402,-6.347617321968957
2.6648765858381265,-6.331161070171014
2.6395102332214155,-6.3152018380746275
2.6139793452018827,-6.299470738609069
2.5916679493361214,-6.286280976035729
2.57077028515163,-6.2751148776402905
2.5447415388992063,-6.262307845068236
2.519987326552442,-6.251244591139512
2.4960246656235054,-6.241703069181797
2.4726390204848054,-6.232574840843177
2.452094770979118,-6.223799715851251
2.4279745395822028,-6.212386907621345
2.4039384476173167,-6.198816576202211
2.3808794925990147,-6.1831214821826395
2.3582566032493113,-6.16386545210423
2.337653753707521,-6.142163050981329
2.318331703258664,-6.119474633044051
2.2990066227411408,-6.0970449935903055
2.278044468548149,-6.07594489324786
2.2549972137658947,-6.0578472522739615
2.2294291154853054,-6.043889267063171
2.205589703082465,-6.0348970264025334
2.1878692670116995,-6.0304142519100745
2.1620725556424545,-6.027003518151438
2.1328768886727523,-6.027328728407234
2.103701903674941,-6.030486579944195
2.0741821510653033,-6.034562516142419
2.0444471713189296,-6.038591706173248
2.0151438976150913,-6.042894237510526
1.9855829697307612,-6.04761547134191
1.9560436307822908,-6.052618897544863
1.9264870439287511,-6.05788374434304
1.8969752363002523,-6.063105028803056
1.8676031077281565,-6.068955230093129
1.8383331782790628,-6.075463291166823
1.808915127322653,-6.081588800313997
1.7794120785018266,-6.087165868800246
1.749892399149253,-6.092497653236174
1.7204784134712299,-6.098151306753112
1.6915054612409492,-6.1044205003689544
1.6621478632096676,-6.110742033337031
1.6330827668191499,-6.116391129151331
1.6039737317041884,-6.121512200815023
1.5746142251802118,-6.127418600245496
1.5454964271188685,-6.133406473617787
1.5164644423405087,-6.138902310601294
1.4930517448908511,-6.143937758736451
1.4639647498977524,-6.1509393108408625
1.4384195364138213,-6.157245736308672
1.4152864765011157,-6.163458286081887
1.3931360358297562,-6.1698593063801805
1.3773827670308145,-6.174691859707137
1.3613964616122218,-6.180230491895623
1.3400653006396264,-6.188924176183551
1.315257589118053,-6.20084183250388
1.2906439299053538,-6.215090144366082
1.2692197467656356,-6.231617323121545
1.2523000552034642,-6.250176228106942
1.2377475950634056,-6.273875891694851
1.2270131626077627,-6.3014960848803705
1.2205602824909416,-6.330547485086413
1.2165930445618252,-6.360185938002687
1.2130952676917666,-6.390017796759544
1.2080805520551647,-6.419736274488888
1.2007641089538872,-6.448950216233453
1.1916730785861034,-6.477653241274183
1.1823537780487463,-6.502940697269232
1.1730386639213748,-6.52581583535472
1.1632259285664606,-6.546551651914459
1.151406495843181,-6.5683785587349535
1.1370557950174802,-6.593060742398646
1.123085651517718,-6.618442277087039
1.109885374406562,-6.6449447290565695
1.0996661071082658,-6.6666416856116175
1.0865091642272628,-6.693667237614847
1.0725894448268898,-6.720285644581838
1.058619234352925,-6.746808184808164
1.0449857885494755,-6.7735012810551405
1.0319648335386151,-6.800462877194162
1.0199036489758044,-6.827867371523865
1.0084233522147827,-6.855397992279894
0.9993149349772117,-6.878749764311963
0.9912749693324885,-6.900165553873534
0.9826666670019479,-6.920749046789137
0.9730883744562101,-6.942430345359807
0.9635164027044602,-6.966515350374596
0.9546459793265502,-6.993240191751583
0.945766956418432,-7.020250262155065
0.9351679735119618,-7.046951702126206
0.9227146322252524,-7.074294065785645
0.9100316748493752,-7.101412691706443
0.8994209709300292,-7.125832634020369
0.8886978335840838,-7.152225179297304
0.877651268518591,-7.179524274882739
0.8655656370865357,-7.205967259616856
0.8529698211243046,-7.230730661682821
0.8402989798044818,-7.252404340031092
0.8247446875244238,-7.273810474219234
0.8048604288857616,-7.295132460102673
0.7830106983356131,-7.31432621909686
0.7606679683609372,-7.332743280213897
0.7390513687436371,-7.351983335662444
0.7186136491328102,-7.373505562946961
0.7031829254757189,-7.391776780946799
0.6807377275638599,-7.4198955112096225
0.6676041173227082,-7.43664039597056
0.6524436902201545,-7.456159776121278
0.6391888071936872,-7.472443088434943
0.628160879993163,-7.485543773679143
0.6178890057567901,-7.49701494635155
0.6081273325486883,-7.507617793114803
0.5960639917591884,-7.521241191743382
0.5813037812124252,-7.537625738865523
0.5670895277538147,-7.553471094109892
0.5563540817588063,-7.565839617118423
0.5443832603336514,-7.579286312573944
0.5290267177941012,-7.595941755962665
0.5122305300858365,-7.61441143838519
0.49814691829762203,-7.630600432637433
0.48093884717990926,-7.652210687978171
0.46473240792477105,-7.674475861015164
0.449291537067178,-7.695702865015918
0.4326942427712427,-7.7194070319037325
0.42007488500363555,-7.737579883026532
0.4060618023097129,-7.757305750543001
0.3937051995287004,-7.774067134576719
0.37569558219329424,-7.797634674251801
0.35685549517934556,-7.821010891164266
0.33806212161604626,-7.844333744030794
0.31955988223149095,-7.86741201819393
0.3005021622289541,-7.890582570925456
0.2819661291720652,-7.912560746855728
0.26598215661679575,-7.931467143605113
0.2485476388797925,-7.952075243790941
0.23197244197739428,-7.970724604819506
0.21611314931551545,-7.986850366780275
0.2009457886739169,-7.999894058160613
0.183966543450692,-8.011652989279513
0.16470492232731787,-8.022556625054845
0.14215975811867287,-8.033420818038978
0.11769607412002765,-8.044628551573869
0.09092115470375689,-8.05610120149556
0.06448522485661902,-8.067036408531752
0.03797406219502122,-8.077643357410714
0.010277796527223689,-8.088684938121263
-0.017351986370926956,-8.09980711428413
-0.043267866408966106,-8.109629371023217
-0.06927368615809736,-8.118243063456388
-0.08787546959493855,-8.12385145980788
-0.1123012130893098,-8.131114421692123
-0.13208851397674018,-8.137166411919088
-0.15156399791142694,-8.14314348271336
-0.17004258509401943,-8.148447429950519
-0.18948778034473154,-8.153658826431991
-0.2129188803288345,-8.159333205275479
-0.24038408096394281,-8.164784189717128
-0.2698182066101762,-8.1695829411256
-0.29934290061946517,-8.174399268282455
-0.3271791897984128,-8.180164212675288
-0.3552118399136351,-8.187295091176734
-0.3804962378015543,-8.194866211457597
-0.4028754001256551,-8.202817794744918
-0.42020750351793157,-8.209530591534
-0.42810896156488004,-8.21278333794935
-0.4327652107290724,-8.214810391809577
-0.44258241433401296,-8.219407720617745
-0.457946665976266,-8.22730222013255
-0.47166022056853213,-8.234752771993918
-0.4856195971579088,-8.24230324923157
-0.492948079863791,-8.246172020340083
-0.49612083222864956,-8.247869264724073
-0.5042911656892499,-8.2526093579231
-0.5183445766887612,-8.261282221264764
-0.5306751201026986,-8.269324624473597
-0.5439960587865064,-8.27904114717433
-0.5576290327866386,-8.289890231542488
-0.5739401124374269,-8.303790574964538
-0.5889778549965881,-8.317584095828543
-0.6036254593164033,-8.332162610329506
-0.615948180288676,-8.345684853243021
-0.631856406686256,-8.364528480261608
-0.6458731829567426,-8.381788966235233
-0.6596903254890807,-8.398677578827265
-0.6765116724877465,-8.418440218850384
-0.6964093810311458,-8.440935168808137
-0.7160953722082019,-8.46275852149995
-0.736482472989547,-8.484801551987406
-0.7564310583792309,-8.50561407386961
-0.7749114841552986,-8.524570411870862
-0.7950875928507719,-8.546469485014226
-0.8107239494880353,-8.564028738664199
-0.8325402919355661,-8.589713683502316
-0.85189395311522,-8.612583196718193
-0.8678961337684106,-8.630556816250179
-0.8889900612123068,-8.652032798328543
-0.9111475361591159,-8.672375106365802
-0.9337628866133982,-8.692122492611597
-0.9568656135530634,-8.711333483050801
-0.980245148258088,-8.730201502877334
-1.0039704621477656,-8.748560152429675
-1.0274375749820128,-8.766709872153788
-1.0509490225386664,-8.784351703562397
-1.0743901204222341,-8.802106009327836
-1.0943000012493325,-8.816881039841894
-1.1159427484504914,-8.832411728350214
-1.1390648592910457,-8.848196454155566
-1.1616610834219552,-8.862481006308261
-1.183527596884913,-8.87425921453505
-1.2018994818225024,-8.882633087217561
-1.2209338100193727,-8.889987011406015
-1.2422077771478253,-8.896984097300422
-1.2666429946815496,-8.90338955490431
-1.2900423942319164,-8.90788972695103
-1.3143537017755518,-8.909738834537698
-1.3391912167572466,-8.908107747940639
-1.3589668348730075,-8.90491899191098
-1.3882868250588092,-8.899092835312487
-1.4087359094654766,-8.895602919901657
-1.4380704133749205,-8.892499930987622
-1.4679694711529387,-8.890959283262898
-1.4979039616893723,-8.89001665357656
-1.527800217718278,-8.890395885430753
-1.5576595590484146,-8.892233794791641
-1.5874944021323203,-8.895070172881772
-1.6174084577731382,-8.89774153718682
-1.6473109242381032,-8.900093921571306
-1.677166789240285,-8.902813682722085
-1.7070843775395288,-8.905347165763956
-1.7369292983101627,-8.907584419242097
-1.7667813775139551,-8.909074957045938
-1.796847914336277,-8.908552247166888
-1.826820883611242,-8.906707931585222
-1.8567303032311306,-8.905185275954773
-1.8866590831143186,-8.904586127723077
-1.9153796997090824,-8.904654226877662
-1.937805542392841,-8.905315918278582
-1.9601853570464964,-8.907073712508332
-1.9804322178229112,-8.90981677762432
-2.00856141238863,-8.914552954648435
-2.0372860900481644,-8.919097878772673
-2.0664712005518115,-8.922853056113132
-2.096172563581775,-8.924612279851942
-2.1254985575454888,-8.924038032676311
-2.1547309520419753,-8.92273202971868
-2.18448936356503,-8.922461197476077
-2.2141236292819957,-8.9238233114408
-2.243773459700735,-8.92583389642415
-2.2734243723414167,-8.927277934355905
-2.3014937150025925,-8.927619128278417
-2.3296564953067964,-8.926920975830509
-2.3594613665969217,-8.925854533221806
-2.3894347138379337,-8.924919259183486
-2.419413916350259,-8.924191059797963
-2.4485470368259756,-8.923509397218131
-2.4754944665913468,-8.922490953896194
-2.5040218406015073,-8.92184919605102
-2.5227629852924616,-8.921776894013304
-2.544992818797739,-8.921753258714952
-2.5681624997744485,-8.92154606817965
-2.5962333487262197,-8.92174054954928
-2.626127883282377,-8.921647075546183
-2.6560382587971567,-8.920587579730663
-2.6860019776510264,-8.917376592752728
-2.715666125966553,-8.912610228742292
-2.744510792155093,-8.908139723371859
-2.7705555861075983,-8.905004890429202
-2.7924027370574303,-8.902377906389844
-2.813605730705706,-8.899897237450817
-2.8395865505405133,-8.897089830791632
-2.86923033206855,-8.894441687995613
-2.895476539474924,-8.892737776925511
-2.9191049397943396,-8.891654039087282
-2.9353527247296873,-8.891124328853191
-2.9598520158099313,-8.890454215601977
-2.9882988237705703,-8.889209352444723
-3.0181778705018387,-8.886494014141897
-3.047739178369291,-8.88283900317806
-3.0757478537666403,-8.88014604660133
-3.1056349062581865,-8.878872186806003
-3.1356235965480055,-8.878317196800772
-3.16562073285318,-8.877618790788341
-3.195650144017742,-8.876562143944069
-3.225647860738365,-8.874539110620178
-3.2555387239914513,-8.87163589020532
-3.2839754993821604,-8.868483422174798
-3.3092925667067425,-8.86507599554443
-3.3321065086631148,-8.86200922560925
-3.3509183013087536,-8.860234447080705
-3.3742275657810357,-8.859375309085742
-3.4015323611131842,-8.85909339506798
-3.426715493025183,-8.858545046803933
-3.454716262941497,-8.85804287822506
-3.478688082261298,-8.858036433248955
-3.5075590342520675,-8.858144618704186
-3.5367764214602735,-8.858143372237842
-3.566727921670413,-8.857638822070033
-3.596737824207869,-8.855866068290904
-3.6266706366115047,-8.85317709624161
-3.656516949689273,-8.850128102168764
-3.686361405624037,-8.846930423053102
-3.716158830631789,-8.843500828512926
-3.745984774674022,-8.840249064060833
-3.7757791881082046,-8.837015256204813
-3.805621937828083,-8.834862229815213
-3.8286934703980795,-8.833894040148813
-3.8554354106234054,-8.833615442908478
-3.8853064548233576,-8.834896132398187
-3.9145855381746375,-8.836869321743402
-3.9420022453163748,-8.838104903430818
-3.9696523266122177,-8.838555422178572
-3.992627533493869,-8.83887268674883
-4.013655709174146,-8.839621057496593
-4.035754445159501,-8.840815511992806
-4.0615504375487665,-8.842397945631438
-4.089346480350775,-8.843970267152493
-4.1187242645965,-8.845939598185659
-4.146486850349795,-8.848327988682442
-4.17530179299501,-8.850679737006745
-4.201536180218169,-8.852757970756016
-4.22835646816728,-8.854097183603606
-4.2584062728119125,-8.85421842640323
-4.285766240072898,-8.853584437462231
-4.3129532546624585,-8.852747987744035
-4.340106682235024,-8.851453498985682
-4.360444497741945,-8.850228459871808
-4.3859039717957735,-8.848860064583373
-4.4156239065290634,-8.84759849406797
-4.445343944339963,-8.846722301209242
-4.473277227294588,-8.846220879048834
-4.49742831569472,-8.846368326375801
-4.521444004273262,-8.847007411049608
-4.547468446145409,-8.847874514525078
-4.575894928025562,-8.848782577716989
-4.599305373827901,-8.849587516167734
-4.622639223414331,-8.850486733813648
-4.641271262117705,-8.850974223182881
-4.6563452277703545,-8.851658496953316
-4.669760527095696,-8.852277533343893
-4.6817419982151645,-8.852486995991859
-4.696792252949167,-8.85237237681504
-4.715083226466714,-8.851956712288375
-4.733726398391738,-8.851338497759933
-4.756199479076596,-8.850373002886258
-4.78113016979328,-8.849407385472647
-4.806615857288559,-8.848345062952644
-4.829040775944648,-8.847153261559315
-4.854319737374216,-8.845399961045446
-4.879940381734282,-8.842922937419473
-4.906562513850057,-8.840259049982214
-4.927573350662945,-8.838390472974345
-4.957208986710919,-8.835685482860699
-4.985830999311178,-8.832483059272178
-5.012802598727361,-8.829349008786878
-5.036682906807697,-8.826795356274369
-5.057501331591508,-8.824556457242073
-5.079167970938098,-8.822085756320863
-5.101872380054923,-8.819572951119001
-5.122149538041089,-8.817377072148323
-5.14279155812295,-8.815026949351047
-5.167690158398051,-8.812026086051437
-5.196049629219411,-8.80836967670977
-5.225827299502721,-8.804678732277077
-5.255607517173454,-8.800835432903519
-5.2852858829217215,-8.79613179472434
-5.314867533736631,-8.791347930072138
-5.342855789685393,-8.787629854825179
-5.369975873306047,-8.784814914124274
-5.390564721527223,-8.783123069373042
-5.412224528782139,-8.782035573654328
-5.435899655859513,-8.780890142060997
-5.452092989887726,-8.779912262275985
-5.474740277974475,-8.778136037205451
-5.502141997395861,-8.776436221035345
-5.532057238978283,-8.775544437721818
-5.561665591998527,-8.775821490103679
-5.591202952498592,-8.77693871560578
-5.613323287768796,-8.778119715232101
-5.630165967048161,-8.779190697890728
-5.644908080655315,-8.7800576020201
-5.664337972482213,-8.780557503416857
-5.689472886916348,-8.780242149221754
-5.718552221932081,-8.77928694153785
-5.7461471153578705,-8.778811144206385
-5.7734700066255,-8.77870368570566
-5.8025823960684955,-8.778616901716616
-5.830385221080699,-8.778435454630142
-5.8575508667642735,-8.77780544212602
-5.881243262784606,-8.776246503596136
-5.903663568412173,-8.773777204780009
-5.925997593197435,-8.771784513392964
-5.9511244017328595,-8.771489619750968
-5.976542585961168,-8.77257319419787
-6.000407257765622,-8.773372808533473
-6.017088947698541,-8.773053603567796
-6.037337198521553,-8.771181323308276
-6.052444286989554,-8.769378202568614
-6.075662903402772,-8.767053510687791
-6.103451905819057,-8.764951558112001
-6.133005778368243,-8.762153933579622
-6.162601024979936,-8.75692975099034
-6.191602613273481,-8.748486109434994
-6.219537022912567,-8.737174317837614
-6.2466208761203585,-8.723991038197095
-6.267900541379459,-8.711794882718365
-6.2853647633397465,-8.69960582341237
-6.30230020239344,-8.683828622191323
-6.313196655172224,-8.670033141731677
-6.320127764206813,-8.656949819315294
-6.326397131639663,-8.636661309239516
-6.3298201236443505,-8.614580752838107
-6.3314314359510835,-8.592418108365791
-6.332771308503881,-8.570371940132421
-6.3351348952058,-8.547917718632988
-6.337905500068353,-8.523928254438465
-6.340345014425539,-8.499021547940982
-6.342880023828471,-8.472885342781126
-6.345554729541323,-8.450887532841934
-6.349770029276201,-8.428640186726241
-6.357355533362221,-8.401402713366029
-6.367398236196709,-8.37326116466809
-6.37693087427843,-8.351395112346681
-6.38827147925519,-8.330214687289141
-6.4001463635822775,-8.31260627482998
-6.416531066892082,-8.292996770921338
-6.435856290435527,-8.27353107054878
-6.45585128824112,-8.254555988137714
-6.4751610789584815,-8.234714317399142
-6.492271942579868,-8.212813067008014
-6.506330006087091,-8.188905592846147
-6.51866316006551,-8.164199286422527
-6.5310887854656325,-8.13912891027623
-6.544741855686501,-8.112597395819783
-6.558564247055405,-8.085995893542446
-6.572124745604804,-8.061059157964483
-6.585745374022114,-8.037855649608018
-6.599022869451922,-8.016138539782903
-6.613937794552898,-7.993101171979916
-6.629734880669846,-7.970134361991156
-6.64568668680912,-7.9482603413831034
-6.6635781690467635,-7.925979105940727
-6.678662506220029,-7.909390148070048
-6.70258879334579,-7.886158772558997
-6.717934252991149,-7.873346451610342
-6.736955797006911,-7.859390663789433
-6.757526334443616,-7.84641566671289
-6.773942522911161,-7.83776061790083
-6.791153123901552,-7.830642129455284
-6.811284896246848,-7.824154661931783
-6.832477817196388,-7.817950741653884
-6.853719959503544,-7.810788961646871
-6.876679695420151,-7.800264738200942
-6.899931668169255,-7.785867369692153
-6.92183936048606,-7.769842773565084
-6.942902725151429,-7.754066805179379
-6.9659041926365335,-7.737087369866324
-6.988194120054082,-7.720425170937555
-7.01184277673293,-7.7022225246235125
-7.0353011650594,-7.683518052132578
-7.058904215640428,-7.664981420373042
-7.082055180421759,-7.645800926622099
-7.104802094338038,-7.626243022382146
-7.127713118235608,-7.606921684138797
-7.1508271614947825,-7.587798117302231
-7.173753391914698,-7.5683565442557805
-7.195710638282734,-7.5477752375649185
-7.2170386856664885,-7.526701242420747
-7.2391282556518926,-7.5066317501027
-7.263073500756343,-7.48890368283067
-7.288326965521805,-7.472853447103285
-7.314238547006425,-7.4579393339362765
-7.339508987913039,-7.444560992354857
-7.364161563921855,-7.432282770633804
-7.391034537841443,-7.420082853468947
-7.412979894564704,-7.41034253531529
-7.437251195721769,-7.399282189889502
-7.462057094185413,-7.387648007537324
-7.48842480828926,-7.373954406692463
-7.514635230699157,-7.359326755793101
-7.541107334101458,-7.345473608485976
-7.5682783935182085,-7.334413936023566
-7.593479602897015,-7.328163727850894
-7.619111763802391,-7.324722250066369
-7.643227583678034,-7.322806154237054
-7.663218389559256,-7.322072186513574
-7.687458693361003,-7.322127841723497
-7.71624813115446,-7.323225846944113
-7.743297484433347,-7.3245051202509694
-7.771707414293783,-7.325358082882394
-7.80178442762958,-7.324993106528388
-7.831861130685327,-7.322249219219186
-7.861348325080322,-7.315732694179093
-7.890109596904509,-7.306882634605542
-7.918549549244732,-7.29739102860072
-7.9449831736931085,-7.2896314245195555
-7.968968704150806,-7.284773126618863
-7.992532583461884,-7.282610047154795
-8.016326919470387,-7.281875899350489
-8.036444037903655,-7.281191994642024
-8.065939685848768,-7.279082605374902
-8.095438384255058,-7.275615816667131
-8.13065114047423,-7.270484368382873
-8.154042209080686,-7.2661995683170275
-8.182393037253544,-7.260134358413553
-8.206904636997026,-7.253992057483917
-8.228328944159635,-7.247928699147087
-8.250575775533818,-7.240918800120688
-8.27476463013632,-7.232747835269035
-8.30134440442709,-7.22423175255189
-8.330054369102944,-7.2169602660806405
-8.357046755344673,-7.212369241891407
-8.38416654069534,-7.209227737190384
-8.413391147460514,-7.205616407897661
-8.442282051944149,-7.201694362551056
-8.467356086432064,-7.199171665580003
-8.493041786039601,-7.197967138878768
-8.522312074988971,-7.197277140442646
-8.552407372699221,-7.197573438308426
-8.582405863496215,-7.1993854031067555
-8.609813596708674,-7.201335874410013
-8.638437760753765,-7.2038929788883115
-8.668123688115264,-7.207659970904056
-8.6949250262118,-7.212419918041716
-8.71541802780252,-7.217294183524607
-8.734721304339612,-7.223433889227245
-8.755178152859106,-7.233248381790529
-8.778199058231657,-7.248932326037439
-8.800204197550393,-7.268579351307487
-8.814104429241706,-7.284775637024551
-8.82645489642595,-7.303981596618853
-8.83804041056953,-7.328723820967213
-8.847516217045165,-7.355815120247148
-8.85590162393159,-7.383003745913919
-8.864813379328622,-7.409304472370489
-8.875720318085852,-7.435523225459387
-8.887981822857247,-7.460852087792287
-8.900899541125545,-7.486171915839583
-8.913880659031225,-7.512988970824027
-8.92548384890475,-7.5405103275532275
-8.93584990246526,-7.568293549016257
-8.945506723855031,-7.596271036945449
-8.95515009808203,-7.624664685276224
-8.965371631014625,-7.652834934143004
-8.974881327642525,-7.681159836966165
-8.981718623966495,-7.704149846527701
-8.99208702235761,-7.736447834843819
-8.997911510742389,-7.752071056348032
-9.005819282304078,-7.7712359752184215
-9.013406064651631,-7.788308292519936
-9.020830114842552,-7.80552151107175
-9.02798351142262,-7.82454754747334
-9.034432128820892,-7.845245781405209
-9.039618110505238,-7.865546089178247
-9.045463925892182,-7.890668869412385
-9.05172210206136,-7.9177645105893655
-9.057518989235314,-7.94081699555716
-9.062830531927844,-7.962947938006088
-9.066998634004346,-7.98293073716599
-9.07109528356463,-8.006736039389228
-9.075387220734408,-8.034467074747932
-9.079395881175486,-8.057995376734489
-9.084833347343826,-8.093466865843109
-9.089170312922198,-8.123160514444411
-9.093085743969171,-8.146898295273195
-9.099179525712595,-8.176329198064963
-9.105342125540021,-8.205652683794225
-9.110811065930761,-8.23509288646017
-9.115228886937286,-8.262793675165922
-9.118846693474463,-8.291901838651764
-9.121997486642444,-8.31846372230046
-9.12573933839709,-8.346539432791552
-9.129255342957974,-8.37394517968624
-9.132538454229108,-8.40096611839294
-9.135058141692193,-8.425912485597873
-9.136456575818643,-8.454330725624766
