3.7603787632245287,-0.45518270373883246
3.7731960121575483,-0.4362975999783636
3.788927842113922,-0.4122315394719998
3.7914823724559357,-0.40817811034871704
3.7938037719581152,-0.4044504160099621
3.7958959797692247,-0.40105165522165404
3.8020387439883745,-0.39078863610868797
3.805077004605677,-0.3854573008069999
3.8053487421066183,-0.38495944265915855
3.8053481672792384,-0.3849600736215267
3.805348519958439,-0.3849597092780652
3.8053486161370196,-0.38495963159222935
3.80592087850891,-0.3839070657213149
3.8093587029979545,-0.37758437849584553
3.8179111547335465,-0.36185776721260393
3.8293994517998176,-0.341276891364488
3.844119964925409,-0.3176445662716886
3.8606907411194404,-0.2927046087766734
3.8785569262984736,-0.2684695624165988
3.8976489227430795,-0.24522899358774253
3.9172796108371886,-0.22254228998471784
3.9363483009563485,-0.19948145283447088
3.95473612880102,-0.1757961629751647
3.9695602101682756,-0.1569018618165418
3.9885361285999075,-0.1335882836761251
4.008225474554006,-0.11091752648199747
4.027213613918189,-0.08857570953066148
4.0458781418726675,-0.06515494024336477
4.064006297719124,-0.041275505035071
4.082040659806767,-0.017322200894934248
4.096325059510043,0.001962703188898541
4.114339105996301,0.025963678790923053
4.1324510797040785,0.0498971421575183
4.150878276485437,0.073613597603115
4.169367041755362,0.09670961593911627
4.186644256870588,0.11910799518355984
4.201041709849906,0.1399638389417783
4.215739772737367,0.16306816815284175
4.228025997843863,0.18353418341830807
4.242402153691046,0.2094359329179877
4.256059588791705,0.239113045702332
4.2643091667165605,0.26093224946816895
4.271555758009182,0.2872317486881537
4.2756925390932965,0.3129934234840874
4.27658570811748,0.3383592175564353
4.275430491982194,0.36362140034882107
4.273959109728005,0.38770119990126434
4.272679710298484,0.4149775331082831
4.271905739663775,0.4450298320169586
4.272087664623876,0.46908338955030165
4.2731857126017045,0.4991098049976288
4.27487563645459,0.5291105121679617
4.2779135610865975,0.5590475854436616
4.282204105097405,0.5888173761766615
4.288315887295998,0.6177390601386121
4.296566552990194,0.6435595584452649
4.305903388987722,0.6676730829600656
4.314989966570977,0.691741303794959
4.322144552774495,0.7163054348280604
4.325972775578583,0.7429143910288438
4.326443439869937,0.7647800557835742
4.325193225941152,0.7922124128169445
4.32366920653184,0.8197627334570582
4.323525086564422,0.848447621955987
4.325682824569205,0.8744044984132485
4.329970627774208,0.8986725380995904
4.334846071380033,0.9227000942615771
4.338420827111505,0.9443072861888394
4.341092000813822,0.968426449937884
4.343268917159782,0.9926076448136711
4.345467481272968,1.0201179353743226
4.347454861743227,1.0436000234173881
4.34995735212143,1.0734840275916244
4.352271511945074,1.1028486056543656
4.354289263137121,1.1321370817456007
4.35554980704027,1.1619696205584014
4.355756528945351,1.1918455417568028
4.354780071554563,1.2217116908850638
4.352234424706094,1.2515420754859174
4.349587237586076,1.2814680583934044
4.347460122810255,1.3105281049112156
4.345451362946033,1.333261090118661
4.343306559599491,1.3497041938701582
4.339672612095762,1.3697947349012412
4.335761917916782,1.3873837598370462
4.331547457038882,1.4040620242983064
4.32626849819074,1.4235291660840863
4.318927375480773,1.4461962788530582
4.309523257534717,1.47158636705113
4.2994146021501285,1.4976451436680958
4.288764968363112,1.525017622516423
4.277182825424505,1.5526296103234216
4.265165701268326,1.5801009575153906
4.25526409781085,1.6019350045274887
4.242702892321856,1.629179686961483
4.230188714128081,1.6564499637240298
4.218165255795672,1.6826731255276555
4.2062372288986705,1.70865713097008
4.196304322625417,1.7300486002127506
4.188098854738163,1.7475037211956939
4.180820269717814,1.762712714300748
4.171741252169716,1.7818411799384368
4.163259720183302,1.8007042116640564
4.156137669058653,1.8168582409164293
4.15289919636281,1.8240493689779886
4.150196574346418,1.829817120579918
4.146245888144884,1.8380417969991665
4.142103137296228,1.8469578097901647
4.140548755896721,1.850361881567456
4.140177155989577,1.8511466183538197
4.137109525485228,1.8575188863822296
4.131940223802411,1.8681319055434131
4.12703250592087,1.8780449172375855
4.123958103192709,1.8845003990802418
4.120881938990584,1.8919750347318725
4.1175186779127335,1.9009929676188002
4.11370184682411,1.911204214246067
4.109439134372791,1.9238436217186816
4.104297712590132,1.94340289281429
4.098828651746432,1.9712870221317855
4.093901492037755,2.000766102067072
4.08808752933124,2.030076554286502
4.0814389467175465,2.059278610193944
4.074367927451232,2.0884033115661835
4.0685295444715575,2.111688241564456
4.061724915909484,2.1409567433506322
4.055209589644594,2.170203037521847
4.047263314455565,2.1989877258715564
4.0378137961938405,2.227422555695543
4.0296481470521455,2.251885512605199
4.020976724284868,2.2757281785475945
4.011769655432936,2.2994394484406575
4.004748674504878,2.3182198792769158
3.992976030619,2.3469247014293457
3.9843372636420638,2.3649855914524958
3.972867374508343,2.3855480195630046
3.9596075701495685,2.4046655243014223
3.944259317409804,2.4235471897642444
3.928142603107967,2.4396276804000605
3.906215364332605,2.4568562047606712
3.8808884730712996,2.4724793214228526
3.854560433576919,2.4866479226795475
3.82801754183248,2.500345903760876
3.8007678006775327,2.5125067656065334
3.773111747000723,2.5237948645838086
3.7448460702462967,2.5332528990859795
3.7159865906769567,2.541166141874965
3.6926980279362436,2.5468598598451
3.6635792396278335,2.5543042479828615
3.635131710391219,2.5624063654545877
3.606551629985995,2.5715725908544704
3.578324952485891,2.5816370254911982
3.5500955951202133,2.5911664751069314
3.521778674082636,2.600522516931008
3.498104839303952,2.609593768970948
3.4773925290332452,2.6196937169367938
3.458329863038712,2.6326690796918957
3.441063971934569,2.6478675477645495
3.426915669742798,2.6618552876857344
3.4068135386684166,2.682758867459512
3.3886098032848606,2.702256068149778
3.3701764187171506,2.722635869687622
3.3546648975876985,2.7407912436425836
3.3426902992194476,2.7558764943220204
3.3301495090172346,2.772343204057929
3.315863789179743,2.7908027137906926
3.302495921635147,2.8079931488914314
3.2911698017631315,2.8223543812642093
3.2752030252955597,2.8426536134973994
3.2600879800379157,2.862600477797686
3.244706689207538,2.8827891607567593
3.227570815059347,2.904383763825587
3.2085700652379523,2.9274554181698615
3.189543147049771,2.949004523594096
3.1722729812972768,2.9671636108800845
3.152264783446547,2.985738802475432
3.1294734689173347,3.0048188095499633
3.1106400323071006,3.0188514376788165
3.086142941559983,3.03504625856166
3.0608058601066865,3.0510434170246996
3.036072887252712,3.0663193405608506
3.0137511979346256,3.079600422641916
2.9928932238885255,3.0920998284414343
2.970434808642101,3.1057870464418893
2.946617934003365,3.1193468199981953
2.9209706973956036,3.1322347441940797
2.893621670266471,3.14448958939791
2.8662875700582373,3.1569145016386675
2.8390610266200293,3.1695246604066587
2.8117291816678938,3.1817370452997262
2.7895444644452843,3.190740283435868
2.7615215685718164,3.201322266482349
2.7333146669204584,3.2115788238974154
2.7052651484038854,3.22233650804234
2.677474114145389,3.233783845015441
2.6500727618509097,3.246113292710368
2.622846673079654,3.258652105475706
2.5984240932534144,3.2691922224233485
2.5734292092158353,3.279448701169933
2.549252994353741,3.2892633687016177
2.525554995309415,3.298413796815584
2.5052806593148857,3.3061881469541987
2.4780617808823653,3.317372026656539
2.450966625756545,3.329946421143796
2.4252675003314907,3.3426042169565537
2.3992385297522527,3.35480361540135
2.377499793458669,3.3636232053374258
2.3538292451951093,3.3728805006551497
2.3274579355710197,3.3836580579877404
2.301224171549507,3.394173407151171
2.2752550700864536,3.404529516859916
2.2492071630557,3.4161432165966694
2.2230905757808817,3.42778277048332
2.202933768136824,3.436219230018691
2.1786705853357375,3.4463283943364043
2.1541051978470587,3.4570811320864347
2.1291498212774984,3.4689699415184743
2.103546234051358,3.480594383078924
2.077311412450111,3.491231351151783
2.0511552575914003,3.5018419895604516
2.0234022253397574,3.513265452193809
1.9956396758083386,3.52456771526146
1.9677581120131882,3.5356638566088856
1.9400803404204137,3.547445285865504
1.91299871688426,3.5605022001423654
1.8861134562229915,3.573686930402243
1.8587800690584722,3.585520203520072
1.8368413389736264,3.594612748950756
1.8094419986069394,3.606321993291345
1.7844474017477434,3.6178501968357044
1.7610353274250121,3.6283291036090253
1.7394240114968484,3.6365447020233037
1.7165648613190345,3.643782575461741
1.692283956593915,3.6509445788196677
1.6676578512856526,3.6585447046530106
1.6412908829598163,3.6659335498413275
1.6133055819167152,3.671753184044136
1.5896931015407683,3.6755355518949733
1.5600271408534505,3.6779930354890418
1.5307283988920926,3.676468070633115
1.5067218017440573,3.671166859443018
1.484978926280913,3.6629006029310958
1.4637930041629843,3.652958730299081
1.4406987009287315,3.641806615418106
1.4164183394780019,3.631012441703544
1.3953953658764582,3.622638921299321
1.3687310443497618,3.61358910948734
1.3451938887174277,3.6070676935087826
1.319122726821233,3.600993357673693
1.289879696641608,3.595692960941101
1.2604282793443258,3.5919758698367623
1.2304634440057074,3.589765568989083
1.2010815313898184,3.5888315214459334
1.171577255387411,3.5886302897125133
1.145687263707766,3.588025990394413
1.119783964781585,3.586537037553447
1.0989954099934824,3.584742303088804
1.0747758376394996,3.5820978356088506
1.0492996007419193,3.5785740670927053
1.0258708434170563,3.5746841441476853
1.0013833067046212,3.5704822182011795
0.9755908466579077,3.5658363776411903
0.9477292638088186,3.5605613910787786
0.918506993027969,3.5541125729349745
0.8894578215651463,3.546756390452718
0.8663519989746014,3.540446114407504
0.8374471872271539,3.5322716562117176
0.8082537795073911,3.5251096450765345
0.7790530221245228,3.5182680550850707
0.7497919689497243,3.5115572937425585
0.7204973705654476,3.5050707357551407
0.6911714797402803,3.4986765033031215
0.6617331785742936,3.4927056408969324
0.6321189964072793,3.487504240416331
0.6082632862347689,3.484267681388402
0.578313470536677,3.481843176608386
0.5482937163827032,3.4811758621600855
0.5182863316135939,3.481470521913144
0.4883388873197574,3.482515033713478
0.4583803518283957,3.48334857396556
0.42885650789383833,3.4831331446782783
0.40178539655527645,3.481669224862873
0.381038939894531,3.479531113275497
0.352107491377768,3.4746955496014915
0.3229887138942222,3.4679579777317833
0.29502397443892037,3.4601437087779043
0.2670456619091619,3.4521120055976784
0.2378401724767007,3.445074748493943
0.20936575117068737,3.4394987854543344
0.18837235495060475,3.4361031680358796
0.16488145294324838,3.433392266762056
0.14265289521003902,3.432510719596162
0.11873548424368584,3.4339887361224437
0.0962100701736612,3.4373697989415453
0.07378731171246734,3.443509294686562
0.04861438378500646,3.4552539404719615
0.025445175653798835,3.4715093612608503
0.006564334341704405,3.489130301306736
-0.009902312963044965,3.5079807830690926
-0.02586921753321814,3.528280883678733
-0.04205705219903399,3.54827730005472
-0.05572641451422133,3.5643105495303056
-0.07464172785265438,3.584554626253946
-0.09616282145620138,3.605189949343862
-0.11766201847256406,3.6260360749098792
-0.13763691280148227,3.6484657685841175
-0.155832430256233,3.672246722492094
-0.1737790378532783,3.6960552348793523
-0.19237918891919972,3.7186377777847253
-0.21272165835683968,3.7397226588753267
-0.23506180139631447,3.7586243789897504
-0.2582164351767948,3.7756325092683034
-0.2752834721305914,3.785761711103335
-0.29536639771080825,3.794692822577805
-0.3166486650270219,3.800358111491849
-0.3389422886149717,3.8019396361021194
-0.3594672301482203,3.799631063435941
-0.3784977062859566,3.7941790517344134
-0.39703654973780284,3.786844427128994
-0.4155985826960514,3.7788916088785713
-0.4362613937106583,3.770921757623098
-0.46353720127289433,3.7627411374914486
-0.49142859384729887,3.757340807654293
-0.5185198478335562,3.7544684519910096
-0.5452282163951746,3.752543391597037
-0.5734311283824342,3.751640384376976
-0.6033315984211679,3.751437506144114
-0.6332391496323356,3.751181777381539
-0.6629332009913823,3.7504891765397126
-0.6867999091841412,3.749493068460935
-0.7163759907622356,3.748375106827773
-0.7457866672308344,3.7472944353061934
-0.7725705305257126,3.74631193252394
-0.7965322206614744,3.745171441299889
-0.8217762939123875,3.7447720607521995
-0.8480439231707521,3.7462056979058764
-0.87398696275408,3.7483061136280833
-0.8968525850568757,3.7501561661166787
-0.9152103868777484,3.7517396803373044
-0.9370221638041757,3.754568726416345
-0.9565564250421219,3.757936869163376
-0.973129316463653,3.761509643769295
-0.988028034292227,3.765053960554866
-1.0021910522666244,3.768698672789128
-1.0154327019000111,3.7722355255854403
-1.0252130616530453,3.77460149349218
-1.03903753568731,3.777808679221977
-1.0566023419609865,3.78200775294983
-1.069915403313976,3.7849794075444487
-1.0853917549727807,3.7884104316411684
-1.1000420819429515,3.7920155261183424
-1.1179355464186922,3.7975651356832656
-1.1391474335481928,3.8055246894390224
-1.160251626111604,3.8138947267394974
-1.1824031400382784,3.8214220392796294
-1.2078051552648903,3.8276660461121867
-1.2338081756146013,3.8327091204427544
-1.2566122730482836,3.836389868589424
-1.2862847324385236,3.8402021259164068
-1.316041762528907,3.843579318125628
-1.3458300053517454,3.847538721488819
-1.3755051429300065,3.852288109558742
-1.405023986771803,3.8579271465448284
-1.4343750782174975,3.8642569971035834
-1.4636479586035873,3.8710127743980385
-1.4869353997238437,3.87689346297287
-1.515834666367639,3.884082608312128
-1.5448712673751406,3.8908994497854272
-1.5739858251892174,3.898317813272244
-1.6029435641714112,3.9061878288205376
-1.6318616778531594,3.9142624936594212
-1.6599513355281494,3.9225465046495067
-1.683889333933167,3.930269111668014
-1.7039639765449641,3.937076467832961
-1.7275955733620583,3.9450338073308466
-1.744447294838882,3.950533175134238
-1.7627669195054407,3.956459484691431
-1.781191640631563,3.9626909938654795
-1.8000781248397777,3.9692839584560318
-1.816421628448564,3.9746646362935327
-1.8299288005462753,3.979123791941152
-1.8505684128454,3.986156090188447
-1.8722108145179701,3.993935532866256
-1.8972135929428735,4.003037383166367
-1.925011819894242,4.01266255065374
-1.9527937437183507,4.021393154983349
-1.973204467757963,4.027400896069808
-1.9996193247240823,4.0352330179289275
-2.026162758394091,4.0439376321518266
-2.049802439591961,4.052142513329763
-2.0766716710454283,4.061485983549456
-2.1045575101752694,4.0708052410102376
-2.133374285444138,4.079823135661646
-2.1618989141723093,4.089311406060246
-2.184483217229322,4.097561734699615
-2.2123544414747744,4.108869728813315
-2.239816722952835,4.121031753028428
-2.2669330792448696,4.1340792062473835
-2.293459242810991,4.148139959509615
-2.3201306729517244,4.161773657160787
-2.346968828325597,4.175202821753851
-2.3735545548011894,4.189218380681548
-2.399733198116683,4.204012284451912
-2.4252034701129426,4.220040801839507
-2.4449647074590075,4.2337620654954575
-2.4694198055928207,4.25107522091453
-2.4943448762309837,4.267698193652335
-2.5193864693110477,4.2842630063707645
-2.5440018115958996,4.301499461841426
-2.5681730565121104,4.3193840652464175
-2.586984789709237,4.334351646875761
-2.6101423030094275,4.353499799147951
-2.6319098613442917,4.372636383697908
-2.6530112588999333,4.392825278385788
-2.6734364459767153,4.414330934577697
-2.6891808905547143,4.432329223600886
-2.708317941750441,4.4554842175971014
-2.727072605031762,4.478942552326382
-2.74527539009335,4.5028147889409516
