0.02863347934462352
0.05828513632268176
0.07501861953767422
0.07979683220667481
0.08417507906686758
0.08815300617790209
0.09173077844426672
0.09490860193652166
0.09768621920208835
0.1000635469097451
0.10204069082080218
0.10367529494709757
0.10511292641262367
0.10635477164067073
0.10739822521733255
0.10824386528767067
0.10889273380899087
0.10965682259008802
0.1096578989514541
0.10965833784226693
0.10965894633787802
0.11014902726302912
0.11279673383497589
0.11681727910063418
0.12349987516607579
0.13146804862375228
0.1378342661992687
0.14658273929898907
0.15923750411702833
0.17469799792001445
0.1952876449044489
0.221326724994348
0.24662407076199416
0.2712623515715994
0.2909543489680622
0.31617520112646674
0.338966324038456
0.35299324350384303
0.36593030106471647
0.38465714732888745
0.4044761354172379
0.42415554268103817
0.4449395857636872
0.4666494833818522
0.48834469275418474
0.5129930293678553
0.5392210609846332
0.5661540136932824
0.593177367412126
0.6208003756611682
0.6507795625324932
0.6808482900493129
0.7110132577431256
0.740204629751043
0.7664338851307734
0.7877182571100851
0.8078645364839085
0.828278844075424
0.8524540639023265
0.8759537860856452
0.9000622844874582
0.9254608006842435
0.9530875117417483
0.9828091580308658
1.0123208455948645
1.0382654624626004
1.0607121677282745
1.0791829433488453
1.0928489774220396
1.1116308477507972
1.138444833360296
1.1673086385056797
1.1945325719788997
1.2180830291560416
1.240100781398443
1.2646744636472431
1.2937152065264483
1.3236687707894024
1.3536827944974672
1.3836319761804825
1.4135535293375288
1.4434153266558485
1.4718538555473786
1.500203142283044
1.5286812099192286
1.5575916226054862
1.5811871210966209
1.6171990524641102
1.6412195571789179
1.6772067844380025
1.7011746789055908
1.730679140175583
1.756642943860906
1.7820396983226054
1.8082669508306721
1.835134057382953
1.8638015027136674
1.8881113964710723
1.9035009023666694
1.912349203526522
1.9230053195485486
1.9396183476958389
1.9613892239372808
1.9870208627978703
2.009620890888355
2.0383476718035074
2.068369117554181
2.098465829912031
2.1283982185918116
2.154097552344997
2.177951844613139
2.1952047705843767
2.216953323916345
2.2430835089289074
2.271539968336697
2.3012724956771202
2.3301074853380443
2.3570338476379264
2.3856296950224785
2.4147008316793346
2.4441059489457646
2.469273212234684
2.4855719259168056
2.4936639313647726
2.501257365681875
2.515185947496002
2.530952634233645
2.5536625078206043
2.5765180744271157
2.599362869795734
2.626231516140818
2.654886957236509
2.683311962181554
2.7094059142383324
2.7346305664241384
2.7633841740270206
2.7913797425914946
2.8140209932278517
2.8438042989888337
2.860215407060886
2.8802478936535865
2.9039903618524536
2.9287663252290015
2.955243939914972
2.983946985088444
3.0102379756108304
3.0354915581085224
3.0629991760933466
3.0861976740268626
3.1065896696153534
3.1305649969321823
3.1569874052111215
3.1853226648783397
3.2149573678843533
3.2439408366081603
3.268946522983798
3.294792703460985
3.3183974070941016
3.342152184626247
3.3678665098556877
3.3888979047922065
3.4098121141078526
3.428895037243506
3.4451323937174982
3.4597902839033634
3.4683716392807744
3.4803409158787777
3.493803144485206
3.5122404911463785
3.5358912593569296
3.5627841364509525
3.58910869169545
3.616633509227775
3.641482779954973
3.666888062043478
3.6958232179448713
3.725886979373897
3.7537116185868653
3.780359773111385
3.8029110331230283
3.8241974799872143
3.84602845881408
3.8674785499805266
3.8891236153446505
3.91449694183533
3.9445332122940657
3.9745651216034994
4.0045190818437755
4.034500440835297
4.064505615502827
4.094436163656136
4.117534364472455
4.147122244839342
4.177226542132141
4.207219012508989
4.237082189606161
4.266987565617058
4.296970430002559
4.3269751075117915
4.35654419162761
4.386270678035228
4.416418114536741
4.4465623156594205
4.476609118092628
4.506541728412883
4.536428363467787
4.565165400255819
4.594949323867099
4.621346849636724
4.648094595510195
4.672541263263414
4.696193540935699
4.72333376312644
4.753154500784341
4.77623798993106
4.8052107440174465
4.834865728412505
4.864772824657817
4.8947411663525715
4.923357907422491
4.95107114931767
4.981014798637229
5.01101932884419
5.040054726059548
5.068484332849238
5.095836026401925
5.120210397472157
5.146597693497263
5.173837807835346
5.200197660501559
5.22691649577173
5.254144234387613
5.284243254352452
5.314259321302914
5.344215618081762
5.374147828378615
5.404132955132751
5.4341364803124055
5.458156937742716
5.494125242246767
5.518155104833674
5.548164100397309
5.57810383216484
5.608033621376163
5.637991441946107
5.667949877886672
5.697899974134303
5.727816874699321
5.75751779335107
5.781704482273914
5.803746668652041
5.832123789901663
5.8597658885299735
5.886462990020114
