-3.5036262674842353,5.143081615293751
-3.479002946629446,5.133898102903292
-3.4513436341367862,5.1221936650322135
-3.4381425536932695,5.116137050688339
-3.4366064944153183,5.115398552949739
-3.4354341802937665,5.1148269978389695
-3.4340360108697117,5.114132684173156
-3.4333615890761098,5.113790031050961
-3.4333614071292886,5.113790037131682
-3.4333609073848703,5.113789728059905
-3.433361241959235,5.11378981034972
-3.433361217266216,5.113790049670126
-3.4333608594283063,5.113789767213698
-3.4296256192421604,5.111877985721687
-3.4169530407341657,5.105367727631312
-3.3938827213783207,5.093288670677169
-3.3716434602960863,5.080861076721232
-3.3506831406661024,5.0682831717826025
-3.325369322046426,5.051099054950311
-3.304031548500938,5.03365308608551
-3.2837368814193844,5.0147146909030385
-3.261209655289872,4.993521714064595
-3.2431144922882154,4.976064391449921
-3.221764465281617,4.9550448105574345
-3.204690915473064,4.939285658507506
-3.1857288269638087,4.923317911853185
-3.168686162115479,4.908952862050518
-3.1460291252017574,4.889384550158999
-3.1194444765152203,4.865137113934083
-3.098163003855821,4.84400331926961
-3.078844285041472,4.823314461906998
-3.0605219635611163,4.8020505466524215
-3.044970193253206,4.782690747601686
-3.032878275188035,4.766196172159671
-3.0247200276643778,4.754302211813169
-3.02016077361841,4.746920005057996
-3.0134931830807026,4.734832263649087
-3.0081781755685593,4.724985349247749
-3.0002511627493913,4.710888025218101
-2.9939857613414707,4.700623853781936
-2.987647442906576,4.691342877608576
-2.980686012734433,4.681880949546071
-2.9742459340158165,4.673170220641091
-2.9670832257305593,4.663724502788387
-2.9555814865154857,4.649001810427641
-2.943034702184978,4.632926570360594
-2.9284884669479356,4.61335211364941
-2.9160862720742533,4.595898016293883
-2.904450361692663,4.579134788477158
-2.890056676086131,4.5582149581761655
-2.883410186224741,4.548458608398454
-2.8778976601291038,4.540427423214713
-2.8704149090057,4.529799804237057
-2.864901950963714,4.522088503790668
-2.85899220790842,4.514047413049427
-2.8517568788936356,4.504592065584743
-2.8417249803750906,4.491671209444439
-2.830002909370586,4.4767275132552715
-2.819938469413612,4.4639019358039524
-2.810881353588923,4.452846584198209
-2.8032967628350502,4.44360684276819
-2.7941831817124836,4.431933212535694
-2.7856276206420456,4.420341838408471
-2.7794683790707566,4.411683200360712
-2.7676196216427695,4.394865873499716
-2.7540974348022202,4.374894830196458
-2.7415130811219734,4.355948955792223
-2.7267910854717283,4.335025863119161
-2.7105216019867737,4.314304110050451
-2.6953461146930895,4.295957866908337
-2.679661728073501,4.277566216028021
-2.662272787261944,4.25786987296963
-2.6462821141171973,4.24027999626173
-2.622471708638491,4.213567040975919
-2.6032219884934604,4.1904774801768365
-2.585314988729849,4.166377400053581
-2.5678890198952025,4.141933854043929
-2.550720627838451,4.117272073681105
-2.534622584500888,4.091872184949628
-2.52204792272217,4.071444333774518
-2.5057034442659525,4.0464049476017445
-2.4916299736060887,4.027047419023702
-2.473525288204805,4.003161354021353
-2.4547987281577774,3.9798006751419925
-2.4355261700791675,3.957467374566259
-2.4158575793541703,3.93693409629865
-2.39503613357203,3.9186596271041476
-2.376855523302751,3.906164073999738
-2.3626948116894826,3.8986369237493204
-2.3485688029384475,3.89232094090786
-2.334334298904554,3.8859200118988175
-2.3187375941382937,3.877511528309814
-2.300296514753317,3.8651667443186555
-2.285268157627638,3.85297097679027
-2.2705239063186147,3.840235384750747
-2.252754361455103,3.8253500018470636
-2.2354569584785695,3.8114298006425003
-2.22013025997439,3.800363401921979
-2.203922415728484,3.7906109596134163
-2.187305442568234,3.781284714051838
-2.1738360901202536,3.773155017520491
-2.1516379792813285,3.757184796593104
-2.138582679903046,3.7463448826126458
-2.122470885760477,3.732765640749766
-2.107757871481356,3.7215857616232713
-2.0952945488542882,3.7133569803865845
-2.082233335117575,3.704775182609873
-2.0633813703135786,3.6911880600622777
-2.0464349075698998,3.6782240578333982
-2.0286881698383383,3.664555902893601
-2.009211647837217,3.6499434538149513
-1.9889782630367359,3.6353397021762386
-1.974327285032,3.62504069362429
-1.95517336627683,3.612498762839291
-1.9333799976695447,3.5986260953183935
-1.9077323987954091,3.580009930679495
-1.8902282804047847,3.564297829754252
-1.8698558352510128,3.5422778835328312
-1.8544802069338453,3.5218870918195466
-1.8423469993074981,3.503193603295054
-1.8312133798756602,3.4847856251503737
-1.8210064849292371,3.468322516219754
-1.8085729077340242,3.4496612806708615
-1.7931573363537117,3.426407377921839
-1.7818058198811342,3.408940818065559
-1.767726284945577,3.387382333512861
-1.753532275482761,3.3675049945585736
-1.7405749597371596,3.35133994990329
-1.7268299522364332,3.3355971147610357
-1.7155912393980446,3.322684191777666
-1.706451981942111,3.3118512692064157
-1.7008930058844491,3.3053143340308515
-1.6959163615719133,3.299742431396071
-1.6929384602321644,3.2964699931124155
-1.6880925729423544,3.29117719361309
-1.6815730741236665,3.2844658438483916
-1.6708922121138707,3.274457148030654
-1.6552492420737306,3.260438129980787
-1.6363028648377773,3.2437177517659217
-1.6185342979049657,3.2280606384734987
-1.594035440983585,3.207148877981826
-1.5711649783148995,3.1887255542682515
-1.553212757864504,3.175519090670424
-1.531318635370941,3.1605870127652396
-1.5117941078282087,3.147771197433089
-1.4854674918526878,3.130299149925565
-1.467083404739185,3.1180738751427013
-1.437032434555227,3.0994842406629664
-1.411021365509904,3.0847581378388145
-1.3899141781675286,3.0743394722863764
-1.3624412811427682,3.062483286726238
-1.3348399451325643,3.0511409969339875
-1.309558474914958,3.0399781989543637
-1.2865286123558772,3.0294178057237104
-1.2611315206113645,3.017975009964173
-1.2339794870598353,3.005909768692439
-1.2097472664423492,2.9945757828510717
-1.1857427776606302,2.9822170989156778
-1.1558394631836335,2.965566253922243
-1.132134254721039,2.953108592418904
-1.1095892371780722,2.941869879542585
-1.0905804900635538,2.9318084858212394
-1.0733235454530943,2.9226066335992265
-1.0555359776488364,2.9137619856717847
-1.0353160909685006,2.904046396917067
-1.0144406874074046,2.8934611264122077
-0.995033787574323,2.8832389963061975
-0.9774912092878039,2.8743502995110384
-0.9635447944069491,2.868154923722367
-0.946559915732087,2.8612825128582786
-0.9273187170600985,2.8537088514587383
-0.9063873070181282,2.8457940307383898
-0.8859316339172109,2.8382053464473636
-0.8614716899274527,2.8291655619364815
-0.8408445279292673,2.8215541874868655
-0.8217573068320376,2.81476477801622
-0.7992734017598334,2.8069631369639656
-0.7777068618029868,2.799456349619959
-0.751612460418849,2.789433011469311
-0.7239597327497238,2.7776553415466125
-0.6977161068746497,2.7655606813996574
-0.6725383104021047,2.7537135495866587
-0.6465937215947989,2.7419257514300672
-0.6190230252726469,2.7301464958533836
-0.5914802942705499,2.7181256923492083
-0.5643220717779999,2.7053249102335877
-0.5380161986700541,2.693325782999032
-0.5112812469445426,2.681250466414498
-0.48442517908074023,2.667714944453593
-0.4579339436135458,2.6535361819984713
-0.4318757682004222,2.6385872234941132
-0.40591397146290686,2.6236808833252923
-0.3792459345184673,2.610138061871508
-0.35225513596643654,2.5970616847664423
-0.32605464520290883,2.5843896317056196
-0.30202086277911794,2.5723230816731277
-0.2787267655490205,2.5607193425018764
-0.2543784270922366,2.54915451959284
-0.22796783850696742,2.536469352931022
-0.2044783578114768,2.5240922804300605
-0.17860988568810862,2.5095736334941687
-0.15267277549810948,2.494957754166277
-0.12630299048115884,2.480637535302942
-0.10064147303020785,2.466550634841955
-0.07435750942226907,2.453019028134282
-0.042074725986081495,2.4372202818537723
-0.016599207226461646,2.425382903531432
0.0036324867355562347,2.416490368700474
0.028712615255954293,2.405420213304947
0.05171991588370468,2.395510626920255
0.07240257377805251,2.3866312878527216
0.0878987248725351,2.3795887505865156
0.10677351802206403,2.370123442111744
0.12849044236640472,2.3581622342607003
0.15255271865661446,2.344109606343084
0.1704086002791005,2.3327786862171083
0.18455923666825516,2.323450003580871
0.1916180246998544,2.3185933701565005
0.19719521259100747,2.3144395849941644
0.20798002198360463,2.3050303306947924
0.22095705795356016,2.292595043706943
0.2353608897366793,2.2788380729818782
0.25301531125921684,2.2632941600834617
0.2694915945153615,2.250216917035673
0.2866780263568826,2.237274031541171
0.3069287783127738,2.2206049399802597
0.32499067596084924,2.203388276406326
0.34450965464034133,2.1830457889474237
0.36479496052315485,2.161086028744433
0.38708424619951237,2.1349976907083517
0.4028256718711946,2.1146134052715326
0.4208986351215372,2.0874828726492107
0.43309215005511925,2.066563200057404
0.4439708445599416,2.046798110220403
0.4547401600680725,2.0289759188742225
0.4659989442132676,2.0131052108511303
0.4755674268741274,1.9998359198946722
0.4841481283985182,1.986323222263544
0.49074588897848465,1.9735926464904692
0.4968460581159927,1.9601131787824675
0.5024706276350868,1.9477411806289442
0.5084868555009813,1.9357398187662345
0.5154077777241356,1.9228796421215686
0.5196625118410871,1.9144588174258668
0.5257582226342961,1.8989475831690934
0.5301474889441952,1.8845005711188216
0.53453863889878,1.8698506593936959
0.539811520804515,1.8550577092878162
0.5456584088980595,1.8425116017163787
0.5521162316719685,1.83081011905913
0.5586052583732662,1.8189762320007643
0.5619171549800802,1.812134272537389
0.5639338849780743,1.8071984374104275
0.5680587833380814,1.796829822382673
0.5730405932170841,1.7849786798539828
0.5842687907554214,1.7607995304137567
0.5953107674059589,1.741033483974084
0.6071579853777055,1.7240098776327346
0.620368980507729,1.7089314347875637
0.6386661358371956,1.6911671502716843
0.657376955298395,1.6736852457662386
0.67886896866821,1.6531477664992542
0.7018956379406535,1.6301885609826516
0.7169052677557454,1.613174841536619
0.7265971920211235,1.5999287539129838
0.7334514107203808,1.5889122155143545
0.7410355226597426,1.5738886814775295
0.7448606317808745,1.5652473243553284
0.7484367655113051,1.5572695923012148
0.7533635265256985,1.5473305403227873
0.758764843057091,1.5373911968524119
0.7638660455610674,1.5284606924960331
0.7711386280125403,1.5156263436235353
0.7789855538658619,1.5015208376892333
0.7902611456211003,1.4811480188492583
0.8037399895436668,1.457967822079379
0.8173159048242016,1.4354139974000835
0.8309555412876974,1.4127592639121942
0.8447971541445057,1.3902918962111268
0.8593528105755106,1.3683443501338943
0.8765859336963034,1.3458059430353106
0.8974401063418782,1.3204181275788136
0.9140755627188649,1.3009288539086536
0.9376904853450738,1.2752104437073075
0.9528485519644341,1.258461981301543
0.974636297431655,1.23345147740735
0.9914693155586554,1.2132537016109253
1.0082752243670903,1.1909653375210247
1.0287999844274858,1.1618468606554635
1.0433981774771903,1.1400669994275086
1.055603174890423,1.1205532817977626
1.0663037002127584,1.100701961953397
1.0765010844830543,1.0795698339745383
1.0892677417064183,1.053951960110278
1.103171495292016,1.0279210987130103
1.1170441188857843,1.0016296886071032
1.129926853095637,0.974469119813068
1.144405938673077,0.9414813101006694
1.157015177552741,0.9145348451246056
1.1695471760123393,0.8903800261481102
1.182547441073511,0.865005111229352
1.197918773646881,0.8324243711677404
1.211291390207077,0.8056957386192557
1.2261292672107986,0.7807622397008785
1.2421516331002302,0.7562402798765344
1.2576910551114142,0.7310601808405757
1.269138100343467,0.7098749451053257
1.2845690114513644,0.6772265610701311
1.2963803042081585,0.6496443303700827
1.3081447171266272,0.6240732028791404
1.320527896396021,0.6000024826464337
1.337930649448052,0.5691089011710737
1.350730506423299,0.5449824634129501
1.3636447992438554,0.5157851937020863
1.3742791478638525,0.4879714625589345
1.3843591697701898,0.4596989873186756
1.3938556646299383,0.4312100234231747
1.4027059076630328,0.4025203162491761
1.4127290722005612,0.3688304266354299
1.4202658246980135,0.3397019647222306
1.4260923021067984,0.31257668048318765
1.4298697404029976,0.29242386358819283
1.4337968141546857,0.2719092149402341
1.4401692983841259,0.2434244187803329
1.445213372517587,0.22463787823763726
1.4523025956900995,0.19914973012333345
1.460103942190412,0.1710064005710495
1.468479384161214,0.1408755144755897
1.4746017276171777,0.11984760826242713
1.4813309873232605,0.09816157184226625
1.4884401222734238,0.07595004275407025
1.4976826815430613,0.04493413485149229
1.5051391645914793,0.01734094131838595
1.5122917968840965,-0.010524069692397359
1.519671297401427,-0.04222065962178749
1.5250684874405598,-0.06469127200112831
1.528914815123873,-0.07945567020085212
1.5339939184776237,-0.09873688792075772
1.5385907485430095,-0.11617381906543796
1.5420572844777556,-0.12961741108340302
1.5453564764388852,-0.14207501104259554
1.5497675804993114,-0.15588739152593026
1.5553359770646,-0.17014684418587253
1.5632203279701147,-0.18807952408255377
1.571686529581867,-0.20605562849379627
1.582930251939065,-0.23020660403012685
1.5921797491499838,-0.2516494575635234
1.6015836857236903,-0.27327431741362607
1.6116959092173275,-0.29587883469895415
1.6224160189619012,-0.31932414525595487
1.633924114113429,-0.344421553324775
1.6432542893777724,-0.3657630906950802
1.6535659253840425,-0.39152499344422326
1.6625483478164422,-0.4162976114721736
1.67119948554111,-0.4456257873444836
1.6761065266115014,-0.46529708876929887
1.680345481969882,-0.48395642904248093
1.684574092487258,-0.5043157535031227
1.6877244132512152,-0.5212225817834978
1.6902831401601994,-0.5359890786758718
1.6927261903386672,-0.5524443906474714
1.694360294124556,-0.5661574178447989
1.696376142424111,-0.585880678217275
1.6984590624909084,-0.6082025739147544
1.7013371557491201,-0.6331220683103055
1.7051850094945096,-0.6609846439656077
1.7095457176836506,-0.6892188868985416
1.714135972590325,-0.7211342671975646
1.7174777418730764,-0.749995458441693
1.721079875479904,-0.7785497179937267
1.7253098144472239,-0.8095759474840878
1.728831389898705,-0.8310006321804151
1.7356128398999269,-0.8618859686672351
1.742712487493181,-0.8875455826846363
1.7509698186411793,-0.9163260959771207
1.759826878348855,-0.9449375339963728
1.7689632582127375,-0.9733756641530821
1.7780917189814867,-1.0008668165198469
1.7865613996220664,-1.0252775964199128
1.7935069957634084,-1.044615266332429
1.7994997512996027,-1.0605766879399847
1.8110470443780091,-1.089800972107875
1.8199379298201328,-1.1115064247047663
1.830324498553727,-1.1354041931638512
1.8395007042615947,-1.1543358434089224
1.8479635055378676,-1.170307924346546
1.8545873570151985,-1.1825289295143313
1.8623622927565602,-1.1972344541524529
1.871286889947789,-1.214186990913742
1.8796188460730177,-1.2292658153687999
1.8876852564446553,-1.2429261651332097
1.892573615732258,-1.2505653319757126
1.897469379182785,-1.2577512219244575
1.90333780542703,-1.265565984188014
1.912365223731495,-1.2769875690930585
1.924289658792712,-1.2918070196744773
1.938522916944223,-1.3082360384039657
1.9516012278835182,-1.3223467555938657
1.9683320167959972,-1.340469029633957
1.987791525472903,-1.3617335555974994
1.9994340339796801,-1.3738474911589087
2.013686712273756,-1.3884529192852417
2.027119081345414,-1.402264575388126
2.041847880487243,-1.4177312142339062
2.058581422821468,-1.4350229915538484
2.077474924340645,-1.4539333304384443
2.093800553879703,-1.4700399991724014
2.1110639346984845,-1.4866171241970205
2.131952135724849,-1.5056406674997853
2.154113838424404,-1.5239811843572026
2.182923593688024,-1.544405742783377
2.2048538536416014,-1.5578607258206287
2.22699960687877,-1.5703065328820336
2.2514025413988823,-1.5831743948170662
2.2801708456284144,-1.59613049946297
2.2976684401528362,-1.6026376034431566
2.312177200821339,-1.6075507106850997
2.330168361045219,-1.6139081074510901
2.3468931898156367,-1.620583107708921
2.369692817145248,-1.6311808159377572
2.3887734843451582,-1.6407658371168596
2.407182360176728,-1.6498971498874775
2.4266635376494663,-1.6596473210702838
2.453965486819741,-1.6744651275737914
2.4761790762523725,-1.6857116610732545
2.4975356467198635,-1.6945280615563427
2.5194237879142363,-1.7023023349449946
2.5489372481894463,-1.7134768212537952
2.5765696075185986,-1.724814740688369
2.5988971770209988,-1.7332389561704333
2.6330429792127736,-1.7438484130079757
2.660847883537546,-1.7509621097581212
2.6852824286483057,-1.7566947648337847
2.7088749053521783,-1.7620450546886526
2.7313326180101747,-1.7671986745120327
2.7521288086289477,-1.7712843232762936
2.775336336450061,-1.7754966366390623
2.796086371198122,-1.780613938281333
2.8196466486252856,-1.7883582635765127
2.841404089888229,-1.796126585342651
2.8670568161418575,-1.8050693613639457
2.8914925773660793,-1.8138133392266342
2.914220582647118,-1.8230264560059382
2.9339534242905514,-1.8319590957430576
2.958208212064045,-1.8437227833644763
2.978134952888743,-1.8529829407433016
3.005680723516508,-1.8645795677425654
3.033574108686471,-1.8755783134503654
3.05822879445512,-1.885254664286704
3.078997412942608,-1.893752051559798
3.097627232012541,-1.901262464226023
3.113993950608081,-1.9068023381653787
3.1296360604037483,-1.9113587935045582
3.146628600965401,-1.9167555037124402
3.164864305018439,-1.9231804466513178
3.1862441980011664,-1.9304737857205885
3.2165172014777736,-1.9401897432124515
3.2445780540505296,-1.9491182420618234
3.2733380660587943,-1.957351631020384
3.3024244311394773,-1.9642008655356598
3.3302439590209008,-1.9691043928155538
3.358799799082042,-1.9733942368632185
3.3943176741989003,-1.9792383125837771
3.4237876566525713,-1.9850828094443147
3.4524220592741988,-1.9917076703965442
3.4796797738242886,-1.9982122405748688
3.50640275648484,-2.004130258298501
3.530096966441817,-2.0093621717344945
3.5555487625687037,-2.015639242496825
3.580781294076518,-2.022041490014789
3.6115723745398713,-2.0292077728653672
3.638536580629345,-2.035537736546049
3.659776526230391,-2.0408727548556747
3.6934767128614987,-2.0498605314089384
3.722266822459653,-2.058365805196621
3.7499166420546914,-2.06624349544479
3.7764589041163217,-2.0736261252279387
3.7977359234806722,-2.08012968061703
3.816573577849611,-2.0862103371416345
3.8351599349571153,-2.0917702503476576
3.852670543179054,-2.095968624966879
3.8733845004907885,-2.1004125366957904
3.9013139050259835,-2.1059384573234303
3.9282607766703963,-2.111373539122688
3.961221406046894,-2.1199036479468236
3.9806080556865293,-2.1265166948354173
3.9935931653512973,-2.1319340025534514
4.008070992347633,-2.1392142608426092
4.022352987377572,-2.1470631607409025
4.033846983844928,-2.153009998214026
4.048635841326879,-2.159170673511381
4.064038665424033,-2.1636684679076117
4.079769256317646,-2.1674628343018294
4.095536187040632,-2.1716331990985913
4.111206650002864,-2.1773524770546953
4.126330125193958,-2.1851957868711693
4.140719671377992,-2.194080305748921
4.157828587122154,-2.2046661577369835
4.172014091047657,-2.2119737482230906
4.1877589787000735,-2.2179195273804124
4.201216105939835,-2.222368255226281
4.214588072175204,-2.2273245537225326
4.2264383999422925,-2.2329214768079404
4.238938483644649,-2.2395562802724327
4.24964315453209,-2.2455653694447766
4.260034940231414,-2.2521323590740456
4.276287023130634,-2.263296817686885
4.291829813471671,-2.2745035162652534
4.306946611413955,-2.285814831497414
4.326092118295893,-2.299901627488069
4.346986318479324,-2.3142591745213013
4.365536632601659,-2.3268389220667767
4.379539052499398,-2.3367171419560973
4.395453962950231,-2.349336373000052
4.412074515696764,-2.363818039295267
4.426901051986756,-2.3764814893495094
4.437684517193756,-2.385176096704536
4.446707038445361,-2.3924875758049713
4.458862792663398,-2.4032493437682585
4.475039059973492,-2.4183308889237374
4.4927344616246545,-2.435706624554082
4.511763707654618,-2.4564948109137847
4.527584767542749,-2.4740156261103348
4.544480451641827,-2.4903858672586323
4.562835032146964,-2.505225500653476
4.5810677019241,-2.5191399961090877
4.597987669597941,-2.5321750396825
4.609537305598629,-2.541883506373533
4.616902971065571,-2.548899104941338
4.625535189743055,-2.5578399191751924
4.633906297992851,-2.566781632802201
4.642100300775289,-2.5751063303640382
4.655937386809756,-2.587511275095472
4.669262341150607,-2.598483005876653
4.682666323534297,-2.6101697157399775
4.697808872333682,-2.6252350671564315
4.715641869322555,-2.643410948262481
4.730178412522435,-2.656435440756412
4.741684173730491,-2.6654275234038876
4.756321770574896,-2.676532957523742
4.770792019105933,-2.6886847059095382
4.788445321306011,-2.7067651105531776
4.809353212372191,-2.732093268983746
4.826489331724373,-2.7531783819950246
4.84172429285402,-2.769957070647059
4.851655061378169,-2.7794379893755377
4.860432772651393,-2.787058926155336
4.869287268491344,-2.795032301658269
4.878297306816828,-2.804160333686134
4.888785359908993,-2.8164672245242506
4.901110060496149,-2.832118957719706
4.915329683397769,-2.8511992638939314
4.931464028469701,-2.8726153080929775
4.95280072963306,-2.8983691345868223
4.969027404726278,-2.9173765521635575
4.986024788788599,-2.9385887218237485
5.0037006598547515,-2.9626710212769645
5.016102857852506,-2.982541790982558
5.023315027999121,-2.9965854572016535
5.029151910667278,-3.009393435609138
5.034464793564565,-3.0220433246174756
5.038836333977208,-3.033159851113387
5.047197588333716,-3.057805836024071
5.055101816929026,-3.08291912067163
5.063688160068285,-3.1074719155369213
5.07254882543135,-3.1319879952457144
5.079984853415634,-3.157102174028163
5.0856342119138045,-3.1879750583411997
5.088630718854887,-3.2105673513873727
5.0911836114200675,-3.234315324183306
5.09274867152617,-3.25868135149842
5.09338421068648,-3.2801437331476637
5.094280574424017,-3.298997916875806
5.095728916150462,-3.317990377555161
5.097956871816585,-3.340344803384278
5.100618796977644,-3.3629520689662513
5.103163323817143,-3.384884739856407
5.105662662064343,-3.409059671405076
5.107993732952301,-3.440369478362374
5.109060531842379,-3.4687615405303576
5.11060107019096,-3.4943320137597658
5.112887744761361,-3.518572578678525
5.116639147400249,-3.549827227671174
5.11968690238657,-3.574069309726619
5.121835380686878,-3.594388322460147
5.123614577173909,-3.6153551072388566
5.124431831475138,-3.6325132710008448
5.12414819210445,-3.6512602621476193
5.12295886822869,-3.669743036578528
5.121601660406579,-3.6869356176900974
5.120690974507888,-3.7055180009185493
5.120382113887757,-3.723668856018341
5.121084798540324,-3.744497802375127
5.123437808320789,-3.7661747367633613
5.126196245833125,-3.786547329472179
5.128503069418445,-3.808691129861972
5.129087608375741,-3.824346300558589
5.128557554402353,-3.838403491940357
5.127492872204452,-3.8492945775000162
5.126279052823617,-3.8579076176613283
5.124794350990314,-3.8679580862880356
5.123314879953904,-3.8778144443053897
5.121641317405865,-3.888780888918126
5.119200471887648,-3.903133474974599
5.116398427286851,-3.9182832532216136
5.11226173372268,-3.937496768005841
5.10826448321237,-3.9525052413810244
5.100489255480748,-3.976043570595446
5.090300116062006,-4.001565724610013
5.08027095787454,-4.0265844023877255
5.073340488755183,-4.046330725775308
5.068452172553735,-4.061717611456591
5.061903950466468,-4.081434460972797
5.054609069573945,-4.100968997945892
5.047950639099714,-4.118476860395516
5.038027692113768,-4.1450420606190574
5.029424844926058,-4.167039247767823
5.015981985421615,-4.200394412614663
5.008044325078321,-4.222944181107496
4.9992936756882065,-4.251590024450912
4.993278016018829,-4.271948267363659
4.987225838732124,-4.292712947698839
4.981316008452977,-4.314007354735861
4.973916865861962,-4.342968109687078
4.967145147032127,-4.3708213008386085
4.961734860599347,-4.392435128395507
4.954603367824336,-4.419398150870714
4.946180753881984,-4.446669706668411
4.935814839550469,-4.4714836631673265
4.923410712859712,-4.49579110407495
4.910402308437807,-4.519547702838211
4.898718122528743,-4.541605980858852
4.888468973599047,-4.562680410768134
4.8791623498503505,-4.583784531784982
4.869472327907594,-4.608658361812592
4.860095604471908,-4.637068295479631
4.853373038401744,-4.6589887099115295
4.847033273545347,-4.680091652245466
4.842779755127855,-4.695356769852717
4.840460097013755,-4.705255310759298
4.8384569249124585,-4.715506475235841
4.837060857726508,-4.722524316066734
4.835047791708463,-4.732373493642273
4.832290378963913,-4.744230625907198
4.829681402700444,-4.755101841635043
4.828467095468791,-4.760939741204487
4.827867831317611,-4.764424233095124
4.82716995560258,-4.769275770091993
4.8262916410974315,-4.775598877987662
4.8250095294071125,-4.783767313188169
4.822558271574481,-4.797791306106664
4.8197999115211365,-4.8119516920382415
4.817207257921273,-4.825567134091869
4.814216464055425,-4.843647761316563
4.811477624822179,-4.86222167114395
4.808050877801806,-4.883731192479384
4.804865332247952,-4.902363842499394
4.801637787690081,-4.919374851200458
4.797727817465677,-4.937575718420191
4.79350836719888,-4.956138813600347
4.789979905317152,-4.97330962084946
4.786858584718689,-4.991105655278046
4.7847808562547804,-5.003951063257446
4.782615888915727,-5.016313493975536
4.779657573930563,-5.033342160556146
4.776517241915118,-5.0549419775057
4.773103818928567,-5.079122041096833
4.768831133916537,-5.105047751755826
4.763000091479759,-5.13387816132962
4.758111860990898,-5.157173422819306
4.75285571926884,-5.186507254881485
4.750129002081535,-5.216058841266044
4.749934131910521,-5.245850468396568
4.750293844060716,-5.275805710379371
4.75019886803678,-5.299838110663528
4.749666858710308,-5.323846436486628
4.749082556508404,-5.353834596474443
4.749037189995849,-5.383740383574722
4.75135555237442,-5.412903366539529
4.7559454500085705,-5.434968691744766
4.763314347605969,-5.4567008566725415
4.771068392159071,-5.475119638958536
4.784093767818551,-5.502669939507999
4.7934328964130914,-5.521158731116641
4.803990365777875,-5.540088638379343
4.812788447934484,-5.554342094753995
4.824821887206945,-5.571153606917608
4.8358747651553315,-5.585355267897405
4.846640782330247,-5.598395970059961
4.857783902541969,-5.611160965965808
4.868550866173224,-5.623581034412694
4.880478789977469,-5.638196063805857
4.8919932262981085,-5.652415944212495
4.907171933730105,-5.670250786410774
4.920275831258371,-5.684912392900076
4.932568970152995,-5.69829818149064
4.945986203867927,-5.7127585942996575
4.961077901705082,-5.728069882803436
4.975658378335945,-5.741245264576803
4.9928292387712725,-5.755680055004221
5.012885052975708,-5.772020846478048
5.032345534640038,-5.7880170289494774
5.0532717975820605,-5.804286175918548
5.072932071332269,-5.818041797432382
5.092965180276086,-5.830760583913422
5.114295408898157,-5.842240258684207
5.138876993718418,-5.852832281607736
5.164697697348277,-5.861991642046235
5.187443488095262,-5.868634611170158
5.212708410129251,-5.875675812120495
5.2374003552260655,-5.88298181765852
5.262190381632434,-5.889762364380328
5.285294516071303,-5.894805737921494
5.3107174433970465,-5.900149881580495
5.335725966750203,-5.905576888681316
5.355531487836414,-5.910169898667418
5.373853944145492,-5.914971661868626
5.399162974936769,-5.9227369985272915
5.4274503598533705,-5.932653423397278
5.4555758974754776,-5.943218839576898
5.488937166806637,-5.956808752690959
5.515579509115625,-5.96730758342673
5.5412324727786055,-5.9768704488496445
5.568179877142021,-5.987145578814916
5.596232124036246,-5.9971338830438805
5.630332010532537,-6.008221220820192
5.659065510225112,-6.016673939874952
5.687991334697644,-6.024484480493239
5.717080175343973,-6.031731857521896
5.746181536037209,-6.039136282587302
5.779645640617861,-6.047764470904553
5.8066628194229,-6.05387601887273
5.831500515860753,-6.059292745476899
5.84862080398904,-6.0628923428690795
5.8792406670902695,-6.069059284082533
5.907955780767002,-6.074301098400287
5.936102015319178,-6.078671105968889
5.96265057404477,-6.081671028214568
5.989235528059041,-6.08373212980955
6.011726289347593,-6.084403786613349
6.03553320305275,-6.083849921354026
6.064717903172169,-6.080954596314557
6.092762108412689,-6.075201135774122
6.1148890082906595,-6.067480755722275
6.131389439627777,-6.058723758342765
6.148214694615954,-6.045924134220668
6.160923897033842,-6.032938105179264
6.171898522383511,-6.018902853338367
6.182350456605006,-6.0043104438608355
6.193229447701208,-5.989956386829669
6.2060959629103865,-5.9760315049404
6.215140772214989,-5.967827038292434
6.226573087171869,-5.957888015589294
6.238767230938773,-5.946230415228806
6.244952133932539,-5.938950933434371
6.249850232781705,-5.9322413135283485
6.253437060457787,-5.927124708145079
6.256587358886625,-5.922985234631744
6.26404680967352,-5.914811830157974
6.271684818742874,-5.907196531040949
6.280079332901467,-5.898472679091443
6.289544553618326,-5.886897011266522
6.299607653538902,-5.872118456106288
6.309268571448093,-5.856912593565353
6.31956707423144,-5.84198027265858
6.332212444741615,-5.827336492998071
6.348754537549911,-5.81253229671653
6.370443320172924,-5.796010957712299
6.38769822260606,-5.782889472660241
6.400738135855127,-5.771832471756619
6.409746839384809,-5.76298572634643
6.42278069532281,-5.749040577908614
6.43625687279696,-5.734004191685873
6.454952069413566,-5.714732577537656
6.475615695530991,-5.69616839416065
6.494624445806334,-5.679777899904768
6.509712941246522,-5.666505754422799
6.525431596678687,-5.652303594819682
6.540116350662555,-5.639064358797241
6.559211273674144,-5.621278583280864
6.577233535431533,-5.603465905926595
6.592432432678818,-5.5888592691335175
6.60588459341479,-5.576536177719553
6.61777391680836,-5.564960167894707
6.624653376430988,-5.5574044088582735
6.631288308122842,-5.5498954802053255
6.641378613038381,-5.539535789934303
6.657254533957515,-5.525059646274331
6.673577868918072,-5.510667182100796
6.688221821674279,-5.496406985737874
6.702069523020678,-5.480121144755139
6.715680543344801,-5.461696603603396
6.726021324802736,-5.447441226350046
6.73781034741414,-5.432340041508703
6.7467815698224465,-5.422354430520339
6.755493547077329,-5.413649004346021
6.763971454453577,-5.405156743462102
6.775120853519064,-5.393421751219833
6.7850511915802745,-5.383002679884044
6.792247871522852,-5.37554823787667
6.803549467849978,-5.363694304891959
6.811725665954143,-5.355336288653823
6.821759884616502,-5.3447897745021375
6.82953440918262,-5.336230801751066
6.840328287167149,-5.32414009741425
6.852485138344505,-5.3098846097397345
6.865590282122276,-5.292635250134858
6.876685423504623,-5.274293907119025
6.886711122529681,-5.2523005070853035
6.8960289614645625,-5.227855067950811
6.906150417836936,-5.1999704836676335
6.916446768501949,-5.17193321389836
6.92737892815581,-5.1439624532476955
6.939144935048123,-5.116283230095214
6.951564565875713,-5.088967166410408
6.963631202330684,-5.061556211604349
6.9739751799053,-5.035502637389217
6.982124109470747,-5.010992959885031
6.989523588666901,-4.982019598748811
6.992022253958196,-4.959203847720411
6.991336686155116,-4.94547635823089
6.98944870304976,-4.937477736866824
6.985789088442201,-4.92898678038135
6.980149235203035,-4.920059046112172
6.971997772961661,-4.909622524818981
6.962555288987587,-4.898540628527201
6.951864370692332,-4.886186388612296
6.939939983400641,-4.871408740575706
6.929921775873092,-4.857599004982545
6.92016588032823,-4.84371543083881
6.9117491318568405,-4.831494456262115
6.90016691499765,-4.81489691249028
6.887482051177531,-4.797637454524541
6.873121148889622,-4.777467621809271
6.858088167584212,-4.7534875472146
6.8450598311910404,-4.727534812022551
6.8340998430298505,-4.700578375086249
6.823751643913551,-4.672933986830674
6.815765275638622,-4.65166975404301
6.808784735532122,-4.630438322572583
6.803688922100724,-4.607344945962819
6.802307162279208,-4.585368704872903
6.8058693627133895,-4.558679025074256
6.812229150507655,-4.538437438855933
6.823149389144285,-4.513788935497337
6.833006983335561,-4.49470576954973
6.845306101168975,-4.470975713379234
6.857487720772355,-4.442685168946067
6.863532427276462,-4.420826410214415
6.865753678064232,-4.402877524270141
6.865005728467265,-4.380800868334787
6.861125998236233,-4.356317537241472
6.853652288970952,-4.330660910010281
6.846524232316611,-4.3155890944308855
6.840224841801146,-4.3060856893047275
6.8318500209030555,-4.2960333952293945
6.8210441321172945,-4.285861111326018
6.808362890147496,-4.275837315838317
6.795371053952986,-4.265998601551472
6.782829191928506,-4.2555128881050175
6.773729734593259,-4.246148811327691
6.766074415535709,-4.236666441550412
6.758697748235374,-4.227118185022214
6.7493286721820756,-4.216032987082955
6.731225434561214,-4.197402332301324
6.716249540188919,-4.1835127888216235
6.704909470739502,-4.173260575049211
6.6939771311626854,-4.1625805540992085
6.679391560419147,-4.145420340850187
6.668086415173098,-4.130389314749044
6.658361640754495,-4.1172794293187165
6.654122090804062,-4.111841597120811
6.651349781045292,-4.108540950826823
6.649610783430062,-4.106566250531841
6.648280447403453,-4.104901527481351
6.644694931387071,-4.099164601620887
6.640721015542255,-4.091018830519305
6.633062316964845,-4.068333250851046
6.627715281881204,-4.043673765929042
6.624566168544379,-4.017457237797654
6.623318098727403,-3.991164691971641
6.623933526250795,-3.964757343218191
6.627895082409007,-3.9381496031728314
6.634837586346657,-3.911890159059843
6.64359828600955,-3.8866972848595625
6.652304590711328,-3.863025321364838
6.659538057246291,-3.840128137252484
6.663212103988572,-3.8237482555625073
6.6646903394984225,-3.8086021209773335
6.663734152949645,-3.7951960548034247
6.661103968162173,-3.7818707225498187
6.656907933829267,-3.765405615975929
6.65268229059324,-3.747946642929358
6.649840295306064,-3.732383058550256
6.648730561490477,-3.7159772006859932
6.650650148930018,-3.6922439393463415
6.65727958984665,-3.665533435442773
6.670178766235129,-3.6350124405481887
6.682097443673358,-3.612229346837255
6.693982014662074,-3.5902472738785356
6.704150823158039,-3.5688266457187012
6.71111057811714,-3.548860746558957
6.71410863790786,-3.531716376576377
6.713850123187756,-3.5159724648752637
6.711593115243826,-3.50046479521094
6.708209944357802,-3.4841202234603057
6.703820039117509,-3.46377534161136
6.698954370089659,-3.4376204205856653
6.6948981009225745,-3.4094720242923553
6.692964412219932,-3.3879135701575573
6.691368183345009,-3.3616588258413778
6.6909109262586135,-3.338593795930675
6.692693215288553,-3.3147284763706275
6.696532957313002,-3.2950992455387036
6.704144690223492,-3.2710630220715005
6.715106582768209,-3.245494076713787
6.727239510384095,-3.2217120030089923
6.737929181491371,-3.202943881445233
6.7512957377352025,-3.179621360026714
6.7620783899632,-3.1581256415561194
6.769096473028506,-3.14101219464024
6.776807679727259,-3.1211444735988336
6.7818034758617065,-3.109509190166542
6.785718547927169,-3.1012920799186015
6.790613230148765,-3.0925365738677595
6.795782553336895,-3.083752218590525
6.800409925216561,-3.074986698941815
6.804158939777427,-3.066392202034289
6.809010009396707,-3.054583843798725
6.814884623069958,-3.040910176182496
6.823487558342028,-3.022815005760484
6.830538841778089,-3.0089803956946803
6.836193373602007,-2.997128917500941
6.841392952684757,-2.9845571573694643
6.846413694838752,-2.971442184628254
6.853055517740308,-2.955669671026894
6.862673572710669,-2.9350396148634785
6.873285260464214,-2.912735170915068
6.884118988609132,-2.890557768843477
6.894891153986442,-2.8667665360093495
6.904595845182007,-2.8423720091236357
6.914066578360559,-2.818060923272997
6.923458481216299,-2.7958476211842074
6.932407505275121,-2.7745421736963882
6.939076370216283,-2.7557631494145682
6.944386282798612,-2.737778649401395
6.951272950672233,-2.714060653332817
6.9600985961577475,-2.6861088228861525
6.972033373457945,-2.65211913085935
6.982122810821807,-2.6238600857521828
6.9901250386787215,-2.6012593590751534
6.998233580350095,-2.5765520116105467
7.004011287837931,-2.556251974799557
7.007091721238677,-2.541308392562724
7.008861061234465,-2.5247803556579105
7.009374893886305,-2.504068002998098
7.008581197061054,-2.484723414191
7.006919655699956,-2.468821200758864
7.004641513441222,-2.452753048339773
7.001546978338671,-2.430075749637809
6.998145132563496,-2.398497924420919
6.995845873779339,-2.3714795097796664
6.994544977601907,-2.344713109579184
6.994634557271627,-2.321940820787649
6.998245936693409,-2.287244079156311
7.0027740735796105,-2.2587782576201643
7.0064871656545975,-2.2319106923021335
7.008471842493304,-2.2065403270417674
7.0095640690398495,-2.188988285095753
7.012155302351499,-2.1594843825471672
7.01610079967683,-2.13419632208895
7.023420517667855,-2.1000364093858215
7.028467161797396,-2.0768179050700875
7.035228891650477,-2.041954025182062
7.040226951142741,-2.0134292531608216
7.0447598782230125,-1.984244352246348
7.047727323396849,-1.955678888725533
7.049772113768475,-1.9283094153933118
7.051703634258631,-1.9001320892075126
7.053854511771883,-1.8735267133230338
7.056553962624376,-1.8480930849665942
7.0597478009732715,-1.8232786099641087
7.06365085902489,-1.7991320685442997
7.06798917504313,-1.7759262829640383
7.07333543533956,-1.7506898748645168
7.0768424375504875,-1.7339372333710896
7.079869338727971,-1.71733164792544
7.082884498156205,-1.7006397082458584
7.086943460718745,-1.679896427992325
7.092512123871831,-1.6560943091197686
7.099991222760048,-1.6318529771806554
7.110450053147592,-1.6052246794903522
7.123249481090707,-1.5796255494866274
7.137071675453994,-1.555161987891325
7.148330669024803,-1.5352892895091794
7.160522910974175,-1.5113564118778482
7.171531150129413,-1.4886451514656807
7.184209898402034,-1.4644179297251363
7.197789663262307,-1.4420412588309526
7.212327502677403,-1.4202969885590813
7.2221705375216105,-1.4054784141662435
7.230094150838221,-1.3931304244859135
7.236471359479673,-1.3833664582892133
7.244167421330569,-1.3730377979954946
7.257210680422307,-1.3579461779676345
7.269638663523302,-1.3448330804933877
7.280901497117946,-1.3329819260525317
7.290870611580367,-1.321532731084454
7.298041597297022,-1.3127593734227827
7.306782190794759,-1.3026853059908747
7.317995234278111,-1.291194813466394
7.330025925323392,-1.2794844449272926
7.343349625076301,-1.2657627549516814
7.354886406813765,-1.2537946509160396
7.371818539769147,-1.23745415324783
7.3910028150324285,-1.2202740701805144
7.404142164557929,-1.2088643768188196
7.414855255811878,-1.1997021305556361
7.429648522337488,-1.187226318627435
7.448894738668221,-1.171367454910388
7.47071204018833,-1.153195937340379
7.491638069528193,-1.1348879253170183
7.511658368163353,-1.1181749596824107
7.534782448034336,-1.1008871281225383
7.5649417666421765,-1.0816556717996593
7.590089387016651,-1.0669899491478807
7.610246724442203,-1.0556753057102515
7.636575730961279,-1.0420003905060136
7.661136046023346,-1.0299631724410032
7.6876109807056405,-1.017613200835475
7.71500783143619,-1.0048455254573634
7.734138559374587,-0.9951520802739854
7.7556208958647535,-0.9833798409041342
7.776528195695763,-0.9716078847775125
7.806796292027191,-0.9549601178702308
7.830617493284752,-0.9425608265767353
7.850283925763555,-0.9330756188950581
7.869686804354754,-0.9239001268913262
7.894187015545629,-0.9122818418483954
7.921508281711133,-0.8997647818278879
7.949153291221168,-0.8880431548261944
7.976813066543185,-0.8764327522129822
8.003670654216878,-0.864962817721382
8.030086709201422,-0.8532688221796381
8.056290859632432,-0.8406660372553884
8.079087874041576,-0.8282824543614439
8.098843571330793,-0.8165489156064164
8.118961706263278,-0.8046559117015688
8.134116159473527,-0.7955921336953771
8.144063031130415,-0.7891448988426834
8.153685905163995,-0.7821210443597444
8.166743928341493,-0.7720087999651015
8.183746466290419,-0.7589067010975569
8.200889019892154,-0.745379941089368
8.217351988464195,-0.732318786341566
8.232774398041633,-0.7205514251834619
8.243533716128105,-0.7124630837365936
8.255363357996927,-0.7035773531354059
8.27332608692111,-0.6902144891700513
8.291207387951683,-0.6771345909408506
8.312104706671397,-0.661984670783513
8.328911567965068,-0.6500238388946269
8.347859216089644,-0.6359916400847735
8.364352784163373,-0.6231014011696948
8.385403503225195,-0.6058679009340339
8.406318734358363,-0.587563464892906
8.431825041002122,-0.5640782226961162
8.453472495135673,-0.5436121040393492
8.475115406883157,-0.5228587355810992
8.49526794748551,-0.5032792845984877
8.51604332910341,-0.48211771012475857
8.531879634386495,-0.46430782033864626
8.550173037981239,-0.4407198623445702
8.567237712547469,-0.41617323749753615
8.583514393812807,-0.39102260170447506
8.598918563692935,-0.36536433576780736
8.613433368085143,-0.33933709820670277
8.626851381051758,-0.3135090277610807
8.638548039025782,-0.28777831045009744
8.648327071585019,-0.2602773735572991
8.654371515876361,-0.23332252877014978
8.655872840532336,-0.20500912411746902
8.652544118438293,-0.17944481653552577
8.646577216151103,-0.16166685215016793
8.643225048956332,-0.15589231975930973
8.642197755377747,-0.1547179965231895
8.637724849716172,-0.1510675116663643
8.630219458321442,-0.14616004688178766
8.620457622457279,-0.1405665325166669
8.61382638008934,-0.1366364528906496
8.601102654476387,-0.12750720474278257
8.587147036572071,-0.11480586154331
8.572813483841891,-0.099197806375847
8.559432691449159,-0.08354824183924534
8.545950431836411,-0.0687284891805408
8.530859803068704,-0.05455176694334094
