-6.890600891213616,0.4577849625691151
-6.897967994127724,0.4868953720532507
-6.90355336834892,0.5102514544676087
-6.906202816740845,0.5215506101780824
-6.9073782323346125,0.5266197558876006
-6.90845470366025,0.5313010764473238
-6.911807212793752,0.5461410720286586
-6.913693536513081,0.5547487128805628
-6.914221135702058,0.5572222865540554
-6.914220131724259,0.557219412675863
-6.914220311828263,0.5572200075606851
-6.9142203116223175,0.5572208689022171
-6.914220225064689,0.5572205649010832
-6.914225941576565,0.5572189756298493
-6.914019242456473,0.5551985940011421
-6.91402781503252,0.548895640271817
-6.914680443110413,0.5435353478169727
-6.915604135349565,0.5400406509806257
-6.917669672890831,0.5354352032884606
-6.921372887563895,0.5296076689965501
-6.926825486830917,0.5229772391281152
-6.934008562586794,0.5155577209334995
-6.941476492184593,0.5087403097114233
-6.946427902512725,0.5046715526993164
-6.953701416262047,0.4992761150033012
-6.96406351675525,0.4922373293456914
-6.97465304709826,0.48547076266940636
-6.984117091019935,0.47987453574541133
-6.993117480883801,0.4751344576275129
-7.0018990805352805,0.47108905981032106
-7.012592267734823,0.4667607386929368
-7.02245192843615,0.4634280830429112
-7.031395593796868,0.4610592719976225
-7.037191431953985,0.4600505606399638
-7.039172430871827,0.45984415664847317
-7.033806853531236,0.459695583766058
-7.018219759402309,0.4577692864102634
-6.996270559125184,0.452535530123577
-6.970821898060146,0.44231970588273195
-6.9450942161118965,0.4263136608177142
-6.922399068999093,0.40630253880834355
-6.9064744444413835,0.3880817951271161
-6.889562202597814,0.3630298365655268
-6.875539000608587,0.3363331883070832
-6.863652877422342,0.3086624371644783
-6.855027118860593,0.28622525821900696
-6.844819654642187,0.25797520356479425
-6.835200208117021,0.22951667327782718
-6.826254227552108,0.20083253751070917
-6.818069101919343,0.1719175827759244
-6.810704570934065,0.1427777011940609
-6.804344778491706,0.11338609901411523
-6.799176737992303,0.08376313839885126
-6.7957513304685655,0.059977839312998944
-6.791704386697998,0.03024520943900268
-6.787806654588154,0.0004886547014146801
-6.784039390935476,-0.029277419652079254
-6.780206552299539,-0.05901147920146463
-6.77588290520975,-0.08865610953500476
-6.7708805968609385,-0.1181921627970144
-6.766464079125756,-0.14175344327122422
-6.760539568154627,-0.17113315601989298
-6.754139320946209,-0.20040373995653823
-6.747290878727248,-0.22958428182564755
-6.740098942728853,-0.25868499983254606
-6.734073717342916,-0.2818880545487524
-6.726121348228022,-0.3107732841390217
-6.717600100879747,-0.33949606344071703
-6.708556275136396,-0.3680644584014556
-6.699031877320017,-0.3964759398502039
-6.688992115359603,-0.42470731977965565
-6.680566250869624,-0.44714494900849405
-6.66946136513925,-0.47495953815931524
-6.657572876815451,-0.5024385408416037
-6.644814004769686,-0.5295200116845916
-6.631212990876111,-0.5561980121240606
-6.619824273907491,-0.5772793308399886
-6.604979734425477,-0.6032904089306524
-6.589453492857587,-0.6289045975141518
-6.573378648818875,-0.654193709546516
-6.5568682892879835,-0.6792028609105765
-6.539920420386134,-0.7039122829245877
-6.526001994840226,-0.7234228712206768
-6.508113058624257,-0.7474514375920411
-6.489701992349435,-0.7710857739356071
-6.470812495569331,-0.7943422838649036
-6.4514615867789615,-0.8172162431220859
-6.43166216287126,-0.8397058806280422
-6.411488123058216,-0.8618734719132466
-6.395156332850836,-0.8794387941436471
-6.374565530959104,-0.9012353051694336
-6.353796269911519,-0.9228603669214351
-6.33283617713834,-0.9442989995113362
-6.311672173060915,-0.9655308899961407
-6.290244646025297,-0.9864870312514643
-6.272869940950761,-1.0030064054863688
-6.250859436597806,-1.0233471292520322
-6.228560360070928,-1.0433793391848016
-6.206019817532215,-1.0631404160945477
-6.18781314066031,-1.0787485741919678
-6.1648445554318725,-1.0980058604039087
-6.141600749392686,-1.1169252417993543
-6.11808148152368,-1.135507951171035
-6.094346510665105,-1.1538247933064032
-6.075243592875764,-1.1683349353542423
-6.051251734533302,-1.1863241745339352
-6.027145994393426,-1.2041646373830848
-6.002953818298277,-1.2218910013560937
-5.978685986438083,-1.2395165240353783
-5.959230680590502,-1.2535594488703206
-5.93482781883623,-1.270986691423579
-5.910307679789561,-1.2882483257697452
-5.885668004717449,-1.3053421574744009
-5.860979068830639,-1.3223859280548795
-5.836326518219788,-1.3394919870049709
-5.811703402205721,-1.356629213034338
-5.79201891889639,-1.3703620700840689
-5.76741327686637,-1.387525410695142
-5.742847843418446,-1.4047504151041494
-5.71831690338973,-1.422027500411538
-5.693881585553954,-1.4394579367107871
-5.669643615794143,-1.4571861561250221
-5.645651020628152,-1.4752262689721736
-5.621822812896277,-1.4934674290117493
-5.602822158176002,-1.508140541238101
-5.579097857574684,-1.5265045200487033
-5.555396357193949,-1.5448943549483052
-5.531689389077686,-1.5632843503369813
-5.508034935920994,-1.5817408336694745
-5.489077763404388,-1.5964514144475261
-5.465402291417326,-1.614866247028473
-5.441684858779999,-1.633244806791452
-5.417998769611361,-1.6516707406666338
-5.394449757910422,-1.6702794333732602
-5.37091570193303,-1.6888662491904516
-5.3473777732828705,-1.707484531565039
-5.323928987880912,-1.726210689799949
-5.305226859063289,-1.7412562833088951
-5.2818687727883304,-1.760089541403972
-5.258554319314916,-1.7789722771967018
-5.235284908553559,-1.7979147253943684
-5.212074529921219,-1.8169452226621963
-5.193645000864183,-1.8323368682325283
-5.170701355256402,-1.8516752223140063
-5.147834839473193,-1.871120010687309
-5.125193043719908,-1.890834122587296
-5.102777637938306,-1.9108055410888583
-5.080559857041166,-1.9309815641010413
-5.062852693617953,-1.9471959143032163
-5.040813964181475,-1.9675513444508428
-5.018726667278181,-1.9878555152974338
-4.9967387408544015,-2.008271763246629
-4.974833784759253,-2.028781400847085
-4.953068391962297,-2.0494484953881966
-4.935703862427224,-2.066002993791863
-4.9138768657605,-2.0865694360781557
-4.892024917337607,-2.107138214547721
-4.87047339784238,-2.128104298457529
-4.850155038946984,-2.1503315314997566
-4.830862462078304,-2.1733797590299995
-4.815926850596287,-2.1921843065485005
-4.797201355657598,-2.2156052248851674
-4.778247460458096,-2.2388226211258058
-4.758871187049473,-2.2616801166968883
-4.739171511535716,-2.284278246181866
-4.719307574129093,-2.306756288076057
-4.699467143886824,-2.329275025529029
-4.683779060190789,-2.3474796817317363
-4.664539470805682,-2.3705160442972883
-4.645485702580276,-2.393715764114826
-4.6267566526775585,-2.417196656197621
-4.6086094964739415,-2.4411520545815333
-4.591174311630213,-2.4656280546940854
-4.57440594643622,-2.490550907030932
-4.561146133023936,-2.510514403890478
-4.54346902543178,-2.5345451514109913
-4.523540795459982,-2.5567419495496297
-4.502414031983732,-2.577981401704097
