-0.3152788556167288,5.9681769409551455
-0.3074438227475104,5.945546291981773
-0.299087846776503,5.923082594187978
0.021166914262787842,8.067391136467301e-06
0.03319111557845956,2.17582290727407e-05
0.043640946384409456,4.129452432732749e-05
0.0472717015047611,5.063105017279914e-05
0.04771721266248817,5.185392494919596e-05
0.04772986184828668,5.1801916774809985e-05
0.047727376269467575,5.174973903874202e-05
0.04770809380187249,5.1652972748781874e-05
0.04767056401087052,5.1512056146234455e-05
0.047619589760981414,5.13131824620464e-05
0.047592698418629745,5.149503121573424e-05
0.047593538684695,5.164991746685945e-05
0.047619576667848613,5.185090736021341e-05
0.04765049486135399,5.199545508122155e-05
0.047663098655310036,5.198229035797387e-05
0.04766058624656055,5.1927734540492503e-05
0.04764128490210073,5.180117084179887e-05
0.047622135298468565,5.166752276594211e-05
0.047619225703259084,5.1677374331903955e-05
0.04763355223404074,5.17912700062919e-05
0.04763849152558537,5.1821075251738425e-05
0.04763089602091095,5.173156221016773e-05
0.04762695320918608,5.169508456991967e-05
0.04763006809061186,5.1728266394854537e-05
0.04763298994700818,5.173983707574943e-05
0.047629456367496166,4.6667560152194105e-05
0.047229396247194494,-9.253190342202768e-06
0.042159230413351345,-0.0009465824697650078
0.033266336224401116,-0.0034636399953890404
0.01802881854465172,-0.010235139828097147
0.005248632383583885,-0.018410064159080145
-0.00975117139140261,-0.032038153746790324
-0.018376874755836613,-0.043005372731600905
-0.022152220219050136,-0.04962133910675803
-0.02279960664717032,-0.05129677101948059
-0.022242488096922974,-0.0477624829431492
-0.022077374757739267,-0.038572381253045435
-0.02464613075098675,-0.02205973130481535
-0.032422064922062704,-0.00015895316630959964
-0.042644478977981126,0.0189907703640931
-0.059404939779179065,0.04319422011809739
-0.07477545204692593,0.06144390469839796
-0.09138728805831678,0.07857639768389528
-0.11373171008479577,0.09836112317439556
-0.13260277697549003,0.113020873850463
-0.15725977966216453,0.12987248351559091
-0.182988874524013,0.14504553314970386
-0.20426472703385265,0.1559233251761476
-0.22609999749626458,0.1656305753680742
-0.24842430850331235,0.1741623487049339
-0.2769042199864659,0.18316534204277968
-0.3000803104469528,0.18901636510059178
-0.32351511060255356,0.19374346297853667
-0.3530864687166348,0.19803775112379798
-0.37689406801191394,0.20016196683450155
-0.40078091497116275,0.20107661249074193
-0.43066960878727073,0.20063389627402464
-0.45456183304314396,0.1991979429643195
-0.4843820812488626,0.19647297690587018
-0.5082072213923161,0.19379916096746064
-0.5379490031917346,0.19006713080428705
-0.5617195999290922,0.18684581512589613
-0.5854800747186768,0.1835110325223685
-0.6151622932347978,0.17922024227495068
-0.6448233787195021,0.17478754081531428
-0.6685408089156875,0.1711483546510549
-0.6922532667489256,0.16746439048839773
-0.7218922709789678,0.1628306887422657
-0.7515382423491154,0.15821409095636008
-0.7752700659779401,0.1545920049523555
-0.8049465011989219,0.15016394029920238
-0.8286891550486191,0.14665876734693498
-0.8524222854897371,0.1431270016366453
-0.8820697226199036,0.13859366631691514
-0.9117054768814467,0.13397132299805387
-0.9353808441538999,0.1301362563935219
-0.9590253821482676,0.12610975408476743
-0.9826362903985568,0.12189148619135351
-1.012116989950287,0.11640503053501902
-1.0356819426660746,0.11189652221763696
-1.0651011680207318,0.10609725310111935
-1.0886015311522115,0.10129119354970356
-1.1179342849092944,0.09507311374698735
-1.1413643511734928,0.08993422336184066
-1.1647606276595694,0.08464597151984954
-1.1939381524158073,0.07781754582074053
-1.2170144879188214,0.0714970556403605
-1.240088851461132,0.06484566960819024
-1.269112336123214,0.057085616127992574
-1.2924548862191758,0.05136539988556987
-1.3217634548017065,0.04478481294538478
-1.345295116388211,0.03992887989689259
-1.3748042894453327,0.034344816226605
-1.3984726449997176,0.03022920075459494
-1.4221927823749894,0.026409117494491787
-1.451929580508285,0.022152109577247812
-1.4757876951740314,0.01923947455738495
-1.499701642645002,0.016790376245163163
-1.5296694739161332,0.014505877604491091
-1.5536846472878687,0.013324844913130168
-1.583723780666708,0.012603425136480556
-1.6077630069289794,0.012576671583069179
-1.6317981116389295,0.013074092968903939
-1.6558111254176628,0.014065807890937355
-1.6797973209259536,0.015377214492629855
-1.7097611080254955,0.01752380747504215
-1.7336897507570972,0.019677048562678826
-1.7635560325488029,0.022812094293867432
-1.7874061873264961,0.02559320159031002
-1.8112381703503466,0.028514973007005236
-1.841005275336542,0.03233839020645675
-1.8647992960822453,0.03550284858961521
-1.894532066408425,0.03942796220592568
-1.9183334617816885,0.04239769549580672
-1.9421574815847027,0.04522526103574957
-1.9719560523149806,0.0486217517650251
-1.9958053513918994,0.05124774550345425
-2.025628994187746,0.05441207333441838
-2.0494984406651944,0.056827831470451236
-2.0793469853712443,0.05966227006343412
-2.103236154894883,0.06161815785944814
-2.1271557125246354,0.06319295247869161
-2.157083533236793,0.06464357946458608
-2.1810466664164827,0.06541671207707941
-2.211017417420975,0.06599188012436495
-2.235001702533029,0.06621357424732802
-2.258994632335053,0.06629465112099257
-2.2829893196760755,0.06630853388541909
-2.312974308396717,0.0661784140125888
-2.3369581845043927,0.06588282386363994
-2.3609446253099415,0.06543145914462568
-2.3849238784679625,0.06484687239917322
-2.408899958750943,0.06409699525721334
-2.4328668509321156,0.0631652744135425
