0.025738408574109372
0.051451778150423455
0.07074778527204245
0.08404113364780942
0.08636412591515877
0.0882870130688278
0.09093257062867215
0.09214994960897047
0.09215210143720219
0.09215331485940768
0.09215476274984864
0.09215564590578167
0.09215608683052323
0.09392352033845548
0.1023230312122504
0.11472013042587166
0.13098532379823616
0.15351621681899197
0.17639309527451122
0.19836243325009073
0.22208056070775675
0.2458671195868949
0.2723830304517207
0.3024532945251006
0.33250210553931536
0.36255436649161343
0.39257160386453954
0.4225675397191468
0.4465707915552102
0.47491918853952336
0.5030758550511532
0.5317083215596805
0.5616043857384437
0.5915588075793387
0.6215654953398511
0.651653907159946
0.6817803043267632
0.711839838247948
0.7383828207858333
0.7635322211075288
0.7892167490944464
0.8084006017787723
0.8331885507961393
0.8598987897167522
0.8874726903706949
0.9131446657120521
0.9342770222262168
0.9555465791910907
0.9817201361439107
1.0031237794533892
1.028090627555913
1.05656808991863
1.086395787863989
1.1163719796968279
1.1465102985545959
1.1766208315505398
1.206719600371767
1.2368178059183321
1.2668956191083114
1.2968924100093593
1.3264441898535309
1.3453401344505695
1.3675227771825627
1.390089217997873
1.4075988394059307
1.4305766534459454
1.458915345275655
1.4875263882412246
1.516739213789925
1.5405652845539175
1.570540940673795
1.5997884713514805
1.6297412708166823
1.6596835837603212
1.689666821009511
1.7136588268147148
1.7435718808623302
1.7724914509321628
1.802002342699192
1.8308822627321912
1.8587378231008227
1.8867415044499352
1.9096512922073783
1.9394843470235594
1.9673544407335497
1.9938015363980544
2.0230024357892398
2.052753487410438
2.082818956771552
2.1068710263344546
2.1369446062146737
2.1669405413766967
2.196906850897354
2.226787953477604
2.2567246850565565
2.2866064871728047
2.3149707519976994
2.3446963061154475
2.374734335965808
2.4047911590370568
2.428819092738598
2.4588787669849492
2.4889391121080493
2.5189537284799988
2.548971384879043
2.578984934997835
2.6089715063753487
2.6389718800437616
2.6689833832744227
2.6929904965157982
2.722961830515914
2.7529117097376905
2.7828126948587033
2.812746916195857
2.8427516734322973
2.871970371727941
2.8959414930442424
2.9259008959682054
2.955894920940369
2.985879574580432
3.0098730337340216
3.039533902423216
3.0675816360426857
3.0963540269882417
3.124907571798751
3.151304799715781
3.1774596162668702
3.207396456175774
3.237300664400962
3.267280637409179
3.297226826289633
3.321200849792602
3.350096482895339
3.377220122651677
3.4065198220647464
3.4365926690502198
3.4666245078403035
3.4967079579400933
3.52674255271514
3.5567621468728747
3.5867304914026787
3.6107110782351723
3.64059995566928
3.6704124484361813
3.699894243230228
3.729866999748391
3.7599594358484563
3.7881380133587044
3.815235547535373
3.841959753448252
3.864062207876486
3.886945624705994
3.912296564555433
3.9328199965870017
3.9583735547244228
3.9830390330196264
4.011158496181644
4.041047170630731
4.069297217536281
4.094543686038572
4.118693114753161
4.144444334392187
4.171937657683113
4.200637073206231
4.230209776821476
4.260154160528718
4.284094399255945
4.313718926289017
4.343720783564807
4.373768118004076
4.403810614885952
4.433850643003038
4.463726390022612
4.491509622729846
4.520290945750626
4.550157072720677
4.580092389823492
4.610059444184093
4.634100080438682
4.664113541132877
4.694172781968744
4.724251518350822
4.754265970559837
4.78331459217678
4.8120970880332665
4.84067168215046
4.866373697987805
4.890949632967933
4.914489296079022
4.936711970335219
4.965578010479758
4.995256057604302
5.025223782527986
5.055172378923683
5.085199603525937
5.112638789891384
5.139740111327552
5.168074787447586
5.195791926838022
5.220121127095457
5.244442856116541
5.269962691070219
5.294217766540849
5.318913143334166
5.339302110028235
5.366379408152328
5.39370070570581
5.421568237697428
5.450017479096569
5.478481918632255
5.505479337237438
5.532848091035905
5.562882956837997
5.592921936363436
5.623020043269981
5.653141446752671
5.683229969029548
5.713273106566916
5.736961521614352
5.765942093900857
5.795525744530955
5.825479551627987
5.8554081623029735
5.885317305940628
5.9152622814813185
5.9452248246925645
5.972345015228782
5.998907347515101
6.025668556895554
6.051222827739918
6.079382245136791
6.1055583227919294
6.128165091704777
6.146778333043844
6.1754533526202655
6.2053282747252085
6.23527339077328
6.265280427656614
6.2952998704256835
6.322028044702492
6.346454826743875
6.373735210461875
6.398996526726561
6.42141799140587
6.444067015232098
6.463832918549198
6.485419543062539
6.504738216182144
6.529681656978733
6.5547315581520955
6.581431001113094
6.611551486542732
6.641668018257
6.670698304568844
6.694423007583712
6.713535729925125
6.7396644972372055
6.765736052310894
6.79435146710462
6.82423852519579
6.8542062307940155
6.883493654158371
6.913063510821171
6.940285741314494
6.968275636690603
6.997033594828431
7.024660144298372
7.053987598667042
7.08391824695054
7.113934982882795
7.142470409882807
7.1656874194780835
7.190955917764729
7.214527436435881
7.235808950968384
7.256738591395293
7.278268848619115
7.308198693523669
7.338235340863938
7.368282760291391
7.398337848840042
7.42841570699797
7.458480015443869
7.488560178200663
7.5185560327861305
7.548514639161756
7.5724764882912154
7.602428803806591
7.632418559586218
7.662423070187145
7.692422176859069
7.722390621458161
7.746240323205723
7.776172926701554
7.806031574634144
7.835954130774392
7.865974124964318
7.895728699376323
7.924118539791955
7.954149936998197
7.984186995319234
8.013474800462363
8.04102672303734
8.066495457292104
8.093143889166566
8.112572502964149
8.140395963458557
8.16876320847568
8.19802576713253
8.227899169288554
8.257881831043852
8.28780547189689
8.317769717673327
8.347664014642307
8.37746647609841
8.407399910578906
8.437359198810476
8.46545542982389
8.489357465015482
8.517573251851564
8.544576818594825
8.573684142427776
8.603766526173997
8.633201378643344
8.658987376492032
8.682780376095723
8.705008821956971
8.729207550795232
8.755202935936818
8.776272940719485
8.805191451557278
8.83487967090582
8.863888915783424
8.893114988096247
8.923014990362184
8.952950122518182
8.982857904499873
9.012082362438022
9.033140271695451
9.062519844150954
9.092482582925667
9.122511560686469
9.152541009938458
9.182612823699841
9.212668312067123
9.242316228704295
9.27156939269612
9.299255739197683
9.327012289662964
9.347188160673399
9.359573401875853
9.378674524672023
9.39695844125657
9.411219037332145
9.426601357720363
9.449787823211135
9.471486612890425
9.493158931466706
9.51335759969541
9.535830850371738
9.55932837205465
9.58631075655245
9.615522975447393
9.643604223316286
9.672622298677062
9.701486290204475
9.724493254758073
9.752848436935839
9.777796781958964
9.804869830474441
9.831783132615927
9.855760975722783
9.87738265319295
9.899751785991212
9.921789350520664
9.94395686191434
9.966244598767284
9.98406913277355
10.00623579524909
10.028271563951149
10.050731323666428
10.075533916977603
10.100478741620789
10.125552201455124
10.15353496790926
10.183026010187405
10.212410978312102
10.235825741948522
10.265037182091316
10.294212417150987
10.323357600507212
10.35253273569352
10.381677973571252
10.408927060660613
10.435479382523308
10.464040822123145
10.493663050721986
10.523605478496144
10.55351805547976
10.576599871531375
10.605684431700748
10.633530642327337
10.661278916009922
10.691291000369091
10.720601776756421
10.750508281549354
10.780499209648529
10.810397690113843
10.840501351388198
10.870555997207056
10.900380936480726
10.929341608011077
10.952876292192384
10.981887277526942
11.00676616353455
11.0285419548541
11.050633214991903
11.075642101655502
11.098751681748611
11.118683662568502
11.139925214981536
11.15723322312468
11.179462254771556
11.200694586948455
11.225498857510349
11.2536507201678
11.282937220180088
11.306935332915508
11.336959458501154
11.366876261763581
11.396020137888362
11.424432661503195
11.452626875405786
11.475659053530897
11.501533664173301
11.531373612283407
11.561348729908254
11.58843692163275
11.612959221793409
11.637952880556462
11.655510367859023
11.673469048216297
11.687266608234019
11.705023053472093
11.724673136125816
11.750635119150663
11.777472469494219
11.79667164718528
11.82383781516745
11.850367409369106
11.876657212858335
11.901770551931348
11.930164556095619
11.953985116601125
11.983946734266482
12.013175085333753
12.041535414556186
12.071266243338739
12.10061763455023
12.12936247363661
12.155781879354292
12.183232891817605
12.209004824033284
12.230455477572667
12.257073317741593
12.281572337681753
12.307818442831197
12.333524726079668
12.361279777464263
12.388020772726888
12.41211679134469
12.430405876148972
12.456442955464347
12.484543600857242
12.511560498529459
12.534486308092834
12.564546408442459
12.59229685542885
12.617507869862484
12.643088149328973
12.6638871440034
12.68862059680741
12.718588774981814
12.742703568003105
12.77277240266181
12.802839026115254
12.832844252892878
12.862780362752213
12.891638028166717
12.9175850414791
12.94243949564842
12.968683167889079
12.996524856710536
13.020376907812464
13.050420706902198
13.080501405120508
13.110594921067968
13.14076176057727
13.170928231885068
13.200861492483716
13.229373163226146
13.252619629354898
13.282007263769804
13.309067714894464
13.334986545871322
13.359147976163806
13.38811888102951
13.418024831409454
13.441970422108522
13.472019782110246
13.50215970916208
13.532328182478054
13.562418991757848
13.592380573979398
13.622202925728171
13.651939783840561
13.675808582250252
13.70401732934442
13.729850827440814
13.756422003395334
13.785380650611106
13.809291615520213
13.83813461328784
13.863143898620168
13.88829192256019
13.914314041800404
13.941310251142298
13.966389190809785
13.99055500296624
14.017581931547923
14.041614374319396
14.071540181967196
14.101355011287973
14.129492821062852
14.15818648705015
14.187016787934624
14.212379794834302
14.239343252840616
14.268075758407841
14.296940809996697
14.319496509156062
14.343978914697413
14.36574210994965
14.38661483631161
14.406910447012146
14.42652601972221
14.448929438477322
14.474849089620433
14.500847997486472
14.526976267056233
14.553227235593948
14.57990609553906
14.60701222925103
14.633998744054505
14.660922115721169
14.689951120989207
14.718928849510688
14.742840284240629
14.772888958766453
14.802943204195083
14.831818336791212
14.861845881091794
14.891795229295816
14.921778442690453
14.951792405534283
14.981792274200522
15.01175481820387
15.035756555398315
15.065865025473776
15.096005482368382
15.126044727655895
15.156058009607127
15.186008247220451
15.215973123559241
15.2458871349075
15.27335659071524
15.300871895919881
15.330931817279447
15.36102934116305
15.385122296129627
15.415257087318311
15.445309745408492
15.475231881098313
15.504965896885368
15.534643681429706
15.564296358558929
15.594037027186495
15.623922399196244
15.653942745085953
15.684086895409555
15.714256122807237
15.7443320743818
15.774276664877902
15.803765883482207
15.826089114584434
15.856069540748493
15.886129170745559
15.91618287382868
15.946250132376163
15.976282370256474
16.00631698771298
16.036382130723602
16.063819949304566
16.089527930486213
16.11671508054934
16.14358658690646
16.170599692635363
16.20015184116832
16.227620233547988
16.254943163213373
16.28345099167934
16.31209211710487
16.340811079387635
16.365233296969958
16.390072384453312
16.416814264866456
16.44237832591586
16.46966185708619
16.49086407218364
16.51636481568279
16.541752699887137
16.561960526172886
16.576913268367804
16.592058368213827
16.615293108433924
16.642335640047317
16.672059971205524
16.702077283229908
16.732104811026204
16.76213904663171
16.792130737568357
16.822127731088592
16.849656285320425
16.87044254252816
16.895567220268877
16.91896782653191
16.943805084175384
16.966951602968198
16.98987048479047
17.01282565736936
17.03816653595877
17.0666509216983
17.09670309666927
17.126708346490986
17.155797987553246
17.18462376558612
17.210126354314593
17.231330350609365
17.253302823324642
17.283343796100585
17.313332707990394
17.343357023765545
17.373391759618126
17.403172267754627
17.431392811306498
17.459355817874457
17.48519954219457
17.510118673847227
17.532511787373494
17.550642053708533
17.571041487665813
17.599200638408927
17.629183142842685
17.65284850898155
17.681868277351786
17.71131264416267
17.73911820812082
17.769170087624282
17.799240599841546
17.829361669783008
17.859468391454104
17.889582134607096
17.91842093347022
17.940342712055863
17.96336973224284
17.985133691611452
18.00628809968207
18.024309666883973
18.04686270809989
18.06760293110555
18.091139236773813
18.116358033516015
18.145589795719456
18.17554576950622
18.205522260469778
18.235555695850927
18.259643887156496
18.295870718280643
18.31997976708738
18.35373441248252
18.376360549303254
18.402344358671193
18.42909141180651
18.458207080183676
18.482795555800244
18.50436301355526
18.525861850061553
18.55322486247894
18.583232439026705
18.6131647580952
18.64321537900022
18.673268999534034
18.703318680258505
18.732180559724103
18.753350419657135
18.78307998560896
18.812946595778026
18.84285683051862
18.872267051828064
18.90227665405365
18.931837356221482
18.9617853379068
18.991757462144037
19.02178786366849
19.051771427777716
19.081771204674755
19.11177733177049
19.14177607787185
19.171803296895245
19.201856897663426
19.2318579768757
19.25955575823108
19.285597809226534
19.311326679769675
19.330451491044442
19.354380670542437
19.38317848214232
19.412837342087045
19.442512475954274
19.469303306261992
19.49642231465051
19.52376026032728
19.552410149236245
19.582175555695024
19.61218443539897
19.64218585869288
19.671371029902733
19.69928990073734
19.72772045314896
19.75754903106427
19.787302276903763
19.811155797491722
19.839903870526737
19.868864142994163
19.898759030916484
19.928712755488572
19.958704095298838
19.98871587087078
20.018760003197528
20.04881102174372
20.075536476893262
20.098390302875256
20.121935358683103
20.140714062760225
20.164478017036643
20.18886633989459
20.216207453306193
20.246230827295058
20.27612960693963
20.30429930991863
20.33195679215457
20.36015603351195
20.388322360975152
20.417285057741317
20.44713528171793
20.47229708461387
20.49500119377076
20.518582609943678
20.542363148795577
20.566558013503073
20.590807597785858
20.617907372283753
20.646272012411373
20.67595652952712
20.699858977947084
20.729633139844967
20.759595354658558
20.789718022588794
20.819861587394325
20.850024798586652
20.880071937309367
20.90998733860124
20.939852510769384
20.96971190465684
20.999696550952308
21.029103548801004
21.05684294806644
21.08428794788475
21.1129438570561
21.141736740107536
21.17127555937759
21.200698488790877
21.228156521652366
21.250285618198134
21.27972053426689
21.309102643428535
21.33861958212302
21.368262749161193
21.3980217174444
21.42783297905305
21.45754666616734
21.487140110387266
21.51660220213703
21.546222497219414
21.57589910909997
21.60577589243589
21.635637559151764
21.66553622671369
21.689552796113485
21.719684616717025
21.74992874351834
21.78015166762154
21.81026245737765
21.840375854317
21.870595367825583
21.900797067494842
21.930879269618718
21.960832870075738
21.9906477257707
22.020487059689938
22.05045967294246
22.07440250678518
22.104372323141387
22.13436919002318
22.164340193403078
22.19440483685686
22.224478809047934
22.253553246890377
22.2822096379092
22.310842526153525
22.33944816330923
22.368081043615174
22.39664399847269
22.425297470758316
22.45438373665591
22.47825037679621
22.50819270008513
22.538218814031463
22.568159563347052
22.598080332717192
22.628010302842362
22.65794833261781
22.68788165604758
22.71778314572133
22.747707637088308
22.77757253293565
22.80741181583831
22.837382950451897
22.8672870969213
22.89725898966853
22.927154703876116
22.957078497678694
22.981008739808047
23.010858794382596
23.040806888889467
23.07067816799003
23.100658011067658
23.130764371084194
23.16097687529964
23.19113725596152
23.221358840695192
23.251557841116725
23.281639187262332
23.311590167465873
23.341400705418458
23.370392350021778
23.395736955407905
23.42099017220916
23.446923849720125
23.473420157833562
23.494717209776983
23.521455709964172
23.548316064165864
23.575912730289026
23.605699849657448
23.635824666398804
23.66580173248342
23.695656721313778
23.725378270058123
23.754954753976918
23.783967918418107
23.8128095861683
23.835988511419572
23.865082264952267
23.89429957528893
23.923837838256986
23.954130988382087
23.984443275090424
24.01471345685667
24.044962730340576
24.075248765902963
24.105433507084484
24.135499489496155
24.165435271279843
24.195228392521226
24.22479893759043
24.25443630009031
24.278250057055317
24.306034327460086
24.332348657102205
24.358802504986038
24.38538733553374
24.41209028186469
24.437679747576276
24.462311091646097
24.487328688598026
24.515800258118492
24.544496659951324
24.574605016693802
24.604587504617914
24.63443312640143
24.66375206246394
24.68909666644147
24.70865945742844
24.733249185584366
24.75810744863864
24.78315346915504
24.808199909141663
24.83338688153936
24.858702229958457
24.885188394135707
24.91524857574776
24.94543517642848
24.975567252837195
25.005710546809656
25.035774686450704
25.06587136128524
25.09587873087469
25.12594758351079
