0.029990970247399076
0.04197266722972132
0.04796331456074071
0.05357468486089011
0.05897969398829975
0.0642883400383938
0.06969601258340467
0.07515543201599997
0.0806143049806224
0.08607119839073907
0.0911291401121078
0.09578799404041734
0.10004648148547314
0.10390517815624922
0.10736394408783198
0.11042274521262
0.11308126678498172
0.12037180066439929
0.12079373318595947
0.12079648682809932
0.12079800868995653
0.12600032950311296
0.13722439560408864
0.15413758794304358
0.17533723932730355
0.19456999695041133
0.22341264973125177
0.25372164845903844
0.28403569384477745
0.3143467679267534
0.34465935201508724
0.3749717712712935
0.3992214590417125
0.42947676773574184
0.4596791047186621
0.48983334806990103
0.5199337697072595
0.547781862837016
0.574129158841199
0.5989294041848093
0.62384650948974
0.6429580233785659
0.6666241205468125
0.6901702024243707
0.715650888032156
0.7419318422396589
0.7679382052565709
0.7978561512240997
0.827461803797125
0.8536110045292336
0.8808574984849655
0.9098439685576221
0.9397587879880865
0.9638412083055456
0.9939494817798927
1.0240575222751878
1.0541452691886841
1.084181867299274
1.1142523125359651
1.1443739510346669
1.1744686718769874
1.2045671552352324
1.2346534126644497
1.2575207912934612
1.2841978880136502
1.312975574410299
1.3429331724371596
1.372926089954224
1.402957528842604
1.4329834948868594
1.4629942602957278
1.4929390931468052
1.5169337294377265
1.5445014640408314
1.569461465921665
1.5982881356629426
1.6280501507785374
1.655931185782744
1.6844044529858213
1.7142248220391183
1.738285999476826
1.7665192458625076
1.794909614120194
1.8247644990930079
1.8527609692248197
1.8820528898790396
1.9033532800913662
1.930453801176779
1.9595792151861344
1.9854593515609413
2.0045163387118765
2.0178413428348136
2.038575951908134
2.0615718583473224
2.084080281181355
2.104421763267817
2.127006386707283
2.1536580004901285
2.1797109354246604
2.209234026866388
2.2331820727413576
2.2630910471837455
2.2923887223644566
2.322232356253482
2.3521515843612315
2.382162513317055
2.411709098148153
2.440476225690046
2.4636668850926484
2.4935161039430493
2.523360068296525
2.5515479201045186
2.5805872067271367
2.6067710530201333
2.6357089329311463
2.6594439997637394
2.689121847931028
2.718705418806128
2.748382075779427
2.778217124651487
2.807870162328559
2.8377691976037323
2.867815173050501
2.897746510123224
2.921711177691563
2.951591264198546
2.9814901405703282
3.011383141660032
3.0412493786474797
3.0712162412697785
3.1010827537722427
3.1249907293514974
3.154913105379985
3.1838559302770593
3.2087200860750738
3.2341595090998205
3.2605163518573237
3.284219983981757
3.303820929377133
3.331949347512025
3.360644963290275
3.3886876188990755
3.4156494003739746
3.4416267758731096
3.471525298916103
3.495555707379885
3.525490752805103
3.5554556589908275
3.5854314947436747
3.615415248630719
3.645402513256762
3.675327445511157
3.699289851003902
3.729278700593097
3.7592638043634086
3.78922184287662
3.8191488330779806
3.8491076297346654
3.8790951975991272
3.9030965590842226
3.933099854574183
3.9631003738453234
3.993090867890162
4.023064466271257
4.052067993895435
4.078111665906667
4.101552673011755
4.1298585814178725
4.157686284850089
4.184981692037463
4.210744497021004
4.234875932965225
4.260781617666556
4.287517441460998
4.315216893839337
4.3392266484614
4.368896314846769
4.39809938495591
4.427566902937217
4.45462396014899
4.479685026833169
4.507654388562134
4.537625883143606
4.567567301086243
4.591627707224212
4.621762396641711
4.651828180951915
4.681881041882763
4.7119106232776335
4.741854993154131
4.765781025519514
4.795717685267608
4.825747375358682
4.855835760805068
4.885730823132957
4.913724929532574
4.936148245941719
4.9660870385653455
4.9961669336669114
5.026153177608571
5.05600098776224
5.082288522391502
5.101605923845139
5.125874227475078
5.150273638793161
5.174791995721949
5.197153896563905
5.221662840659193
5.242044416178305
5.267303664748474
5.292727560007753
5.320162240537089
5.347733708883851
5.375471904335537
5.405318760354424
5.42905592156505
5.458410737393786
5.487646872948744
5.51312071290006
5.537529075980433
5.561388958678587
5.579435937336054
5.599240461365855
5.6207957767753305
5.644695017629183
5.670775432888946
5.699865007729855
5.724321414172771
5.742331783940918
5.769101676764893
5.797516297732926
5.825294417469537
5.85509946835152
5.884998554434427
5.91489182614364
5.938850468566003
5.968754087358595
5.9987552490255895
6.028574144006097
6.057170889113371
6.086106378923623
6.110027089588773
6.140043761532198
6.170154497401531
6.200254546564923
6.230419298901532
6.26050066947124
6.284570930072275
6.314653433428655
6.344682613615847
6.374426696274553
6.400446122897537
6.420791573149294
6.440746939140667
6.466222440986236
6.4885079385932
6.516760593197014
6.544019920761304
6.572127941026013
6.6011183814048815
6.631190182555152
6.661247014765938
6.68528075941942
6.714494391054904
6.742458685039877
6.770751705403521
6.799764750259748
6.829835635150632
6.860145936053329
6.890440140552701
6.914616342553448
6.94472781406006
6.974843042643245
7.004906535899235
7.034866628612805
7.058905841465833
7.088966972219485
7.118960592683106
7.148956410873966
7.1788380798767735
7.208797132070559
7.238829620277217
7.26881318944439
7.2928506387969865
7.32164083939752
7.3508904855076205
7.377799673403408
7.405105703450162
7.4349358053714445
7.464696970207309
7.488707149635499
7.518826493362631
7.548966608323433
7.579132417750025
7.609058168810683
7.633139571259055
7.6626745004868555
7.689952037646633
7.717106437890335
7.7441939402300415
7.771370905612894
7.793042828216467
7.820119275402039
7.847265334913694
7.874320073868657
7.901562029453927
7.929119583811569
7.956541688080329
7.983818107229584
8.011975826539729
8.034998522534869
8.063902073977562
8.092840855021592
8.120774252835634
8.148278239319746
8.17039735789968
8.198787207258029
8.226246479960821
8.247731455347708
8.265699586359483
8.280280577483843
8.299067934362322
8.319941500813009
8.34479844608006
8.372319703820725
8.402317932244282
8.426230051133857
8.456001163547112
8.485630876987537
8.515299030673924
8.539141110007762
8.569051105121986
8.59889027318877
8.62875658314383
8.658689377514975
8.687195370462964
8.71583331814207
8.738096850467118
8.764426217499791
8.790297812761215
8.819291420207504
8.8464433224164
8.873795586151692
8.901218476801628
8.928716132526636
8.956237012407254
8.978221988223556
9.005808415459919
9.033710256245678
9.063639018403006
9.093555511509425
9.117459467766908
9.147420160646828
9.177271355352337
9.207151802416481
9.23700598834181
9.266780034158588
9.296689320817002
9.320650493345322
9.350506329192436
9.380471149315126
9.41040882137148
9.440371393684991
9.470362648846514
9.500281788124829
9.530294400702092
9.554232369418019
9.58419501290654
9.612724522934208
9.637520706731692
9.662206179097874
9.686802933909927
9.70652796427144
9.731195358412842
9.755835397095549
9.781730250097436
9.8068027687116
9.830177573481146
9.852766601186403
9.875929020325977
9.901280418430884
9.924079629168789
9.943700675020295
9.968663397672689
9.99360366484919
10.018413867015179
10.042807907926193
10.067271961096088
10.091827311287444
10.116517065581442
10.141331938108808
10.161272664509013
10.184905344090991
10.207520032507018
10.230015433510735
10.252456015497312
10.280676541348017
10.310609372914444
10.339131669434156
10.359223658942598
10.388394490892967
10.41089483138783
10.440973470132802
10.471169084223119
10.50134064158553
10.531391616399649
10.561340368773916
10.590578875067662
10.619433857046198
10.647783119261305
10.67566806955366
10.699567025924525
10.7267334944457
10.751222964499272
10.773337343956285
10.795654587245812
10.815977717048973
10.834466737416182
10.857869951858968
10.883032424716946
10.908043309656765
10.933081604005558
10.958049527250196
10.981314511656048
10.99924628161502
11.021427418123292
11.040745361557528
11.059979083620203
11.080341921175549
11.101122622966217
11.12375616013505
11.149959993318847
11.175336898106824
11.19308916285179
11.21463832700959
11.2303148238816
11.241968174306976
11.255883059464292
11.273365032363717
11.293670197789984
11.31497358218777
11.337869081462376
11.360632614547114
11.38002384338754
11.408180007657819
11.43715534296664
11.466236162212207
11.49521523342805
11.524273319829
11.552673502611125
11.58000316875363
11.607409542156068
11.635948682995124
11.665145186642278
11.688454474542091
11.717576634173708
11.746769702695241
11.775870469334741
11.804338365839287
11.8312642654548
11.858345290629984
11.887937139564388
11.917784949147897
11.947483286973714
11.975412961412086
12.001327653657334
12.025376320699186
12.049483997431755
12.07117067488718
12.097193943163344
12.123599589175642
12.153356823169132
12.182153649186969
12.209461813268494
12.2361345763595
12.262376760384205
12.288560556339608
12.306739616128173
12.328414267769958
12.34821569307758
12.366308868745605
12.384829348612564
12.406889872215988
12.427704872247467
12.451782063282307
12.476567738001124
12.504063051080182
12.533605367114651
12.55753427053931
12.59351824325589
12.61758970648458
12.647668061353164
12.677627117562702
12.70758699272136
12.73724396644176
12.767223286854671
12.796370825273794
12.823668135515316
12.848048544509304
12.87192327153373
12.901091535818301
12.931005778381685
12.960908288608339
12.984886297932299
13.012999020714785
13.041162143969162
13.067564310370505
13.091588638849043
13.116456079341988
13.140698356025243
13.160229087884415
13.185474019390313
13.21511127663323
13.24255013909843
13.27077640069273
13.300360690498444
13.32668386079944
13.34417620188152
13.368462249196481
13.397661864334271
13.427732343401319
13.4578100089812
13.487874044144053
13.51794145354502
13.541964946958773
13.571936183162862
13.601851641264316
13.631831815492486
13.66186228529301
13.69186854623972
13.721847114531911
13.75155657976491
13.781513078998522
13.810933935522867
13.83237713157426
13.85968694018754
13.88931300082077
13.919245992910003
13.949170820933986
13.973126874947612
14.003002422851964
14.032164323459124
14.057603797505019
14.076672815702867
14.092796435688422
14.110182644475682
14.124372647751334
14.136669466918852
14.148688481356205
14.16937806637525
14.195219311076247
14.224345928464105
14.249143183011169
14.270525017067172
14.293895366738681
14.322003439571544
14.350784617044107
14.380534460840176
14.404451816160288
14.440486397994505
14.464508300833957
14.494487861428247
14.524053915882506
14.553905078176301
14.58385577697615
14.613567096485687
14.637662842324351
14.667744679217044
14.697806955040333
14.72786956765946
14.7577824431287
14.787789059309274
14.817967702326394
14.848106907860624
14.878205127158276
14.902191316162652
14.928109888239804
14.946583611908574
14.964960652737329
14.988307358799462
15.011794322583171
15.037717042552048
15.067388282488997
15.090225630881726
15.11857554893909
15.14679318588498
15.17520336573294
15.20496227639503
15.234890400670958
15.264844915138482
15.288418643140979
15.315450196303171
15.344259022309096
15.372521864544577
15.400638121748834
15.42422147098634
15.444637825254778
15.465313312371853
15.489266206310857
15.508764419293538
15.535553166411193
15.565506488190492
15.594160582168534
15.616744650448823
15.633090135149756
15.6516823621699
15.67151939377394
15.69388209175793
15.719533494657458
15.744045989057422
15.770634209637997
15.796686657883598
15.822591617199361
15.844393944205873
15.873779958355904
15.903795317996705
15.932835239075006
15.95996756818607
15.98751234009538
16.01082412376492
16.032360442085565
16.05587139949353
16.07438683716445
16.102112227086625
16.12991558733
16.155767624905486
16.183151764623187
16.21288166165701
16.235162195369146
16.262912237281792
16.290153794267518
16.313489393844943
16.339840546925714
16.369292879186226
16.393253990695193
16.423200880212743
16.452607018935847
16.481799215802056
16.51134364021778
16.5413818642462
16.57137365157266
16.60142397502268
16.6315143264188
16.655551254519636
16.68562232507612
16.71428821241689
16.743700962187532
16.773681620212525
16.803601653706277
16.82752834731204
16.857366796396764
16.883183925512533
16.90692756858888
16.932705377827364
16.95936855878608
16.986674918282603
17.016557402027885
17.04060810907764
17.070613903457243
17.100601439937854
17.130584751767813
17.160606286017654
17.18467295889936
17.214672910426497
17.244683960176033
17.274737365587733
17.304790231202208
17.334813646746582
17.358814703088388
17.388787828280027
17.41874461112704
17.44877348955849
17.478925634006362
17.509161026445806
17.539312091136438
17.5693762771715
17.592665538662875
17.61899481623334
17.646619148362866
17.675347715064348
17.705313112831806
17.735274957630118
17.76527362269476
17.789281723288155
17.81928886679608
17.849008459372364
17.87915644993979
17.90919998812142
17.932041857004986
17.961236594078343
17.99030839098375
18.020039762048057
18.04882618621181
18.076819552452914
18.105994646632215
18.13512602752903
18.158340124388825
18.187234787870867
18.21349290150931
18.238646440882516
18.26393402958326
18.29064372360617
18.320604538354736
18.347212649821895
18.37308260763347
18.393799292761358
18.419578660914798
18.443278511432183
18.46484511911323
18.48524211715383
18.50127848508578
18.51519068339428
18.5259102943215
18.537935501189782
18.54958161612946
18.564450192673437
18.578716568485746
18.598605250478368
18.617796725924478
18.635056857663624
18.65589628277274
18.675115123642158
18.687515521822565
18.701137320374457
18.713268543112775
18.72561767881667
18.743194851796012
18.762692907484148
18.7830139209083
18.805014438462702
18.830568661562065
18.857680561272662
18.881970591773207
18.906189315992705
18.92731471381798
18.954767513683045
18.982174129158587
19.009497241744807
19.034822600273376
19.058239832584793
19.082615883869554
19.10680734725341
19.126408549039095
19.151954839339492
19.178700051377056
19.20498514951217
19.232065727037632
19.255699044031566
19.28087551964022
19.305046104739873
19.328832647891677
19.357620714403918
19.385665834887536
19.407970132144868
19.436969900219935
19.46567350083191
19.487940131495495
19.509633916835107
19.535096432057298
19.564396118195567
19.5926828281166
19.62258275403255
19.64651614440223
19.6765340310529
19.706462065921478
19.73643372749768
19.766406393540535
19.794019228587292
19.820646205081083
19.849463654361085
19.87775589474698
19.90617975937188
19.92877062622548
19.958665027033508
19.988196388370202
20.018073016504264
20.04794789207482
20.07469634009021
20.099756568649106
20.124118144879194
20.14176425137968
20.16383298298065
20.186102702916777
20.208881113715453
20.23369067298273
20.262738179685442
20.292694651133804
20.322675215673407
20.350815228477835
20.3783761277148
20.401587598075448
20.42921428229094
20.452188121651815
20.471087862467414
20.489955081038644
20.511003589651605
20.53426248056739
20.552747251829885
20.579569048641467
20.60874687110919
20.63866020276281
20.662631769701385
20.69227120747939
20.71986290073238
20.749381887930745
20.779165907491553
20.809318311736067
20.837123835590738
20.863843917757258
20.8852387462121
20.91211221589029
20.94189898926612
20.971892125557687
21.00169395375312
