0.023577709603315608
0.04716653416633203
8.729104753006146
8.747397186887714
8.76311191418953
8.775674752618373
8.785066871824494
8.792345094538684
8.794597579060975
8.794644162172574
8.79468522654703
8.794714303401989
8.794721583875317
8.794750247442682
8.794772925029227
8.794776626747627
8.794796265814856
8.79481071115519
8.794819462833523
8.794829107990463
8.794832444752268
8.794839086019609
8.794841972523681
8.794845170211858
8.794846513845043
8.794847889998648
8.794848619881318
8.794849350256323
8.797461883736958
8.809643153383378
8.829506756328596
8.854590159489625
8.881652500080088
8.916106876145973
8.939418544286651
8.966303083381058
8.990780756192084
9.017440113394153
9.046086062189222
9.075842541778812
9.103757662587173
9.123574045030127
9.136164884825208
9.140719235425792
9.14882268842848
9.160362264330338
9.182226835125729
9.207383402960417
9.236852737184075
9.272783598633346
9.30270830774103
9.332561259521562
9.362372075182092
9.392154673537263
9.421921212909911
9.451699206277425
9.481581125989926
9.510952289613797
9.539411315106566
9.566624334378723
9.594353931703237
9.62416953978637
9.653805925374261
9.682503650199797
9.711612296922443
9.741412011675715
9.771345880784173
9.801268756865555
9.831014198979773
9.860867246204863
9.89652707368681
9.926303706452803
9.955228827182639
9.984622247677503
10.01457916051356
10.044616187169163
10.07459488699346
10.104590535642151
10.134595373646315
10.16459116857127
10.194580395297914
10.223750204750656
10.24968346170593
10.275323125817868
10.302919364295903
10.331671493539526
10.3609960954105
10.390852952809988
10.420864612293377
10.450896023418055
10.480644654682312
10.51363452346927
10.531701038970722
10.548439310640475
10.564692251646916
10.586780796842673
10.606908520987748
10.632433409603408
10.659571521243826
10.682201862614521
10.699876271170046
10.719623166512743
10.74085133970364
10.76239061843504
10.780642791242288
10.803800129662253
10.826952041271134
10.849793397826982
10.877497706647935
10.903846941387464
10.933546959093762
10.963411670413299
10.993260452764856
11.023217377062876
11.047167291541474
11.077138448605934
11.10717416502144
11.137249997505014
11.167333074016135
11.191367358889536
11.221183164332412
11.250546283857188
11.28050410152688
11.310550690959527
11.340607824942687
11.370639607764854
11.3947270493374
11.424819442507463
11.454906612990186
11.48495324787475
11.514995843336827
11.545010764367577
11.580947730034117
11.604884821109174
11.634806048081531
11.664817988548368
11.694882238819215
11.72503577038324
11.755254467821297
11.785429479695846
11.81551925282203
11.839576445782425
11.86961079388028
11.89824304273934
11.924015140207837
11.94886960087455
11.968727038648577
12.002391018161838
12.023197068197238
12.050531160273692
12.080134825545363
12.110160741070066
12.140213542899668
12.170230314286894
12.198763126119772
12.218347559610233
12.243534559672014
12.27222743228416
12.30099793260623
12.330984374763638
12.360958026200112
12.384931153538947
12.414854074092837
12.444757257078763
12.474780062971265
12.504923393344942
12.535101693758904
12.559210464989299
12.58821457838165
12.615414587431278
12.643992398689996
12.672655976238712
12.701387507599353
12.73111084358941
12.761069170642157
12.791173402723626
12.820574804269773
12.847410236619256
12.871926235196138
12.894899058232568
12.913440377151819
12.936231142547163
12.96403681285195
12.993148970966358
13.022378416182276
13.051619530955726
13.081341933979116
13.111422498703595
13.141526457604042
13.171724004929755
13.201899496555068
13.231953784696007
13.261876493498635
13.285714859083015
13.315371627364165
13.344991748325912
13.374660595297051
13.39736918971623
13.425624893608926
13.454013578891162
13.482524570734418
13.507528771893046
13.527089145324224
13.55143400428535
13.575654741731265
13.599739304656215
13.624816212011032
13.645250394007443
13.670587232197926
13.701197744302332
13.721716989253567
13.747480287095277
13.775344144652943
13.805261170606371
13.828706672149893
13.857235772908064
13.884240901088043
13.903402911135926
13.927226799365561
13.954896638467735
13.983426488173144
14.012087509025113
14.040868035086381
14.064082994057099
14.093444199244571
14.122689322125593
14.151807438608078
14.180957387535182
14.209488050514942
14.238378477085677
14.26118326146149
14.289804938092018
14.319499568652045
14.349558797711659
14.379551436704203
14.409507512949016
14.433438919618014
14.463312358277225
14.493069464263266
14.522943103935937
14.552952802822512
14.583086003776717
14.607208991103166
14.63661891646202
14.672519470264309
14.696322970561075
14.725991109822207
14.755657239865977
14.785185873695838
14.814599462018226
14.838146971904147
14.867524281098113
14.897060440806227
14.926740005557232
14.956550938554704
14.986481296839164
15.016386293877288
15.040442466441407
15.070654829462503
15.100844614113509
15.129294559273061
15.152106129504093
15.181919335102435
15.205677402708927
15.235247064614386
15.264669665718031
15.294198357213945
15.31782226082856
15.347333064478635
15.376959312891923
15.406658712307085
15.43623361031561
