422.2065872485495
422.22738468259206
424.6229809751361
424.63820335802797
424.64826400614254
424.6496378116085
424.6496607618919
424.64966347609527
424.649681879362
424.6497305312899
424.6497781075453
424.6497942041818
424.6498146460224
424.6498478631048
424.6498640532559
424.6498694625677
424.6499001627479
424.64990925908927
424.6499226173757
424.6499294777769
424.6499348918317
424.6499399814193
424.6499435178745
424.64994584104977
424.64994781816415
424.6499489604535
424.6499501578834
424.64995079655324
424.6539470255011
424.6643443252788
424.6862099067005
424.70701004761094
424.7330072728855
424.75380292961177
424.7746001012187
424.79539824638704
424.8213951886856
424.84219206989604
424.86818872195056
424.88898620919804
424.90978352633454
424.93058088295425
424.9565775834656
424.9773749147409
425.0033715616353
425.02416893881013
425.0449662339801
425.0709629803807
425.09695976643445
425.11775696954646
425.13855422631883
425.164551010489
425.1853482807668
425.20614568893524
425.22694304745414
425.2529397847612
425.27373703803096
425.2997336606911
425.32053105936967
425.3413284876238
425.3621257566435
425.38812231660586
425.4089197143495
425.42971712453954
425.4557139024252
425.4817104851395
425.50250767522385
425.5285044018604
425.54930169176276
425.5700991069004
425.5960956925299
425.61689307379515
425.6428897188378
425.6636871578246
425.6844843269159
425.71048093470756
425.73127841199323
425.7520758158398
425.7780723175388
425.79886981218226
425.81966708558156
425.84046436000443
425.86646101770685
425.8872583362912
425.90805561168185
425.93405249078603
425.95484973899875
425.98084622712565
426.0016436454876
426.02244097455554
426.04323822642203
426.0692348994055
426.09523158386685
426.1160288905383
426.13682616994424
426.1576235611369
426.17842094044505
426.20441742447116
426.2252148716932
426.2460122885867
426.2720088176279
426.2928060353893
426.3136034765277
426.3396000268122
426.3603975037848
426.3811949136929
426.40199199410824
426.42278924441376
426.4487860292754
426.4695833511119
426.49557992958734
426.5163772985897
426.5423738963818
426.56317117383344
426.58396856923406
426.60996536764276
426.63076262532013
426.6567590588708
426.6775564071056
426.6983539263344
426.72435034892277
426.74514766958407
426.7711444994224
426.7919417835458
426.8127389604031
426.8387355844426
426.8595329207159
426.885529578987
426.9063268582631
426.9271242536264
426.94792150083083
426.97391815934714
426.9947156055662
427.0155128520377
427.0363100271548
427.06230689524347
