849.9992219404592
850.0292310899645
850.053224187755
850.074816464989
850.0792147730947
850.0832126347798
850.0900086365343
850.0987983367746
850.1012962148878
850.1012982137871
850.1012985242669
850.1012996101936
850.1012996742329
850.1016127734413
850.1042716770686
850.109137375569
850.1196523416052
850.1349747348111
850.1578300538708
850.1855089535758
850.2144148740163
850.2371649211375
850.2654958106546
850.2946862317684
850.3242676535759
850.354060352071
850.3838883030871
850.4136400765699
850.4433726118332
850.4672047230049
850.4969108266184
850.5267440251334
850.5565842366758
850.5864395600016
850.6162994345391
850.6402120408563
850.6701020806869
850.7000078853285
850.7298846915642
850.7537621769742
850.783611842658
850.8134375570917
850.8433015527188
850.8731759302906
850.8970912653136
850.9269474182225
850.956627127167
850.9862263195221
851.015672697063
851.0391535219222
851.0680599882205
851.0957258009611
851.1218532468841
851.1496100456992
851.1720257208358
851.199713992867
851.2250791967716
851.2492583148917
851.2679950640959
851.2916263228819
851.3182721941134
851.3478367784954
851.3716620810659
851.4015746113178
851.431466690302
851.4612847808526
851.4911257620917
851.5210216110726
851.5449776768531
851.5749441895581
851.6049233766174
851.6348922477316
851.6648761488862
851.6948537554675
851.7188259550082
851.7487877213555
851.7787736749963
851.8087537536313
851.8387348595649
851.8627395327258
851.8927739416903
851.9227861309422
851.9528167188494
851.9828141502841
852.0128461478239
852.0428715544191
852.066906695135
852.0968683406321
852.126799394535
852.1567208174613
852.1866804758729
852.2106575508594
852.2406371914304
852.2706120061275
852.3005935653248
852.3305843198881
852.3605880983822
852.390598902722
852.4145977966546
852.4445382425974
852.4744151520538
852.5042931000974
852.5280317669577
852.5578492636865
852.5871333581356
852.6150118580556
852.6367126925816
852.6644289207198
852.6930135976521
852.7208865863491
852.7460362594445
852.770546649528
852.7959062587423
852.8183650436358
852.8460508241012
852.8725214577614
852.8997788058631
852.9261267305154
852.9460052387315
852.9698078369212
852.991331869337
853.0123283352038
853.0319364552986
853.0463548338244
853.0635746014999
853.0781723623421
853.0929902689217
853.1061869969808
853.1161773572396
853.125140249584
853.132972288415
853.1403932883455
853.1477290677275
853.1528711318454
853.1579953685122
853.1632209024691
853.1673429717972
853.1710808851419
853.1752361900914
853.1771808411079
853.1788593882769
853.180912332679
853.1893225990101
853.1958087824385
853.2043906838959
853.2135612957069
853.2232550320582
853.2334324345488
853.2457728000485
853.2585773719767
853.2679441100734
853.2750014315463
853.275139155848
853.2755962561779
853.2756903160305
853.2843844819316
853.3029754130447
853.3226722590371
853.3513661645425
853.3811649777243
853.4108132812802
853.4406959865591
853.4644649265481
853.4943026441755
853.5241527927677
853.5539963802609
853.583851322937
853.613675677155
853.6372518512941
853.6672471708606
853.6973064705548
853.72739117813
853.7574833504847
853.7875432165663
853.8175515169044
853.8415530320937
853.8715550015653
853.9015683034671
853.9315806623559
853.9615628146157
853.9914943213793
854.0154121539657
854.0451591691409
854.0731904660745
854.0930494746864
854.104618184807
854.1079422489078
854.1116944944263
854.1162740476965
854.128452340646
854.1471594403247
854.1636283726093
854.1840175513527
854.204100355996
854.2196915526941
854.2371787869672
854.2504928612547
854.2587449753518
854.2626181139947
854.2633489798732
854.2674566278696
854.2713760894071
854.2724077084903
854.2831647306749
854.3031704638663
854.323169512376
854.3524703137051
854.3827326502488
854.4128700926469
854.4428572379385
854.4727071294711
854.4964894265473
854.5261186671798
854.5549016922971
854.5827035003383
854.6100532653858
854.6353358748368
854.6545053324412
854.6802789303854
854.7048972225106
854.7299895488193
854.7542954365799
854.7816701916232
854.8102982002291
854.8331249620109
854.8621697675497
854.8913329015483
854.919441608988
854.9466248098097
854.9726240613218
854.9927240307017
855.0178627966835
855.0395345100158
855.0598347791038
855.0755482260367
855.0967468717857
855.1193328845891
855.1423764276882
855.1603531764187
855.179989753575
855.1987820401222
855.2164805502935
855.2352671913385
855.2552701954553
855.2721636817797
855.2927312464473
855.312264748982
855.3303908840608
855.3470704163416
855.362928987094
855.3759821519167
855.3925951417273
855.4095379451958
855.4253809543208
855.4409364529622
855.4562559122271
855.4706961577765
855.482056538283
855.4987642909888
855.5099084388942
855.5229504892649
855.5364560110497
855.550250275513
855.5641636647237
855.5754806661917
855.5897445607862
855.6046017546016
855.6165137440156
855.631263456418
855.6460685945774
855.6612834140309
855.6793130826389
855.701784536033
855.7205353573455
855.7439732896471
855.76733252482
855.7899418032282
855.8107968617547
855.8267182517906
855.8450946482424
855.8628949908523
855.880945551686
855.8984642310012
855.9151657463105
855.9284975944456
855.9438277269445
855.9587542075428
855.9747695100262
855.991136051538
856.0061953151616
856.0201015662273
856.0329281772418
856.0414732807744
856.0499846888982
856.0578256058775
856.0651718028383
856.0734050957273
856.0807410999894
856.091337373701
856.1018111936662
856.1118257161476
856.1200826948657
856.1312674115941
856.1424398939101
856.1528814885669
856.1633273942762
856.1745432028573
856.1901265969958
856.2070956573348
856.2251430821963
856.2458799137788
856.259903069233
856.275346684592
856.2928460087091
856.3145967719323
856.339298649419
856.3674289400848
856.3966386632861
856.4201165910324
856.449699347665
856.479124598454
856.5073359266538
856.5347228746241
856.5626625621089
856.5833574122703
856.6046207912303
856.6260382602348
856.6436938856075
856.6589190145338
856.6752811128104
856.6909136235928
856.7061746495228
856.7189903213674
856.7300419274263
856.7439887466347
856.7541902812555
856.7604939799376
856.7647044638989
856.7662927479764
856.7670276134736
856.7675495783583
856.7683706439097
856.7707035119898
856.7720878603493
856.7744494820416
856.7775496829046
856.7825648177107
856.7893152472943
856.7973310754361
856.8071350563165
856.8214567403643
856.8360492730436
856.849384925433
856.8698824824319
856.8856566570034
856.9010889667078
856.9135213594886
856.9216476570963
856.9276102386674
856.9345525572937
856.9399641807217
856.944406608944
856.9473174045451
856.9506036775191
856.9562764889798
856.969600785207
856.9861982842513
856.999472220744
857.0144236045943
857.0332670475831
857.0500755716599
857.0592930489212
857.0709744608844
857.0895287733723
857.1133599037104
857.134408808805
857.1548089723819
857.171504647291
857.1920319889341
857.2178687952417
857.2472327037774
857.2703241619669
857.2986588801034
857.3263939681138
857.3539152970795
857.3826709205788
857.412526421571
857.4365346388266
857.4665839901589
857.496635372871
857.5266954952095
857.5506077316786
857.5806484699467
857.610715203771
857.6407419917133
857.6706369240502
857.700482268928
857.7244236693873
857.7543276690419
857.7842667386413
857.8142490106351
857.8442279270594
857.86821306617
857.8981905461197
857.9281343329563
857.9580377672713
857.9879402999552
858.0118653576048
858.0417546117919
858.0716492224018
858.1015359000983
858.1314513598053
858.1614005671137
858.1853662701627
858.215325647763
858.245291069605
858.2752597574521
858.3052279663207
858.3352003345052
858.3651754041801
858.3891537045998
858.4191342852548
858.4491266567093
858.4791293793545
858.5091284249132
858.5391176983861
858.569093547915
858.5930555610172
858.6230137974364
858.6529734782114
858.6769225760819
858.7068641454342
858.7368086360207
858.7667335594197
858.7966624810012
858.8265982940528
858.8565521933338
858.8865037946595
858.9104562092263
858.9404112175274
858.9703632840947
859.0003106549037
859.0302460753538
859.060171969274
859.0900953189231
859.1140367038412
859.143962996063
859.1738900137024
859.2038225567932
859.2337566474386
859.2636913885141
859.287639640508
859.317579132122
859.3475187704621
859.3774611843816
859.4074002206276
859.43734063985
859.4613062413445
859.4912795234524
859.5212678408888
859.5512647671178
859.5812775975513
859.611295652475
859.6353207023054
859.6653403802444
859.6953604144801
859.7253817852268
859.7553923760652
859.7853863341301
859.8094032999065
859.8394177036354
859.8693915241075
859.8993612370809
859.9293245079434
859.9533064835837
859.9832761054518
860.013243665551
860.0432118148586
860.0672009304517
860.0971939644216
860.1271743070764
860.1571353520491
860.1870781076251
860.2110488442087
860.2410302652332
860.2710130985666
860.3009849021419
860.3309495490498
860.3609135695302
860.3908834393864
860.4208602225781
860.4448396772774
860.474855147993
860.5048659673664
860.5348917926946
860.5649163803016
860.5949618292291
860.6190122049591
860.6490941561083
860.679178801653
860.7092140966096
860.739244132763
860.763264648592
860.7932889394289
860.8233102611558
860.8533031996004
860.8832744003355
860.9132084606453
