0.026516946904278825
0.0456360231193728
0.06498584372864326
0.07492635197665702
0.07749678716816931
0.07818182273372926
0.07854598069604016
0.07871102139105836
0.07871495130309052
0.07871655470318685
0.07871837510469858
0.07871930273660585
0.0787203428563401
0.07912024423317422
0.08706822281521875
0.10219396891093462
0.11994087793023875
0.14497206672149496
0.1736530573932911
0.2004279689043115
0.22559032971568913
0.25127265894649375
0.2787393331010144
0.3041548846844457
0.33202551267273805
0.36174510839451784
0.3917192586752149
0.4217015293956842
0.45169755180107174
0.4816685562963966
0.5111781395196116
0.5392890540273821
0.567111943703308
0.5969610726647058
0.6269787528455849
0.6558998146286132
0.6852548123736747
0.7082667094876267
0.7439302140375992
0.767875978479763
0.7978201523245537
0.8277534656512225
0.8554143470651231
0.8773205227449992
0.8979286053230571
0.925887050565982
0.9554606059246116
0.9834116761613808
1.0087519177373696
1.0376420993234063
1.0664250398005997
1.0961542904102983
1.1238669300049373
1.149192259831424
1.1782904585236331
1.2081524300156459
1.2380424938753714
1.2646646922008815
1.2868532347619441
1.3098361731995158
1.3307231406368718
1.357617695340583
1.3845995689918054
1.4140942778201526
1.4439427416435577
1.4739272683496918
1.504036255229508
1.5342608857719402
1.5644643811361536
1.5945489094692724
1.6245044326023792
1.654324859330728
1.684126685939954
1.7139076742507144
1.7437865199229095
1.7737921258649667
1.8036342928843319
1.829368007021228
1.857985093856987
1.8878391322141868
1.9170109946821967
1.945850803199437
1.974778615787414
2.0035154939434996
2.0326624325930744
2.0556767466472423
2.0831463946678586
2.1096829807993287
2.1362549659156396
2.1610396820596054
2.1859020579093293
2.2118661312912202
2.2401988740579912
2.2673125421212634
2.295584287667098
2.3252125172195
2.355129051715955
2.385155805563046
2.4152506811439878
2.44543553914698
2.4756978288891505
2.5059198577220063
2.5360277244909915
2.5660087086160113
2.59588298936544
2.619775504746936
2.6491003466470935
2.6778440145759577
2.7070425911399187
2.737100102525105
2.767085119322473
2.796958597381978
2.826851681917902
2.856842239314752
2.8868139298957516
2.916798193895958
2.944159144063372
2.965743005176903
2.987747021858926
3.01555106452722
3.0453076732209325
3.0745052017209917
3.104377278982527
3.1343069596422204
3.1573176487284305
3.186272588090712
3.2094416871160334
3.2298348805833252
3.2544538596767674
3.2817064359176786
3.310832774150869
3.3405813903652186
3.3686128467319603
3.3965849629039413
3.423358778236523
3.447379766347921
3.4730084447643472
3.4991836384924913
3.528646966761473
3.558301131491868
3.5859770670136055
3.6153931059074575
3.6378854036594324
3.6646281567860783
3.6917937889034054
3.7183886777609603
3.748004930451507
3.777965000026907
3.807900576498506
3.835829289554346
3.8620911167816936
3.8914997545781396
3.919341212047261
3.9490787474889237
3.9787535864070085
4.002291210931166
4.028878179629739
4.0556915412203765
4.082419631989158
4.1092021468561475
4.1375274101177935
4.167505714174765
4.197511147000106
4.2275355393430365
4.257565384931772
4.287591812367667
4.3175952979692775
4.347550296675853
4.3774999730493915
4.407182120383842
4.437071655812564
4.4669153738972165
4.496810146493533
4.525984968704185
4.552849886288267
4.572458728272848
4.599164219394625
4.628333301452456
4.6582846567368
4.688396731492726
4.718472201283976
4.748436514588163
4.778260368284246
4.805976171770262
4.831715306819797
4.857592894828826
4.884411941597907
4.914042775987397
4.9432444004509
4.968876241249225
4.9974387767790125
5.026338135959945
5.055232176654274
5.084530145060212
5.114054883138833
5.142497674506099
5.168040473221394
5.195135687048916
5.216222329573287
5.244053576210386
5.271165478088097
5.29843923578342
5.3162513049276585
5.341709004296227
5.371361475520329
5.4015936747089235
5.431751781093016
5.4616214047734255
5.491126553488776
5.521087784188243
5.551030818060673
5.58106636671726
5.611050250798243
5.640980983300292
5.668957840637599
5.6948692582614155
5.719058756907715
5.7476671932555305
5.771830983327992
5.8051188977896
5.831857324181289
5.853158050698177
5.880483572648856
5.909837186464899
5.939430338345262
5.969462817909867
5.99782896366319
6.019114548959733
6.039700372420351
6.064534965741951
6.088786249503971
6.109759676371037
6.1352185941495
6.16353221037277
6.186322786566789
6.211374130068933
6.234544183068337
6.256511171578275
6.277005598770863
6.299101644370867
6.327175713223735
6.3565427328600626
6.386714997312788
6.4166756822513165
6.446674262455727
6.475773672872266
6.505669599252543
6.535680007186174
6.565605309428978
6.595517905404145
6.6254609895070455
6.6545177994210984
6.676505489861667
6.704523363737847
6.7278001054991945
6.755029798279793
6.785025729478627
6.815055786978614
6.8440572909069015
6.86997832753065
6.893888117373628
6.92162895520062
6.947071180669156
6.974475138112082
7.003883163902449
7.029194787082138
7.052547342605955
7.07018115264119
7.091605471039912
7.1147944132463214
7.143777056420018
7.173411965265559
7.202254745736619
7.232054407277636
7.262088577020616
7.2920043582064435
7.32192280072993
7.351862133507413
7.3818856330984355
7.4119469853727855
7.442058469176583
7.472214842490053
7.50226568855786
7.526211518902705
7.562028523080753
7.585953073183734
7.615825651502811
7.64577327497598
7.675773772164532
7.705702106334387
7.734405960074711
7.75977909455504
7.786518649314138
7.816128088449598
7.846225211854997
7.873041277826807
7.896223188952031
7.920062214927988
7.94238253050314
7.9644482811196315
7.9919984383233125
8.020383330388679
8.047627934465266
8.076093629434128
8.105930125746726
8.13539542355375
8.163207333927677
8.18709037407616
8.215518287296925
8.24417140872819
8.274186288170748
8.304261421796754
8.334286273939728
8.364204354805015
8.394140011907657
8.424124220717669
8.454041033156837
8.48396461798719
8.513921506351094
8.542524021748577
8.572197169043886
8.596158197549613
8.631997641471845
8.655594026753663
8.683684235731185
8.712728893749375
8.738728454178716
8.762471593727037
8.788485005003057
8.818335786933439
8.848331927548816
8.878380639888425
8.907370170068644
8.936736793472491
8.963061488522666
8.989510168128225
9.016624400906224
9.042087310230983
9.066605360303349
9.089164555977282
9.112637462646736
9.137406379176815
9.157267471462369
9.183048080339539
9.209147332431284
9.236926001777094
9.265235102099348
9.295161708632044
9.325199608674488
9.355224315535079
9.385266376641582
9.415246172373752
9.445208253535524
9.475175636681223
9.505184596706798
9.535179727021898
9.561474262575182
9.580415326615988
9.600243360575908
9.623592208986018
9.649214829156906
9.678752384613212
9.708632062153018
9.731603532249872
9.757851430184687
9.789900877971997
9.813402351076096
9.837781604447132
9.863764705399744
9.890712070990613
9.92057586020242
9.950714480881667
9.98084074255816
10.011007061031854
10.041264702154297
10.071523964645092
10.101685447243868
10.131725289564312
10.161632009048603
10.191074766328983
10.21700341228356
10.243815534451441
10.270904237667098
10.299080380112644
10.328427890245345
10.35831134442956
10.388184456128581
10.418136740926306
10.448120448616013
10.478159828553691
10.502192653666524
10.532059381060002
10.559219272824606
10.585231515998126
10.610504771317288
10.637258536215793
10.666682816003304
10.69636704941955
10.721520074017084
10.748374032021948
10.777222061719351
10.806052173038063
10.834185323541503
10.860814076909056
10.886400443008444
10.909968343248478
10.93106699954229
10.953322677887607
10.97948654677373
11.005421898269296
11.028646005024664
11.058255410527392
11.088214762359904
11.117603470843246
11.147448551718506
11.176064286227776
11.20096865813623
11.22380625321526
11.249874813509546
11.279049119426741
11.307022846008213
11.334704728013227
11.358038219888229
11.384424793999687
11.410397049757497
11.435269275517323
11.457773768400868
11.475460266342031
11.488227375228865
11.502783899581397
11.518921644237915
11.540382170853993
11.56290215678348
11.58424800615693
11.604666514918977
11.625271343249254
11.6479169783533
11.671379595684398
11.698224728811157
11.727067276654653
11.745259486590342
11.76909133879464
11.795201986641448
11.820395172005515
11.847257194962896
11.87631703205237
11.90641968295375
11.935101003338398
11.961410065449638
11.987208246834578
12.012272585739476
12.036773739669535
12.065377718161425
12.094325235488535
12.118351658452454
12.148381533693085
12.184336741911755
12.205446818969108
12.234236318213638
12.264065364355831
12.29330844217055
12.31791207665235
12.342927905130457
12.36548092499222
12.385131694439929
12.409677108349165
12.436982522804431
12.466989256333246
12.496557666723392
12.522514909504983
12.549047797574035
12.575474420178164
12.603271917348067
12.630085594057565
12.65459740722804
12.682894755351748
12.712772058638096
12.742274333642657
12.772229053282398
12.801736078928828
12.831408644752058
12.85470805438781
12.883528085392896
12.91080272324978
12.936720543818371
12.962441394376315
12.990906320221447
13.018536293538846
13.047314008084387
13.075585545659278
13.103232814846272
13.133181481436901
13.16321334732152
13.187276930599804
13.223215190837925
13.24628289587692
13.274869619673712
13.304834187675652
13.334858635707059
13.364878074894317
13.3944526864335
13.421840953839371
13.449434712620631
13.478860571564303
13.508703354597817
13.538522508062405
13.567129086791725
13.595345216528582
13.624553355888308
13.647372911382739
13.672041143799307
13.695492284558659
13.721852053874944
13.748885177403558
13.772576582342337
13.79716055443915
13.825285026002055
13.854604203483674
13.881839333471806
13.910075545164519
13.940126078844079
13.97018895542552
14.000262979684576
14.030187162683571
14.060204860535917
14.090298596681613
14.120405480122955
14.15057674354895
14.179757964495426
14.205311944275337
14.229249854828964
14.253928939618866
14.278583342170364
14.305572802931406
14.329349781080083
14.35852453979819
14.388427345077185
14.418326456904163
14.445642922131771
14.475448340240716
14.505232522040622
14.53344262781061
14.561763398548091
14.586902727986752
14.616163921518483
14.642489410377694
14.671224238603473
14.699646098256412
14.72581678901828
14.752976281982306
14.781159039219752
14.807299850447384
14.835897988055342
14.860606185260151
14.884029954342422
14.911146589582813
14.941054237260747
14.971060695802576
15.001080985839623
15.030746695143728
15.058697996134729
15.088442352742188
15.116799111155087
15.14196441542552
15.158408671195376
15.181441643700973
15.208743140855134
15.236404434538349
15.260150006582993
15.283579052923951
15.303535042172262
15.325021684976477
15.351324660459431
15.38015900067473
15.410029412192571
15.439965623860308
15.46991660694811
15.499892714797744
15.52989466196498
15.55985891089101
15.589859728243452
15.619828738496105
15.649793337426278
15.679823821128704
15.709886610625826
15.739934496362935
15.7699108573172
15.799496615846719
15.827343005182803
15.85210909002108
15.874196407848945
15.897963883577532
15.922848082365551
15.946506361770322
15.971319588066534
15.99106121177224
16.012512427329803
16.036795004585986
16.060746628248097
16.07938315804744
16.107359141170235
16.136590679648265
16.1648612155582
16.193000854952594
16.22203100129204
16.25165010130203
16.281618918745316
16.311597019275446
16.341641798828316
16.370220285372934
16.396408686644858
16.425753269807377
16.455748035023916
16.485733662009107
16.515720854217406
16.545694417740798
16.575651582944328
16.605164719396946
16.631554998707163
16.65008254825005
16.678433959968494
16.700470775580417
16.728922661928166
16.758837891195
16.78878219509937
16.817363051029975
16.8452044189994
16.875108414544986
16.905060389812505
16.9350568309739
16.96494420360269
16.99478957083162
17.02475146255428
17.054428486915054
17.084085318014676
17.11092982812161
17.139131510940217
17.16764212802946
17.189132182021776
17.213807406639706
17.235331235531746
17.262553320339496
17.29255101529018
17.318498990574632
17.33809363660381
17.355269331135727
17.37590495994813
17.394216074331794
17.411566299863352
17.42730222793197
17.447797906800737
17.474202832702876
17.503764238500953
17.533790524703985
17.563837397318522
17.5938345087922
17.623843898985882
17.653673600659506
17.677665187447904
17.707676441524992
17.73766068385297
17.7676774234603
17.79778046354857
17.827968548022135
17.858067058694296
17.888022766984168
17.917421259100735
17.945569572731088
17.974170159478955
18.000322565719394
18.02827037505836
18.05826575215049
18.088332400280333
18.11838526887596
18.14707494265229
18.172384321183404
18.195867808963293
18.221879310773314
18.24870610624133
18.274836479312366
18.303968768529973
18.33359896373183
18.363429092856766
18.387351375450194
18.41737572499743
18.447427871876247
18.476998471485157
18.502671265130452
18.530185113381545
18.555663625790185
18.5813783390204
18.608459858682487
18.638271502543564
18.668219583975446
18.69704837256056
18.72448296107016
18.75166451227882
18.78025831296145
18.809400410590058
18.839162830260765
18.86833482673687
18.897729080983225
18.92566100317412
18.94692269674325
18.97207678796627
18.997555593236907
19.02468576737542
19.052855007016504
19.076609327507175
19.10020470920875
19.128268009447513
19.15833634526734
19.188205860878217
19.217350609464198
19.245044740133658
19.27226189459806
19.302019106021376
19.332051096006317
19.362082543358436
19.390069295804587
19.4169867233763
19.44340269591988
19.46657077116545
19.493489469389623
19.52300680192072
19.544393271760224
19.57347239828755
19.60326703163536
19.63044223969548
19.66021183587381
19.69022104356235
19.719162242214352
19.74895125427767
19.7790006292413
19.809085565017604
19.838634830987413
19.86858316974184
19.89801947565553
19.925208317187263
19.954831904103134
19.97878532176804
20.008820920784455
20.044958052815222
20.068956297284014
20.09890688007748
20.128811543916193
20.158766685325052
20.188715131583375
20.218630831716904
20.24850679559697
20.278155911012213
20.307298237451292
20.330541615981154
20.356194732860608
20.38525335661271
20.41491060577145
20.441545796924665
20.460774617459826
20.47151598207535
20.47729351408834
20.48687452226607
20.501531404504053
20.52239931570694
20.543558671837122
20.56687394627889
20.585867569338735
20.608836068746157
20.636950840326126
20.658905139989482
20.688516323076556
20.718444210493377
20.748540045839412
20.778584659755907
20.80537009545854
20.828041552088848
20.849750251572466
20.875963554230545
20.9005067077054
20.92306700599028
20.947450584312712
20.971004000793336
20.99186953909434
21.01144427302234
21.029291825760264
21.04529968968847
21.056045027950614
21.066851296382783
21.08376633922454
21.10531928044231
21.1241811368609
21.144161752473714
21.16240113770107
21.181096373775766
21.206201719098992
21.23072203169391
21.256101059675984
21.282262983847517
21.307406232718765
21.333674170614326
21.359420212084892
21.38211645842717
21.40282012447506
21.42964422641438
21.453042590437185
21.487874432754104
21.5166315983728
21.546543888990474
21.57026826740559
21.598052149336475
21.62588163713041
21.65189894400626
21.67817672751737
21.707163699388865
21.73697847839077
21.766938033591245
21.796903920130507
21.826540522023063
21.85599989618315
21.884884496644492
21.914412020220034
21.94401067243988
21.973610587132516
22.003229164356625
22.02707115947697
22.062630089229728
22.08505722415015
22.11479250973644
22.144366941027243
22.17440867573406
22.20449468999573
22.234547286137897
22.264533706039632
22.294054822494118
22.32385101763199
22.352265045904595
22.38188349148768
22.41193571011924
22.439485784919732
22.467622594137417
22.497129535354077
22.527144005574
22.557200044913454
22.587276160206383
22.61739304369788
22.647462131688744
22.677397838880434
22.707190793725573
22.73695422192278
22.766824902777383
22.790521094165143
22.820224927704043
22.850116126999165
22.880054736453904
22.909193519941425
22.93906534356669
22.968910095378938
22.998993957383586
23.02913513427611
23.05934928956482
23.089465160761137
23.119461911368465
23.14932667096794
23.179047380630607
23.207290738304934
23.23415682934317
23.261164623922173
23.28830535046383
23.315566502123822
23.34515640428573
23.37513054729825
23.404978639039516
23.42875878339949
23.45611951949488
23.478058710289428
23.495424785987883
23.510866002635854
23.526447307309937
23.54216178919973
23.558365455655185
23.57928416911214
23.608162927383184
23.63778694078585
23.66727823369147
23.69626022802481
23.720112660906302
23.73504109598276
23.751730542941647
23.77278478491898
23.790538002405782
23.811017767031245
23.829248181705495
23.843527322233562
23.85409439274214
23.863519161584023
23.874512288259613
23.88491062387441
23.894293885450256
23.90507814423896
23.91983521618617
23.938763082997454
23.959523789487232
23.98173829715007
24.001794698051437
24.018156611829287
24.04012241537998
24.061817796742858
24.086600015960887
24.110702841612948
24.134426895372794
24.15869375570072
24.184535388702713
24.20848841332465
24.23144530164737
24.25762767843882
24.286574059315242
24.30473249969017
24.327379967445516
24.34105644250551
24.35796321367533
24.373720426921757
24.391126636274038
24.411804227304042
24.435410832610852
24.459270565618464
24.481095642777472
24.503032852176673
24.5289798820119
24.55383007303278
24.577859519635474
24.603467368922356
24.629410011011483
24.652611329678173
24.67708974064863
24.6980935653128
24.72491142435169
24.753829281468487
24.7799862362264
24.80363496814921
24.833595320649568
24.86355191403936
24.89274540402406
24.922057960383192
24.952088855465917
24.982157850804388
25.012102614026464
25.041927559189443
25.07172813818505
25.095643603548158
25.125533362296736
25.154611860055073
25.1796433305902
25.207319835375714
25.23026125393987
25.260111039006453
25.289917479735895
25.31970325600736
25.349455319779644
25.379327475129987
25.409181502252935
25.438000730468257
25.467862292638873
25.497337555589986
25.52705135314453
25.55697867393708
25.586939712623735
25.61695354333752
25.646964474438747
25.670935619545105
25.706327585438927
25.73033390951208
25.758179174933314
25.784348972343384
25.814220626784152
25.850203072130252
25.87418640078984
25.904006494021317
25.933045835953134
25.957001609453826
25.98029708576354
26.006573104694386
26.034456422779012
26.06305587948655
26.092393813898177
26.120963767219596
26.150322384326756
26.1802404979514
26.210230237685852
26.239886530877385
26.26871432813455
26.296684139472696
26.326605093781613
26.35638227749415
26.385437325144157
26.410985835847587
26.43510329316328
26.461012215530474
26.487764393494626
26.5145665327879
26.538808262220332
26.56803499577707
26.598011429338456
26.6279439150403
26.657772113079044
26.686815829374222
26.70769378889723
26.734800255334903
26.7643887917363
26.794036898716318
26.82409073506972
26.853989485443655
26.882652482456358
26.9076139475752
26.926889448592227
26.936558036989776
26.940932222477954
26.94546537610155
26.955331899287362
26.973822472877423
26.990533915970175
27.003691571796338
27.011760434610462
27.01809986092858
27.021822665649474
27.031681580014123
27.051540160220956
27.07936648995895
27.108579136979305
27.13803527169068
27.168007608719925
27.197137273737443
27.223403081923966
27.24486792551818
27.263366580520547
27.27998370577235
27.29976729324601
27.315616753977494
27.331252249835455
27.349162813624726
27.372204327557338
27.395587321209167
27.41541639594631
27.434270727740056
27.455045443260072
27.478135910905355
27.504785745830805
27.534629421510513
27.564691985545693
27.59470207969643
27.624737202711927
27.65393809284086
27.679960218712736
27.707550022886302
27.73150284775943
27.761486905860632
27.791514690735237
27.82145731765058
27.851258625652257
27.87984895621564
27.903245274571088
27.92492021315007
27.94748968029525
27.965886582087993
27.989277016753917
28.010978456386244
28.031869526163575
28.046169580657054
28.06513532104824
28.08395450082673
28.103190753077346
28.125898282135694
28.151178817303915
28.173686165269782
28.19434892954839
28.21825752376742
28.2447465565044
28.26822849553589
28.303899699486124
28.325515238655708
28.34719647104994
28.37217775094684
28.40205983742032
28.431991858491525
28.458277519795566
28.486976929197922
28.508429663382095
28.52045068430904
28.525902150921468
28.5282304876581
28.528994394159376
28.531570659606743
28.54014452238205
28.547853376665355
28.55699090396081
28.568862751420856
28.58703610559051
28.613012754621707
28.641503856866294
28.670458318112
28.699327520973743
28.72437402211794
28.749522765910292
28.769825042868042
28.7978571266566
28.83375213739139
28.857742774173495
28.88784487094065
28.917952625011687
28.9478937390288
28.971560385346873
28.987091332814714
29.00455716675872
29.019628690816123
29.03285340868134
29.045399071005903
29.05413705982527
29.068690909892506
29.080511653275348
29.087278239376108
29.09608391020638
29.11229739847574
29.132546874002404
29.156057911204318
29.179602436710763
29.205124663025114
29.227623248310863
29.256290011031442
29.286241400634005
29.316288224797038
29.346358134444124
29.37650945219082
29.406045790837236
29.435203342478403
29.45989938737521
29.480297814113765
29.495601200291905
29.506043137484774
29.513343711607714
29.523967479869274
29.540591091985362
29.55202531483802
29.566661187339424
29.587295922874045
29.61049301668455
29.638649927340953
29.668928665828023
29.69917904852927
29.72932395385616
29.759369076396293
29.789460239604022
29.81951499650649
29.849581610225925
29.879635931364316
29.909674686269444
29.939123687252152
29.968921724110018
29.99890986904247
30.028880435997902
30.058883954712122
30.08884215678509
30.118406710928614
30.13857627628321
30.160714167049747
30.187490501653155
30.21340843853269
30.239393136603304
30.26914901086117
30.298946327021795
30.328779135759483
30.35741648535813
30.38676153758418
30.416697833027577
30.4450275218316
30.472840746841513
30.4975656222628
30.516552096514953
30.53996551095268
30.56088942215243
30.58511625785519
30.61129383216914
30.638920367177136
30.66886990619552
30.698829197520904
30.728297457270873
30.75266630763425
30.778267604822197
30.80323941951691
30.82383613559635
30.844979283843088
30.872063738337697
30.90092341895675
30.93061171679061
30.960698251907292
30.989431661094294
31.00842242680711
31.038087592557925
31.060708064354195
31.090569368479606
31.120654737890334
31.150722139213215
31.18079436808704
31.21077796282903
31.240721121472863
31.27068774005048
31.300385298158933
31.329371424595667
31.357248482711576
31.387053100040678
31.41710830621114
31.447152700212943
31.476795883571704
31.497973764075613
31.524980894963125
31.551689078644156
31.57769429220689
31.605948830847815
31.63209452382102
31.65496934975577
31.679844906337006
31.709368283393637
31.73882473660895
31.767407730920556
31.796577247468697
31.826109347568146
31.85354049317927
31.877660557470193
31.90461039135036
31.934291992639295
31.95698380684249
31.980661260108683
32.00343930188199
32.02722815696192
32.05073346098935
32.07441471810822
32.09835828218587
32.12396136855087
32.15096902248635
32.17892093351425
32.20413967775652
32.227801357046964
32.2537725913758
32.28348667154446
32.31351052788358
32.343341557479135
32.371282422766974
32.394963340344646
32.42488246195593
32.45491310703687
32.48436330289914
32.51354556469489
32.53890911893729
32.56448861314506
32.591376499008724
32.61592151970095
32.642466359636394
32.67064011893471
32.70035514904397
32.728408867936906
32.751977832770024
32.77467684571059
32.79851436084953
32.82227505868255
32.84921588521075
32.876495564145735
32.89862432647033
32.92104600669898
32.94456570650325
32.969275264701146
32.998183829185884
33.027814430509004
33.05741248302531
33.08710318143297
33.11693393437638
33.1467332911234
33.17503782538684
33.194737643770274
33.21218792272069
33.22632877233576
33.24532709917142
33.2633856916192
33.28508788336889
33.30532971242203
33.32661591173172
33.34707787086289
33.36897162463083
33.38967029378021
33.40921404158367
33.42800749668348
33.44756353746093
33.46460991970451
33.479412626673394
33.49779120787317
33.52153418931027
33.546211541217545
33.56691950380799
33.58460417670083
33.60715901467195
33.63441554557082
33.66249738019616
33.68478137764612
33.712900628533184
33.74521280646622
33.77305224105743
33.794257977324264
33.81846481867049
33.84297409166725
33.86499387044413
33.884306823044376
33.90635642562256
33.931484738350136
33.95942939238792
33.98306436280996
34.0036968873234
34.02735437374376
34.04948376194369
34.06763360433313
34.08940784774867
34.11452486904794
34.138072425172034
34.16079721506583
34.185304317713644
34.21286757740067
34.239202701089724
34.25750616644396
34.283517037549274
34.30497729024019
34.33372698990349
34.36092579163961
34.387918419399
34.41717101787307
34.44710185359478
34.47709365459399
34.507133264757826
34.537122497328774
34.56708506972054
34.593104266710284
34.61546104892964
34.63879092742639
34.667622762257814
34.69555341499077
34.72124639806993
34.7469752867461
34.77358297033764
34.79699649727641
34.8268766431753
34.856594002184245
34.88362188051922
34.909642683562836
34.93477521368681
34.961658503608334
34.987381269862965
35.01427273425438
35.04359909405996
35.07363577497679
35.103753962464985
35.13394630506905
35.16409223654026
35.194116942829396
35.22410222201016
35.25412093132124
35.28413035214354
35.31413158194029
35.344147438607244
35.37422785537255
35.40309291715075
35.428315327299906
35.44595133472364
35.4658094759268
35.491897994998176
35.52095717723346
35.55062409130251
35.57818525533833
35.605965137804226
35.62993985392892
35.65417905931759
35.67823093044247
35.70700589479734
35.73624653293739
35.76621689453117
35.79621771917864
35.82630050726741
35.855293744795674
35.883389079515624
35.91283796948011
35.94264647840219
35.97201210543573
35.99571959726188
36.02563068636429
36.05572445134103
36.08582496249151
36.11468661010939
36.141162485253375
36.16596909070609
36.19099161906655
36.21775587835636
36.246590431238005
36.273863392976736
36.298622215047146
36.31794230573514
36.33820221723764
36.35448276487844
36.37021734730746
36.38902494758371
36.40873369171104
36.43252765569767
36.4588423036259
36.48633951442965
36.51074591998091
36.531403585517175
36.5500714711592
36.57000551290744
36.59305049010627
36.62023469916273
36.650138216509646
36.680227893448155
36.71031165542956
36.738991694683605
36.765943274895314
36.79407143855437
36.8176999988802
36.85376151245008
36.883780825229046
36.91378961517825
36.93779896289217
36.97374397003403
36.9976784902144
37.032884555666314
37.05272132180932
37.080159323145395
37.110042387923464
37.13992133774796
37.169915323199525
37.19964879139906
37.22731261143418
37.25162058798135
37.27887757122428
37.30723195533044
37.334267220533455
37.363654371606295
37.39357719504234
37.42344873790417
37.45300277589669
37.481404648481785
37.50805928714284
37.52816338487436
37.543301105140706
37.563419636381305
37.58693941572465
37.609486055496355
37.634945439303344
37.66377778387531
37.69375540636271
37.72376497826419
37.75310186129741
37.78260382102154
37.80646858846383
37.83615371039642
37.865667515789674
37.89527736166592
37.92508531811727
37.95240680026164
37.979031210359935
38.007632143217734
38.0361577254622
38.06607019702713
38.096032479347905
38.12602619508866
38.15506231827344
38.18003539077672
38.207519314470105
38.23333637155642
38.258308288292596
38.28026112042195
38.30704374644148
38.33421991136783
38.363765234864424
38.3913700430591
38.42115827692819
38.44767315451933
38.47399745720365
38.50105636455989
38.52516640591665
38.553181097461625
38.58293261073449
38.612460047269096
38.64100426001004
38.66894368650557
38.69390350696842
38.72245878014521
38.75219019195374
38.77588139854387
38.80565048581052
38.83550376102686
38.86527765936854
38.89501135758312
38.92478875941038
38.95299117783487
38.980208482221265
39.00979607127249
39.03973297689966
39.06964576486706
39.09959906296879
39.12958976353754
39.159642826150446
39.18964841263192
39.21969503730162
39.24975689889728
39.27978280612823
39.30980805311461
39.33979927485684
39.36976231028588
39.39769290290586
39.42244186483701
39.44645662720159
39.47464136841042
39.50399908711635
39.53318918465778
39.563257944842235
39.593250856624714
39.62327837792715
39.653348946396854
39.683464821732436
39.71360092356652
39.74286104287131
39.76849941738281
39.793486669323904
39.81661911451555
39.8428189132768
39.866451557227784
39.89346421171148
39.92344024576934
39.95342210280662
39.98305537215716
40.01101694255083
40.03496394596729
40.07092340102612
40.09490354862128
40.124827605849376
40.1547445107798
40.18315994457764
40.212765924185256
40.24266282938025
40.27020113408923
40.295785269729656
40.32249976901794
40.34830826697352
40.37127546796547
40.394830616089656
40.42234880799297
40.4464466040564
40.46545859017283
40.485879313873454
40.50726903473265
40.53105514737788
40.55906500074189
40.58229691523605
40.605881272272384
40.62865183491277
40.65631735715302
40.68557781856941
40.71394347966236
40.74387381831196
40.77404930162452
40.804200040980234
40.83414501687516
40.86170771401419
40.88285698153155
40.905004157117325
40.9328203620011
40.96119281777889
40.989025481454036
41.018840222992196
41.048788340693605
41.07887466939505
41.10897457496566
41.13725175225176
41.166173856297235
41.19599746367648
41.22602218696573
41.254965001799086
41.27947861725921
41.30479626302622
41.330574524435356
41.35564701080729
41.384080922059546
41.40738767411462
41.435535436635064
41.45831141697877
41.48105520846099
41.50612765857699
41.535579670341434
41.565413329110505
41.59535610395591
41.624447410398055
41.65364431353808
41.682706924673994
41.71192752122752
41.74133897399554
41.77120788232877
41.80120939613435
41.83115357427926
41.85828398758454
41.88054631264998
41.898051768673
41.91228893750822
41.926961604978196
41.94666823906953
41.970449124059414
41.99940615768804
42.029381368037285
42.059338997475386
42.08756561109025
42.11047605763315
42.133283149496485
42.15998955207459
42.18971599193986
42.219539170828696
42.24949021925783
42.27958159487715
42.30958402186834
42.33961588021003
42.36871324969133
42.396034108810085
42.42299016688841
42.44960548764975
42.47382574227198
42.49650004450965
42.51567811303753
42.54792914452172
42.57162882241539
42.601616162851315
42.631528015024124
42.66121684369806
42.688828525731154
42.717799451118275
42.74697839448524
42.77464632151067
42.802823583318684
42.83032855611019
42.85584496888756
42.88321805999688
42.91260336106092
42.94249736045011
42.972616975342966
43.00274357830898
43.03277660509964
43.062608878715025
43.09261824175718
43.12262933851836
43.15215903340248
43.18056640435699
43.20871810696318
43.235979049379495
43.260876882404766
43.277000967600436
43.29172792240481
43.30585866661994
43.32308988713065
43.34320252734705
43.36386278721373
43.384794863074944
43.40588781391837
43.42280377240738
43.44802546027151
43.46474302154264
43.494089057119105
43.51376877588281
43.53437221995544
43.55409364635163
43.57535143698126
43.602158965772645
43.630477039324724
43.654691918674274
43.67538473220731
43.70040559613481
43.726917899675044
43.75473290445858
43.78405538350481
43.813165391286546
43.83696321021081
43.86668861628387
43.895322846963815
43.9197149167338
43.945770945601744
43.97111378394693
43.99925823385147
44.0266907853467
44.05608330067691
44.08588541388765
44.11528055786794
44.13878035773062
44.16178156516284
44.18256271547722
44.210348590133776
44.238185596468895
44.262274412443816
44.28590659003591
44.31028984550745
44.33657255669999
44.36475189441275
44.39275499305685
44.41796013505291
44.446331690754526
44.47177417941599
44.495719591645006
44.5204779149893
44.54728727726148
44.576134930850586
44.60580085874804
44.635793863373756
44.66575136849988
44.695717399177845
44.72554547938307
44.75447574136164
44.77746323156642
44.8040037214888
44.83345733102063
44.86291104111148
44.89270070445036
44.92261080241245
44.95272564983243
44.98270893457345
45.012512158306706
45.04224509506021
45.07200541051065
45.10180799211766
45.131612256216535
45.16140040400682
45.19119657925195
45.22097431664303
45.25075738095513
45.27990929076999
45.308517025400455
45.337117529927944
45.36562661116801
45.39302501766348
45.42036509288373
45.44796222770609
45.47760086700095
45.501623017170175
45.53146330194362
45.56033025557259
45.58877155661477
45.61147380688449
45.62876243915768
45.646416215638475
45.66635222940058
45.68979554463826
45.717039294977
45.74376921876739
45.77339964020521
45.80335834802856
45.833397893041784
45.86341768230347
45.89346903161123
45.923494269395015
45.953542897834126
45.98356813171663
46.013617675831284
46.043683634846204
46.07370921302985
46.103753817477624
46.13378494885415
46.16383007009453
46.193841777688604
46.223903559253785
46.25206451203297
46.27561998179941
46.30228468980562
46.32619164910134
46.34604370744033
46.363064229073686
46.38025896718386
46.396023588014764
46.40911980027437
46.42121843064488
46.43412282178584
46.45255578533431
46.475913486306695
46.498312533302496
46.52475195815637
46.54848571996679
46.572554047977924
46.59755876820608
46.61885349904276
46.63730395458856
46.656243052585964
46.67931702569929
46.70763959738279
46.73775365222887
46.767861444566925
46.79639884350006
46.822894021296925
46.85080937273185
46.880545796639346
46.910295220609896
46.94030131199137
46.970314964224876
