-2.4725872718228468,4.866464711060189
-2.501806234764808,4.873300056574088
-2.5306217877902117,4.880105419373189
-2.5403542744572856,4.882469972522299
-2.5446311636796977,4.8835322058598205
-2.548517466168287,4.88450914290581
-2.560159206841261,4.887530132566125
-2.5655871575024864,4.8890080552095645
-2.5662614381696276,4.889198358375048
-2.566260338643761,4.88919794958957
-2.5662611298689515,4.889197753505921
-2.5662614878303804,4.889198536221438
-2.5662610949446165,4.889198143987564
-2.57202068678568,4.890849777905851
-2.583992084752175,4.894452511593566
-2.602105739816635,4.900676914781248
-2.6265430295182974,4.910729690174169
-2.652584504002882,4.923873139237353
-2.6780400481027202,4.93948628111584
-2.702272495485136,4.957249673915657
-2.7250930295872906,4.976862600808144
-2.746499243641782,4.997992855393461
-2.766591720763675,5.020283294847586
-2.7857277817999258,5.04337916038043
-2.804669074045892,5.066588770627917
-2.822984057148449,5.089128989908013
-2.837683262923828,5.106922091503685
-2.856629993086086,5.12945718462476
-2.876665856693088,5.151352962723242
-2.897973898600919,5.172053917601772
-2.9207560548887512,5.191145088542476
-2.9447452528636626,5.208696583581275
-2.9693755979699166,5.225531940824613
-2.9890012785410907,5.239144450653932
-3.0135575583583143,5.256055976838647
-3.038435604636496,5.272379548287553
-3.064025514993473,5.287595167424797
-3.089947421964945,5.302318560459758
-3.1162294750694506,5.316257414336352
-3.1430503245963948,5.329247083737956
-3.1645340573131064,5.339756876014139
-3.1910304320861216,5.35356434792902
-3.217256574216114,5.367891907939021
-3.2430795349431722,5.382920450688022
-3.268547796722966,5.39853333950518
-3.293736216939588,5.414604068959162
-3.3187517603417955,5.4308194116114565
-3.344151313354804,5.446308384741237
-3.3691665017186923,5.459714286424726
-3.3951368808674918,5.472372108321029
-3.4158877663679625,5.482925356711875
-3.4406028495028997,5.497044270439605
-3.462714663768018,5.511923915458705
-3.4830729729702137,5.527670900135574
-3.5033703217751504,5.544689513459864
-3.523862478933195,5.562632126396163
-3.5429184560422704,5.5800881135311835
-3.5599123692385106,5.596258958555378
-3.577896479089688,5.613469837020396
-3.594615257989938,5.629941934598234
-3.6099114119801707,5.647373875412514
-3.622169761466295,5.665701924921259
-3.6295425901656335,5.679573608677145
-3.634397821307152,5.690589380094796
-3.6359206389957923,5.695033870990344
-3.6366287507840602,5.697687321575653
-3.6373397925959807,5.701227346076005
-3.6377150295249727,5.703736525540258
-3.639049926235558,5.713040038667093
-3.6405143566314218,5.722703975108032
-3.640978033050198,5.725678542204487
-3.6414830413668153,5.729142086081984
-3.642368365104861,5.736652368232509
-3.6430843234614056,5.74383645727562
-3.6437153413602394,5.749308388700188
-3.644547000581117,5.7551178528730755
-3.6457124075967333,5.762844000591201
-3.6470900754978945,5.771243709434975
-3.648924466715165,5.78127881095324
-3.6509067540214835,5.791277392689481
-3.653668298187394,5.804170305002348
-3.656550232632245,5.817289846924906
-3.659774381696157,5.831858983426929
-3.6639018185511336,5.849887816994918
-3.6696764834087796,5.872427106071397
-3.676898525636083,5.897613995063013
-3.6850961531978457,5.9241902287030355
-3.693758651289154,5.951327651386079
-3.702666708658106,5.979361128775477
-3.7114827090305456,6.007428313213909
-3.7203211230536652,6.035822645142741
-3.72903787900643,6.064334156460686
-3.737480427954678,6.092976635151048
-3.745493401808042,6.12175983972819
-3.751447458670256,6.144920191676918
-3.7571235123618334,6.174421480035546
-3.7592944917579296,6.2044067591481324
-3.759093821309233,6.2343518131465725
-3.758179632403285,6.264272407133253
-3.7563877293185377,6.294185363952254
-3.753839185056321,6.323983209343701
-3.750843859827868,6.3538017553111015
-3.746980020993318,6.383536759490071
-3.7413988697391787,6.413115077019329
-3.734164177470514,6.442310427976402
-3.7249778199377723,6.4710458747957595
-3.71200020721442,6.498394510577847
-3.6944155175765157,6.5230575052081035
-3.6733064004008145,6.544678697066814
-3.650390780191998,6.564197155953823
-3.6271265339633025,6.583110845026471
-3.6041601890346375,6.602382876126799
-3.581271131428813,6.621768322056483
-3.5629066166858756,6.637250283312546
-3.5396122183939807,6.656238489384181
-3.5158507463225472,6.674602006439226
-3.491938540012612,6.692707132271444
-3.468223685636909,6.71105403180617
-3.4445556078340176,6.729491020078133
-3.420868752920051,6.747903129716533
-3.3971656009011646,6.7662988116307465
-3.373402593283437,6.784623450277991
-3.3495203968164233,6.802796778741998
-3.3256114341399776,6.8209198291194655
-3.3016938653621986,6.8390246030417
-3.27774503018273,6.857119143566295
-3.253570969296494,6.874924078729764
-3.2292320511962065,6.892483867884276
-3.2097262970407368,6.906464572150052
-3.1854023890395156,6.924009890007344
-3.161168885385279,6.9416739635104605
-3.137083753423535,6.959532187796527
-3.113068902855293,6.977523507532303
-3.089128629824369,6.995569831906699
-3.065381339096925,7.013861311122032
-3.041800333241232,7.032416638206808
-3.017606496868545,7.0503103334623995
-2.9926147721977894,7.067028950852713
-2.9672513091796042,7.083103341542879
-2.9417316253174093,7.098896063687441
-2.9161665057069945,7.114606162206768
-2.8905300222878014,7.1302074660295425
-2.8648008302568635,7.145655163663993
-2.8389779649483367,7.160947003916787
-2.8182333301008526,7.173037594879677
-2.79251746370566,7.188395408409982
-2.767068876593455,7.204250919543835
-2.7416016813265234,7.220122313173694
-2.7160465143158765,7.235860643332408
-2.690411592581805,7.251454963719906
-2.664742759853652,7.266993924516741
-2.639043955530289,7.2824755021883645
-2.613305981367367,7.297893001216135
-2.5875316828941397,7.31326546739415
-2.561698298354308,7.328526889855154
-2.5358516564471425,7.343750358042902
-2.5100883585841385,7.359092546595896
-2.4845781068229034,7.3747927447873405
-2.4596041286208417,7.391249637206673
-2.435707407627877,7.409173284779946
-2.417274575212491,7.424451511895989
-2.394518001502227,7.443998054782681
-2.3712848642677087,7.463115219456327
-2.3469863633475776,7.4808778633195985
-2.322238082266062,7.497835445820697
-2.297285933841004,7.514603498180609
-2.2717068389617565,7.5303761516142185
-2.245768822449403,7.5455209143303215
-2.219524361730432,7.560159000689552
-2.192568702455419,7.5736368435837305
-2.1642981603358646,7.584287572459344
-2.135132555743416,7.591864416788333
-2.105798009606694,7.598201413489457
-2.0766880101478495,7.605128916976723
-2.053641544397029,7.611557531846435
-2.0196648119113805,7.623038242645965
-1.9919633002542934,7.634316729696749
-1.9701874227368228,7.644217379417005
-1.9434879557333302,7.657749329576855
-1.916948406683331,7.6717290711264345
-1.8904634185171498,7.685792135952529
-1.8640719191225563,7.700047688089046
-1.8374999509874541,7.7140717789469555
-1.8106036375122314,7.727425256321197
-1.7835641404198601,7.740476675184397
-1.756248543478997,7.7529949775569165
-1.7286160938235662,7.764790470036831
-1.7007486355424366,7.7759866593035625
-1.6727684926978086,7.786813695784013
-1.6449891460468795,7.797999568153358
-1.6176713739931983,7.810208402555327
-1.5908074237486618,7.823419577046538
-1.564343589127293,7.83743637115616
-1.5382922382803101,7.852205632158628
-1.5177109653499308,7.864478018935378
-1.4923515380541035,7.880419592478736
-1.467377502354968,7.896959176108665
-1.4426809348805316,7.9139532232334515
-1.4182008427717063,7.931255446564494
-1.3937086516388173,7.948616936138134
-1.3688213531190272,7.965458422797844
-1.3433952996732528,7.981504837538757
-1.317296957752621,7.99647153737857
-1.2905808830433105,8.010269691090683
-1.2635570451309925,8.023359508458235
-1.2363746269461826,8.036136424859665
-1.2090486978105943,8.0485135547525
-1.1816640314245062,8.06083117635843
-1.1541023295576722,8.072783560252626
-1.1260995655349004,8.08376534393724
-1.1034417976651532,8.091784123096142
-1.0749184179697155,8.101275761391385
-1.0460583445883462,8.109718445166635
-1.0169674199404324,8.117208736334115
-0.9876346814159193,8.123910314277788
-0.9579855243789005,8.129114217173656
-0.9280681142717343,8.13259134079899
-0.897903913096347,8.133558488748179
-0.8678366019395857,8.131857492598046
-0.8379438735201952,8.128458522973194
-0.8081982923485382,8.124419873655917
-0.7785125441365626,8.120220360722827
-0.7487607324809773,8.11664139610227
-0.7249161483884327,8.114142942509238
-0.6950728378774597,8.111488785220393
-0.6651645127355424,8.109505212551541
-0.6352520091062123,8.107963036673315
-0.6053871100383345,8.107790634216368
-0.5757413375470256,8.11033361466455
-0.5469004000492496,8.11724518882285
-0.519405322875537,8.128498914213402
-0.49328295485825324,8.142919732341483
-0.4677642407397414,8.158648590365253
-0.4418648296651805,8.173948535743202
-0.41532634838674554,8.188073210443271
-0.3884152311138368,8.20144575553522
-0.36113455022415625,8.214020620856434
-0.33940240599097327,8.224073251351392
-0.3128433557468817,8.237840378794772
-0.28631727087716846,8.251911973068067
-0.25940093956942134,8.265328299130278
-0.23157160436131335,8.276944066989977
-0.20467493490610886,8.28523972942153
-0.1775128572018366,8.29216051321174
-0.15004029862877352,8.298810924668942
-0.12283993816938467,8.305595141641025
-0.09655217209607661,8.312942756493763
-0.07447754936871742,8.32088755289565
-0.056463380317801966,8.328387983235475
-0.042700800549484254,8.334703153824732
-0.02052846934438285,8.34466303532505
0.0025954613679206808,8.354433058578753
0.022778725118433256,8.362755718565365
0.04920495227204402,8.373514966230717
0.07562861891861834,8.384004626750432
0.10266564512844623,8.393643687288234
0.13129031413735237,8.40115212645447
0.1605503070692623,8.406144782605374
0.1900897909406241,8.40896616253408
0.2197786288433812,8.409427367811295
0.24948548674810267,8.407762650605495
0.2788990170452953,8.404375252461364
0.30818011697899556,8.400983783003692
0.33796303205556694,8.399410738586889
0.36772798551557134,8.400549935702855
0.3914231875775613,8.403574210315101
0.4210024112043466,8.408468601617178
0.4506491810492679,8.413180881232366
0.480338880963046,8.417668170670378
0.5101579750339641,8.421453624025446
0.5400318810565627,8.424429707790697
0.5698554166905011,8.427471682896723
0.5996696734113579,8.430729344332931
0.6294389167225792,8.434271203460957
0.6591956405490095,8.438032041424696
0.6889770180085772,8.4417188550914
0.7187665772027743,8.445323926993435
0.7485562520837339,8.448866526943933
0.7783505920442044,8.452389917253312
0.8081410211197831,8.455928135028852
0.8319841432292285,8.458722361937417
0.861817189439921,8.462005144646033
0.8916581670990692,8.465155854721797
0.9215181401721741,8.468171032541408
0.9513975919440936,8.470988357587917
0.9812869439075549,8.473650038946474
1.0111811493490819,8.476181489401421
1.0410704248564215,8.478748282230757
1.0709623657912235,8.48131296948174
1.1008343258385949,8.48395190694262
1.1306944907632737,8.486745965856956
1.1605347527396181,8.489723451540806
1.1903652759270313,8.49284352475356
1.2142204357829731,8.495421324322347
1.2440200369546546,8.498758610460616
1.2737422938683036,8.502517246024068
1.303380278041801,8.50695836773798
1.332933414670303,8.511853149539082
1.362424409656851,8.517239736221088
1.3918618664580795,8.522928766716475
1.4213010597401188,8.528771467023988
1.4508064291160585,8.534277697339006
1.4744969398892254,8.538397380059633
1.504339847684738,8.542263692241681
1.5343193639598331,8.544737403330524
1.5643787967418417,8.545856361417133
1.5944419502798726,8.545791829706143
1.6244560757746975,8.545008452399928
1.6544487243760337,8.544038899051424
1.6844328431999926,8.542948464257766
1.7143956092813375,8.541960738038242
1.7443901268266413,8.541143284448196
1.774386147394675,8.540157716037049
1.8043720156501046,8.539007272024445
1.8343522527511493,8.537679904193583
1.864326210639582,8.536252857503948
1.894292080295517,8.534725734745667
1.9242531333967885,8.53311445091651
1.948214708832142,8.53182093853791
1.9781696621376037,8.530282944305007
2.0081319549759624,8.528802978583295
2.038095837846773,8.52736185761502
2.0680601727227734,8.525938253745084
2.098018078981645,8.52460953790858
2.127987493667016,8.523439872768211
2.15797127343353,8.522349079037218
2.187956233801916,8.521110569547362
2.2179328252409958,8.519678108763095
2.247904390434413,8.518024221206742
2.27786053855734,8.516093782332177
2.307799361388847,8.513875122954593
2.337703881627031,8.511336054098676
2.3616158287584166,8.509185398749906
2.3914930098512457,8.506348572925948
2.421351168192784,8.503374609033102
2.451201378711108,8.50027926404011
2.4810331032013266,8.496936582930422
2.5108309379151246,8.493288040872867
2.534639361629371,8.490065019030057
2.564338522437076,8.485604501768663
2.5939525754561656,8.48058035445696
2.6234599776146124,8.474921787384654
2.652812732111284,8.468453843973872
2.681951068165246,8.461043235768466
2.7107726314407707,8.452419450784417
2.7391550582388193,8.44243277831565
2.767020319800029,8.431089802298905
2.7943577695825192,8.418547838429793
2.8211775119853435,8.404941741601101
2.8473343493105845,8.390058166750473
2.8727289300338055,8.37393367299699
2.897389591782263,8.356708027910615
2.9214338188473725,8.338700058971273
2.9404431007973084,8.324030503551324
2.964126920230334,8.305601915290156
2.9876741361967376,8.286974306773129
3.010966022007475,8.268023772667203
3.033955682261936,8.248693500176515
3.0565471813609024,8.228902487135912
3.078908528893351,8.208890752637808
3.1011825856445907,8.188782288781379
3.123368785631644,8.168575099183752
3.1454867904024457,8.148303326276977
3.167540807561016,8.127944678664486
3.1850583166292568,8.111518148678254
3.2067728051213757,8.090795468063865
3.228313621989016,8.069884141793406
3.2495811885586896,8.048703049977103
3.270722899978939,8.02740773316041
3.2918389996663446,8.006096458675643
3.312914122213828,7.984738431815548
3.333953574056188,7.9633524426523135
3.355019951194181,7.942013773827232
3.3762330372047678,7.920810466099763
3.3975001296053473,7.899637349704281
3.4185437095840214,7.878197486025397
3.438869607394543,7.8560328960511585
3.4546306164528016,7.837887363366552
3.473768927864008,7.814716621942502
3.4925581286914387,7.791332344287126
3.51144425053917,7.767998386500457
3.5300923233091828,7.74451505930815
3.549034577074228,7.721259858627401
3.5675368565987697,7.697551904016362
3.5852725893801063,7.673324638241061
3.6030431229047366,7.649176588660652
3.6209254695158624,7.625088774432892
3.635179855192427,7.605758783794415
3.6527095469831186,7.581376508058745
3.669809592424745,7.5566894522739245
3.6864980914592445,7.531723640199583
3.70277372061116,7.506490485846782
3.7187927794975892,7.481112608307123
