-8.356486192938883,4.481098439281093
-8.372814627793053,4.488623889412824
0.005488056460400947,-9.043763290107309e-06
0.02921127052518065,-0.0004954373219210902
0.041002550329520236,-0.0010861409903780185
0.0471450204225393,-0.0015518071194150836
0.047881943128155344,-0.001621006850917581
0.0478892296396866,-0.0016207046703592587
0.04787447634870118,-0.0016192459841191636
0.04783041935788946,-0.00161548007972144
0.047779423881802105,-0.0016114113508622335
0.047750206258726995,-0.001611508455898465
0.04776164336342585,-0.0016140495539310865
0.04780393692818436,-0.0016193136834820791
0.047823041105069346,-0.0016217431754621018
0.04782143620191503,-0.0016219146518018776
0.0477923778725644,-0.0016189791348891651
0.0477770343651545,-0.0016151467314468664
0.04779143294653106,-0.0016170592735209634
0.04779828292291,-0.001621207121054685
0.04779145232842639,-0.0016197245193541308
0.04778821434524169,-0.001614551727734418
0.04779235205401161,-0.0016193974231501428
0.04779326113233881,-0.0016188606103390679
0.047790738731248096,-0.0016162430160615467
0.04779047881524673,-0.0016186036233319346
0.04779190072987711,-0.0016164464808082197
0.04779165280571493,-0.0016183488290107903
0.05190931707671925,-0.0020292370148359664
0.06601233369036823,-0.0034581021294690425
0.08937656036940068,-0.005860153005019589
0.11233603560218869,-0.00873494936067706
0.13804286649612302,-0.013115847236998377
0.16100044980300376,-0.01812486176734381
0.1863235859109827,-0.024227758523558986
0.21363088458071933,-0.030417458541809154
0.24258178195211155,-0.03680278579496538
0.2718771650891328,-0.0435192216764109
0.30095670241312855,-0.05101109964943039
0.3298707349036504,-0.05920135694036199
0.35857974844303614,-0.06806714445663363
0.38712442072210834,-0.07724192591589614
0.41576608886473915,-0.08617873154715065
0.4443110750924359,-0.0955564639474049
0.47257239383591415,-0.10574224646682219
0.5006344886366072,-0.11647649161805725
0.5285220329729695,-0.12749919238928215
0.5564371137510872,-0.1386096663954577
0.5839417683004906,-0.15072455422614053
0.6111521272836903,-0.16344268573357218
0.6381074532609661,-0.17678012446481828
0.659027943520528,-0.18884184685943378
0.6881444364197478,-0.2103717477626281
0.7106276265743069,-0.23043176939244475
0.731465252473297,-0.25218809044012885
0.7470476589450235,-0.2705741334166868
0.7653711127201904,-0.2944244101568528
0.7827351547433088,-0.3189567028626538
0.7987481417479522,-0.3419708336883294
0.8152752836415076,-0.3649150969870855
0.8306316897990282,-0.3863660132417965
0.8464583349821801,-0.4093025144603249
0.8606549553968288,-0.4312179788868784
0.8746327891681269,-0.45569062865293686
0.8885096008714296,-0.4820373817981138
0.9024774790328689,-0.5075193461057568
0.9170494372998941,-0.5336640825698175
0.931986045576412,-0.5595723698736047
0.9474474584341654,-0.5852073080690573
0.9644059437962128,-0.6097842588230917
0.9824906201391675,-0.6336957496477141
1.0003539903402043,-0.6578306279924584
1.0184134060259609,-0.6816995857381719
1.037458002191807,-0.7047610894993201
1.057586860265314,-0.7268662548992214
1.078738071967374,-0.7480462422444702
1.1003852799733587,-0.7684747805354414
1.1225401616268353,-0.7886906382464648
1.1446008041550706,-0.8087186800743967
1.1643221697852582,-0.8262987152370893
1.1850513169804564,-0.8430137567105472
1.2061851650164792,-0.8582974516111074
1.2242814852494983,-0.8710178487796231
1.2501167330713858,-0.8903875158793867
1.2669423409122005,-0.9033850956655746
1.289947462550662,-0.9210993832043829
1.313868975648352,-0.9391072403694737
1.3386231469183678,-0.9559039297166817
1.3633848648843379,-0.9722575676409165
1.386387424650451,-0.9891721782526094
1.4080657629626008,-1.0068621887688833
1.4289307389561743,-1.025465655628983
1.4494372505827169,-1.0447517805050928
1.46865318243968,-1.0640554944019605
1.4890954840918054,-1.0845102335152337
1.506747472684078,-1.1016943339953558
1.5254743524107262,-1.1190836373421316
1.5442065432407655,-1.1355994927188884
1.5640207478316779,-1.1520831454415124
1.5854220124510343,-1.1677165548838657
1.6091807967780651,-1.182258678937224
1.6336181696148988,-1.1963042195981715
1.6575556267923688,-1.2114190894881471
1.6784830636170642,-1.2274192070586314
1.698598137855272,-1.2442321884362504
1.7173084962974352,-1.259230978689556
1.7366512634619802,-1.2729080004768893
1.7548118166939881,-1.2834569236103819
1.7740817629084287,-1.2917066505850736
1.7941104717101535,-1.297736559024018
1.814781494313098,-1.3016104741355128
1.8357224135620651,-1.304681744537836
1.8566878213605205,-1.3083981709611952
1.877295305130681,-1.3142077685161266
1.8966026622627228,-1.3232113453446819
1.9143286889931663,-1.3347648388518139
1.9310844757456054,-1.3474834538016183
1.9477269239603712,-1.3601780719447505
1.9685769600637406,-1.3742873857519238
1.9937368184992128,-1.3887038593998517
2.020499180693327,-1.401612451651953
2.048149281072801,-1.4129294651871187
2.0764335089740675,-1.4222777589513464
2.1043876109461706,-1.4290924080363632
2.1265049357526142,-1.4336131721690852
2.1513549676117214,-1.4390457513784742
2.1760039914552394,-1.4453983509149684
2.200115504328745,-1.4518486523371217
2.226355295071352,-1.4587461182905352
2.2507971729680873,-1.464353072371819
2.269681942254725,-1.4674898729357044
2.2909417957413316,-1.4699205788967085
2.318804233894086,-1.4724305622379898
2.3480013964686486,-1.4741736364771423
2.377330966921179,-1.4748301549852947
2.407256711684956,-1.4744724393849746
2.437097598703733,-1.4726574417418141
2.466876760628366,-1.469632740573525
2.496325573603798,-1.4657000776731415
2.5244017408945036,-1.4608073244652646
2.552636693009818,-1.4553182267635447
2.5814516992693406,-1.4488484269573623
2.610191315087035,-1.4406051995762965
2.6388240083947956,-1.431660038575457
2.6675576778834706,-1.4228651759181727
2.6968454305599088,-1.4157270456847708
2.7266605504653167,-1.4111533018239093
2.7564687313467604,-1.409504760801481
2.783775739247669,-1.4098626926190858
2.8084523424798027,-1.4112510617662866
2.8291749378402944,-1.4126329048436894
2.854709703919432,-1.4139777290131397
2.8793884733054136,-1.4149867434350283
2.902446001056218,-1.4155989928892714
2.931491649641427,-1.4164254617595897
2.960913048620213,-1.4175496986170824
2.986936233485887,-1.4190513693418592
3.01264645678542,-1.4211909539986822
3.040278027885871,-1.423706365514109
3.062167205446385,-1.4261981546587494
3.0943711721312943,-1.4300786931700646
3.1204561712920706,-1.4325318027546632
3.14212356033766,-1.4340846027937608
3.166733799861409,-1.435462569979741
3.1911517348933085,-1.436509064047154
3.2197856824299387,-1.4372000442724366
3.2497607876324577,-1.4373932156075522
3.2797539503519557,-1.4371917442009112
3.309705578314014,-1.4367531766997057
3.3396954599254953,-1.4358561115867343
3.3696654675988653,-1.4349461991759704
3.3996284505493266,-1.4338568735905792
3.429599450826838,-1.432413762390234
3.459667775203946,-1.4319048063129312
3.489668300815066,-1.4319782669405987
3.5196737404567275,-1.4320152459887538
3.549590131035941,-1.4316712456774208
3.579358012540435,-1.429488296482905
3.608877775929388,-1.4249934523930239
3.638045291772774,-1.4185250669178646
3.666825458171338,-1.4103374159828403
3.695639127570528,-1.4018679395224394
3.7248475544838326,-1.3944968630171564
3.7546112030955823,-1.3895413897437585
3.78475518525375,-1.3879364676583512
3.8148240043192003,-1.3886518480782382
3.844756971254066,-1.3896013689104252
3.874692544387665,-1.3893250450565633
3.904318635408092,-1.3886055708452458
3.9342841840820553,-1.3882685233157697
3.9617539013650416,-1.3882980022295883
3.990597899829142,-1.3887266521729829
4.012003925658948,-1.3897495258235701
4.036195082777254,-1.3925480475663992
4.0590123908908184,-1.396737033161442
4.0864024320222185,-1.4028701152665408
4.114865578697397,-1.4098421970673243
4.140739818987467,-1.4166316680763316
4.163856090676724,-1.422075716366872
4.190312137800475,-1.427896734422706
4.218872386656207,-1.4347319361355517
4.247480369921965,-1.4428823578706989
4.27405961436614,-1.4515416274959798
4.300940857926842,-1.4601047234971662
4.325472140098435,-1.4671646110745131
4.348542762533581,-1.4738415332202417
4.372704200376532,-1.4803158978391828
4.3961641181675395,-1.4861432000409964
4.419554508625155,-1.49138656567716
4.440225705847819,-1.49569673442226
4.464315818219365,-1.500366343377123
4.49004648767931,-1.505320862607377
4.5124460679875495,-1.5094856930630487
4.534314755242009,-1.513081174211299
4.561837980336698,-1.5169881060955552
4.591593138433664,-1.5213049081196879
4.621140975975741,-1.5269078046592728
4.650417966625674,-1.533947307082334
4.678815706534299,-1.5425519773742578
4.701155292967477,-1.5499629837675823
4.722185299695763,-1.5568467105281159
4.741041718840368,-1.562366218565762
4.76119062744824,-1.5671881683853441
4.780789386712312,-1.5707567143550558
4.800591416977438,-1.573330120801
4.823031856954744,-1.5750158317806549
4.849732634000586,-1.5756588665668223
4.874787974761241,-1.5753335107470765
4.898686369628353,-1.5749756975450446
4.9267456810045935,-1.5756661849972513
4.947858867632566,-1.5770588202117966
4.976609726567517,-1.5799858474917323
4.9934411719300575,-1.5818790351959982
5.017097443444116,-1.584184119678943
5.038648075014565,-1.5863719153238993
5.0548638150084075,-1.5881158295518651
5.079385271458197,-1.590245347673044
5.109233299984527,-1.5920114490638344
5.139182618495983,-1.5933271072467583
5.167422907061365,-1.5942602976570464
5.191452265862998,-1.5943176727377493
5.21408299931062,-1.5934770791065755
5.239872215375834,-1.5916773939701017
5.267701019743294,-1.5893022510743244
5.294214620212465,-1.5869278997472693
5.3213959827742325,-1.5842164796195257
5.351158344089924,-1.580878010762166
5.380821098520512,-1.576717692429489
5.410377261729069,-1.5718933174800043
5.439792560521489,-1.5662069766623616
5.4690860253811415,-1.5599659908154588
5.498326772849623,-1.5532849480722901
5.5274037598975205,-1.5461321264876577
5.556123200632697,-1.5378597871038913
5.582914723179944,-1.5283621610387177
5.605214600869434,-1.5190395630047562
5.624012044783136,-1.5097113647814395
5.646430368817284,-1.4965615883266592
5.669022335139719,-1.48074365892612
5.686302150618828,-1.467480934309264
5.712647411260463,-1.4457384685121004
5.732088153782231,-1.426211769332056
5.7450278468840015,-1.4109195056635195
5.7594602495734,-1.3925579845645875
5.774319141142672,-1.3738208539426173
5.790547322260807,-1.354547779702221
5.809645559145622,-1.332610782274584
5.829749097357509,-1.3103120802242123
5.849918310228377,-1.2884862635283978
5.866231373361984,-1.2707124307218916
5.878847222472105,-1.2568455127542033
5.889318603036584,-1.244996847184895
5.900301126178783,-1.2316340377115866
5.9107749011247055,-1.2176619073254296
5.923049998435211,-1.2001241314426818
5.937499849564016,-1.1788462830665218
5.954377487471031,-1.1549240652505834
5.972266790346448,-1.1310017262037
5.989284625125211,-1.108256838829907
6.004244129089329,-1.0889194003935676
6.020887793183238,-1.067473723181594
6.038715477112898,-1.0438855343616928
6.05529080697133,-1.0212921298365916
6.071374101224739,-0.9986528863066726
6.086300659511653,-0.9763994469720907
6.0981462321449875,-0.9561337022569585
6.111357689190586,-0.9306893997262857
6.1240789129854765,-0.9045846503170923
6.134370815764291,-0.8833325933611762
6.146898109654432,-0.8576848202289848
6.160034270833958,-0.8307815508128461
6.172213294728946,-0.8039098168628492
6.181376206401766,-0.7807168943067181
6.188161000463756,-0.7618431940664806
6.195419435232095,-0.7399666340315618
6.202306457228278,-0.7177322670898219
6.209924327431226,-0.6926402575305513
6.21752647326981,-0.6673307910284452
6.225929293015662,-0.6400935736751477
6.232593653167588,-0.6183414241547034
6.238822968909948,-0.5956113926331632
6.2454860112221615,-0.568358256245276
6.252058293911889,-0.5392102476588665
6.258454839830596,-0.5105233692845378
6.26268434889614,-0.48592786624092915
6.265791671949655,-0.4582033917329374
6.266906996259194,-0.4299570694246231
6.266613532811943,-0.40267261601995663
6.266374055835156,-0.37366314636885717
6.267244774761424,-0.3436520758036131
6.268658970255334,-0.3149785473468528
6.268997018713675,-0.2873999858622984
6.2673245444120615,-0.26020648161674526
6.265031668425732,-0.2383529453891841
6.262401314567072,-0.21401164388933763
6.259406604185999,-0.18756483528414267
6.255768778637494,-0.1607123078833459
6.250924199362399,-0.13456686719945635
6.244570079254929,-0.10790234000968785
6.237214532502234,-0.08210720943421572
6.229045762855393,-0.05506041704881638
6.220610014931261,-0.02847299536657666
6.212663580350204,-0.0033135278160885554
6.205373013211562,0.01975477841976997
6.196140070696057,0.04720492901179013
6.185289772181538,0.07507620119459378
6.173482949436119,0.10260228575701756
6.160859438443662,0.12976957954831958
6.147792140610414,0.15671424733266012
6.134152106126285,0.18345047164273615
6.120857179401899,0.21034831085784914
6.107543397839271,0.23724534857187402
6.094404454920262,0.2642381291787274
6.082747150034458,0.2892964336771283
6.074067492761177,0.3089570645235019
6.061631082126046,0.3394538188851441
6.049688977851969,0.3662385189755613
6.036075429261277,0.3928845885330799
6.021480764046033,0.41898195542906785
6.00521047008098,0.44401010147810666
5.986756013553125,0.4673863623785106
5.966239724253653,0.4891106931880296
5.949242332998435,0.5060433502435246
5.9279134693601865,0.5271085128837909
5.906400363574285,0.5479694519725881
5.884386310095886,0.5683114643134415
5.862160215794062,0.5884660099679228
5.840304611431542,0.6090630415170559
5.818665132607259,0.6298507896837123
5.796768044741983,0.6500483668560334
5.776938430091034,0.6670173987894223
5.760855854013802,0.6796359258780815
5.744930797908055,0.6913577692850159
5.725066873041386,0.7059675840575212
5.704626354548153,0.7209920862759669
5.688312001228992,0.732507745712153
5.67133359709476,0.7439205933983082
5.650337726884683,0.7574537674502827
5.626240381527861,0.7726358296139787
5.60327567693153,0.786219600211689
5.586999706428178,0.7950567357196914
5.561567181550421,0.8076847910674585
5.534368460722934,0.8202709546005178
5.508334744158425,0.832532017731063
5.483935173634673,0.8443582853851994
5.458020974923744,0.857228033491953
5.433220438366726,0.8696132647029761
5.410897957579002,0.8805274721400265
5.387459990916922,0.8903067878231401
5.363033509181695,0.8982489850950794
5.340646350175404,0.9042129082455933
5.317382257179428,0.9098089571544953
5.28855095687022,0.9164134265237587
5.261790918106371,0.9219754044264294
5.239639546552285,0.9259789096920865
5.218576520353287,0.929406637555945
5.191332238348975,0.9331482666600031
5.161545734431898,0.9365213988325115
5.131748544803333,0.9390347056326647
5.103065816073368,0.9396099527151505
5.07348366016028,0.9385259720230423
5.043705842349723,0.936610725404132
5.014042609247884,0.9331455634861182
4.990569120149185,0.9289542682235926
4.963691022630446,0.9214655185263106
4.937620814628855,0.91138200232645
4.9150897331787835,0.9004292161407531
4.891195651394156,0.8872745698007121
4.8671200186493495,0.8728289723242285
4.84232561187833,0.8576639773888663
4.817022634624537,0.8416028492263896
4.791919457808581,0.8254740683757412
4.770449269393519,0.811508728758846
4.750225180877321,0.7969429621242754
4.730367389412233,0.7812648838468425
4.710485088528268,0.765607446175726
4.68888651026226,0.7494664544368074
4.664396328924992,0.732120348482189
4.643482890307528,0.7166997840525962
4.629329560339955,0.7053087735069679
4.611877909695924,0.6895934375075949
4.5985905725644125,0.6757187140500365
4.586217015353023,0.6602977694357877
4.573976790446681,0.6433742431042809
4.559562575345078,0.6226557436290356
4.5452006354920735,0.6021920356054181
4.531729099802333,0.5806878019047321
4.518743995510755,0.5545632655238106
4.507222955591922,0.5272395276087748
4.496290414980127,0.5012817235766586
4.487804536844188,0.4819154478996527
4.47942363096234,0.4619932763619313
4.468896303162728,0.4354816790992705
4.459051231019798,0.4078358309432891
4.450321007805235,0.3797778140549942
4.442908080602301,0.3510343768379491
4.43733781574587,0.3276706577605293
