5.47194734946085,4.243398218520039
5.456214418025452,4.252475695571437
0.0031410396574179517,-1.3813164656578036e-05
0.013965784084149762,-0.00040994180768009846
0.022510881193284767,-0.0012567609619216823
0.024165879278182888,-0.0014758218837601818
0.02417134491624619,-0.0014753440313293898
0.02414013706330619,-0.0014713055380881775
0.024085861013065202,-0.0014648961919326183
0.024060491470053607,-0.0014660933497580636
0.024097179654260455,-0.0014735512138127332
0.024120823462222597,-0.0014778053578012344
0.02410954461834009,-0.001476520135833835
0.024080888509202047,-0.0014693742934545342
0.024094207048420333,-0.0014728165268213496
0.024098484849057352,-0.0014763456556962497
0.024090285194115473,-0.0014708529742383243
0.02409147057430166,-0.0014728774776700529
0.02409470151368245,-0.0014722314351712424
0.02409197885230352,-0.001473127560894323
0.024092454739607142,-0.001471493569281064
0.024093269799470705,-0.0014725535478748541
0.024092984134797744,-0.0014719830537597445
0.02409248010004749,-0.0014727891222273857
0.02409312030729365,-0.001471526979680373
0.024092804893910955,-0.0014731437044721064
0.024092797184275632,-0.0014713589460540104
0.024092647704924145,-0.0014733365776402909
0.02448853087560423,-0.0015272765209435372
0.03215048898710542,-0.0026067596358885945
0.04552821764643843,-0.004326824421175385
0.06500635159584385,-0.005871360181925831
0.08870164871503941,-0.006219581472451339
0.10634060822858805,-0.005602094332113595
0.12655699754790878,-0.003916782023672525
0.14529111384371832,-0.0017158843752375396
0.16397465206538703,0.0013197459918088093
0.18777922923806462,0.00664629751422707
0.21477344162327222,0.014203014541528516
0.2382776391441501,0.02191623511543152
0.2572740611403928,0.028642750665894924
0.2777049565371451,0.035827532366654494
0.29376217269351573,0.04091979638051719
0.3111673074909552,0.04575726757404901
0.33306725516522345,0.05153126770085211
0.36229196973910693,0.05789862613135927
0.39182780902298525,0.062420548344427666
0.4276882252421058,0.06625735718496494
0.45764751264858056,0.0685548313564568
0.48760196891185126,0.07039459637636047
0.5162019877606095,0.07230429938370783
0.5520117437591662,0.07548134931711027
0.5813888942070621,0.07850181257728232
0.6109091722383604,0.0817470021935381
0.640134217045519,0.08595305093358187
0.6694350679522096,0.09174341627429307
0.703937106495914,0.10144969570839982
0.7323562160073186,0.11099701017710875
0.7607260763874201,0.11996445490039165
0.7894560467859941,0.1281030998520362
0.8176691392384825,0.13600606328363746
0.843213783479254,0.14396774270663745
0.8681561159324207,0.1522928368622595
0.8887712677027824,0.159102624128521
0.9126760097266913,0.1660321659364415
0.9382210376816561,0.1718383719939024
0.9670186689152606,0.1775049407640354
0.996077893120592,0.18340871964686517
1.0248423146075474,0.19105063746595008
1.056484063533127,0.20088695593780118
1.0769611589935755,0.2072577846501051
1.1006941895073776,0.21387487703022426
1.1190893571683354,0.21880587940619992
1.1489757038274957,0.2264469325505868
1.1765951575717206,0.2321415297263653
1.2062594246974048,0.23694325605528868
1.2359667745156413,0.24123702221553517
1.2656794977079027,0.24548370642996792
1.2953492472433354,0.24967541508127403
1.3248991206175407,0.2546008471401996
1.3542767619797258,0.2603004236757783
1.3888673729883043,0.269491945508216
1.4132152960170048,0.27894246370860976
1.435882236785507,0.2912430767920829
1.4599133908585795,0.30764195032589886
1.4833016961255434,0.32616380676083184
1.5083519470219342,0.3489694466050023
1.5245798480728106,0.36624627727093373
1.5407150387478725,0.3856901664154971
1.5586141388711938,0.40913318188399006
1.5758065607032412,0.43268233337994916
1.596506342907686,0.4605943164466346
1.6131490951424095,0.48387394637057607
1.6267493449747814,0.5030268301309914
1.636907314791397,0.5178544294391543
1.6459583323691678,0.5307271445112302
1.6559196255353843,0.5434358362070262
1.6660554206057625,0.5555968776392509
1.6770497714652628,0.5689608840630707
1.6912419049919463,0.5873901743938902
1.7036584984425422,0.6049730729456729
1.7147387120151711,0.620929874963312
1.730750769642003,0.6422995325582823
1.7447277404589117,0.6610350610708449
1.7548422416162248,0.6762045544437454
1.7605587801793523,0.686255596171059
1.767410196986864,0.7002806639205856
1.7753464739194664,0.7176356844461396
1.7811359089220644,0.7298977881601566
1.7896146921756546,0.7482170816197659
1.7949020834291263,0.7597241289131996
1.802244535272495,0.7760890998609794
1.809574631301584,0.7933956828494945
1.817585059325879,0.8148393494297467
1.8263078212547028,0.8391794552935645
1.8356768814652176,0.8668129814772905
1.8438129465916877,0.8953244250348344
1.8514881950662392,0.9243142193011933
1.8581931741960331,0.949664799377462
1.865366233756949,0.9745660982643056
1.8726305082553631,0.9992922181387482
1.8782364158676357,1.0224508504507495
1.8829648652347042,1.0534137234827659
1.8833588117516198,1.0751892072987566
1.8777422822555838,1.1101560279860403
1.8684057949988584,1.1384423104692498
1.856627733418459,1.1658770337047828
1.8435405012480202,1.1924052487937196
1.8301994694934747,1.2173963709491686
1.8145223518327998,1.2436368888644573
1.8006248378962104,1.262559961846692
1.790056937112014,1.2738566605447748
1.7735573460012208,1.2874049924843658
1.756586272216026,1.299167069575799
1.7378719220389762,1.3116027835421284
1.7196444636417307,1.324953788709613
1.7029866267478182,1.3403744374549917
1.6886434698014483,1.3578895748889646
1.6757180583467632,1.3763295726379505
1.6629684234024045,1.3947319259921938
1.6459650286827963,1.4157015609935883
1.6262852151781475,1.4337744074441696
1.6020904827010047,1.4503979330173766
1.5764433267159985,1.4649759359612793
1.550455867752815,1.4792134014607212
1.5256321095623606,1.4945526550501353
1.5033091707334927,1.5117688871809216
1.4784852277131082,1.534308246746245
1.4568332857363981,1.5548542807717125
1.434998861411162,1.5754058899834391
1.4130738928690174,1.5954323489586413
1.3855308002540698,1.618026098840795
1.3613835640784895,1.635718786611628
1.3340667206807868,1.6553887874029236
1.3138991941674079,1.6705777762205036
1.2972787145581735,1.6837864455419445
1.2783554053008455,1.6993998994082553
1.2543371528807836,1.721127237777959
1.2363249282516486,1.7382013615801037
1.2137113960819157,1.7589910879875754
1.1945312590967245,1.7762078258777292
1.1698540113374936,1.7979833950183182
1.1488568089222606,1.81596621603403
1.1286166249340797,1.8333052332549542
1.105916844752496,1.8544574217964624
1.0873554335204607,1.872219712566749
1.0733542315965152,1.8849124423009807
1.049019604663215,1.90651359182978
1.0299901870227284,1.9237442153519004
1.0117644446412546,1.9407065422880645
0.9949286914549786,1.9569539236413835
0.9863776168442384,1.9656612541009775
0.976160303668137,1.9764862683781894
0.966959122797976,1.986430650194549
0.9564217353022949,1.9984159432145594
0.9444405947081814,2.012893765949046
0.9309922737675685,2.029923319761276
0.9205641985202724,2.044498550578984
0.9100886566458636,2.061425090033589
0.9019289102153186,2.079253923177728
0.8949557702913492,2.1004801369221617
0.8892660220034342,2.122535257168248
0.8847678904257146,2.1400937944197587
0.8763127640727884,2.1657534265742537
0.8659285623119916,2.186450616729471
0.8517373709715101,2.207510775994599
0.8361006301047984,2.227700694080238
0.8204585659417828,2.24805030813301
0.807489292474569,2.267455305884626
0.7992021414542653,2.2829933800135263
0.7931982598010969,2.296940301190686
0.7871306997186287,2.316587008664997
0.7824266716919217,2.340694935477258
0.7799109780013563,2.365035107522333
0.7779587074685679,2.389295992225631
0.7740040915185478,2.4180477372744478
0.7675334803053823,2.4410578990501413
0.7553885214465718,2.4657115708165906
0.739436872832138,2.4873443326099323
0.7201940826763925,2.5056272611038164
0.6945383196833944,2.5244986486265177
0.6723609182537846,2.5393587924194065
0.6503934415276245,2.55513811849863
0.629293045045063,2.5719642748301994
0.6081102078996408,2.58989572777781
0.5881065122028126,2.6086323282335813
0.569011300862227,2.6289571190247334
0.5503892351230345,2.649549973314217
0.5348915641337136,2.665324631017742
0.5075435335922591,2.687796466627597
0.482355939781477,2.7027371628763794
0.4588594781470955,2.712911651354719
0.43897182126328393,2.7196126308878417
0.4223696585092353,2.724248539086842
0.4083927762390892,2.728079966349149
0.3930575901029056,2.732687510114725
0.3770900413906213,2.737790566293166
0.35791042736970263,2.7441272588543533
0.33401621746447996,2.7523897444011
0.3129296998351998,2.760801662139374
0.29479010533758226,2.769301136316605
0.2784410115544371,2.7785015503804025
0.25764851415946116,2.793398494182805
0.23836956403478743,2.8119822791036926
0.22432461295610578,2.828043639577061
0.2073842877470895,2.8484927268209157
0.1898304354738164,2.868236752598151
0.17040204069051126,2.885966643419508
0.1461612867171586,2.9015882760084097
0.11873327850525502,2.912725957513387
0.08975440580925456,2.9189117920353627
0.06601473301488273,2.9213167208188264
0.030123328090841714,2.9229553920861786
0.00017622063983459784,2.923585142173367
-0.02985692805430212,2.92395968026461
-0.05386279503754624,2.9248235900120463
-0.08949586627025971,2.926904294509675
-0.11575931796477912,2.930331208067655
-0.14073178113731719,2.935264673679445
-0.1655751417664941,2.940181596633165
-0.1906980265024736,2.9433706391046917
-0.21218795114959232,2.943781175330741
-0.23914111183567605,2.942307749345111
-0.26675413913018475,2.940316348755138
-0.29643535017618194,2.9392044906195145
-0.31991783109396027,2.9391515499706165
-0.3423879287582619,2.939106071773694
-0.37775310907083437,2.938726208670725
-0.4051104203811042,2.9369501727235923
-0.4306787300996544,2.934188035123358
-0.4571838806651815,2.9306930932813837
-0.486367802779097,2.9273688980496826
-0.5142791309690452,2.9253178361354144
-0.54005505499624,2.923861408904295
-0.5630311560487408,2.9226693269194284
-0.5900468360346697,2.9212246927661742
-0.6196416696393526,2.9204145363995666
-0.6479461603657862,2.9210872066855003
-0.6713102845372886,2.9222563907925787
-0.6954126404334366,2.924062946922316
-0.719133708854623,2.925435463695268
-0.7461560150058903,2.9251835909013626
-0.7757906625482869,2.922800618549855
-0.8054525032588502,2.9187512333712053
-0.8351887644276915,2.914540673321478
-0.8570161225599543,2.9118676589796975
-0.8836399242819054,2.909320940809397
-0.9066508096750028,2.907973225541045
-0.9323675912973344,2.907210295110632
-0.9494543436370612,2.906942160968254
-0.9605514018529263,2.9068037688450197
-0.9762764252638858,2.9066411334203384
-0.9917748408504768,2.906546277568737
-1.0085639441453584,2.9062220763580178
-1.0321940699573355,2.9052823085500634
-1.0526145253275545,2.904504289411414
-1.0700825430544516,2.904071622042603
-1.085146665643001,2.904021378984056
-1.0940133404514392,2.9042054205077608
-1.1034869627190647,2.904671581261586
-1.112532986377018,2.9054932585914437
-1.1226074086793947,2.9068590699106256
-1.1339630731880455,2.908888547277493
-1.1520220607753624,2.913414304226305
-1.173441982958877,2.9203907560952582
-1.1983824233354443,2.9309918369076517
-1.2189578427108752,2.942522016434495
-1.236144090992303,2.956083748043017
-1.2507582851385395,2.972371806028785
-1.2609876719885253,2.986478221933156
-1.2728966496948109,3.004578599302948
-1.28498105914936,3.0224003068876724
-1.295894794848711,3.0362514720764655
-1.3122106904721313,3.052584161442679
-1.3319801492054408,3.0673654996176856
-1.3533555912233899,3.0798486917394166
-1.3757514240034556,3.091167360618395
-1.3973150764934337,3.102266374052751
-1.4127134327729405,3.1112490713486607
-1.4279873583961427,3.1221883139648035
-1.440923671646754,3.1338582329456215
-1.450742165607751,3.143623534704338
-1.4639101374622219,3.156483480536314
-1.4798734142644572,3.170870520446414
-1.4944071716679224,3.1832451924148595
-1.5071431527325905,3.194553987085316
-1.519806733320865,3.206458601732187
-1.530306520695691,3.2161498911866326
-1.5431773820163424,3.227370860449565
-1.5594693942463254,3.241132052478641
-1.5734303903315368,3.2527089221985097
-1.5926262596381573,3.2686665911521002
-1.6109952885674683,3.284382372617779
-1.6300881327422618,3.3014070377175604
-1.6457244841397076,3.315322299123064
-1.653183125730548,3.3218179891284456
-1.6634527716194136,3.330736743165049
-1.676360661396191,3.342647530104329
-1.6938219798158554,3.360230407536387
-1.70774657457041,3.3746895284545433
-1.7244192068151654,3.3921491765692524
-1.7410208063254378,3.4106530720568364
-1.7558810398505864,3.4278722130949677
-1.7714778561774136,3.4456746709847996
-1.7884749231690826,3.4657300142674385
-1.807741989528151,3.488004817294977
-1.8266575646049004,3.5083148380942104
-1.8442164568025416,3.5257934231910104
-1.8627351679659083,3.54362570342891
-1.8824228396238933,3.561299590279857
-1.9046208756581429,3.5796589964594356
-1.9217314339484357,3.592449674225911
-1.9436045925254477,3.6071526573277346
-1.9641760322942654,3.6202820664238042
-1.9844926782211294,3.6327407827680873
-2.003421811319327,3.643429499826783
-2.0193019815192828,3.6524353089790473
-2.036019357155033,3.6627397885080573
-2.051321818216084,3.672306701814
-2.062590841101467,3.6789461658132074
-2.072739701131886,3.684806885356695
-2.0844107597177848,3.6922146142390604
-2.097965374454268,3.7019676596461637
-2.117830781016317,3.7177142185729486
-2.1407840157198876,3.7367626725788514
-2.159898427944896,3.7532959787177536
-2.180518217036251,3.7720419662913978
-2.2020218301677663,3.792059354873696
-2.2227679478756635,3.811965509389546
-2.243890190521712,3.8332964476729545
-2.265316901062169,3.854169267254476
-2.284079541955166,3.8706725617369626
-2.3018349846389285,3.884221725330263
-2.321292751155269,3.8976492054103105
-2.3446865753404316,3.912624722786454
-2.3688010492265614,3.927992370017758
-2.387450348097239,3.9413905867542742
-2.4134139020353267,3.963928070882149
-2.4343438071023282,3.983451093230996
-2.4514854936623385,3.999881437478121
-2.4727068914914194,4.020435649203758
-2.4902512830531762,4.036771698434798
-2.5114139031521097,4.056669479490384
-2.529396977149786,4.074289648608395
-2.5473011598518727,4.0931267462424765
-2.564064157792884,4.111699232429296
-2.579337618460155,4.129431436391235
-2.5927836495309293,4.145365168471232
-2.6048358212800045,4.159210685268543
-2.620331591972492,4.176342664191395
-2.639400730428394,4.196387156355502
-2.655679070295898,4.212810057231339
-2.675584019339001,4.232473650336053
-2.694334441233704,4.250473581587933
-2.7097612121269194,4.264475816809442
-2.723861290118837,4.276480189552031
-2.736243062587782,4.287288350627876
-2.747981577883984,4.298583950746556
-2.762445338373247,4.313404211509722
-2.7778858915937645,4.3290340789324455
-2.795643559340922,4.346343482925195
-2.814908041931291,4.3645765620822194
-2.8307133707016625,4.379970434986614
-2.8512864522626575,4.401663791000196
-2.874349259326476,4.428808313501193
-2.891043947368908,4.451947837356877
-2.9036724228907467,4.472343493113239
-2.9112771937039668,4.486147693078831
-2.9141390771666105,4.491843521533473
-2.914951719635431,4.4936934627914855
-2.916012836611686,4.4977058584384535
-2.9169770029015356,4.505901015227559
-2.916824402162394,4.521003685650953
-2.9146039445204903,4.540743708900067
-2.909723188009964,4.566509847525735
-2.904328823386565,4.587624399682065
-2.899657859127665,4.601424847082906
-2.894575896938151,4.612278105104566
-2.884266673702864,4.628253616257417
-2.871863499145801,4.643431734073031
-2.851687698656573,4.664607967010811
-2.834849237196879,4.682026774993155
-2.819308831959087,4.700432797163849
-2.807033569170904,4.7196608336323145
-2.799002223517433,4.738295188443733
-2.7928001673757485,4.757764012189087
-2.787275904581368,4.77800566096174
-2.7821857886613928,4.803379139839714
-2.779236653952741,4.8318279336600085
-2.7800905563053084,4.861006059925523
-2.7854296919004495,4.890025896110125
-2.793373044717879,4.918591973191726
-2.8019246927765735,4.947123653008368
-2.809090947270074,4.976160145921943
-2.8127701924836837,5.005688649565555
-2.811315172774682,5.035725632047487
-2.8057153192850954,5.065114050667958
-2.798099448977031,5.0939226515441485
-2.7891468134791193,5.128361172300692
-2.784072941890764,5.15761419380964
-2.7823947309639734,5.185885550387051
-2.783979699621822,5.218335607094002
-2.785714657612871,5.23906905032756
-2.7874583297872815,5.261595715032124
-2.7885266669447417,5.283511110067874
-2.788973815078323,5.302867673177891
-2.7892634306528237,5.327521962030945
-2.78968812136369,5.349976862377742
-2.790647199726443,5.372230498995451
-2.792407560135098,5.39803653109429
-2.793806797598646,5.422909151288322
-2.7943762413189392,5.450558978820795
-2.7937095427588012,5.4805014153607585
-2.7920390035956104,5.508452345066065
-2.788576940626993,5.540806662223594
-2.7840750584026646,5.567903939436918
-2.7787016713101433,5.597129400710752
-2.7725018207384804,5.626450101034398
-2.763592832964594,5.6614060104604045
-2.754766696673278,5.690183149002639
-2.7464886647704096,5.712795396044716
-2.734899617432714,5.740565671837949
-2.72464873539239,5.762023219546555
-2.710545407410092,5.788189248188393
-2.6955206694146785,5.81659271366671
-2.685906927129333,5.836398560109971
-2.67485422233504,5.858866622626525
-2.6606743589451325,5.884443667227266
-2.6454044257063076,5.910259571887993
-2.627855757211559,5.941660054329177
-2.6136632311021692,5.966051404299653
-2.60006049350418,5.986923224373865
-2.5859707740997893,6.006327071028376
-2.577556644343264,6.017565661149693
-2.574231044390036,6.0220969824576285
-2.5730243639369594,6.023819374540193
-2.5703197590787483,6.027962553737816
-2.5669304559068644,6.034023715816537
-2.559370819313932,6.049943635546082
-2.551492715812889,6.070844686247064
-2.5468322022673435,6.091823621258374
-2.545974014462422,6.116476790470379
-2.547838068490409,6.136556322583443
-2.5530662909122444,6.166470380790318
-2.558279450118857,6.191365695403641
-2.5624634513463027,6.21623618665524
-2.564632557833278,6.2426819573051135
-2.5647490170583067,6.264319726174639
-2.5640661335301043,6.290630609818723
-2.5639662122564055,6.318196373050681
-2.5647460368921586,6.3533949641552985
-2.564435502737971,6.378385221503958
-2.5625380090358507,6.40231912999349
-2.5577525668112675,6.4337323103041655
-2.553296565189609,6.46072335170888
-2.550475829493785,6.4880740620377795
-2.550500982889671,6.514849442404231
-2.5521144909629374,6.541774512658085
-2.5544291556925387,6.571050882800594
-2.5567996513925104,6.60098297494517
-2.5580784492644155,6.623113054406432
-2.559016134290988,6.6488935667564
-2.5611751089283197,6.68276960455424
-2.5639593080832075,6.712382278792127
-2.5668008530238775,6.74222502128394
-2.569311823114771,6.772143325904764
-2.5706243079234072,6.802129572363931
-2.5708752606883976,6.836689879175602
-2.57100473656618,6.865282855926928
-2.5713641474037576,6.895231737192738
-2.572329815469403,6.925197368813011
-2.5741487404142047,6.955027967120498
-2.579850338030204,6.990277532101235
-2.5884263241213783,7.0188152291199275
-2.598530789052766,7.045807264699758
-2.608357390035461,7.070833459549376
-2.617554574315864,7.096197649607827
-2.6247737348189917,7.121128160600143
-2.629261775914528,7.145489097655553
-2.6309805398595043,7.168942345693704
-2.630923213223749,7.187208653848328
-2.6302460439828033,7.209817809358408
-2.629564570737833,7.235330233971555
-2.628698029597111,7.263305746015152
-2.626906064964309,7.286479650202469
-2.6238872343562583,7.307918438137112
-2.6194338807625237,7.329620237862124
-2.6152348708016784,7.343504081524413
-2.605657720712954,7.367583583046819
-2.598721341962664,7.380494699134408
-2.5890358010436447,7.393618387476258
-2.576331098740583,7.406027177321675
-2.559698790129354,7.418950162620558
-2.548199192273931,7.427164711408797
-2.539387596272986,7.433442243485953
-2.5299437499863986,7.440351851224949
-2.518318626647919,7.4489568225638365
-2.5103109564799873,7.4550321215162985
-2.5034565797181774,7.460291768410625
-2.496870953721863,7.465172741194991
-2.48458342245365,7.473402261054161
-2.467457690006275,7.48434045248778
-2.4554472686115623,7.492363218989116
-2.444081549789505,7.500705082672807
-2.430262207484408,7.5121401154778065
-2.416241568126063,7.524631728994132
-2.4022303838232175,7.53903197805306
-2.389294095185763,7.555615618567195
-2.377839199598419,7.573235452369138
-2.370446331761437,7.588215182265944
-2.364823757334758,7.604835950613498
-2.3621456060863655,7.61745861540854
