8.508529556892224,8.556258712754039
8.487744353124954,8.5443026471924
8.467488075040691,8.53226160332997
8.451876125729575,8.522586582262063
8.440163592869146,8.51499623895031
8.436765376381477,8.512697930475273
8.436379407931074,8.512428156669934
8.43637973616174,8.51242930962525
8.436378934723539,8.512428621921497
8.434413264579211,8.511055600602992
8.427200049356301,8.506020921540303
8.410799747799748,8.494575276047193
8.390448680716007,8.480793983128894
8.365330522690758,8.465778956077791
8.338407166905714,8.452234131755212
8.310660183588336,8.440563006480685
8.28246089354875,8.430159635267474
8.25971437787777,8.42237865239286
8.231014517094806,8.413431952006789
8.201942752217345,8.405646327183991
8.172468715045696,8.399566555128157
8.14275210700107,8.394821582630891
8.112747755703737,8.392098563600097
8.082736502996507,8.390853966137945
8.05288286805725,8.389155968034668
8.023176744928469,8.385721032657623
7.993641905857651,8.380942585175612
7.970047725940683,8.376539420059496
7.940404148573633,8.371596160865591
7.9108015349659215,8.366947268933115
7.881471513511891,8.361166709033231
7.852521257004839,8.35367952150781
7.823808595199008,8.345207062889727
7.795409578211739,8.335715983877302
7.772735312514947,8.327832357377764
7.744454625672575,8.317925597587362
7.716629523010003,8.306967692523731
7.689404099923157,8.294608841754346
7.66258931117593,8.28121927713742
7.635584059550246,8.26804822848098
7.61381237137071,8.257930794479806
7.586911296612554,8.244852002178076
7.560949464304632,8.230095326116663
7.5360691833181335,8.214187056415847
7.515186698583021,8.200308662137793
7.492328347181264,8.184834546816008
7.468216456056551,8.167551223204736
7.450768074890667,8.154952283634524
7.429616440639602,8.14027673434102
7.406765461279326,8.125930574580494
7.382917961463094,8.112477253257149
7.35930444572332,8.098724446282043
7.335437265325666,8.082577803329565
7.3164029977972245,8.068094099001318
7.293992706051305,8.049432331008624
7.273146576914992,8.03106238013922
7.251723508669128,8.01281263000781
7.229288184412976,7.99484060751151
7.205372927953332,7.976801629518568
7.181326127764079,7.9589526740393595
7.162317767227143,7.944708444295768
7.138698615847023,7.927069131919887
7.114488048766971,7.909256385359538
7.0899061162817665,7.892465988911904
7.068009337540325,7.87830856459649
7.052463744755708,7.868299401886397
7.030263573852384,7.853712911259989
7.006890238696046,7.838611230506586
6.9829135829467885,7.822368426690198
6.960131121866048,7.805639807763421
6.943849507670665,7.792915387574447
6.924525737657149,7.776330375117763
6.904256270682164,7.755982535807565
6.885889229260021,7.733425543213601
6.870243925695643,7.7112943686567625
6.855917741381638,7.689044777321661
6.842824990376463,7.666247150091392
6.8292151311680405,7.639659683287953
6.8177019423726986,7.614376381386527
6.807962227684723,7.59103939741733
6.800196197936937,7.570223939619145
6.791661591638511,7.543989869723738
6.783944964033825,7.515855900740205
6.777964171246043,7.486695222127886
6.774073167020911,7.457157182679902
6.771940804561677,7.428270239647671
6.770687644854846,7.405440033717813
6.768488472423891,7.376502654191999
6.765426278015119,7.346857009163557
6.761911280065775,7.317042839237393
6.758246181603518,7.287468984544022
6.754138850865029,7.257742552313522
6.749309772497078,7.228189422369653
6.745538499007457,7.204522566205154
6.741683217062087,7.174885261615895
6.739295330207908,7.145070155838727
6.737925203695616,7.121109926596335
6.735701391804374,7.09114319177241
6.732852613128721,7.061257998629573
6.729671063093612,7.031392923739739
6.725651498961778,7.001592542490081
6.720196933327036,6.971984708756058
6.71440864176726,6.948588908919437
6.705628988475644,6.919822528705141
6.696442275295503,6.891280567596043
6.688044263344313,6.862567110630504
6.680926341209848,6.833506624178762
6.674893269335436,6.8041842898988145
6.669759908040549,6.774682832696045
6.666131497635838,6.750970344507716
6.661500496838978,6.72131080010622
6.656373372900272,6.691714957058574
6.650720563783455,6.662222032134477
6.644965640359902,6.632809235523458
6.640082642808763,6.603293698689156
6.636664465157753,6.5735740952703114
6.634215907289972,6.543729370406643
6.632837477919023,6.5197991806305575
6.631399367803407,6.489846251982553
6.630236073032368,6.459906646618344
6.630424871749455,6.430046793848233
6.632930957762236,6.400317997922138
6.637826692732423,6.370875049294273
6.644938193070053,6.34187913551986
6.654068536644743,6.314588110129033
6.6631626161159705,6.293520247350515
6.6768389072080705,6.268364879568697
6.6929646097522175,6.24411644133043
6.708549325000912,6.222935851905074
6.723223649850141,6.203324124550725
6.738944108692587,6.181644808849614
6.75608725039787,6.157622874571941
6.773101088583495,6.133527858308394
6.786820561203645,6.1137190139227044
6.802908518293426,6.0893134812359575
6.817775891518194,6.06508650464272
6.833474076304152,6.039905004380584
6.849930596816366,6.01542281551806
6.86788408793803,5.992188130506762
6.887150977207723,5.9700496596663655
6.906325546068862,5.94765805657359
6.924293683296079,5.923969852480056
6.937799965416068,5.904174490345394
6.954225279629389,5.879362101113343
6.9716315366075845,5.855340717640224
6.991343722377702,5.832996136021166
7.012910589114504,5.81230647034901
7.035413115116172,5.792568224914255
7.053808741654846,5.7772019235921075
7.077049318233708,5.758272655970351
7.100703036082095,5.73994829322026
7.1252774447171685,5.722946766848388
7.150798684074516,5.7073483300110155
7.176834482587434,5.6925283111890925
7.203169331498041,5.678217576838697
7.2243389065063655,5.666929888334755
7.250937005810958,5.653058738609275
7.277451453964745,5.639018283315753
7.3040113663244925,5.625079534049213
7.330519331637843,5.611007497709693
7.351772020387167,5.59988880491551
7.378466807410529,5.586309223938776
7.4055797114551405,5.573639418563811
7.43286494504918,5.561977533127382
7.4591025637447785,5.551419652470229
7.483684655035725,5.541426988014773
7.504518154698532,5.533495201586358
7.532807885527955,5.523587151243575
7.560366514801295,5.5143012053958245
7.588181477412745,5.505615238399112
7.6168370049917815,5.497148174814916
7.63820380245695,5.490645538530996
7.665759075781241,5.481562278900771
7.694151445563731,5.471728162711286
7.722141848530719,5.46066446072965
7.749560151810591,5.448373608380384
7.77688312573737,5.436067612717169
7.803112250345265,5.424907069445686
7.830408325533276,5.413729521974846
7.85237595069027,5.404937408879714
7.87909720202233,5.393740614409292
7.90377273346305,5.382379339073673
7.927851402495883,5.369733760660899
7.951280256100545,5.354744009762464
7.974722369997301,5.335746172633812
7.996736327566303,5.315255149681362
8.0182924393213,5.294356197876382
8.035206294687544,5.277265424691978
8.055553349802711,5.2557091359179
8.071630666466,5.2378506673854845
8.087234993307055,5.2187389081184135
8.102289653985272,5.198496110257581
8.113542359858405,5.182838998939487
8.127931173666187,5.16271696092992
8.14089140357193,5.143554374080887
8.153421980804666,5.124460061455732
8.167197467613638,5.102932808828872
8.182503080645196,5.0789856062416705
8.198082617500283,5.054674177353347
8.213037879394914,5.030271058609946
8.227985329087332,5.004183743733419
8.241854858875842,4.9774859863908825
8.25218425558728,4.955777907224899
8.264497623681272,4.928361735194071
8.27588881384364,4.900548330846037
8.286342115785871,4.872349072457129
8.295341447722436,4.843605347496726
8.302017704533808,4.8141995814255845
8.306247917318222,4.786746876918811
8.309436204876436,4.760444902022004
8.311709562285793,4.7411227437041115
8.314737197595266,4.716399616956255
8.318684649434907,4.690717426063303
8.322671792774672,4.667508015642384
8.326794698677341,4.644969191679087
8.330760788082738,4.624103155807098
8.335090740225363,4.602351675148686
8.33961849015035,4.576281722770471
8.34310462046141,4.546376541016459
8.344228595514993,4.523938984842854
8.34374812098726,4.497393555724175
8.341731255389469,4.472676226626514
8.338343560675614,4.447503828853725
8.332418675588345,4.420671200781259
8.323786685324633,4.391958953843922
8.31585149386099,4.369254268226898
8.305432793001396,4.34109961465551
8.294645215524326,4.313075033014767
8.283712782714785,4.285425335976896
8.273074580662646,4.2586575632082875
8.261384522903793,4.231010039534315
8.248583996438873,4.203793319465634
8.2374816857045,4.182435874080013
8.222242567598947,4.156458724827327
8.205675178512244,4.131369716045978
8.188222563203528,4.1068846934881655
8.17046437702653,4.083367206092716
8.154818782458186,4.062904991326705
8.141062176809509,4.044970322976607
8.129585320578494,4.029956108279404
8.11743420099359,4.013013671428729
8.105968425171097,3.994779914501089
8.091750345761943,3.970043351405321
8.077675538504032,3.946483762298266
8.064595723967024,3.9272487169647743
8.047998849504827,3.906055926807004
8.031246504709515,3.886151478060469
8.0132741008207,3.864061113657803
7.998553475450969,3.8460071603719177
7.979101612412266,3.8240978254484386
7.958819951172033,3.8021927977784373
7.938646776143883,3.780018948983249
7.919161409807373,3.7580175404907767
7.900228390777272,3.7363621101048126
7.88066838393835,3.713928765786542
7.861995479783481,3.6911392297748993
7.849357187894188,3.673360766636702
7.83581950214653,3.651142638661555
7.8229433085595,3.6268508158438104
7.812015544186704,3.599981124341882
7.803122098639955,3.5716216295155583
7.794665056188237,3.5430000958745413
7.785600710279005,3.5144235041166505
7.77564121289216,3.4860717052381047
7.765334752144524,3.45790353821873
7.757510392457433,3.4352695095814414
7.748343589707233,3.406718090803469
7.739263029475244,3.379933544852627
7.731645786537258,3.360496607460158
7.726167434575708,3.3484405627401674
7.719707848486124,3.3353462897589976
7.711263379415419,3.3205976504345784
7.6998691942181665,3.302906385690284
7.689212613525895,3.2887150276967
7.673295681266089,3.270600047783213
7.6537304307017,3.2509835029215686
7.631663704240617,3.2322097945185297
7.608785905448023,3.2146506066530276
7.586362047872367,3.19851299327936
7.563292591543299,3.1829525136443224
7.540063307051997,3.1690199433695834
7.514548028167286,3.155353620677075
7.488445153270767,3.1438207349433274
7.46081406625797,3.1346049013823927
7.431812544357618,3.1267056684621326
7.408530728819421,3.1209146966870103
7.3812603063816224,3.1138598873760888
7.3533433145500195,3.106460079847425
7.3248600001841915,3.0989114381188005
7.296917536024272,3.090394881724975
7.2687441269932185,3.080311090524926
7.240976461911508,3.069115854351404
7.2142922725066265,3.0582905317551896
7.19509280477417,3.0509810445603667
7.167875515023675,3.042111691933967
7.13870327928458,3.034655552434958
7.109120054570345,3.029086127211405
7.079533531083141,3.024221107362148
7.050012126727986,3.0190300745110856
7.020715353378109,3.013022484748175
6.991766971661061,3.0054690181258032
6.968735860613767,2.9987838853727844
6.9399137801300395,2.9904652396722065
6.911277960305531,2.981679387329453
6.882562862256053,2.972812979518315
6.85345788449708,2.9652120680278697
6.824836046286387,2.9584772579162424
6.806869389525082,2.954415603403659
6.793163065122692,2.9514555003729024
6.789225378164599,2.950644155968574
6.7947730171788825,2.9516984647978486
6.805230961142575,2.9537474077591264
6.8143690460076,2.955761210426021
6.828388355242227,2.9592002808733744
6.8463143253978656,2.9639849676266774
6.856202108288982,2.966770652447314
6.862203282058898,2.968564356967172
6.858705783601305,2.9674206034990043
6.845782630701213,2.9629435246518026
6.824083540487129,2.9549613339562883
6.8054282134600985,2.9477419057041887
6.783150071674957,2.9385586252523326
6.759258555308405,2.9291722808255165
6.734825941983875,2.919782928544443
6.710459149080515,2.910023303488386
6.68507116600923,2.9005277704498513
6.661220348908016,2.8910989096736834
6.643060364582957,2.8833463944321758
6.619107316416378,2.8723722246644945
6.595702470968407,2.86074467261743
6.5705161830507794,2.8489941715983083
6.5439029204210115,2.837096260553281
6.516521451311817,2.8248055461812362
6.489107919530699,2.8126003073974357
6.461483067303914,2.800762901282589
6.433476972440623,2.790049504327424
6.4107949426476445,2.782076053059253
6.381983886071585,2.7723776821634094
6.354449895837188,2.7617808546895777
6.3284011860865945,2.7496924800614497
6.302314895815695,2.737372683075316
6.275478697158059,2.726501806256301
6.248446052842504,2.7173735756941864
6.221373400007852,2.709185857041515
6.19470016104123,2.7000978715581336
6.168522681532848,2.689669752554916
6.143306968835452,2.6773063407619664
6.11845769110513,2.663927989135127
6.093082269592896,2.6512922413134503
6.066464849933815,2.6412369631909263
6.038870403708414,2.6345546245426954
6.011039028550022,2.629580889020175
5.983652554594485,2.624456608798846
5.964742538708222,2.619833154388456
5.9434678387855016,2.6130141934266753
5.9208463902158055,2.602535785663245
5.896670097631848,2.5875055285090953
5.879928413966393,2.5749835647620434
5.865777110347602,2.561982240429783
5.849343669696676,2.5426917103010345
5.83420427362348,2.5206026737852563
5.820814668505183,2.4987811178498696
5.81024197134416,2.48159169425991
5.795262690011861,2.4583723902176593
5.779835508637829,2.4355906180110574
5.764049595308929,2.414519233007827
5.750653707895341,2.3987900802630007
5.738822220242165,2.387117060638496
5.721229440541394,2.3732614494302284
5.698087562830599,2.358843989628648
5.670680872917365,2.346332072054062
5.64234608018342,2.3364974662056284
5.6138980752254435,2.327407132435783
5.586011866925624,2.3171060940714003
5.559537646125692,2.303796436499732
5.534784426726123,2.28720893676565
5.511078426090204,2.2689227745586074
5.4920747552097735,2.254203828295826
5.4679615222630265,2.2363197320808044
5.443944119031231,2.2183766051129536
5.419965333922659,2.200330985975928
5.395673829300152,2.182641255438707
5.370726169997887,2.1658108710332655
5.344703361059363,2.150603282002656
5.317651705525028,2.137420234173704
5.295749410763856,2.1275307572493274
5.268714597979408,2.1162074121087793
5.243319130836834,2.106181059610921
5.222573080626756,2.0979376884703616
5.202141125580957,2.089164652727752
5.180587522273836,2.079177213111808
5.160201380942352,2.0693012894376452
5.144519705879239,2.062085974672218
5.127789537350063,2.0552557248491006
5.113783012781398,2.0502689931410747
5.095374235395557,2.044209128959293
5.070135478880677,2.0363610436540296
5.041625055737563,2.027995872444013
5.013491787042786,2.01910804622361
4.989417410816922,2.010521115866685
4.9681039498791755,2.0025028333157797
4.940987849461897,1.9917883944341155
4.9150397002776645,1.9808460018296314
4.887781177198452,1.9687392292770307
4.86095216816949,1.9569196948271697
4.8336471391836175,1.9461421461552828
4.805790522211665,1.9362340746018605
4.778855191822446,1.9258268278849573
4.752601638103907,1.9129876093437368
4.728417013461678,1.897497868789989
4.704897978196869,1.8804032737851284
4.680745832901726,1.8626013919815754
4.6614974886611655,1.8483320699001393
4.633719062673327,1.8259422123634306
4.617205511450422,1.811315319506742
4.597728301016083,1.792893997722962
4.577269110229303,1.7734062233158359
4.556320902482043,1.7539209729297642
4.533971836493821,1.7339375762582272
4.511499909735878,1.714075905607897
4.490145405600031,1.694341650235213
4.470832618462314,1.6757990598222914
4.453742569534717,1.6590673703220227
4.432649708341612,1.6377796605844404
4.412030481133999,1.6160541942723963
4.392108091184672,1.5940892018293964
4.373887478387731,1.573479158714011
4.356291489606828,1.552931566770818
4.336934107838579,1.5302898100141291
4.317116350790176,1.507710870820557
4.297089303284211,1.4858657825423367
4.278721408394798,1.4663652622990984
4.262770799135765,1.4497025215021844
4.241729143022561,1.42842710493869
4.220377946639661,1.4073011172251337
4.1982016721705175,1.3869499341367824
4.174817098009087,1.3679965565168768
4.1506543298306315,1.3501027575458011
4.126039744469928,1.332904575907338
4.106344717399585,1.319228583598834
4.0823881394365005,1.3013653393078055
4.059934453169086,1.281739344388098
4.039547899673229,1.2605429981659255
4.021285378508011,1.2397710679074778
4.002425673765062,1.2176831601381621
3.983522731381681,1.1944621395687773
3.9675087138709286,1.1733490498881198
3.9555982154206246,1.1567124460635299
3.9416620381616263,1.1368661031396732
3.927665359709761,1.1181132281203343
3.912829401427012,1.1001481665022057
3.896591850289495,1.0818434200987408
3.8788470223110547,1.061637407069417
3.860425232360821,1.0399275214180292
3.8413203567448067,1.017586676956284
3.822375707766838,0.9954602960920562
3.8034678950348018,0.9738978289851431
3.7856730885436574,0.953908530198536
3.7704141131126976,0.9363143201855815
3.761421156739824,0.9254152952957843
3.7487976053241003,0.9098676274376143
3.731148151991986,0.8876472821627892
3.7132881651941516,0.8650398232691086
3.694866812888892,0.8415979616819761
3.6765217024196395,0.8184316984590675
3.6605421664780797,0.7982393220769368
3.6456851937814676,0.7793817249135818
3.6286572103747083,0.7577310779047438
3.6132744815789897,0.739242172163286
3.593372649346581,0.7167255180676013
3.5736118370406706,0.6942532882863297
3.5554116503759663,0.6705947931440293
3.5384027679750045,0.6459646758060913
3.522319048723096,0.6207185249498964
3.5069698833169793,0.5949964239829667
3.492666417498638,0.5702059330286676
3.4774841751917314,0.5444314804285493
3.4650580306416,0.5240129876073117
3.4489404030968704,0.49894087122467146
3.432915476484964,0.47526853030126937
3.4201068306643814,0.45634866208961317
3.408715152149142,0.4400930183558401
3.397696150478911,0.4255991492371336
3.386698696234292,0.4114764052768281
3.37113512467966,0.39153273360409674
3.3544390467537797,0.36929315157414244
3.3391199634198623,0.34680372880857313
3.324295706959644,0.3224632430588584
3.3098740560873683,0.29629784419666133
3.2979662202316824,0.26903487377375596
3.2908072602934273,0.24628387982846703
3.2835990176154684,0.21735687307178275
3.2785072917053113,0.19075916569008225
3.2752234155890667,0.16723683012079216
3.272715897772993,0.14327705411468766
3.271212318290262,0.1242587557082201
3.2706192245864383,0.10040498725888079
3.271563103854705,0.07835454998326932
3.2735533097077676,0.058245555195489816
3.2762755359845173,0.03855294774611762
3.2805804234561298,0.015886346902055558
3.286045881451637,-0.00743594803424567
3.2910097311672284,-0.030998616664728116
3.2941504855620685,-0.05727289627790285
3.294619487971964,-0.0799792722665982
3.29369712421252,-0.10824141901570059
3.2927385982597146,-0.13529305173512493
3.292191836727266,-0.1650161074161082
3.292863047699908,-0.19218055499561662
3.2947604285538157,-0.2176785832114077
3.2988909767126096,-0.24707207968037126
3.304488545133496,-0.27648477574481206
3.3105275944899395,-0.30589673726135513
3.3151789236784124,-0.335674300251639
3.3172261230458977,-0.3596798626715373
3.3186426669727576,-0.38967199937434976
3.3198572562180177,-0.4196835271662675
3.320262609390395,-0.4497288544873438
3.319864264796923,-0.47978813775424733
3.3182066232917653,-0.5098219944123741
3.3157825326656205,-0.5397396580027588
3.3136680725755454,-0.5636581987912936
3.310897142542107,-0.5935339241417407
3.3080894835336427,-0.6234081535614096
3.3048701851384483,-0.6532784052094909
3.301286629939551,-0.6818486579326991
3.2984440415990095,-0.7078133271417925
3.296280248822534,-0.7349713307384235
3.2941044306583667,-0.7628272778859044
3.291742574132313,-0.784362852970494
3.2875257815697747,-0.8140280535724529
3.2819084845879214,-0.8435697976800046
3.275658052299714,-0.872923753986529
3.268865159970881,-0.902215627230002
3.262473923843882,-0.9254308111542224
3.2530214917991103,-0.9539407943486741
3.242946917638945,-0.9798857311446212
3.232679173035556,-1.0048469597308756
3.2240569577215594,-1.027414159536311
3.2171863979016067,-1.0485194798463662
3.2112359717517376,-1.0691117303206632
3.2041178579528804,-1.0918756561641432
3.193652170030058,-1.1193016269753735
3.183338248439507,-1.141115517242152
3.1695281682561007,-1.1661334709115798
3.15528834269751,-1.1900126870756846
3.1400864434015068,-1.215685743826439
3.1276719860835556,-1.238184611724573
3.115419989444173,-1.2620732953192282
3.105958682951387,-1.2824139241191501
3.0939263259366188,-1.3090477920352692
3.082097259649556,-1.3329657223352693
3.071454794862669,-1.3527316939958849
3.0602195590495938,-1.372982348889792
3.0497267453730577,-1.39149727871861
3.036665105339486,-1.4134208437056504
3.022468573040348,-1.4359631611308836
3.0077754553970255,-1.4590291053918214
2.9942027567110725,-1.4802074285723799
2.9811808738566734,-1.5015494196276025
2.970558092261224,-1.520330101011667
2.9586071812900987,-1.5422203447655443
2.946699758804412,-1.5630530040362411
2.9322782606166524,-1.5857096043292422
2.9144827668607425,-1.608880125687268
2.894134278499612,-1.6301942654093913
2.872982754816543,-1.6482209361504911
2.8550836516323885,-1.661496210178939
2.830258098285113,-1.6783647568640079
2.8042853944615227,-1.6935970721611329
2.7778800647000694,-1.7078532510305335
2.7514663630879626,-1.7221311127387897
2.730053630152399,-1.7330937691678867
2.7025975156279847,-1.7454546107892805
2.674609958805658,-1.7564449661345212
2.646452029443121,-1.7667896166403958
2.618628836544469,-1.777774205021473
2.591430152066491,-1.7902013634419522
2.564866302556889,-1.803906672727281
2.5390999296251033,-1.8191123240037057
2.520600554680474,-1.8306374731155404
2.4990072682050077,-1.8445826746913334
2.4797556477872402,-1.8570740088788011
2.457588026093754,-1.8710334537224138
2.435000794604147,-1.8847560956504712
2.413367931971338,-1.8972929737402604
2.387732942621866,-1.9110511265138739
2.3668472918359234,-1.9211249920402942
2.33934624737134,-1.933242276500238
2.311843745500592,-1.945171863879705
2.284391732377778,-1.957266927200669
2.25708991631908,-1.9695732001682327
2.232036835770999,-1.9821253867549469
2.2114652342605043,-1.993504272613518
2.1956879774689146,-2.003578910475237
2.1766544362336813,-2.0191343070544545
2.15889426244063,-2.0374637960253645
2.1417749578188072,-2.0570736909670098
2.124204588633574,-2.0765539656697016
2.102990876167693,-2.0970661944323865
2.079945795530046,-2.1164451772592288
2.056104400899655,-2.1346505580329067
2.032666173519792,-2.153155016156487
2.0150559756544695,-2.1691990514843
1.9942852245906206,-2.190728826072243
1.9738064991208855,-2.212652897928552
1.9533525280421304,-2.2346037259900418
1.9325807609789194,-2.2563050908088433
1.9113869970742208,-2.277580571136825
1.8942475302328408,-2.2943910433275603
1.872787777952257,-2.3148565512411157
1.8504044395643817,-2.334625697854371
1.8278415911573076,-2.3535963167366405
1.804555842329928,-2.372939178190153
1.7807495747390978,-2.3914372774057555
1.756480208115007,-2.4086752297938743
1.7315707171612686,-2.425413867304246
1.7120117786281115,-2.4391715083517043
1.6887917918101194,-2.4578101094856213
1.6682096033325893,-2.4764517588052053
1.6476629609191076,-2.4973951656186024
1.630770180261945,-2.5170545331037713
1.616058254005692,-2.536293467497497
1.60322075182395,-2.5555561835427962
1.5907748606879302,-2.5793867561772488
1.579663251452314,-2.6070087319499504
1.5730468505553947,-2.6299323786702455
1.5663162891338136,-2.659106476979214
1.559483031621167,-2.688385387214105
1.5508058188171623,-2.7172606185264994
1.542193310184844,-2.739764111991393
1.5305750301125738,-2.7674338228806636
1.5196236113551376,-2.7952905248149205
1.5092808127679909,-2.8229206092142056
1.50137876623247,-2.844166252144498
1.4950738881157557,-2.861563862774619
1.4914279905043677,-2.8722048494457457
1.487828609964478,-2.8828516006309814
1.483223921326852,-2.896649933411639
1.4779483234101312,-2.912731125272151
1.4732234641483402,-2.928091779916836
1.468204256793767,-2.946701970008344
1.463936014771823,-2.9649015317175773
1.458300320592246,-2.9902005237423306
1.4529514712482061,-3.0135545415879927
1.4476446172286521,-3.0356398862451726
1.4424433728001926,-3.059853114245142
1.4369047703701965,-3.087645931687997
1.4320773014284527,-3.115222719141263
1.4283364706116648,-3.1404482655028105
1.4252005549055573,-3.166146963508027
1.4227170148950892,-3.1888875450620677
1.4194061789452324,-3.218537129470581
1.416176227105082,-3.2482759221283386
1.4137548015485009,-3.2779383358712
1.4128380653605128,-3.3070271896338346
1.413078545334773,-3.3350982849006443
1.4141382584102897,-3.362687499480388
1.4154085716574478,-3.3846553207485788
1.4166515486196671,-3.4139027003576197
1.4164875256933287,-3.4439705987478306
1.4159278561466973,-3.4739560422115976
1.415383499436514,-3.50397617867483
1.4145589400973666,-3.533952070320553
1.4141385211505146,-3.5630453288188852
1.4137377760821064,-3.5920037062942596
1.4128737979550692,-3.6205644586316037
1.411324202119201,-3.644586257282981
1.4076356978884073,-3.6745050216981108
1.4013652334261828,-3.7038206665588196
1.3926641913519826,-3.732700378065191
1.381112843220949,-3.7605839314686036
1.3668820742304695,-3.787172441001057
1.3512752610103445,-3.8120097009938836
1.338618458603884,-3.830633502011468
1.323754049082081,-3.8520270200166693
1.3081854738992502,-3.874265671234493
1.2916554056992855,-3.899085305385465
1.2793047489821543,-3.9191528978926518
1.2645811305259043,-3.9434873540882798
1.2503203238317535,-3.9655049327048886
1.2360650499221013,-3.984396234554371
1.2192784122369749,-4.003420257396393
1.2007314966337055,-4.022642232047142
1.1807899428562558,-4.0436680979462505
1.1602052986135216,-4.065172871328209
1.1438695807485695,-4.081187269747451
1.1255694019774383,-4.098273382592194
1.1081428035471104,-4.1137377374054935
1.0884352511312088,-4.130488671011939
1.0653172674904956,-4.149216169636072
1.0415034540558568,-4.167488894692178
1.0181393475551037,-4.186160101755208
0.9958952410267294,-4.206102997293933
0.9746346840487111,-4.227190769424308
0.9580706895401035,-4.244475692026057
0.937798177744223,-4.266568663415316
0.9173825031796574,-4.28860038772991
0.8963817774614662,-4.310090775315907
0.8747302204123883,-4.330968867081507
0.8521196929785833,-4.350785566439232
0.8338924966594093,-4.366386288816053
0.8116489185597007,-4.386373449714134
0.7902316179651521,-4.407323193788677
0.7688767883674865,-4.428420801433875
0.7478163779427569,-4.448156801057522
0.7264742871400146,-4.46753857717306
0.707145408931887,-4.486556022404058
0.6909643255490934,-4.504287574022204
0.6769067149977326,-4.522779349444525
0.6644265481638483,-4.543859044385898
0.6548431273060749,-4.562794382618033
0.642312715022352,-4.5896544122160225
0.6311175821508244,-4.61730730204132
0.6219887857232782,-4.645754212708873
0.6139026578753575,-4.674502302197612
0.606822034189456,-4.7027728993366225
0.6000944122250218,-4.731190552449674
0.5934700452513361,-4.760574001547055
0.5876293354158024,-4.783900338012595
0.5798426649149035,-4.812903950690927
0.5709555012287625,-4.841688270675698
0.5593313160697155,-4.8695560993667675
0.5456565889431637,-4.894992587881655
0.5305401629033697,-4.918051105281306
0.5160950994609483,-4.936118225532899
0.49511440230773907,-4.955773687145895
0.4715646886877401,-4.971852906001153
0.44682506652552706,-4.985794516130378
0.42197068925109094,-4.9992642534012655
0.3979777296283736,-5.0139495817240505
0.38236533150978724,-5.0257231058173
0.365822680784188,-5.041761938330934
0.3508744165981732,-5.0594806216203025
0.335694002479832,-5.078683672253033
0.31702805712215265,-5.101942560490493
0.29756631482413665,-5.124838474795793
0.2775387658973179,-5.147231179375121
0.2580610084320339,-5.168885863827533
0.24145739518698223,-5.188559814001187
0.2247396773820245,-5.209659796003702
0.21270043166503705,-5.225047701238241
0.19777334732765317,-5.244259296873553
0.18205527475644784,-5.2634685916431145
0.16435068345238749,-5.282108705198656
0.14498336971370487,-5.299669907142096
0.1220284456506231,-5.318670281039807
0.09859718665107274,-5.33734324825371
0.07990807741389724,-5.3523421944817375
0.0562328811111779,-5.370754270373927
0.03318232767135041,-5.388796851832802
0.010093398332654345,-5.407242459350942
-0.012690005827719708,-5.426371145884988
-0.034447825568964606,-5.4467920604496145
-0.054050671003903546,-5.469208378491016
-0.06960594867405898,-5.491330648935743
-0.08347270655182057,-5.51501976773595
-0.09307725963224106,-5.533327131774914
-0.10618411890161499,-5.558652149981895
-0.1206345471521737,-5.585010806918949
-0.13599323413467118,-5.610834014217383
-0.15127214023094834,-5.636609306221855
-0.16600493849500042,-5.662702045656344
-0.18064498521299766,-5.688914321360718
-0.195914230618009,-5.7148058996681685
-0.21245110682180415,-5.739971239185617
-0.22924265244412176,-5.763016128245907
-0.2419158544615091,-5.77952258884382
-0.2590727431234047,-5.80006722157837
-0.2753370344964138,-5.817077356054335
-0.2937043690894009,-5.832587064110421
-0.31681807648726557,-5.846719345800723
-0.34134180158918803,-5.857543825601086
-0.36373344220776305,-5.8652983485307635
-0.38444706571095566,-5.871488668357616
-0.404991633236377,-5.876350566940776
-0.42288933312417176,-5.879125218840503
-0.4456501856918586,-5.881520826107387
-0.46831550716571246,-5.881740236156002
-0.4902964187411403,-5.879054707735605
-0.5118801495845515,-5.874674356373806
-0.5339332614742293,-5.86996667755799
-0.5598352817849049,-5.865623939929511
-0.5846304316398758,-5.863050148980529
-0.6040087771351128,-5.862541921176676
-0.6290426209695739,-5.864469493651369
-0.6549596288270502,-5.869367829407025
-0.680122369462923,-5.876077901393341
-0.7054944045610774,-5.886087806039703
-0.7302100515204469,-5.898411271262183
-0.7536902039628873,-5.910845119423324
-0.7745612993932391,-5.921825524260294
-0.7964006863086716,-5.932077885737165
-0.8217247629510936,-5.942812835427276
-0.8471331973654521,-5.952952731874602
-0.8665055968095109,-5.959884633443573
-0.8890516048531166,-5.966546919425361
-0.9111805970516711,-5.971931529857887
-0.9347394716126426,-5.977638337132547
-0.9603594126767022,-5.984837176823885
-0.9874267955524,-5.993960013484665
-1.0148602947097671,-6.004092124333666
-1.0427815355073926,-6.013194886834374
-1.0661936834108325,-6.018551164699729
-1.0960774317933013,-6.0224763241955035
-1.1260612034814297,-6.0248616410605615
-1.1562216785110513,-6.025160155876971
-1.1854021571579114,-6.022769153553602
-1.2107183909508934,-6.018441294687178
-1.2342386288270235,-6.012995386239665
-1.2572062060892009,-6.007115197711199
-1.271681657541002,-6.003114839808952
-1.290320016161624,-5.997347537672299
-1.3098090903343043,-5.990728605001728
-1.331564389517437,-5.982984745009678
-1.3587682115102766,-5.972955480366451
-1.385984440981739,-5.961466165390969
-1.4070411791475401,-5.950860202806096
-1.437878254826636,-5.934337631854886
-1.4589826018400982,-5.922863874394072
