1466.7256138267353
1466.75526499914
1466.7732009502474
1466.7947534769025
1466.7991415695456
1466.8031295165235
1466.8067176828647
1466.8170688775913
1466.821018674438
1466.8210341490874
1466.8210356404672
1466.8210362459417
1466.821037074313
1466.8210371760981
1466.8211574913603
1466.822715454356
1466.825640495461
1466.8310618946023
1466.841940902201
1466.8641616091875
1466.8863981077332
1466.9163399324962
1466.9405107323787
1466.9705670691442
1466.9910925225222
1467.0096111297016
1467.0210225002181
1467.0262066896892
1467.0273312886961
1467.0288228059248
1467.03061994098
1467.0329073913176
1467.0350236984534
1467.0373980845304
1467.0397876297957
1467.0419156295557
1467.0424653929158
1467.0425365801066
1467.0432189698392
1467.0436622176226
1467.0439483473424
1467.0441587341845
1467.0442203469763
1467.0444906032842
1467.045543937348
1467.0456356117838
1467.0459346015903
1467.046036469703
1467.046102485624
1467.046495475204
1467.0465374716046
1467.0466634446955
1467.0469887032848
1467.047074394077
1467.0473426271292
1467.0474546954836
1467.0475510322476
1467.0477530470503
1467.047877052681
1467.0480388549356
1467.0480477222225
1467.048111638116
1467.0481883373948
1467.0482017407119
1467.0482650579163
1467.0482727683748
1467.048338084901
1467.0483506406563
1467.048435342688
1467.0485291236178
1467.048543920465
1467.049014652409
1467.0490554876956
1467.049095033954
1467.0491400922967
1467.0491603004937
1467.0492094003216
1467.0494866145714
1467.0497275445712
1467.0497308526633
1467.0497367321855
1467.0502915581824
1467.0503442608738
1467.0504480283748
1467.0506052757482
1467.050615658233
1467.0508492936312
1467.0508904981973
1467.0513724527948
1467.051470923024
1467.0519770785797
1467.0521070301327
1467.0521091242845
1467.0525616013183
1467.0526070817712
1467.0531102547568
1467.0532151379455
1467.0536437859373
1467.053716223501
1467.0541624509056
1467.0548770936402
1467.0552037766474
1467.0553810769636
1467.055832057586
1467.0560426433574
1467.0563639199818
1467.057268965949
1467.0573678515855
1467.057660504365
1467.0579569988151
1467.0581076007113
1467.058504103931
1467.0587478177938
1467.059266181938
1467.0595798523289
1467.0598507142631
1467.0602178618003
1467.0602224311563
1467.0604265752777
1467.060720076584
1467.0608709698602
1467.0610787929982
1467.0613294277748
1467.0615592361041
1467.0619937682743
1467.0621016809819
1467.0623895940375
1467.0626220348636
1467.0627082483902
1467.062729018631
1467.0629827369557
1467.0632140855698
1467.0632197136915
1467.063469264262
1467.0635156050946
1467.063599106901
1467.0636723170512
1467.0637472317574
1467.06397828492
1467.064057288891
1467.064217647618
1467.0642790882619
1467.0644104499138
1467.06450507299
1467.0645781768096
1467.0648684852708
1467.0648711060692
1467.0650963215721
1467.0652636046952
1467.0654842241454
1467.0657843827366
1467.0658317735736
1467.0658337282296
1467.0660309251948
1467.0662594138316
1467.0662690646884
1467.0663093118876
1467.0664791571412
1467.0665355577892
1467.0665485360007
1467.0667809979225
1467.0668918287815
1467.066947563906
1467.067098159643
1467.067279909032
1467.0673713016486
1467.0673805539861
1467.0674449252222
1467.0676888524167
1467.0680013224492
1467.0681745806746
1467.0682681170424
1467.068432095146
1467.0685476778986
1467.0686246354314
1467.068800550787
1467.0689175942675
1467.0691049664129
1467.0692210831521
1467.0693928095473
1467.069493847778
1467.0695868386322
1467.0697056704971
1467.0698366923043
1467.0700046871832
1467.0701912369059
1467.0702617417555
1467.0703959483453
1467.0705323917657
1467.0706437204835
1467.070767843432
1467.0708418734494
1467.0709578758367
1467.0710517693747
1467.0711529978314
1467.0712621372504
1467.0714097198447
1467.0714732467043
1467.071567096506
1467.0716265243252
1467.071677986108
1467.071775941774
1467.071881384713
1467.0718988231895
1467.0719631776637
1467.0720529939956
1467.0721241679205
1467.0721709276424
1467.0722309927003
1467.0723266711827
1467.0723799062466
1467.0724429391157
1467.0724923036134
1467.0725544250588
1467.0726106162906
1467.0726655791218
1467.0727409867043
1467.0727761130877
1467.0728433949637
1467.0728939807345
1467.07295465675
1467.0729601035093
1467.0730554673883
1467.0730958393435
1467.073170594101
1467.073193820012
1467.0732825517402
1467.073315864059
1467.073354442683
1467.0733698926376
1467.0738594269492
1467.07405135901
1467.0743858745604
1467.0744808152956
1467.0745517527466
1467.0745543578128
1467.0745691268476
1467.0746227035631
1467.0746621950225
1467.0750660592169
1467.0756324849344
1467.0761542124637
1467.076323380425
1467.076329327522
1467.076412416044
1467.0764519625036
1467.0765046518209
1467.076529225215
1467.0766234176765
1467.0766919420448
1467.076799055251
1467.0768054340697
1467.0768371085044
1467.0768674330554
1467.076908562228
1467.0769866540227
1467.077018163246
1467.0770242935655
1467.0770400274653
1467.0772638661258
1467.0776171245186
1467.0777640393537
1467.0778307473054
1467.0778478040295
1467.0778807809127
1467.0778967582742
1467.0779589233887
1467.0779964066505
1467.0780542138264
1467.07814078723
1467.0781687173267
1467.0784808385702
1467.078745705018
1467.0789860397888
1467.0789879251356
1467.0790179704654
1467.0790215870545
1467.0790263637452
1467.079061305617
1467.079122971765
1467.0792145328192
1467.0792583273792
1467.079264933138
1467.0794098480624
1467.0795170448353
1467.079587699368
1467.0796011863342
1467.0796013610538
1467.0796095159264
1467.0796228579977
1467.0796808869127
1467.0800099705245
1467.0801155224794
1467.0801205297716
1467.0801351512307
1467.0801603534685
1467.0802467366377
1467.0802504113528
1467.0804225420352
1467.0804701888171
1467.0807476671432
1467.0814247678659
1467.0814917775292
1467.0817805086908
1467.0818645654365
1467.0819026971817
1467.081982214469
1467.0819945421954
1467.08208957566
1467.0821708623437
1467.0823089745263
1467.0824203269822
1467.0824403893207
1467.082476199077
1467.0825121712082
1467.0825664770991
1467.0825977419706
1467.0826531880844
1467.0826991235576
1467.0827343122455
1467.0827998080802
1467.0828272616768
1467.0828859691837
1467.0829170555087
1467.082962528372
1467.0832108831871
1467.0833667414065
1467.083416018519
1467.083801010838
1467.0843244431082
1467.0843433831271
1467.0843908963566
1467.0844029902416
1467.0844496607983
1467.0844663489722
1467.0845389506117
1467.0846040758934
1467.0846910356067
1467.084750856819
1467.0848093180523
1467.0850355917023
1467.0851896719143
1467.0854324063378
1467.0856487524723
1467.0857580016366
1467.0858083985931
1467.0858810135235
1467.085924662794
1467.0859393811238
1467.085986551235
1467.0860906489386
1467.0860940587033
1467.0861439498963
1467.0861633398779
1467.0867803521164
1467.086804987413
1467.086855138808
1467.0869127793385
1467.086976304039
1467.0870020899267
1467.0870580213775
1467.087102586383
1467.0872177926437
1467.0872728521904
1467.0872795247312
1467.087372641556
1467.0874532226308
1467.087482832083
1467.0874853687124
1467.0875052976821
1467.0875864312648
1467.0876066268343
1467.0876607469286
1467.0877147119247
1467.0877248174575
1467.0878363254592
1467.0880555485994
1467.0884407025787
1467.0885153253355
1467.0887231725683
1467.0887576928471
1467.088828777069
1467.088829042633
1467.088850100963
1467.0889286935515
1467.0890076188743
1467.0890218909426
1467.089086374057
1467.0891615758164
1467.089163202761
1467.0892502392687
1467.0896028351747
1467.090231353985
1467.0902869353597
1467.090293692027
1467.0903328938523
1467.090357598402
1467.0903626213083
1467.0903912607318
1467.0904702535063
1467.0905315486204
1467.0905992750395
1467.0911063013189
1467.09117600968
1467.0912003582664
1467.0912553622518
1467.0913096901181
1467.0913527739688
1467.0913682737498
1467.0913980379173
1467.0914518451846
1467.0915032084083
1467.091552417854
1467.091563043805
1467.0918209315619
1467.0921084963338
1467.0921430059866
1467.0921607047385
1467.0921902125672
1467.0921956190928
1467.0922525066244
1467.092347799486
1467.0924247914436
1467.0924666653355
1467.092493092942
1467.0924947843296
1467.0925686360456
1467.0925945877236
1467.0929567395256
1467.0934049981095
1467.0935497342273
1467.0939671672525
1467.0940579218923
1467.09407365658
1467.0941047117924
1467.09413632605
1467.0941898967594
1467.0942565328942
1467.0943111492754
1467.094332632733
1467.094449709946
1467.094505737665
1467.0945531043867
1467.0945762202366
1467.0948752422291
1467.0953738024834
1467.0954942525316
1467.0955231261846
1467.0955328653727
1467.0956630538885
1467.0959852329288
1467.0962923692418
1467.0966250080285
1467.0967857806197
1467.0968065100053
1467.0968421377863
1467.0968672882314
1467.096924042631
1467.097028788354
1467.0971669692742
1467.0971789188486
1467.0971950289481
1467.09722570653
1467.0972604572596
1467.0972991165747
1467.0973443761798
1467.0973591358843
1467.0974308081877
1467.0974914873148
1467.0976137548748
1467.0976768927962
1467.0977086345397
1467.0977174688155
1467.0977344923765
1467.098271581759
1467.098848254691
1467.0988960099953
1467.099180498796
1467.0992310001052
1467.0992611934455
1467.0993145880175
1467.099353345184
1467.0994384284845
1467.0994722421715
1467.0996863906785
1467.1000270709537
1467.1000999375572
1467.1001290479041
1467.1001539278147
1467.100157672652
1467.1003187593049
1467.1006771054233
1467.1007052934501
1467.1007396704829
1467.100833231758
1467.1009090459331
1467.1009223522972
1467.1009702093545
1467.101002145126
1467.101068575467
1467.1013247222454
1467.1014430690725
1467.1019448644622
1467.1020165759217
1467.1020271862053
1467.102100659104
1467.1021151345171
1467.1021604192706
1467.1022396518858
1467.1022849403744
1467.102318230308
1467.1023648541527
1467.102490535441
1467.1030510659677
1467.1030716747493
1467.1030815198405
1467.103133758009
1467.103179488318
1467.1031813050397
1467.1032606307028
1467.10336981295
1467.1034431448613
1467.103463860946
1467.103485021605
1467.1035089871273
1467.1035474791422
1467.1037010912432
1467.1040392230286
1467.10405338828
1467.1040646347974
1467.104065931707
1467.1042013078245
1467.1042337772587
1467.1042722677241
1467.1042838931994
1467.104389130876
1467.1044757072004
1467.1045057506033
1467.1045624931967
1467.1046171104604
1467.1046475144333
1467.1046642109793
1467.1046828170256
1467.1047392157875
1467.1047827075279
1467.1050531037677
1467.1051093525355
1467.1051500999993
1467.1051554331307
1467.1052384547097
1467.1053488062807
1467.10570356959
1467.1061831391282
1467.1062316699658
1467.1062739726026
1467.1062919102346
1467.10636065618
1467.1063719041947
1467.106384287855
1467.1066807896125
1467.1070632599956
1467.1074435823743
1467.1074927051866
1467.1075240086934
1467.1075885850232
1467.1076318764403
1467.1076783695576
1467.1077396464495
1467.1078042607046
1467.107855134859
1467.1078663837322
1467.1080341533016
1467.108224730442
1467.1087182983608
1467.1089901208186
1467.1094500921147
1467.1099181329942
1467.1099386188675
1467.1099453913498
1467.1099654959985
1467.1100290845463
1467.1100940399688
1467.1102057712153
1467.1102994271507
1467.1104487667073
1467.110525734104
1467.1106504481193
1467.1106806851635
1467.110728216415
1467.1107550267704
1467.1108217789729
1467.1108436471823
1467.1109026634285
1467.1109631439406
1467.1110110746695
1467.1110365739498
1467.111116135975
1467.1111231661298
1467.1114034386662
1467.1119354826171
1467.111975080326
1467.1119959258062
1467.1122202907043
1467.1123009075532
1467.1123013762463
1467.1123107223318
1467.1123720159258
1467.1123964532794
1467.1124490954198
1467.1124708377781
1467.1124984081036
1467.1125337195324
1467.1126768023844
1467.1127096129017
1467.1127122792193
1467.1127764685334
1467.113121722532
1467.1133524749428
1467.1135032408504
1467.1137131189296
1467.1139292506105
1467.1146406391385
1467.114832587844
1467.1149622705534
1467.115037160768
1467.1151225432634
1467.1151813025706
1467.1152051521087
1467.1153183422273
1467.1155100923988
1467.115775587649
1467.1159048251477
1467.1160370273342
1467.1160716098464
1467.116363671487
1467.116656897333
1467.1167682364307
1467.1167814665187
1467.1168135224807
1467.116868105226
1467.1168912374371
1467.1169917334494
1467.1170817663653
1467.117189698714
1467.117191068546
1467.1172189315757
1467.1172737416496
1467.1172819991198
1467.1173496019164
1467.1174792131585
1467.1179388528853
1467.117944837241
1467.11795024145
1467.117991316736
1467.1179976968444
1467.1180573696224
1467.1181286932215
1467.1181541920369
1467.118262207211
1467.1182781568803
1467.1183230909928
1467.1183860468107
1467.1184695916686
1467.1186262691353
1467.118668235548
1467.1187017790824
1467.1187537018939
1467.1188023128361
1467.1188123528188
1467.1188925850815
1467.1189822282458
1467.1190182863327
1467.1192760645738
1467.119407238196
1467.119623919818
1467.1196323671165
1467.1197387302475
1467.1197702691527
1467.1198048338654
1467.1198078748544
1467.119860092801
1467.11986550462
1467.1199397163427
1467.1200653587832
1467.1200735290367
1467.1202993958163
1467.1206920499687
1467.1211456993942
1467.1213917399823
1467.1215544561321
1467.1215720463367
1467.121916701093
1467.1223168260567
1467.1223454775595
1467.1223769361281
1467.1224302766443
1467.1225159605488
1467.1225236642547
1467.1225339445039
1467.1225495996825
1467.1226055184734
1467.122742815445
1467.1228064609227
1467.122873454174
1467.1228935308636
1467.1229318469827
1467.1229393468157
1467.1229561088167
1467.1230296804788
1467.1231939401894
1467.1232499909154
1467.1232532976117
1467.123323156745
1467.123382958309
1467.1236181353902
1467.1239245840877
1467.1239776959585
1467.1239845821751
1467.1240170029396
1467.1240469502743
1467.1240810098918
1467.124132872961
1467.1241364214343
1467.1242561202341
1467.1243121138195
1467.124410969566
1467.1244438590907
1467.124503801978
1467.1245197145815
1467.1245542920146
1467.1245775014697
1467.1246596104145
1467.1249149132186
1467.1250026146167
1467.1250319452124
1467.1251109647587
1467.1251311321691
1467.125416046051
1467.1257813567154
1467.1258447329462
1467.12613016121
1467.1261816897188
1467.1262213587934
1467.1262589701792
1467.1265465122317
1467.1268117373722
1467.1272366840337
1467.1272609688824
1467.127317048805
1467.1276187482679
1467.1276843863757
1467.1277548818234
1467.1277818395913
1467.1279926840239
1467.1280605171592
1467.1280682674292
1467.1281875161271
1467.1282589827424
1467.1285408791462
1467.1285887349975
1467.1288752149057
1467.128915341248
1467.1289175493073
1467.128946948032
1467.1290047004973
1467.1290281237477
1467.1291304221672
1467.129198448648
1467.1293097951218
1467.1293437257555
1467.1294157029786
1467.1297532866738
1467.130252466738
1467.1303093420302
1467.1303401343414
1467.1304797129867
1467.130697186247
1467.1308431552036
1467.130953021778
1467.1313562364367
1467.1314036170713
1467.1317851732472
1467.1320455053938
1467.1320697137137
1467.1321354017252
1467.132146760875
1467.132244572757
1467.1323575313736
1467.1323882452082
1467.1324159887115
1467.1324667908732
1467.1326305184327
1467.1326623686182
1467.1330481946457
1467.133474988635
1467.1338391267188
1467.1339124368335
1467.1345870956998
1467.1346828124988
1467.134834279965
1467.1348662530245
1467.134881806945
1467.134962268784
1467.1350439687824
1467.135149517732
1467.1352486660683
1467.1352865226015
1467.1353011507094
1467.135384027359
1467.135467568622
1467.1354953226212
1467.135560058898
1467.1355634514064
1467.135600357745
1467.1356019694392
1467.1356739531914
1467.1356934545995
1467.13570759402
1467.1361162600692
1467.1367572246756
1467.1367787997222
1467.1368033433573
1467.1368376774064
1467.136901622293
1467.1369305947098
1467.1369895960966
1467.137030004583
1467.1370603691835
1467.1371512996984
1467.13721220171
1467.1373150669815
1467.1373495793584
1467.1373500438879
1467.1374196127592
1467.1374715931959
1467.1374890934749
1467.137520846594
1467.1375649969732
1467.1376040112552
1467.1376137591524
1467.1376321484327
1467.1377142161964
1467.1377735886997
1467.1377791742989
1467.1378412526155
1467.137878870948
1467.1379472180533
1467.1379892460056
1467.1382026520148
1467.1383680047898
1467.1384358190653
1467.1384362674703
1467.1387917795114
1467.139292643219
1467.139710490073
1467.1399133514758
1467.1399885793933
1467.1400457761752
1467.1401269968107
1467.1401827295235
1467.140241627463
1467.1403757105375
1467.1404156112358
1467.1404496737212
1467.1404663932158
1467.1404949737885
1467.1405381809427
1467.1406058906878
1467.1406534921948
1467.1410050133636
1467.1413247327296
1467.1413478490686
1467.1413505324206
1467.141389553415
1467.1414627387385
1467.1414917444022
1467.141556518303
1467.1418814915444
1467.142179836818
1467.142200005887
1467.1422648051155
1467.1425256909374
1467.142873667774
1467.1430919184706
1467.1434286010867
1467.1438645350202
1467.1439840050953
1467.1440795201581
1467.1441745629413
1467.1448172386777
1467.1451842484162
1467.1455403074601
1467.1458687622921
1467.1459816776705
1467.146210455775
1467.1462684797077
1467.1463284557442
1467.1463452984738
1467.1464099317452
1467.1465101056326
1467.1465556763894
1467.146636556714
1467.1467303309898
1467.1467432527697
1467.1467480539895
1467.1468255399939
1467.146851793644
1467.1468761052206
1467.146914526179
1467.1469625426982
1467.1470302222465
1467.147526358911
1467.1475470552787
1467.1475930483346
1467.1476699333052
1467.1478028357362
1467.1479053731475
1467.1479658258268
1467.1479721516823
1467.1480343223639
1467.1480770511687
1467.1480828378503
1467.1481134125295
1467.1487014840682
1467.1492340330199
1467.1498033605399
1467.1498343844748
1467.1501656005037
1467.150221445971
1467.150255136373
1467.1502802495042
1467.1504170842968
1467.1505538012495
1467.150677195167
1467.150795828221
1467.150835859743
1467.150963146705
1467.1510407487922
1467.151109251449
1467.1511710003454
1467.1512336762921
1467.1513129341613
1467.1513624834
1467.1513768866507
1467.1514422033738
1467.1515162464727
1467.1516210568336
1467.1516569911219
1467.1517304028864
1467.1518450776525
1467.1519053202974
1467.151950062675
1467.1520707838176
1467.1521369163727
1467.1522368858116
1467.1523235394866
1467.1523460245362
1467.152492445657
1467.152523671529
1467.1525458527788
1467.152562355018
1467.1525892187242
1467.152753641906
1467.1529713650752
1467.1533222361577
1467.15372815703
1467.1538863773667
1467.1542116786413
1467.154326120606
1467.154356696311
1467.154737223262
1467.1548754320397
1467.154950478109
1467.1549834362584
1467.15515623384
1467.1556157338964
1467.1559419840808
1467.1561158131267
1467.1564864778209
1467.1567284028515
1467.1570473014183
1467.157175553829
1467.1572455076732
1467.157604941339
1467.1576295480827
1467.1577745472555
1467.1580585304982
1467.1582189357237
1467.1582411744516
1467.1583787168001
1467.1585758610604
1467.1590092854674
1467.1590161030267
1467.1592874859916
1467.159392283655
1467.1596024210558
1467.159764211396
1467.1599289458568
1467.1599728686438
1467.1600873541117
1467.1602381484272
1467.1604236065727
1467.1605692015855
1467.160728964103
1467.1609388970605
1467.1611284761561
1467.161148413512
1467.1611626897052
1467.16132304992
1467.1615732375649
1467.161747959997
1467.161790832389
1467.1619643106314
1467.1621311342426
1467.1623133231321
1467.1624878197376
1467.1625931020583
1467.1628378134437
1467.1629278699695
1467.1630710160446
1467.163176998627
1467.1632180712716
1467.1635006679064
1467.1636039864266
1467.163731861474
1467.1638663517808
1467.1642159787702
1467.164258866974
1467.1643578524388
1467.1644505764446
1467.1645209652122
1467.1645420257903
1467.1645888154414
1467.1645922532832
1467.1647617056515
1467.1651105310991
1467.1652287833742
1467.1652811076638
1467.1652892998607
1467.1653895576057
1467.1654209675894
1467.1654632158204
1467.1654891595545
1467.1656334656598
1467.1658810009426
1467.1664694968824
1467.1665544145872
1467.166604728545
1467.1666462626786
1467.166660145093
1467.1666783597677
1467.166743585787
1467.1668313159205
1467.1669567367117
1467.1670095225911
1467.1670511800096
1467.1671076848559
1467.1671200050396
1467.1672036271952
1467.1672291169873
1467.1672812452896
1467.167296403821
1467.167303972781
1467.1678514886098
1467.168540116652
1467.1688588016732
1467.1694344228827
1467.1696277200433
1467.1700134311
1467.1700523585505
1467.1701121377234
1467.1703078910787
1467.1704561224992
1467.1705087142082
1467.1706246244319
1467.1707641670434
1467.170825880803
1467.1709581050702
1467.1709788800122
1467.1710683119331
1467.1711190617018
1467.1712534180456
1467.1714212230268
1467.1714778167936
1467.17152398532
1467.1715399808165
1467.1716221140516
1467.1717308651048
1467.1717666765535
1467.1717690876578
1467.1718141652166
1467.171865347
1467.1719070166841
1467.1719279139309
1467.172052591867
1467.1721299524577
1467.1722280714675
1467.1722364442164
1467.1723173687947
1467.1723676867177
1467.1724096853004
1467.172445222999
1467.1724833845842
1467.1725612796893
1467.1726296927905
1467.1726727402795
1467.1727432380972
1467.1727709862914
1467.1728016289119
1467.1728508159729
1467.172873235214
1467.1730828375348
1467.1731863630748
1467.1732077529905
1467.173237557139
1467.1732839563247
1467.1733294504281
1467.1734174802734
1467.1734458493404
1467.1734752932657
1467.173548309515
1467.1735684925102
1467.1736122957072
1467.174012841722
1467.1740410702757
1467.1741202130108
1467.1741304115903
1467.1741874383906
1467.1742644090734
1467.1742832804123
1467.1742975217082
1467.1743674800855
1467.174380139006
1467.1743897149065
1467.174489769744
1467.1746418692253
1467.1747652215802
1467.1752236933964
1467.1754310454623
1467.1755497878219
1467.175555032031
1467.1755874023581
1467.1756225020054
1467.1756434670533
1467.1757079882702
1467.175920736065
1467.1760847823032
1467.1763600957006
1467.1763637054087
1467.1763724543196
1467.1763739097798
1467.176431297179
1467.1764499434094
1467.1764801638358
1467.17650148858
1467.1767489796468
1467.1769614871766
1467.1773344115145
1467.1775220030934
1467.1775676114974
1467.1776209909551
1467.1776978966354
1467.1777082062613
1467.1777665312948
1467.1778813428227
1467.1779556871293
1467.1779991182434
1467.1780576029998
1467.1781002885684
1467.1783677484987
1467.1788998092663
1467.1789758584596
1467.1789887069554
1467.1790031173512
1467.1792052119833
1467.1797472032613
1467.1798255008966
1467.1799151410223
1467.1799644427049
1467.179995425617
1467.1800221238177
1467.1800332473122
1467.1800799156806
1467.1801320083496
1467.1802486857393
1467.1803069506655
1467.1803753043914
1467.1804156311196
1467.180457843074
1467.1804669002245
1467.1807125533135
1467.1810175926287
1467.1813522825496
1467.1814483612193
1467.1820098680714
1467.1820357103372
1467.1822793648664
1467.1827074740484
1467.1827512894938
1467.1827977805667
1467.1827991034952
1467.1829051769994
1467.1829962827876
1467.183019804117
1467.1830863468235
1467.18314186289
1467.183146643894
1467.1833104229013
1467.1836746669715
1467.1837004351405
1467.183713148894
1467.1837528933936
1467.1837532606633
1467.1838119928009
1467.1838201031787
1467.183869081864
1467.1839806700477
1467.1840718871147
1467.184116296286
1467.1841237881922
1467.1841460712294
1467.1841728478132
1467.1842900596553
1467.1843342498512
1467.18439180309
1467.1844552078571
1467.1845567825144
1467.1846906869603
1467.1847180468753
1467.1848898449057
1467.1850262863802
1467.1850436068573
1467.1850709534785
1467.1850855986734
1467.1851020498868
1467.1851550881092
1467.1852183537471
1467.185303346053
1467.1858065545698
1467.1861558088567
1467.186210747058
1467.1862479160502
1467.1862901792372
1467.186299120453
1467.1863601274492
1467.1864099703712
1467.1864108809432
1467.1865183066166
1467.1865586932072
1467.186851480122
1467.1874857189682
1467.1874919563031
1467.1875053843648
1467.1875193833623
1467.1875427283262
1467.1875987956355
1467.1876277916172
1467.1877294986598
1467.1877609497615
1467.1877756649717
1467.1882766224505
1467.189017942725
1467.189040845993
1467.189043085368
1467.1890874539263
1467.1890905523267
1467.1891459467727
1467.1892771839669
1467.189405587097
1467.1894954572062
1467.1895549647447
1467.1895744725218
1467.1895811000757
1467.1896370010393
1467.1896681817768
1467.1896719631436
1467.1897134983526
1467.1902428416433
1467.1910017144542
1467.1914046882132
1467.1915381481247
1467.1917919815824
1467.19249558645
1467.1925100427213
1467.192573519987
1467.192595787383
1467.192673682253
1467.1928268946417
1467.192935192649
1467.1929947245762
1467.1931159928974
1467.1932242748896
1467.193278283612
1467.1933315527085
1467.1934359310164
1467.1935171711752
1467.1935220832431
1467.19353763965
1467.1935857050587
1467.1936256175077
1467.1936728499177
1467.1937321145244
1467.1938056757178
1467.1938652874294
1467.1939115844004
1467.1939653626266
1467.1940682715353
1467.1941019783435
1467.194115909732
1467.194137069533
1467.1943798900083
1467.1946977728576
1467.1951625408499
1467.1952282597244
1467.1952806231313
1467.195364290201
1467.1953706672907
1467.195444871131
1467.1954503002237
1467.195546621981
1467.1955818458339
1467.1956540418935
1467.1956544869906
1467.1957741200958
1467.1958876198528
1467.1959375853082
1467.1959719897125
1467.195980524459
1467.1959954704112
1467.1960046889888
1467.196013217837
1467.1960981635618
1467.1961547776016
1467.1961606524674
1467.1962231390135
1467.1962279749866
1467.1963303359712
1467.1965931903082
1467.1966537327828
1467.1967176211265
1467.1967745405348
1467.1968108256026
1467.1968178366853
1467.1968333787934
1467.1971927365096
1467.1975860236785
1467.197587934233
1467.19765105651
1467.1977154066979
1467.1977220551644
1467.1977440205876
1467.1977854186105
1467.1977922430738
1467.197992325307
1467.1982490051996
1467.1984069853418
1467.198553779526
1467.1988137648557
1467.199280753984
1467.1993511765631
1467.1996169408644
1467.1999097291355
1467.2000526995507
1467.2002749626802
1467.200460372601
1467.200539516962
1467.2005971419796
1467.2006833618152
1467.2006897925962
1467.2007357565667
1467.2010323280854
1467.2012706471362
1467.2016435689752
1467.2021135830953
1467.2023738649618
1467.2025000344217
1467.2025696064409
1467.202953063356
1467.2032716802778
1467.203732595379
1467.2042333095865
1467.2046331621457
1467.204991994629
1467.205137653867
1467.20517841062
1467.2052849312254
1467.2055114753623
1467.205618454266
1467.205782320785
1467.2063641642885
1467.2068964356874
1467.20689744025
1467.2073335795576
1467.2075730893127
1467.2077404785905
1467.2079519619522
1467.2081790852253
1467.2084646402434
1467.2086011667122
1467.2086594810403
1467.2087385510436
1467.2087892441186
1467.2088357887671
1467.208895319425
1467.2089714942522
1467.2090765063685
1467.2091778271736
1467.209244828496
1467.209258486855
1467.2093018822563
1467.2093241459042
1467.2093471398462
1467.2093644230356
1467.2094154777997
1467.209478865698
1467.2095436946443
1467.2096378470499
1467.209688078058
1467.2097270465856
1467.2097486184202
1467.209795299376
1467.210174602932
1467.2101821855779
1467.210233981484
1467.2102944833528
1467.210340960594
1467.210384436778
1467.2104365077648
1467.2104765178576
1467.2105449349888
1467.2105482479035
1467.2106064139218
1467.2106111706958
1467.2106562798613
1467.2107022084374
1467.2107070613547
1467.2107536803062
1467.2107609048994
1467.2109736840061
1467.2114972015925
1467.2118422010487
1467.2119708248708
1467.2119784546956
1467.212020332432
1467.2121322958226
1467.2121441796294
1467.2121925875142
1467.2122290630425
1467.2122516909287
1467.2122784971095
1467.2123101320005
1467.2123388869736
1467.212347077148
1467.2124646319812
1467.2128335517534
1467.2129067137398
1467.2132806103969
1467.2133406477226
1467.2136339819797
1467.2138795844508
1467.2141383641333
1467.2141965767958
1467.2142095418162
1467.2142638707326
1467.214329940364
1467.2143624735331
1467.2143779992132
1467.2147227946227
1467.215219160414
1467.2152813901575
1467.2153245903226
1467.2153726486933
1467.2153893503312
1467.215402415495
1467.2154357714198
1467.2154591780618
1467.2154863556575
1467.2156883275784
1467.215869860656
1467.2159721566627
1467.216008526034
1467.21603302693
1467.21607682404
1467.2164627601023
1467.2171437387863
1467.2172182400539
1467.2175149769428
1467.2175670628744
1467.2176334642304
1467.2176823222824
1467.2177312901288
1467.2177643609855
1467.2178722875742
1467.2179804316622
1467.2180302059442
1467.2181250409326
1467.2181601689435
1467.2181984133122
1467.2182273496385
1467.218253168433
1467.2182975248395
1467.2183130763785
1467.2184070126464
1467.2184445927949
1467.2184644888991
1467.2187677230218
1467.2189297642826
1467.2193666176934
1467.2194357909304
1467.2197097477235
1467.2198072367926
1467.2198961720042
1467.2202923527877
1467.220695446645
1467.2209230122837
1467.2211734971565
1467.2213409292883
1467.2215199926984
1467.2215268672019
1467.2215754615486
1467.2216866554247
1467.2217284269636
1467.2217294994387
1467.221755258929
1467.2218880549115
1467.2220900591853
1467.2222691901845
1467.2224720220893
1467.2226722023245
1467.2226880974035
1467.2227247973688
1467.2227256287306
1467.2227651746969
1467.2228543088784
1467.2228968151624
1467.2228971814627
1467.2232686437558
1467.2240252995177
1467.2240291061903
1467.2240691520467
1467.2240782079443
1467.2241373229033
1467.224190576402
1467.224231899251
1467.2242434846428
1467.2243431857457
1467.2243832449567
1467.224422536282
1467.224438321417
1467.2246223459986
1467.224729215042
1467.2249927883192
1467.2250173600598
1467.2250363368698
1467.2251091001272
1467.2253905079262
1467.2260206630813
1467.22619930184
1467.2263637863452
1467.2267020539964
1467.226760448627
1467.2269227875747
1467.2269809111012
1467.2270439358967
1467.2271034404832
1467.2271296918009
1467.2271717665988
1467.227243784473
1467.227270337636
1467.2273372131951
1467.2273386148265
1467.2275525934456
1467.227752414167
1467.2278106540787
1467.2278591064082
1467.2279449803066
1467.2279729649017
1467.2280663473412
1467.2281964237588
1467.2283186115405
1467.228422396365
1467.228662055854
1467.2288501664545
1467.2289529061154
1467.2292347218427
1467.2297305013833
1467.2299058741905
1467.2300474798967
1467.2301865819752
1467.2303879653123
1467.2306209886337
1467.230768920453
1467.2309864876056
1467.2310921093099
1467.2311740946534
1467.231317207359
1467.2315561107855
1467.2318487610146
1467.231875694184
1467.231926668276
1467.2319510457437
1467.2320307160194
1467.2322619623721
1467.2325439303868
1467.2325590718056
1467.232647342653
1467.232758010156
1467.232852770417
1467.2328740732626
1467.2329578185372
1467.2330304724098
1467.2333010829132
1467.2335347551557
1467.2336053593535
1467.233709934397
1467.2338005964925
1467.2340934159279
1467.2344452935602
1467.2346207234777
1467.2346959211957
1467.2347447897625
1467.2347815236471
1467.2348370738796
1467.234841976871
1467.2349935051004
1467.2351171766443
1467.2352036060329
1467.23528848649
1467.235440418352
1467.2354995118683
1467.2356632993021
1467.2359521576732
1467.235980233461
1467.2361543277366
1467.2363392215543
1467.2364688670903
1467.2365846704568
1467.2366291258575
1467.2367127039636
1467.236775422424
1467.2367877966406
1467.2368304493154
1467.2368775614216
1467.2369207556978
1467.2369580812021
1467.2369915711681
1467.2370520200138
1467.2370695588688
1467.23714552154
1467.2371665709777
1467.2372054013738
1467.2372564180375
1467.2373334648457
1467.2374529407134
1467.237487024005
1467.237550898344
1467.2375715365947
1467.2376084372256
1467.237619363043
1467.2376244859342
1467.2376673982722
1467.2382821075093
1467.2386380256942
1467.2386850955204
1467.2386950561217
1467.238750259746
1467.2388282869251
1467.2389019634545
1467.2389875265403
1467.2390228309287
1467.239059278212
1467.2390954877596
1467.2391177687482
1467.2391509383735
1467.2391937102461
1467.239210077902
1467.239263831657
1467.2393526052178
1467.2394012096327
1467.239448969729
1467.239498546548
1467.2395208665464
1467.239540203557
1467.2395676603348
1467.23960178154
1467.2396178287388
1467.2397436776482
1467.2403629772384
1467.2408756556333
1467.2410863995447
1467.2412326385231
1467.241247322396
1467.2413168921946
1467.2413292947601
1467.241373602342
1467.2414264975614
1467.2414906923639
1467.2415441674018
1467.2420153962314
1467.2423033232055
1467.2425605629699
1467.2428784035396
1467.2430332873926
1467.2431470686408
1467.2432003564086
1467.2432685026795
1467.2434137040902
1467.2435052376625
1467.2435659348498
1467.2436878032554
1467.2437540243045
1467.2437602847945
1467.2437917780742
1467.2438704949564
1467.2439076534126
1467.2439372004192
1467.2440001810733
1467.2440849629593
1467.2440928041447
1467.2441234560083
1467.244193232586
1467.2441940680335
1467.244300803929
1467.2443803911701
1467.244425260866
1467.2444562668434
1467.2444788617936
1467.2445515308898
1467.2445919187298
1467.2447460175085
1467.2450150636105
1467.245040295255
1467.2450619343642
1467.2451079491357
1467.2451421342307
1467.2453007108031
1467.2455194671256
1467.245536693565
1467.2456284700343
1467.245655830339
1467.2457059460921
1467.2457194011524
1467.2457317875078
1467.2458007966313
1467.2460122411028
1467.2463813527813
1467.2466330371774
1467.2467579808174
1467.2468082035311
1467.2468194652972
1467.246859303801
1467.246876992771
1467.246926133537
1467.247014075639
1467.2470462140218
1467.247088323064
1467.247139518849
1467.2471676044697
1467.2472259458916
1467.247239323661
1467.2475165373253
1467.2480299889764
1467.2483665418902
1467.2484426932274
1467.2485203951742
1467.2485611778375
1467.248599881282
1467.2486330554507
1467.2488380548505
1467.2489067793788
1467.2489646440208
1467.2489709724375
1467.248984353069
1467.2493125611513
1467.2496984804463
1467.2500054295442
1467.250063797125
1467.2503572517119
1467.2503915876985
1467.2504301600022
1467.250439788608
1467.25045745708
1467.2505685492904
1467.2506197731454
1467.2506907502732
1467.250694963222
1467.2509816057689
1467.2513142156236
1467.2513681110386
1467.251405512066
1467.2514264814113
1467.2518111398294
1467.2523423285309
1467.2523894805508
1467.2524378627222
1467.2525601329253
1467.2525647842958
1467.2525922808488
1467.2526383085274
1467.2526571735714
1467.252743468064
1467.252817406205
1467.2528372415834
1467.252924095151
1467.2534101922138
1467.2537928135064
1467.2541331879074
1467.2542576318115
1467.2546471073579
1467.2547837274763
1467.2550674275483
1467.255291144876
1467.2553206020616
1467.2556461928843
1467.2562116517345
1467.2564500378653
1467.2564857278824
1467.256623004964
1467.25671206936
1467.2567395373476
1467.2567449661258
1467.2568487747592
1467.2569384065926
1467.2569436419376
1467.256966860514
1467.2570313516617
1467.2570350968679
1467.2573861589854
1467.2581371973301
1467.2584808676575
1467.2586657195418
1467.25869365085
1467.2587525312738
1467.2588046221022
1467.2588874828732
1467.2589447378346
1467.2590109635705
1467.259077137343
1467.2591956572214
1467.2592598545475
1467.2592871299512
1467.2593498846622
1467.2593586704584
1467.2593751946451
1467.2595558721996
1467.2597188737934
1467.2598773408022
1467.259889284368
1467.2598959281675
1467.2602868528872
1467.2608060653124
1467.2609911027862
1467.2610821084168
1467.261128294598
1467.2611852015089
1467.261189289104
1467.2615660619044
1467.261581998357
1467.2620321126417
1467.2621616983615
1467.26217473508
1467.2622254659068
1467.2622755295386
1467.2623140452126
1467.2623190729773
1467.2623587216908
1467.2624993852808
1467.2626462958758
1467.2626945999718
1467.262727078376
1467.262744064477
1467.2627534216372
1467.2628879477502
1467.2631196569482
1467.2633343625719
1467.2637677737698
1467.2638970416883
1467.2640949426427
1467.264473799851
1467.2649619744823
1467.2650520610164
1467.2650596080898
1467.2653287880723
1467.2655720994487
1467.2656319256314
1467.265993499201
1467.266247661389
1467.2664823612583
1467.2668718034975
1467.2668906097394
1467.2670065487825
1467.267142598849
1467.2672702913185
1467.2673694272962
1467.2674413552495
1467.2674618942094
1467.2676517205716
1467.2684420823978
1467.268479178597
1467.2685358937279
1467.2685699951812
1467.2685987642903
1467.2686301613371
1467.2686428173417
1467.2686531490706
1467.2687319459633
1467.269063665415
1467.2697882619373
1467.2699454751967
1467.2699720171556
1467.2700264489113
1467.2700524012223
1467.2701011904176
1467.2701049157151
1467.270157356325
1467.2701936396568
1467.2706080419935
1467.2712007182888
1467.271202002835
1467.2712162289376
1467.2712404182855
1467.2713835426994
1467.271393294775
1467.2714533350904
1467.2714588095503
1467.2715517696072
1467.271595130887
1467.2717232077578
1467.2718168821707
1467.272185338267
1467.2727905433435
1467.2728329557272
1467.2733538047405
1467.2734017920352
1467.2737130710204
1467.2742983005091
1467.2743454323702
1467.2744591972346
1467.2744885326208
1467.2745986031352
1467.274660917354
1467.2747159301575
1467.2747583873468
1467.2747733059225
1467.2748157557999
1467.274895242985
1467.2752659855705
1467.275374767251
1467.2753931626023
1467.2754169274044
1467.2754483648907
1467.2755246286658
1467.2755309713543
1467.275558577968
1467.2756593900551
1467.2757083396123
1467.2757423661365
1467.2757445601849
1467.2757715021005
1467.2763233736266
1467.276422301221
1467.2764704420274
1467.2765196480364
1467.2765842356614
1467.2766333794302
1467.2766497463522
1467.2766557597179
1467.2769384394962
1467.2771087662418
1467.2771640460005
1467.2771886524622
1467.2772118995292
1467.277227140967
1467.2775712001935
1467.2781218451676
1467.2782052441107
1467.2785166293
1467.2786832902848
1467.278715103263
1467.2787171232394
1467.278882487608
1467.2789352137447
1467.2789633847271
1467.2790632150527
1467.279127213419
1467.2791884042758
1467.279250134293
1467.2792821796115
1467.279320026577
1467.279361512964
1467.2794048940966
1467.2794080693564
1467.2796263116354
1467.2798320708293
1467.2798561355364
1467.2799647904058
1467.28013535599
1467.280362296754
1467.2805819373498
1467.2805944500542
1467.2806444991988
1467.2806528207936
1467.2807146800703
1467.2807975728247
1467.2808789770036
1467.2809374635517
1467.2810112320783
1467.281065546467
1467.2812398259098
1467.28125757656
1467.2812656633591
1467.2813083908784
1467.281354376029
1467.2814303661119
1467.2814697659783
1467.2815331147578
1467.281630786635
1467.282049100902
1467.282854322973
1467.2829015328484
1467.2830418826086
1467.2830541943422
1467.283111226978
1467.2831331870482
1467.2831440277857
1467.283198279247
1467.2832863570702
1467.283288979795
1467.28331637484
1467.2834626396896
1467.2837109558632
1467.2840007564055
1467.284281410268
1467.2845717024175
1467.284660574265
1467.2846832215982
1467.2847506674755
1467.2847569476755
1467.2848585159104
1467.284967232797
1467.2850408101813
1467.2850760951342
1467.2851026804694
1467.2851276821596
1467.2855050135292
1467.2855221268157
1467.2855590198008
1467.2855655971416
1467.2855958841278
1467.2856110584291
1467.285712929582
1467.2861520913275
1467.2866819750766
1467.2867626676982
1467.2870106518317
1467.2870379005371
1467.2871262012202
1467.287167955221
1467.2873070707244
1467.28737721197
1467.2874804854735
1467.2876166158746
1467.2876463158375
1467.2876867079924
1467.2876921692957
1467.2876993477582
1467.287799021237
1467.2878739749451
1467.2879281138469
1467.2879741298807
1467.288019939225
1467.2880889788555
1467.2881138576647
1467.2884670041626
1467.2885395651508
1467.288773868899
1467.2890079146946
1467.2893020352683
1467.2894268585287
1467.2894612927
1467.289503068974
1467.289560954855
1467.2896187568301
1467.289680537499
1467.2897030824108
1467.2897310556489
1467.2897499718522
1467.2897678437198
1467.290095695101
1467.2902430363786
1467.2903808391127
1467.2904512896523
1467.2904867819739
1467.2905014422506
1467.2905287466613
1467.29054819774
1467.2905964977597
1467.2906024581646
1467.2908912027942
1467.2914015974561
1467.2914211994969
1467.291457769196
1467.2915152913902
1467.2915766281264
1467.291613450609
1467.2916564461989
1467.2917165576719
1467.2917971771049
1467.2918446146355
1467.2918484881056
1467.2922006365964
1467.292643872033
1467.2927321537943
1467.2927760524053
1467.292816516979
1467.2928278607048
1467.2928714920497
1467.29291060652
1467.2932241201463
1467.2932646420086
1467.293491241092
1467.2935568380337
1467.2935971473544
1467.2936032210696
1467.2936885246618
1467.293723124476
1467.2938272438014
1467.2939121090833
1467.2942047882925
1467.294592113011
1467.2946582659883
1467.2947083888218
1467.2947562124036
1467.295167920013
1467.2957146118229
1467.2957236564928
1467.2957782615947
1467.2958797749757
1467.29589676413
1467.2959470774078
1467.2959746909582
1467.2960183917787
1467.2960843991123
1467.296104892685
1467.2961491891017
1467.296157686215
1467.2961593928737
1467.2963717157904
1467.2967641432608
1467.296809936497
1467.2968860678664
1467.2973579968238
1467.2976276291915
1467.2977224058727
1467.2980840617508
1467.2982753345232
1467.2983241693523
1467.2984357105859
1467.298514709906
1467.298601677616
1467.2986526419163
1467.298701209285
1467.298763178224
1467.2988177802786
1467.2989581621428
1467.2991654949813
1467.299844257999
1467.299933427174
1467.3002356983247
1467.3002821451144
1467.300335647812
1467.3003974432288
1467.3004380435484
1467.3004983864466
1467.3005563147797
1467.300641244601
1467.3006734168407
1467.3008038303105
1467.300805875661
1467.3008593780344
1467.300883132806
1467.3009117697127
1467.3012873434761
1467.3016040736109
1467.301654304819
1467.3017478754186
1467.3017667267425
1467.3017820683924
1467.3021395737803
1467.3026250993473
1467.3027273386103
1467.3027386626593
1467.3027914151405
1467.302820454559
1467.3028715661346
1467.302903438552
1467.302907525433
1467.302954667579
1467.3030117889766
1467.3030696530382
1467.3030905945936
1467.3033872684946
1467.3038259508342
1467.3042436921737
1467.3043030086665
1467.3046685744794
1467.3047376221668
1467.3047908457006
1467.3047964778982
1467.3048116274895
1467.3049170898798
1467.305003100188
1467.305136723308
1467.305172282658
1467.3051733517918
1467.3052494767435
1467.3053273716332
1467.305363692451
1467.305378158234
1467.3054987184983
1467.30593751876
1467.3059627531022
1467.306255674985
1467.3065912437667
1467.3067046341964
1467.3068386047912
1467.3073447181
1467.307901623267
1467.3081262490996
1467.308430390975
1467.3084947187356
1467.308506201113
1467.3085622571787
1467.3085921641468
1467.3086511614538
1467.3087155416256
1467.3087405593405
1467.309136307636
1467.309298928927
1467.309422243307
1467.3094919699624
1467.309868383494
1467.3099093435023
1467.310192989284
1467.3103938659958
1467.3108177950053
1467.311032455479
1467.3110458531044
1467.311164639619
1467.311315717262
1467.3117946969521
1467.311912667832
1467.3123658323016
1467.3124454613248
1467.312543214269
1467.3126006044406
1467.3126078374364
1467.3126264873342
1467.3126859708282
1467.31277309097
1467.3128052436969
1467.3128077531633
1467.3128889579214
1467.3129578616579
1467.313019657614
1467.3130242476814
1467.3131004564
1467.3135500915107
1467.3136284700076
1467.3136515628794
