5.186612351741753,8.52928973325268
5.183516405908167,8.52501126744858
-0.000779566363924746,1.9957372750665162e-06
-0.0007392465045639799,1.1830487326188915e-06
-0.0006990922195586655,1.017170434452594e-06
-0.0006744806217850384,8.917621924464986e-07
-0.0006753007233648688,8.647999776371492e-07
-0.0006943665326362935,8.988925665666859e-07
-0.0007314220313233234,1.045599851581134e-06
-0.000759382580497502,9.746305376119162e-07
-0.0007472734460581323,9.040193370881163e-07
-0.0007237643581992427,1.0136028078652444e-06
-0.0007165853971911182,1.0773568181487728e-06
-0.0007276376953174313,1.1535245714099438e-06
-0.0007436964265010164,9.39495266800761e-07
-0.0007377597556855205,1.0664168987417889e-06
-0.0007301548788928111,1.1788703051752041e-06
-0.0007333719265891587,9.999655141602377e-07
-0.000737211893789318,1.1076954636829698e-06
-0.000735955342383564,1.2287057901067757e-06
-0.0007334910297811868,9.835401581369601e-07
-0.0007337066531766145,9.34492982310885e-07
-0.0007351779394543549,1.1545046311839907e-06
-0.0007353208633090401,1.1078691358511946e-06
-0.0007345920723389581,9.50776933917959e-07
-0.0007344066135916883,1.044300687463384e-06
-0.0007347443165951437,1.114067151542221e-06
0.00038561991384090125,-3.738526418850849e-06
0.010186716872014813,-5.459140347367594e-05
0.029796545525710726,-0.0001782901394482885
0.056478521215187996,-0.000138258881795009
0.08637644627650888,0.0007654439944242934
0.11635168211176322,0.0020287906808877537
0.1403470682876694,0.002882272156879349
0.17035539159354923,0.0036905748569526693
0.20037446180915802,0.004104931575304273
0.22438994203873108,0.004209795522095383
0.2544215117278299,0.0039858822129655224
0.28444535847391716,0.0031292308104060853
0.3144243471904827,0.001969365090546356
0.3384066655157338,0.0010782548886836742
0.36839033489650075,-7.466686451293565e-05
0.39837795726585673,-0.0014409408574479442
0.4283517742305262,-0.0031107265707495976
0.458304300641988,-0.005146677851295396
0.48821594186892064,-0.007449024826195312
0.5121498099360972,-0.009306715572980502
0.5420604382390928,-0.011703081491616541
0.5719570474756779,-0.014291559031770582
0.6018430862480972,-0.017031883485147774
0.6257388067117468,-0.0193907217416346
0.6555813279043506,-0.022575580659299717
0.6854005017988858,-0.026025076907393887
0.7092202060588877,-0.029000840823869476
0.7389943794981129,-0.032842615446597286
0.7686920935930199,-0.0375637080413639
0.7981714808308006,-0.043366460268961175
0.821673363280946,-0.04833697637857696
0.8509061244189674,-0.055384094625853295
0.8740819348772135,-0.061824230389443555
0.9027870422940721,-0.07055818928901561
0.9315632473745799,-0.07896119448039658
0.9603965824109115,-0.08708972628714358
0.9836119714562114,-0.09297864701324897
1.0128288133047996,-0.09935160311002457
1.042354108128342,-0.10372065965510345
1.066185032971314,-0.10609741564571502
1.0960499605266938,-0.10847630515342953
1.125978964891096,-0.11042556539221869
1.1558844768018974,-0.11201888977406507
1.1797963194272876,-0.11236533182629324
1.2096186459460665,-0.11093684828383492
1.2334973487940941,-0.10876016016671101
1.2574546531232877,-0.10676850042758533
1.2875656177473644,-0.10555116941130084
1.3176983133338898,-0.10718863193541349
1.3475090770633071,-0.11124704214712111
1.371210539959823,-0.11487586072495115
1.4008756259084898,-0.1181620138999333
1.4246922365524295,-0.11860906677963509
1.454484373292128,-0.11674325879892715
1.4841072054605289,-0.1127985885717332
1.5077891656883258,-0.1089111302885168
1.5375922516836653,-0.10481449237727272
1.5615575810161249,-0.10257015391356912
1.591375906474647,-0.10084719612704564
1.6187936567236085,-0.09977310727898868
1.6441004482675614,-0.09818459544214574
1.6637870159506118,-0.09578417390179254
1.6749497818267118,-0.09355418813370868
1.6845644315442614,-0.09060508839142077
1.6928071890605827,-0.08668856906037271
1.7075067914224773,-0.07673744005582447
1.7270709956097285,-0.058527337346221925
1.7418303335708865,-0.04066984559037757
1.7574327494772848,-0.01598404130885053
1.7694716193014361,0.011186945338692043
1.7772220432736843,0.033780503021895156
1.7861214910259953,0.062396955248184505
1.7933774594784195,0.08525521788835942
1.8027029099866747,0.11374995814949143
1.812275585550036,0.14212869966739425
1.8198008202355425,0.16480744714729528
1.8285652238619732,0.1933870555032471
1.8366953756449336,0.2221647993455646
1.8439931521641555,0.2511439046775838
1.8492009256527013,0.2744609246974307
1.8539587873228471,0.3038876428507843
1.8562262194279655,0.3276477861250274
1.8581000603627922,0.35753239010618565
1.859950599542184,0.3874400395180417
1.8614797863793442,0.4113651835843697
1.863469988752429,0.4412883138905875
1.8654364538557817,0.4711641258246044
1.866884972526613,0.5011072324241593
1.868359691436029,0.5250474907257165
1.8709260328391475,0.5547379289258321
1.8744632470074736,0.5840517704560272
1.878788509750951,0.6132162141130014
1.8827718076072244,0.6364751630905264
1.887717824639247,0.6654656149942042
1.8924209037726951,0.694527981830891
1.8967373303406625,0.7236175698769046
1.8998980898920081,0.7469625980278831
1.9044791282372227,0.7763527607477752
1.90895240631968,0.7998745111948588
1.915717711642694,0.8290148266665298
1.923707069108118,0.8576611179233463
1.9304575796601124,0.8802535062497543
1.9390045812362724,0.9080982612685482
1.9476167938187254,0.9355515642691358
1.956403219748483,0.9623889509921886
1.9639988993546438,0.9839589288526778
1.9740902405287069,1.0109855894667485
1.9839627178460781,1.0380387871847303
1.9922951385485717,1.0634705307631251
1.9981873964671701,1.084064072514172
2.0049060733811754,1.1100272201714452
2.0100203777888566,1.1296643164246336
2.01585378286004,1.1501469969045646
2.023960471946432,1.175259114052608
2.0323554065592724,1.1984332166858347
2.040675259385569,1.2202149332077004
2.0480108987400523,1.2393570675840742
2.0537836332015407,1.2544023772982618
2.0622434542172594,1.2764878826542378
2.0708655859660285,1.2994440162763667
2.076284862835085,1.3154468702120643
2.0787769482709315,1.3237926541435925
2.082511436283876,1.338689995267977
2.085252390623897,1.3523215690869066
2.088445920522779,1.3705905329773171
2.0913916171630462,1.3911451246370896
2.0940763646739122,1.4163271548949696
2.0953635719136967,1.437040490430564
2.0955628791545062,1.4645566609907088
2.094154702600232,1.4868234092260468
2.0896386486577305,1.5142254341665178
2.0813497072022984,1.5407443552789457
2.0696649667687654,1.5659967966594415
2.0587432783939903,1.5855127283295414
2.044584197765256,1.609756197098757
2.0309356642025964,1.6343081264847295
2.0202262164399736,1.6540248237913446
2.0066590312585206,1.678675742265572
1.9953924694805132,1.698288736341511
1.9812060324244043,1.7228509784039714
1.968468565189449,1.748329758570668
1.958473920698705,1.7760932153201012
1.9520061171239043,1.8053162272393424
1.9489084678553963,1.8291999971052422
1.9467682829892596,1.8591770914226586
1.9454565186995836,1.8891604962009378
1.9446606642082032,1.9191937719886174
1.944741311604704,1.9432274387629955
1.9453023374242053,1.9672371668361563
1.9460847395256413,1.9972217445363052
1.9470178845276582,2.0272373099045184
1.9481809249667603,2.0570981138069975
1.9492527796176,2.086999328382554
1.9500440465005047,2.116894277367863
1.950172417332674,2.140820631830037
1.950385561086416,2.1707890492309994
1.9509499027005353,2.200785101168726
1.9519105426762426,2.224784921209503
1.9537002380744939,2.254764416520975
1.9563840786144373,2.284692440551041
1.9600930735764328,2.3145111035527735
1.9650360917466487,2.3441790339984165
1.9716765315098652,2.3735390770889753
1.978437732675884,2.3966620311878333
1.9886035273890836,2.4250067668857573
2.000591301962462,2.4526231278394643
2.0143297897671766,2.4794107446613594
2.026587589178513,2.5001232978337216
2.043030144498992,2.5252842175225827
2.060477391850352,2.549731743955607
2.0788633937964596,2.573473831347293
2.094114396482095,2.5920107326665747
2.113867002162907,2.6145919474584187
2.1342064339153497,2.636575303720568
2.1508267870543976,2.653811392992616
2.1720037777045493,2.6750238009795546
2.1936475536217905,2.695756205978265
2.2112855674953287,2.7119812450329936
2.233716171883266,2.731832808363289
2.256494056434148,2.751221212849124
2.2749159021172347,2.7664355968976255
2.298204988724181,2.785153929783497
2.316933315947668,2.799927602614317
2.340461258515466,2.8181695773520623
2.3642164055855055,2.8360629376771813
2.3834235375330737,2.850048520094156
2.4075782841834994,2.8670670586133045
2.426847977167667,2.880319243217709
2.450596082754515,2.896555525284736
2.4742258689256422,2.912568347729182
2.4932575005177617,2.925319923262108
2.517171478305099,2.94119676293044
2.5412212581545117,2.9569727105898482
2.560517307917511,2.969507802561104
2.584447703450021,2.98506768018549
2.6083820043422494,3.0005813095376315
2.632026443043727,3.0161344860302584
2.6551307598182206,3.03190349763814
2.672983680296065,3.044527994143818
2.6952156636611857,3.0606616618271585
2.717044688729209,3.0771145480461493
2.7342352966912435,3.090265818941241
2.756203491551127,3.106616050699277
2.7792905953164913,3.122943030802141
2.802527582453981,3.138606662303537
2.8255102746510903,3.1542919969086656
2.843715897343085,3.167335021430311
2.865801308235965,3.1843844990170043
2.886548965530601,3.2015699736660683
2.9070303937690265,3.219194106987287
2.9281470150162994,3.2375805789544905
2.9455064654771808,3.2525683599253417
2.9671512967153237,3.2709529125401025
2.9892903415877057,3.288886738554933
3.0128647080575575,3.304949570164277
3.0327769794413824,3.3158324874671536
3.0581615136839972,3.328235359495276
3.0838680249762707,3.3411476671926867
3.1097190676567146,3.354885477012839
3.130492544510841,3.3658542248005525
3.1568484788775537,3.3791972418267426
3.1834600210202013,3.3920588010672517
3.2102342117346403,3.4044797243830094
3.231557674004249,3.4149764135795486
3.2581870109265085,3.4283765299966698
3.284991327616573,3.4413487648984082
3.3060391797379713,3.4523430162548
3.331386707666975,3.468034800658476
3.355452762879436,3.4856610359035436
3.3785208528918598,3.504691881888187
3.400979748786984,3.5244850169246096
3.4186677060823274,3.540647221360226
3.4406813041969992,3.5610022064054103
3.4627339518171207,3.581334017836734
3.4843371515286696,3.602039786014648
3.5054056940177922,3.6233118316876967
3.5219704897487913,3.640648890898614
3.5425329519745126,3.6624627507962675
3.5628665217285858,3.684484354769559
3.5829535635690712,3.7067356086321834
3.598915163532206,3.724641808418811
3.6188374750683416,3.747061710721232
3.638866909373648,3.7693980612050972
3.6550576220248936,3.787119091875067
3.675515403133589,3.80906231359618
3.6920142594063257,3.826480292813741
3.7128494508351744,3.848049504315033
3.733967863513642,3.8693591458771577
3.755366792279999,3.8904096647515347
3.772792242514977,3.9069444927429697
3.7949512709349906,3.9272075201680883
3.8175266233835146,3.947003382583921
3.8358468956489022,3.962531663978722
3.859038120636591,3.981589139049291
3.877758290874017,3.996619033042107
3.901264468267822,4.015260443339851
3.924805097912411,4.033846917260167
3.9482933938466327,4.052480461528314
3.9669870976744006,4.0675013041842645
3.990265147255402,4.086406860003756
4.0135777630036245,4.105284171818979
4.03229452610341,4.120303010792912
4.055765943674896,4.13898071253964
4.079401652146067,4.1574665421556105
4.103263077804531,4.175647893844911
4.122588789558689,4.189884504094189
4.147174406762258,4.207098912499427
4.172214690124844,4.2236120539474795
4.19756097226165,4.2396075777516025
4.2180000551715295,4.252123664327528
4.243729213018955,4.267485818982929
4.269720179871026,4.282310244069051
4.295822565809658,4.296860601834017
4.321956626674316,4.311321771773497
4.342687051632143,4.3230710298952495
4.368278840254346,4.338289133739689
4.388563159518878,4.350786940685753
4.413770450467402,4.366698036748323
4.433823204080646,4.379641006598849
4.458724754046017,4.396086298811523
4.478217151765066,4.409765580589236
4.501902834937078,4.427756698057653
4.524617467734697,4.44701127946807
4.542294325386306,4.463148436764796
4.563946782939316,4.48380041159373
4.580874488632215,4.500701313210476
4.601570345613852,4.522313545032843
4.62195795041754,4.544225968649627
4.638172906857968,4.5617925419747225
4.6586360306346535,4.583684555123733
4.678910942606677,4.60554922613096
4.694769637410291,4.623188497267204
4.714480656627098,4.645546867530023
4.734128897887876,4.667629378423264
4.750078609366108,4.684987259680412
4.770339028587001,4.706536161446451
4.790543519125859,4.72780756904533
4.810463010377603,4.7490977576438524
4.826138054611453,4.766373986691355
4.845263976917388,4.788435338406207
4.863818934583165,4.810682415063263
4.87848242248803,4.828934209150097
4.896249908507703,4.852033333034582
4.913494519367574,4.875407630314309
4.92717236364533,4.894739947494989
4.9438872791466215,4.919112043160031
4.96020447796277,4.943874224797683
4.973092447764297,4.963907896656598
4.988927745393803,4.988938895410018
5.004680966850621,5.014203160568392
5.017128108571549,5.034333712168721
5.032586349401462,5.05949999333751
5.0447072125712475,5.079329163906142
5.059525594208914,5.103631496154713
5.074084803243697,5.127589650018195
5.089084733605765,5.152419575620638
5.1004607176239904,5.171385478062013
5.114336524313854,5.194568775876091
5.127046951189066,5.215703812672523
5.137791114280132,5.233400743325654
5.148682729656946,5.251034014838635
5.155948842193856,5.262615036915372
5.162551171236951,5.272775284637831
5.163727844516628,5.274537873807218
5.160337023447146,5.269848160529598
5.155688032550127,5.263890992896977
5.151804075378968,5.25939765569537
5.149718008147018,5.25721190092219
5.149704471814692,5.2572001096656065
5.14800869484399,5.255617916938078
5.1445386280430485,5.252612662162951
5.145113917555789,5.253048417156615
5.150282311565445,5.256799440517429
5.160287518105719,5.263887785775019
5.171265285985805,5.271837412069297
5.178123166526712,5.276717213527044
5.180294965247955,5.278167646922624
5.17966697036005,5.277830523537012
5.176149524004069,5.27615549056911
5.173384730355686,5.275026733853017
5.172039316682091,5.274593265656384
5.1697289431005835,5.274057551963939
5.165412896693222,5.273343288134596
5.157165490337876,5.272350490451878
5.14764143359685,5.271295116043022
5.135318032412916,5.269962438973208
5.1189686205584035,5.267825691616342
5.102647023332763,5.264590884937831
5.08946468435009,5.260716722040328
5.08445550425266,5.258942661832312
5.083769614390983,5.258664658579121
5.089731465681899,5.261428970308104
5.095581181797519,5.264313410926427
5.102871726582072,5.267956111798524
5.111982163044136,5.2724984035404585
5.119030090612031,5.276177478877715
5.127010031378254,5.280387130544196
5.134389193836781,5.284139012780144
5.140767162634688,5.28739229666317
5.142608664165756,5.288338309847603
5.143377751827183,5.288725608363704
5.142482431407798,5.288352443553399
5.13968203207324,5.287214844412281
5.1362684152126405,5.285894018637737
5.13424230278027,5.2851866112119925
5.13312522421208,5.284884512455254
5.1315426439607466,5.284494125550762
5.129848222974503,5.2841523117736315
5.123538865491212,5.282961239023906
5.117854950106572,5.281839525005069
5.110749934731074,5.280465020255697
5.103608554440802,5.278879099641829
5.097478319915994,5.277072127134682
5.097304093683244,5.277020994894736
5.10344037891427,5.279697777727167
5.11479461407841,5.285661044105565
5.130415552790913,5.295592424351952
5.143409969318228,5.305300755823236
5.15742066580473,5.317867262345227
5.170658797906505,5.331918003946196
5.180931664084383,5.3441820011621015
5.19395884251408,5.360981438532145
5.206676466864996,5.378505479539767
5.213840924670306,5.388791056759691
5.215869130918955,5.391808805139698
5.215630547465475,5.39145013091539
5.213024393974754,5.387703234139736
5.207892165636613,5.380928548693168
5.198034096272006,5.3693468388577905
5.18763708469541,5.3591402570381375
5.1796000116157925,5.3522828331038275
5.171460008554259,5.346156907124284
5.162909693743561,5.340807715953547
5.1538225929089,5.336441222802467
5.142908259063376,5.3326053070106925
5.123729584329048,5.328513109711268
5.098347668330981,5.327327456418654
5.0774019961955466,5.329246440907528
5.053317642283714,5.333588373724051
5.0362443242065655,5.337873131886367
5.027205127357289,5.340559441259197
5.0215482286335344,5.342366801910126
5.022157458221042,5.342171799093788
5.024858906828472,5.341376793751109
5.034383665668383,5.339174751443302
5.049065606520359,5.337070330218869
5.062635116691396,5.336507401873535
5.071445547327334,5.33709123147445
5.07568378712793,5.337958938902866
5.083236561964646,5.340336779266415
5.092175616107976,5.343828534077494
5.106817585540235,5.350331536007413
5.121224483637565,5.357320635894886
5.136968898737041,5.365422307804859
5.149271002507921,5.37226594125159
5.16643490411028,5.382892910864382
5.18198008612833,5.393866959975733
5.192718080221339,5.402029381837678
5.198121741460923,5.406208448342019
5.200995169842552,5.408362838508398
5.199478602040641,5.407413556752861
5.195311512282713,5.405013656682056
5.1902042861503155,5.402464136702751
5.185377100411889,5.400426455409989
5.1814629553050775,5.399086506062641
5.172182782757765,5.3968618875987735
5.155580303875824,5.394882574353222
5.1418832336773885,5.394646923733906
5.124614660456989,5.395883572195622
5.105375856370267,5.398440211624072
5.089895049905746,5.400551483676504
5.070542348007507,5.402126413542486
5.053649143837363,5.402046199160471
5.043218534750426,5.401177525694938
5.034222064564279,5.399655785039326
5.03281779384206,5.399303354456098
5.037725414981458,5.401232061373451
5.049434469024289,5.406667353616112
5.062875327026664,5.413806382728931
5.080650871690524,5.424744621538743
5.1000893767194935,5.4396386253386755
5.11681603884188,5.45536205336022
5.1296847265102645,5.469130546611553
5.145644815020299,5.488065968982133
5.156939644680545,5.502534786719476
5.170209650055605,5.5202585181632084
5.181286203456637,5.534474813097961
5.189396061757628,5.544385122731471
5.196172093911552,5.552571061024355
5.199300483101586,5.556191438178263
5.197824030563394,5.5546860955372725
5.1920164932667925,5.549296935265194
5.182037741748323,5.541716540329755
5.171209517692577,5.535260183299261
5.156289107369071,5.528902513280974
5.137833962014345,5.524969606327704
5.11546432623211,5.524370214374476
5.0963068878500914,5.5269717860395495
5.0739675496115435,5.532747479679786
5.058556540412896,5.538033838135861
5.043253563167093,5.544012739622117
5.031588248618296,5.548723805899914
5.027548557907583,5.550269202818211
5.028166128851326,5.55006071309258
5.0337581912293965,5.548523511525827
5.042729275564829,5.546779190159858
5.056667654428721,5.545499972649576
5.066326513811399,5.545967218764521
5.072146534571619,5.5468585774553185
5.0794712398582345,5.548366216437126
5.086938180365791,5.549842861203351
5.093067984566587,5.550642023299327
5.099249145661,5.550863435272688
5.1058663558686215,5.550508605418732
5.110765224196864,5.550067079407704
5.115619628593805,5.549701014055847
5.117202593848876,5.549625728212368
5.1116010839870825,5.549431124251236
5.102905982727451,5.548758550424198
5.095708111474557,5.547672456468604
5.09070837766003,5.546381571450841
5.09134669516344,5.546667963340494
5.099071160461995,5.551050491693395
5.114134969491195,5.562053225711001
5.131281116330096,5.577575117644061
5.148719875634685,5.5962294927889475
5.160409618229059,5.610138105602511
5.172668990094929,5.626073460326877
5.18391030117663,5.641658744345608
5.194820998074639,5.6570937398899055
5.200838099553019,5.665493673661835
5.2041508527166735,5.670020946117666
5.203793870022363,5.669597646923786
5.200244710357624,5.665343563706812
5.192488037454458,5.657128184562133
5.180816315971511,5.6470357104999565
5.1680357677805,5.638438758448214
5.14933006104847,5.629681517100834
5.125877644407428,5.62366744336605
5.100033559131873,5.621909977087594
5.080073978199936,5.623665823870243
5.055240769003894,5.628792142843372
5.034595666053624,5.6345968912626825
5.021533763896272,5.639046404492345
5.014115659999982,5.641771071659013
5.0100549825807255,5.643244173497675
5.011516768321935,5.642754851388716
5.017877985183647,5.640973184070475
5.029901718901551,5.638534195535988
5.042278119173268,5.6373427701713315
5.056538608406795,5.6377539968343555
5.070398611674128,5.639920666964772
5.08154137356532,5.642306931253766
5.095864333941458,5.645363956915323
5.106325341924418,5.647048745650464
5.114685821811814,5.647691303477356
5.1194044805161365,5.647575416221258
5.121772656874111,5.647418950246067
5.122152722491277,5.647384116822296
5.120874023617088,5.647373692338376
5.1136551975973115,5.647171946918018
5.10319734740248,5.646283790091995
5.094200317077597,5.644938219784099
5.089809129269947,5.6439349441741795
5.092087662292458,5.6447254122326855
5.102494811622902,5.649271637041957
5.117552473574079,5.6574196079943855
5.1310572037792,5.665989070610546
5.147931431740398,5.678858030006988
5.162164985475979,5.691861369672824
5.169906711317832,5.699956337428914
5.177585054610962,5.708848110781598
5.182499312276317,5.71476542253238
5.186710708640938,5.719873782155336
5.191536509780049,5.725599384956241
5.19328952014429,5.727526245459161
5.193555865068663,5.727790620206084
5.1916926203578075,5.72644380627705
5.187184120252537,5.723830599574323
5.181744987880086,5.721438412895652
5.168738144736018,5.717459088775899
5.154175263526862,5.71490838300622
5.130484230386292,5.7143690006195325
5.105463589929809,5.718024213696965
5.085751891433565,5.72302492104735
5.06171609409554,5.730311879406272
5.045336089986779,5.735315859752342
5.032934311823286,5.738917463213351
5.027803232711078,5.740293891165808
5.029341865387617,5.739949057516161
5.036840497546127,5.738643490101578
5.044668375612491,5.73785588306422
5.050669067117711,5.7378110145755405
5.056213302794795,5.73832910944308
5.06182159737331,5.739285904529341
5.067488663040956,5.740369445275602
5.072087072373631,5.741168432967631
5.076961029897791,5.741756029949742
5.080406990694242,5.741898934075641
5.082603443196088,5.741874287651919
5.084701775549358,5.7418802800288145
5.085145198235402,5.741867952437076
5.079936495377066,5.741165638845185
5.077611399752871,5.74065122773273
5.083232003054072,5.742809869565597
5.097366126022356,5.75035029313537
5.115271791942817,5.762830622962395
5.128538834775585,5.774005553781151
5.144912225136337,5.790070976726089
5.160931765909895,5.807839949217258
5.169582569669208,5.8181223046796635
5.175834957191854,5.826020344792581
5.181370151660932,5.832946043260775
5.1870303870037135,5.839362304302188
5.189753280705762,5.8420495130423875
5.19086049358477,5.842991965040984
5.190238324221574,5.84269172334318
5.188244627558157,5.841917966458607
5.177868313009007,5.839467422092477
5.157437743009926,5.837858986102113
5.131228878228483,5.8400420091846765
5.110362854920153,5.844540425032423
5.085003553564734,5.8519566841262
5.06753440922968,5.857625926299876
5.052635782062586,5.862559920528017
5.044157786488949,5.865375929918531
5.039262914232957,5.866983723721783
5.038502884156813,5.867229749422643
5.0429327598923495,5.86611916722143
5.051008834204371,5.864616836178662
5.064209233305312,5.863434501652367
5.074539241998738,5.863662212999333
5.085131086137252,5.864896998001127
5.095375991338427,5.866628649833253
5.104173117879647,5.867990419810817
5.110310095376197,5.868550362990824
5.113693772100395,5.868619594288509
5.115348961721249,5.86856240956155
5.11687286281308,5.868501263348178
5.114749781566332,5.86842867393493
5.107558889958554,5.867850220987204
5.095945655147881,5.866337314661428
5.084449679377957,5.864305071937161
5.0794027550893395,5.863290915668849
5.076868490238126,5.8627798154776825
5.078228598587966,5.8630276801048895
5.0812455091127475,5.863670626397853
5.088480794865533,5.865516051204896
5.098994072816224,5.8686301389251
5.108336025657739,5.871590173449788
5.118770035312507,5.875094601087957
5.125166642458929,5.877347397562035
5.130596875336309,5.879387038263563
5.134481586492559,5.880921650798874
5.136163604457897,5.881620070797766
5.133445119635017,5.880516384336355
5.133488168487096,5.880534727681342
5.137116016947216,5.881863835050911
5.143235838741676,5.884022456021388
5.147101101024639,5.885387900835769
5.14974983944872,5.886243108542499
5.147080382367665,5.885592686607948
5.140057502969575,5.884034954421822
5.133018638144858,5.882684398229291
5.12611041887609,5.88157721305974
5.119347689257177,5.880451877214817
5.1084676749861035,5.878396506682057
5.098753826230866,5.876241259888194
5.093401150583077,5.874801951932505
5.089207471271206,5.873566180660316
5.090037769189459,5.873818766578464
5.093969318252548,5.875016746801802
5.102824434947455,5.877785580653713
5.1099181674977725,5.879950446602956
5.1176364648335655,5.882330098199657
5.12281154248246,5.883962988124562
5.125175480284802,5.884768025530836
5.129574031943563,5.886294549187313
5.136491355685573,5.888689303312993
5.14312577051428,5.8908439879489585
5.14747896667215,5.892165591792675
5.149592706183244,5.892804925061441
5.152250967210852,5.893613391234846
5.154131425541576,5.894210079152444
5.1534204738518286,5.893967947283243
5.152657026985708,5.893710435598571
5.152448718441425,5.893655717017919
5.151896324880715,5.893536626560402
5.147036206789349,5.8926369820826645
5.140481528344416,5.891560041294618
5.12921015614518,5.8896238678386
5.119904651353954,5.887955636164285
5.1082568543349405,5.88573232682609
5.099978390295388,5.8839905225996025
5.091249827580028,5.8820374942455524
5.083313705064348,5.880254846384012
5.078473598866756,5.879164780751126
5.073917046005632,5.878171360183774
5.06973021088849,5.877095147860224
5.069034212750378,5.876904709265509
5.072969960278901,5.878252206541851
5.080944410805731,5.881319599539529
5.094135856403047,5.887097170931668
5.105318391693834,5.892808987415996
5.122312139613687,5.903053047973095
5.139482646689743,5.915660801984926
5.155111660205917,5.929263184411875
5.165979843089009,5.94000414275744
5.17659608817818,5.951433929138842
5.187844948016529,5.964245149316958
5.1957560194275665,5.973192034897291
5.203202287843215,5.9810055530783925
5.20615904192423,5.983745491678743
5.205827174676017,5.983517596589775
5.204933258307824,5.982973596673728
5.200947589845137,5.981194116911792
5.1874653752107625,5.976835995872316
5.167334818471128,5.973290634467747
5.142382946411094,5.973081242804059
5.121464508717919,5.9762060198165585
5.09578284657637,5.982996937681108
5.072086132916218,5.9908328192833675
5.055940770472778,5.996466316787657
5.040307268870584,6.001655405173258
5.033775194788989,6.003599876725578
5.033770208175644,6.003621909200565
5.038420247431293,6.0026316077521775
5.048182275966647,6.001268694211488
5.059107763563782,6.000836675385494
5.065118552841713,6.001230679272584
5.0709792490936305,6.002113575262561
5.076130913917007,6.003116763088549
5.0814152283488765,6.003999736674303
5.08634409757212,6.004563588762045
5.088614287762936,6.004689312524577
5.0894338080519255,6.0046885275208
5.090119468053772,6.004657220842108
5.086881396755318,6.00469378503491
5.075916570574073,6.004376789510904
5.0590134075387665,6.003079569864273
5.04809244513725,6.001686794742552
5.042145703086343,6.000653548690083
5.041603028748936,6.0005558857907255
5.0431586927731225,6.000812267073798
5.045000404114902,6.001066346008266
5.0443949138186515,6.0009961802039005
5.045454624895642,6.001137039140277
5.0450213609591685,6.001053813635042
5.0460685039729976,6.001299660140869
5.048501869230457,6.001913961322744
5.052105825863092,6.002900480196771
5.057000568640984,6.004413988331003
5.068159872008163,6.008550935913288
5.083839641211144,6.015832861051507
5.096476782090189,6.022993026299191
5.1131319888898075,6.034555086210351
5.130076178134608,6.048948197692411
5.14200484590318,6.060630673488827
5.1552587696067,6.07502539459361
5.164727311525961,6.0861586756351524
5.174683698362117,6.098427732708204
5.182019310609256,6.107571857689614
5.187317726381944,6.1139504863697285
5.189556228436824,6.116505608563692
5.187999296396452,6.115024672867607
5.185049653888944,6.11258662758033
5.180518311911318,6.109539593479429
5.177754069670757,6.108223835924878
5.1704587407275975,6.105743897258056
5.1528030289972415,6.102176562085181
5.1293633023506215,6.101188711520155
5.104625844124449,6.104355407767916
5.084822814074523,6.109146287460877
5.062612635661276,6.11583930873347
5.048369006234877,6.120758138865606
5.040248398968224,6.12376215100972
5.037466090103975,6.124779541419018
5.037191144042408,6.124882920774584
5.040222877052777,6.123879287206592
5.047069848625473,6.121697878869395
5.053480507250882,6.119859163411451
5.060041831404091,6.118350776091382
5.068535572967849,6.117012557698245
5.081944900899021,6.116299200733443
5.089807493347624,6.1169343491922
5.099099102442112,6.118761678634403
5.108398375058175,6.121162015170046
5.115940930912811,6.123066425492276
5.122388543350576,6.1243573311294375
5.1258302633624595,6.1247569689904084
5.126084794459548,6.124780582207735
5.125215930223606,6.124771694191202
5.121395598739509,6.124639818704327
5.113695303598377,6.124065933232913
5.1066960238937575,6.123092732109003
5.0973878352001,6.121172487523609
5.090196692924846,6.119254732065939
5.087495153300627,6.1183917042112395
5.0884520866484815,6.118741454927062
5.097631556113193,6.12238580809219
5.10835553789524,6.1270615295203985
5.12319706306481,6.134345045196348
5.133842604450131,6.140227350510134
5.139210416176415,6.1433572292999505
5.14295953425939,6.145572855495929
5.149536543179646,6.149456024392773
5.155152126001087,6.152686705570908
5.1579002297759535,6.1541123457453235
5.159677948552877,6.154861877091817
5.161165639322068,6.155352997952902
5.161008045940175,6.155394914048163
5.154552520948529,6.1551139288067755
5.143616325978941,6.1555453399280395
5.134127793001073,6.156300210104566
5.119239437501282,6.1573860893485515
5.099150958822025,6.158034830441498
5.0772318336041105,6.157698762014403
5.061205895370031,6.1565574085987675
5.047362422769582,6.154409285396118
5.041170022205823,6.152885870723399
5.041596163421578,6.153064208405159
5.047923689302015,6.155494630041491
5.060136967448299,6.160807596260289
5.073276619194063,6.16728408484419
5.092371198776393,6.178606777890213
5.107048993641276,6.189330034889062
5.122891215226747,6.203210862130168
5.136135448679865,6.216936335516196
5.1486660335415975,6.231206947381329
5.162714647229612,6.24826235161849
5.1739723007715215,6.262776125704275
5.180948794806173,6.2721784586224985
5.191445960441478,6.286364397891875
5.197496870860778,6.294388686218595
5.20067225079976,6.298421156649539
5.199494539682057,6.297110324689522
5.196131501305207,6.293693882910795
5.188967285291637,6.287775641719809
5.181248723600894,6.28289800315263
5.170211507308343,6.278083585655337
5.154776664939086,6.273389679094847
5.130151396743299,6.269610320050015
5.10419442257058,6.27017343493934
5.0841751537728435,6.273585586229982
5.061814898025572,6.279557196594458
5.045185677379473,6.285381360728244
5.03366075940764,6.290005300187559
5.023188263247412,6.294386019845169
5.020114501740691,6.29566330123786
5.021846521084944,6.294947878607712
5.026231357382192,6.293201548351073
5.034571003861166,6.2900196615852595
5.041607399050283,6.287562078700275
5.052159518282069,6.284058270077427
5.062092597489928,6.280856604474038
5.071186819873565,6.278188179093515
5.080324948594446,6.276013160900193
5.086517895651165,6.275034755450824
5.097731929063108,6.274323360870856
5.107295207093898,6.275002514543234
5.114969744104265,6.276200795948405
5.124638161108545,6.277961565873357
5.132883922135127,6.279199728522308
5.134496879654689,6.279359898618513
5.132179908771699,6.279341936429728
5.127449195498589,6.279410535103193
5.12261759840786,6.279384511116651
5.1143018694775755,6.279012326179176
5.104040520483408,6.278000317877602
5.091452749064725,6.275867939961969
5.087600983147733,6.274838044688013
5.090596830681815,6.276043172716737
5.100123677993679,6.280875151630962
5.1157875395719845,6.2904959106839105
5.129339899548344,6.300382241999092
5.1451282302996875,6.313871550947169
5.1559638431214045,6.324453002978717
5.168259617914208,6.337514149503612
5.176646204318645,6.346602301381757
5.18233318455145,6.352781168291953
5.184829013115427,6.35544752674678
5.186864574090414,6.3575744879300515
5.186747701234037,6.3574912821152685
5.1833841519077986,6.35463819944403
5.179425591144247,6.351851906566199
5.175416431094149,6.349477937735302
5.167283981697473,6.345584133909227
5.157189524929042,6.342145803852097
5.145169154940457,6.339904237218174
5.123342859604221,6.339287793380852
5.101476287964692,6.342340101391317
5.084215587159156,6.346549506387691
5.063937967024225,6.352429654251183
5.05197762043976,6.356126302997137
5.045683676964388,6.358111257049318
5.043260913693712,6.358822222800758
5.047149514935797,6.357940977903832
5.055928126115024,6.356606681341037
5.067760686559388,6.356027612408245
5.075763133587138,6.356521282890292
5.084626421288437,6.357906314414031
5.091368334613697,6.359216770054564
5.0984337666789985,6.36049930561263
5.104220376334072,6.36116285242285
5.108113057719652,6.361304080866039
5.11260575570386,6.361234975057511
5.116975115522256,6.361088786005216
5.118011605215328,6.361063046216647
5.111508486512288,6.360599827202036
5.101098824963324,6.359234851506459
5.09227938014513,6.357660085627463
5.085610089657178,6.356165720318957
5.08449473966817,6.355886130053828
5.091257014645501,6.357894717616479
5.1045104199064975,6.362455326266263
5.117736318195475,6.367900525484767
5.136371358861171,6.377398376128166
5.151743540819528,6.387004107172404
5.165261944553927,6.39721647108208
5.1725019483593355,6.4034937328763535
5.177985981557041,6.408827427761195
5.184556952251854,6.415722246217177
5.187525163981117,6.418956576983874
5.190723263067233,6.42231593206788
5.189430850932999,6.421130532519286
5.1860162489620265,6.4181976391199
5.181941287973458,6.415065274365162
5.178156388739366,6.412640116102553
5.176767129738067,6.411916312652039
5.170832824398972,6.4095544317874475
5.157899387474396,6.4062605977332785
5.142798350644347,6.404546314489196
5.120769015976981,6.40557642420381
5.098520486175221,6.409705575170757
5.076518860816291,6.415380618204782
5.059218575412393,6.420055258140432
5.050160983239891,6.422464437563473
5.046972792628748,6.423246492936587
5.05016714798917,6.4226139913491735
5.058324701558006,6.421508159650951
5.0679770103208535,6.420991966638961
5.076154120314188,6.421269601190981
5.083798858019513,6.422192612957613
5.089120912602054,6.423099108449908
5.093641281864211,6.423824779535454
5.098577564169105,6.424360425985497
5.101386145164182,6.4244965034651065
5.103571167987032,6.4245157954292615
5.1041885743057085,6.424518726330825
5.101757014717841,6.424402798186039
5.096561925019446,6.42380464376271
5.093068122078253,6.42317332054061
5.091200687609347,6.422715984342448
5.0923454562000074,6.423046534043365
5.097183331031773,6.424475549735849
5.106678122062229,6.427288634593749
5.115577570479784,6.430095772284892
5.127182991713725,6.434044536421609
5.134898907167071,6.437003190259896
5.139505635914623,6.438860794161867
5.1446524712909625,6.440841143895492
5.152807270847857,6.443454360662003
5.159851682914498,6.445338131161685
5.1625510032050554,6.4458886437574865
5.16380926298332,6.446086553856502
5.1620702903181135,6.445843267317284
5.156127652870785,6.444932504992648
5.148087717271567,6.443716975305176
5.137657306462727,6.442220006431411
5.12544283601923,6.440253586830112
5.112261304390572,6.43800744608149
5.095791317418986,6.4352093185144525
5.082438623819829,6.433095436310753
5.070299581791361,6.431223047047096
5.062634118429287,6.429857848265957
5.061375819039868,6.4296103145065535
5.063014506544839,6.429999099992392
5.068615386468022,6.4315480735187185
5.076149630242211,6.433995186793347
5.088600936585618,6.4388987249280225
5.103379744955654,6.445992525878908
5.115510518791871,6.4530571623348445
5.1289215386459945,6.4625996362807765
5.140936503414489,6.473341999564831
5.149986985692307,6.482812286626822
5.159701896318463,6.493964282403935
5.168152689358122,6.504159451862176
5.175406511787098,6.513064714032888
5.1826553236926385,6.522242424712124
5.191756085120542,6.534067837519003
5.196261716617201,6.539849561097161
5.196858506258639,6.5406130835715
5.192051624027566,6.534965733794389
5.186459107529327,6.528922606168817
5.176044756696496,6.519356544575867
5.166915564547333,6.512305292168071
5.157508910093133,6.506241605651641
5.150041161146102,6.5024729633210505
5.139876251340667,6.498591049691022
5.122283968289651,6.494253492032699
5.100686555179947,6.492698723004526
5.082625838775148,6.494084443169807
5.060196738306988,6.497980990216374
5.039576791393395,6.502483093723171
5.027952644708672,6.505184507739007
5.023077260042991,6.5063566416532765
5.020971977138776,6.506817297132109
5.026285153466539,6.506000229368344
5.036657831185898,6.505098299735092
5.048788901261824,6.5052230160860525
5.058533296444438,6.5063784837112175
5.068996980777852,6.508652157493804
5.0767864659213515,6.510844356500195
5.087002627283703,6.513890372887237
5.094526029051732,6.516165571516768
5.103250368727732,6.518956358026432
5.115898723646569,6.523249714618115
5.130981268030593,6.528933068390357
5.1419520260869565,6.53328254762617
5.153037571861379,6.53771224574759
5.162109328322134,6.540955362698245
5.167254347462224,6.5424126130294376
5.165402513758983,6.542095093998033
5.161483156629069,6.541574941544694
5.153851523593188,6.540601528866954
5.1445813562076435,6.539421151891351
5.13333762405778,6.538336319149753
5.120496415275343,6.537591202682501
5.104367307375764,6.53713664822175
5.088122302135654,6.536381965574443
5.074194639989791,6.534606958626851
5.069683187720391,6.533585102909383
5.069731475371619,6.533639353132793
5.075823753236476,6.5362192045091545
5.090826374391448,6.543950516089982
5.109181164989487,6.5556733005644325
5.12334318538059,6.566690757088306
5.139262759324521,6.58130781579094
5.15199404618957,6.594957295271853
5.164336242595666,6.609553180153298
5.173036171972997,6.620427261603402
5.181293940623442,6.630707767947281
5.1907073723312775,6.642114396479899
5.198217395240841,6.650682030647977
5.204980228184331,6.657635524285663
5.208744258832737,6.660874232265723
5.210847271582824,6.662261818376712
5.20922175453354,6.6616489604806555
5.198385383093674,6.658986113866716
5.182326581976755,6.657488870800981
5.15496725964199,6.659127615709117
5.127178926538629,6.664667970673088
5.1052517026255,6.67061977395686
5.07840206989706,6.678247308160673
5.055448700980417,6.6838471162233715
5.042059800368374,6.686378171684855
5.0368365243268745,6.687091948856746
5.037788644864527,6.687039841644224
5.041970417275433,6.68697513169577
5.048872816828658,6.68729123301391
5.054974218311761,6.688054812011239
5.060421526482422,6.688951113648814
5.065436029082905,6.689805146629854
5.071791195064681,6.690678088203145
5.076853328071024,6.6911985059131185
5.082700351498897,6.691746987343316
5.084095667916879,6.691881616255842
5.085168507665816,6.692013818048456
5.084613561342356,6.691915754586076
5.0826688121123755,6.691555765782213
5.081078209760334,6.691260975096374
5.079185010446433,6.690925829560408
5.075835241196863,6.690388666984825
5.072746493203168,6.689947634916883
5.066069896007507,6.689154170448498
5.058190722466354,6.688347841729254
5.050956681761989,6.6877052473657015
5.0433405092684085,6.686967237500384
5.037235576276895,6.686121102068502
5.0367251804277196,6.686037426947356
5.039145724994122,6.68651753131026
5.044001587910787,6.687595575223122
5.05323365006786,6.690104514951339
5.063612662886065,6.693508893822627
5.0805177274086954,6.700658251905416
5.1005551001826515,6.711861714990986
5.115414286793846,6.7224058486476865
5.13312966147383,6.737425665319864
5.145293753886136,6.749477821521424
5.1591963645904055,6.765022467070591
5.171368966542673,6.780065506735082
5.182486652022336,6.794595337085327
5.189186126217739,6.803576961002222
5.197006626444756,6.813775352624924
5.203160112035724,6.821263331444477
5.204026677445683,6.822250932625589
5.20295146538207,6.821277310169525
5.196835164886763,6.816569826887086
5.188028309042606,6.8112505932865925
5.176427339753056,6.805684755785294
5.157648231413701,6.799220430586606
5.1339980964694965,6.795330310957061
5.109444077995253,6.795625286138464
5.089840398769891,6.798287578971254
5.065492895404931,6.803275852344913
5.045471024756994,6.8078092878687375
5.034969564019134,6.810166745298798
5.030613563153661,6.811118009399964
5.0315915948494645,6.810917983903691
5.037864834983674,6.80991976921172
5.0496636329881,6.808854346643024
5.061387865520533,6.808934364380102
5.076006458640765,6.8108922713100934
5.08966784045707,6.814700305018264
5.0975319021272485,6.817628498247318
5.104586891150998,6.820753835556981
5.107817575445736,6.822415156649996
5.110812968208076,6.824048971714945
5.116799218502584,6.82742390130957
5.128591196713275,6.8346006368324455
5.14476277058358,6.845849270046471
5.157560024022462,6.856103061215186
5.172500611685463,6.869287599407298
5.18366006859063,6.880380047445439
5.196037143035038,6.893875064408911
5.205116509243171,6.904473866128113
5.208532677124249,6.908578729295834
5.2105656523553705,6.911044309565348
5.210182076168821,6.910592855696245
5.2061567964641595,6.906299251836342
5.198642567454843,6.899334895224307
5.191522041203837,6.893638021626992
5.1819202786880885,6.887209579615219
5.177784667637581,6.884963741100574
5.173692335133818,6.883361869692741
5.162263157107323,6.880742460753955
5.146551436658774,6.879121167725248
5.123158879942574,6.879311085863507
5.09945571449157,6.88192381662902
5.0805476320408465,6.885065065477955
5.062819924714942,6.888213949898502
5.054852665275606,6.889694665742799
5.054089360993179,6.889841761955174
5.054440852221711,6.889773279858541
5.05948145358537,6.889092765835027
5.066987467677269,6.888427097373987
5.074113634300735,6.888262539552746
5.081917797679201,6.888793566292137
5.087637329112476,6.889925092272333
5.091759978858394,6.891150373772126
5.100295141193653,6.894335872926207
5.106153698009046,6.896846361951255
5.109455553484196,6.898341902896149
5.107309511956337,6.8973652855036685
5.10400864810931,6.895925712149545
5.10293613439769,6.895481723202513
5.103309639361262,6.895636507235157
5.109804541495827,6.898488009292324
5.117848702874645,6.902309643799927
5.129617989898244,6.908473096581388
5.145731174991055,6.917754726150204
5.159494452861491,6.926776978101398
5.174819489680599,6.937608426529545
5.185633812730149,6.945218230187856
5.192850524945879,6.94995455132424
5.199293594755518,6.953736336180383
5.202306833946096,6.955219095396611
5.203011858530502,6.95552498401296
5.196926944440138,6.953920418604438
5.184895761088432,6.95204837267155
5.1662606863923735,6.951403976874865
5.148945958088102,6.952759183055115
5.127664243826609,6.956651859382651
5.106499351310077,6.961753610368643
5.091434582543533,6.9653475523887955
5.078239787820871,6.9680932357673955
5.072607864034006,6.969091028767513
5.07348285396079,6.968995062848004
5.078030206029459,6.968579542324712
5.087211514339204,6.968484124193053
5.093243988134081,6.969066099063925
5.100755771783361,6.970460860860188
5.107854652696711,6.9722371778854795
5.118157711698627,6.975616528203533
5.133397880114687,6.981967804471557
5.146876436049313,6.989042426651105
5.157390282058453,6.995704360500248
5.169776051994115,7.00486727783152
5.177913438749945,7.011789120846717
5.18262936692122,7.016039383718009
5.184960689971934,7.018184257913643
5.182000436373297,7.015499641972248
5.178785777553442,7.012706948173776
5.175647325643439,7.010214587532127
5.173595920307715,7.008713358921514
5.168323334417034,7.005502489475862
5.156763911234859,6.999561294835201
5.145541806392396,6.994899817589072
5.135663656533508,6.992131113012364
5.116715180694488,6.989951915663452
5.092967297458855,6.99139253020813
5.0738471711146005,6.995413588602757
5.051149389000206,7.002410447589136
5.03356109170939,7.008956042261094
5.024467365118228,7.012671247354682
5.017066883632787,7.0158063428391175
5.012567014058126,7.017686934820868
5.011952851947765,7.0179387590153155
5.0173500319404285,7.016046777281978
5.0258654106474125,7.013730866935421
5.0364404438734605,7.011944790609244
5.052072617618621,7.01138774108524
5.062730982675244,7.0128389604984935
5.073558490200634,7.016072133291938
5.092787451948622,7.02467057161129
5.111042591845088,7.035885875344005
5.127626439657085,7.0487258619374025
5.140179325057356,7.060156054699966
5.15559726481378,7.076014313897847
5.164588065658135,7.0862911423622155
5.1686512662999755,7.091422557516952
5.1748022801409705,7.099483454392697
5.180104844244137,7.106275408683311
5.182280791831022,7.1089080085946526
5.180756841759697,7.107301956007692
5.176116492726835,7.1030438346158125
5.17159579021687,7.099575846375429
5.165488154600431,7.095816685991597
5.1579511497495485,7.092369140779652
5.148160429861677,7.089350204244339
5.128510213528556,7.085994354315555
5.104230040280919,7.085930015191081
5.0782611832118,7.0903109066720935
5.054744299109564,7.097211313785336
5.039904725350085,7.102693907806024
5.029280466789592,7.107314998637243
5.021728726709358,7.111034363075013
5.019072414290145,7.112493367085477
5.0170557543171075,7.113731096207611
5.0182725208260806,7.112837540984807
5.022793490041748,7.109103418070314
5.032986895043365,7.0990010315799426
5.047888369029275,7.081027598048555
5.059959894112959,7.063523200090069
5.07390254339852,7.039549614832369
5.085390585648617,7.014555367828358
5.09269354792254,6.994475819543741
5.100397280996317,6.969999612892018
5.105957879769387,6.950578750859463
5.113133421713332,6.925392452052495
5.119834699036211,6.9032797161692026
5.124738829123594,6.888211167267262
5.130298030020709,6.871817604554762
5.134360856456939,6.8607240479400105
5.138617161105659,6.850288135253466
5.141753227300232,6.843396555118321
5.145082546638927,6.836452101794451
5.149984627848924,6.826678923402912
5.15362433183234,6.819573649320567
5.159879576455886,6.807080882853605
5.16478183048242,6.796682884836441
5.167524626369628,6.790565379705706
5.169797343105422,6.785250578422652
5.173049121130151,6.777256648267786
5.175725282679898,6.770319854207243
5.177833888818611,6.764589613258432
5.178551211050397,6.762573825834892
5.178082634524688,6.763905685951509
5.17867005883475,6.762231298219966
5.179940706387709,6.758594840542254
5.179949024778163,6.758579636028431
5.1797980176758,6.75902809798918
5.17892105480188,6.761632774720959
5.178933351667001,6.761595035618876
5.179791380312294,6.759089483954686
5.180006707142887,6.758482225759333
5.180077963848357,6.758289996602663
5.17976228789519,6.759080106006267
5.180512949291674,6.757281978750657
5.181957590613961,6.753939391173403
5.185413308768705,6.746288309849209
5.188261656855869,6.740156201835267
5.193432802247682,6.7287938894568
5.19904182358541,6.715402333013973
5.201814837654109,6.7075366473763856
5.2044034935756285,6.698544798220488
5.2062761336970125,6.690148909864791
5.206675639218198,6.687936377055055
5.207132706710638,6.683759869774213
5.207273432929762,6.681520253976086
5.207324055905503,6.678526720264226
5.207401488015445,6.679893480238448
5.207504705006285,6.68101065587826
5.207376086370155,6.679989884523217
5.207157021990109,6.678363312511692
5.2072352952864,6.679026996480138
5.207221322211888,6.678877748090651
5.207116607589746,6.677064484680794
5.207054148221709,6.675590802575709
5.20708359325671,6.678375448866885
5.206964669864601,6.68415248665055
5.20678935280761,6.686741816658039
5.206556685907367,6.688702702671697
5.205843842260765,6.69316877663804
5.2046252625598575,6.6997804901930005
5.202745359980804,6.708699770692912
5.200196931691224,6.71955965986882
5.196421448272877,6.733819881274039
5.193344378144436,6.743301541683697
5.189790559254463,6.752623729516181
5.186002493888809,6.761075510643871
5.182410479636134,6.767825686351659
5.1810017476244274,6.770198332730623
5.181682964227551,6.769219429677282
5.183760352355585,6.7663736411041
5.187223904412011,6.761970058258663
5.194700961408117,6.753265061700451
5.203802313759604,6.74339175435213
5.216174983801413,6.730485110719854
5.225279876443177,6.721104004775315
5.235116484833011,6.710965576493897
5.243305279272092,6.701889047166073
5.24937640656106,6.6940847488808215
5.258085316830683,6.680557953256359
5.265125698563121,6.666958679720247
