4.545840591800602,8.23488224207188
4.567169834893205,8.224393293172435
4.5952576667322615,8.214441905329306
0.02103031720679909,0.0004245217029249724
0.03892063387885477,0.001725387491013868
0.0463459988910922,0.002659990885044025
0.05058230292074922,0.003360234977426963
0.050910462800986434,0.0034180472376926763
0.05090060038072681,0.003415903081592511
0.050862793025809615,0.0034097269392732578
0.050813739642004446,0.003401667556153595
0.05077456242150514,0.0033997874445130605
0.05077876522435014,0.0034033316475635448
0.05081876786957988,0.0034130952257531056
0.05084262063866597,0.003418672384536336
0.05084733821298857,0.003420263759951016
0.0508310150133419,0.0034174126185670286
0.05080107499429977,0.0034087179111813343
0.05080520794353687,0.0034068350224839687
0.05082105706209731,0.003413646769383628
0.05081584331827619,0.003414851948908068
0.05081014955724227,0.0034099949763417964
0.050812645770089815,0.0034124754765257684
0.05081572111686833,0.0034141162209421075
0.050814278418462554,0.0034107677391659523
0.050812172921460404,0.003413087964981927
0.050813679231363214,0.003411233016426157
0.050814153075242174,0.003412607333886647
0.05126643772440883,0.003495840880889074
0.05942660967426897,0.005025754124954741
0.07711114196496832,0.008377348187240691
0.10067258286133174,0.013201524000548318
0.12404489254660678,0.019280263383775156
0.14624096800900624,0.02618079860064024
0.16972765471606868,0.03347894999865635
0.19346679313751758,0.04005406751446428
0.21600590188348776,0.04618573118277952
0.2388262538019919,0.05266962362741908
0.2628366949760198,0.05943664422245537
0.28921837120972593,0.06619033471027502
0.3181068171416457,0.07210629105729847
0.34549654766178806,0.07772270975706251
0.3717540546339664,0.08419823538784588
0.40027229326639685,0.0924701143118159
0.42133907397251946,0.09908674265498164
0.4483367273064234,0.10792785224590386
0.4735349226066388,0.1166669639741167
0.5001410505709543,0.12705330088682998
0.5255757447740182,0.13747880443342037
0.5493699930163296,0.14723725211495078
0.5765149071187377,0.15908387474600147
0.6032454676905399,0.17226950942087507
0.6291849861671206,0.1868143434712523
0.6544281765267037,0.20257446160386897
0.6790787332907462,0.21922284547888576
0.7025297913522631,0.23630067313826342
0.726548061780078,0.2539710829076372
0.7502913232493862,0.2720646941889285
0.7740627237149313,0.29041546712093275
0.7986593832053824,0.3078089840069806
0.8244316060289753,0.32334773450330223
0.850638817440762,0.33803366515759964
0.8772445378666692,0.35204371882418184
0.9043284667479617,0.36479923963618727
0.9288585719319182,0.37553498296697957
0.9498750209303157,0.384593425470394
0.9746514304361937,0.3956990878936784
0.996325381133044,0.40583318618123426
1.023349761803765,0.41868124925737943
1.0557684787230124,0.4338084797899274
1.0771535900335776,0.4446176094902947
1.1037140464862627,0.4585278076481626
1.129487688529371,0.47191354947849845
1.1537462963530354,0.48468223709531755
1.1744185735372012,0.49544594138187176
1.1925895824102937,0.5047658838687913
1.2144482268219317,0.5154015696549175
1.2353813189785503,0.525542755838936
1.2573717274724416,0.5360944143902007
1.2786414491398175,0.5463321328022475
1.3044519794360998,0.5592560696107366
1.3309278186086089,0.573261955870651
1.356947625493295,0.5875553767403056
1.382026912010456,0.6010890974811378
1.405156579543037,0.6146621405361278
1.4270030296137692,0.629172191818062
1.4512122478127054,0.6465718720058262
1.4748013738203154,0.6649388337269988
1.495077616241119,0.6828372770973618
1.5148709421639974,0.7029915566580766
1.5325358556913014,0.7241562404348414
1.5503045166122245,0.747584273559125
1.5677722803406655,0.7715051528626554
1.5816119950974439,0.791892402251577
1.5970219702056991,0.8161603198377507
1.6123961705446745,0.8417362092452584
1.6259946766963163,0.8659285698006334
1.6365310951604655,0.8864683518616192
1.648706042646996,0.9132724864001371
1.6593733122227217,0.9396155883234826
1.6701838715913802,0.9675783744342746
1.6808601760853201,0.9956288151179289
1.6918235771546075,1.0235761668370762
1.7032588233085153,1.0513214104944204
1.7140675840910176,1.0792246813538182
1.7235049795427024,1.107608912020782
1.7318309923852186,1.1363414812267811
1.7388936925013323,1.165420302344398
1.7449009092302188,1.1947479057893726
1.7497759907848929,1.2232070630818823
1.754149341563501,1.2528518687112953
1.7582825979783017,1.2822574437983656
1.7620212441022662,1.3113417262888218
1.7650565731313237,1.3410637228428577
1.7680072650300767,1.3709237531720408
1.7711282914253739,1.40077781936167
1.7748545150078834,1.4305693924756924
1.7785527796185039,1.4602600965664805
1.781228774673634,1.4840772602511638
1.7855589696409992,1.5198757724659366
1.7890266476239185,1.5433945209132731
1.7935596256848962,1.572951094004442
1.7975787566850183,1.6026244502936
1.8006568735827855,1.6324052494186
1.8022979594339463,1.6622245847183519
1.8018080223811288,1.692078030784557
1.7992524704141049,1.7213603342135095
1.7953156299509987,1.7510305507419026
1.790641662179311,1.780627288277911
1.785975666126835,1.809301449154043
1.7814407017129699,1.8369306145839177
1.7766156232546793,1.8656860864410234
1.7724984864602338,1.8913825431173892
1.769564418156814,1.9130374523683924
1.7672388694124737,1.93524098081101
1.765701797348528,1.956464226722127
1.765481752285626,1.9792944596980413
1.7665834091864214,2.006514154212993
1.7685412638246776,2.0364636556748006
1.7705522738242452,2.0664181014337633
1.7727963082736162,2.09462258011506
1.7747192490343162,2.122992045243151
1.7755995128051871,2.152902800712267
1.7758800115312794,2.17690472749701
1.777224701924238,2.206969104591289
1.7806615657096097,2.2428598461135625
1.7843402236070978,2.2727148175572363
1.7882317509828656,2.296438587857281
1.7933180165590004,2.3256191858591646
1.7977554782172716,2.3516632700804636
1.8023920693919042,2.3773528190487347
1.806577921755319,2.4010820342486117
1.8109536420275745,2.423665230467178
1.816130843464723,2.4448730546731197
1.8246216974005764,2.47042535389423
1.8358607121749506,2.4967099660574608
1.850279508200461,2.523224907511321
1.8669514237818876,2.5478044183374418
1.884177887126672,2.5705533623339845
1.9011856060327252,2.5915764274309527
1.9205620227849864,2.614262188173966
1.9405954751439507,2.636253894461427
1.959615542140554,2.6559397102247106
1.9768158853468498,2.673206813467778
1.9928763723685397,2.6894881127304844
2.006728030751981,2.704286640984228
2.020456508988313,2.719349520718578
2.0351444310705356,2.735699794661339
2.0503888222351807,2.7536871071884885
2.0647603587032184,2.7724834145086406
2.0767628800162927,2.7927136428040398
2.0842046328676354,2.8100619415346815
2.091827954261857,2.832522974106325
2.099221239821981,2.8561158692553725
2.1075674037837384,2.8829013497229554
2.1153905411054725,2.9094185606048724
2.1212612804125404,2.9343772986123637
2.12498811076634,2.959724583192447
2.1268459918830365,2.9852608353722143
2.1265939891415373,3.011249916353149
2.124330932816894,3.038102564262073
2.120002424007963,3.0646711054851115
2.1133642753638555,3.090806259723506
2.1045799526838036,3.1156776851046666
2.0933168315986497,3.138221517183655
2.082011497198784,3.1571375574988063
2.0706909081776623,3.1750802101121036
2.058808388283124,3.194412050811845
2.048841122054719,3.211572340418356
2.039466389496901,3.2305245931307565
2.0314029736921957,3.249323351345127
2.0248962045626,3.265752421809688
2.017029492291562,3.286903212609513
2.0099157956803166,3.304961593601446
2.0030257480526794,3.3210316646349574
1.9944582707303924,3.340184775209687
1.9838034752532174,3.3627139722758206
1.9730460232140428,3.384555192302245
1.960537277702031,3.410113135808081
1.94949410322921,3.433875585536348
1.9385488298490108,3.459685383447695
1.9272671069668552,3.4872040315235733
1.9179910763866943,3.508548284987059
1.9109463972150944,3.5239331548206057
1.9028941743295649,3.542198859060016
1.8946906063933822,3.5619691692763116
1.8882118011078024,3.579400466446067
1.8821510702647737,3.5960500778020954
1.8762851431017682,3.611911563245772
1.868579458288403,3.631579923730297
1.859891841897385,3.6527224073120212
1.8523911938135451,3.670747417990547
1.8444268881372765,3.690433821726783
1.8348502128062103,3.715622110686045
1.825325098341772,3.741170808289489
1.8191054288203934,3.7589319853352663
1.815083936787693,3.771793510528594
1.8117450338050676,3.783627931367899
1.8078046967602228,3.798891766868855
1.8038142324891193,3.8182028089336897
1.8013710263540035,3.839080351983226
1.8007061797019417,3.8606388229688315
1.8009284510624637,3.879075834285271
1.8013234590740148,3.8974020142396495
1.8017037351538037,3.915427736108307
1.8016958860606784,3.935003499881429
1.8019789119820002,3.9554967729565638
1.8030266638994175,3.9707957190580103
1.8062211699625812,3.991301923437931
1.8099653200976442,4.007716593037745
1.8158094952063764,4.029610251213565
1.8233376613396473,4.055060159916812
1.8308707600967267,4.077734162671744
1.837564071195662,4.095850973475419
1.845165495856491,4.113724262920305
1.8555993321055102,4.134861324430133
1.8679853833781386,4.15701933541829
1.8817832708887205,4.179713742342778
1.8972617740510433,4.202383797242453
1.9113751259554879,4.22129988678875
1.92603491880453,4.239654137629868
1.9379309795573425,4.254195068225041
1.9514685347355625,4.270403356322331
1.9659732061323927,4.286653869536992
1.983103167250236,4.303225229841865
2.0051618360856507,4.321379625119278
2.0275922810605262,4.337801103983443
2.0488162317732193,4.352903622951201
2.0704319844410763,4.369269848236184
2.0934548555326,4.388136311915335
2.1154463914228185,4.407257944781064
2.13686763612747,4.425676257272688
2.1575906602018553,4.443219225001594
2.1803242242817524,4.462726545700908
2.202323382816312,4.482509614353428
2.2228575953308214,4.50073833548188
2.2395082467758387,4.514773681114924
2.256381438505827,4.527698208317778
2.2770663518705567,4.542454393825966
2.3009036336637685,4.558356128388204
2.3209190137099096,4.571456074042072
2.3460354633849745,4.587851188821584
2.371171006243438,4.604281094465802
2.3967987602885095,4.6199814393828955
2.421986812110483,4.634761811285268
2.4459484728588077,4.6484783605718345
2.4722381762061327,4.6629162449218455
2.4989457723170108,4.676694915155532
2.526113189804119,4.689495892527804
2.553816204818107,4.701092407930908
2.5814381582332464,4.71224628840797
2.609322157275089,4.723191401194321
2.6368399276331447,4.734773514220598
2.6632676784421383,4.746976238080057
2.690174539261888,4.760030221497858
2.7155798381106413,4.77353784028293
2.740988910141447,4.788263414037797
2.766076403755419,4.804584720569803
2.789335351911139,4.820424288495884
2.810667461132905,4.836343219931279
2.8277187700998785,4.850045957308357
2.846162457751354,4.86521224354169
2.861717171170933,4.878078229000176
2.8782961250729167,4.892379660964553
2.8968087260930453,4.909028943510138
2.9180302813877095,4.928613025522872
2.9398840156237096,4.949171088917403
2.9612876990209154,4.969611309152448
2.980984444236675,4.989471422428086
3.000733856520328,5.009322357374577
3.021203918412967,5.028391881175948
3.0386773990736513,5.04385224721376
3.0555321167579477,5.058293408494023
3.0745013065830498,5.073995245524822
3.0975178624368627,5.091617064913027
3.1216920379149355,5.109295105051016
3.146299154782114,5.126577039930035
3.169855707157188,5.141736113207234
3.188517109462281,5.152732764166974
3.2115109659372774,5.166078647989543
3.2371809024524976,5.181138514514865
3.26310157026004,5.1962207028396445
3.2891461231129426,5.211105135072002
3.313213083598231,5.224476514699033
3.337446762521771,5.2374175725582015
3.361163400879848,5.249809722988781
3.3871512132992465,5.263107772511206
3.4138969706630338,5.27677054918192
3.4406122234344285,5.289718055737599
3.4637902337939943,5.300943224244259
3.4875745584046123,5.312363861289195
3.51443392145804,5.324945307731615
3.541252932444112,5.337937144892326
3.567763774632522,5.351581965563414
3.591357096382554,5.36485141305743
3.6146866062263254,5.378470091406405
3.640669391295378,5.393285788724385
3.660812307822893,5.404172631642469
3.6870522021565,5.417186685383104
3.7147911419622357,5.428966099893633
3.7434299530568302,5.438308189179925
3.7707732457798855,5.4461262096513785
3.796510944333298,5.453709875125029
3.8237596827166467,5.462547593665367
3.85030705265578,5.471960788719572
3.8721614559217366,5.480292415999916
3.891583663948081,5.488156454744353
3.9143709945617924,5.497664282202075
3.938101742235525,5.508395331298082
3.9615247464778442,5.521074082404821
3.986545587237985,5.537182294502635
4.01036389823871,5.555130394883718
4.032610330129055,5.575028850910544
4.053576410339642,5.596355967449095
4.073204264204132,5.618202848967414
4.091515381588611,5.6407440022589626
4.108777935769384,5.6649921531237375
4.12471068599498,5.690324268002439
4.1371470679154845,5.710850771018085
4.152340308109268,5.736309038601439
4.16692048195724,5.761866192652715
4.180890535448997,5.788274658870975
4.193002061273,5.811887810419575
4.202904097829784,5.832166046836667
4.211662964501315,5.852598835773227
4.220981563059139,5.875733133981213
4.232031723569693,5.900826843399477
4.245772876364741,5.927149118601939
4.259730782872906,5.95154591294378
4.273882473549851,5.977257244476211
4.287077106859596,6.003906727579033
4.298212580068272,6.031256125282318
4.307511163737615,6.05845578728901
4.316479382148363,6.087081704968941
4.325885434504971,6.115588992067283
4.335079427663532,6.144113651999095
4.34263645674143,6.169328273828429
4.348607549534927,6.1913138326092065
4.3542745349519905,6.214935032753843
4.3600924324080985,6.241946204677395
4.364825330052527,6.265548663913554
4.370248839611951,6.294193026740602
4.375699691185534,6.32363921530771
4.381308429543316,6.352610236638954
4.385677329149642,6.374032919316268
4.3914767869871545,6.407570137125978
4.3945257959219,6.431108038373463
4.3978421507781205,6.466508005368406
4.399014610476507,6.4882367755239665
4.399948024353501,6.514435029889273
4.400660813732051,6.540583239061703
4.4007595279025615,6.567309869230067
4.399921819621698,6.597011890695494
4.397859940964615,6.626839534349697
