1370.061937256158
1370.0919300543476
1370.114725498572
1370.1195247390126
1370.1239241449905
1370.1315227798555
1370.1435167899876
1370.14597904881
1370.1459816277204
1370.145981871486
1370.1459830735707
1370.1459833793203
1370.146216872862
1370.1475803306328
1370.1549728635707
1370.1664457998875
1370.188128589161
1370.2168189852493
1370.2463246530183
1370.2759122505408
1370.3054689141975
1370.335298089878
1370.3592407730032
1370.3890813857406
1370.4189292422209
1370.4488138570289
1370.4786302564494
1370.5084423080505
1370.538354368654
1370.568518433908
1370.5927525299712
1370.6290731536985
1370.6532284548798
1370.6833116712014
1370.713309356992
1370.7433123154951
1370.773314044567
1370.8033335848781
1370.8334659195127
1370.863626549958
1370.8876977825264
1370.9177721277117
1370.9478172288157
1370.977839724829
1371.0078438539242
1371.0378483637185
1371.067852212526
1371.0978994102516
1371.1279743088899
1371.158023286534
1371.188044905472
1371.2120595312379
1371.2420866740486
1371.2721464688532
1371.3022132516157
1371.3323128534753
1371.3625104302962
1371.3927869699583
1371.4230632157464
1371.4533155611816
1371.4835204983467
1371.5136791258947
1371.5437812020436
1371.5740096906663
1371.598148151062
1371.6282135106178
1371.6582109622266
1371.6881850415477
1371.7182337487673
1371.748296642989
1371.7782857273141
1371.8082954214292
1371.8383097103317
1371.8682610791586
1371.8981899510907
1371.9281395081507
1371.9580890621903
1371.9880297305706
1372.0119841838994
1372.0419278726915
1372.0718834608258
1372.10184155479
1372.13178897387
1372.1617446987261
1372.185717188349
1372.2157051229278
1372.2456862706338
1372.2756712900837
1372.3056637367813
1372.3356577892791
1372.3656543744596
1372.395659949751
1372.4196521011265
1372.449624523758
1372.4795873654366
1372.5095348317923
1372.5394935388067
1372.569457817383
1372.5994312272967
1372.6293994940181
1372.6593782650832
1372.6893827508652
1372.7193910347482
1372.7493845876363
1372.7793602884242
1372.8093805198823
1372.8334899927008
1372.8637142188202
1372.8938719445237
1372.9239089901216
1372.947843358972
1372.9776317409232
1373.0072807624779
1373.0370247445971
1373.0669136536496
1373.096885989912
1373.1268579646237
1373.155387680986
1373.180730175193
1373.201179508697
1373.2230809821654
1373.24190215087
1373.261806748219
1373.2775328920727
1373.29328834973
1373.3103934790201
1373.3281873068443
1373.3418748730528
1373.3582693193669
1373.3728396190843
1373.391018114073
1373.4088362299683
1373.4291958938359
1373.4498859509004
1373.4685711596887
1373.483672367772
1373.4959888775484
1373.5049079201774
1373.5118170521741
1373.5187289970306
1373.5300828624734
1373.5416518129846
1373.560064195516
1373.5822349772488
1373.6092655242549
1373.6388471047737
1373.6684726663232
1373.698247562948
1373.7281621365837
1373.757632969475
1373.781062855673
1373.810421744141
1373.8400609336406
1373.8660372955362
1373.8886604241839
1373.9098108981716
1373.9315167255015
1373.9599017171029
1373.9888190147599
1374.0173874549257
1374.0459192554617
1374.0740677295132
1374.1010684897697
1374.127663321388
1374.1536088524128
1374.179735356282
1374.2055550109844
1374.2315512131045
1374.257123852804
1374.2830142593068
1374.310643870453
1374.339091663636
1374.368024845754
1374.3913205203576
1374.4207253675984
1374.4502117086247
1374.4798247143099
1374.5094608590675
1374.5390857552031
1374.568762672363
1374.598562487794
1374.628458472213
1374.6584100588118
1374.6883716792374
1374.7183494083101
1374.748366047769
1374.7784503838461
1374.8024992749488
1374.8325333457904
1374.8625081233952
1374.892463255697
1374.922384726093
1374.9522971338772
1374.9821924931032
1375.0121211643234
1375.0360767271004
1375.0660577713397
1375.096061182894
1375.1260707789363
1375.1560095314796
1375.1859291872136
1375.215878372316
1375.2457556973893
1375.27560783083
1375.3054926581585
1375.3354070631133
1375.365377851467
1375.3953541724582
1375.4253160704136
1375.4492789406697
1375.479169238652
1375.5089132181472
1375.5386239675165
1375.5684268534255
1375.5983160785477
1375.6283204124359
1375.6583886321448
1375.6884012278015
1375.7184089744744
1375.7484407021734
1375.7783882594797
1375.8082740829072
1375.8321432769133
1375.8620520431407
1375.8919739550588
1375.9218921083384
1375.9518082681386
1375.9817063077498
1376.0117122418185
1376.0417086524442
1376.0715948973254
1376.1015629156868
1376.1315822136762
1376.161656685946
1376.1857050575525
1376.2159061403015
1376.246033128368
1376.2761772141487
1376.306258378314
1376.3333064289843
1376.3557808734859
1376.3734614956084
1376.3890564220283
1376.404524984383
1376.419861502015
1376.4379742735002
1376.4570596139113
1376.4783775107426
1376.4979461335026
1376.5204683531836
1376.5468031857736
1376.5758885785342
1376.6052985763015
1376.628760125893
1376.6643108167536
1376.6881506644836
1376.717940830205
1376.7473898310066
1376.7751955791075
1376.8028024965988
1376.8327053506152
1376.8628257214984
1376.8930233074102
1376.9231017207421
1376.9530394682886
1376.9768976702906
1377.0066173444154
1377.0363682724244
1377.0662490922282
1377.0962621358858
1377.126365702917
1377.1564545625877
1377.1804875583562
1377.2105028031938
1377.2404936663588
1377.2705039200932
1377.3005349610441
1377.3305869229923
1377.360685508823
1377.3908515949456
1377.4208826111399
1377.4504423256944
1377.4800862258778
1377.5094288609268
1377.5385489232956
1377.5675419290478
1377.5940388627457
1377.613255611616
1377.6300150140096
1377.6417459143588
1377.6470938909265
1377.647398218164
1377.6511690833288
1377.6611869655335
1377.6797237539665
1377.7023206738816
1377.7185862562471
1377.7268210079142
1377.7298553291407
1377.7317441018267
1377.7336405457265
1377.7368093308864
1377.743678237408
1377.7460676528249
1377.7476052996506
1377.7530380478522
1377.7568794217254
1377.7619960731279
1377.7752795055364
1377.7955830605936
1377.8172836510614
1377.8325879529234
1377.839106856107
1377.841295536924
1377.843832778247
1377.8533774871323
1377.865222711438
1377.8766725711491
1377.893281627199
1377.905771184607
1377.9159869391042
1377.9214115077425
1377.9243033256173
1377.9269487543363
1377.9358531328646
1377.949535797839
1377.9539146044956
1377.9549359285647
1377.9591586210372
1377.9717498519833
1377.9875017266602
1378.006441045939
1378.0259417004306
1378.0368060025703
1378.0376659227854
1378.0455920547868
1378.0586696967835
1378.0722930393615
1378.088732614439
1378.0976781497766
1378.1001918636043
1378.106874825843
1378.1211117161697
1378.1372918253571
1378.1508218668293
1378.1556703177444
1378.1593125707964
1378.165724927759
1378.1677046109585
1378.1726666557004
1378.1853336012755
1378.2040749354853
1378.2256973933645
1378.2504715637765
1378.271904377667
1378.2920975743266
1378.3022863505166
1378.3036891804552
1378.3098644129177
1378.3111900259444
1378.318825013162
1378.3337884280054
1378.3545675386567
1378.3816741403623
1378.4047607268828
1378.4326874523513
1378.4606685441477
1378.4892183789023
1378.5175248663388
1378.542130760368
1378.569396808955
1378.5985901832555
1378.628281006939
1378.658100944518
1378.688027361155
1378.7179875303539
1378.7479727869234
1378.7779712066974
1378.8019557362095
1378.8319264082838
1378.8619114838777
1378.891814350678
1378.9216755159098
1378.9516614428194
1378.9817069628834
1379.0116944186975
1379.0416176842316
1379.0716158212172
1379.101652176593
1379.13168311025
1379.1617085512455
1379.1916215569884
1379.2155604305565
1379.245562113848
1379.2755608612554
1379.3055240973354
1379.3354974562703
1379.3654582593506
1379.3954145949967
1379.425422256695
1379.4553325638665
1379.4852212954743
1379.5150755010773
1379.5448583839186
1379.5746435006404
1379.6045312569472
1379.6343957948839
1379.6583517942552
1379.6884133583083
1379.7184992964405
1379.7485784829696
1379.7786861492639
1379.8088333701594
1379.8390011244564
1379.8691561194155
1379.899309820794
1379.9294620091512
1379.9595949688
1379.983694390844
1380.0138105446251
1380.043911567173
1380.0740085195782
1380.1041031648122
1380.1342121620514
1380.1642947268092
1380.1943514670543
1380.2243801252598
1380.254376861064
1380.2843825732784
1380.3083835721131
1380.3383373796587
1380.3682790981272
1380.3982532252717
1380.4282317045133
1380.4582170840688
1380.4822081192694
1380.5121964673428
1380.5421835283287
1380.5721689075037
1380.6021577810989
1380.6321527568327
1380.6621550111806
1380.692161249339
1380.7221730529275
1380.7521862248732
1380.7822100314136
