-1.4859343435333652,-8.006228143656823
-1.5156006683510217,-8.010660484177405
-1.5407192940479133,-8.014462015501227
-1.5535722403525336,-8.016430508640779
-1.5557962716319556,-8.016773411609078
-1.5576247355605999,-8.017056122267627
-1.5600953096339805,-8.017439496425228
-1.560984278805326,-8.017578073251187
-1.5609822407815768,-8.017577857089783
-1.5609825102402806,-8.017577887289011
-1.5609835893112567,-8.017577943819672
-1.560983141346437,-8.017577847241942
-1.5609828545078643,-8.017578001492884
-1.5621671843228808,-8.01776323986423
-1.5720437544239558,-8.0193089534917
-1.5896572798917845,-8.021991384114305
-1.6115935913577313,-8.02451538484154
-1.6395992379000135,-8.025787165766278
-1.66972074600497,-8.024926465790195
-1.6996849532670695,-8.021988567059795
-1.729427625337459,-8.01760308408597
-1.7521648190928927,-8.01360426559208
-1.7815859619049206,-8.007513552253906
-1.8109093354641888,-8.001123344080746
-1.8401826867100448,-7.9945620138670686
-1.8694972530239806,-7.988181997282919
-1.8987389859083106,-7.981302068072896
-1.927842848877851,-7.9738539790865675
-1.9509998345566013,-7.967409805499556
-1.9797073763967925,-7.958426867530756
-2.0079694333428817,-7.948139737454737
-2.035883357508049,-7.937055673323235
-2.063607199467543,-7.925441539716157
-2.0887914291545044,-7.913689820799157
-2.110130422910842,-7.902758254542473
-2.1321431852121777,-7.89090212619006
-2.155499828293374,-7.87763564921263
-2.172598655418294,-7.867774926443857
-2.19356267885947,-7.854528631246876
-2.21558349127047,-7.8384762802412355
-2.2387979029338543,-7.820178711276906
-2.261505915311722,-7.800850103386235
-2.283637692587516,-7.780614746659592
-2.305443408236706,-7.760114310763741
-2.3276342124534843,-7.740013806496189
-2.3504053344462807,-7.720558635899355
-2.3734395988608274,-7.701303757904699
-2.3961514377450013,-7.681694379334662
-2.4145002932164794,-7.666283020469205
-2.4376163037399508,-7.647117383717546
-2.4602666685283814,-7.627392330706757
-2.4827968045386157,-7.607590083426681
-2.5050557282412065,-7.587360916071646
-2.525250989074343,-7.5665166115988995
-2.5413976158477345,-7.547368619424638
-2.5567166198789955,-7.527968413106079
-2.571858913610989,-7.508265779962121
-2.5874583075604605,-7.487576325079277
-2.6026378595642057,-7.468248779675127
-2.615605726742265,-7.453262584763123
-2.6335757712877292,-7.435146403573895
-2.6545174552324236,-7.416238758003497
-2.67757461691962,-7.397995199403204
-2.7023180950175427,-7.381486704890255
-2.7280669129671637,-7.3666431541614035
-2.754275572657642,-7.3531650442350465
-2.7813801486147125,-7.340658642312703
-2.8090512589334025,-7.329402337113892
-2.831519482983283,-7.321038260398752
-2.859595958289559,-7.310350480159496
-2.887392564752579,-7.298889470547219
-2.91468522622841,-7.286229224515484
-2.9408478386659493,-7.272495680739069
-2.9666941566660703,-7.257699189315931
-2.990755237436223,-7.242296266310433
-3.0152543685793134,-7.2251164433578925
-3.0396568436871214,-7.207687208727201
-3.0643276814753615,-7.190717539933092
-3.0896191012925995,-7.174703154678692
-3.110116170394048,-7.162371176756329
-3.13537790996707,-7.147478594427832
-3.1612545151299147,-7.132271806983299
-3.1846870717151883,-7.118884663853242
-3.207820537604209,-7.105805966476461
-3.230337160354418,-7.092829330341648
-3.25570726272764,-7.07800787778106
-3.28126386554647,-7.062380824011412
-3.3058551321412857,-7.0451430405617685
-3.324254777170297,-7.030814460990941
-3.3468522717862466,-7.012679639231822
-3.370018580262894,-6.993608565382206
-3.3932258870273584,-6.974593936942347
-3.4163205910638133,-6.955408125260566
-3.438979237146683,-6.93565785843907
-3.461165826724005,-6.915449054471128
-3.4832652514324276,-6.895121284822572
-3.5003196402975774,-6.878628779310585
-3.5187256991625735,-6.859824598616641
-3.5364303448346885,-6.841003389242491
-3.553356458172635,-6.822631481950432
-3.567772924377058,-6.806053843660618
-3.579865220468044,-6.790899605973322
-3.5912951134897666,-6.775563700871968
-3.6049112967755557,-6.757180571509271
-3.619591735697828,-6.737788921110691
-3.6306709582605916,-6.723172796957321
-3.6447744830998103,-6.704459241129149
-3.6598260778410805,-6.6834973134290365
-3.676985013098261,-6.658908686951066
-3.6936744883653954,-6.634055165949097
-3.7089886096756532,-6.609987115430763
-3.7204982748729476,-6.590448192331605
-3.7342547035427716,-6.564559968769312
-3.7463806361681105,-6.537759695883866
-3.7562965587300057,-6.509350255637701
-3.765042512262654,-6.4806878508549515
-3.773851369918796,-6.45203039735016
-3.7823282847885342,-6.423263619598714
-3.791191154135698,-6.394644766360463
-3.8008381888125786,-6.366646061194684
-3.8084473950911244,-6.345782687354959
-3.818689419415642,-6.318521210842885
-3.829184093196447,-6.290382678725346
-3.838859539883131,-6.26192529459166
-3.847345879318255,-6.2347994964360876
-3.855991010709411,-6.2074797622666615
-3.865475586845578,-6.179078892956157
-3.8760020517149427,-6.151049075884154
-3.8851106278809526,-6.128920786190302
-3.8975032394528437,-6.101671029229683
-3.911075971885405,-6.075077008384699
-3.9271544477174816,-6.050027315970273
-3.9461550852716494,-6.027111932361258
-3.9670368488648893,-6.005691863166076
-3.9841012721656233,-5.988822947417982
-4.005408441363549,-5.967690298727385
-4.026766340775671,-5.9466467636298805
-4.04810072088011,-5.925514432075188
-4.069269743914422,-5.904290834909257
-4.090707759316442,-5.88333542432014
-4.112317852316973,-5.862523969084518
-4.134056736623476,-5.841916278104234
-4.151782028965295,-5.825754923858867
-4.173254701145485,-5.805957607999053
-4.193686718123735,-5.786124074151971
-4.214342257870437,-5.764291855179104
-4.234669485531014,-5.74223229052554
-4.254613245697365,-5.720785917595603
-4.273291862506746,-5.701656580894092
-4.292007584469044,-5.684518391992224
-4.3117081113319315,-5.668893240443108
-4.3282919652927,-5.656252916656189
-4.350981744160532,-5.638636123186237
-4.374418475511479,-5.620816344633801
-4.3984332828044606,-5.60294350894072
-4.421980307218333,-5.586699371897089
-4.442310950664542,-5.574703744642655
-4.463620248465347,-5.563898640249002
-4.488074107156702,-5.5538509567341485
-4.514828291286684,-5.546445583483321
-4.542394072727738,-5.5417044657860375
-4.564738561871443,-5.538589602672489
-4.594233054397271,-5.5339364050446145
-4.623744219053185,-5.528167483264187
-4.653011419471037,-5.521332878740821
-4.681744913137061,-5.5140515159188555
-4.707926649406737,-5.507266493502088
-4.733360121261628,-5.500385895494635
-4.760275660207148,-5.493432607198058
-4.781113512750224,-5.488584106235442
-4.809115811822782,-5.482145488510819
-4.838037960769189,-5.47493221104971
-4.867016556840056,-5.467296947371228
-4.895918953686599,-5.459144427342707
-4.924519125402089,-5.449871666649703
-4.952709116473574,-5.43933344859338
-4.9748430658399725,-5.429853188459079
-5.001895199118286,-5.416644135257318
-5.028204904761656,-5.402088223368263
-5.053911673462288,-5.386462694684348
-5.078825195942551,-5.369569913499123
-5.102934050145712,-5.351610697949456
-5.12475040610772,-5.33445133149899
-5.148005043860181,-5.316126440593625
-5.171557121258009,-5.297575773255984
-5.195402615176141,-5.27944554809055
-5.219812584794079,-5.262123588089264
-5.244691045977766,-5.245407905187053
-5.262905948128792,-5.233419125786027
-5.282708005953775,-5.220144925106667
-5.301282853964954,-5.206432086805828
-5.317487467379153,-5.192898245100749
-5.334205695470704,-5.177226726093398
-5.350010272933905,-5.160773005218621
-5.3676278927265475,-5.140924395131058
-5.381134374813379,-5.124245402956414
-5.39578732205257,-5.103997390430691
-5.409758193523054,-5.082937637413374
-5.422044841173486,-5.062864296394878
-5.431780762492967,-5.045295057905088
-5.441997925818492,-5.02435384516228
-5.452521918238872,-5.001246553642679
-5.462943763541628,-4.978459851708028
-5.474881854187267,-4.954915145523043
-5.485928308291657,-4.935585554963168
-5.500291223564124,-4.911997181797995
-5.512898838204047,-4.892356499845295
-5.526950595727561,-4.871651625505892
-5.542300755900422,-4.849327475717165
-5.555966834738291,-4.828421329232584
-5.569052298022187,-4.8069352466075825
-5.583702340560456,-4.780842887108803
-5.597279310793683,-4.7540110050913436
-5.607559831474819,-4.732277228573936
-5.619195358650887,-4.705661957362489
-5.6302384956632965,-4.678753906045474
-5.641699891408014,-4.65106922022357
-5.653697404837468,-4.62363204603908
-5.666727945144484,-4.59669105643662
-5.680454591017041,-4.570034929760534
-5.69448311032617,-4.543556282649027
-5.708944678881822,-4.517314238305021
-5.7210344445001455,-4.496660123301473
-5.737375916827584,-4.471637302851363
-5.753838679891069,-4.448849100053456
-5.769456733310883,-4.4275486055862245
-5.785131472808531,-4.404562543291288
-5.800321188510064,-4.380765753257468
-5.815707357963952,-4.356995714194393
-5.8322685179321025,-4.332478996424568
-5.849131678529001,-4.307729455939171
-5.861821077744462,-4.288802564230011
-5.875637604840718,-4.268121937670273
-5.890148829218412,-4.247565940419606
-5.905836319176742,-4.227391212681591
-5.922417171004824,-4.207972204156128
-5.942392026560428,-4.187756107697346
-5.961874934308772,-4.172076113703692
-5.978714349067309,-4.161139088339644
-5.999451533940862,-4.149826537386528
-6.020311844518215,-4.139474743220401
-6.0420727641661545,-4.127896299348995
-6.063051037064192,-4.115227666918363
-6.084353792925655,-4.101154872237714
-6.108577282272623,-4.083717021133158
-6.132198840933898,-4.065093436432118
-6.155267514640676,-4.0458829423395155
-6.178229949998094,-4.0265733131575505
-6.196634876343813,-4.011198765992349
-6.219788260712626,-3.992133042203977
-6.243049404139587,-3.9732091232820266
-6.266591773122732,-3.954695030271044
-6.290532010692471,-3.9366737489809123
-6.314895949742855,-3.9192894691688767
-6.339838892951915,-3.902741025284539
-6.360290993357556,-3.8903055396096615
-6.386450465457776,-3.875810031001662
-6.413069001570984,-3.862012338338857
-6.439798729833254,-3.848408415161352
-6.465958517493741,-3.8343528942735485
-6.491426245996174,-3.8192331718776233
-6.516906872470083,-3.803367823720732
-6.542309352029634,-3.7874160034002533
-6.56782949654212,-3.7716430137921764
-6.593287113915185,-3.7557599473783854
-6.618712645680539,-3.7398528763095418
-6.644142479426218,-3.7238424536738917
-6.664040280455971,-3.7103494329373463
-6.68882343631259,-3.693499655906896
-6.713956189351951,-3.6771849261505736
-6.739396792747795,-3.661371707338446
-6.765131043594808,-3.6459558152111167
-6.790750061936485,-3.6302845615483452
-6.8159986129616525,-3.6140130495348495
-6.840781293921811,-3.5969635669102322
-6.864913372342805,-3.5790491543512104
-6.883712028745024,-3.5640219916077296
-6.906429952121924,-3.544248313033015
-6.927205415096442,-3.522319939560646
-6.94525647361486,-3.498137576507294
-6.96070986582851,-3.4721626276106057
-6.971850784350623,-3.4439967998795806
-6.97844190683885,-3.4145036343010857
-6.982163124391981,-3.384626410857577
-6.984988014534583,-3.3547447914206106
-6.987541945835601,-3.3248289070078187
-6.989896130536749,-3.2949440144631046
-6.9922112776208705,-3.2710763310655424
-6.9951429879751865,-3.241207226622685
-6.99748627229802,-3.211246914323768
-6.9990812869194805,-3.181231155902632
-6.999341618308413,-3.151152913336638
-6.998531972020088,-3.121120329998666
-6.9974561935531625,-3.0970905192752523
-6.993573535322514,-3.0627153610435136
-6.9895383357583984,-3.0419384114673367
-6.982911696024276,-3.0160462771736882
-6.973700830441792,-2.990577898471073
-6.962764378977239,-2.965695494392371
-6.9518515964447,-2.9409351080684587
-6.9422351083129445,-2.9146459844523247
-6.935629842069983,-2.886940319733833
-6.931737552426601,-2.857344818108876
-6.92910355838411,-2.8277774207135784
-6.926469143591202,-2.8009200129931036
-6.923483854720544,-2.773118793123272
-6.92063527949696,-2.752730862930551
-6.91606832366738,-2.72879532934635
-6.9102661406767165,-2.705079711237794
-6.904722170908409,-2.6844420717666186
-6.898988424138435,-2.663042238571496
-6.893170241055962,-2.6399336115594676
-6.886301564217732,-2.611995008672518
-6.880117816034378,-2.589076492227366
-6.871776778352824,-2.5603582061211996
-6.863795798337374,-2.5319611785021956
-6.8565603616071815,-2.506304256944316
-6.849875942820362,-2.480907994624675
-6.842819898308376,-2.4533673430736567
-6.835145218760894,-2.4251588571629688
-6.829153353432194,-2.403493331605301
-6.8219108890741005,-2.375234017086203
-6.815477467307597,-2.3471800516380057
-6.809641293156762,-2.319445997836063
-6.802576684068226,-2.290604214237179
-6.794724132800165,-2.261679504203761
-6.785308582237349,-2.2330297059235784
-6.772761857185919,-2.2055513940274167
-6.760746344893756,-2.1846505871331616
-6.7447868902891885,-2.15922171227511
-6.729126678315419,-2.133692514798279
-6.714745605141414,-2.1075289761719063
-6.702598355735565,-2.080281366756091
-6.692617018583727,-2.052440662793654
-6.686318858146884,-2.0302291414748375
-6.680146498288424,-2.0010113703224337
-6.675756097784546,-1.9713732893703744
-6.672962236010359,-1.941564815804206
-6.671592726208425,-1.9116522802835667
-6.670807167065922,-1.8816879214865538
-6.6705900725880145,-1.851749201886303
-6.671182758210896,-1.8217759674802116
-6.67146563013007,-1.797734404643764
-6.670817175652958,-1.7676640274792395
-6.668399591756411,-1.7376069148635933
-6.66343720805518,-1.7079088672278717
-6.657736866751366,-1.6784728605994175
-6.6533783332143415,-1.652054257358879
-6.649690093682293,-1.623872110466436
-6.646630377735226,-1.5954774978250859
-6.643255815101395,-1.5679119243105846
-6.639120445288294,-1.5387740992595231
-6.63409481636311,-1.5091376388589008
-6.629295302538489,-1.4855538863406912
-6.622696929815595,-1.4562882862194795
-6.6171198700876745,-1.4306816277665844
-6.611972813620378,-1.4049612514768741
-6.608527328461416,-1.3805767852702227
-6.6070560019701015,-1.3551209199070753
-6.60708500686189,-1.3326484397675027
-6.608140833809475,-1.310574681817821
-6.610181938501607,-1.2851285190020114
-6.612221120109315,-1.2655797679019745
-6.615361651409241,-1.2428745114748787
-6.619115957345718,-1.2235101087103246
-6.623306310979092,-1.2079385703996655
-6.629407357128435,-1.1909296029763452
-6.6373187011875405,-1.1722421590537866
-6.644518656434024,-1.155610611050576
-6.654986738489597,-1.1308873142179008
-6.666391375177683,-1.1032055808703007
-6.676752441535789,-1.076734883438382
-6.68549774315791,-1.0527311290282548
-6.693585045015891,-1.0306012831280795
-6.701596560381528,-1.0102900230092295
-6.710304447441109,-0.9894014740748118
-6.718858968003772,-0.969137733246181
-6.726704548651485,-0.9507166046535048
-6.7373141867302095,-0.9250990435189428
-6.747740300513779,-0.89838505621642
-6.756768549870209,-0.8737183418206113
-6.766733567865742,-0.8475800237562043
-6.77866667398115,-0.820254979325222
-6.788598750901886,-0.8003243953392666
-6.803069802885808,-0.7741498635146208
-6.818753245591574,-0.7491581063033504
-6.836820452169455,-0.7254382039085422
-6.856768600926045,-0.7031855839323337
-6.877054518555617,-0.6816787451706717
-6.896236104164535,-0.660596218259286
-6.915152856263665,-0.6389629387109079
-6.929539699091949,-0.6214420047176507
-6.9485011704346045,-0.5982238452705089
-6.966922583162399,-0.5753404882323501
-6.985405806796064,-0.5531011274739911
-7.001248092481977,-0.5363365154921406
-7.0265001984940465,-0.512463096992885
-7.043459038806117,-0.4961572800752499
-7.064048606045997,-0.474176427789075
-7.083259833524927,-0.4510335002145575
-7.1021317963081385,-0.4277722544351363
-7.1222205648842145,-0.4057327112622606
-7.144165783851923,-0.3854508796021014
-7.162361803260643,-0.3698911108041623
-7.184411265797228,-0.3521524864959784
-7.2064599267473035,-0.3345527864002243
-7.227547619906012,-0.3164225741420719
-7.248964199395808,-0.2966196883727042
-7.269690640918476,-0.27513080934537404
-7.287726826770761,-0.2511276623106318
-7.30131253771669,-0.22403003366423338
-7.309643125694827,-0.19501481421211556
-7.313078096473633,-0.1649258692189786
-7.3118090796502315,-0.13475364044288882
-7.308572375523651,-0.11086916757817342
-7.303516907604628,-0.08128350599838124
-7.299254817613108,-0.051710156028010754
-7.29782471965501,-0.02206397372429208
-7.300422446899754,0.007369450377774122
-7.30610962597604,0.03668791939863133
-7.311518703128327,0.060060932744569695
-7.317645878125138,0.08953298486114512
-7.321126993361738,0.11954873903565275
-7.320471470025474,0.1482019015659762
-7.316853622786503,0.1763709409933339
-7.3122402499794745,0.20426856136743418
-7.308598037260625,0.23149332054912378
-7.307631691064978,0.25883342208422383
-7.311031613612595,0.28816436451818667
-7.318039833166492,0.31687928118946096
-7.3249201248367735,0.33960697985984833
-7.333445111522343,0.36816053401925897
-7.340015350436279,0.397348630146941
-7.342514264203572,0.42669558827572773
-7.340257145522637,0.45360412064414596
-7.334817145094039,0.48001666482630473
-7.328083848200862,0.5060033900388285
-7.321870948479975,0.5319825063526686
-7.318491268190857,0.5529819728370902
-7.317786407791719,0.5804315731556885
-7.322242033553944,0.6091232251925973
-7.330731897919927,0.6370367516415363
-7.341248709951836,0.6644026759170634
-7.351565794176622,0.6901418152037107
-7.359201267973171,0.7086251953552244
-7.3676494025293255,0.7301722042776015
-7.375206189751048,0.7525693061135698
-7.381069142099684,0.7770460632982783
-7.383209890955077,0.8024203720321418
-7.381525881316824,0.8278877550462147
-7.377760939272378,0.8530121852313042
-7.37367299504306,0.8779554743770231
-7.371338197815021,0.8979432057661645
-7.371047068986136,0.9242885672236592
-7.37468480028635,0.9534279315539156
-7.380761556167617,0.9822076376775419
-7.387796921677917,1.0112531263685078
-7.393990711686982,1.0343591526658318
-7.4009969584578394,1.0635468310584646
-7.4059938603327895,1.0931818881035569
-7.409896456173447,1.1228399682218753
-7.413910579693879,1.1524804972043259
-7.418429368968502,1.1819432724096686
-7.425354849777412,1.210665716342823
-7.435769246002573,1.238567224320339
-7.445893733066795,1.260227270456199
-7.4592830311429745,1.2870815948367629
-7.471815844787315,1.3144433877696091
-7.48337757373358,1.3421315439327095
-7.4950425612468115,1.3698044223302284
-7.505724085404899,1.3979010488938723
-7.51640498031699,1.4258884181484326
-7.5272140840912884,1.453926647455262
-7.535409075122975,1.4764772916393507
-7.546149632315907,1.5044581706893698
-7.557168020901292,1.532313306889693
-7.569612494931618,1.5594176755591542
-7.583658541983824,1.5834194927445906
-7.599157262491287,1.6052929207314162
-7.6151683214195485,1.6259439873301733
-7.632046963128933,1.6484221169174678
-7.6491435513855555,1.6729964091733898
-7.665655705344694,1.6981325794601185
-7.677243456376088,1.718104148229553
-7.690419520078835,1.7445863201616862
-7.701842398823106,1.7689832257543492
-7.713410229337808,1.7932094139804746
-7.723073898173166,1.812467050908131
-7.731072703290771,1.8271321633511945
-7.741378917763455,1.8450682304107267
-7.7507351489026375,1.861692260479234
-7.764480315413993,1.8869576987718313
-7.776963193066384,1.9136056620695387
-7.785545266115579,1.9399555094078633
-7.789439350492749,1.9674713206536052
-7.788343944983533,1.9953345073902533
-7.784888607393154,2.0172685550294664
-7.779003542176046,2.044277106980685
-7.772865313210601,2.0722378234883214
-7.767536374474551,2.1016078051020415
-7.763000698622476,2.1312307063585942
-7.758682185576378,2.1609285246357155
-7.753982886093244,2.190574820584943
-7.749251674941355,2.2199294187305783
-7.744953231546867,2.2484101067769284
-7.7418834620501755,2.270898670172255
-7.738732336937726,2.2992951622308375
-7.736444452682974,2.3254959551902767
-7.735465114254273,2.352223879106442
-7.7362464625470055,2.379321905839249
-7.7374193039172585,2.4002626250597476
-7.738655016405498,2.4238205575863643
-7.739553672976048,2.4446569799761377
-7.740144221724905,2.466350897964135
-7.740974273482233,2.4898221375978267
-7.742461002129868,2.5179990108514305
-7.74385521419581,2.5479774322612934
-7.744779945003058,2.5695603617290743
-7.745863869647769,2.5992229224016934
-7.74720022509687,2.62915966706899
-7.749415187441423,2.65876131092431
-7.751883359148179,2.681413232456795
-7.755539855939694,2.709860221346962
-7.760526342391121,2.7391633968727414
-7.766840389884348,2.7681639160301716
-7.7740742925444595,2.796536203031207
-7.781727281276985,2.8222071606901173
-7.789158132448203,2.8444736757072686
-7.797945801703384,2.8684084886666805
-7.8085676040895775,2.8925690264013686
-7.821082021282639,2.9168531806330664
-7.835506516063945,2.940072220527438
-7.849120988482162,2.958045218027038
-7.86435448364533,2.975781233615301
-7.881332054719655,2.9947523395316313
-7.894908091174842,3.0098084429474765
-7.911031138725927,3.0285072871564305
-7.928747771678507,3.050496999279991
-7.947267796953513,3.074122886073374
-7.964626024506128,3.097465351271373
-7.978334375956792,3.1164285129242493
-7.993972603876004,3.138148703112113
-8.009510021856327,3.159656189837591
-8.026329029038257,3.18394283325757
-8.041813441755767,3.208164200723035
-8.05465958435012,3.2303462932208724
-8.064746363280104,3.2491008016568705
-8.072870166128322,3.2638754444675593
-8.086743223862722,3.2870461331141247
-8.102300438219407,3.3118845073528043
-8.117229838225255,3.3357570156396066
-8.13123659759604,3.3594370535087013
-8.145437913735837,3.384569531519976
-8.157250030849587,3.405166012507802
-8.172542535738929,3.4309229198472715
-8.188680898090508,3.456144633026601
-8.205027199481842,3.4813281511808376
-8.22133375440626,3.5064467170679694
-8.238726016194969,3.530774904148269
-8.257420389084484,3.5540768680615793
-8.273451090595543,3.5717780401259867
-8.29519892306271,3.5921492795050685
-8.318783057026776,3.610466118249091
-8.343278432294111,3.6276400873716836
-8.368573962471395,3.6435832473114957
-8.389392500408821,3.655318260874689
-8.41623510593678,3.6685181754695626
-8.443442448393647,3.6811526908683505
-8.470176205407522,3.693912594447436
-8.493771277226237,3.7052280123949646
-8.518784744420802,3.717336901077366
-8.5404629511175,3.728159655260635
