294.0219115142819
294.04790833263866
296.4435022998763
296.4615353478325
296.4695963084527
296.4701732493724
296.4701872343171
296.47020164451635
296.4702445980223
296.47030418355297
296.4703202801797
296.4703499848394
296.47038431358993
296.4703903065157
296.4704128042771
296.4704362603992
296.4704501954072
296.47045778015007
296.47046589418716
296.4704685340801
296.47047256858974
296.4704736370826
296.47047615067777
296.4704763928971
296.47047769547316
296.4704781292617
296.470478743105
296.47087835660824
296.4788746724152
296.4968735161667
296.5223384909828
296.54833715950843
296.56913315210386
296.5951290076916
296.62112649424313
296.64712330568346
296.6731196056623
296.69391693329374
296.7199138277471
296.7459103772176
296.7719070188909
296.79270438135336
296.8187009248902
296.84469780458454
296.87069441318783
296.89669092514987
296.922687613111
296.9486842669584
296.97468096673987
296.9954783208611
297.0214750889958
297.04747165760426
297.07346823755734
297.094265706927
297.1202622579322
297.14625896099943
297.17225578994584
297.19825222370815
297.224248815827
297.2502456583498
297.2710428854047
297.29703963008257
297.32303636660095
297.349032796966
297.3750294101598
297.3958268679743
297.4218233810398
297.44782019610585
297.4738167991804
297.4998132986616
297.5258101399737
297.55180672187663
297.5726040649049
297.5986006786027
297.62459730673925
297.64539468478756
297.67139130419247
297.6973879257223
297.72338472363566
297.7493811444016
297.7753777807815
297.79617528177965
297.8221718406909
297.84816850533474
297.8741651090834
297.90016165453505
297.926158345112
297.9521550427374
297.97295252592477
297.998948961753
298.02494538900925
298.0509422698752
298.0717395937277
298.097736155193
298.1237329088358
298.1497294902633
298.17572590061206
298.2017228695778
298.22771935465835
298.24851657048987
298.2745132244828
298.3005099051382
298.32650648482087
298.35250318267435
298.3733004174568
298.3992970825869
298.42529367437123
298.451290383393
298.4772869783411
298.50328350100176
298.52928033732184
298.5552769304982
298.57607401164745
298.60207078491595
298.62806736726316
298.6540639585818
298.6800606051912
298.70085784971945
298.72685464012994
298.7528511412318
298.77884778881673
298.8048444513177
298.8256417168965
298.851638388969
298.87763504487776
298.9036315327318
