0.026054154764484593
0.043998028262923754
0.07143457987108152
0.08649945129296528
0.09632589396046257
0.0976162705096565
0.09761751193776648
0.09761825333320139
0.10001683586618541
0.11201299166640463
0.13205217123185006
0.1568634008895628
0.18212262393477788
0.20727780412405022
0.2258586941262376
0.25082650526455885
0.272276360363345
0.29051645064433035
0.3148516947445676
0.34044235655568
0.36506721388470526
0.3897827904234677
0.4144201366842375
0.43800492315456613
0.46365077952491074
0.487699339261906
0.5104478444965501
0.5367879927630383
0.5641966366873465
0.5920877490796272
0.6207577366233977
0.650864250252265
0.6808920704322498
0.7107692065610968
0.7391681203138926
0.7689691171080009
0.7989607414517227
0.8290620384985262
0.8592285454837774
0.8893263665733098
0.9193044344965106
0.9432922685085676
0.9732509751537415
1.00320539955749
1.0332224844782454
1.0616498233640232
1.091144528401598
1.117598659017959
1.1410385474328537
1.161742319709404
1.1821398233269507
1.2026732083049099
1.2247060706293316
1.2471239053840126
1.2687275191317238
1.2944740073264327
1.323820489893745
1.347883995673968
1.3772360238381405
1.4042224309971543
1.431459719231347
1.4561514936191258
1.4811800179223835
1.506595107843257
1.5312797530466407
1.5596256720208848
1.589380143237474
1.617723290498424
1.6428380799407387
1.6713257554098981
1.6960087283390215
1.722816334613078
1.747606338087376
1.7675823779745468
1.7865530307584458
1.804600103296157
1.8244022880503654
1.844799274247439
1.873366414222878
1.903275518715519
1.9331945521263696
1.9619722245447433
1.9915364402293176
2.02156191850332
2.0516516372261253
2.081622914222119
2.1107097389253533
2.1369508209532713
2.154198662878063
2.165508403626444
2.1773869389801517
2.19712762556273
2.217167208937073
2.2473716623596522
2.270816842771994
2.2981513255475967
2.3219739477257946
2.345932625814147
2.370023193140227
2.3942329957615054
2.4190334874172907
2.4438837108463063
2.468617335132567
2.4966921910869946
2.525276319780708
2.5538021940244042
2.5822857431873083
2.6111843167365993
2.639683562986231
2.6671303410092864
2.694709839655168
2.7194410461534626
2.743682306590426
2.7669504081020704
2.789849864776536
2.8083342182084663
2.8388454635705442
2.865227974581695
2.8864939094320317
2.9185717538153995
2.9398511689835147
2.9664281664683805
2.9957189528741077
3.0254588743917146
3.055226690795034
3.0848517481329534
3.1145615705655967
3.144412577410657
3.174394106997625
3.204466616464034
3.233962913121604
3.2610188959726853
3.2816684953995883
3.307596791017797
3.3339455517416394
3.3604219267694724
3.3897157315594346
3.419473038862907
3.4495884802230647
3.4796360244911413
3.507969230789116
3.5315757799145278
3.553765481968814
3.5807166905028445
3.609698893570057
3.6386956489112405
3.668667610738397
3.6986886444053795
3.728659004696299
3.758445737241021
3.787844738702695
3.8159690992123516
3.8389522388013546
3.8688738839546737
3.898803481461516
3.9287844462907997
3.95717194215596
3.9864195370749194
4.013638790898469
4.037341821129557
4.061888614272507
4.089902377006861
4.114898118724759
4.137870911117056
4.163378746398139
4.1903876463782375
4.217312957463064
4.238366407300277
4.25779222359957
4.28185022737993
4.310034184734473
4.339699005354063
4.363613224505349
4.399458294168492
4.428538777305288
4.450256719686191
4.474051386163178
4.495354641301348
4.518433557062462
4.545611626690247
4.571228191328636
4.59705297977271
4.622360511535367
4.647850325856021
4.672363682013568
4.693172738472983
4.714369190311718
4.734927330271782
4.75681370094844
4.779610554729492
4.803659736155802
4.830173977466814
4.85238163250434
4.877655299510446
4.894744048491422
4.911849217976698
4.930308304474311
4.95210138071672
4.978256865429263
5.002179076674908
5.028277122712958
5.055243991448039
5.082181078222222
5.110099320305791
5.13724290988875
5.164518074614186
5.188908892904344
5.214461788562638
5.234328752962067
5.259736487929794
5.286069489365506
5.312531670319433
5.341290435079246
5.37092107490411
5.400277842006772
5.429008584037205
5.454787729103881
5.480663993862504
5.507175049730427
5.536329373800656
5.565741279662229
5.5947415263995115
5.6227821673603975
5.652710675843464
5.678504573184097
5.6987748097256254
5.719098812893959
5.738634288691784
5.763077464052183
5.787391847370631
5.811609534895145
5.8347510181166315
5.857130904175276
5.882170426758546
5.908599144895191
5.935707928194949
5.9629399925154045
5.989185808438593
6.013253061223489
6.038274006909262
6.063159327041089
6.0901945983706876
6.118149503322661
6.146932178005154
6.174352768093232
6.200327901919922
6.22395977922583
6.248866114988524
6.2687090144082225
6.293395525127578
6.3179451320366535
6.344853980556395
6.370121290082449
6.3950847875488375
6.422515077806201
6.449204076210278
6.473134027115662
6.496343182819582
6.52197208122243
6.549516894397311
6.578530009279667
6.606052491620528
6.633870968407379
6.662804078782604
6.685051861181464
6.71277675266276
6.73829681336789
6.765252175257667
6.793309850430048
6.821653227321367
6.849181121008757
6.877367844289667
6.903852219614122
6.929966186407347
6.9534848396971825
6.974555790944372
6.991230661460049
7.008516512786863
7.03341720399498
7.058504524490238
7.084271949638995
7.110883725589115
7.1400844278763484
7.17003846798168
7.199998232977075
7.224012141719583
7.254025466442657
7.283124199944285
7.312610139048589
7.342456733478415
7.372250609583012
7.396483920080361
7.413257859882314
7.424686168064143
7.4365690622656375
7.450137919448451
7.469438112254134
7.486660216881907
7.509582837764926
7.525850158989239
7.535805474408601
7.547543123094312
7.566984634851288
7.585530370759946
7.60616066280942
7.625919830166285
7.641130634258213
7.654021466906027
7.666752384840315
7.682280140012342
7.701495742317192
7.726369020457103
7.744640528504292
7.7666491123302395
7.788601649412815
7.8105814810574525
7.8325852736505
7.854481594162183
7.87427918150648
7.8940118240915265
7.917340821192323
7.9414944035394015
7.963580077610096
7.9891373592741175
8.018780758540256
8.046694225213985
8.070036205187435
8.091732195627037
8.1174131776875
8.143735593674547
8.16969120072968
8.196835275429972
8.21865433924995
8.248525267830221
8.278221770785656
8.307532675060509
8.334893637868124
8.364755004466732
8.394698468416639
8.424721805789304
8.454844460049003
8.484968366945688
8.515011921376916
8.54442781681451
8.574402887944402
8.604250163186327
8.634350573811988
8.663886581076335
8.693216585815538
8.723254355760572
8.747324969609153
8.77564571706847
8.803036227607903
8.832760851955113
8.862548912982051
8.892344175288535
8.921291516152236
8.948307920424368
8.976115742441435
9.005932409846146
9.035938539173731
9.06563758915315
9.09427886367728
9.123868997696844
9.150551820856045
9.178283622433288
9.205784835527009
9.232951816812477
9.255794056726794
9.27876658917806
9.304735141772232
9.33227952435411
9.362249501211066
9.383665376961172
9.410484593687295
9.439228515339012
9.467865664569901
9.494704873605844
9.522299898628017
9.552170793941725
9.582120170971853
9.612091809020924
9.639895997821625
9.669045207027803
9.698360550627152
9.72788215421486
9.757309913873865
9.787231209350502
9.815997568247514
9.841455696801374
9.86936878934764
9.897971927382756
9.927274957511614
9.951038249857472
9.987068800078255
10.011039784708164
10.047060077129448
10.07112883528678
10.101243192159586
10.131320466780375
10.16087571232273
10.184420820937246
10.205496397384948
10.230579633968349
10.25683498405129
10.283957234467987
10.313834241281086
10.34383603010472
10.367893160630556
10.395371135455797
10.427957452093834
10.454981868813704
10.476505740617977
10.504280319638434
10.533769195286546
10.563088277919602
10.59254957791047
10.622142205790551
10.651855872211273
10.681569099712833
10.71082387257721
10.739966189909877
10.768985278709748
10.79541471006704
10.816034106308368
10.837842045997197
10.856327416602872
10.873086171733657
10.892444142878274
10.911478470903557
10.934080276189155
10.95931233927879
10.985405624512694
11.011482503955392
11.037782795939709
11.065817471808751
11.093886157300137
11.120621189415623
11.146103613880873
11.173562273222618
11.203160397843101
11.232754471141591
11.262328931834737
11.292290420785163
11.321806240097668
11.349165664578905
11.376063048447264
11.405713429046939
11.4352967269534
11.464875919362694
11.492045069021593
11.516928333125788
11.542525775810967
11.567935395621618
11.594324081931662
11.61632172261059
11.64577895168997
11.675803088455444
11.70512065905974
11.728715554546268
11.756151572573218
11.775606271560427
11.799961810829855
11.82572562039601
11.851446983637661
11.876926428218262
11.89974851301235
11.922138927189616
11.946339725028501
11.973826252669694
12.00159967548972
12.025739228924767
12.049012640341116
12.07148966474539
12.09341750302868
12.115395920061882
12.138485692510882
12.164260268723174
12.191823388167784
12.215637573462498
12.245522547905532
12.27502706585268
12.298978604312191
12.323590527457918
12.352271368671026
12.382141705927816
12.412011549350709
12.441924702173367
12.471814798554096
12.50153437854341
12.531420343697413
12.561173556062764
12.589829662828441
12.616562782151771
12.643536415051715
12.667079694508073
12.68744024697211
12.712968778386724
12.736530786740305
12.762162217740238
12.780661839511746
12.800559220419911
12.821742164571043
12.84475238805884
12.872512253748486
12.901023257204715
12.929190954395224
12.956313904621041
12.978452953085304
12.998184007731304
13.016184154083628
13.030659210359515
13.046961645265304
13.070429528980204
13.098585177956423
13.126186359756764
13.15149473444615
13.1741792781633
13.199069275299657
13.215760598591896
13.238635443124512
13.261580132625229
13.286075044681752
13.309609142046357
13.33657562081544
13.364795821279555
13.394532520047793
13.42249483532728
13.449335005498718
13.478562243914297
13.507632550920613
