846.2040604856853
846.2280782399389
846.2516985077247
846.2701150222683
846.2821306058486
846.2881476061804
846.2882741031386
846.2882754412553
846.2882909590548
846.2884235451313
846.2890638723354
846.2933430419497
846.2940717393582
846.295958291366
846.2972084100005
846.3009899956392
846.3027211017659
846.3053741914937
846.3062233067224
846.3069423343783
846.3093442297455
846.3124858138699
846.3145697879828
846.3209332742438
846.3369857007076
846.3554756573799
846.3772719736788
846.4069301594336
846.4310365016626
846.4611863218885
846.4852538685623
846.5153080793951
846.5393488292243
846.5694069285015
846.5934524354957
846.617498744551
846.6476037193519
846.6717674675712
846.6959449215668
846.7261674424425
846.7503303787094
846.7804223442786
846.8044033551917
846.8342847082977
846.8582417083749
846.888210688977
846.9121840841818
846.9421388848714
846.9661065501176
846.9900826261198
847.0200722881006
847.0440664009772
847.0740681883811
847.0980515319734
847.1280283673391
847.1520236920069
847.1820149242099
847.2060004332449
847.2359883021928
847.2599820666796
847.2839737650559
847.3139575050284
847.3379409214903
847.3619356134783
847.3919446289912
847.4159507154743
847.4459633361946
847.4759842889997
847.5000068032709
847.5300874959305
847.5541794474618
847.5843267455502
847.6084426622442
847.6385654432821
847.6626358525097
847.6866884086497
847.7167231781381
847.7407302717271
847.7707375971446
847.794735938653
847.8187177853844
847.8487023337974
847.8726902344246
847.8966663063169
847.9266395446602
847.950613942264
847.9805963026064
848.0045706453209
848.034546162674
848.0585212538418
848.0884964914278
848.1124631104285
848.1364486922246
848.1664028686235
848.1903502966223
848.2202001359725
848.2440355526422
848.2678477361851
848.297689456733
848.3216002538555
848.3515271791819
848.3754397247345
848.3993276877784
848.4291459175699
848.4530693437956
848.4829818815372
848.5069248657675
848.5368584868864
848.5608046133362
848.5907572150577
848.6147347185702
848.6447235196958
848.6686977436689
848.6986961925941
848.7226770409798
848.7466648171601
848.7766586693305
848.8006638056257
848.8306717891627
848.8546677117021
848.88466202697
848.9086654120755
848.9386694032377
848.9626680135773
848.9926599659503
849.0166591274857
849.0406647398348
849.0706688484439
849.0946767849135
849.124688019938
849.1487008469513
849.1727142439773
849.2027282749148
849.2267384740828
849.256742399966
849.2807399102716
849.3107169963525
849.3347049395999
849.358691049509
849.3886788881417
849.4126835706475
849.4366868227327
849.4666815214595
849.4906842593765
849.5206901662198
849.5507112318639
849.5747527051658
849.6047880165056
849.6288409235513
849.6529211081792
849.6830016486663
849.707036734275
849.7370293728918
849.7610022021147
849.784951450906
849.8148872914019
849.8388323116809
849.8627867560526
849.8928192438995
849.9169210283576
849.9470115447449
849.9710595959202
850.0010869161493
850.0250351038321
850.0550321617477
850.0790938676537
850.1091132461486
850.1331252582584
850.1571145825231
850.1871359715011
850.2111313511967
850.2411136135365
850.265142767338
850.289163672861
850.3132045900138
850.3432502026847
850.3672403982637
850.397229774764
850.4212333139865
850.4452232674761
850.4752406154936
850.4992710492376
850.5293301202048
850.553380968128
850.5834386261225
850.6074772350771
850.6375225179689
850.6615800927224
850.68564416283
850.7157227776241
850.7397887582185
850.7698776572925
850.7939470642524
850.8180134679878
850.8480853035886
850.8781398470478
850.9021642781299
850.9261902068598
850.9562271887813
850.9802633594252
851.0103043364318
851.0343249488685
851.0643392570809
851.0883477487506
851.1123505352672
851.1423493269245
851.1663456483631
851.1963398627814
851.2203389274698
851.2443342466768
851.2743230037283
851.2983071848937
851.3282933638202
851.352287332234
851.3822726867525
851.406254718549
851.4362341327269
851.4602203166961
851.4901970992846
851.5141742091911
851.5441531029004
851.5681451035748
851.5921403967465
851.6221309044115
851.6461290582903
851.67612990985
851.7001340218062
851.7301412068555
851.7541476631804
851.7841523955656
851.8081550569585
851.8321588282354
851.8621601558727
851.8861617325575
851.9161687587543
851.9401769776172
851.9641850799616
851.9881943966069
852.0182056618646
852.0422162280092
852.0662306330102
852.0962528010336
852.1202680990708
852.1442796342892
852.1742902187273
852.1982986373113
852.2283079428864
852.2523164639636
852.2823285137044
852.3063384718878
852.3303540555793
852.3603769171523
852.3843988956133
852.414425431768
852.438448440045
852.4684857731771
852.492489578861
852.5164700274121
852.5404532346593
852.5704074602139
852.5943754722257
852.6183495743321
852.6483046094672
852.6722574839052
852.696210216703
852.7201903530076
852.7441637512471
852.7741247259448
852.798080627987
852.8280174491975
852.8519876183261
852.875948278651
852.9059048428783
852.929861000233
852.9538320350998
852.9838086047251
853.0137865488832
853.0377778275732
853.0617608788355
853.0917344396721
853.115717136113
853.1457038688354
853.16969476577
853.1996814749033
853.223663039414
853.253638234251
853.2776217129713
853.3075905752198
853.3315625672838
853.3555410880616
853.3855149805586
853.409489805239
853.4394605462343
853.4634338027474
853.4933916680061
853.5173617023507
853.541328054601
853.5712953974494
853.5952707694947
853.625225826633
853.6491888639434
853.6731615644834
853.7031249934394
853.7270907653173
853.7570565572601
853.7810422529204
853.8050328627397
853.835019865696
853.8590029086483
853.8829695533884
853.912912343133
853.9368780817973
853.9608510081731
853.9908100991496
854.0147872827373
854.0387539067019
854.068724217478
854.0927089240362
854.1166953948323
854.1466823197572
854.1706760531109
854.1946731941089
854.2186729901465
854.2486683362692
854.2726703713
854.2966664030927
854.3206615720512
854.344654109269
854.368649595374
854.3926506289872
854.4166503736068
854.446642232979
854.4706329366342
