0.029843753760063936
0.05965896407301774
0.08240075100047933
0.1023345748725296
0.11107969027016239
0.11475284430735368
0.11488042634551666
0.1148815468519013
0.11488246003706895
0.11728019607207636
0.12927664341622708
0.14971729743643314
0.17330485264346449
0.19468787893719047
0.21163854200662152
0.23050896199589463
0.24773771184980412
0.27029887841667755
0.29653270415789884
0.32513591320531743
0.35396306115591447
0.3813635954678219
0.40222793793373535
0.43190477142327965
0.4613741916616998
0.48963816512971714
0.5147311497279758
0.5415021482368639
0.5646320196495646
0.5916057962810173
0.6146602684333518
0.6396636336002147
0.6646540739066453
0.6873361540639342
0.7106220241621533
0.7339035594933876
0.7539677193286837
0.7785417088812248
0.8008298398881282
0.8247406783976248
0.8516282966190287
0.877344153046072
0.903922089559864
0.9307342727129273
0.955951977965915
0.9760972040111757
1.001928181263287
1.0316136654827293
1.0602151598030003
1.0881018074368256
1.1171049517798508
1.1470002305251825
1.176897018061277
1.2063148563021313
1.2342796188785194
1.2574259837775945
1.2872414028621566
1.3172490750332526
1.3471525575190453
1.3769811873606659
1.4068070979797653
1.4366943753154604
1.466648460870838
1.4906254378901838
1.5206312095892625
1.5506851405677213
1.5807239194555607
1.6088586514149974
1.632722583304212
1.6592744824336512
1.6887505241753926
1.718202801290004
1.7398915798003904
1.7629818343391817
1.7878302621742488
1.8135485894734815
1.8402998258853982
1.8681676524819135
1.8957140157916708
1.9208977991939422
1.9494445919185903
1.9731153931601044
2.002984997277695
2.0327360988191336
2.0625479131812687
2.0924926161598183
2.1201590768444203
2.1476587159059988
2.17745840862533
2.206614065590003
2.227199016468577
2.250424086405012
2.276462357783645
2.302130381600403
2.3296157186204356
2.3595316113476894
2.3894273021942425
2.4122638156499083
2.4405038986118233
2.4702819805161385
2.500170311123599
2.530189069533728
2.5601285912710208
2.5887773019007025
2.6183531018402038
2.6474595847550173
2.6714290852728775
2.7009776996476207
2.730951407860123
2.7609291926539856
2.7904666943808834
2.8205325308465916
2.850672516101813
2.8747773432001344
2.9047995304752394
2.9347771444171245
2.9642781961652043
2.993704792521886
3.0237616376763206
3.053818502052867
3.077877966515371
3.1070083295109847
3.1339137156193417
3.162784411368353
3.192871090632298
3.220413422873128
3.2471318579419024
3.269776814133412
3.294273711784248
3.314718322273876
3.340210846196747
3.3684656867604508
3.3984242131248465
3.4280318035525665
3.457410943881145
3.4872701376607114
3.5107089272130896
3.5400050285097624
3.5693337172587616
3.5976873280563377
3.6244479219042622
3.65094631611794
3.6797074526676297
3.707792241683451
3.736609977137324
3.7597730093997326
3.78986245394294
3.8188575915504375
3.846631564873271
3.873070326199195
3.90202673468847
3.929403201239088
3.9539611925328897
3.9774373310625437
3.9989252343934654
4.027853968285022
4.057905426260504
4.087923990909101
4.117947188044594
4.141926414615922
4.171890787079737
4.201910160421457
4.231000632317767
4.260074971691919
4.290034192637059
4.319312441419016
4.348702554369762
4.369965955457075
4.3954907569689015
4.423163671013324
4.451266800788042
4.480403050358946
4.51048100041926
4.540503487447048
4.570685872765156
4.5945966974018075
4.624143018393051
4.653655300526923
4.683263096016929
4.713096543732241
4.742990033700996
4.772888753895523
4.802720228650035
4.83260843247541
4.856596151420765
4.886671108061785
4.916737068007951
4.946703945057367
4.9765737635638665
5.006444877406686
5.036399766500967
5.060447072397897
5.089848263634234
5.119206377015473
5.147492002893368
5.1728217562595455
5.200623521351881
5.230536787296929
5.254583198405506
5.284581780809361
5.314482039327853
5.344022775913163
5.373078602764725
5.403201212034472
5.433225908442382
5.463143727950063
5.487087599279082
5.517056780809922
5.547121629526322
5.574905916421991
5.602395343216035
5.629325698047223
5.65425814420022
5.677900485147403
5.696074788991505
5.719544778470922
5.7447398076892675
5.771436585981413
5.799114369610748
5.826904125866526
5.85462419882672
5.876811243128061
5.904630782526811
5.932359847437374
5.9601594265253715
5.987933515214883
6.015638114087584
6.045175762076673
6.075103007797288
6.0989454512492
6.128605689974973
6.158242725203895
6.187416064907926
6.214328220155053
6.24216413021272
6.270541341428559
6.2944725323114525
6.324421534050094
6.35375345063153
6.380442847223902
6.41011982106221
6.4400660288578635
6.464038505277209
6.493993361696828
6.5239967937549315
6.553951834319947
6.583952080519891
6.6079752552313655
6.637996886340038
6.668049418526303
6.6981767273683825
6.728296334136786
