-8.487610551458816,3.3810676798356343
-8.517214084851028,3.385596637673751
-8.53859737490619,3.38859767415332
-8.546917811411495,3.389720375390811
-8.550484056302045,3.3901911465877146
-8.553654785659404,3.3906037544637724
-8.562373958815192,3.3917047140609102
-8.564872126305616,3.39200506284003
-8.564870314174932,3.392004607616476
-8.564869665378815,3.392004649390526
-8.56487105370738,3.3920045471570726
-8.564871073722859,3.392004503483712
-8.564870384926365,3.3920046865601736
-8.564829921661685,3.392004626510015
-8.568106698931041,3.392104060845845
-8.57740295481039,3.3914169184807252
-8.59258978703403,3.3884306560969097
-8.60940630219487,3.382658066060211
-8.63418160667649,3.369966920585071
-8.657729615483461,3.3530286515106424
-8.679090884946074,3.3329931701879847
-8.698081061964617,3.310254865363447
-8.714909084467427,3.2856382611525983
-8.729560184891195,3.2596805507444624
-8.739577118907107,3.2380124667669663
-8.750082371156152,3.2100996054246735
-8.75749614930289,3.181317766045461
-8.76047206795312,3.1518581392217153
-8.758107934780957,3.122645150482442
-8.750368304543965,3.0941319916349754
-8.740498050496168,3.0725846382368953
-8.723895111828947,3.0480624477884275
-8.703405091213499,3.0266540713249115
-8.685073395224238,3.0114625936824484
-8.660561240939035,2.9944432271865615
-8.634892373853779,2.9791617864577167
-8.60825989721603,2.9655998126860696
-8.581073806349755,2.952995320306988
-8.559224115241078,2.9430800725906567
-8.531937435750365,2.930548284837015
-8.504884687897498,2.917580671284327
-8.477962509333075,2.9044606171492267
-8.451105202100502,2.8913412580481075
-8.42429175918067,2.878188466914551
-8.397588355483101,2.864956587283606
-8.376294151623235,2.854198303178829
-8.349713843679568,2.841096080534397
-8.323052780647515,2.8283474657763197
-8.297536969759658,2.815853062098092
-8.27881832901799,2.8062997660264553
-8.269103849782956,2.8011137567480873
-8.268093108997316,2.800566353980577
-8.26751735530166,2.800228526812812
-8.26148288511925,2.7966908878458066
-8.255093691021516,2.792894848256167
-8.245901997573077,2.7873709050240394
-8.233566670431628,2.7798614166146773
-8.229529198695495,2.7773522478532597
-8.231597104016027,2.778676238462001
-8.235888026787327,2.7814093245428437
-8.238392628017289,2.7830011029206934
-8.239167334998792,2.783492980142876
-8.239536908814806,2.783728085224361
-8.240211939924963,2.7841580739394147
-8.240753434956634,2.7845028347900684
-8.240768841200426,2.7845125390566023
-8.2420432618455,2.7853290419217864
-8.243244967130124,2.7861027055299727
-8.244384799904148,2.786845006149602
-8.246384070864242,2.7881491360708095
-8.247316594462875,2.788760671943088
-8.24283724878178,2.7858024604959826
-8.242001587091538,2.785247551716063
-8.242662344879282,2.785684667106662
-8.243503275504917,2.78623831846134
-8.244269122587253,2.7867411902203516
-8.244647021139567,2.7869890555132497
-8.244765119549996,2.787065990961371
-8.245746655963528,2.787707678802117
-8.247273715155039,2.7887076404065376
-8.246333423004115,2.7880906613692966
-8.24538862408553,2.7874701907522397
-8.24564978429032,2.7876418436748667
-8.245725461589187,2.787691430291372
-8.24594872647339,2.787837595364477
-8.246516770599476,2.7882099584480096
-8.247611483486374,2.788927787811201
-8.245226649285863,2.787361880443881
-8.243571527716016,2.786268209428146
-8.243723346030357,2.786366837832312
-8.24374324921405,2.786380163585509
-8.244595406571865,2.7869390408560824
-8.244847762005916,2.787104278017569
-8.245970992546972,2.7878380215368717
-8.247344939202916,2.788738859299488
-8.246114080637899,2.7879325347814863
-8.245295349172192,2.787394606346926
-8.245631029496852,2.787615003196172
-8.246638793314155,2.788275147728908
-8.246601861153103,2.7882500096039733
-8.242689965988154,2.7856700148168856
-8.243067873899333,2.7859191288862752
-8.243704643759761,2.786336069597999
-8.244679019542643,2.786974560407656
-8.246701474831289,2.788297623863663
-8.246507065232418,2.7881701221384856
-8.245626409307771,2.7875932515691106
-8.245634214952911,2.787597809441849
-8.24575866262948,2.7876794616421785
-8.246090177285232,2.7878971594422732
-8.246030168878363,2.7878578273421795
-8.24666671309492,2.788275261679522
-8.246112880781967,2.7879118296731575
-8.245862865105885,2.787747563453261
-8.246403451159466,2.7881021606665275
-8.247018185122007,2.7885054560019302
-8.244191677224263,2.7866476343750586
-8.244312051420824,2.78672716609802
-8.244916355199834,2.7871244425107897
-8.245363264554996,2.7874177585145237
-8.245572464886271,2.787554992969193
-8.245559131728282,2.7875459790025214
-8.246153415406697,2.787935080648721
-8.247047874974568,2.7885207078462684
-8.24566062330371,2.7876100123626695
-8.245640819814577,2.787596266591498
-8.245697097554151,2.7876334104224423
-8.245669703737436,2.7876155643389633
-8.245869314530719,2.7877461719951087
-8.2469214411982,2.7884356971573134
-8.245688111368485,2.7876253823558654
-8.244098351200872,2.7865776088065117
-8.244397382649854,2.7867742567475355
-8.245114100064795,2.7872453561785417
-8.245467334544792,2.787476957241701
-8.24545146873128,2.787466337355998
-8.245685368046727,2.787619671100297
-8.245952542711073,2.787794906010511
-8.24727088175333,2.7886592862275057
-8.244375873853029,2.7867547205645384
-8.243719160647846,2.7863219037805615
-8.244461055886886,2.7868104516527517
-8.245009233265545,2.787170352980718
-8.245264747704379,2.787337522189646
-8.245835839041003,2.7877121960234237
-8.24688035943693,2.7883976702142506
-8.244154284485463,2.786595111846653
-8.241401510267796,2.7847679460470327
-8.24233390560377,2.7853889847433457
-8.242818891584706,2.7857090627566983
-8.243610064064644,2.7862297010805186
-8.244164977144836,2.7865936641348052
-8.245491682321306,2.787461537005037
-8.24740320929537,2.788713264959
-8.245517605052406,2.787476504053857
-8.244542715160474,2.7868349499947938
-8.244577060254626,2.7868573926722733
-8.244821566103557,2.7870173187788305
-8.245059290815789,2.787173133092268
-8.245403958991165,2.7873991070772406
-8.245704907475693,2.787595743337706
-8.247132322648916,2.7885311280311855
-8.246695799122332,2.788243413797343
-8.242375188950739,2.785392782707211
-8.242854381730458,2.785710000159011
-8.243228597936099,2.7859557021216474
-8.244290767898239,2.786653312763954
-8.24443518869058,2.786748178604253
-8.246377086375688,2.7880189626366163
-8.247292955662227,2.788620008431197
-8.245485074071896,2.7874345356030745
-8.245999966714813,2.787772813987047
-8.246140311016502,2.787864681417682
-8.24649628183994,2.788098279954717
-8.246078634900414,2.7878238695920445
-8.244656707425678,2.7868885117458784
-8.245175179367509,2.7872292726433163
-8.245605379175121,2.787511753144355
-8.245656398994774,2.7875448457448773
-8.247282342355817,2.7886103080565485
-8.245547532830251,2.7874727443099263
-8.245863651705811,2.7876796152608967
-8.246085232397396,2.787824858083327
-8.246640163785509,2.7881890683867354
-8.246107003360237,2.7878393546055045
-8.245019854531762,2.7871240545731326
-8.245609526461637,2.787511307738755
-8.245652219490186,2.7875390684269314
-8.245674718349582,2.7875541381334217
-8.245954449005126,2.7877371008799376
-8.247265710752895,2.788596966412665
-8.245979800206182,2.7877504659356824
-8.243015848952616,2.785797908186052
-8.243702429472634,2.7862488954371325
-8.245122311692688,2.787179849121995
-8.245106052085895,2.78716914286011
-8.245147773393256,2.7871962005467936
-8.245925180300924,2.7877048738205876
-8.247348748112278,2.7886388994032476
-8.24382916329903,2.786323330611948
-8.243857058429342,2.786341489744923
-8.244506889730847,2.7867686607391713
-8.244691116406733,2.7868893513770865
-8.245297862290585,2.7872869677689103
-8.245940125579573,2.7877075792098913
-8.247188669523405,2.7885256824577236
-8.245541195997973,2.787441755962097
-8.243978530756939,2.786412536590903
-8.244725525244064,2.7869046402267177
-8.245202528520846,2.787217928780493
-8.245488204389833,2.787405410003839
-8.245526415974972,2.787430289974698
-8.246582488091203,2.7881217106608935
-8.247077684294089,2.7884467002997098
-8.245672725778206,2.787523804976717
-8.245783817695354,2.787596922990699
-8.245879451381112,2.787660061275477
-8.246293326372426,2.7879309158831345
-8.247108514601944,2.7884655242480405
-8.243592679639024,2.7861528784176297
-8.244076167802666,2.786471206272883
-8.244394293019244,2.786680354801763
-8.24484154653436,2.786973588905997
-8.245283793368188,2.787263097138713
-8.246388931120833,2.7879866109894875
-8.246374211935963,2.7879758033536057
-8.243451452211952,2.7860495837527908
-8.243940028411433,2.7863718998923193
-8.244310291033264,2.786615116880521
-8.24457724266073,2.7867902511026608
-8.24498531590628,2.787057237337882
-8.246176961821282,2.7878362230083056
-8.247586193021416,2.7887599392736235
-8.245486302598477,2.7873813221344625
-8.245233526168443,2.787214313596543
-8.245571405504727,2.7874365451497622
-8.24596385678368,2.7876944223845364
-8.245988344906618,2.7877102450407083
-8.24651296615124,2.7880542235227566
-8.247189739961366,2.7884984697330935
-8.24407795407117,2.7864523163525403
-8.244538228634733,2.7867555341539068
-8.244737023502825,2.786886340060819
-8.245100186139373,2.7871252452200226
-8.24558859898675,2.7874456717274168
-8.24568272446282,2.7875071419436104
-8.246524984750314,2.7880587350572883
-8.246218901006817,2.787856924319155
-8.243061204190036,2.7857748930152897
-8.243492608178297,2.7860590838757515
-8.244312809730737,2.7865987354924227
-8.244821195732555,2.786931806553404
-8.244923088587633,2.786998728829709
-8.245195723912628,2.787176958243043
-8.245923001315493,2.787652944009429
-8.247032971724847,2.788380853689361
-8.243262467245096,2.785899005489073
-8.24364573331417,2.7861510000869325
-8.244049156787765,2.7864160755019314
-8.244590193836421,2.7867705061090304
-8.244761943985882,2.7868827900042876
-8.24554716832724,2.787396621968364
-8.24728818689547,2.7885360026993067
-8.24641113478003,2.7879625064041074
-8.243884091208146,2.786291221957447
-8.243423120737916,2.7859852622132864
-8.2437474899363,2.786199695362585
-8.243911574268243,2.786307333736969
-8.244573055146038,2.786742480465644
-8.245005661076593,2.7870259978862455
-8.2447424548993,2.7868535815614726
-8.245244819535106,2.7871823949619885
-8.246845946725381,2.7882307708420764
-8.245144785384015,2.7871123469606514
-8.243012416022747,2.7857081037924747
-8.243896588743244,2.78628813182907
-8.244800631231508,2.786880416998049
-8.24630254402349,2.787861558039257
-8.247539137572225,2.7886714479749495
-8.243925924481218,2.7862957942396576
-8.244407126744468,2.7866127140688053
-8.244803923971917,2.7868733935165744
-8.245255488706123,2.787169364215714
-8.245433008867613,2.787285337060148
-8.246265230377125,2.7878306876722854
-8.246674061767374,2.7880981470737938
-8.244979737787569,2.786983220158736
-8.245011518168631,2.787004218983221
-8.245575422739622,2.787375461995528
-8.245816263963697,2.7875335608764598
-8.245860119955056,2.787562208897337
-8.245918948513228,2.7876007705696426
-8.247476586945739,2.788621894591904
-8.245061669331916,2.7870348986078133
-8.244547121282574,2.786695761880425
-8.24514856366466,2.787091850522057
-8.245641594239967,2.7874155113033128
-8.245855516720832,2.78755595409883
-8.246489651538795,2.7879713194774842
-8.24620077021225,2.7877812450662907
-8.244837631080168,2.786883940687815
-8.244419194528497,2.7866078356425192
-8.2448858008621,2.7869147030142893
-8.245331015775237,2.7872068522825058
-8.245608298160466,2.787387824749599
-8.247232326995377,2.788452195754923
-8.2443702485147,2.7865708630403194
-8.244352466544441,2.7865593586591495
-8.244949583973673,2.786951723495422
-8.245686187629143,2.787434773155851
-8.24616574644842,2.787749230189972
-8.247710245224656,2.7887619800808006
-8.244979743457474,2.786964368104704
-8.243402967222517,2.7859241753045922
-8.243921692155183,2.786265475287189
-8.244596740615245,2.7867083122799032
-8.245204698087814,2.7871067545054213
-8.245387075727901,2.7872253936614952
-8.247351104074276,2.788508366985161
-8.245910526809084,2.7875627054406014
-8.244236411085371,2.7864588098238103
-8.244410623916181,2.7865734009410392
-8.244871772884778,2.786877037535129
-8.245246090731232,2.7871229583551824
-8.245551099977275,2.7873235548433315
-8.245916035272899,2.78756202643957
-8.24716716907479,2.7883822355457126
-8.246714510066996,2.788085920148314
-8.245535481299804,2.7873114414757807
-8.245792018890281,2.7874803575307068
-8.24631782280613,2.787824888840593
-8.246485115960462,2.7879344215009363
-8.243996667195393,2.7862957302408113
-8.244517302359087,2.786638807034158
-8.245136816368374,2.787046305400197
-8.245300568404913,2.7871538749601346
-8.245668345681956,2.7873950489429
-8.246140430312794,2.7877042814430166
-8.247207118908541,2.7884047677859582
-8.244535729857683,2.786637372798503
-8.24175320581039,2.784788561750874
-8.242093662753277,2.7850146380573326
-8.242715536261374,2.785426021711753
-8.243609825650843,2.7860147194374556
-8.244318587648118,2.7864790099592978
-8.245992343479971,2.787571742324708
-8.247472363980432,2.78854095102108
-8.244805720408603,2.7867858967383143
-8.243438582267508,2.785882181163261
-8.243743125282569,2.786082312688738
-8.244288082487898,2.7864402255676386
-8.244784421668433,2.786765420791578
-8.244991530219052,2.786901041027494
-8.245536944168943,2.787257654279866
-8.247079382804225,2.7882681085199916
-8.245782258563034,2.787416638794587
-8.245644399890608,2.787325790663393
-8.245969563720314,2.787538863999551
-8.247127494748833,2.7882981935670235
-8.24451120106597,2.786576791480337
-8.243193543983667,2.7857074619124784
-8.243797310130047,2.7861045363081547
-8.244291892167924,2.7864289529319297
-8.244812749407577,2.786769720601642
-8.245846873861058,2.7874447133803857
-8.247860925257221,2.788762568230476
-8.24576699345773,2.7873886985417946
-8.245855646972478,2.7874461841728624
-8.245992951903453,2.787536185676926
-8.246447875642401,2.7878345831981663
-8.24631429135334,2.7877469231426453
-8.24496238573317,2.7868604318015135
-8.244993467125008,2.7868806203130645
-8.24595755890921,2.7875115041967784
-8.246849407046735,2.788095725400775
-8.244939323864946,2.7868387719003174
-8.245580807125252,2.7872605206457943
-8.245778432999176,2.7873897957390765
-8.245597498651914,2.7872714701433865
-8.246144080246282,2.787629318998995
-8.247340891157739,2.7884142061118644
-8.24424707046689,2.7863786123223204
-8.244163158864032,2.7863232330145986
-8.244715405605296,2.786686469510518
-8.245284258899426,2.7870595581165634
-8.24544044405082,2.7871617754890607
-8.246832939294945,2.7880734825203746
-8.246651319513255,2.787954290429145
-8.247624863197835,2.788592454416997
-8.24368936624583,2.7860031508438885
-8.244153135527261,2.78630849686971
-8.2447288428266,2.7866868689885043
-8.244975118419504,2.786848513916662
-8.245048556618004,2.786896416312579
-8.245835495724432,2.78741156122292
-8.247054155195839,2.7882107864497288
-8.245657218011008,2.7872914518340743
-8.242511714602632,2.7852175275124265
-8.243528201054662,2.785886869141111
-8.244312244461794,2.7864008704818843
-8.244643020265263,2.786617239537503
-8.246093706507107,2.787565517638635
-8.247564909425325,2.7885298694651066
-8.246109667603402,2.7875750130246906
-8.246123541449734,2.787584228318049
-8.246419226430309,2.7877774913135664
-8.247152258920694,2.78825887409411
-8.245558179658067,2.7872119513047897
-8.245508516939994,2.7871788153296153
-8.246005588974091,2.7875046504247507
-8.24656024942081,2.787868548118839
-8.246329248216659,2.7877171338533584
-8.246390908446346,2.7877573337153523
-8.24725879784371,2.7883264138508252
-8.243621631481217,2.785933389381487
-8.24307108883996,2.785571043871981
-8.244292178312923,2.7863727701147836
-8.24470918817271,2.7866476061201286
-8.245095897976,2.786901031350705
-8.245065874514681,2.7868814126487154
-8.245377696351092,2.787085314573846
-8.246215984515851,2.7876345160946707
-8.24680383241882,2.7880199134393604
-8.243919748759385,2.7861269485379663
-8.244649941259594,2.786607316798665
-8.245127709954321,2.786920786103615
-8.24550659423283,2.787168853308086
-8.246200469691548,2.787623361422542
-8.247614776005712,2.788550424299218
-8.242840048269294,2.785404461140766
-8.242330869764494,2.7850684030960515
-8.243006599764744,2.7855148420411826
-8.244169661051988,2.7862795953553685
-8.244883110943588,2.7867480546329597
-8.245234187621069,2.7869777912311284
-8.246261586250851,2.787649812126571
-8.247035765913246,2.7881575462261186
-8.244479670194277,2.7864775886443756
-8.245032930459862,2.786841324912024
-8.24539249277681,2.7870772120029668
-8.24551548926498,2.787157762641417
-8.245859362594873,2.787383155379759
-8.247058022684397,2.788168014557579
-8.246865216610964,2.7880414948103183
-8.245373097102911,2.787062441336002
-8.245629283237841,2.787230680522072
-8.245983260268412,2.787463124691693
-8.245868508000779,2.7873880506262365
-8.24678476752735,2.787988659656814
-8.245628940653766,2.7872292705881225
-8.243632309095508,2.7859170254656496
-8.244461050358781,2.786463205442403
-8.245169986566538,2.7869294008084644
-8.245482417175495,2.7871345357521116
-8.24604403958031,2.7875024443920853
-8.246838520612918,2.7880228250298047
-8.246666450017157,2.7879097386787643
-8.244960591751136,2.786790161312269
-8.245185566275854,2.7869370896100127
-8.245823385789723,2.787355318685359
-8.246481744536485,2.7877866258372506
-8.247335020497204,2.7883458451875454
-8.245155370520028,2.7869145681491654
-8.24274633930952,2.7853161803773765
-8.241970666605521,2.7848007877813803
-8.242747737471685,2.7853132958804045
-8.244047683301131,2.7861669807808864
-8.244572579861094,2.786511411750299
-8.244906550920437,2.7867297215186935
-8.245676362382234,2.7872330741300058
-8.246829079645252,2.787987824181362
-8.246182698889106,2.787563417745588
-8.245458758314282,2.787088706176344
-8.245779686242209,2.787300140638552
-8.246129238394861,2.787530073666207
-8.24637456770452,2.7876910298866333
-8.246350071748436,2.7876749028060006
-8.247259888592119,2.7882714793636274
-8.245894262709125,2.787372891185119
-8.244202228366385,2.786259341227251
-8.244985018840906,2.7867743553502313
-8.24527661344504,2.786965352777123
-8.245477201238673,2.7870968346689047
-8.246863332917641,2.788004898504083
-8.246831727420169,2.7879830292763925
-8.24281587844783,2.7853378918578238
-8.243288803748827,2.7856493280058725
-8.244080694961747,2.78617002630382
-8.244639198956945,2.786536079355651
-8.245058625044793,2.786810497663759
-8.24618635790579,2.7875483843441096
-8.246192461306126,2.7875514831948767
-8.243790869563679,2.7859688594682
-8.244464829561975,2.7864132040610707
-8.245286336432846,2.786955019764974
-8.24595634967671,2.7873954555170974
-8.246142000297853,2.7875172942897946
-8.246092290104569,2.78748421910629
-8.247354751891955,2.788312698875992
-8.244145358888767,2.7861999967009043
-8.242223319095173,2.7849321626646164
-8.243051500655069,2.785477018423865
-8.24419237100724,2.7862235460440474
-8.246256027930812,2.787570458367886
-8.247596551524854,2.788445684868354
-8.24743325354209,2.7883390084836024
-8.246201844789486,2.787535578789098
-8.246636557270449,2.787819949272637
-8.243625658480028,2.78583895414778
-8.244318182299272,2.786294867544232
-8.244809189057912,2.786617175784217
-8.245190802765794,2.7868672713913254
-8.245113339517918,2.7868163474508383
-8.24650820046176,2.7877290426375834
-8.2476448588098,2.7884742346454052
-8.243371476822752,2.785664472351127
-8.243210030201386,2.7855579956605143
-8.24388318405497,2.78600011167401
-8.244386761677628,2.786330157147208
-8.244799539136642,2.786600353015678
-8.245760579040896,2.7872288464703674
-8.247581639793934,2.788421689941909
-8.244942055325016,2.786691756136932
-8.24513501016859,2.786817918030997
-8.246075804149767,2.7874335231825262
-8.247598818830904,2.7884318643156027
-8.24388768066373,2.7859903207614094
-8.24274091457122,2.7852343938402844
-8.243873194050767,2.7859781792836396
-8.244519819101246,2.7864027389734924
-8.245469436324662,2.7870238218030736
-8.247358694636603,2.7882601009471335
-8.245875940933768,2.7872855697682093
-8.242807574976831,2.785264946774358
-8.243559091709322,2.785758263707757
-8.244789408278807,2.786564486568802
-8.245132858044673,2.7867892121355657
-8.246386687320856,2.787609630762177
-8.247115547804569,2.7880881202275476
-8.242455720877167,2.7850150631466506
-8.242439550601924,2.7850045680936986
-8.243582083228636,2.7857558814881123
-8.24489685395509,2.7866162537114394
-8.24627999193195,2.787520608982391
-8.247742586452457,2.78847844812203
-8.245188970761799,2.786802861854426
-8.245117558417025,2.7867561282149707
-8.245366750837174,2.7869190886084696
-8.245949957516125,2.7873009263745843
-8.247538636401956,2.7883428515183444
-8.2435582286813,2.7857213972566104
-8.242912657904135,2.785295233552055
-8.243117735188031,2.7854291434799
-8.24455765838485,2.7863731626403783
-8.245532697647405,2.787010691432453
-8.24743126954832,2.788253406293476
-8.247196933808329,2.7880997422980975
-8.243714371957381,2.785805998881701
-8.243855681805595,2.785899607713428
-8.244192375306493,2.7861211047123753
-8.24501740047464,2.786663044163285
-8.245196478924465,2.786780190345944
-8.245350904316197,2.7868812395293476
-8.246242204056022,2.7874643715795377
-8.247629459843989,2.788373987634612
-8.244836991255582,2.786539254825844
-8.243716131774097,2.7857962730110466
-8.242502716575327,2.7849884839887844
-8.242770642412157,2.7851663484652476
-8.243429830053353,2.785603065775875
-8.243964899939007,2.7859553854012793
-8.244497184307622,2.786304574032289
-8.244809463329764,2.7865091583648334
-8.24540518625717,2.786898216406786
-8.247234468260759,2.7880950920418552
-8.246654166146838,2.787715088106803
-8.245582583508332,2.787012110522824
-8.245594999537275,2.7870209816384452
-8.245955217888913,2.7872574831840735
-8.246265683730442,2.787461094194842
-8.246442611547696,2.787576904267453
-8.24751049970962,2.788277690755858
-8.244535748534286,2.7863205746620916
-8.24281910283278,2.785189371364482
-8.243304398401841,2.785507438233256
-8.244577362255544,2.7863451395293075
-8.245228549728251,2.786771830540169
-8.24607031724053,2.7873222752924307
-8.24787911261694,2.7885068744431294
-8.2458104777357,2.7871504242640426
-8.245120690139423,2.7866971058976744
-8.245550997948762,2.7869804887091734
-8.245973569769298,2.787257868818571
-8.246049117019751,2.78730740881495
-8.246219701555047,2.7874189980008564
-8.247726746414507,2.7884066353769974
-8.244145187325948,2.7860519722053962
-8.24364581953508,2.78572261661891
-8.244267506899462,2.7861319931038047
-8.245003655084695,2.7866157730762233
-8.245423434395606,2.7868910997847247
-8.245599186997206,2.787006132401386
-8.2465523184139,2.7876304034594206
-8.2479344843757,2.7885364973558
-8.2455331015004,2.7869601386396723
-8.24441912984551,2.7862255246163135
-8.244650361347857,2.786377642199917
-8.245194169928487,2.7867354333362457
-8.245769498705302,2.7871137518261855
-8.246054889898423,2.787301067003323
-8.246416659369768,2.787537730047775
-8.247425886906173,2.7881999270464197
-8.24422380796425,2.786094461687428
-8.243491366117455,2.7856120527544013
-8.244122811042487,2.7860272009224865
-8.24457580301555,2.7863234953540816
-8.244892515860835,2.7865307937061603
-8.246436266927882,2.787539510893842
-8.247277082468957,2.7880896950464535
-8.245650680875992,2.7870219958772346
-8.243081158388481,2.785320959836985
-8.243404599002039,2.7855350457078725
-8.2438220744661,2.7858091212351117
-8.244773381442748,2.7864330466584084
-8.245141612490709,2.786673985781916
-8.246907681960483,2.7878303709660464
-8.246097097741623,2.787297712126047
-8.24426694645396,2.7860946454569033
-8.244997440567667,2.7865758820532953
-8.24563071346467,2.786992254615486
-8.246111207027921,2.7873076151128715
-8.246388562106208,2.787489324521208
-8.247425658379727,2.7881690950073854
-8.245106321152074,2.786645615397138
-8.245286580750564,2.7867650476901784
-8.245459721884185,2.786878727834759
-8.24606504596403,2.7872765593476974
-8.246403793663001,2.787498958958355
-8.246517405551598,2.7875732550558032
-8.246575853771802,2.787611842352699
-8.245748729768827,2.7870685546233105
-8.245788425441031,2.787094577890305
-8.245932771664421,2.7871891140545597
-8.246946205186836,2.7878529832493197
-8.246324521155469,2.7874450780421545
-8.245668107653895,2.7870142929182324
-8.245877516893145,2.787151595671574
-8.245630237227926,2.786989452755986
-8.245828896913737,2.787119557997392
-8.24635507829982,2.7874637854176814
-8.24624627049974,2.787391804931183
-8.242776325483733,2.7851070584988165
-8.243776036103624,2.7857637961099844
-8.244988766835455,2.7865580288548166
-8.246749677772234,2.7877091597891197
-8.247466475501266,2.7881789920495614
-8.245815675056528,2.7870975168802836
-8.24486220817659,2.786468909267297
-8.24519470999074,2.786687321197578
-8.24575281587259,2.7870536486296866
-8.245996926118623,2.787213549330311
-8.24607426202024,2.7872639797023786
-8.246809877575851,2.7877464794473377
-8.246123625849133,2.787296117921655
-8.245715575717083,2.78702866890682
-8.246321041183572,2.7874261362271113
-8.247162324855031,2.78797758535759
-8.244670889463306,2.7863353612593094
-8.243463395797836,2.785537958738709
-8.24410483280689,2.7859604709372023
-8.244592846936284,2.7862814422061324
-8.244797022847502,2.78641518633849
-8.245267661992713,2.786723451691428
-8.245975562927155,2.7871868392035983
-8.2474106839587,2.788127084780883
-8.24523312066312,2.786693975224506
-8.241672930856947,2.7843435011646687
-8.242619464176224,2.7849672154311627
-8.243957220069325,2.785843798517491
-8.24510348337587,2.786593280654916
-8.246927698787353,2.7877847059193623
-8.24787352694189,2.7884035145694144
-8.245152955674346,2.78662003778673
-8.245687361021417,2.786971191039625
-8.245874893813653,2.7870937983908357
-8.246703128501576,2.7876368007239725
-8.24643103099507,2.787457862451662
-8.245520699785613,2.7868597628774703
-8.245094830094738,2.786578876458574
-8.245409622525182,2.7867855888406803
-8.245956578721941,2.7871442977099408
-8.246680672909344,2.7876188774365356
-8.246752708168462,2.787665770782646
-8.242977434482587,2.785177943280549
-8.243050919207644,2.7852258570497566
-8.24389618925418,2.7857807423074767
-8.244928184759702,2.786456035214058
-8.245674729623214,2.7869441797920764
-8.247181318674668,2.7879314598997125
-8.245487257016675,2.7868164356889795
-8.241937791847976,2.7844768832571023
-8.243348449199763,2.7854044384660703
-8.244594502345247,2.786220295689948
-8.246173783235719,2.787252612211299
-8.247651140357538,2.7882198560835967
-8.246017080840664,2.78715024207274
-8.244660791079452,2.7862559430224847
-8.24308328973442,2.785208650361498
-8.243739864617377,2.7856435100284775
-8.244637362180969,2.786234818966209
-8.245123750778843,2.786553909178324
-8.245372758998842,2.786717145355291
-8.245318260479413,2.786681786252383
-8.245971100707209,2.787108556783494
-8.247690278049548,2.788234496865478
-8.246276926494088,2.787310571596789
-8.248016946755167,2.7884446659299575
-8.247267218555887,2.7879560187860513
-8.245247287926256,2.786636356709079
-8.245576190576827,2.786851505349658
-8.245933849685706,2.7870864669885553
-8.24651236012224,2.787465478247482
-8.24712191226645,2.7878647468388094
-8.243819471469138,2.785691857807568
-8.24457282116363,2.7861882784733902
-8.245305226009576,2.7866694195312895
-8.245856380635738,2.7870307797591485
-8.247439084538618,2.7880672950405683
-8.247221283076328,2.7879246335008934
-8.245198392118786,2.786598233217434
-8.24539888821067,2.7867300612534636
-8.24566818959361,2.786906465624634
-8.245881243729768,2.7870460381773343
-8.247063245145005,2.7878209661116005
-8.244959756161055,2.786441112031607
-8.245015893649377,2.786477734587125
-8.246113881667123,2.787195727379466
-8.247608809591808,2.788175730742939
-8.244695705583691,2.7862587222015636
-8.24313237483233,2.7852272608010002
-8.243454894509565,2.7854387742714537
-8.24430077938163,2.7859957038911176
-8.244610977600976,2.7861991644271735
-8.245012367126952,2.7864617716773177
-8.24546612665842,2.786758789070784
-8.246759800422877,2.787606106609145
-8.245366583136027,2.786691772238724
-8.245595379715839,2.7868422234384433
-8.24629139545162,2.787297380924386
-8.247492073675012,2.7880835835599274
-8.244623510054728,2.7861982140965322
-8.245490257752607,2.786770122018617
-8.245566886779637,2.7868198096973527
-8.2456810362999,2.786894972097878
-8.245823647097682,2.786988472056911
-8.246643451888495,2.7875246805952085
-8.246726622384783,2.7875784073538465
-8.241231645804854,2.783943863257613
-8.240950377837173,2.783757519297959
-8.241985982800353,2.784444812440277
-8.243002834155641,2.7851142216353955
-8.244577416026859,2.786148997057309
-8.245003508845244,2.7864280498021685
-8.245341826692528,2.7866491689060124
-8.246151067253237,2.7871786680862987
-8.246367935552422,2.7873215812873533
-8.247465675431846,2.788040645219685
-8.244793683751304,2.7862859924732755
-8.244926410869224,2.78637268800627
-8.245324858084537,2.7866347389610056
-8.245478416184296,2.7867355992276948
-8.24578882077523,2.786938192265075
-8.246523381943332,2.7874194976374937
-8.247225608265122,2.7878795093803124
-8.24351692391385,2.7854402579681943
-8.244067676717862,2.7858030567206917
-8.244755204423257,2.7862546273210644
-8.24524819039996,2.7865779168409577
-8.245599332379944,2.7868080101036328
-8.246596853367219,2.787460693630607
-8.24651391547762,2.7874052500257087
-8.244617126414195,2.7861579919571673
-8.245281828738412,2.7865948967253558
-8.245484479957893,2.786727472590516
-8.245748667025676,2.7869008745617805
-8.246108553072455,2.787136556034054
-8.247252450785943,2.7878859446517716
-8.245815994690846,2.786944078986634
-8.245955522864556,2.7870349327251014
-8.24667312445302,2.7875048553848476
-8.246704800648816,2.7875249283221324
-8.24341751651489,2.7853584672590768
-8.24359601848743,2.785475504106338
-8.24428572263827,2.785928236760875
-8.24470930262853,2.7862052361106966
-8.24505300263652,2.786430042197086
-8.246718528554188,2.7875177983492194
-8.247768609874667,2.7882041584154895
-8.245742455378373,2.7868756793973195
-8.244801042321338,2.78625465380525
-8.245374741410524,2.7866322231588643
-8.245941010475022,2.787004532819348
-8.246104495886824,2.787111367028219
-8.24667332725158,2.7874842383437555
-8.245900480314964,2.786977170389745
-8.24599230985977,2.787036932674027
-8.247163149079412,2.7878044947187557
-8.245372945964451,2.786628964552233
-8.245465279142518,2.7866895319076126
-8.245777250117968,2.786894059510973
-8.246143613498004,2.787133970891442
-8.246649158711083,2.7874648157014903
-8.245596272307312,2.786772916736295
-8.245905450956643,2.7869756943212796
-8.245884292148963,2.7869617628607446
-8.246484694778129,2.7873549472591987
-8.247066654968961,2.787736230113784
-8.244608975903322,2.786122238833885
-8.245070232847086,2.786425669382325
-8.245465589601922,2.786685384545463
-8.245638963789107,2.786798834844764
-8.245449522736893,2.786674618164568
-8.246142488405118,2.787128227929999
-8.247454119767319,2.787988066565645
-8.24618447609273,2.787151200542868
-8.242938192156297,2.785008415681073
-8.2435568191285,2.785415880276852
-8.244074739571653,2.7857557447396863
-8.244649086481203,2.7861321582977054
-8.244989750146459,2.7863548863149767
-8.245374558321721,2.7866063796767624
-8.247361296402467,2.787907234677375
-8.245721698654355,2.786830662435897
-8.242954024098596,2.784997344437503
-8.242762542451892,2.7848703604177723
-8.243502830750982,2.785360588304684
-8.244192816282293,2.785815383610314
-8.244647006103497,2.786114093376936
-8.244963461089169,2.786321505205763
-8.24529533596925,2.7865385088256382
-8.246509476290028,2.787332506605604
-8.247835101949644,2.788201133332823
-8.244230351198173,2.785830368267336
-8.24361962875735,2.7854270560687024
-8.244433367509147,2.785962779078472
-8.244985682810793,2.7863251606369834
-8.245313044546355,2.786539805293593
-8.24562617220555,2.7867451979103848
-8.245791431756274,2.786853152160182
-8.246027951087546,2.787007850496176
-8.248020226873246,2.7883138305327595
-8.24526483805649,2.7865005018009827
-8.243651869377741,2.7854371078788414
-8.244337582709798,2.785888604161391
-8.244794568034866,2.786188674117488
-8.245220830135866,2.786468338352515
-8.245502767306846,2.786652622266641
-8.245882286652291,2.786901008042656
-8.246893500474412,2.787564074439623
-8.247600163687718,2.78802724443211
-8.244801872070186,2.786191524111056
-8.244571191419102,2.786039000949547
-8.244824250803154,2.7862053893683467
-8.245178624307242,2.7864381876758983
-8.245391068172623,2.7865772326305955
-8.245669379378707,2.7867597959993087
-8.246293943740609,2.7871687478041287
-8.246384690328863,2.787227336164842
-8.24603259317873,2.7869968220898182
-8.24631011739308,2.7871788101036206
-8.24656458562823,2.787345670595727
-8.247398172845667,2.787892408613746
-8.24488575884132,2.786240831575871
-8.244809796750884,2.7861904880324624
-8.245266052408827,2.7864906063541293
-8.245629478301371,2.786728776106025
-8.245798463986707,2.7868395612916426
-8.246310365989101,2.7871748182266347
-8.246835571388779,2.787519049225983
-8.246085677421885,2.787026457981006
-8.244042779784614,2.785683572075912
-8.244596161969628,2.786046827588769
-8.244907101530185,2.7862504922858733
-8.245566959853639,2.7866822739539705
-8.24687095925085,2.7875357301979147
-8.246797489222116,2.78748729850358
-8.245147850031103,2.786404600584886
-8.245606630874779,2.7867061248984464
-8.245997765759643,2.7869624965309137
-8.246527753104264,2.7873103220038504
-8.246791408347432,2.7874829462358153
-8.246299315137167,2.787159756221063
-8.244495284131592,2.785975299550728
-8.24490065585624,2.7862411859754883
-8.245346772549622,2.7865331127213344
-8.246289221766466,2.787150172152501
-8.247483076267544,2.7879331751623186
-8.244160917241032,2.785744046805883
-8.242270303523387,2.784495044880627
-8.242970530030139,2.7849565455353487
-8.244105389920245,2.785701687055294
-8.244623648366511,2.7860407886086254
-8.244895379361848,2.7862184218721326
-8.245964969115793,2.786917771660346
-8.247378408397925,2.7878441029839327
-8.244640800726748,2.786042098582786
-8.244610759897995,2.7860216734618546
-8.24499351687262,2.786273849640243
-8.24542487007294,2.7865572103448812
-8.245864556692842,2.7868456512775404
-8.24595355566584,2.786904102231148
-8.247471906617086,2.7878984109054388
-8.245570689624458,2.786652778894887
-8.245409080894602,2.7865466450134146
-8.246031426731566,2.7869555223414233
-8.246533487477302,2.7872852000990602
-8.246768828351087,2.7874394053603835
-8.245176165007502,2.786394523924811
-8.24552785099212,2.7866250193836413
-8.245697562227262,2.786736011367003
-8.247364940160184,2.7878275514867688
-8.246844797241756,2.7874868126986874
-8.244862071309365,2.786185966816457
-8.244954466373292,2.786246419685236
-8.245521735081821,2.786617933611359
-8.246499140835283,2.787257520773427
-8.246557012252266,2.787294728631694
-8.243161994105607,2.7850591201756805
-8.24370874064601,2.78542039703412
-8.2444954721272,2.7859377233730833
-8.245180219136856,2.7863877246927466
-8.245678149267345,2.786713806440265
-8.246838522309456,2.7874738138270954
-8.24572234950651,2.7867407306496297
-8.243605115278381,2.785348647393212
-8.244412296274177,2.785879675061406
-8.245045272083068,2.7862948338148517
-8.24527728153725,2.7864468636319137
-8.245754510696965,2.786759188911745
-8.246926926961299,2.78752675597495
-8.246098480456277,2.7869827124037707
-8.245839891291423,2.7868127317317626
-8.246407152762202,2.7871842054147757
-8.247777612156934,2.7880832991486093
-8.243431771461967,2.785224232942636
-8.240842414062701,2.783513709937849
-8.241806705653257,2.7841517533658364
-8.243179236127734,2.785053206810326
-8.244684812186126,2.786038073244832
-8.246904691548105,2.7874870439594557
-8.247482284997977,2.7878646312810225
-8.245255708334536,2.786405401052604
-8.245366875747575,2.7864781539536096
-8.24576968460205,2.786742594578275
-8.2461214195348,2.7869738183862203
-8.246234117682823,2.787047560548704
-8.246453047823344,2.787190691964825
-8.24735942659047,2.7877858001665667
-8.245742270819626,2.786721062352649
-8.241521102092044,2.7839339867077615
-8.242514342097667,2.784589589334279
-8.244359337977217,2.7857996159499168
-8.244965741376625,2.786196524619383
-8.245790474267517,2.786735910752187
-8.247655434000862,2.7879565359023735
-8.246119669477416,2.786949024839908
-8.245360678993318,2.7864500271268606
-8.246003163339603,2.786873150792721
-8.246230775021022,2.787022616123084
-8.246429072195948,2.78715263398733
-8.246923280470343,2.7874770098201513
-8.246316058582448,2.7870788686953385
-8.246406591462474,2.7871380309361204
-8.247306299647317,2.7877278981037206
-8.244484365396252,2.785871975766773
-8.24270482218535,2.784699731734689
-8.244079170543388,2.785600752453423
-8.245604956537154,2.7865974365539246
-8.247389596134703,2.7877668537784053
-8.244391516734309,2.7857933105352437
-8.244787513391744,2.7860546146043608
-8.24529968869941,2.786392453510635
-8.245887784624637,2.7867788054945772
-8.246081256586844,2.786905789639406
-8.247004477428037,2.7875103951441615
-8.245842496987073,2.786745943241434
-8.243582989621911,2.7852579765422876
-8.244171599031748,2.78564514357274
-8.244962523716138,2.78616445390074
-8.245375666254022,2.7864347383397625
-8.245488165709748,2.7865082150693823
-8.247023860167669,2.78751325605021
-8.247072412783844,2.787544460115717
-8.243411009022994,2.7851352136223904
-8.24407928476666,2.7855756632374487
-8.244832345460628,2.786070037682619
-8.245151428545215,2.7862787658859642
-8.245544000705975,2.786535916492702
-8.246642901591931,2.78725483728854
-8.24662194643838,2.787240585187386
-8.245067057254486,2.7862199051022905
-8.245492456632848,2.7864988100478723
-8.24604070953724,2.786858005857429
-8.24704822704913,2.7875185080960363
-8.243456548796997,2.785153277225618
-8.243491564406886,2.785175833336399
-8.243668868255076,2.785292814957579
-8.244225878864611,2.7856590089275217
-8.24480420406711,2.7860387459661675
-8.245297977317067,2.786362017853872
-8.246207670778077,2.7869568790831827
-8.248062778971383,2.788173447833236
-8.244008865405597,2.7855009349362514
-8.240444717315697,2.7831370216190265
-8.241243884952985,2.7836690046251173
-8.242426410462414,2.7844491522096986
-8.244001460378984,2.785483173696778
-8.244690000924638,2.785934160514321
-8.245527701157988,2.7864818186522995
-8.247085344814117,2.787501403994604
-8.244877390327712,2.7860522693237044
-8.244975775465935,2.7861169996398853
-8.245229177394219,2.786283146772006
-8.245248894817054,2.7862960622463646
-8.245400288523806,2.786394943235085
-8.246108627036033,2.7868584620543864
-8.247024951352804,2.78745912525452
-8.246277758374582,2.7869690625004586
-8.24688872360703,2.787368748699961
-8.244167912942288,2.7855769385944718
-8.244435713559396,2.785753125443878
-8.244770123038915,2.785972068469336
-8.245248048990646,2.7862852378646896
-8.245815623007713,2.7866565995975496
-8.246456293938499,2.7870757952556753
-8.247373724863262,2.7876764980004123
-8.24375185986477,2.785292061763189
-8.244163440782174,2.7855629014937273
-8.244773257223427,2.785962982048294
-8.245521052574677,2.786452816498727
-8.246036443830958,2.7867895973485526
-8.247612823345714,2.787821225220263
-8.245616171518181,2.786510817153434
-8.243415441086036,2.7850544233816192
-8.24300717652762,2.784783147745896
-8.243700569322929,2.7852394323304606
-8.244550043962132,2.7857975256593064
-8.244862271128257,2.786002374180593
-8.244976239566013,2.7860765016624343
-8.2462782910809,2.7869277338219534
-8.246842343713622,2.7872971567433957
-8.243946036105863,2.7853896999448753
-8.244568003934681,2.785799725314574
-8.244847479299041,2.7859834831234185
-8.245504946797794,2.786414948020283
-8.24587812501866,2.78665915018214
-8.246847746670719,2.7872948156248496
-8.245546690965787,2.7864391625514497
-8.244930874659573,2.7860335767972604
-8.245387980030463,2.786333780214743
-8.245599864256453,2.786472386061738
-8.246116057977476,2.7868108831338696
-8.246906557957047,2.7873281046767424
-8.245484308556344,2.7863934055030612
-8.243706449243415,2.7852232937425137
-8.244304077259374,2.7856165358858975
-8.244995294462866,2.786069740241895
-8.245298110520698,2.7862679451959567
-8.246223547693553,2.786872824096954
-8.247439920798458,2.7876695281890695
-8.245693552436368,2.786526159127233
-8.246134472215086,2.7868157991267517
-8.246467131688185,2.7870339189564444
-8.246646121312997,2.787151028465542
-8.246453979665885,2.7870236954495793
-8.242132138711977,2.7841760461589278
-8.242726581730123,2.784568306566031
-8.24376459460219,2.785250055993223
-8.245234554047803,2.7862108645621038
-8.247563464837514,2.78773196450098
-8.24624658769488,2.786869062294456
-8.2456453782661,2.786475132183123
-8.245500458960311,2.7863791825738105
-8.245792663096674,2.7865709493071944
-8.246184430080387,2.7868277445802914
-8.246814925285053,2.7872412029825826
-8.245766896326296,2.7865538196316404
-8.247080670495864,2.787413803709274
-8.245857067659822,2.7866117023044596
-8.245718226980811,2.7865204755141715
-8.245873237772033,2.786621968401097
-8.246637354763795,2.7871225759350344
-8.246161431988787,2.7868098817015086
-8.244556215120504,2.78575624141309
-8.245235725125028,2.7862028235525402
-8.24579973463677,2.7865725770116856
-8.24639618311264,2.786963492973802
-8.247181988644629,2.787478526351208
-8.244886230352861,2.7859701099268213
-8.245314331899738,2.7862512089268807
-8.245634565790445,2.7864611218047832
-8.24611851125547,2.7867780165390643
-8.247029348727008,2.787375110692265
-8.245425023615196,2.7863218767918942
-8.24562252274089,2.7864514064801083
-8.24602640908163,2.7867159916552193
-8.24662994156712,2.787111683072212
-8.246274611143178,2.7868774514468195
-8.24412540089618,2.7854639149567637
-8.244640433420885,2.7858025734608085
-8.245107205807225,2.786108490951635
-8.245651179729837,2.786464567193873
-8.247320012392825,2.7875571392291096
-8.245961728026371,2.786666300244276
-8.24512087605318,2.7861134110420704
-8.245415902023618,2.786307909287512
-8.24599544226218,2.78668911628092
-8.246301499893095,2.7868898549312577
-8.246505289839021,2.7870236761962657
-8.247511901098928,2.7876835450710633
-8.244191397655822,2.7854999015011095
-8.244630867762934,2.7857896473073267
-8.24536048363141,2.7862692633552184
-8.245843378954609,2.786585836952193
-8.245980872277046,2.7866759606526874
-8.247429400819733,2.787624968526778
-8.244931855765815,2.785985333028501
-8.244170564834244,2.785485466706703
-8.24494830790221,2.7859962020597195
-8.245232850620445,2.786182524229001
-8.245777560869753,2.7865390255262747
-8.246888263079544,2.787265807015176
-8.246510709092911,2.7870174877471
-8.244612234183085,2.785769755054645
-8.24538441003097,2.786277468064572
-8.245965232641316,2.7866582149764545
-8.246294350846341,2.7868742344630344
-8.24663323993053,2.7870963125570563
-8.246889529779262,2.78726414916853
-8.2441242831058,2.7854479188637495
-8.24495173022449,2.785991343592205
-8.245409827447036,2.7862914900771116
-8.245772443785196,2.7865287896285444
-8.246693139530665,2.7871315592889205
-8.247352424445392,2.7875626837787975
-8.244239767235818,2.7855165906573127
-8.244657947132387,2.785791875779044
-8.245362798418652,2.7862542452597516
-8.245752842296326,2.786509762883504
-8.247182898406917,2.7874466389281753
-8.245816155511188,2.786549704847926
-8.246226995579757,2.786819479739337
-8.246619831924475,2.7870763613261498
-8.247778382734186,2.7878351243874393
-8.24544587514148,2.786303674969274
-8.240800829907693,2.783208061472446
-8.240574346315105,2.78305682937092
-8.241698517358172,2.7838060852924333
-8.242746867184593,2.784501199237312
-8.24350019158585,2.784996988366807
-8.244447514731432,2.7856169027357573
-8.245440984446326,2.7862662864529413
-8.247691018585272,2.787739532876563
-8.245501129673796,2.7863010950455633
-8.24446774590221,2.7856214197404947
-8.244966516337403,2.7859493036014253
-8.245417086714662,2.7862449573142523
-8.245735253806433,2.7864540076952373
-8.246017382245274,2.786638208523594
-8.246768539629771,2.7871303583156477
-8.245185978889333,2.786088449332214
-8.2431958211801,2.7847765133413542
-8.243448534435343,2.7849422691711543
-8.24452350556474,2.785646160336094
-8.245057900061585,2.785995374942375
-8.246945194580594,2.7872291030237344
-8.247416399104225,2.7875378281016383
-8.245459556308733,2.7862558545387093
-8.245889934365119,2.786538335476684
-8.246192862086668,2.7867369410868488
-8.24663812459407,2.7870289063692026
-8.246623762777595,2.7870191724530673
-8.245702309161764,2.7864137604465817
-8.246186383227746,2.786731907465651
-8.246451175670787,2.786905174545939
-8.247708175291518,2.787729238187344
-8.24618646782262,2.786728486257024
-8.24335660888486,2.784862493993443
-8.244168787088347,2.7853971703393006
-8.24481020299084,2.7858188083452857
-8.245171995828754,2.7860556652677655
-8.24577091223208,2.7864476744584312
-8.247366331207823,2.7874933340371766
-8.24459064807631,2.785665102640626
-8.243136951536119,2.7847059827227523
-8.243588786588402,2.785003727376605
-8.244523127681827,2.785618527681312
-8.24501376325121,2.7859413234623585
-8.245486157107518,2.7862507292861367
-8.245692699617868,2.7863856110159873
-8.247254228897098,2.787408480046011
-8.24486217182208,2.785840110525859
-8.245306966967862,2.7861312905296223
-8.245659557424572,2.7863616859331763
-8.2471858429884,2.7873618510785994
-8.244173828706161,2.785381732934889
-8.244650431261416,2.7856953610760975
-8.245102349651424,2.7859917849069262
-8.245477278271665,2.7862376510353166
-8.245768989805988,2.7864284742300844
-8.247506388388315,2.7875659039108607
-8.245213396301173,2.7860597763179933
-8.243928380136744,2.7852142644758016
-8.24450862481245,2.785595659166428
-8.24501563990234,2.78592827118156
-8.245544952758852,2.7862746911698144
-8.24729569613808,2.7874206759061173
-8.244944520545829,2.7858769801376693
-8.244915627691933,2.7858578883901854
-8.245362535319302,2.7861514343709537
-8.245712812936388,2.786380877508594
-8.24654271071189,2.786924592422764
-8.24688393239314,2.787148297085021
-8.244954379667766,2.785878902505757
-8.244393572402473,2.785510087774933
-8.245195628241714,2.786036957657234
-8.245639546033289,2.7863286906297215
-8.245879496654755,2.7864849921755694
-8.247574847719015,2.7875950537701413
-8.24470048260625,2.785707886001167
-8.243185397756616,2.7847118043569266
-8.244180008465024,2.785364522656743
-8.244855263728093,2.7858064913854506
-8.245428313724286,2.786181513167571
-8.246706728287593,2.787016345439998
-8.247763678581624,2.78770772052212
-8.248029600890671,2.787880391536858
-8.246705646039489,2.787014044173264
-8.246239159950145,2.7867090461826516
-8.246443497004838,2.7868433357926126
-8.246597718855783,2.786944104287619
-8.246499752680718,2.7868801172154805
-8.246145783933164,2.786647827898417
-8.246169876335316,2.7866631203826775
-8.24698671539474,2.7871985641713075
-8.245090931263107,2.785954009292526
-8.244288615841421,2.7854272342938025
-8.244681362621852,2.7856846786409624
-8.245186809644983,2.7860153750858316
-8.245476029827806,2.78620483797744
-8.246341983261598,2.7867714507786547
-8.247168106925319,2.7873119566741233
-8.244749749617972,2.7857251364562727
-8.245535993976743,2.7862425183107935
-8.246327576707394,2.786762241686088
-8.246468694251158,2.7868549015929207
-8.247265703364814,2.787377296604401
-8.245947844173754,2.7865118495865144
-8.242686961972131,2.784356088093021
-8.24322056487747,2.7847100218415437
-8.2439179039273,2.7851693041113506
-8.244481090385406,2.7855397198355174
-8.244929360441377,2.7858332555844267
-8.245263566175938,2.7860519298156188
-8.246506660841112,2.7868644133346656
-8.247627628100469,2.787598567005316
-8.24403537630047,2.7852393259661046
-8.244457905367058,2.7855176109648805
-8.244786633104248,2.7857337359871797
-8.244960797591954,2.785847445572381
-8.245768172150315,2.7863757592828984
-8.246744010345951,2.7870145973019937
-8.246676417492933,2.7869689449048396
-8.242663209052285,2.784322277129812
-8.243213910502723,2.7846856302351712
-8.243939377639588,2.785161303536222
-8.244448010650501,2.785494520362671
-8.245135880851231,2.7859433748610414
-8.2472675868742,2.7873364395984597
-8.246194130750675,2.7866313892842935
-8.242125071116378,2.783945764570992
-8.242849862689658,2.784426073602275
-8.243717963586978,2.7849979163741088
-8.244271714790669,2.7853616311882754
-8.245036319215256,2.7858634209450686
-8.245371629346954,2.7860830956510676
-8.245632553106509,2.786253401298029
-8.247029022026462,2.7871661572659074
-8.247487192864115,2.7874656661886896
-8.244370096651155,2.78541460119347
-8.244880504614592,2.78575020111935
-8.245440793379451,2.786117698687752
-8.2457757701199,2.7863368999769316
-8.247198499274116,2.7872686409804643
-8.245340835850373,2.7860480819909736
-8.244400999677017,2.785430193916346
-8.245188507661384,2.7859475712013024
-8.245455271638892,2.7861223385867357
-8.246035340905111,2.786501994539849
-8.247221167039005,2.7872783490260913
-8.247111618363204,2.787206439210498
-8.245554127455224,2.7861850197812887
-8.245078305682794,2.785872236432198
-8.245256295848833,2.7859891006543327
-8.245596206984015,2.7862118254445143
-8.246291013295382,2.7866663978877266
-8.24715371407765,2.787231773038974
-8.244546044138463,2.7855196142953678
-8.245293994496032,2.786010797439498
-8.245949678116158,2.786440450770716
-8.247037658360796,2.7871538130231257
-8.245542658083496,2.7861715087646317
-8.24582322956995,2.786355870319175
-8.246324298122099,2.7866847536736636
-8.246492754185926,2.786794740038256
-8.246096613657182,2.7865355829290572
-8.24623210218231,2.7866241286727886
-8.247669669634817,2.7875660107351306
-8.243433570905937,2.7847777720244236
-8.242928676471852,2.784444940592933
-8.24335804545228,2.7847279551917468
-8.244579275501806,2.785530305691383
-8.2451680345455,2.7859157723016543
-8.245514737915542,2.786142645016634
-8.247382360289045,2.7873646768376923
-8.245463853258727,2.786106423859613
-8.245772210742592,2.7863096732879677
-8.246103132959373,2.7865266452558415
-8.246433108665425,2.786742601265553
-8.247190368547505,2.7872390531874145
-8.24392839161961,2.785094235750367
-8.244648151832829,2.785568467402609
-8.245139259981935,2.7858907392630474
-8.245695258094566,2.786255761821128
-8.247022848155801,2.787123096088159
-8.247844818487035,2.78766147207347
-8.246357184978953,2.786688464609313
-8.24700745761924,2.7871142990112094
-8.244808123397188,2.7856690755518403
-8.245211099325616,2.785933254878158
-8.245712449758084,2.7862620556041913
-8.245927628868593,2.7864026859776474
-8.24641224278847,2.786719944513882
-8.247102080389288,2.787171926043756
-8.244115599527987,2.785209489276106
-8.244725114537212,2.785609552647607
-8.245533811405625,2.7861388137062084
-8.245960602665486,2.786417372263625
-8.247561638502223,2.787465761717687
-8.243962307738052,2.785099481187677
-8.243847436230887,2.785023701635529
-8.244537357129987,2.785477708745665
-8.245374251245458,2.786027718018787
-8.245553819339397,2.786145370777838
-8.246079713000473,2.7864891408551515
-8.24737380202458,2.7873371352845333
-8.246054537293979,2.7864722637565764
-8.243000531970248,2.7844479130813746
-8.24014700278032,2.7825504418700424
-8.241054183705852,2.7831533403713187
-8.242474331019428,2.784091080028537
-8.244294980061808,2.785283854215836
-8.24534486715738,2.7859691002818825
-8.247261713435606,2.787222476532833
-8.246943587974872,2.787014325469454
-8.247266146542161,2.7872249264464313
-8.24692355920477,2.787000472356415
-8.245409307768496,2.786006314454042
-8.245857860272015,2.7863014613606643
-8.246170715604027,2.7865066597257995
-8.24602931777866,2.7864139300406583
-8.246495332360013,2.7867190238089417
-8.246828863719204,2.7869375040094826
-8.243130968110258,2.784505582229659
-8.2434640568726,2.7847243439775564
-8.244768224708569,2.7855774990963917
-8.245979823550384,2.7863667228632374
-8.247964258296971,2.78766140065726
-8.246787566574888,2.7868922814200463
-8.246300665433521,2.7865743874560964
-8.245820275891345,2.786258424432945
-8.246391094794586,2.786633775778886
-8.246718805690678,2.786848612280016
-8.246170170259226,2.786488928038484
-8.24656728625919,2.786748831588654
-8.247472665558552,2.7873422919004702
-8.243899496276663,2.784994715415582
-8.243646277957373,2.784827474342214
-8.244712338803437,2.785527455481864
-8.245380083153828,2.7859647623876502
-8.245868140250417,2.7862836548317707
-8.248155569127158,2.7877815060131836
-8.247038076828,2.7870472667639294
-8.241571258037176,2.7834384310927716
-8.24165620907372,2.7834955813560245
-8.242438912495798,2.7840115024899683
-8.244200717489155,2.785168112188405
-8.24500226823582,2.785690984966602
-8.247366310856089,2.7872328226650747
-8.24766069585021,2.787425904568708
-8.245268352487363,2.785859049807952
-8.24405336287262,2.785056279066205
-8.244696292461347,2.785479606576002
-8.245244234635571,2.7858388684386326
-8.245979644971472,2.7863206361868547
-8.247100325523053,2.787053817628891
-8.247245578565778,2.7871492147118695
-8.244245702110277,2.7851796972304306
-8.244629312701532,2.7854336542316243
-8.245534721988584,2.786030714697536
-8.245960911440095,2.7863110661304065
-8.246334271525097,2.786556226742141
-8.246762511577554,2.786836413764925
-8.246823222334417,2.786876097937584
-8.243845515400011,2.784920339074618
-8.244228293504078,2.7851722256354337
-8.24514634962985,2.7857753554812126
-8.245728039677553,2.786156100754714
-8.246577033559769,2.786710760667261
-8.247832693050004,2.787532888964646
-8.245229793281654,2.785824294686301
-8.242777560505814,2.784198091109153
-8.24301365011648,2.7843541039228965
-8.243785317355576,2.7848630861876087
-8.244564079978788,2.7853740602200836
-8.245154030933337,2.7857611278311367
-8.246491671395374,2.7866343887386575
-8.248065775174029,2.7876649183214663
-8.245611952218376,2.7860569099688743
-8.245408391641398,2.7859223725579825
-8.246129224813794,2.7863961664520343
-8.246624814783427,2.7867214305062347
-8.24697673140976,2.786951713972748
-8.244918195069769,2.7855972789500325
-8.243239091635473,2.7844890098265194
-8.243862635248139,2.78489881454785
-8.244264959338995,2.785162525978222
-8.245093237422846,2.785704074608156
-8.24694908309501,2.786915430111019
-8.247676653507881,2.787391171010507
-8.24541680199358,2.7859125183631774
-8.245984150190024,2.786284848988371
-8.2464390103122,2.786582530668074
-8.247752912332,2.787443892787925
-8.244362527688468,2.785209295814776
-8.240998928705585,2.7829834539433174
-8.242152530612422,2.783745467208835
-8.243742961568485,2.784788923721786
-8.244839371074418,2.7855061300538786
-8.246275059085578,2.7864415425102136
-8.247921192116143,2.7875162458210254
-8.246992457597118,2.7869088687759627
-8.245230146227406,2.7857550003815272
-8.245898805609857,2.7861946771271593
-8.246155225216551,2.7863626227920593
-8.246082639131012,2.786314874115233
-8.24616044808823,2.786366009519992
-8.246706380724346,2.7867239563080575
-8.246132300441193,2.786347369964644
-8.2447484242604,2.785439616327815
-8.245201889493378,2.7857372847859065
-8.245811064759701,2.7861362341784126
-8.246265503443352,2.7864338961650104
-8.247027606723778,2.786933004081819
-8.243304101149054,2.7844791491053207
-8.242828444905143,2.784164322043228
-8.24323014890577,2.7844289941171487
-8.243830205500881,2.7848225149147594
-8.244654265272306,2.785361823765552
-8.246139442032547,2.786329893653739
-8.248186998934953,2.7876667559892137
-8.245912581031364,2.786177906242817
-8.244744728200255,2.7854086708892076
-8.24502281435367,2.785591984414581
-8.245522461571067,2.78592043311289
-8.245805407146127,2.7861059559967782
-8.246134604815433,2.7863218111664043
-8.246902094821316,2.7868243383448115
-8.247604036490419,2.7872832844580513
-8.243401618639412,2.7845209138227287
-8.243342731911948,2.7844821086476936
-8.244223799283866,2.7850611993114365
-8.244923652897468,2.7855203831191764
-8.245367388117465,2.78581072639654
-8.246308901455468,2.7864261190608106
-8.247834023785371,2.7874260094283363
-8.244704786490772,2.785369924734646
-8.243214564661887,2.784388872406944
-8.24391281773776,2.7848488734241235
-8.244662017410379,2.78534114316014
-8.245205396724385,2.785697073746394
-8.245730575839222,2.7860407957393476
-8.247530920277102,2.787218642520927
-8.245817514635359,2.786096297626234
-8.24585959482711,2.7861240775653404
-8.24603094738892,2.7862361710193615
-8.246893296625137,2.7868004629878147
-8.24655926646557,2.7865803152728645
-8.242813850038983,2.784112761460577
-8.243077603537163,2.784286919448128
-8.243906528896416,2.78483185821623
-8.244510914614573,2.785228265502994
-8.245102430392151,2.785615452214578
-8.246367586544645,2.7864419345955342
-8.247853000444495,2.787414018159789
-8.24549958551154,2.78587025618666
-8.244631552549608,2.78529936820093
-8.244286243944625,2.785069944881823
-8.245220894501951,2.78568369776688
-8.245741614084896,2.786024880280316
-8.246130434072274,2.786278836185294
-8.247590970508462,2.7872349587294956
-8.246201621230048,2.7863265632533896
-8.245835732136008,2.7860875270741876
-8.246423218673842,2.7864719900977413
-8.248110063161741,2.7875767776270797
-8.244711654390333,2.785345538692224
-8.24411063597269,2.7849497285060156
-8.24410594624505,2.7849458763027397
-8.24458870456297,2.785263115583337
-8.245169960252863,2.7856448052571614
-8.245507173132692,2.7858656995868976
-8.246174777257556,2.786301812465005
-8.247858029306533,2.7874037139225867
-8.244856960467262,2.7854324980536442
-8.243318036973214,2.784416194479758
-8.243541603337052,2.7845637387083
-8.243990543955354,2.7848589877355145
-8.24489601857336,2.78545334168819
-8.245459602179658,2.785822572547457
-8.245820243295901,2.786058317349202
-8.247701333800494,2.7872895766489583
-8.244908699868814,2.7854562568339274
-8.24432600759292,2.785072202888021
-8.24505117049484,2.7855493855218185
-8.24564153741557,2.785936967033309
-8.246007773036744,2.7861764038330747
-8.247764253289034,2.787326509922436
-8.244848034737903,2.7854117371257137
-8.243998344199813,2.7848517728959754
-8.244642386417903,2.785275388137519
-8.245172138542912,2.785622987745146
-8.245773535564666,2.786016570888785
-8.246440818566377,2.786453391643722
-8.247412266802483,2.7870894258675865
-8.242975124948723,2.784171642305148
-8.242820964762187,2.7840698443958334
-8.244189691596068,2.784968449021583
-8.24496078151947,2.7854738416221374
-8.245566585188788,2.7858696100093305
-8.247370814153724,2.7870501649092008
-8.24623185489601,2.7863012774894576
-8.242989403711737,2.784167248114255
-8.24343212022364,2.784458076361529
-8.24430688973198,2.785030818027286
-8.245253588864026,2.785649320405182
-8.246654985678601,2.7865663835647565
-8.247167013207571,2.7869015446136536
-8.244425101997921,2.785102086294421
-8.245025527084787,2.785498098943215
-8.245898789129068,2.7860718903222623
-8.246037323489174,2.7861629089931976
-8.246197238035458,2.7862672833117794
-8.247480873819903,2.78710811155338
-8.245099548537706,2.785545693220857
-8.24393797652602,2.784782606922714
-8.244988149264111,2.7854709180442496
-8.245556395992748,2.7858427318051873
-8.24668601597543,2.7865809667615435
-8.247802034361435,2.7873120263994027
-8.245559967939872,2.7858426387640924
-8.24602557847218,2.786148732844276
-8.246445852966593,2.7864246271211512
-8.246790410606872,2.786650316021027
-8.247261834369027,2.786959517678444
-8.243709886508437,2.7846242373726917
-8.243270020757139,2.7843341067377363
-8.244241207849571,2.784970923050386
-8.244790404771644,2.7853306003656337
-8.24523374510779,2.785620079739568
-8.247333173990052,2.7869930357121047
-8.247143751283675,2.7868689807249507
-8.244768901622498,2.7853092034512494
-8.245457930765477,2.7857622984598707
-8.245856584796707,2.786023186925733
-8.246020923925522,2.7861307809838207
-8.247146150947751,2.786867424811701
-8.245882893200246,2.7860389063440123
-8.245696504332908,2.785916678140978
-8.24524420717501,2.7856188100047263
-8.245925358967733,2.786067411913842
-8.246254621635467,2.7862834420772646
-8.246568887480196,2.786489717781313
-8.247102062241623,2.786839060568659
-8.24550513472383,2.7857914182928583
-8.245872153317139,2.7860318481347472
-8.246328085209417,2.786330256573246
-8.247531205778056,2.7871179325848674
-8.244592960750383,2.785188517758424
-8.245112689757663,2.78553070109087
-8.245720856169307,2.7859301996487584
-8.246175665402763,2.786228473162083
-8.246399605438581,2.786375080346053
-8.24758400687089,2.7871512683627153
-8.24374596125362,2.784630660131509
-8.243161095870146,2.7842463799459907
-8.244400684908918,2.7850595136259306
-8.245154986628046,2.785552936486489
-8.245749901275166,2.7859420919649946
-8.247015590294541,2.7867708247207803
-8.245171476693729,2.785559107696962
-8.245460595551183,2.785749023893232
-8.245937782424626,2.7860626573219123
-8.246310377381272,2.786306552485094
-8.24743192761021,2.7870414268169132
-8.24364787672006,2.7845551920458664
-8.243380159927915,2.7843790372359036
-8.243998740148164,2.784784955073641
-8.244519553405741,2.785126008231635
-8.24538410001509,2.785690949346492
-8.247305685915704,2.78694747865225
-8.24629285800519,2.7862816001800024
-8.242073237435587,2.7834934396464845
-8.242790791187076,2.783969248066255
-8.243508209612807,2.7844420364119618
-8.24397803117969,2.784750070272882
-8.244577268563887,2.7851414775268184
-8.246286530664015,2.786255625534106
-8.248128394731104,2.7874593135525623
-8.24500410650182,2.785409118459188
-8.245309123363192,2.785610451833256
-8.246083419773582,2.786120109972306
-8.245804212988784,2.7859371025599806
-8.245895953892884,2.7859968543320957
-8.246308284720335,2.7862667358265774
-8.247219785883324,2.7868639417415437
-8.246772586222578,2.786569937125238
-8.242748303692656,2.7839229995566432
-8.243562197359477,2.784460165140565
-8.244225410076076,2.784895402290325
-8.24468396139767,2.7851956852087505
-8.245073733728587,2.785450834525753
-8.246473843028307,2.7863642218824696
-8.247822655871083,2.787246293507406
-8.245065548866368,2.785446776447899
-8.24665586977192,2.786484945809574
-8.247497856661743,2.7870356466430874
-8.243264130171102,2.7842498047262563
-8.243198902037193,2.784206828891722
-8.243562867287721,2.784446263806363
-8.244306691075124,2.784934565147996
-8.24495861516812,2.7853612560867913
-8.245744961440613,2.7858745697633998
-8.247880485847151,2.7872718232422575
-8.246053217663544,2.786073894974285
-8.245507529816155,2.7857158136683884
-8.244601047685396,2.7851179236538695
-8.24433728028934,2.784942905749222
-8.24509856598597,2.7854434884950803
-8.245594817410486,2.7857682800356405
-8.245867564445838,2.7859469133124235
-8.247804757114798,2.7872117014464965
-8.246775583793086,2.7865403357401206
-8.247075982339128,2.786736441042898
-8.246978702917797,2.786672192287532
-8.245369566255786,2.7856163458685943
-8.242540949698482,2.7837418439413875
-8.243107730380935,2.784117835675725
-8.24407080310532,2.7847525604378536
-8.244616450613034,2.785111080123713
-8.245088834421994,2.7854206450299714
-8.245484472202488,2.7856792990687724
-8.24664229506538,2.7864363814575497
-8.247027124814647,2.786687758345807
-8.243504336117137,2.784371593341249
-8.244296495531605,2.784893192955767
-8.245127298834182,2.7854388040016316
-8.24560270351055,2.7857497648452196
-8.246228331943067,2.7861591894994047
-8.24760280092079,2.787058855900689
-8.245654003585797,2.7857810049588094
-8.245902080042601,2.785944172670184
-8.246304012202469,2.786208240286746
-8.246589455090481,2.7863951911706666
-8.247494764866705,2.786988363577258
-8.24324555639742,2.7841955921251023
-8.242496630581584,2.783701328850071
-8.244081233349904,2.7847409304985122
-8.244687692421977,2.7851375039111446
-8.246190508746453,2.7861169022224166
-8.247992968535451,2.7872938243919987
-8.246528634971705,2.7863365256244648
-8.247350850483997,2.78687509318199
-8.245104379407918,2.7853996450814256
-8.245519429150033,2.7856725214463074
-8.245865410051152,2.78589920074829
-8.24594730638733,2.7859528223659145
-8.246548621022084,2.7863466686240574
-8.246656612100432,2.786416521222576
-8.245293601574476,2.785521417525133
-8.24589373776532,2.7859158156181163
-8.246260153321389,2.7861561488949147
-8.24663406254948,2.786400947563028
-8.247773796276697,2.78714797600513
-8.243033030324325,2.784027408898937
-8.241270223007385,2.782863258864498
-8.242567828919306,2.783718951258079
-8.243797640022024,2.784525002830911
-8.245327188955809,2.785523525141788
-8.247356885088854,2.7868463198754148
-8.247480578462229,2.786926175197135
-8.246122572789018,2.7860379603664573
-8.246372850595534,2.786202111158249
-8.247057169181842,2.7866506290693542
-8.245652503626165,2.7857303796352784
-8.246134284858302,2.78604551413266
-8.247212370166588,2.7867520746908805
-8.243114318852529,2.784048709874695
-8.242461565583072,2.783616785107652
-8.24335017185183,2.7842027775191975
-8.244449441613247,2.7849253689914413
-8.245457447660135,2.7855859847449156
-8.246196988209974,2.786069311493278
-8.247927557482019,2.787201026683331
-8.245153380319259,2.7853814596124953
-8.243985198759143,2.7846145062358114
-8.244939740313693,2.7852407561862984
-8.245433466845771,2.7855639869082887
-8.246175864311454,2.786049558835274
-8.247555196963308,2.7869527475563043
-8.246331529966325,2.78614884822835
-8.243724571152498,2.7844303470517873
-8.244233265774513,2.784766890010317
-8.245086197534999,2.785328540908407
-8.245921584276873,2.785877759585664
-8.246322847791212,2.786140949240257
-8.246707330527123,2.78639247689204
-8.247965581815288,2.7872159088401496
-8.246132707361511,2.7860181136966915
-8.247212670377404,2.7867247117490646
-8.245806642570894,2.7858026974924277
-8.245298997308971,2.7854705324474462
-8.245718195847838,2.785746085219665
-8.246105810739678,2.7860003765679187
-8.246676159990296,2.7863738613348614
-8.246507197156802,2.786260162135143
-8.240815388429635,2.782472522552451
-8.24032307784402,2.782144723656444
-8.241546990943196,2.7829547627804763
-8.243050539603628,2.783944228759963
-8.244363939080237,2.7848040541190495
-8.245786339986036,2.7857308214002052
-8.247896685254554,2.787107436460012
-8.245709798452182,2.785675432157311
-8.245838945964534,2.7857598011099958
-8.246493298945,2.786188028860185
-8.247499685885098,2.7868476882383204
-8.242913571107009,2.783832730283786
-8.24229370659112,2.7834247947422086
-8.243410503324872,2.7841596520279994
-8.243923538468277,2.784495282671895
-8.244660271728124,2.78497646547824
-8.24700582843731,2.786505222050039
-8.247908831330877,2.7870943187880215
-8.245786593215714,2.785705087308295
-8.246331517388578,2.7860631080934004
-8.246597973470392,2.7862373861797405
-8.24626440623765,2.7860189093313954
-8.246155349748037,2.785947558374403
-8.246173052156038,2.7859589523868387
-8.246361611718115,2.786082291525392
-8.246998795553573,2.7864994630689104
-8.242991095203186,2.7838598826321683
-8.24345163166356,2.784163712672639
-8.24436680699012,2.784765675283897
-8.245160751341905,2.78528659809862
-8.245582134551626,2.785562484268637
-8.247075238583014,2.786539173428055
-8.246029261432655,2.78585151131413
-8.243302568056032,2.7840577359140544
-8.244198662779691,2.784646438021181
-8.244974278142443,2.785154388619472
-8.245624191681394,2.785579274474647
-8.247057723061298,2.786516748377074
-8.245515638298484,2.785504858221005
-8.245004832118145,2.7851702892493897
-8.245087980701873,2.7852242247708237
-8.245691864752668,2.7856198955566627
-8.246226979746663,2.785969887720533
-8.247715646762435,2.786943587456459
-8.24551939308445,2.7855031341564276
-8.245572015844669,2.7855374742069765
-8.246013402722975,2.785827042905081
-8.246972167817928,2.7864544149340804
-8.245435842262092,2.7854436821791695
-8.24468692815341,2.784951296491588
-8.245321907969295,2.7853675107924096
-8.245562635971188,2.7855251101398655
-8.245872002175846,2.7857275848097705
-8.247548645878677,2.7868237526988264
-8.245925003460925,2.7857578484282706
-8.242784301785978,2.7836912213426843
-8.243484976847908,2.784153236071074
-8.24362225283512,2.7842428326341997
-8.24452966031039,2.7848362769615815
-8.245665735549476,2.785576393568365
-8.247837033201018,2.7869941379451464
-8.246003896236939,2.785792648313006
-8.244736898250304,2.784958149839255
-8.24379818619488,2.7843366428717213
-8.244142628194286,2.7845637995403534
-8.24486275698753,2.7850361777229415
-8.245457711459792,2.785425680525256
-8.245755184944503,2.785620161078592
-8.247106939793856,2.7865046698074494
-8.245769119786939,2.785625400106611
-8.242730603164809,2.783625097331973
-8.243201108748977,2.7839345743268065
-8.244778385494634,2.7849661347565258
-8.246325083939988,2.785975371882126
-8.247309821805233,2.7866188050966385
-8.245615194831794,2.7855078960047828
-8.246218969718415,2.785904587481436
-8.246652062012299,2.7861879382318873
-8.247675305675129,2.786857927435733
-8.244738499019311,2.784929290810878
-8.243565557067953,2.7841552101107165
-8.244186267536998,2.7845652306934046
-8.244864473530935,2.785011589778987
-8.245464791077834,2.785406011343626
-8.246312409362547,2.785960829296073
-8.247662672119237,2.7868439090987467
-8.247534707513575,2.7867601038167797
-8.243233995312144,2.783926149913908
-8.24353208045585,2.784124205627595
-8.243863135113905,2.7843427369611917
-8.244693419266401,2.784887658729515
-8.245232253230597,2.78524085829427
-8.2458255775389,2.785629100680017
-8.246986809355647,2.7863882236926507
-8.246777094008726,2.786250190966017
-8.242940574303319,2.783724800202853
-8.243770306728079,2.784273186923719
-8.2442882748245,2.7846129057165885
-8.24486463239765,2.784990287184367
-8.245678340358086,2.7855225075353096
-8.247038665409287,2.786411445483689
-8.246329254928773,2.7859462980660545
-8.24483707463061,2.7849667197444803
-8.244386237796771,2.784668372540688
-8.245186042418496,2.7851933556339445
-8.245725278268992,2.785546376917058
-8.246667479605488,2.78616268981033
-8.247536870892143,2.786731751366569
-8.243488697099039,2.7840678875751608
-8.24364802961928,2.784173706977869
-8.244147167029285,2.7845029489059367
-8.244790678716381,2.784924496994891
-8.24511285281795,2.7851355369536086
-8.24555240051593,2.7854228129216656
-8.247525251026126,2.786711353051944
-8.24862000979106,2.787425308466541
-8.244469128775117,2.784700565020186
-8.243995366708308,2.784386715834601
-8.243433117860393,2.784012658385709
-8.244110561385098,2.784457811354937
-8.244566906728968,2.7847569893268265
-8.24515424994942,2.785141187781139
-8.246094892965864,2.7857556357588247
-8.248202575854112,2.7871336543126355
-8.245703393230452,2.7854961767971127
-8.245310888822452,2.7852383548631683
-8.246037514784888,2.7857161167706406
-8.246576679167674,2.7860699979731436
-8.246842994841144,2.7862446790379938
-8.247536266189156,2.7866985114036673
-8.244513129113452,2.784712876264559
-8.244368567532629,2.7846177055953745
-8.2452044877729,2.7851664480536935
-8.2457024892175,2.7854931198843405
-8.245962519672,2.78566291291682
-8.247726051639622,2.7868161524878112
-8.245729723312023,2.785507806261745
-8.2457606198091,2.7855282430189128
-8.246199425663134,2.7858165079998636
-8.246639931719939,2.7861051660571254
-8.24806812375809,2.7870399064719633
-8.245449275445674,2.785320224685522
-8.242139462355977,2.7831361309728657
-8.243149820520625,2.783804009929368
-8.243723355933914,2.78418016730499
-8.244229239942877,2.7845113650060123
-8.24643359625177,2.7859473525342904
-8.248282895843621,2.78715366740767
-8.246235374149729,2.7858151296804943
-8.246480867125332,2.7859763842648495
-8.24690621413904,2.786255584922338
-8.245920429356648,2.785609001642474
-8.246418165893477,2.785935126012525
-8.246714965668977,2.786129600098916
-8.247233702213173,2.786469414015403
-8.242434462116043,2.7833114468281464
-8.242504237311106,2.783358146588984
-8.243533364349526,2.7840358858951078
-8.244345881020998,2.7845682781661574
-8.244930016358765,2.7849490368225465
-8.247235348683093,2.7864502451301933
-8.2485881483799,2.787333122676665
-8.245708513664756,2.7854504048847297
-8.245715937988571,2.785455848081522
-8.246215922805586,2.785784402057269
-8.246591009538218,2.786030060785557
-8.247861793955263,2.786862639552516
-8.244985254947377,2.784971810229919
-8.2420456896351,2.783034034123468
-8.243290513767203,2.7838523652696012
-8.244181981474815,2.784436041426233
-8.246448658057933,2.7859118359422976
-8.248494691699829,2.787243220732368
-8.247951213725464,2.786888530082908
-8.24499632356005,2.7849543196691866
-8.244158315133282,2.78440033160736
-8.245130242228074,2.785039255703174
-8.245677720234692,2.7853982059485465
-8.246154277392117,2.785710410221568
-8.247140309672313,2.7863549636736753
-8.246991753069745,2.7862581330156333
-8.24535881704535,2.785186936451645
-8.244913728222993,2.784893038645888
-8.245361720275282,2.7851871628086164
-8.246147688763978,2.7857018843952615
-8.24742463745308,2.786537095341473
-8.246142732769567,2.785697377148436
-8.245687115659702,2.785398950101055
-8.246129518331266,2.7856888646122275
-8.246440045702855,2.785892664700842
-8.247744241417216,2.78674696750775
-8.244551195340934,2.7846456684918923
-8.242906079919871,2.7835607483928158
-8.243785527663272,2.7841403794265647
-8.244418017469414,2.7845551255587586
-8.245286438172197,2.7851243943283324
-8.245875425862716,2.785508883449635
-8.247731989696755,2.786722369708766
-8.246281930491355,2.7857748434897447
-8.246130853116124,2.7856771725230094
-8.246599350596966,2.785984144655982
-8.247503912663376,2.786576928720192
-8.244473434735545,2.7845879809396195
-8.245083023188398,2.7849883774080237
-8.245728321911502,2.78541121149021
-8.24626352931372,2.785761348496489
-8.247586806470839,2.7866274877769537
-8.245386702465106,2.7851853558547144
-8.244238983725364,2.7844276816253126
-8.244682896161407,2.7847192907722587
-8.24521742034178,2.785070078418355
-8.245819969481017,2.7854642968047854
-8.24706172400047,2.7862762970035275
-8.24782246947536,2.786775000461331
-8.243429620185658,2.783882236235198
-8.24324181732339,2.7837580029862745
-8.244285773033631,2.7844453027241376
-8.245159912961537,2.7850187608573376
-8.245636305371795,2.785330940094266
-8.24624939866245,2.7857317946197
-8.247742571618298,2.7867095632008025
-8.24336968291206,2.7838359761365576
-8.24283271422923,2.783481687578482
-8.243746196560219,2.7840832275681335
-8.244975043970541,2.784890254487084
-8.245429722261566,2.7851878910183925
-8.245833988941909,2.785452219495578
-8.24778054406641,2.7867244494957837
-8.246534180976282,2.78590579313439
-8.24361653138098,2.7839864582948275
-8.244449827687328,2.7845355170400015
-8.245546158337826,2.7852572104241524
-8.245847034199516,2.785454974390112
-8.246202879297368,2.7856878696903378
-8.246644776515259,2.785977012159448
-8.247721852153463,2.7866819725152503
-8.245679409481802,2.785343470120554
-8.245661615642385,2.78533119092328
-8.246224845556865,2.7857007729056695
-8.246496802353459,2.785879128886391
-8.24705392337718,2.786243977564925
-8.246305011547033,2.7857530155308097
-8.245688137566805,2.785348173408597
-8.246287746341345,2.785740709607624
-8.247359573119736,2.7864421324305124
-8.246467554585793,2.7858572061371736
-8.244225286823667,2.7843847782430826
-8.24499658180401,2.784890397708475
-8.245833999771499,2.785438548459149
-8.246380545415526,2.785795935230691
-8.247781266693908,2.7867128965604717
-8.245150875331678,2.78498674587791
-8.243825511286099,2.7841105413330376
-8.244050458676657,2.784258741045754
-8.245130977254414,2.7849677521170975
-8.245673656388034,2.785323813620466
-8.245890757635477,2.78546594999892
-8.246260985863527,2.7857077346768087
-8.247102644413173,2.7862587882120375
-8.242480817882248,2.7832173632480117
-8.242419216686335,2.7831762134201363
-8.24421411412745,2.78435267185338
-8.245034895894804,2.78488805118449
-8.247100787675013,2.7862342569514102
-8.248459336319467,2.787121529961185
-8.245496354424315,2.7851858984099804
-8.244879024009578,2.784779231197339
-8.245627120673435,2.7852710207337026
-8.245922845648215,2.7854646948371493
-8.246152268585293,2.785614867016302
-8.246470478029286,2.785823252915032
-8.247506119786978,2.786501350408389
-8.244655552980172,2.7846298788712227
-8.24324451838469,2.783702119396052
-8.243896344427,2.7841300510134745
-8.244615353554341,2.7846012208693063
-8.24505941525006,2.7848916766524106
-8.245881583832855,2.785427890494621
-8.247664964933747,2.786594886905861
-8.245370769958264,2.7850886221910653
-8.242927996056101,2.7834821937165173
-8.24401123200577,2.784190934357151
-8.245131303169195,2.78492178256154
-8.247103868934635,2.7862105292565635
-8.24708182440035,2.786195862128899
-8.242689971216604,2.7832988653272897
-8.243069509796156,2.7835519581031316
-8.244017138886173,2.784179468437478
-8.245143292631552,2.784920030344128
-8.24565380295006,2.785254637489916
-8.246631231579679,2.7858928154393596
-8.247928728345693,2.7867410335485614
-8.2445192255023,2.784502394711359
-8.2447161955071,2.784632033978347
-8.245420632427967,2.7850945452899043
-8.245957907716633,2.785446471381378
-8.246824800479779,2.786013481063952
-8.247297192051597,2.7863233060879034
-8.242742148688578,2.783318387162564
-8.243118448808547,2.7835673088918687
-8.243792854563312,2.7840122369218623
-8.245124994889082,2.7848866506190557
-8.24583515837294,2.7853519291088316
-8.246326665491988,2.7856734064763797
-8.247989317633802,2.7867612536993196
-8.245063995557535,2.7848419277032574
-8.243632022362771,2.7838989882303338
-8.244846886893646,2.784697350147533
-8.24569773117834,2.785255530841768
-8.245978110645746,2.785438848470655
-8.24702899816253,2.7861251601281984
-8.247098195164867,2.7861702985058865
-8.243265053118819,2.7836518966251647
-8.243802177581278,2.7840045529361253
-8.244478737839344,2.7844481103441
-8.245077645032012,2.7848397386483588
-8.246112498796364,2.7855147286579154
-8.247746800053852,2.786583636424154
-8.245510373759569,2.7851172968059097
-8.244972051547768,2.784762519338282
-8.24525561176096,2.784948917839655
-8.245875706742309,2.785355638814204
-8.246362113359078,2.785673762524347
-8.24751247116152,2.78642727487842
-8.243748733390726,2.783956957806771
-8.243360093209562,2.7837019373994636
-8.243840402300558,2.784016271814772
-8.244667579125993,2.784557618347943
-8.246409875713953,2.78568864438725
-8.247946386511197,2.786688326289076
-8.248373105466413,2.786966282859068
-8.245709282044956,2.785225370648273
-8.24607315303995,2.78546499615342
-8.246577404117895,2.7857957752121
-8.246834407765567,2.785964035160007
-8.245592325041404,2.7851495254478174
-8.245213517823595,2.7849010114553794
-8.245983547115841,2.785405112380278
-8.246427813781,2.785695632955085
-8.247419665845083,2.7863449374183094
-8.245047773862002,2.7847889264156422
-8.24584276779452,2.7853107197745484
-8.246544623991165,2.7857698386772607
