4.313588103729361,6.569051360762833
4.309230982488099,6.5986964291210874
4.306379197406005,6.616453240186922
4.301804674443808,6.641994299442168
4.299057856382503,6.6552718299257005
4.297254047567862,6.663035934856304
4.296936068959417,6.6642838111110105
4.2969356784719,6.664282535955168
4.296935342554537,6.664283116091169
4.296309907438472,6.66667841954424
4.293335688980704,6.6780162495798345
4.288844735022009,6.693699104194067
4.281622080414864,6.714809814226295
4.271156139752737,6.738708769419076
4.258294678117376,6.7612121478402365
4.242964332673746,6.783809101217092
4.22902511435573,6.803169419453279
4.210873344749714,6.828115182469039
4.1972876352663135,6.846965323963277
4.179594303135973,6.870149563394904
4.160302216059032,6.89274878239229
4.139681403411592,6.91384125415175
4.1188252586209755,6.932076566472849
4.101194226563615,6.945152739137116
4.07904340020648,6.95956229409578
4.056100237173602,6.972217209113435
4.031843342849122,6.982029448745215
4.006684353339302,6.988622436910397
3.9850412982745653,6.992643758448088
3.967957754031013,6.994806223608056
3.9521238225062905,6.995561048348922
3.9320158968625933,6.994641077149474
3.9077630813192443,6.990684202265651
3.8818917109372615,6.983857260697054
3.8543796798664336,6.974617092222288
3.8264169845001406,6.964397307774098
3.7982689733146167,6.953989170683176
3.7711657633756497,6.943952338673862
3.745804435893134,6.934042120730295
3.718563817900662,6.922181549236313
3.6916242166980067,6.909294922437232
3.6651620446617907,6.895394972424357
3.6399801788871047,6.879474022788229
3.6211752385702796,6.864843892354011
3.599950624833887,6.844051554249578
3.5821229177289453,6.8203657139829446
3.568914006547386,6.793852994771287
3.559974987784871,6.765525025132466
3.5551959698207725,6.736187754672582
3.554273123656285,6.706468261089903
3.5573606127992288,6.6773782381016495
3.564680804837368,6.650120458548953
3.5740676384756025,6.626226024673954
3.5853107477457566,6.602804298051886
3.5988627222197755,6.576279758735712
3.61260201544484,6.549591030716753
3.6258379541193353,6.523667457603985
3.6386777726756057,6.499070080611091
3.65169827036649,6.476011110678362
3.6667023832209185,6.451484831029841
3.6822437876059295,6.426346756634264
3.698195729406195,6.400946771043841
3.710923235450205,6.380578601402867
3.72660164663353,6.355017802088268
3.7424831833396226,6.329550977933737
3.7582679997227895,6.304049107613523
3.774264375114362,6.278727365611425
3.791053415384978,6.253909730256988
3.8074290557086727,6.229528030543525
3.822192847005427,6.206151616805057
3.837277419830849,6.182094910636032
3.851862983322525,6.160357286447513
3.8672505196608955,6.138043273723903
3.8844240357966275,6.113506633507419
3.9020496355492407,6.089388020295968
3.920889581976892,6.066135272682555
3.940047562313911,6.043046419028234
3.959009849572001,6.019730452404857
3.9747035396674972,5.998358225191228
3.988491503927411,5.9759166576470335
4.002132226360831,5.95024170083736
4.01520144293357,5.923577218859745
4.026580971661317,5.896162213048307
4.033984006195136,5.875406484679189
4.042729671034437,5.8481004503908816
4.050530423113039,5.82109563011542
4.058759309735326,5.792270571143156
4.067533400569999,5.7640535000273045
4.077502924469671,5.7358185743008
4.088046260746823,5.707769027475227
4.098889373232232,5.680284678367072
4.110526475668157,5.652750008680311
4.121953513705339,5.626524757002979
4.131550036887107,5.602614100203329
4.141589136997269,5.576034072783907
4.151534474478446,5.550735943794168
4.161566502579901,5.52636839816966
4.170074706088945,5.506121457164106
4.178068427061902,5.487324612034487
4.186301354540672,5.468940005226185
4.19650298700896,5.446583862751355
4.207579997100643,5.423236917314774
4.217725645863825,5.402003151966538
4.228484217295253,5.37870946692024
4.237217859897384,5.357209676962387
4.243844412929116,5.337348543218821
4.251528744941236,5.308720997557488
4.256681756379916,5.280801370141908
4.26058246610594,5.253209723428481
4.265186296056192,5.2260665092395095
4.271205616046632,5.201961236878362
4.278449572917706,5.177293286160991
4.285130304608052,5.153005309353242
4.289710715580383,5.131176582206546
4.293889854418454,5.107214125855848
4.299003331519528,5.0816648394404975
4.3058937818592655,5.054416706000811
4.313037391186906,5.029409987326197
4.320193757982673,5.008460483874724
4.32963507942292,4.988239653908408
4.343033511499073,4.967373638163724
4.358462330445338,4.94709345703963
4.376851884559584,4.924412256535327
4.392304285366346,4.906080236587884
4.411734086344013,4.883183853792855
4.430718594221274,4.859924520164087
4.449573782789215,4.836568822022133
4.4674676257031525,4.812962433234944
4.482761497675443,4.790191738611178
4.496139741204891,4.769371489888577
4.510973495309362,4.746744873474417
4.524561687667083,4.725678087442546
4.538026361059439,4.7038056096849195
4.55125184163668,4.67994094149951
4.562924353828271,4.655596257868676
4.572202166282538,4.63006517443019
4.577549248569914,4.601652509212925
4.577520675395881,4.575655723977756
4.572824887107571,4.5488782437581
4.565163687486778,4.522911726774252
4.556367554405043,4.497800736431904
4.547479041826403,4.474912936162945
4.540927408565216,4.45786786434552
4.536709531119834,4.446018137180034
4.531986035252248,4.4307746560763475
4.527705082266987,4.414170504342593
4.522673444753275,4.391933967010442
4.5175914496669725,4.367816174388207
4.512289259449281,4.343514604261844
4.507085929265831,4.319173401566077
4.501775215851135,4.294896518045699
4.495917669535407,4.268101416565447
4.489634734138807,4.240502067588977
4.483405110095489,4.211351579228693
4.478437816203444,4.181845668419525
4.474589494805563,4.152276678587981
4.472099197290785,4.124869555724881
4.471067440784367,4.105127641074868
4.470502375712939,4.089897596060746
4.469203937955509,4.070352123933285
4.466210798376613,4.041955711821859
4.462163149638908,4.013379275496841
4.458044525503613,3.983823871267302
4.455288461856642,3.9553340468582703
4.453979712553711,3.9268262410416077
4.454349714847738,3.905438472107755
4.455429252512603,3.87977924804495
4.456329234315727,3.858474450063759
4.457376909428222,3.834686623258629
4.458354024563251,3.8062201247625316
4.460014252792723,3.7786117423874925
4.4619571019238125,3.7539538444423823
4.464331680561305,3.7313269079322238
4.468483944939212,3.703552167636146
4.473444009180568,3.6759468369777766
4.478175223740766,3.650896019438208
4.482579690295083,3.6292615124555
4.487946820801636,3.604653861204823
4.494472068189968,3.5758193600733463
4.50112059928493,3.546660169639368
4.507515559528245,3.51765225800834
4.51324091081884,3.4918217504296782
4.519897990594247,3.4635750014814746
4.526903051354486,3.43447366556919
4.534601948018821,3.405539773157731
4.543520846337361,3.3770176569227357
4.553254177127387,3.350607030538925
4.5610569301174815,3.3294980067749247
4.568275024881815,3.3068689701049574
4.574061071191233,3.2850866493121798
4.580102604664273,3.2600530798322565
4.586328708904858,3.2315487174086233
4.591796583632317,3.2025508573880797
4.595617178234627,3.1748720272562707
4.597366737363387,3.1468590558036382
4.59729926669338,3.1178765028518436
4.596678015616097,3.088304609444404
4.5957450246397755,3.059644134628163
4.59508196043632,3.0298720155604832
4.59462919010478,2.9998996548483667
4.594820050700084,2.9713426656301563
4.595574437888365,2.9418617612552955
4.595598617490023,2.9135862177385192
4.594693056915644,2.892774886280866
4.592490139881391,2.8723573528564996
4.588023234430012,2.8500165375465265
4.5817850096971995,2.826358805758138
4.573930036960564,2.80383412480092
4.564910960058604,2.7826498197851235
4.557226261206727,2.767989063033169
4.547567072399693,2.752704264336868
4.532337563220512,2.7318583668627565
4.513578556813726,2.710877884726945
4.491505381493836,2.69253474188037
4.471840032389935,2.6802074940493927
4.4462426748935036,2.666890557253462
4.4205571120404334,2.6543133013003444
4.394388021623575,2.640381295737149
4.371499550023829,2.627073162187263
4.347937077677089,2.6125326239134177
4.328235540501059,2.5999045256663567
4.310386002176359,2.5876363046068827
4.294968799952396,2.5756652398098727
4.279275180339313,2.562524630400476
4.262326755622366,2.548061581261786
4.242160932774497,2.5302763390135192
4.220327088861804,2.5112799278768687
4.197424383114323,2.4920409243367114
4.1739448635924115,2.4732674137115054
4.149781704074658,2.455404964905768
4.12504761586644,2.4384603500198523
4.100421531423276,2.4230797595306406
4.075752798990934,2.408604496684099
4.05095779538993,2.3945943898132387
4.024730109556659,2.3803190328379227
4.003646107276642,2.3688554699208897
3.9772964851149486,2.354521456863576
3.9510354366850295,2.340551752694641
3.925110208010826,2.3277498471423193
3.9023366457624,2.317553351874514
3.87925562748811,2.307757046009679
3.85157336762671,2.296881412212111
3.8233079157631433,2.286775872165598
3.795440784923702,2.2759876109149735
3.7686273418005127,2.263454105488569
3.7423753322010596,2.249175371789107
3.716661699973914,2.2337605143701142
3.6908211203691024,2.2184680716435263
3.6646210847152663,2.2037476075125486
3.6379694468554713,2.189841169467982
3.6163907430933504,2.1792520089484344
3.589127323015447,2.1666381027838106
3.5616599061217777,2.154503969124496
3.5339460085349526,2.1428828783577996
3.50588368155701,2.1321428038085246
3.4788053683569125,2.1222733021961524
3.4509935160082397,2.112750128767497
3.4227965683596544,2.1026785864710456
3.394739816001443,2.092043943016833
3.3664662340058937,2.081884225037576
3.338213723706418,2.0725104316514664
3.310583915112867,2.0641965503772357
3.2818640617011803,2.0555805218942376
3.2534122826982252,2.0464993139615686
3.226668847103377,2.0378714271107214
3.2022402130540524,2.029504556145976
3.1782129572818922,2.0198088434384087
3.152685890276462,2.0074393642495845
3.128152036953648,1.9923209659873717
3.1046948812637476,1.9754740851586563
3.0865556385716393,1.9603225197468928
3.0672610872042836,1.9407344867871645
3.0524829043672304,1.9207530072440977
3.03980086228551,1.897095241450732
3.0310660569744936,1.8751690297047992
3.0238209131904816,1.852180224220484
3.017623975091819,1.8280037705747585
3.014263360534832,1.8066356471112546
3.0132065571496853,1.7905671812211033
3.0134862785419365,1.7716361245440408
3.015165108963277,1.750305988232996
3.0188156477723203,1.723911794780255
3.023824423021786,1.700416899133568
3.0318621480306476,1.6722546397410671
3.0420401766301146,1.6442227926058801
3.054595278231609,1.6176579557087485
3.065990220111259,1.5978095276371098
3.0787595008392645,1.5791596490006834
3.0905830194190504,1.564150040550263
3.111745621504989,1.539113392825079
3.127114192459698,1.5217552623835224
3.14068596904379,1.5072423932477366
3.159964766462028,1.4869100702687612
3.1782068627949385,1.4665021169545036
3.1967175301453445,1.4427466010758727
3.2133792160139243,1.418167018662667
3.2277027372356315,1.3948548939608365
3.2410994959374504,1.3713945542279584
3.251508882119147,1.3511292211769483
3.261761784978419,1.329573748465228
3.2723568577888424,1.3067662637898696
3.280282582938666,1.2886589466625271
3.2870200414220605,1.2735534480792843
3.2953823168904277,1.2563726399388109
3.3065641815015594,1.2346196459864467
3.3166497804618134,1.2153696059031156
3.3263383328724614,1.1973348016720005
3.3375629495259957,1.1776385485191438
3.3482164347225916,1.1596985852337438
3.364529671041236,1.1303715842779025
3.375270298287945,1.1090641818588471
3.3869398521627287,1.083479419538395
3.397073334217563,1.0575522907787271
3.4050604453532127,1.0333647084675706
3.411839088094253,1.0122665511263826
3.41750872509886,0.9964095743593266
3.422113426554109,0.984916672205165
3.4289428321942936,0.9679071954671707
3.4367888060716827,0.9492156768609539
3.446783197290855,0.9276613516841249
3.4590643058226194,0.9027974586360268
3.4715605243237273,0.8791305566177533
3.4834187510394488,0.8585749563437874
3.4958071916524367,0.8377287472661561
3.51024001494419,0.8124483811424387
3.523556206529262,0.787667901656289
3.5358633230901924,0.7635742574129911
3.5464432056022184,0.7400432969738865
3.5560524305494057,0.7131985462150091
3.5622935301100953,0.6911805863566428
3.5665047419330107,0.6729755678159498
3.5702798234626423,0.6541999567839942
3.572964480151211,0.6414524633660408
3.5781325737041536,0.6166326230613495
3.5826450461657333,0.5935958875827432
3.5861244600468645,0.5702553986544632
3.5881970636874696,0.5524131751446328
3.590485797288739,0.5334255466997473
3.5936037932195344,0.5149743668703517
3.598029218390422,0.4956971409132911
3.6033185775073835,0.47370060308524503
3.6090343861056433,0.4479439510525003
3.614619195696293,0.42086317224004305
3.6199611369068316,0.39578530551528285
3.6260742779477124,0.37208810069227094
3.632538625042941,0.3505911871082968
3.639271109344058,0.32748469274046876
3.6455542474044327,0.302073524945003
3.649934574902522,0.27697152346490067
3.652432813434011,0.24866775887250653
3.652521246077433,0.21930899515370642
3.6501171118319267,0.1897429193048384
3.6470266698618237,0.1634099178329438
3.643528241051228,0.1346620558283445
3.639763426037611,0.10486768065107961
3.6355411308651653,0.07515851246719672
3.631346640497534,0.045446033134824496
3.627671802905128,0.021696160443056937
3.6209497658196037,-0.0137909602487081
3.6146063055856494,-0.037091479478439694
3.603428570419039,-0.06518548316793644
3.5890024280517405,-0.09166350001959318
3.5732626252892485,-0.1172398440618886
3.558010924821307,-0.14295354992687662
3.544680282485575,-0.1696632119487487
3.5328170990134344,-0.19672994162520116
3.523249150735048,-0.21957800587287005
3.5124134129489395,-0.2458078588299648
3.50253270981726,-0.26994756657739627
3.49358017451381,-0.29476310983441545
3.4874371149654704,-0.3152562733786671
3.4829454170659795,-0.3326710556174485
3.479371860626432,-0.3491574354861409
3.475576729476775,-0.369698147109866
3.4720843334012774,-0.39276058865045843
3.4691114354510804,-0.41681367349947346
3.4662969408387823,-0.4444712738028802
3.4639664479256105,-0.4735387037266244
3.461323453760062,-0.5025144184763018
3.458789938558981,-0.5262974879991651
3.455668688974143,-0.5559219803120702
3.45280048713581,-0.5858115323755765
3.4487623137229746,-0.6156387224095534
3.443804076309617,-0.6427486273349537
3.4377720271336893,-0.6677091023141366
3.429666818456529,-0.6950793862951332
3.4201296294794132,-0.7235289377818503
3.4088940034825,-0.751282379078332
3.395020615419718,-0.7776438893234894
3.3797371602250004,-0.8012916786974007
3.3643176656024965,-0.8237280068224678
3.351787233638914,-0.8423769684003032
3.3387926428025723,-0.8620728223182138
3.323383993624224,-0.8865849529556229
3.3085591474717186,-0.9110862464056866
3.2941343466229696,-0.9353171757488531
3.281074918318431,-0.9555253486275707
3.272233862117107,-0.9676576894166776
3.2589212860135364,-0.9829524512471634
3.244251039053245,-0.9956216508300099
3.2287985337030176,-1.005639644760491
3.212804933494944,-1.0145131659127289
3.1969334561661924,-1.0233393926449845
3.180865575368826,-1.0337724408477693
3.1645414585668017,-1.0470963041978687
3.147188996861584,-1.0658855570694
3.13118535040687,-1.0888204589131512
3.1177823618262077,-1.1133324625397825
3.108322257862046,-1.1400651531078172
3.1035032165794885,-1.1690435340463983
3.102205549390879,-1.1984659964895323
3.102425142324194,-1.2272976919863385
3.1025741840817127,-1.252874922116566
3.102364117485079,-1.2731686684316579
3.1016300891871316,-1.2952521111202262
3.0998795703072943,-1.3179241699285347
3.0973547507189854,-1.3417907166382343
3.0942440750514875,-1.3625426975573083
3.0910291019009652,-1.377810997979002
3.0846467020703603,-1.400901574505344
3.073365472802601,-1.4320084792974763
3.065053814158956,-1.4536531252060385
3.0545129781028018,-1.4813849090763316
3.04565763080842,-1.5080582118987367
3.0385908690409043,-1.5350899555104316
3.0317923493059626,-1.5621084209828286
3.0238337027301947,-1.5878008193117557
3.0155667936705375,-1.6085536060451897
3.0072425198546204,-1.625291982390856
2.9956926379016062,-1.6431111842936375
2.977811037605599,-1.6633274686424768
2.95436513119209,-1.6822068862292638
2.928476481225399,-1.6969315225883557
2.901332288863045,-1.709084449579413
2.8735093006162002,-1.7203792599568883
2.845550778106479,-1.7313565756789144
2.817171677499048,-1.7413750243807842
2.7883209344503146,-1.749821842008882
2.7594682427349904,-1.7580086931905103
2.730449525313898,-1.7658417889382154
2.701324459756519,-1.7730331499750547
2.6722373363325063,-1.7803841710493178
2.6445311261467532,-1.7871269705353723
2.619376733446686,-1.7920997656942637
2.5915964998155134,-1.796433813706168
2.562578075337835,-1.8012662075580312
2.5346934847305036,-1.806821945295916
2.5074921978886113,-1.8132336014063521
2.478907084145865,-1.8202242015255974
2.4532027938971335,-1.8274258476677738
2.4313044420184333,-1.834747469975599
2.4087746140429718,-1.8433657731921953
2.385115395157386,-1.8531097418903586
2.3592050225902756,-1.86498234336811
2.3387530428113075,-1.8757642779406736
2.317136788628269,-1.889446580290758
2.297271315387418,-1.9042739755067457
2.27761159796689,-1.9195953508040642
2.2577642133522904,-1.9336064142093872
2.2399313595942623,-1.9440763818244837
2.216427157825812,-1.956332081244028
2.19793879828588,-1.9648032692015653
2.176044876931047,-1.9742402285872076
2.1559271449374298,-1.9833812519884493
2.141745002085427,-1.9906442221148835
2.1260901440924393,-1.9993995955035082
2.1036633476131477,-2.0121481489737416
2.0778133877938663,-2.027268308109673
2.053379036593948,-2.043550068182862
2.033205256217207,-2.0594316522582097
2.0147418949027553,-2.076193639991613
1.998619552994301,-2.0928230257364318
1.9830643297283883,-2.109811552920065
1.9653031477452794,-2.1293216862445266
1.9459629905783125,-2.149565507796664
1.924649678414294,-2.170168572125097
1.9026900384041994,-2.1905870758793684
1.88126642469258,-2.211500781209999
1.8604854649757139,-2.2327685012849927
1.8409749598261138,-2.2547015608431926
1.8221506122875597,-2.2779217112564796
1.80373309506908,-2.301568011421107
1.7854319778020062,-2.325333368454957
1.7680136392985561,-2.348202645773229
1.7518577215028568,-2.3700488071824575
1.7362568243507086,-2.39298761027724
1.7209646410899235,-2.4182097279496175
1.7071852218390404,-2.443086216914262
1.6931225812003656,-2.469141600992604
1.67955110219869,-2.495072479347134
1.6658546143645636,-2.521624076925751
1.6525944466811688,-2.5482088650923953
1.6404467340180462,-2.5755030201520484
1.6289992539411684,-2.603173074887491
1.6188384302412504,-2.631301124157798
1.6106811514429586,-2.6562995920531107
1.6042343959935657,-2.678959801610571
1.5986149811346229,-2.7023550285190736
1.5953800711511614,-2.7191206644559256
1.5929536191334819,-2.7396313376949166
1.5917525978907214,-2.753737325903606
1.5894116194584231,-2.7782740972768396
1.5862842378024715,-2.8035639949309488
1.5819174781336858,-2.827623053801219
1.5756967310339265,-2.855916576879282
1.5697521899436522,-2.8841717975701644
1.56517815420655,-2.907899031872331
1.561969123013693,-2.928570577779775
1.558880173146826,-2.9502945543728574
1.5554170612161895,-2.9702388832059166
1.550840850556208,-2.9926003619046813
1.5462619854848385,-3.0152068848741562
1.541814456099766,-3.037607750640543
1.5362117714631287,-3.065340776775454
1.530885804453036,-3.090611420040508
1.5262730249935885,-3.114550071857523
1.5226206318690405,-3.1375725850038707
1.5201645265564963,-3.162673157475159
1.5193299204700619,-3.190678493245942
1.5189699680444637,-3.2199949122259937
1.5188755434154517,-3.2499819912600234
1.5184691049601031,-3.279637579833952
1.5164142754190488,-3.309600718721579
1.5126300240109434,-3.3375217176368874
1.5080094118499838,-3.3648177012523437
1.502470817177061,-3.393932692297551
1.4963385156639253,-3.4232709288022445
1.490574994695185,-3.4526391521093607
1.4847970088144606,-3.4819827555598284
1.4796046501645757,-3.5100073262942546
1.475757005847638,-3.534515282212615
1.4724941314487638,-3.559427995361748
1.4683094842478241,-3.5861914792886145
1.4625326388065503,-3.6146414014494486
1.4549592048568885,-3.6434427887509226
1.4480668109650556,-3.669296056523419
1.4431710526652333,-3.6901881741344837
1.4390034513434298,-3.709868068881243
1.4355951569467165,-3.7294510153836558
1.4327602310710783,-3.753032229264833
1.4297896726729107,-3.777498131985739
1.4257115074463003,-3.801739961871453
1.4190770015369272,-3.830874513151148
1.4113208278442708,-3.859884038567734
1.403409238913498,-3.888921240480347
1.3976050772311435,-3.9112052765455085
1.3900384286990906,-3.9424869858823737
1.3850210230294682,-3.9641384482396127
1.3779546160545413,-3.994070750861929
1.3721569420161484,-4.018415011170992
1.3677805987789962,-4.03604073634338
1.3627335229305966,-4.058999665794163
1.3578879550468688,-4.082725564164122
1.3531911855790755,-4.1080544242482055
1.348667827071441,-4.135571221239766
1.3440826566271713,-4.165192678186788
1.339412870851685,-4.1943981927290315
1.3341326826722857,-4.223344677620354
1.3271836555779748,-4.251843783745576
1.319457250847132,-4.2763511779680385
1.3099807632050378,-4.302630619656835
1.2997402535809697,-4.330700165049816
1.2892606960981274,-4.358708372332001
1.2784968522875562,-4.386744622653446
1.2674294578954328,-4.414639058122887
1.2556473528826666,-4.442327884576698
1.242790889593405,-4.468329480210853
1.2308546794720534,-4.489219260962701
1.2182908920510116,-4.5102195166742565
1.2052703135327705,-4.533581544079496
1.194130514952299,-4.557371641967683
1.1859908324422144,-4.5779099775708465
1.1772888418694236,-4.604065940169205
1.170726343578766,-4.628657975238669
1.1652787518252028,-4.652816633885309
1.1595887094784758,-4.6790019222425006
1.1537210238752709,-4.707553142287275
1.147057257614204,-4.7368458346577675
1.1398707449714185,-4.765782053851948
1.1320924059866766,-4.793788187478725
1.12313971408021,-4.820692352655842
1.1124014789071113,-4.848377428562567
1.1013618327864592,-4.875393839653169
1.08957246356696,-4.903059932452411
1.07653847684825,-4.930136163512685
1.0630345652652133,-4.956952212774349
1.0501389099384337,-4.982823712529491
1.0417525403351213,-5.000312143617465
1.0325195418231996,-5.021231723883176
1.0201760302362217,-5.053167880043919
1.0113820932438424,-5.080850085507136
1.0036513956699535,-5.108785829342135
0.9971915109817543,-5.131868849017092
0.9898061376011787,-5.160074888205284
0.9827012903429849,-5.188575613998193
0.9748248988373363,-5.217539743725545
0.9662325886553614,-5.246340802073163
0.9570020262302952,-5.274905678675861
0.9473555075481264,-5.3033566403073005
0.9369848794338467,-5.33156905709597
0.9254813880881897,-5.359357046005619
0.9129172442742224,-5.386015574774184
0.8998729277988621,-5.411110484576129
0.88656570953228,-5.436306963472892
0.8732282504717993,-5.461731748452538
0.8609221990395027,-5.48549789617759
0.8501010514981346,-5.50713781421725
0.8388807111064779,-5.531539300549504
0.8289736535573452,-5.555273331267017
0.8182773446069269,-5.581126689323832
0.8054990752454341,-5.608150476645817
0.7912424315810528,-5.633173525651817
0.7743021525338286,-5.6580041608040075
0.7558482851617523,-5.681778255610963
0.7368118273941775,-5.7049620553686395
0.7181266550486471,-5.728373300339256
0.7000330863143378,-5.752254207928897
0.6823025491814417,-5.776436624169313
0.6647038619033133,-5.800693489070497
0.6477757767735949,-5.825405376918954
0.6307595669658294,-5.850189185778759
0.6123396751862336,-5.874033507247964
0.592207114761501,-5.896377701402519
0.5744897291163055,-5.91331354251723
0.5539137885158,-5.930427836950234
0.5309803234298779,-5.948310980336679
0.5073340782082656,-5.966631307124645
0.48374277762011547,-5.985039880110411
0.46021308372733283,-6.002956784197689
0.4362225301259921,-6.020999588878328
0.41224626327961567,-6.039006496271357
0.3880053689283713,-6.056780580318512
0.36302958587219947,-6.073556690858398
0.34237518989114213,-6.085989562742947
0.3098608779222575,-6.101903463108596
0.2870844165539626,-6.110027398449578
0.2578165955596413,-6.117278457665664
0.22815706440815625,-6.12246704013748
0.19823175441641216,-6.125820547071729
0.1682570458976071,-6.127771915912955
0.1386014563869994,-6.130038455088671
0.11326555127695162,-6.13365203140873
0.09166633692740067,-6.138291545854654
0.07278257153483735,-6.143093295496089
0.04947422827750646,-6.1491340418408384
0.021918684546896678,-6.156434660005628
-0.007047841907846446,-6.164207916645533
-0.03626937833236308,-6.171265227602739
-0.06586257696880199,-6.176811542793654
-0.09547307037954221,-6.181027443191201
-0.12523633120749297,-6.184609896371268
-0.15499873068380962,-6.187446338773938
-0.18308154284320302,-6.189711889381206
-0.21168385910900392,-6.192124702927468
-0.23732674236622514,-6.19422965534913
-0.2660786555492322,-6.1959175767438905
-0.2910078818924662,-6.196659174843651
-0.3171713823532877,-6.196747043044243
-0.3462780443965861,-6.196127271644455
-0.3734026353081946,-6.195007403811425
-0.4023831293748846,-6.192490264257151
-0.4293395006854669,-6.189255971242575
-0.4535104115178768,-6.186093690405345
-0.4784687373130767,-6.182790465529578
-0.5024966297795939,-6.179964250189098
-0.5209487139263794,-6.177881024806535
-0.5430691066068887,-6.175731744970993
-0.5667420271909381,-6.17409555838395
-0.5887521437394956,-6.17293981348296
-0.6103593636703263,-6.171347081646042
-0.6345956996358759,-6.1689153681968705
-0.6554643949624561,-6.166585945068428
-0.6764094592512712,-6.163745234646908
-0.6928714969611623,-6.161017892677298
-0.7055504418277269,-6.158109582354852
-0.7208511693188067,-6.153880545689283
-0.7414030481361674,-6.1480676526077245
-0.7620523899863094,-6.142564447702771
-0.7845376506153993,-6.137397257175694
-0.8091627895180968,-6.1327506404719685
-0.8377945147397959,-6.127864775637292
-0.8671810320863464,-6.122607521795969
-0.8946437886447507,-6.117141105203283
-0.921857081734878,-6.111007973219617
-0.9478558859372587,-6.104520944451368
-0.9678796022381525,-6.098266758198154
-0.984428443330094,-6.0918585569698065
-1.0028310955120152,-6.083282515358794
-1.0253019229245666,-6.071884610328721
-1.0514116568014555,-6.057962421224837
-1.0749549330571868,-6.044023359172725
-1.0991003349217172,-6.028732982165205
-1.1221129341093607,-6.0136377725995755
-1.1456361924802654,-5.998020160966546
-1.170135584743865,-5.981303355940708
-1.1941728832491685,-5.963644061447014
-1.2168820252800276,-5.945289358749315
-1.237775436390633,-5.9266695343733335
-1.2576118796398217,-5.90710166338009
-1.27652560918565,-5.887153609792669
-1.2942829928168067,-5.868266460403764
-1.3133947430894555,-5.848610280602615
-1.3320079646222664,-5.831110452625845
-1.350912844976719,-5.813891623513658
-1.3704060219862686,-5.796189567023123
-1.3903490192408512,-5.778987228378648
-1.4088863663031066,-5.764048039109231
-1.4246785744375066,-5.751668422057467
-1.4461920972648927,-5.735352777196439
-1.4685574767578322,-5.718110060641241
-1.491497220919903,-5.699713378843156
-1.513982953156144,-5.680411750288184
-1.5356808576181697,-5.661523986330123
-1.5567159920985951,-5.644163113316365
-1.5786679297579584,-5.628924027202428
-1.6006882911077007,-5.6166983522789105
-1.621702083651853,-5.6074203034257435
-1.6414008444380759,-5.599973090589598
-1.6625618247724974,-5.592894818730302
-1.6866928839621325,-5.58522223323646
