7.478619429096674,-8.526462582561644
7.503907883639391,-8.542228785057853
7.523975364057258,-8.552813951682523
7.528277468932391,-8.554881518391694
7.5322460872395025,-8.556718117915558
7.535875841878211,-8.5583334894154
7.548806813914717,-8.563482513900661
7.555655429293686,-8.565700363752388
7.557777966359661,-8.566310992539194
7.557835660244083,-8.566325911278886
7.557834800309877,-8.566326022589013
7.557834664385008,-8.566325984630327
7.560315180507151,-8.567013735901872
7.572163920299438,-8.570279612658988
7.591605449187986,-8.575552977989625
7.609900369159699,-8.580639963326576
7.635002936565704,-8.588366514892801
7.66291993802853,-8.597538630134073
7.689218370730972,-8.60741814652551
7.7159170951317515,-8.6196319479273
7.742066692192581,-8.633708555108859
7.76778033067708,-8.649223958573511
7.793008436014478,-8.665215671563564
7.816954473504834,-8.679988577459666
7.835261066217466,-8.690886191603447
7.857902179097492,-8.704003768269684
7.878647817064072,-8.715503481090524
7.898436647205996,-8.726907515698002
7.920697124604582,-8.741322285457676
7.938534068626939,-8.754369897283818
7.960009481515506,-8.771134942857785
7.981904091275764,-8.787259894983986
8.003783193928985,-8.801341464774744
8.024071554375451,-8.813442596872854
8.042316725203548,-8.824588979674948
8.057952078433274,-8.834708018685347
8.079392582275782,-8.848866949260758
8.103392237943895,-8.864925210426364
8.127082867008358,-8.881403792620683
8.151444507260736,-8.898936326405424
8.175684584984753,-8.916635145194162
8.199715634414279,-8.934476324119863
8.223839659446494,-8.952307796330865
8.24318221807635,-8.9664635615057
8.266653876478506,-8.982829602337192
8.289520383694464,-8.99750165716402
8.315132917317152,-9.012661473939202
8.340564392546748,-9.026838336182012
8.360508220756664,-9.037235811162315
8.387267858632532,-9.049824484438592
8.4139897149997,-9.060738861897756
8.441151593914585,-9.070038168089924
8.463497159668385,-9.076836867677724
8.491421004579248,-9.084247578572676
8.520124318702683,-9.091471535480883
8.545946613788942,-9.097844034174123
8.572074419250589,-9.10345370561346
8.591011228438767,-9.10629423224228
8.617651396336019,-9.107537937203983
8.646801122508093,-9.104877850180015
8.67488133291242,-9.097564490395197
8.700948278428056,-9.085137427583726
8.725090668015703,-9.067655665193803
8.74200537762948,-9.051266342811578
8.75959738537832,-9.029863463725416
8.77492814317692,-9.007151377498195
8.788930181454425,-8.983242470984766
8.801859575104496,-8.960217438333537
8.811928530665641,-8.941961147452231
8.825863085837057,-8.915572791639473
8.839717294263206,-8.888935270065836
8.854040734785361,-8.862525699943042
8.86956508517161,-8.83670674898161
8.886869215688744,-8.812070808027668
8.905422130229152,-8.788386468296562
8.924870840758931,-8.76546873468197
8.94065544238844,-8.747415339259906
8.959794707261565,-8.724377858795975
8.978447132613892,-8.700928345501886
8.996940275146976,-8.67732278962257
9.014493349626195,-8.654014382134617
9.030002189176631,-8.632783646382206
9.041346527065278,-8.617353835858557
9.05434745408699,-8.599563922438882
9.066686846532628,-8.58178599326786
9.078321464542633,-8.562847371503867
9.089476751160959,-8.542868482562005
9.102244179550977,-8.519242563265623
9.11430182572144,-8.497246635673172
9.125153171020376,-8.476305931158006
9.133195143458979,-8.459531024445653
9.142026912149321,-8.440864400515439
9.152541445934522,-8.420166980182218
9.163746341902664,-8.399612683251497
9.17636760118485,-8.377129213236726
9.190023566882752,-8.352733436459701
9.202949560950774,-8.328769892398189
9.213269211565384,-8.30882934750643
9.226432091798626,-8.283477037222301
9.239816845279005,-8.259338219417831
9.254118089921787,-8.233515984847966
9.265298673553666,-8.212311787660678
9.278983880059595,-8.18567502630125
9.292790755250465,-8.159052620916478
9.307164154138976,-8.132646507004576
9.322456923823228,-8.106769085045872
9.338209063474824,-8.08123197610223
9.352378543981926,-8.058010315501969
9.36478729419912,-8.03747062196162
9.37342254486964,-8.022211203378168
9.38223490976076,-8.0033950492663
9.389064506326747,-7.982347648516062
9.394486477989437,-7.957459090958878
9.39759203155322,-7.937752476724587
9.40028512679204,-7.912697540643574
9.402435538937933,-7.884243940509863
9.403487454187948,-7.855532270118272
9.402347173176986,-7.827034058626486
9.398675324663724,-7.7975864971361535
9.392520099535346,-7.768479671300034
9.384360757076582,-7.7398852900506006
9.375368643687073,-7.713142324475904
9.367903356453299,-7.693235205232454
9.357403216066706,-7.668078623448259
9.345392932568023,-7.640855585739054
9.33288138888879,-7.613607910665387
9.322888279941687,-7.591759261241156
9.311056843598678,-7.564129832748798
9.29998334109979,-7.536206042183445
9.289526118253802,-7.508029489025631
9.280009765844992,-7.479515178436012
9.271442488363673,-7.450696477731051
9.263942246210929,-7.42158808403162
9.258535040975655,-7.3981552247982165
9.252768645996508,-7.368651940683341
9.24782905194656,-7.339015153676175
9.243436758592738,-7.309319819005114
9.238991204231729,-7.279672990975906
9.234396655420948,-7.25091733682504
9.230361378078172,-7.227979139672441
9.225454983826987,-7.2035609910834655
9.22031638754054,-7.1768931994723815
9.215458165103128,-7.148686275334716
9.211437405727782,-7.125471190537206
9.20687281787617,-7.10245085602482
9.20117436100639,-7.0776644748809625
9.195922113132525,-7.0566770740710005
9.188537810776754,-7.027830926466276
9.18068666929222,-6.998930177208687
9.17203448429159,-6.970261319817981
9.162555922479946,-6.941834076508534
9.153136211783929,-6.913320922514006
9.144228271806705,-6.885074249778058
9.137063219992953,-6.861983008209412
9.13072383392129,-6.841711622940309
9.122298427906298,-6.813926303456155
9.114826086053133,-6.785262832688317
9.109139475419132,-6.759281833060463
9.105110876586126,-6.738640727491616
9.10054104759652,-6.715971871149834
9.096168674528169,-6.697658249938966
9.090044821792032,-6.675684898911218
9.081698772129878,-6.6491991417958785
9.074536488579227,-6.628396416788221
9.068230951440485,-6.611500015096275
9.061444824823859,-6.5942449322715335
9.052807796566313,-6.572629764549277
9.044522295335842,-6.552746470595103
9.035803159852293,-6.532780153220497
9.025536983148744,-6.509939679703169
9.01443627313572,-6.4853571081385235
9.0031259807502,-6.45927113591614
8.991230834119962,-6.432023357047117
8.978728800739047,-6.404849037415782
8.968014068704052,-6.383445189597665
8.953787808923494,-6.357573334210049
8.941068376280157,-6.33619111246477
8.929239900939086,-6.31630869361329
8.918295920561185,-6.297436288281404
8.906970560178172,-6.277276690509457
8.894261378029444,-6.254612605372024
8.884465088482106,-6.238078422147095
8.869672414252438,-6.215742070749806
8.852000502994278,-6.191857575027164
8.833335369009683,-6.168406200451395
8.815670118698648,-6.145947663739871
8.80110781940428,-6.125836372513153
8.787586873520528,-6.105759713986942
8.774988472731078,-6.08583866083625
8.764989546632078,-6.069916514540083
8.754227808689597,-6.051910106850924
8.744100388865009,-6.032576506481453
8.734232996491537,-6.010119724953114
8.725838241474253,-5.98887271280823
8.717477103395723,-5.966740873946775
8.708656401638255,-5.9441625269011
8.699703511230611,-5.920820989234164
8.690112888249676,-5.893655249796347
8.683091773155057,-5.870625439301637
8.675569330266082,-5.841518181778264
8.669052365648266,-5.813319497001705
8.66394366036828,-5.788353236299157
8.660867626215559,-5.767027231725524
8.659173855373618,-5.744652858728566
8.658180798164597,-5.724030142512288
8.65718789256262,-5.696391190647584
8.655707092284622,-5.670645362832511
8.653433422356944,-5.644231324334154
8.650987552062066,-5.616788017777665
8.648801201610857,-5.58792624990088
8.647428271100814,-5.563918940982377
8.646690602858428,-5.535135377556501
8.647984821611917,-5.506272309731915
8.651446089430213,-5.477915044884986
8.656826022959608,-5.448418359499078
8.662027034365288,-5.425362222679741
8.669340551163897,-5.397856396475829
8.678041203721136,-5.369158758829913
8.688008657466739,-5.340806867849501
8.69946418670434,-5.313028222726159
8.712077304916619,-5.285763160695865
8.724859131759837,-5.2607407814554925
8.735888777206712,-5.239853992616131
8.745768108274662,-5.2208843332205355
8.755071530308326,-5.202219565228968
8.767864357714943,-5.175111403679277
8.780723498614613,-5.147985080503115
8.793607862550626,-5.120916037896109
8.80354846993768,-5.09911132216431
8.815460255941774,-5.071908409107955
8.826941620749027,-5.045658744522667
8.837343362762343,-5.022279613568322
8.849446521458002,-4.995519944765001
8.86140965050674,-4.969999172066021
8.872617579955483,-4.94761636419729
8.882191664589904,-4.9289402826495765
8.894153657032529,-4.905536815982554
8.904204085717312,-4.886399029417184
8.917853391157564,-4.860257968127922
8.93102395610541,-4.833448146461677
8.943290348361188,-4.806317488459517
8.952098837793978,-4.78548717934622
8.961118075306407,-4.761145561837035
8.969788276763065,-4.735923259015821
8.97802116635635,-4.711196773386706
8.98486318606273,-4.686418383854106
8.990281709257397,-4.66220208950563
8.995066542816474,-4.636729376971913
8.99838376720201,-4.614135276473925
9.000948687506297,-4.587104193084995
9.001644696322236,-4.560411834788667
9.000476044416667,-4.531326161383944
8.998778841269576,-4.51198720199116
8.994847826418141,-4.486803843034772
8.988942069967157,-4.4603493881301635
8.9820918912317,-4.435282816719755
8.973458701903013,-4.410977201840299
8.961665871671606,-4.383906240488587
8.947838264575683,-4.357520836861633
8.936897032166746,-4.338601226459443
8.922120985204103,-4.314774469058519
8.907377830949455,-4.292213368604404
8.892166767743445,-4.2711267014353735
8.874400475457055,-4.249933394574076
8.85552091219117,-4.229422767644485
8.836965949277364,-4.209579291450768
8.8222381355077,-4.193676031304703
8.80204697508597,-4.171978592562744
8.782248238665296,-4.151842675228442
8.7620478422545,-4.133620298346779
8.744272680602796,-4.119241667886248
8.72086440510855,-4.101906378528931
8.6979557673265,-4.086350013898968
8.673866743842153,-4.070881287457938
8.649957901944477,-4.05605043501128
8.624715116569657,-4.039905323327927
8.601672104479446,-4.024390813900857
8.581516257167864,-4.010210839283203
8.564135529654834,-3.9976661656610255
8.54816495979303,-3.985842719675206
8.5377212828604,-3.9781335213770035
8.523171643759222,-3.9674463499527377
8.505863895165586,-3.955101921908715
8.485786523312154,-3.9416061235522415
8.465686945762007,-3.9291188581652245
8.444874055306682,-3.916777046500214
8.422304624274089,-3.9042006888626495
8.404809636074265,-3.8954580710001028
8.38209258873438,-3.8853622156937577
8.35918477782768,-3.8768040877497234
8.335053151427378,-3.8697125698710098
8.309173040882907,-3.8634454162034
8.283119649493946,-3.859006313412373
8.256045018766212,-3.857366427780144
8.228358802595894,-3.857329296087063
8.200545230736184,-3.8570323300044214
8.178271199178761,-3.855310283853112
8.153542489916015,-3.8507394011639886
8.128885313978204,-3.842400713507061
8.10595375443751,-3.8298711005107746
8.084820427112584,-3.814244665778964
8.067737044263687,-3.7984281892630203
8.048551242832879,-3.775012603765529
8.032910222316533,-3.7491896752146694
8.019406298701346,-3.722572350215499
8.009304182983653,-3.7013010670964275
7.996217755154669,-3.675070762988901
7.98108138962885,-3.650162795607081
7.964927130966741,-3.628645015758823
7.9476777535837835,-3.6081103328775166
7.930107031825114,-3.588221020017462
7.910415564520045,-3.567505780394762
7.890505728420405,-3.5483322517386062
7.868985622802173,-3.530401310038727
7.845009682740099,-3.5128112478534446
7.824897798987051,-3.499957819227632
7.7986264907373695,-3.4857536754908525
7.771672049621939,-3.472664831021961
7.744672620677499,-3.459434243221037
7.718543608751294,-3.44432090028931
7.694458790887516,-3.4260758289254287
7.672582448920516,-3.405291935374302
7.652280956970492,-3.383116792632332
7.6361888335304355,-3.365366357732414
7.615152817368949,-3.344137541977797
7.5930142286384985,-3.3240129749612977
7.570129948811593,-3.3047317997410035
7.546640424473838,-3.2861746398057385
7.527164586591774,-3.272349829357696
7.501816537216488,-3.2564850423281335
7.476274895305803,-3.2414625262498507
7.452526273067382,-3.2273580261950365
7.43128045957343,-3.2145983469932355
7.408837950057258,-3.2015714464775233
7.384552917653138,-3.1886637540912397
7.359670738872917,-3.1765874116881836
7.342189607874364,-3.1678856995639304
7.325971121259444,-3.159235518384669
7.309183881897976,-3.149456867057424
7.292711256580875,-3.1397996185895187
7.273035119104566,-3.1277747325618654
7.2525259852355175,-3.114631122465271
7.236201735364168,-3.103639912402431
7.220898359550325,-3.092688413633804
7.204674569994609,-3.079864521072941
7.188383122931473,-3.0651853742041477
7.173015999510807,-3.0502924047691757
7.151918327093717,-3.029034876297228
7.130761393486823,-3.007853418660505
7.109495175126437,-2.9885869579875655
7.087297415721426,-2.969799856169209
7.065786074393861,-2.9503338594748016
7.0484710888819135,-2.931614889112501
7.033534187453911,-2.9122047767925285
7.021422860387564,-2.8935134857101867
7.013030375628559,-2.8778792589773037
7.002581713778626,-2.855694959153449
6.991595171315219,-2.831721818652654
6.979525975774911,-2.808355351669183
6.966765889780274,-2.785217211115141
6.954935915255824,-2.7614498390267355
6.947467361716056,-2.742023708081213
6.942140542614108,-2.7191065386407227
6.940164872633009,-2.695695212210476
6.940008898524226,-2.6723198413822735
6.94012453090107,-2.64839032153828
6.939861870783326,-2.6238594738524665
6.939323664910361,-2.598965921658175
6.938094347257747,-2.5736262799967697
6.936575605148999,-2.5527254915901185
6.934064451594293,-2.5241014414191802
6.930721395855211,-2.4944472532005553
6.92580734388432,-2.465094123188675
6.917775206586861,-2.4365087793478337
6.90656556073694,-2.4088979053591686
6.895985269928162,-2.3874466181087413
6.87997856858819,-2.356356296780469
6.871532215970922,-2.3390848921740934
6.861557132330517,-2.3182260380279516
6.85249211495354,-2.2987222242241585
6.842011599921866,-2.2754452726708823
6.830860161030619,-2.249349969916115
6.82082490915041,-2.2251252241982353
6.811920143521951,-2.202852229902781
6.805597001776791,-2.185781034088359
6.797123888535979,-2.1604994588782285
6.789460517018031,-2.1360677895503484
6.783440910409511,-2.1154480844230754
6.778608905757136,-2.0968781251693533
6.775370913988192,-2.0835470145892856
6.771418656510766,-2.0676162225646455
6.7664915413680085,-2.0495643512128323
6.760633846866721,-2.0309590618840923
6.75448105502291,-2.015109626563226
6.749799676204723,-2.0043683805456096
6.742486652865648,-1.988356998420223
6.73387808938105,-1.97011834200105
6.724921773257955,-1.9514046331565231
6.714883093435644,-1.9296239123522143
6.707497940408239,-1.9132351547604525
6.701821751332416,-1.900377696353648
6.694031516341374,-1.8822001909596187
6.685842010929592,-1.8616586377634863
6.679265553002511,-1.8433212954458902
6.673438860220951,-1.825285872863832
6.668497997955804,-1.8079157054723165
6.66364766007101,-1.7888931282866098
6.6587075415024914,-1.7652694503822832
6.6548250955893815,-1.743336619221145
6.6502612906494,-1.7181906949128147
6.645592973776319,-1.6944997442016003
6.640519627421555,-1.6686990493755254
6.635542497062204,-1.644795782311435
6.6293487751665365,-1.6188626919601217
6.622436188401038,-1.59309379272137
6.613892428118475,-1.565551288825762
6.605599085678544,-1.541781284431982
6.597074895989256,-1.519277793570562
6.59091033324958,-1.5043410240269819
6.5818474505181355,-1.4839069448793756
6.571553836705302,-1.4618978403107497
6.56088040753735,-1.4405641211190219
6.551143128073892,-1.422070115964491
6.540629688258078,-1.4023056464109658
6.530353316950835,-1.383816888395589
6.519618441888971,-1.3657061847420222
6.507488762372776,-1.3479117014209199
6.496110433414277,-1.3328552715791626
6.479835450079649,-1.312168921060195
6.462662657058557,-1.2908035002110092
6.445669894292212,-1.2692196054563563
6.431935881124464,-1.2504810307569831
6.41737903732864,-1.2283157405286074
6.401974836006461,-1.2035539329316876
6.38808342635827,-1.1821483218606883
6.377508186636619,-1.1668789429820505
6.364020795430985,-1.148597798237939
6.349830407746768,-1.1301682649328022
6.335262152547697,-1.1106676959718444
6.321258734580336,-1.0910230547223432
6.306169061884195,-1.0689934062817639
6.290126418167442,-1.0440690940854647
6.2778220565946645,-1.0241442801076195
6.262509928352491,-0.9995040801102063
6.245483931874664,-0.9752060813255735
6.2276295845315675,-0.9522394886316907
6.209985829141785,-0.9309119062010482
6.190996830574574,-0.9084111241248597
6.1717418905100025,-0.8853743963014875
6.153204612022813,-0.8620068257552934
6.138660944413095,-0.8428757818641425
6.120925106775036,-0.8186207920555556
6.1046306770762095,-0.7944012427521484
6.089762199172727,-0.7703352012071379
6.0768910617972915,-0.7480867236039737
6.063628033525849,-0.7228011915395043
6.051644037040779,-0.6952833220220426
6.04430909169244,-0.6728432909442759
6.037969481420195,-0.6449526465004378
6.0357850737560055,-0.6204851013402788
6.037966071839007,-0.5954204993549641
6.045529525199451,-0.5672484015650855
6.056677813584013,-0.5411247749675299
6.0682348247709905,-0.5195909212543343
6.080053337013392,-0.49959941940826846
6.091175747888951,-0.4795688449830119
6.1010190437909095,-0.45822814185873445
6.108917621193149,-0.43776410665872373
6.118088830036466,-0.40948593195646915
6.1268927446118155,-0.3811537804247386
6.136603749342368,-0.3527850831256532
6.146611401366399,-0.3245411875010775
6.155351386710729,-0.2959561155426799
6.162733553671437,-0.26694884325939033
6.168046715551258,-0.2435769739588847
6.174048809184708,-0.21543644075185528
6.179095810092955,-0.18929156592296523
6.183885070238462,-0.1603592830851537
6.188640607776511,-0.13074847573899756
6.192949273634812,-0.10112058361466686
6.1954831031492485,-0.07732466539899933
6.197308673694542,-0.04748870853966233
6.197609413296021,-0.017570993799821123
6.1968253867275935,0.01165920359156427
6.194247272655705,0.04094243304568033
6.19084129939243,0.0645245940585205
6.186079758356943,0.09415270306601567
6.181290202680409,0.12374800750221339
6.176263588287147,0.1533065608201698
6.1704895755823586,0.1826778474777517
6.165225699231552,0.2060430225314829
6.15787205773358,0.23508262279176612
6.149858629411978,0.2639300277291009
6.141297493470738,0.2908968752926463
6.131540248044197,0.3174841173846555
6.120551617317328,0.34408558526679367
6.108472626382621,0.3715227375369238
6.098864327770724,0.393551129739882
6.087793258699714,0.4203594966613313
6.077286892042276,0.4470122594239694
6.067556688655931,0.4725446457962379
6.059405032890977,0.49273299016785166
6.050296793320165,0.512224113554429
6.03953456415807,0.5320659729775004
6.025646108721903,0.55603502772418
6.0102661677685525,0.5817938119644226
5.99472953252097,0.6074284227362383
5.982101179216708,0.6278120889881366
5.966055020172243,0.6531572278544674
5.950312993376928,0.6787124101359173
5.93488807699317,0.7043914442619612
5.9204130154870365,0.726897650726425
5.905780942915576,0.7474372842158441
5.890082198611503,0.767972011101486
5.87514229405218,0.7864468992199172
5.855686102497445,0.8092203454601388
5.835675353822825,0.8314640041327186
5.814921334674586,0.8520484422579048
5.793616170374054,0.8710748100715384
5.7755427392678005,0.88651642750013
5.752183128369643,0.905072468008262
5.728223380280544,0.9230453389344403
5.703756638676832,0.9402657405287119
5.67862690917832,0.9565473725512422
5.653187861437121,0.9723973865760911
5.627617665723265,0.9881113320684549
5.607319494081068,1.0009599853001971
5.584450180774754,1.0158501275069562
5.560110150581031,1.0325037848652738
5.536240945968965,1.0498601486176302
5.513226285782871,1.0672925670289448
5.489842651934799,1.0858802996148684
5.466861961530073,1.1050881560162036
5.444125133620671,1.1245424902764205
5.425990953608735,1.1401224576770281
5.403319693741975,1.159521308555405
5.380986927919342,1.1796053796790773
5.3593271094798665,1.2003920311871603
5.337609927140624,1.2210992069820257
5.316430229327082,1.2424283592925478
5.295642986621477,1.2640943171696941
5.279294962460714,1.2816956364672105
5.258921689736509,1.3036826425054604
5.2379500288581085,1.3250381669473503
5.216535012206999,1.3460581891541792
5.196104996249111,1.3661608294681116
5.174360806694966,1.3863206375286028
5.15637570131542,1.4014621794969204
5.13353147086608,1.419398760689728
5.11224112890922,1.4365720557887538
5.093315202786065,1.4529449571518653
5.075385513197235,1.4677959995991896
5.058417487353852,1.4805955934255177
5.041409218085222,1.4933875484633652
5.024011891961824,1.5054619100169646
5.006056853430795,1.5168729197936488
4.98795033664139,1.5278985516984718
4.969163624911123,1.5376619879064999
4.953638104683715,1.5451412106087776
4.932983499895571,1.5549538149244615
4.913384048101683,1.5639889338955648
4.8957095953414305,1.5726326828717943
4.8754293605044605,1.582714944679193
4.852332629628859,1.5941728802639314
4.830827084553947,1.6041103611642855
4.803244442463781,1.6157420396184021
4.775296534697452,1.62650901813947
4.747145114981814,1.6368506722074139
4.71934900375306,1.6471695080570954
4.693899042769238,1.6569720350464032
4.674658629381801,1.6643864265292834
4.661359974380476,1.6695522905962341
4.644199884419894,1.6765403915504498
4.622925012098156,1.6858269813676958
4.6070560378177055,1.6929417323306968
4.588904484355213,1.7008549265223756
4.570763317385041,1.7085727389023053
4.552713017448705,1.7161073394170172
4.537100780387554,1.7230341622542167
4.519657742997607,1.73161805352359
4.499870935391575,1.742889865039454
4.479242977458141,1.756142715501381
4.46339365570842,1.7674281289074434
4.4456222062038915,1.7823361047753692
4.430369253984279,1.7969688603344984
4.416662447373235,1.8111509299219986
4.401838758979748,1.826423419816449
4.384992601540223,1.8431786399939971
4.363832425546485,1.8637892590423373
4.343008036279764,1.883590902830487
4.324378273768122,1.9014742096029478
4.310648622575129,1.915473683371504
4.295242617885793,1.931939251925188
4.279401735116087,1.948690385032924
4.261101212683873,1.9666159433617671
4.243900872828643,1.9814388360056463
4.22688159511962,1.9950197371674756
4.20483197508501,2.011817693823926
4.180530394871175,2.029367253284173
4.160930193291571,2.043208174099109
4.1365681087638,2.060783856701928
4.1129496230730105,2.0795012885757687
4.09118711248176,2.0997269506076295
4.070591892952801,2.1217588166514183
4.052377725313192,2.1458099620752993
4.0365041935971595,2.1708250649536907
4.025471643208864,2.192030099374382
4.018217582449423,2.2088675224419014
4.009652093347628,2.2299996156413178
3.999922573930129,2.2516225662255813
3.986661095852225,2.2746720561067635
3.969363631756944,2.2984295146094844
3.9507913600165936,2.321387276108191
3.932572554050361,2.3447853591194896
3.916133442760193,2.3699867999386677
3.901827320500299,2.3964599388151098
3.8908311679639085,2.4177714167516213
3.876532419052331,2.443243052410551
3.8611894846629955,2.4672794779453584
3.8450462800718217,2.490868672058572
3.8290263900924923,2.5121261604351206
3.8109435996598933,2.532822232130019
3.7924676041240417,2.5520746645464123
3.7736033733393777,2.569384608169383
3.7551482641274783,2.5841514825422682
3.730967608493664,2.601718171758243
3.7062003734345756,2.6185945277829306
3.6819662236599737,2.6351190755365206
3.657738810511833,2.652477945272777
3.634045550893569,2.670657061427262
3.6102212209879547,2.6887767565447867
3.5862653467046886,2.706717353179448
3.567275131390764,2.721432684748779
3.543807562857989,2.740171611531158
3.520618025668398,2.7590239063506967
3.4976965827148705,2.7776468765817244
3.4765674355382505,2.7945911629334255
3.4555320250937416,2.811021832301808
3.4376044674359663,2.8244633899587064
3.4250001314272156,2.8333095685575493
3.4092217707190335,2.843930335574735
3.3910336846366436,2.855848308260468
3.3705076046256113,2.8694955682749033
3.347122034816727,2.885526211734685
3.3234415089211224,2.9013758070859135
3.3039278353693673,2.913956890119049
3.279389052623421,2.9299571441725902
3.254127754327841,2.9464348084255327
3.229163343236763,2.9633504066916707
3.204781465206411,2.981021524478484
3.1803505550855293,2.998472957153624
3.160278979374587,3.011505067713948
3.134582605822377,3.026774710087317
3.1078443940612717,3.040004156254497
3.0801763685197265,3.05134875994913
3.052167913075588,3.062137644824056
3.02428004541049,3.0731987077481264
2.9963033165218285,3.083938981401298
2.970941960348522,3.0930344985227274
2.945540879342995,3.101135914089493
2.91942517199121,3.1084468364673716
2.89386493769079,3.1147302319490393
2.8650850741642793,3.121175277558514
2.8415848398766674,3.1257052907866556
2.81200441097407,3.1305403246267107
2.7823749039041887,3.135254762221325
2.7539281226429546,3.139828540464732
2.724650121426267,3.1442591743966055
2.6966376199940156,3.1481370704470155
2.666951834482882,3.1520885681626867
2.6372320000894045,3.156500638298438
2.6076196952520623,3.1612479298075638
2.5779857218794526,3.166031513956969
2.549135438562577,3.171154991818231
2.5215590476492666,3.176860218524621
2.4974019184499943,3.182939295649852
2.484077949874801,3.186847667736708
2.467482814604536,3.192442634508589
2.4490736327164666,3.1988783776037817
2.4291734541209125,3.205158479331999
2.4075556636334223,3.2110382745100905
2.389948217733756,3.2153953828229813
2.3645757434663395,3.222153501465649
2.3419661540058017,3.228518111047729
2.319456553551229,3.234757711276381
2.2960507657999663,3.2423194365716634
2.271866862866632,3.2506753680144143
2.2494980770514257,3.259315978762089
2.230429002757193,3.2678014058407454
2.212258757870021,3.2765702145034736
2.197529602721897,3.2840313044501395
2.1773687722126582,3.294468272081533
2.151496774816259,3.3073895852072783
2.1243733388248534,3.320117076894668
2.0970909227880448,3.332620666264962
2.0707218506191127,3.3445953448053345
2.0443700275865546,3.3551079739175345
2.017348756597316,3.3646814225454684
1.9992819075001438,3.3707581469613714
1.9753073631935645,3.378037647688471
1.956207601993496,3.3825779530606495
1.9365352102325426,3.3864190278915243
1.9123053365548908,3.389880737382183
1.8844193363659143,3.3926592548832875
1.8545494994944516,3.3952190307410257
1.8246331566446665,3.3981162696718514
1.800799110836455,3.4011440607158425
1.771099295505116,3.404859409551947
1.741252821536978,3.4074634619725055
1.7113770666372057,3.4100430224479727
1.6815288355728708,3.411529713441075
1.6515385762216857,3.411894302795568
1.6215429902571883,3.4124814014407145
1.591585644819034,3.4125881070920614
1.567744156617675,3.4123420399850697
1.538582311929742,3.411975430420209
1.509890372835261,3.4121659629313195
1.483880311356844,3.413433431899538
1.461482601437709,3.4152123168231343
1.439773549507183,3.4165262602437267
1.4179530945070766,3.416942569082593
1.4004116882895434,3.41754335716284
1.3746431742390077,3.4200066457954774
1.3504340062327065,3.4235565285907783
1.3264551241594407,3.4269408644129045
1.3002848389802288,3.430261751383232
1.2728159447688303,3.433692255891229
1.2430597284442337,3.436637238819548
1.2133238819193342,3.439521651469977
1.1835966407882705,3.4407500034099856
1.1598137336439918,3.4395372030939955
1.1301482765741862,3.436237278686418
1.1008939351183074,3.4326619895150197
1.0708307197812874,3.429314204210997
1.0467826776591143,3.4277940745004343
1.016734587222132,3.427177579799421
0.9867159095980699,3.427062573923025
0.9566743955095023,3.4275579132827634
0.9267015450986124,3.4283527735256665
0.8967919443691832,3.4282632556077783
0.8729061611447079,3.4271115071359217
0.8432547886398815,3.4238484444333572
0.8150394591506215,3.418131805698302
0.7878428420985332,3.411313624875233
0.7628816708708268,3.4054487426177342
0.7430528882883959,3.4014908359917815
0.726900487119686,3.3985531097432142
0.7096344803505155,3.395791329486038
0.6856317409239819,3.392579568513754
0.6625259900188843,3.3894619833873345
0.641083460710351,3.3867604433773653
0.62347031863293,3.3848143550474794
0.6079783411664762,3.3834577071456566
0.5900039402108922,3.3817917744390575
0.5692244353943408,3.379402601186367
0.5446785904150501,3.37623736439709
0.5170149640838803,3.373071115721731
0.4940852435032532,3.371237569572281
0.4694126843990566,3.370158365487715
0.44374898643861893,3.3690620428677542
0.4139049653551952,3.3668011812002216
0.3844605387273853,3.363393848459064
0.36213733432807965,3.3603827316858395
0.33759951441345265,3.3569641934487335
0.3115697872945824,3.3531974055297185
0.28805714482398087,3.349699114403676
0.2646667850728063,3.3461040898404377
0.23627495756831152,3.3411343247534027
0.2095181236848508,3.3363448521676418
0.1887793555770729,3.3326280335634655
0.15970411489580608,3.3269868240914646
0.13078879517165293,3.321003084846428
0.10279896782757758,3.315851942640371
0.07344078359137066,3.3111011925015874
0.044458914210830716,3.3065390611063568
0.015094247810633494,3.3022816034572733
-0.01456921956972169,3.2983732392314544
-0.044259210360146975,3.2942843455288084
-0.06799049431210763,3.290718063218999
-0.09763802758707801,3.286241400145131
-0.1272110248469491,3.281300308232638
-0.15683570369816552,3.2764551794155046
-0.18650735267168042,3.2719719140791717
-0.21607903071676227,3.2671404146292016
-0.2456863599752571,3.2621856889404763
-0.27211717492108795,3.2579658683677684
-0.30012425104907725,3.2530299780651974
-0.3236040112561495,3.2482630867168183
-0.3526368742033275,3.2412868963409323
-0.3813708281067828,3.232997449328457
-0.40920321258592063,3.224565263130242
-0.43681959746196447,3.216133319931695
-0.4631082942445042,3.2079133665434383
-0.48482461910925806,3.200837299071943
-0.5118426262115836,3.1917038497138073
-0.5364479338833101,3.183273351943359
-0.562268385364926,3.175055463325788
-0.5885828161326665,3.167363997020634
-0.6162921988797584,3.159131238392266
-0.6429108161161893,3.150531488536076
-0.668380115567264,3.1410886309550805
-0.6934409682948381,3.1300629704818204
-0.7182326273043201,3.1184744642670923
-0.7416174970234566,3.107408675983743
-0.7674040042991125,3.0958291317245465
-0.7885502934732074,3.0875500467112964
-0.8148252229831292,3.079524335947552
-0.840371383518716,3.074321794013905
-0.8649293033607794,3.0709894450209645
-0.890449637593412,3.068752022528091
-0.9119705986844605,3.0676438986492993
-0.9268073038716634,3.0671772253565455
-0.9462469678945622,3.066808995387459
-0.9714736188643607,3.066646729670701
-0.9996455017385346,3.067299747390106
-1.0278383723201228,3.068845017114636
-1.0573727796111487,3.0718136186457197
-1.08707112476107,3.076928071384561
-1.116224600075111,3.084836619647675
-1.1387334643589602,3.093539140542626
-1.1661345567531667,3.105881469882899
-1.1933757101092044,3.1184957387908243
-1.2203529518926317,3.131718280158782
-1.2470967671601552,3.145355119268405
-1.2737215251653837,3.159184055829868
-1.2999284734286878,3.173041605432185
-1.3228854112376471,3.186072861502644
-1.3453656768679039,3.200021769334629
-1.363290094505772,3.212751317858398
-1.3855477728002659,3.2301566181184356
-1.4073889340527053,3.248628987033821
-1.4255222144563446,3.266441254353975
-1.4413099609386995,3.2838490482466085
-1.4578602307466781,3.303006114639869
-1.4761114334868806,3.324238558254475
-1.4936549462421467,3.3454922956946946
-1.5071933848175,3.3623904104033326
-1.522754597116199,3.3828335386152713
-1.5388578819468393,3.4047037562601954
-1.5559597319726437,3.427975736187022
-1.5732911190627838,3.4521804260529154
-1.589615027898846,3.474751655523345
-1.6000112878569643,3.4889459560170852
-1.609096207325231,3.5010449359479168
-1.6204335658289049,3.515480353432562
-1.631278704492695,3.52884678542679
-1.644114899007559,3.5437560024047157
-1.6573822974269599,3.558437695725792
-1.669936773520586,3.571470063022547
-1.6825182708723858,3.5829984943827187
-1.692836762836065,3.5916316286678462
-1.7067620316049577,3.602662868343439
-1.7243873864647614,3.6163820402077422
-1.7415160286475753,3.629194653511225
-1.7594406487369423,3.6417853134045677
-1.7801738411600923,3.655453229957313
-1.8030113439461963,3.670221674054727
-1.8240868568691844,3.684270261486925
-1.844190555365374,3.6982427182242836
-1.8637362555752486,3.712922305336894
-1.881238884457847,3.727045780915482
-1.9029354639712284,3.7452941745813093
-1.9235200647045236,3.7627543631209504
-1.9468148523469155,3.7812479000192
-1.9704983393887627,3.799708070342063
-1.9920520778171844,3.81689712930285
-2.012193967186454,3.832613908936578
-2.031848362425526,3.847396350133529
-2.049784036905866,3.860995157737273
-2.0652761608534007,3.873268359335304
-2.0807676694923294,3.8861381520329035
-2.101381912447269,3.9029882712018034
-2.121858732633127,3.9188569435697476
-2.1401873167148224,3.9330622469607013
-2.155342984255812,3.944616789305511
-2.1723968174980866,3.957232623240115
-2.190805885417308,3.971400072899331
-2.2104367430708756,3.9878870157154993
-2.232658646866153,4.0070515625844125
-2.254972698026364,4.027054655300586
-2.272783164270887,4.043011458313966
-2.2954370656599674,4.062645202338912
-2.3162802774409754,4.081005944562807
-2.3339846122967334,4.097157730571784
-2.347841908938053,4.110039584741758
-2.3621539652960024,4.12400264944741
-2.3748578541824954,4.137221369273843
-2.388546134828863,4.1528294733815265
-2.402832983616703,4.171353324460226
-2.417397632746768,4.193118709490313
-2.431498919372778,4.215853321021684
-2.4418869328333557,4.23373250711871
-2.4551044488214187,4.257861948351487
-2.4687211567696337,4.283933030400278
-2.482494686247532,4.310610009812271
-2.495221024558999,4.33606433636242
-2.506419486742693,4.3606142794251
-2.5174662535322976,4.388475429137956
-2.5274044188812894,4.416071055025798
-2.5344898727348966,4.437035096273173
-2.5429719995991698,4.463392985248676
-2.5517560101493317,4.488894964325254
-2.5614334085296027,4.51306653126472
-2.5723622192086473,4.540131065469621
-2.5821643423018186,4.565984132981432
-2.5912916450993246,4.592896783154317
-2.5981494427090635,4.615245146776031
-2.606633397685127,4.642279452458489
-2.6141861385041953,4.6667941230583345
-2.6222334675854446,4.695076900275118
-2.6288662151150355,4.721231693722786
-2.6347224104300238,4.745247730682733
-2.6405561206546877,4.769703300377845
-2.6472137353898484,4.796840514980528
-2.6530542608090477,4.819296472723275
-2.6619379421334783,4.847836151901669
-2.672231409533453,4.875882126924033
-2.684961143217854,4.902792621810661
-2.7007551831052674,4.928063840135403
-2.718340838068075,4.952242344634694
-2.737291662115419,4.975334492522612
-2.753526423374079,4.99284983866613
-2.775550393194045,5.012929883094331
-2.7990299333788693,5.031488971550322
-2.822946896909609,5.049558536938339
-2.846931007102853,5.0676304698686065
-2.870162076391747,5.086778895508911
-2.892643968609006,5.106652544943912
-2.9149282901571927,5.126852786640011
-2.9359525389916272,5.1483908165262635
-2.9557829857332623,5.170899587977405
-2.9714139770783867,5.189029163372265
-2.991731185609641,5.210962437360619
-3.0132444990401837,5.231749379126813
-3.0352452099444367,5.252119162795219
-3.0573968387199106,5.2723447549491995
-3.079624754628246,5.292454877393358
-3.102196415437249,5.312176202238868
-3.124779477678716,5.331978203821151
-3.142460040954511,5.348293527894966
-3.1638932789200855,5.369316825674989
-3.185674784658506,5.389780314222323
-3.2090151539783065,5.408338301622106
-3.2335839730221325,5.42546007043461
-3.258508693071637,5.442010064965608
-3.2844233945915176,5.456851324215765
-3.3057555652148736,5.467662951271847
-3.33227320009435,5.479116771648109
-3.3594546588677696,5.487914122924961
-3.3859542188311886,5.493748664438395
-3.413410661459927,5.497228265867006
-3.442484871268148,5.499197752999119
-3.4712510994776244,5.500283292974665
-3.498979572538577,5.500680481004203
-3.5213378580683448,5.500193220092391
-3.5409042664986887,5.49853758002641
-3.5581578760802266,5.495931069306512
-3.5828789659731015,5.490527697723929
-3.607422732837909,5.484293013450306
-3.6306111102103604,5.478940189526765
-3.655430783333028,5.474647086572823
-3.6820705740630486,5.471766773541797
-3.7045980012871906,5.469951023457552
-3.727602128991381,5.468358892109279
-3.7548801412159056,5.466319426943971
-3.7829250442405526,5.463938079152906
-3.811632963997877,5.461477487745342
-3.8415595897578134,5.459248224235241
-3.871493906391961,5.457144740538747
-3.8954922017508533,5.4557320658645745
-3.9255638834331363,5.455040699436431
-3.9555792916180037,5.4551305049138765
-3.985606014010287,5.455396183659241
-4.015661090120388,5.456479310379781
-4.045675930329932,5.459586583435163
-4.075174531027365,5.4658931713981564
-4.098342726674274,5.472375173694181
-4.127130846752769,5.480678249839613
-4.156141062218716,5.487906662699133
-4.1855306891699735,5.493375149318304
-4.2151597351803485,5.497930673789704
-4.238835123865688,5.501526656414025
-4.268541157761721,5.505245126592377
-4.298353177827482,5.507998144236662
-4.328221384827406,5.510018794697824
-4.358030755128034,5.51105778652856
-4.387914734304339,5.510703901877409
-4.417892484475074,5.509684897291224
-4.447991909530891,5.509610774607248
-4.47204709309878,5.510777785257719
-4.5019796291597185,5.513749379472388
-4.531763856001415,5.517169796627087
-4.561578050750473,5.519987716984224
-4.590403278813402,5.521926864397268
-4.614908073745145,5.5234474416257004
-4.634008550859083,5.524923169548623
-4.652236155490006,5.526440848875873
-4.671179299793532,5.527598121052078
-4.696600992149993,5.528405963726039
-4.721422822971021,5.528903433279399
-4.746550904060013,5.5291953733886725
-4.7715841280495,5.529833420734102
-4.794040560192373,5.531343800446974
-4.815730516372279,5.534128393147217
-4.840378733378329,5.538680605223939
-4.860639510905231,5.5432029178559485
-4.885893369495119,5.549653696254627
-4.9092520458347835,5.5559957985107165
-4.930205711719943,5.561376161517835
-4.952139425041581,5.56662595293986
-4.978872722430513,5.572733392082967
-5.007907869758572,5.580255967087905
-5.0308803773478585,5.587619804008511
-5.0586429637349655,5.599531580507119
-5.084583106296676,5.6150336479761895
-5.1088727873657165,5.632817221656677
-5.132637889277547,5.651101379290067
-5.151725293091878,5.66570728407766
-5.1744982753569335,5.684829806445146
-5.1958136895106986,5.706163077758303
-5.214876657549221,5.72852581001705
-5.232323217857874,5.752457191641558
-5.248883670150637,5.777518183122462
-5.260983871850131,5.797953158430698
-5.274083194619563,5.820986429218109
-5.2872376872744535,5.845117281754656
-5.300795294690482,5.871936273503028
-5.313885162333561,5.8988812392252
-5.32743892721594,5.925575986289587
-5.342356806505268,5.95144617112774
-5.355440280953491,5.971483726604496
-5.372507089237578,5.996119283750882
-5.389799770740786,6.020601953693864
-5.407345266613199,6.044926514018615
-5.424935669552897,6.069239249406952
-5.4421192599395525,6.093891158465996
-5.4588827061058085,6.118762551076635
-5.476019155308252,6.1433280178626894
-5.493898149913959,6.167365657800918
-5.510985075073658,6.190488448449075
-5.523407230250418,6.209163396889026
-5.537977099677658,6.235573844000072
-5.550576775864039,6.262879879701818
-5.562944864716187,6.29017054405708
-5.575939553771845,6.317174458197573
-5.58655454086484,6.338680236193786
-5.600070678848219,6.3654599702616865
-5.6133756582296455,6.392380841873049
-5.626011808213339,6.41963569602138
-5.637568121565838,6.444796461358105
-5.649819141375141,6.471465180709999
-5.662055415640116,6.498744090438478
-5.673944494898492,6.526304604811757
-5.68571167999537,6.5539086750402715
-5.695017176372608,6.576022120374992
-5.70679400830327,6.602962257997417
-5.718843374790885,6.630356309561931
-5.730168251128998,6.6582170784361585
-5.740092658746378,6.6864551809075286
-5.747871204849801,6.7140062727931396
-5.753094828633517,6.736055581290886
-5.758207082920978,6.764044879728399
-5.760363553328878,6.791630569678672
-5.758505467664172,6.816644405701064
-5.753695838122968,6.84098359552378
-5.7488440803010485,6.860340789691924
-5.742133806106878,6.886899885180823
-5.7368227487884385,6.913838697612899
-5.734572608982105,6.9409535646295035
-5.734546642832815,6.968762058697499
-5.735426483250094,6.996828151080171
-5.737013898043402,7.0262889161488475
-5.7393260634176135,7.0556157131476755
-5.742244646476432,7.08543823148343
-5.744672833001431,7.109261903726887
-5.748071093076726,7.138527607610615
-5.751505741000617,7.1675796156479485
-5.754964525698286,7.197265589877196
-5.758737318470919,7.226987050535582
-5.7634992945011945,7.256518598299219
-5.76998261831883,7.285666697524716
-5.778328646519093,7.314384232642885
-5.787576241770329,7.342906788854136
-5.794779239648212,7.3658260787674665
-5.802928878066645,7.392207466125879
-5.811709708071083,7.418940751555614
-5.820511243931981,7.444047557287398
-5.830336268455431,7.470796711799603
-5.840286006482254,7.499144013172596
-5.849708316152597,7.527655681175814
-5.858758886585123,7.555999540265246
-5.867803457618777,7.583577233584165
-5.87649582170092,7.609289015162397
-5.885189801842773,7.632766894145457
-5.894197190457656,7.655865425697646
-5.901498532435467,7.674162064912041
-5.909570303539114,7.693285451685301
-5.920192770705121,7.716006129941739
-5.932263741426281,7.738858354231323
-5.9462509081431065,7.762267245054933
-5.961823381135536,7.785879159208535
-5.977847422532193,7.809007937129572
-5.991805151564751,7.8280194513926755
-6.0102091974693375,7.851453944494945
-6.029072135888452,7.874741025172399
-6.048251970291441,7.897803724692823
-6.0672752457907775,7.921024818421221
-6.082434161993374,7.9396104539416195
-6.101908191610195,7.96233818102326
-6.122190048760013,7.984334810642621
-6.143416990393095,8.005420264716285
-6.16545858527261,8.025690690307389
-6.187984888770376,8.045440387636946
-6.2107052894115835,8.065042061663378
-6.233502256688883,8.084456629209182
-6.256793351991807,8.102934529261349
-6.275720552939632,8.117566584444527
-6.299385238798315,8.135703326954964
-6.322859692991367,8.154388625095221
-6.346082006521951,8.17346837671437
-6.368482382217879,8.193540441100026
-6.390255844916176,8.214252454298077
-6.411054667543912,8.236062200473206
-6.429802420595218,8.259661708538601
-6.4439120446695535,8.279102465496806
-6.461844432790149,8.30303636217582
-6.481565102939558,8.325325434231903
-6.504223197219264,8.344470285246375
-6.52944668771992,8.360303679098319
-6.555911949652717,8.374267713787454
-6.577338884983281,8.385063577414186
-6.604027229680913,8.398817696838561
-6.6307091251931825,8.412504548929498
-6.657269723742116,8.426552219091066
-6.68358409225417,8.440967706078549
-6.709721504280543,8.45579664291418
-6.735632401298612,8.470828471234954
-6.762206948555508,8.484495905342166
-6.783881122262578,8.494774493473418
-6.811127662687654,8.507208895455054
-6.838572646028734,8.519334771288944
-6.866050649018158,8.531251448052954
-6.893916143717769,8.54215581860283
-6.922207682937289,8.551931994288665
-6.950845851500226,8.560492920326814
-6.97408020246719,8.566205510266347
-7.003380921136028,8.572388077078834
-7.032854869265036,8.577754364145408
-7.061865762871578,8.582544817069984
-7.0902321984034,8.586002563122106
-7.119378110226344,8.589122034659407
-7.148006904889221,8.591866729589752
-7.174897730015058,8.594154734160275
-7.204063419911234,8.595925726794206
-7.234026013977747,8.597582278172181
-7.263995992897665,8.599625056895814
-7.287555890119493,8.601936126751118
-7.314550448151335,8.60578907032739
-7.341562138087735,8.61193910243247
-7.369636141022477,8.622026069666429
-7.396853252512301,8.634770505242855
-7.423432390389072,8.648265552719495
-7.444777804961102,8.659242276300336
-7.471314529688785,8.673083265009115
-7.497532058385616,8.687753674562328
-7.522803007127595,8.70215173501228
-7.545609634586525,8.714086794460652
-7.56850846488357,8.725340850590491
-7.593070919094235,8.736757845752026
-7.618564166606183,8.748139559961094
-7.6421684317314895,8.75846195795646
-7.665623216482298,8.768461113770483
-7.685341349508802,8.777071270816535
-7.711230855050116,8.788734972825791
-7.73764887928288,8.800035846344771
-7.761162251323864,8.80975307562555
-7.780212634858657,8.818034292895423
-7.799385907382917,8.826310000987224
-7.819534620927706,8.834716311618013
-7.83866582913067,8.84319410361617
-7.855012425760219,8.850625057882032
-7.8745305988543395,8.859385364631468
-7.895798970758921,8.869930083543922
-7.918019656787272,8.882186103940146
-7.942579632359323,8.897257637826346
-7.966849443165406,8.913998627352976
-7.990785255480082,8.930624231340104
-8.015782469435734,8.946381279945763
-8.041016294351541,8.961775198972756
-8.061525450130455,8.974146006626842
-8.0877895316912,8.988451267277236
-8.114425804925743,9.002325254156482
-8.140715795265942,9.016790738275132
-8.167217635299131,9.030804242371419
-8.193469096349743,9.045228936324994
-8.21907816743732,9.0592095273822
-8.243754441949484,9.071526198182402
-8.269170560091549,9.08186960106705
-8.29047026119487,9.088688027919442
-8.317427452954664,9.096400465504649
-8.344549495131877,9.103071059645796
-8.372131927525402,9.107640883884317
-8.39990993552253,9.111407207360156
-8.427738338243058,9.113844428667123
-8.455752089026696,9.114914131536361
-8.477786725384183,9.115287230892774
