325.11073535146807
325.1167323184134
325.14672691322147
325.17073286687804
325.194734156801
325.2067335093108
325.2127305624348
325.2127396127358
325.2127404742255
325.2186683603951
325.23051552163537
325.2474793945492
325.2732984245028
325.29736794322986
325.327341921342
325.3565805588856
325.3782340993947
325.3985191168824
325.4177721837216
325.4451628227376
325.47511024767743
325.5050455734711
325.5350139380735
325.56498943225915
325.58896672706743
325.6189282612839
325.6488899757933
325.67877430909454
325.70870687140643
325.7326932877482
325.7626490588414
325.79260716578506
325.82260315491675
325.8525988515481
325.8765893439023
325.90653068396466
325.93647960199013
325.96643585529273
325.99641901943005
326.0263501824134
326.05027723066615
326.0802117387947
326.11018994193336
326.14011701217925
326.1700775045942
326.2000292594719
326.22991369451904
326.25979577122166
326.2837093437916
326.31175543148015
326.33097953777707
326.34020161089984
326.34097970037686
326.3512843285053
326.3604192475678
326.3605016828795
326.3694043924091
326.38830537113967
326.4159516556335
326.4457451069415
326.4756808951298
326.5056111203863
326.5355685811068
326.5655005996008
326.5894570613552
326.61942171847676
326.6494015670094
326.67338945940105
326.703389705391
326.73340501010415
326.7634222426716
326.79343049065847
326.81743201724873
326.8474194519041
326.87739444793397
326.90736643007256
326.9373422250996
326.96735792408685
326.99736099855636
327.02135930490505
327.05136673037975
327.0813661010242
327.11136389945125
327.14138895007665
327.171425407
327.1954655792087
327.22552032165265
327.2555792046424
327.2856399079713
327.3157032545516
327.3457735227627
327.3698266542138
327.39989116017426
327.4299522413829
327.4600064946117
327.4900583624231
327.5201097703267
327.5501612345051
327.58021381809044
327.6102639736286
327.63430146304324
327.66435012000295
327.6944064294331
327.72446437572853
327.7545424191538
327.7846157964766
327.81468376209574
327.83872350092753
327.8687701076708
327.89881342865147
327.92885594580105
327.9528861219846
327.9829224859627
328.0129633706562
328.04299861820994
328.073029656076
328.10305618262646
328.1330783459503
328.16310213660876
328.19312753194475
328.2231546681589
328.24718203746846
328.277213073065
328.3072438321941
328.33727044258416
328.36729189809904
328.3913072334145
328.42132117648106
328.4513299874507
328.4813372332111
328.5113417734688
328.5353475214831
328.5653546850378
328.5953634526518
328.62536886682545
328.6553927202739
328.68541379008155
328.7094328606148
328.73943913256977
328.769460900558
328.79948477946317
328.82350099276647
328.8535198845559
328.88355182443524
328.9135766028897
328.9435863806982
328.97360117948017
328.99761028009016
329.0276183917783
329.05763025692437
329.08763871015503
329.1176565558695
329.1476681124292
329.17767828331273
329.201682300251
329.2316708214212
329.2616560696063
329.2916349986587
329.3216183269589
329.35160198946534
329.38154803784755
329.40552195774995
329.4354773103065
329.4654484634701
329.4953754929199
329.5252871681205
329.5552047969732
329.58522757378273
329.6152634327718
329.63928688152976
329.66927909601816
329.69923918741125
329.72875777539116
329.7584051169146
329.7822952107164
329.81198809940395
329.8419042188874
329.8659220295159
329.8959759944655
329.92602764948765
329.9560748094159
329.98614500875817
330.0162042948823
330.04024307408173
330.0702670447962
330.10032043046596
330.13036789161345
330.1603922859979
330.19044314656435
330.2144887917468
330.24453707673365
330.27457164523014
330.29862070532164
330.32868249483226
330.35877103361844
330.3888422075926
330.41886474803346
330.44288482474377
330.47294242365456
330.50298391760225
330.5329652612298
330.56293649222994
330.59299050870385
330.6170150572596
330.64702222883966
330.6769988366872
330.7069874980872
330.73098180758984
330.7609838389536
330.7909975682099
330.8149695646456
330.8449295827864
330.8748704252091
330.90481701863587
330.9287674272604
330.9587079639424
330.98864858262
331.0186131901731
331.0425792734645
331.0725443093787
331.10250522844876
331.12645799033606
331.1564011598373
331.1863480692834
331.21630093122405
331.2462706395139
331.2762517579555
331.300227644717
331.3301918364694
331.3601302686881
331.3900601613213
331.414013033071
331.4439772318278
331.47396600236334
331.50398109531193
331.5339894525642
331.5579935766531
331.5879986909108
331.61802033482434
331.6480464282811
331.67207428803226
331.70209289390317
331.73211424838615
331.7621379978232
331.79214671307216
331.8221591220299
331.8521875418251
331.88221301694387
331.91223562249075
331.9362493920055
331.96626404479184
331.99627684340913
332.0202873113213
332.0502981218007
332.08030939048115
332.1103160802459
332.14032092004555
332.17031436013895
332.20029981635184
332.2242853290446
332.2542569544462
332.284230960379
332.3142121219956
332.3442059054085
332.36820267779206
332.39821088075786
332.4282329569229
332.4582591379669
332.4882859069652
332.51233501132873
332.5423886879622
332.5724217273259
332.6024509327113
332.62647655247457
332.65650806243445
332.68653300202124
332.71654902627137
332.740559056222
332.77056733768774
332.80056822416026
332.82456951654325
332.85457099874975
332.8845708954114
332.91457229440186
332.9445973698272
332.968612562149
332.99863200985357
333.0286589789893
333.0586768165627
333.0886920466485
333.11271888848273
333.14278517348924
333.1728629204477
333.2030141729748
333.23320404327154
333.25736974597174
333.28759575032495
333.3177673561795
333.3479366294171
333.3720184823367
333.4021226821764
333.43212387296256
333.46205408957684
333.4919949113096
333.52194004232405
333.55188438762474
333.5758140893116
333.6057340205239
333.6356973481579
333.66565041617065
333.695619594044
333.72558229362636
333.74957895078154
333.7795495442162
333.8094850922467
333.83944216974436
333.8634183511904
333.89338068719053
333.92337365699075
333.9533741662145
333.97737242318203
334.0073785895959
334.0373773933282
334.06734667408733
334.09731434414635
334.1212819930734
334.15120340795374
334.18107319736663
334.2109521136638
334.2408589340129
334.2707723552921
334.3007306377674
334.3246696929363
334.35460688883995
334.3845682273288
334.41453817662375
334.4385102266693
334.46847617892075
334.4984414428198
334.5284045295738
334.5583688698697
334.58234854126493
334.6123304002414
334.6423198795675
334.6723165692186
334.70231996365254
334.7323180799715
334.7563072883685
334.78629787297086
334.81628801797274
334.84628336449333
334.87027169140043
334.9002455656838
334.9302214803606
334.9601963834142
334.9902029596091
335.02017893784335
335.0501219841124
335.0741046206472
335.1040521689104
335.13397836190455
335.16388191126595
335.19377782980644
335.21767615302923
335.247517393784
335.2773563576106
335.30124147432855
335.33113706125454
335.36114506553196
335.3911846034089
335.42124539640196
335.44531095315494
335.47532615474614
335.5053169997295
335.5353353343711
335.5653775776782
335.58943049582984
335.61949314621114
335.6495976046886
335.6797127013627
335.70378339352175
335.73386367518515
335.76396635464454
335.7941036385393
335.8241987083547
335.84825090570786
335.8782991792011
335.90834595675153
335.9383910615542
335.9684185845101
335.99243707219364
336.022479584912
336.05251341287004
336.0825261230556
336.11250498775235
336.142482688245
336.1664803750579
336.1964694082305
336.22645518235163
336.25649369994744
336.2865444039492
336.3106084133826
336.34068731788096
336.3707535766608
336.4008086878421
336.43086357322284
336.4548951934133
336.48492682522783
336.51495209749527
336.54496448139645
336.57498098068174
336.60499687142965
336.63501095642505
336.65902073828124
336.6890298680338
336.7190423864867
336.74905899928115
336.7790766257971
336.80308901948547
336.833106118484
336.86312187014664
336.8871348197889
336.9171490031741
336.94715977858203
336.97716886760463
337.007174972606
337.0371802353577
337.06118713866965
337.091194663646
337.12120017075074
337.1512048684512
337.18120922276233
337.2052119293985
337.23521604899446
337.26522175999054
337.2952268547869
337.3192297894208
337.34923226834263
337.37923415398893
337.4092339289583
337.43923382789654
337.46923400393047
337.4992344520527
337.5232358169968
337.55323660456395
337.5832373200775
337.61324171795684
337.63724629436723
337.6672520039014
337.6972608536463
337.72727048381716
337.7512801862088
337.7812934733198
337.811307716854
337.84132702011016
337.8713399339733
337.89534426663147
337.925346126369
337.9553566236922
337.9853632029383
338.01536993649097
338.0453752125125
338.0693809837126
338.09938730324734
338.1294015239098
338.1594110501482
338.1894146820255
338.2134282595911
338.24344256308575
338.2734489059915
338.30345988596036
338.32746791432953
338.3574597482245
338.3874427374378
338.4174380536904
338.44742702005743
338.4714185733339
338.50141773580316
338.53141939804584
338.56141116578175
338.58539923492236
338.61539146395523
338.6453886729011
338.67539190490834
338.69939116046567
338.72938934982943
338.7593931724882
338.78338563085447
338.81337123121494
338.8433393122366
338.8732911252247
338.90326513481466
338.93320571219823
338.95716227338045
338.9870774819921
339.0169571620692
339.0467316826784
339.0764645618463
339.10618079783325
339.13580557822826
339.1594175652885
339.1890522594044
339.2188548275637
339.2486626222083
339.2784616275904
