367.8805948116802
367.90139217255194
367.927388565127
370.34343175524833
370.355470136602
370.3615283309556
370.3616952125895
370.36170868093114
370.3617174132617
370.3617449297299
370.36180307324565
370.36183743595666
370.3618405154249
370.3618805132576
370.3619012750809
370.36190163391933
370.36192190502
370.36194535413586
370.36195536442403
370.3619665666391
370.36197247376754
370.36197729132346
370.3619796086726
370.36198283833187
370.3619840500079
370.36198582554084
370.36198669307163
370.3619874703041
370.3631857862681
370.370382105774
370.38838163924
370.40864640711624
370.43464583162483
370.45544211966114
370.47623822909236
370.5022355440993
370.52823272609976
370.54902969847006
370.5698268487128
370.59582376649706
370.61662131733675
370.64261772520297
370.6634149425267
370.684212487982
370.71020931441024
370.73100639791556
370.75180372371506
370.7778004487279
370.8037972747984
370.8245946599647
370.845391866985
370.8713883756099
370.8921859565466
370.91818247066504
370.9389798650122
370.9597771853688
370.98577382643407
371.00657121946716
371.03256785531687
371.0533652074754
371.0741624913491
371.10015937929796
371.1209566155384
371.146953199221
371.1677505039275
371.18854799066463
371.2145445726432
371.23534180779274
371.26133859121285
371.28213590306814
371.3029332749878
371.32892984709247
371.3497273774216
371.37572391136047
371.39652114634373
371.4173184754234
371.438115900855
371.46411257142904
371.48491000924435
371.505707309161
371.5317038378778
371.55250114607577
371.5784978098685
371.59929517544685
371.6200924469919
371.64088986437645
371.6616870895421
371.6876839227976
371.70848130830245
371.7292783665242
371.75007586633257
371.776072518871
371.7968697945661
371.81766705501235
371.83846448060257
371.8644610654578
371.89045772382815
371.9112551715226
371.9320524134843
371.95804889629113
371.97884641989634
372.00484296118054
372.02564033357515
372.0464376568797
372.06723493420816
372.0880322032254
372.11402887503294
372.13482628329547
372.1556235165589
372.1764208572824
372.20241758323414
372.2232148488274
372.2440121208943
372.2700088123573
372.2908059870208
372.3168027836405
372.3376000788767
372.36359663485325
372.3843939516173
372.41039058976384
372.43118792023716
372.45198530657797
372.47798183816377
372.4987791666326
372.51957651418525
372.54037390566805
372.5663704740954
372.58716778061233
372.60796513379097
372.62876237935336
372.64955978820126
372.67035713660187
372.69635364470736
372.7171510317801
372.73794834755313
372.7639450527539
372.7847423102359
