0.021732585214976303
0.04195630210101763
0.0658978830472445
0.07267404250576116
0.0754617268860862
0.0778490243629949
0.08339591737623148
0.08391030282749876
0.0839114587010271
0.08391302065318973
0.08391359702281675
0.0839145039406761
0.08391490994088505
0.08991140457689602
0.10496567687627568
0.12527333484446032
0.14389915922093616
0.16083215557001468
0.18442823623393162
0.21124855329494674
0.23625498738117262
0.2577372818311992
0.28137159883635915
0.3092004170949604
0.3388110405575828
0.3664247975797865
0.394768514745207
0.4246714944060097
0.4540623511808537
0.480678081499419
0.5091959819749388
0.5357721340982081
0.5597546813770202
0.5887807367387806
0.618569031614614
0.6455590047402219
0.6743054696161646
0.7040436891977118
0.7337726419100056
0.7636254913756819
0.7935624113283812
0.8235754053678698
0.8534008749950549
0.883309774603602
0.9132233176751748
0.9416824528102531
0.9705423461924095
1.0002996082275912
1.0303059778893728
1.0601880689571261
1.0841103681902282
1.1140725773300926
1.1440638326424597
1.1739809168898845
1.2026300901148654
1.2254021806104545
1.249912513235885
1.278343350904489
1.3073405112519991
1.3368557845884241
1.3665799338169835
1.3962579595327425
1.4260427451663247
1.4559881886924828
1.4859847324631168
1.5159338947667003
1.5458179534183307
1.5739899421801953
1.5959314303890073
1.6234732414079998
1.650884086692175
1.6781723976184468
1.7077682907517246
1.7376651706779942
1.7676956688539822
1.7978474869235515
1.82786261213585
1.8574808718466023
1.8869716123025562
1.91632378389022
1.9459120057599393
1.9757137200207122
2.004770150114017
2.0330492040317303
2.056895803115185
2.0859243006250083
2.1149541812444723
2.144645331354156
2.174402751004641
2.204276526526232
2.230944036918104
2.253000183531085
2.279118738393749
2.3029590218905898
2.3329378962747103
2.3619561835437235
2.388635346980722
2.41833628393328
2.4459726347630184
2.4750954898617032
2.5043961826889074
2.533404030779879
2.561920201859853
2.586062767220883
2.6091195603689066
2.630262064532641
2.65521548452074
2.6818628031787783
2.708083784851492
2.7350710834857943
2.7634515603184475
2.7908987162344565
2.817939211899864
2.84781339675663
2.8765170360350756
2.8988291102013783
2.928676473850982
2.957245047070109
2.984600752323916
3.0071083903320153
3.029092732263783
3.054093205800989
3.0823819607868868
3.110860345944153
3.140559177394728
3.1705047333570815
3.200546519424467
3.230617378888923
3.2606378731970587
3.290647258704889
3.3205953813047593
3.3504811009650095
3.3794253675446546
3.4079806985082115
3.4367920685084643
3.4666029962858524
3.4906075280809845
3.5205064272662785
3.5486505012531757
3.576721864625844
3.6049216597642046
3.6328405059169326
3.660564159631495
3.6880061398028743
3.7175238183979484
3.7473789165633162
3.7773640017646826
3.807450762272393
3.837408991334422
3.8672253139507533
3.895899138009105
3.9236754318655525
3.9515893602909844
3.9796311531706126
4.007650154878809
4.035094753207305
4.063477609707078
4.087026229816455
4.115350215671249
4.134896622530625
4.149300124750184
4.165608219009719
4.18878335709078
4.215258756367034
4.244878492487819
4.274825620572463
4.301670365698027
4.3257682011739105
4.344441879644905
4.365200207831646
4.390136105774451
4.41250740708222
4.439645898858491
4.466221589136911
4.489028564725478
4.509149398658667
4.529842097235745
4.550363971196605
4.5662394506881245
4.5803111108237315
4.595258582053407
4.611208056314362
4.627671402313418
4.6470263045392475
4.669944624505596
4.6960466655283275
4.723342328410386
4.747328761060359
4.769546150468973
4.792129592130223
4.821182554588035
4.851098271322769
4.881009880920481
4.909898768119958
4.9337860662081106
4.961938901818832
4.987920599616589
5.016748395534247
5.042936948292977
5.067473601076356
5.092613666217903
5.1207917340956035
5.146914610609592
5.174983036794048
5.205051012446072
5.235011048388885
5.259383241158565
5.286686888947259
5.31672666533744
5.346788025206683
5.376869647682015
5.406864013118745
5.436857478595695
5.466839309397015
5.49676642464644
5.520641905028202
5.550362498176458
5.580118717075041
5.61000254925654
5.639917950097768
5.669363622028531
5.6985178071398535
5.728448080895011
5.758403488560486
5.788404384551453
5.818364685724112
5.848377408688703
5.878391173866804
5.908434442238917
5.938459720246921
5.9684904101006655
5.998350802772296
6.025544490588174
6.055598222881961
6.085641729238409
6.115751651729651
6.145870853915751
6.175988723844478
6.206076954443436
6.236167959905568
6.266247404356259
6.290294755148279
6.3202899278904825
6.349029846755389
6.376738714738362
6.404598760015219
6.433276805721964
6.458367883969488
6.486941654322069
6.5147974785148355
6.5373732085374625
6.5550737945534365
6.576226623697622
6.599313352323292
6.6279658360740745
6.657928323958417
6.687889609700406
6.717857465175362
6.747387191833681
6.772993692783604
6.8001173529692
6.8287402815556755
6.857205566491733
6.883166217324531
6.909253528929946
6.935009087548656
6.956377864384823
6.978821373156515
7.00098739881877
7.022783471466915
7.052135940486762
7.078583715331528
7.099291687066562
7.1234351834720275
7.148559529063285
7.167663773196257
7.186460565017082
7.213391648480338
7.242231160726683
7.272172226503415
7.302148407868925
7.332004269218996
7.361864268022367
7.3918308387639655
7.4218420357199495
7.450234503723017
7.476837784147106
7.502018111721859
7.530740702958673
7.560552612382546
7.590474710274463
7.620358263581717
7.64991284223862
7.6784278863798505
7.7081303075859235
7.738108486273934
7.76805371171968
7.797892122854473
7.826250859097973
7.852683079505126
7.879475441897765
7.907860727461764
7.936598031582919
7.9660796938055
7.995842039506511
8.025367532453753
8.047920644410677
8.076182657361874
8.104815698625522
8.133544473981143
8.160931128379513
8.192544940589888
8.213865440103334
8.240535595235004
8.26224301352024
8.282864061534129
8.303557109739248
8.324317828511784
8.347373095637316
8.375134889817156
8.403523779150703
8.431349875459018
8.46133615200447
8.491226410327274
8.521194663572405
8.548016357756524
8.572541656601715
8.596962504292367
