-2.461774208988392,0.061531681191118764
-2.4797212643330604,0.06040985479788258
-2.503622328205356,0.05860562141770433
-2.5251147687788027,0.05666358407335639
-2.5334662601026046,0.05584677536596102
-2.5370433898035847,0.05548355084369703
-2.5402219039879297,0.05515365695907585
-2.545383009014557,0.05459954748453462
-2.550927118674124,0.05396922244051404
-2.55148565230767,0.05390196666961023
-2.5514835764496873,0.05390214339032396
-2.551483895580282,0.053902083184824576
-2.5514849057773827,0.05390213722536893
-2.551484859113463,0.05390201830718966
-2.5514988400141725,0.05389999434339888
-2.5512698428438205,0.05390205097045084
-2.54919583099494,0.05389288513822329
-2.545085663463166,0.0534791212209548
-2.541385919160635,0.05263602362879128
-2.5441209630729897,0.05374064968782376
-2.5546594740218884,0.05976642942621304
-2.5664148987215603,0.06888964711821405
-2.585208553156435,0.08868117487866542
-2.5991126446707464,0.10853765337893363
-2.6100981897725433,0.13015993944271742
-2.6178759523846953,0.1530961799358621
-2.6229879585848876,0.18251219815491326
-2.6242809962255755,0.20626162125120936
-2.624210022704215,0.22996786383344184
-2.6237541758339495,0.2597452583332983
-2.6237583476945354,0.2836790106740467
-2.6243118134754098,0.30760861173678195
-2.6261468253215576,0.3374717830699529
-2.6280802336082365,0.361405527629816
-2.6295453328862335,0.3853936978454925
-2.631159384860023,0.41533885730220615
-2.6325192165285705,0.4392703071472454
-2.6344207708453897,0.4691970945063867
-2.635762053403191,0.4931490969041447
-2.637006223687061,0.523109443792029
-2.637749971670884,0.5471020228729655
-2.6384643259614595,0.5771052600170496
-2.638872002444652,0.6071172082485271
-2.6391453354057886,0.6310945239154373
-2.639570920932048,0.6550921419937323
-2.639934508697637,0.6790974976419534
-2.6400172567286755,0.7091293878828389
-2.6397662426860737,0.73312870630314
-2.63921092205701,0.7631477490724409
-2.6384781709604415,0.7871498220540576
-2.6375997975924736,0.8111218238772271
-2.637174315766414,0.8350693508677303
-2.63682603481845,0.8650804748444967
-2.6364618497373993,0.8890773779442831
-2.6357595996269403,0.919093501523819
-2.6349433574861076,0.9430896960757034
-2.634016456692911,0.9670930934979886
-2.6328594450949616,0.9910721074348263
-2.631605228305328,1.0150494635515903
-2.6302461011818377,1.0390184847377564
-2.6283508505580415,1.068981406480026
-2.6261002261247164,1.0989115445284559
-2.6241140711346063,1.1228449018710738
-2.62194801228827,1.1467586176615243
-2.6190631545952674,1.1766310300607152
-2.616648708811003,1.2005130104687707
-2.614188357781395,1.22439192543846
-2.611668846331029,1.2482631064068272
-2.608433412654777,1.2780919353099425
-2.6058992181805025,1.301946081776753
-2.6035357435952626,1.325814636425251
-2.6008285567381,1.355679604737545
-2.5986944541982333,1.3795881110138661
-2.595963300723617,1.409464950529962
-2.5937761712782743,1.4333644814635687
-2.5910619287898378,1.4632406891125207
-2.588843484998481,1.487144830027813
-2.5861177772569945,1.517000018253399
-2.5842719463049133,1.5409080817942598
-2.5821223384273297,1.5708266493295977
-2.580456115040062,1.5947596333113865
-2.5785314265682704,1.6246865762182447
-2.5771405401542395,1.6486330521212889
-2.575697345725867,1.6785708293273076
-2.5749121785794644,1.7025259545405353
-2.574405715536261,1.7265119851983437
-2.5740725771032973,1.750485035085785
-2.574251604001553,1.7804352330568212
-2.574906041527892,1.8043950124722137
-2.5764707385824734,1.8342847577068189
-2.5783589825561273,1.8581790925056025
-2.5813132654487645,1.8879835422077331
-2.5842579261493692,1.9117676888818822
-2.587321566378337,1.9355864606007043
-2.59005843863489,1.9594629904766885
-2.592831709340802,1.9893870583799667
-2.594282944624815,2.01341955460905
-2.59452079709281,2.0374982863673696
-2.593689482599357,2.067566640237745
-2.5921228335122137,2.091556303853761
-2.590146659496154,2.1155034180385233
-2.5877927196382284,2.139423163739337
-2.584102319454875,2.1692525244977543
-2.5805053000345075,2.1930184624232427
-2.575508093960497,2.2226308121141014
-2.5710859276089337,2.246259468106628
-2.5661476912631005,2.26978464363604
-2.5607701057811636,2.2932066279333907
-2.55357482548422,2.322361597014118
-2.547526619696176,2.345605524248762
-2.5412713341200472,2.3687929447526304
-2.5330975009119197,2.397690903635447
-2.524374331536115,2.4264272152470516
-2.517124769801174,2.4493218081364017
-2.509727666639909,2.472164548147739
-2.502263918876222,2.4949718911100236
-2.492921484125145,2.52346790436689
-2.485882128102594,2.5463651041380637
-2.4779259905387634,2.5752248924682593
-2.4721536099710963,2.598487894504787
-2.4649989914846,2.6276406666937264
-2.4590990217545503,2.6509139866114495
-2.4514398557254395,2.679947546534145
-2.445016152733854,2.703094399173955
-2.43828037153237,2.726158082720292
-2.429393216611401,2.7548465274805456
-2.421913626377053,2.7776788357754247
-2.4121887429123268,2.806083439259061
-2.404168961247597,2.8287223289463466
-2.3959211065696526,2.851281892534274
-2.387406259429161,2.8737492457976153
-2.376281402555093,2.901647411541892
-2.367008052326517,2.9238148122231595
-2.357393754539994,2.9458354166173155
-2.3474571239039883,2.9677114922510155
-2.3372029181128915,2.989440541545974
-2.323978466444195,3.016401265706716
-2.313100500889227,3.037820809390634
-2.299084026261015,3.0643848428379274
-2.2874877066804884,3.0854337898616033
-2.2755066795012984,3.1062720385420666
-2.2599285866604366,3.131966757603247
-2.24697956774453,3.1522222633622023
-2.230170273315144,3.1771306115182725
-2.2162014433501893,3.1967083541798016
-2.2016371016634246,3.215860375276625
-2.182603772080806,3.2391386901886845
-2.166790120067651,3.2572568592022844
-2.1464872613089248,3.2794009668765933
-2.1298421202711033,3.2967538621592207
-2.112729531621042,3.3136549138549727
-2.090650989396889,3.334074040290108
-2.0724043802933116,3.349736913623578
-2.049334062063861,3.368956643832808
-2.0306063892244026,3.384012431759121
-2.011645228884479,3.3987731419675393
-1.9875941917667819,3.416779292126038
-1.9679824490834072,3.430697078069425
-1.9479986041788657,3.4440813690392402
-1.9224464959862824,3.4599403812065024
-1.90153258859204,3.47186140354828
-1.8800991160782765,3.4828479270319117
-1.8525850749138795,3.495087530830111
-1.8300989509114653,3.5037020079626706
-1.8015499810796947,3.5131368545464623
-1.7785177628759627,3.520071641849859
-1.7495630921560663,3.528034896661546
-1.7263216353693867,3.534110704213394
-1.702983707911143,3.5398414672035536
-1.6737118198896324,3.546531152950523
-1.6502604354447934,3.5516740575455747
-1.6208957907846044,3.5578910402902433
-1.597379477076633,3.5627282095157073
-1.5738472287423717,3.567465544519216
-1.5503584392888319,3.572302244763246
-1.5210380196278772,3.5785962190084257
-1.4975632734604323,3.583646363782065
-1.4740344920402078,3.5884685235916374
-1.4445512559455687,3.5941490913059013
-1.4209668597418446,3.598567954623864
-1.3914821330195823,3.6041131497610817
-1.3678979639489492,3.6085480966289207
-1.3384481967630246,3.6142023376571704
-1.314923137141333,3.6188852996352923
-1.2914411016722576,3.6237615384659176
-1.2621586331349666,3.6301717089970666
-1.2387971042266985,3.635580479060414
-1.2154948563852235,3.6412392511264353
-1.1864442331701373,3.648635968710699
-1.1632704223361223,3.6548079972338727
-1.1401501649164807,3.6611875886937675
-1.1113306867714192,3.6694453341818414
-1.0883277025739446,3.676252874057221
-1.05959875176405,3.684878176304546
-1.0366029164355786,3.6917723943108203
-1.0077947814540635,3.7002019723075947
-0.9847093367989243,3.7067934279505415
-0.961597171725517,3.7132897317478504
-0.9326597844532705,3.721247228159161
-0.9094652421910586,3.727469914181562
-0.8803977961526752,3.7349754841527556
-0.8571178255365528,3.7408354330916196
-0.8337870367519153,3.7465355007742325
-0.8045931300529396,3.753442114728342
-0.7812837771145688,3.759095886563775
-0.7580258571879602,3.7649525132067003
-0.7348144983531039,3.770996636691335
-0.7058664925931932,3.778804805109488
-0.6828013514460354,3.7852991906340723
-0.6542599950314351,3.79429759632956
-0.6316662299290223,3.802242310935119
-0.6093149013969932,3.8108446401368767
-0.5816457949640118,3.8222951773109832
-0.559775958517443,3.8320733929263113
-0.5326620706679426,3.844839414038759
-0.5110710237193415,3.8552960796871463
-0.4895424240903437,3.86587896944927
-0.46261166547014965,3.8791069975954153
-0.44103529151006315,3.8896380274865687
-0.4194335539848274,3.9000980914071453
-0.39780601671282906,3.910521349845116
-0.37073096318127097,3.9234639027093774
-0.3490866840954465,3.933795013788545
-0.3222886528223262,3.947155812212704
-0.30110810416008177,3.9583652790458044
-0.2801731456810895,3.9700227598936406
-0.25438063831920266,3.98523279010091
-0.2340541373706889,3.997911585054482
-0.21411805969233222,4.011147942486417
-0.19476353674655114,4.025198415382504
-0.17594166577901352,4.039989346573347
-0.15306135509048682,4.059277751294192
-0.13528387991735047,4.075308364107928
-0.11835151415241398,4.092123408340348
-0.09944798355046938,4.115109664198596
-0.08585000468557445,4.134773818289685
-0.07274641498037124,4.154853256951661
-0.05998689167261204,4.175109456353353
-0.04775072480636784,4.1957160508056015
-0.03257918131307252,4.221625947085501
-0.02000772526099525,4.242108981040547
-0.006955792935963504,4.262303972047032
0.006624483661743536,4.282142069562421
0.024158525564221243,4.306529306777189
0.03834032563908337,4.325898774901407
0.052380411166426256,4.345308558577137
0.06590569546587996,4.365075808183074
0.0786870200420786,4.38528297175808
0.09391987574217255,4.411114631669074
0.10613971145961063,4.4317703264099375
0.12191877514972513,4.457358924114017
0.13515336225823854,4.477434089503201
0.14872591126457477,4.497242434548498
0.16552058574904205,4.522057655513208
0.17869092358326932,4.5421294716945155
0.19544736610400054,4.567048986724167
0.20916673026896557,4.5867694242966355
0.22303868762907372,4.606372828423924
0.2406754690784612,4.630675465543159
0.25512921963151075,4.6498766392239785
0.27003683648363225,4.668753822576484
0.28917467537319597,4.69187686900438
0.30449961686193494,4.7103482957016745
0.31989835108848264,4.728782189807837
0.33981707437125896,4.751320202358641
0.3563172431944853,4.76881239406677
0.37335179279985353,4.785800113996561
0.395247223530389,4.806369829453234
0.4130010181178894,4.822545508779556
0.4307376777284235,4.838702534756041
0.4484437624219441,4.854903851092133
0.47060757177834867,4.875125620382701
0.4883731039739582,4.891285020226382
0.5065597104562265,4.907047567651853
0.5300525555784622,4.925842455505011
0.5497287422403964,4.939779456634105
0.570205071925728,4.952503437221507
0.5912761381620869,4.9641490972924
0.6180031985674603,4.977854723867378
0.6394332251934819,4.988642389695702
0.6607779749215261,4.999584588282242
0.6873475873773001,5.01348550531001
0.7084991440577341,5.024792753398441
0.7295781458311601,5.036228878219844
0.7557795656898221,5.050801684610571
0.7765614561225921,5.062747819295839
0.7973011218578187,5.074848785096641
0.8181850686967391,5.086701139831507
0.8442473732844155,5.101534029731217
0.8651391705739939,5.1133804241305345
0.8860315687431756,5.125180626344556
0.9120743482213577,5.140054630662431
0.9329206772512979,5.1519636341524455
0.9539293353316471,5.163644898150334
0.975320171895263,5.174685352138869
0.9971484722719488,5.184833334899982
1.02486660230327,5.196462052077689
1.047109332580479,5.205467152032878
1.0692862106100924,5.214596909280898
1.0914184201192234,5.223855722030171
1.1190401824949825,5.235559613294441
1.1411189150542347,5.244965684071118
1.163206770869771,5.254353692376567
1.1852661346425055,5.263775953801464
1.212684263592439,5.275884541220498
1.2344613395663968,5.285919778985035
1.261663088107683,5.298558224691012
1.28336335721558,5.308779518213259
1.3050900780911772,5.319006289235111
1.3322875511933738,5.331660810456096
1.3539499266283144,5.341951939480708
1.3755233970603944,5.352416448554838
1.4023182958379183,5.365844686424638
1.4235925691882902,5.376894845536403
1.444687717239371,5.388284752469996
1.4708349949466373,5.402928174291143
1.4916601918315402,5.414845893525873
1.5124399518542335,5.4268457631772415
1.5332375914271956,5.4388249155688335
1.5591428197787733,5.453905171708009
1.5796835110038367,5.4662728432822485
1.605005950078629,5.482247050726444
1.6249952266004486,5.495489053942013
1.644914896437602,5.508861662872606
1.6696648893352053,5.525764121935502
1.6893107179473223,5.53950936776763
1.7135535891020894,5.557113308658893
1.7326349621518753,5.571596493197412
1.7560835653707774,5.590241961247418
1.774489728935079,5.605558587072111
1.7921346634892557,5.621632090989373
1.812417189595552,5.643502267075201
1.8277269140877328,5.661928509470108
1.846617028300872,5.685214302959291
1.861757450276942,5.703860641343335
1.8769045886426903,5.722458781569132
1.8957681332326883,5.7457887030762995
1.9110750807840102,5.764309638673227
1.9302914832489066,5.787368017765411
1.9458685096533426,5.805633196906419
1.9655649310109484,5.828296076843577
1.9815077398170997,5.846264488307253
2.0016399302196053,5.868532016807592
2.0179975901329636,5.886138908848515
2.034522144990744,5.903542093043585
2.05506411157701,5.925401035349733
2.071547043017288,5.942853677293262
2.088107871861203,5.960240429919262
2.1089267104564393,5.981854180584448
2.1256976618145176,5.999044365647396
2.142621405962295,6.0160866333417635
2.1638909254920295,6.037237111515883
2.1809770033031053,6.054110037151074
2.19804173573475,6.070984065036356
2.219380503725843,6.092072471848248
2.236469132511737,6.108931148921271
2.2536465836287163,6.125713395724938
2.275271062126407,6.146524339107344
2.292691477295725,6.163049480474436
2.314614466855284,6.183552307302744
2.332274479749569,6.1998267970844525
2.3500823034472837,6.215946278330714
2.3727615209421886,6.235654798984549
2.391131821453194,6.25112739882494
2.4142773846231953,6.27025397441578
2.4331016807231434,6.285205613766184
2.452212043474522,6.2997786170553045
2.4763329613756664,6.317633051222078
2.4955870107197997,6.331943271083653
2.5146285619089475,6.3464997585427945
2.538117142915755,6.365082323810902
2.5564973260285213,6.380474181937956
2.579620181426747,6.399643729141246
2.5983432093187004,6.414675283483517
2.621675971834364,6.43351420184537
2.640259242485764,6.448675422899899
2.6585963347741304,6.464101753690536
2.681039761734537,6.483936104919125
2.698674492257928,6.500173794165079
2.720413076735225,6.520799441379453
2.7375966892641457,6.537537155782618
2.7589762681808745,6.55856448281077
2.7759349855974325,6.575530418329051
2.7928626652965898,6.592551452520577
2.8098880515733975,6.609486725809325
2.8315126055622213,6.630338911075367
2.8491625152851148,6.64666061255453
2.867189408263312,6.6625757008694
2.890207652335907,6.68188129174279
2.908801027915164,6.697067367924069
2.927422711451398,6.712204308865851
2.9459945406047106,6.72739449518518
2.969167812990275,6.746442386250841
2.9877295008027778,6.761669543863893
3.006278981039188,6.776872760562191
3.029153279999799,6.796240496649206
3.0474866280210158,6.81177492304703
3.0662674787924113,6.8268269789817255
3.0857129537023487,6.8410426994947064
3.105701031006614,6.854453420247203
3.1314459441153395,6.870030303301586
3.152513367847084,6.881641679678258
3.1792388712402744,6.89538454320024
3.200904304478057,6.905823269036425
3.222858377417033,6.9156455144808255
3.2450438096472927,6.924907017378959
3.272986677508906,6.935920930794947
3.2954581164400785,6.944403280317699
3.318032018488432,6.9526282402640645
3.346422112502076,6.962434022972227
3.369216225965323,6.969976473478507
3.3920420123932695,6.977419897694515
3.4206504160493583,6.9865192586139955
3.4436040267846812,6.993573285697966
