-9.58848679942468,-0.6271527176009348
-9.59591069508576,-0.6596137092279422
0.01962337587071835,0.00036430947802915234
0.035694009325468234,0.0014324295780600365
0.04369144324907881,0.0024003494592764844
0.04491733615300235,0.0025860082850262286
0.04491322768677965,0.002584035360755356
0.04486849742866096,0.0025777174407493127
0.04480790698964241,0.0025703433042394658
0.04478676971112822,0.002571499177439148
0.044827990479264376,0.00258069760060218
0.04485545147556839,0.002586342813000304
0.04485138032250938,0.002586340037116717
0.044815768333366424,0.0025784762916096055
0.04481770004135384,0.0025758192839690323
0.044832529229813727,0.0025835635741347325
0.04482542601307128,0.0025827178073390133
0.0448230291744858,0.0025782410964395298
0.04482674564406723,0.0025829320087824483
0.04482593131883152,0.002579439946181316
0.044824327432386527,0.0025801873367898385
0.04482409067496124,0.0025809382791485607
0.04482403134817301,0.002581441855853493
0.04482415170258148,0.0025815525566353754
0.044824428228664184,0.0025812455213582632
0.044824787055402965,0.0025806846920621708
0.04482523070175022,0.0025801220648891694
0.044825580449487624,0.0025797615474988703
0.04482579808086246,0.002579798016337941
0.04482584470463774,0.0025801651178424994
0.044825774737587275,0.0025807189953369605
0.044825718309869964,0.002581173893028782
0.044825626021110676,0.0025814179605330996
0.04482548842773659,0.0025813944661213306
0.04482538493053146,0.0025809832548111767
0.04482512684546559,0.002579626426872562
0.04482507982667925,0.0025813439667487234
0.044825603935378246,0.002579625266017007
0.044825182475517235,0.002581032988157618
0.0448363840574597,0.0025808046125464544
0.047801874185898624,0.0029832044257452873
0.05861428577179185,0.004029528880985173
0.07737745658903386,0.004731471119662276
0.10500380574940243,0.0039387316766729364
0.13036054287808505,0.002161366056546429
0.15740603188043836,-0.00034662956505655834
0.18082157728175435,-0.0026349279197904274
0.20075318585266594,-0.00456049813708156
0.2204537074798089,-0.006109531768218878
0.2377734160627153,-0.0072722438634660455
0.25792442992854714,-0.009328109178824873
0.28275272666118734,-0.012955672051113653
0.30453568347151083,-0.016367939287022855
0.3316019625938432,-0.021619120523439308
0.3660082601269186,-0.030152874221618508
0.3944753804218916,-0.03922318948735924
0.4168240009143029,-0.04744048941091459
0.442046158329757,-0.0565542324761657
0.46702260461858924,-0.06491057476984254
0.4914198959303225,-0.07373081431107108
0.5175696179439913,-0.08433436340501595
0.544754568526838,-0.09677985661744341
0.5764008752807549,-0.11404092449720231
0.601428716809845,-0.1304582117325681
0.6307722483766671,-0.1512950546103377
0.6550262087267411,-0.16901686745252553
0.6787081986155286,-0.18752905937239983
0.701963029289166,-0.20651592608809738
0.7248418972744696,-0.22599760488321985
0.7471457311800921,-0.24614129261185316
0.7734719582462563,-0.2706880858203754
0.8001682328951835,-0.29477426533192674
0.8228225276960629,-0.31441278212223345
0.8453961505993345,-0.3342424788876012
0.8675874665011601,-0.35441199192383066
0.8945931753187844,-0.3781599992417745
0.917568560466261,-0.39742368311012793
0.9401455147579609,-0.4173395831270657
0.9610400583265766,-0.43890611927252243
0.9799648296434975,-0.46068580728043884
0.9982395926741211,-0.4819671866084275
1.0188399709255287,-0.5060928746106212
1.037418408236965,-0.5287078405827174
1.0527737612543797,-0.54828821538437
1.0667615468610927,-0.5671317990606706
1.0767351877896445,-0.5800450445400361
1.0882925986095484,-0.5938010778200616
1.103530085013069,-0.611849567809261
1.1235176472853807,-0.6368209312424221
1.1388555797652085,-0.6568654520430993
1.1535903950229305,-0.6767005376701634
1.167297488779276,-0.6958370287871591
1.1809653804059776,-0.7156161767933291
1.2002316537225606,-0.7442503547661146
1.215372067094799,-0.7676897897704114
1.227650551638492,-0.7858430942280882
1.2367494947764452,-0.798557333231883
1.244009862162568,-0.8083124107157298
1.2496485262716035,-0.8159489676561924
1.2544222911627108,-0.8229435317406301
1.2603022162826871,-0.832309751344843
1.2671318576536343,-0.8436560104471575
1.2741272955237317,-0.8551253957335563
1.2786696468714658,-0.8622387482891409
1.2808351091905215,-0.8656189875537427
1.2814805583188928,-0.8666406373856821
1.2814066402984798,-0.8665192917757132
1.2851432945285077,-0.8729696408493245
1.2912306234507036,-0.8839904107274642
1.297694687396419,-0.8967269301382408
1.303372793227454,-0.9090599646904838
1.3088916476938688,-0.9216083807538962
1.3164299678753788,-0.937221317706608
1.3263969327721006,-0.9562409745588355
1.337881069406775,-0.9775807520542126
1.347121582949772,-0.9945557248504425
1.3589336203656615,-1.0152104597161256
1.3693007589177055,-1.0327463314708067
1.381111768214942,-1.0529105789408875
1.3950544017751905,-1.077645879826969
1.4087295879122421,-1.1029357831920459
1.423245885701749,-1.1310804458711792
1.4356752093555167,-1.1579052192461567
1.4473273652924517,-1.1855667273067687
1.4584637803263567,-1.212562040752019
1.4691878712658517,-1.2364821016029215
1.4785410225299074,-1.2568472881552857
1.4860257939911423,-1.2730889990562249
1.4935571308551852,-1.2893033580337172
1.5019166303231697,-1.3063960323341905
1.5106732532618108,-1.3229576246611636
1.5207301428808695,-1.3406822109280299
1.5317805492304666,-1.359439848565593
1.5441648669047265,-1.3786140272979073
1.5523895266441872,-1.3905286608559784
1.558008102687921,-1.398317343837149
1.5660351197986002,-1.409693255176371
1.5759779189183543,-1.4254561216317092
1.5867208699497017,-1.4442544154940242
1.5979093980804489,-1.4655429712774566
1.6086358866581267,-1.488411604455812
1.6163800293526116,-1.5074178643904768
1.624833202880042,-1.5316297258976834
1.6334151954674418,-1.5590804187620857
1.6424406519819479,-1.5873049595241258
1.6528897594980838,-1.6153244140093028
1.6649934702420321,-1.6426239991349008
1.681163652061132,-1.6747367163443063
1.6913240914562246,-1.6949429274741936
1.7021436997231434,-1.7173392026797487
1.7135162069096792,-1.740467113639875
1.7291404190047486,-1.7682527699937625
1.7440284268408226,-1.7914377917523225
1.7575937108874151,-1.8109510871356582
1.7693099564620398,-1.8279089503862018
1.7777647044848952,-1.8414571135121498
1.7858614607622632,-1.855845525256642
1.796744232482087,-1.8767619801137554
1.806279944636304,-1.89520684529312
1.8141890953654316,-1.9110780480933411
1.8247875274523029,-1.9356967301795727
1.8334427253200505,-1.958292966407176
1.8394299676566006,-1.975949645533125
1.8490640626500767,-2.0085288999827156
1.85657232772989,-2.03756696410271
1.862530532036082,-2.067074646102948
1.8673571327908827,-2.096708769620459
1.8718001406875844,-2.1263622342427184
1.8773432347264818,-2.161900339449173
1.881783692868926,-2.19155334325719
1.885727048103182,-2.2213197515921634
1.8894112018125295,-2.251116160079077
1.892168363295999,-2.280870054256704
1.8942118287684577,-2.3160325233596972
1.8961618781038676,-2.3409644163493053
1.8989734830753333,-2.366290124411728
1.9025716862949549,-2.396551482911932
1.9051399828094573,-2.418062814828902
1.9081480053577147,-2.442566075135271
1.911592427294452,-2.4705528812637136
1.914738974648808,-2.4989487993340327
1.9190592479635857,-2.5333801810573244
1.9240834425884368,-2.5616671108223277
1.9301441336857796,-2.5882623681698056
1.936225920181367,-2.6104789164344404
1.9452761623959391,-2.640667143177395
1.9511622894172416,-2.658781662727649
1.9592356778232056,-2.6821420821713335
1.9668458964737674,-2.703213927474585
1.9761908857504382,-2.7284234683710142
1.983776344379206,-2.7478985108869876
1.9952140580750903,-2.775204084315327
2.0067570321121395,-2.802443967580525
2.017647102635216,-2.8287622738442764
2.029974904114857,-2.8560421259114612
2.042721954568403,-2.88318679087644
2.0574356315325435,-2.9161410754818786
2.06870406047727,-2.9439558802734527
2.080366554578425,-2.971529432648816
2.0927435808607813,-2.998835263634876
2.1055991890327337,-3.025860540587196
2.119757306136621,-3.052201931707422
2.1348078036788998,-3.078101988348266
2.150329209315375,-3.1036187911824134
2.165094981504282,-3.127220809847467
2.1806731772799814,-3.15123570804468
2.1926136415130495,-3.168083830645795
2.2055422508394265,-3.1864098891930017
2.2199975707575184,-3.209095976763234
2.2321286252572703,-3.23068107215311
2.242636344819882,-3.2505169026304785
2.254342536780291,-3.2727800199190282
2.2632141914879322,-3.2894545557128825
2.2727803877862542,-3.3065155305035763
2.2853929377270408,-3.32838838502943
2.298832313135426,-3.3514584412667485
2.3124517348664853,-3.3732859052983644
2.3257402156706637,-3.3938683197886372
2.3379672306530805,-3.4111987488221285
2.350665673359962,-3.4279847224569777
2.3644434260725697,-3.4452146099964547
2.3770756830617827,-3.4605852471550222
2.386896611543706,-3.472391503777224
2.39774788785076,-3.485482101572586
2.4109771127258677,-3.5023548829685973
2.4218295364895237,-3.5169512049948985
2.4368522960616126,-3.536553704319216
2.454339697643472,-3.558415352173983
2.4751244667974213,-3.5837420358944914
2.4889493574149415,-3.5999608262086085
2.5039444884397377,-3.617184547694984
2.5204830834351273,-3.635287216557729
2.533385545918957,-3.649742602056501
2.546398815744454,-3.6649523826073698
2.562724826713211,-3.6841083416905755
2.578758848124045,-3.7020160825670216
2.595436372179088,-3.7194166772577613
2.620162954871656,-3.743973362441702
2.641361233284946,-3.765225600569866
2.6626581978772847,-3.786288913282962
2.6843882721005583,-3.8069313455048057
2.7064136405671366,-3.8272870789363087
2.7281568720875136,-3.84746770119318
2.7481509497416416,-3.865534698850166
2.7685898502230657,-3.882634758067193
2.796592177473442,-3.9034624354007215
2.8219737877901463,-3.9191078449866854
2.848257764381868,-3.9329730538742367
2.8747954405444105,-3.943854088878202
2.897271340215769,-3.949919609691622
2.917747907950793,-3.9534175517774965
2.9408807650431514,-3.9563403217450537
2.9684535225858837,-3.9592593398607416
2.997980804075841,-3.962742943081815
3.022818100019742,-3.9667027481892054
3.041682996628869,-3.970452173040411
3.0564804634720906,-3.9735134946499517
3.07092887880452,-3.9763153862099156
3.091407805282299,-3.979991376561348
3.11511687821478,-3.984733880633692
3.14357303440094,-3.991697300284254
3.172441708256345,-4.000018279222761
3.201225232007334,-4.008470829934011
3.224191225100511,-4.015710250593527
3.2518799431394534,-4.02671356474831
3.2710677447447294,-4.036252377192672
3.293554608773436,-4.048931679565843
3.312637785038886,-4.061220265561659
3.3282529408221455,-4.073142470874409
3.338212555345474,-4.082409273292778
3.352131392564563,-4.098270977582629
3.3657835453835725,-4.116216502489932
3.3795679595399086,-4.134556364420554
3.3917609372246518,-4.149811246294032
3.4072617607623186,-4.168767085172633
3.4227988754052894,-4.187853516476249
3.4400971250769405,-4.209450868159877
3.457426032513273,-4.2328359810331895
3.472740911090306,-4.25567985872737
3.485205850908256,-4.276815066785098
3.4950866952095154,-4.296752579105177
3.504644641151709,-4.316702886546028
3.5165269107426194,-4.338511206367126
3.528572785038702,-4.357743367417744
3.5448852323813034,-4.380986319484526
3.5604615783699205,-4.40181836835942
3.575736193056425,-4.423702574531887
3.5888476785261583,-4.445545413194607
3.597279967246313,-4.462061499706856
3.608062400238428,-4.488148486212724
3.617465841479567,-4.515469125656144
3.625026332974525,-4.5373148714813825
3.635869730738635,-4.564696511080338
3.647045036136607,-4.5922420751240285
3.654745399077122,-4.613294029492278
3.6628224602704273,-4.6371646910400095
3.669710827304858,-4.658264967345836
3.6769747094181593,-4.683558277011544
3.6818825447880665,-4.7023986399027855
3.6873197407012803,-4.72192400357338
3.6936765724490805,-4.740753876257523
3.7027594764461393,-4.762244717249378
3.712859136436093,-4.78447090301451
3.720914710853157,-4.803418258172166
3.727666141175339,-4.822291045637026
3.734675667954254,-4.8440474784642005
3.7434388216724233,-4.870612288182444
3.7532044245703493,-4.898421442500719
3.7602994791785016,-4.920292833673388
3.7682640328233425,-4.948093156854176
3.7752017024288507,-4.974951595984861
3.7800760905206503,-4.993495328901448
3.7863123540006116,-5.015290828101924
3.794146195947044,-5.040916313190362
3.8007330236051335,-5.063588724287938
3.8079425898808927,-5.092496155392959
3.8143635571836763,-5.121790333476846
3.820479080911693,-5.14678257302476
3.8270405007175894,-5.169236285810681
3.832743057481618,-5.188345623577921
3.836395076093747,-5.201729618945543
3.8405506440813153,-5.219222932156813
3.845098909883704,-5.24148205953556
3.8489805479364287,-5.260889688202458
3.853586461202804,-5.2809719029801645
3.8574801715102307,-5.29679568851051
3.863255129239601,-5.321525143527468
3.8682345173761585,-5.344474201726891
3.8742408048173136,-5.373892819943404
3.8801152808727863,-5.4032129984228545
3.8861757290716326,-5.431723878734682
3.890789672130499,-5.454832770931253
3.896186764701244,-5.48195024890235
3.8997835716007927,-5.499310136058561
3.903497289441631,-5.5188309563526445
3.90709647714977,-5.54069940000664
3.911040889869217,-5.565790804898995
3.9144341427702085,-5.585560363654948
3.9173140932165054,-5.600340103552288
3.9217591054868994,-5.62174011887826
3.9257798475919468,-5.641924257659257
3.9286138381772195,-5.6569313704423445
3.9307000960951672,-5.668251552123774
3.93228502906336,-5.679479264832471
3.933750797263422,-5.698833683623243
3.933457709177326,-5.718781359467847
3.931637726412865,-5.7375083021727615
3.9287685205089535,-5.75899914552615
3.9256565533034955,-5.778892690844648
3.920335757071923,-5.807197425415003
3.9138511170590604,-5.83517503311128
3.9046538171136165,-5.870031353948141
3.8969817373877675,-5.898680281108512
3.8910901987442648,-5.924773707577435
3.885977925734594,-5.950255009627211
3.8799448287070026,-5.978130776507441
3.8743266753563783,-5.999530260650686
3.8694775977582268,-6.015061707776348
3.8649719341985183,-6.029741294788832
3.861827729309942,-6.042703711032084
3.8587020270799646,-6.060003739773824
3.8560313619047055,-6.077978891836374
3.85361457426256,-6.094530185619848
3.8502866271953855,-6.114295208255867
3.8464118695179783,-6.134028141811968
3.842530668604873,-6.153472511631732
3.837443543683511,-6.1836204585979795
3.833542399312373,-6.210870154193465
3.8297625215388655,-6.23662843020562
3.8257671293058495,-6.259857275440583
3.8218462324911586,-6.281171192669196
3.8176876336063996,-6.304999063430981
3.81516932230088,-6.325326842203372
3.8138718253428223,-6.345997409838214
3.8128467223450837,-6.36678741391739
3.8115081817189944,-6.385986456129637
3.8104565426856767,-6.400448929555508
3.810095966914334,-6.407920856041171
3.8099314533256616,-6.412529127095403
3.8096718379596415,-6.417147571966477
3.8091988557312466,-6.423551447682312
3.808898977722932,-6.429317891047018
3.808817111059864,-6.438575724015665
3.809243271849238,-6.451697987590669
3.810018815101115,-6.471292868876138
3.81070022920666,-6.496073943567196
3.8112082218194003,-6.511463206905326
3.811899628203483,-6.527438707828134
3.812498578589839,-6.543494620942357
3.812721759773096,-6.5612136530335325
3.812597750274943,-6.582824523745892
3.812484420170012,-6.603010706205644
3.811751807255834,-6.6257698036249755
3.810187238273883,-6.649309974965172
3.808465413308222,-6.669576809353733
3.806385291369897,-6.693989815283893
3.8052781993345834,-6.713060873861595
3.805025714792476,-6.730622990493843
3.8049584019618496,-6.748379517290397
3.8047415406607685,-6.762715238458397
3.8042867855854827,-6.78574527622561
3.803307511811037,-6.8148826896184715
3.8017066535844384,-6.844734068201039
3.7999024982434193,-6.8806171078823075
3.7987257216639057,-6.910606367864679
3.796898903852182,-6.940584536415877
3.7947586554431894,-6.970529899569961
3.7924876393024602,-7.000426604367608
3.7908639380638576,-7.03033023812526
3.7899169796760384,-7.066263279335945
3.7898477039431238,-7.0962313891830355
3.7899755150638503,-7.126239348657494
3.7899770532759236,-7.150233235174921
3.789796388169458,-7.180268452229299
3.789126709022581,-7.210068563283751
3.78829145695421,-7.235651474543432
3.787706705167328,-7.2607891239876015
3.7876632213089545,-7.282815506591729
3.787995766729833,-7.301915821158791
3.788514766366451,-7.3189799150764
3.7890790852704423,-7.339295465545811
3.79014936437949,-7.360611785570558
3.7943428667959136,-7.394002459158966
3.8004605522347523,-7.423255527223627
3.8079653668113904,-7.452214019358441
3.816766239090372,-7.48082709051724
3.8258046223837603,-7.50945969478178
3.832526561831018,-7.532542448045652
3.8403842155601327,-7.560064371268747
3.847621597111296,-7.582581918033988
3.859803309665411,-7.616442198147544
3.8675384168164655,-7.639196654746906
3.8795701857417617,-7.673014474604716
3.8909957071575905,-7.700700568481798
3.9025986655064644,-7.727791610368932
3.91533279991361,-7.754829856950307
3.9296272000344246,-7.781091390106458
3.946853664863086,-7.81032156961138
3.9604822131359647,-7.8338399183458725
3.974308593796395,-7.858234877405579
3.986237873831054,-7.87809463171965
3.997030227547839,-7.895020489820683
4.00898286260518,-7.913544524333826
4.02671374717747,-7.9392835213700605
4.038638389737551,-7.955190317253799
4.052124725234,-7.972207354569516
4.070176479809376,-7.993184365630877
4.094924131689702,-8.019139367265606
4.111515791988059,-8.036298858669724
4.126181557972673,-8.051533181204068
4.145867344662775,-8.072573278387543
4.162955819395041,-8.091021184937734
4.179508087871765,-8.109301099347736
4.192386746244719,-8.124450618296338
4.204611771853403,-8.13956832960787
4.2184176605463515,-8.15798993932811
4.2350556875749525,-8.183387143217768
4.247555202256398,-8.205226937494349
4.2615850485255,-8.229486864516968
4.274870349894223,-8.252168799872658
4.2870599684483945,-8.272688219230963
4.295671276844965,-8.286546401205142
4.3067188838334225,-8.303852633645375
4.316424745630122,-8.318746370334722
4.32952845704974,-8.337334843061218
4.343970714533078,-8.355704123531966
4.358931270453698,-8.37372254013841
4.374063707432542,-8.393018216960558
4.390688117923522,-8.41521928230953
4.406134367714992,-8.435808280831093
4.422092990186811,-8.456580665592702
4.437795524688275,-8.47737160396372
4.453756796057281,-8.498983840896098
4.470105119342722,-8.519882243859088
4.484605462928516,-8.536730861970119
4.496749457399637,-8.549656593547079
4.510129904841652,-8.563832991833745
4.524183957094799,-8.579234639530371
4.535808920786423,-8.592379683797501
4.5461353506295845,-8.603875215637261
4.55656342388247,-8.614709912790964
4.566694097888637,-8.624978481614733
4.580471889736106,-8.638677427073517
4.599037240044798,-8.656280919312414
4.608794516177049,-8.665176759945007
4.625920951679885,-8.680868960285936
4.644105718917807,-8.697882844932389
4.660933656025467,-8.713891116063285
4.67729028855798,-8.729863486330283
4.693792924405809,-8.746795688747891
4.713076367476134,-8.76778669589725
4.730459446642341,-8.78779944780909
4.747106233271569,-8.80725525842569
4.761536154700535,-8.824128031523838
4.777044035955016,-8.842634378155326
4.7954312697019486,-8.865891763409968
4.81161213564604,-8.886062806368704
4.8282246630256225,-8.904892144172178
4.84567134475979,-8.922332529543553
4.8621929314086945,-8.937069210620725
4.880776279202813,-8.95315795294622
4.9035888501862335,-8.973318102673007
4.91688999552488,-8.984768016891463
4.93521601858187,-8.998957161124943
4.949839831072398,-9.008586090899147
4.96117223464097,-9.014834628309124
4.973140773362758,-9.020122733133794
4.99196662970919,-9.027196107335993
5.019997798679592,-9.036357199295855
5.041941937532574,-9.042562358430864
5.066278311368742,-9.04884527425184
5.090693761024981,-9.05575218360705
5.113904019860356,-9.062573796195423
5.135283293500687,-9.069782828308263
5.160125732379828,-9.079468690295649
5.178890971083867,-9.087501841195472
5.194924144319688,-9.094594589570944
5.212494926241255,-9.103512579023263
5.233946171836042,-9.115752050957537
5.257954250444138,-9.130391858392851
5.282815003663494,-9.146575415202571
5.312566454935112,-9.16688907468256
5.336749268587077,-9.18378617468966
5.365426171791114,-9.204480157942438
5.389878182249996,-9.221781031216542
5.414416616878743,-9.239147708371888
5.438047574431685,-9.257524386755966
5.463515020573648,-9.278856537035454
5.483939711146835,-9.296187037388494
5.507143676457376,-9.31413225502836
5.525747009944913,-9.326647719991216
5.556461990725932,-9.344067453640703
5.583400239255286,-9.35699440313534
5.610076119363433,-9.369241111320216
5.635656213088617,-9.380258459815643
5.662722725068554,-9.391421854560885
5.686557675962602,-9.402073096891133
5.710413877436218,-9.413853312527435
5.736857910109829,-9.42669832606686
5.7692988780687395,-9.441479773621491
5.7910199080334355,-9.451726804278003
5.818082750182954,-9.464685508483605
5.844749739239935,-9.476946967056657
5.867103137341657,-9.485717093627287
5.886026634282541,-9.491718469255225
5.902337108985987,-9.495672577414442
5.917320644871833,-9.498483754208094
5.944654595871076,-9.502855632057978
5.96384384945184,-9.505091131553407
5.979074871358175,-9.505879685734442
5.993452447934939,-9.505933515099876
6.011987424123278,-9.505934993542008
6.030673477129733,-9.506699400764216
6.04797280047479,-9.508058718077319
6.070865806022274,-9.510254663106748
6.096146553091472,-9.512743290702886
6.124201774540981,-9.514462229478127
6.1593420824181795,-9.515051633943182
6.189321054802994,-9.514943009679529
6.218440577972936,-9.514736685537889
6.243662621076503,-9.514012106033455
6.265887682547392,-9.51254761571254
6.2856533614033365,-9.51033913123269
6.307248396660737,-9.507599250303668
6.332843710421155,-9.504801185746526
6.36043699334661,-9.502511905470095
6.38597275642261,-9.501375521934866
6.403705796544249,-9.500517354682247
6.413249691062966,-9.499724802359225
6.418056483482144,-9.499176066193774
6.425223252457088,-9.49843335017469
6.437381146909588,-9.497527828790474
6.448199347105826,-9.496831736825316
6.460882357326101,-9.495917548341506
6.468858378098048,-9.495546903913416
6.477745818013347,-9.495382437790084
6.485231159014906,-9.495363462696469
6.496552919236876,-9.495357458029579
6.516777020163347,-9.494949300698616
6.530011102694164,-9.494079529772119
6.539293861305824,-9.493220872011474
6.5418602029235275,-9.492980016109096
6.541547285487003,-9.493008348317561
6.540294218082408,-9.493108859036637
6.542191203409279,-9.492941054771237
6.543225994896661,-9.4928255013224
6.549519606944418,-9.49201400929954
6.560921121082659,-9.490574368552727
6.569474831248906,-9.489395402840394
6.57953588431904,-9.487655576039156
6.5900225504161085,-9.485683167299939
6.600675519770585,-9.483983073039592
6.610257283649067,-9.483145449748365
6.61545834792783,-9.48284920989712
6.625763592601313,-9.482412523196713
6.637583289552325,-9.48171509729986
6.653551105595215,-9.480358764932912
6.668470399807929,-9.479075861860212
6.684714447400592,-9.477376767914066
6.700147307701046,-9.475235898789451
6.71724813387124,-9.472930080208405
6.735938705672764,-9.47032780599312
6.7535138455154655,-9.467691745233385
6.77172684772005,-9.465400572941034
6.791692659647656,-9.463782468288159
6.813657708692691,-9.462926529631657
6.838298531244406,-9.461970900984344
6.869806990055817,-9.45961624566018
6.891424456996986,-9.456469716607051
6.912682917992939,-9.452754798342568
6.938848261532143,-9.447883603022898
6.955264776993618,-9.444276893693562
6.973455789085926,-9.439415454901562
6.997364655632627,-9.432206149666767
7.023216639617565,-9.423964009746848
7.047142627925677,-9.4150648183055
7.074529995564211,-9.402352750227333
7.094403651571146,-9.391520336219282
7.114965837644423,-9.379846261847954
7.135503058277938,-9.367631143273238
7.154128194651734,-9.35609631995663
7.175855035241037,-9.34298281045834
7.200358677231368,-9.329188251704883
7.222989925073089,-9.316572473576285
7.239903870192858,-9.307255619213471
7.263524322417786,-9.294271606719924
7.289338320156415,-9.279300325684323
7.312072985880929,-9.265428317439255
7.329084785341111,-9.254123379368075
7.349292265235804,-9.239916333103695
7.371148818076752,-9.225628098137964
7.395548867322265,-9.21153299425002
7.42196827307061,-9.197287295742797
7.447952887211394,-9.182501164290212
7.473234940590877,-9.166624513126463
7.497778104493982,-9.151182700664076
7.517290016714501,-9.139048186961068
7.530629004957088,-9.13081844753277
7.544803529510465,-9.12167239468793
7.558198923298266,-9.112424398998845
7.568653399485077,-9.105043040492404
7.576349167697944,-9.09932930612442
7.5828256486571854,-9.094288190499238
7.5879242497584665,-9.090204865049133
7.5952936860755464,-9.08419351328941
7.605091300000262,-9.075873034875498
7.621118581001911,-9.061884639989525
7.640430002169108,-9.044192460179637
7.659943022446645,-9.025713062591139
7.675174095698726,-9.0115133055233
7.694678670076508,-8.993755675410554
7.710918243623857,-8.9793274025225
7.724706150146628,-8.967760982138607
