-2.526083822404682,-7.88701179823327
-2.503777692145715,-7.8931222269935635
-2.4760358546293952,-7.900273776840774
-2.453296018611691,-7.905767912444807
-2.4442905131445714,-7.907821488344595
-2.4420656736702973,-7.908313457691745
-2.4402302750289784,-7.908713260455068
-2.43772983414899,-7.909246288921577
-2.4365429339210136,-7.909491001446624
-2.436545363786686,-7.909491058995387
-2.436544127360903,-7.909491179494536
-2.4365436460594356,-7.909491320836741
-2.4365443652367795,-7.909491354714397
-2.436544417797435,-7.909491059101233
-2.4326270114779556,-7.910282718239441
-2.4189079293793867,-7.91305638199836
-2.395534103748467,-7.917786570787945
-2.366654620031588,-7.923747873300726
-2.33723739313936,-7.929386145760006
-2.3076885429720453,-7.934363297787808
-2.2839833664868374,-7.938034257526838
-2.2543240706640084,-7.942710157140219
-2.2264567647774474,-7.947209539319801
-2.2000341065250923,-7.9511612870521855
-2.1728586398400145,-7.955580275446029
-2.1440330209114826,-7.960246592834532
-2.1144709563680224,-7.965568449643991
-2.090900192458991,-7.970265437327435
-2.0615766353011016,-7.976845361727821
-2.0324503010289985,-7.9842546502758465
-2.0035565943635962,-7.99259821801548
-1.9761858885482417,-8.002186284169392
-1.9495252546397142,-8.013789393796984
-1.924744546305038,-8.028524749674661
-1.9030407797177,-8.04740411465173
-1.8843868242097364,-8.070518325279838
-1.8703489249411644,-8.095419138049314
-1.8617376965028907,-8.118079943137294
-1.8558629294062299,-8.147816722582915
-1.855677036161194,-8.17812812499754
-1.8611575384542598,-8.207935323579145
-1.8717491192611462,-8.236259765726277
-1.8862277641248777,-8.262424941338265
-1.9033336230787878,-8.283623624995192
-1.9224200811737358,-8.30045186111264
-1.945461806056556,-8.316304014272218
-1.9715799323845993,-8.330358527555624
-1.9938847651744032,-8.339619812076833
-2.022723530931427,-8.348489067111718
-2.052049658712325,-8.355184829525195
-2.081380597730877,-8.361434120348093
-2.1106733631815544,-8.367921896092353
-2.1396481973925336,-8.374379203677428
-2.167850238070968,-8.381690280352698
-2.1962485400507945,-8.3895832856792
-2.2186500866018184,-8.39634024882989
-2.245655615532301,-8.404407410223822
-2.2702314825225423,-8.41183106225417
-2.297469756295896,-8.419659369621783
-2.3259959550819547,-8.427684410142431
-2.354822571391085,-8.435527626652828
-2.3813665970088853,-8.442073592438609
-2.4058017851156674,-8.44764952662747
-2.4304895425759296,-8.452275222168332
-2.4561990631132673,-8.456660431854505
-2.4826380881724526,-8.461104556743825
-2.51126594859136,-8.465987246406613
-2.5408099923344114,-8.471229156860332
-2.564379016053035,-8.475584919009119
-2.5933276189378778,-8.481761144928088
-2.6210084012930714,-8.489030751871965
-2.6474343482653038,-8.497199956516418
-2.675897379137999,-8.506523344486267
-2.6984751599921393,-8.514566862754181
-2.7263103393730996,-8.524649769676794
-2.7540477787257283,-8.534180550908696
-2.7813443402875224,-8.542683215710786
-2.8089869706351154,-8.551658778074051
-2.8374477063093746,-8.561242112671183
-2.8659332595505242,-8.570554436550374
-2.8942602972698994,-8.580425082904759
-2.92288505336795,-8.589630919713887
-2.951749531454229,-8.597941656182284
-2.9805942225248026,-8.606118721041822
-3.0093476352278525,-8.614635000724437
-3.0379788320638608,-8.623425298433807
-3.066094703475729,-8.633543362034105
-3.088328089846403,-8.642532248521249
-3.1220180064016017,-8.655430926251622
-3.144583152817467,-8.663547024757024
-3.172431488763171,-8.674501643401854
-3.1998224763444143,-8.686510158861532
-3.226337475061716,-8.69956138540128
-3.251672578348158,-8.712369751845367
-3.2778941910547568,-8.724606243841128
-3.3017007524340154,-8.734632640658038
-3.327095669609481,-8.745621454371172
-3.3496900167050208,-8.756004948743843
-3.372375728968692,-8.767047208626606
-3.39245491006455,-8.77675937404996
-3.417465847718865,-8.78800385819754
-3.4447955545536186,-8.79946846367725
-3.472541809121437,-8.810896534879738
-3.5003271756123504,-8.822037667317757
-3.5284269885303368,-8.832226809699655
-3.5510978791412784,-8.839558370407447
-3.5799108639071187,-8.847904417821852
-3.6086488233360265,-8.85573219894941
-3.6359055612051763,-8.86450924078523
-3.659851868463272,-8.873907982593845
-3.684561470003501,-8.884041718062466
-3.7108596565304555,-8.893858361200785
-3.7383309347785447,-8.903089314341301
-3.7613790736955606,-8.909982462552888
-3.79056354645922,-8.917320003336695
-3.8200063834901203,-8.923389113653524
-3.849480469197291,-8.92889568829288
-3.8786174326559433,-8.935511717751682
-3.906968507477243,-8.943472829740037
-3.932898577789409,-8.95104793080388
-3.9565115815363208,-8.957684660706187
-3.9830906173613077,-8.964963729873627
-4.008630185384745,-8.971878174244189
-4.03502195284848,-8.979104980223289
-4.063700881705784,-8.987110299229075
-4.086834323259186,-8.993548795697839
-4.115916805628316,-9.00110077756527
-4.145127612469164,-9.008072499749266
-4.171463566518361,-9.013654375742426
-4.195379053823392,-9.017575104000839
-4.215137351202085,-9.020041158210065
-4.235126171308358,-9.022261089615334
-4.254993169838346,-9.02420838841204
-4.277801757509362,-9.026518571542697
-4.299152950339858,-9.02849875098911
-4.317311377645539,-9.030558501813054
-4.3449960690405875,-9.034767791344176
-4.372212242179269,-9.040205803521845
-4.4010760098664266,-9.047609788076066
-4.429240088596613,-9.056905066076817
-4.450481706306742,-9.064947463664277
-4.477243149789583,-9.074767987279701
-4.504788396935583,-9.082554605233197
-4.531012729647012,-9.086391102444953
-4.557543664022838,-9.08748212041062
-4.5841043349623565,-9.087619438372696
-4.612972887874057,-9.088515229555748
-4.642764196113724,-9.090951014407027
-4.6665397225480385,-9.093718167644973
-4.696002297191851,-9.09861112883274
-4.725069501662551,-9.105560426877604
-4.754044447563794,-9.113384144928984
-4.783423500864331,-9.120093960396071
-4.813434337681287,-9.12364645211101
-4.843566801153151,-9.123945718716634
-4.873156811309797,-9.123023620977255
-4.899821535640074,-9.122189696346185
-4.926698426801065,-9.121864308071713
-4.954471995785095,-9.122723396125178
-4.98316507416291,-9.124125046135688
-5.0128708812535345,-9.126963410397536
-5.033239502762146,-9.130727201678292
-5.058461890377839,-9.137381009339935
-5.083496831336019,-9.144827083281708
-5.108918633978992,-9.151350611664267
-5.13785861581917,-9.155960579648518
-5.16719576571819,-9.15862147819298
-5.196437065119571,-9.161237259610695
-5.222885853608063,-9.163778392787927
-5.24277289828254,-9.165702699903013
-5.26733458496423,-9.168405399705222
-5.291905490684138,-9.171010967112807
-5.319358290383826,-9.174157833413592
-5.3424871795677005,-9.176814416049988
-5.36052283978328,-9.178518587698727
-5.380808529260701,-9.17943466966618
-5.39863255914023,-9.1788361140592
-5.423226313598314,-9.17551309503546
-5.447058943544469,-9.168662547844251
-5.46961528407956,-9.159561029801715
-5.4883835531594825,-9.150626700827418
-5.506480826219317,-9.140316584588135
-5.520746551342734,-9.131762205327579
-5.541484120236617,-9.119961906444496
-5.562121744554803,-9.109554079096572
-5.582061404506804,-9.100134786078096
-5.602331135267649,-9.091148242548458
-5.623218791862382,-9.083926900457918
-5.644630391506479,-9.078375347880053
-5.667095158151566,-9.075330899080242
-5.6865011836730375,-9.075335267550768
-5.7107503327965725,-9.077571046800013
-5.73452868315535,-9.082304047680704
-5.757602404875622,-9.090008079127713
-5.781029758133974,-9.099556941810512
-5.804983408637304,-9.109370751879323
-5.829649873175244,-9.117608156823716
-5.8574647141808915,-9.123018424838014
-5.886465756568324,-9.125317692547986
-5.9159011113351525,-9.126231994070524
-5.939169414555997,-9.126310685112966
-5.967329279207712,-9.126022797169782
-5.991492939194975,-9.126470376690524
-6.015648635253517,-9.127044373989117
-6.039740795951409,-9.1271985918508
-6.063791016980462,-9.128106022703214
-6.087911612537332,-9.128975787565789
-6.111898612327102,-9.130265285415698
-6.135887158514383,-9.132535650046785
-6.1546361703855155,-9.134342687035128
-6.177022583861779,-9.137243148207261
-6.198265298541677,-9.140439396008032
-6.2198929523455595,-9.143355506179256
-6.243556430734983,-9.146449359925521
-6.2716568768893275,-9.149620761464778
-6.301547966894124,-9.15241999464613
-6.331424816769853,-9.15511348423522
-6.355353275650772,-9.15720984285258
-6.385298911502022,-9.15945977419551
-6.41529947631944,-9.161071611621827
-6.445136474898031,-9.161914341383431
-6.471417385144524,-9.162424856016155
-6.499760695454751,-9.162525969343056
-6.52981291546918,-9.16146378052582
-6.559798038982553,-9.159246772111342
-6.589642717087654,-9.156205505026104
-6.6134632885726194,-9.154250842437571
-6.643275929635553,-9.153947460641872
-6.673188963103734,-9.155311918891634
-6.703127848229027,-9.156708881807388
-6.732930458933531,-9.159114425311355
-6.762762959879079,-9.162149267649353
-6.792384911341101,-9.16603706967417
-6.821636535380144,-9.172051413731516
-6.8446201214726194,-9.178429608472735
-6.872122926170982,-9.189587278741936
-6.896928366504322,-9.204183519203893
-6.9176424554608635,-9.219401713621155
-6.939009336284256,-9.236916730534075
-6.961854360468167,-9.256222383657589
-6.984439797344677,-9.275668029829697
-7.006529970313162,-9.295665881815001
-7.024168906047747,-9.311833114122257
-7.046608093902875,-9.331723807962014
-7.0694803049741886,-9.351037286196211
-7.09312590744991,-9.369430622845105
-7.117149713635956,-9.387453496455281
-7.136636793155427,-9.401465722421495
-7.156561787269428,-9.414900088502797
-7.170663873061529,-9.42386797210606
-7.183779909966491,-9.431311023378063
-7.197320560071318,-9.437065647570373
-7.211808036557152,-9.440988018767777
-7.2264920283324665,-9.44365027210995
-7.244670008050542,-9.446493893266448
-7.264647376404169,-9.449695682365007
-7.294095773315234,-9.454768665505611
-7.323531817610144,-9.46006746136841
-7.353079050978462,-9.465244783327238
-7.381766534984762,-9.470376244359999
-7.409673180081882,-9.47473339963196
-7.439200001673137,-9.478822754172134
-7.462927713334145,-9.482277367552522
-7.4913398454465385,-9.48624917988808
-7.515327859456119,-9.489675780940033
-7.54020035179313,-9.492620085980668
-7.567764712759039,-9.495972110071172
-7.597548148478649,-9.499763194539444
-7.627345573611935,-9.503291451381777
-7.657187929698047,-9.506556042765027
-7.6869874062993455,-9.509803775037746
-7.710791573093481,-9.512716645291048
-7.740529451883112,-9.516605345015497
-7.7701389928607,-9.520978238752365
-7.799588562224776,-9.526459558050892
-7.82897103595762,-9.53245162563916
-7.858629010579069,-9.537658231964034
-7.888650100319185,-9.54051460198799
-7.9186124407437655,-9.540891737385122
-7.942675657725966,-9.539684034655547
-7.972614758166679,-9.536777227259066
-8.002386504160116,-9.532694309182048
-8.032054759070384,-9.528170944775802
-8.061718726156352,-9.523657352087312
-8.091371536864731,-9.51921105530106
-8.121055435285657,-9.514840291422278
-8.150653828751924,-9.509980677722133
-8.180058679762846,-9.503460555362583
-8.203214366012892,-9.496747529466983
-8.231592769429978,-9.486825369052731
-8.258447715116418,-9.476891138668883
-8.285492196075978,-9.466138701445665
-8.312537040860498,-9.453993050270682
-8.339663265350667,-9.441136649229897
-8.36126939737223,-9.430628372079054
-8.388024897775917,-9.416964775739888
-8.41448378941173,-9.402717383362397
-8.440375397686406,-9.387402717851504
-8.465728802915418,-9.371284570723901
-8.490667354690203,-9.354531432416147
-8.51522845319373,-9.337204219300927
-8.534448694606157,-9.322804361472972
