-8.583094645299868,3.1576262586141093
-8.606716617419552,3.1759996007761537
-8.629772078903835,3.1926277207868874
-8.646285186877375,3.20290521963806
-8.653942374290871,3.207019626034375
-8.658507663623787,3.209202969686469
-8.660246045524824,3.2099818345279476
-8.660246334292394,3.209981201657636
-8.660245536023696,3.209981435739326
-8.660245696379045,3.209981225919353
-8.660246131986508,3.2099813494156466
-8.66244078653912,3.2109466620347957
-8.673422580155009,3.215775634759637
-8.690520969649862,3.2235132232771826
-8.713961282129544,3.2349356960956968
-8.739113189778866,3.248079517456599
-8.764570988733222,3.263716000673068
-8.782915377222077,3.27685997789359
-8.803459934342348,3.293294090613113
-8.824743264711,3.3105718150225716
-8.85285162345479,3.3305372142679506
-8.873294315426127,3.342988166158665
-8.89909050448929,3.3583778515275533
-8.924199114775938,3.374971620654903
-8.948619724448607,3.3924148101203087
-8.973232614337078,3.4093792033058636
-8.998686603179136,3.423996081935533
-9.023694938431046,3.4341784030683598
-9.051220024546147,3.4413210365476
-9.080011712036528,3.4464652248201433
-9.109663430196553,3.4502248374445537
-9.137178397352793,3.4518804257014613
-9.16240075231739,3.451540107305379
-9.190943157813464,3.4485218725733535
-9.220057408276755,3.442289849693365
-9.248918452716195,3.434441958976815
-9.27699311017098,3.424518135469851
-9.303260388830013,3.4107858561075526
-9.326566323011843,3.392536375971984
-9.346026347040219,3.3702325431650713
-9.36098673734104,3.3446718759832406
-9.37189813113194,3.3169882445329417
-9.380444144917147,3.2883341880261465
-9.38802353052609,3.2593827680371215
-9.394214737385504,3.230112481439183
-9.39972509565771,3.200656630540373
-9.404325819136883,3.171089362004027
-9.407721636882444,3.1413544375446207
-9.409843992645996,3.111558252834998
-9.40969657703951,3.081698514051257
-9.407302372812742,3.051965004050711
-9.402266640025854,3.022587967546736
-9.3950056000805,2.9951434684705895
-9.386859469332343,2.9693337205288683
-9.379960654793965,2.948783739264098
-9.371128205539875,2.9229541127687826
-9.362052358357946,2.898214546704167
-9.352302542448948,2.873095639341929
-9.340898756268885,2.8469789546500377
-9.32815933899853,2.8208269800773365
-9.313750128083964,2.795142233722583
-9.296881617066932,2.7708704402969357
-9.277334472098623,2.7494503382082205
-9.254923190727064,2.7305175203684775
-9.2306370673369,2.7132486845338515
-9.205633173820228,2.696746172833384
-9.180395480132905,2.680613801351199
-9.155004032525829,2.664539394470801
-9.130137850746864,2.647653698337727
-9.105792358625155,2.6300626626755452
-9.08349618938093,2.6134047920665306
-9.061834464210337,2.596660387325249
-9.039680959672614,2.578879191591315
-9.016418353940288,2.5599633953916685
-8.992713990133526,2.5416769220234388
-8.968546538014955,2.5242386082764017
-8.944147246596986,2.5069540930978937
-8.920882038801787,2.4905822629254337
-8.899098035097149,2.474537811541198
-8.877197139445613,2.457459174284284
-8.85419578236133,2.438374086298875
-8.833712563065435,2.420713984711313
-8.814992329889066,2.4046469981950356
-8.797516416060558,2.390614433849552
-8.776166631388655,2.3750826492060293
-8.753492108237392,2.3606804173413956
-8.727891298685732,2.3462195489060957
-8.701267056092842,2.332360367003579
-8.674459864849252,2.3188425815422065
-8.648797553013088,2.3062638543806964
-8.623118785611108,2.2941194830513747
-8.596318614277463,2.2815378126118655
-8.569461541862504,2.268170663562602
-8.543148706583244,2.253574840278865
-8.517432127376873,2.23806129787466
-8.49186516581364,2.222360284971087
-8.466372183391876,2.206497533733973
-8.441225909903094,2.1900614968793843
-8.417100478492774,2.173707618477642
-8.39432102143936,2.1583390220340832
-8.369471472703234,2.141451306748548
-8.345166070722295,2.1237904146007547
-8.32107113148768,2.1058757714664083
-8.297452039883234,2.0873591830337825
-8.27918565087713,2.0718538691507256
-8.257632371744675,2.052313111956837
-8.236232182801464,2.032208934368009
-8.215838011211588,2.0126880004804275
-8.194275626107089,1.9931596620099548
-8.17364067379733,1.9752969026781115
-8.15434183726338,1.9596320601482722
-8.136378782142478,1.9458085175631525
-8.114915621576165,1.9304665290902183
-8.096335580874978,1.9183874488124246
-8.074883752254337,1.9058553216708793
-8.051122317650655,1.8938712723593374
-8.024292862005055,1.8821315170404658
-7.997204981234348,1.8707683656609249
-7.975782886958254,1.8621384737997657
-7.947771217640393,1.8521210442684555
-7.920452768983338,1.8437372360666657
-7.895090107492639,1.8373785878983906
-7.866584308345711,1.8323784796951794
-7.836855013775119,1.8292507102461382
-7.806967015142185,1.827369868449611
-7.777077476700667,1.8265956097987246
-7.74716881469164,1.8272366830587925
-7.717339829103311,1.8293570176252723
-7.687668587186939,1.8329610876312203
-7.658294224215681,1.8383593614085096
-7.629230865613824,1.8454707747249202
-7.6018133691036684,1.8530432085498312
-7.5749097425828245,1.8603917074424206
-7.546125068945166,1.8680404147561145
-7.5177734683193576,1.8755821433088857
-7.493524902698879,1.881912308779715
-7.46802313798901,1.8883892399946582
-7.438976106226228,1.8957395011883094
-7.4103780953204685,1.9033228843085173
-7.38366572421799,1.9103867862196815
-7.3577716920197265,1.916915769962245
-7.3321837640069125,1.922967733333056
-7.305769140025784,1.928398062863392
-7.281767649114571,1.9329073666334826
-7.255884962420129,1.93807583385716
-7.23299563708429,1.9430193772936397
-7.207110431257833,1.9488745311290339
-7.1836159216498245,1.954552761326992
-7.165285479005666,1.9590021452817779
-7.1530285245021945,1.962171350092888
-7.133229314573076,1.968578263963506
-7.114058575841275,1.9760748503469963
-7.0881434400394046,1.9884465847389374
-7.063051342670702,2.003963722389423
-7.0409221304072345,2.0235593862261045
-7.023401490838935,2.0462004828867735
-7.009874875566287,2.071210298834747
-6.998803087690563,2.09746570907283
-6.989801528655364,2.1233719384538725
-6.9839814497439265,2.1427563848852493
-6.979078568767867,2.1614481437164206
-6.973230842735166,2.185236432055832
-6.965765072042061,2.212836823292738
-6.9586635848006875,2.2374462931066463
-6.950673956116435,2.2644403509442133
-6.942001868736932,2.292690591366354
-6.933587721455403,2.3198065288307386
-6.927570624360188,2.3379744997781895
-6.919769103223777,2.360008752680973
-6.910893038113292,2.383085091963296
-6.900323617354007,2.409059879588531
-6.888700318669819,2.436725605772639
-6.877513718540816,2.462324575144128
-6.86807239813973,2.4836152777193212
-6.859224087098334,2.503463725240843
-6.850576775557249,2.5215583507779065
-6.842028805828409,2.5398788077588126
-6.834356934049427,2.556731124306807
-6.826031899486908,2.574078813295892
-6.815313463952449,2.59502225946612
-6.802716545635349,2.619300617465006
-6.790998730387596,2.642291702091378
-6.780945705537049,2.6627968990890105
-6.770659552426257,2.6843110104206316
-6.759950951181019,2.7057405647946036
-6.746083436272114,2.731388010188564
-6.733696812277425,2.7530199668342448
-6.721533175960071,2.7724074610146876
-6.71090085078481,2.787161827950356
-6.695616476314832,2.8052781021700435
-6.67799872973301,2.8236348136460707
-6.658225505967631,2.842621669141328
-6.636467888575232,2.8617768787997244
-6.614268953841276,2.879451215443471
-6.591078849098357,2.897061604062458
-6.5683102644974936,2.9143710096280055
-6.544730741705525,2.9328323100182536
-6.523490007820267,2.9505892041297925
-6.503707520030304,2.9676672144936007
-6.4862583021714615,2.9823294661731126
-6.467175961417067,2.9987915028812733
-6.450769184366064,3.0126540569510776
-6.43516758910158,3.0252192581617727
-6.420546571220346,3.0368004553395083
-6.409476285764119,3.045567130347463
-6.3908605952201185,3.0601797899829517
-6.372917609206474,3.074301823002011
-6.355423353362846,3.08703713669087
-6.334300184701745,3.100568941288436
-6.308699700630677,3.115264575310795
-6.284514660310029,3.127910623490281
-6.2608007568086,3.1397724622217766
-6.235928678020375,3.1515040121608062
-6.209409413434007,3.1638448614419925
-6.183178597717578,3.1767063652301526
-6.1569916189192275,3.190308765181267
-6.130849659862893,3.2045445477796966
-6.104635931721424,3.218835538724879
-6.083347720387901,3.2296518232788354
-6.0628659109178535,3.2389830100607897
-6.042961884019651,3.2472096125847663
-6.025278569825942,3.2538016266927627
-6.011306546743233,3.2583214359282064
-5.998349690242274,3.26234117751736
-5.987384539686043,3.2656901719388274
-5.973021058739982,3.269927676393267
-5.958537981221687,3.274191458680545
-5.948188238623482,3.2770780325568127
-5.94033925047735,3.278897794829567
-5.92928856026868,3.280780480411175
-5.912788236612687,3.282450441380786
-5.894327030878489,3.282937579593789
-5.8733169816176485,3.2828564186800167
-5.8570061457788904,3.283139119974737
-5.833913836082668,3.2847806497003096
-5.808708160912782,3.2872419174242897
-5.780028671721507,3.2892341495046815
-5.750080831879895,3.289675121690283
-5.7205222371150315,3.287974799722386
-5.693264408608514,3.2857375822266097
-5.669081008345914,3.284131893278329
-5.649330292150757,3.2831221548050857
-5.635250244849596,3.282630278584831
-5.619792999911892,3.281918333553922
-5.5986302437143145,3.2809112182607243
-5.571413908168399,3.2801174288120793
-5.54554204348568,3.27920863746593
-5.524656572620426,3.277551192577426
-5.506324924251888,3.2750204919982493
-5.484754037852746,3.2717808785708704
-5.460498568432027,3.2686631016210668
-5.435659895179627,3.265779761746583
-5.4109645218767,3.261919501628167
-5.3860095807102715,3.256819817122918
-5.3588211800219065,3.249491468132869
-5.330503186604524,3.240523290304087
-5.30197277490383,3.231720132232648
-5.278857025915847,3.225515525639785
-5.24997309622915,3.2181532332065514
-5.225541434514109,3.2115255232987505
-5.20674183996477,3.2064829894928297
-5.1860131982279745,3.201891795948925
-5.161008142704813,3.1977691086390414
-5.134737881925936,3.193869754768366
-5.106959103747675,3.189944531936057
-5.078329456024901,3.187051041283139
-5.051012536964858,3.1855918712266584
-5.022787345204155,3.184415691283174
-4.993988362620831,3.182215499860475
-4.964305067607637,3.178615991619574
-4.934947971848339,3.172866970260521
-4.905840849225044,3.165123480316746
-4.876945387512159,3.1568283809485003
-4.854000474122578,3.1496684507197217
-4.8253311691517355,3.140864885291083
-4.7965481973922905,3.1326960062644784
-4.767459049288765,3.125655564766971
-4.7403912667198105,3.120326949658305
-4.712046749122823,3.1154382067219735
-4.682898841476731,3.1102315634995406
-4.653638724246961,3.105449952903593
-4.624836619501981,3.1017903839146257
-4.595820464970881,3.099973659351071
-4.567157714302044,3.0998065892800444
-4.540928508813167,3.100212296085961
-4.516197675668703,3.099643042541244
-4.492877347049987,3.097200740041997
-4.468189192081135,3.093531268258161
-4.443800103226457,3.089296253072476
-4.421806929169564,3.084785059796872
-4.396151837098687,3.0783004717425713
-4.369749523023399,3.0704230553296665
-4.3424367739378695,3.061028184203628
-4.321284772309356,3.052513818862419
-4.3049599546185275,3.0453836982870826
-4.280548497953808,3.035131296271935
-4.25277516314847,3.0248534092735104
-4.224377164636971,3.015843214774707
-4.195537693324097,3.0072998541797933
-4.166902435014489,2.998291871780901
-4.139837655793043,2.990044775032652
-4.111489495107535,2.9813896984920665
-4.084517482256098,2.9718837617920957
-4.061692856631257,2.9630002703035334
-4.042750099742299,2.9555359728164454
-4.02407514448285,2.9483328032701084
-4.004709397243968,2.9403912881250047
-3.9813454154696064,2.930226386991631
-3.9596546765306657,2.9203132393542255
-3.933119624688499,2.9078346640814607
-3.906507617933678,2.8950607146763754
-3.8791528975548077,2.8830853145987523
-3.851228565953189,2.874144934398871
-3.8284545868263917,2.8704575031235384
-3.8109794890228152,2.8706637218965536
-3.800419925317612,2.8728783279324115
-3.7880311219708394,2.878104446118629
-3.7744841554693136,2.887189865962112
-3.761317124981356,2.899696207479418
-3.7494923523775703,2.9137501193806217
-3.7364088427189333,2.931054468695723
-3.7211880430929885,2.9534841174393756
-3.706224296453936,2.9773696358300143
-3.6901069749129065,3.0019448374475046
-3.672716933506346,3.0266054952907036
-3.655706286382253,3.051342018058515
-3.642121866258331,3.071014557161025
-3.6262803198957605,3.0940705153796206
-3.611154371020791,3.1186031019925564
-3.5978757261144354,3.143598596431809
-3.5870474822239333,3.1671448900005306
-3.5779814767996574,3.1882731586200355
-3.5703553918870927,3.209197690932787
-3.564002239795795,3.2302784389317805
-3.5574672369939337,3.252894819707376
-3.54884812851448,3.2787403633247503
-3.5377225484723356,3.306685612439311
-3.526852595386061,3.332714492746158
-3.5165980622413016,3.357059149697525
-3.505308262459748,3.3839560406385276
-3.4941006102385033,3.411655747255284
-3.4832998239408646,3.43961109008217
-3.472587534716222,3.4676338537925195
-3.461713049710211,3.495627252684315
-3.4510471102526985,3.520754355309757
-3.442473199904619,3.538443464451584
-3.4293762290104293,3.563109250004458
-3.414254805571357,3.588425194504981
-3.3980639751170525,3.613573337352144
-3.3827421726899876,3.637564808152381
-3.3703157282191083,3.658218919833828
-3.359423691329204,3.677363722831539
-3.348409725405714,3.697061657986464
-3.335455888348679,3.719973070726371
-3.3222414777225153,3.7439710486138913
-3.3080951962140106,3.769960187257834
-3.293902135222127,3.795620036390594
-3.281173261951968,3.819515012358549
-3.2710659676869422,3.83907166628252
-3.261209699677982,3.857986047766631
-3.2499494057047444,3.8783147024762226
-3.2368891660357564,3.899138394161624
-3.2220339892160768,3.9188530179693277
-3.2035833423882827,3.9399639013687877
-3.183861879552635,3.961556808440601
-3.164309356379434,3.984056909968516
-3.145820659003736,4.007406362832665
-3.1299978010774816,4.030907391599848
-3.116393129393109,4.054812235821243
-3.10352890608948,4.078335108103978
-3.094050489884067,4.094594941071947
-3.080928669058238,4.115562936652339
-3.0659410705032095,4.1398765618943685
-3.051217427295854,4.165891732170144
-3.0389472919404827,4.192988031593973
-3.031171985906266,4.221274621994025
-3.0281746884243903,4.250381216311081
-3.0281244731841013,4.277359122514756
-3.0294164201741505,4.294696141644709
-3.030778421445907,4.303475004484917
-3.032271372038044,4.309118279442642
-3.0326931770385146,4.310209568201255
-3.032839692472112,4.310477293198776
-3.0352003627465165,4.313593233735004
-3.040763676056881,4.319870097902498
-3.050468894754833,4.329853331775137
-3.063258530870857,4.34184092593676
-3.077782031002049,4.354584507943647
-3.0904903864360675,4.365153156624275
-3.1065638364839563,4.37804886959397
-3.124288853391824,4.391747326459032
-3.14385712477712,4.407110259120898
-3.1661932796918575,4.426114991009088
-3.1877253530388203,4.44720676045479
-3.207592794484308,4.469876876139402
-3.2252489771334663,4.492923757690499
-3.241014780330932,4.516735478796693
-3.2554601062866286,4.541310182065776
