2213.9146386893162
2213.9386139756157
2213.9625829959054
2213.9885603988632
2214.0021440434775
2214.009325573543
2226.3116765425557
2226.311718629854
2226.3117671057926
2226.3117852016767
2226.3117882159945
2226.311811145993
2226.311850492136
2226.3118714853053
2226.311887850456
2226.3119128931226
2226.311913051401
2226.3119293048526
2226.3119378400283
2226.3119468892046
2226.3119506518265
2226.311955574401
2226.3119575400806
2226.311960608134
2226.3119614068964
2226.3119629893336
2226.3119633199103
2226.3119640801765
2226.3123360978366
2226.3179315227503
2226.3263846800573
2226.339372611408
2226.364601390978
2226.394213488068
2226.423764334924
2226.447612261756
2226.4774158332693
2226.5071225645047
2226.5368712096756
2226.5607894995787
2226.5906946897267
2226.6206070761114
2226.6505356552752
2226.680448543178
2226.704387090713
2226.7343218342035
2226.764270505431
2226.7942332457637
2226.824203463203
2226.8541799242616
2226.8841623149483
2226.9141528677437
2226.938157389473
2226.9681638871048
2226.9981741325896
2227.028186202221
2227.058199164953
2227.0882085279964
2227.112215499985
2227.1422241698397
2227.1722364222032
2227.2022585949007
2227.2322841650043
2227.2623089144367
2227.2923434746745
2227.3223960212526
2227.3524673767424
2227.3764433001447
2227.4064748284386
2227.4365237099732
2227.46655358058
2227.4965651028965
2227.5265486371763
2227.556535546735
2227.586524951342
2227.616512658398
2227.640499560051
2227.6704813646293
2227.7004595862795
2227.730437160133
2227.760418886265
2227.7904044043657
2227.814392111812
2227.8443782473987
2227.87436907786
2227.9043578977694
2227.934347656148
2227.9583421706634
2227.988333702941
2228.0183235539444
2228.048312480676
2228.078303199656
2228.1082932312797
2228.1322824711624
2228.1622631537293
2228.192236077564
2228.2222116770477
2228.2521929343957
2228.2821790008443
2228.312168320932
2228.336167965022
2228.3661757715113
2228.3961877281067
2228.4262062565513
2228.4562156969564
2228.480223612106
2228.510239340054
2228.5402568862614
2228.570267921132
2228.6002966253036
2228.624326590264
2228.6543574682205
2228.6843959205376
2228.7144488479266
2228.744500299971
2228.7745365395517
2228.8045815357914
2228.8346148850724
2228.864631215854
2228.888636043584
2228.9186213154753
2228.9485916824688
2228.9785563905652
2229.0085261471936
2229.0385086060614
2229.06250298885
2229.0925080483808
2229.1225199718847
2229.152526404426
2229.182532399808
2229.2125326236837
2229.2425286142275
2229.2725262226177
2229.3025297420427
2229.3325405988335
2229.362551661051
2229.39256154607
2229.4225708878453
2229.4465788549383
2229.4766031005533
2229.5066303467456
2229.5366571839845
2229.566674946678
2229.5906863795917
2229.6207053406874
2229.6507281303275
2229.680760759339
2229.71079662357
2229.740825016535
2229.764859286705
2229.7948884163047
2229.824906132262
2229.854905638395
2229.8849095516316
2229.9149218189714
2229.944933242953
2229.9749171248127
2229.9989031204796
2230.028876465199
2230.0588395896166
2230.0888072175853
2230.118777322332
2230.1487384540865
2230.178704887508
2230.2086905575075
2230.2386926133854
2230.2686731647136
2230.292642708861
2230.322598127463
2230.352546544899
2230.3824926023312
2230.4124422273208
2230.4424105679504
2230.466410083238
2230.4964200440504
2230.5263932837343
2230.550391679335
2230.580413598578
2230.610412470224
2230.64042921532
2230.670426847304
2230.70043580937
2230.7304941878547
2230.760562504147
2230.7846377888377
2230.8147726007624
2230.844893556767
2230.874971361036
2230.90501311349
2230.9290535519212
2230.959074787306
2230.989072762401
2231.0190689484853
2231.04906144894
2231.0730584500225
2231.103073452784
2231.133093229799
2231.1631017818363
2231.193093424027
2231.217088192032
2231.2470759393655
2231.277066797743
2231.307043169725
2231.337025236615
2231.3610048730284
2231.3909836987873
2231.4209462113686
2231.4509081953556
2231.4808982323643
2231.5108893012807
2231.534888414482
2231.5648860324573
2231.594873960175
2231.624856318028
2231.6548369866473
2231.68481501931
2231.714792826263
2231.7447689088367
2231.7747428071634
2231.798717612002
2231.8286850853833
2231.8586490825833
2231.8886100038153
2231.9185668782925
2231.9425304226925
2231.9724855190107
2232.0024425874713
2232.0324048696543
2232.062379054676
2232.092353370161
2232.116340493034
2232.146344033469
2232.1763712496468
2232.2063472847426
2232.2363825453735
2232.2663431653646
2232.2963205204924
2232.3263365596936
2232.3503759750324
2232.3804136703798
2232.4104424995794
2232.440405430861
2232.4643921158054
2232.4943437536485
2232.524304882354
2232.554323123122
2232.5843504334357
2232.6143584478064
2232.644407177787
2232.6684858875087
2232.6985505471575
2232.728664202437
2232.758759165324
2232.7887645365195
2232.81869051414
2232.8486641728405
2232.87267215377
2232.902738069397
2232.9328665210237
2232.963033934163
2232.9932621860144
2233.023471473789
2233.0535633722743
2233.083526687348
2233.1133503730375
2233.137113291489
2233.166848044485
2233.1966393312305
2233.2265034365905
2233.2564487808136
2233.2864215593995
2233.316399190288
2233.346393378829
2233.370376479161
2233.400364720083
2233.4303455422414
2233.460321930065
2233.4843049994897
2233.514274365239
2233.5442563342244
2233.5742377377446
2233.6042261122107
2233.634210742447
2233.664192874064
2233.6881806812094
2233.7181593367336
2233.7481349906593
2233.7781144323662
2233.8080963262178
2233.8380783527114
2233.862062279374
2233.892045586948
2233.9220243204945
2233.9519986019322
2233.9819737406415
2234.011954001496
2234.035943233793
2234.0659303551756
2234.095920948786
2234.125919553036
2234.1559177954537
2234.1799178584656
2234.209921332954
2234.23992592197
2234.2699217429526
2234.299918841624
2234.323920241936
2234.3539233194265
2234.3839303420473
2234.4139305593358
2234.443929781895
2234.4739275865695
2234.497924580819
2234.5279208226307
2234.5579171837576
2234.5879154633444
2234.6179119976914
2234.6479045574943
2234.6718962006107
2234.7018866887943
2234.7318753770733
2234.76186486822
2234.7918569520534
2234.821851485897
2234.851848855101
2234.8818489289024
2234.905848683324
2234.9358544580095
2234.9658654265554
2234.9958868868152
2235.0198960994826
2235.0499460199426
2235.0800221919485
2235.1100932801814
2235.1401710344235
2235.1702388216427
2235.2003031137815
2235.2243590558087
2235.2544158415303
2235.28445851216
2235.314542604926
2235.344632246743
2235.374671040085
2235.404711432908
2235.4287138004124
2235.4587394665305
2235.4887754022247
2235.518837497308
2235.5488367454604
2235.572866511704
2235.602807928123
2235.632675885961
2235.6625923013
2235.6925769609134
2235.7225411644217
2235.746518515664
2235.7764736549584
2235.8059938657566
2235.8349503864188
2235.859142464711
2235.8735135578577
2235.877882466597
2235.8835128824935
2235.895216897171
2235.9160084359605
2235.9406670578455
2235.958776911588
2235.966882833486
2235.9675987310907
2235.9774908492145
2235.995936119974
2236.0161139722168
2236.0302711385107
2236.0344270581363
2236.0383029098675
2236.0496249666267
2236.065692221101
2236.0869835598382
2236.1131577978726
2236.1366040814423
2236.1661413505994
2236.1932311554106
2236.210724322227
2236.2246353713813
2236.2476540556304
2236.269189590228
2236.297722504386
2236.3262574900173
2236.351068470814
2236.3662963977226
2236.37153098484
2236.372242888546
2236.372716469925
2236.373187478863
2236.3735289503297
2236.374502409188
2236.3754696962847
2236.3797577052237
2236.3848544227008
2236.394397378792
2236.405986059697
2236.4259551455207
2236.452352536744
2236.482443801833
2236.5064882020893
2236.521418603972
2236.5286795838642
2236.5332226284954
2236.5357258694908
2236.5431980576254
2236.5584571478757
2236.5748134448268
2236.600785307994
2236.628060245304
2236.649871746644
2236.6770612671785
2236.7054751752353
2236.735270764417
2236.765173196504
2236.794683608455
2236.8142142928195
2236.8331116707295
2236.8515763744326
2236.865145804753
2236.8711691491612
2236.8773873560845
2236.8864220891664
2236.894431416345
2236.89882127292
2236.9024948719175
2236.9067295526056
2236.911425588368
2236.917885378757
2236.9271277467265
2236.9377352922766
2236.946632072989
2236.9541274182534
2236.9562019856266
2236.9631233985574
2236.9736820483804
2236.9892518379825
2237.004793192918
2237.0218780501164
2237.038190635408
2237.050946530546
2237.0668823553606
2237.085940723806
2237.1008931599517
2237.10861672408
2237.117983943289
2237.135221847253
2237.1521118959568
2237.1738347403266
2237.1968609910964
2237.2207404506594
2237.2397021897605
2237.2594836340145
2237.270845645815
2237.2722069596807
2237.2783178942595
2237.2949560883676
2237.319144668864
2237.3479398628356
2237.371782670649
2237.3975986189316
2237.4180119859043
2237.429074592281
2237.430142643388
2237.435691661211
2237.43663578377
2237.4448870642013
2237.4617515625605
2237.4850569036435
2237.5023423623547
2237.5190417583794
2237.526552776768
2237.528366384766
2237.5293506022717
2237.5313213775144
2237.5327085922263
2237.5378330695585
2237.549388521043
2237.5602273887343
2237.5629790281064
2237.5634412038366
2237.5655917744407
2237.571103237505
2237.572601236168
2237.5778845114214
2237.5868863196447
2237.5987817573036
2237.609086927071
2237.6185568913743
2237.627689045841
2237.6316807812254
2237.6335813385604
2237.63441468229
2237.6370745543545
2237.6469098080815
2237.6608114074343
2237.672160195583
2237.6780163254193
2237.679351674217
2237.6796460195856
2237.683912308547
2237.692027751759
2237.7028720110116
2237.710022298417
2237.710597225575
2237.718623771014
2237.7302305141898
2237.74184630907
2237.7545567667726
2237.7660826161837
2237.780580334845
2237.7911783729282
2237.7992174357505
2237.8072681080894
2237.8137215372203
2237.8209342679424
2237.8298867297335
2237.8382019157175
2237.843906708181
2237.847401237935
2237.8483165530115
2237.848558370521
2237.8505245123083
2237.853546642714
2237.8550662551634
2237.859823207336
2237.8690864030805
2237.882229227019
2237.8928824054656
2237.895950841768
2237.898971871729
2237.9010907066686
2237.9014675586513
2237.9015584612866
2237.9031902044794
2237.9067638263723
2237.9180019327573
2237.9338062820625
2237.951301706359
2237.9645942801235
2237.9801067226713
2237.9972797336686
2238.015553699803
2238.0299550045775
2238.0486654096962
2238.071792618582
2238.098293034025
2238.1198412856206
2238.1467829580097
2238.1736015249408
2238.197134362016
2238.221451407776
2238.2463889175715
2238.271454064022
2238.2915944353263
2238.317390210797
2238.3412043707826
2238.3618748594226
2238.3724483984947
2238.3801660517174
2238.3807965256165
2238.3878278623633
2238.3969578853093
2238.400142745853
2238.4046279509575
2238.414136194956
2238.428182789024
2238.4469846102843
2238.462978599791
2238.4759768398344
2238.4789780134765
2238.4859718024823
2238.4987628466474
2238.5213162688897
2238.5391583805635
2238.550806939362
2238.5558708925278
2238.557754846361
2238.56091951349
2238.5691274001474
2238.581422925973
2238.5944306937613
2238.61239812036
2238.624335634006
2238.6303814955086
2238.6322173546555
2238.6396399059117
2238.6514662179748
2238.6668874498555
2238.686878374224
2238.7112992734083
2238.731049023155
2238.755692074679
2238.780387431719
2238.8065990442383
2238.8365978537336
2238.8668151026072
2238.8885374400156
2238.909061528473
2238.9269442027744
2238.9378010793944
2238.9402397652384
2238.9454891364658
2238.9598498863697
2238.9774105686047
2238.997016427354
2239.0078420723908
2239.008664215391
2239.014758431617
2239.0275662434105
2239.0444039283366
2239.064703324511
2239.088864035858
2239.103541298261
2239.115225917439
2239.12316225503
2239.1301395215182
2239.134624777611
2239.1378955123037
2239.1422046612224
2239.145395217213
2239.148219019785
2239.159449660424
2239.17349307479
2239.1862200816645
2239.196170236296
2239.198549197237
2239.201953845946
2239.2094445026028
2239.2255047252766
2239.2410693723027
2239.2494721109233
2239.2590206717546
2239.2767217939227
2239.300852335201
2239.3303439222377
2239.359931641041
2239.38954202605
2239.4190279313134
2239.4425213068394
2239.4709067321396
2239.4990291543395
2239.5272794553507
2239.555548560887
2239.5828503357097
2239.606509801844
2239.6226135011434
2239.6368008268414
2239.644921459177
2239.6471075886343
2239.652164477795
2239.6629034507723
2239.674395373775
2239.6873681718102
2239.7096265488735
2239.736580055065
2239.7651017360854
2239.7951624424354
2239.8193611459046
2239.849550308283
2239.879648459919
2239.909717406354
2239.939687073241
2239.9637237328084
2239.9878130711386
2240.0019102993697
2240.010804800865
2240.0288913739655
2240.054552402138
2240.0741400029856
2240.0912574650947
2240.1069966131404
2240.121578419932
2240.1275768495407
2240.129982462011
2240.1366009345315
2240.136671001375
2240.146664238355
2240.159879538131
2240.181515072007
2240.202370771726
2240.2228947055946
2240.2393459653995
2240.260542360426
2240.28423664984
2240.3017719172917
2240.31018424567
2240.3135354823876
2240.31754748998
2240.3183750915814
2240.3248250049705
2240.3310579281747
2240.331236159994
2240.333806838218
2240.336898690311
2240.341795531607
2240.342289517049
2240.3490387288534
2240.358562662513
2240.3746266523426
2240.3911631697642
2240.408297440971
2240.4220773146503
2240.428113143069
2240.4327038582505
2240.4358421306515
2240.4359900725344
2240.4399467591898
2240.4489463455247
2240.456498553386
2240.46431026706
2240.469806679811
2240.4743270890212
2240.476190565889
2240.4773159908377
2240.4796667932733
2240.4830226857903
2240.4831172411914
2240.48749094623
2240.4965412159586
2240.504791048727
2240.5073789706503
2240.5080235021946
2240.5103046001723
2240.512913373013
2240.5130848046956
2240.5159326063686
2240.5213375581498
2240.5313234375053
2240.541497660218
2240.5516652270107
2240.56015167209
2240.5723314879183
2240.579834604325
2240.5818332259973
2240.5828534965285
2240.5834593833756
2240.584023536652
2240.5845953522085
2240.58660643016
2240.5896232392265
2240.5896751987766
2240.5935641224346
2240.601090723656
2240.609262501796
2240.621600895561
2240.6345491486086
2240.6453202936223
2240.658744260458
2240.6721400560896
2240.684620350751
2240.693217625595
2240.7011616874456
2240.70653301694
2240.7127319707693
2240.714580840549
2240.714797552481
2240.7152645490974
2240.7157259207975
2240.719072879008
2240.723826449967
2240.7276452797378
2240.733775937502
2240.7422998322763
2240.7569478412006
2240.7672035633973
2240.775527758065
2240.7877498517714
2240.7983771114627
2240.803996149692
2240.805309838043
2240.8117627099823
2240.820104022313
2240.8294014502335
2240.837099114133
2240.841052044705
2240.8477575747565
2240.856056433818
2240.8619002897794
2240.8619682723884
2240.866382397194
2240.874695598683
2240.885022890218
2240.897326395514
2240.910063137671
2240.919440127229
2240.9308402632923
2240.9426080954904
2240.9507577330155
2240.9525159651116
2240.9556278723635
2240.9565723165765
2240.956902475635
2240.9570848837743
2240.958641932558
2240.9603243668857
2240.962970981724
2240.9679765775513
2240.975092604113
2240.9807454989923
2240.9884678098942
2240.989858768995
2240.992425904473
2240.9938133232063
2240.9961050324646
2240.9989716170335
2240.9997276875397
2241.0010772650962
2241.009597104932
2241.019140945096
2241.028191016354
2241.0414386660864
2241.0568017112673
2241.0758666362667
2241.092572323893
2241.102446776376
2241.108903466841
2241.1112436395183
2241.1145999389632
2241.115065317714
2241.1194776893567
2241.1266260677835
2241.1385453237626
2241.147148785755
2241.1537957069822
2241.1621636740915
2241.168355317583
2241.1689436507263
2241.172270307613
2241.1813378808247
2241.194800379286
2241.210173372445
2241.2266311257704
2241.243019951569
2241.2604389042517
2241.2713654056984
2241.278990181455
2241.2847122727044
2241.2862359603455
2241.2876805456553
2241.291970918589
2241.3000944049013
2241.312016692673
2241.3218097767135
2241.3329934251265
2241.3412993550323
2241.3472820958955
2241.3491875365066
2241.3523009637424
2241.358730092105
2241.3742862995437
2241.3974722251637
2241.423098188163
2241.4488232956946
2241.4694412122494
2241.492800959479
2241.516209175128
2241.5340735922673
2241.5467030505342
2241.5565260515364
2241.5614918272436
2241.5620002080673
2241.5668758180736
2241.5727276350176
2241.5762228653193
2241.5844173065934
2241.5899683914167
2241.590165769279
2241.5960498492313
2241.611536263536
2241.6271798624466
2241.6468470099376
2241.6664951593125
2241.686372342401
2241.7060013321848
2241.7223795205628
2241.738827367786
2241.7496251512
2241.7544741432594
2241.756533844859
2241.7597212028845
2241.7645233088965
2241.76876475237
2241.7693976970418
2241.775694055339
2241.784534353565
2241.7969036089426
2241.807249447559
2241.8202564153817
2241.8333636410775
2241.844184426539
2241.853087465038
2241.862456631942
2241.8704366130173
2241.8762846987142
2241.884920393596
2241.893142044687
2241.90062787047
2241.9111297204436
2241.9230706224275
2241.937113310652
2241.9535617930514
2241.9636315521893
2241.973073904516
2241.984729627493
2242.003990391486
2242.0213025333906
2242.0385177579938
2242.0491287235536
2242.0581549164262
2242.070112465302
2242.0776706181887
2242.0879909249566
2242.0997756567517
2242.114544325251
2242.129357221001
2242.144143472807
2242.159900947845
2242.1745176615423
2242.19732887872
2242.2260956381615
2242.249427000458
2242.2788168635925
2242.3075472364994
2242.3362044190844
2242.3648797104715
2242.3879102728984
2242.417064893921
2242.4463368344195
2242.474940142631
2242.5030464787474
2242.5267553839253
2242.556545826589
2242.5864608690954
2242.616421389346
2242.646367212395
2242.676361812171
2242.7063342517713
2242.7303334108383
2242.7603093110843
2242.790289966309
2242.8202931491637
2242.84429668236
2242.874290354114
2242.904286047024
2242.9342830824735
2242.958279856636
2242.9882723514143
2243.0182739746656
2243.048269062115
2243.072277728143
2243.1022907122706
2243.13230866274
2243.162330168577
2243.1923607923372
2243.2163901915183
2243.2464135388464
2243.2764182436663
2243.30639874069
2243.330390457614
2243.3603671947026
2243.3903498716686
2243.4203436676476
2243.4503264265823
2243.4743086897934
2243.5042810550144
2243.534250560797
2243.5642322086646
2243.5942194776603
2243.624180568858
2243.654119711006
2243.678056548608
2243.7079729986112
2243.7378962791763
2243.7678227157544
2243.7917592205154
2243.8216884722256
2243.8516230540954
2243.8815531729424
2243.905469522682
2243.935381626831
2243.9653238649194
2243.99527439252
2244.025228076649
2244.0491962932483
2244.0791421488348
2244.109070166538
2244.138992565763
2244.162918681516
2244.1928067983044
2244.222723107173
2244.2526500264803
2244.2825809345045
2244.3125197836575
2244.3424667737804
2244.3724322676685
2244.3964105876166
2244.426371045408
2244.456307309603
2244.4862799065054
2244.510263812517
2244.540248935513
2244.5702495027135
2244.6002189231976
2244.6301891343164
2244.6601552071056
2244.6841322792247
2244.7140983496984
2244.7440481697117
2244.773998426021
2244.8039775526327
2244.827965843266
2244.857950265036
2244.8879236910802
2244.917890780684
2244.9478578900844
2244.977830642365
2245.001810413703
2245.031768240161
2245.061716322074
2245.091683160806
2245.12165017615
2245.145621962911
2245.175586642001
2245.205560776222
2245.2355279401695
2245.259508928382
2245.2894824400687
2245.319459331611
2245.3494436923424
2245.379425638401
2245.403413906605
2245.4333939847147
2245.463374556879
2245.493360961805
2245.5233520831684
2245.5533524436282
2245.5773541638246
2245.607340319695
2245.637329454859
2245.667319577875
2245.6973145672864
2245.7273197609115
2245.751304803295
2245.781269977933
2245.8112373637723
2245.841203728986
2245.8651743673286
2245.895116090173
2245.925054938477
2245.954984077941
2245.9849245362707
2246.008876561935
2246.0388173846864
2246.068755338956
2246.0987007921694
2246.1286437152316
2246.1585946426703
2246.182541838624
2246.212484972146
2246.242401779989
2246.2723254480816
2246.3022535217315
2246.33218766514
2246.3561397719236
2246.386075345472
2246.416013173695
2246.4459452706606
2246.4758775930504
2246.4998246516648
2246.5297573345265
2246.559693057073
2246.589630811859
2246.6195760853866
2246.6435361994054
2246.67347885037
2246.7034250932275
2246.733377715686
2246.763348540125
2246.79327952882
2246.8232167811766
2246.84717523524
2246.8771242715097
2246.9070815547598
2246.9370410967776
2246.966973767264
2246.9909164905775
2247.0208506826048
2247.050794281008
2247.080738073884
2247.1106780560763
2247.1406243040565
2247.1705767272606
2247.2005252687577
2247.2244855874264
2247.254441802955
2247.2844042106008
2247.314382674248
2247.344364508916
2247.374361238505
2247.398366336878
2247.428363736008
2247.458365470083
2247.488364649772
2247.5183650535373
2247.542368632606
2247.572367636196
2247.602368670749
2247.6323318759496
2247.662329213408
2247.68632095054
2247.716321868285
2247.7463310066555
2247.776335577926
2247.8063341629136
2247.83033306735
2247.860329312115
2247.890327172955
2247.9203313140024
2247.950329178364
2247.980322518155
2248.010311587164
2248.0402996307157
2248.070303854399
2248.0943012201315
2248.1243008678057
2248.1543054014096
2248.18430348362
2248.2143045636412
2248.2382899083796
2248.2682733392116
2248.298253436398
2248.3282501004765
2248.3582504483816
2248.38225849262
2248.4122562039147
2248.442224245702
2248.4722147303155
2248.5022081333236
2248.532181380188
2248.562131193125
2248.5861072693197
2248.616097229573
2248.646109175425
2248.676078691597
2248.700080982906
2248.730041885167
2248.7540272614096
2248.7900203813497
2248.8140086223098
2248.8439687530818
2248.8739489694076
2248.9039250668693
2248.9278825404945
2248.957806166585
2248.98731725833
2249.015403784238
2249.033726665838
2249.0480554962664
2249.052599752728
2249.054753920985
2249.0596773658704
2249.070327252096
2249.0762325255514
2249.077413073331
2249.080545361807
2249.0876256089277
2249.1040191634443
2249.1172598598896
2249.120496587981
2249.127263090178
2249.139873522566
2249.162803834288
2249.1912417927892
2249.221368968842
2249.245424069477
2249.275398887511
2249.3053655541958
2249.3353358209833
2249.359324959925
2249.389321458348
2249.416232374306
2249.434791609621
2249.451692479482
2249.4791279563765
2249.5054100369985
2249.522416177973
2249.5370768914163
2249.5549961958013
2249.580034325994
2249.608899674422
2249.6387899488395
2249.6687070239554
2249.692644757137
2249.7221500458527
2249.752085423302
2249.7819445905693
2249.805870934161
2249.835787161563
2249.865705821826
2249.8955867377927
2249.919507198084
2249.9494202340225
2249.9793094081056
2250.0091819691843
2250.0390811653124
2250.069005032937
2250.0929139681966
2250.122793980389
2250.152722716676
2250.1826559281285
2250.212602599416
2250.2365751648776
2250.2666580453324
2250.2967805492676
2250.3268016309535
2250.350805270679
2250.3808175102376
2250.410819696574
2250.440809584059
2250.4708030610755
2250.5008326647994
2250.52486737821
2250.5548943480453
2250.58490026469
2250.6149099977038
2250.638913447117
2250.6689145412583
2250.698909060082
2250.728894847601
2250.7588834758812
