139.76551345990381
139.78927786866956
139.79519087592377
139.8010990226825
139.80701414954527
139.82235598455392
139.83721244707257
139.84566710836447
139.8478069555964
139.8478092234964
139.84781054063515
139.84781179936576
139.84807895974902
139.85210250639497
139.86062774017154
139.87401957115475
139.89683453937738
139.91978052911247
139.9500229277622
139.97425596002563
139.99847480923378
140.02476414922725
140.0404295577317
140.0500214782087
140.05536071838446
140.05845761944428
140.06316409747242
140.0759083092363
140.09177514170278
140.1133348962462
140.1288636550865
140.13973650722605
140.14201666229005
140.14248515300656
140.14501318455103
140.14824717288406
140.1508499232974
140.153647609016
140.15723625690435
140.16113816536563
140.16432593982512
140.16602173668528
140.16848375124601
140.16982151614036
140.1723588244335
140.1759380786235
140.17862402319494
140.180938522505
140.18366875509295
140.18621740368553
140.1886826425603
140.19034055668786
140.19083973518119
140.1922896112167
140.19392625496596
140.1965273828185
140.19899756878328
140.20085745658767
140.20334005572815
140.20487857407153
140.20675065600122
140.20767908240356
140.20775141485728
140.20814830857995
140.20899867477354
140.20983332825242
140.21059244374692
140.21175110837703
140.2128113609766
140.21406899601442
140.2150558131001
140.21598080249308
140.21697776163754
140.21768428780368
140.21862162306445
140.21932098387398
140.2201171917675
140.22074963427423
140.22148648977713
140.22355915931445
140.2254731177371
140.22616596555335
140.22738954963518
140.22874741177338
140.22978939494195
140.2307416712302
140.23186966796573
140.23202795753994
140.23275075183514
140.23351753443936
140.23385218877294
140.23441183531983
140.23520066447108
140.23537724461968
140.23594560876504
140.23703166343392
140.2374122213577
140.237908215869
140.23833542709025
140.23872832004255
140.23910036599867
140.23949272107518
140.2399141705677
140.24028556309736
140.2406390327184
140.2410418391237
140.24139817479542
140.24169369190952
140.2418313205889
140.2418413771982
140.2421199562368
140.24236946948875
140.24261370454124
140.2428001853532
140.24305412943755
140.24335937252525
140.2435343857584
140.24367701307267
140.24383445514837
140.2439373409106
140.2440260673947
140.24415212453636
140.2442827510703
140.24437142275693
140.24447111994192
140.24452903060504
140.24456966758117
140.2446581207231
140.24479162603706
140.24483577999857
140.24491686317316
140.24495883772357
140.24503465978123
140.2450944455195
140.24516124903454
140.24520526157812
140.24526027291958
140.245305987846
140.24531456225387
140.24536387679052
140.24540192913364
140.24549110127288
140.2455276069778
140.24559146072355
140.2456072250373
140.24567325315783
140.2456884119881
140.24575796795304
140.2457635116904
140.24579401298536
140.24583614157874
140.2458982661679
140.2459463878576
140.2459821564815
140.24604564858925
140.24609594835513
140.2461473439294
140.24616819208748
140.24617233117297
140.2462815054329
140.24628922604538
140.24631081832766
140.24632079181902
140.24633517514033
140.2463397644937
140.2463707259474
140.24640445717614
140.24649305032852
140.24653972602107
140.24658352946136
140.2466298712437
140.24681572354714
140.24681892029912
140.2472002088362
140.2472296287215
140.24752715933002
140.24770994768755
140.24806182467128
140.24828546518648
140.24837500606137
140.2484780222233
140.24848518824754
140.24852500739655
140.2486194069086
140.24863255045193
140.24898285761634
140.2494156236975
140.2494264553543
140.24946174261288
140.24952301333033
140.24954918957704
140.2495696034554
140.24957186918482
140.24957238558028
140.24978734572497
140.25000954459267
140.2503319807695
140.25052042798825
140.25103684368747
140.2513108890903
140.2513752717276
140.25160294415073
140.25167367515144
140.2520515673428
140.25253417239148
140.25310200110118
140.2532542772008
140.25332369611888
140.2535908089069
140.2538377491817
140.25426015072887
140.25450465802263
140.25470090921834
140.25482003916463
140.25502123053747
140.25509626964435
140.25547758396922
140.25575947978984
140.256034215152
140.25613500862949
140.2562031696221
140.256303279999
140.2563803459711
140.25655533899598
140.25699598448313
140.25721797695945
140.2572895580076
140.25734931563971
140.2573731634996
140.25744032102526
140.25745266451375
140.2574725520381
140.25750388842067
140.25751972578783
140.25755642213073
140.25758291983672
140.25763433275213
140.25766414090617
140.25771134816952
140.2577181301269
140.25778391423592
140.25783005164166
140.25784202282776
140.25788370301296
140.2579046681959
140.2579229092725
140.25824633246737
140.2587677533886
140.25898377805407
140.25899246068528
140.2593249112411
140.25938298824425
140.25961523091777
140.2596284742408
140.25962965550116
140.2596786684147
140.25972735672707
140.2598138222594
140.2598608826229
140.25994644914792
140.26002548533486
140.26007057284252
140.26010839229568
140.26019075978928
140.26019837847298
140.26020100064792
140.26021218440707
140.26026380322486
140.2603205207352
140.26033499610656
140.26033845042738
140.26036505860597
140.26043732839145
140.26049029004636
140.26049577779773
140.26049861803236
140.2605415989756
140.26071942401205
140.26084167856183
140.2612471166333
140.26172705853995
140.26187346044804
140.26194515603842
140.26217450127479
140.26244316883472
140.26248239833095
140.26258158106813
140.26260538120715
140.2627173762562
140.2627916700263
140.26281507653363
140.26287582062224
140.2629031448405
140.2629599333504
140.26310935829738
140.26334786110277
140.26346703098767
140.26358108475495
140.26360579055333
140.26374924497267
140.26404790501888
140.26426954453294
140.26481997857388
140.26490306690093
140.26500998474208
140.26531513699794
140.26569792736723
140.26608182966646
140.26615463477717
140.26626969291004
140.2663218348581
140.26637065360063
140.26639241968562
140.2666404394668
140.26732278066132
140.26781251971454
140.26783219839623
140.26786848921708
140.26806707797994
140.26836624603214
140.2687742774108
140.26885211490497
140.26927894320272
140.2694609389681
140.2695366281425
140.26954382418282
140.26959531590109
140.26986228889567
140.27034136429805
140.27045736780207
140.27075141816908
140.27109498370365
140.27158011211267
140.27158847663623
140.27179627477227
140.2719087081427
140.271988453344
140.2720324769198
140.27208411930448
140.2721289019737
140.27221228250804
140.27225310474233
140.27225604876065
140.2723240694459
140.2723614295008
140.27241708171834
140.27260874293998
140.2728743793911
140.2733750147645
140.27339002250338
140.2734463959081
140.27382885428813
140.27427758375816
140.27449328742097
140.2747423244633
140.27545455440037
140.2755680392294
140.275568466592
140.2755946641606
140.275715755709
140.27572912274798
140.2757595423669
140.27583661168526
140.27588283611053
140.2759272898175
140.27617504165633
140.27625163662336
140.2765093721512
140.2769392587341
140.2774915207883
140.2777072865864
140.27772266315316
140.27774079415343
140.2777580769824
140.27779244304517
140.27782706183638
140.27786671062577
140.2779424580345
140.2779592901296
140.27800658457792
140.2780709871613
140.2780869047767
140.2780902194892
140.2783613332813
140.27881487125995
140.27883255527422
140.27902473967342
140.27932440305494
140.27974033111224
140.27976060308146
140.27982520124056
140.27985661420055
140.27989677266225
140.27989717169535
140.27994011747333
140.27996917293936
140.2799987826654
140.28005628807307
140.28009683559117
140.2801268884179
140.28015536611252
140.28018638751655
140.28021706971057
140.28029169072664
140.28030022877456
140.28032957959087
140.28063391393675
140.2807956192752
140.2812680305573
140.28173264776464
140.2818036324666
140.28183929952812
140.28184254733546
140.28185195242054
140.28190334445003
140.28195662925515
140.2819618659809
140.28207317802622
140.28211647025805
140.2821949036496
140.28228995281256
140.28253212874262
140.28255051515907
140.28301577023723
140.28327010107776
140.28327961868254
140.28372213213936
140.28382014666522
140.28410680888254
140.28478011871508
140.285203823483
140.28522061313032
140.28550305881024
140.28576947022037
140.28610600955963
140.28666775849985
140.28688261873515
140.28705041242645
140.28732193098867
140.28742878720317
140.28776821158584
140.28781307292138
140.2882356413057
140.2883394388488
140.2884532226191
140.28849570738535
140.28852120352948
140.28856119226336
140.28861779990348
140.28866269989967
140.2887373953325
140.2888641036188
140.28908626533294
140.28925474786828
140.28934625106555
140.28936307234812
140.28937620030288
140.28943111668022
140.28945306373998
140.289752909589
140.29007899037768
140.29038519005232
140.29045354592492
140.29048897946288
140.29051047715964
140.29051740914667
140.29057589726085
140.29060474113092
140.29081294335379
140.29104446136233
140.29112055645948
140.291126940216
140.2911290894846
140.29117018444023
140.29117712663532
140.2914694031483
140.2915533238967
140.29191772562837
140.29224037038284
140.29231343989093
140.29264259106282
140.29270874533566
140.29311918546148
140.2936053163479
140.29385220027402
140.2939516904911
140.29401901834285
140.29412940249838
140.29441139969637
140.29472755161433
140.29475023641902
140.29484653119027
140.29492553686237
140.29499895472148
140.29503190548968
140.29504344422162
140.2952054345793
140.29543371100678
140.29565132949338
140.29577879789514
140.29581325918352
140.29588097920268
140.2959081266496
140.29595693770906
140.29597539259657
140.29604279115938
140.2961112534104
140.29615256657104
140.29617177526598
140.29618359027796
140.29625692302685
140.29650401241335
140.29656806959818
140.29674236619394
140.2968681722673
140.29700799053518
140.29739425455796
140.2978627918727
140.2984380537133
140.29845409088628
140.29875906695634
140.2994347915945
140.29950337983013
140.29955992461387
140.29964458491065
140.29966490055872
140.29972013659105
140.29974856442178
140.29980376415784
140.29984385823965
140.299884510867
140.29991361579698
140.2999639086376
140.29998001138725
140.30008880292556
140.30075352588406
140.30107600851449
140.30110911323152
140.30119888342136
140.30121272744185
140.30124817358762
140.30130279526213
140.30130292406938
140.3013864479567
140.30144321116978
140.30148035155815
140.30153689666437
140.301578290073
140.30160743991217
140.30164625139895
140.30169809450106
140.3017379282778
140.30180232769226
140.30181280934752
140.30181293770792
140.30181380616003
140.30197717913427
140.30240617765728
140.3024309784062
140.30244735694635
140.30245984759534
140.302509839522
140.3025473897389
140.30258309225496
140.30260508654746
140.3027124549221
140.30271327176092
140.30272423349308
140.30276370998635
140.30278302668813
140.30279249537907
140.30289255940767
140.30292015071623
140.30297307928316
140.30299919548415
140.30300956015006
140.3030381621085
140.30312061404172
140.30314335982155
140.30314720648332
140.30320152258878
140.30338767601395
140.30380661559434
140.303932737915
140.303987290066
140.30410412364742
140.30444501086217
140.3044778307258
140.30465598076577
140.3048389462533
140.30523819250627
140.3055259602968
140.30553637716713
140.30564787570802
140.30594045451346
140.30596746848568
140.30632975340365
140.30649982926974
140.3066265738246
140.30674491844132
140.30696104312605
140.3072730665168
140.3073055036682
140.30748159409836
140.30756188031887
140.30761468524742
140.30767347217093
140.30770863955183
140.30773555128462
140.3077624090145
140.307767007583
140.30782016271039
140.30787416731786
140.3079242350475
140.30835220082136
140.30837856144717
140.30842115429894
140.30849268132502
140.308533301093
140.30854597511077
140.30855964432035
140.30859472462654
140.3086137476736
140.30867059831382
140.3086896772974
140.3089280488303
140.30969189301305
140.309729356122
140.30973262711373
140.30980132449776
140.3098325666873
140.3098661137694
140.3099067130529
140.30994268933097
140.30999741128582
140.31003682560018
140.31007661596973
140.31008413428182
140.31010665892748
140.31012653304379
140.31013217247687
140.31015695659283
140.310169200805
140.3101815611034
140.31032562551258
140.31057104798197
140.31091123487536
140.31094703879035
140.31096552430694
140.31100138764322
140.31104135798833
140.31108016607098
140.31110471225637
140.311164988923
140.31127233234176
140.31133547737642
140.31133868071507
140.3113969794479
140.31144816434073
140.31144931103378
140.31146605354823
140.31148843847623
140.31150173039615
140.31152146637578
140.31153135593777
140.31155267436762
140.31177641018442
140.31209913602535
140.31227347091638
140.31243775210586
140.312660987819
140.3129861002353
140.31350830752
140.31394891855436
140.31397091207864
140.31399894244865
140.3140598970073
140.3141403820299
140.3141407919781
140.31443936756858
140.31474061024397
140.31510236715351
140.3151528878724
140.31521403082544
140.31523394861838
140.31527066186212
140.31529638658554
140.3153027104526
140.31532692473823
140.31536771175024
140.31542752546403
140.31543060519928
140.31543097523806
140.31546470587608
140.31549119199533
140.31550242587613
140.31579606492232
140.31623000674517
140.3163309447426
140.31639445861603
140.31639908404225
140.31640007939885
140.31642854221855
140.31646179747057
140.3164788086156
140.31654850210293
140.31660584098853
140.316632979329
140.3166495388789
140.31692775548936
140.3171234516339
140.31740666332746
140.31761815259316
140.31780889642832
140.3180689843239
140.31808990815264
140.3181248928704
140.31838943817644
140.3185446029217
140.3185997663711
140.31866171918955
140.318699095784
140.31874368907242
140.31876982085933
140.31877013053855
140.31891231166063
140.31894986953327
140.31908997331078
140.31910596892462
140.31912330716693
140.3191768102591
140.31918246504495
140.3192071830657
140.31923560119046
140.31931828908048
140.31932621461644
140.3193504932851
140.3194002990989
140.31944227090244
140.31950297038745
140.31952320033585
140.31958561266578
140.31983150074487
140.3203197532879
140.3205761531306
140.32082296639933
140.32091648320716
140.321116080595
140.3217270201862
140.32206452061922
140.32216813918666
140.3222052100559
140.3226786237304
140.3231105544483
140.3237686886697
140.3240099512206
140.3241058753048
140.32417797012243
140.32436373418378
140.324371665527
140.32458142708083
140.32481358907836
140.32495763982993
140.32526728315807
140.3255880398493
140.32589385219657
140.32624945559692
140.32664564936127
140.32692494689093
140.32713521455167
140.3272568519207
140.32769726494644
140.3279661264971
140.32845880334676
140.32872869589502
140.32908924299943
140.3290948332679
140.32931062931524
140.32945385842874
140.32967207620948
140.33014837053943
140.3304249908983
140.33083862836554
140.33086129477363
140.33133477135203
140.33153364076708
140.33193713396116
140.33214405550535
140.33247837569166
140.33263693525433
140.33302505025955
140.33316722290945
140.33343927382595
140.33406453033038
140.33457423864849
140.33496403990452
140.33502353245305
140.33505848320772
140.33511319165447
140.33518624507508
140.33530005861053
140.33538990296827
140.33541184613364
140.3354594771717
140.33564960954016
140.3360667595911
140.3363931729685
140.33669549397626
140.33736314340902
140.33739589720503
140.33740153118825
140.33741379930933
140.33751691082745
140.33787467773664
140.33789068443284
140.3379368097406
140.33797946841642
140.3380326383745
140.3380579210256
140.33809949284702
140.3381270354673
140.33815607288608
140.33816929507557
140.33817243018376
140.33819210128442
140.33830753359192
140.33834763973414
140.3384989518224
140.33861144161818
140.3390328314387
140.33962060592143
140.33967717632248
140.33968054621388
140.33969871692895
140.33971133244108
140.33973072196963
140.33978763933283
140.33981401112902
140.3401023503904
140.340315339994
140.34060012360968
140.34112101197778
140.34148283874637
140.34160327687553
140.34162384795283
140.34241455680495
140.3425246689603
140.34278887558432
140.3428004055159
140.34324444113727
140.3433640385332
140.3437074406632
140.3443083208916
140.34471458272503
140.3452955757562
140.34548351246735
140.3455187783805
140.34555932808183
140.3457342567775
140.34575896382086
140.34593833744503
140.34631838839104
140.3463630649619
140.34654778911064
140.34673951918978
140.34690373158804
140.34702709192757
140.34704892740643
140.34710740145778
140.34728597401897
140.34729368913085
140.34734022318614
140.34755982747524
140.3478889902236
140.34790566795365
140.34824185910983
140.34855436142254
140.34877139080157
140.34889890561402
140.34930309417376
140.34976834559748
140.34983459092481
140.35021247991543
140.35063973236126
140.35086967330474
140.3510690987258
140.35124350473433
140.35144496974533
140.35155762955708
140.3518488107026
140.35213310334052
140.3522308177819
140.35253597502887
140.3528685898361
140.3529712713498
140.35338122070988
140.35366340024652
140.35403968106777
140.35432496654482
140.35443632485854
140.35461798042633
140.35463605423496
140.35468207648586
140.354881829688
140.35506560934607
140.35510696232282
140.3555801895301
140.35582392786128
140.35605340205367
140.35646450559693
140.35649710073312
140.35667521239847
140.3568666061974
140.35694052385313
140.35707231987612
140.35731204514582
140.3574609535707
140.35770227838657
140.35809894461985
140.3581438462881
140.35841877677825
140.35873404211986
140.3592222298602
140.35945107743984
140.3596453741364
140.35983773137494
140.3601397136972
140.36033015125
140.36053149077415
140.36093103126856
140.3610288492869
140.36112236197206
140.36150591072692
140.36164098595765
140.3619036206439
140.36238291979512
140.36266580520817
140.3629055503332
140.3629738612806
140.36305147606095
140.363134861161
140.36319181417238
140.36325812928803
140.36357012849172
140.36371532366536
140.36372272460474
140.36375680276873
140.36380608785782
140.36382386068485
140.3639451275403
140.36440913413705
140.3646677645518
140.3648065815779
140.36503070643246
140.36508371874285
140.3652376807831
140.36575982248021
140.36617176817364
140.3662589340375
140.36682355291683
140.3670874846098
140.36734678174483
140.3674121526616
140.3678761882129
140.36830712177232
140.36839980855427
140.36891366005298
140.3689918925641
140.36943310835613
140.36976563767902
140.36991460391107
140.37055852073416
140.37089144938773
140.371011090917
140.37116305084427
140.37129358835955
140.37149531483936
140.37155483501087
140.37171145853605
140.372118174201
140.37215328478374
140.37241714025643
140.3725076312316
140.3725860828673
140.3726308474578
140.37265083227612
140.37270944968606
140.37282791733466
140.37286415252584
140.37289057706082
140.37294393359755
140.37298823087224
140.37302325317404
140.3731284213555
140.37327704723768
140.373341022064
140.37358000885072
140.3735871384188
140.3737229844567
140.373828742337
140.37425910132478
140.37437895223965
140.3744383746553
140.37448667695287
140.37455950688394
140.3745886702377
140.37461637868543
140.374659818356
140.37471327335982
140.37473078080183
140.37479164447032
140.3748108537054
140.37483181107405
140.37536031592893
140.3760562242647
140.3762545267864
140.37647829049885
140.37662959232404
140.37704030501004
140.37739582412559
140.37750227520323
140.37773890811044
140.37781426836182
140.37803519614874
140.3781648386534
140.37847366588525
140.37900766861026
140.3794244570815
140.37954286323748
140.37963114772197
140.37964046585236
140.37995934714348
140.38028181643833
140.3803068930452
140.38075411819926
140.38114665774074
140.38123983506492
140.38132133854575
140.38156422208726
140.38156544400442
140.3818770160106
140.38258882942688
140.382593720657
140.382608154787
140.38261708701765
140.38291344204512
140.3830080023783
140.3830730089965
140.3831519986451
140.3832507854417
140.3832947163711
140.38329516883428
140.3836542447359
140.384345546453
140.38487316429948
140.38503944292563
140.38506453431924
140.38507704449103
140.385123280237
140.38515790321227
140.38528566831596
140.38539744578213
140.38578986137443
140.38638874174882
140.3864152712874
140.38641816965793
140.3864688391061
140.386485097255
140.38665403309034
140.38692061959716
140.3870720818478
140.3871568520468
140.38720450471084
140.3872357984159
140.38729628394952
140.38730882536274
140.38738058346655
140.3876364471588
140.3877528903164
140.38811900799828
140.38833528834456
140.38838318687866
140.38905957289526
140.38911030300866
140.38934328214285
140.3896651097834
140.38969112400352
140.38980496751472
140.38989729496924
140.39036884537586
140.39098987509539
140.39124620512976
140.39128055358452
140.39134633339737
140.3915819899631
140.39186753780066
140.39192771252613
140.39194419779017
140.39202160232193
140.39216595006985
140.39230158126765
140.39237080688432
140.39241977742424
140.3924804273896
140.39260808815422
140.39262766536973
140.39265695118831
140.3926833214412
140.3928170394175
140.39288116621202
140.3931572554935
140.39362647655673
140.39364344628513
140.39368707184985
140.3937978151957
140.39396443652228
140.39411722412063
140.39418024229474
140.39426158186885
140.39434155421952
140.3943857485852
140.39439831720824
140.3944513142875
140.39451077650858
140.39455450629472
140.39459300827994
140.39460237915543
140.39509414730233
140.3956272302501
140.39599691725115
140.39631194628268
140.39678800103354
140.39685528770306
140.39689333845072
140.3969039021164
140.39695497691156
140.3970173328358
140.3970971614646
140.39720789284667
140.3974968861247
140.39797897160727
140.39840806172253
140.39841813719949
140.39854556866752
140.39867732719804
140.39887548240597
140.39915944849417
140.39943460499003
140.39973198390655
140.399793753369
140.3998159492402
140.39986788713537
140.39997073909282
140.40002674891224
140.40006188297127
140.40011667686534
140.40014652728672
140.40017589973695
140.400186489095
140.40022364002175
140.40024054382613
140.4006583130551
140.40112404996805
140.40115385773822
140.40136194236885
140.40153919666446
140.4018214859073
140.40191520331263
140.40205089164004
140.4022196271512
140.40245124360237
140.40268747900055
140.40281664841223
140.40309704253778
140.40341419362278
140.40374299276837
140.40383250417042
140.40414546939238
140.4042233924092
140.404664372169
140.40507951346248
140.4056791223554
140.4056864411488
140.40609190552428
140.40630784660047
140.40680192465592
140.40690410493391
140.40716239086987
140.4075770647194
140.4080144542131
140.408379026356
140.40899770495835
140.40929180910206
140.4093330063532
140.40943139542802
140.40991766840864
140.4099829792648
140.41004693218676
140.4101074566171
140.41016520939058
140.41022320069905
140.41025818400598
140.4103274820696
140.41038750342386
140.41042111537405
140.4104402718712
140.41048194860767
140.41051196229378
140.41054694375634
140.41061449971698
140.41067551823727
140.41067981198466
140.4107532943322
140.41075833057076
140.4108373986041
140.41089955728876
140.41091588064324
140.41122096742995
140.41125209004585
140.41127801496478
140.411298869877
140.41134316439357
140.41135443274825
140.41136208171676
140.41147397572368
140.41154762065875
140.41155251656244
140.41159881163756
140.41163932542253
140.41167109392546
140.41168815841723
140.41172306701804
140.41174334761385
140.41174463243655
140.41177389404933
140.4117819104695
140.411798273966
140.41186994446335
140.4118800860786
140.4121504559371
140.41241764524233
140.41249333174844
140.41273416276985
140.41277187568247
140.41277263131175
140.41280003314773
140.41280635749533
140.413123776928
140.41353494564163
140.4137448849825
140.413835430972
140.41385929183403
140.41387298146478
140.41393092814477
140.41399588732537
140.41401527260015
140.41408924612807
140.41410331977994
140.41414972565903
140.41415375310328
140.41416884630374
140.4141912709076
140.41419695171757
140.41422332032806
140.41427712829997
140.41430160856936
140.41448560324088
140.41492540802074
140.41494635915714
140.41519768722708
140.41529859176708
140.41532205327024
140.41536019711333
140.4153638259961
140.41539995562806
140.41552722304385
140.41556563723788
140.41563053271227
140.41570642705085
140.41573555692688
140.41573705868214
140.4157476426225
140.41575648750603
140.41596604431837
140.41632242573968
140.41640394391806
140.41660943847714
140.4166174450263
140.4166556143121
140.41670154074984
140.4167219837457
140.41680119306494
140.41688430756295
140.4170187999758
140.41707498699702
140.41708634507725
140.41716120820877
140.41718616126133
140.41724341433886
140.41728184927106
140.41733121125708
140.41745466805025
140.4174897014651
140.41751231784804
140.41752304896576
140.41756994777936
140.417636161752
140.4176625205764
140.41771481337122
140.41776703262767
140.41789516077893
140.41817004048926
140.41865880180112
140.41893918070448
140.41902672739775
140.4191177370475
140.41936284126947
140.419789245209
140.41989879288278
140.42054127661189
140.42060688493157
140.4206288725198
140.42065626136696
140.42070832414774
140.4207563130751
140.4207874422854
140.42081739485525
140.42085636714242
140.42090710260973
140.42090994617323
140.4209238354794
140.42094604397627
140.42094691359486
140.42100435044887
140.4210559957244
140.4210737734217
140.42109246189884
140.42110363129868
140.42110441851435
140.42155869934888
140.42159791022655
140.42188439112394
140.42194756020086
140.42198303719417
140.42203055566966
140.4220485247157
140.42207440995526
140.42213450642183
140.4222006188892
140.42222345921482
140.4222663136483
140.42227892471755
140.42229925467166
140.42245634833156
140.42290419145462
140.42297686706138
140.42304048653048
140.4230959776815
140.42314638539605
140.42314824912467
140.42319511336962
140.42324979282836
140.4233143968978
140.42339168415006
140.42341408107097
140.4234523062723
140.42349250742603
140.4234930670729
140.42351053448846
140.4235125905999
140.42351997678583
140.4235399915368
140.42354993565698
140.4237674772679
140.42425607079952
140.42446894641708
140.42456676330036
140.42490125416322
140.42490905952113
140.42496928499384
140.42504257437878
140.4250854548023
140.42509658060962
140.42517268644843
140.42523815585722
140.42528249909768
140.42571341295854
140.4259931117938
140.42602886315234
140.42610844477122
140.42621153435604
140.42632978917234
140.42635187973124
140.42677532282246
140.4272168016912
140.4272335409279
140.4273772443063
140.427409760226
140.4274426329731
140.42754718346941
140.4275618801013
140.42759717303426
140.42762030844293
140.42764932726647
140.42770200435194
140.42772069070693
140.42794865494056
140.4281811371744
140.42832877466154
140.42878880349895
140.42882615332925
140.42896338997136
140.42901420002954
140.42904120402324
140.42906942591048
140.429071017368
140.42917767109583
140.42918565364104
140.42919049819062
140.42926091584127
140.42929203972636
140.42930282830142
140.4296894115765
140.43000317134064
140.43018494869406
140.43034297782492
140.4304291064712
140.43050587711875
140.4307404300119
140.43086302255358
140.4309667264022
140.43098485914618
140.43098504706012
140.4310295457443
140.43107789708336
140.43116474387293
140.43121818230657
140.43127257699047
140.43133715153786
140.43138473394558
140.43142297678307
140.43145185800947
140.43151307359327
140.43180281322725
140.432212350042
140.43232912289523
140.4324223896451
140.43279952229057
140.43296111329056
140.43312196802262
140.4334293491388
140.43359905972468
140.4340138846954
140.4345103821631
140.43475800315062
140.43488180644067
140.43515616704997
140.43531817561322
140.435504873976
140.4362814398872
140.4363685269659
140.43646232208138
140.43651069888136
140.4365720672141
140.43665591860125
140.43686820354773
140.4370811279478
140.4371623780053
140.43720312503828
140.43722191386587
140.43729424221942
140.4373579832281
140.43737839527097
140.43743971506
140.43751177836646
140.43751626002475
140.4375197957578
140.43754106652122
140.43758490397136
140.43768028163967
140.43768416198978
140.43772881746906
140.4380590005861
140.43877004995747
140.43892658283087
140.43896657854074
140.43897660993986
140.43898362505416
140.43901615701256
140.43905284092997
140.43915441664646
140.43915581703502
140.43921226760574
140.43926142439423
140.43929939688744
140.4394373278848
140.43997360320873
140.4400165135618
140.44010564287925
140.44014752819322
140.44020709402025
140.44062713907948
140.44067266430417
140.4407944185297
140.440955637172
140.44114039957742
140.44121538827483
140.44145083759452
140.44160937134473
140.44172975921433
140.4421711406935
140.44232229481935
140.4423562708908
140.44267204830788
140.44294552523536
140.44328834171804
140.44346352180054
140.44378187207835
140.44425930968072
140.44450743899714
140.44463743468083
140.4446390618329
140.4449326674731
140.44515702366883
140.44584404104546
140.44597650282148
140.44600539304244
140.44620918092204
140.44624678887484
140.44684078227027
140.44707798233003
140.4471854819955
140.44753434793498
140.4476026749925
140.44809945443075
140.44820562726144
140.44827496719458
140.44853461867626
140.44859677986364
140.44874773410706
140.44892577043538
140.44907067302367
140.44942184381833
140.44963103163647
140.44970112385653
140.44986755328605
140.44991209963072
140.44991908452948
140.44997606169903
140.45000432179592
140.45010318243777
140.45011835081493
140.45014451715346
140.45020422906694
140.45024009628983
140.45025503905157
140.4503632751184
140.45076916151268
140.45126086586941
140.4513822185019
140.45162196279043
140.45199725645503
140.45201353249823
140.45208888469733
140.45227610903012
140.45239133104948
140.45249666518797
140.45250618484633
140.45288937875674
140.4534465272816
140.45348908091395
140.45355956354123
140.4536393272747
140.4536844195069
140.45368857277455
140.45371597193477
140.45378136033233
140.45381336772658
140.45384766271275
140.45399995936586
140.45424864657954
140.45425297392418
140.45438070383562
140.45440904817045
140.4546472823023
140.45494939871202
140.45533258600776
140.45539417685006
140.45551195587768
140.4555191007127
140.455555559798
140.45560197252684
140.45561355828752
140.45569754590824
140.4557500200778
140.45575705680199
140.45582011816708
140.45582923479853
140.45586851280785
140.4559119111657
140.45618151206634
140.45650150984198
140.4565347289872
140.45682182617887
140.45692836797872
140.45696823225035
140.45697671691562
140.45701957855422
140.45702631738075
140.45707395629196
140.45712089969192
140.4571504070673
140.457204447977
140.45722176392417
140.45773655935199
140.458253716143
140.4585574956366
140.4585702470417
140.458599781566
140.45863646512146
140.45867292179415
140.45872239254098
140.45876625714624
140.45879217394986
140.45885332627518
140.45889849559418
140.45890796261997
140.4589301013553
140.45895925707256
140.45899697052945
140.45900721070376
140.4590479907983
140.45910448634845
140.45912080248655
140.45913765670798
140.4591725479724
140.4592189802863
140.45940409642256
140.45963618859494
140.45966526769732
140.45989682518112
140.45991664622443
140.4599186760889
140.4599403135138
140.46031294363488
140.46078141062537
140.4608433090169
140.46089976001923
140.460976052114
140.46103801759753
140.46130697590138
140.4614675660336
140.46164942543862
140.4617793951737
140.4618024550235
140.461812929549
140.46181967783303
140.46187321942685
140.46214380523816
140.4623981915605
140.46243850760317
140.46248422253007
140.46250653984694
140.462761120065
140.46304271073438
140.46350394245326
140.46391971822004
140.46392361225438
140.4639916169803
140.46412036069694
140.46415959140884
140.46419977434977
140.46428089260726
140.46430658330007
140.4643135704521
140.46436332923844
140.46458970726752
140.46481249324606
140.465293448504
140.46571557431918
140.46592257258416
140.4662929908442
140.46676406552956
140.46699747203692
140.46707645313055
140.46741835028192
140.46764162435744
140.46805369344025
140.46869431062197
140.4688068575076
140.4688409582651
140.4688691483371
140.46891124196858
140.46894089043562
140.46897713361471
140.46899818173227
140.46905760643747
140.4690774147575
140.46909497581
140.46911253944728
140.46916170462322
140.46919931324769
140.4693096679454
140.46950251674608
140.469653396722
140.46969921893856
140.46993868403953
140.47009578110945
140.47010827408056
140.47010930201748
140.47059491673775
140.47096219929287
140.47106246139637
140.47130249454497
140.4715084612173
140.47197580060532
140.4720772483515
140.47257454869546
140.47304231896777
140.47306981518858
140.47338375217652
140.47345500095312
140.47349731451305
140.47358062570132
140.47366598081692
140.47372781095115
140.47381109219825
140.47383789914224
140.47385147172548
140.47388062012914
140.47389622633983
140.4740170194896
140.47413633170288
140.47443318651307
140.4745480014818
140.47465623748093
140.4747012477055
140.47471552706958
140.47476586619854
140.4747953634351
140.47483205730256
140.47511836314342
140.47546014013128
140.47559588937625
140.47610317730886
140.47611185797464
140.47615777677558
140.47619240450487
140.4762121749841
140.47624557606252
140.47630997903497
140.4763797007674
140.47641692098082
140.47643945270576
140.47648913796368
140.47649936015856
140.47685521126022
140.47748909439937
140.47779954531524
140.47784660555152
140.47791395206974
140.4779180530572
140.477924786382
140.4779261407232
140.47794226446652
140.47799469198264
140.47803097665906
140.4780718971705
140.47815188995213
140.4781940015254
140.47821653307534
140.47822317047365
140.47825631518626
140.47830031856088
140.47842992561712
140.47857691880634
140.47858746153238
140.47859852122613
140.47868661043807
140.47873942097337
140.4787824167004
140.47883689289404
140.47894624992279
140.4790094027526
140.47904817440445
140.47904944097166
140.47911071065047
140.47913004889944
140.4793389727811
140.47987082142953
140.48027251088848
140.48039931104887
140.4804871613978
140.48055941997998
140.48070186470093
140.48071219863544
140.48081512063246
140.48093881435472
140.48131565120326
140.48170288658497
140.48216656945363
140.482502448276
140.48279603114392
140.4828132259223
140.48290115333435
140.48299572178354
140.48303704090318
140.48306253196932
140.48313598009312
140.4831667574358
140.483205509228
140.48321443003297
140.48323684298416
140.48327665922227
140.48329880615418
140.48331816546383
140.48375632419194
140.48450806531403
140.48471953167203
140.48486067107103
140.48516838941353
140.48558215599812
140.48598971222543
140.48609644692394
140.48644311624136
140.48682258649404
140.4868770942992
140.48694653705735
140.4870073671032
140.48704031988075
140.48705863832788
140.48708843712396
140.48717041367968
140.48722978724945
140.48723284393654
140.4872445583392
140.48725412467465
140.4875747754966
140.48822858870264
140.48835435484867
140.48838866808921
140.48848564141525
140.48853300082558
140.48854299743795
140.4885978659229
140.48862418173076
140.48870199902925
140.4887100552861
140.48878896253612
140.48883474612458
140.48884260103816
140.48888513632778
140.48894132504873
140.48895236706892
140.48923841944554
140.48961837776164
140.48979825959978
140.48984610177567
140.48985970144943
140.48986727032343
140.48987192990376
140.48991358382938
140.4899197356276
140.4900178953104
140.49004757589998
140.49006385772825
140.49009842385556
140.49010670625606
140.4901201170592
140.4901713624067
140.4904507493517
140.49055543696917
140.4905947939896
140.49068115337295
140.4910762239388
140.49137639130655
140.49173397590278
140.49203597734063
140.49223064124214
140.4924498755939
140.49247480751154
140.49256624416637
140.4925835865609
140.49267912300093
140.49273764819606
140.4928059311574
140.4929561498769
140.49342749766774
140.49408238543134
140.49408251380856
140.49431246646606
140.49445457927817
140.49470796357207
140.4947860867319
140.49506752336012
140.49523535621117
140.49540178815585
140.49553743658353
140.49558997193674
140.49562748172593
140.49565621645272
140.4956952988858
140.495765504327
140.495809115256
140.4958301343151
140.495888085899
140.4959177998165
140.4959592824756
140.49598992098842
140.4960053469997
140.49605883990586
140.49647409520074
140.49688015748728
140.49700715255204
140.49704606378137
140.49746270179696
140.4975015629622
140.49761409533667
140.49762626366916
140.49772407191776
140.49776661524297
140.49789311012134
140.49797050362557
140.49800790215002
140.4980895377941
140.49823029751406
140.4982547758259
140.49826046681642
140.49830468614735
140.4983402279372
140.4983404138133
140.49876610471912
140.49921976766902
140.49923913423405
140.49928119123132
140.4992988860401
140.49931120418094
140.4993294373726
140.49939615348998
140.49940104894148
140.4994463811675
140.49952508372118
140.49952744352157
140.49957380180155
140.49957975226914
140.49958246405842
140.49988532740568
140.5002810761411
140.50048135443177
140.50049233350074
140.50051594534256
140.500532881468
140.5005755951825
140.50062200140852
140.50062603149712
140.5006951425619
140.50074984594815
140.5007763892086
140.50079697974746
140.50079893950115
140.50082288711266
140.50109211231216
140.50144281755502
140.50174902206732
140.5017701135054
140.5019426894786
140.50209701055533
140.50217407386776
140.5021880937515
140.5022220975884
140.50223806540038
140.50229248748943
140.50230067891576
140.50233787247709
140.50235966642117
140.50243314858338
140.50251575451705
140.50281492619357
140.50286852963353
140.50312040484303
140.50342629341608
140.50350156248555
140.50376340978218
140.5040243365403
140.5040650499611
140.50471275164952
140.50499891514204
140.5051114615738
140.5051717084214
140.50522099196783
140.50580346655084
140.50629102944222
140.50703775900078
140.50758173203954
140.5076236501167
140.50783661914355
140.50786204078395
140.50807752580107
140.50821368935405
140.50827031551512
140.50836645695722
140.50838475972108
140.50844754458387
140.50853201840326
140.5085416597228
140.50858340246137
140.5086030859426
140.5086288361162
140.5088000073726
140.50908076173792
140.50924337779122
140.50927184060592
140.50934276587327
140.5097257225933
140.5097285585706
140.5097668809277
140.50979725448826
140.50984506047232
140.50989201572548
140.5098961139096
140.50996776290694
140.51003902294215
140.51007609171398
140.5101431483221
140.51019503083023
140.51024937075854
140.5102605248995
140.51026922049425
140.51030118774287
140.51031845727096
140.5103700942479
140.51074757482516
140.51119808249973
140.51139507006872
140.51157995203232
140.51187762383918
140.5125938879532
140.5126377827812
140.51301151683006
140.51343664575546
140.51401852109439
140.51428113376116
140.51439407823577
140.51476510029147
140.51523773146556
140.51579165545985
140.51582995031683
140.51615384722683
140.5166695546467
140.51673991257584
140.51683236583415
140.51691257656623
140.51691365710198
140.5169645678363
140.51698309341705
140.51699843722056
140.517070735577
140.5170830209851
140.51710592929365
140.51713229092724
140.5171485353041
140.51746780521773
140.51783153522175
140.51784617719102
140.5182197409379
140.51826253923525
140.51829444789755
140.51830611474332
140.5183817153513
140.51845599683034
140.5185342013084
140.5186155545585
140.51867216498317
140.51869903142403
140.5187491150533
140.51880380144843
140.51880690796463
140.51882462901605
140.5188376998392
140.51887274638705
140.51893591033362
140.51894493838202
140.5189802260334
140.5190121889082
140.51907421956358
140.51909865604912
140.5191826269377
140.51919465954882
140.5192169205198
140.51923858919764
140.5192790642856
140.51934524452096
140.51936467615855
140.51940607443615
140.5194150165001
140.519451489992
140.51950442490772
140.51972892259337
140.51982106203036
140.5200588909902
140.5203702452458
140.52098395186437
140.5212075294014
140.52145540288546
140.52170208876217
140.52175217426768
140.5219681236348
140.5220244324098
140.52206086541983
140.5220715847804
140.52211024115852
140.52222781003803
140.5227137902187
140.52330619574823
140.52348705314213
140.52355055425193
140.52369837689898
140.5237423950574
140.52377507377508
140.52380221382825
140.52386402376234
140.5239312395377
140.52393255131864
140.52394740653807
140.52397808774975
140.52400513698038
140.52402126188065
140.52404579059333
140.5240809891375
140.5241262921192
140.52417972871103
140.52428253726248
140.52433641403266
140.52442595433874
140.52458061516393
140.52460434523172
140.5250679323344
140.5251557970552
140.52520093571567
140.52553623890148
140.5257081638175
140.52573379341493
140.52581700115138
140.52612367719124
140.52616613664122
140.52663627714855
140.52703326399035
140.52713832622257
140.52752909374212
140.52755910307243
140.52771653604736
140.52788208482463
140.52801747553252
140.52842622167734
140.5285643004821
140.5291335180643
140.52947301868227
140.52981878377574
140.53045297805494
140.53050836548013
140.53068963968258
140.53080494748525
140.53101109694674
140.5310248740949
140.53105674905524
140.53112926185693
140.5311786836045
140.5312273599239
140.53135437264567
140.53158934627578
140.53175736978423
140.531789431462
140.53200784378078
140.53216319013427
140.53266562014716
140.5331446826729
140.53330702959195
140.5334820614096
140.53379221055562
140.53400884125648
140.53461816738022
140.5347308346624
140.5349535577982
140.5352928519724
140.53531833761838
140.53535947968174
140.53563177563018
140.5358089804383
140.53611835504637
140.53624385569807
140.53657308477472
140.5369484373537
140.53735334780242
140.53744841109207
140.537494884263
140.53751967585603
140.53758070487794
140.5376373920519
140.53769739436456
140.53774081915452
140.53779772578363
140.53779792040416
140.53780806928032
140.53783601491665
140.53787537762122
140.53789562770754
140.53790567779745
140.53791261051174
140.53821051321333
140.53830362762292
140.53842081300937
140.53854011524288
140.53854062272623
140.53856256207388
140.53871750444935
140.53872663242174
140.53873808033597
140.53904169042755
140.5393067753896
140.53942267774485
140.5394571760408
140.53952468815004
140.53980908029396
140.54007026822518
140.54010111572825
140.54011625737644
140.54038634377605
140.54063120752159
140.5406754262952
140.5409922267554
140.54114498564383
140.54148382450097
140.54208254230554
140.54211631149826
140.5421754215206
140.54222435595236
140.5422552049711
140.54233537324316
140.54234166436729
140.54245956968953
140.54273052577182
140.54276418384626
140.54288059355005
140.54324807897837
140.54332726428854
140.54333752831386
140.54340453011127
140.5435065575875
140.54352940368705
140.54355439837255
140.54360726539738
140.54362039796834
140.54365247533028
140.54367125770227
140.54370952736986
140.54371703239758
140.5437595381279
140.5438307380174
140.54383211782226
140.54386102273008
140.54392692271784
140.54418874524055
140.5442883138453
140.54462729968085
140.54474066238598
140.54493511632282
140.54557517497742
140.5459673775668
140.54635010800487
140.54667265570475
140.54686185750208
140.54713157086
140.54740617882757
140.54748854469807
140.54778584687722
140.5479541589217
140.54797750445493
140.54855092419754
140.54863121179227
140.54873186257606
140.54880559998185
140.54883452463653
140.54890586475253
140.5489867922956
140.54905181387204
140.54934389711676
140.54976796805198
140.5498863600042
140.54994374265002
140.55029152314543
