8.266856438153606,-8.04195607704132
8.256384743308223,-8.063288932711632
8.253760527103402,-8.068587719751967
8.25113022536385,-8.073878061034124
8.248484986608654,-8.079168754535985
8.24162383759371,-8.092890873017742
8.234976167666499,-8.106177067473151
8.231190321840002,-8.11373674133772
8.230231720060694,-8.115649861512937
8.230232560952635,-8.115647755267215
8.230233098794429,-8.115646552944181
8.230232607893887,-8.115647712003888
8.230112548361603,-8.115886375740322
8.228136943357569,-8.119391502340049
8.223570538118624,-8.12659063799224
8.215697788581284,-8.13742396397299
8.200721621852633,-8.15463550676019
8.18396248041332,-8.170308720315184
8.159520034718408,-8.188117974217045
8.13820126631134,-8.199639691375793
8.115518728590809,-8.20812822125584
8.089807170595478,-8.21360956988047
8.074180845081807,-8.214715451678874
8.064596438157063,-8.214335869885703
8.05932606713926,-8.213481074594865
8.05633341038266,-8.212684330149374
8.051842729548975,-8.211275528857746
8.039765687484435,-8.2072061322865
8.024787028881427,-8.201971998263204
8.004365251869567,-8.195060121553519
7.989583622154779,-8.190301363932518
7.979197162831436,-8.187085718371682
7.977012373855994,-8.186433181592157
7.976563542055227,-8.186298892478385
7.974148900391558,-8.185550260976282
7.971062617872919,-8.184584061849153
7.968580269611319,-8.183801593433067
7.965912763013736,-8.182958116147137
7.962492958520876,-8.181870306008713
7.958775861816224,-8.180683679813004
7.95573819825142,-8.179716981270747
7.954123687225995,-8.179198250955734
7.951781434137461,-8.178439722006697
7.950511145806722,-8.178020219361535
7.948104313732519,-8.177217042705346
7.944711043458401,-8.17607828135924
7.9421661564153085,-8.175219300463734
7.9399742214596705,-8.174476112596226
7.937390129131007,-8.173594842591411
7.934979443120886,-8.172767677185291
7.9326483221888155,-8.171965631108181
7.931082604554245,-8.171420463663162
7.930611855495748,-8.171254407973338
7.929248138864869,-8.170762048887905
7.927710188244624,-8.170202307294208
7.925267788570856,-8.169307572730858
7.92294988372052,-8.168453678237658
7.921205600727816,-8.167808186575261
7.918878310762698,-8.166943883439487
7.917436773405083,-8.166406288108817
7.915683776558787,-8.16574925476997
7.914814718594114,-8.165422583928567
7.914746902064695,-8.16539742638096
7.914376324741654,-8.16525530996834
7.91358280702958,-8.164949610272837
7.912804311157508,-8.164648627537485
7.912096772480768,-8.164373590531051
7.9110169169002695,-8.163953571900146
7.910028773609819,-8.16356924337868
7.908856724545824,-8.163113231449062
7.907937099432424,-8.162755324182575
7.907075138144997,-8.162419723056031
7.90614617555435,-8.16205784456689
7.905487939022944,-8.161801127033089
7.9046147660454,-8.16146029519426
7.9039632794448815,-8.161205990748295
7.903221550045433,-8.160916535211614
7.902632530334464,-8.160686232575097
7.901946490975324,-8.16041733476946
7.900016934488162,-8.159660518560779
7.898233941596534,-8.158964693013687
7.897588522003341,-8.158712757217916
7.896448604700661,-8.158268070195014
7.895183321499411,-8.157775274083987
7.894212106935877,-8.157397820517138
7.893324340398247,-8.15705329083216
7.8922728529197235,-8.15664493961338
7.892125368677336,-8.156587459290183
7.891451680919515,-8.156325588333125
7.8907372554377595,-8.156047107107282
7.890425555533635,-8.155925301143714
7.889904182166544,-8.155721894974842
7.8891695193398785,-8.155434628615922
7.889005152136265,-8.155370099775386
7.888476166559146,-8.155162224666409
7.887465103764798,-8.154765655921148
7.8871108911407735,-8.154626523788588
7.886649295712406,-8.154445029392614
7.886251777514764,-8.154288540702622
7.885886191382156,-8.154144625270423
7.885540064069886,-8.154008191853862
7.8851750919012344,-8.153864185527006
7.88478301084537,-8.15370961476531
7.884437572418693,-8.153573215702009
7.884108849141466,-8.153443285797756
7.883734263551678,-8.153295168830175
7.883402844081224,-8.153164263346982
7.883128099851958,-8.153055424138945
7.8830000068617965,-8.153005086883775
7.882990688464377,-8.153001304971545
7.88273183915246,-8.152898332574912
7.882500054402236,-8.15280596000069
7.882273200240371,-8.152715472708193
7.88209993440739,-8.15264652312989
7.881863980826463,-8.152552642857056
7.88158048339708,-8.152439494502561
7.881417958282739,-8.152374569784682
7.881285426285851,-8.152321864751002
7.881139257739465,-8.152263360364392
7.88104365260875,-8.152225345379838
7.880961242981902,-8.15219246617086
7.880844215352847,-8.152145616016162
7.880722871630386,-8.152097252885719
7.880640596140467,-8.152064186108282
7.880548024815039,-8.152027171538156
7.880494239252255,-8.15200570626067
7.880456521770438,-8.15199058159886
7.8803744206874216,-8.151957667005105
7.880250422070414,-8.15190818961804
7.8802095230559885,-8.151891551020244
7.880134271277492,-8.15186135746071
7.880095201586715,-8.151846013988356
7.880024864551255,-8.151817699930543
7.879969453565048,-8.15179525094154
7.879907375173055,-8.1517705733633
7.879866469646063,-8.15175433015383
7.879815493571042,-8.15173364954786
7.879773041578799,-8.151716688331765
7.879765032527496,-8.151713626376907
7.879719345168272,-8.15169506327552
7.8796839847253715,-8.151681005541219
7.87960126192895,-8.151647709755132
7.8795673652829255,-8.15163415675257
7.8795080858759405,-8.15161042380594
7.879493526073563,-8.15160438015285
7.879432199019604,-8.151579911700612
7.879418097337925,-8.151574349982447
7.879353603623228,-8.151548300164384
7.879348433291182,-8.151546299991818
7.879320106771136,-8.151534989056543
7.8792810239319655,-8.151519261689838
7.879223367202908,-8.151496128030944
7.8791786980619545,-8.151478229291722
7.879145528373848,-8.151464843992128
7.879086573383689,-8.151441273737943
7.879039923705832,-8.151422462198846
7.878992180629755,-8.151403433175219
7.87897283926679,-8.151395651313363
7.878969041418287,-8.151394005599077
7.878867738491833,-8.15135330257552
7.878860522242023,-8.15135055783592
7.878840489929802,-8.151342499726866
7.878831240076391,-8.151338770016219
7.878844603633952,-8.151344089345251
7.87884891294139,-8.151345667962966
7.8788200484533775,-8.151334467384991
7.878788838300711,-8.151321671988844
7.87870665945913,-8.151288575393181
7.878663301577689,-8.151271292037254
7.878622648169334,-8.151254981250279
7.878579626735074,-8.151237755775385
7.878407204623665,-8.151168389398833
7.878404155378982,-8.151167429539454
7.878050559701374,-8.151024772449599
7.878023186615343,-8.151013990807263
7.878299244514727,-8.1511249705315
7.878129768569397,-8.151056490697947
7.878456226050604,-8.151187803015159
7.878663826171936,-8.15127097313998
7.878580798426698,-8.151237447600527
7.878676378295447,-8.15127587699435
7.878669726545638,-8.151273211262245
7.878632758974895,-8.151258413852268
7.878545140277704,-8.151223282217295
7.878557348891263,-8.151228150737193
7.878232464970224,-8.151097133382278
7.8786339994712025,-8.151258553720305
7.878623946502019,-8.151254521028946
7.8785911992047115,-8.151241375492178
7.878534370411455,-8.151218471582576
7.878510100275452,-8.15120866564612
7.878491122546769,-8.15120114419385
7.8784889856652045,-8.151200391022583
7.878489493971874,-8.151200299980827
7.878290094547495,-8.151120002201532
7.8780838561192486,-8.151037309713805
7.878382929369168,-8.151157809835386
7.878208181823154,-8.15108727155205
7.877729034025938,-8.15089465129659
7.8779832372572285,-8.150997030982085
7.878043040957702,-8.151020877185022
7.8778319490910285,-8.150935583831952
7.877897475570693,-8.150962213794813
7.878248126123854,-8.151103092103511
7.877800418947361,-8.150922909093376
7.878327282855688,-8.151134672795822
7.878185994218321,-8.151077879033283
7.878121602269366,-8.151051943283846
7.878369446402247,-8.151151555167267
7.878140382156963,-8.15105931054214
7.8777484654803445,-8.150901752979225
7.877975393683249,-8.150992788178067
7.878157558835309,-8.151065797692471
7.878047037646229,-8.15102133410211
7.878233716818101,-8.15109635979965
7.878303353333356,-8.151124317326504
7.878657140556127,-8.151266567863779
7.878395731472176,-8.15116106646801
7.878650669753585,-8.151263467600318
7.878557034184336,-8.15122616203405
7.878493909223994,-8.151200448996573
7.878400935847839,-8.151163327050376
7.878472316658733,-8.151192377762802
7.878310230658841,-8.1511264180221
7.87871895856594,-8.151291068996288
7.878925050871925,-8.15137357124448
7.87885872051361,-8.151346661580398
7.8788032089209326,-8.151324538342136
7.878781120325047,-8.151315548661774
7.878718792281728,-8.151290541697426
7.87870735324405,-8.151285903796468
7.8787257637240655,-8.151293424956684
7.878696711125714,-8.151281681217856
7.878682001954505,-8.151275810742469
7.878647926042393,-8.15126219260033
7.878623342034849,-8.151252305487715
7.8785757070962,-8.151232961225237
7.878547961342509,-8.151222066309042
7.878504186315582,-8.151204395068804
7.878510516377888,-8.151206829253919
7.8784494464340336,-8.151182374991405
7.87840662917301,-8.151165189463544
7.8783955035498145,-8.151160770209614
7.878356845548272,-8.1511451882728
7.878376310854678,-8.151152975489387
7.878359357139542,-8.151146244336484
7.878059416025246,-8.151025257184553
7.878543090196826,-8.151220036733902
7.878743820765552,-8.151299873410128
7.878735708809726,-8.151296777564923
7.879044103087925,-8.151420940124659
7.879098295989665,-8.151441822358635
7.879313758410702,-8.151528497640731
7.879301389682332,-8.15152376475968
7.8793005255440525,-8.151522959377111
7.879254993125759,-8.151504819239923
7.879209728161177,-8.151486885061825
7.879129553053769,-8.151454508520427
7.879085835244604,-8.151437089250248
7.879006456517416,-8.15140514167009
7.878933090309988,-8.15137574577832
7.8788911921046045,-8.15135908973638
7.878856155318385,-8.151344851244597
7.87877970801996,-8.151314188326149
7.878786716195084,-8.15131717660702
7.878784304196185,-8.151316147985211
7.8787739241413455,-8.151311984941843
7.878726022826011,-8.151292750432766
7.87867343316372,-8.151271508883852
7.878659963642064,-8.151266207151837
7.878656788358203,-8.15126484703979
7.878632132403611,-8.151254843087017
7.878564962377607,-8.15122817645058
7.878515871029111,-8.151208302437514
7.878520946239828,-8.151210389936315
7.878518311854527,-8.15120932835883
7.87847847523572,-8.15119319128087
7.878313365643891,-8.151127156696925
7.878426843118094,-8.151172643374014
7.878050687447272,-8.151021359068416
7.878496040313929,-8.151200258643291
7.878360295675617,-8.151145423327455
7.878293762193342,-8.15111871090684
7.878506596195989,-8.151204156355847
7.878755913624983,-8.151304271676157
7.878719589754476,-8.151289455137933
7.8788116029182245,-8.151326479360474
7.878789518952375,-8.151317605518631
7.87868559105277,-8.151275869650428
7.878616632781363,-8.151248223293004
7.878594906333969,-8.15123951547649
7.878538582568275,-8.151216767339845
7.878513242025537,-8.151206546293112
7.878460512075962,-8.151185463426232
7.87859916332316,-8.151241173806167
7.878377887818393,-8.151152175271521
7.878488443416329,-8.151196660339041
7.878594265821315,-8.151239203028602
7.878571354623057,-8.151229958924066
7.878704500293609,-8.151283357433776
7.878427498037975,-8.151171699144424
7.878221707410509,-8.151089393058125
7.878732591218052,-8.151294271970242
7.8786554514441915,-8.1512633992415
7.878556219075567,-8.151223595199323
7.878839361257794,-8.151337386253049
7.878484375000909,-8.151194161868792
7.878840580847145,-8.151337334388728
7.878772961028944,-8.151310350239095
7.878666195882182,-8.151267459944387
7.878617810131338,-8.151248027964
7.878572477379396,-8.151229911363222
7.87855228998866,-8.151221773076523
7.87878243029397,-8.15131423524035
7.878149318098379,-8.151059758417185
7.878603738737438,-8.151242367899556
7.878585469166259,-8.151235055356757
7.878551809467673,-8.151221488914015
7.878367476050207,-8.15114760597999
7.878645148842234,-8.15125895832185
7.878266619723003,-8.151106625423663
7.87833880302646,-8.151135750090148
7.878734917547713,-8.151294733365399
7.878565982940441,-8.151227031392882
7.878495807698922,-8.151198671445805
7.878489208730757,-8.151195801495357
7.878441303725488,-8.151176920088654
7.878688992243871,-8.151276544270921
7.878244645298251,-8.151097465983362
7.878352188760219,-8.151140954105085
7.878625018100551,-8.151250634410522
7.878306391872864,-8.151122125252952
7.878756514082874,-8.151303066042399
7.878748742507025,-8.151299972846163
7.878556028421574,-8.151222246746217
7.878660459512319,-8.15126390499954
7.878734336571439,-8.151293929610588
7.878775238144928,-8.151310212623633
7.878727265390078,-8.151291093243763
7.878685651785252,-8.15127454648105
7.878608346263006,-8.151243302765884
7.8785705260373975,-8.151227937696829
7.878573200114957,-8.151229169180931
7.878510065816575,-8.151203853691841
7.878475446444466,-8.151189808309038
7.878527000238821,-8.15121076959732
7.878704859616729,-8.15128218434071
7.878458448543906,-8.15118296585775
7.877993886848735,-8.150996369479277
7.877980009733928,-8.150990654769195
7.878032185654261,-8.151012000356527
7.8776774076183,-8.150869147433438
7.878093798149605,-8.151036410886439
7.8782939686501345,-8.15111678402168
7.8780629016641655,-8.151023899704112
7.878723811562635,-8.151289360792376
7.878618565956662,-8.151246908833134
7.878618991648158,-8.15124687107679
7.878594602026741,-8.151237307658644
7.8784822799765895,-8.151192064757048
7.8784698534433595,-8.15118713941411
7.878441632269031,-8.151175785184263
7.878370122679446,-8.151147043952033
7.878327267618565,-8.151129719366994
7.878368530067972,-8.151146258482271
7.878138585184391,-8.151054028746547
7.878209637414478,-8.151082635906034
7.878448880066643,-8.151178503292039
7.8780500075599145,-8.151018181124073
7.878562388812428,-8.15122423652573
7.878762741017072,-8.151304323189626
7.878777034226555,-8.151309992666508
7.878760144617989,-8.151303399162648
7.878744174785185,-8.15129679154451
7.87871236867281,-8.151283776265545
7.878680125785321,-8.151271172420449
7.878643349660358,-8.151256355432485
7.878573142525257,-8.151227919045459
7.878588680920855,-8.151234390342651
7.8785448097942785,-8.151216724299054
7.87848510299123,-8.151192583246596
7.878470284561926,-8.151186770791623
7.878473344785257,-8.151188044507489
7.878221781276464,-8.151086957963768
7.878642652365874,-8.15125596750249
7.878659178637753,-8.151262260887743
7.878837527405951,-8.151333860888974
7.878559435977897,-8.151222221738719
7.8789453756101935,-8.151377291881097
7.878964228574662,-8.151384742952587
7.8789042820109545,-8.151360673643143
7.878875130602018,-8.151348970249908
7.878837888336103,-8.151333946412965
7.878837515407506,-8.151333804456351
7.878797675257713,-8.151317770046179
7.878770664328962,-8.151307063513835
7.87874321110791,-8.151295970429114
7.878689841858074,-8.151274555595835
7.878652263467463,-8.151259325172903
7.878624352077858,-8.151248183955513
7.878597909884596,-8.151237610899809
7.87856916254396,-8.151225952515944
7.878540633686357,-8.151214660868003
7.8784714758039245,-8.15118663439239
7.878463523024888,-8.151183527695103
7.878436273896249,-8.151172621027127
7.878718668256925,-8.151286079473861
7.87886873098588,-8.15134632724449
7.878430450707461,-8.151170024048259
7.878861476971335,-8.151343475797233
7.878795707204107,-8.151316770636102
7.878762564482028,-8.15130359113494
7.878759555030234,-8.151302369884592
7.878750863263956,-8.151298776999363
7.878703177918167,-8.151279613270802
7.8786537178480485,-8.151259789751434
7.8786585704763805,-8.151261758328305
7.878555291197839,-8.15122024011471
7.878515116318146,-8.151204109510925
7.878442315192045,-8.1511749240188
7.878354170942261,-8.15113935809958
7.87857884606553,-8.151229747645923
7.878595936684576,-8.15123652784139
7.878164240940819,-8.151063031234601
7.8784002258026495,-8.151157874902982
7.878391428127683,-8.151154243688856
7.877981017737086,-8.150988770214356
7.878071817229686,-8.151025679554966
7.878337794802475,-8.151132596146816
7.877713311671826,-8.15088086821803
7.8773200658641995,-8.150723123281054
7.877335532549579,-8.150729655807435
7.87759770013788,-8.150834744901793
7.87784487574486,-8.150934139362253
7.877532839769733,-8.15080807478718
7.878054078124296,-8.151017532299727
7.8778547444290705,-8.150937338792149
7.8780103853024235,-8.151000033619566
7.8782624060799025,-8.151101067561108
7.878163386840657,-8.15106089990204
7.878478514282015,-8.151187009407028
7.878436600801312,-8.151171015671915
7.878828896556595,-8.151328076423916
7.87873265613686,-8.151289195688857
7.878627050956707,-8.151246836601205
7.8785875508721395,-8.15123119375355
7.878563905368421,-8.151221657322402
7.878526903668866,-8.151206492459528
7.878474300867685,-8.151185579061282
7.878432652453146,-8.151168803506906
7.878363379616732,-8.151140862822908
7.878480841616749,-8.15118837775079
7.878274807355173,-8.151105277147423
7.878431200267907,-8.151167947886726
7.878516117987957,-8.151202033307806
7.87853167100997,-8.151208441041659
7.8785195018639635,-8.151203516096853
7.8784685158972145,-8.151183114143647
7.8784481239046995,-8.151174999953989
7.878170050234478,-8.151062827911558
7.878472494396787,-8.151184713962586
7.878756792665305,-8.151298436147151
7.8786933536207355,-8.151272980048798
7.87866046811343,-8.15125978614789
7.878680464662974,-8.151267678484167
7.878673991621217,-8.151265198126397
7.878619717536538,-8.15124339942844
7.878646526979373,-8.151254040040081
7.878453399846734,-8.15117625780405
7.8786682373062025,-8.15126254484995
7.878597642653851,-8.151234139588675
7.878591638789736,-8.151231970265453
7.878593640839653,-8.151232752027342
7.878555564859985,-8.151217291912511
7.878561955987756,-8.151220002550494
7.878290851333162,-8.15111078796217
7.878368628250032,-8.151142306896357
7.878706784007143,-8.151278098302468
7.878407527298393,-8.151157495400968
7.8784752581609645,-8.151184912243718
7.87878069299695,-8.151307590908981
7.8787193304852,-8.151282871888615
7.8783385581981875,-8.15112966104588
7.878789569162351,-8.151311078655144
7.8785605298435595,-8.151218923007322
7.878652898187027,-8.151255887752964
7.878590400597346,-8.151230845969765
7.878487985918097,-8.15118966472077
7.87874958821892,-8.151294957910867
7.878456347192875,-8.15117679812126
7.8784773211882175,-8.151185440567875
7.878566679185555,-8.151221326934134
7.878493447613044,-8.151191678443247
7.878425300805624,-8.151164361879156
7.878394687922265,-8.151152171534699
7.878383972141698,-8.151147892004195
7.878233636328168,-8.151087559432977
7.878445516851103,-8.151172511015396
7.878647553116161,-8.151253376046883
7.878765900973878,-8.151300725577164
7.878733810819802,-8.151288163634328
7.878671004732194,-8.15126283783023
7.878645907608076,-8.151252488036265
7.8786005408649755,-8.151234477535262
7.878583375767893,-8.151227699459186
7.878520900793926,-8.15120241223127
7.878457319160622,-8.15117702609883
7.878419019781733,-8.151161536269308
7.878401185458368,-8.151154401083891
7.878390130202978,-8.15115023265054
7.878322233797614,-8.151122523984048
7.878092953650335,-8.15103041655224
7.878152274310833,-8.151054590550011
7.877990584282537,-8.15098950877034
7.877874035019575,-8.150942143831841
7.878003666701205,-8.150994534433565
7.878362111291689,-8.151138469734471
7.877927382021376,-8.150963719407384
7.878461284166477,-8.151177903171321
7.878476205144276,-8.151183781550198
7.878193152589717,-8.1510702401275
7.878820386335976,-8.151321599659193
7.8787566531756585,-8.151296253449562
7.8787041457226215,-8.151275270600749
7.878625696611619,-8.151243441324409
7.878606802539386,-8.151235975429199
7.878555450997648,-8.151215627494974
7.878529217591819,-8.151204675327234
7.878477961669711,-8.151184185297716
7.878440694840768,-8.15116939615113
7.8784030160556595,-8.151154133606676
7.878375959723896,-8.151143407383664
7.878329316184814,-8.151124599138635
7.878344231887977,-8.151130667115677
7.878243490605244,-8.151089596532998
7.878860248010159,-8.151337521753705
7.879159637831058,-8.151457358234211
7.879128869299876,-8.151445142679396
7.879045603119012,-8.15141159524865
7.879032739482635,-8.151406478241444
7.878999840612942,-8.151393283787206
7.878949189185736,-8.151372839711092
7.87894912532658,-8.151372951574029
7.878871596094384,-8.151341879755421
7.87881899150489,-8.151320553257293
7.878784443890869,-8.151306919812601
7.878731992915592,-8.151285795319028
7.878693690449182,-8.151270100245174
7.878666436699101,-8.15125975876407
7.878630497133624,-8.151245106831155
7.8785824712456085,-8.151225581941466
7.878545420546058,-8.151210954042405
7.878485698565561,-8.151186859029822
7.878475980938345,-8.151182930567257
7.878475981322639,-8.151183058927087
7.878476761981175,-8.151183439428454
7.878628642149044,-8.15124363198052
7.879026701155013,-8.151403596853235
7.879049743808286,-8.151412768182341
7.879034514136781,-8.151406742098787
7.879022988630836,-8.15140192763875
7.878976602922294,-8.1513832847105
7.878941653897451,-8.151369552105079
7.878908595276387,-8.15135606888489
7.8788881670687445,-8.151347917980964
7.87878854904544,-8.151307865299334
7.878789298578433,-8.151308189992944
7.878799482590575,-8.151312245294276
7.878762834305633,-8.15129757230101
7.878744905875181,-8.151290381588316
7.878736107299243,-8.151286882850059
7.8786433251003505,-8.151249409214177
7.878617682930914,-8.15123922297567
7.8785685507456735,-8.151219538932143
7.878544342771131,-8.151209739446333
7.878534686480913,-8.151205973499101
7.878508189826091,-8.151195203201516
7.878431662131381,-8.151164513899893
7.878410542984188,-8.151156066881388
7.878407043080951,-8.151154470797401
7.878356652688736,-8.15113419648643
7.878183866340855,-8.151064929064866
7.878572703254363,-8.151220865676063
7.878455666083915,-8.151173864181356
7.87850633729788,-8.15119407223059
7.878397988379598,-8.151150361846806
7.878714178546238,-8.151277750510708
7.878683694293098,-8.151265590997594
7.878518550925855,-8.151198769556427
7.878688297904723,-8.151267050833445
7.878317720382283,-8.151118491517456
7.878584833684391,-8.151225546573832
7.878575215859471,-8.151221545495043
7.878471711651653,-8.151180087038922
7.87820039138127,-8.151070598828259
7.878225388666137,-8.151080840431868
7.878561550107706,-8.151215917620897
7.878403800094457,-8.151152350856382
7.878521475040094,-8.151199433648914
7.878631244315632,-8.15124366208388
7.878430702810756,-8.151163083028454
7.878720248673393,-8.151279366259434
7.8786901852207425,-8.151267186045779
7.878526842955571,-8.151201405015048
7.878601326265379,-8.151231373561265
7.878552339498138,-8.151211659172732
7.878497771346926,-8.151189790948106
7.878465129112955,-8.151176705488952
7.878440164065899,-8.15116665622094
7.878415255247533,-8.151156611898083
7.878419518380761,-8.151158336000027
7.8783701926646525,-8.151138525868857
7.878320190113129,-8.151118123847606
7.878273718244842,-8.151099492073412
7.878670869300232,-8.151258946589786
7.878646405651088,-8.151249127604919
7.878606904122894,-8.151233197121776
7.878540522856814,-8.151206557996895
7.878502828740048,-8.151191421315865
7.8784911037959455,-8.151186609204847
7.878478358134988,-8.151181670033115
7.878445764668989,-8.15116869722087
7.878428204060099,-8.15116138276023
7.878375448663948,-8.15114019636198
7.878357702043215,-8.151133191715902
7.878136512628034,-8.151044330980417
7.878845531229042,-8.151328497408667
7.87881070374889,-8.15131469410619
7.878807658440213,-8.151313500170684
7.878743892132414,-8.151287942616785
7.878714833127341,-8.151276468793043
7.8786837789483455,-8.15126377845479
7.878646154346958,-8.151248524236035
7.8786126749309355,-8.151235355284442
7.878561953569214,-8.15121481664261
7.878525333829786,-8.151200239850787
7.878488371516568,-8.151185506863596
7.878495440362113,-8.151188067418097
7.878474507936869,-8.151179749170986
7.878456042387516,-8.151172400430584
7.878450846667874,-8.151170207783117
7.878427838381533,-8.151160995228457
7.8784164531518295,-8.15115648997856
7.878404997836209,-8.1511518474878
7.878538875885456,-8.151205056715597
7.878766740292429,-8.151296215919867
7.879082308693117,-8.151423273807945
7.879049054095987,-8.151410005345394
7.879066215094214,-8.151416876623529
7.879032931786532,-8.151403519965292
7.87899582755197,-8.15138865711678
7.878959854621665,-8.15137409636257
7.878937036700226,-8.151365048839272
7.878881134764899,-8.151342504434965
7.878781532463595,-8.151302479553642
7.878722906623929,-8.151279020944884
7.8787258959067525,-8.151280172277444
7.878671808155592,-8.151258417796894
7.878624242776027,-8.151239512032644
7.878625335293321,-8.151239860329772
7.878609783592282,-8.151233659008561
7.878630578969997,-8.151241943769678
7.878618251011825,-8.151236974204041
7.878599911794871,-8.151229681604148
7.878590751189133,-8.15122595511267
7.878570994928635,-8.151217944767989
7.878363326859776,-8.151134688003095
7.878662782236526,-8.151255014416439
7.878501088061925,-8.15118984043293
7.878653600378722,-8.151250900259713
7.878446396380519,-8.151167829887465
7.878748078071561,-8.151289016687576
7.878263580115709,-8.15109417783369
7.878672375953805,-8.151258567755358
7.878652015258596,-8.151250251674488
7.878625922231603,-8.151240011772883
7.8785694692720565,-8.15121702217569
7.878494814400229,-8.151186947452503
7.878494996625115,-8.15118731467399
7.878772232249887,-8.151298164985624
7.878492619031397,-8.151186077530845
7.878828307761464,-8.151320914981547
7.878875270908862,-8.151339537704835
7.878818453859111,-8.151316948247903
7.87880001698251,-8.151309411666643
7.878765904818186,-8.151295838807343
7.878789801644142,-8.151305362625092
7.878795687736719,-8.151307674595872
7.878773209135352,-8.151298672145726
7.878735320410588,-8.151283571652904
7.878679855134704,-8.151261182290973
7.878676979132532,-8.151260080755339
7.878677288299397,-8.151260284088918
7.8786460140801875,-8.151247647667148
7.878621432961809,-8.151237784445973
7.87861102568938,-8.151233554935542
7.878338731133409,-8.151123647864619
7.878741266026976,-8.151285731685803
7.878647566135685,-8.151248197572057
7.8785887070474265,-8.151224330861996
7.878593012989583,-8.151226020071784
7.878593863488948,-8.151226537165217
7.878567493078455,-8.151215825790139
7.878536715875775,-8.15120322914051
7.878520821745515,-8.151197166494292
7.878456137905484,-8.15117122072368
7.878403036416773,-8.151149587885271
7.878428120067133,-8.151159946457003
7.878412722898846,-8.151153851713252
7.878154627384635,-8.15104997107079
7.878336222012999,-8.151122911950578
7.878599014764075,-8.15122849998658
7.878403020085742,-8.151149040590841
7.878579813938606,-8.151220644670595
7.878821209085416,-8.151317464588576
7.878840661431286,-8.151325172561712
7.878808179840955,-8.151312177302328
7.8785626320924385,-8.151213736852572
7.878706805490123,-8.151271096503635
7.878655512504207,-8.15125079783997
7.878597954138014,-8.151227880898793
7.8785634073489605,-8.151213614533484
7.878522032499399,-8.151196980736717
7.878497678644375,-8.151187506559568
7.878497988197483,-8.151187497722365
7.8786299558454544,-8.151240412855973
7.878595205489846,-8.151226164818127
7.878725103636299,-8.151278658055961
7.878710332183929,-8.151272520967293
7.878694214627145,-8.151266130426645
7.878644518571919,-8.151246309151025
7.878639383755306,-8.151243940552053
7.878616381837768,-8.15123489111338
7.8785899788540386,-8.1512243805347
7.87851330620144,-8.151193419405818
7.878505910418353,-8.151190570456427
7.878483385685525,-8.151181510094206
7.878437211483398,-8.151162840275077
7.878398263027043,-8.151147198982281
7.878341905205093,-8.151124655171921
7.878360695900192,-8.151132149208928
7.878302911443748,-8.151108564139045
7.878074621532043,-8.15101721500846
7.8785276620726625,-8.151199272181723
7.878289890178165,-8.151103327377177
7.878060777620132,-8.15101154379814
7.878147586247758,-8.151046323900424
7.877962428397059,-8.150971787415683
7.877395620529096,-8.150743804905645
7.8777087234077285,-8.150869793515003
7.8778049413632,-8.150908250147241
7.8777704729504086,-8.150894605446227
7.878209850014484,-8.151070867475017
7.877809096648859,-8.15090974365616
7.878419763275929,-8.151155155399916
7.878195982451452,-8.15106499021226
7.878284971040994,-8.151100801675
7.87835186553938,-8.15112768640697
7.878179428497339,-8.151058594055584
7.878172190416079,-8.151055351157993
7.878366851922265,-8.151133497223029
7.878151533668138,-8.151046679929037
7.878017816005311,-8.15099310562852
7.8783052011883195,-8.1511083824573
7.878007550877765,-8.150988845234687
7.878291355186421,-8.151102758825335
7.878621307108848,-8.151235369184006
7.878253848992578,-8.151087234003557
7.877994610858704,-8.150983297965425
7.878189696094832,-8.151061746928493
7.878076855904255,-8.151016329520676
7.877668271234943,-8.150851945211123
7.877917634251146,-8.150952466947953
7.8774604942482735,-8.15076874570267
7.8777109155245615,-8.150869399425845
7.877376617238738,-8.150734348063038
7.877381672524733,-8.150736734521747
7.877582086553975,-8.150816747963907
7.87744901499852,-8.150763771175749
7.877246675351231,-8.150682054182596
7.877688617782609,-8.150859658169296
7.877945303760815,-8.15096276554793
7.877561564260854,-8.150808363635829
7.877540497757388,-8.150799998919041
7.877979851746927,-8.150976487281788
7.877795554795389,-8.150901763270264
7.878169770593776,-8.151052658246671
7.878361842332629,-8.151129632090145
7.878051807118857,-8.151004539511662
7.878198822156275,-8.151063934071036
7.878558996186612,-8.151208529801108
7.8784272268951625,-8.151155145194574
7.878174752124536,-8.151053813110025
7.878754908998302,-8.151286973351416
7.878282061393237,-8.151096663835277
7.878643776717143,-8.151241946468952
7.878588480439878,-8.15121999914446
7.878556021675983,-8.151207038284213
7.878505328276838,-8.15118646661855
7.878437482770879,-8.151159378067787
7.87854310041151,-8.151201786025077
7.878459791314691,-8.151168146717625
7.878439367061596,-8.151160124723393
7.878395248350546,-8.151142173257702
7.878218736137269,-8.151071506744445
7.878605767036852,-8.151227138514251
7.878303062710935,-8.151105008321279
7.878022519866565,-8.150992341981146
7.8786420242562984,-8.15124127987734
7.878611651591171,-8.151229019682999
7.8786064713575445,-8.151226804520139
7.878617798235352,-8.151231517123882
7.878522090998784,-8.151193149037727
7.8788542275536555,-8.151326124487465
7.878839303523164,-8.151320337637081
7.878796562510125,-8.151302995497097
7.878756942702661,-8.151287183050123
7.878707574415745,-8.15126743927414
7.878684207283407,-8.15125778579948
7.878645615222879,-8.151242330405594
7.878620015575137,-8.151232169009642
7.878593016878956,-8.151221480600295
7.8785808914370135,-8.151216208034244
7.878583694946171,-8.151217611330278
7.878565464244895,-8.15121022257314
7.878458505742997,-8.15116681178548
7.878421128281913,-8.151152271219946
7.878561473655754,-8.151208826715632
7.878457252320365,-8.151166496260812
7.878066174791543,-8.151009563959246
7.878611686114188,-8.151228416054114
7.878664264938174,-8.151249288944248
7.878661056269031,-8.151248259084849
7.8786441986028555,-8.151241477198917
7.87863253621491,-8.151236666808753
7.878614499706091,-8.15122955075882
7.87856167019382,-8.151208369897953
7.878537208918205,-8.151198515070227
7.878269763874495,-8.151090752932904
7.8784672962754785,-8.15117041171648
7.878731581015833,-8.151276502638677
7.878248415871041,-8.151081884718414
7.87791252614673,-8.150947360729552
7.878024251751211,-8.1509923355254
7.878043302060193,-8.151000097931542
7.877309796401469,-8.15070481850888
7.877411907915943,-8.150746024398854
7.877656972884283,-8.150844757885903
7.8776463208284255,-8.150840345060496
7.878058344780335,-8.151005886282213
7.877947513455005,-8.150960942378974
7.877628778216608,-8.150833142258875
7.87818643691238,-8.151056914079975
7.8778094523745565,-8.150905483120317
7.878348613066223,-8.151121951711186
7.878174303987133,-8.151051691108112
7.878141633225673,-8.151038413082057
7.878103924517812,-8.151023502292977
7.878266235354448,-8.151088734500329
7.8782434183136845,-8.15107925712499
7.878077046360107,-8.151012210349423
7.87842959279716,-8.151154160098562
7.8784712154903636,-8.151170394241435
7.8782998111451406,-8.151101520722811
7.878477562502974,-8.151173387808688
7.878630042317542,-8.151234343677105
7.878515671333694,-8.15118811542361
7.878535802943509,-8.151196571570663
7.878590149796213,-8.15121815013134
7.878755913912082,-8.15128456110563
7.878748810852271,-8.151281549545782
7.878791888240471,-8.151299149458472
7.878995717166302,-8.15138087958013
7.878690310124909,-8.151258100697705
7.878705785537794,-8.151264318275658
7.878393850485066,-8.151138934798361
7.878683762979373,-8.151255590021515
7.878482485249858,-8.151174417199924
7.878364162822857,-8.15112687952366
7.878739120339761,-8.151277794242448
7.878307563223062,-8.151103962880777
7.878369008126041,-8.151128721057043
7.878719601588679,-8.15126973280543
7.878323351687498,-8.15110994961392
7.878109943975145,-8.151024334277697
7.878294862065459,-8.151099005546847
7.8784567784131765,-8.151163817213693
7.878270046541903,-8.1510881907705
7.878374497012596,-8.151130408448694
7.878644614023212,-8.151239143264075
7.878380966138661,-8.151132784921868
7.878471601198115,-8.151169300645202
7.878754703680145,-8.151283203806008
7.8784461473995435,-8.15115900383945
7.878541479839626,-8.151197151173792
7.878921832892528,-8.151350089177525
7.878659990602037,-8.151244904074918
7.879009090692524,-8.151385319114214
7.878744469555938,-8.151278719595041
7.878641116483913,-8.151237260982684
7.878809676656692,-8.151304982570515
7.878793072787719,-8.151297842956106
7.878835676362941,-8.151315249361698
7.878650380695701,-8.151240637985433
7.878820864697785,-8.151309268647337
7.878859198170085,-8.151324780371569
7.878420174304191,-8.151148139394275
7.8786462439469975,-8.151239248618227
7.878433431590047,-8.151153403957942
7.878052074242646,-8.150999869932871
7.878082238812978,-8.151012220706116
7.877917021748848,-8.150945684347214
7.877739504652117,-8.15087413529669
7.877670913508045,-8.150846583984872
7.877793178717434,-8.150895791812
7.877570835091631,-8.150806173080696
7.877708942238453,-8.150861851936602
7.877932909941349,-8.150951719254435
7.877564941048621,-8.150803587574433
7.8776064926751,-8.150820605863055
7.8778616017317145,-8.150923105344264
7.878154097923248,-8.151040741280802
7.8777012533942194,-8.150858370498218
7.877913537913474,-8.150943848551501
7.877733370453481,-8.15087111002904
7.877911787137389,-8.150943004355106
7.878191995542732,-8.151055594641253
7.878015399264386,-8.150984319007343
7.877828598231967,-8.150909199247826
7.878199264366315,-8.151058327459534
7.878108648619609,-8.151021487926991
7.878021908459081,-8.150986548453062
7.878377776518641,-8.151129613373797
7.878503153425703,-8.15117987219521
7.878259569850612,-8.151081668221938
7.878704239585937,-8.151260543885058
7.878441857046745,-8.151154810446464
7.8786642792244,-8.151244287258407
7.8786008676247645,-8.151218883428676
7.878528859134234,-8.151189920842151
7.878451515513318,-8.151158759340012
7.878398675909514,-8.15113750794534
7.878460200010321,-8.151162256270174
7.878749686833848,-8.151278621566147
7.878615026278756,-8.151224324481955
7.8786218022883325,-8.151227300989637
7.878590251829813,-8.1512144211671
7.878544561196602,-8.151195944532047
7.878561011371833,-8.151202672467472
7.8786735138883826,-8.151247936515027
7.878243080147366,-8.151074647979826
7.878482929127071,-8.151171406226851
7.878611810254502,-8.15122297968639
7.878403952720919,-8.151139151313163
7.878354666806287,-8.151119626875325
7.87849745078325,-8.151177220675043
7.878013117381735,-8.150982148616503
7.877631023006694,-8.15082819036598
7.877549987236323,-8.150796079748744
7.878073933377141,-8.151006495813759
7.877829179891345,-8.150907725019769
7.878069579086418,-8.151004901309275
7.878130401242035,-8.15102886006847
7.877699803499196,-8.15085590175921
7.878099651064121,-8.151016605391606
7.878185723941563,-8.151050989971239
7.877709014002835,-8.15085918017733
7.877781523541419,-8.150888551806736
7.878190946202816,-8.151053003804163
7.877882427842689,-8.150928938611461
7.877744323011345,-8.150873099612067
7.878341762968699,-8.151113296140844
7.8780329177565385,-8.15098897348288
7.877921928806777,-8.150944301919724
7.878062854940392,-8.15100114947345
7.877941880215984,-8.15095210705354
7.8781288965524485,-8.151027727570286
7.878073750653807,-8.151005331573375
7.8782190948075534,-8.1510636925673
7.878596606023314,-8.151215029654931
7.878564104419434,-8.151201748135286
7.878808951453808,-8.151300082464134
7.878892936631969,-8.151333773804803
7.878820115307997,-8.151304589666717
7.878778607141944,-8.1512878283805
7.878760062138174,-8.151280380172771
7.878705612466971,-8.15125867224669
7.878595724518974,-8.151214409139547
7.878562092960895,-8.151200921835155
7.878537530491036,-8.151191178061561
7.87848804098713,-8.1511712354184
7.878446977192787,-8.151154621769264
7.878414415543281,-8.151141726010067
7.878512064981908,-8.151180776407317
7.878374277924297,-8.151125059447514
7.878314804108723,-8.15110148735246
7.878536521279495,-8.15119068477621
7.878543238705955,-8.151193073692856
7.87841720650426,-8.151142378228128
7.878515348283956,-8.151181785338213
7.878914655661445,-8.15134229227467
7.878803476645442,-8.151297532156306
7.878748402884519,-8.151275218386083
7.878703530434598,-8.151257341720106
7.87863598582199,-8.151230103435132
7.878608897771719,-8.151219298865003
7.878583145990307,-8.151209071263656
7.878542884832762,-8.151192760403038
7.878493285328671,-8.151172827349413
7.87847696576451,-8.15116648839431
7.878420535631529,-8.151143684310574
7.878402727011093,-8.151136483772342
7.878422123405933,-8.151144420469862
7.877931771475365,-8.150947259708454
7.878577626752226,-8.151206410963772
7.878393526532031,-8.151132715651597
7.878601129049606,-8.151216210523948
7.878460822583771,-8.151159585989108
7.878079816061767,-8.151006227126818
7.8784096546769815,-8.15113889335999
7.878508474494032,-8.151178472087707
7.878289041025124,-8.151089905245705
7.878218999662922,-8.151062095623832
7.878424012740173,-8.151144428637824
7.878303812138749,-8.151095859157378
7.8780172581457055,-8.15098070244585
7.878512690719703,-8.151179964772812
7.878126026809053,-8.151024389549928
7.87801618378664,-8.150980179503629
7.878098084524496,-8.151013140379549
7.878106750103715,-8.151016566060612
7.87781103174413,-8.150897251645613
7.878110128854264,-8.151017781164066
7.878133407806574,-8.151027104607179
7.877718517864525,-8.150860141514192
7.878082705953676,-8.151006614471893
7.877996304378752,-8.15097173207529
7.877920702623529,-8.150941282247771
7.878146132328433,-8.151031691665938
7.878147287009036,-8.151032091408627
7.877858121591954,-8.150916072114518
7.878518761918921,-8.151181086638593
7.878514228989406,-8.151179249063485
7.8785010555362,-8.151173349551724
7.878492667776844,-8.151170278682534
7.878767564783046,-8.1512809942564
7.87867996016284,-8.15124539808911
7.878619629528048,-8.151221189104914
7.878546326348052,-8.151191761084428
7.87845462109664,-8.151155032647928
7.878413896144809,-8.1511385582783
7.878413457139794,-8.151138448745108
7.878746557775825,-8.15127253628891
7.8781052251544255,-8.151014484873912
7.878594804386842,-8.151211189645313
7.878749083673287,-8.15127320966862
7.878725861900889,-8.151263705600003
7.878714270011814,-8.151259001080254
7.878671317493979,-8.15124188893788
7.878639234341868,-8.15122887272615
7.878520687071326,-8.15118122331519
7.878624367832353,-8.151222990548003
7.878260371213138,-8.151076373842654
7.878816143377494,-8.1512994769671
7.878791412269185,-8.15128987547243
7.878794156922832,-8.15129080683062
7.878747096383996,-8.151272026557411
7.878732017467424,-8.151265947603541
7.878575263981982,-8.15120295822931
7.878822544134309,-8.151302561903348
7.878682119988432,-8.151245800361583
7.878603533804759,-8.151214016743598
7.878559330746365,-8.151196216012726
7.878530255399834,-8.151184643623152
7.878474147717287,-8.151162050975321
7.8784625344949015,-8.151157315987366
7.878395872099057,-8.151130757552894
7.878633302416756,-8.151226115160055
7.878525348143577,-8.151182470184947
7.8781856109247075,-8.151046012209337
7.8783862559278255,-8.151126751115179
7.8784306706259,-8.151144684440668
7.877803269052791,-8.150891968573525
7.8778502130248285,-8.15091119896338
7.878066510490563,-8.150997770802235
7.878365201785848,-8.151117589583517
7.878341006845,-8.151108032152633
7.878446729888982,-8.151150257536155
7.8785323857897165,-8.15118471657749
7.878094803144495,-8.15100898606054
7.8786711762021895,-8.151240226219043
7.8784333685361245,-8.151144556994746
7.8784651093617954,-8.151157684687977
7.878526282800542,-8.151181867205814
7.878307667193106,-8.151093882927897
7.878572436446084,-8.151200816599957
7.878628441619138,-8.151222826101877
7.878613118463356,-8.151216746231206
7.878541311302656,-8.151187846521674
7.878675143386613,-8.151241932061614
7.878801118788688,-8.151292191586935
7.878736936790365,-8.151266252097864
7.878691507554432,-8.15124796827163
7.878635186105421,-8.151225466878792
7.878516745083647,-8.151177832907857
7.878498607278216,-8.15117046491075
7.8784714106135025,-8.151159602102735
7.878446940391945,-8.151149773649381
7.878570934847647,-8.151199832336374
7.8785115993353365,-8.151175510684407
7.878255492659574,-8.151072386186982
7.878690773495129,-8.151247597489103
7.878675120935534,-8.151241042410202
7.878634536807356,-8.151225038709418
7.878737356057806,-8.15126617616664
7.878582968592522,-8.151203508974035
7.878724728774463,-8.151260501087767
7.878666116872942,-8.151237350812053
7.878590643349293,-8.151207021394884
7.878664856429548,-8.151236820649752
7.878623848630901,-8.15122034331966
7.878635428896269,-8.151225228781737
7.878586359954626,-8.151205205560832
7.8785311992965585,-8.151183000661876
7.878490591050642,-8.15116677523245
7.8784549058230775,-8.151152319527736
7.878446168645034,-8.151148932046777
7.877989794951232,-8.150965740993778
7.878484569627755,-8.151164173472713
7.878141575043518,-8.151026248877672
7.878433839243906,-8.151143828331167
7.878875539803962,-8.15132139167495
7.878813271184033,-8.151295894324742
7.878777903496089,-8.151281859152938
7.878787765972938,-8.151285643671793
7.878740400622265,-8.151266534557319
7.87868247742947,-8.151243444190854
7.878608445053745,-8.151213580880217
7.87850571244545,-8.151172259576134
7.8787737575216985,-8.15128028249899
7.878326529983174,-8.151100299329547
7.878724741108768,-8.15126013119895
7.878715297194543,-8.151256620113644
7.878597109767297,-8.151208970233418
7.87847484562422,-8.151159860257986
7.878658720914667,-8.151233720693886
7.8789222599317705,-8.151339474775186
7.878666971855511,-8.1512368146791
7.878942907176127,-8.151347692624713
7.878885577997264,-8.151324696282764
7.878864986040238,-8.151316412080659
7.878816785371714,-8.151297066783902
7.8787213812296635,-8.151258640558115
7.878669393132828,-8.151237799788985
7.8787019741588855,-8.151250948129004
7.878651126966137,-8.151230529171738
7.8786234242016775,-8.151219411415779
7.878596203848475,-8.151208375419955
7.878605999759844,-8.15121239718877
7.878571534018507,-8.151198529815819
7.878555889366067,-8.151192127983823
7.87894342673882,-8.151348159754276
7.878511377866083,-8.151174249882079
7.878539038364409,-8.151185358437118
7.878346016083512,-8.151107630626253
7.8781816359413135,-8.15104131129148
7.878443472698269,-8.151146804084322
7.878530380389611,-8.15118187551493
7.878404623974794,-8.151130918215859
7.8782481360273975,-8.151067805657323
7.878462911623221,-8.151154509889587
7.878243786450611,-8.15106624142361
7.8783636254313585,-8.151114442622804
7.878623838548599,-8.151218893564657
7.878329636152703,-8.151100446272753
7.878634683746855,-8.151223144453043
7.878717732585614,-8.151256538786035
7.878427454614985,-8.151139551906775
7.878355074182301,-8.15111068896316
7.878764285589287,-8.15127503364047
7.878379027389098,-8.151120377852557
7.877822722042878,-8.15089664768871
7.8778294794585575,-8.150899458750786
7.877453231956699,-8.15074833238928
7.877252913128953,-8.150667691731817
7.877711331466659,-8.150851989731056
7.877806164410282,-8.150890036045158
7.8775666670661835,-8.150793326961377
7.877951290066754,-8.150948309376176
7.87835720158977,-8.151111236981812
7.878019061518348,-8.150974950007123
7.878593286996534,-8.151205228779945
7.878866210610718,-8.151314818688979
7.878827979749434,-8.151299468941513
7.878736686283161,-8.15126278225373
7.879187852878147,-8.151444193706691
7.879127316562253,-8.151419681212095
7.879067974760479,-8.151395837412313
7.879011852420583,-8.151373177102636
7.878958228928454,-8.151351731731653
7.8789044239321235,-8.15133009809516
7.8789369106109834,-8.151343076826215
7.878872562912691,-8.151317355330487
7.87881690022995,-8.1512949002928
7.878785677337943,-8.15128245464255
7.878803483272411,-8.15128952005697
7.878764820524523,-8.151273959135185
7.878736935937482,-8.151262856380574
7.878704494342532,-8.151249770294806
7.878641807570988,-8.151224587433717
7.878585182838292,-8.151201852010574
7.8785891687441305,-8.151203448513417
7.878520985435606,-8.151176049757266
7.878525693793241,-8.151177837232302
7.878452252951304,-8.151148542239012
7.878509965190645,-8.151171629021132
7.878495038533712,-8.151165022447552
7.878778061529236,-8.151278934393497
7.878749132721126,-8.151267456532977
7.878725035441369,-8.15125789502001
7.878705725703173,-8.151250017115823
7.87866462165063,-8.151233510721152
7.878654158229344,-8.151229328301714
7.878661298971662,-8.151232069928676
7.878765043471879,-8.15127399065692
7.878696710217092,-8.151246528997284
7.878692278410392,-8.15124444838143
7.878649312923941,-8.151227208864208
7.878611672943076,-8.151212222249779
7.878641166661147,-8.151224027264503
7.878625351998087,-8.151217616857972
7.878592931039789,-8.151204674992814
7.878574076205492,-8.151197205201019
7.8785752882685545,-8.15119763143156
7.8785482150084345,-8.151186528253218
7.878540714501076,-8.151183698874911
7.8785254992538665,-8.151177677224759
7.878459063911875,-8.151150788462765
7.878468430143614,-8.151154677686725
7.878217650759316,-8.151053635315456
7.878465500866537,-8.151153437365442
7.878395383711198,-8.15112494119489
7.878618863251768,-8.151214699068197
7.87858386020564,-8.151200661599098
7.878583136348998,-8.151200444787703
7.878557672846962,-8.151190322007508
7.878551833858325,-8.151187892278298
7.878257386275453,-8.151069335468414
7.878638784382669,-8.15122294274328
7.87883368312166,-8.15130097484169
7.8787497207075585,-8.151267079573092
7.87872760990427,-8.151258110007053
7.8787149062013615,-8.151253008838307
7.878661075489722,-8.15123155954446
7.878600812382832,-8.151207309738437
7.878582875650892,-8.15119995701614
7.878514162864611,-8.151172559282058
7.878527213683847,-8.151177826519861
7.8784841785700435,-8.151160463208104
7.878487941241141,-8.151161899388205
7.8784738712641165,-8.15115643674718
7.878453123264063,-8.151147928906585
7.87845836215772,-8.151150125630359
7.87843386638845,-8.151140365460932
7.87838400519314,-8.15112013778081
7.878406647869682,-8.151129443305434
7.878236069531209,-8.151060471792578
7.8786442107987,-8.151224328285126
7.8786249418370025,-8.151216102883533
7.878858064108112,-8.151310016702823
7.878951725776139,-8.15134755625712
7.8789299281183425,-8.151338878455254
7.878894553608634,-8.151324609719186
7.878891161594225,-8.151323320134566
7.8788576075088255,-8.151309923356663
7.878739585791686,-8.15126230120418
7.878703866600039,-8.151248166507486
7.878643611186151,-8.15122406863012
7.878573276884785,-8.151195554832027
7.878600266185571,-8.151206515092987
7.878601612006445,-8.15120718145255
7.878591787537504,-8.151203244498943
7.878583754562508,-8.151199542705157
7.878778297400107,-8.151277434565678
7.879109024113486,-8.151410203381703
7.879184535901469,-8.151440914670854
7.879375375417679,-8.15151712682782
7.879367933732799,-8.15151417282112
7.879332564819226,-8.151499822408923
7.879289874611486,-8.151482887715337
7.879270874252352,-8.15147534434526
7.8791974399107945,-8.151445654048292
7.879120219686091,-8.151414912274147
7.878995464578499,-8.15136466914283
7.878943322622091,-8.151343735969732
7.878953753364887,-8.151348231032747
7.878884315461857,-8.151320251288585
7.878861224090909,-8.15131079383542
7.878808045708235,-8.151289581232968
7.878772389670862,-8.151275232330141
7.878726608661877,-8.151256774137407
7.878841138652639,-8.15130286601303
7.878808634295286,-8.15128979670132
7.878787629855772,-8.151281411339172
7.878797569858376,-8.151285455252584
7.878754102131925,-8.151267846860453
7.8786926572317295,-8.151243172695558
7.878668156309098,-8.151233451974626
7.87861966507224,-8.151213878105874
7.878571183110264,-8.151194478360884
7.878452291689714,-8.151146711706543
7.878707346457704,-8.151249210099074
7.878253799790511,-8.151067047971724
7.878514045627678,-8.151171376461063
7.87859524489723,-8.151204104157696
7.878510806267992,-8.151170150155936
7.878738268082397,-8.15126145843937
7.878342728461948,-8.151102182803196
7.878240999781943,-8.151061538387903
7.87883726640818,-8.151300811145642
7.878776338857841,-8.151276474234946
7.878755886233846,-8.151268403038715
7.878730554054135,-8.151257990084298
7.878682280947938,-8.151238490331437
7.878637677858714,-8.151220784355601
7.878608840253279,-8.15120906171738
7.878581007378494,-8.151197994309266
7.878544839090125,-8.15118347900413
7.878497783162602,-8.151164509889021
7.878495142397226,-8.151163455274567
7.878482225430991,-8.151158349903856
7.878461590464036,-8.151150139211344
7.878462443573984,-8.151150307852703
7.878409090035193,-8.15112903834173
7.878361202646552,-8.151109698422001
7.878344705013187,-8.151103074630411
7.878327335989314,-8.151096177081024
7.878317003020449,-8.15109193617935
7.878317788731554,-8.15109188753175
7.878739309832503,-8.15126127182286
7.878703089902722,-8.151246251516083
7.878968965620146,-8.151352935195511
7.8790276141780256,-8.151376401744882
7.878994606472607,-8.151363397574912
7.878950523894745,-8.151345656891625
7.878933828352586,-8.151339012684515
7.8789098050910695,-8.151329372739893
7.878854058717425,-8.151306924418833
7.8787927008330785,-8.15128230596295
7.8787714576148815,-8.151273915125433
7.878731762734834,-8.151257765234849
7.878720056930336,-8.15125307341128
7.878738771121416,-8.151261016086272
7.87859322746806,-8.151201893645961
7.879008909044436,-8.151368543848278
7.878941327141746,-8.151341815020233
7.878882295374236,-8.151318093990028
7.878830884362404,-8.151297209170124
7.878783981398732,-8.15127874163955
7.878785690893127,-8.151279484009558
7.878829276607197,-8.151296704432974
7.8787784356025,-8.151276578940406
7.878718441578018,-8.151252612238192
7.878646867858173,-8.151223448528084
7.878626035867112,-8.151215223553061
7.878590506041182,-8.151201123996833
7.878553280214568,-8.151185946032752
7.878552734233903,-8.151185823111005
7.878536514579019,-8.15117933979387
7.878534633382416,-8.151178509918203
7.878541447146282,-8.151181360946916
7.878522914480605,-8.151173802470904
7.878513686543246,-8.151170096975246
7.878311677240612,-8.151089371550945
7.878765223186789,-8.15127108482473
7.87856780557652,-8.151191446167639
7.878477053197653,-8.151154947559672
7.878787463115035,-8.151279566260209
7.878780147908769,-8.151276843877177
7.878724219856606,-8.151254501976112
7.878656306917432,-8.151226948997392
7.878616481144455,-8.151211054390457
7.87862676491683,-8.151215300284258
7.878556194311928,-8.151186806628399
7.878495403602469,-8.151162501626226
7.87845421056313,-8.151146086496443
7.878854191287452,-8.151306405477406
7.878594714394503,-8.151201987181816
7.878627857332376,-8.151215392602639
7.878701730174416,-8.15124499052945
7.8787973848591655,-8.151283430661966
7.878906973985746,-8.15132786516339
7.87892757327682,-8.151335844010402
7.878534735570938,-8.151177785197508
7.878944296846859,-8.151342597675223
7.8789288076934785,-8.151336250378737
7.878795556142424,-8.15128244810082
7.8787652509630846,-8.151270663316614
7.87873473242129,-8.151258447093378
7.878637777195792,-8.151219325609208
7.878624193938111,-8.151213714361575
7.878591381187819,-8.151200717649147
7.878569897412636,-8.151192133096888
7.878596873505874,-8.151202828072948
7.878547952057366,-8.151183294327497
7.878565261351035,-8.151190334797308
7.878353790876943,-8.15110520001941
7.878569557931807,-8.151191759635203
7.878432551530936,-8.151136749874897
7.878859560475066,-8.15130789277684
7.878894185230133,-8.151321897638846
7.878766749071708,-8.15127096708358
7.878719749704513,-8.151251661087171
7.8786946745064546,-8.151241638606562
7.878668387057127,-8.151231369968517
7.878666966180162,-8.151230653138274
7.878568000687045,-8.151190893248474
7.878560552681784,-8.15118802127256
7.878565077832723,-8.151189751205937
7.87849975604951,-8.151163450822644
7.878528593578041,-8.151175159502001
7.87853860917929,-8.151179169624582
7.878179980328606,-8.151034836759218
7.878471004639592,-8.151152097323816
7.87863976309259,-8.151219651677946
7.878493198735493,-8.151160557723719
7.878413226964352,-8.151128578675396
7.8784845521144,-8.151156976831947
7.878702192025869,-8.151244429268312
7.878815982211769,-8.151290044231542
7.878912269407471,-8.15132855740023
7.878895414245033,-8.151321871601581
7.87889559718677,-8.151321914543095
7.878854346282831,-8.151305226349132
7.878809434038939,-8.15128731706841
7.8787288806600975,-8.15125485912617
7.87867930646367,-8.151234907553846
7.878628792903219,-8.151214729302001
7.878568859187715,-8.151190691375346
7.878524770945282,-8.15117279410169
7.8784892376975195,-8.151158655398703
7.878462438785179,-8.151147887690732
7.878405619029058,-8.151125109125923
7.878674470914589,-8.151233126342852
7.8782945753419655,-8.151080156553279
7.878402826211158,-8.151123947517734
7.87848932098249,-8.151158837934233
7.878139567132878,-8.151017766048417
7.877989546240386,-8.150957721206025
7.878138717053864,-8.151017906862373
7.877853759395771,-8.150902658072
7.87801111727408,-8.150966220490893
7.878396040423863,-8.151120861769614
7.877935434502125,-8.150935519059232
7.878165080126499,-8.151028142170091
7.878050364283775,-8.15098158542994
7.878304789215269,-8.151084258202221
7.878154626636907,-8.151023447227656
7.877981383460589,-8.15095385498298
7.878702111262299,-8.151243002091428
7.878782907970356,-8.151275499033508
7.878695871616183,-8.151240539103018
7.8786509743171065,-8.151222523906355
7.8785940363243006,-8.151199629862667
7.878516228735443,-8.151168372315677
7.878713134280932,-8.151247701406579
7.878910881703806,-8.151326649217769
7.878986268709744,-8.151356953857322
7.878948468967498,-8.15134173872728
7.878931072491983,-8.151334640651362
7.878863868452621,-8.151307901021227
7.878804756315311,-8.151284054188892
7.878785852550311,-8.151276353593971
7.8787289138419805,-8.15125359178337
7.878661985387863,-8.151226876578615
7.8786579167084785,-8.15122499745405
7.8786546281142735,-8.151223698779257
7.878674300705774,-8.151231787939906
7.878633641064064,-8.151215401495211
7.878545211846179,-8.151179663937384
7.878541579765089,-8.151178298249318
7.8785000698073855,-8.15116183510131
7.878193688495326,-8.151038744149623
7.878853839356463,-8.151302925998106
7.878998984301954,-8.151361539010757
7.878961886070851,-8.15134659317333
7.878971254434151,-8.151350179639138
7.878964680608119,-8.151347730835303
7.878934454132213,-8.151335702183188
7.878968579352158,-8.151349162464065
7.879062905695561,-8.151386847568823
7.8790641069207625,-8.151387567392486
7.879116481858194,-8.151408627612405
7.879162110864362,-8.151426913772532
7.879197266853201,-8.151441265312139
7.879069440211652,-8.151389445337722
7.879567173687744,-8.151589076522232
7.879606909672619,-8.151605273741355
7.879689607097116,-8.151638517856785
7.879728543046104,-8.151653957137947
7.879783728617599,-8.151676376782222
7.879394051340418,-8.151519566478287
7.879436330330769,-8.15153644940041
7.8795492334635115,-8.151582023231152
7.879399578170378,-8.151522067048274
7.879228292953744,-8.15145279569045
7.879297815480419,-8.15148090125969
7.879079208553265,-8.151393451882658
7.878932255033268,-8.151333974047148
7.8790439812610344,-8.151378812525891
7.878634384870501,-8.151214348526743
7.878774615089283,-8.151270767100845
7.878806215689506,-8.151283248106273
7.878513302497872,-8.151165276756771
7.878259462514724,-8.151063517762992
7.878577509839317,-8.151191459312649
7.878415010288201,-8.151126022647164
7.878119651331089,-8.15100723718578
7.878562629197351,-8.151185330628
7.87833259498572,-8.151092312247348
7.878453108958053,-8.151141048889118
7.878454619820552,-8.15114165297386
7.878182255950913,-8.151032007205721
7.878390337086993,-8.15111589965695
7.877753020707496,-8.150859344188804
7.877875797551567,-8.150909063085248
7.877849064327521,-8.150898109565325
7.8776601426675255,-8.150821702064054
7.877625270512277,-8.150807620483807
7.87817638389377,-8.15102921063377
7.878396542039327,-8.151117495736138
7.878296822800394,-8.151077342884886
7.878620531653174,-8.151207419871222
7.878557342318306,-8.151181425742056
7.879018104500704,-8.151367135250473
7.87891962197176,-8.151327463327528
7.878984041887994,-8.151353116801383
7.878743159496651,-8.151256191234646
7.878800712796726,-8.151279678057875
7.878940722802473,-8.151336108385662
7.878775759935666,-8.151269144314904
7.878641322006309,-8.151215077659323
7.878966974688164,-8.151346497816906
7.8787730525783655,-8.151268051920992
7.878707976269717,-8.151242013615251
7.878862359877515,-8.151304178369363
7.878821075456872,-8.151287445962588
7.878814627545733,-8.151284760212674
7.878761715496938,-8.151263624627948
7.878735455235373,-8.151253182801558
7.87864380759095,-8.151216113464057
7.878629669864887,-8.151210617614057
7.878605371352247,-8.151200908878005
7.878550024526204,-8.15117849813378
7.878516690738003,-8.151165257429826
7.8785305596220985,-8.151170819819834
7.878631014666662,-8.151211116596215
7.878254492204302,-8.15105954285045
7.878710632103713,-8.151243144502427
7.87859809425581,-8.151197738619537
7.8783756765071695,-8.151108253039842
7.8787238512417,-8.15124832333981
7.878708814606044,-8.151242093639153
7.87863897867361,-8.151213793525185
7.878465286643192,-8.1511439076943
7.878572135425228,-8.151187029052398
7.878669924893213,-8.151226176219378
7.87866112281141,-8.151222550305532
7.878305539573757,-8.151079728269119
7.878822554832878,-8.151287357025852
7.8787831011827345,-8.151271412712859
7.8787176868117585,-8.151245168459843
7.8786436915149265,-8.1512153867671
7.878601849627341,-8.151198577071987
7.878597999030819,-8.151197020621401
7.878572573415663,-8.151186810230897
7.878511873584376,-8.151162496181092
7.878482240461313,-8.151150398606777
7.878450384393507,-8.151137696755768
7.878308978793822,-8.151081139466875
7.878539786021195,-8.151173731874996
7.878543870243944,-8.1511751619226
7.87842532092787,-8.151127612054735
7.878399092318863,-8.15111686675876
7.878620175760949,-8.151205622678066
7.878339770662757,-8.15109316243649
7.878695444821815,-8.151235740121265
7.878752525490884,-8.15125887513965
7.878643306928791,-8.151214793340227
7.8786499316297895,-8.15121746953232
7.878616086771303,-8.151203912598534
7.878573027514359,-8.15118659088412
7.878583840850105,-8.151190750405817
7.878505814618558,-8.151159672638487
7.878457153962354,-8.151140033926447
7.878463744057125,-8.151142500936416
7.878405145076524,-8.151119200823949
7.878413603763939,-8.151122601349826
7.878377174643259,-8.151107915261727
7.878417453920586,-8.151124070672074
7.878167192534393,-8.151023801613082
7.878464345165681,-8.151142540360501
7.878495160802328,-8.151154946332737
7.878761456474508,-8.151262237583214
7.878860478330709,-8.151301554591099
7.878823439524821,-8.151286813932659
7.878831326572092,-8.151289941876064
7.878791577465925,-8.151273906645352
7.878797824994605,-8.151276432544874
7.878753599613422,-8.151258724311724
7.8787100497950044,-8.151241200153661
7.878682657941101,-8.151230228757136
7.878632515942335,-8.151210074356104
7.878648608802585,-8.151216466685502
7.87817089664206,-8.15102461928731
7.878650944157437,-8.151216987500543
7.878932911282637,-8.151330020774559
7.878944677093645,-8.151334936466117
7.878917282018198,-8.15132390025457
7.878883238917152,-8.15131023458541
7.8788493802108315,-8.151296718780193
7.8788035361005315,-8.15127812651454
7.878762824973823,-8.151261795324817
7.878738716207581,-8.151252284904203
7.878682033468675,-8.151229335525072
7.878640100838336,-8.151212544995206
7.878631305436836,-8.151209042783043
7.878610750587945,-8.151200819536209
7.878583746302508,-8.15118982752011
7.878618729268424,-8.151203916413797
7.878609193440568,-8.151200184235195
7.87857137136558,-8.151184936063014
7.878518918831916,-8.151163948473819
7.878503777077577,-8.151157870345973
7.878488156841704,-8.151151540021266
7.878455767477295,-8.151138565838952
7.878412627253766,-8.151121393742766
7.878240902592282,-8.151052266146694
7.878456334080999,-8.151138614569694
7.8784293929100135,-8.151127670735775
7.878644375047293,-8.151213702991093
7.87862590071782,-8.151206521563065
7.87862770434106,-8.151207452848716
7.878647805758944,-8.151215459792907
7.878302161820955,-8.151076235243128
7.878736820792267,-8.151250971901716
7.878679409537283,-8.151227834082604
7.878627004058446,-8.151206848815109
7.878556250336158,-8.151178311216947
7.8784987607722385,-8.15115518825892
7.878748433322984,-8.151255199191427
7.878599285209172,-8.15119566742922
7.878768085558093,-8.151263337846702
7.8786475003617,-8.151214847203816
7.878626055384418,-8.151206369608486
7.878635792333889,-8.151210230631651
7.87864208407049,-8.151212670588171
7.878691689071464,-8.151232821174904
7.878440801402781,-8.151131470008208
7.8786767733972995,-8.151226494314589
7.878639295893068,-8.151211634302106
7.878597017232615,-8.15119424552956
7.878576240955396,-8.151186096361622
7.878339879184029,-8.151091522578396
7.878601360709205,-8.151196024813142
7.878173306456513,-8.151024256785739
7.8785590883422145,-8.151179311050115
7.878555719712026,-8.151177357634108
7.878618833562945,-8.151202681231261
7.878738172983102,-8.1512509828603
7.878701792201548,-8.151236303368155
7.878664497376881,-8.151221344598373
7.8785892430394515,-8.151191063310467
7.878565424732237,-8.15118143522972
7.878558910796959,-8.15117890759435
7.878512759512135,-8.151160306633965
7.878302613208011,-8.151076130966988
7.878509423994289,-8.151158973533983
7.878063234145721,-8.150979439194122
7.878454799834562,-8.151137130395963
7.878646996363599,-8.151213998958706
7.878303315313953,-8.151075821451506
7.878740371871482,-8.151251585283697
7.878523875209164,-8.151164362621019
7.878450520334487,-8.151135086769012
7.878767825665391,-8.151262409151528
7.878560703319901,-8.151179032615257
7.878178310405609,-8.151025485918396
7.878772812005214,-8.15126414513483
7.878668316576076,-8.151222341944111
7.8786367804972235,-8.151209367453982
7.878610578352218,-8.15119896900432
7.878571461976011,-8.15118341963375
7.878544025256997,-8.151172183173141
7.878510343615964,-8.151158799784593
7.878490789286839,-8.151151011879548
7.878435704383822,-8.151128719525515
7.878417259667111,-8.151121497201265
7.878400993028264,-8.151114880024664
7.878384727707677,-8.151108252755227
7.87833909280238,-8.151089958768711
7.8783041814990895,-8.15107597272077
7.87840655459419,-8.151117178408585
7.878585545359233,-8.151188962570874
7.878445696655128,-8.15113233124473
7.8784881518668675,-8.151149571619595
7.878710273881656,-8.151239044213861
7.8785645247760145,-8.151180420945607
7.878576198160862,-8.151184871385315
7.878575201321239,-8.151184620456894
7.878124643755803,-8.151003458825281
7.878465521861225,-8.151140201622335
7.878558440153311,-8.151177866996301
7.878335850698398,-8.151088034669216
7.878144733975075,-8.151011244903163
7.878578380530132,-8.151185476843064
7.878672546574751,-8.15122321808372
7.878211162560657,-8.151037658326066
7.8786451254231045,-8.151212258617212
7.878670763578491,-8.151222194770789
7.878962151112841,-8.15133902686066
7.878895968140546,-8.151312641214052
7.878856726336594,-8.15129681344804
7.8787794907042095,-8.151265581874613
7.878700291479203,-8.151233754551196
7.878642791107298,-8.151211024114993
7.878565561869697,-8.151179856648312
7.87854068880773,-8.151169859497013
7.878528082798628,-8.151164829233593
7.878501063195914,-8.15115389440373
7.878486511973315,-8.151148253860024
7.878598642229213,-8.151193173685739
7.8784879299443125,-8.151148696790504
7.8787634630697285,-8.151259169751562
7.878656906980465,-8.151216411396991
7.878556465945318,-8.15117607989608
7.878514706721108,-8.15115928443514
7.8785014690190325,-8.15115393060641
7.878454718418131,-8.151135264883273
7.87848211371704,-8.151146200355939
7.878448074956163,-8.151132496244609
7.878182295034358,-8.151026044059655
7.878499559576693,-8.151153145277576
7.878373695226675,-8.151102292323806
7.878844417672094,-8.151291399240518
7.878852493147262,-8.151294583680695
7.878809882563353,-8.151277470106624
7.878777746599351,-8.15126457206593
7.878759421838674,-8.15125715081296
7.878728397760305,-8.151244775894783
7.878668638297592,-8.151220764450088
7.8786039849523855,-8.151194667229415
7.878569374509915,-8.15118097556926
7.8785484773124015,-8.15117255026425
7.878502401814994,-8.151153957970344
7.878492884292025,-8.151150228355796
7.878162689743619,-8.151017557459387
7.878750992998389,-8.151253581005927
7.8790392644876395,-8.151368816936285
7.878995515497249,-8.151351476472643
7.8789330299715035,-8.15132635451833
7.878929218519931,-8.151324840934805
7.878935457622848,-8.151327372980923
7.87893665838007,-8.15132799941705
7.878921732192236,-8.151321901547348
7.8788730639321765,-8.151302406806746
7.878839398652741,-8.151288870680908
7.878801428146706,-8.15127361522521
7.87872720042431,-8.151243797607272
7.878688121964985,-8.151228104977788
7.87866721111529,-8.15121971408342
7.878661063150302,-8.151217212567309
7.8786917980734446,-8.15122961968115
7.878650981417363,-8.15121317895229
7.878771204449592,-8.151261598076097
7.8789076499395,-8.15131627554821
7.878917497979116,-8.15132003921504
7.878927744768508,-8.151324200961442
7.878845978131124,-8.151291430147126
7.878796991592386,-8.151271700178507
7.878757112937132,-8.151255627674079
7.87870653701564,-8.151235385840215
7.878605084665664,-8.15119456451713
7.878546462155816,-8.15117107662124
7.87851045765423,-8.151156692016524
7.878511664728936,-8.151157075635055
7.878454821172608,-8.151134211172568
7.878472721557142,-8.15114152855643
7.87827891688114,-8.151063496922484
7.878772387460801,-8.15126186469167
7.878399797297888,-8.151111761420744
7.878517435681109,-8.151159084686364
7.878435808614204,-8.151126608452623
7.878502885641517,-8.151153478047096
7.8786351277371,-8.151206416942822
7.878625540947018,-8.15120255900833
7.878529994288656,-8.151164299714745
7.878415255796483,-8.151118091324385
7.878764895529727,-8.151258654717065
7.878405639890393,-8.151114132654918
7.8788359033454025,-8.151286976983643
7.87852435409182,-8.151161471422405
7.878796588640114,-8.151271377068532
7.878780718765176,-8.151264758347102
7.878699185882162,-8.151231839981815
7.878611333932428,-8.151196836746143
7.878573043324991,-8.151181309382197
7.87854942714749,-8.1511717140389
7.878481255346728,-8.151144378485634
7.878452653685725,-8.15113301231606
7.878416733261159,-8.151118471872614
7.8784249836262275,-8.151121864841517
7.878404157037661,-8.151113582716858
7.87836724188655,-8.151098662782665
7.878346683848935,-8.151090425447961
7.8783287357423415,-8.151083169530429
7.877922118218592,-8.15091993577046
7.878619764486754,-8.151199943626006
7.878423681622052,-8.151120763257628
7.878554528726931,-8.151173672284203
7.8788400971769255,-8.151288307526093
7.878456183391436,-8.151133992938886
7.87883433956928,-8.151285979726424
7.878735330276774,-8.151246111746008
7.878413786342045,-8.15111653893372
7.878765864679255,-8.151258096403074
7.878715267907126,-8.15123782160411
7.87865079741562,-8.151212017488469
7.8785944297575,-8.151189148697604
7.878563858046577,-8.151176850078182
7.878580706899315,-8.151184039074407
7.878553168793062,-8.151172653954637
7.878477060514441,-8.151142196022795
7.878421920781843,-8.151120177151912
7.87841913490571,-8.15111891928462
7.878408283652526,-8.151114505948703
7.878399386048669,-8.151110992059218
7.878101853209278,-8.150991446423186
7.878708625301126,-8.151234960974998
7.878825285228808,-8.151281945916843
7.878793513303951,-8.15126898662413
7.878883540362851,-8.15130502763728
7.878839535411804,-8.151287521123338
7.878848832569915,-8.151291194692414
7.878797898235193,-8.151270792629035
7.878773522901958,-8.151260874722372
7.878701252098091,-8.151232022290015
7.878693825150525,-8.151228900796069
7.878620624700704,-8.151199438137485
7.878578108779147,-8.151182451866918
7.878570814394513,-8.151179537828469
7.8785313775065555,-8.151163600992799
7.878479213632926,-8.15114271792191
7.878489452174746,-8.151146852951687
7.878224187582719,-8.151039798487115
7.878576693306927,-8.151181601295153
7.878743505850071,-8.151248914378135
7.878699296559148,-8.151230627432225
7.8787118309571325,-8.151235903794003
7.878704737239533,-8.151233264281883
7.878700521021701,-8.151231280549057
7.878661836784079,-8.151215834537318
7.878656106762006,-8.151213595906356
7.878565044155361,-8.151176949965325
7.878537494473381,-8.151165906758289
7.878522395601407,-8.151159813975946
7.878490298153832,-8.151146985452394
7.878482600350796,-8.15114392898603
7.8784951249193895,-8.151148723234936
7.878542655515147,-8.151167878602475
7.878283442349314,-8.151063640415103
7.878380539819826,-8.151102775801554
7.8783440660571,-8.151087989331709
7.878263836812055,-8.15105603293434
7.878630380207291,-8.151203432701685
7.8783520801658895,-8.151090962547315
7.878020233085745,-8.150957754969253
7.878300443206068,-8.15107039224965
7.8784811629521165,-8.151142741457962
7.878684589029819,-8.15122448209595
7.87866150738254,-8.15121505670072
7.878576619907202,-8.151181074670527
7.878560547027353,-8.151174561516063
7.878471891381213,-8.151138961125923
7.878417517277212,-8.15111731267844
7.878354216574417,-8.15109170830705
7.878493584851571,-8.151147763164232
7.878056248148489,-8.15097196399454
7.878664035982085,-8.15121583267279
7.878664072507073,-8.15121595574446
7.878450693219263,-8.15113023816036
7.878582644303483,-8.151183010906514
7.8783474956215604,-8.151088625008287
7.878420038639205,-8.151117620502617
7.878681136765844,-8.151222664988294
7.878836871205259,-8.151285232154356
7.878682622519256,-8.151222726673993
7.8788084496034685,-8.15127340251455
7.878759662898102,-8.151253913524968
7.878724911118386,-8.151239796227346
7.8787516406540865,-8.151250342148085
7.878715258324341,-8.151236067602252
7.878650137107153,-8.151209837256319
7.87860974900358,-8.15119338386099
7.878629127680479,-8.151201524360143
7.878575407939857,-8.15117978555742
7.878547890189649,-8.151168574388077
7.878509303763721,-8.151153346166279
7.8784809052089155,-8.151141846577039
7.878466630335409,-8.151135999371645
7.878516228687386,-8.151156036699062
7.878130886469652,-8.151001284202634
7.878507705787688,-8.151152591116254
7.8783899699736075,-8.151104988337407
7.8784260402483195,-8.151119583509555
7.878812637644299,-8.151274920850415
7.878776703783936,-8.151260123964098
7.878881057652213,-8.151302240534198
7.878892408578203,-8.151306625143064
7.878801625598962,-8.151270225909952
7.87876214999513,-8.151254363652178
7.878644793932669,-8.151207156567322
7.878572954896407,-8.151178365815912
7.87853821375489,-8.151164520140892
7.878614094121196,-8.151194629082962
7.878744680152335,-8.151247170373733
7.878767379359297,-8.151256331910403
7.878762081782912,-8.151254252714033
7.878721012429665,-8.15123786194067
7.878688074274492,-8.151224509159713
7.878688230143374,-8.151224610425768
7.878293372843346,-8.151065549242853
7.878714231900319,-8.151234923757706
7.878696286971671,-8.151227640669273
7.878657325179096,-8.151211804958425
7.878640855527664,-8.151205335272257
7.878629393445672,-8.15120082336904
7.878646310252354,-8.151207625642957
7.8785844770480455,-8.151182571797689
7.878588928215045,-8.151184609580241
7.878546852801204,-8.151167737405915
7.878473901858412,-8.151138203494908
7.878471699659852,-8.151137355568348
7.878428647680209,-8.15112016204719
7.878423180234859,-8.151117813620898
7.87842563351624,-8.151118969134428
7.878144734379665,-8.151005735384238
7.878512003251157,-8.151153148537029
7.878697711798405,-8.151228140064461
7.878687611579847,-8.151223835933811
7.878665706853898,-8.151215021056933
7.878681378594783,-8.151221442029033
7.878641784639388,-8.151205417669324
7.878598732644785,-8.151188095326194
7.878594958958326,-8.151186680792797
7.878530831625701,-8.151160912120183
7.878480088269939,-8.15114047753398
7.87845547138873,-8.151130550105588
7.8784363062145175,-8.151123022397524
7.878434530184458,-8.151122193934034
7.878412288118213,-8.151113318203883
7.87866209478149,-8.151213711625115
7.878336784261268,-8.15108268783798
7.8786208878041455,-8.151196908590387
7.878601263152885,-8.151189180600788
7.878441045425219,-8.151125049904014
7.878584446725607,-8.151182067986834
7.8785128588770705,-8.151153538457105
7.8785258221229535,-8.151158878063505
7.878494362046469,-8.151145973625797
7.878479494747096,-8.151140148299284
7.878428959028777,-8.151119951642388
7.878421391993551,-8.151116814853728
7.878386889273732,-8.151102925169491
7.878366645127942,-8.15109485357984
7.878298622460224,-8.151067058889002
7.878221819146796,-8.151036645218957
7.878499454230395,-8.15114810127477
7.878449819045548,-8.151127860790549
7.87821612131255,-8.15103391138524
7.878499904463677,-8.151148082056901
7.878430232860076,-8.151119598720184
7.8781872174320675,-8.151022092266583
7.878429188097276,-8.151119729197573
7.878467038282367,-8.151134727401521
7.877866176414417,-8.1508928958634
7.8776006141973305,-8.150786283231358
7.87770493062577,-8.15082852991236
7.877649003854655,-8.150806127258111
7.8776948845562424,-8.150824122512255
7.878235317187248,-8.151041399320063
7.877782996532372,-8.150859400423867
7.878475800945686,-8.151138016788257
7.877971247953434,-8.150934711734408
7.878010068509862,-8.150950525955558
7.878207676463676,-8.151029941967721
7.878184380110011,-8.151019766521427
7.878384222002137,-8.151100370558257
7.878510367733076,-8.151151632315175
7.878563105542329,-8.151172253798938
7.878652390013276,-8.151207911338643
7.878635369310659,-8.151201181788364
7.878577095124277,-8.151177813900228
7.8784987601367344,-8.151146199727926
7.878489786912359,-8.151142673215958
7.878450977941488,-8.151127300512774
7.878432783212211,-8.151119791101339
7.878408910568054,-8.151110138728527
7.87824990172604,-8.151046768489655
7.8785106782585395,-8.151150781054946
7.878661561684806,-8.151211428993644
7.878635156809111,-8.15120080287678
7.878569286418904,-8.151174506769758
7.87892480622181,-8.151316849732849
7.878927414013741,-8.151317964267967
7.878891886034531,-8.151303598832069
7.878863654497377,-8.151292394659198
7.878819285399974,-8.151274595914645
7.878775737294642,-8.15125703578019
7.878772008768955,-8.151255334836561
7.878705408009703,-8.1512289167048
7.878639316006697,-8.151202273886653
7.8786050014081,-8.151188252397114
7.878542720950891,-8.151163398155214
7.878494542905956,-8.151144145346667
7.878444169505724,-8.151123765249583
7.878433907334575,-8.151119394585589
7.878441868182315,-8.15112289290964
7.878412155650405,-8.151111100096944
7.878428225100617,-8.151117425392991
7.878380338583689,-8.151098105483975
7.8780300439542685,-8.150957445401483
7.878448090843293,-8.151125355983094
7.878265341338183,-8.15105182557633
7.878093801628866,-8.150982865670638
7.878369991706021,-8.151093895152693
7.877705436750496,-8.150826685511968
7.877664699075848,-8.150810339326101
7.87801143365888,-8.150949810714541
7.8776169865787935,-8.150791235482451
7.8781569155151505,-8.151008158634122
7.877913358519362,-8.150909947623807
7.8780180910301345,-8.150952227116885
7.878362442784632,-8.151090354720932
7.8779239596518815,-8.15091396660053
7.878437916007286,-8.151120559572815
7.878473544886096,-8.151134598058007
7.878173015628873,-8.151013803298726
7.8786515091636975,-8.151206152148612
7.878586241999201,-8.151179876010598
7.878672126046583,-8.151214103709583
7.8785976401729005,-8.151184344405792
7.87859863950241,-8.151184755377892
7.878551400233336,-8.151165772376899
7.878534218379605,-8.151158845541806
7.8785199575810765,-8.151153183216142
7.878452887605751,-8.15112618931398
7.878441565832578,-8.151121419753801
7.8784627020525075,-8.151130254390608
7.878438245913045,-8.151120414016237
7.878423436839907,-8.151113737854688
7.878719669905816,-8.151232814503969
7.879057299149081,-8.151368114208012
7.879071024088242,-8.151373214532416
7.879417487733307,-8.151512902812623
7.879377846531907,-8.151496769945306
7.879348261811848,-8.151484815570855
7.879337372166938,-8.151480628576174
7.879267238842799,-8.151452401483338
7.87919830548887,-8.1514247260277
7.879125723673345,-8.151395608671288
7.879050252868696,-8.151365235838929
7.878997716759505,-8.151344147989011
7.8789728064786955,-8.151334084015886
7.878926276067331,-8.151315555909125
7.878875523984999,-8.15129518858356
7.8788727025707495,-8.151293888558731
7.878856230367204,-8.151287353868714
7.878844084907715,-8.151282523316855
7.8788115714924905,-8.151269441331292
7.878752920206933,-8.15124599541803
7.8787613145810145,-8.15124931808886
7.878728599695217,-8.151236091048913
7.878758216604593,-8.151248110368519
7.878700684514154,-8.15122491854283
7.878723342956419,-8.151234069325342
7.878645426188665,-8.151202762977244
7.87865661957234,-8.151207177939538
7.878677216023215,-8.15121562406529
7.878657113455022,-8.151207535904058
7.878619604012207,-8.151192328193995
7.878558119632816,-8.15116784361429
7.878540144867552,-8.151160461449773
7.878501758130267,-8.151144960617863
7.878493400407491,-8.151141781156023
7.878459550688193,-8.15112819763234
7.878410507059781,-8.151108277094837
7.878202154146115,-8.15102468119647
7.878287612501203,-8.151059127464684
7.878508423840841,-8.151147473185773
7.878219493945068,-8.151031451688645
7.878788969539422,-8.151260216548474
7.878581516080407,-8.151176850023969
7.8788115620612995,-8.151269154470073
7.878582765361398,-8.151176926535701
7.878629162471105,-8.151195790948563
7.87882954960555,-8.151276283963803
7.878777326038861,-8.151255227439265
7.878743534973988,-8.151241606567226
7.878733554333192,-8.151237696132378
7.878697677996388,-8.151223301549138
7.87858860760198,-8.151179414301582
7.878137628847326,-8.15099832068257
7.8786874484315215,-8.15121887166593
7.8788552578989055,-8.151286320754783
7.878796423738473,-8.151262426560685
7.878933618819747,-8.15131746331802
7.878892780924388,-8.151301035762694
7.878862402206586,-8.15128899283561
7.878837263493961,-8.151278764071595
7.878779907416928,-8.151255726094702
7.878717453162736,-8.1512308780246
7.878718746075434,-8.151231099713671
7.878704952571615,-8.151225584571195
7.878676391324252,-8.151214377792055
7.878651330048641,-8.15120419971061
7.878636435005439,-8.151198023134143
7.8786136015948705,-8.151189062491982
7.878580932251844,-8.151175960906636
7.878538968322993,-8.151158890791619
7.878489335560861,-8.151139090330258
7.878393905121686,-8.151100845990436
7.87844384678057,-8.151121058290473
7.878360706322208,-8.151087814785937
7.878504345729843,-8.151145153179911
7.878482378701558,-8.15113617733537
7.878052217815915,-8.15096333459118
7.8779706448675775,-8.150930683966967
7.878012542527734,-8.1509474793456
7.877701526035933,-8.150822191803366
7.877860952575107,-8.150886545166621
7.877884777431825,-8.15089599251893
7.877807712342815,-8.15086461578457
7.878092198561423,-8.150979148683085
7.878131609594019,-8.150994946638752
7.877695356564894,-8.150819688568394
7.878063789043268,-8.150967526525083
7.878161245208829,-8.15100677405286
7.877798868491884,-8.15086054693719
7.877770958948804,-8.150849518913326
7.877916886678189,-8.15090859716137
7.878070539551939,-8.15097021852166
7.877944995132136,-8.150919530826531
7.877565833460119,-8.150766855231335
7.877437639269187,-8.150715552154113
7.877965840023065,-8.150927713930809
7.878281001500191,-8.151053943534844
7.877960124742064,-8.150925135126924
7.878548611256351,-8.151161537339815
7.878497415985886,-8.151140399431908
7.878665599465537,-8.151208035617806
7.87855856255815,-8.151165152173244
7.878749954172693,-8.151241747540965
7.8787371615627935,-8.15123663295956
7.878707522801171,-8.1512249044939
7.878640258523722,-8.151197819010909
7.878594372034299,-8.151179463106647
7.878549201414291,-8.151161324772723
7.878667030354073,-8.151208743887489
7.878449118140379,-8.151120841248336
7.878293305130314,-8.15105795877633
7.878263394531309,-8.151046412900518
7.878466087838105,-8.151127772376785
7.878321888329386,-8.151069988371821
7.877855746927837,-8.150882510075466
7.877411342838165,-8.15070360812281
7.877561974456241,-8.150764160891178
7.877399619977917,-8.150698760886932
7.877687384023244,-8.150814451625532
7.877486467447471,-8.15073344921734
7.878051790705649,-8.150960799033317
7.877947442555891,-8.150918309268423
7.8777407201552165,-8.150835415093262
7.878055488107626,-8.15096207081874
7.878079225800349,-8.150971346598736
7.87804110925748,-8.150955861168905
7.878293771847139,-8.151057383084378
7.878129529055464,-8.150990856026654
7.878416458474202,-8.151106545943152
7.878532924081456,-8.151153302503152
7.878227643436299,-8.151030032423272
7.878576012922513,-8.151169775972711
7.8789515829893375,-8.15132110209868
7.878863534370249,-8.151285262599325
7.87882039358594,-8.151267981732845
7.878797299064563,-8.151258966957872
7.8787407009957775,-8.151236137150041
7.878688151797593,-8.151214876447764
7.878632444332497,-8.151192583940999
7.878592129547238,-8.151176446082594
7.878539369876162,-8.151155120474883
7.878539558790873,-8.151155073694774
7.878530044031791,-8.151151542540982
7.878555971009519,-8.151161970887694
7.87851949976165,-8.151147163099516
7.87850068779728,-8.151139668034961
7.8785100157341486,-8.15114340887726
7.878503583234156,-8.15114082324947
7.878780035042033,-8.151251820625696
7.878866371537367,-8.15128669615937
7.878757792606106,-8.15124261633995
7.878647133103704,-8.151198034982329
7.878646626009138,-8.151198054843448
7.878666969562409,-8.15120626914896
7.878523196038301,-8.151148508318954
7.878514735874963,-8.15114508114576
7.878504140957573,-8.15114074496471
7.878222276534719,-8.15102791086154
7.878468336253494,-8.151126524511213
7.878360933676849,-8.151082957981828
7.878392992007982,-8.151095701444033
7.8784555302446835,-8.151121134765559
7.878719426993137,-8.151227141358225
7.8784772014876365,-8.151129438032303
7.878448518216831,-8.15111808733094
7.878434488805379,-8.151112391268752
7.878685145381776,-8.151212979259924
7.878457972297636,-8.151121597403279
7.87841688444306,-8.15110525457167
7.878710862810725,-8.151223319176628
7.878569225158587,-8.15116609983121
7.878254758240978,-8.151039916120542
7.878810429384355,-8.151262834468618
7.8787790722513655,-8.151250300969986
7.878724214097064,-8.151228287845592
7.878678835638585,-8.151209974623136
7.8786501888317035,-8.151198528120911
7.878575766859589,-8.151168723391187
7.878569987837348,-8.151166237200382
7.878460683205781,-8.151122031289757
7.8787120396010355,-8.151223210146703
7.878680851797881,-8.151210553649936
7.878572763574054,-8.151167331491159
7.878913808073273,-8.15130420438685
7.878840499563059,-8.151274268193454
7.878849943602969,-8.151278288184209
7.878787760014754,-8.151253339392365
7.878693086523796,-8.151215306038349
7.878671935457489,-8.151206670260576
7.878648706998702,-8.151197441338322
7.878599639913333,-8.15117776029549
7.878587529878201,-8.151172679796618
7.878557704524887,-8.151160872788157
7.8785402578353105,-8.151153916458634
7.878504800061527,-8.151139518065156
7.878497771980242,-8.151136885288171
7.878458357119989,-8.151120972843387
7.878392308305039,-8.1510943837797
7.878390978722688,-8.151094014899959
7.878364199533095,-8.1510831351619
7.878303042981118,-8.151058585527775
7.878545908127367,-8.151156399402756
7.878453551808492,-8.151119194330274
7.87813932060402,-8.15099203243803
7.878244352976779,-8.151034685733139
7.8784247421147215,-8.151107294909309
7.877830859385778,-8.1508685934523
7.878194852162741,-8.151014648679645
7.878549994852568,-8.151157324038765
7.878250839177295,-8.151036730089293
7.878075320656511,-8.150966086130053
7.878325497240669,-8.151066867934821
7.878070823360822,-8.150964151087194
7.877994325912101,-8.150933617876419
7.87827018405653,-8.151044482072063
7.878114135095419,-8.150981413331328
7.878135781382859,-8.150990157024042
7.878667798560773,-8.151204091414947
7.878593399731991,-8.151173910093863
7.878686880875403,-8.15121121768163
7.8786183868362265,-8.15118390886241
7.878591581375779,-8.151173041344798
7.8785253814322,-8.151146452256462
7.87845028196272,-8.151116297042735
7.87838999219702,-8.151091946487211
7.878660852032577,-8.151201251433701
7.878267486226684,-8.151042823213844
7.878377299799558,-8.151087068366804
7.8784306282911025,-8.151108254211847
7.878108042142037,-8.150978294797325
