1206.3675975380547
1206.3976056392282
1206.4156120562122
1206.437209735757
1206.4552027715868
1206.4631923492063
1206.4636572961135
1206.4636593432303
1206.4636602763878
1206.4636610748073
1206.4679305420477
1206.480773812833
1206.4969756428918
1206.5121940019599
1206.5224010676873
1206.528028194969
1206.5350286045903
1206.5452700844673
1206.5561831490188
1206.569898413252
1206.5831272058003
1206.595726520707
1206.6082881888653
1206.6262879923227
1206.6465041865933
1206.6701275465207
1206.6924142562655
1206.7171486753514
1206.7390140542661
1206.7684256013843
1206.7982785931827
1206.8282000150407
1206.8581415724993
1206.8879108544909
1206.9178628582415
1206.9478164214138
1206.9777560858774
1207.0076919165474
1207.0376420468697
1207.0676026904803
1207.0975652315294
1207.1215335897357
1207.151493210798
1207.1814558652677
1207.211425221926
1207.2414023799436
1207.2713833479547
1207.3013705440856
1207.3313470999988
1207.361309913402
1207.3912653191735
1207.4212321304158
1207.4512217554545
1207.4812284446004
1207.5112256122218
1207.5412377695204
1207.5712511765587
1207.6013096424779
1207.631350928858
1207.6614059718613
1207.691443594311
1207.71543851315
1207.7454115025014
1207.775332579897
1207.805279751202
1207.8352322324827
1207.8651841290055
1207.895141593625
1207.9251038617776
1207.9550653771996
1207.9850334844791
1208.0150037837261
1208.0449562123395
1208.074910763197
1208.1048694941371
1208.1348258839944
