837.8860272190232
837.9157525050813
837.9431863192134
837.9550939177263
837.9582629995344
837.961031962778
837.9675323686216
837.9734279624614
837.9763598278532
837.9763609271823
837.9763623811609
837.9763628280277
837.9763635651116
837.9793648518743
837.9876503024946
838.0008725243931
838.0190472593196
838.0424853839693
838.0713477580354
838.1009201271895
838.1306489933295
838.1603704615998
838.1841387785613
838.2138336213872
838.243527947479
838.2732243556834
838.3029306310337
838.3326579548409
838.3564591380938
838.3862198406722
838.4160593395818
838.4459442287272
838.4758880226569
838.5058740435433
838.535863988324
838.5658007880744
838.589740811454
838.6197197691571
838.6497056016321
838.6797242258385
838.7097275796192
838.7397430721197
838.7697355804465
838.7997364136747
838.8237339597309
838.8537297966571
838.8837371547528
838.9137299361854
838.9437180258376
838.9736965100295
839.0036774624167
839.0336556527674
839.0636437034138
839.0936115789586
839.1236047506629
839.1535861036471
839.183568564078
839.2075589084685
839.2375514012086
839.2675448493313
839.2975388044667
839.3275378503068
839.3575354658827
839.3875341532824
839.4115331699387
839.4415305216899
839.4715245707112
839.5015178428202
839.5315125968134
839.5615447775888
839.5916932337027
839.6219523665875
839.6522562582857
839.6825521563933
839.7128331471527
839.7370539381807
839.7672718897055
839.7973725423985
839.827346344507
839.8572134607155
839.8871605243276
839.9171566769147
839.9471287636361
839.9769679067367
840.0008889359405
840.0309093341906
840.0610132768467
840.091107632994
840.1211334503246
840.1511087329056
840.1811214763537
840.2051299686852
840.2351781612496
840.2652156655013
840.2952903031456
840.3253267599142
840.355302827981
840.3852787642322
840.4152431804453
840.4451996585898
840.4691952242815
840.4992352037972
840.529253141661
840.559252058975
840.5892108692801
840.6131958979215
840.6431976765384
840.6731992934467
840.703141765529
840.7331586605219
840.7631484997332
840.7931399798146
840.8231079597049
840.8470997458105
840.8770678528277
840.9070716147321
840.9370537624333
840.9670350835047
840.9970255147815
841.0269920780669
841.0509757779301
841.0809485301654
841.1109162794935
841.1408791965824
841.1708581105951
841.2008390657699
841.2308090445548
841.2547888655844
841.2847420697951
841.3147179748114
841.3446826744056
841.3746521927544
841.4046247849471
841.4345888342236
841.4645699232753
841.4885601604981
841.5185263821121
841.5485114680729
841.5784913033975
841.6084819404417
841.6384932449289
841.6684497338656
841.6984405841517
841.7284222066664
841.7524062939029
841.7823815675164
841.8123385023181
841.8423092175507
841.8722844179446
841.9022549426655
841.9322065682798
841.9621658970597
841.9921360661642
842.0221010344771
842.0460812329418
842.0760432779363
842.1060242107027
842.1359866785891
842.1659584240551
842.1899372101855
842.219911831494
842.2498928996824
842.279867225994
842.3098453725295
842.3398227139166
842.369796588382
842.3997725686035
842.4297344875768
842.4537321425329
842.4836996441662
842.513673481911
842.5436557829948
842.5676303812488
842.5976056756064
842.6275887557529
842.6575536335389
842.6875185096175
842.7174878668734
842.7474496070682
842.7774150818019
842.8073917602418
842.8373454865668
842.8673067566845
842.8972804781929
842.9212475669545
842.9512096750702
842.9811839539739
843.0171618978774
843.0411430231811
843.0711362010715
843.1011123302317
843.1310888235196
843.1610562334067
843.1910228923256
843.2210007611005
843.2509666614236
843.2808421302148
843.3047053449466
843.3345546376706
843.3644342779613
843.3943285783587
843.4242749440518
843.4542405655282
843.4842123665483
843.5141697300529
843.5441085253495
843.5740518587473
843.6039983914262
843.634008413872
843.6579783878765
843.6879397520636
843.7179287256494
843.74791205387
843.7778606229916
843.8079005379452
843.8319119446047
843.8618784411315
843.8918380956072
843.9218069759411
843.9517425132786
843.9815551407885
844.0114597360135
844.0414290477671
844.0714292969793
844.1013941305672
844.1312597157123
844.1611513014907
844.19107808353
844.2150360661801
844.2449905361304
844.2749722355633
844.3049571698986
844.3349378947039
844.3649118216517
844.3948824816014
844.4248656349889
844.4549102184707
844.4850183874959
844.5091160887861
844.5391966133943
844.5692300105152
844.5992267887925
844.6292080798028
844.6591747061593
844.6891422270722
844.7190991604416
844.7490786883191
844.779077918291
844.8090329029943
844.8389651828688
844.8629406404181
844.8929056062967
844.9228826506675
844.9528054165405
844.9827460650392
845.0126121374374
845.0364886138212
845.0664153895738
845.0964431848581
845.126506882527
845.1565230796577
845.1865258181937
845.2105873095518
845.2406361132631
845.2707074134883
845.3007778126452
845.3307150773834
845.3594490615915
845.3809472302702
845.3948731558531
845.4088233658426
845.4282436739907
845.4542516278915
845.4826390841556
845.5121436093702
845.5420364692311
845.5659681833706
845.5958665313475
845.6257223259687
845.655597957591
845.685542321222
845.7154732362521
845.7453711088824
845.7753058641938
845.8052220330965
845.8351137960592
845.8650655053641
845.8890523527826
845.919047501292
845.9490543827188
845.9790614339713
846.009080702925
846.0390915119177
846.0690977723198
846.0990995030052
846.1290998962355
846.1590958834507
846.1830892130763
846.2130763597347
846.2430650100304
846.2730552977301
846.3030462248167
846.333041864112
846.3630406931273
846.3930434131597
846.4230637560822
846.4530843463394
846.4831117690613
846.5071337902675
846.5371530035086
846.5671810343614
846.597202603697
846.6272281794809
846.6572575114641
846.6872764728259
846.7173100388189
846.7413244642357
846.771352602871
846.80137626402
846.8313903676453
846.8613918978991
846.8913836576412
846.9213757588303
846.9453647536011
846.9753593844728
847.0053494073044
847.0353409679227
847.0653319471812
847.0953279184071
847.1253346347481
847.1553362723992
847.1853469791208
847.2153550857734
847.2453640296246
847.2753675186551
847.2993680367089
847.329377874763
847.3593848053381
847.3893908607961
847.4193957731385
847.4494038603739
847.4794142122187
847.5094213260184
847.5394303922608
847.5694373748804
847.5994419670363
847.6294488663677
847.653454549968
847.6834600816982
847.7134668211264
847.74347482501
847.7734833841135
847.8034909305461
847.8334975070986
847.8635054813224
847.8935140445935
847.9235217670767
847.9475263963523
847.9775334717716
848.0075394982581
848.0375490199626
848.0675663567177
848.0975884946537
848.1276084694059
848.1576260391283
848.1876433742095
848.2176589734682
848.2416703486853
848.2716826113008
848.3016952451585
848.3317051398633
848.3617128987972
848.3917212935924
848.4217271428661
848.4517322700893
848.4817359875482
848.5117406590622
848.535743097227
848.5657459904078
848.5957487605172
848.6257519740103
848.6557552098178
848.685758446104
848.7157584533735
848.7457513054533
848.7757004197141
848.7996651394841
848.8296593397231
848.8596430867656
848.8896358896159
848.9196042230285
848.9496146704255
848.9795932316964
849.009643650681
849.0396012534842
849.0695614531774
849.0995157807315
849.1234823876918
849.1534394715093
849.1834099755447
849.2133744138804
849.2433487342844
849.2733272422154
849.3033205113928
849.3333006231275
849.3572818893322
849.3872542018537
849.4172240801962
849.4472090963388
849.4772144600438
849.507248379947
849.5372691970726
849.5672844651557
849.5972894130764
849.6273081193589
849.6573353029637
849.687358513526
849.7113574814907
849.7413269143331
849.7712730431219
849.8012110629413
849.8311321152339
849.8550807090407
849.8850000157995
849.9149170688688
849.944810273138
849.9746937758732
850.0045487204253
850.0284225356119
850.0581794146523
850.0879137216401
850.117670046246
850.1473933087016
850.1771727127212
850.2070259746997
850.2308809833719
850.2606901412171
850.2905035932376
850.3203421115472
850.350252682674
850.3802435804062
850.410229376635
850.4401972180659
850.4642257437376
850.4928068271171
850.5180305645832
850.5435731480544
850.5705980079836
850.5997872876453
850.6293295138518
850.6587533358277
850.6822001844569
850.7114521600572
850.7401842783498
850.768394522972
850.79681187856
850.8252141792046
850.8526954036987
850.8703236623948
850.8863294089757
850.8959756740534
850.9041178698405
850.9132617233811
850.9276368590649
850.9432485437447
850.9565821616754
850.9689749523584
850.9787859267173
850.9834639175635
850.9847054940718
850.9918702541703
851.0090419571611
851.0290645995442
851.0560154691548
851.0824625291579
851.1074962507744
851.1309398401891
851.1529854070999
851.1728642702842
851.1895326874325
851.2027235244132
851.2090583615046
851.2130539757316
851.2139626027239
851.2197936896616
851.2312807879695
851.2436630104186
851.2545487417508
851.262726793924
851.2699517088928
851.277189710373
851.2781860372002
851.2800640839071
851.2862617383628
851.2944265146602
851.3016281484029
851.3054991568806
851.3061329277962
851.3087123486479
851.3110246950204
851.3133460998081
851.3174224055639
851.3194860234386
851.3195257747474
851.3223829300622
851.3241558293768
851.3262460968667
851.3324931542335
851.3408946474729
851.3512548001069
851.36162198097
851.3702616866675
851.3769334361216
851.3811112565127
851.3819562259791
851.3830835060066
851.3840668683605
851.3854737303618
851.3890139509926
851.3933313869185
851.4013171805134
851.4097820089178
851.4172405099735
851.4181669751812
851.4260075787593
851.4394342220603
851.4531564695129
851.4684721065007
851.484027400776
851.4973286922962
851.5140433715125
851.5279915249127
851.5351211890008
851.5375083503737
851.5379570495846
851.5448584754624
851.5486908150779
851.5575839704849
851.5682439120307
851.5789077349883
851.5867206590564
851.5946642642634
851.6065169345951
851.6215410258134
851.6310177223338
851.6474402976628
851.6629865218271
851.6846185883232
851.7073846339262
851.730765288903
851.749523709261
851.7678751373741
851.7938102885225
851.8227676648976
851.8512127520149
