0.02835925465100187
0.04953050391215809
0.07045356121975299
0.08038240500003681
0.08237172803278742
0.0841638951213591
0.0857587300793406
0.09077053416424342
0.0914080621580524
0.09140984020544603
0.09141182335286213
0.09141373944597346
0.09141571431143367
0.09385997494780865
0.1059341251769487
0.127856947498726
0.15578729597468974
0.1851809837670404
0.21099942151721623
0.24026269574472417
0.26144119682346434
0.2744934803963518
0.2799372590117713
0.2826745737289442
0.2901259449233437
0.3036193576361832
0.3169209888073203
0.33615462909414484
0.35727695066489545
0.37801364043799
0.40023420161395756
0.4280780863527973
0.45269064082809757
0.4790645921150402
0.5001430297412509
0.5290330422777986
0.563256203480165
0.5843994797594941
0.5974732150167269
0.6083690803342566
0.6177618071364237
0.6230919759187573
0.6292616171264782
0.6388898969766973
0.6603305003787002
0.6805227199207111
0.706170819378463
0.7318640902415291
0.7590241162506247
0.7833182332671682
0.8057195246496268
0.8243023396019566
0.8357454161718744
0.8425848613128882
0.8443441035841724
0.8453326047847658
0.8487340334184051
0.8557366237865591
0.8694673839205264
0.8846522351965649
0.9000623529638911
0.9189449594743712
0.9462339022368222
0.9810610330381645
1.009944563453081
1.033501929105981
1.0531969783091883
1.0684002246528903
1.0840996885353325
1.1045645953418157
1.1248449019992222
1.144797234263503
1.1648067739745913
1.1859597172366927
1.2095039424644145
1.2309567304971738
1.2511035711164058
1.2700988590673605
1.288866940259831
1.3119156050751914
1.3308714299603905
1.3459803426111325
1.3567011463551426
1.3711233204229578
1.3896850496521336
1.40958503946437
1.4286497685988087
1.4463685233171524
1.466613424072951
1.4910572390725603
1.5246706004479451
1.5546116722783425
1.5846370785290487
1.6145323420235105
1.6419212036821837
1.663762588613114
1.6816682325432777
1.6940001901397321
1.706736231386158
1.7188666336964837
1.7328899799965913
1.7434939885996805
1.7614536898177495
1.7841156228506276
1.8019209206655191
1.8238709449024693
1.8463296426051305
1.8685460008707526
1.8954337772259575
1.9173015123730788
1.9460595428409324
1.975786986815763
2.003892697559901
2.0306039274300245
2.055970487235741
2.0827219888372417
2.1126071294333952
2.1426291641018396
2.172765646788848
2.2006422969628137
2.227949843332436
2.252845586424171
2.2777590615487786
2.3014393405411067
2.323713590878344
2.346554905861949
2.3608710415400482
2.3838773934228223
2.403464148871864
2.423724718641767
2.449427345835988
2.4753082515768106
2.4968471072800233
2.5178696935782674
2.546331553581155
2.566720818181752
2.5951322423122694
2.6285374128622623
2.6529997238211633
2.6736035909506133
2.689090807310301
2.7094433490906606
2.731699851135344
2.7515696965295113
2.7748006335541255
2.792343764899518
2.8067442197548056
2.8216947848253495
2.836832610249828
2.8540028183913204
2.8738265196128556
2.895557787890951
2.9244705585848347
2.94424199319442
2.9582747460878767
2.9671663601321088
2.9753989954454503
2.985807015902815
2.9983330148801723
3.011245544712858
3.0277428865922382
3.0514608826734264
3.0667962116549727
3.0853851603614104
3.100275565276281
3.1163724002517554
3.1292287999989874
3.145491987040093
3.1673545226719484
3.1910440655169663
3.2123307291598526
3.239135506115256
3.263975301210781
3.2815775390200255
3.303571541614727
3.3290999652649824
3.354699347798904
3.3761252134045856
3.3941399354819883
3.4052897294309363
3.42141927253133
3.43514956575561
3.451500911360201
3.4724784248257685
3.488080505365362
3.502247136444491
3.5160910100923224
3.529079141320397
3.542217556420379
3.559959111814733
3.576997476811458
3.600823134642878
3.617357404873334
3.6378116297631196
3.6646304894638417
3.6897694607184457
3.7137278300766923
3.737047496584576
3.7591896992626213
3.779328719848996
3.795831334304403
3.8156120205507644
3.83905924224516
3.862853131540478
3.886313498942618
3.912649255617663
3.9346424402825004
3.959742445143912
3.9779018675663447
4.008111673359083
4.035505324915365
4.0565944040411175
4.076302685486958
4.094056247062791
4.100888982500127
4.111888092282706
4.120402676984967
4.126397050463552
4.139100128394902
4.1554257282998375
4.169883838007418
4.194594226281438
4.211294459966379
4.2360051408169275
4.262444023629439
4.297523869940909
4.321304247584072
4.357300277970056
4.38735821537005
4.417295707700272
4.4451271310241784
4.469078978424784
4.501039357181845
4.528067494236943
4.5503531850306755
4.5735128513478465
4.60440870791944
4.630347017990569
4.652995023035174
4.678208198106354
4.708854565682932
4.733323485307403
4.755903265869894
4.785431441370047
4.803998016124384
4.816675376055241
4.829498176177766
4.845480519609738
4.859377198043856
4.873159433050719
4.889450571018887
4.9059939534029136
4.92616331379418
4.941132071639535
4.9494649976411065
4.958289695575961
4.97042764598691
4.985597701489977
5.001467923199133
5.019937089423058
5.0308682003334475
5.0379127014159915
5.0456832478977125
5.050969950280619
5.061443285895266
5.073603063434571
5.09215480524477
5.109589309796071
5.126890249880846
5.144052363637785
5.161184793211618
5.178459840877585
5.195868661112787
5.214004755725266
5.223605070580026
5.234149032790227
5.245424304935804
5.2610408223343335
5.2774753820921045
5.294035717611698
5.310713417172248
5.329346420744525
5.356929498503673
5.383674109473328
5.408450256680243
5.43444002400305
5.454482522685295
5.4696290660074895
5.482341171824451
5.496717183535714
5.513586821130214
5.53054279675761
5.555335305443267
5.582627498086613
5.599893954878647
5.620149725452818
5.641385955198861
5.662814644379035
5.6839720847887
5.706799519047348
5.733330552918133
5.758596672752632
5.785997036617294
5.8144311660271395
5.845080290388165
5.870527817398415
5.893920471028951
5.919173933436084
5.9401122843683964
5.9566094931013165
5.977763539223092
6.002817505575557
6.027965963069173
6.0606512127216945
6.087885939271949
6.1132798222143965
6.134987121360977
6.161937032481945
6.191082580530743
6.22087319401259
6.247253982083486
6.270016422872459
6.298595469359121
6.317726480983972
6.346728377631986
6.374892592380727
6.404723772029238
6.434311669547063
6.470044755153657
6.4999610298671575
6.53050965046974
