-1.817239855165754,-7.506895982780103
-1.8277153632164223,-7.532824250935398
-1.8364708600867075,-7.552870868743873
-1.839944059555293,-7.560434324177661
-1.8407849210817369,-7.562220006956791
-1.8414618307138588,-7.563641040920501
-1.8419714653368295,-7.56469867622257
-1.8427365121236978,-7.566257128222978
-1.842736230525821,-7.566255614631972
-1.8427366436338029,-7.566256181340362
-1.8427366510255687,-7.566256561514324
-1.8427366046888394,-7.566256353660233
-1.8427365119419785,-7.566256185605327
-1.843807359569973,-7.568401673852733
-1.848983964022515,-7.578774249143267
-1.8552367664978668,-7.5920345031658
-1.8616940712861845,-7.608857901321599
-1.867809155690567,-7.632293367893416
-1.8713090521593199,-7.661095897264828
-1.8707010660929906,-7.690786868236888
-1.8652366882315536,-7.7198922835223565
-1.8547767609064545,-7.747678629440968
-1.8404750091858986,-7.773706922685569
-1.826642691287013,-7.79313275444693
-1.803696931915908,-7.820700636305631
-1.7878283306876714,-7.8387086311789025
-1.7680071989509878,-7.86121630161264
-1.7479701411958803,-7.8834995231500855
-1.727466278042527,-7.905312607707793
-1.706430876535234,-7.9254813346529795
-1.6846642633561226,-7.9439526779330665
-1.6616493615765446,-7.961768659282315
-1.637364512725022,-7.978462574915353
-1.613557129577835,-7.993520190932998
-1.59244699514455,-8.006158488121475
-1.5680800984452112,-8.020093674116552
-1.5431007773518886,-8.034320691591399
-1.51686659526219,-8.048685519081682
-1.4902297343669095,-8.062341597181444
-1.4634063104681596,-8.075755811045797
-1.43728210245878,-8.0883414262369
-1.4109164276696944,-8.098815612969982
-1.3824800992486204,-8.10607083270121
-1.3529368514883178,-8.110071354251716
-1.3244293342693532,-8.111980105791861
-1.3005933595457897,-8.112358753309133
-1.2834240750470605,-8.11187934090707
-1.2583058560793232,-8.109939615648829
-1.2388256120693217,-8.107136066396608
-1.2117195514795178,-8.101544974285996
-1.1864208976597261,-8.094805328844448
-1.160965784451504,-8.086163119613902
-1.1357288514504202,-8.074735325942774
-1.1110419968036027,-8.059970346900375
-1.0890737743612457,-8.0432433696939
-1.0710558348883708,-8.026769743935855
-1.0546921473685744,-8.008696853717305
-1.0393860460258137,-7.9879569489328155
-1.0244104238533174,-7.964446748558109
-1.0090209621017248,-7.939985974341197
-0.9931466269075394,-7.916531823784404
-0.9756986042266227,-7.892509022344489
-0.9577996410055942,-7.868607909275499
-0.9397592516071809,-7.8447212300014915
-0.9207830946019343,-7.821415694218703
-0.9013890792737986,-7.798511458223797
-0.8820043569801708,-7.775634325198917
-0.8631993809891028,-7.752783652062172
-0.8464058935914937,-7.732755446349902
-0.8291097861807666,-7.713543481911154
-0.8116720160791046,-7.6950900250639185
-0.7976002383511622,-7.680212186791049
-0.7814294136911364,-7.66311458335549
-0.7643224652980967,-7.643657952140698
-0.7527144080869114,-7.628708295236029
-0.7423688584332635,-7.613888154362406
-0.7297354194914057,-7.5937284182116125
-0.7157173103692271,-7.569060185670162
-0.7019639410311969,-7.542624149414018
-0.6889870507912714,-7.515632559589883
-0.6764677854984328,-7.488387394009855
-0.6642753805325929,-7.462551834734043
-0.6526029339675685,-7.438871771520176
-0.6386477210138947,-7.413181239289359
-0.6236174352640534,-7.387793434040192
-0.6092015692938966,-7.364839232380051
-0.5965852364602333,-7.345156474870277
-0.581443418186726,-7.321849157293539
-0.5653631647895336,-7.296706622544914
-0.5506895120467232,-7.2707389268996385
-0.5379328413624855,-7.244123977767549
-0.5265868581779252,-7.218827416598578
-0.5141252891029743,-7.191517332932671
-0.5015282673590886,-7.164280168628029
-0.4893631505946824,-7.138300790108163
-0.4768490355779382,-7.111078790195711
-0.465162386815454,-7.083507952650053
-0.4540087915754195,-7.056047177765078
-0.4426587289928422,-7.030138152241599
-0.4304173605472543,-7.005053338995033
-0.41972586817130214,-6.984748951572423
-0.40792968768114857,-6.964434677922562
-0.3938874902421554,-6.942839963862619
-0.378072974055015,-6.920907062057896
-0.3596652832118228,-6.897224080379641
-0.340495923169847,-6.874296045611658
-0.3204808785525491,-6.85204846915115
-0.2999621593710757,-6.830188507521447
-0.2781616163235069,-6.8095316151061365
-0.26032330751801946,-6.793700373582164
-0.23839498349673327,-6.773436785204447
-0.2167143151342839,-6.752839662638883
-0.1944569119096967,-6.732686691418117
-0.1717243163109652,-6.713136025275345
-0.14891483807270697,-6.693654966657095
-0.12634505883982064,-6.674077361401697
-0.10620987706756217,-6.656514432783046
-0.08661836001681673,-6.639179459062736
-0.0660856649923924,-6.621291813555043
-0.04733897803226189,-6.604846352150323
-0.02858702735960372,-6.588021159032963
-0.006975688256331295,-6.568975103856404
0.015621427776814164,-6.549580793314869
0.0383249844043767,-6.529983153720211
0.061319440374169545,-6.510620931490204
0.08540580266216287,-6.4925307393186555
0.1104910577410022,-6.475907472875061
0.13647111240821747,-6.460711652687429
0.16285933751114362,-6.446609794579965
0.18955906283023094,-6.432866571983699
0.21107903882568138,-6.422172793857357
0.2382546712955784,-6.409360070754162
0.2656983734626379,-6.3972127630577065
0.29164579975905053,-6.386276545930709
0.3166653718518134,-6.37667287443277
0.34478226274773677,-6.367018214570193
0.3704942840973171,-6.359364794520343
0.39477977655749436,-6.3531749667787345
0.4205283172388109,-6.347211216359597
0.4465713663440834,-6.34218112020063
0.4726941407957246,-6.338789698994068
0.501825116553892,-6.3366031786079
0.5267282544608403,-6.33542948578178
0.5497466904248088,-6.334666164155064
0.5753542628421884,-6.333803973720455
0.598039104895627,-6.332847985349035
0.620570919693197,-6.331434867357914
0.6411617278542076,-6.3297172969025235
0.6627450702299896,-6.327645779523676
0.6866723588024733,-6.324803248687961
0.7145266302269432,-6.321376405081232
0.7368621569456014,-6.3185880219687744
0.7654546972272057,-6.3146509452393245
0.788573550263906,-6.311442145809477
0.8130873515163267,-6.3083235485500655
0.8361257888526517,-6.306035035777895
0.8629428558188961,-6.30342480946307
0.8889413926473985,-6.300144485583257
0.9123205000847183,-6.2968408293097315
0.937908762434661,-6.29273873854353
0.9630089244134824,-6.287458446705709
0.9882011726047543,-6.279461419304333
1.0132922666763762,-6.267679291482798
1.0382357065573509,-6.251597093534792
1.0609458462393724,-6.232375872502472
1.0815927537927899,-6.210880075817891
1.099194842790301,-6.187726721071454
1.1136904758399955,-6.163103664795839
1.1262402021072504,-6.1361700252360665
1.136512506908781,-6.110368007244784
1.1462785551103314,-6.08525664457324
1.1573425034445144,-6.0608240651642875
1.1704335896279527,-6.0387468951731895
1.1858143709703508,-6.0193119549992895
1.2064230164631695,-5.999024235795474
1.2299788643108962,-5.98022297439193
1.2543915217071249,-5.962703386512935
1.2791274225292417,-5.945665658190467
1.2989585325047757,-5.932180714299315
1.3234283040578778,-5.914887719055202
1.345491794698069,-5.898966817952472
1.3668440630453018,-5.883459337827716
1.3857144120599796,-5.8694475558015435
1.4083445734094557,-5.852753438214282
1.4329632709034124,-5.8358106526597275
1.4580535100041103,-5.819372644979682
1.4830294371986863,-5.802761500282562
1.5076592593858056,-5.785760791429549
1.5316765039051712,-5.768071879701584
1.5548861376105432,-5.751504027989343
1.5785102456659437,-5.735684021057639
1.6030753810386476,-5.718657810447654
1.6268223874093526,-5.700481083291415
1.6502648150997201,-5.6817584158544765
1.6739327322060564,-5.6633051299927
1.6979225832021074,-5.645181002058652
1.7223942688202305,-5.627815512329296
1.7463703186554196,-5.60990739550699
1.7695342791183972,-5.591001214292064
1.7915009115161313,-5.571124604477997
1.8127889398232526,-5.550241068449861
1.833855205839181,-5.529157353444721
1.8499627900864164,-5.513985996721634
1.8708748718874209,-5.495450657400945
1.8920818572830937,-5.476541783657019
1.9134051277626216,-5.455614374391302
1.9336720761468253,-5.434094719699993
1.9507348875187558,-5.415919613640728
1.9654324367176812,-5.399046179128172
1.9764902490528398,-5.384394745373394
1.9873194370047662,-5.368313992341317
1.9983856167998282,-5.352236352531459
2.011380104811439,-5.336081128909306
2.026238941161547,-5.320140031646588
2.041162861486242,-5.304436744312562
2.055036415609179,-5.287980340330124
2.0679116423077053,-5.268082258581626
2.0791780136458518,-5.244215922336348
2.088792002692254,-5.219074229459231
2.0965538720116665,-5.196988655042666
2.1036485844549953,-5.176447857168178
2.11109286843969,-5.155252594503048
2.119460846128306,-5.129315031400199
2.1271713066315847,-5.104221795980439
2.13634778602552,-5.076358663978859
2.1458295863298518,-5.048068556791057
2.1542869912689366,-5.019491774021631
2.1609164887749657,-4.990403702553978
2.1648586642159318,-4.967453773757811
2.1696649211400656,-4.934903004310415
2.1731112924850438,-4.911960312753921
2.1775390518681337,-4.883290861621938
2.1826219241307414,-4.854564874939064
2.188002175744341,-4.825244681504568
2.1933107080785526,-4.79569187217521
2.199526966240318,-4.766269479461987
2.206621170925894,-4.737064375268737
2.2146056069662516,-4.709195045369076
2.2244056612876157,-4.68076201255962
2.235270804783461,-4.65329737488336
2.2466655673984386,-4.62574907968986
2.257165491033575,-4.597809996040904
2.2658012001307837,-4.569214392418102
2.2739064542798,-4.540988546665908
2.281377597089625,-4.516449024772929
2.287848445063006,-4.495330876445594
2.2950801995986336,-4.471171043313335
2.302530152543517,-4.444655107925528
2.3098133971502968,-4.41656317854144
2.3165989686191244,-4.387511989753389
2.321955793377043,-4.358555242420201
2.3248631859358575,-4.337763029761025
2.328277296683555,-4.310439662059798
2.3310152219710836,-4.286065296591316
2.333438948154525,-4.2583806012683665
2.334886580574278,-4.233076019554701
2.3359309326059394,-4.207460377735158
2.3368034843446273,-4.1818753249573914
2.3373882920392703,-4.152997594737156
2.3381222477745895,-4.122981419139107
2.339269796950197,-4.092970967015324
2.3406621993809904,-4.063015944919241
2.341785272455723,-4.033060210835178
2.342578252054449,-4.003093228687164
2.342646935648175,-3.9731588898791053
2.3419838783479445,-3.9431902322207666
2.3411781123091084,-3.913194630128491
2.3404894211326797,-3.8832076508424898
2.3399043645643407,-3.8531713684545603
2.3402925900151192,-3.824675885614327
2.34226567991841,-3.794676080320403
2.3446363557463226,-3.7708201275010147
2.347781411880351,-3.7418445029823437
2.3509102093701757,-3.7140012627240684
2.3550073911198033,-3.6847003845454243
2.358650773699014,-3.658564476555214
2.3614641608546947,-3.6336061383283553
2.3640093172802583,-3.605821975566688
2.3671020121551076,-3.5759256950815383
2.3715173096101583,-3.546907816444461
2.376446640895537,-3.5191461154942925
2.381178997741427,-3.4928335913224364
2.3864172773703403,-3.4664243954304155
2.392584574031485,-3.4374031918666383
2.3990061124086552,-3.4080920810292867
2.4051611304819995,-3.3787657631971224
2.4106557536025535,-3.3493136312716936
2.416378595105822,-3.3198015107312138
2.4230240139849517,-3.290826348630514
2.4294920742153288,-3.2640380044545236
2.435238838764943,-3.239347821534918
2.4393255857398453,-3.213022580595983
2.4403007817489137,-3.1848864876853926
2.4376261448163277,-3.1604967121615437
2.4331710141394374,-3.143143313608861
2.4248456810104235,-3.1238561498968593
2.413134418780549,-3.104572783261904
2.399880630739329,-3.0861824087863945
2.3858058720195756,-3.068393020256762
2.3706241292297694,-3.0511981119442195
2.3533463636796172,-3.034943062296377
2.331599504749982,-3.0184760944859037
2.308851350956871,-3.0031643755475783
2.2862100532277134,-2.9874713493375777
2.2678201742378965,-2.972640936458319
2.2550863429393413,-2.960025842576746
2.247061562364196,-2.9498610235739298
2.238449804494235,-2.9368067425320357
2.229853216530114,-2.9218924767405694
2.2204797754355856,-2.9034280542466187
2.2115603416220586,-2.881747260024851
2.2036537738493767,-2.8547724183321557
2.1985537205709225,-2.8269371005428385
2.195907164460314,-2.8000473491880693
2.1943869687205497,-2.776425911033022
2.1930435244053443,-2.754613506006475
2.1910980962298683,-2.724686524226536
2.18942803807871,-2.7040024288444453
2.186988004236918,-2.6773179074058047
2.1849774461772276,-2.6510321588649144
2.182587386971338,-2.6253052038585953
2.180400397234234,-2.600404368259745
2.1792337851543624,-2.5773718658385367
2.178756343815007,-2.5562830066004
2.179269380415707,-2.5294845434265727
2.1812259798214066,-2.5012363685826835
2.1842346656825273,-2.4755504733659612
2.187409390132402,-2.4486236318485264
2.189729110159139,-2.4199163729167528
2.1916100537440837,-2.3905782170564067
2.194480218274452,-2.361351045150637
2.197771760898743,-2.3315478745443605
2.2008793937273885,-2.302127312570684
2.203780117488949,-2.2723071413986644
2.20653135193026,-2.2424810790010015
2.210297764850535,-2.214165183717251
2.213642434060343,-2.190907538584356
2.2192503185567984,-2.156015782672489
2.223931741989662,-2.127171287187094
2.227961968941761,-2.104143055033267
2.233300134441566,-2.074711103615238
2.2386952263766773,-2.045190713335852
2.244087483763695,-2.018292948969217
2.2509804517892285,-1.990728973586818
2.2601666512761125,-1.962090140132892
2.2700089685856875,-1.9337695489185869
2.2786052858450407,-1.9051598023895397
2.2859600634457675,-1.8760947917848092
2.293236536170771,-1.8493529128947854
2.3008906563902527,-1.826753331318149
2.3112028060859253,-1.8047695643851573
2.324540355942285,-1.7824655917929701
2.3394825157055377,-1.7597273473742407
2.3555336005148892,-1.735232530042717
2.371810096606657,-1.7104541538864182
2.389544787179704,-1.686237363886778
2.409212236528757,-1.6633317214906715
2.4318235244560467,-1.6432431737222868
2.4517874652216523,-1.6295736812759873
2.4785236633723455,-1.615492137624731
2.5066139597234693,-1.6045526016676996
2.5350870583867615,-1.5950302376048178
2.5632299217653345,-1.58496248468561
2.5902341782804297,-1.572474652763001
2.6154928194942966,-1.5567719691827948
2.638375022656385,-1.5378180449422305
2.6587463851062285,-1.5160614197579823
2.677790452258576,-1.4929521307859634
2.697048880926231,-1.4698519401220187
2.7180638788717557,-1.448173799402582
2.741901987735496,-1.429556102002258
2.767713473507845,-1.4139421904310665
2.7951100587310598,-1.4011584998220246
2.8239504448347557,-1.3921879734367046
2.853376966849516,-1.385847752277904
2.8828435440860094,-1.3802768461091428
2.9120178992342804,-1.3737128337026643
2.941031603361166,-1.3661420082148357
2.9641868803790836,-1.3599871058828115
2.9926473237984887,-1.3509138282216089
3.025540128918347,-1.338585963573094
3.0514727181916865,-1.32800753504942
3.0728578530577786,-1.3182970689256368
3.0992510021756847,-1.3043030291023059
3.124588697083955,-1.2884989382767509
3.1485020618246855,-1.270756237021442
3.1697435136856873,-1.2502527241378547
3.186965125918022,-1.2280079794220347
3.2014946927754813,-1.2046089307776906
3.215685240091649,-1.1798739857343419
3.2304891010279326,-1.1543005955295753
3.2449449894764144,-1.1297758641038023
3.261322006677269,-1.1045243461327185
3.2785469749882927,-1.0799624435810342
3.2943165771006426,-1.0580221764958226
3.310519048314215,-1.034680859352896
3.326546307925391,-1.0105245823594018
3.342372800455513,-0.985282605934364
3.357658125946005,-0.9595884708033411
3.3723168674603676,-0.9337484031172671
3.3854573444587235,-0.9075421550814089
3.3952697326102963,-0.8871769395854466
3.4078364082805126,-0.8619015181018971
3.4203538421650697,-0.8368745337734708
3.431078577836481,-0.8157636516239423
3.441076011744581,-0.7944372955101118
3.4514362614099023,-0.7707233814090886
3.4623993100099146,-0.7468907952534308
3.4746806807710797,-0.7206317737484691
3.487518780640471,-0.6952697890909368
3.4998926305021647,-0.6716352725162157
3.514046750452475,-0.6453506646259103
3.5261860491968697,-0.6206902083909868
3.534587981315474,-0.6008686109415858
3.5402058678067543,-0.5867081749102478
3.546075903132679,-0.5721540313547973
3.553183911268963,-0.5555233445507807
3.5621826231649285,-0.5358538383694967
3.5731370575481263,-0.5122610694247782
3.5830523085468022,-0.49065315307653234
3.5903504460399156,-0.4737822272702151
3.5985961359932026,-0.45357443542742176
3.6062663933344705,-0.4319152842779043
3.6128010402508086,-0.40788317007777014
3.618283657207569,-0.3811689948908446
3.6235566403125774,-0.35302540954075695
3.6300042537807653,-0.32377652687911007
3.6358004276802114,-0.30047373951339945
3.642596763657182,-0.2713439573126642
3.64790745658769,-0.24188547704380256
3.652263100158525,-0.21404030452218772
3.655826644327251,-0.18566789624198313
3.6585708641064447,-0.15735394846299847
3.6618536723638284,-0.12769859856880014
3.664928087347478,-0.09822908465510151
3.6682959883006827,-0.06866546217318464
3.6720512563685133,-0.03891451046121885
3.67620407240629,-0.009235463643210163
3.680014732569578,0.020516641821390683
3.6835862157892825,0.04957837964166948
3.685792397325695,0.07792983128575094
3.686949191357042,0.10644095515934092
3.6876858834190585,0.13544300757033687
3.68747636740151,0.16527195692561156
3.687561292516333,0.19531593570092112
3.688352078356051,0.22454385333373728
3.6892536075858953,0.2511818510443083
3.6897514371439026,0.28012231074308175
3.6896734693053315,0.3075383866902751
3.689720952342472,0.3350726790879344
3.690255302109207,0.3539166477477482
3.691551760099324,0.3777801536686357
3.692406830556667,0.40209367984244593
3.6923282175867387,0.42114892468585646
3.6911452306551946,0.44159726286384865
3.688465868519309,0.4635817301214067
3.6843994960287207,0.4880054830718903
3.6795113202638055,0.5156536951856716
3.6740599966300853,0.544642754060761
3.6677104863603827,0.573814034305361
3.6608191202703306,0.6027566332923029
3.6530641133655823,0.6313943417207868
3.646131107417401,0.658814834846468
3.640697693559395,0.6872493712382359
3.6360405654946018,0.7167045801333602
3.631917081323853,0.7440110902607417
3.6288534354734674,0.7698227532419747
3.6272161904820526,0.7969744404780406
3.626249116579317,0.8263678952925169
3.6262487311190905,0.8476537020708098
3.626804253738543,0.8746990434727059
3.628128939112675,0.9034104048192148
3.6301465239987905,0.9333849565149814
3.633204060111233,0.9633261420923861
3.637562805693669,0.9930739340508593
3.6426763089353402,1.022636943673855
3.646941088173424,1.0521711344369755
3.6503338282020055,1.0817714026468281
3.6528665396285915,1.1104585560740026
3.6537747855118323,1.139697342189616
3.6537792051243976,1.1691691143793241
3.6537532781905915,1.1989287636956416
3.654245106165822,1.228778333048919
3.6549454302947364,1.2584879036201881
3.6554229396137816,1.2881998008718805
3.6552873702726796,1.3179302476460708
3.6549327057512677,1.3476521055004282
3.6547104450172214,1.3773923904868006
3.6534650119666896,1.4069698860674371
3.649958272002719,1.4364004525081056
3.6450288453735196,1.4657938494081961
3.6402486675300234,1.4953097475999066
3.6374789643536505,1.5231061685400302
3.6357796773474433,1.5523405375489117
3.6340261340786344,1.575607111496225
3.629655458452443,1.6043941416492196
3.621274563258295,1.6325980027763032
3.609252163928597,1.6595145524701909
3.59563564857325,1.6853672527377141
3.5818909796124174,1.7106139152978592
3.567758940086326,1.7359938548192337
3.553119255250581,1.7620828888983147
3.5390868231077626,1.7880562761095151
3.527124821886151,1.8114131492050902
3.5161150065524946,1.8343001056307995
3.506929186363863,1.8562986266916308
3.498684452488051,1.877733954619512
3.4905742998042655,1.9005133872364413
3.482436808294936,1.9258812055416121
3.474706958466678,1.953287457688517
3.4664486952155924,1.9803966422209003
3.45582939534805,2.006513143924837
3.440947273011843,2.031421239302406
3.4263200011339765,2.0491922945659433
3.405734986188432,2.0694713874868254
3.38404331232691,2.0887717391086373
3.3626111347352388,2.1085497636704833
3.3426533593563468,2.130123083892484
3.3241583661258294,2.153847149314637
3.308290432041416,2.175928299993273
3.2932180177730084,2.196725427403838
3.277009174392209,2.2161813278959004
3.2591526012661367,2.2334761699681502
3.2406911046590663,2.2496092921498514
3.2241122878399384,2.264191693828267
3.2076791928320003,2.2795535616667695
3.1916491105358604,2.2951607499039772
3.173310554665665,2.3133601706431395
3.1562717352787812,2.3313670914923437
3.139874060712476,2.3499731667990713
3.1232934034124833,2.368235469472137
3.103873499824566,2.386355731215606
3.081885297876856,2.403703065879346
3.058983634662127,2.4209470074145667
3.034936839935988,2.438847367419421
3.01090420368893,2.4568342562142127
2.9868725444526327,2.4748126450747243
2.9680433921037475,2.489855992382207
2.9459017778364247,2.5102863254042673
2.9247016761221265,2.531527694914117
2.9031687756074245,2.5523500121276808
2.8815334826739227,2.572530831611448
2.8638205267438024,2.5892580331704007
2.845760050820522,2.6071181335793963
2.831957019043791,2.621624862064286
2.817348318225183,2.6379252913863955
2.8012610394425432,2.6572624239876377
2.7853860125550516,2.6775753464991268
2.7703207908284044,2.7006594919961366
2.756429176218193,2.7274051850005745
2.743765423620297,2.754620014055864
2.7332624010479805,2.7761068221540457
2.718330506809178,2.801897193662696
2.70074813299805,2.8259796354806763
2.6825773572461693,2.8478746719865797
2.6642701314192636,2.869970156046203
2.6463838318839144,2.8939196410697052
2.629146191732533,2.9185152373075978
2.611866756880604,2.9429837014611215
2.594116987663764,2.96715156336151
2.577127371979041,2.9899316655866754
2.559243763778096,3.0131796230803687
2.540471149605498,3.035858207061157
2.521003117689055,3.058466898252352
2.5013408733527696,3.080660334203565
2.4821335643261557,3.1027767849674928
2.4650935054375585,3.125684740233171
2.4526757943814044,3.1478472598702
2.445685967922935,3.1665845083740423
2.439800962588432,3.191351174654998
2.4357895948887025,3.2165132362287476
2.431958905043097,3.2415701276874107
2.4265832728140553,3.2664712436205123
2.419654352641999,3.2912624382169677
2.4134691525060687,3.313452090563493
2.4093969807084394,3.3304746689332907
2.4062964249956913,3.3461994002896542
2.404193364788598,3.35738547322491
2.403046355021335,3.3632804209823193
2.4016820295993306,3.3698118267172017
2.399938075701803,3.3777384393200207
2.3965381354623556,3.392589931139281
2.3928182110735317,3.4103320017805094
2.3888554376556113,3.430515696985199
2.384336385993931,3.4498246128202394
2.3803148423108804,3.4647109067222113
2.3768347384372204,3.4765959302034886
2.371922676244177,3.491430921287139
2.3658525680457143,3.5082883359251777
2.3600885641276683,3.5253881397119566
2.3553694099133384,3.544081667294232
2.350741057762909,3.569408509570252
2.3466326867146536,3.5961614789058203
2.3414736202335535,3.6240112814696452
2.3349129072525723,3.650784345825599
2.3267429062949905,3.6788004596032184
2.3191364178594243,3.701520697120002
2.3081929350296173,3.7338343062687676
2.301115280343787,3.7555506835797807
2.293370366214757,3.7823611297355133
2.2871299983472606,3.8102677396347313
2.2817780113180004,3.839530397351624
2.2769384223776514,3.8692097095899216
2.273640141774857,3.8991214766857407
2.2713041833782337,3.9290674747838206
2.2694000943641077,3.958991437784374
2.266518256512791,3.988505187610697
2.2631308288489307,4.017624082074917
2.2593267982891945,4.04577889681048
2.256026211100563,4.069535949209479
2.2535201340831645,4.088809345038076
2.251600716788937,4.108697644478185
2.2502798488583977,4.1301261093462065
2.249949608112437,4.152926041315006
2.250206195174301,4.1709734128214135
2.2505684791917666,4.18551147705508
2.251143632391774,4.202497056426652
2.2523129729001106,4.220409449414928
2.2551841362612297,4.239914484606284
2.2600600630014407,4.2584978533372295
2.2671588527534228,4.276144705547123
2.2759104944958692,4.291059376705205
2.2918621722518595,4.310184950509013
2.3131039283730908,4.327377082269221
2.3388180631776243,4.342088059817529
2.365816846025591,4.35415347849238
2.39066310989442,4.364203880792923
2.411008173876475,4.372563265025215
2.427977864749671,4.380136426834801
2.44299437727444,4.387406499697891
2.4542112571420382,4.393569725171131
2.470049051548955,4.403290229195427
2.492802191446604,4.418557052549339
2.5141895764560247,4.434566015484934
2.536131135527953,4.453020166894639
2.5571564052295,4.473095317958661
2.575666387383258,4.493667928903198
2.589564852971016,4.512265183252688
2.6012794543091995,4.531528442262842
2.6101369693386167,4.547831770375116
2.6216829489799056,4.5704832307015675
2.634546969527432,4.595271877655268
2.648176218654964,4.620716024000861
2.6600791747531365,4.642921275517038
2.67246057213172,4.666006404193006
2.6857173870825513,4.690302644079965
2.698821465697261,4.7136516269147535
2.7116161578365885,4.735448385328475
2.7252592493478383,4.757523035126446
2.7388535373816114,4.779650594628128
2.752758791885093,4.801940540350864
2.7667872466359054,4.824312087051161
2.7810895384614356,4.847045912050614
2.7944534141995327,4.868923364903704
2.808420048413922,4.893005467503269
2.8213515164179963,4.91549674333877
2.834630369998518,4.938936327181454
2.8464212490134804,4.959828693650352
2.8606279786160242,4.98619328570563
2.874379196632166,5.01282997033827
2.8876668531658733,5.039690798005963
2.900347854025326,5.06682019026529
2.912770569839331,5.0941366384586875
2.9251489190660602,5.121073281914661
2.935362515601885,5.144335209480955
2.944292866020897,5.166070577064369
2.953081104325086,5.187687160436345
2.9637465246614183,5.2134396743290665
2.9752543917112377,5.241082649188855
2.9864711480247443,5.268856231538928
2.9962806906725867,5.2969914359074615
3.004161201231573,5.323357194989259
3.010023118233696,5.345182261885941
3.0153447024643514,5.366615645818895
3.0214699081351495,5.392008752843967
3.028000097829568,5.418722732093245
3.0346958919949376,5.447770169245836
3.040533879678129,5.477148011962395
3.0451424380483476,5.506670644357801
3.0482311812078615,5.535385328861881
3.0505465643152365,5.5608193417262415
3.0527140672901774,5.587719301563232
3.05462579588736,5.616497237333535
3.056051240630889,5.645727315500123
3.057077451351088,5.675686486557763
3.058992056937772,5.705687242498053
3.0608249014560305,5.729601900793198
3.062640667247182,5.7573193374533504
3.06465776577907,5.786014568557985
3.0668567842089183,5.8132863697597426
3.068787034686947,5.837842463120067
3.0700529230373363,5.860496376333331
3.0708578857196223,5.88669157511094
3.0707699667503094,5.910739248724685
3.070562193492658,5.938820513762695
3.070962668960591,5.968847415850343
3.071501851076703,5.9987739589951925
3.07238914538002,6.026578171284093
3.0741990497086187,6.055467205424859
3.077563033265634,6.08519523812863
3.0821428304837917,6.114796284145764
3.087554450179526,6.144401400989338
3.0955294206587824,6.1735410944914815
3.107672573670918,6.201247857340035
3.1233104379948626,6.227123789964982
3.1424198285407403,6.250524482481003
3.1632695137623474,6.271906067232757
3.1853178595877796,6.29160754752497
3.208804612638222,6.307690213798853
3.2277237230840146,6.316507217442206
3.2426468527771757,6.321280419298798
3.2657233853628154,6.3267479485849165
3.2937009969293265,6.331473711903859
3.3212450755568024,6.335632343742903
3.3434465247294023,6.339737952010125
3.361844582332119,6.34426099544661
3.380997102629933,6.349364557794684
3.4065682938628576,6.355768660811914
3.4359296469351506,6.361834612296623
3.465468080190796,6.36705434681303
3.4948881490735193,6.3727163881302324
3.523569787337959,6.379110821661659
3.5525212273413573,6.386460786929766
3.581581955141387,6.393995649556042
3.60981659901215,6.401031673562888
3.6324417736216104,6.406784000854284
3.6592612208331277,6.413494952182926
3.6874367851476397,6.419935200241508
3.7159563059392475,6.426515558397743
3.7440078717457994,6.433473573356238
3.7701069810395014,6.440147461650383
3.798259148013403,6.447736041925133
3.827047696561307,6.456200593714087
3.856054650541431,6.464079467426423
3.8852729070665726,6.471106964218583
3.914713672088374,6.477113005384056
3.9442379257309694,6.4826585724120385
3.967984939694331,6.486418730541803
4.003479862975706,6.492055896934269
4.0270540609785614,6.496483335196428
4.056588380949276,6.501874187065926
4.085881403800392,6.507190466836829
4.1149974504763,6.511687373255517
4.144632204558892,6.515098410304209
4.174310765204068,6.5189212974497535
4.20368199778692,6.52435932976298
4.230714501103674,6.531139003251732
4.2580013848283835,6.539799563649673
4.284732730117296,6.550116103978908
4.311382666555462,6.5626406649173585
4.337123711100132,6.577182163981428
4.362432354425412,6.592609755710691
4.387620548909058,6.608870536088359
4.412967799125599,6.624932883087803
4.438286300538585,6.641068669321527
4.463871219982209,6.656786845608923
4.4873366870173585,6.670883091478277
4.510163012652581,6.685597300182922
4.53307418150701,6.7017375297268
4.553962410987643,6.718012779957939
4.575644696037086,6.734712145937516
4.598943832724777,6.751669201107574
4.621142862837523,6.76818849868509
4.640332607172554,6.78230094303012
4.664290395688934,6.799552174888278
4.683396612357581,6.813811107266654
4.70161826578843,6.827654523812043
4.722359254557276,6.843490325774824
4.741856071410374,6.858509173269393
4.762832832012565,6.873697934681141
4.783441394956212,6.887543595027954
4.801529853423033,6.89986482969146
4.819399893108968,6.9128873220235745
4.840235073011984,6.929570647813874
4.859859343430019,6.948056028818837
4.879679257355636,6.970052559398136
4.89789783189043,6.9934428944944935
4.91418857406283,7.017771507419868
4.928119532099338,7.042272605572165
4.93999960958108,7.068474344678802
4.9489039394870975,7.09396797316537
4.955595455646811,7.118758080459382
4.9620230614221645,7.1472516300188875
4.966989786577914,7.17432910777161
4.969989780109157,7.196628996493225
4.971773956567491,7.217246733153878
4.973038865933523,7.237231021264906
4.974643482926952,7.266794254184434
4.97566797643523,7.2946004068669135
4.976681480293548,7.32261161701737
4.977947366632888,7.355656013934035
4.97825398415555,7.375339989929195
4.977927459116794,7.398072053999273
4.976611247718741,7.4271987899590375
4.974474078156628,7.457087305876809
4.9716541773333915,7.486226404958079
4.967431185761354,7.515569671547227
4.962105884781468,7.5447623888620985
4.955920132173925,7.5740710496648855
4.948880037475945,7.603129325717897
4.940408091111481,7.631858232024138
4.931830490157149,7.660625798241998
4.92330359566063,7.688491026260295
4.914801573856893,7.714519387539861
4.907994408735545,7.73736993435183
4.90313757564059,7.757184506318201
4.899118587572305,7.780147828716576
4.89664215821738,7.803395969575196
4.8952974489969305,7.82404264672562
4.89393470261155,7.846485686380661
4.891602851280417,7.872265339975596
4.888622641326506,7.896328297742291
4.88506187017993,7.9187008647325845
4.88152759541139,7.938473366714994
4.876854084717627,7.963195402270436
4.872973755875841,7.985440918461683
4.868373116171123,8.013103772509243
4.8637325459058935,8.04276011618708
4.859265229126573,8.07244403861916
4.85498103964347,8.101258429913132
4.850643935656928,8.130767734465126
4.846499609188211,8.160517479008904
4.843061582060121,8.190353350125406
4.8400638448966085,8.220215321176951
4.836753023114761,8.249733065325142
4.83265242785111,8.276807251784103
4.827055883689492,8.301209793205944
4.8186877842175475,8.326685074479629
4.806789432786689,8.351438929805331
4.7911091944438216,8.373453112062368
4.772984611313218,8.392383240176693
4.753364665463948,8.4099713005652
4.734957732317484,8.426120387635754
4.7188293314066065,8.441248088816533
4.705085153344306,8.456176562651368
4.691811889196755,8.473771599491336
4.679270818225924,8.495736545590812
4.668492421011644,8.518706998571925
4.658020411016553,8.541674964542581
4.646352362473516,8.564123845084515
4.633917605432232,8.586339951187519
4.621823072553433,8.609941048557854
4.611089659600817,8.634643371485625
4.602477259592646,8.656195552810951
4.590933301301141,8.687126814881394
4.58386675280793,8.707433221916572
4.574751446913407,8.734540114352301
4.5625192419201905,8.768287814803537
4.553223803590871,8.790313135476865
4.540170325893531,8.817175069895127
4.525719910052369,8.843262882424261
4.510236563086053,8.865919719823104
4.494378140536045,8.884003388062759
4.474861796858035,8.902507208423295
4.458845510520495,8.915795943054876
4.4429245021692765,8.927659463821925
4.423876206406084,8.94053840396062
4.402119651906191,8.953715175726403
4.375873248606459,8.967577233451541
4.3494158731500665,8.978958382733326
4.32721321510361,8.986304267439433
4.303408943048241,8.9921478822413
4.278933796817784,8.995956370363125
4.255920126551079,8.998029187053545
4.229902405867146,9.000072144750607
4.203546661174055,9.003094164345018
4.178444606410067,9.006972036870717
4.158852900987112,9.01067428411535
4.137591528723014,9.014461046467453
4.108926733582569,9.018722353937612
4.08587657531228,9.022217037436612
4.059847455201465,9.02677751597206
4.032161388160674,9.031722507073724
4.003458869059309,9.035827185769184
3.974228851516679,9.039573292238327
3.9465960198646166,9.042906286247682
3.9179116118899775,9.046490764297793
3.888953943476087,9.051461334351986
3.859815473197006,9.057823607089848
3.8306327359195076,9.0642983464044
3.8012518724719824,9.070139058099898
3.7717628984409104,9.07559824126457
3.7485373912314843,9.079718531931379
3.7226250641480525,9.083967018679184
3.7003790373622136,9.08769477236275
3.6796514321185443,9.092019742330645
3.6588956405450257,9.09711012973411
3.6359276905312607,9.10291205493172
3.6085838431716692,9.109730741463476
3.5796019320160766,9.117472722819437
3.5507298647814416,9.12575366925491
3.522043364318465,9.134769721965808
3.495622885937388,9.144634697866342
3.4698046483261393,9.155606366024609
3.4506326113910646,9.164706243648109
3.4250149382153485,9.178466188009784
3.395573374723888,9.19601307543884
3.370597405757019,9.211753992720947
3.350213355779017,9.224325326614279
3.325513657167829,9.239319699339868
3.3006618424681466,9.254823286635421
3.2759851808499874,9.269505967631698
3.2493778016210215,9.282636088813401
3.221485954982746,9.293220570116002
3.1930402332102825,9.302185783122038
3.1661140543297233,9.309530457368682
3.139210362638472,9.315675410344832
3.110017833875707,9.321019341283975
3.0820729203127044,9.325885777770592
3.0557334199589925,9.331036160957618
3.0326927527422103,9.335955368488817
3.01277988876805,9.340465304292314
2.986675152311621,9.347102156893085
2.958526627092979,9.355154487156037
2.9298669863201146,9.364032745294256
2.906874496792902,9.370669957770538
2.8777881783655035,9.377382421176007
2.8482594693199803,9.381981864145512
2.818536562206225,9.385105008491443
2.7887917451720194,9.385496388825516
2.7592024230840333,9.382120688946767
2.7299507859185637,9.376234271224467
2.7013913243744327,9.367650018894096
2.674394711126715,9.356972390562756
2.6513054195414907,9.344247301765735
2.631943560120756,9.328899490196116
2.6125557171300833,9.308428599894459
2.5962244947830815,9.283920492745038
2.584498248824309,9.25667269206428
2.576286105966921,9.228009124457298
2.5697220074754146,9.198779537024192
2.562997642026692,9.16950935920589
2.5559661828370333,9.140312507171425
2.5485062562240093,9.111275463154712
2.5433435316787674,9.08794709001588
2.539650592649881,9.06041387436602
2.540079600604297,9.032713856930863
2.545571066938308,9.004135272657825
2.556444164809709,8.97660342729661
2.572286443653987,8.951593385509748
2.5921216810405405,8.929478532980749
2.614765206131745,8.910204855734355
2.6397335637892483,8.894103860681255
2.6663080926801785,8.881660546839395
2.691198761278022,8.87366723203863
2.7178125013174093,8.869125555313241
2.74733814594812,8.868173291606432
2.776931476152357,8.8697841434773
2.806807236093786,8.872018680002803
2.836805069351734,8.8736039191245
2.8668740494927283,8.874349133307014
2.8884908493544557,8.874036527475667
2.9138256502698296,8.872961355945813
2.9429788702444895,8.87174566732593
2.9726256846277623,8.871001935008824
2.998338935609954,8.871426318650794
3.023308162928815,8.872497331536064
3.0500169806059367,8.873803095483549
3.0767516026816177,8.87497076213613
3.103491719447962,8.876305667045592
3.1303495117925535,8.877456047183582
3.1584246146089052,8.878258702780954
3.186961656845434,8.878668241430113
3.2154727095015536,8.87850052637796
3.243097509585704,8.87849283244721
3.266926491503582,8.87930359511094
3.290246527096924,8.881429745977945
3.3125417723072506,8.88507427966407
3.3326333817934444,8.889644524352901
3.3498231213183276,8.893726261397555
3.3674705801861187,8.897267566839531
3.3921105017737814,8.900510442605714
3.42135074211285,8.90252955242986
3.449562911830143,8.903981457380398
3.4780568295467877,8.906247648959143
3.503964279249987,8.909544987225122
3.5245130463781478,8.912573873936962
3.5451517943572295,8.9158091287824
3.569671483334985,8.919655790483366
3.5979451463132675,8.92340136216542
3.6232275399141916,8.925969139694827
3.648014420490789,8.92801481699068
3.6694780787286283,8.929273433727312
3.6866107964021357,8.929551308244807
3.7018640325473133,8.92926112012984
3.717732625625082,8.928658602236796
3.7397155850104076,8.92782293436843
3.758873376593183,8.927061821455329
3.7764330071610384,8.926268212832419
3.799531809007125,8.924830452675263
3.819125283011539,8.922866221241977
3.8420303100019524,8.91929008953233
3.869161226421282,8.91387528415272
3.896245134417273,8.908895041866291
3.9239831065632726,8.905412400714235
3.95359114900752,8.902369698227941
3.97959619235234,8.899478693014656
4.0055425057063,8.89626720642164
4.035220277223467,8.892113824234562
4.0636733873791995,8.887713861204446
4.091567086307449,8.88258712118286
4.116301297275973,8.876548871733709
4.14081252147695,8.869599318798063
4.164945144407055,8.861543697744937
4.188724843403649,8.852235457540248
4.205188197692859,8.843945997572785
4.2284567941726685,8.829861824184613
4.247621731957144,8.818027092786835
4.267398643978683,8.807540763436926
4.285136983853203,8.8005717577291
4.308620877957156,8.793790708422462
4.332486875991367,8.787908175144336
4.356288307625912,8.781286437564457
4.380599136690604,8.771881660108741
4.404522266024694,8.759513804471634
4.4277613318876945,8.746081671578406
4.451172238792399,8.733232586349363
4.473425709911903,8.723377604522812
4.494186051082695,8.71638711521815
4.515362325741028,8.709895157045379
4.536369581744334,8.70248345279557
4.556542638056995,8.692893305496328
4.575734707358833,8.681684225018872
4.59464040138844,8.670245798610205
4.614000165213198,8.659906916665978
4.634929097932778,8.651845738647264
4.657632457538494,8.646503975376287
4.680804814375317,8.642821385845226
4.704120999755101,8.639215994567166
4.728652569539529,8.633895759664417
4.753325582129013,8.62628016349262
4.772764829552101,8.619566415254608
4.802077009358789,8.61050094480401
4.822293305224977,8.60634318480011
4.846781992802717,8.604629931372159
4.870609086123951,8.606146281499061
4.892992219404035,8.61057150385738
4.915031560255105,8.616890542518838
4.936470967513283,8.624790546645754
4.957113889704773,8.634895912150535
4.979811721489816,8.650432361582803
4.999877731212234,8.668513808247702
5.015092933710041,8.687173985768903
5.02816534659903,8.710352131302605
5.0366240699327545,8.733197486103544
5.04078415508339,8.754938223956998
5.041321326361727,8.779814925179862
5.036552885883379,8.808378980120255
5.02659790101897,8.836325749617586
5.012826813081697,8.862446625754961
4.995877199684129,8.886925141836006
4.977565754908225,8.908997366983199
4.958657223876611,8.928340226096985
4.940629552278726,8.94372430882421
4.917112983580551,8.95943412182925
4.8904134625665625,8.972597349575437
4.8711623089175164,8.98011673708432
4.846965322349377,8.98713840524082
4.821042814668264,8.991390041720171
4.794469064405831,8.993838409357267
4.767630731714351,8.996251166830032
4.7387713279794825,9.000543067424069
4.709289600429683,9.006192156614857
4.679920811787708,9.011062314337975
4.653483425663751,9.013365828405128
4.627785013863533,9.014387501445963
4.601984734263912,9.015964282191607
4.575386632991136,9.0199167618324
4.547389034533215,9.026424140053189
4.519395158538829,9.033690135929305
4.490867583956857,9.042177930578818
4.4623029366946305,9.051400481912568
4.4394332107108685,9.058464649296592
4.404622534586564,9.066857686119654
4.382205242072662,9.070304036754557
4.34987032940378,9.0731191028164
4.331144553532466,9.074324065579535
4.309250893564521,9.075708500640236
4.283290121866585,9.076749196183856
4.256681144679717,9.076522776757148
4.228896567306701,9.075736948376099
4.20041529593371,9.07541694551737
4.170537888770394,9.075031257849256
4.140551345848848,9.07430406835684
4.110583210709508,9.073534524833804
4.080601350691808,9.072566802524465
4.050636047295489,9.07150677264472
4.0207027353815885,9.070002319861489
3.9908257378352663,9.06799546139722
3.9609984395568696,9.065166419770273
3.9311988755393013,9.061780118203766
3.901651798508532,9.058642101660467
3.876645818817276,9.056001754159913
3.848913502666399,9.053122402644076
3.8204153524716387,9.049763808645407
3.7918790030407603,9.045340411613884
3.767706055575656,9.040366791203395
3.7493669694548437,9.035833292088283
3.725680201388506,9.029776073752679
3.7000410383026328,9.02354439118767
3.671320503098155,9.016368579008944
3.6429044430852815,9.007592988120114
3.615353935866638,8.997161548257973
3.588694431061348,8.984913973902177
3.5632012464135685,8.970045007830334
3.5392437948161937,8.95259095295713
3.5173866156831854,8.932464704670789
3.497763622291792,8.910491879904985
3.4812505519575816,8.888817987281156
3.4692800987790116,8.868222725647396
3.462363200022481,8.849859440675631
3.4582295560391736,8.828173407907572
3.4566612472676588,8.80338456123335
3.4571514360258573,8.775671515545103
3.4605605656209457,8.746361640855543
3.466618201718288,8.71719586006779
3.475230762472318,8.68882286809431
3.487817298917877,8.661964028067848
3.5044022622955207,8.637338855057928
3.5239071166662304,8.614770654036086
3.543611012608478,8.594296052599736
3.562122033601446,8.575420768997128
3.5821504871196184,8.55501009534951
3.6028992587040305,8.534717581911009
3.622471144541368,8.516575508283797
3.6377199126998314,8.502743564353748
3.6592067423755474,8.482720454504364
3.6811132407809444,8.462932820182079
3.7041141798333777,8.444387551012266
3.727414487304685,8.425819509373577
3.750679242280055,8.406666060326092
3.774181296514424,8.388065670882934
3.7983481214293437,8.370465183883471
3.823301875936343,8.353928073983559
3.8488273301181772,8.338231718745236
3.8738685853256944,8.322322071205006
3.8960542136271346,8.306681483507322
3.9167646087995713,8.292001189891192
3.940338323718078,8.275722688780222
3.964573411046223,8.258223653326075
3.988054733305941,8.23960768261521
4.011122218292694,8.220372028621428
4.032477141366064,8.201964860524958
4.04819383048048,8.187965935211505
4.062934062055036,8.174792777052092
4.081772058769979,8.159336743415318
4.105482654639845,8.14115491726458
4.124714292488969,8.126891647052576
4.148605744051265,8.10890379359025
4.171615318061245,8.091417078496297
4.193496718839764,8.075543961170274
4.216147033713217,8.059013215233968
4.240555468649581,8.042204195455328
4.266211503844268,8.0269201780566
4.292909507256157,8.013666738221701
4.320715240518411,8.002713001705128
4.349013414212717,7.992891016004314
4.3755158421839475,7.983866755666098
4.402019479028514,7.974782840339058
4.430230488457947,7.964456449666887
4.458165978218051,7.953237873245998
4.484592672084799,7.939952109313636
4.509495410169893,7.925009176803799
4.531578128862862,7.911013507530115
4.555765263637751,7.894968629048703
4.577387327983927,7.8801806388858635
4.59818227678387,7.866313998897038
4.618088333204135,7.852976577967305
4.639546215265423,7.8389356481327255
4.658716659442509,7.827342120886929
4.6767534773155255,7.817648703055196
4.695772617663213,7.808935551796357
4.71156731159819,7.803106476199659
4.73324558919357,7.797428677650739
4.756016391019542,7.793043683202845
4.7808087575339115,7.789035761244824
4.80680688269177,7.785126287122423
4.832560367285317,7.782176148016886
4.8583326425788576,7.7818445841058885
4.886204449912265,7.786131737168782
4.914150942224303,7.7959385143691575
4.940106907980494,7.810304644390398
4.963308178297051,7.8287694152417036
4.983564337662014,7.8505442569558745
5.001502323456536,7.874395804848115
5.017056829446856,7.897675036094564
5.029249608644887,7.918291919755782
5.039157659197182,7.938632772512782
5.046699191886825,7.960484311776459
5.053066785427793,7.985954871588257
5.058203701842165,8.015349988098952
5.061381178720281,8.045098868237654
5.063759265734711,8.074968121798463
5.065695044573848,8.104888876205377
5.067000554316521,8.134786453161125
5.067206891962575,8.164671610165291
5.06665825822874,8.194604116234274
5.06578652980451,8.2220994999989
5.06431782987525,8.247467446826564
5.061424714121759,8.273985950940238
5.056992878877213,8.302305223715194
5.050252344129714,8.3310354734526
5.040841813571149,8.358630522842079
5.028858304079559,8.383373714378417
5.0143086355212345,8.406423188728862
4.998152377378406,8.429259990067786
4.9800271658933335,8.45301418571879
4.960284495387538,8.474495694963146
4.939313704446649,8.49354993701284
4.922449977807854,8.508063681346878
4.900197093943457,8.52792160648186
4.88323385463066,8.54447551312942
4.86273783034701,8.566035289514428
4.84326734896275,8.588901365319975
4.825377690698103,8.612785200644662
4.808915698535514,8.636707067160525
4.792116360818091,8.66012666728293
4.773421155351448,8.681913347339014
4.753415890855098,8.70143347337657
4.735276551674417,8.71754894198856
4.715629478101395,8.733399118586231
4.696874564899411,8.74750756395685
4.676842489825363,8.761544356897131
4.655043179538735,8.775521348464348
4.629959204813873,8.789977976408483
4.603612154266543,8.80406886007158
4.57697966318619,8.817888233081776
4.550580720614753,8.832238311995454
4.524503790720587,8.847119612028441
4.4985788061390295,8.86221327472527
4.472457520335703,8.876843072171129
4.445790508987301,8.890331028468927
4.418338381692975,8.902239532448055
4.390691339927615,8.914009547192908
4.363688897781742,8.927111102531615
4.3379607776980444,8.940815192219219
4.3136804824117405,8.95392539746183
4.292619740263587,8.965680684235204
4.2678531892706975,8.979978426160809
4.243630965921444,8.995335850681187
4.226129695688673,9.006837394075088
4.204057702394033,9.021055862309897
4.180468713483155,9.035500669319243
4.1556532866056095,9.050893766751056
4.1307844535064975,9.067771731945125
4.106077444151396,9.084754377685208
4.081309681728192,9.101738975754376
4.0570237028643605,9.119463258035108
4.033409622347417,9.13808219298139
4.0103600136367605,9.157337561721125
3.98769735919704,9.177044088624038
3.9659426614704905,9.196227047816233
3.946549009761089,9.21263550931343
3.9286758509374726,9.226456332532292
3.909495385523822,9.240281856587401
3.8885202020326446,9.254134761719422
3.8699464585145247,9.264592950123143
3.851695481654883,9.273059495863833
3.8319947362926166,9.281321596489366
3.808989708616294,9.290250754780358
3.787805557502554,9.297413234735648
3.7659352410345965,9.303355688713692
3.7427629123480957,9.307906833595341
3.7199297933809796,9.311322262518612
3.6996305743696904,9.313010633275256
3.676921302933867,9.313177701387154
3.651124616046928,9.311851835807339
3.624399662793046,9.308701250780778
3.6032063625514144,9.305232621059352
3.580580951884418,9.300922611279093
3.5597273904468745,9.296651474985085
3.5316070395116945,9.291085417124748
3.5022199149908633,9.285257962112908
3.4673811198636617,9.276669266028794
3.444361652214643,9.270015498381127
3.417949364614509,9.262022165840722
3.39358150238997,9.254602769413257
3.3750155680454648,9.24895810143383
3.3591355673132988,9.244006734949904
3.35151556248026,9.241424122124833
3.350576332905871,9.241080430767587
3.3453079463128153,9.23901242775801
3.338791150603657,9.236246753156099
3.324484985958185,9.229540167264835
3.305343747413083,9.219471410207149
3.2819332925869054,9.205081830885455
3.2585239967772766,9.187120108807397
3.238325130487928,9.165581342794322
3.2251679601831156,9.145897579259563
3.212824162159151,9.11903238447126
3.20568102627576,9.090371051093712
3.202841000488582,9.060911477237687
3.20299055134466,9.031146041064433
3.205762219611114,9.001953596927857
3.211017814236013,8.972526077656266
3.218672350012927,8.943675577804076
3.227920012492354,8.915228216477312
3.2383105182606147,8.88717243314105
3.2503036558181253,8.860663449096055
3.2648242705227952,8.837291907497828
3.28216354259839,8.818127179269851
3.304696323431989,8.800800529360686
3.3293712125223642,8.786380628308027
3.3533757398632544,8.77420924560956
3.378273437722748,8.763025042905403
3.4061941955332173,8.752805153793124
3.4349300740406528,8.74597753605438
3.4644865972006285,8.744080983195298
3.494041000546248,8.746863607951013
3.5229969038114977,8.753751502427267
3.5457592333102577,8.761090989210034
3.5738782470111663,8.770963018089704
3.5990209915917912,8.780664690901876
3.6233635020867596,8.790236078358532
3.6477837864540326,8.798869036632686
3.672112055536615,8.807271156532597
3.693672879305705,8.814953343891224
3.711304379816624,8.822082584728822
3.728212551105016,8.829943316232491
3.743870369321597,8.837089640676478
3.7621740490952944,8.844416772093329
3.784740631229118,8.851666284626743
3.8126868218262895,8.859175658959382
3.842090570450747,8.865662518998645
3.8705827259407637,8.869710200332047
3.9001165989897957,8.871082431333143
3.92914789680225,8.869487197198852
3.9578974787931553,8.866147335680576
3.98737072518745,8.862447155086253
4.017161614821349,8.858958712163846
4.046935093788587,8.855080542154617
4.076668987813945,8.850641494547633
4.1062703644536045,8.84537313204295
4.135625709648041,8.838846753587877
4.164643290774709,8.830825467263516
4.193309381218544,8.821803204975026
4.2215492741876295,8.811369321612887
4.249178503385934,8.799349502247889
4.275923995745893,8.785614586967496
4.302538055165946,8.771910321702382
4.32989051971793,8.760101484073624
4.352629661492729,8.752907593898092
4.381649426272176,8.745552439980717
4.410796852285053,8.738170400161168
4.4394770512513055,8.728755752204412
4.466259211397785,8.71613255379016
4.490393548595347,8.70177766720065
4.513991509916186,8.686793003244873
4.538052359193537,8.672832330890312
4.564392338381655,8.661097076471842
4.592776746649082,8.652401177288334
4.622099555294115,8.646888366126268
4.651797848936475,8.642824080555958
4.680965308095462,8.638296857000958
4.71006694899524,8.63174997742841
4.738983255582713,8.623772334311022
4.767927109178053,8.616420245415336
4.7970996151350445,8.611725440499484
4.826677703558708,8.61105872045773
4.856088431035832,8.61489149427571
4.884703892999486,8.623046649555862
4.912068989758027,8.63434639174303
4.937875498149399,8.648180422560735
4.961165754134808,8.665607886869264
4.981184403671906,8.687410238254241
4.996881898101649,8.712462579213392
5.006504447736414,8.733465335716172
5.013931145842989,8.755194898410583
5.018639297212322,8.777632305925314
5.020047199082141,8.8048089899464
5.016307490472812,8.83387285550896
5.007509273663703,8.861395509931349
4.994607071136548,8.886844562311483
4.9776992728050935,8.911300406812074
4.958107710376908,8.933515767971162
4.936653228045717,8.954251787683923
4.91419772603659,8.974065586781032
4.89112364587946,8.993071032116504
4.867091095496564,9.010135268102824
4.842153960805679,9.025305628286219
4.815861002319337,9.039414975389967
4.7891281134988555,9.052972192638128
4.762388700932277,9.066684525910055
4.736190237307755,9.081441442712332
4.710382922988328,9.096782839196045
4.684591779061771,9.111991340610349
4.658038612187599,9.12565841456116
4.6306167398304545,9.137494649976293
4.602493384029399,9.147586256139737
4.573813992353036,9.15599799918642
4.544688752583054,9.16264315538628
4.515775079491456,9.167720675169017
4.488762785260923,9.171446310443736
4.461783631491651,9.17447133304273
4.432189480980329,9.177877571158445
4.40237192808587,9.180568105792
4.372473058565678,9.1826023939421
4.3425950086091865,9.183524090205195
4.312667776842019,9.182969373124317
4.282709874952976,9.181812781608576
4.253150612328554,9.180431684038112
4.233349014164421,9.179439183611276
4.207938188069254,9.177681752195312
4.1907264961970645,9.175685684441737
4.1698256399521405,9.172271499650003
4.14471539950882,9.166538785983267
4.119755876171993,9.159672354116864
4.0979277166166845,9.15320126700177
4.076519039945689,9.146348138442324
4.0511217046291765,9.137726323322818
4.024520112166009,9.128577846055508
3.998656732902336,9.119317753814153
3.973923291637283,9.110759101721287
3.949721754820305,9.102943751632075
3.9253362228256012,9.094517475026569
3.900026051734973,9.084819311142164
3.872918962683251,9.073306250271717
3.8460538272715,9.061035586293084
3.8185896548910536,9.04950749665579
3.7911445021165444,9.038384410240866
3.7644331889267106,9.025849537748277
3.738357817796891,9.011807996152124
3.711944445893201,8.997993619463859
3.6849853042387783,8.985368787099294
3.6577251230753616,8.972886603799902
3.631129365088238,8.959333085634661
3.6060747646850855,8.943322626214007
3.5877854102071,8.92839016212892
3.5701904284756347,8.909150963147848
3.5551219666763436,8.884941414342606
3.5443582132578046,8.8573636403403
3.538979143706099,8.828635701375168
3.5384918837291597,8.802133521480352
3.5409065119254377,8.775795903228317
3.5447300482162802,8.748029330597259
3.5499697423223644,8.720586679186784
3.557954159446622,8.694831692493162
3.570831797856962,8.6696967201526
3.588652188174609,8.645994146072887
3.609249306250125,8.626834445545441
3.6341318546599077,8.610616093332485
3.660794480761914,8.597340606220403
3.688843143348359,8.587408212358437
3.7178738098637125,8.581113163357914
3.7471321891510088,8.579208491099
3.7731175181729526,8.58225239820875
3.798558219256582,8.588954330294142
3.823589995980084,8.597504413909114
3.8507607345038886,8.607022216600202
3.8793051552110867,8.616411633647337
3.908205043968752,8.624614158728283
3.9371009894491773,8.632688553073297
3.9660382028545915,8.640292251271822
3.994974092589746,8.647355711531992
4.022930042612883,8.654335731166286
4.045477156530085,8.660895046518787
4.0689860751830755,8.668247649775667
4.092851496974966,8.676247269745842
4.109328221715681,8.681957551415652
4.135149950595202,8.69063893607883
4.169164919807008,8.702357346247268
4.191862664937561,8.710240812383436
4.220723594994724,8.718902662588954
4.249023286905042,8.724709053218753
4.276063764378449,8.727937030344913
4.303698111253931,8.729162680994675
4.329146891535798,8.727395622303122
4.355197207380048,8.721185070946422
4.3805099277867265,8.709918077358894
4.4005704595159845,8.69627890861313
4.418866841414364,8.680533653478683
4.436361022973166,8.664080067827843
4.454160273854211,8.648156822404548
4.4737523300375415,8.63372668730813
4.4988036035631875,8.620107630991876
4.525740526175145,8.60872530178523
4.55312467182035,8.598174118447696
4.580718216952086,8.58850298646251
4.609362627676935,8.5814833773001
4.638934939797197,8.578388899112932
4.66880972940794,8.578208204472457
4.69874774942221,8.579292883029312
4.728817098620252,8.580065069448704
4.758898931938584,8.57897559771182
4.788820252512183,8.577200808106737
4.818652726442827,8.576823519538879
4.848179905125738,8.579880261666727
4.876893584893013,8.587533089469222
4.904615349064401,8.598283902816243
4.929605094424968,8.611706414622128
4.94815404624338,8.625012216484677
4.972696561137504,8.649199835238369
4.986804706610859,8.668060957285077
5.0003419336336545,8.691804971222862
5.011072121101365,8.716869643099127
5.018255431724839,8.741075473583486
5.021375694122061,8.763321137604247
5.020699635790514,8.791311746241565
5.015000272016923,8.819718794770655
5.004621940192782,8.847255138475361
4.989879444681126,8.872881217559888
4.9726508259339575,8.895741663091115
4.953780718528335,8.917229256321813
4.932912300165537,8.938538661038551
4.913243069940544,8.955927680927037
4.892290714633502,8.971790717766666
4.8706726978174295,8.985796742249223
4.845805600011438,8.998998637237516
4.820216947823842,9.010315866649066
4.796081151591812,9.019645870928192
4.77022800828217,9.029570235712042
4.7425168621123115,9.04039481655007
4.714585628670656,9.051120781448274
4.68632093880099,9.060953914386468
4.657757437608407,9.069953639795129
4.629018283703736,9.07813783573687
4.60080124132535,9.086014316407653
4.574479401195068,9.093345951303839
4.54573570649642,9.10115507246827
4.522885505918791,9.106947575702753
4.493829378551941,9.114017508093673
4.46875242433295,9.119666316479389
4.448780934735244,9.124182712850228
4.433276274547338,9.12789408857856
4.416829135788286,9.131924787984815
4.394770210324746,9.137287470803994
4.366548419465843,9.143794156253426
4.337583406385875,9.150212410962524
4.308414746960836,9.157460336424847
4.279595110827734,9.166098948981137
4.251405274254504,9.176728002766263
4.223851326282794,9.188672969662592
4.19622773470986,9.200186233525175
4.168100307780503,9.210261062483264
4.1396601831948,9.21876424556168
4.115282789220102,9.225146336478833
4.092638350498739,9.230372650658067
4.0690254275020505,9.236233529023368
4.042375348186407,9.243492250431173
4.013591074317387,9.251091023731359
3.984330191741188,9.256824635627664
3.954655659520968,9.259769757370025
3.9248274851356517,9.260183126079214
3.895030595524763,9.258297614049095
3.8713501590456976,9.255186422060723
3.8364891228853644,9.247840575357351
3.8078116764585737,9.239659747290462
3.7804797953451295,9.229559259110445
3.7538052707288756,9.216327146612397
3.7294027298079007,9.200609188562202
3.71393502754669,9.187548498701474
3.7004555620181403,9.172410540691088
3.687988749325347,9.154829010388239
3.6732155301759852,9.130130144950618
3.6608230174275795,9.103105084581758
3.651682341138556,9.075196223871203
3.6452764443733647,9.0483879324597
3.6408137251831496,9.024970532588114
3.637508144378247,8.999814698445075
3.6361483087772735,8.97354787003393
3.6367093037290363,8.946199363132136
3.6385669982631903,8.919069606500274
3.641891187297541,8.89019536870243
3.6463688181767058,8.860636861518097
3.652798553770566,8.831481706096877
3.6618069185090967,8.80311558946195
3.6743056261541276,8.77736663113599
3.688412456024146,8.758231706814323
3.704967097026694,8.741407917553289
3.7181772106229842,8.729738169233428
3.734151278121561,8.716972346927337
3.750050421429211,8.705700675580339
3.765029787736765,8.696366935094625
3.777367107451984,8.689304846450327
3.790556982072621,8.682068686947268
3.8054946136242527,8.674063681281238
3.8225675546280584,8.665500208852803
3.844024502036163,8.654691530257654
3.8693959334484274,8.641636262794616
3.8961481959739728,8.628175207126619
3.9231430684251754,8.61547075030017
3.9505773999953595,8.603365609501433
3.9778816784387274,8.590763511665424
4.004601634659796,8.576967083654356
4.030918737211926,8.562450922006471
4.0566870444395375,8.546963590098608
4.0817909713033185,8.530381539648003
4.106487371786684,8.513402695567516
4.131797341566934,8.497471100266516
4.152513196053495,8.485469980041643
4.178934454958628,8.471395977197007
4.210893393820586,8.454786618729619
4.237321026940925,8.44051765486703
4.263325501333536,8.425426071937505
4.283837119220135,8.412879921915536
4.308848774911446,8.396197910988658
4.333724721921613,8.379543314172869
4.359240157554023,8.36387993113314
4.38507090802928,8.348624186946655
4.4108490628336465,8.333266918883552
4.436254190812342,8.31740331986949
4.460978857770563,8.300880890213024
4.485821204572581,8.28408131212761
4.510939398255355,8.267786247180862
4.536619429235911,8.252411914003309
4.562830834984275,8.237985153810504
4.589218352345736,8.224705195841835
4.616436440788241,8.21252338588527
4.644485126566526,8.201692465444642
4.673051018386279,8.193158106976597
4.7022688906483285,8.1883423145912
4.7318985010945855,8.188061501159542
4.7611235488023045,8.192273334589098
4.788394309692521,8.200380713510816
4.809527420154157,8.210236334200657
4.83035745225267,8.224081072078436
4.852039733541157,8.242324763933235
4.870750218011288,8.261126228482226
4.886792667261916,8.280943023039741
4.900951292217369,8.303140413589468
4.913286431271833,8.327601379051945
4.922151687798199,8.352054135470542
4.927982410763462,8.376824719529912
4.931556830448871,8.402156463112687
4.9325860685747465,8.424504523987597
4.931232841867816,8.45279248199035
4.924618499285303,8.48421265367918
4.916469377166256,8.504090543054643
4.902165930040512,8.526958046805822
4.883274597062686,8.54766107863551
4.86178799757622,8.565893873531751
4.839166640638702,8.582931335145709
4.815965878084649,8.600562108503999
4.792373169698284,8.619138471534892
4.7690397400327065,8.638032218652723
4.748110149090472,8.655857979366049
4.72986327821421,8.672435971916496
4.7114289363919095,8.69031658095972
4.692968340511523,8.709778022538346
4.673808913930345,8.73120264043184
4.6536343141380145,8.753374100927937
4.633203443383699,8.774990723680064
4.611552740310841,8.795634569105472
4.589524171041619,8.816030366566306
4.567992264158839,8.836516353927076
4.549740491525751,8.853688386222084
4.530061802795155,8.871730702930734
4.509313492142762,8.891454720858306
4.488624207536663,8.913059712849952
4.468659985891363,8.935498805159616
4.448949244579779,8.958161936681613
4.430053319420399,8.981577826243177
4.412150779042862,9.005683204895261
4.393838347069699,9.02931508850367
4.37837116250803,9.047250660437413
4.356192925964722,9.071712318600445
4.342202599841635,9.087407328862577
4.323612598287833,9.108629999028212
4.3063180458202135,9.128429211786358
4.286652752226994,9.150494050746763
4.2673213032254464,9.171090365345954
4.2482390510402945,9.189706682741782
4.226885252804264,9.20858859809778
4.203957533951257,9.22690265437746
4.180328563208161,9.243507422316663
4.157489943525762,9.257870601687927
4.133588659836882,9.27128838484773
4.106772720582157,9.284609434113
4.079593975235961,9.297070277206421
4.051641811841639,9.307484394632306
4.022871371008683,9.315496247630794
3.9937212833478863,9.322591352979662
3.9646312688849745,9.330120857434776
3.935834795208679,9.338770381361297
3.907266104660267,9.347845142372009
3.8842525263189236,9.354228583259212
3.849073768035689,9.36132702281559
3.825474649143506,9.36527612297325
3.7958326021700834,9.368113524249226
3.76612968371279,9.367016500768147
3.73657845457105,9.362808123840079
3.7074579676812647,9.356383708184834
3.6790241103480255,9.347374027292462
3.65188414076144,9.335307858260308
3.6271579460411782,9.31895984941053
3.605697653747808,9.298564421415044
3.588527430062629,9.274863099623001
3.5763387808989395,9.249157094322124
3.568119128532942,9.221730896366868
3.563249555979272,9.193978816327318
3.5607581690705605,9.167821568902184
3.5599632353202573,9.146397090393771
3.5605308104110795,9.128850453605516
3.5624003032092877,9.110752997869994
3.565373448705746,9.087647179056527
3.568386884107387,9.065634238798946
3.573021112727853,9.037854058948025
3.578805485073091,9.008475835628994
3.585607512598355,8.979371088643996
3.592960478585804,8.951548079726477
3.6013637613174185,8.926404644246789
3.612730617304983,8.900890503427274
3.6274438439930208,8.87805076687759
3.6458731840092846,8.858365695213278
3.666605006172146,8.841602452827912
3.689004043750842,8.825902857341319
3.7134563658962123,8.809502880162022
3.7383296550931937,8.792695593671876
3.7629531619955463,8.775470026784648
3.7869839490560406,8.757425905500277
3.8106344184963987,8.738919005358442
3.8341102682921435,8.720243350420265
3.8577199134394835,8.701784944077382
3.881644296727953,8.683690629248082
3.9053079514024676,8.665193785309748
3.9281369894765974,8.646772806162323
3.9478447469110067,8.629439626910859
3.967198479851369,8.610679260486814
3.987486638152232,8.59090702995934
4.0051469341832115,8.574749239926563
4.028031146027247,8.55614960693134
4.052937490993587,8.540500601871178
4.079732247174396,8.527391484704195
4.104432455911663,8.517937373161098
4.1257357599598405,8.511737613228531
4.148156328923422,8.50695539032568
4.170779001424147,8.502480219608369
4.193069882535905,8.496797123593957
4.213046418265425,8.48947027427525
4.232456775279589,8.481062804420189
4.251262081295251,8.473147987201752
4.2709517133358075,8.466018838595476
4.292220446102459,8.458963593041755
4.31289406962004,8.451815705229025
4.335854861292975,8.443013874730825
4.360282849075587,8.43303386449948
4.387942926245365,8.42157808392254
4.414745240495008,8.410607122751736
4.440729929314766,8.399584688312993
4.468235718554082,8.387479605592283
4.49525300678464,8.374302544847504
4.516961639109889,8.363252047356182
4.535756236061849,8.353426989411197
4.554203873436611,8.34332857076563
4.571278457944625,8.33280190146352
4.586492752008844,8.322238309620118
4.599985201617222,8.312704393360079
4.621341688351828,8.298284281078466
4.643418428782239,8.284206100328293
4.665394071950778,8.270811683265867
4.685218914098004,8.25877270437227
4.703579264732626,8.247475452291267
4.7218234124736425,8.236751742851752
4.739390719919192,8.227720790931684
4.76036932351061,8.219150259111899
4.78287532493501,8.212728292747189
4.806947094981053,8.209299257166837
4.83516852875859,8.210344412250793
4.8624597519560115,8.216696070523932
4.889554147961434,8.228614071489343
4.913535536051711,8.24505959630043
4.93377759773044,8.265573353567069
4.949948510773244,8.289554760811908
4.962020292958968,8.315337700198658
4.971504512621032,8.34292095559962
4.979202899988097,8.371611958084545
4.9861856999881535,8.400745000446511
4.992539104079234,8.430003865447814
4.997497160790084,8.45948400226477
5.000961074866069,8.487220641023653
5.002697533472305,8.508541666087176
5.003962078231975,8.533810430502715
5.00520477535099,8.562769051092427
5.005711375652014,8.592529839852903
5.004665215075452,8.615607539619006
5.000305420935447,8.643905873797358
4.992392693008986,8.672564222543416
4.981431239429756,8.700149035445564
4.966891017214198,8.726020757604386
4.949472180566797,8.748634386751943
4.9335337679229685,8.765023459145038
4.917095266435627,8.779861491349232
4.9021632902915595,8.79274752095558
4.889597791466971,8.803308376048701
4.874468634749287,8.815682984802722
4.858323160650612,8.82871437294008
4.844715334107988,8.839926293046505
4.828339065282296,8.853464041721304
4.815921088469717,8.863311246977295
4.798664421207586,8.876116126552233
4.774592395985442,8.892761043501503
4.749675616826965,8.90903107638478
4.725000512185548,8.924086413407604
4.701140482811257,8.937189726170708
4.676242771190791,8.949535060976723
4.650042398464174,8.96209369341365
4.626523277891789,8.973326626448214
4.606722806205908,8.983124601260698
4.588976421388757,8.99306502875241
4.568065989385825,9.006559886360654
4.545897780906781,9.022552807187411
4.523883522526419,9.039025156119845
4.503048305229963,9.054661880911897
4.481494572163715,9.070826341837174
4.457870096367949,9.08908439034998
4.435975413929602,9.106429070339882
4.414617964653334,9.123811814148674
4.392579901368708,9.142616861866157
4.371194097258434,9.160967222383762
4.350152920503001,9.179013384037262
4.327214230113801,9.197818953840553
4.303681413574045,9.21639370908869
4.280004083571994,9.234747832230093
4.255592289818792,9.251994847940093
4.230293689140927,9.267918241331811
4.204198702138073,9.282556063984558
4.177622513804118,9.296354096870846
4.150541513548637,9.309073259307068
4.123127099113828,9.321226597859042
4.096006599853961,9.333045093872316
4.07337094596739,9.342443878813713
4.049730241580145,9.35083255820419
4.029619010533546,9.356988118665276
4.0014456741409985,9.364385036860577
3.9761606904208917,9.370164035274174
3.9491192365939347,9.376754355632768
3.923757074403078,9.38401427284652
3.9059727559777504,9.390269704262778
3.884030525412608,9.398532844792745
3.8606103235927933,9.406312202697064
3.832211070637353,9.41320531514067
3.8026938401771475,9.41707342832673
3.772972506677254,9.417025195220562
3.743337089249827,9.413599497152658
3.7139583349731895,9.40824395021129
3.685438938396372,9.399908577217817
3.6588217409799184,9.386953181040655
3.635110207143751,9.369233613348518
3.6167138422695655,9.349233171588196
3.6026893437760323,9.326864941082222
3.5913518254053205,9.300913458129562
3.5824074754789788,9.272513738056267
3.577149056671249,9.243286204509978
3.5766557351268777,9.213784154123072
3.5804490894475784,9.18569251328975
3.5861142835150006,9.163390690182384
3.594930707233802,9.135625434396474
3.604383860722603,9.107163511915255
3.612660493768731,9.081870430673849
3.6205224645837273,9.058183871000871
3.6295474658842126,9.03192357618072
3.639593488356632,9.003768928475141
3.6496060550045004,8.979177562363473
3.6608778136107163,8.953264416031557
3.6707720876429013,8.928898856618778
3.680016218235722,8.903430152190063
3.6902845431057947,8.87550487955663
3.701812945329905,8.84800287892895
3.715134025677563,8.821930051461985
3.730909616806935,8.796878017932302
3.7492865535037407,8.773459664235347
3.7699881649706146,8.751932403394308
3.7915525780599144,8.731074397282791
3.8113034630442977,8.710908712193564
3.829576328746379,8.689294755042432
3.8436079043192417,8.67115310567328
3.861021575755953,8.648657031212428
3.87878180425664,8.626771913260809
3.898287515767462,8.605479562359418
3.9192622420077754,8.586300581033107
3.9423563156647874,8.569334595198717
3.9673954420127218,8.553334725610185
3.9915114830635625,8.539233169305005
4.014344264972318,8.527367471829843
4.038876588330034,8.517602000490378
4.066549022693407,8.510162876162129
4.095773090665576,8.505139806936167
4.125282115708692,8.501072958374642
4.152940000648869,8.496381467339127
4.175858449561335,8.490679271925204
4.196145874429073,8.484287468660632
4.218780964032727,8.477184154340106
4.246594487737932,8.469484518482734
4.275735709958544,8.46233488721177
4.3047244762743935,8.454185093718815
4.3330430924236625,8.443932671828076
4.36088722689284,8.432755642393355
4.38877657546492,8.421728968638284
4.416703140362438,8.410753739568673
4.444548469091144,8.399445541730984
4.465958087169268,8.38959773381167
4.488232010552481,8.378053580953907
4.505350769867984,8.368210725230854
4.519779636176818,8.358386810838105
4.534841252910859,8.346190561153863
4.551282047639584,8.331976230224548
4.567879494217007,8.317759965706287
4.585719892833711,8.303085083073583
4.6049365682849634,8.289796612130612
4.629779782854615,8.277063750768043
4.656264457853305,8.267122865558317
4.684227344583152,8.25822523267307
4.712907403872352,8.250520045345176
4.742231163491164,8.245986434331718
4.771913772755198,8.245009618787723
4.801506404006576,8.24763195939177
4.829535939987654,8.254279377800646
4.857034997735597,8.265455469881026
4.882389679608236,8.280805311563434
4.904752249125465,8.299990930467057
4.924109988582495,8.320834771069732
4.941299596673288,8.344211522623013
4.955801215273307,8.370174558543956
4.967622654694528,8.39713629607536
4.9782830265006375,8.424872165009907
4.988591736843148,8.452504959197382
4.99544460356988,8.472040950786068
5.003197233914183,8.497422845216306
5.00823350303939,8.521019373175927
5.009252386853262,8.529916166901385
5.009423280683593,8.53719576036758
5.008900977320629,8.55023002142406
5.007513972971802,8.568745577873857
5.005568665768524,8.593291666153808
5.003841675138107,8.622875858306136
5.002826367909262,8.650345509256773
5.002510736878202,8.67891874091013
5.002941124108925,8.708895826323557
5.003624714997344,8.73860463923948
5.003099442896285,8.765121713723163
5.001361957620244,8.785047108219231
4.9980689445292485,8.806697631737759
4.991838102094341,8.82985582900937
4.98117480070445,8.854242233436796
4.9657806461670955,8.879154349250527
4.947955252169309,8.903150275716676
4.929233756322535,8.926314403732588
4.909916931769042,8.949012188735459
4.889787640447008,8.971096812178919
4.868055470637831,8.991553041457442
4.8451471286069925,9.010839302688307
4.826647556857584,9.026102800246072
4.80320047537341,9.04474489287003
4.7793038189128,9.062783049785873
4.754642929322452,9.079696526328252
4.729265879239749,9.095559031413718
4.703418838980183,9.110708110557306
4.677264173350281,9.125260414450418
4.650496993009596,9.138154165231883
4.623786435265885,9.148973207665806
4.597119257810204,9.158342160751396
4.568808601661406,9.166825913946736
4.539918075039329,9.174115954868183
4.510785728033203,9.180443127313056
4.481366116842614,9.185566603040368
4.451695611697037,9.189819044314966
4.422008969335556,9.193980011305353
4.392591254898532,9.19686533162993
4.36298489015181,9.197754912734668
4.335126165273473,9.197163396531264
4.3064506601396,9.19543972578462
4.276997452037484,9.192324969096022
4.247164057406543,9.188979975291193
4.223316929923303,9.18649647476071
4.193623597439403,9.182739178294884
4.1641959676021205,9.1775122118334
4.135170969597046,9.170475205664886
4.107015722469842,9.160834710132534
4.080593182109285,9.14736049366177
4.0570269959386565,9.129443977895162
4.036855907225491,9.107669256529281
4.019501684985286,9.083421260293614
4.003508700708004,9.058086949146972
3.987501438839412,9.032695236524766
3.971458476988124,9.007933770086506
3.954150870164012,8.983550736356165
3.9354843975844402,8.960034725317147
3.9152556686207993,8.937742395783363
3.8944054140936584,8.916175105355904
3.875528853807957,8.895613592844965
3.8579946119685258,8.873425406459411
3.8419534853388986,8.848345261772371
3.8293910183442104,8.82144976573156
3.821466503263417,8.792911412978096
3.818964414581981,8.763397870653852
3.82097305987058,8.733704083722156
3.8254782210373324,8.704139263658195
3.8304732691600276,8.674534742314389
3.8348632913599277,8.644823848999263
3.8392832845327796,8.615204811879737
3.843859840249028,8.591759549417421
3.8521759231310067,8.563216542595153
3.8648018358088514,8.536492937346615
3.881504621828893,8.512099274939537
3.9008585474036157,8.489656728960503
3.9232826863564303,8.470371461090892
3.94888489088781,8.45547178423886
3.9766028302750565,8.44486139699371
4.005626705498307,8.438228180117973
4.035227189569482,8.43389717607465
4.065002001749513,8.42984427492475
4.092594817227351,8.424553761306447
4.114398476396021,8.418684548270749
4.135709594013751,8.4122310870588
4.155767156924315,8.4068476649814
4.179172036689269,8.401836882599836
4.202308970271646,8.397611410368059
4.225455177065985,8.393683511575087
4.250171816795858,8.388907182139992
4.274185947820368,8.38259412402925
4.2973779946464346,8.375266342235287
4.320248766077331,8.366957327170157
4.346558048991236,8.355798988100787
4.373526110718731,8.342673982793531
4.399531794586245,8.328823631470868
4.425392013739615,8.31356932551867
4.445751300544818,8.30083324782702
4.476260498039299,8.281642077725737
4.500992669712521,8.264541845656433
4.5255514737465665,8.24742195982635
