456.7144444950294
456.73842874764466
456.767217048775
456.780417758392
456.78401773284594
456.7872177419109
456.792417239192
456.7980149414979
456.79844929582663
456.7984507986164
456.7984516873788
456.7984523938085
456.7984529397397
456.80142016619925
456.80974179946236
456.82006548578204
456.836939846792
456.8541362650428
456.86664924755365
456.8796282479549
456.89170257688335
456.9074969609271
456.92612203338973
456.93730938004256
456.9425221753346
456.95371763892354
456.97490616919646
456.99813214918953
457.02844058009276
457.05874440739893
457.08871013803275
457.1128482920027
457.14295958402994
457.1730324840207
457.2031024278978
457.23315063457426
457.2572106791403
457.2872981398172
457.3174266730168
457.347555161476
457.37167647927816
457.4010008882936
457.42206472431525
457.4420309949997
457.46470985934945
457.4900041235075
457.51506378980145
457.53551026906877
457.5620881591213
457.5872633434889
457.6141961089349
457.6370024131538
457.66413783571835
457.6917581348228
457.71462552263415
457.74391522607266
457.7734917853248
457.8033363821401
457.827306671258
457.85715737753355
457.88698226448037
457.9109428160966
457.94060621720195
457.9705335121259
458.0004363454947
458.024400793881
458.05436264309657
458.07831204891113
458.1081689885547
458.13777360006816
458.16688845581024
458.19464839619445
458.2192140891354
458.24274225089596
458.27231744076363
458.3021529631958
458.3320356566474
458.3617705873177
458.38556092652084
458.4149293949747
458.44419782504355
458.47393468525917
458.4978401776912
458.52770748848013
458.55749269877566
458.58742208111676
458.6113637808602
458.64136355981407
458.6713084769943
458.70122797335335
458.7312088040371
458.761195269566
458.78518681069136
458.81518347463714
458.8451914167992
458.8752083922557
458.90522840665676
458.935237445749
458.96522220383207
458.9892194971726
459.0192145392395
459.0492125586154
459.0792127411981
459.10921032248797
459.1332011196811
459.1631852997299
459.193156961681
459.2231249873042
459.24709509993255
459.2770495625829
459.3070072653607
459.3369642705909
459.3669139421127
459.39087435754755
459.42082817637
459.4508047452201
459.48079234139044
459.5107859627954
459.5407779669826
459.56477496603287
459.59477571514583
459.624778854297
459.65478938140114
459.6848088618072
459.71482715107004
459.73884094201804
459.76886088841366
459.7988808985576
459.8289085455685
459.8589412953708
459.8829643699914
459.9129931289805
459.9430152522586
459.97303771388783
459.9970577116166
460.02709105641225
460.0571231584254
460.0871451935827
460.1171546417898
460.1471520100491
460.17714827538055
460.2011467920235
460.2311482583355
460.26115113845884
460.291152629815
460.3211489966555
460.35113835382344
460.3811276671333
460.40511777266215
460.435104565633
460.4650903301492
460.4950747474968
460.52505871792914
460.55504510688354
460.57903809095234
460.60903273542584
460.63902972573703
460.663029244417
460.69303360548247
460.7230396054193
460.75304436971703
460.7830520652759
460.8130591500539
460.83706631683594
460.86707668304206
460.897087998898
460.9270979547542
460.9571068035176
460.9811132983339
461.01112403687426
461.041129844662
461.07113448492896
461.10113871003534
461.125143730696
461.1551543072728
461.1851659394204
461.21517870261266
461.24518969779893
461.27520076086915
461.3052137527904
461.3292274233659
461.35924257305925
461.3892637125281
461.41928474450236
461.4492968500511
461.47330371473885
461.50331325389624
461.5333272788969
461.5633354643996
461.58734239153324
461.617339199337
461.64733313664084
461.6773220934824
461.7013107508091
461.731302369029
461.7612889181387
461.7912741938518
461.8212593447379
461.8512660147574
461.8812887832685
461.90531522720505
461.9353473780803
461.96539857456446
461.99545326033905
462.0254954721966
462.0555356301372
462.08556287719466
462.10957386359655
462.1395753618868
462.16958087250896
462.19959853808484
462.2296126397212
462.25361892041775
462.2836312597754
462.3136454315424
462.34364360303834
462.3736378767081
462.40363174888364
462.4336280713331
462.4576254044575
462.4876273192889
462.5176211677787
462.5476141065506
462.57761486046957
462.6016193117413
462.63162763715326
462.66163650911375
462.69163701889676
462.7216415376036
462.7456483922449
462.7756547657073
462.8056697010138
462.8356965235853
462.8657145608736
462.8897273447777
462.9197466586727
462.94976731246896
462.97977784725646
463.009784608058
463.03978508895744
463.06378073925913
463.0937813465942
463.12378565745666
463.1537911452482
463.1837953729622
463.2138010231697
463.2437990886033
463.27379710758476
463.2977981317321
463.32780006839346
463.35780958750007
463.38782352893315
463.4118267867937
463.44181348553553
463.4718052322071
463.50179015140526
463.53178273953466
463.5557788718494
463.5857560783979
463.6157302730441
463.63970393739027
463.66967907475555
463.69966233479624
463.7236450120869
463.753615043104
463.7835847908373
463.8135628536713
463.84354561811296
463.87351865325877
463.89749833090804
463.92747113531755
463.9574384866982
463.9874091060009
464.01139325627736
464.0413754074039
464.0713655466543
464.1013981560327
464.1314240775976
464.1614568531603
464.19147968948454
464.21549887375403
464.24552477434116
464.2755397444482
464.30555278007853
464.32956210850585
464.3595701064118
464.3895811097356
464.4195986635021
464.4496133574799
464.4796109470285
464.5036068717113
464.53361815335603
464.5636349971216
464.59365567275506
464.6236778594413
464.65370224639594
464.68372702358204
464.7077459623143
464.73775811201995
464.7677672010741
464.7977759647414
464.8217859913233
464.8517977819171
464.8817970601368
464.9117929317554
464.94178673092625
464.9657865427518
464.9957746120968
465.0257562467152
465.05573899651387
465.0857236087056
465.1157095437513
465.13970214203124
465.1696923100655
465.1996755732826
465.22966157987867
465.25964958193174
465.28964017240554
465.31363586774137
465.3436335902503
465.37363141241633
465.40364452021504
465.4336690226858
465.4636966401681
465.4937207086561
465.5177358266287
465.5477429703372
465.57775355092735
465.6077602214601
465.6377665382719
465.6677688889802
465.69176826719934
465.7217787314738
465.7517891180714
465.781797797675
465.81180418683505
465.8418090156947
465.8658107331588
465.89581169656765
465.9258127273105
465.95581098506966
465.98580737999515
466.0158063507978
466.03980287357814
466.0697951233977
466.09978808111913
466.1297810333433
466.1597835748792
466.18378715540473
466.2137907112337
466.2437936050335
466.27379789290444
466.30380043077673
466.3338108297971
466.3578267037798
466.38784246966964
466.41786088878166
466.44787537024393
466.47788878574846
466.5079033489315
466.5379212878405
466.56792756362813
466.5919229041462
466.621926640803
466.6519336924389
466.6819514722557
466.71196461549476
466.73596717395355
466.7659706144947
466.79595845175515
466.8259569850959
466.8559522114316
466.8799460727117
466.90993444607096
466.93991399759926
466.9698847458565
466.9938642789396
467.0238394985013
467.0538102277723
467.0837700115821
467.11374023746987
467.13772293199105
467.16768677123395
467.1976372225771
467.22758071913137
467.2515396485484
467.28148966685757
467.3114628145159
467.3414571594029
467.3714463120339
467.4014210556363
467.43138981256317
467.4553796563311
467.48536221981567
467.5153456202305
467.5453394657323
467.5753503267284
467.6053642452194
467.62937524872785
467.6593900784085
467.6894052396341
467.7194259691272
467.7494489466649
467.77346982936797
467.80349303876665
467.83351960587737
467.86354548787824
467.8935638072873
467.9235880469207
467.94760181349255
467.977613305938
468.0076186493781
468.0376269844636
468.0676393892208
468.09764926015214
468.1276626580082
468.15166865342843
468.1816619831906
468.21165055534095
468.2416436768312
468.2716413123732
468.3016415222168
468.33165556356755
468.35566236557025
468.385673554172
468.4156811503261
468.43967438422834
468.4696699470358
468.499677079392
468.5296665182918
468.5596551532627
468.5896492699064
468.619672942843
468.6497416956197
468.67376840796936
468.7038004451649
468.73381935329695
468.7638589445105
468.7939042884624
468.8239531721804
468.8539856984415
468.88402683523594
468.90805203917466
468.9380879119755
468.96812360472853
468.9981733686271
469.02818680343427
469.0582060592192
469.0882198749846
469.11220220795326
469.1421895420728
469.17217257134183
469.2021528333485
469.232148789511
469.262146514878
469.29214908945715
469.3221502918967
469.35214558911304
469.37614860566333
469.4061662430746
469.4361884288409
469.4661786402305
469.4961708791075
469.526167991868
469.5561892084736
469.5802155543735
469.61022936825003
469.6402379345318
469.6702536057442
469.7002660863525
469.730291748185
469.76031073795514
469.7903162984103
469.82033872675186
469.84435390023236
469.87438052140624
469.90438890109505
469.93439374401686
469.9644034432674
469.9944093676548
470.02441150158415
470.0484010416274
470.07840047884366
470.10840256638187
470.13840126262596
470.16838316677257
470.19235205360155
470.22233007169774
470.2522882935769
470.2822484680882
470.3122011199607
470.34218535296725
470.37217860175485
470.39617260444106
470.4261629095013
470.4561664081219
470.4861672932211
470.51616931929004
470.54617101096113
470.57618588879865
470.600191370284
470.6301957219962
470.6601953716414
470.69019207076445
470.72018991697234
470.7501867007662
470.7801912619955
470.81020993276627
470.83421860081097
470.86423349639057
470.8942517342424
470.92426770432564
470.9542782791088
470.9842777324737
471.01427224146005
471.04426959480145
471.0682735681662
471.09827586169666
471.12828605842276
471.15830100345556
471.18830897141294
471.21232419385285
471.2423542840648
471.27239516851205
471.3024225750185
471.3324599948514
471.36248154793896
471.38649134362294
471.41650699010654
471.446521058404
471.4765328720979
471.5065459945714
471.53654842742463
471.5665405296072
471.5905266230028
471.62050495108923
471.65048958264276
471.68047358548955
471.7104614592546
471.74043820345844
471.7704179658732
471.79440671178287
471.8243987429389
471.8543925218127
471.88439058976013
471.90839238020425
471.9384062080107
471.9684358711593
471.99846742382783
472.02849905861365
472.0584977610785
472.08847547386137
472.1184829367281
472.1485313785146
472.1725262080252
472.202554685073
472.23259803078895
472.26260721483584
472.2925865426313
472.3225671663385
472.3465617419295
472.3825641907063
472.4065788065808
472.4366619651267
472.4667801227236
472.49683049131914
472.52677307590915
472.5507238867744
472.5806578711666
472.6106211289416
472.6405726734897
472.6705156343218
472.700472670712
472.724473700236
472.75448691434894
472.7845118364051
472.8145209655338
472.8445196919285
472.86850895121336
472.8984799455028
472.92843751451835
472.95841610994427
472.98840210109836
473.012373340789
473.04232625573087
473.07228047254864
473.10224396391226
473.1322060197114
473.1621790051218
473.19216905085165
473.22217496720157
473.2521895662318
473.2821967637113
473.30621047339775
473.3362440691279
473.36627944375425
473.3963235974732
473.4263528257173
473.45037946592015
473.4804031538276
473.5104259588914
473.5404528819748
473.5704708824153
473.6004901588972
473.63050478209453
473.66052623401606
473.68453992993403
473.71454776353283
473.74454621652944
473.77454294239294
473.8045473426481
473.83454492709063
473.8585470128229
473.88855333475357
473.9185555993438
473.9485556793468
473.97255535622725
474.0025668910676
474.0325863000924
474.062593641004
474.09260049388513
474.1226061183588
474.1466095230345
474.1766141107425
474.2066188779018
474.23662481770384
474.266627788886
474.2966315433279
474.32663608822185
