7.51300050438273,8.701895389213538
7.534676711256751,8.691595898596166
7.561973372508579,8.67936204589514
7.5842584110665445,8.670737232513819
7.593302052376474,8.667707218179023
7.595575073297179,8.667004379814715
7.597471981044399,8.666440709128322
7.601516863684885,8.665327753230878
7.604265750466691,8.664645752812936
7.604492442104597,8.664592851178156
7.604492489386737,8.664592854113454
7.604492235549182,8.66459276655431
7.604492450701619,8.664592742419961
7.604492465769603,8.664592970629482
7.610029681588576,8.663290081405618
7.620909702113237,8.660506389755652
7.635027206647112,8.656399575085366
7.6550895897381555,8.649222719100738
7.675336844317058,8.64002622511944
7.699416960907367,8.627561954849124
7.723518574716916,8.612176982281126
7.745877548934988,8.59267104109987
7.764872957913104,8.570386121714414
7.781172300705165,8.546932289313384
7.792348966705562,8.526289889520536
7.799979865239007,8.509521892998732
7.809269904207945,8.48852464550627
7.819594133288737,8.468145219321038
7.831470486388843,8.448539327683477
7.8448365012815,8.428329852592734
7.857973795469147,8.410741319289286
7.875588689167978,8.390673394139297
7.893839034114367,8.374394796555807
7.91345037294985,8.360440957279835
7.936719916836323,8.348560675226944
7.95777134656038,8.341211645642014
7.985016894335706,8.33427987974834
8.012599753994143,8.32819121924886
8.040057584461774,8.321048402229883
8.068215184993441,8.310729085036552
8.095448830143695,8.297852671338305
8.116743022248272,8.286744610401911
8.143316154376265,8.272753892095118
8.169333980341605,8.257636603754408
8.194819502280273,8.241788521118211
8.22003957054255,8.225476259495997
8.244740421710587,8.208412304339706
8.26919665106985,8.190966799248836
8.29292962169732,8.17273277449959
8.311518884595786,8.15756938534537
8.334181156558635,8.137822981762993
8.3556155827833,8.116704675553615
8.37627211851274,8.0948829667033
8.396150009767084,8.072282437888438
8.41107568101684,8.053380965638015
8.428534281285415,8.028862101394457
8.44732191430482,7.99940610892771
8.45931967734372,7.978972833089557
8.47293859242818,7.953997321407181
8.483651414031732,7.933049796802782
8.492925636099216,7.913428031655427
8.50242810616561,7.891711390199554
8.51108262016539,7.869203870878991
8.516641147891539,7.8518944417645296
8.523235111455637,7.8278642602735955
8.529630869051884,7.802086491115661
8.535121406119057,7.778494781163608
8.540722729795828,7.7517175245904015
8.545541542711488,7.7231725715530875
8.549845781311571,7.694187311521699
8.553063801044667,7.671085780278206
8.556768381351779,7.641552061667641
8.55998599502808,7.61471199726458
8.562913504698464,7.58573573985082
8.56397145316729,7.5565347065253565
8.563195594040122,7.529520273240455
8.561020445510911,7.500091713373489
8.558492408787135,7.477119737933816
8.556211371785622,7.459680506161303
8.553012743681522,7.437928160007446
8.549672807830081,7.418312700065105
8.545200364776157,7.39557656533912
8.539969282114223,7.371292682838151
8.535116908550762,7.348465355522701
8.531112497635826,7.3280954726937235
8.52697882711847,7.305452263078018
8.523139666976492,7.2838463402709035
8.519627522445157,7.263649721783369
8.514846324871723,7.236454762422557
8.509994396390498,7.2073036240946635
8.505503131610684,7.178876395917661
8.501568714182035,7.156233129739779
8.49750561311421,7.1334837702029175
8.492769386558045,7.105125735251012
8.488275953895535,7.075567544376604
8.484311547732462,7.045821588191138
8.479506457170038,7.016136711083058
8.474878341202867,6.992524789691555
8.468257915146372,6.96538574804832
8.460096151046754,6.938838298494352
8.4496093137868,6.912338105337613
8.435427132902332,6.88571041585149
8.41818782713381,6.861001391582133
8.403337399750837,6.842077124751518
8.384417426090835,6.818809923682242
8.36626940706916,6.795021780444195
8.349077851820267,6.770539095131874
8.332971862529133,6.7453167287433935
8.317573185951792,6.719616619269813
8.30282623570827,6.694820838255481
8.288104446868763,6.671911745858306
8.276657074021944,6.6554207881576435
8.266731985222881,6.641972616713183
8.254673750726385,6.626627133987994
8.23984782120027,6.608305937025714
8.224096970397381,6.589121244097119
8.210089479783585,6.5725672207411545
8.198108911539673,6.558492071147661
8.18797534741947,6.547044281905796
8.174866201350277,6.532091034073463
8.16169088307436,6.516119130675292
8.149563409719544,6.5005405135799315
8.138068986897427,6.483558532124272
8.126443096896642,6.463782043942029
8.117564501628314,6.445173336681745
8.110964270558386,6.4299736023586815
8.103298052619998,6.411096234208875
8.096217791497015,6.390752108500908
8.087543656728645,6.363229212276815
8.079558011787286,6.334373599247404
8.072671181561718,6.3052619839151545
8.066716072645294,6.275892379671171
8.061027397056932,6.2468752506551795
8.056291859942023,6.223730003535791
8.050365702812753,6.196418656025721
8.04493115061312,6.172209836307617
8.037913203595881,6.1447208282668075
8.030371757801012,6.1209765156034335
8.02384226586357,6.103902031896687
8.018421853235674,6.091088166098387
8.015826591932077,6.084944916329801
8.012452786758422,6.077147697758923
8.009166208595591,6.0694739314518324
8.004863145839519,6.057914307453624
7.999292607361179,6.041480550069396
7.993629792518502,6.024406422008111
7.9857019380261764,5.998868872899897
7.978147841931632,5.972234166582407
7.96983854621105,5.944040345234478
7.961000359619527,5.915376241761337
7.952960432533192,5.8868508250386595
7.945696711276277,5.857948934656339
7.939861606326286,5.834668127954112
7.932544497599131,5.805558920562388
7.925171765241299,5.776502715678992
7.918206159541515,5.747347016499849
7.911460105031784,5.718135733143522
7.905337185619856,5.688817877282255
7.899736149919484,5.6593621045012865
7.894621815900091,5.630600877771212
7.890996145600613,5.607127365556512
7.8877684552089695,5.5818026443088105
7.884395631249234,5.552834212737312
7.880202556104957,5.523281385589454
7.8765089373796915,5.4997344064352625
7.8727050706399115,5.470704310866302
7.869312480251193,5.4411182764348585
7.864734604514209,5.411389785046957
7.859986046312985,5.384572660092171
7.855464286974863,5.36136633650297
7.850202687464833,5.337313696956074
7.844685817448374,5.312931651689313
7.839731084404804,5.290704810666381
7.8339040285637,5.2613939355504415
7.829055489476428,5.231857833838858
7.825467091030387,5.202182312745828
7.823388189546388,5.1723103834414506
7.822059750531902,5.148354682858251
7.820501892852739,5.118401716720969
7.818834863290109,5.0884311820006785
7.81726834926233,5.058517845325061
7.8166445070076005,5.028587571197595
7.8168017110759775,5.0046234142389014
7.817270903076565,4.9746152096376335
7.817589792330106,4.944632682674629
7.818200573235222,4.914971891864949
7.81951849428217,4.885117628172925
7.821425377077292,4.863250606066853
7.825416674724709,4.838678057163992
7.831442386222748,4.816507141580445
7.839048308499428,4.794583969296358
7.846911120122478,4.77217618403005
7.854171607515471,4.749768244468242
7.861805582490021,4.725773884660679
7.867790055454703,4.707192675815975
7.874919901201369,4.684892036193209
7.882697550360796,4.659137094507915
7.8892391152758385,4.6326045856899345
7.893593031531133,4.606997635548533
7.896196498853064,4.579893591598699
7.897539080033025,4.550626047050129
7.898553199727749,4.523256699637508
7.899347603231357,4.4984978048837085
7.899990231594658,4.477568365705562
7.901614996447582,4.448171300694445
7.903845951472508,4.418414672824339
7.905828853758397,4.390205995032044
7.907886542286617,4.362887999558445
7.9103545217318025,4.335700283422314
7.912691980137168,4.309687370814232
7.914729974947729,4.285981552112225
7.91724420596841,4.257012177870518
7.9188067839032525,4.2296416528812415
7.919032069744971,4.200146030944195
7.918761770616245,4.171458799991985
7.918969837691048,4.1452829494123575
7.919929744542301,4.124282382649254
7.921183677602771,4.099277438676164
7.922148582453424,4.075366716173547
7.923263162601304,4.050891646559743
7.9236871662212005,4.025243807633924
7.923288405039534,4.006375686968985
7.922345004622523,3.9826995074968243
7.92150421800096,3.954497127283618
7.921028524771,3.924517360615107
7.920478696452212,3.8947429351135443
7.918946712708311,3.8671909697737905
7.916376458641579,3.8390440369571848
7.9142142799307456,3.815719321865461
7.91234178148674,3.7871234751290985
7.9108290601938425,3.7597329188643966
7.909509852368791,3.7318266692732753
7.908033499289041,3.7037771978381766
7.906166990945783,3.680447027603877
7.902798122370008,3.6505683913860896
7.898381105122054,3.6209778232692855
7.893760448231478,3.5917462900791315
7.8898531263652405,3.5650845779346576
7.886562076294629,3.5395826833072253
7.8833995636225,3.515807142716038
7.880877970761842,3.4971910672531736
7.878231431007667,3.477311166769437
7.875460235143646,3.456710338926259
7.872879314226207,3.4352996053749076
7.87087845388851,3.414048560788717
7.869013462214213,3.392666263583875
7.8675670964161535,3.3755415110101588
7.865488533146367,3.351336626001321
7.862908243362055,3.326290113390077
7.860028418183681,3.301101180023323
7.8574601595759965,3.2738323944001175
7.8543072122195,3.2447152688253134
7.849537844669187,3.2150834359560356
7.8447181432591435,3.1855939831705884
7.842197090869797,3.1619130072067803
7.841141444970313,3.1330097076236676
7.841566838899223,3.1057946477509564
7.844703501011791,3.0788184439211594
7.85050220047851,3.0525814237213886
7.8567127127910465,3.030777079320119
7.864418479431323,3.0101277308355128
7.873727934928839,2.991371321745294
7.881188248075798,2.979451951493988
7.891681699879892,2.965286417080716
7.905225097183156,2.9491213665582943
7.92013883984388,2.933116407372393
7.936682024727339,2.91584076035808
7.953477491914906,2.8966221254199542
7.9705628780774385,2.873856341781048
7.9864547486002415,2.8504946492094203
7.996638734510405,2.834052541033387
8.006634632403246,2.816389916670071
8.018278924308923,2.795359441742773
8.032820454766075,2.770984801383938
8.049505493416476,2.746203376719007
8.06768450295877,2.7224693351956444
8.087141875834059,2.6997749852219264
8.107378451205737,2.677824355520156
8.123639052562613,2.6607449819438087
8.142201060878861,2.6414800493691217
8.161285447588343,2.621174813843557
8.181666052514771,2.5998939402073504
8.201296213751819,2.579097505174023
8.219111754211479,2.557800674284716
8.235786681065315,2.5347206985133153
8.250424439740698,2.5119891405170316
8.264220936518049,2.4887680428103565
8.278217531536686,2.463905553908752
8.29158626422171,2.441291718497903
8.302672022152024,2.4239933751706064
8.318089139147784,2.4013854118916376
8.33535768532385,2.3770277765226795
8.352210045734042,2.352148782392985
8.367735787870885,2.326379131667317
8.381549622778962,2.2995543861249597
8.391096835514874,2.2749170608086517
8.39820631741147,2.2487969691989327
8.402188878049461,2.2235827661645735
8.403099751396484,2.1998679393285965
8.401880636248025,2.171098313479401
8.3998420133873,2.1473339682508343
8.396812071023517,2.117529587735044
8.393517714473726,2.0877628892256954
8.390225491074524,2.058031427618771
8.387360697805745,2.0282467182941817
8.384389563894581,1.9984833308870005
8.381498551286743,1.9704972407200017
8.378069104183764,1.9443477017322273
8.374370107956942,1.9220506470810423
8.368793650141667,1.893419676454086
8.362671382563551,1.8666336907172303
8.356371017598503,1.8412154554379705
8.35146007555192,1.8191253844665516
8.34746346358813,1.7983673552528392
8.343404560789548,1.7768226765676225
8.339796605895566,1.756842484600903
8.335567292365393,1.729819466732982
8.332133080590113,1.7049358737025377
8.328439444331687,1.6771339085559054
8.325706256215327,1.6474573441007034
8.323627737787831,1.6175320036996577
8.321266938808472,1.5876420959628297
8.31940813488464,1.5658886902475755
8.317169850699203,1.5396894136411572
8.315043721960661,1.5123526086081898
8.313356155918356,1.484744060353902
8.312052074611286,1.4550192681889251
8.311760698660555,1.4255716380080619
8.311139017904596,1.3957367206869171
8.3096866857215,1.371909810509747
8.30714717586325,1.3422395367561561
8.304188823363646,1.3124558977748104
8.300760446708441,1.2826670730703242
8.2967096727283,1.2529581240210037
8.292136233651233,1.2233623185686464
8.287726231614483,1.1940427444993091
8.283670718453392,1.1652706835935964
8.279939871879574,1.14144289244417
8.276856588528618,1.124878681453408
8.273443007984511,1.1097867615771928
8.27024856307359,1.0973216097398477
8.265220976911635,1.0775353775154795
8.260144177076832,1.0552122035568516
8.256141334448337,1.0307776260328465
8.25313915041465,1.0035428895264036
8.250843050471323,0.9762830863145953
8.24859250737351,0.9463951288976578
8.246765893905126,0.9174027676800008
8.244577705606588,0.8875999077246571
8.24313809006683,0.8636741299373721
8.241709734942694,0.8337460858359812
8.24127907889559,0.8038195913207695
8.241554856049001,0.7738313199114006
8.241740463677317,0.7440128857446876
8.24120176879667,0.7139133142269535
8.240214056833091,0.6838901695602146
8.23822111123922,0.6539005734962814
8.235767908509569,0.6250435147287458
8.232226282641436,0.5952826668705247
8.228675538766032,0.5715219175079874
8.224353498335088,0.5418575288513077
8.220246111118529,0.5121547092411943
