2.1610685532813436,1.0209283921897077
2.1709412105514327,1.0330043682382344
2.1839995417496185,1.049191153120675
0.009644079602819957,1.1357313093613627e-05
0.02486595220457734,0.00011884012807958793
0.03371388064348106,0.0002448028455685886
0.03614590190882855,0.00029365973370278683
0.036317637656307425,0.0002969061487635326
0.03632673118740719,0.0002969460217336104
0.0363174891027504,0.00029664989241933793
0.03628997983289675,0.00029600741163419194
0.03624423329532714,0.0002949837547666748
0.03620267533764745,0.0002946395248130549
0.036193718734452866,0.0002951424049798659
0.03621413770889489,0.00029610873672799215
0.036247342764709624,0.00029700206467315007
0.03626473000490454,0.00029720581884202005
0.03626148998682659,0.0002970142322346205
0.03624122277010819,0.00029639053699461604
0.03621777411577894,0.0002957978773553626
0.03622784187120627,0.0002961748687478198
0.036237691793798994,0.0002964994275077986
0.03623707407112799,0.0002964948182747611
0.03622958921709445,0.0002962015425917376
0.036228542131377786,0.00029604291298084034
0.036232559791329416,0.0002964110897912764
0.03623391239866946,0.0002964354681889931
0.036231945078955476,0.0002962388226428275
0.03663001395815685,0.0003063188688994107
0.04462495240794801,0.0005066200522617832
0.05822026630112348,0.000846148141583954
0.07767877256370281,0.0013385512087176275
0.10366423532451144,0.002176228704022018
0.1244443931893466,0.003020411206225762
0.14521661357531487,0.0040188650160978175
0.1659817933887836,0.005171681713294538
0.1919261435949531,0.00682976176104694
0.21266949871987936,0.008329985578674242
0.23340067710557807,0.009984186564598384
0.2541191022911918,0.011792620047219579
0.27999755319370384,0.014269767909325796
0.3006831159873091,0.016424289559335305
0.32651635395323025,0.01933411822500373
0.34716285792533386,0.02183467442509837
0.3677901765900003,0.024488504496008062
0.3883972378494132,0.027295828745570495
0.4141256621305875,0.0310202824408725
0.4346827939658516,0.034171723393288535
0.4552160740115223,0.03747616178622909
0.4757242391823202,0.04093320793581964
0.5013220650186667,0.04546868675063797
0.5217692889954352,0.04926817669101599
0.5472878188424858,0.05423116661340447
0.5676687323751436,0.058372319080995896
0.5880183199688533,0.06266485124811094
0.608335558029995,0.06710859530305162
0.6286188857618326,0.07170326680663332
0.6539241623189578,0.0776582474585824
0.6741279550299497,0.0825916340891067
0.699330151044752,0.08896942807092055
0.7144226209267434,0.09290840963660138
0.739527279486468,0.09966005807597147
0.7595651167649944,0.10522926985049122
0.7795609859042844,0.11094732665239708
0.8044949081947683,0.1183038546658915
0.8243923792977428,0.12435563947868053
0.8492000666445905,0.1321279589582157
0.8689931890686622,0.13851175932683202
0.8887385593058446,0.14504276248980105
0.9084347769179052,0.15172014152395052
0.9280809341944974,0.15854378305380823
0.947675654463361,0.1655133017633123
0.9720951976275574,0.1744299034474243
0.9915706908468469,0.18172640460047843
1.0109913847783603,0.18916730857995134
1.030356105508226,0.19675250554987003
1.0496637873940835,0.20448161570308712
1.0689137330541525,0.2123538834234787
1.0881045428933553,0.22036920678566405
1.1120081564065643,0.2305885692630899
1.1310622797295653,0.23892367874979303
1.1500538176222732,0.24740035070970462
1.168981817132393,0.25601796742921545
1.1878449265383766,0.264776090035002
1.2113315165574057,0.27592053721641513
1.2300459211142323,0.28499293236721635
1.2486922183424431,0.2942043232161381
1.2672691674927319,0.30355394977648836
1.290391996062305,0.31543509899217537
1.3088103416203551,0.3250943317967404
1.3271561755260346,0.33489015815005574
1.3499849803898518,0.3473263279480982
1.3681644608972934,0.35742790019840787
1.3862682329012304,0.36766412001169096
1.4087901145536588,0.3806483669490269
1.4267200842251162,0.39118618454179993
1.4445713840526409,0.40185697397555
1.4667729660862778,0.4153815800590677
1.4844428950619737,0.4263495008811229
1.506415036036418,0.4402436846072225
1.5238994670837358,0.451505628037039
1.541299405726769,0.4628972593491899
1.5629292081327675,0.47731835947401724
1.5801362578178002,0.4889996631211016
1.597256035768939,0.5008084662024165
1.6185310545668548,0.5157477454176741
1.6354506211893112,0.527841339369815
1.6522800649764895,0.5400603843400333
1.6731881098318941,0.5555097027932275
1.6898105414539155,0.5680085062192369
1.7063397864372358,0.5806303657518477
1.7268683786830024,0.5965803487468839
1.743183997713716,0.60947731135283
1.7594032460940308,0.6224950877872738
1.7755254300086045,0.6356331767225667
1.795539989689715,0.6522237134967138
1.8114397987807707,0.6656294994783245
1.8311739010048738,0.6825527284927547
1.8468474780962976,0.6962226911729922
1.8624188632131078,0.7100088622395349
1.8778872914041889,0.7239104793947209
1.8970769801404135,0.741448593488628
1.9123106666425926,0.7556069881045376
1.927438653487886,0.769878418874631
1.9461989576839678,0.7878749030989771
1.9610859955632889,0.8023974060199708
1.979542522022658,0.8207054163459699
1.9941847531358827,0.83547479576798
2.008716651043826,0.8503526263762449
2.023137577570393,0.8653382296161861
2.0374466840119503,0.8804305485416124
2.055174624692873,0.8994448551784314
2.06922919008927,0.9147744883181617
2.083169369386932,0.9302081624142244
2.0969946481886943,0.9457450513941065
2.11411291119905,0.9653099642713209
2.1276760657340255,0.9810761241237201
2.14112164536863,0.9969424914350565
2.1577622592571624,1.016915375690903
