0.030094133269746966
0.05425782449419407
0.07849178255492764
0.10382374707280226
0.12380186737287474
0.1361454184090749
0.14701985918388594
0.15283215728528807
0.15388683000055461
0.15388894556370644
0.15788606652680062
0.1711156561658127
0.18953196359127275
0.21151823957504878
0.24028440071386115
0.2704221155483819
0.29448129280628726
0.3244839289117686
0.35450815508978
0.384589169493907
0.41465506352305687
0.4447188656165286
0.47387112225088807
0.5024989211544051
0.5325774136257279
0.5626684297844722
0.5927893132070353
0.6229392590792423
0.6530964795687164
0.6832615834315241
0.7122691795004629
0.7350884993012312
0.7648693571342656
0.7948924180700071
0.8249406386188028
0.85463432901449
0.8790087377033605
0.8998713550776113
0.9185379036140137
0.9353853583860867
0.952499272914538
0.9716697307248459
0.9888072146738013
1.006759648322399
1.0251300749830132
1.0472463133930792
1.0700562615645577
1.0973724696005542
1.127378470194749
1.1573929859521017
1.1873843338395085
1.2173951044960394
1.247383384195774
1.277395079954934
1.307415918298206
1.3374494747628964
1.3675022315472871
1.3915616857882414
1.4215648409352881
1.4514940048070528
1.477250847047159
1.5016041476581905
1.5276260842910045
1.5573415517597307
1.585006150030607
1.6103441514320265
1.6366181513612261
1.664034347161286
1.6874445723822291
1.7105768830695995
1.7313607722720998
1.7522492045255849
1.775860934335664
1.8049692502599815
1.8288933717169367
1.8588681959904294
1.8888616007060248
1.9188455811167704
1.948820111083341
1.978798407745201
2.0078389853218974
2.032359176335885
2.054279769946358
2.0762281883179656
2.0986410982419037
2.12506700625899
2.1528220020508386
2.1827560090387164
2.21276786001399
2.2368879860232043
2.266992127136667
2.295781968406061
2.3199512595810865
2.344460266814267
2.3705006464859326
2.396577351361744
2.4247387955793496
2.454376374575618
2.4842972635778504
2.514299133309792
2.5442896864756137
2.5744249977604254
2.604548231848345
2.6346710838463565
2.664770062711936
2.6867058905223224
2.712196116616781
2.7384779262136227
2.7616227440003938
2.790023453990767
2.8184734391005155
2.8479770446311754
2.8753473563316962
2.90477356808743
2.934797678157456
2.964923406420789
2.994873281180615
3.024837747126866
3.054740878294632
3.0809159423229877
3.103224787248226
3.129716129780443
3.154248522615044
3.1789893481464153
3.203549791281024
3.2233138210429306
3.24573144335909
3.271397174212898
3.3000236086154295
3.3299319756757133
3.3598707637832144
3.3897985194589673
3.41976338077167
3.4483702941094934
3.4780167197504572
3.507910095578555
3.5373256066867595
3.5624772403019143
3.587789401014631
3.610253436000272
3.640206919887089
3.670188126196449
3.7002596842396307
3.7363383614218413
3.7604082730836934
3.7905560097754
3.820658705191459
3.8507490324946163
3.8808627578656663
3.9109918360753215
3.9411849902048792
3.9713113283276638
4.001312146499725
4.0311906382094245
4.061081299404842
4.091027799579777
4.1210636463358545
4.145080147890506
4.175036662328608
4.2049977023843095
4.2349252688174595
4.264947471690605
4.295039105587496
4.325163273454582
4.3552989653804275
4.384239728458223
4.41395020206676
4.443109640755709
4.4712577824209285
4.500895681453551
4.523839611811208
4.548927693249993
4.573961707231845
4.598971577934154
4.6258557446918855
4.654769358714734
4.684810151375438
4.714884006185048
4.744930026615939
4.774910812430882
4.804281924566591
4.833884770458407
4.863884353437868
4.893878529514842
4.923873785985748
4.947889826376412
4.977919583885923
5.007947347962911
5.037959883904212
5.067971510233877
5.0976416266263564
5.127215195133895
5.152416440305366
5.1753470775590715
5.202502193239796
5.232307261709821
5.259956113079212
5.28343677462824
5.306691451109611
5.326622820574601
5.344728881694725
5.367526261589588
5.387822014003922
5.412454588907063
5.437985648659102
5.4654404641911905
5.4941450855660525
5.518036558592443
5.5381454130086905
5.570336822161266
5.591291366373113
5.617298622550351
5.640046589119327
5.660729052096033
5.682432720369475
5.705611124372275
5.732642985265741
5.762568440726012
5.792551928749698
5.822511770344774
5.852378836204345
5.8822783795966185
5.912284783846665
5.942303967050814
5.972355709177869
6.002343344222554
6.032191917497106
6.056033943952658
6.0859250874395965
6.115902103180442
6.145891765151668
6.175880156599816
6.205858444853172
6.232475139129539
6.257827495371956
6.279569495672758
6.299077183186086
6.317783697097352
6.338923313289637
6.365234903368959
6.395183129221892
6.4190278230280065
6.448459451481848
6.481443088691627
6.50376189186326
6.533786417702899
6.563630957852795
6.592753879317503
6.622342035899061
6.650565598210262
6.677773264304448
6.703462136593826
6.73132701668748
6.760902002654389
6.790744664442109
6.820735141940562
6.844720501718898
6.873657771305189
6.897026143013944
6.914690652101958
6.93276747064745
6.95106489481813
6.970500820983143
6.991591494718455
7.016919155051789
7.041506463937521
7.061051821213144
7.087444452921412
7.113466958869977
7.137734210225225
7.160918651012682
7.18394765636635
7.210634248490868
7.234350547289433
7.256575695674918
7.279313168871986
7.3056594642282775
7.335278071745444
7.365090911084546
7.393569656634972
7.42307961338011
7.453050280832944
7.477022324026836
7.507011001168625
7.537002677655279
7.56704649155149
7.597158895006227
7.627278802227442
7.657313747250817
7.687392521063532
7.717580708728843
7.747747252033111
7.777791511428158
7.8077032059729445
7.831354026037211
7.855817687877711
7.878346992670316
7.90101304128659
7.923808565352604
7.947101196589765
7.973914275727146
8.001238374822124
8.028441250951943
8.055510925482999
8.082378753388044
8.109785615952187
8.131886933396848
8.159637165844856
8.187555644143163
8.215598802792499
8.243610844311084
8.271542909686827
8.299306288562647
8.326470355267954
8.353507007656008
8.38056971595154
8.407699750925735
8.434718971712838
8.461809767672033
8.488925373479132
8.510554016648966
8.539088157717586
8.569106008969579
8.59905531301785
8.629020967513805
8.658854479438443
8.688687568492147
8.718464632871873
8.744710403925378
8.765456658896206
8.786302184287639
8.80812236841943
8.828964412469835
8.849622239741445
8.867267196506948
8.890545677941198
8.9161980775003
8.936108531202246
8.960153072966483
8.983798812937305
9.010071082334907
9.039966954083123
9.069796239094044
9.099652650514939
9.12965186974099
9.159701480922646
9.189710036768373
9.219724937824111
9.249663840328896
9.279748624231674
9.309557679537
9.333438572107022
9.363251084325125
9.392993352768487
9.422981194138671
9.45266102778163
9.481348469900345
9.508909743944963
9.535626529684155
9.562674553293128
9.582379785956347
9.603397458695413
9.627310437232602
9.656719491149747
9.686648782216093
9.716682181205528
9.746656541939203
9.77665206595242
9.806694801601584
9.830670550551627
9.859106728787992
9.88325650494025
9.905902845046084
9.92755629723464
9.952388727996084
9.980367557095601
10.003573778323288
10.032246020503704
10.060264812919963
10.086343840095662
10.115054996287109
10.1407097025789
10.163382458230892
10.18745474938157
10.215964827848632
10.245112559369227
10.274717432633382
10.303580577111513
10.327310271188214
10.356199045118343
10.385318268368064
10.41133405812109
10.430838964062493
10.44985475747354
10.470316033121573
10.492189629426397
10.51415925586136
10.536029253323392
10.557926515064356
10.579851174902574
10.601672669945213
10.619201830067146
10.64107478801181
10.662875961522042
10.684799536820377
10.706698284834493
10.729462469560596
10.749989895998173
10.775514140206152
10.801066903522846
10.826767170387216
10.852603990222601
10.878566139979373
