392.8999543969683
392.9207514977233
392.9463489183872
392.9615496333972
392.970348957686
392.9728806638396
395.427817377971
395.4278523691574
395.4278973301395
395.4279244955586
395.427932898373
395.42794170006437
395.4279692617296
395.4280083820347
395.4280208486142
395.4280373456232
395.4280595178172
395.4280642343462
395.4280774968799
395.4280896131161
395.4280911724517
395.42810028619897
395.4281045616862
395.42810879935615
395.42811192942287
395.4281136113749
395.42811539759316
395.4281155358923
395.4293123980766
395.43650832112576
395.4501073778215
395.4695727713271
395.4955717963713
395.5163685545505
395.53716466013066
395.56316163532875
395.58395970148183
395.60995598548374
395.63075311343806
395.6515505738579
395.67234811495973
395.6983447461582
395.7191419648162
395.73993944018486
395.76593606154836
395.7867334052724
395.80753069498064
395.82832812181204
395.8543247455396
395.87512211491065
395.8959194785805
395.9219160929953
395.9427135554719
395.9635108219027
395.9843081705445
396.0051055443647
396.0311022549723
396.0518995267697
396.0778962018801
396.0986935714579
396.119491086411
396.14548751823213
396.1662848471102
396.18708225287793
396.2130791275023
396.2338762652011
396.254673631129
396.27547099281054
396.2962682652998
396.32226494123483
396.34306233808184
396.36905896498956
396.38985632858754
396.41065361676834
396.4314510816037
396.4574477737704
396.47824498911433
396.49904231453564
396.52503894740016
396.5458363333023
396.5718330206555
396.5926303284458
396.6186269422912
396.63942431011606
396.66022165755567
396.6810189328867
396.70701558260714
396.72781292053315
396.7486103997117
396.76940782265467
396.79020492517924
396.8162015509605
396.83699903669077
396.8577962482044
396.88379277895274
396.90459031865424
396.92538772687715
396.94618483011686
396.96698210229886
396.9929789467685
397.0137762410582
397.0397727476628
397.0605702300915
397.08136764295546
397.102164714881
397.1281612915479
397.1489588937057
397.16975617036053
397.1905533453785
397.21655001200907
397.2373473973589
397.25814464950383
397.2841414290362
397.3049386157486
397.32573601599034
397.34653331007434
397.36733060424046
397.39332718492096
397.4141245792563
397.43492194557336
397.4557193484003
397.48171589729833
397.50251308466915
397.5233105317734
397.5441078210753
397.56490516308145
397.59090166318185
397.6116990986094
397.63769587726574
397.6584931210458
397.67929020589446
397.7000876955562
397.72608437003447
397.74688154590626
397.76767889751653
397.7884762613811
397.80927354920567
397.8300710193492
397.8560675046402
397.8768648888802
