333.34908014294814
333.3698775580862
333.3902757701568
333.4082761497045
333.41427535930717
335.8806322225235
335.8806741679012
335.8807159201777
335.88073924319133
335.88074430092917
335.8807574912969
335.88078891976687
335.88082621270405
335.8808337466707
335.88085447224904
335.8808738140082
335.8808748682628
335.88089023070387
335.8808995348267
335.88090644248376
335.88091237346435
335.88091440599516
335.88091852356587
335.8809192348667
335.8809211420497
335.8809219897917
335.8809233381006
335.88092408855243
335.8833224651374
335.8893203941695
335.9029190779903
335.92238263490606
335.9483822508425
335.9691794165647
335.99517444926556
336.01597191178837
336.036770114509
336.06276670002296
336.0835636949296
336.1043609605841
336.13035793100903
336.15115526055746
336.1719524572286
336.1979491914023
336.2187465863149
336.23954397173475
336.26554054972934
336.2863380337597
336.30713547965496
336.333131895196
336.3539292167688
336.37992604441894
336.40072330190037
336.42152068327886
336.44231797106585
336.46311538435083
336.4891120408717
336.5099095500132
336.53070688735477
336.55670329819986
336.5775007444084
336.59829816262993
336.619095526369
336.6398927150408
336.66588950060196
336.686686766232
336.71268345426193
336.73348078898624
336.75427805753804
336.7802748283892
336.8010721095032
336.821869485655
336.8426668066707
336.86346406499496
336.88946082247315
336.91025817129685
336.9310555167636
336.95705212591736
336.9778494296577
336.9986468907254
337.02464362977685
337.04544075028366
337.06623810770895
337.0870355040602
337.11303226991356
337.1286302129674
337.1546267314935
337.17542417852263
337.20142070421355
337.2222180917714
337.24301557096067
337.2638129348263
337.2898093621844
337.3106067037674
337.3314041333035
337.3522014819025
337.37299873951144
337.3989953841482
337.4197926507406
337.44059007642727
337.4665868523983
337.4873840003609
337.5081812867366
337.5341779995636
337.5549754463586
337.5757725305169
337.596569918489
337.6173673451307
337.6433638585123
337.6641611940723
337.68495862628805
337.70575602106004
337.7317524507562
337.7525498547426
337.7733473455252
337.794144614728
337.81494175209474
337.8409383715019
337.8617359069255
337.88253312120554
337.9033302666999
337.9293271529711
337.9501245053139
337.9761209345434
337.9969183090501
338.01771573741377
338.0385130158186
338.06450947529356
338.08530704018415
338.1113036914031
338.13210077428545
338.1528979756978
338.17369546111433
338.1944928442471
338.2204894049737
338.241286737506
338.26728340208734
338.2880807540175
338.3088780017121
338.3296753166724
