-7.136064368653068,1.5297653521774761
-7.124737330115319,1.5019811765570403
-7.113613257003949,1.4745463197133868
-7.106748159193146,1.4574631365044928
-7.105412895961405,1.4541170424889607
-7.1042289561989245,1.4511414697864946
-7.102311479446881,1.44630322873031
-7.100258469409466,1.4410852350510301
-7.100087862051301,1.4406489203446724
-7.100088471386217,1.440650176590908
-7.1000881209813125,1.4406493631174597
-7.100087749578697,1.4406488040265588
-7.100088146409442,1.4406493558648776
-7.099145847510522,1.4382229193966583
-7.094890323734843,1.4271856212357854
-7.088583299816944,1.4098492829524678
-7.08130294624462,1.3868847726914333
-7.0745657909424375,1.3583858513254068
-7.070216873103246,1.3285581881124542
-7.068031244420123,1.298524323894288
-7.067225579243955,1.2684909732821543
-7.066591906167236,1.2385072455483384
-7.065760815929263,1.2085204582512603
-7.065300759617409,1.1784908464843014
-7.065492678801661,1.1484678853859542
-7.065194457726653,1.1185406306930836
-7.06404716552484,1.0886029472200767
-7.062442625570853,1.0586662661760065
-7.060757994258404,1.028710784163659
-7.059456594851498,1.0047427157624458
-7.0578813289386835,0.9747769129003321
-7.056483119803895,0.9447862314286259
-7.0555510786774995,0.914775756563333
-7.054906028297062,0.8847719555765501
-7.054278730480701,0.8547872304498089
-7.053348601231476,0.8248333574632811
-7.051928889007643,0.7948939197238347
-7.050322147920561,0.7649429863568593
-7.048659718530872,0.734987154771478
-7.0471015922851095,0.7050326757275572
-7.045628244641787,0.6750414252987648
-7.04462150203388,0.6450441381791387
-7.04397619613787,0.6150242374180593
-7.0435554854746005,0.5850259874161515
-7.043298031317551,0.5550200527520184
-7.043054627118387,0.5250273958940752
-7.042738234996491,0.4950391821817193
-7.0422296233807264,0.465054749287049
-7.041861955439794,0.4410533898266581
-7.0414523919260645,0.41106967256123195
-7.040907088886413,0.3810780232315531
-7.0403629469086955,0.35108027542440595
-7.039806248686225,0.3210941191296647
-7.039071065216358,0.2911226923778655
-7.038219937736611,0.2611383220519786
-7.037309150184733,0.23116298987803835
-7.036222107216457,0.20119002721497253
-7.035040042249721,0.1712215267280077
-7.033825756365991,0.14124711239851376
-7.032561075950397,0.11128397607649737
-7.0311768055479655,0.0813323939085124
-7.029536407251271,0.05138540976705372
-7.027951563840411,0.02142466883368591
-7.026661410804162,-0.002533466663055301
-7.025114453930529,-0.03249210913490722
-7.02362214353898,-0.062453680425390616
-7.022266115430939,-0.09242627899722257
-7.020987411181318,-0.12239504467949584
-7.0196073488461295,-0.1523465945028968
-7.018041886140495,-0.18229521988942918
-7.016306424580074,-0.2122284995826565
-7.014060701937339,-0.24209909846592623
-7.01116468138758,-0.27191162938705055
-7.00706521032786,-0.3015192743895912
-7.001204709493025,-0.33080126669889554
-6.993179354171861,-0.35954850789273707
-6.98506170337178,-0.38197328842385103
-6.972149710099188,-0.40875948259886086
-6.955422640038434,-0.43324367108336614
-6.934659200009219,-0.45435081957982393
-6.9103929246141975,-0.4713694208246705
-6.883803104392263,-0.4847727895310125
-6.8561303442935815,-0.49614938604963427
-6.828250787800962,-0.507369178997803
-6.801642535298206,-0.5199898208372872
-6.783100025310053,-0.5312023021033091
-6.7685044055537675,-0.5425551632964406
-6.751971537916935,-0.5585077445373975
-6.739376569451252,-0.572077133375793
-6.723666033166381,-0.588904404669044
-6.705570391792796,-0.6058635386721589
-6.682219183155102,-0.6237945304910558
-6.657228464863069,-0.6399035390358654
-6.631087241533984,-0.6542267709241488
-6.606858968312658,-0.6661515295874042
-6.5890378250622,-0.6740838369274598
-6.575823565380942,-0.679692609086267
-6.566067933281883,-0.6840888056269431
-6.5589158771143845,-0.6878813925288993
-6.55482835568483,-0.6904109764288168
-6.5472118270904875,-0.6956656423241167
-6.5325077531023,-0.7066108723577943
-6.511671948885764,-0.7231267394229544
-6.48889953897388,-0.7417403841824457
-6.466907713972927,-0.7605893076270794
-6.44565152440316,-0.7801844173251617
-6.424829338434011,-0.8006908129982891
-6.408995418552345,-0.8169955171353632
-6.389753484499651,-0.8374581088678378
-6.370811091612304,-0.8581617678846821
-6.352170204702065,-0.8788573074603409
-6.333625198747725,-0.8995352181940153
-6.314861470933116,-0.920380059455401
-6.295622712036628,-0.9413677293112356
-6.276077852350838,-0.9620594715992963
-6.256624306906044,-0.9819218732563139
-6.237277277159703,-1.0012305278396951
-6.21932243936972,-1.0189152434647588
-6.204837548975935,-1.0329274521421457
-6.1859836503543715,-1.0507370266048073
-6.166388617964735,-1.0686330862300402
-6.146031651512438,-1.0864595792644307
-6.124918959556404,-1.1040322174346995
-6.103173385292085,-1.1210736678715505
-6.080734000639343,-1.1374485715619478
-6.0574913469583676,-1.1531043946257595
-6.033476713921029,-1.167945327495519
-6.0096647196101305,-1.18146048961103
-5.98395936470508,-1.1947948552747096
-5.9573758707245865,-1.2070907566949334
-5.93555428305426,-1.2161569557220988
-5.907684932427066,-1.2264432094607767
-5.879454238989595,-1.2357813239888875
-5.8512598746362565,-1.2458557765817582
-5.823762424054819,-1.257659121834447
-5.796484011963694,-1.2696365195419161
-5.768617076283624,-1.280238630684526
-5.740246289014183,-1.2892877798022864
-5.711736945383611,-1.2982696380222707
-5.684130491268696,-1.3089479378452027
-5.657754360200836,-1.3214292258874967
-5.636838519525356,-1.3315877259511626
-5.61023627627085,-1.343163360398801
-5.58326555627097,-1.3541899435262892
-5.556395718903978,-1.366528951408667
-5.52978469652047,-1.380078729855798
-5.5029754700451825,-1.3929401241349721
-5.475471682898183,-1.40467899315486
-5.448025611777989,-1.4168737900337443
-5.42156075430621,-1.4311997450009588
-5.3962441192772115,-1.4473163569475511
-5.3715588370560665,-1.4643458426929634
-5.352067054813099,-1.4783376075259318
-5.327889520171521,-1.4960056397709505
-5.303698332997845,-1.5136837139563895
-5.279694653957931,-1.5317120271294682
-5.256165386408286,-1.5503507962787242
-5.232875604573507,-1.5692247558354124
-5.209618762160166,-1.5881401919904035
-5.186437086314427,-1.6071276406303618
-5.162835808660524,-1.6253815334456476
-5.13771685989681,-1.641209024357107
-5.110636270302986,-1.6534533332970605
-5.082453641716397,-1.6633394979451726
-5.05371956955693,-1.671620500785576
-5.030475520617431,-1.6773532714206816
-5.001190839930634,-1.683511958388424
-4.971700550468324,-1.6888300271847898
-4.942122400547303,-1.6936514209630953
-4.912463304586105,-1.6981685985615331
-4.8828484014597775,-1.70301473322978
-4.85324156444445,-1.7073859483549647
-4.823490332829388,-1.7104572799942417
-4.79363326072629,-1.712028029695757
-4.763767605940542,-1.7118117808171753
-4.7340283670178955,-1.7093866395905282
-4.704768348449855,-1.704085225101977
-4.676792344087177,-1.694323651728653
-4.650950077094536,-1.679807182964921
-4.632103832719773,-1.665320369533543
-4.610295734165197,-1.6449545832912604
-4.589256192899281,-1.6236013733727934
-4.567997621842122,-1.6031480850695066
-4.546354092262651,-1.584745575588032
-4.524529916026879,-1.5671520346951084
-4.501861470954723,-1.5493979902104735
-4.478111705015065,-1.5318307866682381
-4.4545523072598545,-1.5142447766327765
-4.43213644218637,-1.4972125260141944
-4.40831264069873,-1.480975106984073
-4.387831188298698,-1.4690423608294378
-4.361777113124118,-1.4548619164379768
-4.335251252803451,-1.4408992534392078
-4.308246968505923,-1.4277796286434805
-4.280846193456103,-1.4155214742546216
-4.253078746229898,-1.404009470310489
-4.22476215439718,-1.3938297220393667
-4.195955149986504,-1.3850664383708435
-4.166379642106367,-1.378956879656599
-4.136381026135522,-1.3759743943694838
-4.11229262698475,-1.3752186081158828
-4.082163710866563,-1.3761333424697355
-4.0522304319985505,-1.3793871789880472
-4.022524633813736,-1.3837145898717444
-3.9928570822710703,-1.388070967792033
-3.963158551096978,-1.3920140381505852
-3.9333890577225676,-1.3948942357066758
-3.9034915048404466,-1.3965996914543273
-3.873569173337859,-1.397449395674566
-3.8436681796463454,-1.3970524468322338
-3.813843205248288,-1.3949667740342104
-3.784018092137671,-1.3919238490770147
-3.7541500370316156,-1.388942700114103
-3.7242320264317685,-1.3863464201166826
-3.7002875929788948,-1.3845410136452032
-3.6702775872199602,-1.3827896244523374
-3.6401900096253366,-1.3824272730009601
-3.610115677390721,-1.383493842048179
-3.5801105406089566,-1.3864138976407416
-3.5505254189864632,-1.3926076584013545
-3.522132639848124,-1.4029878723107918
-3.4951051287268617,-1.4162682605500125
-3.468721753468792,-1.4305719799579273
-3.4477581202616108,-1.4422536071075898
-3.4216005565284506,-1.4567891068723349
-3.394727965326488,-1.4697737743697101
-3.36696197137458,-1.4807720411755965
-3.3385204489127838,-1.4899612762227497
-3.309662088403373,-1.4979467453805497
-3.280656346050938,-1.505807460237502
-3.2520812155246364,-1.5154924080699885
-3.2260048394274707,-1.5282461610060833
-3.2051102803379994,-1.5434777053689888
-3.186009251682405,-1.5626738492662149
-3.168884107138653,-1.583504058035412
-3.152373066669521,-1.6046624654679147
-3.135042187216446,-1.6249721590233157
-3.119730758373089,-1.6397205421066459
-3.096266800064574,-1.6563069626889968
-3.069632894482168,-1.6686703524614086
-3.0434868900247913,-1.676590669300603
-3.024768924142852,-1.6804807572931653
-3.0031476414273417,-1.6839202367631898
-2.9849709298892155,-1.6866238018666957
-2.9691749803163705,-1.6896016203213844
-2.955193997726117,-1.6935698630717744
-2.942913513497623,-1.698707762386881
-2.9315804186478314,-1.7050337371522868
-2.9231414404248266,-1.711045145806803
-2.9135070191658934,-1.718702270942106
-2.9017180018663136,-1.7279985721188964
-2.887404741572173,-1.7383059854685028
-2.8700830088637623,-1.7492075928606965
-2.8544361991300233,-1.757788460760507
-2.840835091069874,-1.764780712445187
-2.830982314861554,-1.7701159120182652
-2.823312207462065,-1.774417980032062
-2.8109767826538903,-1.7808232476139367
-2.7985066943309103,-1.7865717439653568
-2.7897695395546966,-1.7900366513509007
-2.7861399020738093,-1.7913329238542655
-2.787236513605859,-1.7909525822988899
-2.78665543070572,-1.7911565847967035
-2.784123192180809,-1.7920919008611411
-2.7819937051527726,-1.7929803984334292
-2.7758365849110014,-1.7959697390847689
-2.767846762575867,-1.8007570403729871
-2.761864257834116,-1.8050697425106945
-2.760184635447588,-1.8063717490564886
-2.765123020581855,-1.8016235987960048
-2.7744158789272206,-1.7918244219383244
-2.785528664846489,-1.7794995344427889
-2.7973628390896885,-1.766147042748392
-2.8123288876451578,-1.7488591309589034
-2.8224115652650865,-1.7365210245162215
-2.8260236361879403,-1.731820568186916
-2.8236777020514503,-1.7351517472688318
-2.815911181665923,-1.7468841521785743
-2.804062851491752,-1.7659309587100198
-2.7892108470683254,-1.790312140690596
-2.7735603613345794,-1.815866226334109
-2.7579780857115854,-1.8414502990500687
-2.742519824967892,-1.8669876691758438
-2.7271608844168886,-1.892442764670933
-2.7148823337939545,-1.9127970151393159
-2.6994566692070308,-1.9383036023978255
-2.6839241198132573,-1.963783321249079
-2.6682961373346576,-1.9892079304666694
-2.652470987414296,-2.014526524025769
-2.636441174497721,-2.039610344285849
-2.6200797454261475,-2.0644286525593203
-2.6033142736614305,-2.089153159944353
-2.5862629292362724,-2.113698252128345
-2.5689546507805403,-2.1381152058511086
-2.5549226818247277,-2.157540838929786
-2.53706548280106,-2.1815697279832933
-2.518601632664519,-2.205101447170359
-2.499339114983328,-2.2279725053521533
-2.479251435356141,-2.2501034577036028
-2.4583678868419003,-2.271516974527415
-2.436824574683473,-2.292301798472982
-2.4147769710899727,-2.3125706489511777
-2.3923075289240536,-2.3323586722565874
-2.3694495747749884,-2.351641025302344
-2.3461660437665253,-2.3703762346080657
-2.327186037423347,-2.3849573326583915
-2.3030125705443454,-2.4025839540000344
-2.278320979722902,-2.419491690229379
-2.253182318612697,-2.4357422571625347
-2.2277185598495253,-2.4515087045816513
-2.2020859400772785,-2.4670077600886007
-2.1762950889349844,-2.482232201910731
-2.1503789372817668,-2.4972903404159426
-2.1244630070985853,-2.512380544885061
-2.0985249429880297,-2.5274075668085603
-2.072417033596678,-2.542136151978255
-2.0514715393565033,-2.5538595898003407
-2.025369842804309,-2.568661525262026
-1.9993283790616643,-2.5835445556906422
-1.9731872473460894,-2.5982102446363817
-1.9469303949754355,-2.612711275251091
-1.9206810396040856,-2.6272502522079137
-1.8944925833169137,-2.6418932147174248
-1.8683331259221014,-2.656562699228006
-1.8420893871674493,-2.6710988170900176
-1.815870928174112,-2.6856853309735857
-1.789713511120785,-2.7004132436382116
-1.7688462993569605,-2.712198717036858
-1.7422050155695321,-2.7257091921511107
-1.7147563529262224,-2.7375498360778825
-1.6867689082341142,-2.7481450193834656
-1.658418148638357,-2.757767830661661
-1.6297812293005334,-2.7665089928356528
-1.6008969457001516,-2.7744213754361255
-1.5718120092589614,-2.7815618213025157
-1.5425578654555607,-2.7879277672151335
-1.51308920502341,-2.793004372851939
-1.4834121130446614,-2.796660966866738
-1.4535997123193773,-2.798483285184481
-1.4237338097240502,-2.7983178067093553
-1.3939853202947508,-2.7959468734213084
-1.3645247456352525,-2.7911681944216675
-1.3353071065221171,-2.784665199038142
-1.3063696281330148,-2.777077489574363
-1.2776924956819202,-2.7684190482612117
-1.254938237083421,-2.760943717982231
-1.2268971824043324,-2.750557075529546
-1.1991280814196847,-2.739240297003274
-1.171332427717763,-2.727936165718569
-1.1433374022850176,-2.717030223449536
-1.1153170697169488,-2.706332524971142
-1.087229598888191,-2.6957230398180028
-1.0589748031568342,-2.6855840488344778
-1.030764395806669,-2.675423353812468
-1.008204012457536,-2.667219461678225
-0.9743419641585519,-2.654955948220618
-0.9516771822574228,-2.647042849423519
-0.923412874300517,-2.6370324361642843
-0.8952402139248148,-2.6268029161904605
-0.8671592623079905,-2.6163073212438483
-0.8391465927048428,-2.6055502642541675
-0.8110368062938148,-2.5950303909129784
-0.7829254713808492,-2.5845317362951628
-0.754723943208296,-2.5742432720705346
-0.7265891306821453,-2.563890170101565
-0.704110419981919,-2.555453778574994
-0.6756842764171481,-2.545653431176483
-0.6471656346453445,-2.5363407946466014
-0.6188472812693457,-2.5265910820303334
-0.5907295441355265,-2.516257481622134
-0.56271519708658,-2.505517949930147
-0.5345795066659293,-2.495037448591912
-0.5064448946313557,-2.4846289083423496
-0.47829362761147476,-2.474264153845343
-0.4501759177417519,-2.4638316435220537
-0.42204534956757084,-2.453395074613511
-0.3938812007782819,-2.4430342634482494
-0.365648849603954,-2.4328789708331744
-0.3431320919341355,-2.4246079453730016
-0.3151029413867267,-2.4139856131239914
-0.28707172965129907,-2.4032157344779694
-0.2584521149999111,-2.3937350413858347
-0.22884547668030744,-2.3875793529832263
-0.19864820593190605,-2.38579724704847
-0.16851878973222242,-2.3883121568298797
-0.13898293884665433,-2.39443785987113
-0.10997926927705275,-2.4022765185209742
-0.08105841117390476,-2.4101946352044528
-0.05204305124803956,-2.4176175235088384
-0.0228275860424883,-2.4241450136574096
0.006566974284088307,-2.430123094212079
0.03595952634437986,-2.4358497728694792
0.06554835597688058,-2.440664838234862
0.09513610753002091,-2.4457556331763257
0.11877137065679798,-2.449836173542988
0.14835800393754878,-2.4545559045507424
0.17803331097825945,-2.4583628731862794
0.20784512206369152,-2.4607002138166187
0.2377571630926359,-2.4616837978316943
0.26772225016920187,-2.4618905475238635
0.2977186615274835,-2.461811818690822
0.3277191217623853,-2.4618366560220037
0.35768564985436346,-2.46152264216212
0.3876668667663966,-2.46088845815429
0.41760327472867653,-2.459834797835853
0.4415127628477298,-2.4583903354684047
0.4713655081010368,-2.4557998361380777
0.5012195494148078,-2.4529729929683604
0.5310819848050775,-2.45005426259943
0.5609540014368045,-2.4472704712437032
0.5907791471094399,-2.444299382672132
0.6206100296427204,-2.441076073913381
0.6504404507926701,-2.437888640917927
0.6803698071808744,-2.435153156692843
0.7103297104211859,-2.433121665488024
0.7402967739448524,-2.4314607806736364
0.770232676889362,-2.4297685626137175
0.8001206138189332,-2.42767877968482
0.8299316211681763,-2.424830360651883
0.8596782119352611,-2.4212429295199134
0.8893446198885169,-2.4170489259273227
0.9129849604839995,-2.413211942110672
0.9423957676338671,-2.4075658386536274
0.9716647247111573,-2.4011948716348277
1.0007918537431613,-2.3941784575925387
1.0297822668580388,-2.3865937483316904
1.0586225898479775,-2.378459138638935
1.0872313517641843,-2.3696158898158157
1.115665737901459,-2.3601785644712456
1.1438997758122091,-2.350155343718598
1.1662658688547658,-2.3415849956329153
1.1939349764741651,-2.3301317923709775
1.2212788664937608,-2.317916112234595
1.2483069617519789,-2.3050077061115006
1.2750215414093915,-2.291453302704661
1.301444731083955,-2.277327274672952
1.327603130067448,-2.262708523478578
1.3535032720236364,-2.247635490535376
1.3791363486367085,-2.232113651616683
1.3994426376700997,-2.219371121274906
1.424577543350322,-2.20305240999793
1.4494297963148572,-2.1863076715794634
1.4740000614877724,-2.1691347963391157
1.4984526584981284,-2.151768708273061
1.522945713482632,-2.134399296242009
1.5477882101454854,-2.1175215597036625
1.5679292616020122,-2.104399351066977
1.5934864828110096,-2.088591484198828
1.6194951473088703,-2.0735266929289184
1.6459995289774432,-2.0593343730997224
1.6730316156817016,-2.0461494924684174
1.700599883292984,-2.0341260295123798
1.7286544495538383,-2.0232560939118893
1.757362822170722,-2.014167450816192
1.7862243699078115,-2.0060187924064863
1.8146212826797394,-1.996813090860922
1.8418682931166739,-1.9848105313372444
1.8629342836385345,-1.973504649429462
1.8884738703119384,-1.958004062292027
1.9127462094650305,-1.9406954295707604
1.9349500296821465,-1.9208798060786159
1.9544999115786366,-1.8985064001990615
1.9710298168586275,-1.8737163115968372
1.9859067863298434,-1.8477516217509147
1.9996381213984533,-1.8211907223419541
2.011863672425412,-1.7939409904967218
2.022005790333626,-1.7658712887419858
2.029975687775811,-1.7370855123741349
2.0356143062244643,-1.7137617203441524
2.0430120223790245,-1.6858519654844704
2.0516576871772205,-1.6590865610636805
2.0624416110849992,-1.633102469077795
2.0740917566110095,-1.6088848772662143
2.083641311137474,-1.59014519162957
2.090699127742923,-1.5762281611280924
2.0956663415800922,-1.5657875221457576
2.0986108222108864,-1.559518790319918
2.1006797942881574,-1.5550600579724092
2.1000705388464196,-1.556441217810015
2.0993408277149737,-1.5582679519001439
2.0986899681842637,-1.5600908746437425
2.098230140299037,-1.5615936700709832
2.0978968025961424,-1.5627520073986623
2.09834269051569,-1.5611423713347925
2.099781939196062,-1.5561695221468084
2.1014540368622883,-1.5504989069917936
2.1028933660521645,-1.5448614444093889
2.103746770434007,-1.5402798120642662
2.1046662724419773,-1.534407657045795
2.1058014095485578,-1.528441438657036
2.1070391549855527,-1.52405126795423
2.1067259399220695,-1.5246656809311554
2.1058382960091433,-1.5264664551083225
2.1042150509632815,-1.5298272361470433
2.1016878954061298,-1.5357709214523871
2.0977894771936048,-1.5471479135082091
2.09575910872725,-1.555014867872499
2.0943052084473357,-1.5612487918570777
2.093479101853546,-1.564508264704257
2.0935661644106336,-1.5642146702371267
2.0943536580414746,-1.5621342533041562
2.096512591389653,-1.5572524313908604
2.097795288842121,-1.5547025757446147
2.098734420113686,-1.5529764788995704
2.0981925161665185,-1.5540960148562035
2.0954892371664866,-1.5604524782673839
2.091908748722208,-1.5718321065395073
2.0891943706812075,-1.5835049661520686
2.087624009403105,-1.5916499989159554
2.0874981022264376,-1.5923240871110809
2.0877520474855396,-1.591077251988809
2.0891918615970426,-1.5860324757319884
2.0931713338915774,-1.5750231865047328
2.0979074886381732,-1.5636041323818288
2.1023919115232776,-1.55289031624765
2.104994025283704,-1.545818057452955
2.1065609468354176,-1.5402493656764382
2.107835000979893,-1.534501629674196
2.1091893193401736,-1.5286379115002322
2.110738503180235,-1.5235179432566206
2.112827258301077,-1.5182757678583003
2.1146773728585755,-1.5143593639899098
2.114965795325833,-1.5137793119203966
2.1131926753726007,-1.5177308120329702
2.109274582004997,-1.5271931732338413
2.1051599413765447,-1.5382838651075312
2.101456381076187,-1.5490785358193115
2.098312566034337,-1.5582816955609924
2.0949596724065045,-1.567418284915636
2.0916609001668593,-1.575273488198941
2.087802367146397,-1.5833001010625671
2.083865822804149,-1.5913737238387053
2.0805469497679328,-1.5983790901581145
2.0775308120344973,-1.604632342187649
2.0745925450374916,-1.6110252920230126
2.0732819014383974,-1.6141793195615528
2.07400271210985,-1.6123228888501906
2.075038035781438,-1.609691111739989
2.0767380743166868,-1.6054081482342621
2.0792558055729287,-1.5996783855876475
2.080534613248269,-1.5972061682571495
2.0806844591013975,-1.596942295875693
2.0793293806364477,-1.5995307823188836
2.076269693944826,-1.605987879886665
2.0732881891079957,-1.6124534014218084
2.0720821199850583,-1.6152839079840946
2.072823953963298,-1.6134351553157698
2.0742357253837542,-1.609852234365021
2.075631040014024,-1.6061910429909976
2.0769650184899637,-1.6025266221925507
2.078219505521707,-1.5988168172637212
2.0798635677880717,-1.5939949369658561
2.0817294398783632,-1.5886150375805996
2.084047668365497,-1.581394157162668
2.0864585556141475,-1.57347433733412
2.08909590050045,-1.5657560965955597
2.0927112579649974,-1.5560055007911449
2.0965729431385287,-1.5463448204570276
2.099507402874976,-1.5391139037630348
2.1009559042675643,-1.5355586173033482
2.102051212049969,-1.5329962045792043
2.10310960745015,-1.5304377508663227
2.1034843531552325,-1.5294592600166517
2.1037439454149616,-1.5286656903569642
2.1039982978125256,-1.5278085650689035
2.10421153379357,-1.5270213818515919
2.1046220471617665,-1.5249107725389444
2.1051118649134866,-1.521848984080485
2.1057124407649317,-1.518674184518841
2.105954338657417,-1.517664332533674
2.1056826109384525,-1.5183563989710123
2.1044164662340283,-1.521190594249383
2.101375159968588,-1.527617780605792
2.0977653059151264,-1.5357734945512522
2.0934760767716187,-1.5479039313240182
2.0903133192951424,-1.559418436565946
2.087949355965183,-1.569303488103769
2.0868554383840876,-1.573610649483024
2.0870181230485465,-1.5730542298364314
2.087258179606737,-1.5724165987758099
2.0863667901053424,-1.5740781357194067
2.0835521398173285,-1.5787306107925503
2.0795494022899375,-1.5851212832503971
2.0735261608515883,-1.5949715297477114
2.0677552634117022,-1.6050874063926084
2.0629093307716997,-1.6157790078136764
2.060546581562026,-1.6231597172615166
2.0603414378902847,-1.624044416147683
2.0604201759265033,-1.623451651482016
2.0605429962380772,-1.6223809117785095
2.0603916523727155,-1.6232108882604306
2.060027230009036,-1.6248164032753487
2.060078095614133,-1.6246330920745176
2.0613439520744103,-1.6201434651167101
2.0633357277945907,-1.6135133044312544
2.065490261778356,-1.6065876521669051
2.0673812709336987,-1.5996796982535304
2.068876556903093,-1.5926365117258832
2.0703645596604794,-1.5854562369553935
2.072719104618045,-1.576913079330092
2.07699038146992,-1.5653479783541178
2.0827683720841432,-1.5534746534757478
2.0872194575111864,-1.546038895860355
2.0909446288559503,-1.5404284181144943
2.09210745921788,-1.5387782630462083
2.0930793592237853,-1.5374651920665419
2.09397874855097,-1.5362609006835468
2.0936348034914594,-1.536783744814765
2.0922044031927456,-1.5389103906395327
2.08916999341018,-1.5437380535780605
2.0848596690165513,-1.5516983480372692
2.079951149560253,-1.5637342389607156
2.076144236941904,-1.5763815698412762
2.0748375512408694,-1.5829889649412707
2.0746233140154478,-1.5853351144802221
2.0744677916128897,-1.5881580599123788
2.0741417278775813,-1.592058928138156
2.073512419288063,-1.5968395759002498
2.07280996878514,-1.6002835814926115
2.074012956556332,-1.596777478602227
2.0780439473119556,-1.5877935549911915
2.081051329978463,-1.5822871233148637
2.0842545556526355,-1.5769576087259356
2.0852418675758804,-1.575326591649519
2.0835098691361598,-1.578544059386697
2.080738114260788,-1.5847978610331328
2.0781782600721703,-1.5930383872288074
2.077027572400817,-1.5985965889134122
2.076573114678333,-1.601845661558334
2.076106717238065,-1.6049717514074824
2.0754347872903733,-1.6084847484574512
2.0745902886913385,-1.6125296389620283
2.0739301488413906,-1.6153277226422813
2.0748362482728098,-1.6123610249453753
2.076666159819602,-1.6068002050765864
2.0788995245279343,-1.600389282781779
2.0812052002281636,-1.594010052964951
2.083084337325349,-1.588803079711537
2.082771372241902,-1.589788168986166
2.0821776759743855,-1.5918034302915036
2.0830594091542505,-1.588439491772787
2.0849964545378317,-1.5796234047549207
2.087285840260107,-1.5680607492555314
2.0899619064918418,-1.556865890048772
2.093311286558686,-1.5465172830383294
2.0975530525181463,-1.5358382662839987
2.0999686379336344,-1.5307433881162142
2.100603820737673,-1.5295724777560065
2.0990681595786453,-1.5321872669307537
2.096887740879343,-1.5361449444703188
2.0933045056173016,-1.5439975932028274
2.088761348646782,-1.5576054819950709
2.0855129647504,-1.5718592079676816
2.08329192436818,-1.5845166192444278
2.081723920807206,-1.5933429020115826
2.080156124143431,-1.600379511448924
2.0788172585462967,-1.6046237969054278
2.07888827016521,-1.6044721281676761
2.0786621048719613,-1.6049122408020922
2.0778951342864693,-1.6064285129267841
2.0761950803332523,-1.6100091438342758
2.0748881338582557,-1.6131180730259917
2.074903258041576,-1.613072879162481
2.0751314926952005,-1.6124494358275685
2.0759492928082537,-1.6099237067122132
2.0773383784433905,-1.605492631096786
2.079385086603593,-1.598512399691908
2.0811761125971926,-1.59126147201628
2.0824514173578086,-1.5853737044124472
2.0841715249766253,-1.5775643818866403
2.0870192615443486,-1.5659190090409634
2.090736564509913,-1.5508516427277033
2.094140762730752,-1.5347177250836173
2.0966564803716783,-1.5221472522880894
2.0992504518764212,-1.5115397877167496
2.1008082372677914,-1.5067169922366672
2.1012341458283306,-1.5057163053306364
2.101764579125074,-1.5045954387116909
2.1009793319672503,-1.5064554597635693
2.098056961682038,-1.5142852600489345
2.0943055168644715,-1.5269660109920107
2.0913088055510607,-1.539020824458889
2.089453148573967,-1.5462395273303178
2.08881768981067,-1.548370843999406
2.0874040002071803,-1.5521142513110682
2.0853573532418745,-1.5568412375378073
2.0828483623981935,-1.5621359497185772
2.079486745627116,-1.5685837299379473
2.075877001418429,-1.5752448823646905
2.070587796855995,-1.5857568788854766
2.0657989754676254,-1.596950292085978
2.063201617615606,-1.6041851149563267
2.0631654140498465,-1.604232620265152
2.0643361475439903,-1.5999706540197083
2.066723832390761,-1.5918266983008096
2.0702522735659277,-1.581513959682018
2.074201371929024,-1.5708335385740546
2.0779948064006732,-1.5600798718907067
2.0819677613050884,-1.549343278971112
2.0862162605603074,-1.5387162246100967
2.090407411513009,-1.5285561461719641
2.092409490204175,-1.5234491713570402
2.093046996004129,-1.5217333884927096
2.0933826718568276,-1.5207360216019508
2.093656394364352,-1.5197630594270628
2.094038354148603,-1.5179605079369178
2.0946433073248447,-1.5148587532936388
2.09532885481565,-1.512005786738289
2.0957980945222556,-1.5106064719047083
2.095646751663657,-1.5109479648679072
2.0945330424135435,-1.513418886490698
2.0931543612273944,-1.5165616445240828
2.0914379754606927,-1.5209178957882339
2.088982491808294,-1.5279525268085354
2.087599283561904,-1.5324232447913049
2.0867610591931745,-1.5352660956410342
2.086494374526581,-1.5360945606129515
2.08658526457216,-1.5358321889480528
2.0861781906148056,-1.536730607149022
2.085517660983808,-1.5382349334956826
2.084283911677077,-1.5412720525329893
2.0833909940105655,-1.543755479588368
2.082447539329265,-1.5469336252686714
2.0821545684170752,-1.5481586347562155
2.0818832079035063,-1.5492554036414936
2.081686529155734,-1.5498760197194454
2.0820120206034294,-1.549052969406856
2.0823372941546503,-1.5483492915550416
2.0826305012018436,-1.547694466855768
2.0828547010078564,-1.5471730646393291
2.0831146005824466,-1.546509198118158
2.082681597029375,-1.5476787944535508
2.0822409247213485,-1.5488603729342598
2.0818249662463137,-1.5501693526784674
2.0821693981734843,-1.5487503503843978
2.083150541904401,-1.5442762281107454
2.0845178171248078,-1.5384650433039637
2.085919927246733,-1.5327580604605802
2.0870169783327523,-1.5276521086701726
2.08834038250129,-1.520935694892487
2.089786244048756,-1.5148711431969641
2.0908035804981564,-1.5117310460460212
2.091803259083674,-1.509114054448729
2.0924432888745415,-1.5076003845738732
2.0926343027444525,-1.50718570495636
2.09275052185205,-1.506931313138565
2.0929035142308723,-1.5065402461846726
2.093473012156997,-1.5047042131501485
2.09422251254926,-1.5022966051132571
2.0950786091046014,-1.4999186887002798
2.0959532171640007,-1.4976359455535215
2.096793309454981,-1.4953648992559658
2.097584566229087,-1.4930795138889525
2.0983716093666915,-1.4907494100156593
2.0991703905319863,-1.4884107561366762
2.0999320948004168,-1.486259408309092
2.10067276207971,-1.484224783584341
2.1012607534267347,-1.4826301233140542
2.1015943143976177,-1.4817039684673055
2.1018301275969753,-1.48107919908327
2.10202607266481,-1.4805336676514536
2.102378800293103,-1.4792104478292853
2.103134045457476,-1.4759611863120985
2.1039775927507693,-1.47263754171147
2.104890866900502,-1.4698159896909215
2.1046745101248927,-1.4704022749775798
2.104181141783279,-1.471666682484092
2.1032812720044864,-1.4738473158390721
2.101956185009507,-1.4768539730544221
2.0992029580154163,-1.4832365650602681
2.0945175873348445,-1.494919405310335
2.091099743955446,-1.5043804828066347
2.0880269069601596,-1.5136518817724216
2.086157798756912,-1.5194398568252117
2.084670038025884,-1.5236295112126452
2.0830023055671436,-1.5277565868069412
2.081300156932646,-1.5320119261488627
2.079827184707174,-1.53640237027554
2.078791883784906,-1.5400398401374826
2.0787066621433343,-1.5403819228793354
2.078654546471021,-1.5405563124505868
2.0786021688509706,-1.540660334637112
2.079024824287793,-1.5396781124094467
2.079589631647411,-1.538475361740903
2.077438502856933,-1.5430913136546975
2.0739548924813063,-1.5506106672946807
2.0690884131215688,-1.5605177248918543
2.0636750473910697,-1.5716138803683652
2.0575035979538407,-1.5854423899944579
2.0535010527507698,-1.5949671482023664
2.053213411869832,-1.59567243291458
2.054608048119916,-1.592023680107968
2.0562195582527614,-1.5877798676598738
2.057544588809092,-1.5842871081814591
2.0593256402627422,-1.5796150722109614
2.061255994383307,-1.5742589303650694
2.063793158117806,-1.56744584816653
2.067510533088587,-1.5586732124641685
2.0720141031013966,-1.5495006112261258
2.074785718694792,-1.5444325342346539
2.076384784718612,-1.541616632005632
2.0761367674545346,-1.5420981813886505
2.0758409540138927,-1.542702923189674
2.0755619199571718,-1.543361031877951
2.0756344587278215,-1.543167330693197
2.076555628898103,-1.5404578894077277
2.0776510658795853,-1.5368193049276215
2.0789485256854756,-1.5320666057391454
2.0795837595388087,-1.5297922326557658
2.08041329804622,-1.5269322093633972
2.0813823389073365,-1.523875969691614
2.0823369915641723,-1.520878424217681
2.0830413480154206,-1.518423331842291
2.083888014080179,-1.515365262786216
2.0846758725842878,-1.5122756890881486
2.08522167588008,-1.5102669259282995
2.085946932314569,-1.5082221515471483
2.086136879850599,-1.5077871180531834
2.0851479550724283,-1.5096583230765594
2.0835753619282262,-1.5126641867678743
2.0816441990454626,-1.5169088106060349
2.0797683657383494,-1.522101873224241
2.078348431622342,-1.5273534919222653
2.0770859620997917,-1.5324107243366187
2.0759724156326613,-1.5362164471185842
2.074405652145634,-1.5405958325135314
2.0722327592627243,-1.5453064809992345
2.06909561921126,-1.5506300416715628
2.064668170121926,-1.5572475200634888
2.060188820356949,-1.5639881360582553
2.0554554105745417,-1.5723713726692548
2.051308405193736,-1.5817394059081096
2.0476251975226107,-1.5927508641420665
2.046177166976154,-1.5985951897595811
2.0459952178188674,-1.599473206811915
2.0464748362552485,-1.5968509815534353
2.0474232729233277,-1.59259210403708
2.0490962343296206,-1.586281427628953
2.0518314060650575,-1.5765150947260878
2.0553281116499633,-1.5658297759424966
2.0597125825144103,-1.5544745089421512
2.0649631051299338,-1.5432028573424637
2.068972801175097,-1.5354739428072421
2.0719872411382885,-1.5299154891015523
2.0731584054947048,-1.5276934749770763
2.072258314318173,-1.5299056181644768
2.070068574182329,-1.5361852665198608
2.0694500592895517,-1.53831186036347
2.06952117683142,-1.5380265135956812
2.0703835962313906,-1.5349562904667404
2.0721549760204065,-1.5297959266395018
2.0746811261936955,-1.5231543012933126
2.0771440024404115,-1.5172808036765137
2.0787207623090085,-1.5139568301006605
2.079682093186139,-1.5119538414377327
2.0796198101525314,-1.5121231694790709
2.077315438283074,-1.517866342299752
2.0735367847969113,-1.529119142343347
2.071243158982991,-1.5378534999330233
2.0695252028811386,-1.545368707255866
2.0675456528730747,-1.5526932325927232
2.066386823103239,-1.5561139379913609
2.066631017909303,-1.5554998078423379
2.0669302082277237,-1.5547955364366919
2.066626828826215,-1.5553718544047714
2.0653564382309018,-1.557625079269004
2.0635928398060144,-1.5607078585379808
2.061272011401839,-1.5651506901297645
2.057686566352501,-1.5733410900847782
2.0555764592277903,-1.5788992994308464
2.055174399565452,-1.580073880208362
2.056156490459146,-1.57696612348263
2.0577775228530637,-1.5718697396737134
2.0599505620881935,-1.5654838207944721
2.0627585766393803,-1.5579219041098131
2.066029605565469,-1.5499460704923855
2.069433613215837,-1.5420644514991872
2.071777002829131,-1.536719191220152
2.073247704507501,-1.5333215853365578
2.073831917629968,-1.5319096015181268
2.07297834145495,-1.5342558286422256
2.0718226983742123,-1.537772315225477
2.0721019812649932,-1.5368963449496924
2.073042419098687,-1.5339521932667892
2.0740680591616742,-1.5308406519360918
2.076524322646885,-1.5241964487278423
2.078486658485852,-1.5195003512934204
2.0790974556166377,-1.518154610637363
2.079317340661738,-1.5176790118182606
2.079720402471785,-1.5167057039104224
2.079045125807063,-1.5185407820967687
2.0776780518227995,-1.5224895758367296
2.0763527152702945,-1.526492716467594
2.075267510380399,-1.5302668438161882
2.075015104692331,-1.5313132426309404
2.074904717917577,-1.531778393383829
2.0747866422616337,-1.5321368512206806
2.0746301629995254,-1.5325806839777303
2.0744630023445105,-1.5330221016049257
2.0739990369853025,-1.5341146626505597
2.072545041941573,-1.5370376194998676
2.069933396282606,-1.5419279903040068
2.0663011027042466,-1.5489758275129997
2.0624740630397276,-1.5580731551790161
2.0589911105302883,-1.5693773562097995
2.057709305143414,-1.575416501606068
2.057074823353496,-1.579126826351441
2.057400735735716,-1.5772133302439115
2.0582828155652164,-1.5726489540652564
2.060290713520384,-1.5654346130528058
2.0628226138089403,-1.5589591710956547
2.067148155571234,-1.549621870565221
2.0702535299355875,-1.5437638858605913
2.070923520697409,-1.5425759149018
2.070114791555283,-1.5441088588850558
2.068001436156892,-1.5488936720220496
2.064448009018415,-1.55978615456624
2.0615678835163953,-1.5722299533045458
2.060405441714766,-1.578502096522968
2.0604289790945427,-1.5783077956730402
2.0607418563669215,-1.5762397691761978
2.0612902022834825,-1.5735675957972723
2.0625601385423464,-1.5698105118721617
2.066113041410596,-1.5618447055240194
2.0675567309836222,-1.5590975343452083
2.0678676393914137,-1.5585909762156562
2.0674113622901795,-1.559372629558212
2.0654872412452727,-1.5630615724993382
2.0623604088299676,-1.5710299628551911
2.0586182008143967,-1.5854200273455714
2.056905761870061,-1.5956387415741713
2.056443960847393,-1.600583560896345
2.056148636444283,-1.6046738923495978
2.0559222220585927,-1.606685227874763
2.0558730200762345,-1.6070459205077197
2.0558489956476658,-1.607011887561392
2.0562259329041694,-1.6060903973938427
2.0571246986105205,-1.6042138055983366
2.058704047772408,-1.6009739833440597
2.059165224969375,-1.5999666107376302
2.058315637204123,-1.6024634044970625
2.0580977442821884,-1.6033207253812147
2.058019361658306,-1.6036566225374147
2.0586719731558163,-1.6011381030825087
2.060881023153913,-1.5937294430791213
2.0639308378788406,-1.5846117778962565
2.066850768262458,-1.5755301333599852
2.069517389886204,-1.564686475882082
2.0717476954366565,-1.5535398397191256
2.074228120942018,-1.5425590335688157
2.076872703587635,-1.5341291377969086
2.079833067019536,-1.527093331761962
2.081280892155866,-1.5242667247601038
2.08041945055181,-1.5257240464553057
2.078882977902934,-1.52835880078066
2.0759106344611045,-1.5340092309477225
2.0717237115151654,-1.5441060355099256
2.0679753369056204,-1.556568401417633
2.065688467712945,-1.567238068093249
2.063884462481911,-1.5766613918187156
2.061772449246739,-1.5855142985495807
2.059403156171694,-1.5924361683056574
2.0579218273979527,-1.5959379277915826
2.058242447739629,-1.5952675656504758
2.059727105444366,-1.592214283267672
2.060853160476036,-1.5898197211361242
2.062089346512966,-1.5867815545333082
2.0637300910829466,-1.5814995602352355
2.0651297439857808,-1.5757089425495259
2.066556913532648,-1.569791810820915
2.0690956480337093,-1.561223409025338
2.0724017664213807,-1.5515145238030532
2.0755890299244952,-1.5418943196486734
2.078368812521417,-1.5321416957934035
2.080227999498306,-1.5250163718222818
2.08241378494812,-1.5164848861057725
2.084703844078971,-1.5065818860235387
2.0872979601489665,-1.4958015071109256
2.0899177517465355,-1.4874137321623555
2.09094950636468,-1.4848803282317027
2.091373771927898,-1.4839948615697622
2.0912613230337103,-1.4843059056165662
2.087966444026995,-1.492619053374861
2.0829503876623012,-1.5077423855111185
2.078441089257448,-1.5228701672762783
2.0751820629300544,-1.5333900683795818
2.0727974922322794,-1.5399039724177952
2.070966795895066,-1.5439057352244359
2.0676828018474356,-1.549949455670552
2.064222156002351,-1.5560455725577305
2.0609048133617867,-1.5626341320451032
2.058194193366871,-1.56946716692859
2.057647750052362,-1.5709782793736624
2.059002423429357,-1.5663694855652646
2.0617834630011957,-1.5559076432170675
2.0640578366824895,-1.5471429147520164
2.066878958782095,-1.5378007868357804
2.0698647601219338,-1.5289841575837233
2.073117201555287,-1.520232797554659
2.0767087999375495,-1.5115775544101784
2.0801682021763215,-1.504232995458676
2.0818697485065103,-1.5007584196436843
2.081908336725146,-1.500694255570047
2.0810882816938703,-1.5026062728414458
2.077765396075132,-1.5115583094351508
2.0750790393913574,-1.5202984500208219
2.0736021138200673,-1.5264011096624126
2.0725846357929734,-1.5312511193423592
2.07139892677158,-1.5359304784872432
2.0699677438420236,-1.5401477734979125
2.0690662731019,-1.542482082593987
2.068704615009516,-1.5432901898355966
2.0677705596955316,-1.5451911371293598
2.066447652462118,-1.5478834581446073
2.0642310913399187,-1.552953857484323
2.0600774618576385,-1.5646634096282013
2.056947109341182,-1.5762875637527916
2.055480666653447,-1.5830545519394326
2.0555240978994145,-1.5828017866329187
2.056466568780053,-1.5777447292032751
2.0586659690575937,-1.5677403113282873
2.061651863410587,-1.5578547741376125
2.067019111819367,-1.544749199911588
2.0718056246063155,-1.535622291634858
2.077173993816465,-1.5264824404368968
2.0795731507517243,-1.522639300798844
2.0798403352683597,-1.5222274566416862
2.0780147527382224,-1.5257129171221908
2.0742883091731605,-1.534588481228944
2.070636820832537,-1.5466389090883321
2.068818916657969,-1.5560757488295014
2.0674579351291724,-1.5651755918979595
2.066231195149362,-1.5723397160756272
2.064411158469513,-1.5797011553349116
2.0619793329482645,-1.5860940322382753
2.0598348605245547,-1.590518442720983
2.0580617278030346,-1.5937524927016165
2.054616616926966,-1.6000640477545807
2.0518311215263307,-1.6055579512845342
2.0489234889228367,-1.6123254732769885
2.0476409873177164,-1.6160460672455839
2.0479974199306836,-1.6147561234115433
2.049271594516445,-1.609971726360541
2.051835640044375,-1.6010861802823997
2.0549728014279864,-1.5916520331542618
2.0589748269021353,-1.581222977615747
2.0629905665493764,-1.570895822434812
2.066239425127524,-1.5620139542938156
2.0691996978863645,-1.5533914695631177
2.072293417631008,-1.5447977206749586
2.075493034969158,-1.5362372184254833
2.078985816955501,-1.5277175995474754
2.0827986020148,-1.5196586687535139
2.0840683688285147,-1.5170764059610355
2.0835082278900274,-1.518242254621356
2.082156231614806,-1.5212174990474694
2.0810969541182742,-1.5236447536158007
2.0799012557137537,-1.5268801569821309
2.078909389774236,-1.530107002606102
2.0779723351960544,-1.533318565417542
2.0776156502509893,-1.5346310142888167
2.0772984090618056,-1.5359558404176392
2.076993427876731,-1.5371605647494149
2.077849798764805,-1.5344361446390404
2.0794543912210615,-1.5300369347079188
2.0803605166056873,-1.5278280666092374
2.080467971894727,-1.5275709759056595
2.0801673482582337,-1.5281720303818562
2.078949891456862,-1.530642745321875
2.0769128307618265,-1.535098534833749
2.074285328359757,-1.5417785349236606
2.070959275577024,-1.5528032974224593
2.068363160650613,-1.5630332246867285
2.0664268818605227,-1.5704640122460285
2.0653457467212735,-1.573998924384668
2.065433819116192,-1.573748893648089
2.0666144450916843,-1.570278741626135
2.068190161758208,-1.5656278207199954
2.0698191020751833,-1.560497049890291
2.0715463972514754,-1.5549891446961714
2.0735812323380642,-1.5490058324678722
2.0758927347237672,-1.542790157548827
2.078201671191673,-1.5369786340068776
2.0797328810982156,-1.5334518575533969
2.081287443053546,-1.5300812800059784
2.0832169604084947,-1.5259550095389744
2.0850676713752017,-1.5217817391285207
2.0859870571060197,-1.519551473741872
2.0861776312888534,-1.5190775324820762
2.086228646376803,-1.5189203470368662
2.0862765280153233,-1.5187558778866075
2.086302806004757,-1.5186809599132323
2.0863427580633447,-1.5185221974320164
2.0863982992049777,-1.5182314575866247
2.0867327261529693,-1.5171063804556475
2.0875141961877755,-1.5149420156847426
2.0880545524839587,-1.513592174734992
2.0878256876586065,-1.5142014402732207
2.087216771900242,-1.5159417273036302
2.0869887304221737,-1.5166165017201039
2.08719489509666,-1.5159753494509611
2.0874382268192773,-1.5153082346225435
2.087233254868813,-1.5156814852827394
2.0846048688904375,-1.5207474330232533
2.080575315784502,-1.5282953626352689
2.0775546782120995,-1.5345427342296154
2.074632682922527,-1.5424475006937644
2.0730274433433116,-1.5492034548839992
2.0720678218175927,-1.5551521390047238
2.0711376909736003,-1.560974111316392
2.0703810633310784,-1.5644810451239521
2.070188498316984,-1.5650850917205237
2.0711477687648365,-1.5628045233438435
2.0737076263716263,-1.5572961680264221
2.075248348409574,-1.5543745596239196
2.075650146654045,-1.5536635113375896
2.0749211345861363,-1.5550391469065081
2.0724429814710748,-1.5604417647940019
2.069014550650827,-1.5703809466410155
2.0665932356018457,-1.5801634974195857
2.0657157524234373,-1.5848409655372693
2.0657524869192008,-1.5845873541030062
2.0660506161507035,-1.5826459880316235
2.066497501678647,-1.580603300332262
2.067984029278991,-1.5763629765448834
2.070393660057667,-1.5708804367468452
2.0728929903469218,-1.5655368648087453
2.074703581152068,-1.5616200066897818
2.074504667882914,-1.5620355067742462
2.072835114951265,-1.5658591559440955
2.071029488758214,-1.5709226214144196
2.0674233390390726,-1.5845239489627183
2.065278352487889,-1.5955807711079066
2.0647017317119865,-1.599423125054751
2.064923919270406,-1.597556391520435
2.0657932563673875,-1.5909278627356447
2.067813387876194,-1.579882029407482
2.0719676172231996,-1.5638462097179775
2.077966050958883,-1.5476403989352527
2.0831814065752954,-1.5366674925904409
2.088588979686392,-1.5272892197837729
2.092442071085716,-1.5213410269671757
2.0939791074156973,-1.5190270622817117
2.0929610136851915,-1.520724775754951
2.0899716559695647,-1.5264853010662294
2.086403571352097,-1.5356159869812553
2.0853470453128304,-1.5396357479081613
2.0852208787403868,-1.540697506135871
2.085140569297089,-1.5417170043255757
2.0847469869251305,-1.5457716979483815
2.083567933897729,-1.5539529215970065
2.082434499973765,-1.5595678327007416
2.0818431761330176,-1.5618518328909052
2.0832090949091127,-1.5577175857230132
2.085543707230852,-1.551407199930353
2.0881024265245185,-1.5452122924409415
2.0906819385005058,-1.5391041735615063
2.0931924163154383,-1.5330997719245227
2.094688468995989,-1.5294983627903598
2.0954082944958663,-1.5277688400671954
2.0958360669185048,-1.5266635100359853
2.0961790149273782,-1.5256703067565283
2.096597753086838,-1.5239384493965034
2.097033999818677,-1.5215172574435492
2.0975557910147535,-1.518366073240957
2.098262144745855,-1.5151190583475702
2.0982582442048003,-1.5149346625413613
2.096104252811176,-1.5195236020960434
2.092884813703201,-1.5254943320005234
2.089627839565066,-1.5315907747262076
2.085654135380667,-1.5404812810477726
2.0802597630633253,-1.5566294168358144
2.0758392926952576,-1.5753248447455879
2.073822583364801,-1.5873121054810928
2.072933414613446,-1.5944878884365148
2.0722451774571686,-1.5997129696294943
2.0713571742818986,-1.604113040150639
2.0711451578413556,-1.6048507517389667
2.073400956868729,-1.5996406830487366
2.0768569292345544,-1.5929142604658346
2.0781676595779843,-1.5905614304502167
2.0782440476770554,-1.5904373374007421
2.077113016519401,-1.5928295733461646
2.0745537716642994,-1.5997794134222647
2.0728086123396965,-1.6068475203190213
2.071749722802754,-1.6138503657586862
2.0715295910452047,-1.6161370752270985
2.0716910156313535,-1.6137748414885174
2.0720184822015577,-1.6101524260412023
2.071785957824192,-1.6112444137767397
2.0715386283023594,-1.612341937751747
2.0727943986809243,-1.6085299491836502
2.0747659552540254,-1.6030357157671262
2.077260242173439,-1.5962011939709482
2.0792228891447895,-1.5908734909371567
2.079751095952057,-1.5894133889265918
2.0787233970613905,-1.5931408922702883
2.077676304650931,-1.5972630264816625
2.0773880224367205,-1.5982861049134964
2.077895806447066,-1.5965793885893798
2.0791550828772882,-1.5922994222040614
2.0809093947178083,-1.5860433086405026
2.0824667297296253,-1.5801782771153017
2.0849196093648095,-1.569610307621426
2.087422704943421,-1.5586521405282099
2.0900154971117963,-1.549677966813495
2.0927373698618617,-1.5428602193587277
2.095480499635642,-1.5369741690096086
2.097007713878953,-1.5336903236797974
2.0971876746657205,-1.5333372981209887
2.095965057198473,-1.5369839072482474
2.095416666786284,-1.5391271121077084
2.0949391304672402,-1.5411485842095505
2.0947394587625334,-1.5418812258685304
2.0946215608881302,-1.5421290340098097
2.093734446590293,-1.5439933706176396
2.092582188544612,-1.5461480554294653
2.090987759379803,-1.5492013148299966
2.089160383561135,-1.553021072984812
2.087462135195038,-1.5572232738599805
2.0863707559591655,-1.5603864051130838
2.0870808165642694,-1.5576107868848825
2.087977099831976,-1.553522558907206
2.0888947798940785,-1.5497342998231607
2.090701857833128,-1.5437713173966794
2.0932786313808034,-1.5359716289567737
2.0957822298866624,-1.5282200794520544
2.098025298500725,-1.5203961633014904
2.1000434230315603,-1.5125161194160437
2.102120242648378,-1.5031105340069837
2.104433386603972,-1.4932503842004603
2.1075571787455925,-1.4835165079319161
2.1102641356440146,-1.4770957082534433
2.112863492950252,-1.4716358628489912
2.113868296023207,-1.4694895769752594
2.1112140228766987,-1.4761253081881773
2.1077382042220094,-1.4860028402968977
2.103093671394499,-1.5020899940542136
2.0996357425715813,-1.5165060101421581
2.09712931604904,-1.5266813099299932
2.0945379077861475,-1.5352166216653864
2.0916405119701,-1.542395941355444
2.0874806576808864,-1.551276945191841
2.0809247955847288,-1.5636256123788776
2.0729408742751914,-1.5765534492018964
2.0644839509800605,-1.5894910207632187
2.0564242717002386,-1.6011872546986643
2.0531697496103423,-1.605486716095027
2.056183535481835,-1.6019979382402798
2.06465731467084,-1.593074069426739
2.074453817244299,-1.5842037534098876
2.0879906383886286,-1.5739472077632464
2.1006732904489755,-1.565889006509466
2.1129259901119926,-1.5601387368451198
2.1296960342886266,-1.5551603763747694
2.1473603057559263,-1.5523890574447203
2.1579360284885567,-1.5519446436501316
2.1665037397811506,-1.552213334493166
2.1735413073632084,-1.5529290682094479
2.18136697404685,-1.554011927939655
2.190334514844437,-1.5555526114268796
2.200708182476016,-1.5576116199300967
2.209868508899845,-1.5596259538037196
2.2119829900973103,-1.5601343217743626
2.2144484719152024,-1.5607677214333655
2.217658253796025,-1.5616182597871984
2.2197400739234494,-1.562178223216559
2.2202342056953945,-1.5623145448368176
2.2183679371652265,-1.5618471370238298
2.2133522171697058,-1.5607942917977689
2.2071234361566794,-1.559683890143021
2.2024307555571867,-1.5589870983745187
2.194955671037268,-1.5581163912795268
2.187853372845762,-1.5575127781565774
2.185128349505257,-1.5573994159729665
2.1796036544604847,-1.5573165469560453
2.17767431629005,-1.5573618473565072
2.176947325679098,-1.5573884898575445
2.171844567720324,-1.5578449992360455
2.166356559942979,-1.55851570998899
2.157335525892175,-1.559906285698174
2.1495278257799093,-1.5613585106444228
2.1390285938773457,-1.5637225193954212
2.1267512018445744,-1.5672504509763858
2.1181141245120485,-1.5701566799668376
2.1128086676803113,-1.572007895950218
2.1103079365486868,-1.5728892151530331
2.1099669147552884,-1.5730098944646496
2.113073416211212,-1.571935444000274
2.119352638368495,-1.5700305516433162
2.130662990494125,-1.5675862615821679
2.1441948029081854,-1.566093554477028
2.155686349299128,-1.5655979516713738
2.1646865533223507,-1.5654075277884896
2.1723591606694166,-1.5649950014159812
2.174384144817627,-1.5647936277798082
2.1682139372329665,-1.5663653384739604
2.1578313604054116,-1.5700812338162726
2.150944834710337,-1.5733905841568594
2.1448132561418505,-1.5769001831711098
2.1418070043102277,-1.5788032857930685
2.139003077880823,-1.5805616119011894
2.134676139310025,-1.5831211916471384
2.1321611630757435,-1.584491906050375
2.1335973884130994,-1.583835048851555
2.137725711211614,-1.5821884553229262
2.140750505639392,-1.5812790670172958
2.1406331596580896,-1.5813068847662124
2.1418805484067,-1.5809835574611635
2.1454820893341013,-1.5802215111146352
2.1498945524672344,-1.5795752698179943
2.155307815315572,-1.579017143438676
2.1583819802456197,-1.5786743194919135
2.155285349315777,-1.579222579974552
2.1576189873851828,-1.578609783928043
2.159690068988436,-1.577913160579898
2.163309116705624,-1.5764972862228208
2.1684660964227604,-1.574338023195189
2.1751816996675415,-1.5716831699654645
2.1834166836988587,-1.5687688851680857
2.1909788372877386,-1.5664202722693275
2.198516555915735,-1.564331609464279
2.2096630399475723,-1.5616901973534811
2.2185628893671208,-1.5600228956836224
2.2249523809650498,-1.5589774134614987
2.2255119644127404,-1.558887048404966
2.21993821340642,-1.5601383200404417
2.2098864341530073,-1.5630792524471195
2.2005257233755855,-1.5669670290140836
2.1934985809071312,-1.5709468219988636
2.189468769608231,-1.5735352419574362
2.188858863577511,-1.5739526511499717
2.1909662774410363,-1.5725517427465667
2.194116483702472,-1.5705530586779914
2.1949069588907806,-1.5700590705583592
2.1934660250368716,-1.5708799924178813
2.191784092029428,-1.5718009401540556
2.1890124410297367,-1.5732198462838964
2.187333786254694,-1.573987580996974
2.189029033208581,-1.5733691827030747
2.193494006046709,-1.5722031078176801
2.1991833255973763,-1.5712822010040937
2.201249888837364,-1.5710409897732378
2.2009254269758802,-1.5710736491988586
2.1984514731792575,-1.5714230841583587
2.192061349368318,-1.572953795980067
2.1806024655562863,-1.577212374270979
2.1691885050698527,-1.583289036081224
2.1619682549290657,-1.5884138734020405
2.1583346703856687,-1.591396114847475
2.1563123693447395,-1.593184496501791
2.159536574753519,-1.590255670032874
2.163437419268043,-1.5865923530947112
2.1685180263093784,-1.5816346389722937
2.17299629493266,-1.5771563580300998
2.1760109590141825,-1.5741389455473216
2.1764649562856877,-1.573674292338127
2.176356875137861,-1.5738198309482876
2.1739649980859284,-1.5768665658172436
2.1728190120728983,-1.5786176183467864
2.1700710327852044,-1.5838861712555
2.168261139491441,-1.5881676257606598
2.1669331585529594,-1.5915713700272316
2.1653997485408447,-1.5959319151615556
2.1644055867616614,-1.5991819010597086
2.163704053241144,-1.6015697334834098
2.162787189016907,-1.6042643332727584
2.1601407530204493,-1.611048476504836
2.156822866780742,-1.6184629608218581
2.152246741132665,-1.627506730408872
2.1518530195436973,-1.6282588131167584
2.1558060920019075,-1.6220523413311845
2.1617602200650814,-1.6136263974660185
2.166780415654529,-1.6072538622737425
2.1743515514896865,-1.5985388520663804
2.1827353375342344,-1.5900483407177561
2.1961952818029555,-1.5776598273307822
2.2088058807355444,-1.5668925829185953
2.22195370542627,-1.5571086981195146
2.2299264611914755,-1.5522820557143788
2.236997865190991,-1.5489417458652543
2.240239109736252,-1.5478298990098707
2.243393148340297,-1.5470335760637315
2.241499210262532,-1.5472480046385175
2.2414823936974493,-1.5472383580105038
2.237166111770656,-1.547131028820035
2.2287786992924126,-1.546686529892145
2.2226400619221915,-1.5462266404925953
2.208338856707706,-1.5450722446978375
2.188823637251429,-1.543400700087774
2.1759331736474725,-1.5421368243743465
2.171587990110883,-1.5416666368123053
2.165859139024995,-1.5410475816633757
2.1560782929250752,-1.5399989329012407
2.1494586963355324,-1.5393276366438644
2.137888128236087,-1.5383585505667876
2.1251692446520694,-1.5379336687136906
2.1077054324449223,-1.5385417064315532
2.0882410153189896,-1.5409029396678302
2.066708535728801,-1.5457249152129233
2.050235481102713,-1.551194389493336
2.0392170432576644,-1.5556830446352365
2.027082417349105,-1.5608158055193462
2.0204675912163883,-1.563467939962618
2.014692859178878,-1.5653794509059804
2.0150061747446153,-1.5653822519696707
2.0203001579784856,-1.5647340159934087
2.029223227161225,-1.5641176422735905
2.032935785645545,-1.5639840463163242
2.0327324136956686,-1.5639879124370013
2.0315541608977057,-1.5640235608422173
2.026793426873298,-1.5643129771599917
2.0232273669092273,-1.5645884743825342
2.0232514858568424,-1.564589642177553
2.0211737916725614,-1.5648568933876952
2.0243515584755123,-1.564263123304641
2.030832774391616,-1.562867926886257
2.042705378729932,-1.5602448829738897
2.0559536717563422,-1.5578565062121847
2.066903846358162,-1.5565953924896947
2.0730385733821506,-1.5560771334231334
2.0755173059634644,-1.5558799183025624
2.0791852063953304,-1.555554884009628
2.08130505922146,-1.5553434406158069
2.0868298506511467,-1.5546940408433878
2.0908677660910184,-1.5540988389884807
2.0939737241939294,-1.5535493884170581
2.09871657355741,-1.5526957585077725
2.1014925042977275,-1.5522226057619293
2.107050036595552,-1.551325651694225
2.1101767272973504,-1.5507912861869784
2.113781392161827,-1.5501178713781032
2.1134568082272263,-1.5501995062712173
2.108739598902784,-1.5511905975757885
2.101476515232547,-1.5524279752331276
2.0941771905487725,-1.55319381909361
2.0889328712782094,-1.553430520364224
2.0839227752266107,-1.5534877670953608
2.07687543024698,-1.5534050883663653
2.071364911252178,-1.5533866983418778
2.063337463929793,-1.5535824887241994
2.0541423515511563,-1.5540620457180614
2.052139953503109,-1.554209505339952
2.0516803603169635,-1.5542544771815234
2.0505155858804054,-1.5543951448430837
2.0453593061762327,-1.5551339645707365
2.0368569390037203,-1.556533579606564
2.0289238311547995,-1.5581249383381381
2.024211618789826,-1.5590982153189508
2.0254011488342747,-1.558893444333568
2.027201816717769,-1.5585892903262757
2.030285172456432,-1.5580383277929137
2.0378706599461642,-1.5565401832756969
2.0455572711412437,-1.5551273357408506
2.052479766518333,-1.554089590918325
2.0568522166096255,-1.5534668854146139
2.060059699314557,-1.5529130666235433
2.0631477586267737,-1.5523077348790284
2.065435079051635,-1.5518581260947324
2.067861141087601,-1.5514211932253668
2.0666009338663582,-1.5515217195084454
2.060272983175085,-1.5519183935332088
2.054505485704499,-1.5520280331476255
2.048140567405576,-1.5520002592303566
2.038751361409093,-1.551980267248965
2.0292575407954647,-1.5522340500614318
2.0163505565217714,-1.5532242905868172
2.0037269190698965,-1.5551224587829502
1.9936966103766256,-1.5573761392295984
1.9922904595961632,-1.5577929436539926
1.9941328546615638,-1.5571227212652337
1.9980638620668538,-1.555710410795622
2.0051434028670667,-1.5536237715525676
2.019267578944214,-1.5508342229832723
2.03583536233985,-1.5488299858932477
2.0488173351594985,-1.5478792711532887
2.058126380361527,-1.547251056605925
2.062006205484755,-1.5468857156783136
2.0639765971238355,-1.5465998276502009
2.0619844771994633,-1.5472598682631808
2.063013816470783,-1.546723060117897
2.06847566836741,-1.5433368090434043
2.078231841146575,-1.535964934980883
2.0878586939842867,-1.5271678543827367
2.0925914248682584,-1.5219642233758641
2.092000386221449,-1.5229468945365414
2.091503801764368,-1.5238215924736014
2.0924284097519212,-1.5213964746175732
2.092924804371657,-1.5197647940168133
2.093318165813281,-1.517986078688069
2.0934433591244286,-1.5173768746947105
2.0933902465859777,-1.5175348445453773
2.0936671378158924,-1.516441474789264
2.0929295765535505,-1.5193889290380354
2.091836151737296,-1.5238902351103505
2.090753202937056,-1.5284963891428685
2.0898004418683835,-1.5320801932756345
2.0899965347204135,-1.531590323972794
2.0899616652258173,-1.531617688648937
2.0896599749069207,-1.53222162642936
2.087575874243996,-1.5366925117520187
2.0836541157736432,-1.546526090565421
2.07965087049591,-1.559537774006602
2.076999697789624,-1.5704714366273596
2.0759329872555354,-1.575415521704199
2.075139032435328,-1.5788224075007067
2.074376527790616,-1.5812223977269955
2.0744629476300624,-1.5810257560553185
2.0752340408635948,-1.5791280981510174
2.076220553870908,-1.576774190722375
2.077187848129305,-1.5744700359063966
2.078115498663199,-1.5721254439413344
2.07908498522546,-1.5697264256559604
2.0801018054272045,-1.5674427538220475
2.0810386092639908,-1.5654591197165162
2.0811737394744743,-1.5652048982881543
2.0809674281034116,-1.5657025928272723
2.081554608117912,-1.5641108304835343
2.0828484120989628,-1.5597845972793598
2.0846793768983405,-1.5529094238764052
2.0866799555611433,-1.544455080908352
2.088500448299601,-1.535583549102584
2.090509599836617,-1.5265484802835232
2.0928946158385466,-1.5187940539208313
2.0957864904160535,-1.5116908953827832
2.0973576268775824,-1.508410174306637
2.097619269765841,-1.5078945957467964
2.0960001339222463,-1.5111748917255157
2.0930388310314654,-1.5180399358132433
2.088335817747758,-1.5320446330095199
2.084546491594514,-1.547443165764171
2.0816870019407503,-1.5612331102987786
2.0795141705431273,-1.5712597289993453
2.0778893608337543,-1.5772439562252618
2.0771458350850245,-1.5794113852270548
2.0776112076820055,-1.5782768107199878
2.078077035011224,-1.5771691921363753
2.078222083614378,-1.576836604386356
2.077821099908343,-1.5778570903491431
2.076117399883632,-1.5829622504056768
2.0756690696328537,-1.5845106172408778
2.0763942308366663,-1.5813329595457033
2.077616646958832,-1.5761082804215565
2.0797760754808463,-1.568560945902008
2.082484657168587,-1.56013108096507
2.0849285925245282,-1.5531239879171512
2.087943729624999,-1.5443733548522
2.0908883154712123,-1.5356111215770607
2.0939658533054573,-1.5268062072313184
2.0961046683427282,-1.521116475085502
2.0976299624673946,-1.5171030612421286
2.0985405765356577,-1.5145867150960084
2.0993094302430033,-1.5123598390393422
2.0997751599969785,-1.5110108247465912
2.1003216973515895,-1.5093510521793245
2.100809576958034,-1.5077092610585379
2.1013371411993287,-1.505494824213181
2.1018974622791675,-1.5027588429825802
2.1025849375675043,-1.499918936093388
2.1032584961223555,-1.4978668990270416
2.102805651842905,-1.4989019781841206
2.1019127910471287,-1.5008846229919377
2.1001283932723105,-1.5049614653009185
2.0982754300626114,-1.5099582235041709
2.0977652414960204,-1.511557083829634
2.0979818631147897,-1.51076024128408
2.0982547800244395,-1.5098536234762459
2.0983202415597555,-1.5096685062935025
2.0981238554137254,-1.51009249691634
2.0971733988994643,-1.5122108858788708
2.095550009172016,-1.5162502716189419
2.0929036839329083,-1.5237960366356416
2.0912219037644633,-1.5295097252059355
2.090229001726337,-1.5330952264707474
2.0894592005657,-1.535557922437574
2.0892524923164295,-1.5360815372504961
2.087980911869403,-1.5388625988107127
2.086225886166279,-1.5426170036404654
2.08425817711697,-1.5472167746919971
2.0820719898762317,-1.552954184789972
2.0799635910954843,-1.5586738822436237
2.077885594184058,-1.5644191425456275
2.0771041833152823,-1.5666289388212968
2.0769406826970256,-1.5670932811852836
2.0774050636622747,-1.5657274464739903
2.0787233893296024,-1.5616177497361912
2.0804855419818806,-1.555984214664693
2.0826674803301644,-1.549635385411662
2.0850723283703263,-1.5434045387023123
2.086678001458918,-1.5393642080628938
2.087968246927145,-1.5361584021640449
2.089206074593054,-1.5330273851647653
2.090221223567001,-1.5299109592202065
2.09111231749826,-1.5259176685554081
2.0918451688705226,-1.5215598067525737
2.092666892700997,-1.5170856524351448
2.0938822885909363,-1.5125915788865678
2.0948049554457246,-1.5101304881330186
2.0938306875271344,-1.51210610544136
2.09057323355796,-1.518107053718135
2.086732198359477,-1.5251970924026896
2.082591282422205,-1.5340830336705304
2.0770302699608956,-1.5499957326345102
2.0718604174048916,-1.5712373009080076
2.0693641637830926,-1.585856976362635
2.068471621230461,-1.5937791835159374
2.0679197744790567,-1.5996481568234402
2.0671635545038685,-1.6050018876679175
2.0668071155925687,-1.6064931289267432
2.068232538133882,-1.6029485866803415
2.070456858471194,-1.5985374756092827
2.073555191249506,-1.593318863813536
2.075467048307857,-1.5902325274827305
2.075363446656965,-1.5904701211714733
2.0731370543148833,-1.5951395879210382
2.070344084262176,-1.6030774392943201
2.068362439728867,-1.6119099103081458
2.067572769121419,-1.6174575353241163
2.067486242121251,-1.6183301115873456
2.067351300716524,-1.6196053737706606
2.0670319358396316,-1.6222750847951022
2.0663775299088694,-1.6265118364858973
2.065585100967693,-1.6304424961083963
2.0659108093378413,-1.6294709954088777
2.0685780055595977,-1.6221589245633805
2.0733369435491174,-1.6110903587515317
2.0787122176547297,-1.6006672081459201
2.0826669825970514,-1.5935064374286108
2.084332980862268,-1.5904361058097594
2.083563637865042,-1.592171230244062
2.0812733790941276,-1.5978811433161142
2.0807746968935987,-1.599283682442611
2.0826760629687953,-1.5930574975648135
2.0854685237681445,-1.583101386030694
2.088454130229958,-1.5731777923261934
2.0914812318061418,-1.563277659397898
2.094684545292289,-1.5534096845323517
2.097458169792497,-1.5455427737658276
2.100604920512769,-1.5377371797057522
2.102556545551768,-1.5332973232038674
2.1032260650824406,-1.5317417773327273
2.103389498927133,-1.5313177112846101
2.103470547323994,-1.5310833365762548
2.103539472434327,-1.530804244745867
2.1036244455064943,-1.5303957127192698
2.1035179337741345,-1.530647115613085
2.10296559505091,-1.5321134456369365
2.101186062217741,-1.536113514913163
2.097507076172579,-1.5437774330904557
2.092882793078829,-1.5532918649547052
2.0885887902287914,-1.56303889372533
2.0858211757384293,-1.570685637813866
2.0837352706879226,-1.577784502518101
2.082609893894659,-1.5819629216996491
2.082564951908577,-1.5821184835397248
2.083575636299226,-1.5789061432064324
2.0860181531145745,-1.5717770709055736
2.089146596995091,-1.5636649963718146
2.0917969921515964,-1.5572648983545856
2.094932113517712,-1.5496904097218416
2.0968218422237,-1.5446868707269599
2.097122311600086,-1.5437881027142504
2.0972704626698255,-1.543263078446726
2.0979320242629167,-1.5400336260083771
2.0989965794413274,-1.5335391265008251
2.1001678407336417,-1.5269305288311799
2.1012779952303533,-1.5224147463723656
2.1020298991853883,-1.5201402702127194
2.1016606289966093,-1.5209324054611375
2.0996227311704203,-1.524974106872922
2.0968335502566515,-1.5305523978100835
2.0926492172181836,-1.5401051388100113
2.088517610108776,-1.551516249111949
2.0853933289299746,-1.5630535730009139
2.083278111536306,-1.5729795457068612
2.082203005526634,-1.5783073838579125
2.0813148455200143,-1.5820259273915342
2.0819371031551706,-1.580092053404423
2.0845175760248775,-1.573025416638945
2.087051562650915,-1.5668468043686177
2.0900839163134184,-1.560199102591897
2.0924517724750546,-1.5554130922495
2.092146498898963,-1.5560529547020383
2.0902757543025627,-1.5604356931341912
2.0878412293218673,-1.567655543971199
2.0870637863649515,-1.5710937828796665
2.0863669907711295,-1.575322107173658
2.085886147289629,-1.5783329519710052
2.0856029583550497,-1.5796944235801689
2.0854261679903696,-1.580205892791664
2.0854910187465974,-1.580046498505015
2.0858471900594906,-1.5792938544060429
2.084820215982126,-1.5810083797149237
2.0819866756490137,-1.5854744774828742
2.0797326231052438,-1.58916668772362
2.0766888571066513,-1.5951640913532206
2.074043409181286,-1.6022847465858145
2.072872757148592,-1.6071297658073131
2.072649323820675,-1.6084454931699295
2.072728937974547,-1.6079131137183929
2.0722697913514003,-1.6100477217872298
2.071624962402736,-1.612608127887241
2.0728290901490354,-1.608539749059538
2.0745027005847603,-1.6032210629807515
2.077832896034115,-1.593781066958964
2.0816497921954755,-1.584305448880621
2.0848610048895835,-1.5768460505301487
2.085542030266367,-1.5752276736283835
2.0844670506028633,-1.5783056476067208
2.083440965361911,-1.5820083345726046
2.0836414441619606,-1.5810009112888646
2.0846502621270924,-1.5759926571759693
2.08560146964563,-1.5719218319616943
2.0866384133379654,-1.5684690767733767
2.087676274416405,-1.5654094978419175
2.0888149724832252,-1.5619127876167462
2.090142653164979,-1.5577616738251332
2.09224681724064,-1.5517850033416196
2.0943955290557192,-1.5464658220310439
2.096073896929056,-1.542810160978224
2.09601786514374,-1.5429749220762996
2.0952301408925327,-1.5449037638289846
2.094680010975932,-1.5464955193497452
2.094098219253122,-1.548520664345151
2.0936389746221957,-1.550505419040511
2.0931876261555686,-1.5523597896261827
2.092390478648333,-1.5548868018519206
2.0922800078379358,-1.5551871565804283
2.0919939731745765,-1.5558447419974721
2.090848100482978,-1.5583616168900758
2.0891048656120237,-1.5620002225709075
2.087397161785472,-1.5657853149695165
2.085410551278157,-1.5713828313208256
2.084717856026953,-1.574030856465445
2.0845148849703707,-1.5751587710836732
2.0842835520414003,-1.5764529079717204
2.0839471976146235,-1.5778149806529758
2.085271316237515,-1.5739458069456644
2.0881053108014913,-1.5671357607008716
2.091083980128889,-1.560783657960385
2.0925207083387587,-1.5577778573338203
2.0930567435606307,-1.556616642883669
2.0920865825601616,-1.5593192984358581
2.08922667010693,-1.5690387841189815
2.087371359426527,-1.5778433336695648
2.085977233179775,-1.5854498204745242
2.0853218623347725,-1.5886266350749831
2.0850445018413346,-1.5896882504044394
2.0855634830772054,-1.5881317493952267
2.0870757234942032,-1.5839435451771107
2.088650475332737,-1.5796429686800229
2.0901704962789287,-1.5753234973794532
2.092093309143483,-1.5700855035403312
2.094213404902889,-1.5646639158210307
2.0958242628488355,-1.5607562751930124
2.096234579401383,-1.5597584280395609
2.0956095176417255,-1.5615697845698606
2.0949466981360483,-1.563785662808196
2.0947002099914216,-1.5647015582056005
2.095578612011286,-1.5610754770560638
2.096434135332636,-1.5574266368103908
2.0971575667639204,-1.5544938484969892
2.0981141105309455,-1.5508156034942628
2.0998388570914317,-1.5450856341138706
2.102263528323332,-1.5386542195682351
2.102929439559245,-1.537172547819429
2.1021087859931673,-1.5388012049353128
2.100247205828698,-1.542603763943826
2.097159968551892,-1.5500012935797276
2.093096822393437,-1.5628164244463727
2.0900975559850443,-1.5750135078338643
2.08862389903232,-1.5818996495508892
2.0877395163214305,-1.585886831136156
2.08702696415753,-1.5883956068564558
2.0879937714907033,-1.5860288851389384
2.0896998006760286,-1.5823442904422516
2.090668808710244,-1.5803337895886391
2.090810913660179,-1.580050138356554
2.090934327200744,-1.5797989421831455
2.0909990847797757,-1.5795263338922714
2.0917043908148494,-1.5762236063711013
2.0923196497314827,-1.5727690276975412
2.0930833294646036,-1.5692120277968675
2.094323355454962,-1.565246397679633
2.0980461067978013,-1.5562818974174466
2.1012730244680764,-1.5502387627130618
2.1037076789122264,-1.546216271047185
2.1037240743195396,-1.5462055480748895
2.1014668710143756,-1.550217506022644
2.0973733245963158,-1.5587817478835584
2.0926080895579955,-1.5725441518167025
2.089017113146654,-1.5883005842186733
2.087034816085821,-1.60095533807851
2.0862374483090718,-1.6080272443118433
2.0857289648865356,-1.612289751311679
2.0851579311638204,-1.6157719763111649
2.085053907063169,-1.6162005385394858
2.0853324786386125,-1.6153536150355143
2.08667285548823,-1.612016384619344
2.088550753378121,-1.6075932570940374
2.090575498224,-1.6032232529995458
2.09265783814826,-1.5989963246731034
2.093626400039486,-1.596913536538251
2.092948086824459,-1.59884325101108
2.092065866087694,-1.6019927256737296
2.0919102030469174,-1.60274624833229
2.0925021574250215,-1.5994994919856735
2.093985859695146,-1.5922041046777196
2.0956419575970555,-1.5861291039023404
2.0990314307162925,-1.5763123879442782
2.102241119661192,-1.5682678690138339
2.106520524081543,-1.5586777636535194
2.1097797189716387,-1.551842290681778
2.1104420377588897,-1.5504730148663957
2.108508580014733,-1.5549475629396114
2.1056649915432737,-1.5630156855978132
2.102364136594046,-1.5759862421026605
2.0999858937760907,-1.5886383751259763
2.0984383766511314,-1.5971150514441657
2.0981392801825844,-1.5986062986844214
2.098127434513377,-1.5986441742324295
2.098842374732296,-1.59650713446725
2.1003649948741177,-1.5926491448154503
2.10185680718064,-1.58883954205367
2.1032864714509123,-1.5850311302773783
2.104651496340613,-1.5811654259327674
2.106073747029197,-1.5772542529963844
2.1070986247213828,-1.57455500405142
2.106686791129631,-1.5757899628843646
2.1063619809160143,-1.5769062069645867
2.1068034613041235,-1.575233947484984
2.1074517928757075,-1.5727634407289655
2.108931914139068,-1.5673719833393451
2.110390432488082,-1.5619655914634467
2.1118346115245132,-1.555233471112614
2.113046630633529,-1.5480123034260433
2.1144163435824077,-1.5406878293461779
2.115949540038594,-1.5348630188111307
2.118077075482835,-1.528538126481892
2.1197591822141924,-1.5239807302370965
2.121026153496966,-1.5202327988365454
2.122065451333908,-1.5164098377062725
2.1229982822294797,-1.5124764273139841
2.1240509843544992,-1.5084389544865695
2.1243353631584374,-1.5074345705478918
2.122909306321126,-1.510569215184756
2.1195409364645417,-1.5172562890063914
2.115969403110005,-1.5244282683020547
2.1125954967123763,-1.532691337339904
2.110208819575354,-1.5404589466854142
2.1088711619298044,-1.5463310272014186
2.107655667491512,-1.5517255236522953
2.1065193696744897,-1.5556550857783658
2.105739373893716,-1.5576128368157072
2.104799074915215,-1.559586304238811
2.1034185413525464,-1.562358909110946
2.101717462608225,-1.5660301992217969
2.1002233745802177,-1.5698421532096152
2.0990413660005207,-1.5734493181564948
2.0983646614693274,-1.5758498363504834
2.0982579382235773,-1.5762035230703233
2.0990011894912146,-1.5740942379050011
2.099419369000703,-1.5729839381865682
2.1001205372313105,-1.5712668829355363
2.1009082050804326,-1.569546080156783
2.101541224196204,-1.568299586362302
2.1013244216983025,-1.5687572693102598
2.1008873806136434,-1.5698815231596102
2.1000222400615804,-1.5725675199076052
2.099574731974871,-1.5745668412581824
2.0994735041274315,-1.5752914015637336
2.0993824351080224,-1.5758850483381275
2.099271560925935,-1.5763428748681034
2.099547200804077,-1.5756254210639078
2.1001971603085137,-1.5741185543946203
2.099313203660628,-1.5755766804487992
2.097688635642386,-1.5780041718515387
2.098948503476197,-1.5764653762901388
2.101222337550026,-1.5741637025742237
2.1036862210227434,-1.5721817799540838
2.103669844066489,-1.5721541206342375
2.1085239201558745,-1.5701016886304824
2.1223528805314413,-1.5666843020736991
2.1404456574529767,-1.564946889189717
2.157312081285947,-1.5649380680694625
2.1717891278040695,-1.5655234089330692
2.1860247727163227,-1.5662088532774576
2.200240994556526,-1.5668793019065896
2.2104119097703734,-1.5672716917414502
2.224182557436026,-1.5674770721923237
2.2303620788230263,-1.5673763186621668
2.230536977263477,-1.5673655640609188
2.229405710037134,-1.5675297334750327
2.223774645590849,-1.5686439054069676
2.212908202831511,-1.5717727590513029
2.1995653928578536,-1.5776617061246498
2.189469431827725,-1.5839396563513268
2.1797100536201217,-1.5915503861742353
2.1750802620428344,-1.5958642345911962
2.1751504849175216,-1.5957682696610829
2.1789303597181475,-1.5914281817576892
2.1842558892914883,-1.5848998848349554
2.1905403643338706,-1.5765839550629916
2.19533502314849,-1.569846085756088
2.197559279322565,-1.566704030979648
2.1984093164913325,-1.5654284051199778
2.199418376927604,-1.5636607991303477
2.200746754499498,-1.5608376375792492
2.2017400944830463,-1.5582952945657969
2.2024987189560585,-1.555724969684912
2.203119497045211,-1.552335853296381
2.2033142250919324,-1.5496498238367356
2.2033075099188344,-1.5469939303528615
2.2032806605226627,-1.5453813530602794
2.2031958705337136,-1.5480075153386388
2.202725054063216,-1.5538154877248083
2.201761556759449,-1.5607393400846377
2.200339799656424,-1.5671076049729398
2.197541341315437,-1.5749099077856414
2.193616043199728,-1.5826674351752223
2.1902893281044626,-1.5876502259753194
2.187356519575295,-1.5915720556089696
2.184648616122632,-1.5950504511840289
2.1816995205230616,-1.5987286076003775
2.1825408524583483,-1.5977281475564706
2.186391105288729,-1.593426405895664
2.190855165633888,-1.5890976127639345
2.192858273814777,-1.5874051705976142
2.19255491941909,-1.5875594459943787
2.1919063456700427,-1.587810042827816
2.189030894917122,-1.58881831241717
2.188643562984879,-1.5888717767065996
2.188198157194137,-1.5889262161647952
2.192492917994293,-1.5891998081362768
2.200668198590076,-1.5904940598863564
2.2145095892764726,-1.5939417303864913
2.228857973401917,-1.598735979372726
2.2383357131196675,-1.6026056321520894
2.24067344923803,-1.60375151667877
2.2435699293442757,-1.6053119183357707
2.2482098029881987,-1.6076924520851295
2.2547691659585434,-1.6106075823023975
2.2625916056215445,-1.6132249111889208
2.2739182332309964,-1.6160186100606975
2.290071092021054,-1.6191678434950734
2.31214775977569,-1.6230631913884883
2.3375532667512755,-1.628040233814049
2.3580189152854145,-1.6331653768647374
2.3842674446031977,-1.6408532695853015
2.4118638387095332,-1.6492799130653601
2.4402827456228993,-1.6574429096524113
2.468691776640466,-1.6654485311658145
2.4969727150719505,-1.672741080542666
2.525524034278253,-1.678492035784469
2.554710691421672,-1.683343189374422
2.584209360096191,-1.6879212061958797
2.607730933943838,-1.6917173870930717
2.637056267499031,-1.6961265927760716
2.666531675527148,-1.7006405936097284
2.696061758829555,-1.705031765173855
2.7256990268925896,-1.7088694135291618
2.7552177835111746,-1.7118146180260205
2.78232591479119,-1.7131693456682133
2.802516385453155,-1.7129964013269992
2.824072407846534,-1.7116848300196978
2.837522913278158,-1.710391856882225
2.8519812837749017,-1.7083981269876891
2.8644629815955667,-1.706052229949802
2.872753305489393,-1.7040656747713354
2.876459751165266,-1.7030020709041667
2.8814128576133107,-1.7013792459773147
2.8879807989704616,-1.6990666627434674
2.8928488021189116,-1.6972210660903702
2.9003961565133096,-1.6943121646022983
2.909436614616436,-1.690644403773557
2.9164503198682823,-1.6875145258542992
2.9240547467068323,-1.6835904623216773
2.9370299365993016,-1.6754384685726744
2.953668820963222,-1.6623158094410317
2.972628620720698,-1.642659279045165
2.990345384369411,-1.6191870757530162
3.0067637067644255,-1.594622213949472
3.0235400706152706,-1.5698208362858332
3.0406065736595247,-1.5451580388405275
3.0575957883399383,-1.5204661859928903
3.0743508084194118,-1.4956066206242884
3.0907573836568147,-1.470529258018569
3.106529392092552,-1.445102695673391
3.118324762319118,-1.4242635409591533
3.1326659548914106,-1.39793506582212
3.1467588888614206,-1.3714706639993055
3.1605018037383537,-1.344838248411442
3.173879404328269,-1.3180131742912418
3.186955971610031,-1.2910376714757796
3.1997083959769936,-1.2639112021524208
3.2121015827114547,-1.2366153819193524
3.2242548563137654,-1.209201832426205
3.2363092652482672,-1.1817327971086011
3.2483573904767606,-1.154257921414136
3.257995787692185,-1.1322796484714495
3.269967547873806,-1.1047791890214267
3.2818519519323943,-1.0772554055556232
3.2932179847276895,-1.0495389010532414
3.303879609703757,-1.021538798986475
3.3143177762868965,-0.9934096946257432
3.3251180932805946,-0.965390787124643
3.3339376732979566,-0.943062446255681
3.3452582676708555,-0.9152445238948271
3.357353757456542,-0.8877167483045192
3.370723213656729,-0.8607264512675529
3.386034921585317,-0.8348138792936927
3.401809359936462,-0.8093216237771798
3.416801849174517,-0.783435229915516
3.4310121669009117,-0.7570348335185694
3.445334207372038,-0.7306395847559441
3.4571905643454266,-0.7097357972616678
3.4725906528793384,-0.6839486457195674
3.4877256622496637,-0.6581349151346477
3.5017290083785695,-0.6316825367972964
3.515358686018788,-0.6049336409225613
3.5296875908136722,-0.5785020982223769
3.5418789765624985,-0.5577693824225102
3.5574991946276344,-0.5321418713762777
3.5733375691178972,-0.5066423230368541
3.589480047398826,-0.4813160762974485
3.6061376895023334,-0.45631842242619225
3.623250515613263,-0.43164477850166816
