2396.467972009988
2396.491995891448
2396.5160232315225
2396.5388426875893
2396.555666130438
2396.5660875772783
2396.570115744104
2396.5703341152484
2396.57276129949
2396.5816000785558
2396.6012019321183
2396.618303811688
2396.6379908884915
2396.6595242991434
2396.677302597902
2396.701522843266
2396.7237608582177
2396.744913234724
2396.7655047015264
2396.7925215267733
2396.8135873315873
2396.8340609507236
2396.860987736188
2396.8813649992085
2396.9060806440393
2396.924100812692
2396.9518343221976
2396.974825669089
2396.998144595595
2397.0266958703364
2397.048726425311
2397.075836330097
2397.0963696863455
2397.121767740857
2397.142610640961
2397.1681161859146
2397.185101752441
2397.212912421626
2397.234685393802
2397.2618525527655
2397.285198213502
2397.314943357087
2397.3387220941777
2397.368602847813
2397.392489629344
2397.4163960598958
2397.4462614150234
2397.4701135353434
2397.494040971595
2397.5239906125853
2397.5478673133703
2397.577817003469
2397.6017956875176
2397.625777284448
2397.6556980724963
2397.67965860466
2397.703626826012
2397.7335868389723
2397.7574719059485
2397.7873790544813
2397.8110256700816
2397.835896009912
2397.8515491808053
2397.871244511665
2397.8988247875327
2397.9221356040543
2397.951956217184
2397.975903484252
2397.999841101131
2398.0236097737443
2398.0474882896465
2398.0774400455707
2398.107389841662
2398.131366263858
2398.161329170362
2398.1852984240813
2398.2152090192576
2398.2391004476935
2398.262991871712
2398.2928607231106
2398.316789307165
2398.3407307394236
2398.3705761960423
2398.3934796089543
2398.415049802217
2398.4302918929716
2398.4403480229694
2398.4411938659387
2398.447760415989
2398.455531200715
2398.465979281751
2398.474848610725
2398.480921618695
2398.4867817801246
2398.4905569903904
2398.493878667989
2398.4944435290745
2398.4975947904477
2398.49779816284
2398.504563429208
2398.5214905238026
2398.538849740039
2398.5603232769795
2398.575926208154
2398.5901684898977
2398.597828354846
2398.605488724128
2398.6171130419
2398.629522973546
2398.642136713878
2398.6543994715494
2398.664881583793
2398.679852215201
2398.6926735855736
2398.7067706318426
2398.716617793107
2398.724954843396
2398.729489530291
2398.7299416925043
2398.736170838923
2398.745324762027
2398.7600999573688
2398.772319371367
2398.785267555918
2398.8010133298094
2398.8116369368627
2398.8174786478335
2398.820006676652
2398.8256836034675
2398.829765288985
2398.834133151793
2398.83641142498
2398.8388678791844
2398.840969429721
2398.841282436587
2398.8422468612857
2398.8449516885617
2398.8505176154226
2398.8582010875293
2398.865111490549
2398.8723560782682
2398.8825032017453
2398.8919231508207
2398.904981339746
2398.918589755869
2398.9305656367746
2398.9440245050923
2398.961760785164
2398.975429724056
2398.991144935415
2399.004570111742
2399.0196273934
2399.0322524298263
2399.0462503727117
2399.061261695387
2399.0807540490423
2399.0951705540465
2399.112195155301
2399.126364899494
2399.1416914176243
2399.1540715074293
2399.167272938623
2399.1837518381
2399.1969739063115
2399.215464569728
2399.2313977309136
2399.247423853905
2399.2689703640526
2399.287634528883
2399.3083579044683
2399.3297189290847
2399.3515275011837
2399.3733280894803
2399.401451015711
2399.423945897038
2399.4518523413885
2399.4742340935804
2399.4973878090846
2399.5246229045933
2399.546954413817
2399.5751151582303
2399.5974191700034
2399.6196464859468
2399.6475709476717
2399.6685626921126
2399.6940510360446
2399.715759439243
2399.741749631113
2399.7619656794764
2399.786499913289
2399.8072594437513
2399.8281074522715
2399.8483909778042
2399.873184767347
2399.8944295836227
2399.9152708714137
2399.9403383591475
2399.963572767163
2399.9934187581916
2400.0173623776614
2400.0464160036704
2400.0694326318176
2400.093015363102
2400.119940581809
2400.1412762723335
