3.6130736991043704,-0.3599017190831647
3.6269085171616053,-0.33794613405561363
3.636274157998298,-0.3236296306732622
3.643199567450024,-0.3133616319073154
3.6444249090731886,-0.31159004539067275
3.6446990363067133,-0.3111978497527622
3.644857601987784,-0.31097177925475034
3.644900701415173,-0.3109128850486769
3.6448996908729576,-0.3109141345518209
3.644899962874527,-0.31091282577964025
3.6449009140312416,-0.3109126943750168
3.6449002660607546,-0.31091296513914185
3.644899713959208,-0.3109130295956159
3.644900590162105,-0.3109131973331814
3.6452719736047263,-0.3103760856457771
3.648651741219432,-0.3050779835059442
3.65462457638642,-0.2941808783488457
3.661930970604011,-0.2772302870112612
3.6685879679506335,-0.25544974601504417
3.672626117946234,-0.23478923329046167
3.6746449612564733,-0.21560568028296698
3.6756612447654753,-0.19029472832942934
3.6761330539188033,-0.1668501887133709
3.67704619419466,-0.14629050274639033
3.6783710390655098,-0.12578239769645955
3.6801884533061884,-0.10535383580496166
3.6821484433312492,-0.08691671319552373
3.6850226795575,-0.06419927750107235
3.6894969623136924,-0.039518730046959626
3.6947003259267355,-0.018682254141575826
3.703200927150908,0.008008941298614979
3.7121111401529396,0.033007094530566
3.7197560318957636,0.05635591860413351
3.725725540814309,0.07928286278237667
3.7313148195598496,0.10505536767885908
3.7374646906028612,0.13279281003389165
3.74519725924239,0.1618554429316701
3.7534066729260935,0.1899546963275891
3.761057983192672,0.2159421470186141
3.767268612487694,0.23820608644383887
3.771457495596031,0.25332802081856415
3.777440063024055,0.27564932341732923
3.784184253758734,0.3040326088044287
3.7900333150099637,0.33334940058143303
3.795289327762154,0.3628608447008226
3.8004463131087047,0.3924318454493201
3.8052469367975195,0.4160296639524965
3.81252132726211,0.44520089902707016
3.8200004948626196,0.47420164086105326
3.825704942793749,0.5034597588324509
3.8280265253733585,0.5331479768406183
3.828090223981803,0.5630626778140757
3.8270999442548024,0.5928885412017009
3.825477789774727,0.6219245205280063
3.8243867139744228,0.645942949491967
3.823957963634541,0.676006400566496
3.8242302723242823,0.7060121155342386
3.8243702572832396,0.7360104326238581
3.8248417435972657,0.7660538841865683
3.8263113598362604,0.7943095854075279
3.829504087361707,0.82264285153469
3.8340338577420443,0.8513411679774174
3.838035380215877,0.8798235459904139
3.84001190277198,0.9073482743671515
3.8408702350103003,0.9298751468767033
3.8425709894307882,0.9585284371838448
3.8467003431111193,0.9866872309309582
3.8539305420933045,1.0131957214877083
3.8627810631155075,1.0390803402575015
3.871428740520831,1.06489479652715
3.8780710547415405,1.0911489508443302
3.8809292390077488,1.1189648923721325
3.8786251270238754,1.148513142170009
3.873681651726254,1.171818134731006
3.865302649781894,1.2005054993820836
3.8557250874027287,1.2288788074590904
3.845498997654664,1.2570214844054328
3.8342031163733847,1.2847402406191408
3.8222699074259063,1.3122430448325935
3.810106677494589,1.3396531098640068
3.7979603452478576,1.367003404157181
3.786563965655476,1.3934387006763436
3.7788800700588814,1.411030404941973
3.7677441861811447,1.4358399108582756
3.7557372700834106,1.4620423610207567
3.743858739101855,1.4882573869864462
3.7316634204830095,1.515378760587641
3.718972108239213,1.5420819911177008
3.705755549718233,1.5677933130184927
3.691723088922046,1.5932153668280593
3.6812973469094916,1.6123516505260964
3.667723010379381,1.6378799222324139
3.6540922822332025,1.6633998246543558
3.641484481633594,1.6865675468978973
3.630674486338695,1.7066126486563504
3.6204319767327036,1.725584213080253
3.6127932870047905,1.7396211497507923
3.602179888436796,1.7591556818790284
3.5914280775637146,1.779031873736274
3.5811644663313835,1.7988578312187904
3.5692021978623316,1.824256665869032
3.557130729798979,1.8516568976353176
3.546045257453546,1.878319448795661
3.5378680369944524,1.8985423366038912
3.5280567587676197,1.9217458005412476
3.5164113643734844,1.9461120678153272
3.5032342706144743,1.9709959751445683
3.4893031179023386,1.9969525068807843
3.4775848990502753,2.0206914699742544
3.468290055662136,2.0405593183851356
3.4583203178211934,2.060946514210071
3.449124193406923,2.079101731906435
3.4374043944521637,2.1025328701237025
3.4262503534786055,2.125522484183736
3.4167958803659912,2.1436164289776882
3.4061062691146557,2.161637873906967
3.393823323671781,2.1801075414972755
3.3810627751706948,2.197639465572423
3.366818830971332,2.2161308425557955
3.3542660079176594,2.231811701544063
3.3379284922495427,2.2521605922740013
3.320659170666858,2.273652253356333
3.3064433937075117,2.2912206100091166
3.2922613337709334,2.3085608179461947
3.274705919384071,2.3296895983723447
3.2561117333435146,2.352202535406635
3.2381772186001503,2.373331733786299
3.2241204194863373,2.3888131453344275
3.2079704121028114,2.405526559552235
3.1891825617160174,2.42511151338927
3.1723091729154564,2.4433520033044642
3.1571091975722885,2.460494034884883
3.1394925824757354,2.480911747504327
3.12235279699963,2.5002695818002003
3.1049043445130597,2.519137628596011
3.0850387871259737,2.539336749838302
3.064578802772224,2.5585924156761193
3.044615147381806,2.575390736443299
3.0212034339589167,2.5932656443674826
2.9982815992253053,2.6093500725761194
2.9790546834137057,2.6215034395729018
2.9530168781591746,2.6360246558677716
2.926209648123407,2.6491759187982358
2.8986325000835915,2.6606571952207765
2.870370058993459,2.6703481093144976
2.8426127204016094,2.6787669185128684
2.815624806954264,2.6861333159305
2.7868267084032388,2.6938645609427914
2.7636631659560065,2.7002075933550143
2.736941255163486,2.7081922775562504
2.7091985098999816,2.7174626533791524
2.682163597394222,2.726418182990008
2.6548455039152894,2.7350765721439485
2.6293231825751753,2.742674458850132
2.6104319334344614,2.7476350638666345
2.5913925441643,2.75227981344246
2.570918551648589,2.7564886550782073
2.548381481364267,2.759492764236917
2.527521106029941,2.760828084349904
2.498938058159866,2.7605740850160307
2.4729520868550954,2.758549606789234
2.4456302639143397,2.7553427231381478
2.4174319175864643,2.7515969301554954
2.395251304852471,2.7486800556472284
2.371698816087339,2.746115706309973
2.34527371343891,2.743259474655987
2.321937630783572,2.739920480015662
2.297219622191142,2.7357515879543928
2.2686061047556714,2.7304331192971176
2.244821852433063,2.7258652142823823
2.2231812840444576,2.721401566704005
2.2050039927783467,2.7168858395890974
2.1816436159922556,2.7100256283684034
2.162207141120676,2.7033751313683423
2.1402469317818844,2.6951285440948105
2.113723792811602,2.6854163919652003
2.08837076590133,2.6770538844260394
2.0663538894930187,2.6703674500515873
2.045986523287363,2.664012186781624
2.0177628350352586,2.654513450964425
1.9899876443814348,2.6434686446393174
1.9625917325278548,2.6313165025469143
1.9351271955869325,2.6191870637208963
1.9074684327199027,2.60751130794753
1.8798976538222825,2.5957913432932145
1.8530969960052657,2.5831907391012634
1.8321331150319182,2.5719586443977263
1.8067529088457772,2.5562008650353976
1.781951168185318,2.539382186906905
1.7571965486132046,2.5224103448578408
1.7320185096351262,2.505968399568313
1.7060492658585318,2.4907541121370405
1.6795375661267558,2.47662289311213
1.653396513887306,2.463132441193591
1.633339618985118,2.452128985632154
1.6080281866568271,2.436930276214166
1.5822945142866023,2.421719281489509
1.5564767624397515,2.406531130539766
1.5311003064520825,2.39205702862219
1.5051603804002327,2.3774047500253177
1.4796041208379571,2.362904226236708
1.4562488931369812,2.3499801064627768
1.434189264393131,2.3378168488601467
1.4143346984415741,2.3267855052906374
1.3884563147122257,2.3121099487801264
1.3628029513106885,2.296653949417866
1.3374230369217894,2.2807178801820234
1.3124331330080896,2.264226054422277
1.2880635980307695,2.2468487305248854
1.2640693075255824,2.2288786315290725
1.2401888346994463,2.210709400001785
1.215956667768239,2.192940732579404
1.1961754266315692,2.1792742215855654
1.1711844322716198,2.162619244087678
1.1457931608394374,2.1465541859222426
1.1200932163992119,2.131016508254621
1.0942976434071614,2.1157259431491293
1.0687197088435414,2.1000702344251643
1.0430992147072147,2.084459427477168
1.0174519801990933,2.0688925874678197
0.9919048877792266,2.0531910267250075
0.971403672248255,2.040660839698704
0.9454647926412334,2.0255245422580557
0.9202320878418483,2.0111439384826175
0.8959487237195396,1.9975343826843153
0.8726344883962887,1.984277854438478
0.8503409139265323,1.971327914345568
0.8258889230455567,1.9575389051427987
0.7992704810265012,1.9437242069719405
0.7795894654053201,1.9339807252146195
0.7575415936277021,1.9231741715034985
0.7346931690530674,1.9117601643618285
0.7093702075356101,1.8989931772897857
0.684475344097907,1.8852027519303842
0.6651751762374327,1.8738436565634953
0.6405725303844051,1.8601204992615665
0.6135062529324345,1.8479216412701698
0.5850225003395567,1.8381088891855033
0.5562937735265624,1.8294432078117027
0.5279702072730883,1.819954704696155
0.500855393702593,1.807759151318665
0.48047359778906484,1.7954404108720752
0.45137522596428775,1.7744370306861543
0.4330867750709987,1.7606915145574717
0.41116089233503306,1.7437768434679695
0.390522359108843,1.7251590323891293
0.3706170740882456,1.7031541264690173
0.35171453091675375,1.6799323774474995
0.3330729023513461,1.6564244003811455
0.3142122021543402,1.6330696551250736
0.295253712302902,1.609816387161252
0.2803965023466841,1.5910553583600515
0.2630813440064584,1.5667084731643655
0.24745649656204952,1.5412559037330793
0.23308130961582468,1.5149726523549714
0.21856819440698683,1.488660233345954
0.203085348368376,1.4628612063702495
0.18584956135855737,1.438147431334946
0.1672812934968605,1.4145073928391285
0.14864887491473203,1.3910185847686871
0.12989905941126365,1.3675455033486164
0.10985107068072417,1.3450185072010559
0.08843240333653407,1.325618327420733
0.07027167728591716,1.3113509996172694
0.048329697573697886,1.2946879510269202
0.026331291840983335,1.2787928473944914
0.004387779491914193,1.2639834331493562
-0.017020349159660924,1.250212937693208
-0.041781313233469355,1.2350141968827586
-0.06749297635374626,1.219728167548286
-0.09356448337287876,1.2048154643680578
-0.11995770336773756,1.1904673717340404
-0.1464035381576085,1.1766484870795841
-0.1726843045136636,1.1631534040299958
-0.19403989676266434,1.1522051965664053
-0.22051502326789535,1.1382180039336611
-0.2462971908758213,1.1231355129226064
-0.27073277253160105,1.1060649200794441
-0.2927485303567771,1.086139548139584
-0.3121380836276253,1.063492397577674
-0.3287091622870599,1.0415155290681761
-0.34147971235813673,1.023269424330008
-0.35301488880810045,1.00576433830052
-0.3663071584101688,0.985901122467896
-0.37837434584516616,0.969072327968781
-0.39221657963497664,0.9511288860238617
-0.40856073844769664,0.9305370680884375
-0.42631295121012847,0.9086729274134729
-0.44480209294373646,0.8882879256193335
-0.45948731659161013,0.8735676262411827
-0.4802747497277354,0.8538249064719753
-0.498477028151341,0.8363356570497302
-0.514071874576142,0.8203080330299655
-0.531573914902271,0.8009982824098096
-0.5497402221792294,0.7812833098751224
-0.5705779575793599,0.7614378281307996
-0.5938390112267066,0.7423387241570047
-0.6175041625174019,0.7238860306392499
-0.6412059798857449,0.7055032094433616
-0.6644867566851733,0.6866756808586347
-0.6827528999647482,0.6713078472050166
-0.7051047590236528,0.6520687309958476
-0.7281824533038217,0.632981244472945
-0.7521640605418264,0.6148179029280952
-0.7757576452084145,0.5986144250776998
-0.7994835800874681,0.584080933076138
-0.821390932211345,0.5720460479497318
-0.8427429869541877,0.5607576387580996
-0.8597880555966737,0.5516929921148733
-0.8798091409938869,0.5407126374317038
-0.8969445504207307,0.5320561703841242
-0.9090764242299738,0.5267946054431867
-0.917024670230612,0.5238662385007381
-0.918354055757701,0.5234337924676586
-0.9221365411126285,0.5225046468198946
-0.9281072740374638,0.5212083307513807
-0.939831566575534,0.5184094317179235
-0.9570745368475044,0.51393686611972
-0.9695261122781836,0.5108794314496982
-0.9817704517754471,0.5078852612509375
-0.9982211711513855,0.5034826529449534
-1.0122107517505707,0.49928797492216465
-1.021888998680022,0.49646319690999474
-1.02544391916877,0.495521875872553
-1.0339314715254433,0.4933306277944626
-1.0472913242120048,0.48981476328980844
-1.0573848942722057,0.4870218700025383
-1.063188966112091,0.4854360930055392
-1.0660256884080423,0.4846756545151843
-1.0688100239730707,0.48399058827831964
-1.078175986849242,0.4821099653080329
-1.0933271824469168,0.47949682718192527
-1.1135692601920888,0.4758813887671822
-1.1399037669734289,0.47090777232703457
-1.1693900240251682,0.46556273376144613
-1.1984621492130008,0.4604273900165685
-1.2254093241695185,0.45612937711454865
-1.2486863035386526,0.4533605564829152
-1.278321130546941,0.4516456081924756
-1.3077109616535905,0.45246935911696284
-1.3367552737221504,0.4571669004662024
-1.3651224064816474,0.4645287891621067
-1.3931858474904026,0.4725254915522638
-1.4214475983110628,0.47920869230854457
-1.4505637677839567,0.48270421398701735
-1.4802726689040202,0.4829967639173444
-1.5101042195839864,0.4820271801251309
-1.53407174822767,0.4817298033550641
-1.563670778151105,0.4836620898937
-1.5892517851951566,0.48888493723229093
-1.6136853162534615,0.49802647747656587
-1.6370074926674894,0.509456299188092
-1.6598848952827236,0.5214845657973392
-1.6823546044061684,0.5323221571617212
-1.7054343849330673,0.5411032916248704
-1.7210905379795913,0.5449561370050949
-1.7396912388270307,0.5473648857191729
-1.7585363656234452,0.5486951698169883
-1.777624109873606,0.550251053244455
-1.7994073016896694,0.5537124935540887
-1.8268823464589,0.5608238359795524
-1.8543583312770933,0.5696323443413029
-1.8828390126864722,0.5788639676086205
-1.9055092145934611,0.5857367946952738
-1.9331355762916016,0.5932205037002207
-1.9622583508307592,0.5991901194086049
-1.9918554016285714,0.6029175685987624
-2.0216836644820675,0.6050890495948418
-2.0516325087850653,0.6065063131914005
-2.081511995498475,0.6070580390379133
-2.105413385571724,0.6061545889599443
-2.131911729180651,0.6039716364085715
-2.156262638267472,0.6014336778947895
-2.184037660190113,0.5992303952577679
-2.213865813079339,0.597463219811796
-2.243693316829662,0.5951409436460369
-2.272666086238361,0.5915708724075982
-2.2975809828025175,0.587341779721351
-2.3196268694557878,0.5826361382383025
-2.3406747706287803,0.5776465534969066
-2.355795434221939,0.5738689197554987
-2.3744666549533724,0.5692077358824639
-2.3933253458100405,0.5648465192373072
-2.412914492332469,0.5605256242460611
-2.429748388620878,0.5565379457334902
-2.4465341266408767,0.5522748850319479
-2.4680237702997596,0.546171049815383
-2.489795423705064,0.5393061065006471
-2.5169397571691983,0.5305576877438632
-2.537638894229742,0.5246679791004217
-2.5529427903209765,0.5209225875104935
-2.5683111913800456,0.5171383320255001
-2.5838668730979726,0.51218279291419
-2.599347363731701,0.5059573879694576
-2.6130939396608492,0.5002064478323972
-2.6370056670025175,0.49044033410784027
-2.6611469597294684,0.4805346793745539
-2.6839493023171963,0.4705759499061524
-2.709948588107597,0.458657594519002
-2.7367434997411784,0.44576613754361744
-2.763097936178666,0.4316109660508341
-2.789093119089754,0.41669307368328057
-2.8145505935069437,0.40104090946993165
-2.83832473115241,0.3831785178784337
-2.859370497295932,0.36218460703172384
-2.8733566870898715,0.3449998691426827
-2.8874089978159003,0.3238047378530024
-2.900268826470538,0.30170470002757294
-2.913597819174982,0.27926042469982093
-2.9284163005439665,0.25510013652974106
-2.943602877612387,0.22925284266704068
-2.9558235940162243,0.2085819952815737
-2.970683024756949,0.18317124667768875
-2.9852351871700797,0.15770131671174856
-3.0003594566063017,0.13212481291361977
-3.0134445268874086,0.11193563668718481
-3.0301109764533893,0.08699569814472279
-3.046641575842299,0.06197407019084549
-3.0629879389885164,0.0368342632263679
-3.0793043232315562,0.011649446014154591
-3.095924528710598,-0.0133635449645623
-3.113084946304955,-0.03802680426986872
-3.130966332272111,-0.06220191972599728
-3.1500025741220576,-0.08551574311742051
-3.1660391630807014,-0.10344750098435918
-3.1865905988473555,-0.12534842940035415
-3.207028146944259,-0.14611899314451168
-3.2286129119571005,-0.16652732779291862
-3.251532409034667,-0.18605638588519272
-3.2707146459862937,-0.20062647416790577
-3.295354711999356,-0.21781375575777723
-3.319764384657559,-0.2351213365560442
-3.3432699052296613,-0.2536183746532114
-3.366357573262735,-0.2727582482311869
-3.389313164958684,-0.2920306549276468
-3.411514367972476,-0.31203936328441795
-3.432327466294722,-0.3334491604718882
-3.451695379907427,-0.35622067882618647
-3.470491367451234,-0.3796189365369254
-3.4858328668851613,-0.39810550260079686
-3.5052459031490635,-0.42100090201684554
-3.5251014659191844,-0.4435761015873507
-3.5457898779611177,-0.4653870921383346
-3.567220280000898,-0.48646861765680455
-3.5876772677635214,-0.5058755862787059
-3.608770951763421,-0.5257372674371071
-3.6310088676048036,-0.5454037780195742
-3.6468057880904756,-0.5580733725158622
-3.6673659781416377,-0.5733811303432127
-3.686764294116724,-0.5860875965006667
-3.7072968286519177,-0.598216753904025
-3.7326176224298373,-0.6129703676440007
-3.758584649010169,-0.6278835618370826
-3.784569592838363,-0.6428698217965343
-3.8053622512819425,-0.6546396397336386
-3.8323025969380584,-0.6680802853003203
-3.8600816862999574,-0.6796868071441788
-3.887141919169019,-0.6892812874464536
-3.9137962347230872,-0.6969409759091654
-3.942736549037615,-0.704004450060985
-3.9720821407874047,-0.7102011182159651
-4.001318039369413,-0.7163707606865725
-4.024446135925957,-0.7223557071718162
-4.052899010390781,-0.7315548746698832
-4.081188169482895,-0.7415655508129262
-4.10994948768541,-0.75054737323303
-4.139013714617362,-0.7563907979845274
-4.165458843018635,-0.7584525345297268
-4.191190131225732,-0.7586707934051103
-4.216823047810113,-0.7588544098572076
-4.237848280007242,-0.7601774759564525
-4.2649696996277076,-0.7643823735408106
-4.291949775250312,-0.7701379243951779
-4.319336704814753,-0.7755967732024218
-4.3491186093040515,-0.7794460306101819
-4.37921415569057,-0.7807602439703046
-4.408026761010896,-0.7809874370095647
-4.431201710232631,-0.7813019378971838
-4.448865647514659,-0.7823010472114885
-4.466289743503582,-0.7847757769520984
-4.484873215899041,-0.7893716486580825
-4.506883219946037,-0.7961101227163603
-4.530713203525044,-0.804865456301973
-4.553204192666966,-0.8150629598649699
-4.5719569781884575,-0.8241999834618059
-4.594007734106509,-0.8346715860459348
-4.614878636959626,-0.8440553809768034
-4.639784296455107,-0.8543361886251774
-4.667593161438082,-0.865079802114345
-4.695583327929822,-0.8754225650448455
-4.720881918621354,-0.8842886527855213
-4.74423557610422,-0.8922065608960128
-4.7609543544614885,-0.8977116601613534
-4.782422102928819,-0.9050130580655008
-4.803379100197767,-0.9126580205911078
-4.8254369200793255,-0.9207957321748288
-4.846704181037167,-0.9279221604634219
-4.870919657083864,-0.9353992903298881
-4.898023032642523,-0.9437235265211267
-4.925566940729434,-0.9526585386381002
-4.950904278934474,-0.9614613322145716
-4.972848491755893,-0.9688992460061192
-5.001030298137538,-0.9784143532759535
-5.028569001780942,-0.987850764481713
-5.055823737848037,-0.9975999055602318
-5.084246092920949,-1.007121753504608
-5.112827294172599,-1.0162881893354552
-5.141602478608754,-1.024972398637856
-5.16473089512735,-1.0314071155443163
-5.193636845799247,-1.0394588790710175
-5.219147833745901,-1.04634050974681
-5.2397740136299715,-1.0513737877001392
-5.257454842567795,-1.0550139493301243
-5.276033203485612,-1.0588010031733548
-5.291778819647154,-1.0623138657719107
-5.313124263141343,-1.066785808824536
-5.332054946254071,-1.0703769099581533
-5.353817604468828,-1.073955993482332
-5.378794500994932,-1.0775919993197638
-5.405509314917579,-1.0817502269391035
-5.4349741033319,-1.0871380273139382
-5.46447009258751,-1.0926919805953363
-5.494090911467954,-1.097795767411039
-5.5179311868047165,-1.10101711694738
-5.546686204569246,-1.1045303898967678
-5.573117516081725,-1.1079331475464278
-5.600006083131432,-1.1102996133253813
-5.626438855338386,-1.1110833560504552
-5.651580444055098,-1.1112592783343411
-5.674841447408724,-1.1111722580490888
-5.6996476354017345,-1.1107468159525702
-5.718529505249896,-1.1099926912836553
-5.739608027794451,-1.1080834055332571
-5.765753184456874,-1.104487959131553
-5.7947177236460155,-1.0983174861408271
-5.823180346963552,-1.0888592185487942
-5.850347524022726,-1.0765539192405258
-5.8768080591306076,-1.0626153779399314
-5.903339006598256,-1.0487246064955904
-5.9302265808666865,-1.0355617179709478
-5.957479091372929,-1.023044434315002
-5.9847068130288035,-1.010400963443727
-6.011710616638363,-0.9971967357601677
-6.032899221980357,-0.9857372680225627
-6.0583794818513335,-0.9696043151385898
-6.082261112638553,-0.9511752328038192
-6.104400409636501,-0.9307102508562529
-6.124856528089609,-0.9086110440752456
-6.144309265667498,-0.8857168511523922
-6.1634647361987005,-0.8626133661230848
-6.182673016966284,-0.839591377130971
-6.201862354774689,-0.816498403996245
-6.220873397963495,-0.7932959672721153
-6.2392701849413585,-0.771162931789975
-6.255589067036306,-0.7517125623913626
-6.267273945593375,-0.7373361188427795
-6.281027254559061,-0.7189199559970155
-6.296550742101528,-0.6971049593285106
-6.313660476446621,-0.6729357642436187
-6.331634336363254,-0.648983864866994
-6.34995782685094,-0.6253972281446277
-6.367768434809038,-0.6011296430564256
-6.3836212939352155,-0.5767185438042519
-6.393757374437332,-0.559316501321584
-6.404039218513472,-0.5396664047809347
-6.416040409036175,-0.5151493441605259
-6.42730480422862,-0.4922432773906897
-6.437100491336298,-0.4732756015438472
-6.44767260605193,-0.45434392672760493
-6.46062342428301,-0.43302260703264267
-6.473558099954755,-0.41273227194416984
-6.488441638218518,-0.3905682963182073
-6.504539994774056,-0.3671170412400626
-6.521455874090571,-0.3423250843301676
-6.5348836436212885,-0.3224255345828694
-6.551786443012887,-0.29766992162758654
-6.568962375657216,-0.27311107279424046
-6.587015286622347,-0.24930249688653808
-6.606575544781085,-0.2267076255106272
-6.6272221156379745,-0.20508186090805336
-6.6447788827901775,-0.18892352509739502
-6.668088510722646,-0.17021227604594608
-6.692220585074122,-0.1525359229712732
-6.7171946356268375,-0.1360561926132976
-6.742729149993149,-0.1204390284228665
-6.768835778004691,-0.1058359273665837
-6.795667748791098,-0.09269183538979221
-6.817679311180574,-0.08335407513171816
-6.845742746731701,-0.07293421948204443
-6.873954430807188,-0.0626336522953738
-6.901801382725225,-0.05116878307519521
-6.928539884307521,-0.037851369404529926
-6.953622135657151,-0.02366088841339761
-6.971251111328974,-0.01222419431171997
-6.99242597799102,0.00401019719295679
-7.010215763084863,0.020254796691354944
-7.025783309909882,0.03573928878623396
-7.0431489241623195,0.05491248844294861
-7.060343689117203,0.07673413526960839
-7.075816256169319,0.0991265464963996
-7.087135040820928,0.11746808570674405
-7.099304006502927,0.14103432565268495
-7.109803007955653,0.1665126384631716
-7.119779812009728,0.19433561870944788
-7.129559203631497,0.2226735554516854
-7.139650469605568,0.25052264032718813
-7.147399890292099,0.27318692130874156
-7.152550509063554,0.28973597403964013
-7.15603516881111,0.30273852690360126
-7.159166473436925,0.32019963439298965
-7.161435102304122,0.3397549155599187
-7.163523635100443,0.3592706450044547
-7.165867800670503,0.3826754857926985
-7.1681572714690445,0.4094235105439562
-7.170156425524533,0.4327128166194117
-7.1719500233782405,0.46190059433948977
-7.173348333047777,0.4916761093496832
