8.499044088207649,8.857157796654908
8.516098616821392,8.873875548197265
8.529332911103962,8.886024445958542
8.533576900660037,8.889671360754493
8.537576846533216,8.892985223163173
8.541319977540766,8.895980978387628
8.54479772272237,8.898668282486938
8.548001121450447,8.901055209992176
8.550920359990293,8.903152477675052
8.55354633083145,8.904971432024324
8.55587097448547,8.90652308970622
8.557942794667344,8.907855027732813
8.559864738345563,8.909046521082422
8.56163082317883,8.910105300617595
8.563234864480469,8.911038568779496
8.564673526267072,8.91185273660632
8.565943822732144,8.912553634670859
8.569284288077336,8.914318205361393
8.569915299709018,8.914637812350211
8.56991439837401,8.914638006279006
8.569913552196436,8.914637568339131
8.571142797685717,8.915261692636069
8.577569860569225,8.91866623661192
8.586109304062592,8.923842671063674
8.599395687770505,8.933750961671699
8.615499177393565,8.949083935306744
8.628834713110225,8.965686920977102
8.643358423959647,8.991340994459778
8.65346881482073,9.019270904284172
8.659585093562919,9.04833927355009
8.661156021509457,9.07795437175142
8.657730945577372,9.107381667722665
8.65030052376336,9.131897332728355
8.641319236407261,9.148927365913824
8.630465802588908,9.162910178510653
8.616230110673056,9.176301064893758
8.594505090011845,9.1904821970014
8.570593308445067,9.200400779252508
8.542283248883757,9.206337042805522
8.519047239253714,9.207602423967982
8.489727376571786,9.206194882460935
8.459952101320676,9.20306963757238
8.430207145356137,9.199332736321908
8.400356376367688,9.195871088328694
8.370443606320348,9.19316008557622
8.346500105038318,9.19131548882918
8.316597662571457,9.189001207665992
8.286633780125827,9.186941446237192
8.256606983466623,9.185548264472747
8.226570159406979,9.18508646374094
8.196776467482572,9.185358511149454
8.168629110543007,9.186312717468093
8.139275308493973,9.187121178484995
8.115654344943943,9.188064642725587
8.08693905400239,9.19028571779524
8.057444087599855,9.193382154631095
8.028265329163137,9.19683212784647
8.001764678592012,9.200816741684035
7.975464442426677,9.205875305319077
7.955196187265285,9.210034908974354
7.926299266976362,9.215805308563127
7.897021280470381,9.222172051949032
7.867816929073044,9.229085083793183
7.841371582673886,9.23539156616109
7.814297272991059,9.241616403274161
7.785029126843245,9.248292599328193
7.756562200648973,9.255385265161822
7.731719297606621,9.262087060713492
7.714230262081865,9.267015853806473
7.6890743725084425,9.274675712577755
7.662138216335877,9.283577754089118
7.640334296511224,9.291271927056224
7.617722398454017,9.299837885032813
7.595354546935592,9.308556257887803
7.569100555003403,9.3181238253666
7.540520523560261,9.326828063201848
7.514848268088134,9.333321443538335
7.495936992704923,9.337371795093343
7.476442320385724,9.340311904472115
7.461905715780183,9.342202407368335
7.4514835567024384,9.343606794530968
7.4405400078145325,9.345272097874965
7.432213426267597,9.347008244176388
7.420368697192201,9.350055772443076
7.406359113065148,9.35355293768136
7.3860370640942765,9.35809463655071
7.369256932152659,9.361170639704724
7.348031916248996,9.363592207401558
7.326631149314374,9.365602016673595
7.3052317202831745,9.368686450468099
7.280805382314394,9.375026509113274
7.2561635778522975,9.384374973613653
7.232088102599128,9.394790915637627
7.212778066722869,9.402757820086297
7.187109039785488,9.411174126604509
7.162014388203,9.416199537556786
7.141761873812805,9.417547412700696
7.121062367321945,9.416412259714276
7.100339795020702,9.413983033089082
7.07980139662992,9.410763260541165
7.059532517222885,9.40602673237104
7.043575267777187,9.401775355702993
7.018604816644885,9.393207007544248
7.001300638567833,9.385118631038958
6.977426860200447,9.370580026800393
6.9558008394588065,9.354023762405667
6.938223990354788,9.337136091582334
6.923203196856512,9.319183682534172
6.910452778425679,9.300851453458831
6.898636337509749,9.280888841838413
6.887703020446207,9.259998291121496
6.877575425244684,9.2379584266398
6.867703229367905,9.21384602757832
6.859331854343139,9.188760570497308
6.853053659955712,9.1658104128103
6.846558542767089,9.136643087719175
6.8418959340510535,9.107191237285182
6.837806831533907,9.077622364467269
6.833368867340816,9.048096161773998
6.827489222716809,9.018572026620843
6.8198471998667936,8.989456225075564
6.810720648522734,8.960778986704412
6.799936420959905,8.932664393390313
6.787721380278671,8.905192407252587
6.777719439826922,8.88339236468326
6.765514411485725,8.856004315265608
6.753662461926894,8.828494754891953
6.742825969184673,8.800619159443682
6.7332077718236425,8.772270017838522
6.7240946891923015,8.743685003429771
6.716827150502794,8.721468259016692
6.707526133441004,8.693138871248754
6.69882880898927,8.664479613350784
6.690555025349348,8.635671526680817
6.683001025084291,8.60670121103925
6.676567722637717,8.577489426083002
6.671120000893582,8.54801788795455
6.666084290258437,8.51966387014707
6.662134054810351,8.497001877770678
6.65842709320701,8.47608324206108
6.652781514892907,8.446567502046603
6.646121066115944,8.417259326083911
6.639112690912251,8.388090699359294
6.632365075849932,8.35950531469302
6.626292768175816,8.331429300417538
6.620703303752248,8.302188742285647
6.615506713820172,8.272941849650515
6.6101272670199585,8.243420918583237
6.604017494036857,8.213986119991299
6.598477723250267,8.190601423324543
6.5888632917336425,8.155773116075045
6.578662491146735,8.127830496739833
6.569059743863329,8.106060465863132
6.555224649011722,8.079289043569233
6.539624053762605,8.053556701301913
6.5232292175909885,8.028374557653137
6.506244115442919,8.003621306015324
6.4899362002086125,7.979582417285468
6.474218708440299,7.955278244202692
6.461895313970102,7.935505595822109
6.4462172531649555,7.911609597785981
6.4302356465711785,7.888242144766294
6.415851791510284,7.864973839902017
6.404695701013472,7.841778671165462
6.396852733397972,7.817329733051153
6.391324779331406,7.791868273127305
6.3873051333816475,7.7684845202886335
6.383522034255222,7.738792641471632
6.3803846895667435,7.708988324839198
6.377629189838855,7.679133351165193
6.37505990215264,7.650127763570805
6.373274080835958,7.621523332318127
6.372761989393127,7.591901195642749
6.373049781564923,7.562389358016759
6.373709604993948,7.53263087384402
6.373994648983847,7.509962653442464
6.373975382304505,7.481274148110993
6.374078988581716,7.45128016096086
6.3744019120398265,7.421319661441964
6.375490708648908,7.391387716460377
6.376665961629353,7.367792788537155
6.378133525398679,7.340556591275275
6.3790749944718765,7.31388303614781
6.379243624915546,7.286143129870894
6.378275727675616,7.261007392313094
6.377097501558803,7.244198999306983
6.375595303846436,7.2254073692329115
6.374321584135899,7.206791765519973
6.373778489345165,7.184599897286759
6.37417315222858,7.163831025712293
6.375085959830373,7.146206551241841
6.375712320925836,7.138597087198427
6.376834770986894,7.1302323489784944
6.378271386097216,7.123389999919947
6.382476007688183,7.108361281737673
6.389965770031242,7.0865357026909646
6.398433817523597,7.064471697989309
6.408061789732057,7.039763670180516
6.415579917745544,7.018241992939281
6.422890115291614,6.992461618975029
6.4290286834662735,6.967199424938136
6.435512442163666,6.940638049466529
6.441890165432705,6.914290982960978
6.4470142127334755,6.890967188337623
6.452179537371312,6.861494964686041
6.456787119394398,6.832078100556761
6.4613890606138895,6.8026931799797365
6.466685804522166,6.773187328120374
6.471724999457035,6.743561093369839
6.475614946828378,6.713732716302365
6.477533852557135,6.690970800456056
6.478401683624955,6.664589748382777
6.477759446521106,6.637967147366716
6.476773431330852,6.611170490336008
6.477270832854593,6.584482585901382
6.480954852172039,6.555341379658367
6.4862435814266295,6.5305538288994684
6.492751674684734,6.507769007337972
6.5005392070476455,6.485007871091661
6.508941531762957,6.461907641778621
6.517041008160391,6.43723429632833
6.524912068615878,6.4084543944970225
6.530254672039667,6.385823775337558
6.5373727332193265,6.357872471043046
6.546489504021668,6.331016349914682
6.5579934242953835,6.3045657414998155
6.570123284733414,6.278246358525508
6.58133963472487,6.250745929311108
6.590447942946807,6.221972983766061
6.596184396998992,6.192335490208072
6.599718583094832,6.162477304570389
6.603132448206615,6.132735942284738
6.608467594017883,6.103422088601789
6.615422333072476,6.080728322559459
6.628598229684899,6.054223837015953
6.646199363432481,6.030295566453796
6.666390934219396,6.008304762722986
6.686423493287474,5.988247548324123
6.70078712704045,5.9740507585535605
6.715155994503141,5.959915315758182
6.730516519942985,5.94519968651238
6.746294293829295,5.930658829094155
6.761924826237436,5.917392366792471
6.776209757685615,5.906129573151693
6.79519664499243,5.8916867633282965
6.812958903364049,5.878405737257605
6.829996857802501,5.865910010083286
6.846448572637755,5.85392916184253
6.862230627135499,5.842775599647863
6.8772044141248925,5.832339227933648
6.895310537242008,5.819411497836236
6.911298053559009,5.807745210626558
6.924688164893161,5.798248331363352
6.937911742213732,5.789240830894403
6.951624283446784,5.780005297887257
6.967262570421853,5.769971548054401
6.9865909976170215,5.757865576322106
7.00548227073504,5.74600673006446
7.030155446693487,5.73030918237824
7.055084859898219,5.714001367114421
7.079870926267023,5.697260861235812
7.103353125770861,5.6817194360192085
7.126349754067491,5.667800543639312
7.149954957631959,5.654323237502263
7.175706069877407,5.640205033404474
7.196968153317033,5.629187356312022
7.22418131488218,5.61701884100373
7.252585282933081,5.608488165515214
7.282007650088456,5.605254578757984
7.311518987017629,5.60759867435221
7.334546674224613,5.613311347419867
7.362298664787551,5.624098542354068
7.388798519785386,5.6377116731666375
7.413902264732061,5.6537620381250315
7.435953741545644,5.672263483185546
7.452164748545824,5.69142368160327
7.4637431727480275,5.710836277405362
7.47038593990083,5.725146598454108
7.478603593369346,5.747554281193908
7.4863783176790415,5.7730699067995275
7.49393064047096,5.800367808019828
7.499690820397231,5.823188652062781
7.505205988482844,5.846698813821455
7.510622485591559,5.871707480386377
7.516317621571759,5.898496590905105
7.521710045222453,5.9212015876625275
7.528829853073873,5.950328200022221
7.536373928882286,5.97758809173026
7.544950871230583,6.0060327650767675
7.554334459777877,6.03459593889422
7.5646725321229455,6.061868500789341
7.5760048711382195,6.089080095336004
7.587933540460903,6.116194167739596
7.599883791716027,6.140516643171359
7.61276036670466,6.166128029295929
7.623314986716803,6.187538093456886
7.637259870813762,6.214190486928793
7.652086922191344,6.239320593480382
7.666786570764219,6.262740951804221
7.681996957209441,6.28682153613209
7.697398595413557,6.310923215634648
7.713749171759742,6.335961621187745
7.7305952643239,6.360820213431707
7.744578459247102,6.380408875478245
7.761931575180042,6.402191505957051
7.7801189072164,6.422462830297934
7.799420790031197,6.441624272127206
7.821200402523162,6.459786778779896
7.845185634538846,6.4760479205944765
7.864410934418215,6.4861937164648875
7.882212283969605,6.4936369025673395
7.907202331842246,6.501304674842256
7.933104393620778,6.506979112915916
7.962056337398463,6.512252974323436
7.990574073154917,6.516796119381166
8.020083901480167,6.521536156490538
8.047954369121065,6.5262105929911725
8.072018652176869,6.530029191208015
8.091244978976313,6.5325295219299635
8.111052076208596,6.534912639232921
8.127827858165876,6.537363235627385
8.15016312267009,6.541263353137019
8.176489804951643,6.546267910688385
8.203747166991915,6.551785375545436
8.229098066779775,6.5571383543250255
8.252212240988374,6.561776452279625
8.274643820999485,6.5660585470609
8.297697227961773,6.571602492340456
8.319201917229496,6.579099526447951
8.33698333041063,6.587409350329574
8.358733287984768,6.599621745131165
8.382594944030501,6.6141768349235
8.405621081246307,6.630471321500333
8.427331379782894,6.6498003871317986
8.447647153497874,6.670584203481637
8.466003203257761,6.693045056091363
8.481651761397378,6.718204036731435
8.493513374645945,6.745440757589143
8.500686498545695,6.768208029479097
8.508320890565276,6.7971791912821775
8.516340767406307,6.826179596547175
8.526662147351889,6.854537687354432
8.539201041068479,6.881888083499391
8.552045471445513,6.9089534457464055
8.561274144980588,6.930965788750794
8.569803264194073,6.959009601492319
8.574653453651093,6.986010654282249
8.57801820043423,7.013376306888113
8.581254489011394,7.039264695541254
8.583937891316213,7.064019110226786
8.586738626914151,7.088872422621282
8.5902128948699,7.113571619318387
8.592781126491143,7.13325710186032
8.595780285241199,7.156504859042009
8.598477785403343,7.183107386536518
8.600711744981245,7.212629969048517
8.602329196130322,7.2425482155714995
8.603513860462352,7.272458796991251
8.603678023569874,7.302405890713326
8.603342074486632,7.326354196213775
8.601278601220692,7.356129128733116
8.597218484530808,7.385758735671526
8.591960453016293,7.415200112956205
8.58505379081126,7.444285901861253
8.577462702389088,7.470618511685159
8.568682288908706,7.49620900417032
8.558080819142488,7.522707432021458
8.545441541788325,7.549719422776639
8.531547877542346,7.5742798131668225
8.518908427065309,7.592490802697196
8.500892139858754,7.614827785286297
8.481016301683322,7.636940824854603
8.46042814170641,7.6587345421200155
8.439784227594261,7.680460189793866
8.41836704000164,7.701305630142925
8.401716321796377,7.7159277783572895
8.378606994571465,7.734668514753803
8.35461937006423,7.752553655824068
8.330015071238272,7.769610567110679
8.304935843454532,7.78600133006521
8.27949829436514,7.8018609802268255
8.253981320007977,7.817628576866043
8.233599163455983,7.830337814997763
8.208404756293863,7.846715470263705
8.183730176648776,7.863857336119287
8.159134578447432,7.8809314977103675
8.133789836072394,7.896812349019067
8.107968073034225,7.912069658055601
8.082073097868237,7.92710050175666
8.055468675656792,7.9406078998527
8.027702805208483,7.951418903732052
7.999078626856339,7.9601020328830066
7.970236271885446,7.968485176341703
7.947309196198227,7.975620734793382
7.918658766344436,7.98434806852089
7.8897178181259475,7.991551145281743
7.861031654711722,7.997485871420369
7.83227184273827,8.002144546145896
7.803129340836206,8.005388326459553
7.776497584994679,8.007644543491555
7.753985526998498,8.008509881975632
7.724100588113619,8.008031679398863
7.694189389660605,8.006238083890095
7.664457017537174,8.0046942808617
7.635612803698879,8.00321965630705
7.607165019839425,8.000930832990754
7.587233316029543,7.998990182993455
7.562934725371092,7.99627282646688
7.542854741588936,7.993578574636627
7.5250906500392425,7.990956953528432
7.506712760613673,7.988538337377152
7.489215121008597,7.986790532419298
7.47030967679071,7.985356426086176
7.444740208232375,7.983458404851252
7.416411465437403,7.981634763677732
7.386729943318381,7.981771260949032
7.356688533457159,7.98451213228409
7.33294443538651,7.989195936187591
7.305743926362378,7.998988443232104
7.28282461947291,8.012641326386047
7.262362984947697,8.030644748222526
7.244908269335325,8.051721387463845
7.230824115956874,8.072552760580555
7.219274636057799,8.092309211446779
7.2124036533992815,8.10542150466226
7.204269111053501,8.12249237495178
7.195758808586,8.141752758241003
7.186169889148702,8.163999808660444
7.178546605668664,8.181136541741177
7.168481968212761,8.204048381267173
7.158429121889598,8.22732986865907
7.149125385166358,8.247705371501421
7.1410673220106995,8.264119926855637
7.130026170053068,8.284050560685975
7.120430060614243,8.300030907911355
7.104058353482818,8.32520796509832
7.092719747316922,8.342015732541148
7.077120896584238,8.365445145132478
7.0605876958031075,8.390486826930424
7.044050553771744,8.415516880403331
7.027549335491971,8.440577090702877
7.01440528872744,8.460649630063495
6.9980263280073505,8.48549321768265
6.983132891089796,8.50910837802401
6.97006956573118,8.529764752174604
6.956912609976865,8.551020480004674
6.944964878043129,8.572813671947287
6.936351781454138,8.591156883670312
6.92656696615611,8.613599875092726
6.91699230467403,8.63638298847938
6.907528690218847,8.658367270049231
6.896699307668326,8.68084750592705
6.883757662932836,8.702966142208515
6.870730530989011,8.72075428142224
6.8519689902690315,8.742038799214074
6.831890926741264,8.762666024439214
6.811565179626186,8.784279669143945
6.792011804711972,8.807127870452247
6.773574496885262,8.830914510570373
6.7595633767876135,8.850450688784097
6.742416416072701,8.87506337576742
6.724679904968396,8.89914314771545
6.705445401526838,8.921988009265428
6.685026851349515,8.94336894475319
6.663222830375206,8.963850581687069
6.640686315618395,8.983563797178343
6.622222123517438,8.998813496954531
6.598696140255027,9.017404907547498
6.5752652743650755,9.036198812054044
6.55235765812957,9.05566134907914
6.530001329875006,9.075701077681877
6.507650104558755,9.09568673929854
6.484883894760954,9.115101556005795
6.465995105521669,9.129738658659967
6.441933214316423,9.146068264012637
6.417155805144023,9.16112977008846
6.391119479112193,9.176055602037694
6.365109636459105,9.19081262808091
6.338888740264761,9.205622798181286
6.31299269416385,9.220807526010386
6.286974427613554,9.235544453416534
6.2654775201617365,9.245903215381714
6.237776867723993,9.257156872313153
6.210442131947992,9.266988718134296
6.182341873429689,9.276847329252499
6.15407731961551,9.286793852388255
6.131421705544231,9.294694387258058
6.102975727707888,9.303799057999246
6.07394646746228,9.310171481799822
6.0442919929699634,9.312571387242901
6.015647316526136,9.312457494181595
5.993598016558542,9.311350738596019
5.965911559441053,9.310184167195285
5.940514187088902,9.310840303397887
5.919646369976401,9.313587279066862
5.898924029687675,9.318604070755526
5.878556821333117,9.32448559182719
5.857308358691529,9.330031850720028
5.8357555129126375,9.334307154583634
5.807467972796405,9.337351133865628
5.780473552589484,9.336710505498019
5.756974382310121,9.33236088328188
5.733912097732715,9.325561616942638
5.710965987450305,9.317932628387911
5.687647252720442,9.311074952141443
5.666692826708041,9.306814568334435
5.6394914876397895,9.303569015077935
5.612292786195338,9.301113549447836
5.583096951896486,9.297489858867467
5.553840406725497,9.292032150195126
5.5246159634121375,9.285702007570526
5.5012318575922805,9.28047889789636
5.472104262776728,9.273500505446433
5.443522844064408,9.266801277254373
5.419007530227145,9.26098006737911
5.395090206334199,9.255626837400621
5.376085731991154,9.251273887527462
5.352831913298331,9.244382553407865
5.333356512803742,9.2365552524484
5.316332046975545,9.228454538695738
5.296928476418905,9.218479505969286
5.27422203607904,9.206126323820762
5.254142744612267,9.194254386101177
5.23653182501805,9.181860133840223
5.219878180274815,9.168824472964648
5.2001896779857315,9.152516077402266
5.1789957530218445,9.133009643224009
5.162594571397089,9.116530356309466
5.141491023510743,9.095153480292515
5.1194614956554965,9.07465770365931
5.097018885919817,9.054780441844041
5.075484040704,9.034065242696176
5.054723671466311,9.01243167879607
5.037772130619164,8.99534533345082
5.015968091955315,8.974725326324437
4.994308141650414,8.95400246665235
4.972929489549626,8.93301318476245
4.95187206471366,8.911665095450829
4.935222175529266,8.89441447817105
4.9102853291833135,8.868421595792208
4.893353698947556,8.851376999072334
4.871971425697602,8.830293003196255
4.850477604592616,8.809955601273153
4.829340907257552,8.790597945358781
4.808969729225238,8.772034701972819
4.787152498249807,8.75175516508422
4.765109635421941,8.731390081060466
4.747348167386219,8.715222248017804
4.724989239586011,8.69519473267995
4.702220314086016,8.675582307629398
4.679379792518042,8.656932662868915
4.655679339793847,8.638766370322253
4.631142026446931,8.621727519421391
4.605712743326909,8.605673990888148
4.584533503287298,8.594181212220386
4.558076855255464,8.582004477614726
4.529376255661498,8.5724923203444
4.499497188611403,8.567640801348634
4.469313195652309,8.56694197040353
4.439343693059021,8.568532281793676
4.417107661603963,8.57008309625739
4.393008247008977,8.571378683166184
4.365443818037915,8.57186672915853
4.33794450794278,8.571580814745014
4.309112796918807,8.57099665321241
4.286357149064635,8.570266540588738
4.256733662890089,8.568173291920845
4.227121514037387,8.564221055308657
4.1979772944722855,8.557976492402725
4.169965901133434,8.548131550961228
4.143346741305048,8.534729161733795
4.118078852408081,8.518887225864198
4.093861153580496,8.501310091535062
4.0745368985677315,8.487017383807666
4.050026510373278,8.469693278309675
4.025997964027308,8.453192124011785
4.0057642015276835,8.44060160598002
3.9878329093765332,8.430124747805664
3.968522933539036,8.420060105829545
3.9487503342375,8.411957066399383
3.9278931904695362,8.405843724804189
3.9094199602659168,8.402255744442815
3.88509403278324,8.399129541405674
3.8586482977493324,8.396471984386453
3.833875438661772,8.393972049574971
3.8074214407425298,8.391007264713577
3.7805648964407483,8.387692068180865
3.7556127407811553,8.384483458079012
3.7299149912694833,8.380507233398953
3.7020208283177696,8.376215156822536
3.6783199689115613,8.372966199832849
3.648386908560576,8.369963559302073
3.6253476539065996,8.368456585229682
3.5980743895240663,8.367210944959284
3.5697440292328624,8.36606229269294
3.539817117472856,8.364438897094642
3.5098715668099625,8.362830590434172
3.48077864099974,8.361705100515543
3.451597714335076,8.362065699412774
3.42191257678734,8.364599833576445
3.393211594525607,8.368922117981606
3.3640667764693006,8.376495860602057
3.3362764973845787,8.388283840179522
3.3154363999012966,8.4005151230218
3.2906864747907383,8.417633065506648
3.2663498862310276,8.43511434962976
3.2419185153780345,8.450876060888644
3.2192122515714856,8.462654508903512
3.1940735590779723,8.473448838818056
3.1681187540864686,8.48283228720016
3.141365621542412,8.489726578595869
3.113183870270031,8.495728994571111
3.08972491054467,8.500502494114606
3.060299628141585,8.506206995484884
3.030875363358681,8.5121839743165
3.0015307377595652,8.518493990027983
2.9764523395667104,8.524025428640696
2.9558093903220066,8.528226927702786
2.938344580915843,8.531320355368754
2.921525529375333,8.533411198308924
2.905439955171553,8.534604136631318
2.8808881403437607,8.535763035819253
2.8530898369151365,8.536869330995243
2.8261778404111975,8.537953113712058
2.7973389982020658,8.538682312989618
2.7673940559105725,8.53906768673144
2.7378713151074296,8.538539584535393
2.7102049319565604,8.537087781680485
2.68653237007018,8.535301133197537
2.6565881306628203,8.533086198687153
2.6266824813095115,8.531001014469942
2.596861842667217,8.528314559960046
2.5671612945767577,8.52458601376332
2.537644287884078,8.51970536305886
