0.029934475482650987
0.05985147729897158
0.08576087325141406
0.09928764460937493
0.10653586322545072
0.11010279610667789
0.11022452545334685
0.11022509484484456
0.11022591156863254
0.11022613021995199
0.1106251982698981
0.11862143145936689
0.1366207573238004
0.16205442721534977
0.1886219102882215
0.2109814007062147
0.23160578582155597
0.24917797071643327
0.26678187659139363
0.27862179983852303
0.28942457877228633
0.2952780437777422
0.29890885871543577
0.30392243439549566
0.30980659422692414
0.31709859249686895
0.3216018775958866
0.3278981635725995
0.33674784176787964
0.3423747065428637
0.34349970786401446
0.34419762930283077
0.34746393319731017
0.3514003168325756
0.36061455554072636
0.3693759152067118
0.37658454888258874
0.3837046330111922
0.3884135973338594
0.39397452488132073
0.4013036317815749
0.4052914797867458
0.4076542780765684
0.41174922817408066
0.4131163367201785
0.4169577187221113
0.4236290143699609
0.4310652947218814
0.43874929075377656
0.44481560956088034
0.450331814854658
0.45325184854784384
0.4606615628135198
0.46984229753407825
0.48135037111855017
0.49502880489706413
0.5136588410496695
0.5295796865503493
0.5400150385529549
0.5470540239070034
0.5553373547427414
0.566421617809447
0.571070434818588
0.5802663296419749
0.5873305881598637
0.5949070596819999
0.6023440335129607
0.612487657527786
0.6228097454385815
0.6373895840794542
0.6571756634963222
0.6721924442356813
0.6870033839289225
0.7035545656174805
0.7242788665192809
0.7493794627094569
0.7761331918488636
0.8025322768094799
0.8293037509780388
0.8550427473780178
0.8800556854642353
0.9029021037314016
0.9212892448726482
0.9369746287911023
0.952565463276053
0.9651778202835851
0.9773946792694895
0.9868860205270004
1.0001845857838836
1.0150291672682454
1.0342384411029582
1.0462923974692935
1.0582902601041224
1.0706838161740593
1.083648589257596
1.0919431161727728
1.0972209370820696
1.1039299245360854
1.1113988705923545
1.1162118261228906
1.1263801839574665
1.1405069872119757
1.1531563572851928
1.1706815765590979
1.1926940450073595
1.2145155127649205
1.231497204046532
1.2505475299861804
1.2717982674769854
1.2859972868658651
1.2975327747372858
1.3095103399933308
1.3216311235122575
1.3270116489478117
1.3283709740661227
1.3313509392564509
1.3372463887094297
1.3378849364753462
1.3451604980947227
1.3563284316032436
1.3641091386564073
1.3775309094188173
1.394314269247435
1.415942422574407
1.4366642958363065
1.453588066934721
1.472039333671764
1.4860013889700836
1.5034011569871146
1.5190923935517768
1.5298185569668388
1.5409153321303137
1.5536226764249355
1.565236139549493
1.574821211220576
1.581976617688138
1.588353655520011
1.5958696827440313
1.604289769740996
1.615437077364415
1.6298858664381204
1.649073520294021
1.6702681740533663
1.6877779714675478
1.7049935501336448
1.7263980199426212
1.7499395584323207
1.778493013034667
1.8082206639309952
1.8360005964652268
1.8640210210069577
1.8922966287483813
1.9197704217796958
1.9425726091495157
1.9665969265691068
1.990957600019821
2.016058811873803
2.0447761677619996
2.0740911135565705
2.1029550692326247
2.1319680892777972
2.160391343480901
2.1894058330286947
2.219217767176567
2.2472444529706777
2.273137000755732
2.302582630453916
2.3227303461733855
2.34430849297127
2.3680308440806686
2.389195640060143
2.410024075364675
2.4327267791281306
2.4547256105215722
2.477984473007449
2.5011224488317625
2.5224315328890503
2.541051159050916
2.5574476876605927
2.5802513911904534
2.607975165592296
2.6373576583129648
2.667316354005471
2.6973763296429096
2.727136814414794
2.755784148775296
2.7779847028511684
2.8073523245835066
2.835710389060285
2.861241859873439
2.884913922816985
2.911118402598827
2.9409194991908514
2.9704410699513426
2.995348220349384
3.01553555933188
3.0359040316118593
3.05962048853006
3.0824823651669635
3.100709718962144
3.121966277273252
3.1376331180446244
3.150021945427254
3.166504465853398
3.1870077584949383
3.2117563846369
3.2407074567476184
3.2698046566512646
3.2990585944129296
3.326279997745161
3.3549458536293555
3.3849852453650735
3.4090115239396073
3.4390673829175062
3.4732899512048796
3.4940376407831293
3.518718921818636
3.5411131967973772
3.5684262935446256
3.5952380310175687
3.6199643207286245
3.6439095862463713
3.673130606954113
3.6998434154103004
3.72707493402234
3.7512987095536006
3.773942184274623
3.80012622218402
3.825727792103325
3.85236406859462
3.8751903978498308
3.9051121070372448
3.9348717298680533
3.9647623055563224
3.99469928682046
4.024726686718931
4.05397547422514
4.082847839920234
4.1128738382441234
4.142903790013191
4.17287305039398
4.200500814126111
4.227127777419434
4.25499949509188
4.282281283577918
4.3049960486264105
4.333971025610628
4.363322893555839
4.3931287039822235
4.422628679172921
4.4487255355226205
4.476843203824917
4.50471821090173
4.534467931640628
4.5637377854878425
4.593173965292732
4.623197599252353
4.653078279689601
4.68178400279618
4.711385879517806
4.7411979903252925
4.77121040262183
4.801265612539062
4.831253715996279
4.860949759564281
4.890624951114633
4.920583899404701
4.950671279212888
4.974732007700004
5.004689432458651
5.0335889898435076
5.0586566205382
5.085071681124791
5.114980188481277
5.1442306411275895
5.171463823883767
5.1987373179158824
5.228763146344445
5.258842603080586
5.28879296016059
5.318607114402587
5.3424271931655865
5.372326285393304
5.40235575929194
5.432447310716362
5.462425324769993
5.491634905656307
5.51866851442702
5.546711076663334
5.576337012650609
5.60485316412062
5.627328839790073
5.65082493719367
5.674119455294478
5.693512612786596
5.714121705527036
5.739055840195619
5.766835897393957
5.796728644531081
5.820063307879692
5.849451475607255
5.8794382353540575
5.90718394643667
5.932288633590211
5.960165644562385
5.989973392194994
6.0190021744638385
6.048285470435588
6.0760828504630995
6.100727245672714
6.126170999398593
6.15282616348377
6.181822811547396
6.211083498830096
6.2404798268270225
6.27035942028345
6.300397207575853
6.330419009610247
6.360513658236091
6.390657614360853
6.420806624142923
6.450891770937461
6.480890479604484
6.510896767999231
6.54070652359798
6.570565143833256
6.600544989727981
6.630554639594658
6.660609330629004
6.690703253529213
6.720753704028123
6.75077428607763
6.7748129430006365
6.8048678152403355
6.834931765789562
6.86442705337583
6.892934409683311
6.921451147941498
6.951185867577777
6.980946348209303
7.010071862577439
7.0382522385231985
7.065585037098463
7.089254347676819
7.110577664318849
7.133161364089433
7.16241504551983
7.192448316071371
7.222527857343492
7.252571207990142
7.282329133195394
7.312324366992499
7.34230263820703
7.372304140066234
7.402048527407463
7.424826532685378
7.445101500502618
7.465252626934062
7.4894921911897185
7.5149450027247084
7.5401475681067875
7.566336356812253
7.5939309056261495
7.6215317946115615
7.649137245476069
7.676843001498966
7.704611010847226
7.732601850903782
7.754899476043566
7.784172045971649
7.813948527360007
7.843600955289211
7.873263512598066
7.903081955835789
7.932086910843253
7.960186924938752
7.98992364375517
8.019902495091056
8.046134816152236
8.074601698948182
8.102683777842888
8.130352879523562
8.159832705553073
8.189256343370353
8.217437130759064
8.244505956758053
8.2737739603015
8.303406066998809
8.333304400389085
8.36318165787099
8.392950037207198
8.416713678829423
8.452520755661334
8.475076339038933
8.50170435964303
8.530704144353116
8.560736069878226
8.590728873955904
8.618279947544632
8.646085584162693
8.67605508675997
8.704803042947006
8.734737500227245
8.764704750244237
8.794673749668084
8.824679786023605
8.854666193998591
8.884718253216318
8.914653132886517
8.943737269010812
8.970156347390013
8.99287821380945
9.018449745513466
9.044080996760579
9.068098243643217
9.09153805033404
9.115108682386639
9.140786234713937
9.163915063837422
9.187967883649966
9.213341310000725
9.23501383759129
9.262620285968051
9.298473563805594
9.322400212496172
9.352379946158225
9.382311475127567
9.412192814860882
9.442083244191029
9.471826710614831
9.501459368948884
9.530814062822463
9.5578846772695
9.585492122526675
9.61504228212011
9.641386772971178
9.664251671136947
9.689043720681727
9.716213179832865
9.741427180805454
9.76554434374645
9.788545617993655
9.810922200008328
9.833633864040609
9.85325475936792
9.877740348094452
9.901560752633868
9.92765980587229
9.953770832490303
9.975316799028093
9.99275793607395
10.007697549741156
10.028606300074996
10.049152480372996
10.067539185005256
10.083886948020563
10.107798662199512
10.134653760200898
10.161613105074675
10.190692984951518
10.214706038701728
10.242990766597089
10.272862687370736
10.302851960564457
10.332875873021552
10.362947671992279
10.39300807425646
10.423022509336922
10.452977608048814
10.48267277987597
10.512596764956783
10.542513174338755
10.572250799874482
10.601749360721152
10.626547043308909
10.650237009165444
10.671350934050066
10.702432815052257
10.731876143444872
10.755778227490051
10.785397998292394
10.81450838300208
10.838949678835277
10.860445703255007
10.88123890740504
10.901378054626274
10.925513391549748
10.951256271936007
10.979298740451972
11.009264052590515
11.039140309875252
11.069040116698396
11.099070207979961
11.129132658468356
11.15907046443521
11.188988222809943
11.212495228095088
11.24202354372345
11.27086266194675
11.299929041687728
11.328787122630597
11.355802671923716
11.382065566915575
11.40740190321929
11.431631422643365
11.449783629260661
11.46577887866727
11.47748831054016
11.490736297063119
11.505758095819854
11.521928924874405
11.53776255284508
11.55390633378713
11.572520440463437
11.592333283260432
11.609768140815117
11.631662246622827
11.657442454423972
11.682933101594285
11.710660098862366
11.740087139633713
11.767996176362793
11.794149487956261
11.822614169789468
11.852618320879568
11.88267184770614
11.911789879544258
11.937250868841367
11.961067754830129
11.98674978557588
12.01301529280522
12.038437063103805
12.061325132489909
12.080721421915813
12.098316027587337
12.125237823393688
12.151775854433918
12.180674734190442
12.208866793073096
12.232343180469421
12.253613464454135
12.274212944884683
12.290102758785086
12.302979848985276
12.32244724704485
12.348060563198661
12.371983787177307
12.39516632034776
12.41810999598444
12.442490690938683
12.469095076431103
12.496305979759587
12.517817203770795
12.549714787019592
12.570122617925314
12.599915240832651
12.629700057263504
12.65725047701807
12.684566818268188
12.709795667775644
12.737450845505432
12.766446511040856
12.794861955528733
12.821782447144727
12.848373435120326
12.878260764684732
12.907638211597579
12.93676461027344
12.96681894758018
12.996874343235651
13.026944029674386
13.050976141798241
13.07910449923321
13.107292014056966
13.134150733347717
13.16379398000249
13.193826844660318
13.223809220127901
13.253759050290368
13.283739340502486
13.313712852308024
13.342926962233898
13.372634579306979
13.402417530378468
13.432244321373664
13.461530990290258
13.484734186636981
13.510530547023597
13.535164983336625
13.564176207279562
13.59281255212419
13.62136680960788
13.649737960777511
13.679010857574992
13.70642708903378
13.729678146768206
13.75344520439948
13.782038380584758
13.811409476972173
13.840986925458491
13.870971071381597
13.900993768798045
13.930941692687195
13.960325330313811
13.990150561711712
14.019984298323504
14.049799816822615
14.07366771729579
14.10269067447626
14.129696642202992
14.156769548765045
14.182805469915182
14.208083333467801
14.231880946611865
14.25470692831496
14.27731617932107
14.300501482436262
14.32084973297113
14.347830382246377
14.377363343041205
14.406320319898201
14.436328112446514
14.466362024215696
14.496039004250191
14.52562866855458
14.555598231593425
14.585556009988839
14.61499626061586
14.639501580737411
14.664780138665735
14.6913300571013
14.712936771870782
14.742727714863774
14.772687186224848
14.802531782086241
14.832165536216262
14.860240467381024
14.8846693276089
14.914026319881197
14.9440099170997
14.973925449332897
15.003828883328882
15.03376522974403
15.06293421242811
15.092824829091096
15.122697657400465
15.152561084645075
15.182432841622084
15.211902979856498
15.230993088047502
15.251074677402773
15.271883582104513
15.29418442151147
15.31964647290631
15.345868990645299
15.374522918592394
15.40439325440538
15.434383317772092
15.463206365182318
15.488614463630435
15.515751283194072
15.544401841024673
15.57309602073394
15.595476566302077
15.617375867589496
15.642285144787206
15.671087160049662
15.698314515780524
15.722222192208692
15.752210824380475
15.78019717945375
15.805884906807359
15.833531251916545
15.85965363391206
15.885622769979545
15.912145006500854
15.940734873802356
15.967460908897559
15.994921555732883
16.024795829806624
16.05355491822739
16.078296203114913
16.102501973950275
16.122946774305362
16.1470053344137
16.171101009790192
16.19887770836836
16.226887444515924
16.25623068833766
16.286292659759418
16.316336118601154
16.34637900228248
16.376466801821504
16.406546157489807
16.436625721815147
16.466715902927675
16.49670053674943
16.526457661951515
16.5565718991966
16.586700366277398
16.616791352481076
16.64685698725533
16.67691807496395
16.7069747135343
16.73709339900449
16.766804615651022
16.79410806727978
16.822106143584172
16.851499771179963
16.880891946552595
16.904708369937758
16.934238152790446
16.963514209853134
16.99237062797551
17.018583045288803
17.04307727121171
17.06969947816498
17.09553464458008
17.123885654980967
17.151391681600888
17.177579470380106
17.198948704333986
17.23206627922811
17.251110166687255
17.27582237408619
17.294442247593075
17.313135459388164
17.330301265795068
17.350253902259425
17.376361917628444
17.403045062880192
17.42424314379582
17.440207206962924
17.460541396260048
17.484500554721333
17.503267152586837
17.51555087337236
17.524053185184453
17.532975287436127
17.538096510164376
17.54086207593146
17.546338782448473
17.55651773747761
17.570394904070177
17.585453395888113
17.60574830856798
17.62804741609626
17.648749505126155
17.672281021914394
17.696371753270814
17.718109115456347
17.741493690891083
17.7611581006099
17.772464588275977
17.78190415128356
17.787753179236095
17.79939730137841
17.81803056226112
17.838152801110613
17.85756668442302
17.884366403407146
17.909004779135426
17.933116423315116
17.959245638926784
17.98585696263267
18.008522362761255
18.02915272796031
18.054736059749096
18.082729565558495
18.1126867507104
18.140421737817924
18.155960837042986
18.169592967052026
18.182564705530403
18.198132538629494
18.215932309733336
18.23529877649428
18.260087549139016
18.28304787319956
18.30594093899608
18.333604699513256
18.358801724183067
18.38450904766943
18.410443330688874
18.436518781378133
18.463479770911405
18.492348846332344
18.521882316219767
18.551718315332263
18.581422529077624
18.61132626089915
18.64084566981158
18.670823805073237
18.70073804162146
18.730746688471672
18.760748617823815
18.788595615769307
18.817144628833816
18.8468793101598
18.876416558701347
18.905701827351532
18.934457900195426
18.961366606189245
18.988827430275194
19.017964460203007
19.04786230983174
19.071605181115693
19.10650081284141
19.136242401838064
19.1663102038113
19.18981758857053
19.217573450890576
19.24695486164185
19.27496719602467
19.304758145342376
19.33476172964241
19.36480128823562
19.39276514719957
19.419260240811838
19.448203257834095
19.478150767547618
19.50807318325141
19.538029801713726
19.56727764096933
19.59564360181663
19.622743352506166
19.650067204879218
19.678339829035657
19.70785992832475
19.737361035101486
19.7671385419999
19.79714078627325
19.82692862727618
19.856643827693397
19.88663789511601
19.914798350151145
19.944255332594253
19.97294161016799
19.997077867152488
20.017129892082114
20.040060784105616
20.06934869722803
20.09931671310533
20.129285744947676
20.159270252607563
20.187896637631592
20.217851518257927
20.247831180408227
20.277884298042018
20.306642388961173
20.335773694705892
20.362066236615682
20.384499268014526
20.40675019303134
20.430840857521957
20.45041089619164
20.477524804039547
20.494652305631295
20.516117944447902
20.54284897494504
20.57115144423573
20.6010934606988
20.631092981096707
20.661095780362118
20.691130198455184
20.721194854439666
20.75115526900849
20.78076605160551
20.808706793045737
20.83120289351982
20.857726995328125
20.884444929756985
20.913214993068358
20.943169103201857
20.969523989297898
20.996077777133607
21.01903998695525
21.04016658509775
21.0604946761444
21.084242769826698
21.113176831231343
21.14310923560132
21.173053668144867
21.202176181298796
21.228165665316805
21.249445581736204
21.27638322922225
21.299977419854034
21.32972400935419
21.363085719980536
21.388351930180775
21.40872061650661
21.435544890787778
21.458215114502853
21.482466664752287
21.508770778265283
21.538082675552776
21.565650283017913
21.585563214315354
21.603825583456416
21.62712416839143
21.645698844981787
21.671896304837652
21.701575823984115
21.730010061244432
21.759107909446527
21.78903429833465
21.819020747377774
21.849035497497187
21.87835998632465
21.906851469461348
21.936805630121015
21.966752082228783
21.996361318334984
22.025869066329548
22.055195133049853
22.085074721409477
22.115154705998275
22.14485128567001
22.174730800333784
22.20452259781801
22.23430881500639
22.26422374788996
22.294069057733697
22.32369465480764
22.349164781416263
22.372335716208013
22.393853044084356
22.413800719878186
22.43456627990057
22.457941204793016
22.47816840090874
22.493098858929113
22.516475079291297
22.53030324833494
22.553490510956642
22.576967106561955
22.598465680067797
22.625022324872173
22.65245697682838
22.68172266087547
22.710842470094562
22.73711049064773
22.761057906302543
22.786342450576704
22.811103672372816
22.84070347018116
22.87059249259544
22.9004348970283
22.93029327022396
22.960199757208223
22.98929340470518
23.017560336570853
23.043403001182206
23.06694095896884
23.09226084539351
23.121115492311628
23.15081495316055
23.180219535903028
23.208121917665142
23.229601266603773
23.251580478318512
23.276348847976127
23.303214465521968
23.329369316379406
23.355480355931743
23.377044588344642
23.405946529273983
23.435869612355084
23.46382593778213
23.48944342614706
23.518598938636025
23.542627283850198
23.571716200783634
23.601101702791023
23.63061603593201
23.656737880802645
23.6857311384454
23.715684626366198
23.74523098175374
23.77165818930828
23.794585240347157
23.818515747683676
23.844164059135103
23.86929422564353
23.89703557556322
23.925745059830284
23.95002532198611
23.975650171307954
24.002744143609814
24.031636863837527
24.060096792512688
24.08602699577119
24.11422425331264
24.1427622535395
24.169177060283786
24.195121705392527
24.224566012552554
24.25425504573592
24.284250184449824
24.313991215001895
24.34385244607425
24.373720509712193
24.40361100481962
24.433600900816376
24.463632903318054
24.493569302986657
24.52247064270326
24.55144533864508
24.58135932004361
24.610034290404577
24.639391241193806
24.669402831112762
24.699390110962465
24.72254557872479
24.75169810778707
24.77871982713571
24.804994232139396
24.834327871874976
24.864177768473418
24.89395357655944
24.92317230500332
24.952370085581496
24.981016599941565
25.007125664466866
25.03410074780273
25.06325030807144
25.092044787086756
25.118775341343344
25.148575252842303
25.178630902595494
25.20861526757684
25.23698528200582
25.26581040771562
25.29562116132678
25.324136544262068
25.34844015467633
25.369870737283534
25.39094156151334
25.406863698821038
25.426562632858076
25.44442483680436
25.466467522954236
25.484477343699716
25.49997634302476
25.52168277231281
25.547323031533413
25.57391125133985
25.601240013031838
25.631110716533946
25.65895009655429
25.68366489314233
25.710432254704216
25.738628650647147
25.765681191620843
25.794970810201782
25.823431156990914
25.849088937155795
25.87415633609932
25.89861361701775
25.92363033679707
25.94995251857571
25.97802984130438
26.007525014963786
26.037578934095585
26.067554239638376
26.09748026464122
26.127413223427258
26.157399320215184
26.187423232045493
26.21742757464181
26.247427302224505
26.277433939765835
26.301423327754698
26.33705076346115
26.358538857240855
26.37867752126498
26.394837747031133
26.41779293247872
26.44588532244871
26.475232957483403
26.504277986010827
26.53307909515194
26.562909022393324
26.592858029309458
26.622667092319737
26.652168213482003
26.68113520568499
26.711104549422682
26.740178481071446
26.76899926328344
26.798452279750176
26.82824869081103
26.857930561719566
26.885811370578903
26.913627207227616
26.93991191354372
26.959710569958453
26.981408039987606
27.002624982219043
27.03160623644429
27.056457984625748
27.080379948543246
27.101065753349133
27.125070438153468
27.146251553554517
27.168103369241166
27.18738598016549
27.211437135663118
27.23595033008429
27.262019025676473
27.291410127047932
27.321299653561006
27.351128409774564
27.38110158661316
27.411023349611856
27.440920750090523
27.470237289850783
27.49413944679437
27.515011201020325
27.538574209498506
27.564177049289132
27.586827138136268
27.606548555018623
27.626327687487528
27.65013683831641
27.67797229755392
27.706311553284166
27.734573876285513
27.76296659158172
27.79149001447314
27.82147833814401
27.845544410327236
27.881574559046413
27.905548071518815
27.93538636625817
27.97116780567864
27.995140286225627
28.025221344629344
28.05514089904038
28.085242942459644
28.115256736904065
28.14521191424638
28.17512389463296
28.205165766626507
28.23024352655097
28.251774115139995
28.272468571853388
28.292023280231295
28.31291315730384
28.33691495210911
28.363932678365508
28.392974583366822
28.421940052530843
28.44693239199325
28.471344460550696
28.495567004034854
28.514911227960848
28.534560351888757
28.556233639452074
28.577952590648025
28.60094090807744
28.626886436449926
28.654376138717385
28.681037369805228
28.701074534452324
28.727483240087757
28.75542771009524
28.78495423118791
28.814552317560487
28.841917275200547
28.869049678434152
28.896090212969103
28.923280646851484
28.952235402986364
28.98219253419276
29.012010366800315
29.039316805043246
29.061079643081214
29.0837491515743
29.108688077587257
29.136205996689103
29.16534016964293
29.195320509498654
29.22220050420241
29.24147891964942
29.263664466868896
29.291246447587127
29.315934909315732
29.341115842158366
29.367734113145367
29.39142733318178
29.41303700753529
29.43344593237251
29.45672879223007
29.48008016548602
29.50109675998911
29.519575950391264
29.534964182360035
29.550279575269382
29.562629058412234
29.57956950630303
29.598895676219012
29.62354533792502
29.649394762068574
29.671961414285
29.69015113255422
29.70709888849084
29.722400673912414
29.7409517094112
29.76583510222795
29.79315459402693
29.81889602526988
29.844118494920068
29.86936700540163
29.897985236980688
29.92680201337007
29.95657575111622
29.98614662963457
30.01581108882679
30.04552717262502
30.073885396858902
30.100555803494878
30.12803543324048
30.15513304977216
30.180848850042537
30.20789402876202
30.23335792553815
30.25744836450462
30.28402303872105
30.312133012000242
30.33996450031166
30.369000814411386
30.38962375083852
30.418483579232134
30.448250262684248
30.476699446144245
30.502845624343166
30.52380863301978
30.54529384681781
30.5707522597404
30.59911522682229
30.62630216345872
30.656108989331784
30.686123317848956
30.716197456573124
30.746283073844957
30.776328717934827
30.806314025672368
30.836372701600926
30.866495966752293
30.89065885717323
30.91998852020918
30.944926877135035
30.96987752807928
30.994746369015864
31.0227512148332
31.051368016501076
31.07643727811015
31.100596973865745
31.123324653607604
31.14216403854217
31.159288099373047
31.183003061401884
31.20798084863877
31.231549143514204
31.256165059937388
31.28289893143862
31.312179248567624
31.342264670229795
31.372259575824096
31.402218248354032
31.43193214378276
31.46186419854953
31.491850025073823
31.521773108350487
31.54490445099522
31.580611543503732
31.6098207029699
31.63380222469967
31.66812621577403
31.69146302550153
31.720355915441946
31.74755256731039
31.77593566020689
31.805762507349037
31.835777835551706
31.86567344214595
31.890744773763455
31.91278187633134
31.936005293072533
31.959708293910207
31.980799232566334
32.00736573215753
32.03730276509171
32.06727883108336
32.09724820723476
32.1272340327118
32.157243940068824
32.18730558911002
32.211100901660174
32.240681729703
32.27057762072295
32.300611854990976
32.33067153617776
32.360688129104666
32.390693010936296
32.41894452724516
32.44554074680954
32.47136319966573
32.49680176424562
32.52178961214457
32.54568831447694
32.57227578149591
32.60164971906954
32.63083966868526
32.658913344177215
32.68312451134799
32.70084958409935
32.72392861437274
32.745483765486256
32.76855119004012
32.79221023809991
32.81816481921663
32.846228904193325
32.876176062217105
32.906156350431225
32.93602569223495
32.964719512649786
32.993546901343684
33.02216219620056
33.044760509500804
33.07068675545365
33.095619095089376
33.12409895091299
33.15338721250656
33.181880561478636
33.207696730656565
33.23014944589798
33.252893283107746
33.2782122507828
33.30689190661451
33.33565797122519
33.361929807557914
33.388737950656115
33.41791156765396
33.44783821584844
33.47187078577772
33.50193676508982
33.53198345530947
33.56209230597975
33.59021063317048
33.616175767173175
33.64136630264474
33.66825224392489
33.69829504533124
33.72716368841225
33.75547473931375
33.77906494507198
33.8023217515114
33.827115803226384
33.85325089994023
33.87798607010698
33.89555433757841
33.916766926962445
33.9446994933762
33.97447139434484
34.004273800022546
34.03412865459599
34.06399060036108
34.093324065344525
34.123241211753516
34.15254399835568
34.177136142527644
34.19899986327643
34.21741442102399
34.241430539330025
34.26528156353287
34.29984116881456
34.32324789205332
34.351988846014926
34.38165631367859
34.4115806156371
34.44150918320373
34.47145743814926
34.50017696680972
34.52996252781208
34.55604583815991
34.57855814868605
34.60487660675113
34.630255517328706
34.65699325433524
34.68693232944613
34.71682774177377
34.74671526275975
34.77662363569733
34.806639512777096
34.835260939408414
34.86440536160335
34.894072113898225
34.91767436805911
34.947631051470886
34.976650510706314
35.00340691665418
35.02521155479815
35.050041733394785
35.07841312153631
35.108157658657106
35.13800973618961
35.16773748110654
35.19607481906415
35.218524508521796
35.24044057465379
35.261802160728635
35.28213681604852
35.30212411806518
35.32255719025244
35.345500824911454
35.37008298249019
35.39831926835862
35.42499607392442
35.454386167254775
35.48136466979262
35.50780007670422
35.536513090430674
35.56609555467641
35.58994954719193
35.61971749331883
35.649694677679285
35.67971806088794
35.70970281205498
35.73970921989926
35.76979883890682
35.7980921845088
35.824067912783
35.84618069818262
35.870634156191684
35.89814900757552
35.92457227371947
35.94742146770317
35.971786001263716
35.99982572796687
36.02593273263199
36.05148588994811
36.07754162619885
36.1019991233998
36.12447405400667
36.14950596113569
36.17721577923735
36.202891394631024
36.226790468430956
36.25409468748132
36.283907953198835
36.31361905194719
36.34083782011608
36.36185461459824
36.387161365906735
36.408141266124055
36.42358645083707
36.43671231341972
36.45023797237993
36.467682886699556
36.48761873344179
36.511211533994526
36.53486470740547
36.55937723406279
36.58336860090025
36.600484776433085
36.62361364245806
36.64305366439366
36.66431991750128
36.68881661933311
36.7142599481972
36.73990021249523
36.765054934540196
36.79170955412307
36.817507122741475
36.842519193865165
36.8705190334917
36.90016957945257
36.92996820090219
36.95851839614092
36.988231301711856
37.0179492066118
37.04758238433401
37.077077225100304
37.10242375164292
37.12754614980431
37.146808200029895
37.16856518232911
37.19056407713264
37.208628764508376
37.229728095717995
37.24997357697518
37.268342322110755
37.28553044135878
37.30426994495626
37.323512813496684
37.347464983560585
37.37631362025088
37.40629996614366
37.4362383170252
37.46639142440457
37.49651180519822
37.5265382475043
37.556429877159644
37.586347084237175
37.61628132192483
37.63968825547225
37.66972051147715
37.7056142240885
37.729571271527526
37.75954396210702
37.78953962769288
37.81957885736043
37.84965160579802
37.87826387900668
37.90457754360685
37.930562749074234
37.95651733043237
37.98498417243019
38.014838688894294
38.04478298856757
38.073232264116854
38.1024432485557
38.132442899483884
38.16239999562572
38.19238629213489
38.22241429690034
38.251999184675945
38.277129153894975
38.2977052493112
38.319078375894975
38.344708496527105
