481.94216594782694
481.9629632344693
484.38190194152
484.397124354675
484.4059733407812
484.40855026081005
484.40857776040457
484.40858685404055
484.408596100848
484.40863334724315
484.40866937556723
484.40871611729756
484.40871991490104
484.40874035674506
484.40877933163625
484.40879096210983
484.4087975676857
484.4088217198578
484.4088379403262
484.40884801515324
484.40885787043175
484.40885873579424
484.4088677091679
484.4088687681888
484.40887280269527
484.40887415553385
484.40887554196047
484.40887718901763
484.4112753262335
484.4200736228288
484.43527333284123
484.45553742112895
484.47633718169345
484.4971345009066
484.51793072743027
484.5439272492233
484.5647252845316
484.58552268023504
484.61151889863714
484.6323161827778
484.65311383595446
484.6739110793568
484.6999077860047
484.72070506326236
484.7467018499833
484.76749913205225
484.79349575085075
484.8142932325981
484.8350904193725
484.85588785683393
484.87668528150294
484.90268186322623
484.9234791750084
484.94947590164804
484.97027315229246
484.99107063417256
485.01706715420653
485.0378645332166
485.05866189304555
485.08465852580747
485.10545599450296
485.1314525103977
485.1522499332447
485.17304724828267
485.1938445562412
485.21464199345974
485.2406386037965
485.266635249197
485.2874326067921
485.30823009527444
485.334226594196
485.3550238318188
485.37582129011446
485.4018179524394
485.42261535810405
485.44861189214816
485.46940912898066
485.49020665700886
485.5110039237134
485.5370006390636
485.55779784963136
485.5785952109337
485.60459196984715
485.62538920073786
485.6461865633704
485.6669838611803
485.6929805249414
485.7137778739904
485.7397745324093
485.7605717987594
485.7813692030675
485.8073659327007
485.82816310079795
485.8489604448241
485.8697577702271
485.890555169389
485.9165517676149
485.9425483803804
485.9633457602102
485.98414310926734
486.01013962639564
486.0309370045132
486.05173430463094
486.0777310823456
486.09852827867377
486.1193256960242
486.1453222151299
486.1661195798184
486.1869169416285
486.21291364576626
486.2337108369135
486.25450813228787
486.2805049048086
486.30130212185185
486.3220995097499
486.348096063669
486.36889341422835
486.38969077074375
486.4104881880044
486.43128537271156
486.45728195638793
486.47807938027785
486.49887660239483
486.5248732503341
486.5456705635472
486.5664679527062
486.58726538714274
486.6132619546935
486.6340590734698
486.654856550447
486.6756539507158
486.70165043582205
486.72244777813074
486.74324526509275
486.7640425498423
486.79003893735614
486.8108363661595
