-2.520867223896995,-0.2724941594634698
-2.545953884080961,-0.25598735337559764
-2.5658821037693977,-0.2426181276209215
-2.57553529769907,-0.2361958751393099
-2.579869364362541,-0.2333220658580096
-2.5838693738322474,-0.23067009756677556
-2.5965516136926263,-0.22229821828679583
-2.604907302776727,-0.21681750767629987
-2.605950537175257,-0.2161363769979121
-2.605948815257318,-0.21613786958528264
-2.6059489053069207,-0.21613785029244442
-2.605949848116156,-0.2161372414444107
-2.6059496858701503,-0.21613733466561913
-2.61118697672413,-0.21273818157025826
-2.6243769848004677,-0.2041985717606995
-2.642728837438201,-0.19194680483588464
-2.6659105902000024,-0.17514460866215828
-2.6848027799025966,-0.1602196547992377
-2.707425751229066,-0.1403485959920533
-2.728678481877773,-0.11899829703576197
-2.748346435111552,-0.09616038339292542
-2.7659178645713145,-0.07161519716534087
-2.7778047864167132,-0.050549810320056274
-2.7892542085681753,-0.022565203783209295
-2.7971750757603298,0.006571254200154328
-2.802276749309356,0.0362504578534401
-2.80623393448368,0.06572828085479425
-2.809720905065077,0.09522078850688845
-2.812724349157015,0.12493396008475369
-2.814631885953711,0.1488300974304616
-2.816568873071367,0.1787707436250554
-2.8178865386158205,0.20273790372188888
-2.819261149002643,0.23271343784751541
-2.8203731651286983,0.262689483438728
-2.821464552044062,0.29264890806612026
-2.8224530137652715,0.31660586632851323
-2.8238596526106052,0.34654790466567187
-2.8253769309951076,0.3764926518630922
-2.8269617884742324,0.40643582369853454
-2.8286104816505118,0.4363786955836877
-2.8302884539731905,0.46632803214873625
-2.8319602292550896,0.49628047892463584
-2.8332928080778106,0.5202422069834235
-2.834949123579812,0.5501961561275615
-2.8366220673922045,0.5801450325837771
-2.838353502367808,0.610091015319585
-2.8401361833591245,0.6400343238022764
-2.841955071516085,0.6699767132136003
-2.843799266363253,0.6999187229816173
-2.845260333471391,0.7238760266421738
-2.8470353277268354,0.7538279803900004
-2.848721493089755,0.7837857330807592
-2.850317419147371,0.8137486587023929
-2.851865395344946,0.8437064095601705
-2.8534998969533865,0.8736541966938539
-2.8552911909626313,0.9035881532129267
-2.8568778536781605,0.9275231607105252
-2.859105206261748,0.9574212035304408
-2.86163056365165,0.9872982375141297
-2.8643685507158985,1.0171609462864153
-2.8672861602458983,1.0470065828788595
-2.8704701426172288,1.076812889070058
-2.8740510612014885,1.1065734114122183
-2.878032005081841,1.1362794674922783
-2.881531701869133,1.160001854908095
-2.8862875773960006,1.1895921926222408
-2.891505388882383,1.219105726353388
-2.8971419214483123,1.2485454133283203
-2.9031513599495207,1.2779125098034878
-2.9082171462834934,1.3013531792787298
-2.914859205455998,1.330584652603866
-2.9217795527024966,1.3597657368801783
-2.928994677543097,1.3888451038835867
-2.9367160165714927,1.417811866010733
-2.9447527860212213,1.446692029696432
-2.953126606390617,1.4754780553074491
-2.9617853664657985,1.5041809798733197
-2.968932721677189,1.5270745171584936
-2.9781107697129268,1.5556177045272404
-2.9875627381653764,1.5840702992028057
-2.997260710074343,1.6124431585339298
-3.0071915365824964,1.6407341891514688
-3.0173753030197634,1.6689338968137035
-3.027838275803489,1.6970289723807233
-3.036415638850244,1.7194279226783764
-3.047378171670186,1.7473325391000634
-3.0586587732927746,1.775105372002482
-3.0703303095725767,1.802708194413151
-3.0825100179025444,1.8300769591443895
-3.095366472472274,1.8571251982057009
-3.1062113990121647,1.8784856668212584
-3.120367173719742,1.9049052984744241
-3.134689999403209,1.9312568094970253
-3.1491253959180048,1.9575475519878407
-3.160635068712849,1.9786231445905675
-3.174827583535518,2.005069572753343
-3.188866147019374,2.0315897352413343
-3.20281702648794,2.0581577749870488
-3.2166241976372842,2.0848048902685705
-3.227541428331902,2.106188553893582
-3.241026207442941,2.1330029044927694
-3.25427065167377,2.159946602621068
-3.2670801911191862,2.187118523118886
-3.2792084075345045,2.214614108569426
-3.290621855149922,2.242397652885662
-3.299428736837186,2.264746326182234
-3.310153405677247,2.29277904890329
-3.3207513255086316,2.320847849662082
-3.3312932920783482,2.348938849550114
-3.34180675228943,2.377032537448129
-3.352534948104705,2.40501597799149
-3.3614801894154045,2.4272544024526552
-3.3730932913373333,2.4548804766366903
-3.3850583955795606,2.482362066163813
-3.3975787378885323,2.509577127930696
-3.410695353905075,2.536513501425652
-3.421536553723072,2.55789927771479
-3.43533278411763,2.58452312975429
-3.449254657831792,2.6110898809863374
-3.460452520692247,2.6323100021027757
-3.4745757775213684,2.6587609582518157
-3.488932912493486,2.685079578150402
-3.5035884452233526,2.71123043567616
-3.5185578420029113,2.7372014092242316
-3.530743986758071,2.757859386139145
-3.546209638142722,2.7835460378840193
-3.5618794028209675,2.809111568006826
-3.5777705210220274,2.834535034972245
-3.5938971776556823,2.8598127585804165
-3.610219220877935,2.884966872854832
-3.6234068679845755,2.905007947270939
-3.6400410469959827,2.9299573656681
-3.656855427689959,2.954785193514034
-3.673880308377463,2.979472577298945
-3.690966730625419,3.0041284914765534
-3.708161800609684,3.028694393261685
-3.72203218055802,3.0482691634617587
-3.7396612825812046,3.0725070500914073
-3.7539516294720334,3.0917652949709717
-3.7722103495900186,3.1155152557162764
-3.790853820241978,3.1389924825376485
-3.80973717508559,3.1622854950825383
-3.828935834502073,3.185300732251962
-3.848304660538328,3.2082095608796064
-3.867694336553463,3.2310838108906355
-3.8833528148555074,3.249269634600671
-3.902997933603345,3.2719055700086495
-3.923066053976842,3.294138719356144
-3.943896239432228,3.3156125223506674
-3.961069191618374,3.332335448677152
-3.98286782432712,3.352888419169313
-4.005201832898833,3.3728132867133924
-4.028256096700863,3.391934951307672
-4.051572554314741,3.4108098112026397
-4.074882941445403,3.429676605654334
-4.098389741299718,3.448280759138671
-4.117381226685163,3.4628981886525834
-4.141460435443144,3.480759320302988
-4.165634342370072,3.4984958889488307
-4.190028829068755,3.5158995280903658
-4.214790839394388,3.532718824197204
-4.239901998552452,3.54904175748394
-4.2650454975218866,3.5652850334638093
-4.290201082629448,3.5814216650858874
-4.315493500614808,3.5972725369061918
-4.335869189146651,3.609643409892342
-4.361507300819701,3.624419294560098
-4.3875937326337295,3.6384478655319827
-4.413227096732666,3.6510812285760172
-4.435899302147838,3.661443809771908
-4.452183292337097,3.6686533974109787
-4.472382894518687,3.6772783041133374
-4.497854000886288,3.6872506785288466
-4.526195839767634,3.6966570572135047
-4.549231371129782,3.7031028435430726
-4.578371450519782,3.709784182655765
-4.607817923524206,3.7150618364647743
-4.637466324827721,3.719161944290471
-4.667242316040905,3.7222481422364595
-4.6971048842725285,3.724320394865188
-4.721043664481386,3.725303169818221
-4.750988908277682,3.7258311519710463
-4.7809474459177475,3.725669883300596
-4.810900025789359,3.724866260059854
-4.8408537430294905,3.7236124262906376
-4.8708039192088295,3.722099753407867
-4.894783287173351,3.720888741569172
-4.924764592336898,3.7195858563052018
-4.954730683085468,3.718300226810766
-4.984693462797696,3.716884606498362
-5.014674109104368,3.715512316977425
-5.044443532136619,3.7142320229085635
-5.068203965909896,3.712926640651903
-5.098286280124953,3.7123365183589425
-5.128310716710564,3.7133029375799746
-5.158268554739,3.714467001461045
-5.188219177043601,3.7153228121925155
-5.218201192121755,3.7159237839762658
-5.2421992569688305,3.71657059215264
-5.272210166373734,3.7172901149620037
-5.302183815534415,3.7183348818536266
-5.332159736068627,3.7190923042905593
-5.3621598045372885,3.7198915013574796
-5.392163822039937,3.720794997535339
-5.422129937268546,3.7219387251666163
-5.452142873153208,3.723098817723127
-5.482097048998322,3.724588782346035
-5.51205260177805,3.7257774873694487
-5.536028357585195,3.7265414778852692
-5.565998093300824,3.72723250940722
-5.595968621790349,3.727554792634031
-5.625946718732962,3.7274526619017627
-5.655926025042546,3.727032610203401
-5.679919932483704,3.726566882750308
-5.709921696572368,3.7260342304763263
-5.739919442115551,3.7256001814982875
-5.769920634133537,3.725151784690231
-5.799927646797242,3.7248544180322005
-5.82391991656964,3.724642077800958
-5.853911614653832,3.7242361553396224
-5.883913375199527,3.7238230966233967
-5.913906649342801,3.7234543062567544
-5.943898069931472,3.7230017803575737
-5.973900025032522,3.722549964485244
-5.99789153421418,3.7221868005167815
-6.027865986493881,3.721553956349313
-6.057855888671536,3.720799057689688
-6.087839036285284,3.7200735416666273
-6.11780933586054,3.719251835912749
-6.147771501955374,3.7184684768625655
-6.177716193431042,3.7176944499251388
-6.2016488462665,3.717006999383607
-6.231544342441057,3.7160650909687694
-6.261437045085571,3.715019996798031
-6.285258714782478,3.713953091554661
-6.315167370261942,3.7123171804756585
-6.345024820994999,3.7106449864741826
-6.37475176105078,3.7088363040244845
-6.404513602497373,3.7064667937878153
-6.433386702122313,3.703119905941669
-6.455849789386964,3.6997805245478728
-6.468471608743484,3.6976352066523273
-6.479616675709129,3.695771301843079
-6.484812395308292,3.6950462402575317
-6.486915191032518,3.694877952615732
-6.4954713189642375,3.694408831572887
-6.512662140813898,3.6939519627875916
-6.522655405254895,3.6938628296570815
-6.523872399353274,3.693862228862508
-6.519785361914947,3.693619919880374
-6.514117130810509,3.692969324503278
-6.514979498711715,3.693180442631032
-6.524606966676453,3.6957683550945997
-6.539613996556943,3.700707749119426
-6.5591445699778586,3.7076676449011754
-6.57816214496524,3.7142741732845983
-6.6062131573025065,3.723004852871416
-6.6351565367394185,3.7305854407575962
-6.658519842678988,3.7357833378886807
-6.687830912601414,3.7413537584799204
-6.716030315003297,3.7463411007827596
-6.743462321636165,3.7510108337769927
-6.7668604049407906,3.754999438963516
-6.7812309407199445,3.7574216625837353
-6.788764464893046,3.7586912948505438
-6.793292675380758,3.759467346579919
-6.790800583892119,3.7589972801242255
-6.785818847805351,3.7578523481060158
-6.782801295976552,3.7569919024590916
-6.786250576680609,3.7581355135193304
-6.798537121962262,3.7626625910636857
-6.815073758773593,3.769090144048392
-6.836120597750377,3.7767779015884733
-6.863508002470657,3.7853079576324276
-6.886480579691585,3.7919042775099245
-6.915004017798306,3.8009609267278774
-6.943290365793188,3.810163464206271
-6.968987087311256,3.8175600952552418
-6.982988161763131,3.8212384482843382
-6.994380725580235,3.8240237438528406
-7.000559423480082,3.825565423526171
-7.003990363352357,3.8265918951163087
-7.013164224290981,3.8298934637108766
-7.024465797656338,3.8345915964069723
-7.044704432439183,3.8446232613737803
-7.0676976714461155,3.8573704746214847
-7.093707599179429,3.8719619102969363
-7.120094384542237,3.8861266071557146
-7.146793796412545,3.899436167072644
-7.164673877199481,3.9075147378530457
-7.179044852210342,3.913384799267951
-7.184231535017063,3.9152794316600747
-7.179943996792584,3.913991637272849
-7.167120090984533,3.9106135471253554
-7.149042134746801,3.9061158668043174
-7.123626003598439,3.899760485591198
-7.101906221807609,3.8935061412326215
-7.075411943587558,3.883772767246931
-7.05247403833051,3.87351644706778
-7.038589585142043,3.8665521940033583
-7.034017255401389,3.864021853658582
-7.036106955839812,3.86533477005495
-7.046417684467004,3.872340519684119
-7.064352099944841,3.885725138517765
-7.086352198087128,3.903270635283
-7.109465513856595,3.922485382340704
-7.127446387428877,3.9384321797637174
-7.149471184543376,3.958875053485011
-7.170994957300433,3.9798336593030688
-7.187739518074927,3.9971338350498438
-7.206973586244754,4.020408311262709
-7.2231711546329755,4.045864430317717
-7.237343272930242,4.072432058228788
-7.247137343533627,4.094487354535089
-7.256203750342191,4.12288583601106
-7.260434002640438,4.144682525871255
-7.2613808092838354,4.156850644109252
-7.261381886966842,4.159062409799081
-7.262704286307145,4.151800818067217
-7.264833165861978,4.144698183983275
-7.265520574906484,4.143001226153791
-7.260693822060911,4.149589827247056
-7.25143528188072,4.158902954890931
-7.246288327962145,4.1624932725103125
-7.233647545816784,4.168169976521644
-7.210542822149912,4.17409562957736
-7.181703328299627,4.176767140947479
-7.158284189066391,4.176547047912892
-7.128346628308406,4.174683064884
-7.098554394803597,4.171948716893411
-7.069176321237356,4.169139773324039
-7.045372726863913,4.166815193904143
-7.015702637909811,4.163874931042064
-6.986733876425142,4.161129802788818
-6.957684768330041,4.158956720607025
-6.933787773184994,4.157125637638209
-6.903958458764765,4.154630281705212
-6.874116692048297,4.152074637157079
-6.844269181362321,4.149397939966193
-6.814491713356059,4.146631972666569
-6.790614934274106,4.144262970536358
-6.760812879965159,4.1411724389612115
-6.731044730225929,4.138043830264652
-6.701599420136533,4.134927246939185
-6.672252112287762,4.131826095449877
-6.648536054491744,4.129333766972319
-6.618915097021465,4.126193448739654
-6.589847610385159,4.123115528562123
-6.562220106994447,4.1202625245909585
-6.533304535615681,4.117249822784062
-6.509925056787998,4.114768410169108
-6.480632466778419,4.111701181372643
-6.451304803705311,4.108762005209848
-6.421811470267187,4.105946832512395
-6.392243982705904,4.103280731879678
-6.362716257731685,4.100839197775657
-6.3333082339206745,4.098636275493682
-6.310015464962086,4.097057853075909
-6.2809707023983545,4.09538739063468
-6.252013285641016,4.0939773982169
-6.222634872753115,4.092991424854818
-6.193250470891889,4.09246492042036
-6.164255117199607,4.09237152061136
-6.142346102624963,4.0926149600570545
-6.11575912743558,4.093277064904698
-6.088840578783123,4.094286879963657
-6.061939513280421,4.095609691618319
-6.035478241839769,4.097265879895103
-6.010449655665907,4.099175292332411
-5.99185529173877,4.100866633772622
-5.97050949242164,4.103086394841635
-5.952482413796453,4.105313398395206
-5.93405959746618,4.1079262361108775
-5.9176985815515195,4.110453103722832
-5.908186179534083,4.112032127459938
-5.90228109196828,4.113099427520794
-5.900855349026583,4.113400589473378
-5.891635946502642,4.115696433949721
-5.878366729914024,4.119379289314013
-5.857567029192116,4.125340461895936
-5.832364538426216,4.1320432034080525
-5.807109268888754,4.138106964313244
-5.790348973884695,4.141772548280201
-5.772566703833944,4.145490630433065
-5.754080391084985,4.149347841931973
-5.735051102818468,4.15331897341742
-5.715391868230646,4.157414288866267
-5.697985432535891,4.1609758165937265
-5.676314911496121,4.165271226086485
-5.651084134779296,4.170150926221617
-5.6232148371092965,4.175258718237136
-5.594395006736363,4.180220936783233
-5.571423287065244,4.183926107417462
-5.5426748341711995,4.188500399155738
-5.513734487268406,4.193038433779367
-5.4916226951604425,4.196522275708607
-5.464188632627228,4.200923677915376
-5.441521148487995,4.204626109500069
-5.4250279683285525,4.207541862474454
-5.403872445932397,4.211637304590146
-5.3777377283221695,4.217016215329454
-5.352638885624429,4.2223187619152265
-5.330551433772193,4.227150534032733
-5.302331500882615,4.2333292350644225
-5.273358038181078,4.239632508120947
-5.250016029499977,4.244570850531036
-5.220684637719868,4.250635351561436
-5.191271704413195,4.256548829586052
-5.16184078206428,4.26236944166139
-5.132523815964237,4.268338659203262
-5.109158708117892,4.273621568830048
-5.080181973374932,4.281124957556673
-5.051455861948219,4.289564664133695
-5.022998900958588,4.298872995551653
-5.000474163130788,4.30700509409845
-4.972681623526083,4.3180875913507695
-4.945373881307467,4.330318940881336
-4.918545229710074,4.343584488304464
-4.892205979396735,4.357802103960975
-4.866440920063221,4.373013154491749
-4.841387714812869,4.3893425400798876
-4.8219686285953705,4.403313640690252
-4.798398641755968,4.421754659904025
-4.775425261083688,4.440950319992756
-4.753243825170856,4.461029706524343
-4.731880705365319,4.481980965008641
-4.71134414101376,4.503744478916997
-4.6955559306133114,4.521733751922233
-4.676904609931178,4.54508528172194
-4.659702998828635,4.569517251066239
-4.644049444072277,4.594963506135868
-4.630157822689977,4.621400555443294
-4.620211960803405,4.643148129439414
-4.609005131695297,4.670869704977686
-4.5993488946293555,4.699160689351447
-4.5908901894499845,4.727884572319615
-4.583231718205976,4.756822232793526
-4.577187279233221,4.78607332175726
-4.573359647908609,4.815634355520001
-4.572655105857429,4.845429440486956
-4.574553756083097,4.875225513764858
-4.577354857882677,4.898980043372729
-4.5823628464446235,4.928437726046856
-4.588943279935339,4.957617322528837
-4.596929982971054,4.986437387291126
-4.606117963118422,5.014912535191305
-4.614414198163482,5.037349674105439
-4.625914949176415,5.0649708125218575
-4.638772918931987,5.091952949632202
-4.653153835646634,5.118155425589283
-4.668904996074111,5.143578092699561
-4.6857662164602925,5.16830708294979
-4.703251361156266,5.192634253278187
-4.721395513716493,5.216452204002193
-4.7402246434616755,5.23973680831055
-4.7557646807962435,5.257969492941671
-4.775694767339829,5.280338712564815
-4.796099379303009,5.302271366996218
-4.816963211086369,5.323779517206797
-4.838132693596718,5.345016938676071
-4.859382513795991,5.366176834264068
-4.880885726510167,5.387048357729784
-4.898398535965653,5.40339409045058
-4.92080272124032,5.423278557837023
-4.943594888184501,5.442730251764898
-4.96674669759812,5.46175647824317
-4.985499961571235,5.476693433793611
-5.009171750047616,5.495091154071714
-5.033017276780299,5.513262209169681
-5.057093610400558,5.531107905406855
-5.081450976943077,5.548569200837206
-5.106114841601238,5.56558156013717
-5.131088361476505,5.5821472373345555
-5.151264294922396,5.595095952230839
-5.176724952693,5.610911869818194
-5.202400383298362,5.62637323918807
-5.223107716529755,5.63845731278355
-5.249250081538328,5.65307273656866
-5.275802950441589,5.666905675429569
-5.302829041642292,5.679711900223009
-5.330407279776836,5.691349041052433
-5.358387946498952,5.70192704644652
-5.386834172847662,5.711141745625952
-5.415721989042339,5.718824219536121
-5.439115828987879,5.723821330474338
-5.468602286113401,5.728912229702715
-5.498272850113335,5.733048046223269
-5.528029902579043,5.736602173648282
-5.551880904449004,5.739244155173817
-5.581688534022597,5.742617217249031
-5.6115146079568845,5.745935800593907
-5.64131640183036,5.749314769307219
-5.671135652342668,5.752685538438179
-5.700938364023507,5.7561348345845555
-5.7307337177294455,5.759662925306772
-5.754567062676695,5.762517494556925
-5.784343834821225,5.766078110437038
-5.814141863896776,5.769121565656488
-5.844016558771509,5.77152291065885
-5.873940724001979,5.773795837123254
-5.903852558066457,5.776375745157383
-5.933730159260202,5.779271107866141
-5.963574496701403,5.782377774138618
-5.993409496419062,5.785479521247326
-6.01728196383218,5.7879101486004565
-6.047133061474289,5.790891522580439
-6.076982070900768,5.793815814307636
-6.106849646687192,5.796756755491652
-6.136694362070474,5.799977892661185
-6.1665014390307356,5.803276644201821
-6.196324989582826,5.806258650395526
-6.2262052854906,5.808921008877719
-6.250102375996111,5.811103171120894
-6.279981874928475,5.81375639288947
-6.3098682147377865,5.816377696183277
-6.339754288891569,5.81898848934304
-6.3696334475158585,5.821595511717707
-6.399522645564663,5.824071072222069
-6.429431181212718,5.826478690339113
-6.453355404583959,5.8285681687414845
-6.483239130353146,5.83134226135724
-6.513088129560727,5.8341240373572445
-6.5429746372497695,5.8364341183857125
-6.572899903367911,5.838753675732534
-6.596821986870485,5.840678815133875
-6.626731141928365,5.8430766398228355
-6.656631580418832,5.8456066420291455
-6.686518883285319,5.848203052392206
-6.710429132482431,5.850281962873925
-6.740309583323567,5.852807513772953
-6.770212510536499,5.855082901339466
-6.800137899581688,5.857468164364567
-6.830032631616113,5.860208645946485
-6.853926689745356,5.8625977602585335
-6.883768908264797,5.865853782697062
-6.913577167321302,5.8694090164530355
-6.943348090013742,5.873355321019882
-6.973042056833758,5.877851164044038
-6.996739167591815,5.881832309650044
-7.026271548166963,5.8872961262698755
-7.055694641267024,5.893353625206578
-7.084977749092615,5.9000473057803156
-7.114123068872672,5.907301802023492
-7.1431295514761715,5.915091678270235
-7.166229265152079,5.921701867963269
-7.194953495698316,5.93049319121378
-7.223490675704907,5.939867020079153
-7.251837179481731,5.9497966734708445
-7.279999585202074,5.960220297700075
-7.308003675875313,5.971044329769824
-7.330310856438598,5.979943231566569
-7.358103951935336,5.991259295227767
-7.38582190868289,6.002787220023009
-7.413428678925841,6.014585918723476
-7.435395936495478,6.024300719554783
-7.462744904846813,6.03666828691341
-7.4899801555920975,6.049283880460942
-7.517115868731707,6.062119275361715
-7.5440899779289605,6.075316562703928
-7.565517134543061,6.086177137764278
-7.592122590369162,6.1000888481074265
-7.61855985979271,6.114327160833741
-7.644740856733726,6.129047996187144
-7.670664311994907,6.144200188015562
-7.691256968214386,6.156558875925801
-7.716822541498963,6.172311480964189
-7.742167533391927,6.1884019546896925
-7.767314128766826,6.204810818053435
-7.787266287968574,6.218175654185145
-7.81202291476167,6.235170726369154
-7.836516307411666,6.252550612875353
-7.860675590015839,6.2703965690413535
-7.884492281767227,6.288703492188686
-7.90325864831126,6.303700925728297
-7.926492881756594,6.322721402190995
-7.949377698798274,6.342188641645579
-7.971757389801688,6.362242058204756
-7.99356218010135,6.382908974452768
-8.01071446617542,6.39973957217997
-8.03175605191804,6.421177221675271
-8.052364194163095,6.443027088295166
-8.072600503093222,6.4652167593744885
-8.088460659892036,6.483275356973779
-8.107798908163,6.5062707644270175
-8.126620042537969,6.529677377916449
-8.145038329331442,6.553394666276398
-8.163011343745936,6.577468011839762
-8.176979207359755,6.597031532165971
-8.193857969909832,6.621888751035783
-8.210097333503859,6.647172555711384
-8.225665217136633,6.672870771278099
-8.240681598026569,6.698881370599585
-8.255244210307907,6.7251435336128464
-8.269359246880049,6.7516529100574365
-8.280331761204542,6.773025563534783
-8.293640508432919,6.799947996147418
-8.303942029549102,6.821653905343347
-8.31638681063014,6.848987397364304
-8.328332848707879,6.876544855944998
-8.339756082101067,6.904322222246464
-8.350666326778244,6.93230442897006
-8.361090860267698,6.9604647756627624
-8.369191885536345,6.983068120226891
-8.379316027832497,7.011291053551833
-8.38977323097511,7.039382774395451
-8.400596067802585,7.0673556180515025
-8.411457276893056,7.095304039037776
-8.422521915893219,7.123175809306919
-8.431447575503293,7.145456665852967
-8.442528620783277,7.173342009572014
-8.453516020542368,7.201263879297784
-8.464455202210722,7.229193773181784
-8.47552677451196,7.2570678718924375
-8.484371951301524,7.27938943878594
-8.495021914694643,7.307486782378569
-8.504967910280552,7.335825951158195
-8.514498410443755,7.364298077904017
-8.523605919664696,7.39292129728334
-8.530574510822648,7.4158996027697235
-8.539004967492787,7.444713274812473
-8.547196298921902,7.473577772241057
-8.555469999646458,7.502401586828114
-8.563966541138793,7.531153866147485
-8.570986216777053,7.55408740368924
-8.57997275311391,7.5827022693599835
-8.588928892204652,7.611343831894972
-8.597717267184022,7.640039410931273
-8.606351085808125,7.6687797232442865
-8.613179380445732,7.691791106702971
-8.621632859998014,7.720586749493161
-8.629867276054604,7.749449927679106
-8.63789805325586,7.778366821547396
-8.644221379918033,7.801524756781483
-8.652033530911734,7.83049591043857
-8.658216993808034,7.85369030444822
-8.665894178635577,7.882693093285908
-8.673582745377987,7.911687170586526
-8.681389719778045,7.940638354224106
-8.689401964917131,7.969555035163689
-8.69735013147359,7.998472466595619
-8.703817518351197,8.021575400961416
-8.712088189656813,8.050397152537188
-8.720601375722513,8.079145045194771
-8.729429001128063,8.10779139914807
-8.738648607012596,8.136311476848427
-8.746297965574538,8.159040253284317
-8.756218356800408,8.187318591381333
-8.76669058351427,8.21538695508049
-8.777784145812946,8.243212453362908
-8.789498804411505,8.270793870050282
-8.801611549451657,8.29821340960203
-8.814084074375907,8.325467107701664
-8.824351485775662,8.347134878871117
-8.837561008733582,8.374039066806393
-8.851115971355261,8.40077805198025
-8.864941581506903,8.42738244280774
-8.879016955710915,8.45385459529756
