0.028803536165817635
0.050037727198050774
0.06865401445667235
0.08317727037067928
0.08759450987999488
0.08781005042834998
0.08781209870702114
0.08781333262130457
0.08781446611321642
0.0902360032680626
0.10227412669814757
0.12392052866555067
0.14871112156040153
0.17581951543944085
0.2014486874192141
0.2203986509792385
0.24561088418817278
0.2618769940942859
0.28419014600929154
0.30107723721864726
0.321328193862009
0.343766601116982
0.37116576483611063
0.3976224954346023
0.4237174613472816
0.45062416629773444
0.472077320585744
0.5011228712358384
0.5310247156392379
0.5610569303958164
0.5911038900496505
0.6210773217344056
0.6510015716017705
0.6809544453695096
0.7108679952899611
0.7347607158197795
0.7646173484969941
0.7934054923606938
0.8166046769380045
0.8362456606424219
0.8554152440379283
0.8710566167611408
0.8841269955748562
0.904841754063335
0.9304419305154884
0.9574204466430596
0.987413108020756
1.017354596685789
1.0471740671318706
1.0761186109546492
1.0969072263667419
1.1219244225883356
1.1482752147605615
1.175821769271809
1.204891501327928
1.2335780743842626
1.261731025721768
1.2903593963574669
1.3184530894506328
1.347683053951005
1.3776842756542818
1.4016999090640894
1.4317058306540762
1.4615935920873213
1.4915584753173725
1.521495520890568
1.5453762685179928
1.5753313760620622
1.6052104639250502
1.6350609502797704
1.6649869150477625
1.6949205455686158
1.7249871464690003
1.7550420858710414
1.779090005396199
1.8088461267158067
1.8383160803660958
1.868359084751349
1.8984364630761201
1.9224724990213222
1.9487868777457975
1.972322327494092
1.998453554889191
2.02474897026006
2.0497089247721
2.074284546697791
2.09899414101287
2.1261011120382984
2.1493926742258624
2.1737757355506635
2.193388096627617
2.2130151169487995
2.230316247008796
2.2514478255877015
2.275284163563197
2.30061914586188
2.3253278880604227
2.3444698306777663
2.361846085389791
2.3844067826009825
2.4039948501414345
2.4220275716282766
2.4410813786662335
2.4657601319174116
2.4955225422379614
2.5253128022344904
2.549175916301347
2.5790762458122174
2.609046768663659
2.6389045252956347
2.668675633459527
2.6979920813708222
2.7214345825891977
2.7499640798523064
2.776782569269375
2.8021162342677237
2.824163101206571
2.842611624979685
2.8673448168691626
2.8939959786590768
2.9191206114570507
2.9472221239191247
2.9772860193012742
3.007325647440238
3.0313191462419646
3.0612713121129778
3.0889772764334156
3.115967655803508
3.1420365711299922
3.1692907700361648
3.1982729164891612
3.228355980220372
3.258278222372931
3.2882561379050386
3.3179576578106094
3.343752922482606
3.365477144933381
3.393468928079095
3.423269500702971
3.4531771689807313
3.483081899374176
3.5123996550259724
3.541640400357159
3.5707539070273837
3.593865763445693
3.6232121372840242
3.652900884552251
3.6815517474761523
3.710960569464599
3.7407532994140267
3.768565688318804
3.7973445665761894
3.8273247883930326
3.857301019172394
3.8872155482045163
3.909719439097906
3.9360703936187518
3.9609134981902803
3.9891418344499656
4.018682923586559
4.048638159741672
4.0785995948629035
4.1086275681222935
4.132597370220937
4.162561918865349
4.192652335106009
4.222755834583085
4.252916354684719
4.282806281355485
4.31251862342519
4.342295493930335
4.372414349917223
4.396464237178045
4.426415060787308
4.456235060407846
4.485913454416569
4.515550796097329
4.544408127028231
4.573241755296961
4.60259200061063
4.626605140769034
4.656673406019214
4.686447833383992
4.714596148909137
4.744050744044254
4.771440775176128
4.795151482479094
4.8159052879574675
4.845837314917397
4.875062421167971
4.900509828905241
4.924328373758667
4.951000182676026
4.978010972338565
5.004609747972074
5.0309438168483895
5.057614750886086
5.078011905890102
5.0995453421089865
5.118079136138483
5.13724144177427
5.158674181823683
5.1815446301964805
5.204520904402862
5.222829072117497
5.245613947123535
5.268513190722582
5.291547548268377
5.314853070642009
5.337666590181996
5.358794626373548
5.38898397622698
5.419232380746794
5.449482778500959
5.4796254703442075
5.508519416565656
5.536049202323204
5.558583479489167
5.576960161192764
5.586095506425786
5.597899705829206
5.614010005874752
5.635478205235893
5.656818079608355
5.67801693477759
5.700707483175594
5.7243961434047215
5.748307906146954
5.77375190785722
5.801245370880325
5.830449976396521
5.854294368914381
5.884326613974777
5.912503595670695
5.940129876773643
5.96734183846605
5.99221358948296
6.0147077529442114
6.039028658790457
6.059056092468029
6.08371797474766
6.108529568163331
6.130879731229365
6.147081602476913
6.164370349961049
6.181784232695849
6.196385736460994
6.214523447808486
6.232536273585068
6.250417572056072
6.271796454458495
6.295519102804906
6.319904800895462
6.348618075333405
6.3784771485599405
6.408471761919711
6.4325579282319385
6.462746283266998
6.49290909681416
6.523057254750273
6.551989334957045
6.57742963342152
6.602957583864223
6.628406059136975
6.654812051692934
6.681567511231012
6.708260368896074
6.729746223469576
6.756751650216301
6.783747666759955
6.809704823473639
6.835649361831008
6.860102628788085
6.8871663627331365
6.917047107790901
6.941007402973206
6.970744360910321
6.999074261753421
7.028736578457328
7.058625736162105
7.088526045874253
7.118353681545883
7.147266294553309
7.1751309461633035
7.204291995811465
7.234082866539793
7.264016442346327
7.287901253483961
7.3177326183444285
7.347651936098325
7.37770313699444
7.407728493797961
7.437300221422714
7.46505649922434
7.492190767522569
7.511502908354378
7.5317926762540885
7.5505009283260645
7.568925795303955
7.582972392921389
7.597794065672637
7.6160096835494775
7.639450287440362
7.66184226322762
7.683738551261473
7.707666238502066
7.728644669579332
7.754931981790099
7.781956361696047
7.809769467485668
7.837686779459112
7.865540003629423
7.893416849188781
7.922004508804074
7.944927877040802
7.97370865653286
8.00328698751878
8.028587457354808
8.051064116883914
8.07193224553439
8.095230682389616
8.113293529041039
8.130837314183882
8.146751219392934
8.162085554391798
8.176077461130589
8.18795005136813
8.198999188555419
8.221267519851521
8.25061313125532
8.27972693828774
8.30968843023931
8.337172458172951
8.365443742484418
8.39453924278845
8.418479325930877
8.448410614217813
8.478311891551595
8.508242044573164
8.538177379029873
8.568142128783581
8.598157048175885
8.62760271587726
8.655708478861802
8.685804320888774
8.709863683585633
8.739921072638499
8.769825990596884
8.799538306181256
8.826589864326811
8.852245439370806
8.878899061579956
8.908414179366922
8.936107142314977
8.957899015420534
8.98655841165431
9.01298186535249
9.040178062358681
9.067447342609007
9.097231809138387
9.127315207266008
9.157378893022827
9.187431125617739
