-2.51722138890868,-8.069607808101964
-2.4920232778172173,-8.083483279115214
-2.4732749637723503,-8.09420416112604
-2.4694921843451954,-8.096451339761074
-2.466066811644891,-8.098516781685817
-2.4629962879719973,-8.100395408794679
-2.4528725824718536,-8.106829671822727
-2.450004472287849,-8.108766255510806
-2.4499578504406148,-8.108799738621313
-2.449957694179703,-8.108799782136373
-2.449956827041113,-8.10879977461742
-2.4499571107013396,-8.108800140681293
-2.449581235026667,-8.109061296478087
-2.442777398251278,-8.113802050924193
-2.427787269688599,-8.124291468565202
-2.40638655125485,-8.139427694812932
-2.3832810368443655,-8.156759344789512
-2.3599788559380954,-8.17425141905792
-2.337629391476784,-8.19021837170676
-2.3138157150083423,-8.206763150838515
-2.289032791381471,-8.22357194237289
-2.2637486777510363,-8.239614718494916
-2.2379171438707384,-8.254663946811567
-2.2111098898507993,-8.267729760740696
-2.1832130281375264,-8.278169988032293
-2.154381104425262,-8.285977253489762
-2.125126823036206,-8.292088815847903
-2.0955841078146826,-8.297130608941302
-2.0725386242478194,-8.30079830187065
-2.0424229548504065,-8.304891254415773
-2.0212695884573875,-8.307212573194661
-1.9866202354753102,-8.310321851273635
-1.9644547212079397,-8.311270912311885
-1.9350544463634916,-8.310661429858248
-1.906447834922626,-8.30827625338065
-1.877431008745237,-8.304670606607825
-1.84904489710583,-8.299957229137812
-1.8214459193307049,-8.293988882801505
-1.7937407578512352,-8.285924064595477
-1.7668153467840448,-8.275809508503245
-1.7428093757741758,-8.263915093719678
-1.7184944253575867,-8.248638696810376
-1.6952029744754205,-8.230644654753265
-1.6739247402838746,-8.210630798278082
-1.656883955634083,-8.190180839187052
-1.6441270867372058,-8.169710647174162
-1.6330420831282844,-8.14473369798013
-1.6242020947018898,-8.117262740073318
-1.6177264736552877,-8.08916100491711
-1.614016514051535,-8.061710141813995
-1.612270656832023,-8.036829402749978
-1.6116073020465789,-8.017292029025196
-1.611800080584249,-7.994295227853771
-1.61171054519993,-7.971169204723747
-1.610310307680699,-7.947651250252523
-1.6083017108898037,-7.921330847222682
-1.6061143221703889,-7.892096958392489
-1.603952765946056,-7.862989241769301
-1.602496097338138,-7.833949448069232
-1.6015004583973664,-7.807515204254495
-1.6010651881095777,-7.785830223273706
-1.6013645986310014,-7.765523650911277
-1.6026529816918889,-7.743269309956422
-1.6041622115527838,-7.7195654873508674
-1.6052665152739536,-7.697491697212991
-1.6060430528912093,-7.6780530749828415
-1.6064333581671848,-7.664127764066112
-1.607297269830697,-7.643959924973998
-1.6089031708458568,-7.622243654011846
-1.6110949761672222,-7.601655276135236
-1.6142066435324316,-7.577007750696856
-1.617103594250715,-7.553859225717623
-1.6198710790022217,-7.534285781763188
-1.6232341895325046,-7.513568381710191
-1.6272443278749196,-7.491493835149554
-1.6313406407523936,-7.471220440520512
-1.6360408162030515,-7.450960365064847
-1.6409019396330176,-7.434272072547882
-1.6480007354386226,-7.4170936581041165
-1.659899643764076,-7.395642736032987
-1.6752719848839543,-7.374324810486939
-1.6929900478125957,-7.355265345040563
-1.7127507997204479,-7.33808515557987
-1.7326767880631955,-7.322638350220035
-1.7451236372603138,-7.313779387306923
-1.7584776926898864,-7.305477069318349
-1.77441593314809,-7.297533904993977
-1.791977905525396,-7.2904095431203455
-1.8142757908115865,-7.282234042939814
-1.836851459916127,-7.273898937784515
-1.8594052324781298,-7.2653325731913965
-1.8816772178360195,-7.256167457007147
-1.9037395896354163,-7.246411352482461
-1.925502017622298,-7.235993732275619
-1.946992096391874,-7.225104852710962
-1.968273488220688,-7.213871006757755
-1.9895074214231498,-7.202463335490777
-2.0106070674219314,-7.190890550918249
-2.0316496608781556,-7.179269908915774
-2.052825739487953,-7.167877095036868
-2.0742383708104426,-7.156974546170868
-2.0957609397451162,-7.146279050486785
-2.120085406108529,-7.134314157935406
-2.1468284835542257,-7.120593670534341
-2.1732952624264685,-7.106423689819915
-2.1995672678771867,-7.091956517308104
-2.225839286139238,-7.077407077172333
-2.2519357810936658,-7.062537916887999
-2.277628690326332,-7.046971305346145
-2.302731722313563,-7.030300143222558
-2.326157264544938,-7.011320476348885
-2.347421529264757,-6.990194206854678
-2.362310088515408,-6.972265339994244
-2.3822093423621977,-6.9436196706767195
-2.394850913370907,-6.924221512943089
-2.4089657856857363,-6.903777852454911
-2.421137281528212,-6.887555356264368
-2.435316257854727,-6.870149166426679
-2.452757178029557,-6.849875266314555
-2.469775900277833,-6.830685006693824
-2.486834028796853,-6.8119040316368675
-2.505582493939353,-6.790784836668096
-2.5210111643245536,-6.7726683457888655
-2.536853355742442,-6.753841646317578
-2.553883426360602,-6.733671254278336
-2.571197017778936,-6.713770030079746
-2.59096336897292,-6.691706750614849
-2.6107727410079877,-6.669215128987026
-2.6293933436130854,-6.645789209515585
-2.6466450299420425,-6.621920531664646
-2.661597623938201,-6.600245742992319
-2.6755695729980675,-6.579339789272589
-2.689604520067982,-6.558619036021812
-2.701748389896488,-6.540863279695763
-2.7128495953325062,-6.523978418211621
-2.7278264190065924,-6.502072052001662
-2.7439755444717604,-6.478551657435123
-2.759643457036123,-6.4547203599718195
-2.774861247040369,-6.430045769824206
-2.787471338135376,-6.404813301840132
-2.7971234776311777,-6.37621873159409
-2.8013627407597026,-6.347095028278025
-2.800261994302909,-6.3190335364711325
-2.794993432345778,-6.294209986968893
-2.787096249407042,-6.269772879183237
-2.776849207618345,-6.242800833475121
-2.7661105795522403,-6.216032608314343
-2.7544727318648063,-6.188346384116023
-2.741834794358479,-6.161046815573179
-2.7286912204289497,-6.134187610949124
-2.718157510633388,-6.110827775173518
-2.7091672780699554,-6.0879462700522025
-2.7011698927375924,-6.063549770995715
-2.696999068472004,-6.048387394845743
-2.6924484419816266,-6.029386017044788
-2.6883516028071432,-6.008440297242118
-2.6854053749743816,-5.984436674090511
-2.683968312140416,-5.959651942150019
-2.683626099803463,-5.9319226575749475
-2.6845667857962554,-5.9036407570571985
-2.6871913784558776,-5.876979247230503
-2.6909226017302394,-5.852842414094744
-2.694470982656357,-5.833379902335683
-2.6972631369849056,-5.818916335461412
-2.7012320867572797,-5.801770546033459
-2.7065685704240203,-5.783220424049093
-2.71190600095577,-5.76453239266297
-2.7166279317382225,-5.742749303255238
-2.7205880296951426,-5.719706625468568
-2.725070711145965,-5.696894943608548
-2.7318458018860152,-5.67377481118353
-2.7415705765420935,-5.651476967957104
-2.7529572593670544,-5.62981862647058
-2.7644774038182933,-5.6080831310083905
-2.7745910634135402,-5.5855263490732
-2.782719503399164,-5.559370753883761
-2.788251739377844,-5.532443868065141
-2.792870163034288,-5.505539936790366
-2.7969399306607343,-5.482083149420335
-2.802339733631212,-5.452610743647604
-2.8078149006018704,-5.423081047199729
-2.81277901250909,-5.393463932595646
-2.8177891877667522,-5.363928964503849
-2.8235239346823646,-5.334667905646482
-2.8305776190613443,-5.306508304770984
-2.8381986267913493,-5.277607764671733
-2.8448758888954835,-5.249692822168771
-2.8514836424154115,-5.22090061753653
-2.8579214723861637,-5.192474493084708
-2.8642831006510154,-5.1664441806507195
-2.8707617504763365,-5.14195507827509
-2.878786370805777,-5.113386745165755
-2.887491792693782,-5.08534069416787
-2.896857047946077,-5.05704021190128
-2.9065306819321277,-5.028710543348685
-2.915386381870389,-5.000443246817008
-2.922382656351699,-4.976044491740022
-2.929035609792301,-4.952013694107342
-2.936992717167696,-4.923474014274822
-2.945342674327508,-4.894690823476494
-2.95441751164737,-4.866176376100832
-2.9645471475348324,-4.837981209240307
-2.9741469890111922,-4.811151376416519
-2.983049484569792,-4.784774477335419
-2.9924055049360354,-4.7574917559179335
-3.001762201489125,-4.730175208821093
-3.011067524219485,-4.705238273291546
-3.022557110671256,-4.679430905955311
-3.0364089339324276,-4.652922877529527
-3.0480841152382476,-4.631963200848864
-3.062846389478733,-4.605913294411055
-3.0818250257437567,-4.575403814017222
-3.0949018646559407,-4.555298401405846
-3.111170615687883,-4.530064261947103
-3.1269456439028747,-4.50447919646661
-3.142021800458809,-4.478479349473683
-3.1561254372676406,-4.451922610077293
-3.1694119217943943,-4.425099446530815
-3.182863791491733,-4.398340861151834
-3.196859454865536,-4.371820284621645
-3.2108258353211507,-4.3452585798905705
-3.224596836668422,-4.318576134642664
-3.2376681190976413,-4.291972844093976
-3.2494295258247385,-4.266488696191895
-3.259513093313144,-4.2415669020567215
-3.2670409235012396,-4.21823019977712
-3.273998248946017,-4.190362493777077
-3.279693057884931,-4.162151399567478
-3.283467300356244,-4.137917668534659
-3.2848995258799283,-4.115482144817223
-3.2837508129006787,-4.095003156934067
-3.2803818640115194,-4.077465963738181
-3.276325740813768,-4.065482627753272
-3.2716170265808073,-4.0551682102278015
-3.267042504428536,-4.045958125907942
-3.258950633714037,-4.029724017300966
-3.2507584370960596,-4.012725654807339
-3.2439752410496197,-3.998376771783781
-3.2356183177296858,-3.9810305450477483
-3.2267258104276904,-3.9629741594441574
-3.214492221381887,-3.9398854044012652
-3.2021313230762454,-3.9174884884791
-3.1897404290559264,-3.8949489511109605
-3.178944095367041,-3.8740581774623855
-3.168170682416488,-3.8523453876468543
-3.1576012113690366,-3.8328271137516605
-3.147063272487384,-3.8161437643463176
-3.1370113641492283,-3.8020897261903723
-3.129110877894173,-3.791619543633941
-3.1205029279223746,-3.780366776705333
-3.109736429048574,-3.7660467919226326
-3.098441533217066,-3.750563410272499
-3.0837677669654617,-3.72962988341389
-3.0672280640470175,-3.7059024091082438
-3.049087573351368,-3.6819348785372257
-3.0318163043302375,-3.659699437526342
-3.014443102054017,-3.6374720570972405
-2.997721238566875,-3.6147790525332697
-2.9842063474249767,-3.595638729082688
-2.968444606033763,-3.5720298339412135
-2.9532178479729714,-3.5478024539582327
-2.938484696960601,-3.5229258599337494
-2.9252386640339996,-3.499481594172378
-2.9127771917124443,-3.474361671350928
-2.901997996545291,-3.4496662115265813
-2.891972458998786,-3.4231768155377544
-2.8828094786821516,-3.395665796424026
-2.8747199030572657,-3.3669643861535823
-2.8692566869251666,-3.3376988533909286
-2.866685632624894,-3.30799089565675
-2.866919941376102,-3.2781655667621123
-2.8691365586185382,-3.248324043497895
-2.8716811962384607,-3.2183850210883307
-2.872663942063629,-3.1882740888442345
-2.8711420178157505,-3.158151433797882
-2.86767160598683,-3.1282970839554243
-2.864230024344664,-3.098548779052411
-2.8618576459859226,-3.068709295681979
-2.860186788428378,-3.038776207373306
-2.8591148022019923,-3.008870916890309
-2.8592880041322,-2.9789474949827106
-2.860020779436846,-2.9549677320760654
-2.8604663901330856,-2.926187790256648
-2.860272537354629,-2.901928599005404
-2.8596910661054413,-2.8784895204780465
-2.858843418504371,-2.8533123884863008
-2.8575256864908254,-2.826767088788164
-2.8565783632816037,-2.7988673720269106
-2.8555170858424184,-2.7692214625866707
-2.8539066297485456,-2.739254390857449
-2.8506054474699387,-2.7104236312867616
-2.8464004341892855,-2.6833467176612342
-2.8414032519239822,-2.657558627679275
-2.8351806009978247,-2.6309581628536307
-2.828645179179378,-2.604218994244426
-2.822436795051144,-2.578376370175599
-2.815330637724717,-2.5494089209496953
-2.8082886191682053,-2.520228830269826
-2.802085827375822,-2.497005677086125
-2.7939222335740714,-2.4681090629812847
-2.7858339907165384,-2.440753602675788
-2.777794492316718,-2.4130217502374327
-2.7697545160734065,-2.384167115332926
-2.762464636822748,-2.3558672119262254
-2.756546321921323,-2.328995776552022
-2.7509022022176057,-2.2998757360134223
-2.7458651283121327,-2.2707435903056803
-2.741557302444578,-2.245759223206101
-2.7371176741905896,-2.223353269968425
-2.7326698760773427,-2.202606823733835
-2.7274399372404097,-2.179931803289853
-2.721304746832888,-2.153708479823147
-2.7150186362459436,-2.125064027895105
-2.709906067283476,-2.098062996862083
-2.704361032702819,-2.0691448826006504
-2.6983723379192157,-2.0397197244269316
-2.6918996764876733,-2.0106061703913496
-2.6847398002808047,-1.9814982229422544
-2.6770313264262,-1.952469345461628
-2.6692619759023875,-1.9234848642508882
-2.6613753604235963,-1.895078274446092
-2.6548273026159337,-1.872375567514311
-2.6460540395692087,-1.840098315645179
-2.641206449143364,-1.8208980087825641
-2.635661847277841,-1.7987469385087407
-2.6282112089401397,-1.7676446019175143
-2.622988114691993,-1.7449362498850687
-2.617360008062641,-1.7221839973701285
-2.6117014478712735,-1.6995604328635672
-2.6046152364901385,-1.672752236299389
-2.5969785209040257,-1.643749408679863
-2.589356713322836,-1.614794538986604
-2.581654293614927,-1.5858132131366505
-2.574193381815515,-1.5583676934243342
-2.5670414364895855,-1.5333564334783703
-2.558846996749633,-1.5051924062584041
-2.5505966763076575,-1.4764523735063573
-2.5416947211002268,-1.4477411465809982
-2.5327487544421534,-1.4210314705384666
-2.5238254044903683,-1.393657472553768
-2.5159804310564606,-1.3689248991614433
-2.5070488779136526,-1.341738697728467
-2.4986727927645034,-1.3149524520715214
-2.4924332103658697,-1.2945361615948765
-2.4852821827356335,-1.2718186113896275
-2.479026378497933,-1.251388608305586
-2.4706839072334796,-1.2235513155624478
-2.459803811524174,-1.1895645224412656
-2.4522419076300204,-1.1667816580320687
-2.443465600091167,-1.1401935440453308
-2.4344804621320932,-1.112325622880023
-2.4256179917675413,-1.0836632523720813
-2.4168958688103808,-1.0558769031935753
-2.4080486999467237,-1.027074807188821
-2.399033703488563,-0.9984078164562374
-2.3887940569250268,-0.9701213286076882
-2.3774811721115503,-0.9423642995637502
-2.3666190659077837,-0.9180098659277021
-2.3548875925801185,-0.8942770291191046
-2.341241177029857,-0.8692661281809078
-2.327032360293101,-0.8444867203549028
-2.31194715718223,-0.8191305822007636
-2.2995089377553226,-0.7992486707549418
-2.2875493260866193,-0.7808204082131619
-2.2736471096116984,-0.7598722728198531
-2.263416021236682,-0.7443202777791598
-2.2497475023917537,-0.7233355153201827
-2.235605130822799,-0.7009988447794855
-2.2209900541484737,-0.6779532285396216
-2.2049928491223048,-0.6527021428997932
-2.189475537016014,-0.6284782853051876
-2.1765672319245852,-0.6083851125918635
-2.1636868249968493,-0.5887130816673796
-2.1482852073525374,-0.5667309279988192
-2.131693717182719,-0.5446220300785156
-2.115169968892048,-0.5230292267313394
-2.097415358177311,-0.4991635018589289
-2.0796016005695392,-0.47519757670387847
-2.0633424381677945,-0.4532767395647337
-2.0484479507334004,-0.43201537573904375
-2.0351781974305165,-0.41191616736501707
-2.0221695203448813,-0.3914745774022159
-2.010367532108161,-0.3709980300762023
-1.9977353229317336,-0.34711000590963226
-1.9840443697172887,-0.32147541846863975
-1.9720266645900222,-0.2999081243419337
-1.9596472106264824,-0.2767816166556889
-1.9494951891021666,-0.25581810434742674
-1.9365521025162957,-0.2271416761341469
-1.9274181540499584,-0.20652407008810533
-1.915456970938068,-0.1794146987687199
-1.9037456424875945,-0.15180849093849064
-1.8918452524460487,-0.12424044675297405
-1.8792922900106257,-0.09721984566124914
-1.865309719797849,-0.07060391517376063
-1.8510728695680565,-0.04425291129407035
-1.8373237542055163,-0.01759976860450486
-1.8246835631126392,0.007222600207559038
-1.8147761577477153,0.027223479586918717
-1.8053636227132708,0.046049417444894325
-1.7978106063051034,0.061079358516793116
-1.788875082734529,0.07826455513505241
-1.7797183386134974,0.09602195766088599
-1.7722242276012083,0.11175209239032478
-1.7657891266335397,0.12707657108176393
-1.7603183641930682,0.14257009090619052
-1.7545624308009247,0.16073892425844646
-1.7480088384333519,0.18297123182041752
-1.7431300134166758,0.20312208012143254
-1.738924151492881,0.2234276548563572
-1.7337347417142814,0.25008570578631284
-1.7284289719111208,0.2777823227676686
-1.7232136221342949,0.30448093878018123
-1.7191426144828763,0.3269085806696598
-1.7132857647510147,0.3559315248139719
-1.7064876720464164,0.3851996931315812
-1.6993219769565322,0.41435734913837774
-1.691502034675575,0.4433642798680903
-1.6831255002235652,0.4721858496928323
-1.6750050690369258,0.5010387268277823
-1.6674341867076041,0.5300200384104299
-1.66036208401629,0.5591368594333791
-1.6537630729986512,0.5883872963566584
-1.6467929109341033,0.617629479161698
-1.638973695096361,0.6466350558655999
-1.6303023641823116,0.6754223923488164
-1.6207945648397113,0.7039245075316355
-1.6109712339103632,0.7322546733986345
-1.6015856510168716,0.7596465534182233
-1.5922429644476228,0.7860653085368952
-1.5816579421854384,0.8136876043249667
-1.569299910023348,0.8411582973439344
-1.5542769307692625,0.8673899756077104
-1.5352237757208145,0.8909089816996453
-1.513738070497644,0.9099822013245543
-1.4882426469054366,0.9257506320869539
-1.4619880392614981,0.9369757958298712
-1.4418091714819399,0.9433557452193613
-1.4194257822517782,0.9490817301851479
-1.3961330479154568,0.954815303182617
-1.36893266721574,0.9619865461220652
-1.3410309527435713,0.9693705126077025
-1.3118201619981316,0.9764530748810313
-1.2833825857191712,0.9826190251310265
-1.2573383348323637,0.9878035418443891
-1.2336826979162432,0.9923651125413602
-1.2078796086307013,0.997095036207977
-1.1890923143726437,1.0005422271775148
-1.1741389682534145,1.0032950665473024
-1.162768185581534,1.005437604641964
-1.143674384470565,1.0092605548686702
-1.1216477931481308,1.0141753406236262
-1.1098156738489147,1.0173340254855878
-1.097255969740117,1.0211884759550667
-1.0796993597269928,1.0271343767730212
-1.0594849831401927,1.0349804778539415
-1.0381510876156619,1.0436433563094325
-1.0228615016567488,1.0497626843555854
-1.0084618013344804,1.0548628711314028
-0.9922992557359388,1.0598338857018692
-0.9807359267432486,1.063086119225529
-0.9654735170130618,1.0670553828873934
-0.9549707708541072,1.0695760948692492
-0.9415963405233508,1.072636175447139
-0.9281082407267917,1.0760375224182241
-0.910799208237474,1.0805870541033538
-0.894802223557554,1.0848631968610756
-0.8793325672897612,1.0886580041761154
-0.8526538657541918,1.0942773240059214
-0.8255321242006485,1.0989443215736157
-0.7976955984099608,1.1020801315307813
-0.7677551566885872,1.1045000748914349
-0.7379668974386693,1.1058794940962333
-0.7089902481582776,1.1055909379757292
-0.6792186982907615,1.104064978294843
-0.6498265724316145,1.100906993099892
-0.6208847511464008,1.0961755562796571
-0.5929018557302607,1.0905980121451437
-0.5681527584415448,1.0854427580950998
-0.5408692375831647,1.0806108279174325
-0.51132513753146,1.0769938763798426
-0.4862356726829218,1.0753899945721686
-0.4599382635099958,1.0763365020051963
-0.4304620045393323,1.0803898000237382
-0.40132850906329887,1.0863530106052537
-0.37441020375047607,1.0937484480832222
-0.35056270827863983,1.1016859724273802
-0.326439272844441,1.1109167207069643
-0.3000788229172111,1.1218289649497175
-0.27296931442858513,1.1331442830068224
-0.24574684424077706,1.1445801090055754
-0.22444190390853372,1.1540843983961349
-0.20798209420175007,1.1619051358480372
-0.18756070392627075,1.1725864762726572
-0.17161865035005155,1.181854740673808
-0.15361616874035833,1.1931455215438533
-0.13391009632235487,1.2060821779403352
-0.11507173937299413,1.219294339108204
-0.09289642116346625,1.2349183615952513
-0.06848205757912787,1.2512535895978958
-0.04640291438473644,1.2655771292290312
-0.024067651051371937,1.2796722904470013
0.0005671221094845831,1.2952217213840558
0.024982983437931636,1.3121114165177465
0.047871339116174465,1.3309583770716575
0.06974013922127309,1.3508887407237982
0.09116618714017631,1.3708505269160873
0.1079494528775578,1.3858334989271406
0.13245561541547848,1.4078297748700448
0.15010114196114538,1.4241594062068987
0.16504103459220695,1.4377168049137674
0.17983952489431332,1.4502711138792295
0.20587753348495094,1.4710657594905694
0.22961570018462135,1.4890583481472908
0.24905317811142264,1.5031826990012973
0.2736530621470283,1.5203932171724652
0.2980787873098783,1.5377212360842194
0.3216502211239833,1.556075321520285
0.34377721449643217,1.5761193690246675
0.36485072104839883,1.5973623087498303
0.3852396492805463,1.6193206874402257
0.4052559224186242,1.641608810875859
0.424805231560193,1.6643327571171391
0.4438317946738561,1.6873878794336876
0.4617583102368327,1.7112469885568233
0.4783842040265439,1.7360471015800123
0.4942019269142765,1.7615088122858875
0.5100864818090537,1.786952344656849
0.5251898245742769,1.8127698596920463
0.5361984101120264,1.833984247960423
0.5487577861858423,1.8611521031709375
0.5606579569528093,1.8882122668534551
0.5724442158546642,1.9150245347518005
0.5838743065599754,1.9426050437238056
0.59411376493361,1.9690511294709248
0.6039044678754559,1.995236582967127
0.6144881032552565,2.0230398954327695
0.6249830612970529,2.0508871381674436
0.6359894385754122,2.078957314688416
0.6476111467157504,2.1066783371731237
0.6598674877388322,2.1336913024749253
0.6707017282462919,2.158349523306922
0.6809873779393041,2.1825774432186456
0.6928103212178525,2.2094247416231205
0.7060565687657866,2.2362567375028006
0.7185933422556794,2.2570929612156516
0.7295848763304754,2.271798338837214
0.7430380878431515,2.2873711422593663
0.7576080269473732,2.303843459200956
0.7764222267401355,2.325832142732093
0.7959180819535466,2.348649054246563
0.8154788224076706,2.3714000165705715
0.8312751326157243,2.3895057256949337
0.8515409568854476,2.4116992323503967
0.8723517635464947,2.433356391861713
0.8934604337989958,2.4547080553240255
0.9148692549966561,2.475755789621644
0.9363050894646093,2.4967262143095077
0.957036326048427,2.5169138693465505
0.9782168856805777,2.5365589414366236
1.0013555176996762,2.555392399888469
1.0229563076411299,2.5704819156675494
1.0449906908881226,2.583320134504866
1.0690830562907483,2.5956746451855275
1.0960396751573318,2.608604180597277
1.1228352935710326,2.6218746076199784
1.148776432945225,2.636537084602121
1.1733695366016097,2.6531584777132626
1.197136075491508,2.6713502263806306
1.2205269195167296,2.6900979094665862
1.243479186098044,2.7092910862031734
1.2607954909773094,2.725192565376597
1.2805412600825141,2.7455692589815945
1.2985032687688087,2.7670148122605434
1.3126661502344932,2.7871455275824135
1.326384622409093,2.810586775303083
1.339702083119732,2.8373656769053675
1.3523172076431,2.8645872387222635
1.365417917291208,2.8916228949473766
1.3784458142298748,2.917754418399447
1.3889595204725833,2.9398947494332326
1.3973947643426703,2.959920721994963
1.4040932593596889,2.9775871568809773
1.4092716359349355,2.992356778363392
1.4165884087712175,3.014022754114865
1.4245151751368375,3.039653262613588
1.43170670923556,3.066829351098685
1.4390274772689287,3.09521976674137
1.446489297923869,3.1230278591627503
1.4539407730583511,3.1495145789182684
1.462203247407697,3.1762627645485537
1.471037579215353,3.204814708271471
1.4792740164984213,3.233078307291708
1.4865809649825823,3.2618452477384334
1.4922204562352481,3.2911201226902027
1.4960735512343217,3.317033156275302
1.4993910077135963,3.3463429963678233
1.5012393742809886,3.3732564461545578
1.5010422661508214,3.3958976286846276
1.4997038030396121,3.4199529234281183
1.4979098629207035,3.448010144918898
1.4961889384815896,3.4754056705034113
1.4946036201833632,3.501380127490155
1.4931444487305043,3.5223545943326036
1.49101987848213,3.550530473290523
1.489585994722811,3.580096497803186
1.488499363266208,3.6100915783820975
1.4877131582400143,3.640111642756084
1.4875277850303275,3.670135200299227
1.4877620676594512,3.7001813030516293
1.4888806336435088,3.730199107923908
1.4901652777665957,3.757648893820042
1.4916613682443989,3.7851290471482852
1.49327883866034,3.8122250939099254
1.4943258525595775,3.8380884448303103
1.4945224903035352,3.860404894969323
1.4946483029980164,3.8774893877510586
1.4951866924624215,3.8926787384800443
1.4962632403713114,3.909221819654835
1.499124052161248,3.9368881134856952
1.5019199436860242,3.9585020567029505
1.504675761767064,3.981790920109872
1.50639879466972,4.001850056741312
1.5070718826300176,4.028696178848711
1.5055312593895984,4.05661129220643
1.5025433631972447,4.082823822132722
1.499393490304504,4.109781381100373
1.4958811891588024,4.137955489924107
1.4911714862633372,4.16677901630525
1.48643458028225,4.191427059353272
1.4818369262649325,4.21506956052849
1.4764306251095665,4.240621790675118
1.4698683366506973,4.269243409285485
1.4625590169315876,4.2982937947386555
1.4546684437006632,4.327225911400084
1.4477443746568646,4.3548330305010765
1.4425334012939761,4.380046712827978
1.4391230651912696,4.401256213430573
1.43624321406047,4.422555620937249
1.4321240127941222,4.449187581827545
1.4267185869107661,4.476948019214325
1.420074366662441,4.501560064998681
1.4139256417801287,4.519253389736481
1.4050034968541143,4.5397022995070575
1.3950582972404164,4.55835618627237
1.387141695839649,4.5705233288690215
1.3818094365541131,4.577612667223192
1.376293198481355,4.5847099533914655
1.3716687763703803,4.591190225578182
1.3673548431410913,4.597761453615353
1.36227631388841,4.606034609825802
1.3582258662220397,4.613548463151946
1.3526491582724998,4.624715968554738
1.3460440253805743,4.638650731042799
1.3400772339046985,4.650955737854892
1.3322989065585675,4.66647423198884
1.3215081130947015,4.6864036741143344
1.3104881656464769,4.7052058160646695
1.3014317259944161,4.719982199727427
1.2915660758304182,4.735442121370883
1.2821739430001422,4.749781128126757
1.2749702850314855,4.760557884337854
1.2710912429326198,4.766347815851782
1.2674863250467152,4.771671135795858
1.2653856175143923,4.774688094267746
1.2626689802985234,4.778830382821944
1.260821364599737,4.781751676582398
1.259789653063306,4.783426504722463
1.2617369901236657,4.779843250878958
1.2620960416379043,4.77915191872763
1.2610962816043387,4.781108570807918
1.2584656733670028,4.785875880499437
1.2578407605599,4.786853788597325
1.2548432300079453,4.791170594764361
1.2504785320098113,4.797321538582712
1.2459897099027284,4.8033990730386416
1.2456590227207522,4.803857882231676
1.243946678019803,4.805775004089062
1.238923589034007,4.811293426552197
1.237978072708758,4.812327817978403
1.2391155374458898,4.811075800736514
1.238656038578463,4.81157373617526
1.2391194706450304,4.811083683278393
1.2382844940804651,4.811938685105457
1.23677083073402,4.813395524805215
1.2329762402544253,4.816835402208541
1.2307315868015662,4.818812373724906
1.2291757914150852,4.820109820117362
1.228121347752839,4.820949921044307
1.2304305144929533,4.819110071905169
1.230959103597966,4.818688457327125
1.2308773985318844,4.818738464914282
1.2335625535290735,4.816538452494861
1.239313750567298,4.811766913688594
1.2424964342387144,4.809105118188013
1.2444257222019686,4.8074125749750625
1.2475504251252592,4.8045120049058845
1.2491339927872,4.802986685339497
1.2487493935999723,4.803371427427788
1.2497930084418105,4.802294182254916
1.2478489152430083,4.80439127344693
1.2459495925428457,4.8064687177034795
1.2426068468099958,4.8103977980217865
1.239455071223131,4.814272730232517
1.2397939415819288,4.813808566373078
1.2383506873351402,4.8158818778427985
1.2375106541952139,4.81711675328396
1.2363944595368292,4.818806158227149
1.2368158659725268,4.818119125382927
1.2380289786994874,4.816168063909687
1.2374849130088719,4.817023702683778
1.2363534701451204,4.818805544375932
1.2360511837671904,4.819312149197573
1.2354196216165008,4.820565603831011
1.2361758495400654,4.818592526841409
1.2363208011882376,4.818232744626647
1.2340412962738116,4.826442079910538
1.2306501934129168,4.842080441407098
1.2278458855194987,4.8629070688203
1.2259127226458253,4.8877717609583655
1.2239294646643302,4.9136596668298544
1.2204477343377735,4.942845010220584
1.2155824773096868,4.972314282242431
1.2085109998783126,5.001211188300216
1.1989247861268417,5.025662311840241
1.1883969794393643,5.044286955230555
1.1783983753070901,5.058229492081322
1.1676760181666355,5.07121829502435
1.1546440035595555,5.085050457866302
1.1406702227002776,5.098559972052527
1.1272635942150782,5.111212863026816
1.115054402676374,5.123480872910404
1.0995522655771552,5.1398786217271395
1.0874819714968063,5.153150760118822
1.0741715763956592,5.168734532145716
1.0606358695747542,5.185667087220964
1.0517226802720359,5.198079984691133
1.043738232114771,5.2107438656447895
1.0358648174133211,5.224291923159302
1.0283320379989278,5.237621442180632
1.0225010019739236,5.247531962482985
1.015236802288257,5.258896529228354
1.0078685609970544,5.2699281327954175
1.0024094750792765,5.278127186910247
0.9983084815220736,5.284399022511198
0.9941877217608586,5.290810244413372
0.9916577443943371,5.294853415579293
0.9876248373380243,5.301395993413623
0.9829578714215197,5.309026707241801
0.9799849944051068,5.3140091292294125
0.974007739151578,5.32430229646522
0.9693352306626092,5.332804983332274
0.9634329102922177,5.34438761016113
0.957973002697075,5.356539381391721
0.9536550861849894,5.3679205084642785
0.9525782988459426,5.371261949043439
0.9530159776715227,5.369362108177341
0.9530772837570134,5.368894847571029
0.9532669745844803,5.367340535853594
0.9531383719744277,5.370978411913603
0.953546889992833,5.384516940315007
0.9558018018285186,5.406716184217228
0.9590607856325759,5.429876377020734
0.961652033118056,5.453067164584366
0.9621092503848996,5.4785839064998285
0.9592181145669809,5.505798126969429
0.9552780813932725,5.526820273143003
0.9507997765487347,5.545919440825782
0.9466204574502906,5.561663622751783
0.9437237206340627,5.573395753128447
0.9418908135749607,5.582998881418937
0.9410850845301498,5.590942634350696
0.9411092865744609,5.603289706343146
0.9427043706347406,5.621717104723061
0.9451268724638758,5.640857044098809
0.9477994481500163,5.664561791355982
0.9497252898440542,5.692915696031096
0.9501451579714184,5.722706183856764
0.9494275106305574,5.752545254254119
0.9487411372692083,5.782532045544924
0.9480488430361126,5.812538132768542
0.9472731410398086,5.8414740541578185
0.9458295407378335,5.868976491313322
0.9439667850892881,5.8932556639011
0.9417225138411935,5.91205202949752
0.9373958794961523,5.934822331317343
0.9303623653220039,5.961682366720847
0.9253035465857539,5.980922189058529
0.9190370795372411,6.009442224078277
0.9149445431010863,6.039320333587119
0.9135520966226429,6.073011474077989
0.9146167039728086,6.0947389707054835
0.9174061676728269,6.118546867333459
0.9223465209689045,6.14334420282604
0.9293135468979721,6.16877012257312
0.9379849623924398,6.196102362270783
0.9479315791146026,6.2241850580841085
0.9574228175772973,6.252328062772553
0.9654518976948223,6.281115032025177
0.9709308349004542,6.31036148538033
0.9727068203458542,6.340083484667768
0.9716911497116977,6.365169024090339
0.9688865575623654,6.388755450226
0.9650229334455963,6.4137709740102045
0.9613001311479283,6.439649206670199
0.9588317139514914,6.469370799801081
0.9586012445316139,6.499486785037199
0.9599936407650282,6.529544773168436
0.9624488669313084,6.5594662250272275
0.9653220121682138,6.589368428796814
0.9687033435449933,6.619227398552864
0.9730259214405431,6.6479821180635685
0.9771577702397355,6.672807242659127
0.9819478390516495,6.696481145959012
0.9865009982880886,6.714762398037207
0.9906024835286465,6.729067587079078
0.9954646179084298,6.7445251430913435
0.9983037720515044,6.753312198516542
1.001002342920768,6.761941275639947
1.004572618614626,6.773265998822386
1.0073161620543916,6.781618544368084
1.0095052764447077,6.787459862556391
1.009493018522036,6.787547603894611
1.0098408883324483,6.788188140853382
1.0138619611219761,6.7954523304872625
1.0201907854818046,6.807002458912102
1.0285425257405525,6.823794275518914
1.0353345562736422,6.839375726821529
1.0399993895218036,6.851259697597137
1.042915831949265,6.858548219575342
1.0423333463378852,6.857248712994654
1.0389489437556132,6.850281902386607
1.033723618568108,6.840790401108818
1.0301949409513635,6.834672028924617
1.0316871439349644,6.837203600078995
1.0371039490247504,6.84641568340428
1.0459128735728627,6.8620282813381905
1.0536252835304778,6.876652456042626
1.0615323757862623,6.892546637306436
1.0662890865963504,6.9025619244646395
1.0699782378275686,6.910206676704561
1.0739888316374055,6.917671334175621
1.0824259783510266,6.9322971703139915
1.0932628101328814,6.9505892974709225
1.1037801396478766,6.969887292924332
1.1140436032784846,6.991351904559866
1.12009211899692,7.005302999773709
1.1232568257666478,7.01311569920434
1.1233349782732718,7.013309644449086
1.1246364276956617,7.016538826040961
1.1284598409094782,7.025895274849188
1.13409510442268,7.039529455889994
1.1417095055175044,7.057552864555029
1.1520698880558011,7.080826610334145
1.1627367027098987,7.105945219229981
1.1719545001865674,7.1296541396945825
1.1785496424503357,7.148571721675848
1.1840810299447107,7.166330041510687
1.1852431485124562,7.170572527369176
1.184777138002125,7.1685168117414015
1.1849754456842383,7.169546176090873
1.1861286106161495,7.175818427952992
1.1874254260191273,7.182968520961037
1.1890939796090847,7.191082212366029
1.1905799286081526,7.196744515227995
1.191583552042374,7.199796045554492
1.1927683960330904,7.203228821759596
1.1959209209706756,7.213353372391358
1.1998993137335763,7.2270746121923795
1.2020558328073931,7.234123618587866
1.2049687455020308,7.243157116188481
1.210113192487993,7.2578286613615335
1.2173076611519378,7.276806661636392
1.2230160795959828,7.292083935724062
1.2295946439872079,7.31039443214772
1.2359316452181712,7.327207288306441
1.2434621272025626,7.345606349182764
1.2522865712070248,7.36525905036852
1.2633375816675378,7.389238756142133
1.2741924771965227,7.414197801129265
1.2816092658196807,7.434292734516088
1.287500109483186,7.455910445082036
1.2903843198394436,7.473115955467988
1.2917270207935858,7.497132705914081
1.289966225125394,7.522116751176121
1.2854768504549272,7.544645077320433
1.2766728607362179,7.567980707628365
1.2651032525043089,7.588107849194566
1.2514857166795943,7.607086526807511
1.23720396158622,7.62574071695581
1.2232384018204943,7.645461875549425
1.2108885213335971,7.666769882398776
1.200264792039581,7.688754903142595
1.190509343215979,7.713654504982423
1.1818804672174668,7.740887152672342
1.1738414430314434,7.769567221464695
1.1657359928373399,7.798291481879911
1.157358457202264,7.826788726567733
1.15000662068972,7.85496053756717
1.1434808599778694,7.884222724010223
1.1377985053399247,7.913690220438002
1.1320747694341278,7.942325924176909
1.1257054539898577,7.971162855037932
1.1190211354674935,7.999956218220513
1.1116014453968346,8.026325958140806
1.1019475481534489,8.05393398858881
1.0917267752624,8.0794803842936
1.082053861009689,8.101576726212505
1.0712559689543342,8.125590507093387
1.0590068307333118,8.152628868984879
1.0463814851030435,8.179320556698306
1.0329539572449817,8.205995128200005
1.0196568634413432,8.231433776992452
1.009248715052234,8.251312037060247
0.9951556501641773,8.27633026571442
0.9798846173832072,8.298496182770883
0.961997635523231,8.318099741789602
0.9411456786828817,8.334720881574606
0.9185650741242041,8.349182215544618
0.8954334336425337,8.362909437992014
0.8704565951974444,8.37750748719864
0.8440421869107748,8.391338467988266
0.8168048945398608,8.403432519114087
0.7890090162594938,8.413675989044735
0.7611099167441816,8.423085585303223
0.7327153445419121,8.431662290335172
0.7038527254419089,8.43951667761299
0.6746155297256179,8.445598054792537
0.6452597535353483,8.449319713333553
0.6153825723829699,8.451172188956194
0.5866182134058109,8.452715847587049
0.5601867478643707,8.454055149512582
0.5361603478451252,8.455330938568354
0.5132641279976363,8.456925619642426
0.49400731408065446,8.458448379436865
0.46108636655553314,8.461635005599398
0.43281855721476525,8.46469189374201
0.41271730986225097,8.466823832604707
0.3884707418770988,8.469212467578107
0.36283700543668435,8.471600695565066
0.3366115487185073,8.474777052211833
0.31112412474382506,8.47931256950118
0.2830118932191227,8.48521933961461
0.25414037109870585,8.492088493243235
0.22556964433755713,8.500060178210296
0.2006642112136592,8.50767989876846
0.17531744692436557,8.515710433940464
0.14790793344642955,8.52404838796896
0.12162159894902089,8.530800798105046
0.09303097696223986,8.537461036524853
0.0637949470264494,8.544095996796772
0.03448834782130813,8.550229514611594
0.004985045820971874,8.555165212270406
-0.024506686777727403,8.558507157232059
-0.05177042921898398,8.560949096010873
-0.0766862601631268,8.56349905106189
-0.10128019760818487,8.56679333914584
-0.12732714779110463,8.570836042911663
-0.14640540116343104,8.573722897813782
-0.160039573552136,8.575444804603604
-0.17711641230059674,8.57709922283645
-0.1870769019040515,8.577815589528461
-0.1898809368767478,8.577951555334458
-0.19754274112554765,8.578322980273478
-0.20903542726461943,8.578970310424294
-0.2244886556198268,8.580046955436833
-0.24010091690972415,8.58137078488631
-0.2608901655290925,8.58359735040594
-0.2835814395370852,8.587094285181104
-0.30563439706951556,8.591123179546416
-0.33085444000523656,8.596745139952514
-0.35964480212184907,8.604705891026645
-0.3884127372226507,8.613194000983441
-0.4166397906356581,8.621426871421875
-0.4451271674906071,8.629956760935336
-0.47167693378370074,8.63861222572761
-0.49959526020496836,8.647994393039914
-0.527904157261611,8.657974284267953
-0.5562393739865499,8.667764978297988
-0.5846724371286393,8.67730340033987
-0.6130613816671101,8.687161969795152
-0.6355773891640355,8.695536679667914
-0.6635735010332903,8.706320702406293
-0.6913946809331234,8.717612124754096
-0.7190945752879598,8.729119125805308
-0.7461211186099846,8.739854724680741
-0.7688296147059566,8.74885384803729
-0.7929490099463968,8.759343377308147
-0.8180226622753669,8.770890191505103
-0.8433990075240871,8.782554034899224
-0.8683270858829596,8.793832629559898
-0.8952786057903467,8.805344829555423
-0.9228022383585176,8.81707406012115
-0.9502041916349596,8.829319354361159
-0.9775870067706302,8.841606789999087
-1.0047889195231576,8.854326973972267
-1.0319302747881367,8.867083672630944
-1.059083310042193,8.879818578985567
-1.0863708453666039,8.892217344826506
-1.1138375819178126,8.904231155737778
-1.141408596675331,8.915992261104595
-1.1686619680031642,8.92711283243369
-1.1945317842821763,8.937184994535727
-1.2226265293618512,8.94684605073312
-1.2503763024955432,8.955741506115892
-1.27770920376971,8.963950310211995
-1.3044557529160523,8.97089852896294
-1.325022660399505,8.974638818869023
-1.3380325947484453,8.975983080266312
-1.3492566347449915,8.976161018080512
-1.3658346030483313,8.975133284314062
-1.3826565160471358,8.973190776263086
-1.3946499508835164,8.971450226410251
-1.4061429632313387,8.969678845894547
-1.413597288566797,8.968526784035214
-1.4280662755638376,8.966487973488794
-1.4476879050197442,8.964474618357611
-1.4669164600855147,8.963070093134016
-1.4807070378708522,8.9621578545089
-1.4949286628183018,8.961614267353328
-1.5115490512293444,8.96179759899766
-1.5276436902051078,8.96238350702885
-1.5402564222306232,8.962727001856992
-1.553644383481421,8.962451545431753
-1.566900454573857,8.961664648057205
-1.5846158021338843,8.959944970933575
-1.6028506009934826,8.95777989968698
-1.6254395165050404,8.955177382772373
-1.651890286935515,8.952901009989105
-1.678693379534154,8.95149904222713
-1.7001782587823702,8.950518939010175
-1.7209863523524496,8.949338322903953
-1.7438809871156085,8.947997164964384
-1.7603006954015565,8.946458867162402
-1.770456466379785,8.94500387491062
-1.7765656470745421,8.943955586534274
-1.783911990750889,8.942758667303648
-1.7982342723380869,8.940880423549586
-1.8149106916919144,8.938808217876097
-1.826233034544995,8.937075010761536
-1.8352042959112524,8.935638171324385
-1.8506717590842587,8.933710189106304
-1.8739265755853314,8.932246532296407
-1.8980931248493589,8.9319290423572
-1.9208221629605675,8.931737066982006
-1.945298864292451,8.930170594253084
-1.968716125127643,8.926935039061648
-1.9892642122734507,8.922983700951637
-2.0055505942874188,8.9192332282476
-2.0230516365822155,8.914394312521026
-2.0465705057259145,8.907281930861487
-2.0694867460075708,8.899079817872428
-2.094769372660142,8.887173637811784
-2.1189703963885855,8.872719244863193
-2.139950906810251,8.85683003049611
-2.1573622267993255,8.840067186175311
-2.174163428882781,8.82027758102941
-2.1919705266766365,8.796767624468576
-2.207635133883401,8.774111139938102
-2.2222552241354876,8.75024585539657
-2.236299434501498,8.723877543840901
-2.2491292147775135,8.69688997923987
-2.2599823077782024,8.669116708407653
-2.267627645656261,8.641253290115584
-2.2707055249086974,8.620931395471123
-2.2720236986816893,8.595036644424832
-2.2721447927114706,8.568972472021109
-2.2728703702568396,8.54278992849345
-2.276043053951785,8.516485356758272
-2.282809540169925,8.489117312224048
-2.2913138008249914,8.462362638961126
-2.2996768538051184,8.435702941524081
