-9.62487201293065,4.0482414107728895
-9.648320449269216,4.044841296288994
0.0029816459077837234,1.7740216122702277e-05
0.021813047814411624,0.0013987676762526814
0.04270647494372255,0.005985526416154071
0.05550734554048308,0.010484815151760663
0.06687479071613629,0.01568451021725299
0.07349703386680444,0.019297256371875557
0.07561691439134582,0.020554307919653847
0.07568761708456902,0.020599670758418273
0.07565660064320824,0.02059182724605064
0.0756542646299438,0.020602099371786132
0.0756741215568888,0.020621860377839737
0.07568410180729193,0.020635133782268264
0.07567578287411063,0.020633073010589406
0.07565965186040123,0.020619124990733952
0.07566391191711218,0.020612954531893313
0.07567302658955505,0.020619949318609616
0.0756704897340772,0.020621780032740723
0.07566627658828912,0.0206168277721126
0.07566677147724805,0.02061938819645633
0.07566941571708745,0.02061954097229637
0.07566854577242361,0.02061892546417477
0.0756674057285668,0.02061836985941479
0.07566808695884363,0.02061850126489957
0.07566828347923579,0.02061948705957059
0.07566856159316691,0.02061826829588522
0.07566751293160694,0.02061938828232275
0.07771673855358804,0.021864938215405402
0.0879646706454077,0.028102989919966716
0.10664751066607656,0.039468866288507126
0.13148314716164797,0.05435581368740369
0.15735753586650958,0.0695337157214573
0.18294991230019153,0.08514294964613796
0.2088662639822937,0.10036578874624379
0.23509489409590803,0.11497460438241365
0.26133280044884977,0.12951698383953456
0.287654337359969,0.14395649167414873
0.31391680967139474,0.15839104262921666
0.3398241223503553,0.172717961696595
0.3664460277011309,0.18666905370473663
0.393417182959299,0.19984283267027275
0.4192561721784164,0.21267543022378557
0.44471604141830184,0.22542299435220442
0.4700708952844215,0.237534880706308
0.4972170059201278,0.2500813851551495
0.5235655980100892,0.2622024522184795
0.5450104461882657,0.2723356977986201
0.5631522372926677,0.2819075739678848
0.5761386054701698,0.2894587508614397
0.5923613238670926,0.2989406372203641
0.610298433164142,0.3084914642974226
0.6299286691523648,0.31829541458786276
0.6502533410244885,0.3292320564366071
0.6713555971116322,0.34119351805521064
0.6941776394826017,0.3544547115639369
0.7203312063927383,0.36922497082908506
0.7469267829881295,0.38328393033850516
0.7740797404649087,0.3961453432513367
0.8001192431768244,0.40773022467518255
0.8229528352451619,0.41668491461263574
0.8450088958025178,0.4245431231282203
0.8673630147373352,0.43305555418221636
0.8910323203092951,0.4432897990769271
0.9173915555314428,0.45532825752466194
0.9444578843855828,0.4676513690227455
0.9690418021555574,0.4794240072659946
0.9933830569344494,0.49265639882818146
1.0185286229519814,0.5076116401713143
1.0440710997221154,0.5228814291990261
1.0690163943483593,0.5377156563564828
1.0935122914001998,0.5520076826222584
1.1166494912744835,0.5660210479372507
1.1394524222303384,0.5814206168536322
1.162404935421354,0.5975707075005806
1.1846761380529327,0.6118917307425313
1.2068668858696554,0.6242532065628783
1.232659881221417,0.6377853592591856
1.2590262011240985,0.6514134951290196
1.283152385814856,0.6646720945416897
1.3089077916072462,0.6799612225985573
1.3346011733967926,0.6955062794911756
1.360878207287445,0.7101326133835167
1.386585096309775,0.7240266185800448
1.4108152669585172,0.7381703564359406
1.4355975654552677,0.7542568717071836
1.4595412130583483,0.7707189430914455
1.4839923875998178,0.787890792826594
1.5066387700020745,0.8038833916132779
1.5279460275730976,0.8187972067472855
1.549699201037925,0.833848720040215
1.5674614258064519,0.8460664658539951
1.5908186601869028,0.8634641509371107
1.6118824173735464,0.8813551639984238
1.6288990724836465,0.8993424472708569
1.642236583537336,0.9175684534410654
1.655195919665315,0.9389890684396297
1.6664287146303374,0.9614531693751777
1.6753545536171597,0.985234480561546
1.683035917353012,1.0123942481399624
1.688277519053764,1.0414435526182941
1.6911929759531505,1.0704751466424738
1.6912602491705175,1.0981261584832158
1.6888826064952038,1.1269372816967547
1.6851277271360479,1.156424628458178
1.681543399124229,1.1858966062465044
1.6793242203848675,1.210176742533585
1.6772716319485856,1.2348289638313839
1.6749720377705946,1.264207360641371
1.672535710923822,1.294110580077996
1.6695084183555458,1.323897452201117
1.666043412871684,1.3535968933281104
1.6628051655029878,1.3834259562874833
1.6602606694841089,1.4122502862409938
1.6577643366718604,1.436669669441696
1.6544323007049297,1.4636597839082424
1.6516611145600462,1.4920411583612891
1.650396261218499,1.5141004243751748
1.6501671291231783,1.5438773947837339
1.6513294016403004,1.5735378000572928
1.6518832389305815,1.6030828443319485
1.6502163891509545,1.6325556447684515
1.6473691432286004,1.6622949434899632
1.6445410354949614,1.6917409968424486
1.641497904725043,1.7204514929212344
1.6381456562339183,1.7502302343304852
1.6348569867641445,1.7801065709443071
1.6323356234784534,1.8096339913780388
1.630532454587444,1.8361135174416818
1.628808068736869,1.8603525578268485
1.6273104572028634,1.883848005168488
1.6260528992436896,1.9063929300653961
1.6243308631970288,1.9315558841611393
1.62143761884014,1.9605397284938877
1.618306750258303,1.9903947830889273
1.6149969274902383,2.0201608447273016
1.6111997475419781,2.049939267153005
1.6080108113426732,2.0797873280077512
1.6049414175314447,2.1096424812296974
1.6026151968522035,2.1335400049096243
1.5994702977766,2.163321790304739
1.5953331383843903,2.192948994169752
1.589842320239813,2.221541066280683
1.5839099822185758,2.2493551705019432
1.5778891443320968,2.275733158332357
1.5710408841559749,2.3037777081063915
1.5636763242230654,2.331159671377673
1.5568341688383556,2.3535098381142494
1.5511418099481789,2.3699901084613244
1.5453805317913905,2.3847102668529736
1.5395070201018075,2.3986493918132523
1.5318501869290089,2.4175381352719265
1.5236729705230079,2.4402978604363676
1.5160556713989433,2.4639827527579325
1.5083498453958826,2.4899744019250263
1.501843755065804,2.512165771229997
1.494571930925829,2.5380659179876637
1.488434488775164,2.5619841743337535
1.4829744138060552,2.5835247756396695
1.4781103878900557,2.600586689239173
1.4727863755218962,2.6161467277822967
1.4678088406385288,2.6286346187299
1.4638459900016263,2.6381528189971917
1.4578579983205826,2.652586273680344
1.4512900178188275,2.6680343420819925
1.4427737223720278,2.6875709274761803
1.434082401073974,2.7063678796411024
1.4251808462399151,2.723411332140465
1.4152120613449721,2.740405590742274
1.4014403470959693,2.761904122527097
1.3864342336653572,2.783910382925321
1.3700509317128613,2.8052672540109658
1.352298734807217,2.8263345687360095
1.3336302210631639,2.8489889966999633
1.3159559682472652,2.873023152786442
1.298851366199671,2.897651008361075
1.2819198422469356,2.9224150536914295
1.2646633284655946,2.9468963193101088
1.2468316237975814,2.9704254955125258
1.2312039109743824,2.989680487312763
1.2164721914995105,3.0069281187914947
1.2024124670946412,3.023254832312129
1.18732572644137,3.0424143337465446
1.1746179073249445,3.062165956243366
1.1673948438684205,3.077386739749002
1.1631226332929976,3.091076331023848
1.160060109249235,3.1084630051650652
1.158438524260463,3.125443382419626
1.1574108665107887,3.150908019400569
1.1582626213555678,3.1801853782517173
1.162278607321423,3.209930124117781
1.1711691939346516,3.2389029646435126
1.1851134736384503,3.265769128267031
1.2022578722554376,3.2905815139315107
1.2208966064271944,3.314187732235186
1.2400452021346275,3.3373083556027145
1.2593060248118695,3.3602997802797026
1.278708917130604,3.383211198454056
1.297971974051771,3.406156798275378
1.3170040136315542,3.429370740122741
1.3359123235304724,3.452278845611896
1.3545743763910356,3.4755164129025125
1.37280165913176,3.499117029685534
1.3897077795820871,3.523687138836147
1.4049321380219315,3.5493845899103933
1.4164933726227027,3.570395482745263
1.4313033243927331,3.59653818637918
1.4469235130051996,3.6222409111804326
1.463720174344377,3.647190405697757
1.480075255763801,3.669926570621114
1.496234996583323,3.6919216710381537
1.5101250928054775,3.7096584356139424
1.521657995056282,3.7228725794216126
1.5374544220849167,3.7397559792935238
1.5552950751818364,3.7584061414653807
1.5716353125777474,3.776260527671447
1.5870891624557868,3.7940910785903847
1.6048533172390038,3.8160398962827404
1.6230428429671961,3.8383947311273183
1.6411077203324145,3.8620726908747094
1.657337908974015,3.886058236445465
1.6686729122534774,3.905454850091225
1.6843456059179318,3.936887112496422
1.6916625142273034,3.955311110393078
1.6998117295748785,3.9813743164589432
1.7079759509291397,4.015186105635185
1.7129070630284755,4.044632276515529
1.715583021875722,4.073696213589821
1.7158795823704078,4.093901011346186
1.713567491727202,4.125322979411569
1.709149361000348,4.14750120530726
1.70012552145734,4.175106571207741
1.6888268853318191,4.202458491901922
1.6762700974042073,4.228837679667471
1.661868940150627,4.254224442252445
1.645262814810209,4.276993333761221
1.628648085497939,4.29511606136861
1.61446354529256,4.3073386936627225
1.5984909025811471,4.318014367663068
1.5774194653591762,4.329194589297338
1.5545779330891945,4.339451666382665
1.5284007553870633,4.350652533020662
1.500926907955875,4.362855738909864
1.4739476273303145,4.376119759785558
1.4475801375503508,4.3906691658066395
1.4221622483190723,4.406785055252188
1.3976181594210828,4.4241879018926555
1.3735957821522322,4.442152470927976
1.3494986476937532,4.460009725544827
1.3300995831928017,4.474091466231736
1.3054784856107964,4.49116956475044
1.2797017778741961,4.508505181232402
1.2649625831487066,4.518228786782624
1.2484848534891844,4.529063084931146
1.2333228118216317,4.539336817728214
1.219326412532053,4.549612577763857
1.204688265670297,4.561975461236702
1.1870646121755606,4.578102956123686
1.1683588708111277,4.59639893907282
1.1489975951358327,4.618347265148537
1.1317909908555979,4.642483802822746
1.1168426500954773,4.667902044044633
1.1048642099259118,4.690322947997094
1.095801490295013,4.707884130689586
1.0850500486597303,4.7282762884087965
1.0738731198322724,4.7485916232838
1.0626069426951033,4.7669684143215845
1.047282577624703,4.787736003392816
1.0271630079175391,4.809741698556155
1.0061832478429236,4.829970421360915
0.9840213587959149,4.849559011168081
0.9604346815463002,4.867934093546849
0.9360921892858333,4.885347408966086
0.911515549076198,4.9019835876269395
0.8874652877742498,4.918228597273665
0.863127535980596,4.935546067099133
0.8389146839240903,4.952914848109833
0.8142484662862447,4.969851017581631
0.7900128213632583,4.986146906501148
0.7652425878482655,5.003112883151941
0.7456752489814528,5.017107986386414
0.722025524104432,5.035710586655571
0.7018497610531467,5.053008840699556
0.6828012410359098,5.071335436748329
0.6639955840103363,5.092808035448882
0.6472574886751311,5.1157494463645135
0.6322791783700935,5.138747644260938
0.6192840670386562,5.160435205017002
0.6064406785139304,5.184141403046803
0.5943703841316904,5.208814050685074
0.5828062029098556,5.23532491105444
0.5716966440682552,5.263201781210782
0.5598373784114274,5.290619808028546
0.5467539706645417,5.314563119683536
0.5349518702907649,5.3311308847413965
0.5213469629317178,5.347462842589449
0.5022625744292868,5.368732427526398
0.4820784107320107,5.390862387315136
0.462639301336227,5.41089155838325
0.44227213352113326,5.430092734763994
0.42416905699761004,5.445746179438651
0.4012877829954448,5.464753267972791
0.3781184664684654,5.483795202361838
0.3558610196095696,5.5024041103135275
0.33329929261070634,5.522293813126347
0.3145959501322338,5.540610678853463
0.29858072360225885,5.557394503878782
0.2841947940818417,5.572577767618013
0.2651872809339139,5.592962448597053
0.24576141373944813,5.613557698049775
0.22728656974568928,5.631707096956529
0.20788387558190916,5.65081516103342
0.18938852486484584,5.671656758801597
0.17173391236631586,5.6956867814158505
0.15677165956395533,5.7219819093046045
0.147884029393262,5.744495827153688
0.1397230143267735,5.7735169610478785
0.13299184660949387,5.802776366151107
0.12619135404808893,5.830231162866339
0.11812222683294765,5.854983720151894
0.10827045473746734,5.876010812494977
0.09825179801811619,5.890727376361544
0.0869972641796735,5.903535369834803
0.07497952694528431,5.91582427822585
0.0630668329634249,5.9283955766048395
0.05196255457146935,5.9423527089808035
0.03939584658948028,5.963344863558234
0.02834854330709422,5.986994208110391
0.018244940106505146,6.010924046602168
0.007503499174054056,6.034291834029022
-0.005034477946106334,6.055765037812775
-0.020738338625685426,6.076343577935906
-0.03574145905678185,6.092414634251907
-0.04826927541378021,6.104669659751264
-0.0638088678560614,6.120276427304271
-0.07773767120277593,6.136554211766493
-0.09014006850918774,6.153377457923453
-0.10240066242376597,6.170143479655621
-0.11261318262661611,6.182762117126078
-0.12003098859780145,6.190866138078944
-0.1244179378712858,6.195036972018722
-0.1289387770879508,6.198914913955343
-0.1337715034385692,6.202883076222607
-0.13850633791024117,6.207162577037068
-0.14524952117191678,6.2146615079889225
-0.15253271150237377,6.223962000186433
-0.16326560202545357,6.238452600771657
-0.17643840760842433,6.255966349614669
-0.19378867664607938,6.27749828386347
-0.21171799587700982,6.297506799400511
-0.22885172151908617,6.314786942395395
-0.2448407815293462,6.329025686109154
-0.26115381236204244,6.3430259430084295
-0.27740616245175814,6.357784857016111
-0.2941323606302756,6.37294316815981
-0.31097765011862827,6.388027740835156
-0.32800846328756234,6.402876115123847
-0.34505465138799746,6.417682099900127
-0.36233075419986865,6.432231165077848
-0.3764236258660389,6.443499797963298
-0.39422628988224256,6.457385709238003
-0.4122015057201195,6.4711513000379295
-0.4299790272759119,6.485154742205517
-0.4474122251757546,6.499611572397275
-0.46502449485976455,6.513820103264793
-0.48517067890981674,6.527555779156135
-0.5089880333428556,6.540675190441732
-0.5345530421426947,6.551550545915697
-0.5605122759082006,6.561148813683729
-0.5860720486382411,6.571128742815247
-0.6096213965017521,6.582644777375193
-0.6343106348197567,6.598282022122698
-0.6585214257656585,6.616113503963004
-0.6825640339448547,6.6339528640830165
-0.7076066695314396,6.650094122943016
-0.7344489603611748,6.662791426687801
-0.7628261069284246,6.6718307419105765
-0.7917926955391875,6.678728017100143
-0.8203617793566036,6.68526693725897
-0.8486122446435407,6.693513846104995
-0.8756720385682842,6.705339818093476
-0.9005958326995158,6.721071139653958
-0.9239519966529625,6.738858434387751
-0.9470618477275783,6.757168008380849
-0.9676260247881433,6.7727691027972945
-0.9887161192857227,6.788139371183976
-1.0100997219217758,6.803351517103775
-1.0297036515882305,6.817707664253251
-1.0474927621317454,6.831803605672631
-1.0626554663878154,6.844727774809031
-1.0829739291366123,6.8631056718693735
-1.1028064070917476,6.881999458992744
-1.1225587154007783,6.901869224812298
-1.142741052663856,6.923507057050133
-1.1616614264406764,6.945021490119853
-1.1800296353170086,6.967336862699882
-1.1972675512668505,6.990746897490418
-1.2133496076258163,7.0162102055652245
-1.2281580071998577,7.042349236848113
-1.242556735592241,7.068718158802009
-1.256117853955709,7.095422600666404
-1.2672942534773106,7.118151964162856
-1.2774944049404229,7.139397128894234
-1.2892925793070702,7.163949868126147
-1.3024470341629568,7.1907025726647325
-1.3155912341336302,7.217723819233439
-1.328379894970138,7.244836689773415
-1.34150084302124,7.2717962634444895
-1.352376098202232,7.29312015774393
-1.367294511438785,7.318997455850999
-1.3840258206248395,7.343722501529565
-1.4025230451853128,7.367149954917626
-1.4225207437947176,7.3893675838459645
-1.443760174196522,7.410399443259537
-1.4661809582909373,7.429999251998242
-1.4897409806702564,7.448437869599862
-1.5139413071565697,7.466062424969326
-1.538863581598728,7.4825644487275715
-1.5646667744744758,7.4976943566739935
-1.590523454688157,7.511826436863351
-1.6145391106984675,7.524225503828903
-1.6373741158051283,7.535841147127932
-1.6596352951408058,7.54798395388893
-1.6808703706000492,7.560811992012362
