0.020947696426051276
0.04149699502895314
0.0641575481021317
0.08075010570240651
0.09248444050123661
0.09634856665534104
0.09712068559229392
0.09712151673958838
0.09712230298908132
0.1013397143683138
0.11561422854878348
0.13775587245055082
0.16491869415760183
0.19489457630814272
0.22457504437915835
0.2525979422329597
0.2754842004524085
0.30215331763857123
0.33574796237850457
0.35676115421629545
0.3784313708604476
0.39533758451013107
0.4113233489189393
0.42831084393474916
0.44549315670511064
0.46514061804938006
0.48628928552725853
0.5116301073592925
0.5411117745270253
0.5705478735354667
0.6002957624699713
0.6299482599251499
0.6569727473242089
0.6838064239158211
0.7127617717961956
0.7428193378616994
0.7728021811585012
0.8023988691673729
0.8324203094644426
0.859597029262814
0.8843208788616024
0.9110871766920956
0.9354915712712509
0.9551641702461242
0.9712943851127716
0.9894722102569143
1.0046275843734849
1.0315077453735406
1.0533073984148178
1.0833365786976745
1.113360132898763
1.1432640429275827
1.1729656320595414
1.2029781844517538
1.2329748588325762
1.2597998848005654
1.2865356913699255
1.3142502243727627
1.3416837563820505
1.3681797373390423
1.3913250270846393
1.4149239958151447
1.4389265102970934
1.4616807823905373
1.489802022491391
1.519254154705168
1.5486314596212831
1.5786558024084545
1.6086858976482146
1.6326591751612605
1.6613840695918356
1.6913352075580972
1.7213136087960543
1.7513160596233728
1.7812585857530006
1.8110347134991236
1.8411481064987307
1.8712372035171492
1.9012661595528424
1.9313715373364626
1.9614720468708087
1.9914786340423283
2.0215063475331214
2.0515356420344775
2.081601706807006
2.1116903531300353
2.1416887130430036
2.171636143637925
2.20162837209405
2.231644155848297
2.2616684712696054
2.2852306152747954
2.314483015756371
2.344474654200908
2.374207421625121
2.402986955755654
2.432869524394676
2.462851692700566
2.491256403964135
2.514895569780265
2.5355801849993167
2.5575344084120357
2.5852393437417085
2.6137552547500937
2.6433809917197006
2.6682002640459404
2.6941334669417683
2.7223982082140106
2.7457396457782073
2.769507658170606
2.798331163140995
2.8281612711940385
2.858178959642436
2.882185975781507
2.91220958835263
2.9422062955633805
2.9716701108458823
3.0016348493720013
3.031645360805213
3.0616213177088474
3.0913727401118694
3.1211728178811096
3.1511553858344152
3.1810980346810815
3.2094988134939224
3.2374854496361927
3.266954365137677
3.296706449465998
3.3258360846385155
3.3554631823848204
3.380509037486436
3.4059651945141383
3.431235597642898
3.4582113449144334
3.480312996042233
3.507471942658151
3.536708122501817
3.5650192148560502
3.588532481006628
3.6082162893034218
3.62850893541813
3.649353553686772
3.6755071754236512
3.701516622093509
3.726393974371346
3.750884466789464
3.7752685127371532
3.7945505608217287
3.814762228661948
3.836469449721741
3.865244748807733
3.8897579688708994
3.9159703340994576
3.945181784748147
3.9748569490285184
4.002372107423173
4.030571943827508
4.057638603659257
4.086842238752761
4.116870766647016
4.146798901460422
4.17634153648567
4.202670233478829
4.230993650497219
4.261058807217713
4.29082809428742
4.318871674923449
4.3447440305504115
4.367923918082987
4.389948687527236
4.412678761337535
4.433411727221305
4.460814829761023
4.4896102575176835
4.525207944073442
4.549235810802767
4.5793068750804515
4.609375712998854
4.639447818718789
4.669457238962872
4.697932283965723
4.722889108245141
4.745385611578609
4.7677928350771674
4.7912899740814705
4.81686894243671
4.844680827405031
4.874253501976708
