-7.354804410093683,1.3871976678670377
-7.333500781539206,1.3660795895528872
-7.318168810815022,1.3508693615560627
-7.305488401399441,1.3381026551512198
-7.303807508950959,1.336391670466966
-7.302409878162737,1.3349640913726029
-7.301293954819343,1.3338203490537575
-7.299541274137306,1.3320144715218074
-7.299543271673674,1.3320163091524018
-7.299543158704216,1.3320156738358175
-7.299542501742548,1.3320151486845693
-7.299542427243727,1.3320155189644627
-7.299543268202348,1.332015515249179
-7.299962945909335,1.3324514442245623
-7.303552516218356,1.3360213119565985
-7.310423828903514,1.342161346542305
-7.320958864977315,1.349829126132306
-7.335361729298713,1.3575097640773492
-7.345828280106357,1.3610185631246705
-7.349010853218913,1.3615314600252693
-7.344549330803056,1.3617764384738986
-7.330332205899937,1.3649531112950817
-7.3077519728101485,1.374595075826932
-7.283192954518987,1.390895392850937
-7.262017213738095,1.4115268803202785
-7.244307253433795,1.435403533009694
-7.229560061579268,1.4612551230761879
-7.218023024097627,1.4886716742723018
-7.210188053348431,1.5173416089503207
-7.206252587721482,1.5468127624468673
-7.206233098175431,1.5765432750406516
-7.210014879350374,1.6060462242858378
-7.215550069662081,1.629229721192564
-7.22455788777642,1.6577286379219345
-7.234871039201,1.685827812635724
-7.246067061370961,1.7135860560238207
-7.258369606221829,1.7408528148986437
-7.2719337862574545,1.7675103335824853
-7.286732682720667,1.793497108055223
-7.302741106219286,1.8187678256738204
-7.319754810568136,1.8433942795830343
-7.337551702483183,1.8674809814208273
-7.355893730315599,1.8911716240475267
-7.374680185340597,1.91451776201744
-7.393868133591423,1.9375353205384005
-7.41346265134773,1.9602063091205062
-7.433476216144699,1.9825064251478295
-7.453870290216373,2.004468068841567
-7.474570500532786,2.0261482505195625
-7.495538465780519,2.047570758083844
-7.516767880781221,2.0687326708642533
-7.5382583932249405,2.0896328696505932
-7.559954232161347,2.1103294130669097
-7.58178366327009,2.1308943840338848
-7.603694728305867,2.1513742937881366
-7.6256921505179,2.1717575453695748
-7.647804728407515,2.192015335505535
-7.665569293820259,2.2081458301906505
-7.687804317914633,2.228281836636952
-7.710084756204198,2.2483607578236144
-7.732464319422774,2.2683220152861536
-7.754978757836943,2.2881253560513284
-7.777669824927087,2.307718356731438
-7.800607603336396,2.327007153567297
-7.823887822944253,2.345863930256361
-7.847614869723112,2.3641336188994213
-7.871883110419592,2.381667612907377
-7.896666444180907,2.3984780722438654
-7.92186877372136,2.414676993402318
-7.94739813296511,2.4303586351281052
-7.9732407885527365,2.4455197404232845
-7.999367524335446,2.4602042030533267
-8.025685088373951,2.4745597345846084
-8.051986251149417,2.4890727593356043
-8.077987056202845,2.504103785138275
-8.098614154299257,2.516411815776558
-8.124214657597623,2.532099978303866
-8.14958776248512,2.548163261399086
-8.1746717273484,2.564685467167202
-8.199420522678988,2.5817097270637257
-8.223812631720543,2.5992375478362377
-8.24787717914162,2.617202734570884
-8.271652827142775,2.6355434688434385
-8.295166220990849,2.6542174378802654
-8.318409283070373,2.673226446576667
-8.341365281881611,2.692588387026279
-8.363991060390035,2.7123364978989346
-8.38629053885981,2.7324458639100224
-8.403918801834571,2.74876280369244
-8.425708208446022,2.769419243524559
-8.447238624314611,2.7903403183319977
-8.468542490319507,2.8114916244369206
-8.489623626056098,2.83286229289413
-8.510483198627545,2.8544505665258173
-8.531108644545714,2.8762674692746963
-8.551445992574365,2.898355270220044
-8.571490703359943,2.920710503233406
-8.591221298701724,2.943341473690944
-8.610686028169956,2.9661946839095745
-8.62995361561411,2.9892081671141493
-8.649067335513884,3.0123410973111073
-8.66811291526702,3.035523368968738
