-2.5139775172827243,-7.95268871748032
-2.4997149926534745,-7.979071075546543
-2.490961658422097,-7.994764720227106
-2.4809495198513924,-8.012041556937683
-2.4726678395908896,-8.025684197579107
-2.4693938661949226,-8.03082698734035
-2.4691333284566834,-8.031221175130252
-2.4691336883860173,-8.031220306463887
-2.469133405910099,-8.031221562781685
-2.4678097996666084,-8.033221189712355
-2.461352844019684,-8.042983192863636
-2.4512103368968012,-8.058765037874654
-2.4377890765965025,-8.0810419199982
-2.4239119682062196,-8.107355229105522
-2.4111926800274883,-8.134624475874446
-2.4003002258483552,-8.162731255198349
-2.392313954283816,-8.188892322896727
-2.3868386217142272,-8.211418430955213
-2.382857860730131,-8.23426909245696
-2.379840011113806,-8.26095629797424
-2.3786245069055965,-8.280132915055756
-2.3787146536923873,-8.304236849108134
-2.3827443510270405,-8.33856549192594
-2.3879619612278984,-8.362129570740121
-2.3965537489979667,-8.390973624371227
-2.407123870785844,-8.419152043523814
-2.419055625466109,-8.44675301120277
-2.431602677849737,-8.474007450256709
-2.4438074177227773,-8.501383172836201
-2.4556601323563156,-8.528914568316395
-2.467548226295321,-8.556505241402414
-2.480822957286803,-8.583550976203487
-2.496160297491589,-8.609499296152528
-2.512531540263851,-8.63369440325612
-2.528634620217448,-8.655691093049768
-2.5436608458144887,-8.674357496538661
-2.5586031707807444,-8.69090276562666
-2.572335416207983,-8.70344348886693
-2.587908205809348,-8.71474009442794
-2.6046192722586956,-8.725279611533532
-2.622149009357101,-8.735876902120921
-2.6404772561036927,-8.74610286019289
-2.6645873437334937,-8.757773699690546
-2.6924199789709866,-8.769177565689178
-2.7210656642232833,-8.77840346196522
-2.7497401784899176,-8.78603101636665
-2.773014374149161,-8.791232361176515
-2.7998587440231018,-8.79592857547862
-2.823677694391429,-8.79933112376433
-2.8535706661295444,-8.802421749570795
-2.8833931905327193,-8.80549302928072
-2.9129223378401017,-8.809057422860095
-2.9388179358576894,-8.813634452041638
-2.9649096437659765,-8.819233900176554
-2.9935610213085835,-8.824880094041005
-3.022896567363546,-8.829656113198451
-3.052550553725913,-8.83383769948945
-3.0807440477624928,-8.837638314751189
-3.1059569950444956,-8.841334136655972
-3.131974655445621,-8.845662978643045
-3.1591244388645965,-8.850908839706475
-3.1834848557215225,-8.855795940434172
-3.2064935967135257,-8.860730064727019
-3.2339680672316744,-8.865848810972835
-3.2596849622764905,-8.869946313919229
-3.2864179745932045,-8.87446571320371
-3.313038333479921,-8.879465524516629
-3.338886368515346,-8.88354152465011
-3.3641820027969525,-8.886158301320778
-3.3938928229983643,-8.888172833126267
-3.423844482671071,-8.889834480422286
-3.453226805677856,-8.892342027675461
-3.4813969955162967,-8.896524316401957
-3.510011060020127,-8.901581391922955
-3.5394083754377212,-8.907408700380271
-3.568661957610862,-8.913824082503469
-3.5977756484569556,-8.920929546970104
-3.6207017305697353,-8.927037384345805
-3.6480592240048595,-8.934955204121971
-3.675042379931564,-8.942112814435411
-3.7027081496941703,-8.948013365593765
-3.7279544111634952,-8.953155433686774
-3.7531739703631106,-8.959039912848176
-3.7788541134888023,-8.965617866070378
-3.8043015649659173,-8.971474041163303
-3.8321274617208516,-8.977352256077976
-3.861706094757181,-8.982797825721264
-3.8915274935143795,-8.986797671851301
-3.918857866529545,-8.989351164777261
-3.9456686553344125,-8.991880861251492
-3.9741966640258126,-8.995477373350871
-4.002449079915398,-9.00058831014219
-4.0311900156676606,-9.006902087783583
-4.057389045460438,-9.012887648876843
-4.084493188385981,-9.018135517124318
-4.114117587754532,-9.022467014919222
-4.1435868015190565,-9.026491363184984
-4.173041593030264,-9.03160074719485
-4.202410100170507,-9.037500623671356
-4.231694585204651,-9.043953807214638
-4.261002198283178,-9.050414993381269
-4.28464690388212,-9.054984692202659
-4.3202867685795034,-9.060313953748736
-4.3439271714536565,-9.064101108801298
-4.373412321133102,-9.069592203274274
-4.403078997383414,-9.074471197457196
-4.432829723228513,-9.078493569737025
-4.462497020055406,-9.082763835016875
-4.49210009098327,-9.087386307680717
-4.521442505562735,-9.093135669997237
-4.550520570092864,-9.100223543353618
-4.579496309440036,-9.107928057316652
-4.606682421862122,-9.114997342439713
-4.635906713388684,-9.12121115517214
-4.66535367329401,-9.126915813044134
-4.694949371513398,-9.132227635866716
-4.724751074413434,-9.136270175534037
-4.753221134082822,-9.139176299695432
-4.783204085644222,-9.141444156107177
-4.813064354541729,-9.142737094250984
-4.842537442506729,-9.14376431251385
-4.872335768925333,-9.145153671654057
-4.902195560555759,-9.146904618096318
-4.93184042729769,-9.148803714154221
-4.961346255697923,-9.15056680492535
-4.989233014587347,-9.151733517190793
-5.017072968571525,-9.152484438038424
-5.045667698432312,-9.152924451228685
-5.074396184604155,-9.153203181122677
-5.104391318019303,-9.15356841042018
-5.1284164186935595,-9.153617883167046
-5.15844507732468,-9.153097040130813
-5.188447210311596,-9.152330615047621
-5.218460064960154,-9.150944252404535
-5.248422043129407,-9.149168474443895
-5.278356020208698,-9.147233441689881
-5.307923626397057,-9.14566670553466
-5.333270007407821,-9.144623856476047
-5.357154830343295,-9.143642510428581
-5.382015583405983,-9.142405346537629
-5.406132659046883,-9.141077092666798
-5.429852428427214,-9.139476665236753
-5.458450296436982,-9.1371150001715
-5.488225548871044,-9.134083080310107
-5.517700407064685,-9.130092018608593
-5.544840680792146,-9.12507007237719
-5.5723256329783455,-9.11808152430116
-5.59781810402304,-9.109267527572566
-5.622281934258268,-9.097531425526231
-5.643366527178024,-9.084581285361716
-5.663569234863616,-9.070848703884984
-5.682060060977957,-9.058725014887168
-5.70120920396802,-9.04773236794392
-5.726733786805793,-9.035013771553333
-5.75291341539249,-9.022419523587368
-5.778463320655423,-9.008345127469353
-5.802519253485434,-8.991890615942246
-5.824099249660946,-8.975621785121163
-5.839452589043462,-8.963805490091623
-5.8473493897961495,-8.957670497840374
-5.850732483076607,-8.955089551235233
-5.853442529414819,-8.953162556549035
-5.856195886475397,-8.951511635144904
-5.86486541186105,-8.946828021482535
-5.8762332527788725,-8.940876873007252
-5.891255021590812,-8.932506556532891
-5.906692478940165,-8.922116197976619
-5.924455606024362,-8.90713923926968
-5.937865408942614,-8.894261518022024
-5.943752891426492,-8.888006713008794
-5.947132528267201,-8.88400524862919
-5.9520791665749355,-8.877890834265449
-5.951840937676216,-8.87819500528801
-5.94912150294775,-8.88154680508371
-5.944977914769903,-8.886583531945881
-5.946154405731285,-8.885126675962212
-5.94870867404742,-8.881933784233782
-5.950081441092945,-8.880230135893378
-5.953294824054634,-8.876284104993543
-5.954660657209613,-8.874636293656994
-5.956926509498887,-8.87191044969048
-5.959051108734119,-8.86931347557729
-5.964009446300873,-8.863152898424705
-5.969023395559023,-8.856998589634994
-5.972785088119084,-8.852578480854985
-5.977011998864026,-8.847834241481621
-5.980229780758945,-8.844280771431484
-5.982426027413501,-8.841848320037915
-5.987833285128711,-8.835854508434632
-5.990521757827578,-8.832887870828442
-5.996622135874279,-8.825981191824406
-6.005012440220755,-8.816369477190989
-6.0138765713216715,-8.806335912596584
-6.022136601396473,-8.796811580068683
-6.030458673087426,-8.786699048064502
-6.036508492328614,-8.779456783635588
-6.041014911735895,-8.77436200448254
-6.047604215855438,-8.766965751679429
-6.056818686332476,-8.756514597521097
-6.065298333755473,-8.747077905916052
-6.075884143241935,-8.735731656989124
-6.089099824262524,-8.7221814371561
-6.102407125439968,-8.708678016479352
-6.116033092185879,-8.69459242372344
-6.131654342880813,-8.678105360927491
-6.148191929716858,-8.660974373703892
-6.159865229467969,-8.649422450382078
-6.174872534041,-8.635014829623968
-6.191516118916407,-8.619637004303943
-6.210265795100035,-8.603673059482748
-6.227959159555073,-8.589520557249338
-6.2488617811017235,-8.572537928112672
-6.271449492546152,-8.55282790511229
-6.293428039226871,-8.532324824153694
-6.314775144181383,-8.511143871387295
-6.33535851378399,-8.489652713138634
-6.35520860895818,-8.469431883189932
-6.373898062142907,-8.451051717589596
-6.3905228732677495,-8.43577049815879
-6.402412164907284,-8.425998380158804
-6.407041552719855,-8.422511164741671
-6.403523446367132,-8.424814529802736
-6.395521805673943,-8.429774388820174
-6.382977534365499,-8.437425360733183
-6.3707662613954446,-8.444958739483091
-6.355509898374085,-8.454077743019297
-6.337263043368021,-8.46441196427004
-6.32568237846539,-8.471044709464728
-6.322490985922747,-8.47290449335407
-6.3256802762617905,-8.470966797596402
-6.333764011588715,-8.465500296290049
-6.349094017345626,-8.453766876499593
-6.363343641682276,-8.441566833630699
-6.3705610015187935,-8.434943476738711
-6.381446747713541,-8.424288168591387
-6.3971938978332235,-8.40801901382845
-6.416857213321164,-8.387771792059365
-6.437976822076946,-8.366567965817712
-6.458777212558046,-8.34574373925543
-6.479676875977176,-8.324523704113506
-6.500212713500403,-8.302751696215314
-6.520419396144155,-8.281102715155866
-6.540564168825949,-8.259586406432478
-6.561127963891467,-8.23793599007838
-6.582012834003787,-8.216506793320727
-6.602951164033971,-8.195020328812495
-6.624107852382628,-8.173827218551779
-6.645204112003876,-8.153910619294049
-6.667264208992175,-8.133710734775857
-6.689330790562113,-8.113621080269994
-6.712123109474692,-8.094226407083383
-6.7319558786163025,-8.077589853914935
-6.752840970779835,-8.059022479730196
-6.773888886210834,-8.038494020698879
-6.793385384105803,-8.016537329570857
-6.810128660236316,-7.993504398116879
-6.823492496938367,-7.96840322744565
-6.834018522497094,-7.9407344158589055
-6.84166434177715,-7.911922780319849
-6.845260244384958,-7.882481443704256
-6.844008585578971,-7.855747359077387
-6.838392827009362,-7.832258167661842
-6.8313829340476335,-7.814173994775981
-6.8209260976657,-7.792422684675331
-6.810038326415474,-7.771027708506107
-6.798755266527546,-7.746477553327458
-6.787797178544153,-7.718666393757308
-6.777868291170432,-7.69038024758535
-6.7677958451013325,-7.662108233734371
-6.758214380413525,-7.6355697589289235
-6.74880475585198,-7.608525062682318
-6.739032162447773,-7.580926820985434
-6.729217319313749,-7.555896964135104
-6.718395879505834,-7.529789689087186
-6.707446423169386,-7.5032500799855955
-6.69649866005325,-7.476039789331399
-6.687482153006264,-7.449809876971434
-6.679644455191191,-7.422388622571083
-6.672745397945281,-7.394508974333156
-6.667298939954288,-7.372194190114691
-6.660104541862805,-7.343233655968079
-6.65227432769028,-7.314225434257582
-6.643889335126498,-7.285404499445583
-6.636015383199827,-7.256540487924204
-6.629528079517357,-7.2273383250561025
-6.624341951554734,-7.197853429167662
-6.6196369729918105,-7.168305533431744
-6.614856661515693,-7.140893325108156
-6.609107904332844,-7.112202639713925
-6.603699829423144,-7.087373612115433
-6.599272743615965,-7.068198565322455
-6.592623210631105,-7.042390796874419
-6.583372777108585,-7.014156251744415
-6.572415748641838,-6.986385008454688
-6.561197286106737,-6.959268675456564
-6.550722618651663,-6.93270284273056
-6.541561525253438,-6.908332623732628
-6.53407739889664,-6.88805787603818
-6.526509189960797,-6.867833329091972
-6.516873980474652,-6.8435043121897445
-6.505948022388136,-6.8162079669696
-6.4950788198375875,-6.788871739158178
-6.4831392703738135,-6.761748581926752
-6.4689661719442615,-6.735138615175903
-6.453088112559972,-6.709595738406188
-6.438122881044632,-6.687402850324447
-6.4255006259866585,-6.66943937205343
-6.411166091825724,-6.649364789029679
-6.397211297733996,-6.629485478738317
-6.383009561656409,-6.60950477532565
-6.367477121670923,-6.588058812926581
-6.350447048950292,-6.564662192478816
-6.332975828685348,-6.540361634305014
-6.3156561331444925,-6.515938429549744
-6.299199668468275,-6.490910719022532
-6.283360064132072,-6.465492570418672
-6.268341153100414,-6.439615567700196
-6.2539864613975595,-6.413272558762243
-6.240440399429748,-6.388778148629077
-6.227105578052947,-6.3652986501039095
-6.214617846670312,-6.342946030873723
-6.203864263887918,-6.323159635004369
-6.190451877932442,-6.29993680329297
-6.175499749306606,-6.27605482896355
-6.161960721295809,-6.2556231302805365
-6.151534126595973,-6.240044241096898
-6.14024616177226,-6.223378993178401
-6.125778068287969,-6.202171751115164
-6.112504964487144,-6.18339901077572
-6.0969017593180475,-6.1622565333370485
-6.08480814921904,-6.14628083345515
-6.073745973377705,-6.130907270640961
-6.062156633731756,-6.114059953564706
-6.048808158870204,-6.094569706376086
-6.034351499150555,-6.074432742922018
-6.018356396644501,-6.052734502718787
-6.000895523497208,-6.028516046561283
-5.984878555926201,-6.004500293318906
-5.970914668616542,-5.980581358125542
-5.957235541996381,-5.954255457679984
-5.947020043273541,-5.934112146394146
-5.934418823033095,-5.909396166779455
-5.9211354302415975,-5.883164084257335
-5.908271426068111,-5.856110873282592
-5.895918772653309,-5.828951417512169
-5.884432638781756,-5.802760214224349
-5.872209207166661,-5.775602777758377
-5.860419035304307,-5.748509594413922
-5.849845328062699,-5.722617852498142
-5.838831912760752,-5.697672947435664
-5.829308697776664,-5.677979431103107
-5.816409607243569,-5.650971539365505
-5.80413827708409,-5.623623168984533
-5.79248343018555,-5.596369783688444
-5.7820987842127165,-5.568517850075058
-5.773538449646644,-5.5431194926266665
-5.766731339783914,-5.521378885046284
-5.760865660255035,-5.499704404520824
-5.756906736085378,-5.480879948914262
