1068.7969666623637
1068.8209648157292
1068.8485344897795
1068.8637073179632
1068.8736699032866
1068.8753143996435
1068.8753160920262
1068.8753166034908
1068.8766368175009
1068.8835922591009
1068.895450908654
1068.9122952338062
1068.934276064924
1068.9613444195138
1068.9850626142868
1069.0205235592557
1069.0440803981942
1069.0736522252782
1069.1032609789338
1069.1329638530872
1069.1627752013444
1069.1926165757777
1069.2224206095739
1069.2523347974254
1069.2762685767918
1069.3062185087108
1069.3361637353191
1069.3661253291748
1069.3961131574158
1069.426095876597
1069.4560640879874
1069.4860231234716
1069.5099897979928
1069.5399507658683
1069.5699139092767
1069.5998922918986
1069.6298656325037
1069.6598255186
1069.6897718427745
1069.7137207393869
1069.7496344117226
1069.7735680087792
1069.8034930107353
1069.8333842313548
1069.8632221590576
1069.8931452767338
1069.923081419187
1069.9530050633837
1069.9769553480735
1070.0068875767042
1070.0368326883256
1070.0667914660717
1070.096754455172
1070.1267189002842
1070.1566619783632
1070.1865628207079
1070.2164029740554
1070.240212700298
1070.2699171021663
1070.2996200123266
1070.329302841438
1070.3590652673604
1070.382910740559
1070.4127518347477
1070.4426587065172
1070.4725747890077
1070.5025280025532
1070.5265042770886
1070.556469257173
1070.5864474063405
1070.6165135617894
1070.6465902850114
1070.6766402741976
1070.7066122414062
1070.7366155474654
1070.7602855911584
1070.790079412315
1070.8199439629248
1070.8499713540552
1070.8800652181963
1070.9101337059087
1070.9341613205272
1070.9641437931286
1070.9941218495953
1071.0241913444518
1071.054335340874
1071.0784477795155
1071.108523364597
1071.1384677116996
1071.1683214018278
1071.1982634493913
1071.2281311740846
1071.2580471018678
1071.2880576692517
1071.3180869989062
1071.3480715307167
1071.378074129246
1071.408121704512
1071.4321594590813
1071.4621954364166
1071.492281050753
1071.5223780045046
1071.5524551076485
1071.5825010070319
1071.6065196265956
1071.6365185070042
1071.666507450658
1071.696492443099
1071.7264697871294
1071.7564546170286
1071.786443326362
1071.8104521800042
1071.8404811504186
1071.8705104258756
1071.9005173350092
1071.9305318316863
1071.9605305820926
1071.990523767951
1072.0205210082734
1072.044503735441
1072.074500767325
1072.104522191334
1072.134589255966
1072.1646304948363
1072.1946632673835
1072.2247027111594
1072.2547364518823
1072.2847661596031
1072.3087836508166
1072.3388116875244
1072.3688469942038
1072.398880819435
1072.4289155087656
1072.4529465636722
1072.482948154351
1072.512943483855
1072.5429351453045
1072.5729265679313
1072.602922190321
1072.6329170758397
1072.6629150532865
1072.686902488998
1072.7168839425651
1072.746856751005
1072.7768291663617
1072.806785065037
1072.8367549864577
1072.8607335666682
1072.8907073672797
1072.9206893011897
1072.9506672213395
1072.9806497261413
1073.010636918357
1073.0406278050175
1073.0706141320236
1073.1006094331078
1073.1246104457582
1073.1546259236163
1073.184662362958
1073.214708907178
1073.2447410964883
1073.2746991125666
1073.304231900396
1073.329000621488
1073.3478725528555
1073.3574402003103
1073.3647060125236
1073.3659678403342
1073.370859902886
1073.3744271285768
1073.374974911767
1073.376111384915
1073.376530638559
1073.3794775297977
1073.380778777258
1073.3828693722753
1073.3881194840433
1073.3917759364224
1073.3923586170085
1073.397033149326
1073.3990605541912
1073.399700164136
1073.4028040110757
1073.410767554165
1073.4194804368472
1073.4262462915235
1073.428259639536
1073.4306607530082
1073.4326618566602
1073.43386647714
1073.434598041033
1073.4354124254633
1073.4404911918014
1073.4448858667322
1073.4474252287455
1073.4503196389194
1073.452897842758
1073.4575690483996
1073.4625666411387
1073.4666940283344
1073.4695867777527
1073.4697095660922
1073.470202096324
1073.4740412859558
1073.4787345602083
1073.482096494932
1073.482742160714
1073.4885267138263
1073.4956449924114
1073.5038196191356
1073.5102493534114
1073.5177725687931
1073.5234937479129
1073.5270184621797
1073.5287864871289
1073.5290363724487
1073.5304990733423
1073.5356852005827
1073.540340292655
1073.5461684720744
1073.551653761223
1073.552117933345
1073.552715975396
1073.5532591207798
1073.5580938831893
1073.564786496749
1073.5719792169878
1073.578313113652
1073.5840588993879
1073.5898382132843
1073.5946631843617
1073.5980569655412
1073.6013295413281
1073.6073256538805
1073.607386860561
1073.6107269529086
1073.6145772399757
1073.6186795792598
1073.6198221249406
1073.6200464602987
1073.6224810568735
1073.6226502966438
1073.6242832985795
1073.6268851018376
1073.629142902285
1073.6351304412133
1073.6425806739621
1073.651387835961
1073.6617991269782
1073.6721425053472
1073.6754360912444
1073.6757305171298
1073.6774664253671
1073.6813285343294
1073.6832881483663
1073.6846612510644
1073.6848421695092
1073.6866288140902
1073.686968399209
1073.6873505001245
1073.688753540645
1073.689447037241
1073.691805028963
1073.6975464199797
1073.7058417567737
1073.7108098154451
1073.7130216843393
1073.7167696486065
1073.726687791981
1073.736226969822
1073.745628390211
1073.749786389898
1073.7503222517084
1073.7510087375774
1073.7514150444586
1073.752049984082
1073.7541329994378
1073.7602973784985
1073.7653270274545
1073.765476944092
1073.771619607544
1073.7789195894586
1073.7862236534745
1073.7904596751303
1073.7930472684445
1073.7943914573714
1073.7962084488377
1073.8021093561322
1073.806646479619
1073.8127170295477
1073.818753743543
1073.8208055867578
1073.821049770181
1073.8233300241634
1073.826704644308
1073.8309078440698
1073.8342528307658
1073.8375693169335
1073.8404578555972
1073.8429090078555
1073.845999319845
1073.8483227084043
1073.850421578603
1073.8513645963476
1073.8531875053002
1073.854437103671
1073.8553875315959
1073.8588254355438
1073.8595133491237
1073.8610954939795
1073.8645526506812
1073.8699726280388
1073.8734031666663
1073.8749595674255
1073.8765448523188
1073.8785810054123
1073.879688322995
1073.8807082349892
1073.8807317877
1073.8809750942983
1073.884915923282
1073.8894607029367
1073.8909552177631
1073.8942933109417
1073.8959318892798
1073.8967784871563
1073.8980104604918
1073.8996169223456
1073.9055970412228
1073.9097741774797
1073.9098052275006
1073.9128578227346
1073.9166246976722
1073.9222095493521
1073.9231766633898
1073.9231975613973
1073.9238821937467
1073.9247774276857
1073.9249992414564
1073.925260813101
1073.92581652416
1073.9268124480525
1073.9277563455616
1073.9289029260008
1073.9296872741563
1073.9304972925454
1073.9317254978378
1073.9328648136045
1073.939303933974
1073.9457412954114
1073.950400731704
1073.9533038967281
1073.9535680108902
1073.9574808376883
1073.963727952296
1073.9715893162581
1073.9791166277546
1073.9860671292658
1073.9911687467384
1073.9923307596375
1073.9941640638888
1073.9943341504843
1073.9964782066077
1073.998917772241
1074.0042725195972
1074.0085702117615
1074.013263135007
1074.0177380841747
1074.0209927382668
1074.023398915892
1074.0250367105868
1074.0275012379416
1074.031526719843
1074.032551681709
1074.0379306873274
1074.0414118991246
1074.0443725343887
1074.0447327207464
1074.0469044705465
1074.0488271447264
1074.0533427043454
1074.0554523013589
1074.05667994585
1074.061077052043
1074.0663643575438
1074.0684499484205
1074.0693958150139
1074.0710692398434
1074.0745690385068
1074.0759218850146
1074.0767690041803
1074.079628809716
1074.0807043015986
1074.0823170284016
1074.0830653121488
1074.087363846831
1074.090957519838
1074.0927937713857
1074.0931233323809
1074.0940743918825
1074.0954704457088
1074.096839286987
1074.1022658848099
1074.1058539083656
1074.1086398269313
1074.1137761777597
1074.117481842636
1074.1214386889255
1074.127169835438
1074.1302359907581
1074.1324015415596
1074.133388259646
1074.133876590413
1074.1351967210153
1074.1377717005787
1074.1431760812932
1074.1451170243038
1074.1466747098962
1074.149066966131
1074.1494869336163
1074.1538119139466
1074.153924539112
1074.1545827677205
1074.1552261836873
1074.157630287223
1074.162986390663
1074.1645178602837
1074.16547057632
1074.1665283842856
1074.1675307935868
1074.1681190271297
1074.1694079495155
1074.1741925217016
1074.180863813273
1074.190262579072
1074.197305273442
1074.200296793739
1074.2018417394743
1074.2027718989698
1074.2044966222413
1074.207410974291
1074.2112146988661
1074.2135337496975
1074.2140893852188
1074.2158537357866
1074.2163688699395
1074.2216165432374
1074.225325954638
1074.227404694931
1074.2310372921884
1074.2392392392135
1074.2426982033749
1074.244043231777
1074.247459878582
1074.2500228191739
1074.2511491239684
1074.2515646516047
1074.2552326404339
1074.2585590066033
1074.26142824195
1074.2640028489566
1074.2640850892597
1074.2662819689524
1074.270338576231
1074.2778789967692
1074.286577821265
1074.2952885828245
1074.30052815617
1074.306422662258
1074.3084235733925
1074.3093916405608
1074.3100084652613
1074.3139081780605
1074.3194969154686
1074.324164663176
1074.328044259256
1074.3313877793926
1074.3332145704874
1074.3361584558795
1074.339515503107
1074.3426187341897
1074.3449783993185
1074.3468074123025
1074.3500579861952
1074.3568752607264
1074.3664852448958
1074.3748739574335
1074.37974062478
1074.3825606227747
1074.388099795496
1074.3921185057802
1074.394078527761
1074.3971039509609
1074.4011877511293
1074.407286302719
1074.4083627982159
1074.4088147975192
1074.4090731437825
1074.4108421651993
1074.4134609079315
1074.4143027922967
1074.4151268213348
1074.4176503085482
1074.424560654335
1074.4305732042424
1074.4354357318505
1074.436171899506
1074.4363576200067
1074.437549698396
1074.4391359784072
1074.441869132934
1074.4441732737716
1074.4456038610285
1074.448169829941
1074.4484487045295
1074.452092961016
1074.4558054095617
1074.4590164899273
1074.4604321247675
1074.4623898645889
1074.4625687501255
1074.4659053126786
1074.4709679187342
1074.4714833131657
1074.4723107463135
1074.4729248100027
1074.4752051178089
1074.476351895766
1074.477226750539
1074.4776507387269
1074.4785168789704
1074.479688346062
1074.4839803918373
1074.4887943325393
1074.4891120270945
1074.494895762476
1074.5010697029081
1074.5060470285423
1074.5132993516975
1074.5188396444985
1074.5286607615694
1074.5393514420036
1074.5500684241088
1074.5584111583971
1074.5606416840649
1074.5625538490278
1074.5703979977861
1074.580641736911
1074.5903274310392
1074.595675437503
1074.6038401534415
1074.6136414963921
1074.6271077762199
1074.641913985529
1074.6531693958718
1074.6621014911539
1074.6678565823631
1074.6734807945736
1074.6778219453283
1074.6793501696827
1074.6802966072723
1074.680474248896
1074.681310762568
1074.6834599375627
1074.686303010577
1074.6903147140565
1074.6934801621064
1074.695350256189
1074.695978795665
1074.699105646972
1074.710213477687
1074.7284863112932
1074.7449593240442
1074.7655243668926
1074.7856669238488
1074.8026202523702
1074.8138544034814
1074.8181584422466
1074.8202161619724
1074.8221535876676
1074.8248027034708
1074.8311050713678
1074.8357555743598
1074.8413013575985
1074.8449962452182
1074.845755793116
1074.8475310066876
1074.852453373555
1074.8566758223023
1074.8631817064966
1074.865967651333
1074.8681223443573
1074.8697857351028
1074.8740216587305
1074.8788074233416
1074.8884784063944
1074.8977303634147
1074.9046484005287
1074.9100927740212
1074.91555191621
1074.9212844279182
1074.9281645011372
1074.9307120587794
1074.9312761889057
1074.9337889983142
1074.9366813944064
1074.9432933777994
1074.9531128727408
1074.961195860186
1074.9663915915387
1074.9704199218893
1074.974584355223
1074.9784768008458
1074.9863860084754
1074.9971557694969
1075.0092223469505
1075.01832167586
1075.0217724610015
1075.024670428014
1075.0250987287277
1075.0303198652814
1075.0392197788256
1075.0436338860404
1075.0469482327492
1075.0502532234525
1075.050992002748
1075.0511230133043
1075.0541672774161
1075.0559854339606
1075.057003650014
1075.0579836427435
1075.0581593099732
1075.058733068391
1075.0596910247339
1075.0609065642147
1075.0694212193957
1075.0788970703625
1075.0949472395769
1075.108280037828
1075.1247675162942
1075.1400358718058
1075.1474158286844
1075.1534169762788
1075.158879991586
1075.1648279887825
1075.1676453422729
1075.1722285325304
1075.1758094544198
1075.1792581831953
1075.1826780245774
1075.1826817294107
1075.1829012836856
1075.1829425987416
1075.1880859383516
1075.1917355715127
1075.194121902842
1075.195700320156
1075.199942465371
1075.2013646163116
1075.202170247798
1075.2038011815293
1075.207671317341
1075.2120148300946
1075.2155838558267
1075.2197580030322
1075.2235402918495
1075.2278752580164
1075.2313765600004
1075.2319926326334
1075.2336685754674
1075.2355284576881
1075.2364539285093
1075.23702220635
1075.2396885701821
1075.244894396457
1075.2491765936995
1075.2533559263538
1075.2558636073438
1075.2577389593876
1075.26752820206
1075.2789317496774
1075.2899543030865
1075.29948506384
1075.3077990739926
1075.3108247562511
1075.3138428607513
1075.3159158385442
1075.3177323080465
1075.324070533497
1075.3336417479827
1075.3451201566693
1075.3581322740674
1075.3689644246635
1075.3763050203677
1075.3794731109535
1075.3804012124626
1075.381771163449
1075.3844393211916
1075.388768765565
1075.3897152105742
1075.3920548767487
1075.3942561485173
1075.396895828766
1075.4003118941216
1075.4032035909602
1075.4039509233426
1075.4071354116772
1075.4096143309855
1075.4102628951864
1075.410604338652
1075.4117459850452
1075.4122066772866
1075.4129891291175
1075.413139956663
1075.4148463323681
1075.4196282466385
1075.424750966722
1075.432518600923
1075.4406160323847
1075.448841873917
1075.457613916684
1075.4662936925354
1075.4720921024807
1075.4746010624337
1075.4757921509129
1075.4765109922657
1075.4827111505506
1075.488829687344
1075.494814524684
1075.5013403479727
1075.5100904597186
1075.5179812170059
1075.5233124172792
1075.5265464873426
1075.5312843964393
1075.5445720839627
1075.5590063863867
1075.567840007781
1075.5698962433983
1075.5733969437001
1075.578203386581
1075.5844186689533
1075.5902300680611
1075.5947560368274
1075.59897910524
1075.6028428842333
1075.6031381704756
1075.6049577136898
1075.6063201832185
1075.6074330706156
1075.6076594869871
1075.61161279076
1075.6139771359071
1075.614307964126
1075.6157559640053
1075.6221755960296
1075.6315583059757
1075.640001938462
1075.646701671872
1075.651107848389
1075.6558566850754
1075.6607921406999
1075.6651470989093
1075.665932261764
1075.6690772165223
1075.6701495776526
1075.6709201498625
1075.6718334354166
1075.6798221764213
1075.6897946953309
1075.6959221788293
1075.6996759777883
1075.7007953311117
1075.7058228224287
1075.7136156643087
1075.7214526886835
1075.7302344878754
1075.7365440602302
1075.7431295014587
1075.7465198773832
1075.7471073507759
1075.7516543071051
1075.7594121829743
1075.7680702084494
1075.7778284357555
1075.7892858026419
1075.7985470930703
1075.808274597697
1075.8155269647357
1075.8223780509845
1075.8266350107065
1075.8297442454311
1075.8315892243902
1075.8329823902332
1075.8334253602377
1075.8371155551115
1075.839062370897
1075.841375338134
1075.8435557087128
1075.8463167389302
1075.8464496289541
1075.8519405649693
1075.8613539157272
1075.8718638116634
1075.8801243756272
1075.886694673906
1075.892205002071
1075.89430570762
1075.90081679848
1075.9063017294225
1075.906467033344
1075.9077383001522
1075.9078950418482
1075.9105025658723
1075.911475872104
1075.9140061395342
1075.9174859641328
1075.925137904258
1075.9393898475553
1075.9503930081728
1075.959679951438
1075.9680786059823
1075.978093430447
1075.9844101924143
1075.9910768308696
1075.993960613309
1075.9940288478558
1075.9975152951163
1076.0023934384872
1076.011197241674
1076.0140575903395
1076.0161332363398
1076.0177482633849
1076.0190291226795
1076.0205901056042
1076.0241063112455
1076.0245795281971
1076.0274177655274
1076.031561272244
1076.037667115562
1076.0446853249628
1076.0479245494396
1076.048041350346
1076.0488400970614
1076.0500379908594
1076.0513677269923
1076.0567745714566
1076.0683427728384
1076.0799627995154
1076.0917028072254
1076.103888904953
1076.1183947796662
1076.1328326313323
1076.1412881762212
1076.1475931003772
1076.1508788340757
1076.1528625612327
1076.154408854471
1076.1554693654825
1076.1619446389325
1076.1751998763411
1076.188733726679
1076.1989275510884
1076.2084251573351
1076.2141941407542
1076.21483047578
1076.2156446522101
1076.2173682454559
1076.2195442415107
1076.2225350784302
1076.226613961865
1076.2328833412946
1076.2408012422889
1076.2489658550107
1076.2535892944252
1076.2536164173523
1076.2560252950293
1076.2606735539896
1076.265946829458
1076.2713198913743
1076.2774342404696
1076.2810294759338
1076.2835455820561
1076.2856309762078
1076.286265777177
1076.28839519757
1076.2895274192817
1076.2897000416842
1076.2945284988134
1076.2985414204272
1076.3022150428542
1076.3047389194935
1076.3049371074924
1076.3063832418482
1076.3091278232641
1076.3111363954094
1076.3127183750303
1076.3134857662947
1076.313584394227
1076.3155992404916
1076.319521425194
1076.3201447715521
1076.3225235030454
1076.3262982556994
1076.329395399247
1076.33559158494
1076.344285871664
1076.350682416621
1076.3550630443663
1076.3566657327017
1076.3568886437738
1076.3597785625882
1076.365138241892
1076.37220671552
1076.377837496096
1076.3807696485057
1076.383185629859
1076.386222861195
1076.3900167664278
1076.391346759929
1076.3919252251644
1076.3919497827624
1076.3938204917847
1076.400246694472
1076.4073917055682
1076.4132447817383
1076.418950171369
1076.4247879105437
1076.4275190680667
1076.4276817787197
1076.4295340209987
1076.433127683718
1076.438200793104
1076.4471634349993
1076.456457264064
1076.4648503673266
1076.4721175992727
1076.4793481761762
1076.490114534244
1076.4991858389985
1076.5043643214995
1076.504973000384
1076.506937160309
1076.5102270193934
1076.513672717745
1076.515398845059
1076.520105927742
1076.5241837108306
1076.52715415973
1076.528189475965
1076.5286942534908
1076.5294077890485
1076.5301224744073
1076.5316338683854
1076.534214836122
1076.5394095264617
1076.54732025184
1076.5545407220816
1076.5598493701257
1076.5663395338854
1076.573106701645
1076.5750070163792
1076.5791891828826
1076.5865885067192
1076.599438050742
1076.6212885087537
1076.6462813688677
1076.6699987851437
1076.6876737854202
1076.6953510778792
1076.6960963363417
1076.7042123621454
1076.7154652271638
1076.7268639765184
1076.7358234505089
1076.743420168265
1076.750224739304
1076.7554843712708
1076.7597057767716
1076.7642353424144
1076.7685510793915
1076.7710407895179
1076.7745113398246
1076.7759786924662
1076.7771939105094
1076.7780215427963
1076.7792230788477
1076.7832701951156
1076.7885731211486
1076.7992716810554
1076.8111327426425
1076.8230049764925
1076.8337803178065
1076.8381296116931
1076.8388251602985
1076.8413752042295
1076.8450695221675
1076.8488885052366
1076.8536628592246
1076.8588040861416
1076.8667970053982
1076.8771821001726
1076.888823913606
1076.900802568636
1076.9099312436995
1076.914976177341
1076.918401327582
1076.921912814511
1076.9272455250964
1076.931431502126
1076.932454835173
1076.9358500770163
1076.9432648315405
1076.9537021918513
1076.9632744543571
1076.9696211595972
1076.9701198289033
1076.9727281391974
1076.9761387276926
1076.9808100280893
1076.9858524776216
1076.9891855092992
1076.9923930041605
1076.9940536948525
1076.9966022380577
1077.005163109107
1077.0121697245172
1077.0215524843832
1077.0325315306206
1077.0435251606561
1077.0524386379668
1077.0583547912233
1077.0631854070984
1077.066393707801
1077.067785026665
1077.06827505398
1077.0686185799652
1077.0700378928066
1077.0756066242714
1077.0820483897185
1077.0904571752653
1077.1009286369087
1077.1094648197984
1077.1175230912932
1077.1238764187217
1077.1316998205614
1077.138370642463
1077.1419033113461
1077.1431338219893
1077.1444971516303
1077.1467589172312
1077.1496630274814
1077.153254821167
1077.1549714591495
1077.1555211533578
1077.1559406120352
1077.1562305523669
1077.1596112723457
1077.1665097315731
1077.1794206214038
1077.1924104346226
1077.2057673264624
1077.2132344476934
1077.2162074343605
1077.2169965799385
1077.2178349066082
1077.2181937894522
1077.2196977426927
1077.2208737652234
1077.2208828521375
1077.2209188527602
1077.221761742617
1077.2229385354058
1077.22423562206
1077.2298994420414
1077.2366986336783
1077.241747122062
1077.2461873214424
1077.2493770288147
1077.2502684226097
1077.2576851292617
1077.2720862922363
1077.2864822147758
1077.3021554279605
1077.3133768397256
1077.3176035035776
1077.3222734791023
1077.3236859916215
1077.3262816014283
1077.3317862287035
1077.3413836503187
1077.3506123990196
1077.3586824785398
1077.3676996809497
1077.3730842350262
1077.3736676171259
1077.3768229853301
1077.3805252216014
1077.3857628723626
1077.387856688655
1077.3894754760256
1077.391882736819
1077.401311421166
1077.416339973531
1077.4318955423678
1077.4444300112204
1077.4587301097372
1077.4697992817485
1077.4741841209689
1077.4780427260873
1077.4783519033376
1077.4857513608806
1077.4980321715552
1077.5124586760355
1077.5422214917442
1077.5644679543948
1077.5922317851675
1077.6185759999319
1077.6399365917623
1077.656933548446
1077.6672790366404
1077.6737872285892
1077.677080790145
1077.6809806638648
1077.6864671678163
1077.6959882844506
1077.7042431735754
1077.7128964712745
1077.7216005302478
1077.7322313538596
1077.7416616658998
1077.7487082321536
1077.7549255270912
1077.7591576126301
1077.7626139414976
1077.7640710422654
1077.7680035112692
1077.7727433189798
1077.7745967808303
1077.7748203203964
1077.7753679515793
1077.776239205592
1077.776927091446
1077.7769451589847
1077.77819462004
1077.7784360413045
1077.778903513939
1077.7790994127356
1077.7817306862805
1077.7842492202026
1077.7862499016967
1077.7882112190161
1077.788812976755
1077.7937788528186
1077.80353074262
1077.8155048221345
1077.8263505686446
1077.8394628959284
1077.8477385247197
1077.8532551892529
1077.8575820033573
1077.8576319186348
1077.8577656845446
1077.8584193130002
1077.8585422494787
1077.861720386837
1077.8653442387617
1077.8725701302742
1077.880196303689
1077.885197336942
1077.8862349924682
1077.8875143554396
1077.892287666866
1077.8979979627156
1077.903247288915
1077.9079272205008
1077.911701178645
1077.9177780384218
1077.92897099321
1077.9428985802058
1077.9551132512547
1077.9661613949893
1077.973200836076
1077.9755082391687
1077.978289892964
1077.9799250011379
1077.9817176441134
1077.9843598661391
1077.9871300987782
1077.9895612196435
1077.9909566351432
1077.9909942463107
1077.9925736327293
1077.9927840323628
1077.9974662279642
1078.0022080990937
1078.0074094489707
1078.0112284974393
1078.013983289458
1078.0167429720632
1078.0179019492996
1078.0185710105
1078.0195533180213
1078.0234973302179
1078.0275490480994
1078.0334451060633
1078.0396931597393
1078.0460644585442
1078.052960829487
1078.0651534878536
1078.0775973225993
1078.089604662706
1078.0999766009418
1078.1047648150527
1078.10638302353
1078.1069612377692
1078.1074347401411
1078.1102508086976
1078.1179851861418
1078.1252474972841
1078.131179714162
1078.136866406473
1078.1428692275222
1078.149327631946
1078.1589024668938
1078.172866220941
1078.1835554462502
1078.1968739001125
1078.2122098537245
1078.2231621512358
1078.2330614115513
1078.2377052167753
1078.2406384179578
1078.2430681513722
1078.243559134664
1078.2451865739974
1078.2452687922753
1078.2472854035068
1078.2496341023714
1078.2504817372162
1078.2515960110832
1078.2518126558543
1078.2523683250422
1078.2527801997671
1078.2539695410394
1078.2598855583517
1078.2695236547725
1078.2802286819358
1078.2894865500834
1078.2966374033704
1078.296955158406
1078.3014727748762
1078.305956971407
1078.308826685773
1078.3097351629633
1078.3142465465178
1078.3236391731903
1078.3381660401058
1078.3548819223672
1078.3722993055376
1078.3846382254994
1078.4000689707666
1078.4114532543022
1078.4157026674209
1078.4180581045648
1078.4251993782411
1078.4417833672703
1078.4574847780868
1078.4692335109617
1078.4758642449929
1078.4796621533487
1078.4809012829173
1078.482819475051
1078.4835777497199
1078.4850946615318
1078.4851534811014
1078.4883390957152
1078.4940868613176
1078.497433480918
1078.4980093581387
1078.500171531135
1078.5019436250047
1078.50211102281
1078.5032274112004
1078.506348937058
1078.5099439764633
1078.5133196821916
1078.5211869147727
1078.534970724713
1078.548295819122
1078.5573453619454
1078.564077890807
1078.5662377907124
1078.5678819123557
1078.5689278667417
1078.570610982582
1078.5723079090485
1078.57478626935
1078.5753926345237
1078.577242439018
1078.5842297121374
1078.5931861042625
1078.5984223903686
1078.6035259442551
1078.6081527625986
1078.6101480324864
1078.620526188358
1078.6325919333863
1078.6490483272094
1078.6602580496487
1078.665608548473
1078.6659470299116
1078.6700589692755
1078.6758387178077
1078.686365101628
1078.694775672817
1078.7019720029984
1078.7090500875527
1078.71599855699
1078.7216639851517
1078.7223628308623
1078.7265775085439
1078.736122345621
1078.7473081271476
1078.7571640575766
1078.7655205700096
1078.7710127519763
1078.771654748463
1078.775473830004
1078.783479525485
1078.7885695891757
1078.7891705238544
1078.7941865692374
1078.800124800115
1078.8061895020671
1078.8143037257646
1078.8303735870534
1078.846402244396
1078.8657206077994
1078.882800021216
1078.8952485765658
1078.9000681929092
1078.9001930063548
1078.903698195378
1078.9058610665068
1078.9145585044341
1078.9248409436314
1078.934898936505
1078.9436682580904
1078.9520982843912
1078.962897539282
1078.9737772289643
1078.9852985561213
1078.9956315043335
1079.0054447121527
1079.0149848747458
1079.0232393096835
1079.0275672347298
1079.030271085882
1079.0331963416895
1079.0377494956965
1079.0414090355935
1079.0458842180099
1079.050341182735
1079.053977031366
1079.0582211581452
1079.0613018170025
1079.0631369566038
1079.0670009455703
1079.0727503921307
1079.0817530978481
1079.0918537801215
1079.1038952585907
1079.115695410073
1079.1291006493263
1079.13780895355
1079.1402994261637
1079.1406013057922
1079.14333055087
1079.151668853406
1079.163057440506
1079.1733295349586
1079.1834661668645
1079.190954692852
1079.1948492859133
1079.1977346145775
1079.2013937833863
1079.2021907672042
1079.204871563036
1079.2081211821921
1079.2143383605385
1079.2173810355366
1079.2195299024754
1079.222529426187
1079.2264486725455
1079.2296766991092
1079.2341448806112
1079.2425299650636
1079.2524069254946
1079.2622562069441
1079.2721846668157
1079.2821794518813
1079.289736761125
1079.2952186019572
1079.2955192329405
1079.2964418322356
1079.3033884513068
1079.3125451280114
1079.3207788856905
1079.3292800260003
1079.3373836593148
1079.3475906352398
1079.355294015229
1079.360452234406
1079.3637191584173
1079.3682286346807
1079.373534429392
1079.3785851932573
1079.386004372096
1079.3943311185692
1079.4033783121733
1079.4086815035275
1079.4102222570787
1079.4197697754785
1079.4338388906797
1079.4523564100834
1079.4689283791736
1079.4885444558297
1079.50733198445
1079.5260648086673
1079.5423746345327
1079.5553932734995
1079.5598727365852
1079.5616989857479
1079.563115371977
1079.5643953180215
1079.566378207448
1079.573303904622
1079.581996425176
1079.5957375360667
1079.6057783220251
1079.6157502472379
1079.626390776676
1079.6386726404264
1079.6504721331896
1079.6579145601952
1079.6637744978543
1079.6682569153222
1079.672613457928
1079.676003069159
1079.6805238102393
1079.6838297232296
1079.6868958553418
1079.692280927695
1079.6969318040665
1079.7028528954522
1079.7091836372529
1079.71631279916
1079.7205567550889
1079.7208659329185
1079.721834214505
1079.7274150935853
1079.7368949507443
1079.7505300380426
1079.7678672353584
1079.7846918023872
1079.7986559713868
1079.8090743074736
1079.8104218312358
1079.8134997981567
1079.8221209673272
1079.8358038732047
1079.8527488475374
1079.866389213462
1079.876742251981
1079.8818396195486
1079.882209535466
1079.8867031310663
1079.8961818734342
1079.908489509947
1079.9315027918967
1079.955740233197
1079.9799972994454
1080.0034187807473
1080.021179487253
1080.031328920549
1080.031927221373
1080.0410939375486
1080.0570447149448
1080.0733230883507
1080.0862470954357
1080.1007746597302
1080.1150254709069
1080.1294081528458
1080.1434904698376
1080.154672338206
1080.1639960857879
1080.1726243582173
1080.1763879472226
1080.1800157788223
1080.18228453075
1080.1826163547107
1080.183236010877
1080.1857693831394
1080.1892982069362
1080.1920889979683
1080.193343753857
1080.1962021362162
1080.200580889261
1080.2089191113778
1080.2130528762702
1080.2162718304594
1080.2169546494488
1080.2231840947316
1080.2388911596147
1080.2583577578212
1080.2777589025955
1080.2979131877046
1080.319389616184
1080.3396733858244
1080.353932755644
1080.3620911554813
1080.3676771527912
1080.3677686634674
1080.3707217533317
1080.3785104845783
1080.3922192774335
1080.406889725701
1080.418665471896
1080.4288518553317
1080.438577033392
1080.4453524909281
1080.4504186931686
1080.4515376774789
1080.4546312156397
1080.462073759402
1080.4712364867326
1080.4823766461209
1080.4936482562634
1080.5075952638283
1080.5186127476609
1080.524414002522
1080.5307281297355
1080.536533027485
1080.5368717241836
1080.543621276658
1080.5549809515974
1080.5722189371681
1080.594409070945
1080.6190673244075
1080.6388226110391
1080.6634686049774
1080.686569632443
1080.7044486041227
1080.7161885732914
1080.723839519624
1080.7252115691006
1080.7322314016628
1080.7392603316573
1080.7445031229631
1080.749639268774
1080.759362661562
1080.770798057284
1080.783037687752
1080.7887009220965
1080.7930441239032
1080.7974757384106
1080.8031465880308
1080.804241882422
1080.8083312427161
1080.8111719371575
1080.8113240395164
1080.8118946159263
1080.8131860556866
1080.816542191827
1080.8207652153578
1080.8223782977338
1080.82525360221
1080.8252708371067
1080.8258148553523
1080.827601903032
1080.8276972170515
1080.8293115179429
1080.831057096969
1080.8336485173165
1080.8350829248752
1080.8364669231917
1080.8380801241121
1080.839562344063
1080.8421586246427
1080.844454898246
1080.850131086505
1080.8585708660698
1080.8659484231305
1080.8687758323651
1080.871209898356
1080.8750025278534
1080.8821524496018
1080.8901912955423
1080.8980038820991
1080.9013876206159
1080.9053437783834
1080.9122898464284
1080.9192049896133
1080.926150912755
1080.9316932094616
1080.9398390231433
1080.9501972886974
1080.9583763737674
1080.9645399205963
1080.9704707043154
1080.9735398134733
1080.9747405637834
1080.9796847872435
1080.9881379300489
1080.9988936623056
1081.0087406556452
1081.0146246146808
1081.0158343056416
1081.0160709968984
1081.0182991700872
1081.02071633876
1081.0215874228459
1081.0223814240458
1081.0258567847168
1081.032608990353
1081.0387345233269
1081.044502412931
1081.0501412165586
1081.0556507044025
1081.0587802129558
1081.0625608881621
1081.0726425798698
1081.0893030136367
1081.1075213389518
1081.125917528459
1081.1386224395826
1081.1483254872198
1081.1533991578915
1081.1609214340376
1081.1616453085157
1081.1663197745343
1081.1708655935
1081.1780502315355
1081.1859675247683
1081.196529368036
1081.2043487445735
1081.2102253677645
1081.215359474441
1081.2198107195861
1081.2251419452452
1081.2280908923158
1081.2306245560487
1081.230712257745
1081.2307581512289
1081.2309340557867
1081.2320277482977
1081.2363558939119
1081.247853436833
1081.256082870513
1081.2625165979096
1081.264943875323
1081.2680757003243
1081.274401140401
1081.281367997076
1081.2867404233684
1081.288524179384
1081.2910066180375
1081.2933615429847
1081.2955841770054
1081.2971457066753
1081.2988463156453
1081.3060903738772
1081.316852745994
1081.3291688358836
1081.3366598140653
1081.3416475662711
1081.3424305493809
1081.3444454533198
1081.3464418135095
1081.3485513069675
1081.351080304245
1081.3615588713221
1081.3712368693314
1081.3757385796428
1081.377749943592
1081.3794513738349
1081.380668885846
1081.386535695058
1081.3911846087133
1081.3936050724599
1081.394038371643
1081.3982849148413
1081.4042421192182
1081.4094872396006
1081.4127092084448
1081.4151645405907
1081.4175854062707
1081.4201233769763
1081.42024037081
1081.4267675743913
1081.4343622596425
1081.4419973061003
1081.4492379036071
1081.454532777683
1081.4611944648407
1081.4694818301973
1081.4768480975854
1081.4775677459434
1081.4812304995633
1081.4851859241708
1081.4895734548302
1081.4940989565343
1081.5014989061035
1081.5115485940994
1081.5225261593873
1081.5305358984235
1081.5343799267437
1081.5349030580162
1081.5400317667156
1081.5467089262952
1081.5523753196364
1081.558899101965
1081.5652947168012
1081.5715595062197
1081.5772960854815
1081.5791838342304
1081.5886410708436
1081.5988801478986
1081.6114318709933
1081.617252498208
1081.6199890400205
1081.623853248096
1081.6297729571872
1081.6348618222137
1081.6357768524229
1081.639100210692
1081.6420932709948
1081.6452148853632
1081.648770157996
1081.6581830742107
1081.6685462460748
1081.6796842607878
1081.6980105147538
1081.7147373786327
1081.726270201969
1081.7310021944083
1081.7326117745472
1081.732669878436
1081.7354765428652
1081.7418058857397
1081.7553445369692
1081.7687869629826
1081.7793949734892
1081.7913041599234
1081.8030032060792
1081.8149865350706
1081.8262077214886
1081.8343015336418
1081.8431601370592
1081.852686021448
1081.860315454809
1081.8671793473113
1081.8741098993648
1081.8795362477936
1081.8843658420312
1081.8856537720837
1081.887587227569
1081.888130938301
1081.8888058660384
1081.8909929570373
1081.9008070074897
1081.9141171951762
1081.928977903999
1081.9412261695516
1081.947838585073
1081.9492202132592
1081.952432487562
1081.9611346528716
1081.9745382822532
1081.9883187778846
1082.0049182646112
1082.0189303104232
1082.0273850401322
1082.0297055700585
1082.0324368832798
1082.0406961346298
1082.0506852957812
1082.0669858935041
1082.088550987159
1082.1125704965157
1082.1375037719679
1082.1620707512157
1082.1788152538975
1082.1937085311124
1082.2025470159404
1082.2041493615536
1082.208707719745
1082.2138976148728
1082.2189072884853
1082.2241921394527
1082.2340815005748
1082.248268367496
1082.2581021233777
1082.2693453831214
1082.2774725456648
1082.2796323714779
1082.2830720546408
1082.2880741003823
1082.291084769549
1082.2934788793455
1082.2955439402367
1082.2957960415386
1082.299015740292
1082.3033380821073
1082.311793361929
1082.3178105368665
1082.3221135735405
1082.3265106094798
1082.3311441341461
1082.3356055348402
1082.3384359045845
1082.3409435163767
1082.3424436385344
1082.343402945999
1082.3434255749166
1082.3435016857302
1082.3435046728237
1082.343804225982
1082.3442559949838
1082.3451587897587
1082.345253083947
1082.3457579175051
1082.3506604136533
1082.358714975773
1082.3679631885168
1082.377166606322
1082.3807612852877
1082.3846986651545
1082.389539128317
1082.3923895098924
1082.3937698728296
1082.3949475709792
1082.3956108094494
1082.3964051149603
1082.3969274451567
1082.3976881985095
1082.39881525325
1082.4000751719573
1082.4022531872415
1082.410480022636
1082.420317781864
1082.423437277555
1082.4268621069805
1082.4324439200564
1082.4426285401212
1082.451893853676
1082.4603163935299
1082.4634998039996
1082.4673423930365
1082.4760947426978
1082.4827878264155
1082.4834255087987
1082.4848651631598
1082.4862846742947
1082.4866853125445
1082.4880175059943
1082.491900865899
1082.4949740914828
1082.496317884772
1082.499485720772
1082.5033286189712
1082.5112805954118
1082.520485878689
1082.5294156478712
1082.5369009550739
1082.5461627888683
1082.5520944361274
1082.5545503997826
1082.5553817170255
1082.56186872013
1082.5750565756866
1082.585882801384
1082.5970819815946
1082.6037938208406
1082.606090156689
1082.607471930969
1082.6087137521092
1082.6123945564002
1082.6160008341594
1082.6164791177694
1082.6172666344407
1082.6196441116222
1082.6230503199902
1082.6272044589184
1082.6284749527265
1082.6289183250713
1082.6294066396902
1082.6305038670557
1082.6383582085061
1082.648766901326
1082.6612549821148
1082.6689618337725
1082.6730143792552
1082.6733122428636
1082.67795961669
1082.6881327121519
1082.6982292141263
1082.708194168983
1082.7160701655657
1082.7233046132064
1082.726145939157
1082.7304777194665
1082.7378125423838
1082.7450537880554
1082.7523289829792
1082.7581171150387
1082.7632263365206
1082.766769289629
1082.7725971905816
1082.7756490392217
1082.7775915320851
1082.7777980455428
1082.777965410127
1082.7784711767226
1082.7840531012198
1082.7914612177733
1082.7989987433516
1082.8074531684347
1082.8172219566134
1082.8256633879344
1082.8292770621715
1082.8296008531556
1082.8297948366674
1082.8298574009837
1082.8310809244338
1082.837875920176
1082.848188984535
1082.8656460041962
1082.8786618876295
1082.8914283792394
1082.8977957766044
1082.8979718766072
1082.90233001242
1082.9067237412037
1082.9106942231842
1082.915353790707
1082.9235652056418
1082.9316328238697
1082.9336672940854
1082.9361974035169
1082.9383625173275
1082.9414819911544
1082.9536323326183
1082.97069015185
1082.9829237102672
1082.9953304906662
1083.0005030580228
1083.005328872395
1083.019050695121
1083.033798900368
1083.0513723971724
1083.0678973698034
1083.0813708464723
1083.0918239703044
1083.0999590346712
1083.1050736616824
1083.1096851224584
1083.1111534071954
1083.1127325695222
1083.1151570817694
1083.1201133146874
1083.1263402270056
1083.1289408994674
1083.129797535453
1083.133563393678
1083.1378611942187
1083.1422565673631
1083.1477661209694
1083.1599009367933
1083.1735029513761
1083.1858205578485
1083.193957050313
1083.1948901372127
1083.1978317100227
1083.2037511806927
1083.2125371450923
1083.218412870536
1083.2279630634102
1083.2392523033675
1083.2452950361976
1083.2484407755178
1083.252372461536
1083.2615776644102
1083.275371260915
1083.289305652498
1083.3008109608988
1083.314908484706
1083.3249739876571
1083.3322983932226
1083.3355534848367
1083.3365841576872
1083.3366129327947
1083.337061062257
1083.3389459252924
1083.3438614239053
1083.3527119866303
1083.3655176463062
1083.3773998277788
1083.385237936511
1083.3880785292652
1083.3887717312498
1083.389308289984
1083.3915133946086
1083.3944453854979
1083.3975054698008
1083.3978090847959
1083.398777972979
1083.3998762499532
1083.401498839619
1083.405336138898
1083.4162065336088
1083.4273580715062
1083.4383743867652
1083.4461204715485
1083.4533327605593
1083.4609932035926
1083.4649734941563
1083.4649795904263
1083.4692905853206
1083.4749981010996
1083.4808065003795
1083.4850417234784
1083.4880347478336
1083.489613832359
1083.4918661343465
1083.4941709071697
1083.4998418125115
1083.5068376885063
1083.5139590729943
1083.5207906730664
1083.5279944981414
1083.5341845484552
1083.5369784767506
1083.539393789737
1083.5404549958273
1083.5408043562647
1083.5468437797128
1083.5575726266811
1083.5714869967635
1083.5797567332218
1083.5870992671703
1083.5923417506604
1083.5933623837248
1083.6000931246788
1083.6087227116534
1083.6172912371376
1083.6234500084036
1083.6311946003248
