0.028843082967772094
0.052636337836036884
0.07669624900565393
0.10073146804195719
0.11275953693185317
0.12073388072862228
0.12363827461212555
0.12363835098747568
0.1260355090813142
0.13483285331732836
0.1548333356317017
0.18177823594791312
0.21096010953949065
0.24077175609643145
0.27059076686866396
0.3002501028092478
0.3299500910336885
0.35778632689907425
0.3843777020135207
0.4140051215437182
0.44391506505862804
0.4738632759079507
0.5037412348703126
0.5337138324111529
0.5636972299649584
0.5897353589696054
0.6118702469143609
0.6312049349224785
0.6553324824645059
0.6811053456716643
0.706749774455506
0.7344603577693561
0.7608728822104822
0.7817443861873361
0.8097374427323474
0.8387482282741934
0.8681917320142709
0.8972519323268897
0.9265432395705493
0.9562225334553124
0.9859053474874244
1.0155543135163259
1.045226149298142
1.0750462461874222
1.1025468034450836
1.1297197501123228
1.1595060059333275
1.187792472451668
1.2078524085512254
1.2314595855207158
1.2537357009060774
1.2730546318706715
1.2911603051686318
1.3071697542287746
1.3191092623536353
1.3335570642783983
1.3506554913063722
1.3683642467136286
1.3897533332299687
1.4111501236077366
1.432583591971393
1.4539911716942173
1.4758294789350306
1.5002784249573407
1.527631876705094
1.5553381201358294
1.57577943252477
1.6014820866381643
1.6261947800201517
1.6507753039646806
1.6783032565954281
1.706968419030635
1.7312932021322132
1.7557618401809043
1.775957464582577
1.7868422869528808
1.7943279731451662
1.8016074179417183
1.8088162899371232
1.814832779152716
1.8229011387056298
1.8339485639186164
1.8512225059170286
1.87024325506838
1.8966975008670226
1.9228840305888444
1.9477731224393655
1.9693587255185159
1.982251016378165
1.9885295624165031
1.9922468399460243
2.001571985354842
2.005055282067077
2.011575280877093
2.0197474850454684
2.0204473618307106
2.0229683582059512
2.029547416283707
2.039709876783767
2.0567158947532205
2.0759181016103647
2.0930136626355043
2.1071287489930737
2.1229175306288672
2.141102494770705
2.1610314112071674
2.180294896052669
2.1947067040456485
2.2109810052778913
2.232597978343087
2.254075343251393
2.2729025583092146
2.2905482885711415
2.314047275101449
2.3365388718027447
2.3641821917203276
2.3937663495213606
2.423551148993033
2.4534040121586003
2.483397247631843
2.5134616645845496
2.5425286763860426
2.572281544691301
2.6001058978467326
2.629469534319414
2.6529323776564553
2.6827376430876257
2.7129976568575658
2.7430046194078033
2.7707684249671125
2.793687645454403
2.8220134090945628
2.851734993773545
2.8816051244412866
2.9096577648072532
2.9314414968351055
2.956324985470523
2.9836051829845567
3.0131600855471365
3.037561515995254
3.056492013967258
3.0758934457048093
3.093179580080459
3.112297150410315
3.1378203087424588
3.153927541614374
3.170960636410374
3.188833905752924
3.206256255069753
3.226174071103589
3.24826457148625
3.267038127850151
3.2888882656239176
3.3138520265765727
3.3385930611403496
3.3605520633719146
3.3854683254215567
3.4081623361708946
3.4343094341773353
3.464134297678087
3.494142857205729
3.524228495648638
3.554325985253521
3.582796770213864
3.611670323503076
3.6414613292763027
3.671429185227136
3.700902384087537
3.7290994203673073
3.7523732156956933
3.7794151774435085
3.805964807394225
3.8344595567627846
3.8622088909850496
3.885924537927419
3.907100693514532
3.9275950219959315
3.9467182175084363
3.9635574506362428
3.9842882935684663
4.00384012998576
4.022459870024764
4.0399890275665555
4.058353794634966
4.079273477397415
4.106725503617037
4.133679944402395
4.1617750223665935
4.190338384037527
4.217379742689514
4.244180448413788
4.265625665140911
4.294488210776079
4.323264414879196
4.349916359370998
4.37691449465112
4.406766490775456
4.43377232078014
4.4588085291480395
4.476654042266661
4.4960662925652874
4.519186435814653
4.542386775233948
4.564608074277715
4.584312488317686
4.603018365512121
4.620689376582229
4.637851651834316
4.65831868780155
4.677105871815582
4.702173041063452
4.725107508380009
4.7474862045123345
4.767874968937374
4.790653571851317
4.815660319251001
4.844996888891271
4.874086780786237
4.900284546335686
4.924821830833333
4.952450141066677
4.98235007928019
5.012178920900564
5.042176010767084
5.072267518921877
5.10227713133962
5.132263405012561
5.162269551345194
5.192206861494213
5.2220748622689905
5.252063360185777
5.28203683510769
5.311954530105149
5.341829384689285
5.371779137396544
5.3957698272979275
5.425753657604506
5.4544222530747515
5.483867891777276
5.513907932349166
5.543972842934258
5.5740734240654755
5.604082919898136
5.634081619092053
5.66405340839379
5.694029065107364
5.723957968220062
5.753862567469216
5.78383567089829
5.813849905673523
5.843873320186345
5.873876901143888
5.903791637461556
5.932599258487101
5.959000722375824
5.988367371155686
6.012296472589545
6.048259093226954
6.072314076944349
6.108450691826179
6.132464224304859
6.162427593376926
6.192380011214926
6.221980272533097
6.249623341550258
6.277488414307979
6.30745075375032
6.337332003824649
6.367275513591094
6.396634122915382
6.425960748091359
6.455595404114645
6.484184150244116
6.507846310206451
6.526674571503102
6.548947313464713
6.568159029218045
6.590747200296008
6.6124762179116665
6.634634368690991
6.659862347541398
6.689430701879727
6.719510773637473
6.746946403526084
6.773410030060937
6.801384859546531
6.830951204482327
6.858155034267531
6.881452436686446
6.899399425642982
6.923665321219686
6.952452695004121
6.981537845512578
7.002332388361672
7.028510908324676
7.056039835802739
7.083855880117471
7.113448629463271
7.142571288856503
7.171170197048479
7.200708091064289
7.22773788318471
7.251756469233823
7.280596320876275
7.309632903800505
7.33782102333449
7.366400073208333
7.39473992874338
7.422195785617634
7.4499076881048
7.479486618710096
7.508825501406239
7.53854665122026
7.562000095447472
7.585927369168829
7.609131266417882
7.626285632402301
7.641197634354834
7.655334535943768
7.666832277776548
7.679647506907591
7.692334521938666
7.708430974977639
7.7275668462913165
7.746776225374411
7.7690275601565855
7.791818704804419
7.820818584812735
7.847224535992605
7.868771865423148
7.886913775956544
7.904298522946141
7.921004611266619
7.940070163200941
7.963853632812436
7.986369377259619
8.005287963566575
8.018695696614902
8.031481933588871
8.050680180445928
8.068223192333887
8.090881390864801
8.115808621210663
8.137723537787295
8.158047786313164
8.177508955492199
8.19847171563794
8.220921461826965
8.24087713883586
8.262576536462678
8.290985391672683
8.31932232338302
8.343135253442451
8.37318684640306
8.403052215753737
8.430536463912315
8.459343250141226
8.488906424287283
8.517514559617714
8.546820377967107
8.576843349710682
8.60662930590462
8.636500626430877
8.666500141758396
8.696461979124209
8.725782393808709
8.754951437245095
8.78500417598943
8.813740430614915
8.841346536772742
8.869213361518856
8.897304329774466
8.927173929003668
8.95702701363376
8.984065003314473
9.005447912217434
9.036176659402791
9.057582279576202
9.079906823974872
9.103828096802276
9.12018059368715
9.141340164042903
9.163638059053115
9.187904269637725
9.215199004292058
9.241854721130846
9.268762450834288
9.296279599927113
9.326269744753708
9.356180207535314
9.38515655157551
9.41495799737372
9.44470792069381
9.474583255184758
9.504593985807192
9.533829686500267
9.563881599916472
9.593913863755493
9.62387513962938
9.653916044641736
9.68391056749724
9.713967355859275
9.744056958842224
9.774183289214276
9.803445425527832
9.831723940064114
9.861270735751496
9.89127978808347
9.921281375833692
9.951258230899963
9.975212405771284
10.005156349742887
10.035041462152114
10.064963011493498
10.094964907924163
10.125043365262666
10.154704088392508
10.180356043948096
10.20846482980492
10.235765983480688
10.260381922424939
10.286204662074704
10.310839360851148
10.335777082383157
10.357083235578058
10.3789241049044
10.401610937456773
10.425009571217908
10.452581411262413
10.480280854673277
10.50918363467074
10.539153820091808
10.569128721825377
10.596483483488788
10.620576968284128
10.647181580633648
10.669078547342439
10.690470956719855
10.713547868329385
10.73959701293944
10.764448213415028
10.791563879934056
10.817801613917897
10.844929384916822
10.874579769465939
10.904615724953032
10.933924727701516
10.962791730620712
10.99246183375367
11.021287976025267
11.049286600925385
11.077430835017578
11.107213285060526
11.137225027178738
11.167245850540848
11.191214204403833
11.219635546482928
11.244723084066896
11.26800841486448
11.286840998781969
11.301485224958087
11.307997990853645
11.3159675432004
11.32402605339619
11.327817257395415
11.334396677749725
11.341816849797148
11.350458030567925
11.364491359395691
11.384691795821288
11.411227680737802
11.440033195938433
11.4692261871827
11.498588367001085
11.528528287801617
11.552463346428771
11.569328304588739
11.585685754440801
11.60237166542477
11.622503554201565
11.641372778193576
11.65330214496831
11.667069479436904
11.684796842415002
11.701059503503629
11.715411416875627
11.731876064153901
11.752130815327934
11.773099251689873
11.79286252089674
11.807825134805897
11.818963408294982
11.83143440863665
11.844780957655399
11.860233287602153
11.881057583999509
11.904558956464998
11.931343032802875
11.959671978112887
11.989795560505845
12.019910284412926
12.049066855169592
12.078089417835763
12.10613415265216
12.134061270224292
12.16212328455717
12.190309846137085
12.218334459466265
12.244918458856006
12.267233013283144
12.28996505387469
12.30806568465248
12.33057547748878
12.35760181641002
12.379820920187344
12.407775376888457
12.43239405977028
12.456642158331727
12.481129521363686
12.505755686172964
12.53038995057206
12.555559115800303
12.583333855052343
12.613022805761835
12.643235613085215
12.670867661963888
12.695349672671671
12.719697473004215
12.74390549385744
12.767833338622061
12.791772024391157
12.815851889608297
12.841811519722185
12.867895262088068
12.892689732791736
12.917890213537705
12.943065906211142
12.968281132777213
12.988443720661987
13.019591059070144
13.041051266747264
13.0655880386274
13.09448447998242
13.124480942827049
13.154545316157506
13.184540879962146
13.214502810866708
13.244369918364738
13.274188690100006
13.301273360004904
13.330305883248833
13.359201434834368
13.389120890065453
13.41912344036574
13.448389397523712
13.474897022412888
13.499395083958191
13.52889083615888
13.558791415333719
13.58855963985937
13.618569080235211
13.647604500450333
13.673590718316206
13.703388157681095
13.732606430344568
13.761025834168302
13.791144313926074
13.821255622673434
13.851389978748212
13.881500024559408
13.910334705241992
13.939961204454939
13.9694249100039
13.998607633162727
14.025835809684594
14.053940551438433
14.07891356286179
14.100548372517665
14.121794257384776
14.143215519989559
14.171395651079441
14.20139750374316
14.228880238121938
14.256133584693986
14.279960834842292
14.300787718805013
14.322858082574664
14.341907129856981
14.35588242084522
14.372506040034908
14.392653205340089
14.415796499865529
14.436809671552135
14.460171089143598
14.484563083380047
14.510459337833145
14.540127027687719
14.56915228461853
14.596695082453627
14.62616207835631
14.656151932452042
14.686158772038258
14.716199468037942
14.746040340934913
14.7738960691039
14.800155492634802
14.83002076552855
14.859972944806144
14.889999458475248
14.920088579374225
14.949003243764384
14.972430450772046
14.994143271618306
15.017053898129959
15.043025264183441
15.072276155893817
15.099331530494922
15.116234323871652
15.139052915260208
15.161623699025839
15.182507380219942
15.215217231753444
15.233957844243943
15.258886196744907
15.284603183772136
15.311651486964186
15.334673988636812
15.355994056590985
15.375192417616528
15.396169264804914
15.417830972364325
15.443049936012118
15.46576788399281
15.489092494148995
15.509464350144485
15.530787116810409
15.546698378841208
15.556656182893441
15.562943054408116
15.569136459055452
15.577265513030627
15.586935582385022
15.599297767850395
15.61924263222903
15.642981742436486
15.664183876083927
15.686441592613875
15.710583468571363
15.734606159010491
15.758493266023475
15.785019505576637
15.81355278388916
15.842467993836696
15.871290926719903
15.900243121585165
15.929313003335485
15.957069481878959
15.981843232233691
16.00649463579249
16.031436028581368
16.05875735127503
16.081751629633995
16.10060451703272
16.119393309915903
16.13548536426731
16.163048715884184
16.187452715925712
16.21064436771822
16.235021419743646
16.254828688812605
16.284167100042936
16.31125255154485
16.334931665859152
16.358749278874676
16.382699538707673
16.40858816758748
16.43718100396859
16.466586444171433
16.4964969323005
16.526351167669045
16.555628703624492
16.58538843232778
16.61509301669494
16.644822755622297
16.674703231907145
16.704666389425086
16.734519618152085
16.763399383810263
16.787997267050113
16.81266549564718
16.838780361258248
16.86871221732487
16.898691415837686
16.92870559197923
16.95872224942241
16.98775966348356
17.016300310273127
17.044366539433337
17.06944054848334
17.095938164851905
17.120820486074017
17.14575138675979
17.164565856314624
17.193268558376445
17.22326606878743
17.25318403183397
17.283198955807627
17.309949038614683
17.33489520353496
17.36358073392937
17.393590615001145
17.423570489944087
17.453628049686554
17.483323520123975
17.513443967102482
17.54346787699151
17.573144889920837
17.602914392576164
17.632899153816766
17.662861512723648
17.69280072218814
17.72276283687952
17.75278536645368
17.782873444464627
17.81290222950445
17.842759867121632
17.872767066374454
17.902695719870007
17.93250714996101
17.95802481978917
17.982380925166268
18.01166213517002
18.04039033370416
18.06705612435073
18.089002621530973
18.116433781973765
18.14500373603458
18.171371994021158
18.19815646888073
18.22604409293565
18.25355811967046
18.278375931031754
18.296634521952775
18.318509798237155
18.34310057468164
18.370249454154656
18.39681403314795
18.423447824504912
18.448587312333753
18.47452045022169
18.497518979838247
18.51846812676544
18.542200219760016
18.571622646022274
18.6017829786586
18.631954179990196
18.66210803055154
18.69224731512099
18.72240220246533
18.752599098303897
18.78250639601733
18.810692316761198
18.840821827704925
18.86887785388534
18.895338109658436
18.91900528467027
18.941777126431006
18.95720348617321
18.973364219245028
18.99175495348932
19.011987515771104
19.034648831808592
19.059736396420174
19.086537307169973
19.11249230889601
19.131964632262655
19.151411511414423
19.167036172409617
19.183044626079315
19.201909438066426
19.225982328316064
19.25449182683728
19.283990582008123
19.31228235824931
19.337530143674062
19.36596718671718
19.39490869520851
19.419710102947832
19.440023946291227
19.461531415219604
19.480942965373963
19.505578218409873
19.534736954826972
19.56422857993735
19.59225694035814
19.619773552574383
19.64821400577294
19.678223357200807
19.706047984436232
19.727560985775526
19.744285573644362
19.77149469122031
19.79603482212606
19.817970079530035
19.847475909423277
19.87376826728504
19.90067168049137
19.927064717970577
19.950357534850305
19.977620988272385
20.006367677982603
20.03285711013295
20.058846380845402
20.08722336667841
20.112403430620006
20.138715717461324
20.158658144200192
20.18013718058556
20.204752948170828
20.231765435214918
20.25770186793276
20.282112517818046
20.308421369888443
20.329759993851567
20.34580315735162
20.36691734362843
20.38899023219754
20.412727910041372
20.439024094144457
20.464400505303956
20.488415563725486
20.51237846660444
20.537437710681306
20.562369921790363
20.586555566371448
20.614264852189198
20.643634069963525
20.673546950240397
20.703590823080187
20.733198030912714
20.7628219972101
20.792411419444225
20.821874481196424
20.851199170781562
20.879693609402533
20.90464758424514
20.929346737779426
20.9492853091098
20.97432804615085
20.999542511799113
21.0245151317705
21.051049240040427
21.078920532668214
21.10628889186462
21.135208570721513
21.16385987962265
21.188890026292906
21.213416770576426
21.234611968100072
21.253885517687777
21.276275994127623
21.30189110322182
21.331401649598043
21.36127818753266
21.39098093620057
21.419706218197618
21.44974127042105
21.47963299925736
21.50735887665338
21.530139358795328
21.55598274084759
21.58400861497554
21.611499938943943
21.634315259441234
21.651196346202543
21.673810589604848
21.699244336162955
21.72551780024439
21.747876324950248
21.769053580681238
21.790887649008404
21.809310959184685
21.831435907834805
21.856194198205568
21.88421247647345
21.91172500950784
21.9416933704459
21.971805146607217
22.001394243990916
22.02434507970214
22.049160541759573
22.072947471475892
22.096925434566014
22.122356120078077
22.1507664311339
22.18078445944619
22.210917367880963
22.23963329507171
22.26756655441047
22.297289360022933
22.327331662215897
22.357391499378583
22.387334166481082
22.41723382339491
22.444940281485703
22.472008324632338
22.501691478540188
22.530749513358877
22.558140207411476
22.584362041947493
