0.024038081440669424
0.051454519249857236
0.08006913163091484
0.08527145286132357
0.09020811109087827
0.09494928241943515
0.1156714849529987
0.1287051244684871
0.14056039481628246
0.14748402277912515
0.1494699968254698
0.14947198203890807
0.1498737760412324
0.15751755365942233
0.17489089089745344
0.19945337213344053
0.22580580744935877
0.2530404787310347
0.28128200132786246
0.3107219191750917
0.3403443305211298
0.3699978694142467
0.3999236315517499
0.4299757586100205
0.45404561584536685
0.4816654779254493
0.5062976325271145
0.5309925940299484
0.5573118186261711
0.5846818255214583
0.61322618545287
0.6416998632418146
0.671122040585565
0.7010420681956882
0.7310383428239127
0.7610495340311422
0.7882473570299526
0.8130288963317442
0.842665547112047
0.8726555490412047
0.9026459508411563
0.9266503532442623
0.9567393931316756
0.9868775833180023
1.0169746240284576
1.046964178651565
1.0769279780029783
1.1068961673138935
1.1368373912534364
1.1668515038825165
1.196893449480493
1.2209464952853821
1.2508945325226855
1.2810000867478937
1.3107931509325226
1.3403040238639101
1.3678297293504815
1.3934807576712114
1.4159216088099267
1.4424104517460408
1.4688271552137027
1.492398661730734
1.5162222318727383
1.5426476864544123
1.5666567051862914
1.5931911289632024
1.6229690481061485
1.6521608624919348
1.6746591084974347
1.6992140592552578
1.7235035426105185
1.7492721722381435
1.7730122519072828
1.7966565486406523
1.8205613888063965
1.8494298425116236
1.8793906495178059
1.9078837713192205
1.9377641106306829
1.9678133509487146
1.9971648524941816
2.0232802126492353
2.044348719182996
2.0658273094517736
2.0830315270417206
2.1086020522254363
2.1334910007230303
2.1576415567539082
2.177811565305126
2.192485075651463
2.2087451678474572
2.223111306785195
2.2430894544900104
2.2624304295683424
2.28007441168736
2.29816082301965
2.314616722111415
2.3310580243029064
2.348182433550276
2.3667758895581428
2.3923993549193825
2.419800278295691
2.4482022719112617
2.4735938556154866
2.500600878663391
2.525707144179337
2.5533535942350225
2.5756347900755845
2.60311733590471
2.6324587520666864
2.662319026909039
2.6916795132303957
2.7213691391019705
2.751096734358157
2.7764291045401204
2.798796666327656
2.8156153689042314
2.8343408686166858
2.8575168054245585
2.8871154063726623
2.9169538952087963
2.943050874858869
2.964224473668915
2.989617823042187
3.019041823261755
3.042954693904188
3.071600129000415
3.1013997424665436
3.130725831084722
3.158362237177968
3.1849186346502023
3.2109735077705
3.2351304499233726
3.261518040373106
3.287434787892023
3.312493014192263
3.338656222665391
3.3682375079435136
3.3923334502894478
3.4223365383139437
3.4522012894909784
3.4819182797594586
3.5116041209193396
3.541442801321312
3.5714198971577185
3.601452787253996
3.631299054654072
3.6603723974419515
3.686872062246909
3.71372811766446
3.73769425057063
3.759639505897018
3.77668877144847
3.797703994498147
3.822207133769449
3.848689144184859
3.875936664465319
3.897665236677158
3.9208823096402097
3.943936348756722
3.9649315807353953
3.9847229955368157
4.01366971733775
4.042105594243334
4.0695651498920675
4.09811549422533
4.126228193348085
4.151027028775774
4.17947613357771
4.209355359971108
4.2393970412382895
4.269421296746009
4.299437582373002
4.32758955879465
4.349178007234618
4.374709555216464
4.39736804292401
4.421279379314754
4.447492857448796
4.475360226288177
4.50491640715373
4.529299574132908
4.551931240380852
4.576333835126109
4.605802166699333
4.629612828075563
4.6595460150881065
4.6893177626806475
4.717515643660763
4.744635420322151
4.772506619564195
4.801507768711422
4.830548056217665
4.860573081352171
4.8900895958857715
4.915659951778911
4.934189570177932
4.960845665693856
4.9841297434002
5.00806734784399
5.036231894726032
5.061505604968742
5.090866607275467
5.120417709275968
5.148067362375625
5.170869243169297
5.1992443870015315
5.228935430644406
5.257997603163457
5.285036896310173
5.309922090067805
5.332872936732224
5.362420527703992
5.392284640745792
5.422171426174987
5.452135322109425
5.482185438181167
5.512276906733743
5.542356660852068
5.572365027388566
5.596384376689693
5.626458610016875
5.656549711982662
5.686612437072152
5.714988876724106
5.744443624774563
5.7702868583714
5.791555992992134
5.8132993324006454
5.836727963260671
5.8595453676437845
5.885398447172808
5.911581058295229
5.936657061635515
5.962853744143722
5.989679532355169
6.012371166766038
6.0422311159826165
6.072048834474644
6.1000424674294145
6.128926081784384
6.158470919193115
6.187800016099594
6.21651520763273
6.24040685794449
6.2703521030214135
6.298861952566675
6.327283833637992
6.355684479121098
6.383963745891255
6.412110599999433
6.440214749117816
6.468736209316762
6.497500652658884
6.5268126014996275
6.5562145667936615
6.585525030987377
6.614707855447245
6.6438061660548895
6.673658241714892
6.7035218187286585
6.733519250184019
6.75758792959283
6.787694697650641
6.817777794131182
6.847812880752938
6.877752968426181
6.907642378383014
6.9374311656033045
6.967325252925701
6.991500048029016
7.021485989570241
7.051284036903478
7.081168787776507
7.111142405766505
7.1410330450197455
7.170909634566447
7.200772080359044
7.230656013981519
7.2605928205666945
7.289349419512157
7.3138181756059195
7.334408859306188
7.359694576584245
7.385260308793403
7.414220262693473
7.44416578253976
7.468147719026323
7.497764635217771
7.526862454336205
7.555654015457733
7.578575098353915
7.600477712514058
7.622267896230015
7.646415619430404
7.669771658097662
7.69213307145725
7.7180384711846575
7.741662916526548
7.771568637414718
7.801537626544289
7.83146220350936
7.8608045421363615
7.889797124622674
7.9197515208538585
7.94975513847714
7.979686000399377
8.009617421104961
8.039577299715665
8.069607396663761
8.098656678876903
8.122399875137623
8.152085497925992
8.180801718380952
8.204008021385723
8.223986985495038
8.250161018804384
8.278369154486697
8.307833260193258
8.334979008032354
8.361423682950894
8.38453148726118
8.411391892701236
8.439388792168566
8.463371757354203
8.493421537941503
8.522072956957238
8.54864568450189
8.57352795613251
8.600784854310415
8.63075022908519
8.659565369100317
8.685484794667136
8.705429079299872
8.735159763425708
8.765114078715921
8.795055893532115
8.82511709950572
8.855183896628981
8.885184105429337
8.915119382737691
8.945098414402402
8.974663127200067
8.995981403329726
9.022159084759833
9.050009280823733
9.077268252187663
9.103392632698396
9.131752526679971
9.161634944493784
9.19154641928057
9.221484432821475
9.25139230416901
9.281265368575198
9.311040234763135
9.340799911964412
9.364701820198029
9.394699677369514
9.42183032086648
9.44733796074063
9.477076497686605
9.507100511346534
9.537056278662105
9.567040530062785
9.59703000651796
9.6270021163833
9.650936214251702
9.680895540084487
9.710919961016641
9.74088866340182
9.770885875729862
9.800879337975365
9.830879304478426
9.859325732601913
9.884889606229935
9.90960924810591
9.932277347332622
9.95195071029407
9.973999869212694
10.00093764995873
10.024597220595552
10.05432914738752
10.084293309694374
10.114265478456453
10.144227542385647
10.17375356640295
10.202796426490488
10.230859520417098
10.258142328599927
10.288107156424461
10.31802759494611
10.347955943359796
10.377811062324087
10.407713715761972
10.437607918682277
10.467020508223333
10.493158629772376
10.52190694136851
10.55171259644378
10.58167417511942
10.611503004813008
10.640483350185553
10.66863988770156
10.693915944424505
10.719619560595191
10.741178287070563
10.759761516132636
10.7851798926531
10.814338046287176
10.842265591857347
10.872322518895633
10.900237049261499
10.929237660167031
10.959329512087924
10.989400560404373
11.019486896880482
11.049607989319103
11.079313727790632
11.107045777942512
11.134740514787142
11.155801444475353
11.184514602916634
11.203039042666717
11.228645971731915
11.257566476636173
11.287631751987833
11.317658639619435
11.347655596721893
11.376788744534954
11.4051356011019
11.431772373877257
11.457169130339302
11.483732559451768
11.511879720900145
11.540955721927721
11.570802361030298
11.600448512948212
11.628736086045132
11.65593943255141
11.685617642138032
11.715556838774326
11.74548085922059
11.77523813993357
11.80491871964474
11.83429694409028
11.85710756622384
11.885706803836358
11.915514396480884
11.944089708311193
11.972800299278969
12.00086211631155
12.02766309373218
12.054100409724684
12.079022501608
12.105357489459292
12.134577932508018
12.158460523910628
12.188425438478486
12.216747977837702
12.245051425421611
12.272749164977261
12.294819177945142
12.31659567537684
12.332908954379953
12.351653675237133
12.370923686941259
12.390552798201734
12.411888558572164
12.434590661239916
12.45938040025389
12.481554539937322
12.502178378030287
12.52605932518682
12.553184115711133
12.582726690812915
12.612816400245428
12.642898616673037
12.666904156737992
12.696949104309038
12.727093271806577
12.756664567131084
12.785280041438739
12.811059095187892
12.83668301940835
12.862400268764144
12.891253771987653
12.921094523024566
12.943294390874414
12.96687414981507
12.992540098561975
13.021721560697554
13.051920772144772
13.081645511979978
13.10986492899987
13.136708846320124
13.164485436072168
13.19381397139079
13.223093292920767
13.253070233578066
13.2830413419148
13.306960878650656
13.336890936595118
13.366892443474839
13.396858747428762
13.426780839574063
13.456691476565828
13.486598878388321
13.515986595161017
13.540120629975677
13.559739206603558
13.580797458658052
13.601028608639592
13.620305307864932
13.649706256163373
13.683491967940288
13.704453116961847
13.729770238466946
13.754633740532622
13.778885405832499
13.805200031988525
13.833236113387878
13.861480953870375
13.89127272499782
13.918998575110377
13.944006383458165
13.972108935873774
13.996015205067396
14.021002131132304
14.046306193691635
14.07472721735284
14.103049643570513
14.13077604390676
14.159478862390223
14.18590282661689
14.211309470625656
14.240436217197265
14.264461447852554
14.294468436713633
14.324520635530277
14.354601787756295
14.384688448105274
14.414796308293358
14.444842953283619
14.474826915671805
14.503144833965536
14.526826852668785
14.555056969078743
14.58206715706556
14.609581325726225
14.639527626341525
14.669220164403558
14.698054653627803
14.727876494694293
14.757888297851478
14.787966051827427
14.818010560804108
14.846821122160144
14.864343813404274
14.883741279133906
14.90341192306095
14.927625355182657
14.955090695734674
14.98163406353852
15.005639967838075
15.025276988750107
15.040448961580342
15.05561561965748
15.070848785313526
15.082987618785902
15.098199292587017
15.11691408388713
15.141072197578794
15.165258389072909
15.18996302304691
15.215346085802794
15.242385176949782
15.270945918085657
15.297500049454676
15.326167576417708
15.35536184810514
15.383796634298438
15.413316771453937
15.443301939154509
15.467267872041424
15.496091814734031
15.521332364619338
15.545009081127978
15.569915871921669
15.593848035134142
15.618263722438272
15.64447387529332
15.671567741533176
15.69665347434377
15.71731456033796
15.741581216969697
15.769683039109687
15.79951822718715
15.829534198929647
15.857394711386616
15.87817582833753
15.907036288070012
15.936888226383484
15.96639511235279
15.996199236643978
16.024053436740118
16.04931237536039
16.07458678735808
16.099764996195486
16.126257198924062
16.153537214660606
16.18266678573349
16.21246689323616
16.242363321490696
16.27252858704816
16.29655435921966
16.32588613335967
16.355084619946552
16.38512338385919
16.415226850171294
16.44424572406016
16.47024345932178
16.498137397934705
16.525494715304887
16.554014837890467
16.58333205165912
16.61336511940283
16.643382178712745
16.67340700742608
16.70344348430387
16.73292387654576
16.758905710346667
16.774875496827853
16.79227030431791
16.809855195770474
16.83572747853496
16.86369219295387
16.893582265055947
16.923465250286736
16.95349356321617
16.98359247720581
17.013690892679957
17.043712077615364
17.06773252324985
17.09761910904263
17.126697666513216
17.155652817677833
17.184991995832892
17.214584485633463
17.24423591001239
17.27393665463563
17.303612546280135
17.333628947688663
17.363609618963988
17.39357101680535
17.423526447709502
17.453524632175878
17.48326543819495
17.505091731648065
17.534137995323974
17.5633928063432
17.593352883876385
17.620064547789784
17.644893990086032
17.668309278744694
17.688731303454258
17.70892488018544
17.729293959104837
17.744642072173285
17.763816263471316
17.78326473127902
17.803265265159112
17.82697075943033
17.8508499275016
17.874753152327347
17.89863135830848
17.922480627545227
17.946358950476878
17.970163930552452
17.989267103527656
18.01341394762643
18.0381961376242
18.063107657894445
18.08813883994599
18.11565231633564
18.144442266779386
18.170955827202526
18.195836701488627
18.223216521385098
18.251910015563347
18.280469168244025
18.30359615344427
18.33938665375996
18.367232065184364
18.393285424108576
18.414984149884432
18.444228918931685
18.474107563005504
18.503931197301196
18.533874510512483
18.563837384037914
18.593686370607426
