-8.776287869856946,-8.532801204799124
-8.769834511165644,-8.556308646676424
-8.766793997058343,-8.5747288919934
-8.76597082902767,-8.591679152948407
-8.766024940276901,-8.594466512250536
-8.766122800217726,-8.597049641410367
-8.766253214028758,-8.599428162968673
-8.76708008490839,-8.608261469837819
-8.767598940219083,-8.612036089471998
-8.767623151441413,-8.612187576916623
-8.767622252317333,-8.61218608300243
-8.767622615726182,-8.612186630609097
-8.767623206317966,-8.6121871462377
-8.767883023655848,-8.613907008998886
-8.768972733635536,-8.62209062725617
-8.770626940230835,-8.638309356046966
-8.771741146212968,-8.660271111511259
-8.771015899571044,-8.683961903551271
-8.768795614448244,-8.700131099431156
-8.76443137913133,-8.7186439047815
-8.756719323510255,-8.743832256787812
-8.747356058799875,-8.770027343298075
-8.737817343991164,-8.795223413607223
-8.728672549909325,-8.818763554104255
-8.7180247634664,-8.844541646947231
-8.708134085686345,-8.866594902343026
-8.696851972812194,-8.891901440396978
-8.688742237281733,-8.912012441934753
-8.682972380130975,-8.927892803443402
-8.675721241718946,-8.947853192860613
-8.666101548742068,-8.972509138038646
-8.653931386435763,-8.998261300665522
-8.64128416932179,-9.019912342975696
-8.629479552058632,-9.036496125218147
-8.62003070127992,-9.048167617983928
-8.60563910252765,-9.064981237876607
-8.59266798045666,-9.07966374486168
-8.58146619070707,-9.092277825875513
-8.570908290526672,-9.10395668728539
-8.559986184899653,-9.115455042787175
-8.545230161251157,-9.130338502503461
-8.528394622527724,-9.1470190717808
-8.513270397738419,-9.16232233070035
-8.49542304352043,-9.18063627301577
-8.477917398117516,-9.19736597308106
-8.457456675485378,-9.214146197372282
-8.435093250384233,-9.230574525678861
-8.41135745727239,-9.246418679845625
-8.385908808883954,-9.2614548426006
-8.359300882965314,-9.274951857549322
-8.331586113741777,-9.285999817592751
-8.303010544263312,-9.294494171446665
-8.273817444631003,-9.301118742830178
-8.245144538522217,-9.30738412068869
-8.2164889853948,-9.314243981639542
-8.188858103020705,-9.321528665250119
-8.160450652014722,-9.330033018477518
-8.131982640133321,-9.338769965702477
-8.104322724859244,-9.34711111708236
-8.081836122204056,-9.354044757749223
-8.057905986872393,-9.361690762843443
-8.032216222585292,-9.370006458461246
-8.004758691694713,-9.37951439701957
-7.976800960591443,-9.390687527248843
-7.949533264399788,-9.403405554691417
-7.922659909373286,-9.416692002335893
-7.8953905411071705,-9.428952473389037
-7.868236979660904,-9.439153443762185
-7.841590120121678,-9.446452130456638
-7.812166622901361,-9.451192124173277
-7.782384361268618,-9.45378769294543
-7.756398083096729,-9.454605326908
-7.733825658504359,-9.45384006845652
-7.711060254235737,-9.451821678766327
-7.685952801535722,-9.448131136423832
-7.660373572370405,-9.442378236347615
-7.632727161971051,-9.43282149501367
-7.606278488302137,-9.419749293341413
-7.583927794184529,-9.404731953606243
-7.5654409227326225,-9.38838026442799
-7.5498020578655085,-9.37150364699258
-7.534705872734729,-9.35408982883805
-7.518904903111999,-9.337140230407748
-7.499889504664517,-9.320615249750498
-7.474833506672562,-9.304281061300227
-7.447639580448362,-9.291246965929355
-7.4202973476368514,-9.281205986260616
-7.392829816366385,-9.273787476425769
-7.364781509879197,-9.269137728806744
-7.336691498534051,-9.265806104482808
-7.309141492136579,-9.262199142766015
-7.280193358047053,-9.257328437032207
-7.252731453043219,-9.251321067482184
-7.2279798349579005,-9.24448276408032
-7.207406882877158,-9.23732287452773
-7.18089221464072,-9.226250511751365
-7.153844988602636,-9.213665828100908
-7.127199250446802,-9.20003498737276
-7.101142990766835,-9.185337313941725
-7.077714996185288,-9.17109458734082
-7.057950198683306,-9.158569402310881
-7.043499145646333,-9.148912749246106
-7.0322729751038,-9.14049595478248
-7.017884723624876,-9.128177407613078
-7.003208760737302,-9.113375712350225
-6.988577134303428,-9.096140199009724
-6.976585202123895,-9.080512822034436
-6.963475271139579,-9.062042545994434
-6.948935813683321,-9.041551648045363
-6.934040105480528,-9.021090175360774
-6.918250916801148,-9.000385447904094
-6.902042124386384,-8.980010152227253
-6.886728531402202,-8.95996053760653
-6.874768766586834,-8.941760883897917
-6.864772485634105,-8.924135581499298
-6.856289778062055,-8.908397420790422
-6.846195078138264,-8.890271843972467
-6.834483905553483,-8.870685456176851
-6.821113922629772,-8.847382635601182
-6.807077154940295,-8.820981637330693
-6.794241426188637,-8.794363078481387
-6.78258186606206,-8.767176573196197
-6.772099234237858,-8.740269697191074
-6.760960470809574,-8.712437869974632
-6.748642352452468,-8.684958100474994
-6.7349610123554,-8.658762370027798
-6.722684495160253,-8.637457119230932
-6.711319604475475,-8.620109340389318
-6.702376020711639,-8.608123588700058
-6.689052679088049,-8.592156893069458
-6.674898939344635,-8.576899633621863
-6.657088607900738,-8.558495338789342
-6.642131721074977,-8.543670699974918
-6.6233922362464765,-8.525247126327734
-6.600629089531193,-8.500268166911562
-6.582031599048939,-8.476889677869787
-6.568452069357698,-8.457639994219988
-6.554397949998982,-8.433462392574777
-6.544221527559496,-8.410418294188172
-6.53788367602089,-8.39009971950332
-6.532730026435062,-8.369308137051778
-6.52733684647467,-8.348442175493076
-6.5205231806532025,-8.328468462833463
-6.512434740149095,-8.30947071897053
-6.504295702436276,-8.290636484969914
-6.497238540458579,-8.270894227731427
-6.491683887005895,-8.247685197233597
-6.488995891519682,-8.226239986981236
-6.488475366426494,-8.20460430161693
-6.49094097221787,-8.179604324592736
-6.497123676811991,-8.151739568821291
-6.50480566207471,-8.128377316027967
-6.5148961349543795,-8.102670828244094
-6.524501486828995,-8.080716384317968
-6.534094647129587,-8.058755888589118
-6.544316871769549,-8.036234834765716
-6.556247133948893,-8.014019597987165
-6.569280379245485,-7.991585327548091
-6.582395777266779,-7.96718940441874
-6.5951629524078355,-7.9403315545381625
-6.606682126912461,-7.9159307889346575
-6.617414737840449,-7.894687755865893
-6.6291011439166025,-7.873097406061648
-6.642214106451224,-7.849083715656204
-6.652389935165578,-7.831149538452835
-6.66276503521167,-7.814005530544428
-6.674394386141297,-7.796533799967786
-6.686753614662906,-7.777678264608801
-6.698356022440279,-7.756905652424556
-6.708656259568659,-7.731667072970002
-6.7154798951938535,-7.7022427839989875
-6.717836221887689,-7.6722099908861905
-6.717714548818491,-7.642203525207492
-6.717196670943267,-7.6123301879278324
-6.718352094931974,-7.5826140685134185
-6.723133097410762,-7.553339172510643
-6.732586464781218,-7.526372933559343
-6.745690293807535,-7.503163261133725
-6.76142590088583,-7.48146709965559
-6.778186411921085,-7.460375981835413
-6.794489115521913,-7.438770689138067
-6.808731124972002,-7.415648967177953
-6.819741510346195,-7.390845265253877
-6.8286443784312585,-7.365312316683204
-6.83718467768328,-7.339791468824119
-6.847098994997593,-7.314922999199488
-6.859565433602735,-7.2921158868036615
-6.874554624157045,-7.271800014077378
-6.889910858358516,-7.254980384501237
-6.916090665805106,-7.230834187250211
-6.938816003954414,-7.211565564282479
-6.961322426718019,-7.191909709527597
-6.983483664200226,-7.171613447155509
-7.004814235358998,-7.150347933766892
-7.024567013217579,-7.127591552584058
-7.042891722047478,-7.103774796086474
-7.057510745515935,-7.08479494767386
-7.076161929804818,-7.061276053444126
-7.094103198828529,-7.037730945077663
-7.113017499707655,-7.013239422222677
-7.124028045987665,-7.000027589544878
-7.140551731849274,-6.9822884493556225
-7.157867997727971,-6.96616560731031
-7.176996420218005,-6.9499372565960265
-7.196080469375018,-6.935026252171511
-7.218996644775526,-6.918643310976944
-7.243488075994876,-6.902609855664302
-7.268564858347736,-6.8876140658472735
-7.294632654359668,-6.873483900218747
-7.320198662713843,-6.860740202987082
-7.346724818560536,-6.8481750745740175
-7.372016024130426,-6.836659315641204
-7.3986562153001065,-6.824849517298806
-7.426013723823497,-6.813106553251646
-7.451072680124704,-6.802510905013834
-7.477838301600785,-6.791433229591135
-7.504406581080897,-6.780418575100215
-7.5256906377233,-6.771531779536841
-7.54446568527461,-6.763977385687808
-7.566111987623186,-6.7561482215801405
-7.590618859858639,-6.748254616658174
-7.617455578997392,-6.7397585952385235
-7.643902856140183,-6.731048558473084
-7.667379586525063,-6.722646504514498
-7.692384906098523,-6.712306082021615
-7.715431343825648,-6.701684845731619
-7.733615680332669,-6.69264026970362
-7.748424182258354,-6.685257051708588
-7.768449982352453,-6.675599130971042
-7.792823600211353,-6.663792181806887
-7.816952716135161,-6.6516190936209165
-7.8419902510627955,-6.6374163929969825
-7.867159208125492,-6.621952781704499
-7.8924495030253725,-6.6057196422201585
-7.9174359301359925,-6.589073119566875
-7.941490073581018,-6.572193749557959
-7.963875241020773,-6.555020403266539
-7.983039900469776,-6.538788942669802
-7.999345946366009,-6.523331257412532
-8.016350406163118,-6.505488679984969
-8.033389264735485,-6.486297990487995
-8.050597820693953,-6.46508432104072
-8.065187599353496,-6.444179499939896
-8.07646467530008,-6.422551808839678
-8.085126018724052,-6.397726093466163
-8.091281438407835,-6.370169416021368
-8.094793371302101,-6.341287214627917
-8.097242711021607,-6.312788441797935
-8.0998416965219,-6.2878308108679954
-8.103245067688524,-6.260497355773402
-8.107828272193549,-6.231089524630684
-8.113507301972978,-6.201726361505976
-8.120474408181327,-6.173459329576203
-8.127971567924465,-6.145207280467488
-8.133899260190178,-6.118175236503081
-8.138885402910633,-6.088692075523246
-8.142407058725757,-6.05878318940543
-8.14341874617905,-6.032659471592803
-8.142616907330444,-6.012773097547072
-8.139929692568101,-5.993037614070554
-8.13512651084549,-5.972890853405787
-8.1306622875391,-5.957355541546355
-8.124256718895028,-5.93681224441912
-8.119292565232643,-5.921986160701681
-8.114254124046697,-5.907234464532374
-8.109493343645205,-5.892732378363298
-8.102863947859468,-5.8696651091557515
-8.097911725773537,-5.849574921197431
-8.092696865701399,-5.821159190592763
-8.089370271789317,-5.7920154061593525
-8.086573866960023,-5.762268121424244
-8.082760147431227,-5.732392357046345
-8.077241153767888,-5.706153395920983
-8.070615080054772,-5.683141095897404
-8.062745887135794,-5.660345553827863
-8.054959930454222,-5.64012802475487
-8.04779274105688,-5.622213211414483
-8.040700087591821,-5.605628604942058
-8.031686788566345,-5.584861297020856
-8.021981439226924,-5.562236739065492
-8.014549816063598,-5.544457880087379
-8.007371173365303,-5.526605807053557
-8.000175535426745,-5.505033287655674
-7.99324214337783,-5.478199379622482
-7.987442515188641,-5.448936872361589
-7.982966916763433,-5.419564486071241
-7.979782124669084,-5.394730644437991
-7.976000576371277,-5.36685886285677
-7.9711024710661444,-5.337214682550333
-7.965973183894456,-5.307640066574109
-7.960385578808141,-5.278532383362555
-7.9549405051752595,-5.252976694114933
-7.949422469750654,-5.228248049772907
-7.942909806927298,-5.2017335492756125
-7.936025498150264,-5.176183315838233
-7.928532604147171,-5.148470104942274
-7.920465455731414,-5.120676298398295
-7.912282752841243,-5.092599349452151
-7.9043871909503975,-5.066205388915016
-7.895790847997241,-5.038479406842794
-7.887734055792415,-5.014288233052931
-7.877476660108693,-4.986523189182816
-7.86647619688419,-4.9586029920810635
-7.85612737260903,-4.930552550045771
-7.84754765801938,-4.901944333570855
-7.841140875767864,-4.872805692718497
-7.836819881240162,-4.843204234158057
-7.833639831723151,-4.813469011037271
-7.832163218541741,-4.783616645984454
-7.832147995872705,-4.753685488745949
-7.833201509718874,-4.724404022215958
-7.8352112218908365,-4.696081539029348
-7.83846758782627,-4.666410920427082
-7.842408770459395,-4.636855942860801
-7.846536124073654,-4.607204672636444
-7.851008376094165,-4.578714031109791
-7.855793006788274,-4.5522851057920635
-7.860377767071941,-4.5285528222649925
-7.864427409660937,-4.505728684825336
-7.867744954647713,-4.483238768003993
-7.87043870238346,-4.4611859081454535
-7.872490001726695,-4.438810424270447
-7.873608248248264,-4.417084702953014
-7.873238245827054,-4.387288496397886
-7.8710502018325625,-4.357669090693861
-7.8677940157165045,-4.330747136039556
-7.864496787018705,-4.307218190374826
-7.860694843459742,-4.281420198500137
-7.856668560912473,-4.251904539174233
-7.85442978718653,-4.222657170012137
-7.854666298748273,-4.193044669667218
-7.857249610426042,-4.165238556566505
-7.8613303405734865,-4.138385686283119
-7.865179894644736,-4.11453241607203
-7.868652503157711,-4.0914973966242325
-7.8714531709033535,-4.0702316386490445
-7.872835271179651,-4.051503839061822
-7.8731618006969715,-4.030165878500942
-7.872226336916039,-4.003257643109267
-7.869771778474229,-3.97510205027978
-7.865759210906776,-3.9480235116327274
-7.860779824257295,-3.9223270264861982
-7.854165652848828,-3.895030266181893
-7.847127869631741,-3.867062584474743
-7.840157146270671,-3.839609948692522
-7.831849670374949,-3.8125745632836567
-7.8218614986776345,-3.784379841358858
-7.812072759302549,-3.7562439775429874
-7.803968441740346,-3.727748371773725
-7.7976834115770295,-3.6985606891904346
-7.791985178394062,-3.6690120853424872
-7.785691023811456,-3.639621170531446
-7.778188661134391,-3.6104976394241155
-7.769987914235356,-3.581636709666892
-7.762450691966316,-3.5526573957495757
-7.7556967088261715,-3.5234984663228035
-7.750377309863421,-3.4940718110191975
-7.746852402131989,-3.464814612543132
-7.7458243120149595,-3.439137205446384
-7.746153434410392,-3.414244399845322
-7.74617473371925,-3.3887196724214417
-7.74441341586202,-3.363387953571597
-7.741308426111376,-3.3396141082432256
-7.738253308429232,-3.3152098576146645
-7.735976937660373,-3.2873949297739475
-7.733861118896007,-3.257815097932121
-7.730904368219616,-3.227987766217362
-7.7253295958977,-3.198407809766403
-7.716230448385735,-3.169613466599268
-7.704101573887735,-3.142530312546555
-7.688537398686204,-3.1183013446218304
-7.671453523648016,-3.098010886869246
-7.6529648652434785,-3.0791134642481732
-7.634459790556165,-3.060414441034087
-7.616248243737785,-3.039559069882308
-7.5996568337320065,-3.0158131083216086
-7.585080104379093,-2.9904752993421173
-7.571842830510884,-2.9643626019586162
-7.559332450761676,-2.937777899407556
-7.54581022004903,-2.911552106887078
-7.529819984109094,-2.8870244460411625
-7.511749303181481,-2.865177337805816
-7.493863498084623,-2.8462023262499243
-7.4777046185358556,-2.830340938985283
-7.464216185351431,-2.8175009709339145
-7.449373693241399,-2.8029450046618
-7.431687674027756,-2.784077965130395
-7.412645878535184,-2.7634348267760536
-7.391451124847956,-2.742318246490328
-7.368142679715669,-2.7231395786768493
-7.343430705802598,-2.705979937378903
-7.3235193701573795,-2.6926233193843725
-7.2994574939833825,-2.674968283097475
-7.278583290851989,-2.6565394224468313
-7.2584362936425055,-2.6371179601958463
-7.236619730589968,-2.61669820495069
-7.214513290847011,-2.5968842945941577
-7.193017686245893,-2.5784469962223353
-7.171199923802294,-2.559384017988041
-7.151299305058167,-2.5400374439424676
-7.1315955815809025,-2.5187495214524622
-7.113722606805487,-2.495065946802305
-7.097990624281468,-2.469797139463084
-7.082745791992325,-2.4440760704217492
-7.066249077302566,-2.419003622351147
-7.0480308706722266,-2.395181513754946
-7.028418219778425,-2.3723374826570165
-7.007101329368208,-2.3510519733117325
-6.984233068993375,-2.331412109763987
-6.9598384306853776,-2.313681037195621
-6.933613731316969,-2.2986725020920202
-6.90601744729918,-2.286559166677143
-6.8779012086677405,-2.2759680884991207
-6.8500209207454565,-2.2651349276211694
-6.823220063188756,-2.2521814914534146
-6.800093339400832,-2.2365786985384397
-6.780583797788033,-2.218492317974018
-6.7618958701103855,-2.1977983983060074
-6.742593062521178,-2.174846343483522
-6.72325147225226,-2.1519284668189207
-6.703994437431045,-2.1289212055757853
-6.685226407457281,-2.1064429297491305
-6.66583564270005,-2.083876104148116
-6.6461121498015725,-2.061866966459382
-6.629770891326906,-2.04431983511334
-6.609097923280782,-2.0228028187811913
-6.588568402975854,-2.0009713884713483
-6.568402343236478,-1.979019006195863
-6.545079280719803,-1.9519245671732388
-6.529688343148442,-1.9335080877147397
-6.506417545068431,-1.9060173461050662
-6.4912357800543985,-1.8880258204025686
-6.473261658679334,-1.8665197101316062
-6.455135470499557,-1.8442367614763655
-6.438181338124965,-1.8229419655264816
-6.418713648582356,-1.8002592326417548
-6.3986133788873145,-1.7779408829323895
-6.378205067460308,-1.7563075957809755
-6.356651884826661,-1.7354453308036484
-6.334335811056866,-1.715434917509814
-6.312077845231347,-1.695347790609516
-6.290182754171655,-1.6760044034051422
-6.267600486462915,-1.6574762265491243
-6.243366353845594,-1.6396120218210768
-6.2180046902357455,-1.6233673255080945
-6.1920893649664555,-1.609135815141776
-6.167662154639859,-1.5973892056785777
-6.141694216016195,-1.586148059091081
-6.11739415871104,-1.576569294087426
-6.095751351114783,-1.5689831035665471
-6.076049170252359,-1.5622422431998202
-6.060881910809944,-1.5566416247594708
-6.046704439725737,-1.5515401865919336
-6.030765741951206,-1.546654697405501
-6.009072758116743,-1.5405381125822901
-5.9812091775514995,-1.5331093580661632
-5.952214223425371,-1.5255917201111973
-5.925968481679919,-1.5176084752299481
-5.900524926630639,-1.5090450099114714
-5.881087529231226,-1.5018612858374045
-5.860329330966326,-1.4934444379373628
-5.837006599731049,-1.483945960851056
-5.810140805455424,-1.474374324595264
-5.785391817788645,-1.4674113153314032
-5.7618373197704305,-1.4621576078506282
-5.737279440127708,-1.4565922196642842
-5.7139273912534865,-1.4512553549921596
-5.686530073367669,-1.4447365511245351
-5.657708648116866,-1.4381364808156447
-5.628859568296273,-1.4315754648362655
-5.599742009918916,-1.4244679242607303
-5.570718291014496,-1.4169205147368957
-5.541783113464825,-1.4091592464141016
-5.513080437395189,-1.4006382040201009
-5.485746603161051,-1.3918748796843838
-5.459705505713352,-1.3829630377920197
-5.438175947950576,-1.3757268680997645
-5.404533745190825,-1.364987031581468
-5.37614927787255,-1.356836445975992
-5.349968326832912,-1.3506403881962232
-5.327558855882058,-1.3466641335160472
-5.298171445812299,-1.3426687782758044
-5.268459514250765,-1.3390980268765684
-5.239984539549333,-1.335370938953341
-5.212214622973978,-1.3312048845178552
-5.184774522973677,-1.3274303076863707
-5.1555982128152555,-1.3238939874725797
-5.125866300942978,-1.3203503104513896
-5.096467485289392,-1.3151617781837321
-5.067399681644334,-1.3080499181217122
-5.038285783173124,-1.3007046259812327
-5.0115306340030585,-1.294128243807126
-4.986112125525466,-1.2870784263945096
-4.960098597685378,-1.278937360134869
-4.936408180715311,-1.2711810343032373
-4.914605653116325,-1.2635319223011077
-4.893704424997563,-1.255840042264358
-4.868919000249517,-1.2459633330635393
-4.842115448028655,-1.2340579596331744
-4.815868690987782,-1.2202574013024075
-4.7910116385586345,-1.2048693991585848
-4.766146732578538,-1.1881786965824424
-4.741743560810483,-1.1707969125278748
-4.717426268827943,-1.1534839989102725
-4.695200719177039,-1.1376306141530144
-4.6735402943632005,-1.1211928799982533
-4.651360103998358,-1.1039138770426873
-4.628792781534632,-1.0860904593214522
-4.6047500460100155,-1.0682729305865857
-4.579517679631899,-1.0517552351506492
-4.554334196336763,-1.0390262340734342
-4.52689198804853,-1.0290134755282108
-4.498027495325289,-1.0206162683271416
-4.469289886576363,-1.0122492359569868
-4.441863558436319,-1.0022605865814567
-4.415400302538527,-0.9907038927967133
-4.388536744657014,-0.9791125807823963
-4.360633176166276,-0.96836854744559
-4.338560512171357,-0.961182032322615
-4.3110584709020685,-0.9523112814954492
-4.285356941203419,-0.9424016348099015
-4.259066667817899,-0.930193705724517
-4.232045542899253,-0.9171569939097838
-4.2048701003760645,-0.9043865415222001
-4.1778256199543,-0.8915090543588702
-4.151096535892239,-0.878008719879428
-4.12486448090628,-0.8635769712508048
-4.098645670985729,-0.8489002627106973
-4.071987045129976,-0.8350632455659924
-4.046112113481635,-0.8217855449046154
-4.023002937210604,-0.8090503527045138
-3.999516086845819,-0.7944773249412499
-3.9792452263527,-0.780710531873901
-3.9576504463065176,-0.7655626723531064
-3.933385650187489,-0.7489346733229386
-3.910144760554613,-0.7323221764043724
-3.887927941359757,-0.715686000311961
-3.865007357881492,-0.6978868525701734
-3.841310242694058,-0.6795090817576143
-3.8182276731098086,-0.6605007658091315
-3.797417241398375,-0.6413628810749588
-3.7772594136126134,-0.6210590547667693
-3.7563432975588764,-0.5995336538530354
-3.735718087760726,-0.5778349094359304
-3.715708498706719,-0.5558272355756747
-3.696313130559499,-0.533801305415042
-3.6781189797278504,-0.5120043672871758
-3.659753036354523,-0.4892342135723946
-3.642067144055029,-0.46553473542392915
-3.6245830064891655,-0.44118921017267065
-3.6079438669650976,-0.41707934259679197
-3.591703553520133,-0.3925124825358346
-3.575530356870141,-0.36758942847415615
-3.559188738289846,-0.34260550683625574
-3.5426881695571115,-0.31749524483432406
-3.529922622286059,-0.29713314233976795
-3.514225166366172,-0.2713051894004066
-3.495971843242271,-0.24029631448816524
-3.4811432423930313,-0.21429699649839024
-3.470295156357182,-0.19298241452254541
-3.4581270411769327,-0.16588431150402427
-3.447066662467277,-0.13809307556572062
-3.4374861802402954,-0.10978346901577007
-3.4297250927542295,-0.08091616441401128
-3.4236883915433585,-0.05330597517759222
-3.4192262294219913,-0.027769433150331223
-3.4145584550363415,0.0004636063417725617
-3.409974304572625,0.029653167658013745
-3.4059669265528463,0.05804406975319948
-3.4013565292655903,0.08771292830875481
-3.3958833744436325,0.11689547528591923
-3.3905190396920792,0.1440443641424003
-3.384879430230941,0.1729913028763134
-3.3785867961776606,0.20235872300465835
-3.372013409028509,0.2316501517473315
-3.3649344000486403,0.26085157988144214
-3.356950380034521,0.28983318671621017
-3.3479847109988423,0.3185124568364594
-3.3386098982586976,0.3470312199036072
-3.329370916770453,0.37549922065131347
-3.321720122896801,0.4043971854545185
-3.315217160616943,0.43363000244518196
-3.308926844838071,0.4623586730460926
-3.303602202006296,0.48796528664743866
-3.2991309257575003,0.5102914356822322
-3.2938018974125245,0.5344512415363163
-3.2882060636206614,0.5601107932456301
-3.283448499097329,0.5841954383522805
-3.279155596306904,0.6074680378425883
-3.2758538022219224,0.6282302170010612
-3.2728022896337747,0.6467804822202057
-3.26900286253486,0.6682472795543416
-3.2645743382948793,0.6913938122655173
-3.260510298971163,0.7118813011454644
-3.255809345839029,0.7341527958843218
-3.2508748306235593,0.7566618124093234
-3.2446387771091034,0.7838261732596022
-3.238287369051832,0.8109724910762984
-3.232321068986954,0.8338649012176971
-3.226129859125296,0.8561975417261409
-3.2197430765113277,0.8813707653394485
-3.213949596450114,0.9093969807141908
-3.209142720270241,0.9354679702907092
-3.2039633257336364,0.9648304173151161
-3.199519953646588,0.9944348468022913
-3.196455115991286,1.0182308577447727
-3.192798011357131,1.0479922720145942
-3.189008086896371,1.0777795017122047
-3.1851822787569475,1.1075129475829808
-3.1814931053127666,1.1366564862960584
-3.1777722583558634,1.1664196219918157
-3.1742960264758215,1.1962155099403589
-3.170366259746435,1.2260143515718376
-3.165685863886711,1.2538631026248543
-3.160306661531406,1.279766321362607
-3.1541364588997287,1.3053335100490127
-3.148561801414969,1.3307153647145658
-3.1439584772156572,1.358146820209902
-3.1401030625980675,1.386160714261085
-3.135794330496471,1.415474548458327
-3.1312016991236473,1.4449089116485576
-3.1262809297304193,1.4744833631669785
-3.1222985368450473,1.5041580104336507
-3.118794466622902,1.5339230471477014
-3.1156920385390516,1.5637647359657514
-3.112304172804307,1.5935846420278559
-3.108930968345254,1.623388779370856
-3.1050720451211884,1.6532258531136892
-3.0994329929110744,1.6828075226696189
-3.0925684609693245,1.7120437042038685
-3.08561292074585,1.740670362470437
-3.0781937475316745,1.7697663602424227
-3.070934194339384,1.7984479820285972
-3.064678242642442,1.8262759933224744
-3.058610522485474,1.8516523226299675
-3.0521928922005253,1.876201459746958
-3.0454618260075077,1.9036257572743887
-3.038940188088665,1.9329144571460692
-3.0314590024512857,1.9620637466812911
-3.02328700516406,1.9898941749062005
-3.0153254990761105,2.015777450844927
-3.007198866796029,2.0424606885831604
-2.9994606747496326,2.067719953963665
-2.990928127737062,2.0934284063066206
-2.98264416771163,2.1180303143756065
-2.973746592444393,2.1431796790243003
-2.96400593148448,2.168008416232642
-2.9533812065166174,2.1927195620981643
-2.944299133710698,2.2142861362532664
-2.933415351789111,2.242096186743167
-2.9237204808362938,2.2703887837215575
-2.9146162880342232,2.2989917982614947
-2.9042352700828338,2.327277126017397
-2.891950297465597,2.3547442046655678
-2.878971936580628,2.3818325675614638
-2.865125836349675,2.408529257156496
-2.8495415106432116,2.4343642456353582
-2.830644869578075,2.4580219795769422
-2.807911948681722,2.4780123183811043
-2.7829125580055285,2.4948879982452383
-2.7570793162532743,2.510222023881426
-2.73252859097095,2.5250809599651944
-2.708947070748427,2.541438227451156
-2.6859583992302443,2.560328022625004
-2.6641804769356274,2.580839067304489
-2.6425088835386137,2.601654768945505
-2.6195472062895018,2.6212237270754764
-2.5944906776337144,2.638068952670627
-2.5736034839260187,2.6500302811862455
-2.542232731768946,2.667582751349097
-2.5172296384021307,2.683798385168215
-2.494206568317112,2.702716615426206
-2.4723661839265283,2.7232023988928034
-2.450346420152546,2.7436867431793317
-2.426795390169315,2.762578963303599
-2.4072349388312047,2.774719372700726
-2.383235370573526,2.785541077320088
-2.3584990316290266,2.794196046206694
-2.333733152209924,2.8023723338974422
-2.3094076319332384,2.811821589313117
-2.287243534366921,2.823455187363469
-2.2674402930771054,2.836960971696288
-2.2481851519285043,2.851465529431807
-2.2276909927842983,2.8662047714632544
-2.204262399216073,2.8807436778754902
-2.180155444477799,2.8941851797991363
-2.1553879751047655,2.907407745594008
-2.1296948022594533,2.921225646292669
-2.1044073166326203,2.936844759167976
-2.079746215122786,2.9537953892604563
-2.0557708824322365,2.971724394129465
-2.0318583626779754,2.9898931703482003
-2.0073832402887373,3.007337283626703
-1.9824986070196309,3.02417075352272
-1.9575154212897667,3.0407439665132268
-1.9339219605058149,3.0575747287546635
-1.9114211794436686,3.075254349792734
-1.8899315117671043,3.0934538610851967
-1.8687230682288036,3.1134770025300016
-1.848027734890404,3.1350675263044745
-1.8286215048486592,3.1569530481759758
-1.8111802551171443,3.1785745071438236
-1.7931650735821767,3.2012475861605116
-1.7744878439007206,3.223164282688499
-1.7539789879484127,3.244983892878375
-1.733043495967032,3.2665094449877143
-1.711860119114729,3.287770982268364
-1.690657920518736,3.308988470515149
-1.6695427403027445,3.3302752379778173
-1.6488309455644925,3.3516882396187686
-1.6315064019270316,3.370507058067765
-1.6164875728561998,3.3882600958252946
-1.6013367517233652,3.4092988236177146
-1.5890019564159805,3.43012633939319
-1.5784993431232373,3.451123805316111
-1.5686826420826154,3.4725465511254936
-1.5582500897179201,3.493823261385994
-1.5443262776351574,3.5173203467475482
-1.5292910655630725,3.540459083320948
-1.5147384138774729,3.5639382132165873
-1.503067716181532,3.5847708351869376
-1.49196607312569,3.606218243749387
-1.4833841111712176,3.6234651169924095
-1.4750135052769582,3.64168410750745
-1.4680125221441693,3.6593735239618463
-1.4625424731581838,3.678278304119639
-1.4597743876470761,3.6991267329545585
-1.4607216252098323,3.720621473986934
-1.4644776774231116,3.742508072864463
-1.4700983509951546,3.7660939288235507
-1.4762054684509167,3.7908381903066832
-1.4808707294777592,3.811870533009517
-1.4848688829382213,3.8335449837351603
-1.48915539024267,3.8592239755231392
-1.4938648538009092,3.887909026050047
-1.4992504434735916,3.9145231953796493
-1.5052445965037924,3.9376100540328975
-1.5130524107481753,3.9651455390623664
-1.5205771079317916,3.994017201322434
-1.5270606655571566,4.022957172631401
-1.532465121693224,4.05203600119584
-1.537570751215929,4.08144232325793
-1.542670037709815,4.108712208435489
-1.5486071909425738,4.132826186625886
-1.555664471270442,4.154188147726771
-1.5637415703405526,4.1753817990307835
-1.5716589508859837,4.197161108679272
-1.5778302934750421,4.219996853574776
-1.5816725988285125,4.246599083766614
-1.5835986327213163,4.2735236136219195
-1.583782528678124,4.3005493792967275
-1.5829192702484045,4.322851196494561
-1.5812252121285466,4.35200984391536
-1.578991485830849,4.3776634193080834
-1.5748920455738746,4.407299321270413
-1.5687027331179149,4.436497278204861
-1.5613581708285864,4.462302559411192
-1.5506854122203844,4.4892585161116525
-1.539274508340854,4.510201306543061
-1.5208901911357955,4.533783059535834
-1.4980995499538254,4.55375745716129
-1.4719971148057247,4.569114809877769
-1.4439516871644893,4.580249030175533
-1.4151678784101767,4.588907055321392
-1.3863684072328546,4.59705635958404
-1.3580718352392982,4.606533548136928
-1.3305405532541787,4.618082258424312
-1.3059236978253421,4.629558324139696
-1.2799702528466088,4.642209147503876
-1.2535276545233849,4.656239389572714
-1.227800371391628,4.670959601928384
-1.2051681077849836,4.685195316243892
-1.185390299901179,4.698760300027024
-1.1655170877886274,4.713109871758043
-1.1433388073897304,4.7301167648335145
-1.1204941783404216,4.749122745830754
-1.0995607949052681,4.768311086871227
-1.0832118738196497,4.784825963587154
-1.0693695029267598,4.799756528252026
-1.0544386660682719,4.817533681795626
-1.0386117866408735,4.838656712290768
-1.0231624543978066,4.861403345365381
-1.0073309117459657,4.884241887261013
-0.9916336742563127,4.907102806273103
-0.976072094946359,4.9303492958858515
-0.9607405004505799,4.954443427442703
-0.947647360198722,4.975885736691116
-0.9366599697765496,4.994854355417349
-0.9259628820150738,5.014604816412151
-0.9135073714487056,5.038515962151772
-0.9016280503751899,5.062906898673608
-0.8901473202347704,5.087311318181055
-0.8789624206532575,5.112238074712663
-0.8701721685103082,5.1344274952914715
-0.8602062203334901,5.162514523343541
-0.8493602501295149,5.194975189586164
-0.840954712695693,5.223260099770469
-0.8348958355603069,5.246448101845975
-0.8277021059311495,5.275531861695808
-0.8217481344738359,5.304751159852556
-0.8155942973211657,5.339638765822567
-0.8116549338438652,5.3618215945479655
-0.8072399999698058,5.388573521139108
-0.8033745406273972,5.41755145450538
-0.7999402130931581,5.446460154984902
-0.7971073007147246,5.473313732262048
-0.79436478786024,5.502208105288395
-0.7918342092738436,5.53022399642108
-0.7900138807063642,5.555297382430379
-0.7889601623100915,5.575582396259396
-0.7880836343662361,5.597644691585132
-0.7872073467853505,5.6218709323135885
-0.7862222485254926,5.650545577393867
-0.7853693817967156,5.68046706675914
-0.7849632014628618,5.710370958262241
-0.7851850913721858,5.74023202528346
-0.7861206703625171,5.770062999664325
-0.7874829893670529,5.800002063217274
-0.7900471874285163,5.8297933476999395
-0.7935078538371784,5.858578247543398
-0.7975582077831749,5.883130152854577
-0.8030544176315052,5.910198933660926
-0.8095062220879888,5.937999000643863
-0.8169380159485254,5.964808283454889
-0.8259644488084837,5.993324412025237
-0.83546293732053,6.019358481156296
-0.8461586736485712,6.044771028541298
-0.8582153496347503,6.069134631307179
-0.8709768893573981,6.09076800443197
-0.884656248003122,6.112011776282415
-0.8978666157571643,6.131629387199133
-0.9102331875668186,6.1489693367540506
-0.9311335445151062,6.177164100834167
-0.94947420551543,6.20085877292683
-0.964220832026803,6.219795741273614
-0.9861561775332,6.247881969217452
-1.0036421548816932,6.270382184112052
-1.0180134825745546,6.288084227463359
-1.038780519123659,6.312807325192181
-1.0531937221500378,6.329956474803458
-1.0745100599778938,6.3564936338465
-1.0935563281682334,6.37937135741834
-1.1127645414085634,6.402392747149612
-1.1324164515353872,6.42503584815811
-1.1520193671240921,6.447731455449293
-1.1680393805381273,6.465530720865851
-1.1888944126602117,6.486952450249823
-1.2099661830112132,6.506773640462647
-1.2317471139208227,6.526864619473518
-1.2543356664151792,6.5465079753236
-1.2766787612685453,6.565451065735115
-1.2990878836072477,6.5854788903063435
-1.3208760010850766,6.606174894633054
-1.3401377485466643,6.625419807659367
-1.3589280577499618,6.645717822326653
-1.3776815210659288,6.66616324874132
-1.3977432775744412,6.685379634164755
-1.4213380235475819,6.703355094157197
-1.44640288156203,6.71968159818697
-1.4720191147118642,6.735245469701703
-1.4970407009687687,6.750354937114278
-1.5208883807893423,6.764164023188529
-1.5461991240617856,6.777807606913646
-1.568717533989593,6.789268084918693
-1.595692990025685,6.801684589310103
-1.6229145805695175,6.813931327745352
-1.6488432252167255,6.8255738684790765
-1.6734465222781463,6.836646820421233
-1.7010123765763179,6.8477342612175445
-1.7293821916982122,6.857132057586017
-1.7561806551930403,6.865232897391585
-1.7813920628354196,6.872737476616457
-1.8069558280402327,6.880056078431486
-1.828624800752885,6.886050616027971
-1.851160789806167,6.891122522543016
-1.8726665972247138,6.89454968001739
-1.8930709011381541,6.896410201826371
-1.908117110561027,6.897078798002815
-1.9256269173563585,6.89715899838318
-1.9424848853860577,6.897290186749659
-1.9617185567178825,6.897473823642758
-1.9827553925976957,6.896897106524128
-2.007043096724492,6.894907420040063
-2.034662230305756,6.891213906194574
-2.063896256907719,6.885730494795272
-2.093234749564929,6.87960700499101
-2.1215878756300692,6.873317603067741
-2.149516014835221,6.8666400253565065
-2.1781529716677017,6.860675961504395
-2.204074744095073,6.85640481736057
-2.2297674561984446,6.852311135606708
-2.2583584200242437,6.847342472097774
-2.2873030962993046,6.841215611588287
-2.316354819806401,6.834016125397711
-2.3447875476717064,6.8255442799103685
-2.372612938836991,6.814747872881556
-2.399988957368637,6.8025604923655
-2.427399037158909,6.790329187138358
-2.449266632241298,6.780510905487384
-2.4820083701875677,6.7655183660369325
-2.50385152722286,6.755606561090167
-2.5310005399108717,6.74289220594416
-2.5582658380498318,6.730285507753522
-2.5856462301485785,6.718028273985375
-2.612998292028611,6.705640223673879
-2.640756130613764,6.6940813634358145
-2.6688842766156315,6.683467853495519
-2.697378991445244,6.673853898936934
-2.722684081180839,6.666772959832432
-2.745975452852032,6.6618365374483774
-2.771231306395698,6.657969660933652
-2.7916761256000315,6.655775740466637
-2.8125722413893897,6.654779627975757
-2.828767909564926,6.655126279377459
-2.8454466350815064,6.656316141845019
-2.8629116233066867,6.658287980819054
-2.8795724086148082,6.660796457021703
-2.9021132027841796,6.665246011503943
-2.930206992809317,6.672608332919862
-2.9582668169335173,6.681890259683175
-2.98546683535482,6.692591459204715
-3.007014729319478,6.7023505951368385
-3.0283730890519487,6.713512845308607
-3.0513294644901605,6.728149027509511
-3.072586511356894,6.744817630074371
-3.0934134050650948,6.763495165631159
-3.112157336481475,6.782112052606581
-3.1277714657364144,6.7984310839598825
-3.1429703295949922,6.815903293642577
-3.155383691981671,6.832412848307321
-3.169140810966469,6.853155805202382
-3.1844368097786604,6.8776328774219255
-3.1985522368278767,6.90000089014243
-3.212509075110658,6.922028713278449
-3.224629232082244,6.943554423038433
-3.2333798919047876,6.962351997703812
-3.2436771944712994,6.989321791497504
-3.252283985121671,7.017177269346976
-3.2597516621802236,7.045925237220483
-3.2667159171797207,7.074786547892185
-3.27220547924557,7.102568071821321
-3.2757355446101273,7.128467246959891
-3.2782482516798774,7.156052811416956
-3.2797728690962265,7.183121412332201
-3.28014712732918,7.212072835061665
-3.2790124169780683,7.240200955221847
-3.277237426577403,7.2618930737489835
-3.275704987728441,7.274913654844457
-3.2742835357674207,7.28597127562995
-3.2729832930773837,7.295914844225678
-3.2716430664789224,7.303992799266134
-3.2697342087494534,7.312989235552289
-3.267260286978222,7.3229893219248865
-3.26373366527619,7.333356781473523
-3.2572873411259486,7.34589314792192
-3.245650864853718,7.361210539579485
-3.2313814984179277,7.374871041429143
-3.2142411632268,7.388359699766074
-3.190283391138055,7.404867103373678
-3.1647025997486002,7.420402464315888
-3.137974847810088,7.434147006700759
-3.1106227940575537,7.446502557285908
-3.0900913901254166,7.454999954491686
-3.063955486668465,7.464489233480995
-3.0470794186127743,7.469890916635281
-3.0276422477900575,7.4759790653430205
-3.0068365052938324,7.482617858082373
-2.986149384036936,7.489544357577067
-2.967609897540017,7.495839943848078
-2.94501971732315,7.50310000203187
-2.9253792960119545,7.5083660280664795
-2.9104817835087373,7.5116185468235654
-2.8913113813681113,7.51543271198243
-2.8663320030919444,7.520536676549569
-2.837823931125262,7.527212087896715
-2.8087774836352652,7.534426999293544
-2.7822334290078397,7.541463824746084
-2.7569690543937226,7.548536210153822
-2.7302913472908577,7.5569945110121495
-2.7028024561314905,7.567122874422882
-2.6772728449835173,7.577928982592247
-2.655637216768824,7.587629677982495
-2.6329522346626346,7.5977824954044415
-2.613555541521363,7.606052563549301
-2.5866074441637674,7.616897243355767
-2.558997363042837,7.628060423833379
-2.5322979949299538,7.640017435844645
-2.5072863076504985,7.652785101398424
-2.483827429417186,7.665642878757963
-2.4592758969246393,7.679538701815156
