0.6278685100156215,1.9486479180721727
0.6277167331701298,1.9786298053581983
0.011156088050612863,7.793965317523336e-06
0.03313851481293649,0.0003512129546881672
0.045149703944918906,0.0008130872817069138
0.048038333349112186,0.0009781734733600317
0.04820434159685713,0.0009882530621109465
0.04820061952586625,0.0009876239534313892
0.04816831584960482,0.0009855743835353262
0.04812198682571179,0.0009827836788218482
0.048071313737167824,0.0009810208416635836
0.048070459631949516,0.0009824601024872228
0.0481012763713891,0.000985385027663783
0.04813497411051975,0.000988440428787827
0.04814022060337813,0.0009891090806001845
0.048123966588984414,0.000988058032832971
0.048093604041511105,0.0009850215796257558
0.04810160253383085,0.000985326493238576
0.048114324648554946,0.0009882808553135748
0.04810877704364361,0.0009874131559124534
0.048102382455902024,0.0009846295325477454
0.04810665337960832,0.0009871867726582348
0.048108833918282225,0.0009849989706554913
0.04810611821250956,0.0009869728193926265
0.04810557780090165,0.0009849424371092554
0.048106886156675535,0.0009869536341586356
0.048106816113748264,0.0009849721367666765
0.04807503336879971,0.0009831584116784646
0.04950539104146145,0.001177030754745086
0.05977463620963663,0.003279503774262008
0.07892919832322064,0.008754258767130544
0.10360638838228517,0.018335952023928397
0.12977237120947435,0.03212718261497631
0.15402645041844765,0.04896006972324799
0.17652847818181824,0.06845233641268866
0.1974984084476906,0.08971083128992711
0.21741277912495385,0.11203371900070282
0.23264178727763363,0.13049763262455386
0.2507797756090541,0.15429071267322067
0.26793442617289914,0.17880818215397906
0.28407061421782676,0.20400280738782092
0.29910760870321296,0.22986336201152371
0.3129985973765007,0.25635923001259237
0.3257889202000821,0.28341399675115014
0.3376238440289627,0.31091480356209233
0.3487133481206384,0.33874446693211524
0.3593015202130391,0.3667829612284717
0.36952995917959036,0.3949644742454344
0.3795162381890012,0.4232389020507479
0.3893186971337043,0.4515817763151691
0.399023527746249,0.47996439320759354
0.40867830733622107,0.508365346056902
0.41830211148711427,0.5367784956727234
0.4260121269946481,0.5595093730775678
0.43572540229231366,0.5879015384208155
0.44556257244542896,0.6162513336995296
0.45553172652228097,0.6445569291406699
0.46566516211625153,0.6728058581067834
0.47597752061263415,0.7009907913771067
0.4864884288306378,0.7291053844773269
0.49729001799754047,0.7571205101923659
0.5085426281469574,0.7849636088534168
0.5202530108983204,0.8126186780185658
0.5325435035228977,0.8400390125685583
0.5457072363232306,0.8670725494825967
0.5599561116537243,0.8935595990895399
0.5751776110814162,0.9194783091539388
0.5910636221980851,0.9449721954430892
0.607017670141643,0.9703170599977872
0.6224045056900054,0.9960781014721733
0.6379722243691679,1.0217258176297745
0.6535270064552142,1.0473762248771123
0.6690586226394849,1.0730395091909877
0.6845145312096114,1.0987430982729867
0.6967893437383232,1.1193555548635556
0.7119767525043758,1.1452129439811163
0.7270004388847932,1.1711657142233856
0.7418333228364461,1.197223038538313
0.7564014590045016,1.2234245945683686
0.7707100910048991,1.2497731823206375
0.7848146626153079,1.2762366241590841
0.7987533829176412,1.3027894925012664
0.8125647501259445,1.3294120560599223
0.8262636672982285,1.3560907567073452
0.8398149877983193,1.382843577236854
0.8532170137314699,1.409672916815575
0.866484371667332,1.4365684406800063
0.8796155167761246,1.4635304874557857
0.892591227578572,1.490567821066048
0.9054093745026308,1.5176774163384383
0.9180006648130683,1.5448847606152771
0.930261295605842,1.572236853053308
0.9421100679513525,1.5997660236042577
0.9536011002028532,1.6274565144436266
0.9648681557844307,1.6552474737578928
0.9759897375531035,1.6831015873151898
0.9870697627024887,1.7109835405371219
0.9982408514121969,1.7388355055137736
1.0095839453818638,1.7666237495706265
1.0211871949710123,1.7943083638736372
1.0330046864400755,1.821898891125286
1.0451058528063246,1.8493766082775116
1.0576576035037941,1.876658153700339
1.0706645044575014,1.9037339496670065
1.0842854786343548,1.9305170034406283
1.0986478256651615,1.9569068797222957
1.1104886070523077,1.9778164485473537
1.1259589296455468,2.003592287922662
1.1423180603205156,2.028809713920922
1.1593658157138669,2.0535546210867826
1.1770892773672759,2.0778239569251036
1.1953869169199447,2.101634438104908
1.2139121952575813,2.1252490465410916
1.2325156276707032,2.1487813150728656
1.251006132509815,2.172391048365717
1.2692705145171013,2.196159855962401
1.2872122737490055,2.2201695700341735
1.304747508366969,2.24446652704963
1.3217798450431806,2.2691120923563215
1.338279967331455,2.2941201177934354
1.3543608853342202,2.319416062753395
1.370169240806465,2.3448957501308403
1.3858866605237696,2.370449372959237
1.4017189956596219,2.3959481242982847
1.4177557442981465,2.421318753546676
1.4339738250924008,2.4465707007052746
1.4503138786365324,2.4717393691091663
1.466725660459797,2.4968559675332367
1.4832103194931672,2.521929434392015
1.4998104043290277,2.546928723040894
1.5165475452696482,2.57184023201009
1.5334773623133187,2.5966263076810026
1.5506147680960845,2.6212678276499983
1.5644633692381866,2.6408836627169623
1.5819782193648715,2.6652655749368424
1.5998199358951788,2.6894173263507084
1.6179864834404012,2.713320153782908
1.6364466591559967,2.736998255399655
1.655263715007324,2.760402962148964
1.6744559176129448,2.7834990414163867
1.6940207743735733,2.8062821763804338
1.7139502601203864,2.8287437468216137
1.7341934057557604,2.8509162712353415
1.7547122116866583,2.8728359371253527
1.7755191910369579,2.8944815128787607
1.7966270382723843,2.915838433921828
1.8180299353602443,2.9368945735682797
1.8396801343518445,2.9576905213129874
1.8615499111410572,2.978255892143285
1.883654840724702,2.9985731294467297
1.9060404257317476,3.0185842005559054
1.9286583816486202,3.038319849916004
1.9514319415037025,3.057868873776642
1.9743141491372977,3.07728483592749
1.9973051511215911,3.096574328567057
2.0204434456694624,3.1156965220986588
2.0391019975106803,3.1308199161368613
2.062645311657059,3.149454747438178
2.0864387326967893,3.1677672152470624
2.110493384178753,3.1857436987969003
2.1348599767634098,3.2033028739298146
2.1595374507104164,3.2204176720649835
2.1844806733006727,3.2371370633501324
2.2096769477214884,3.2534744901310164
2.2351318262982525,3.2694072985320193
2.260832386077361,3.2849354740945125
2.2867228048740595,3.3001313781134196
2.3127664590728214,3.3150595174317283
2.338948895881227,3.3297382673243225
2.3652552015117587,3.3441925847937517
2.39166551443036,3.3584473239531594
2.41815230759836,3.372554208874616
2.4447216921717825,3.3865161837873123
2.4714476653502335,3.4001958292737355
2.498331235280077,3.4135567460562313
2.525347214824653,3.426637754985034
2.5524118342671938,3.4395815263285012
2.5794312274901205,3.452593054723343
2.6063273383791685,3.4658345186579855
2.6330355217471952,3.4794286362972557
2.654234792082606,3.490629955730262
2.6805334864408787,3.504994855423527
2.706504922665042,3.519920102728007
2.732118488311676,3.53545231696238
2.757389950204239,3.551553612604245
2.7824821650347795,3.5679748974008545
2.8075353002906067,3.584473838152676
2.8325797014892258,3.600989405449731
2.8576351727406686,3.6174932810571243
2.882729288034301,3.633944732558148
2.9079104629150607,3.650280028173399
2.9332984881575372,3.6663125674897312
2.9589202483778125,3.6819699947116433
2.9847611292087692,3.6972608872987083
3.010801083628262,3.712202563132525
3.0369746593452764,3.7268926901869825
3.063232569793482,3.7414201605341795
3.08952916251767,3.7558636830805927
3.115845922285483,3.7702746852412963
3.1369298143011295,3.781751842322645
3.163352042170298,3.795985788910682
3.1898805311497385,3.810023649910604
3.2165191523463217,3.8238557020004817
3.2432700747187484,3.8374700691470194
3.2701440025218598,3.850842199992624
3.2971307500428244,3.8639820966860032
3.3242480017252753,3.8768633877813943
3.3515371294451017,3.8893928913429323
3.3790122969737535,3.9015074371946796
3.406659846807227,3.913220870930812
3.4344765216017428,3.924530929306273
3.4624335489208677,3.9354664752730555
3.4904778047737746,3.9461584551633466
3.5185965954461045,3.9566538092114922
3.546784650853988,3.966957192372962
3.575019335406646,3.9771146084033004
3.603364821941167,3.987067791896835
3.6319995322509495,3.9961495289718343
3.6607524291665032,4.004799949819905
3.689632710289827,4.013013147949459
3.718549180405739,4.021010706635336
3.747369716377343,4.029229483328718
3.776192796591975,4.037643323747566
3.8050693292239695,4.045692506265296
3.8337877680368613,4.054298739355257
3.856686163590504,4.061391417192546
3.8850755642110193,4.070894928828515
3.913108003444511,4.0813880219079275
3.940784822868243,4.092796075919545
3.9679530009186395,4.105318561080756
3.99465757900198,4.118855139510237
4.020504431394663,4.133734341590805
4.044340409595147,4.151479195992668
4.0658045196554795,4.171568399786302
4.085905480702624,4.193548278636862
4.104019971501931,4.217236740918746
4.1171166994371715,4.23721156722731
4.131933700234111,4.263156523935586
4.145319658299633,4.289899757726003
4.157554246850073,4.317213507438525
4.168865257662694,4.344932440482669
4.179285671421814,4.372999978055114
4.188836416480078,4.40137705498481
4.1975342036545795,4.4300313394623245
4.205462658264125,4.4589151434852745
4.212691752695171,4.487984542556374
4.219246932993706,4.517215169704733
4.22517329866799,4.546585437604757
4.230529823340802,4.57606683312873
4.2353752448886395,4.6056421073872365
4.239806845952727,4.635290921887826
4.243950732096326,4.664987238074029
4.2478448913252,4.694715678765049
4.250751416781448,4.718523748364808
4.254118966165963,4.748315756933042
4.257206354046488,4.778139239425271
4.260047793963022,4.80799042600505
4.262658717763316,4.8378593142790836
4.264949480736566,4.867750051523479
4.266938932421018,4.897668548073338
4.268736959917695,4.927604390738933
4.270379849692847,4.957550082685514
4.271863225902487,4.987502458612128
4.2732156207785845,5.017467602911144
4.274552835825228,5.047439605274681
4.2759562426756945,5.077413078453709
4.2774741030797045,5.10738270985597
4.27915518048713,5.137348384554018
4.281046866763425,5.167301599559705
4.283157764993351,5.197241221909311
4.285464249308872,5.227163470828781
4.287929007102118,5.257070279056015
4.290506207340982,5.286965729888951
4.293178463019259,5.316852681535298
4.295943563938252,5.346729888760177
4.298788215657406,5.376600414917143
4.301771952377939,5.406463774553483
4.304966128912995,5.436306497080796
4.308358313639145,5.466126561672696
4.311953933071597,5.495923157709338
4.315752182111894,5.525694827108584
4.318931643227892,5.54949230449478
4.323062287743846,5.5792178622157484
4.32736156985327,5.608917873843788
4.331791975571892,5.638595355537727
4.336287953318997,5.668259093804657
4.340834300037452,5.697916899755158
4.345443752917005,5.727564521656095
4.350107615707259,5.757202462212247
4.354805363610634,5.786834461615412
4.359552459153115,5.816460353432654
4.36437146701866,5.846076343004042
4.369279851437992,5.875678553883514
4.374284296922272,5.905262906474369
4.379340465831565,5.93483579126849
4.384414588882821,5.964403383540326
4.389465585319773,5.9939730221605005
4.394474140922343,6.023548852892705
4.399455614016974,6.05313169525709
4.404428085605004,6.082716547609981
4.409397364586375,6.1123017225664436
4.414337120188649,6.141888667648076
4.419221578924005,6.171484507768968
4.423081443582085,6.195168391228478
4.42875499152574,6.230709407598052
4.433327021856392,6.260348534455504
4.436867517434938,6.284077147905541
4.441126668051728,6.313760635496053
4.445186353440874,6.343472296376307
4.449060883605045,6.373209602331881
4.45276262274492,6.402969243187026
4.45629944357964,6.432750017539699
4.459680842752123,6.462549227277899
4.462917647732062,6.492365231921029
4.4660115066609025,6.5221953764798615
4.468932341795597,6.552040683021981
4.471640360747076,6.581903488258635
4.474105502240343,6.611785724778405
4.476325293415683,6.641689052944385
4.478337181840173,6.67160994676473
4.480181050235147,6.701544199258132
4.48191138269444,6.731488401132753
4.4835806880779865,6.761439261983249
4.485178297925155,6.791390808423833
4.486701411838393,6.8213493321038134
4.48819091656491,6.851310623355185
4.48936678803104,6.875281635187152
4.491124560952568,6.911235740962283
4.492245752772946,6.935206123773656
4.493599975236141,6.965173274726319
4.494955978372332,6.995143217378268
4.496310273005487,7.025114075452743
4.497707708523062,7.0550840607540355
4.499150494022749,7.085054421975241
4.500684218165373,7.115019456969397
4.502285163413427,7.144980956975054
4.503954319781098,7.174938904884786
4.5056604989332305,7.2048909233114635
4.507378987232127,7.234842374732078
4.509086046514693,7.264791934045945
4.510777145203275,7.294744174634611
4.512482499351381,7.324697991397542
4.514240375257424,7.3546501556839345
4.516052690775472,7.384597730630214
4.5179085437730855,7.414544062795219
4.519843221933093,7.444488071253741
4.52189568725139,7.474425168954466
4.5240528999096945,7.504352978892428
4.526272621670648,7.5342731509335366
4.52851471475781,7.564189292163347
4.530296332441253,7.588121361941029
4.532913945823682,7.624022635168393
4.534611215842962,7.647957797945521
4.536637696316296,7.677881710883472
4.538523169818256,7.70781142851198
4.540194135658027,7.737749313487275
4.54159352453353,7.76769794232708
4.542677019696849,7.797655231674948
4.543380905439052,7.827622287034497
4.543662893533793,7.8575933392477335
4.5435425377845995,7.8875693117467245
4.5430622812565025,7.91754441161206
4.542279417316636,7.947515915104256
4.54124564368952,7.977482413253583
4.540053690003568,8.007452075079188
4.53888547807192,8.037421266223596
4.537814443192883,8.067406872661303
4.536919438915544,8.097402470754103
4.536262039628693,8.127414496324631
4.535945085071565,8.157434698481287
4.536052530671174,8.187466829041561
4.536725364238158,8.217500600964371
4.538261511697289,8.247521232343203
4.539910319572563,8.277395184912749
4.54071068220655,8.307370516458679
4.542057826436268,8.331411210827678
4.545416453827673,8.361329892253684
4.5503905849002795,8.391009625865596
4.5572079133971375,8.420356612786367
4.566282914585307,8.44909905063036
4.5775602394714,8.477045430346946
4.590701064974378,8.504117507669411
4.604741003451823,8.530679925116553
4.619204495482283,8.556983666391412
4.6338996024471495,8.583155199280172
4.648863534326593,8.609199246894047
4.664231511012644,8.634982800032608
4.679978515242201,8.660556351280604
4.6962134904351585,8.685828029780323
4.713084888722853,8.71069472478704
4.7305955867174925,8.735116342159372
4.748844805211593,8.759002962526372
4.767887525614137,8.78226009883082
4.787627637458827,8.804936283870383
4.8083741824187465,8.826728824371518
4.830086333595479,8.847541089653786
4.852522880227883,8.867543429903339
4.875568565306289,8.8868404263152
4.8992021611728855,8.905411797450713
4.923443812108206,8.923196185720567
4.9483862275363695,8.94000818844781
4.973963351727451,8.955807176917931
5.00001444070872,8.970794581613752
5.026467231761848,8.98505275916442
5.053268798331573,8.998612793165595
5.0802663299835515,9.011751133697718
5.1074011819289655,9.024584624700273
5.134637425498759,9.03719822267138
5.1619784106554985,9.04958943841419
5.189467912082992,9.061661665284223
5.217107741716635,9.073386654765235
5.244903523101499,9.084744869915905
5.267267190277848,9.093520630799674
5.2954069557342605,9.104031874861338
5.32375911504852,9.113953603738983
5.352320835916094,9.123258527461884
5.381053593213048,9.131995936602884
