0.021090703502591374
0.04211317196337776
4.193390622101165
4.212353528459901
4.223885186510386
4.233720603389215
4.2379257178055685
4.2389387653209125
4.238971141134758
4.23902344851978
4.239043586103081
4.239064195714434
4.239093342774159
4.2391049919117005
4.239116571445545
4.239138946394689
4.239145027588021
4.239157177979658
4.23915911009154
4.239165712964295
4.2391682382714935
4.239171558596133
4.239172478793918
4.239174409436696
4.239176209653905
4.239178085443667
4.239180074832779
4.239182549212113
4.245179530841808
4.261178077627369
4.2859952176558975
4.313979708389192
4.343891680993611
4.3678988828296905
4.397930298145993
4.427943558871629
4.457950949226567
4.487896035886041
4.517205447738108
4.547100844544261
4.571110136976332
4.60077063372776
4.6304725191516365
4.660425586492556
4.687483547338767
4.713813421564724
4.742727722213613
4.766404204042772
4.796327682780934
4.826296849597058
4.856317705412796
4.8863023081176316
4.916353298377697
4.946328657459095
4.9703114719448065
5.0003266578889685
5.0304145626059595
5.060491584401562
5.090506004745379
5.1205664161213456
5.150638425247872
5.180589184804568
5.2105307951096576
5.240523041958907
5.264534528583313
5.294596243965418
5.324743552584526
5.354894894206481
5.384794056849297
5.414778074250231
5.444573672178403
5.473917216715524
5.503151722105524
5.532034104740287
5.555040389645041
5.584373200970532
5.614394501594811
5.6442743620868185
5.674399099683963
5.7025591276225205
5.724983513154621
5.744099728411353
5.759592339105631
5.779301967902655
5.8017932000909935
5.82789322432279
5.857957829586428
5.885781793329665
5.913696785422855
5.943777716373697
5.973857770833099
5.997932793929837
6.027949044872309
6.057909998390486
6.087925654296673
6.117988787332863
6.148049749419073
6.178145023634982
6.208334687821622
6.23248416902719
6.2619139396021275
6.289219063039072
6.319136019458285
6.349117582576414
6.378663096015939
6.406648310966924
6.429262079036435
6.459336130588223
6.489324462013347
6.518339673125885
6.547993974647489
6.578160812764913
6.608305166903084
6.638336184597555
6.668326615681332
6.698388723764553
6.728471877058138
6.758561886667219
6.788607773320939
6.818633642653912
6.848650208892006
6.872692798477544
6.902750116345452
6.93225040134338
6.959505239800473
6.986490042639053
7.012844967220695
7.039093847452111
7.060379750512167
7.084142807910378
7.106732254954204
7.132297778944002
7.15827420057393
7.18680207253113
7.216713750489682
7.246639507272388
7.276539518754577
7.300448971978298
7.328986820895645
7.356582147914721
7.384315239089453
7.410276065738775
7.432435402649307
7.4517139816409035
7.4715483813438075
7.492737380171648
7.516344188395152
7.5402295472192815
7.561603864492506
7.590046757569421
7.620043323846201
7.649810911799987
7.678384836875877
7.70697032983187
7.736951736558697
7.760995335877581
7.790426908424017
7.820300101823726
7.850421792042751
7.880571213811164
7.910783152858594
7.94090767550046
7.97090884660775
7.994813098246167
8.024467739797213
8.051995886020263
8.07683049115557
8.103009774007031
8.127550652533893
8.151368597150817
8.175569374887653
8.195067234846153
8.223234606370223
8.253138169867935
8.283138411625524
8.313261932097484
8.342781347606083
8.372024834286698
8.401136662622594
8.430106355862073
8.45082607974466
8.47502000555234
8.502204115019724
8.530513591563937
8.557246000951721
8.58199915740282
8.605276827108986
8.627579658520027
8.646343318207185
8.673967325588679
8.70007852551137
8.727020484304562
8.75697904551927
8.78645502348561
8.814555628032362
8.842845098606048
8.871263174510275
8.89408577574806
8.921299369559792
8.95001659707337
8.978622271290781
9.007100929394191
9.034314266064271
9.05287309616072
9.073512523744052
9.091374890310494
9.110045158580592
9.129950127774588
9.151799947111689
9.169378264556697
9.191471021905294
9.213690254566865
9.238111867565387
9.26622531449185
9.295709919677334
9.325175598099063
9.354499096294882
9.38386188886209
9.41337259442418
9.43483172154837
9.46082733197814
9.48746342137829
9.513642196085886
9.543230907235023
9.57321390621766
9.603026298027274
9.632814198516042
9.6625758520336
9.686585494702967
9.716663546722213
9.746619940559322
9.776559707218526
9.80650373008409
9.830529550774086
9.860574750335745
9.889371685236108
9.91444928651061
9.941162730048761
9.963999004087364
9.992079576980165
10.02062208264935
10.050714642910318
10.080681168717515
10.110538334721962
10.134469875340386
10.164273856371722
10.19415883796315
10.224177321938463
10.254318638198537
10.284544552466253
10.314685281141083
10.344763793691666
10.37492350671843
10.404991314443295
10.435083992512329
10.46515368867649
10.489115196548928
10.51893998016168
10.548612614441428
10.578232178380746
10.607999490832468
10.637738314692639
10.667479533525235
10.697369802688371
10.727394382012308
10.756654904721064
10.785464150279411
10.815304548015257
10.845196816917388
10.875138560695806
10.898553390486525
10.927761866067263
10.957737904173282
10.987681790103405
11.017611290129297
11.041497201769534
11.076273666409366
11.097148261549899
11.125292729085626
11.153564240089535
11.18049459821684
11.206837195529177
11.23253035110659
11.25609035898604
11.281705486449502
11.309019902737491
11.332917745580845
11.361715527371965
11.389592207096213
11.413557299231854
11.436522253871235
11.459603645573976
11.484080340563471
11.50588724151505
11.535150128717348
11.564417887743678
11.594249954866871
11.624238833077328
11.652661195809552
11.681415576025406
11.7078928583769
11.733596973217102
11.758545976402905
11.780085032630604
11.794862839957752
11.818938405551167
11.8483498858506
11.8781605624185
11.907815353834199
11.937668635120879
11.96775845203068
11.997841400772513
12.027927094906696
12.05802289880938
12.082090530362308
12.112077451240594
