-8.486060791692816,3.4733476706370987
-8.50990446012584,3.475407251333025
-8.538647612628605,3.477535651090634
-8.55860311863457,3.4793615566934752
-8.567380643240384,3.4803149325250504
-8.570202297424824,3.4806574045195102
-8.570199515758677,3.48065913157993
-8.571339467099868,3.4808063018905266
-8.577816653861696,3.481582522994813
-8.588982698664516,3.4826110531095362
-8.606399922239644,3.4834715107600553
-8.626498245752552,3.48240707748233
-8.651762959434974,3.4775310246864453
-8.679352550764605,3.4672625826222663
-8.704377053515621,3.4521701039478376
-8.725995852345493,3.432740701574357
-8.743786227919706,3.409293189490814
-8.757613761847823,3.382975611642145
-8.768813334027227,3.3552795631522003
-8.779143936717666,3.3271389948611705
-8.789122675464132,3.2988516868528897
-8.799504835762743,3.2706873400582945
-8.807663696094227,3.248142743272455
-8.817166870909285,3.219759612382203
-8.824978128825354,3.1921763373446295
-8.831219440653129,3.163431579566182
-8.83518977457664,3.1342076851479495
-8.83607433418041,3.1044699786158096
-8.834826998709437,3.0747608873863106
-8.833260812548206,3.044868758563303
-8.833089061577702,3.0150395470313076
-8.83525963572478,2.9872061488815027
-8.83868804368683,2.962008450298665
-8.842080927238385,2.9398770717327913
-8.846100466841069,2.9128601007809665
-8.849260905928832,2.887235196662057
-8.85199202241551,2.8592236880949646
-8.85371795580471,2.829491154979386
-8.854302737813086,2.8006518253446746
-8.853776080712324,2.771711807271324
-8.8524103307567,2.741952873855385
-8.85144612320744,2.7120420759628363
-8.850108125488928,2.682172884986637
-8.84879746755981,2.658274244340357
-8.84696839960079,2.6283663084157114
-8.84479962668436,2.5985556078143546
-8.841638098081516,2.5687933078899596
-8.837640898545676,2.5390847061954007
-8.834066905090209,2.5110392091573783
-8.831367403122904,2.485096009549669
-8.828337537828574,2.459099346684582
-8.825487990101456,2.43599371554199
-8.821854557012415,2.415000423751341
-8.817684467962538,2.396681771359954
-8.812673212095964,2.3744997124170424
-8.806768402906846,2.345455167538125
-8.801249632361854,2.3161483896682533
-8.794855312052034,2.2869536448198633
-8.787479393775259,2.257950181860358
-8.778892144044521,2.229299657158029
-8.77107950716464,2.2066874860476897
-8.75987133939913,2.1789883216108845
-8.747136648181575,2.15193303662208
-8.733221844825907,2.125409895430285
-8.719313922090475,2.0987697730917287
-8.706630597755865,2.0714814901633454
-8.69495908260569,2.043781265384449
-8.684737117901754,2.0154209388783935
-8.677783167487528,1.9860055730622228
-8.67463908876344,1.955933740419232
-8.67555985300377,1.931728236823785
-8.680142599740789,1.9019080768797638
-8.686546981296955,1.8725485587534498
-8.692711599313785,1.843273089828719
-8.696600733522112,1.8137546894947185
-8.696178010508394,1.7841294725943397
-8.690261531047412,1.7551260361402787
-8.679182121635415,1.7276086846688499
-8.664613870664125,1.701593243128871
-8.648362531248532,1.6764967862793536
-8.634381533047213,1.657076884854905
-8.616435724349607,1.633015666259941
-8.598526366687173,1.609008591187768
-8.580167930212667,1.585250209494964
-8.562266430829323,1.5611783232022396
-8.5441658382434,1.5372258056863408
-8.530054665021908,1.5178005108249226
-8.51203440255662,1.4938734655725718
-8.49402142320911,1.4698269263539168
-8.476193237009007,1.4457313148756112
-8.458460214353712,1.4214504885728145
-8.441436089346743,1.3967533423981806
-8.42761992559483,1.3771189852348373
-8.410982755603209,1.3520778498800685
-8.394594429172127,1.3269798984706915
-8.378282428867923,1.3017471301724013
-8.362131312119711,1.2765230408434398
-8.345519570638471,1.2515120431081346
-8.32938349634362,1.2262223454017451
-8.312740504182203,1.2012983276776346
-8.299581344058373,1.1811788049659264
-8.283226142551921,1.156097098993342
-8.265400677571234,1.1322136934685854
-8.247085942943755,1.1128898476845859
-8.225050085341907,1.095889421939999
-8.19958264690044,1.08210596782171
-8.172088710105406,1.0719826197171316
-8.143180634366793,1.06620680168612
-8.115225775256462,1.0634182593843695
-8.087746463910099,1.0631866164787551
-8.0657350501456,1.0644727579977622
-8.038501173131186,1.0680969729306793
-8.011536891346177,1.073883983215385
-7.986472430421355,1.0806077487462205
-7.96178493865047,1.0882608254911494
-7.937308974774382,1.0963309613216854
-7.913268860524893,1.1056961207856846
-7.889513564567061,1.115698641377819
-7.866296424784088,1.1269495759696788
-7.8432118584817,1.1385357694398417
-7.82075091086119,1.1511388774656743
-7.79858027384315,1.1644322547827712
-7.776817234701728,1.1782442950359173
-7.7593373541604675,1.1899976039282052
-7.734820686488426,1.2065632358753755
-7.710138267141427,1.223663754149468
-7.684890194346638,1.2399630513688569
-7.6595249619805,1.2560275085986028
-7.633377074612496,1.2709791138719095
-7.606640742209328,1.2846429365528707
-7.585492748930483,1.2958299921195158
-7.560009175843815,1.311388199043274
-7.535215470380719,1.3282267045911715
-7.512088569549581,1.344161437107949
-7.488861768867788,1.3609513788799905
-7.467265488706455,1.3766916724015164
-7.44464159030684,1.3922468176941032
-7.419435011705657,1.4084980205353983
-7.394745057256925,1.4249348278525613
-7.370359715029191,1.4414283265926051
-7.345455078740521,1.4581064932215302
-7.321301135139502,1.475239301194299
-7.300001706039211,1.4919881892597564
-7.2791719020075165,1.5099188029189536
-7.256569699147208,1.5291598613683557
-7.237959356444027,1.5439876368802135
-7.216940515458647,1.5600616581002975
-7.193834522186995,1.576943498909431
-7.16925393120782,1.5941598504490908
-7.145082853975181,1.6114567656154761
-7.122471396558184,1.628268483855328
-7.098833213222694,1.6461989625229965
-7.075564142165018,1.664651326832395
-7.055698194765292,1.6807261194861005
-7.033998128206397,1.698495570840881
-7.011310486784175,1.7173452045035122
-6.98880108156494,1.7371031434600155
-6.966821179227499,1.7574617224677862
-6.944987762425087,1.778027321541486
-6.927616512965444,1.7945803669727178
-6.905692027207582,1.8151019680813225
-6.88370846010913,1.83547332095279
-6.862094106119492,1.8562380408535806
-6.840724210357377,1.877290941371166
-6.819148693122636,1.8981465696278212
-6.797967323721077,1.9191070710096707
-6.7770484362053,1.9404187910613038
-6.756276352166512,1.962123894206433
-6.736155383144931,1.9838372835873552
-6.7169691966115606,2.0059234428402064
-6.699286098918491,2.028191767023032
-6.682267593008432,2.052488103552532
-6.6665731911339,2.0777845424949226
-6.6523109476917215,2.103929832630406
-6.639513082122224,2.130949471271914
-6.62996105591807,2.1529257543079963
-6.618759931303365,2.1806897036491817
-6.608458756128322,2.2087836859221164
-6.59953612680092,2.2369476695435346
-6.591846946298756,2.2656391429442397
-6.585809225895709,2.294837061534466
-6.583560468729809,2.318482098689868
-6.585433003773429,2.347622548325176
-6.59205521438147,2.3731445787648804
-6.601426417741269,2.393133833071561
-6.613156948314809,2.409116387350133
-6.631253659899288,2.4259200078090477
-6.650801908944143,2.4382341972545265
-6.671587195105002,2.4463186736667617
-6.698932029891824,2.4513733172862078
-6.71866200148783,2.4516704116949937
-6.739910483703716,2.448503673715054
-6.761090489722379,2.441742304191387
-6.7809262565975725,2.4313009325580297
-6.799596411437458,2.416451629245269
-6.814420349551951,2.399154780007015
-6.826832215990461,2.3791479209699697
-6.8375527517484995,2.35802429882056
-6.8479795201524825,2.3366074491325404
-6.8595836337631635,2.3156644705556313
-6.8735700746144435,2.296375534815789
-6.89123872755717,2.2793717401786813
-6.912239407002422,2.264394545010647
-6.934291416589451,2.251243206538699
-6.956395062968555,2.2384378165650833
-6.973549808975035,2.2273943512642833
-6.99479070572238,2.2104584047207925
-7.014965147960769,2.188714238262822
-7.031131681034738,2.163873830047881
-7.042952723115007,2.136652313722104
-7.050540532459779,2.107923820814253
-7.055093364949733,2.0784072417723682
-7.058615170518819,2.0486125129051134
-7.063162514011941,2.0188311659803797
-7.070781080358321,1.989567289798968
-7.082969817015682,1.9618566246094238
-7.098831772289477,1.936167702708297
-7.1164795510469245,1.9118182322630546
-7.130708041552096,1.8925350275898922
-7.14720133716215,1.8676803908102424
-7.160537682584448,1.8411674244948042
-7.168938462175558,1.8127857641961744
-7.17198463060396,1.7832955692378891
-7.1710133047518,1.7535105404590587
-7.168071364001163,1.7237125150435477
-7.1652190287835795,1.6937752669465838
-7.164546879073602,1.66359180363229
-7.167965255154551,1.6344746295850945
-7.175388157020778,1.6102885580510744
-7.185763264617396,1.5904865242355015
-7.198508811498881,1.5722605955478177
-7.2122162592769214,1.5549006801862038
-7.225646906502083,1.537493547568418
-7.235363914626164,1.522951321537458
-7.245704635861831,1.5021133574035306
-7.25394186353353,1.4744433079931019
