0.02715164171196519
0.05696939890671371
0.08064258299891945
0.10273053944123967
0.11319783984325917
0.11891548285823948
6.725050963070963
6.725091319195639
6.725136233936107
6.725167347498732
6.725171726726462
6.725191909858955
6.72522853662007
6.725257355121869
6.72526508285999
6.725293847938055
6.725298592994894
6.7253165800006665
6.725326322980158
6.725336128982393
6.725340133374697
6.725346123557185
6.725346863705607
6.725350128249455
6.725350353268656
6.725351795704618
6.725352061218133
6.725352853317814
6.727750378115125
6.739746826045196
6.761619255861657
6.790093620697999
6.819963500944586
6.849971307000022
6.880066470153718
6.910170813529807
6.940282307537511
6.970338172518132
7.000362103395473
7.030394995206202
7.060462691967572
7.090560159719821
7.120633992634296
7.150693675813705
7.174719388057678
7.210788607065406
7.240827040457327
7.270819933423349
7.3007676450085555
7.324781001294485
7.354745760607436
7.384651139304517
7.41462598543873
7.444637593087311
7.474764065314721
7.504877174073831
7.534783544824769
7.564601737211798
7.593609695390347
7.6228838363176195
7.652370716907419
7.681995080959884
7.711705037837964
7.741752453858343
7.771895805724922
7.8021326965378535
7.8322883089435
7.862319636416051
7.8922198996555295
7.921449871517887
7.950847682141622
7.980700287955249
8.008563976618278
8.037105161615981
8.066686658006935
8.096617859544523
8.126571556244354
8.156617192889524
8.180703766687218
8.216820292105862
8.240917873903015
8.270957283153434
8.300964804290807
8.330956421694076
8.36100530716137
8.390591935189477
8.420678252021391
8.448001704572924
8.473517065382048
8.495766975031199
8.517047398462529
8.536708339047768
8.556334079760413
8.577743156044031
8.603747035261453
8.63176723646898
8.661806231360378
8.689799038485761
8.712917994171395
8.73495272966454
8.762458190448163
8.79217618835202
8.822207328828561
8.852256451073407
8.88156591313248
8.909074477729769
8.935753511552207
8.963278428108353
8.988546513345606
9.006814297300204
9.021156816172116
9.035239984380919
9.051127050076635
9.066935491250623
9.08310626455156
9.104033244650669
9.137246523681643
9.160434891824051
9.190437345862245
9.217634500520765
9.241062884645586
9.268001448425096
9.296851249312954
9.324530266208308
9.353837356520057
9.382010911890175
9.406930398483416
9.432769303841363
9.455220827447674
9.473712856488074
9.492682756770773
9.516368236570266
9.537548085236958
9.559290347205808
9.58091022436458
9.605421611244346
9.628033090998523
9.650523828198743
9.672496435929803
9.69544307979171
9.721434020669143
9.750836265452655
9.780432176583075
9.809660629973408
9.839323101800757
9.867199158349917
9.897058571096043
9.92704003029355
9.956364643768604
9.985042553090686
10.012057347283076
10.034825812565728
10.062631784993787
10.094554314504583
10.117229272174637
10.143102632814465
10.170084862355322
10.197684933158753
10.227400997778796
10.257253811467589
10.28567842845454
10.30865273275073
10.328180201660162
10.348370576050437
10.369023549182007
10.390628897017017
10.412185333498112
10.436264811712562
10.462600910302324
10.491764100898854
10.519963466041366
10.548269425670584
10.57784321435609
10.607497522851771
10.633549885370593
10.659521437117911
10.687579431541561
10.717409189747846
10.747417301314226
10.777445767336548
10.805562956307195
10.833299025313892
10.857979965308505
10.879307185255058
10.908045227002733
10.943709715903907
10.973154269852168
10.995809996423707
11.022817513356703
11.052448229757234
11.082223246254477
11.112012399123802
11.139325824366495
11.162061178060013
11.184613782363849
11.207780134593342
11.235270273889826
11.262901135969058
11.291298616853929
11.320593427619881
11.350645206664911
11.380185505412987
11.407577514227672
11.436399529902413
11.466364214670618
11.496350667108032
11.526165006847966
11.555763665941278
11.585180952778039
11.615002272942837
11.644913049352613
11.674924836504468
11.704922341040916
11.73490398330448
11.76484676903717
11.794735577016302
11.818343571868787
11.853610471123922
11.882826961582316
11.91287381133184
11.934470262847519
11.964297470264238
11.991269528268282
12.011416871032056
12.04034386294612
12.069451615645633
12.098221658609708
12.125473045893013
12.155182980547862
12.185212638816182
12.213023859540497
12.242094676586143
12.271142847556494
12.301136148145993
12.330142791531506
12.355392028186897
12.382747336988542
12.410516416738638
12.435474201357556
12.458700284174926
12.482647777762743
12.511127873582826
12.540954408596223
12.569761801207909
12.599467124115447
12.629391097052801
12.657012123513123
12.685923561976423
12.715895477091523
12.74565283119977
12.769659763715936
12.79970293248115
12.829686526169647
12.859627174338993
12.889601952503408
12.919558555007352
12.955589489678923
12.97966505968181
13.009820518573132
13.039747178627154
13.067788995767584
13.093364027495733
13.11870550078863
13.146337090280573
13.173182050726842
13.202112488422996
13.22985200722698
13.25714647734407
13.28352473249476
13.307605071766101
13.331640843326669
13.357262321364596
13.386745767729069
13.414338267765396
13.437983942399205
13.456557217280842
13.474403907872244
13.492155473902445
13.516037113873452
13.536709917715957
13.563449916034772
13.59343497166941
13.61744332842478
13.64741446926335
13.677325860455687
13.705974724681157
13.733421186881701
13.760228208882147
13.784690336201672
13.80747837242839
13.83087747120378
13.85189740113434
13.868840614304496
13.886429694076321
13.90594082032992
13.927152647462336
13.947838713258673
13.973484519630608
14.002764836854153
14.029545629440477
14.057962531826968
14.084455896848974
14.108894064481103
14.134941363638205
14.162565266433264
14.188775459745923
14.213783444177592
14.237029208533905
14.26224617550253
14.287553272568934
14.311683170694266
14.334987534273559
14.353548352309764
14.365947773284429
14.38338297952424
14.403058371745209
14.424903858820242
14.451394620864818
14.481050749767448
14.505001844018178
14.53498405874829
14.561019272182456
14.579727813688363
14.600481459902673
14.62712083220061
14.656034402691663
14.68478253312367
14.71474476462657
14.74483788316086
14.774368868179224
14.800448028893701
14.8286277224906
14.85317444131221
14.877615181890295
14.903619961753405
14.931697816906011
14.960264723023293
14.986612927801263
15.010059831631517
15.0317233862813
15.057292731247944
15.077811098749795
15.09532962345868
15.111499652149167
15.127179500891287
15.137511085314804
15.146593136985885
15.156374851835597
15.170689699302235
15.189544221797162
15.206601644188257
15.229110888609048
15.252953076180352
15.27439809947905
15.291297494049171
15.30512533898776
15.318933722195151
15.337125843068549
15.355796180786813
15.376824544031365
15.403836966474026
15.431049174787338
15.45557285180989
15.480418119649899
15.49732335187845
15.508908969997021
15.521037477737272
15.539623167385216
15.56645654881352
15.595602294379823
15.625394485307048
15.655278038161354
15.685027132906807
15.714745485994966
15.744613995601808
15.773356014524252
15.800889994455831
15.830993787048289
15.859710156861773
15.887144292341711
15.911708983943889
15.936284394603335
15.955920799852889
15.980432726437392
16.005962958086858
16.031990889244508
16.058001959816064
16.084056007607945
16.11006640102293
16.13604875398069
16.162106840843087
16.188295715929883
16.216872214943866
16.246151974255586
16.274724132171862
16.30284384209638
16.331072205969217
16.360029659985916
16.38887924257163
16.41837553798151
16.44801718453306
16.47776914667131
16.506801568296243
16.53511443614356
16.560210355314663
16.584838566815314
16.61390465904795
16.64168668077042
16.6686100604014
16.697376515528656
16.726927521798018
16.75681944480433
16.785395258753905
16.813935092593876
16.84281403222156
16.871485971883047
16.901450459260772
16.925367204543456
16.955247384955708
16.985051749096762
17.0149588191279
17.044878562052194
17.07490783664998
17.104963018372153
17.134950526631275
17.164936565544007
17.194886031030585
17.22382570213855
17.253556594857436
17.28165789800445
17.306928659740326
17.331050641392007
17.352416098678425
17.3691554429103
17.382807195250702
17.39990217379572
17.41564966962925
17.432557840285888
17.446529906196968
17.46159761077666
17.478218236040952
17.501062016195768
17.525865506295126
17.54469587450771
17.568381965560178
17.593562457266106
17.619404427965332
17.64373131989547
