0.02779117663815909
0.049404464174601086
0.06483581279420281
0.07087603769597492
0.07176438694427058
0.07176625813262189
0.07176720321509376
0.07176798012339582
0.07176870506234478
0.07176892405581917
0.07216824400030804
0.07842121918876234
0.09301890778739486
0.11322281271413565
0.12991351131609158
0.1447435790009567
0.15824947888616328
0.17027190928674268
0.17477974950734165
0.1749748935668197
0.17659415928488126
0.17732832274367533
0.1804568067682583
0.18054050740669192
0.18733022717065462
0.19899455821146264
0.21292029634098533
0.22921519942098145
0.24294699969572178
0.2584228355423238
0.2752417631944307
0.29133186963057817
0.3131596723187083
0.33093361709111385
0.3477989551583731
0.3677159394537624
0.39076402736399657
0.41270052754513115
0.4311420096513796
0.45999904278881454
0.4866868487086878
0.5088244222386517
0.5276550066935632
0.5458856308674584
0.5630458197391796
0.5847341383455243
0.6060593792702091
0.6311165976075765
0.6558442820376551
0.6811213508323329
0.7073503432512919
0.7279976649103626
0.7539631220460331
0.7851278056974417
0.8063263383814827
0.8307073914197771
0.8581200248208114
0.8874606074834734
0.9170679102123216
0.9469099757367878
0.9768192925377058
1.006766393342335
1.0368097145559627
1.066863674332301
1.096949607738208
1.1269981853729532
1.1568297031884553
1.1927131663730401
1.2215730337795339
1.2489950950281
1.2724882277591851
1.3083058536301637
1.3381739666274157
1.367254390603863
1.394678012347681
1.416582273696813
1.4424055889008942
1.4667851230304145
1.4948466616267542
1.520590565825614
1.5447807541511125
1.56866073709488
1.597412611030646
1.6273032371730924
1.656108569593854
1.6787136239791036
1.7082306509788254
1.7252977930693745
1.74291250344451
1.7624084850343886
1.7821379448086667
1.8017058218709665
1.8201151874160506
1.8380982926713179
1.8501140421777211
1.8650819584323592
1.8830876934490248
1.8981284056903431
1.9131296236793223
1.9281564611204338
1.9432437898811874
1.958290428706205
1.9703679066987434
1.9854615847351849
2.000700495734395
2.0172332612374566
2.0337611699964495
2.0518709763314704
2.0693476662934116
2.093188206349192
2.118924243470125
2.147027285993734
2.1752479559245823
2.2031065899871405
2.2287569065140276
2.254294477473344
2.2847762992644634
2.309917073840827
2.3347483783590732
2.3599624631583787
2.3893106824327597
2.4247875283895217
2.454266516947315
2.4836864150403057
2.513008911634642
2.5427034676337636
2.566670004352726
2.594048284131803
2.6196569676417063
2.650363145653755
2.6773066911506214
2.6992642329580785
2.7221125982140433
2.748247596905835
2.765580554259592
2.7877261121999704
2.814686332674783
2.8399362862556043
2.8634013706987034
2.881668622920491
2.8996590111944136
2.9156630902934335
2.930907281865747
2.9436380725145805
2.95721658254671
2.976517333077344
2.992850037917352
3.0128042214241093
3.032873595009634
3.0518275627966207
3.070577104198946
3.0866409416767366
3.104738376528326
3.1199769353593703
3.1386124578863788
3.1588588277043748
3.184139550169112
3.208380615230697
3.233863886608657
3.2593743714321515
3.2862696738555575
3.3211125034990094
3.3502510494369155
3.3740957170703734
3.407957698706241
3.4356062165726073
3.464590296373467
3.492542381247567
3.5163497837328683
3.5405785740717284
3.5686509972553186
3.6034549925989467
3.6253347417319475
3.656727155652082
3.6771105690245305
3.696277457676462
3.71324339704053
3.7397729304785403
3.7565796360691825
3.7714296757386374
3.7936116773112927
3.82213902295807
3.857751062778466
3.885889187932368
3.914601760573527
3.950618743629852
3.9805923524367977
4.008447621573768
4.036951387440498
4.066581420898539
4.090368091037795
4.119121673779381
4.142146038269916
4.1736029849251866
4.1947335023525625
4.222966531760908
4.257396819444063
4.281254438521324
4.30396206877521
4.330913902379525
4.3547737257982275
4.376204981898371
4.400699106756775
4.429033713629259
4.457542740180421
4.486291311720039
4.515915126854147
4.5455515643151125
4.572166415849183
4.601089986552627
4.635848919071495
4.660722340223204
4.67857195396425
4.700118561650016
4.718774588907857
4.74391849765193
4.770620795183032
4.805342185023346
4.833917261719417
4.862209882192475
4.888732846142219
4.913989733153571
4.9478461673152365
4.976270149247719
4.9989728701151215
5.013115080747257
5.025833479602871
5.038844438186334
5.050208382036044
5.064425664659765
5.081083577842445
5.0938271576881995
5.109157471659707
5.131314001078113
5.15673603051722
5.182991275009693
5.2175070391774465
5.240114961867179
5.265946840066197
5.289723986329303
5.318779995703968
5.342812170188515
5.379105871146252
5.409210150345815
5.437346458395643
5.466860791580548
5.493416465791306
5.520724221360805
5.549271180661446
5.5791438645842195
5.609188336642929
5.636847709498016
5.657825073761071
5.693053295588366
5.722981486896863
5.752914751442059
5.782318021310686
5.809694064841276
5.835829748914963
5.86369343359048
5.889610915849956
5.914161115454599
5.931651219400062
5.942843072774197
5.963963473065177
5.988444302343473
6.013830126609365
6.036261358516006
6.060263312284572
6.085240113060754
6.112477763667109
6.140845370204498
6.170108295237466
6.200084217131946
6.228941000346707
6.254594042650224
6.2795296769709354
6.305325735163963
6.3330027377883376
6.3625961636928565
6.398572208709038
6.4237905757915295
6.44996917316601
6.479717608643228
6.509652123501036
6.539627513832044
6.569622538035112
6.599635423019397
6.629657195574422
6.6596972136038035
6.695797547426052
6.719888670408379
6.750046195709507
6.7791236253548695
6.80660696273702
6.83654611967103
6.8605567633868345
6.896488620684291
6.9262616665801735
6.953446249631772
6.978423967987029
6.998220048586511
7.020705260745021
7.049727143888045
7.07862347377679
7.11422975249204
7.144190693571122
7.173160438275366
7.199710513378334
7.230706242082564
7.260047183898197
7.2839612369178495
7.319826733943522
7.347540394356162
7.36899221828604
7.396571187494964
7.4161931656752635
7.432084760878868
7.443681668962461
7.452882586613137
7.46985852807896
7.494818344711769
7.523140636511295
7.558988042972674
7.588899284134458
7.6189429161046585
7.649107407376144
7.679293080773989
7.70936523642255
7.745289505760085
7.768359217139193
7.8000799754120695
7.825733615703885
7.851520602246346
7.877923142024919
7.9052202899865565
7.932751406486232
7.960952135668322
7.996966696075163
8.026964324950244
8.050939182678162
8.086254080780803
8.11375946111845
8.142722987856308
8.170288291687385
8.198152200072903
8.227911274725596
8.25787492664338
8.287897941565198
8.31788482337418
8.347875813802606
8.376027632079628
8.403090730885243
8.431445539846774
8.465949783305437
8.49589807822016
8.525720551496933
8.549594339409037
8.579472059263233
8.608960563432182
8.632373386753095
8.65245691056426
8.677847284240388
8.706681449359222
8.736107609331638
8.77153592074854
8.80121847380947
8.830889136574342
8.859035922774261
8.886970673323502
8.916312469216814
8.94645100001115
8.982395391648895
9.00579551839884
9.031362308265177
9.05505843968852
9.078888319044205
9.102843111132179
9.128937653722923
9.155744706741817
9.182425027412336
9.208966788494035
9.242467602984904
9.271943106568042
9.301941139661103
9.32968890866593
9.356308411039508
9.382894281507554
9.410927625802913
9.438560487204407
9.46052260648012
9.482038748158478
9.504144616730606
9.528056895074986
9.550404520256121
9.570803077439253
9.589614810065331
9.606515598351304
9.624146656294423
9.637932470818404
9.651790812944098
9.666167006896094
9.679518759779967
9.691667501019946
9.699729058269316
9.707131070100452
9.714082304979293
9.72073954030902
9.731933063124549
9.742947540011706
9.755160423416395
9.7766347434118
9.802278580625302
9.831543162416567
9.861408026519394
9.891140217274124
9.920893370757133
9.950790683250217
9.98080818669245
10.010831208794066
10.04664709757522
10.075312195794439
10.099158130989936
10.129012684171338
10.158772248659597
10.194318597316338
10.22395951890368
10.253683399898616
10.280604234011824
10.304554429368114
10.321242314397782
10.342906583607451
10.366823718659704
10.390888612690144
10.415087354151652
10.444291336779775
10.468626431231721
10.492134708088246
10.515610275683336
10.531827401831258
10.550684133571593
10.568474392595204
10.583781872839358
10.598206271413032
10.62160031660084
10.641970274026438
10.671728089490614
10.700704443194205
10.72665072652431
10.752530195265912
10.7834230487997
10.809016309756606
10.834462068417045
10.866633017935026
10.896115800732826
10.925644875730596
10.95531344292055
10.985113496684203
11.014630006112368
11.038302736714762
11.063600957116575
11.092305670065322
11.11993115685086
11.141440432013344
11.163904242287273
11.181745776009462
11.200311529229875
11.22241401839325
11.239851872671817
11.257502297784177
11.276325736812534
11.296175068597455
11.30942193817288
11.328224528734742
11.346403750369653
11.364107452079299
11.384688454491535
11.40395905016306
11.419138993017022
11.435267815888107
11.456156649821954
11.477129464287717
11.497542368159532
11.512458623541878
11.523913284054567
11.537829415788412
11.550674341429664
11.566423857668815
11.586399786541495
