-8.49545236514737,3.3546469605523512
-8.515650764365278,3.370069923381962
-8.529163190526758,3.3803547655412767
-8.543862125661068,3.3915825906768506
-8.555072459654255,3.4001662624906785
-8.55834360507516,3.4026769808049555
-8.558340909606102,3.402674920093439
-8.55834109401893,3.4026745548624016
-8.558342112023015,3.402675871329027
-8.559343029272057,3.403445931496901
-8.566780697966855,3.409190068105339
-8.580796486593885,3.420329214735259
-8.601696599402818,3.437548014771296
-8.619794383035146,3.452990507995155
-8.641765514497596,3.4708674319976818
-8.662209768822787,3.4860062741437527
-8.682522887117248,3.500764311850494
-8.701822403931448,3.5145306625199333
-8.722898217728527,3.5279927018538464
-8.748838364644197,3.54232502583785
-8.77513506290863,3.5554762982628825
-8.802167036996066,3.5683884919734172
-8.824028135069682,3.57808887180809
-8.852058202052685,3.5883012023442418
-8.880796899306647,3.596638727083655
-8.909737235335713,3.6045586000860337
-8.9386677511578,3.612237239429512
-8.96791612390543,3.617891779088741
-8.990403926522081,3.619563148204475
-9.014103058850035,3.6177107041049887
-9.038201908108809,3.6113467326190007
-9.060420428175672,3.601335610427026
-9.08276598360966,3.5861039890144535
-9.102380496834094,3.56633769690025
-9.118153626077545,3.5430777193558844
-9.130724503886135,3.517403656420901
-9.141120200553164,3.4916146401987143
-9.148047716676151,3.472967048145226
-9.156458928249691,3.4486196983782595
-9.163426705867035,3.4267955902847076
-9.169742865107468,3.404726292274848
-9.175446815367184,3.3827011578892354
-9.181731925909775,3.3593034502179417
-9.186776976661704,3.341496342125071
-9.191684364792334,3.32315630531478
-9.19529053689494,3.3084110693072883
-9.199954363530283,3.287454206388098
-9.204034229087128,3.265809330224621
-9.206661291581662,3.2461723645609966
-9.209186203843,3.224449970159442
-9.212492305494122,3.200524255894057
-9.217163874922553,3.1759112274400616
-9.223313911685608,3.1506114240219834
-9.230471067977792,3.1223781823383656
-9.235809690823892,3.0990244422736226
-9.241888099213787,3.0696790321599488
-9.247484132794945,3.0402542405966346
-9.252395572994699,3.010679209242833
-9.256995771668098,2.981072925389353
-9.260977409187156,2.9518352148566303
-9.265069127993325,2.9222655732876506
-9.269164877455013,2.8925572998473252
-9.272143353949549,2.8686690798505574
-9.275182684012828,2.8388606560975713
-9.277826744831058,2.8089910283732946
-9.280166475204874,2.78010787957682
-9.282408238572714,2.750942666809054
-9.28410202693958,2.721191964466272
-9.284402715999535,2.6924098144708726
-9.282945838291646,2.662620347925636
-9.28131739994405,2.6386818917476975
-9.279034535628053,2.6093854842402795
-9.275718194708814,2.5801014684415056
-9.27252667387291,2.5532832509961905
-9.269757943025521,2.5253559542728086
-9.267853472750392,2.4981500390639635
-9.266792604354704,2.468104903398352
-9.266660814608558,2.4380619226208293
-9.267098575419292,2.408028272562206
-9.267742510227503,2.3857534281304207
-9.268472568974161,2.362020318978911
-9.269369404191828,2.3384784545791875
-9.270072793441507,2.3164458761150892
-9.27002477830208,2.2895936889458275
-9.2687012037365,2.2611361630756956
-9.265895367107152,2.2316856937063188
-9.262162782905463,2.20221416903894
-9.258805498398635,2.178461897875728
-9.254791808659714,2.1487483236508327
-9.251242251164843,2.119076085744508
-9.247318031700095,2.0894017845599215
-9.242382535597466,2.060886776681581
-9.237204019163404,2.031516490726078
-9.232342173799214,2.0022240883674
-9.228320943350544,1.9762441184617485
-9.225414861938503,1.952877658842972
-9.22367179643582,1.9330467451809759
-9.222273643853335,1.913036808807242
-9.22116302381183,1.8956117877806715
-9.219294619810666,1.869554777615262
-9.217023632629369,1.8421039837427384
-9.215165974047345,1.8149153203744888
-9.213779218949579,1.7927136257870941
-9.212175561982505,1.7731786379286236
-9.210471946003304,1.7553921810272413
-9.20806669875123,1.7298053781109193
-9.205650454755538,1.7001623061066233
-9.203355212854518,1.670253445141504
-9.200788523922402,1.6404067018757058
-9.197824465287633,1.6105774561148418
-9.19438301777502,1.5820140438272432
-9.190380797786169,1.5559190759892463
-9.186265256372561,1.5323394977353932
-9.182404856991536,1.5095205832266976
-9.178837721560775,1.4883638276348115
-9.173716245649796,1.4590531914989642
-9.16840874647881,1.429891794519007
-9.163522638717092,1.4031660681894644
-9.159158321636095,1.3762831660312551
-9.155650273775445,1.3482894050949197
-9.153953133677012,1.3254595340321602
-9.153370018677602,1.3038090631767796
-9.153375343305052,1.2845336149907138
-9.152566280441476,1.263838196729157
-9.149969041304818,1.241567933939091
-9.144612581271499,1.2169961708116266
-9.13638370707443,1.1894589460713338
-9.126891907196978,1.164675428478917
-9.117568263034784,1.145853673089569
-9.102798299924315,1.1238004144099707
-9.082301962473997,1.1025682268410448
-9.05859630972928,1.084577321758587
-9.033316106382507,1.06860600251418
-9.007660736181528,1.0529863285196754
-8.989776643868627,1.0411781848681463
-8.970777042441611,1.0268697593962497
-8.953180881353084,1.011029191967946
-8.935356969067755,0.9917198868851551
-8.91723559185087,0.9693623064149457
-8.898723499802756,0.9462870623641362
-8.879232455327147,0.9235799215229152
-8.859818497492165,0.9009341236452623
-8.84423054273564,0.8825393479588657
-8.824281543600494,0.8602434301693427
-8.803839968448079,0.8393083954619053
-8.783145857268888,0.8194938073732096
-8.765224892271773,0.8037502772539237
-8.741713447797645,0.7852333816932303
-8.71857379204769,0.7690681236562316
-8.696200313761373,0.7562345679030477
-8.674155650073388,0.747421215442706
-8.648215508342817,0.7418957681186624
-8.621650331581524,0.7409928008437927
-8.597633761706472,0.7435281774301947
-8.571879707247348,0.7498319941253654
-8.551605556929704,0.756421947552541
-8.525510732562054,0.7654228405688752
-8.498588552768945,0.7742938933836213
-8.470436782704763,0.7834729726007751
-8.442691029212298,0.7922018349132741
-8.413880080683763,0.8005597207508436
-8.385908709543367,0.8083963881965736
-8.366214494282625,0.8141715996641998
-8.337530694956168,0.8228683470600051
-8.308927066345326,0.830612700292363
-8.279943205149058,0.8378953527190228
-8.250881212881547,0.8451093332867425
-8.223199558719246,0.851351329256104
-8.199644827131737,0.8550756732111465
-8.182945283846465,0.8567887399668955
-8.162504738518674,0.858580915215694
-8.13718958485054,0.8607600188743407
-8.110941890731864,0.8633897723949093
-8.083172742186337,0.866200636708663
-8.056512241897114,0.8678712718356596
-8.031285160549608,0.8682670018443298
-8.004170063089063,0.8680942062322954
-7.983095426305443,0.8685278880987201
-7.9552487461705,0.8696026705356946
-7.926957857807222,0.8704399851773166
-7.8972539536814805,0.8705250765193068
-7.867443695281808,0.870348809846451
-7.837626222296162,0.8712286462354178
-7.80786086076469,0.8737383962153105
-7.778488558714122,0.8785819563808421
-7.750281633181639,0.8876403481813624
-7.724171428241188,0.9016826396075838
-7.704772150689311,0.9155252707608336
-7.681654363030402,0.9345108747831542
-7.65881883810552,0.9539730488458316
-7.6356000688932815,0.9730638027152817
-7.611695551946094,0.991296123855852
-7.587093175172836,1.0085878207214494
-7.561816122745741,1.024918557136386
-7.535766864671208,1.0399268162956605
-7.50952430409457,1.05448991117434
-7.4833787738068045,1.0691339646168698
-7.457452831685324,1.0842045723269553
-7.43205677375313,1.0987199335792233
-7.408405048493238,1.1116132687684426
-7.383661621633332,1.125461901438096
-7.358258882298072,1.1412620566559297
-7.333572700695238,1.1579253323790373
-7.314398832828535,1.1711478639624442
-7.291180002319218,1.1869351703821478
-7.267297413700902,1.2033377333499737
-7.246504514053712,1.2182752167521012
-7.2268358395172285,1.2339426016396358
-7.20660859811994,1.2529271807168472
-7.188324292685968,1.2728951352167692
-7.173562445218845,1.2925432144674451
-7.1594545430892875,1.3172018796181388
-7.148059194751417,1.3447061024254503
-7.140905528628897,1.367481919770362
-7.133910105017543,1.3965040919948757
-7.129032247964201,1.425953607136842
-7.126518969104312,1.4556870727619047
-7.126709818783476,1.4848747809089045
-7.129774033142577,1.5133346355418444
-7.134799263513135,1.542641871292943
-7.140353931277102,1.572110769705151
-7.145975006445673,1.6015806618622384
-7.150647957020937,1.6250820321420398
-7.157246378488102,1.6543112385838652
-7.163860360154997,1.6836055959689489
-7.1697974292231565,1.7130673371155243
-7.174633141071338,1.742759422827339
-7.178212766443226,1.7726182404143853
-7.1807136131980185,1.802558690335068
-7.1829608712069,1.832479074717614
-7.184917870814653,1.861324562858292
-7.186493418360599,1.8850013389665503
-7.188384014937132,1.9138304802507964
-7.19035333943989,1.9420573496338376
-7.192619193199167,1.9714105287503443
-7.193586138155063,1.9954025071148465
-7.193232194807149,2.0254126464509374
-7.191852851364798,2.053591610384074
-7.189032415352562,2.080546469323842
-7.184461490737934,2.1091015421120356
-7.178879433874161,2.1386025072166084
-7.172180618999048,2.1679031805479445
-7.165810069040046,2.191099819503033
-7.157066039249011,2.2198511618866967
-7.147503137821567,2.2483364422830916
-7.137412726145546,2.276615967186214
-7.127150715378092,2.3048045663032077
-7.116541635552641,2.332926736273902
-7.107169848253688,2.3550962604569374
-7.094874078059574,2.3824616548624657
-7.083193754420741,2.4100157464073444
-7.072800036225177,2.4380747385981567
-7.0651791170964655,2.4607729067488093
-7.056569391366725,2.489445887311089
-7.04865837911765,2.518348547813246
-7.040782241219193,2.547339641807399
-7.031949949920646,2.575842273676431
-7.0221392514992935,2.6042336547066283
-7.012121663935055,2.631934875854055
-7.0031583626013605,2.656428768424708
-6.994751707129312,2.6790879566777193
-6.985374920852969,2.7031584214026307
-6.9737986806159356,2.729549457301543
-6.963089871896779,2.751064687019294
-6.949256748594605,2.7761771997121256
-6.93807834357982,2.794657731793959
-6.929073741599387,2.8082383969833975
-6.919799113962558,2.821159372479448
-6.910096928700037,2.8343772124564706
-6.8950554282622685,2.8546893238042803
-6.87989660075474,2.8736846367999505
-6.863891648729423,2.8916551491622706
-6.845334937901424,2.9104094472182482
-6.826508361137815,2.927728208398985
-6.806619283907827,2.94535585848662
-6.788578264946944,2.961365282408869
-6.775056178621077,2.973529266043178
-6.75929900480118,2.9876394815660654
-6.746183508543691,2.9993816897655345
-6.7339179018016875,3.0107728263392404
-6.71829193222172,3.0263691066791667
-6.700077926243901,3.045025024226901
-6.6833648217123915,3.06211826795149
-6.662561582581069,3.083718485671507
-6.641535731893689,3.1051757809931466
-6.620599474343792,3.125499195741152
-6.5992861660406525,3.144432111501308
-6.578955611367734,3.161049394275531
-6.557058418544553,3.1778157894806767
-6.538542968884213,3.190756674470282
-6.515947093587922,3.2050088034849296
-6.489354949053454,3.21888597483524
-6.461131699719645,3.229672934187722
-6.4321247946722995,3.236937624569731
-6.40502833724972,3.2415813918264167
-6.378175925219229,3.2446983020301836
-6.3504210039225315,3.247518578695889
-6.3289085797378295,3.249975713715954
-6.303799448453991,3.2532103836953024
-6.2777633200894725,3.25644976119527
-6.254005082775346,3.2588452743351293
-6.233323316774163,3.2598533660028357
-6.212110487588571,3.260064317978
-6.191214294814103,3.2602479887046476
-6.1632456601564165,3.260951493688379
-6.1339366196269,3.261990894323215
-6.108353075578535,3.2628715846916303
-6.083078517797479,3.263745980832369
-6.061767474694221,3.2644750018048554
-6.0363512484094155,3.2652036134086293
-6.013238623809967,3.265696351311249
-5.9838946764921515,3.2666385116343566
-5.955979009687891,3.267549138334562
-5.930885988263247,3.268342824804737
-5.908929423403373,3.2690314628793526
-5.886871968790818,3.26998963312757
-5.861660876966414,3.271527369711357
-5.84201506249855,3.2722884600218523
-5.820503882543539,3.272222543502431
-5.796689013529826,3.2717256123873586
-5.771293813671674,3.2706522649090823
-5.743221236532428,3.26871265016723
-5.718026978684037,3.266509308919399
-5.695260308447605,3.263771501929488
-5.6659182880074255,3.259307403048277
-5.636515066443602,3.25467112292177
-5.606824810665485,3.2506766413714456
-5.577138131873567,3.2476031922170345
-5.547433707662984,3.245397909774325
-5.523577321540013,3.2436691419548285
-5.493614774625887,3.242343537443431
-5.463655229562531,3.2423414458298976
-5.433785369582076,3.2433922781086584
-5.404034219306273,3.2465355509189506
-5.374204148755732,3.250175165724664
-5.344106845015649,3.252228665013903
-5.313989168178235,3.2516735580859697
-5.2840218168205375,3.250177067915431
-5.260308674177082,3.249218343494336
-5.230325310987258,3.2481820962739993
-5.20167458590389,3.246886543143629
-5.1766370250715905,3.2454978527064138
-5.15485418535269,3.244358029291404
-5.126191346678902,3.243523332459018
-5.096319547287544,3.243425353579727
-5.066535917575498,3.2449523675359218
-5.039054219559038,3.24794522608334
-5.010840930551487,3.251887686548752
-4.9816856938335325,3.2564155533083214
-4.952714993845199,3.2620124580382117
-4.923551614548714,3.2684388016358934
-4.89429241631301,3.2748851687161102
-4.870867503390204,3.2797989074210943
-4.841537424787335,3.2858078960629387
-4.812345202568419,3.2923212798422936
-4.783262173984322,3.29938617863492
-4.754467201247074,3.3071410239226906
-4.726031435201475,3.316370768820144
-4.698310830104767,3.3274596999562456
-4.676492507259334,3.3373791317830332
-4.649032163625205,3.349601909804012
-4.62109876222267,3.360761728395692
-4.592480332356896,3.370219804884437
-4.5632552977324,3.3774528801785286
-4.533886093567148,3.3836977616312724
-4.504380710482617,3.38942418563503
-4.480544217358026,3.39296945293883
-4.450661567551224,3.3955442564129563
-4.420638884886153,3.3963828318481974
-4.390766958486217,3.3959484532354005
-4.367921284659143,3.3957532847749397
-4.339519949462157,3.3952509515800786
-4.3112134515344325,3.393940285066522
-4.281727634950157,3.3934249691510017
-4.251702701518226,3.3934090837256163
-4.2216956017856555,3.393016410521489
-4.191629346762075,3.3920572993815745
-4.167630664685519,3.3898705940942477
-4.137847033135768,3.3859215087112964
-4.108118571515552,3.3815994444357744
-4.078514261173225,3.3764471158718883
-4.049240181454744,3.370473772817433
-4.019982516565682,3.3637402147
-3.9907228971077675,3.357348524948426
-3.9613102846497394,3.351524521872637
-3.931832003527056,3.346173255235929
-3.9081936142864695,3.3419310220662477
-3.8786843621505374,3.3365119711698608
-3.849193689249428,3.3310654742954937
-3.8196563018750296,3.32621536812859
-3.7899601059110237,3.322474981515729
-3.760143147654819,3.3198788924526124
-3.7302093502592153,3.317912030206513
-3.700288725206603,3.3158962987443052
-3.676398066399551,3.3148250045604235
-3.6489141153522877,3.315425951044097
-3.6227105038646226,3.317380269932632
-3.596185260319421,3.3189151309991516
-3.5673221437329756,3.3185542587512398
-3.5463188831389347,3.3170523463078148
-3.51794353246572,3.313274523355926
-3.48872600140922,3.308275437601375
-3.459275832032754,3.3020052027453977
-3.430223326258174,3.2943151849044696
-3.4013582200449144,3.2860774942594593
-3.372533109751929,3.2777559927888973
-3.3494672271643,3.2711884331680037
-3.320537860573855,3.2633714843116115
-3.2914958020962684,3.2558562764095997
-3.26247415327487,3.248125949040431
-3.233653334809251,3.2396637914102326
-3.2049095783055535,3.2311944212050845
-3.181786974602296,3.2249435391230765
-3.1526625547175016,3.217980356796924
-3.1234065596383496,3.211196168139648
-3.094334794947962,3.2035801651783657
-3.0655762819826182,3.1948646568920256
-3.0371851066810667,3.1850117420650204
-3.008960696619997,3.174788052136861
-2.986864773329136,3.166178388603519
-2.962188227414158,3.155523347606024
-2.937105083398108,3.143260350444579
-2.9140823531813558,3.130471450568857
-2.892128112674052,3.1163913378043637
-2.868664159690334,3.099187184960637
-2.844864489144789,3.0811063523620796
-2.8255937968997906,3.0668898465092655
-2.8009182044213206,3.0499198485346946
-2.776014189751297,3.033410017888032
-2.7529422648596023,3.018343148082469
-2.732820166601829,3.0053798953004773
-2.716746411015912,2.9953107978819866
-2.7009507884415918,2.985995681147384
-2.687762021511394,2.978415091568363
-2.668956782354172,2.96775308356706
-2.646827097928503,2.955769718501252
-2.6230392283146617,2.944417867499521
-2.5994122796416166,2.9351623429259117
-2.5715377681786697,2.9257872696947826
-2.5434454383086096,2.917123628855835
-2.515027383409441,2.9081081107269418
-2.492297455221597,2.900389193282997
-2.463996291794177,2.8907249230897536
-2.4390027089545128,2.8829943464677736
-2.4160030642151606,2.8759465160199187
-2.3929468132253415,2.8682483373225063
-2.3727187648617134,2.8612013121919664
-2.356811736773037,2.855432250715963
-2.3363618371465846,2.8477528234305494
-2.3136283857141677,2.83918058074647
-2.2903876064880206,2.8300968998505613
-2.2658129996166374,2.819734668008606
-2.2385014823404688,2.8073053855272834
-2.21134404564208,2.794564658265554
-2.1842266273810047,2.781854762129156
-2.156766873785247,2.7700920252366763
-2.1343781579647283,2.761594581482811
-2.1060565054787457,2.7520283976982296
-2.077235710217324,2.743995519783908
-2.0481930100047685,2.7365541428650446
-2.024900036612338,2.731131168595742
-1.995440843058803,2.7263499813193466
-1.9656681333540167,2.72328690587468
-1.9357613359374168,2.7204393725534106
-1.9059684868547329,2.7171841761028093
-1.87614000298789,2.7151211914525417
-1.8464024494161566,2.714450635494635
-1.8166480061913526,2.7150507005353868
-1.7928627044395844,2.7171959037807083
-1.7641997737041188,2.7214567027360386
-1.7379349179530585,2.726405214565301
-1.7104454043806376,2.7322219974704094
-1.683150776971154,2.738522653608078
-1.6554753766171957,2.7449240982911536
-1.6273664302385509,2.751175168090725
-1.5987960047935774,2.757040729665013
-1.5771789468641981,2.7607835789607624
-1.5517197356004946,2.7639618749284613
-1.5264036541749162,2.766008454360744
-1.4996156514320123,2.7680830265793968
-1.4720059378327635,2.7708772558158663
-1.4473948314685556,2.7736282545314372
-1.4236333380244752,2.7767046032731986
-1.4017671606049338,2.7799114068603763
-1.373038453101845,2.784486277854423
-1.3436197243279584,2.790128093674115
-1.3143050619412502,2.7963503418903066
-1.2850474440791615,2.802944125681168
-1.255749221064342,2.8094552083380915
-1.2263773902780453,2.8156374863175415
-1.1970268817822798,2.821813566089948
-1.1735717620917279,2.826852758267965
-1.1446872501578074,2.8332717544414736
-1.119239568976565,2.8390238984279446
-1.0957766755826281,2.8437738301051945
-1.071954466540351,2.847723347305165
-1.0432841771538792,2.8513113862075667
-1.019362407291503,2.85373366482313
-0.9905311697624407,2.856034244033868
-0.9605587302669549,2.8578557142497676
-0.9330673082146421,2.8586891800539465
-0.9073910576373557,2.8593000901176557
-0.882146548554771,2.860242730026206
-0.8582532181716854,2.8618086055296477
-0.8341068248005385,2.863878467545757
-0.8110128654245042,2.8663234728027476
-0.7867390899938265,2.8698473779712654
-0.7668548602955122,2.8737107257545187
-0.7399106473891256,2.8798764452485215
-0.7109459277200734,2.886251505110569
-0.6816418516328248,2.8922355530577875
-0.6530173537001616,2.898127991951801
-0.625498972031811,2.902685707509793
-0.5973648409744822,2.905053397450339
-0.5732610134283919,2.904518150879298
-0.5436837189264049,2.9008738004006
-0.5144595065512795,2.8957057020471284
-0.4853330298525339,2.890719515787705
-0.45575917275613315,2.8855082342492224
-0.43214680098712144,2.8811718976672123
-0.40269452294563557,2.875131619219573
-0.37347144872075955,2.86812018152058
-0.3444496265410513,2.860418639902847
-0.31643571207993487,2.8527226046202783
-0.2894862827393574,2.84493383947442
-0.26066852990021566,2.8367481675779564
-0.2316869909375233,2.82897913192632
-0.20871667248890827,2.8225672377626987
-0.18098400943727005,2.8141786547501804
-0.15376526597163942,2.804216221103411
-0.1301279525151273,2.7936952060397595
-0.1108781485651004,2.7839678878344114
-0.08540895154203507,2.770746750274037
-0.05861950328754338,2.757473410564557
-0.03450392101930868,2.745709515747333
-0.014276281542898752,2.735937371273857
0.006429909163885661,2.7256290160498433
0.027381728949335694,2.7142709813241837
0.049320761534015434,2.701562312991707
0.06896872656945571,2.6898188138204864
0.09440669090110876,2.673806710776651
0.11900908003859129,2.6570632856849348
0.14100686225869857,2.640443266266007
0.1613159150389688,2.623326293261433
0.1818003405987921,2.6047111450521307
0.20389399102410988,2.584769935003914
0.2205948616139391,2.570727251007704
0.24206123445243882,2.5542230790916585
0.2655118718428892,2.5390045795612473
0.29130285308630377,2.525093424059538
0.31463107213282415,2.5148554467790616
0.3358411036838614,2.506767312260786
0.3617135132108089,2.498139835276317
0.38401918827402265,2.4912579614381194
0.4122439711189135,2.482179548751476
0.44032618318301636,2.4714263402916403
0.4678402488209601,2.459356612357986
0.4947594639280685,2.4460123190646494
0.5187473337350563,2.4322982828817357
0.5433592300904163,2.41698930762391
0.5621446427822312,2.4046424404110818
0.5829262972179166,2.3898804811725354
0.6047215006428011,2.3734505614348262
0.6251295241617173,2.3576400970560445
0.6473229038583705,2.339472223077428
0.6694047880240998,2.3205574767122448
0.6919251130532806,2.3006555068981838
0.7136989620729305,2.2799270361865673
0.7349917256064961,2.2589119351068856
0.7521780469778895,2.242265885734191
0.7741099057844217,2.2218448392008465
0.7965362979717854,2.2020084979994667
0.8196007420414426,2.1829367184708435
0.8431773668646628,2.1644020293051005
0.8664364496554058,2.145321387287778
0.8842283504418228,2.1290769983500897
0.9054645942346409,2.1077545385529244
0.9257176279018305,2.0855584678632106
0.9458048382881011,2.0633003904532736
0.9661272131502684,2.041235563574791
0.9861905918114017,2.0188902585199293
1.006042529063642,1.9963900742319387
1.0217481198596914,1.9782684261728791
1.0409859371728987,1.9552451591556057
1.059635553108076,1.9314607380779414
1.0772773548111336,1.9071430572951487
1.0940109632631068,1.8834839141571489
1.1103031726669164,1.8598281342199048
1.1263246556568511,1.8364139624656195
1.1426740643372464,1.8129142621345018
1.1601300654039006,1.788554991894528
1.174395669548896,1.7693210375116637
1.192929428190605,1.745808023330227
1.2118458453777594,1.7225205458469228
1.2305086386847022,1.6990267182341612
1.2490503457176532,1.675428198833891
1.267305635130358,1.65176174034285
1.2817315390218682,1.6325597677795876
1.299566709641996,1.6086400662089733
1.3175840094282225,1.5847346488275764
1.33372891612153,1.5635956198610443
1.3503951940110726,1.5407300465154607
1.366436750902725,1.5164619198506724
1.3781812262819484,1.4965941746718396
1.392052485713696,1.4698917140930303
1.404687985780058,1.4425871868206095
1.4159682877026252,1.4147076857030967
1.4250317197533697,1.3903482695857896
1.432095914052456,1.3689642229594214
1.439824218032603,1.3399959300798052
1.4452913619009944,1.3103998822000027
1.4485829498396918,1.280572616800538
1.4482042269817432,1.2504967509366098
1.444165123199269,1.2267167208841507
1.435635813799652,1.1979616276336742
1.4249633771318575,1.1698530163411691
1.4130405441364189,1.1423463250371033
1.4005174992174056,1.1150574580412345
1.388517982332591,1.0886493923200775
1.3791101983255996,1.0653459243828283
1.3720760446516462,1.044229063625172
1.3662872148524805,1.0213963118123344
1.3610984330240081,0.9958416040129251
1.3573073707198962,0.9758858946125997
1.3538666346199022,0.9557822902222873
1.3503556860929702,0.9332335197778884
1.3473340204970652,0.9081607805567222
1.34537286070323,0.8795956980672733
1.3447501793421548,0.8504902086786366
1.3446870685376417,0.8300361441930268
1.344422966017661,0.80585139018436
1.3439189922535486,0.7773814821416121
1.3426262649771379,0.7484504025558094
1.3403445797796876,0.7232879760396622
1.3368900166558164,0.7004144078374657
1.3332940995561422,0.6822550504293372
1.3284047839103126,0.6615256671765095
1.324115965706664,0.6453182331888765
1.3210025865170603,0.6330519505549155
1.318279447929942,0.6188348449251722
1.3162114465746646,0.6015913138233465
1.3147550876807506,0.5840737148895029
1.3145090758764963,0.5650503854843713
1.315918953939253,0.5481610212988237
1.3194200851283069,0.5276575914215117
1.3238899027157427,0.5067928097917177
1.3280161834293984,0.4856282101340569
1.3306027840394024,0.46203962083859207
1.3314903319722942,0.4358967575872958
1.331743964355083,0.4096270958931416
1.3319337877471766,0.3884275722142019
1.331656984661543,0.3727918130430076
1.3305128227911753,0.35262551570763073
1.3291557231737516,0.3301648972312634
1.3286039324572103,0.30637672958083656
1.3291990142261414,0.2789457615355674
1.3302180325303923,0.2551551907012513
1.3327673327515195,0.22635852570871165
1.337011234783989,0.19864378411143802
1.3420387581922804,0.16994957737147767
1.3470650053242794,0.1403544366826224
1.3514281757752273,0.11268764297805313
1.3543101202609196,0.08959596379252835
1.3557915963064302,0.0726482396563876
1.356665286607309,0.0609061869143273
1.3578825444496323,0.04713518070610149
1.3589622489670479,0.0365941981090564
1.3607137935531237,0.021917497425199068
1.3627304909098097,0.002211702457434325
1.3642185116644012,-0.01658226187627627
1.3651565333357967,-0.03328799339106051
1.3654771805007906,-0.04987263074249566
1.365001643102479,-0.07231024720159655
1.3640871604908273,-0.08966614222150726
1.3630955256752566,-0.10753693592075612
1.362865683737169,-0.12651149063070624
1.3638605847271978,-0.15044733420072348
1.3656606166810779,-0.1734233415500081
1.368894226369566,-0.2031727424549275
1.373867137711138,-0.23252265229767452
1.3810482618710285,-0.2613466060671903
1.3890588518796598,-0.28970445798578726
1.3954377164933576,-0.3138656726830536
1.4012084658317816,-0.3385256242606743
1.4062540307900664,-0.35996273218585584
1.4109855269178797,-0.37678062799032397
1.4187066809981967,-0.3996024126685863
1.4270390579833452,-0.4232088934221812
1.4348418631715376,-0.44940824469480417
1.4410070278318867,-0.4789189712104987
1.445476642517861,-0.5086260324924002
1.4502774851428086,-0.538145114362328
1.45738487638785,-0.5670648563480883
1.4676632222139843,-0.5950259056186022
1.4801932345308688,-0.6221863259543339
1.4905971926088692,-0.6438412192016234
1.5024863561469994,-0.6715381476222101
1.5113535578131623,-0.7004254297981524
1.5170322859859116,-0.7300256796844505
1.5213854125588497,-0.7597238583265408
1.5264729244231379,-0.789168907364909
1.5341126608230322,-0.8173697352895681
1.543523748569465,-0.8398541732226148
1.554446844330676,-0.8588891114481514
1.571590552784571,-0.8829050889712644
1.5899942438679782,-0.9061511189569643
1.6080150126319832,-0.9298515320153383
1.623923044309875,-0.9551554929743818
1.6360628731487183,-0.9824919116526853
1.6452503280618846,-1.010837321440159
1.6534149545433448,-1.0393633057472866
1.6624687060786336,-1.0673334402376087
1.6709926412192984,-1.08858487149847
1.6817158652399227,-1.1130061450961217
1.6918546504472036,-1.1357712274290799
1.7021011113221705,-1.1583555882706569
1.714628861322152,-1.1848773303465305
1.7258800685458162,-1.2076870115913383
1.7362993107636533,-1.2271047037453988
1.748703519594148,-1.2485112822719588
1.7621900501587244,-1.2693085549970597
1.7799295178863177,-1.2927405979245372
1.799046260888996,-1.3137099349036498
1.8158793093563959,-1.3286648212072492
1.839705431116176,-1.346570302102066
1.8623679198465675,-1.3614286813419012
1.8856704282581924,-1.3751244857536467
1.9099886817133278,-1.3877742162107436
1.9372541407653434,-1.3999788875614132
1.9652603827352855,-1.4104277867607635
1.9937275592035244,-1.4198101873436082
2.0221559260835176,-1.429534481677611
2.050455351462195,-1.439308902638096
2.073270544142935,-1.4458559573746608
2.102083605812653,-1.451824239503437
2.131319114119734,-1.4554263957670186
2.1609594424066367,-1.4583596664391498
2.1907931191872776,-1.4621814622011293
2.220252393256065,-1.4675714145488221
2.2495099018601508,-1.4733258467456536
2.2774631108025307,-1.4772853964467925
2.2959400161250234,-1.4783198823327104
2.319493795782501,-1.4769258994385301
2.3459964263312783,-1.4715897295402258
2.3708088065484025,-1.462356933590963
2.3945079437285495,-1.4503084376556372
2.416830381646205,-1.435799987913662
2.43931811430399,-1.4190158056911741
2.4619823806006176,-1.4005302253709015
2.4854513815568513,-1.38196513778031
2.504860098562422,-1.3677360884937153
2.5283448966597666,-1.3520237562673096
2.551597575861428,-1.3384576222376556
