2.1544493357640535,1.0129092913605702
2.1643666555668575,1.0249485903381919
2.1774849222585595,1.0410863729392168
0.00964412202819354,1.1357363624521508e-05
0.024866164468493025,0.00011884029862666918
0.033714262734773084,0.0002448039823465843
0.0362906691620665,0.00029653625016765707
0.03631816621542408,0.00029690978479397616
0.03632725976553302,0.00029694965289413515
0.036318017703884445,0.00029665352564901094
0.0362905084563057,0.0002960110490936082
0.0362447619406604,0.0002949873991066154
0.03620320400576575,0.00029464317523712183
0.036194247425642895,0.0002951460560768061
0.03621466641916066,0.0002961123832270465
0.03624787149256988,0.0002970057045920156
0.0362640602151165,0.000297221178524873
0.03626201874968052,0.0002970178685838105
0.03624175155043431,0.0002963941766303507
0.036219612729649485,0.000295814466439042
0.03622450037373526,0.0002960487752285495
0.03623570560668918,0.00029641513457201153
0.03623908521079922,0.00029653971234396145
0.03623169976921398,0.0002962887319317437
0.03622861208566507,0.00029606022517061464
0.03623212294086877,0.00029628952508253305
0.03623455303629649,0.00029649949523926397
0.0362330676139881,0.0002962515980457181
0.03742968285545185,0.00032639901205661314
0.04462515358136342,0.000506737926966729
0.06261956651803154,0.0009557259738976531
0.08287679172919737,0.0014860376138174365
0.10366474434833386,0.002176328295429093
0.12963861200402166,0.003255518540859094
0.15040919547126688,0.004292420357927295
0.17117247528038607,0.005483887210136448
0.19711364523242036,0.007190434767059654
0.21785402736898407,0.00872883355070199
0.2385820790729654,0.010421675065867938
0.2644738311258046,0.012754744371742215
0.28517106287534666,0.014793792041773262
0.30585255180438947,0.01698697091917924
0.32651690543415895,0.019334239168051694
0.35232210512385187,0.0224836186805423
0.372944464544161,0.025175725544627915
0.3935462766910338,0.02802161130780453
0.41412623028652357,0.03102023880209373
0.43468341497719004,0.03417162418457283
0.46034603024616133,0.03832611839041475
0.4808475173566835,0.04182110857259879
0.5013226051960864,0.04546854519753772
0.5217699125584856,0.0492680605498547
0.542188569237839,0.053219540179458694
0.5676694454269886,0.05837221682525748
0.5880187734652417,0.06266473135415396
0.6032598379302416,0.06598336430640168
0.6286197087918325,0.07170292438512067
0.6488682017772679,0.07644833504251736
0.6741285265732325,0.08259158227723436
0.6942950998229059,0.08767491752982264
0.7144233989987285,0.09290822536590333
0.7395280142467349,0.09965989351817596
0.7595655506981885,0.10522914476797357
0.7795615167953612,0.11094725010471514
0.799514443044491,0.11681378089409937
0.8243929483868623,0.12435548561226138
0.8442447767770859,0.13055484750376717
0.8640500009551514,0.13690177843805906
0.8838074836400451,0.14339616527653234
0.9084353915326607,0.15172002123347494
0.9280815510670485,0.1585435023840891
0.952566697475506,0.1672783473232758
0.9720959162988291,0.17442968071761655
0.9915714941403453,0.18172610313989268
1.0158384490693368,0.19104994613784765
1.0351889524521058,0.19867116738737609
1.0592968522804183,0.2083995332475153
1.0785172063472792,0.21634341215126077
1.0976779860960164,0.22443003134954884
1.1215436407462989,0.23473818783152106
1.1405665566747285,0.24314411109863499
1.1595264798438234,0.2516913120975674
1.1784221246941482,0.260379227990765
1.1972526486803272,0.26920743860579677
1.2206977236455578,0.28043913270425125
1.2393781274819498,0.2895809911344384
1.2579899341609189,0.2988616285955231
1.2811568454287954,0.3106566843059767
1.2996109426223577,0.32024726979982465
1.3179930436704155,0.3299746957816999
1.3408678794902467,0.3423261196594339
1.3590848180981139,0.35236006759416566
1.3772266563113975,0.3625286763802611
1.3952922299532124,0.37283230137828227
1.413280507464437,0.3832702094528744
1.4311910322022476,0.39384111239599096
1.4534677069970199,0.4072416141610285
1.471198567596925,0.4181109585527351
1.488848373094196,0.42911172043100704
1.506415863191539,0.4402432774907462
1.523899991501856,0.451505373725746
1.5456366309170397,0.46576517160006237
1.5629299964371741,0.4773179119155184
1.580136953880221,0.4889992755308406
1.5972566504574448,0.5008082217035461
1.6185319433502503,0.515747473629116
1.6354514381594107,0.527840974604827
1.652280768677559,0.5400600836538719
1.6731889777366835,0.5555093424131105
1.6898113892158013,0.5680079990616287
1.7104579737621377,0.5838048220420694
1.7268691225651969,0.5965800395212839
1.743184797783488,0.6094768152930006
1.7634435982441248,0.6257680151474565
1.7795413719936444,0.6389360614617695
1.7955406420842592,0.6522233354459046
1.8114404863077946,0.6656290977488821
1.8311745720222143,0.6825523156849995
1.8468482284404757,0.6962222738821384
1.8624196899738057,0.7100083050290992
1.8817389718426407,0.7274034315395658
1.9008960136687632,0.7449771278055791
1.9161033400670109,0.7591638517380628
1.9312049448229698,0.7734633210264442
1.9461998543243357,0.7878744987991498
1.964791850721874,0.8060447202655853
1.9795432444825212,0.820705088870567
1.9941855037898233,0.8354743936152693
2.008717494275707,0.850352106624135
2.023138358112787,0.8653377626682419
2.0410073360568113,0.8842198102971441
2.0551755710166435,0.899444428114405
2.0692299744475213,0.9147740512152236
2.086637332467593,0.9340823028698843
2.1004336235442453,0.9496448157550444
2.114113782050339,0.9653096262585873
2.1310495197617634,0.9850328472732488
2.1444653575539183,1.000924211595538
2.15776311854328,1.016914860191213
