4.171025418413258,6.516417690441922
4.165681148007528,6.544515643465966
4.16197521224383,6.562489868807133
4.161219482708203,6.565997583197929
4.160537318736195,6.569111948337746
4.159931498534451,6.571833497486269
4.158141151089213,6.579567617182295
4.157968762181283,6.580270602270658
4.1579695258160285,6.580269038795784
4.157969161758574,6.580269956489561
4.157969129274013,6.5802706936272335
4.157969271848272,6.580270227114117
4.157658438441864,6.581521370756308
4.155181779820917,6.5914421941729495
4.150254384454092,6.611061271313747
4.143235423200354,6.638477099953366
4.1355294257825665,6.667474506920592
4.129161392788531,6.696427537502941
4.124528077049936,6.726080961997631
4.12146553215471,6.749883724529448
4.117829064016007,6.779608583392716
4.113643029862213,6.809241351963391
4.108506021750421,6.8383450764472675
4.10317686472527,6.865830642956638
4.098386307351623,6.892339340977745
4.0942774982912375,6.921953389079238
4.091144031338927,6.951838992064138
4.089214387082654,6.975802144236381
4.087361206152467,7.005776204032629
4.086154373555198,7.035798584849986
4.08523532379362,7.065428500812702
4.083917057382887,7.094610642649146
4.081647889479433,7.124238057627957
4.077725141222223,7.1507751996123154
4.071850524469067,7.177387327325947
4.065532090644905,7.200216251993028
4.055995487594326,7.228060413641008
4.04643329833413,7.250899959810777
4.039507624005365,7.264464688431537
4.036811268973625,7.268948383657426
4.039694054261565,7.265153528647457
4.047742184153256,7.255806325428171
4.052304609552622,7.250908601603004
4.049933090574863,7.253219525952304
4.040115162342272,7.262210491208544
4.0265718398285575,7.273834309047803
4.0050444844912825,7.291323404735987
3.981353119074652,7.308789391815559
3.958029887354347,7.323031944875284
3.942021887306133,7.3306230482028685
3.9347499772007812,7.333214320494952
3.934764724976723,7.3332330780822605
3.928081920043923,7.33396073975708
3.915194320845895,7.334136844851914
3.900349876780269,7.3321263421247105
3.8873633782571897,7.328080964237744
3.86475884288788,7.316621444140653
3.8420624769430085,7.299429764833824
3.821618778390221,7.278764053622749
3.8028484370458155,7.255567654176566
3.7850565271844783,7.231434729290785
3.7666965933706953,7.207609988253961
3.752182783664425,7.190264594215851
3.7317946484732465,7.168269320466844
3.7100717828123493,7.147480519823504
3.6871872176136913,7.128208312127848
3.664030795445641,7.10937249119982
3.6410761702081547,7.090110291567263
3.618677926838669,7.07045887429687
3.598483800295115,7.0506327049160085
3.5783578395899442,7.0289904075864715
3.558458070008048,7.006859491642365
3.538648425276515,6.98447185067397
3.5187168433545,6.962248061552258
3.5023947201565884,6.9447445138144275
3.480993473288127,6.923693307266448
3.458773190604158,6.903532623004007
3.436279275083748,6.8836679145238815
3.4135664930390908,6.864039800944345
3.390777792981023,6.844529779233986
3.3681347512617337,6.824873587429421
3.3461188643678907,6.805946820785634
3.3291396575843004,6.792387525429677
3.307786440535211,6.776824182370336
3.2841000347277314,6.759997307552937
3.260458485772236,6.743144051131956
3.2358163361613426,6.72598967861208
3.210831287652002,6.709272628319455
3.185111295341301,6.693685986369039
3.1592246342764856,6.678554887774108
3.1337211493374046,6.663107147235958
3.113376608214863,6.650452085787982
3.0886026854051707,6.633719066628581
3.0645782318853905,6.615881182258173
3.0413683389298125,6.596997729445695
3.018962568033215,6.57730267721533
2.997059071820395,6.557654979084752
2.974649939757511,6.537829271503753
2.9519781098987212,6.518234147725905
2.9287616077712735,6.499380927747024
2.9054698941443666,6.480540292929227
2.8819916221531447,6.461835632811542
2.8632778610509937,6.4469333577144905
2.8436582681720095,6.430083095470246
2.828341661502295,6.415484564142619
2.81212188236092,6.399054510944302
2.8012270229937823,6.38779381806799
2.789781429985854,6.375866789060649
2.781061169844123,6.36653938119139
2.7791302002905613,6.3644121510981355
2.777804684571501,6.362877342367138
2.772735803707055,6.3569433063088985
2.7630033757443333,6.345824550490059
2.7474782454697912,6.32875231848208
2.730310469311535,6.30950093719797
2.7166191380514633,6.292160991823067
2.704782319320186,6.27497087076573
2.691557565550783,6.25465038374267
2.676284971629631,6.230518304782709
2.6621797650055408,6.206999328229083
2.648610516323187,6.182890116554086
2.6371787107030373,6.161820865722052
2.6237382038549595,6.135333155526654
2.6126187168096866,6.110612428885027
2.602862792985319,6.085690074326942
2.593280728839318,6.058839653976922
2.5836999466975525,6.030500142333997
2.574696449287998,6.001984568569936
2.5659442253133085,5.974640803011061
2.559545265646155,5.953844412819489
2.5527704108262936,5.929426110155172
2.5475615350318637,5.9085553026490505
2.543269625043771,5.888944656158853
2.539199990684944,5.865420305071275
2.5356815991158737,5.84007154075188
2.532709621981026,5.814833242920831
2.529936632531839,5.785713076733669
2.5285294242924303,5.757466323066876
2.528673184958953,5.729955767284444
2.52923522584664,5.70988058268454
2.5304444357794087,5.685058025497404
2.532135627176185,5.661573539026908
2.534382324423996,5.63870162732919
2.5363353885673594,5.616012717062348
2.5379244839942334,5.591277794005009
2.539256685574592,5.563228800220034
2.5391968235770825,5.533873412701904
2.5370621424498974,5.505268231540097
2.533947334190895,5.47555160272071
2.531161063544352,5.445743486944269
2.5285975134474996,5.415882508939011
2.5267148876689007,5.385980038631574
2.5254434268856922,5.356051745880385
2.5250394306649317,5.32613495720136
2.5264459968250517,5.296312195102616
2.5301070789794933,5.266686356441981
2.535768419955222,5.237345232058453
2.5432611558318086,5.208418846762341
2.550176744302581,5.185473168936402
2.558866678348029,5.156723835957832
2.5667296624283407,5.127693251694311
2.5730608970048015,5.098314129728892
2.578029911364239,5.070600189008078
2.5825333346899964,5.041150592517452
2.585748611961842,5.017327301287093
2.5892458095491606,4.987506463735791
2.5922175641839953,4.957615300708976
2.5949572245699803,4.92775265138432
2.5975930329225245,4.8978321563772855
2.599570803698031,4.867861621602941
2.6008071843079197,4.837834971112029
2.6015095622240647,4.8078253500683115
2.6020416316063675,4.778875249243041
2.603185257144393,4.748958892910482
2.604931087097755,4.725093982738621
2.6085764749685714,4.695411562466327
2.6128149326076366,4.665704168238508
2.6169730117230507,4.635990551676166
2.6206409546541645,4.606145712206368
2.622985551685915,4.57616403702721
2.6241742280473916,4.546098181107325
2.6235984220132735,4.516004555751543
2.621201478310034,4.4859676447235906
2.617725569580919,4.462139005528813
2.612577038065928,4.432611716191788
2.6069087783029197,4.403495310873401
2.6002131515712366,4.374542918133917
2.5925024626213093,4.346456127737749
2.583531479654923,4.317952367356418
2.574235961171031,4.289470719241924
2.5657582402056995,4.260747564654791
2.558700418256745,4.232935532553818
2.5546652453841214,4.213132782084335
2.5502892551846488,4.190255304027014
2.5462693893844395,4.169304186679363
2.541912729535825,4.14658279815175
2.536447182622801,4.121204313672978
2.530459542607316,4.0951672196731
2.524928240452779,4.06735845901229
2.520120499357892,4.039321982254991
2.514899865917389,4.0105354341322705
2.509755324380682,3.9870611119505224
2.5034262907065523,3.9577528747456237
2.497237898178061,3.9284315897432656
2.49245808677919,3.8989783339487842
2.4902737249134312,3.8691905953384262
2.489089889382128,3.839208084439389
2.486826265555172,3.8091632372536575
2.4814196217849878,3.7794146577193244
2.471744199172829,3.750773907635726
2.4591879287933844,3.7233922803423227
2.4452955650294217,3.696691505003086
2.429471387988018,3.67106024134661
2.4128120742889534,3.646112143291079
2.3999508191025485,3.625917619234797
2.3844469645681112,3.600267992578665
2.369546495979006,3.574309074458894
2.35546928671919,3.5483976331212466
2.341231268135333,3.5233626742762643
2.3256814464668785,3.497662346447794
2.3103437032386793,3.473143506930719
2.298230800330303,3.4533323171960455
2.288425294044529,3.436646238803972
2.280384935775324,3.4225728561018043
2.2727676169568354,3.409370567617429
2.259785911748433,3.3875113286355547
2.244930250832118,3.363927579503464
2.2295238067209437,3.3408125588204105
2.2139576087529123,3.3180123096514955
2.1986570939064434,3.296619867796574
2.18160127718264,3.27460893374102
2.1638054850807564,3.253433065825861
2.146366867600388,3.2326749168839433
2.131127937392187,3.212731832074849
2.117013279202005,3.191837357546686
2.104230428660828,3.170347306263322
2.0896510936484884,3.144979731020301
2.078031370902308,3.1249643893530976
2.0640312983255953,3.1010761128975015
2.0530393036938994,3.0807824383343996
2.0430367249389993,3.061780473815536
2.0332752716263855,3.0435825812786845
2.022815412844886,3.0249927667892598
2.010644859043428,3.005619355495638
1.995582386599306,2.9843983265782197
1.9790548238208827,2.962855760504611
1.9616972670502497,2.9416574063447505
1.9460854842237882,2.9235660621056314
1.9267903086076954,2.9012720686563322
1.9100296549596707,2.8816121724382335
1.892843239583542,2.8609367505527925
1.876077230192562,2.840646855558725
1.8607348526520717,2.821050628308881
1.846883857497149,2.8023468696647456
1.83190812974133,2.7815166974838186
1.8144954027448235,2.757279139280439
1.7970539266589158,2.7328846015093964
1.7831435102797086,2.7133111591766097
1.76555689934366,2.6890081946242237
1.7479690181413086,2.6646820257059334
1.7300574518326668,2.640593256572044
1.7116357927859887,2.616824387325832
1.6919644133705143,2.59440199086911
1.6727726369692957,2.5749834324225342
1.6536881713841478,2.556583043812011
1.6337399054020265,2.537571962665531
1.6178326369368063,2.5218961073375668
1.5972006945753174,2.501187389975313
1.5807790496728473,2.484048451369787
1.5622097662059864,2.463958051448778
1.5420732599236733,2.4419017633808053
1.521714658862378,2.4198257363952487
1.5011947534284185,2.3979552718500456
1.4810687291493012,2.3757553538482763
1.460940770793457,2.3534900246943042
1.441054272991582,2.331096867098773
1.4257990334520525,2.3126676960674617
1.4074147352635236,2.288986879994284
1.3886657838815084,2.2655057907010745
1.3707174835268277,2.243458011293595
1.3549470548530145,2.2233636782495507
1.3368477711145261,2.2001581644835038
1.3183039136028936,2.176590755102479
1.3000175183335478,2.152829711159299
1.2821304671200469,2.129156727882483
1.2652675462550205,2.1070445270891542
1.25008963089756,2.0876631771772254
1.2349774380482903,2.068379853289938
1.2224712224885688,2.0529968352636425
1.2070549233966916,2.0350300101138297
1.1928720975307088,2.0205315586513195
1.176632345522294,2.0062744096833667
1.156885493727353,1.9908321616749685
1.1336002518706103,1.973699001554759
1.110266173030395,1.9572623333466141
1.085381240369421,1.9404972421594882
1.061083649860475,1.923098934290588
1.037779369358356,1.904321844404908
1.0147135524925786,1.885129899339502
0.9918894478400954,1.8657582514333075
0.9743329514534571,1.849536526558342
0.9533778541927502,1.8281677554741922
0.933293589851316,1.8072348188193443
0.9132153951221589,1.7872210017066208
0.8916701027265975,1.7666275923270045
0.8723502676758921,1.7478184272680044
0.8547465819522903,1.7297742278219947
0.8369168614946184,1.7106962587146701
0.8179679810601548,1.6900238485610857
0.7993685381321123,1.668985617455732
0.7818967359644018,1.6487560474010527
0.7663567418237566,1.6308978351303087
0.746783444216813,1.60892425392173
0.7263852107880638,1.5869026644500777
0.7054968201086889,1.5655992642942103
0.6850379919471155,1.5449350490171454
0.664715384143188,1.5230716027533218
0.6450200056877815,1.5005470863990145
0.6257382743124533,1.4776362983018443
0.60682601702289,1.4553642672128928
0.5929086075700238,1.4394087841524696
0.5746389565508876,1.419243193103739
0.5541288284997374,1.398477161472572
0.5327067193209662,1.3777299760196784
0.5114727869913775,1.356603243228085
0.4903999645765703,1.335199727876543
0.46832091114745833,1.3147259016334463
0.44521235194285325,1.2954886668914367
0.4220101466132361,1.2765370806617475
0.4039183687571172,1.2608438065045275
0.38142188527699067,1.2409446438667642
0.35802976937900177,1.2219919034461348
0.3338562695957567,1.2048558870040862
0.30830046878449957,1.189003999986396
0.28258914515014694,1.1735532809600984
0.26198523001971785,1.1612198069450343
0.2361307551854326,1.1459984984705442
0.2103490827569369,1.130676733505417
0.18479446896492868,1.1150656733083273
0.16172678410878327,1.099825003231372
0.1409781438333677,1.084859429339487
0.12121623067114286,1.069436521058399
0.10105016232583182,1.053465662383043
0.0828100420606466,1.0388254616112909
0.06392963883546744,1.0223719803213824
0.0438829088618693,1.002966817551056
0.027567469178166017,0.9862955328211936
0.007396910631070252,0.9653014445113847
-0.012960338841927077,0.9433344135391121
-0.03345348848490605,0.9213698220138343
-0.053419337102195694,0.9011589164381899
-0.07272035902108454,0.8819834621548076
-0.09271501101399378,0.8621906126603254
-0.11302584791022367,0.8421974016224502
-0.1322567047524304,0.8241910966793234
-0.15448443350835306,0.8040100875115305
-0.17694882485212585,0.784101252836774
-0.19941267717472597,0.7642424775986846
-0.22155006221337364,0.7440629554711877
-0.2430708033791845,0.7232236059673971
-0.2603170594992448,0.7064966766884121
-0.28229682852561055,0.6860027857958343
-0.3049250048157601,0.6662372629212604
-0.32795101219345063,0.6469342164333247
-0.3514396316164618,0.6282146473878345
-0.3703609522677626,0.6134355919494171
-0.39431958452711713,0.5952903895177906
-0.41903118108563153,0.5781009119947786
-0.44477904949998565,0.5624887884906746
-0.47133894267187937,0.5483439274342242
-0.4984573133771391,0.5353760279587727
-0.5259319872758623,0.5231762327635744
-0.5538033462067911,0.5119168132007891
-0.5819128961838097,0.501388654535802
-0.6045022041633896,0.49315946471463984
-0.6328848517484099,0.4834387010657793
-0.6600127265644704,0.4733100004820898
-0.6830902338525321,0.46352275614537125
-0.7082933170561899,0.45159146258758653
-0.7348049961486457,0.4377932625430274
-0.7605189164634367,0.42253877761395436
-0.7854852129114633,0.4060588647138344
-0.8096765767806182,0.38849676386534154
-0.8327772028485925,0.3695216097665573
-0.8552468954161709,0.3496692004084048
-0.8780130732840189,0.3300870155157085
-0.9005335989479683,0.31032321579829114
-0.9179997895338461,0.294911038355874
-0.9392435284889216,0.27715827793664993
-0.9627104031990728,0.2585463907858321
-0.9849053029833961,0.24170520710829033
-1.0070219194623382,0.2257543900935966
-1.029466047962671,0.20973426938785944
-1.0541567662788853,0.19287824211868865
-1.0790195327947212,0.17735809540278763
-1.1045524813151388,0.16285318024998593
-1.130999713745106,0.14901776293778807
-1.151730924257747,0.13814661657064142
-1.1704705836782634,0.1279698224960684
-1.1877050510628366,0.11820317457103266
-1.2151480044204905,0.10269119126911827
-1.2349422731073498,0.0922526428982386
-1.259319056758196,0.0799741783694054
-1.2854764426082914,0.06825060503879116
-1.310667099129113,0.05987573573664691
-1.3375855458568813,0.055487918911231934
-1.3652056008996452,0.05551533246601483
-1.39257859116075,0.05822845815677187
-1.4197366190162042,0.06170467380055751
-1.4448030806404915,0.06404796625603973
-1.4680656579468099,0.06499411401848057
-1.4886604210763843,0.06439581863185767
-1.5033534311208248,0.06260196020322734
-1.524488905438185,0.058599962248445076
-1.5381755775445543,0.0557906910895327
-1.5591204405517518,0.05138021859355032
-1.5814654306437823,0.046648799525730686
-1.6024457911239671,0.042392045350732405
-1.6269235399471964,0.03764529716630606
-1.656016249103468,0.031517746899536854
-1.6853535463675384,0.025161886940472684
-1.7147834044245422,0.01922380458996153
-1.7442394653853575,0.013493002527891087
-1.7678453836487686,0.009079971839865432
-1.7972452302455528,0.0035380287618205406
-1.8259217374270642,-0.001967259263867485
-1.852117004467985,-0.006601361352083488
-1.8790521882362583,-0.011410063685675789
-1.904375723421929,-0.016699029165265115
-1.931763123447823,-0.022443231984641352
-1.960576867187865,-0.02808313090804569
-1.9899212328385594,-0.034196247676418434
-2.018738872419757,-0.040877095088355665
-2.0473574226956743,-0.04847478431157654
-2.075975079360538,-0.05708167210854394
-2.0983746959755996,-0.06542773164269843
-2.1240977044228564,-0.07600116359073078
-2.146042586539545,-0.08509276016398153
-2.1665872452204176,-0.09351456691511571
-2.1809434814107176,-0.0993854110952731
-2.194863664246609,-0.10517293995792226
-2.2123011313811265,-0.11260060588846132
-2.2348909316025876,-0.12222042240101218
-2.2581265682844225,-0.1311079016824346
-2.285782227971745,-0.13957332217810794
-2.3132906141262497,-0.1465445282547747
-2.3403320424145146,-0.15297296975581245
-2.367881592224432,-0.16021027647755195
-2.396855060772254,-0.16794002842792113
-2.4257167291648223,-0.17601069529413585
-2.4544278462659657,-0.18427721683892073
-2.481849625728052,-0.19152103868829395
-2.499177433561268,-0.1955078388292185
-2.521382967597798,-0.200190363399979
-2.543662986581899,-0.20539717715102063
-2.565561856484871,-0.21161336804601005
-2.591472515452026,-0.22022881551925208
-2.6187596752603497,-0.22969654695316052
-2.6464601006668826,-0.24020014270613754
-2.673503743445664,-0.2515385804106988
-2.700240295149907,-0.2638279882866753
-2.7259973408147835,-0.2766604532939435
-2.7525566781524082,-0.29040741390759006
-2.7786328519521017,-0.3041510878137251
-2.8038597866169224,-0.3178368460389355
-2.8298419120043277,-0.33272040927120816
-2.8506240975307797,-0.3447372038049478
-2.880712492060665,-0.36170231806711134
-2.901652011056421,-0.37330860444426855
-2.928324521461586,-0.38716820334677565
-2.9552887215744312,-0.40008220707624853
-2.981019284983061,-0.41157802280409694
-3.0063261282301204,-0.4219933395678811
-3.0310969366646887,-0.43191259192484716
-3.0545505363020733,-0.4418478061716666
-3.0763563006878107,-0.4515734948161461
-3.1020530029073106,-0.4631163666426853
-3.126767340452495,-0.47464457138603305
-3.1522570751668795,-0.4874976101687724
-3.177336560992883,-0.5012943293541556
-3.1950391079325438,-0.5119529732385737
-3.219366403625472,-0.528230158896486
-3.243379039837645,-0.5460566982477639
-3.2665392474873,-0.5649883321244622
-3.2887178204488623,-0.5850248557222136
-3.3088083095132057,-0.605376772124317
-3.3268042665977458,-0.6258348572726701
-3.3445828775796467,-0.6479356713262272
-3.3588498268141813,-0.6664256028885251
-3.3771901002925078,-0.6901903291690739
-3.396141252712865,-0.713519280001753
-3.4156839482856443,-0.7363333192285993
-3.435815279506697,-0.7586597746982682
-3.4566180794526393,-0.7803257249251372
-3.477229289829972,-0.8014442708543252
-3.4973817757426895,-0.8216600676835885
-3.5176486661462563,-0.8419603024856
-3.5375577524056925,-0.8621257444967291
-3.558552396540287,-0.8830092094335871
-3.580123250121038,-0.9038896205764321
-3.6019772013914166,-0.9244965045471948
-3.624108373769403,-0.9447618909407488
-3.6417817341592142,-0.9610086128658603
-3.6642251796034713,-0.9809621881102621
-3.686818898145465,-1.0007308522556067
-3.7097357095046712,-1.0201283726761146
-3.7326441813692384,-1.0394594944509334
-3.754829596517747,-1.0594925430693054
-3.7755304088245416,-1.0809962352043916
-3.794468516249966,-1.1040295769183117
-3.810570035296256,-1.128651073370217
-3.8248355381187045,-1.1549382764460492
-3.8386862484743625,-1.1815569756266908
-3.849857491209254,-1.2026161534706377
-3.863860993918886,-1.2290819316846138
-3.8780633292270115,-1.2555351206188408
-3.892579169428263,-1.281830702905207
-3.9077699933607755,-1.3077657979087431
-3.924466811024185,-1.3328720735500348
-3.943724793734325,-1.3561221057662725
-3.965115457084462,-1.3773948392009379
-3.988307230250599,-1.396639842129022
-4.012685522017884,-1.414282303667414
-4.032654124570633,-1.4276732456339076
-4.0577733094802,-1.444117998219082
-4.083247259539802,-1.4600129346081665
-4.108813598032148,-1.4757422175605583
-4.134608633379343,-1.4911216986902005
-4.160767578634362,-1.5059370113158177
-4.187501974045569,-1.5197068689506346
-4.214667444608439,-1.5325637926173115
-4.236789982663568,-1.5420526754068409
-4.2643070050582965,-1.5525002067954645
-4.291712203777959,-1.561811928502959
-4.318953327396196,-1.572004186971452
-4.345911204382157,-1.5847228402922395
-4.371756464693003,-1.5997130149891923
-4.396044059514817,-1.6158264961546038
-4.417230291119234,-1.6316275044833173
-4.435329437341525,-1.645554245288428
-4.454571770179912,-1.6597356263256524
-4.474740800933321,-1.674353131033256
-4.491053602279468,-1.6856882573489584
-4.5107285485386015,-1.6988143979040213
-4.531925170505736,-1.7122702598070203
-4.555845192643324,-1.7250659148252594
-4.5813637350516885,-1.7363818268921278
-4.60575332902272,-1.745607952441919
-4.629438197820602,-1.753187899348738
-4.653817049473871,-1.7593532462793051
-4.679710230801751,-1.7649673635655236
-4.70180873557181,-1.769672590745052
-4.72339559827797,-1.7742582606354618
-4.750549858895206,-1.779495116090126
-4.7760392695277245,-1.7840877708825833
-4.799985193299254,-1.7878573455097908
-4.825395123694362,-1.7910437146571676
-4.853393415590462,-1.7933733534470702
-4.881437204835161,-1.7960540556108657
-4.906842141149745,-1.8001591587863208
-4.934758976401139,-1.8068046126921744
-4.962902848989926,-1.814953921088304
-4.988467095164895,-1.8236382757997138
-5.007874470196152,-1.8314665627747388
-5.0350764965604835,-1.8430914736903976
-5.062884940947599,-1.8545414313822355
-5.091380097002621,-1.8643073924688642
-5.120343763243357,-1.872410401409084
-5.149567483998098,-1.879493840929213
-5.1790778159717625,-1.8853776730361558
-5.207770349143527,-1.8895639805580153
-5.233638547632403,-1.8927261437533607
-5.255136628245188,-1.895544069346726
-5.280370964641735,-1.8991426784985208
-5.303048758760404,-1.9029127394452918
-5.321422185610405,-1.9063445378634574
-5.34411330888559,-1.9114824087969988
-5.367155707489801,-1.9182691039394417
-5.3838200707779995,-1.9245970894990223
-5.402121838299107,-1.9337638630908103
-5.420123963705894,-1.9456793497235072
-5.438989711241355,-1.9607490009000297
-5.457320282156124,-1.9769912035222141
-5.470913046634159,-1.99012724066963
-5.486974414139783,-2.00571336317106
-5.501012037274835,-2.0186581354205293
-5.515335553701726,-2.0312566387963793
-5.531171158556503,-2.0445850428744463
-5.54973436074278,-2.058620176223534
-5.569356707322861,-2.0709593907794037
-5.58497186336724,-2.078244829220803
-5.604543752255726,-2.0844707400024785
-5.624340158037013,-2.089017190786408
-5.644939340571942,-2.0934456284713283
-5.666467265636684,-2.0987302007343778
-5.693003865938308,-2.1064716665745595
-5.720043206290466,-2.114971945358023
-5.747316183516765,-2.1227812140293087
-5.773912547488492,-2.1305941287533225
-5.797249605983621,-2.1375095664917927
-5.815067087230164,-2.142492601924141
-5.838938381944212,-2.1486868135514894
-5.861119529743984,-2.1540712187991518
-5.881468497569813,-2.1592834786448796
-5.901684162328266,-2.1648483551431315
-5.928257513177013,-2.1724472590480586
-5.955724125995646,-2.179938474875128
-5.983114169330512,-2.187002783952155
-6.011621773666116,-2.194748333643712
-6.040540850921013,-2.2025205577206064
-6.0692706874174664,-2.2100332816418646
-6.097982743723217,-2.217388855521369
-6.12627005284358,-2.224470544344021
-6.153287754703493,-2.231176568004397
-6.179413435004522,-2.23724499091051
-6.207669534750919,-2.2440782705598
-6.233486568981636,-2.2518500745894667
-6.252103172419773,-2.2589486413675495
-6.273425693419803,-2.268592910026633
-6.294733876214495,-2.278566580303951
-6.315873026272423,-2.288750626947343
-6.336785088738782,-2.2996579230177865
-6.35902188135079,-2.3110930040475623
-6.3841591484519205,-2.323818838212231
-6.410038165757122,-2.3351275679303063
-6.432669065005218,-2.3423060074539626
-6.462191170945645,-2.348483212795933
-6.491899679100775,-2.3529445424465805
-6.520237682665253,-2.357457354955468
-6.547517009779903,-2.3627581766125774
-6.57471876848329,-2.3690552448021656
-6.6034310005195955,-2.3763693524023854
-6.6314058075380515,-2.3829715866780874
-6.660651965421918,-2.388944546678584
-6.683747803230686,-2.3937050571800005
-6.717200962611462,-2.402913589797899
-6.739048205710153,-2.4107388209223886
-6.766361735044949,-2.4208533034143396
-6.794459454057593,-2.4295910448839697
-6.823989139571519,-2.4357344089810598
-6.853751673414408,-2.439921905199947
-6.883371704769463,-2.4441815834021106
-6.912461177772626,-2.450324884466563
-6.940990393748998,-2.459028462555361
-6.968828828395082,-2.469896349788601
-6.996316325748852,-2.481804867901462
-7.018187854187682,-2.4916685081933005
-7.045651265999288,-2.503825016858212
-7.073324452388204,-2.5154919884851337
-7.101387484044321,-2.526309009654628
-7.12993598326476,-2.5358527634646175
-7.159004413493449,-2.5436357208923437
-7.1881138675673615,-2.5508260341265263
-7.216982425730595,-2.5587116768985996
-7.245240266223093,-2.5682774147619005
-7.267275917901277,-2.5775472533875634
-7.294302478823204,-2.590400299340169
-7.321353046305595,-2.603476150918827
-7.348856748547949,-2.615652752111347
-7.3769494709970544,-2.6264150039093783
-7.405161019865692,-2.63654351976868
-7.432922069251576,-2.6476722136161706
-7.460404607666435,-2.6596719122370236
-7.487944191080203,-2.6715701356338153
-7.5154457321256105,-2.6835695181630137
-7.542987703373349,-2.6954567765236113
-7.565005500604697,-2.705005942776114
-7.592272944787125,-2.7173733677477534
-7.619031038792567,-2.7307345473938045
-7.645171026917677,-2.7453099105875487
-7.670650153876857,-2.760939229962695
-7.695121262326892,-2.778063537693466
-7.718267687648611,-2.796902235683448
-7.739216436141498,-2.817971712226094
-7.753589807829792,-2.836926413841015
-7.768722298325219,-2.8613216314295595
-7.781567346918057,-2.8862949114106313
-7.792862643936378,-2.9100716526550996
-7.804637246895086,-2.9362100128204522
-7.816084986818098,-2.963810421420028
-7.825482612549496,-2.992045962924056
-7.830931337502046,-3.0152344064175143
-7.836209866949735,-3.044263949636948
-7.8404567223929735,-3.070428485883064
-7.844181372800411,-3.0991596978718854
-7.846412141260451,-3.1281652639075586
-7.847568896769592,-3.156672311429503
-7.848238559076257,-3.1785656370773707
-7.849792042611298,-3.2072383196271206
-7.852968674324626,-3.236364975567279
-7.857409630084782,-3.264032336551129
-7.8624143689729955,-3.2902002950465197
-7.866836872685597,-3.313815226991381
-7.870246593932539,-3.336924715109266
-7.872777075180393,-3.358461916848059
-7.87462987747355,-3.376399187337934
-7.877025723401039,-3.3996488306048245
-7.878215414371022,-3.424631485526349
-7.877925987472386,-3.4514932513128995
-7.877083285805978,-3.4814017682526175
-7.876140178663186,-3.510997160130303
-7.875175264445535,-3.539876671997695
-7.873497350100878,-3.5680826942593176
-7.871578815726613,-3.591917889681466
-7.868105025683299,-3.6204299308331054
-7.863324700344351,-3.6499921632811887
-7.85747975486546,-3.679322346395123
-7.850184391914443,-3.7083246281347457
-7.841650937435318,-3.736946810131301
-7.8329009526444855,-3.763226469368259
-7.82474313395039,-3.7882033403367763
-7.818705686716992,-3.8107145157762337
-7.814659946411374,-3.833808786127395
-7.812514092925604,-3.8525062410856177
-7.8112592654137885,-3.8778400229212635
-7.811505258496897,-3.9053754606627327
-7.812019622144228,-3.9324375831606884
-7.8125110300940115,-3.9599067927145923
-7.812930454726271,-3.9818344244594877
-7.813365171015202,-3.998207172193552
-7.813749695711574,-4.02209205312437
-7.81300091693489,-4.04986677089345
-7.811510747443834,-4.079728101138163
-7.810430280234446,-4.109747784317077
-7.809697592989745,-4.139724151735707
-7.808464300461004,-4.168869745480656
-7.806244598227723,-4.197782762218281
-7.803216009306512,-4.22150602853141
-7.798186407977468,-4.250953044017659
-7.79323423626592,-4.280526022513816
-7.790012698967999,-4.310407460737372
-7.7884741321146205,-4.340435770560812
-7.788278647717573,-4.364450807829839
-7.788551507650271,-4.394432816043456
-7.789181391856749,-4.424255527825229
-7.791119982077342,-4.454186841850619
-7.793697274004233,-4.483489690229522
-7.795360246231242,-4.509857263419175
-7.797133068279708,-4.536425934752979
-7.799264283237379,-4.560835622870947
-7.802147726895543,-4.582914815093082
-7.806293846956695,-4.60471233100127
-7.809574902675158,-4.621110026992732
-7.813357094531427,-4.639236929728912
-7.817478857187865,-4.658370646775803
-7.82292034767603,-4.682823557157866
-7.830116018096542,-4.711842465980416
-7.837925192687459,-4.740678926474592
-7.844156032522682,-4.762322937718378
-7.852443276869567,-4.787914106422498
-7.862939032086561,-4.812411104012385
-7.878031089374494,-4.8383532444286494
-7.895211495779766,-4.863062788875638
-7.912505156836019,-4.886986297201345
-7.925261979507872,-4.90616352067012
-7.936057380658643,-4.925235758280884
-7.943268892133185,-4.940528096570065
-7.9491431380693705,-4.955295620881863
-7.955208196326488,-4.970381840765227
-7.964175202344585,-4.989220100694029
-7.977598007033914,-5.012035888666973
-7.995040912349435,-5.035700208113335
-8.00997761463582,-5.053759028145976
-8.028114053909256,-5.075633710653382
-8.045468576143923,-5.096548986695904
-8.06272308400103,-5.116373660874721
-8.07839093965618,-5.133531933750638
-8.092122331742994,-5.147175756811959
-8.104913447116413,-5.15903213962382
-8.117271610268443,-5.171219221416807
-8.126342819476267,-5.181805781679399
-8.13676745820027,-5.195972207027364
-8.147922664163502,-5.211770337660975
-8.162101074033924,-5.231251316214879
-8.179036314842698,-5.2529876076954505
-8.196280558879582,-5.27394007066054
-8.213691783472315,-5.296400659482244
-8.231012871764184,-5.320667008073568
-8.247190234966718,-5.345821127854252
-8.26265437064188,-5.371522493427823
-8.275388399167886,-5.391916056779759
-8.291860023023208,-5.4170376461958725
-8.308991995659964,-5.4417369771754265
-8.326584558743917,-5.466041816969226
-8.340700624259636,-5.485471429757874
-8.358943514650168,-5.509370820773258
-8.37803304384733,-5.532592684704934
-8.397985013997218,-5.555089208012393
-8.418103521391458,-5.577012682002412
-8.43746815818661,-5.598376940346444
-8.45740230234502,-5.6203231863674645
-8.478240092028576,-5.642006915066029
-8.494830244876612,-5.658077415197023
-8.515765675180104,-5.677368798097442
-8.535967026899428,-5.697233252898777
-8.554430110277544,-5.719491817781188
-8.570117330906939,-5.744624724697822
-8.583075463377996,-5.771371194098198
-8.594944915590414,-5.7988009019457705
-8.606994843836809,-5.826224839049794
-8.6207282950566,-5.85247909063976
-8.635312982125965,-5.875393889492928
-8.650341170571018,-5.897145988288948
-8.661919585291939,-5.914727771103756
-8.67457851579214,-5.937075903010347
-8.686068894805436,-5.959872381339634
-8.697880192628372,-5.982289098972508
-8.711619383080853,-6.005822436978353
-8.722502616559598,-6.024322011020053
-8.73469517927644,-6.0456552818234925
-8.747574813909262,-6.067950696706733
-8.760864646746663,-6.0904207285391205
-8.772084049453708,-6.109171812001275
-8.784884462259587,-6.131297550306315
-8.798345585923839,-6.154762691132287
-8.811591002287352,-6.17709751668014
-8.825011215665214,-6.1983448938299475
-8.83837372207708,-6.219254325806395
-8.853914524148395,-6.243932891945319
-8.866591785435435,-6.26429431658266
-8.882144388738348,-6.289900555145151
-8.897085482462117,-6.315855868802336
-8.911550897818067,-6.341346775096264
-8.924286998687071,-6.362685860116547
-8.935974126359406,-6.382066501735054
-8.947416923780285,-6.402352535704732
-8.956877106492678,-6.420903082093837
-8.96861723769598,-6.445157081038768
-8.979616772272198,-6.468889323371132
-8.990149921115647,-6.492735240441811
-8.999884755915842,-6.517621234457086
-9.00801930049756,-6.540699676371364
-9.015062215246228,-6.5627211309500675
-9.021375681803901,-6.5844537170363875
-9.028423279739876,-6.609419701068429
-9.036224497378287,-6.638088468333638
-9.043380626994884,-6.667154287045362
-9.049642907386698,-6.696430146880086
-9.05406236687969,-6.719975233428236
-9.059115663109692,-6.749518266888564
-9.064055888104185,-6.778822799482953
-9.069145664848072,-6.808387150827673
-9.073846258557989,-6.8379664983935
-9.07801936678377,-6.8674372499724186
-9.081827032325936,-6.8970800589947325
-9.084470910675064,-6.926886982133063
-9.085769899883852,-6.950357311400065
-9.086303753178846,-6.974768146566486
-9.085837855200433,-6.995946479568566
-9.084229500384783,-7.015482231948473
-9.080322798334294,-7.0393276463801895
-9.075098880003669,-7.063817892720504
-9.068238000030775,-7.087770918050571
-9.059179234956817,-7.111064502727916
-9.049393959395148,-7.134200420604463
-9.039793424300294,-7.1574486105987045
-9.032900981223616,-7.176442254287663
-9.02566010416563,-7.200555670278304
-9.01908736599657,-7.22488658770875
-9.014353901984274,-7.24970633656399
-9.011067464145052,-7.274673970378668
-9.009178027407229,-7.299880401237292
-9.009701637086033,-7.325128379038945
-9.011715507385007,-7.351854828558836
-9.014720559968586,-7.375606200184316
-9.019302331266651,-7.404982249693714
-9.02395688239491,-7.434379039057907
-9.02920076015389,-7.460548088643264
-9.034519390901671,-7.483771429305398
-9.04011276161762,-7.507998599858039
-9.043639609833544,-7.527481455863573
-9.046568112615438,-7.553247875040196
-9.048891626171537,-7.579347966438059
-9.052273423832874,-7.6075440419033225
-9.055766531104362,-7.6363643990124945
-9.058429847580522,-7.666130695124487
-9.060484035175953,-7.69000016771423
-9.062752550116095,-7.719802128304512
-9.063661031957823,-7.749740595169161
-9.064646053537091,-7.779746621716662
-9.065118969170534,-7.809487731632342
-9.064603266251998,-7.833132439866859
-9.06419979268964,-7.86262363071775
-9.063347807668002,-7.891958999543477
-9.06136403102536,-7.921314191857407
-9.05928686326557,-7.950635698095832
-9.055727294100762,-7.979739654642745
-9.052120536017453,-8.00300878228508
-9.047568583149745,-8.032048711608596
-9.041789558227324,-8.060840375890146
-9.035828685611449,-8.089700300508017
-9.0297840905017,-8.118437036224057
-9.022492240246027,-8.146911154092589
-9.01507848080734,-8.175383815597495
-9.006531327252905,-8.203424145217346
-8.996745827478543,-8.231161304344715
-8.98857338638461,-8.253175538419969
-8.976901927616147,-8.280091478290858
-8.965496078954349,-8.304952376255457
-8.955186239550661,-8.327775497758607
-8.94592630375762,-8.351595732943942
-8.940221128868679,-8.371223842750435
-8.934113359643645,-8.396836667216974
-8.929550496289394,-8.42334139177969
-8.928492995504811,-8.450270385941964
