11.683610342362277
11.709607061900126
11.728006639355332
11.742006559353888
11.74613772509761
11.74614078521046
14.211245011317583
14.211301081399377
14.211337891680696
14.211346194842237
14.211366398218857
14.211413255023087
14.211434045225936
14.211450542244208
14.211475602262867
14.211478280948446
14.211499168719898
14.211501686680888
14.211511054638454
14.211515283115451
14.211518413177012
14.211520804486447
14.211522287417083
14.211523555118347
14.211524250336925
14.211525066837858
14.211525308998219
14.211924280140321
14.219919575518869
14.23791814871927
14.26338287446986
14.289381287276456
14.315376338576808
14.341372770411054
14.362170786506876
14.388167541937259
14.414163743337728
14.440160515065196
14.466157383912618
14.48695455492731
14.512951314817675
14.53894795532515
14.564944552383666
14.590941204908702
14.61693803596574
14.64293459735923
14.663731944768772
14.689728537472277
14.715725253474263
14.741721928014561
14.762519429310379
14.788515853789626
14.814512608645527
14.840509431133821
14.866505903944695
14.892502561478503
14.918499376631457
14.93929651074315
14.965293061650987
14.991289998827625
15.017286496954462
15.0432832176909
15.064080545965043
15.09007705381213
15.116073893150652
15.142070667261793
15.168067031973674
15.194063673338178
15.214861183626748
15.240857978143005
15.266854322786344
15.292850984448945
15.318847699052148
15.344844330802804
15.365641648290378
15.391638376891972
15.417634832262737
15.443631619833196
15.469628226346412
15.495624846117149
15.521621514096905
15.542418820733502
15.568415529317685
15.594412154971671
15.620408682933768
15.646405353077881
15.672402074760807
15.698398802929741
15.71919594298618
15.745192652624224
15.771189411293303
15.791986621509713
15.817983133574506
15.8439798414332
15.869976472112631
15.895973107706372
15.921969712651945
15.942766995212747
15.968763719098565
15.994760452916514
16.020756869695422
16.041554211697115
16.06755093738884
16.093547464373422
16.11954420662907
16.145540900637624
16.17153730492696
16.19233465574061
16.21833144185843
16.244327941331704
16.270324509881675
16.29632120886367
16.32231781585094
16.343115072451134
16.369111841776252
16.395108332360078
16.421104951869893
16.44710166382319
16.47309819939271
16.493895590391087
16.519892260989074
16.54588885574105
16.571885535214967
16.59788207670317
16.618679279308346
16.644676101774582
