2.1807452430582086,1.0451361708998743
2.196936070170788,1.0654753182196735
2.209252045951161,1.0812342102260228
2.2146119792875205,1.0882119032509188
2.2161417300236166,1.0902292032015612
2.2161400042394312,1.0902273288324151
3.305743172921881e-05,2.2414294195098387e-07
8.919152020042089e-05,2.8613198519693075e-07
0.0001202981034124077,2.5163300738512215e-07
0.00012465996853736655,2.1496524421992364e-07
0.0001044566452521354,1.6699645805173396e-07
5.759991773749562e-05,8.024729074498684e-08
3.653974794020823e-05,4.489889402743465e-09
6.006957480503803e-05,1.0924338799801042e-07
8.010626542075564e-05,6.76479777941309e-07
7.174786736257081e-05,9.222826351553699e-07
5.298185803166656e-05,1.0397170274384705e-08
5.993814417615286e-05,1.5741888627371703e-07
6.670566296499421e-05,2.7002760430974516e-07
6.123151764479622e-05,5.285430108947347e-08
5.9391802230526544e-05,4.576169527122776e-07
6.177930209290719e-05,3.2272442892074254e-07
6.317312073968226e-05,5.717694427140827e-08
6.169084907384024e-05,3.136860452136618e-07
6.136332654615256e-05,3.075806595501166e-07
6.220537437066166e-05,1.336466708720684e-07
6.212057667899725e-05,3.6938549670255313e-07
0.0012603892952685516,3.082918709997785e-07
0.011256821826567353,-8.109436817653361e-07
0.031256861031198735,-4.739315435704441e-06
0.05712151047995573,8.2921461382605e-05
0.08311679080477513,0.0004115313403500219
0.10390803555690765,0.0008492061736805653
0.12989318457073162,0.001613367392320014
0.15587134531734007,0.0026188864850805863
0.1818378754135873,0.0038663058941800156
0.20779152057508593,0.0053544514604100665
0.22854424091522713,0.00671854702682699
0.2544699272408586,0.0086413692112179
0.2803762277154743,0.010804417876461447
0.3062615240354919,0.013208005537282259
0.3321233923022177,0.015852741613921133
0.3527943831116243,0.01814120116256259
0.3786084413209628,0.021217798388671535
0.404392633776631,0.024534268291274773
0.4301449106728997,0.02809026798378055
0.45586326595501053,0.03188539016642633
0.4815447951766623,0.03591939723078081
0.5020625078421188,0.0393184395807514
0.5276732849560823,0.043781518499612385
0.5532413050636723,0.04848240058438201
0.5787646096925133,0.053420900419202576
0.5991495564250432,0.05754228350660691
0.6245867987557898,0.06290682631260602
0.6499727800450654,0.06850774060108096
0.6753057581953028,0.07434433202666059
0.7005835133519416,0.08041611819011768
0.7207644217588665,0.08544251431063139
0.7459367723849593,0.09193626747870877
0.7710478390877816,0.09866371922106038
0.7960953997936207,0.10562443625884585
0.821077053343064,0.1128174111169115
0.845990977985419,0.12024239311044968
0.870834645305742,0.1278985907844981
0.8906574667566717,0.13418954985063838
0.9153696619167003,0.1422602853648317
0.9400058088644403,0.150560415110338
0.9645637281076378,0.15908911954493038
0.98904101735648,0.16784560676000432
1.013436207544304,0.17682937041321847
1.0377467870436488,0.1860392994352002
1.0619704299739143,0.1954747674985832
1.0812857329971937,0.20318541355345518
1.1053484437843946,0.21302468137224145
1.1293185852123542,0.22308741306049643
1.1531940214110763,0.2333725557195554
1.1769729862335176,0.24387904321061046
1.2006532848013889,0.2546062749639551
1.2195250312190387,0.2633460864586326
1.2430226816822996,0.2744679061622098
1.2664156991075426,0.2858074474062763
1.2850536050564338,0.2950354108141707
1.3082537739687943,0.30676500117507666
1.3313439698130198,0.31870942370198735
1.3543218167470676,0.33086797824111347
1.3771860086501504,0.3432398564815185
1.3953939506651736,0.35328966091761227
1.41804771349722,0.366042320943562
1.440582229874532,0.3790047031960614
1.4629952551017449,0.39217609655312363
1.4852846693967012,0.405555089835345
1.5074489864107288,0.41914071501035005
1.525088918074658,0.43015726876293164
1.5470227054976788,0.4441118114923115
1.5688261212632715,0.45826972892438744
1.5904967508022552,0.4726293423115317
1.6120329054392446,0.48719024729226296
1.6334331035076752,0.5019502412546056
1.6546949691422541,0.516908689938492
1.6716038130471107,0.5290174865817588
1.6926126604512275,0.5443292994099267
1.7134780074769345,0.5598360979216802
1.734198626750303,0.5755361034071127
1.7547722247619466,0.5914277453415303
1.7751971154814403,0.607510213360107
1.7954719907265488,0.6237815275652966
1.8115822989186225,0.6369340860986104
1.8315818248319928,0.6535426625765575
1.8514263675437308,0.6703358015521499
1.8671888884590258,0.6839030611983612
1.8867495919024906,0.7010263873156941
1.9061504602324557,0.7183307117532473
1.925389372519328,0.7358142284799011
1.9444649285387272,0.7534762700889477
1.9633758397215164,0.7713146581348411
1.9783844918052405,0.7857114083646638
1.9969941181490327,0.8038638936835322
2.0154344600301113,0.8221882592441628
2.030063352704758,0.8369705378798573
2.0481941623813267,0.8556011479873487
2.0661512970980738,0.8743992098187795
2.08393306112639,0.8933633555783183
2.101537449725736,0.9124919528150411
2.1189633631588958,0.9317834346912551
2.1327747607873495,0.9473326880460637
2.149875565642436,0.9669128856199019
2.166793527146974,0.9866511646866528
