-8.487754872026294,3.6421138538637137
-8.511730324974412,3.64437591236264
-8.529645205253598,3.647059741759241
-8.535580488325893,3.6482304167625306
-8.541093390556462,3.64947382155859
-8.55084939464969,3.6520837554462737
-8.56883698084754,3.658634084383886
-8.579055623100523,3.6636071898779434
-8.586107975248705,3.6676434272874774
-8.5908330077345,3.6706521726628316
-8.591605534856853,3.6711687481425486
-8.591603396960759,3.6711679720235297
-8.594432604896678,3.6730490956283557
-8.598527387789211,3.675590081002703
-8.606636740693776,3.679741798095663
-8.623504235349333,3.6862058361953673
-8.64764691244498,3.6924052378023284
-8.676046837091858,3.695549581069583
-8.69684467799643,3.694988497406112
-8.723694824244,3.691028730151434
-8.752248666842474,3.6832628660113813
-8.779578748885147,3.6716131868836364
-8.805147519472303,3.6564003407448697
-8.828627975641531,3.6381629720038933
-8.849092477787009,3.6167110532609943
-8.86584243023952,3.5921623574998462
-8.880029478346787,3.565880513818902
-8.89335977680241,3.539007234252325
-8.906042502159785,3.5142728686559943
-8.917083165012583,3.4931754881823696
-8.930600824155688,3.4667334026599486
-8.943333640459285,3.43991219504176
-8.955506093956911,3.4125426661840668
-8.966751394376232,3.3849827934682293
-8.976934770412889,3.35749559081221
-8.984011784356127,3.3375380275162745
-8.991502572532823,3.3135780318631154
-8.997852504984687,3.2878160544508908
-9.003648663229864,3.2585783312494434
-9.009082205698496,3.229374465890304
-9.014519077449666,3.2027851072732454
-9.019639993208287,3.1811531754204143
-9.026264093963869,3.15573806539949
-9.032242562399626,3.1319267601676586
-9.037190686669192,3.110060134712677
-9.042316719945683,3.0855467966612196
-9.047442123075916,3.05648097143272
-9.050969514349116,3.0290315860693
-9.052745515716493,3.00196831308678
-9.052821724535153,2.9773309624477813
-9.052343499976027,2.953663838607883
-9.051834328160242,2.9361570542415505
-9.051040711354783,2.916897533459018
-9.049838231335528,2.9002941666220083
-9.048290595718019,2.884353558783346
-9.044924927394526,2.8577564353572833
-9.041549644614017,2.8348014225311693
-9.03909356372994,2.8180929626458022
-9.036877451370346,2.7983150505663636
-9.035349834937254,2.7805160669377367
-9.033566073638424,2.7631073102216637
-9.031339901672363,2.748071801808638
-9.028649643994205,2.733341506787962
-9.0263575628277,2.7192656005498415
-9.023996003589339,2.6975545801946934
-9.02280974545472,2.6747665966296545
-9.021546869751177,2.6509192693957706
-9.019253768505527,2.6229148012776236
-9.016383608005427,2.59305012875371
-9.013425252731876,2.563218149341943
-9.01031186158635,2.5333805245059557
-9.006912515072507,2.50362890684776
-9.003593318120492,2.4798753956758337
-8.999629806022996,2.450098363558964
-8.996209283704347,2.4202942806909316
-8.992444070014994,2.3905534362809195
-8.988576270485787,2.36079916486864
-8.984560361891008,2.3310934502827636
-8.980043174965003,2.3014779067156255
-8.97505196058834,2.2719007260228583
-8.970171396590455,2.2422949042922378
-8.966498540982762,2.2185384752781125
-8.962714074158795,2.188701609704939
-8.960592118060568,2.1586778527054924
-8.95982725308804,2.128621950931719
-8.95967751853807,2.09860971242578
-8.959659933596203,2.0686039738816713
-8.959652976537784,2.0385874433474376
-8.96062342450918,2.009379705562884
-8.962123916256584,1.9863964842795452
-8.964707994260044,1.9572086068347552
-8.968238268205239,1.927761920920497
-8.970745925752857,1.9042089868109173
-8.973364064815263,1.874733103571366
-8.975904083854282,1.847969693576627
-8.978565325289715,1.8224825201913624
-8.981491323234176,1.7945803391555164
-8.985405108274024,1.764884810950426
-8.990192446348289,1.7353339278677307
-8.99503625325629,1.7058635060927991
-8.999498059685278,1.6762759767600643
-9.002698935581884,1.6525068412179729
-9.006572483130475,1.6227818310049222
-9.009533574628367,1.5930100326858143
-9.011339371843405,1.5631229755404186
-9.012268390264488,1.5391661010680193
-9.01284646718149,1.5092452011394522
-9.011664061160808,1.4794241906616343
-9.007926172179383,1.4498129995956728
-9.002585877409532,1.4203528673682475
-8.996480684628898,1.3910330481577577
-8.98938045407271,1.3619668248431822
-8.982857975129221,1.3389192453073469
-8.974037729720408,1.3102958556673823
-8.964439194177775,1.2819414249474663
-8.953658873728093,1.2551189409811605
-8.942137502739365,1.2331466675416483
-8.928530034358102,1.213134775244696
-8.911447083086145,1.1928787305746957
-8.895520153700277,1.1762700764818486
-8.878260776668048,1.160481763510788
-8.861558101464903,1.1467032425802404
-8.840594773274304,1.1303663047375507
-8.817374947554228,1.1134061534054496
-8.792537505735844,1.0969032204586218
-8.772930667429502,1.084988438490226
-8.745329754882254,1.0700241146046363
-8.725594116200725,1.0601201891369436
-8.698807095891198,1.046928636838499
-8.672044939953029,1.0332676347306906
-8.645813870903602,1.0185116265604914
-8.620535916579644,1.002099718019359
-8.596631960477353,0.983776574984923
-8.573717819108868,0.9642914793535601
-8.551489651340926,0.9440937940067324
-8.529330862817334,0.9238978042716497
-8.507210635858538,0.9035830233231934
-8.489870718081992,0.8869410541715567
-8.46834164426905,0.8660499841452116
-8.447099222078833,0.8447832042024691
-8.426541640590772,0.8228580471053659
-8.410558839312896,0.8048877675853625
-8.391202370253106,0.7819285948069294
-8.37193202457548,0.7589662148980345
-8.35233573614348,0.736276120958793
-8.332453248368829,0.7138419293299083
-8.312529021432907,0.6914012212562131
-8.29363339149712,0.6695960697993752
-8.276409084368646,0.6483260811714837
-8.263311436463281,0.6315754770233883
-8.246143476792327,0.6085039415046068
-8.22907924527323,0.5845238774399207
-8.211933231053699,0.5600459442444028
-8.194945948786156,0.5353714427555782
-8.17842602966259,0.5102664527402789
-8.164490344248902,0.48778859644222006
-8.152803672612558,0.46831651499128196
-8.143942618010335,0.45340925767548473
-8.135244936630333,0.4382206867778636
-8.12672557444156,0.4219021180633011
-8.11788559930769,0.40297395034942596
-8.106285275014079,0.3766208499312485
-8.09533874554875,0.35174588470486273
-8.083908257869384,0.32566596530256114
-8.072484595188289,0.3005670128314974
-8.063542500782988,0.2814169193791833
-8.053336299892253,0.25857281394467646
-8.043301002682599,0.2330639764856796
-8.034899382922854,0.2077327540224085
-8.027479299587037,0.18356628061532418
-8.021799239530084,0.16490769538347302
-8.015622191746308,0.144713256341602
-8.010143664878635,0.12517230286505918
-8.003538316118396,0.10105880633464655
-7.997337066559837,0.07839484190825288
-7.989954273961095,0.05044234373442937
-7.98297562497803,0.023443370914437493
-7.976701284667186,-0.0018670266604917302
-7.96998233801846,-0.028536789678049505
-7.962511761154601,-0.054853080965009834
-7.952971803652007,-0.08318457600476739
-7.942043831658377,-0.11056252538774897
-7.929592831875517,-0.1376997515815311
-7.9194289766495665,-0.15823533797186692
-7.907300270447048,-0.18063691843368873
-7.89624449718724,-0.19921160006960062
-7.882276895054711,-0.219208482533644
-7.864541213978102,-0.2405075942515287
-7.845164232810774,-0.26005731841917606
-7.829046382694539,-0.2751314211793359
-7.818182132272691,-0.2850393559754812
-7.8021520954714925,-0.3006160264864529
-7.782178048248253,-0.3214378442160767
-7.761604577199921,-0.3432706397824045
-7.740892695582889,-0.36492941171198556
-7.723902043536176,-0.3817916220978885
-7.702402188164544,-0.40183651121166586
-7.680078539069892,-0.42184205309374134
-7.65762630341521,-0.44186767148684236
-7.635715313730611,-0.4624224984163961
-7.614162734454673,-0.4833286701553075
-7.592828096976436,-0.5044139668144928
-7.571216104193956,-0.5251764720866791
-7.550191349101979,-0.5454260600655167
-7.529244309552046,-0.5660956046734285
-7.509414248877826,-0.5864396982537787
-7.488975161869141,-0.6083026264114505
-7.468969050908542,-0.6305736395194418
-7.448862648732437,-0.6527385150162653
-7.432409774039059,-0.6701607834942582
-7.412928493758839,-0.6899859909926236
-7.397408843199288,-0.7046759963785185
-7.380701103110186,-0.7199959668543227
-7.365047343133987,-0.7345987376226277
-7.3512401017787825,-0.7478492431028598
-7.3365659951177395,-0.7621755905073303
-7.319303287225017,-0.7789996246223214
-7.298359778670928,-0.798728501593635
-7.276121591938307,-0.8188037421637807
-7.25376141795021,-0.8388364461947275
-7.231920035491423,-0.8595227729944271
-7.211071431781065,-0.8812162901203023
-7.191266187612351,-0.9038435417247064
-7.172211157187869,-0.9270772270046528
-7.153541670871004,-0.9505758777832054
-7.1350198676638446,-0.9741857282484819
-7.1163568925442,-0.9976068945505259
-7.096722117944704,-1.0201624494143524
-7.07689049404814,-1.0413474629920312
-7.060885605944229,-1.0580034791184119
-7.039639676940048,-1.0788128431961495
-7.017461920780602,-1.0983401989924206
-6.9896766908867995,-1.1208934798529389
-6.970932179577325,-1.1357568930254016
-6.943174213937298,-1.158628780157926
-6.920789346359489,-1.1785803593291486
-6.899118788802864,-1.1991991478773172
-6.878234154734736,-1.2202216567418511
-6.862438273956883,-1.2362407761753076
-6.841818628884318,-1.2570153681553753
-6.822988981341933,-1.275801574236117
-6.803879328052612,-1.294813843364152
-6.78321743847316,-1.3164064599188077
-6.763571791429319,-1.3386926147452007
-6.746773898637518,-1.35900033849295
-6.730016331076336,-1.3789698876730465
-6.713315537002968,-1.3977243290361259
-6.69696092122305,-1.4156988601422196
-6.680354462392025,-1.4345327757635211
-6.668662900359077,-1.4480588213055725
-6.655337012542598,-1.463416788128088
-6.645404789665335,-1.4746228197177562
-6.624446842430212,-1.4977235625184873
-6.608018444895951,-1.5151098256065145
-6.586646335515719,-1.5358718940430758
-6.56400087070285,-1.5554054646891013
-6.540499459970503,-1.5739291918813654
-6.5212111485869,-1.588089619442216
-6.491160708407966,-1.6076845327760168
-6.470600888702691,-1.62003075902618
-6.444888625707865,-1.6355506087778138
-6.419613948402273,-1.6518422385454363
-6.390182930355048,-1.6727135368323574
-6.371119975058511,-1.6873970075240765
-6.347824401799929,-1.706356771591166
-6.3249404432052625,-1.7258096280093198
-6.3022494840132115,-1.7454705417177956
-6.279907364460025,-1.7655270685091211
-6.257712914768522,-1.7857228882602691
-6.235689476584259,-1.8057838217911382
-6.215854875452043,-1.8237032700508415
-6.198568263743295,-1.8391026211415205
-6.178215982201812,-1.8571677279072893
-6.156646227542187,-1.8769637306211637
-6.135257819091089,-1.898107197552878
-6.114478045275227,-1.9197588143662974
-6.09353247805469,-1.9411924354429977
-6.07213650996339,-1.9621298624645866
-6.0545357831692135,-1.9783952035768482
-6.027825810136554,-2.0025109616525762
-6.005424302759634,-2.0224866365642944
-5.987775981667098,-2.0387963767359043
-5.965904288577335,-2.0593132276553843
-5.943696830931241,-2.079422165255582
-5.9210962951961355,-2.0990759423019267
-5.897913259831797,-2.1180363785674965
-5.879043432975931,-2.1327973287700535
-5.854880920238108,-2.150423679844372
-5.82979587077143,-2.166637874327855
-5.803730792147316,-2.181327917975071
-5.777359963619997,-2.1956927470624508
-5.7516185897769585,-2.2113404283276603
-5.726747010289263,-2.2281805926237164
-5.702191317623119,-2.2455227509178104
-5.678455512372046,-2.2640255931888653
-5.655369063380868,-2.2831818562036448
-5.632078808369041,-2.3020143342698542
-5.607995989616655,-2.3197054900114287
-5.583150065604842,-2.336503089866964
-5.558691986817098,-2.3540653035737025
-5.535362342414417,-2.373061690325707
-5.51715043077336,-2.3887184004954825
-5.494601787298078,-2.408555567076648
-5.472445107372716,-2.4288339724106107
-5.450784796914928,-2.449659400500911
-5.429510237010014,-2.4708624371615415
-5.408790749799986,-2.4926451670796346
-5.3887029926280405,-2.514992019917599
-5.369674575993131,-2.537762150479452
-5.35571204285999,-2.5556794267094562
-5.344618040509837,-2.5707818859655918
-5.335183363354933,-2.5837613435057105
-5.325519870159689,-2.596610633542182
-5.3105645711475535,-2.6152741000195867
-5.291232113696195,-2.637463938190989
-5.271921953320919,-2.6570322618625437
-5.251431494446423,-2.675762821722327
-5.231679743591814,-2.6915912197284255
-5.204282996159469,-2.7104160032291507
-5.18272879587829,-2.725063307555038
-5.169238570231584,-2.734960449244127
-5.1520125866937185,-2.7496673739583297
-5.138437611552249,-2.7636339156199776
-5.12422354657291,-2.7790507282136274
-5.105566050210033,-2.7987247185080752
-5.084927281418723,-2.8186278658839354
-5.062222207877178,-2.8370898042173027
-5.037804039487989,-2.8523526642794073
-5.011502362843327,-2.8650471127006267
-4.9845698567810555,-2.876694032225137
-4.963138433734324,-2.8864943304303674
-4.937257331098222,-2.9006851322982605
-4.912280650191932,-2.916295193490719
-4.886936113260096,-2.9317673885480042
-4.866042434751664,-2.9434434696904708
-4.839561774697976,-2.9575515983039207
-4.814174102176364,-2.971434330435136
-4.785724817935526,-2.987665347744218
-4.760743155846076,-3.0038055881220695
-4.73706174803331,-3.0225091196423213
-4.715052343788334,-3.043048900514736
-4.694942003121147,-3.063494856869249
-4.675719861081462,-3.0844185977771588
-4.6590915520173075,-3.1046340344301875
-4.643269305617062,-3.1262914298938886
-4.630219712946261,-3.1448316916291117
-4.61437685995747,-3.166773384313362
-4.59804104008764,-3.187884461300123
-4.579152422215066,-3.2109647709748663
-4.56047993551544,-3.233039217097666
-4.5410953502027365,-3.2557442917769004
-4.522088772213161,-3.279024713793667
-4.50387304385367,-3.302939708005
-4.4862240502912085,-3.3272203894009897
-4.469313029395909,-3.350863125364221
-4.453422422154121,-3.374501977372118
-4.43820326603187,-3.3990147118780203
-4.424179132026619,-3.422856632675654
-4.409447660717979,-3.4489953989006343
-4.395157445149084,-3.475378424076392
-4.3811049926078836,-3.5019503184209233
-4.368226634097734,-3.529123931121522
-4.355985445847109,-3.5564392312772317
-4.344059219067169,-3.5839588573445966
-4.331837119715524,-3.611016953174264
-4.318622791592028,-3.6376964464017076
-4.304627748044449,-3.663315681098813
-4.292480655809587,-3.683839250302626
-4.276094333612227,-3.7085757672113147
-4.25743320256327,-3.73163602493367
-4.236305131014295,-3.7525968127435205
-4.213356469467341,-3.771671884774367
-4.189310551879289,-3.7895445620101826
-4.165358970797326,-3.8077220307556696
-4.142054911715068,-3.826658607086416
-4.123677820663097,-3.841589498452303
-4.100328801300575,-3.8603436373828615
-4.0770879059828,-3.878967098572383
-4.054978056438937,-3.8964679918160092
-4.03480422576787,-3.9123931671612158
-4.013321036426338,-3.9296309437313752
-3.9918250774556805,-3.9474612323665434
-3.9717976807616773,-3.9645694543292236
-3.950187508460613,-3.9835811775829173
-3.9282422465237143,-4.002386497352254
-3.9106476180555783,-4.01704796532563
-3.8874976612856775,-4.036116381216227
-3.864421311596742,-4.055179662358714
-3.841382673482069,-4.07440103008956
-3.8193502492866376,-4.093167601975386
-3.7986159328387137,-4.111730131844635
-3.7792094889912313,-4.1298229473750325
-3.7646487716783783,-4.143317018945445
-3.750559097904072,-4.156393644946196
-3.738182428003003,-4.167670559188247
-3.7267434282006096,-4.177512188703728
-3.7114590120355024,-4.190478093853227
-3.693639344441953,-4.205811371338375
-3.680100383387176,-4.218026970820499
-3.667326987769931,-4.22976278062441
-3.653503253427291,-4.2426738485994075
-3.642667945368394,-4.253647095151817
-3.6300157702706626,-4.267400590020461
-3.618138855964963,-4.28063256411522
-3.608303177287625,-4.291367397648672
-3.596245609224543,-4.3050352759537525
-3.583635924887118,-4.320865916242909
-3.5712876550540438,-4.336737236725542
-3.556527107452223,-4.3536916796358724
-3.5381505562188926,-4.371878256106877
-3.519340317667964,-4.389435554821465
-3.502983148575954,-4.405612524353869
-3.4912660287686488,-4.418631569918274
-3.4780240877248425,-4.435701585878874
-3.4658540641560145,-4.4533073388043425
-3.453504276893602,-4.470623331606221
-3.439837118115553,-4.486733825667
-3.424092929959729,-4.500777428464838
-3.406909098003814,-4.513265497161645
-3.3891306257439107,-4.525382178289919
-3.3719599808500327,-4.537992118885607
-3.352969977361243,-4.5539436977860905
-3.3322673753907734,-4.572349267993844
-3.311872894992725,-4.591684409844403
-3.296651436104138,-4.608062253770069
-3.278122614309952,-4.628827914228044
-3.261623493560063,-4.646121281460991
-3.24631241202663,-4.660785764448292
-3.2294373739111792,-4.676329963745632
-3.214573275132749,-4.689852229184397
-3.194304237098824,-4.708394460237775
-3.1798699660302994,-4.721353350459867
-3.1582255848706198,-4.741149860000141
-3.1365306253495886,-4.761938553776193
-3.1155441046891674,-4.783502941094988
-3.0958936385005855,-4.806337936336398
-3.0779875877716,-4.830578418486511
-3.061714475740581,-4.855891882524259
-3.04739353429489,-4.880640020189997
-3.0365775110381623,-4.901563788606536
-3.0260414827900495,-4.924739558960018
-3.0168079617259864,-4.945931566220196
-3.0062201675945137,-4.9674475128065865
-2.9939617959963614,-4.989053825495149
-2.9808714962273095,-5.010658425226715
-2.972830550142397,-5.022975464791662
-2.961696288234885,-5.040209045317167
-2.9493967129042122,-5.0603773634780564
-2.93739296154472,-5.080854477916675
-2.9251991120570766,-5.101723785817226
-2.913002148267195,-5.121781900548278
-2.9010462654296822,-5.140272237024841
-2.8878962587122263,-5.158770092916235
-2.874567996462996,-5.177001543252834
-2.8610958593842075,-5.195632814431502
-2.8486478933796513,-5.212757693496551
-2.8343957059766227,-5.23225507695845
-2.821822455307187,-5.2499112327540125
-2.807620780338047,-5.270600955377384
-2.7956603483018556,-5.28727753336401
-2.785965330813035,-5.299451489153793
-2.7714346418399494,-5.315978696925122
-2.7580184971125425,-5.330772584214361
-2.743402411574946,-5.345826074032635
-2.7256301391455198,-5.3627107168533845
-2.7077674341245044,-5.380324942794925
-2.6921123885491864,-5.398063372311508
-2.6808039006760818,-5.412273618033763
-2.6637626155962653,-5.433361681707099
-2.6498228267891073,-5.4499196042559035
-2.6387524324403575,-5.463170856886135
-2.6242732236254116,-5.479099619208814
-2.609342939290907,-5.49473880106343
-2.5941350544490125,-5.509959507330616
-2.577984135675751,-5.524217094960078
-2.5616106378631884,-5.538423265693102
-2.5441809489149363,-5.5554320594159465
-2.5252471300188963,-5.57760694345924
-2.5081903476288305,-5.602344924873182
-2.4924677372504935,-5.627783665451984
-2.479679873198777,-5.647888873155512
-2.462028944927086,-5.671717845726844
