8.133084092851535,-0.5017059732968312
8.134926601354616,-0.49288680094966036
8.136609962523199,-0.4738922634161818
8.136353484232075,-0.45965869956627087
8.135636554148789,-0.4520864204639891
8.13493540686165,-0.44706826286778134
8.134827513299514,-0.44640211362677645
8.134827029630689,-0.4464022743003152
8.13475877609096,-0.4459822572294553
8.133440065711415,-0.437958149210424
8.130482913138696,-0.4200658588269143
8.126170065891325,-0.39515155001180946
8.120114447481656,-0.3662944643709784
8.1126554981987,-0.3373116947770058
8.10407597400403,-0.3086647364401349
8.093783990800672,-0.28068855569762446
8.081224492153506,-0.25533958874230983
8.065873216539003,-0.2335469795521975
8.048334658604812,-0.2144657873663216
8.032156270067835,-0.19922836221390988
8.015566725415269,-0.18548422483808125
7.998809927709046,-0.17415303909102825
7.980087314825259,-0.1649832114613306
7.959140432626048,-0.1572832032281601
7.937486324901234,-0.15115428379004983
7.914574638713577,-0.14643208672921895
7.893247779933237,-0.14347544060063003
7.871582353886855,-0.1422697773641255
7.8469321015988625,-0.14326261627559855
7.82203466377882,-0.14527923700674306
7.7972860480489,-0.1476806949091261
7.77365374923845,-0.15064677054336695
7.749854572655424,-0.15400827241971957
7.722537321817694,-0.15847185303760342
7.6973787004289935,-0.1629007601700478
7.6718693824068565,-0.16829985742555198
7.643415384250731,-0.17456066719881147
7.620034473894676,-0.17989452912782986
7.585048834932121,-0.18828987216212678
7.5617507334868925,-0.19400410618163202
7.533603818822698,-0.20150722771465548
7.50518966931643,-0.2104104507382415
7.477895662032789,-0.22061711830932912
7.45078985527104,-0.23078878523331436
7.422158682396914,-0.23995952863584546
7.393338194742993,-0.24810626259498134
7.364798088062921,-0.25686574748477686
7.336849660598701,-0.2673899703649993
7.309111731305538,-0.27884272139472066
7.28336216692799,-0.28857042009736295
7.256236940078563,-0.2972021952611812
7.227929923999632,-0.3055610480382827
7.200541553248865,-0.31504360627991096
7.18285857905998,-0.3228441283542152
7.161444677686711,-0.3341121411328003
7.140707912775418,-0.34547705690749214
7.118270752725722,-0.35708944844985746
7.096208293586401,-0.36724127087280367
7.074983755092104,-0.37550442677814966
7.051156984275297,-0.3846234023721207
7.024013065380475,-0.3954946940407124
6.996803278789623,-0.4066835262164373
6.968792083601477,-0.4176197406121882
6.940673270029067,-0.4273180687741107
6.912419050950882,-0.43723135557672604
6.884535135909518,-0.4481208010573148
6.857276323524397,-0.4603084825113353
6.831181680371786,-0.47471559007241154
6.806714857471052,-0.4917023613142652
6.783712094606266,-0.5107968244330482
6.766643195415762,-0.5257313940343884
6.742889351359889,-0.5463170712384713
6.725680642984182,-0.5607327333607769
6.70062435394294,-0.58106645847705
6.683377290854489,-0.5942513921053758
6.658653629026077,-0.6141293489075724
6.644372415020729,-0.6276265785407102
6.632140432545635,-0.6420514986707925
6.623492599331136,-0.6554683789082247
6.6165806409914,-0.6690090215755905
6.610459140019561,-0.6840975079349482
6.602859661762616,-0.7057052639991459
6.593944808180304,-0.7327978692197573
6.5846980460386,-0.7613561269734012
6.57548212315839,-0.7898589343132381
6.56738705821848,-0.8178127410886731
6.560533333793403,-0.8439341608667162
6.555224548974484,-0.8691465309841917
6.551548479476303,-0.8938615500685549
6.549070659221319,-0.9160438757070462
6.547209841003807,-0.9396522455851194
6.545705287008229,-0.9637099647179016
6.544295663648626,-0.9886754950602054
6.543292209789477,-1.00677579286231
6.5421327704222145,-1.0271740052044187
6.540862295821565,-1.0493358727019475
6.539009694674278,-1.0748911657161397
6.535998886334648,-1.1002234305843779
6.5321515511839365,-1.1236640601360295
6.526811017645216,-1.1496057637816048
6.521002296158035,-1.1742660232112785
6.514459008302953,-1.2013300786614955
6.50807034236155,-1.2266962475631238
6.502524456299019,-1.2476895775649668
6.497248555763087,-1.2675272569953195
6.4930166783819026,-1.2838425363303891
6.488441527011655,-1.3008357059748195
6.481830508287587,-1.3236720155763042
6.473667878469992,-1.3483374150680467
6.464042548240164,-1.374540596754952
6.452809952118831,-1.402385666693626
6.441163773894176,-1.430022897091175
6.43083796836255,-1.4557726811576452
6.420853704020402,-1.4806687784398116
6.41137573704376,-1.502127138555165
6.397636527691982,-1.5277118951146835
6.380683674191296,-1.5526474892397844
6.362660829757246,-1.5763531084033073
6.345152682891436,-1.5988463551914662
6.326198993440247,-1.6216723443694354
6.3055294184778035,-1.6435894311441817
6.283077188547564,-1.663725228973046
6.260731200099649,-1.681332007228556
6.241197454218159,-1.6961157375170612
6.224420724251927,-1.7091629480972983
6.20558853517934,-1.7241134667127345
6.187252066899623,-1.7390912911181158
6.1671722866725025,-1.755982788419279
6.148268830471434,-1.7723711522591399
6.1279813779777665,-1.7903497594665845
6.10580007526961,-1.8097249344146313
6.084127984597027,-1.828224727794982
6.061486784608588,-1.8474217401093715
6.040181274985882,-1.8662002253138814
6.019038663946383,-1.8870189322173196
5.9992358414579305,-1.9090339550157849
5.983907010012091,-1.92688417549323
5.9612713124764065,-1.953834694418327
5.942230432108897,-1.9770133877940699
5.924876669789118,-1.998507135363111
5.91410139364479,-2.0120989256581527
5.901895712892872,-2.027057486327591
5.889759472012477,-2.041306033761538
5.877355389539981,-2.0554181923872625
5.865459844617685,-2.068533040105233
5.853897881596052,-2.0797187857308477
5.8393145049343405,-2.09103557189063
5.819774345290388,-2.1016032938050984
5.794028462458258,-2.109811597983307
5.766228886630014,-2.1135199998721954
5.737280437130031,-2.1124573273179195
5.70874141756559,-2.108197358228861
5.680529924777617,-2.102757170870356
5.652314312548496,-2.098106646808874
5.625656991471331,-2.0960656212880195
5.598451649184565,-2.09650974340493
5.57114763350514,-2.0980748094794355
5.5423749650733525,-2.0993680121605816
5.51577101271756,-2.09991129057243
5.493503396677578,-2.0994395776744113
5.464778986770644,-2.0982232422308313
5.437518700273924,-2.0971475530159416
5.408112693667638,-2.0957623011507467
5.378142875650517,-2.0937861258823056
5.3499429315411415,-2.0908740011689466
5.324152488201734,-2.0875981429575985
5.296799709344838,-2.083291103513114
5.269502736270668,-2.078181629462686
5.240118921474034,-2.072278405257173
5.2107893597439565,-2.065965382127556
5.181580145377663,-2.059334473881683
5.152390531336083,-2.0525234115055997
5.1232922877178515,-2.045082203101409
5.094315995880952,-2.037236921271483
5.071202699981138,-2.0307501189158437
5.042307540055967,-2.0228047386559878
5.013233259748492,-2.015689871888054
4.983906104621777,-2.00975186212638
4.9543771380506465,-2.004415974131449
4.924913490673259,-1.9985556258840564
4.895568958743713,-1.9920206758433399
4.866605639829447,-1.9835508668952717
4.838945341273841,-1.971225758436006
4.813942651184972,-1.9541400471294053
4.791591997921479,-1.9338618479004355
4.7707517521865865,-1.9121996432562813
4.750189057730512,-1.8903754248637494
4.733463601539418,-1.8732055810602322
4.712342547139284,-1.8518997235188324
4.6912521383053685,-1.8305703845187864
4.67070589408158,-1.8100109289925757
4.649351660832612,-1.7893098218193653
4.628312560259806,-1.7704701250436405
4.608512724193714,-1.7545343125429462
4.584886338597447,-1.7368759723471376
4.562848155763638,-1.7210066659481398
4.546161220435794,-1.7095817379407516
4.5298136281405075,-1.6986210788853178
4.511359491094953,-1.6850386053308535
4.49147300455945,-1.669001673284298
4.469734863911826,-1.6508622531904618
4.44690042796487,-1.6314037428752315
4.423858165114058,-1.612234223994387
4.400785281344204,-1.593508140555552
4.380347538772474,-1.5771429630745784
4.359663582390677,-1.5609227556048353
4.336952993211171,-1.5438776771778584
4.312694936193401,-1.5263184156282386
4.2931308856768435,-1.5124999419215757
4.268409204625935,-1.495641395973375
4.243084992084028,-1.4800579675987218
4.221172212212609,-1.4692826490784956
4.200187076014111,-1.4619532159277058
4.174189745171251,-1.4565083372395933
4.145028453057462,-1.4551232886145007
4.115394868296782,-1.4569976157805182
4.0859599488374085,-1.4617018211697055
4.057307463070109,-1.4695755162850554
4.030279497469994,-1.4818179527769346
4.005507839135806,-1.4980863629036272
3.9841933026981025,-1.5186252108615645
3.967321902630024,-1.5424600627113754
3.9565406799894816,-1.5657559623751718
3.948766360797299,-1.5903742280617499
3.9423949536956706,-1.6155378977677746
3.9354332426385743,-1.6418246833117376
3.9263436354870365,-1.670192402418997
3.918368489291725,-1.6925182752825036
3.908997012653151,-1.720501264302884
3.902125777811761,-1.749049604276111
3.8992407640934847,-1.7770631759819908
3.900001131385136,-1.8035124683310688
3.9043686019974513,-1.8310243361539442
3.9107316352517327,-1.858292738415272
3.9174826448003435,-1.8866189671666074
3.9237473874798363,-1.9157238655756983
3.9291924536565808,-1.9430596725537121
3.933964610948673,-1.9695062391047282
3.937967771627006,-1.9954619304956271
3.9423646854777856,-2.0192244005331785
3.947546068834219,-2.041180534851444
3.955357080704059,-2.0666396341235207
3.9650917908048227,-2.0928981486881555
3.977162015770997,-2.118998046867052
3.991634674917642,-2.1423016532163826
4.009938924660713,-2.163735170909378
4.030843481832281,-2.1816399152956647
4.054244307095761,-2.1969211264693573
4.0809631472014285,-2.209278718798928
4.10349644617255,-2.2170602255832645
4.13225763005191,-2.2252940632914124
4.157534637948428,-2.232414801931962
4.182828883224838,-2.2398309587842578
4.206661784515405,-2.2477273079323186
4.229920059504316,-2.2579790022481117
4.254576628751648,-2.272982456334702
4.278477282138704,-2.2905107285528823
4.301599847333787,-2.3094834292501902
4.323687336759858,-2.3299176660274052
4.344124300358491,-2.349724797728479
4.36604234350688,-2.3697572803115223
4.389059160326084,-2.388899213592508
4.412146666153269,-2.4071815403363086
4.433315903532246,-2.423933580621134
4.454244118759774,-2.4415585947255103
4.4753457145316276,-2.4620361571930505
4.494977017573503,-2.4847766936492275
4.512493991893279,-2.508822957591293
4.527251868912832,-2.5319387339345676
4.53993189384859,-2.553303189763044
4.552700470692217,-2.5766076253247543
4.564832568815332,-2.6002835204899424
4.57715884617078,-2.6257880499394575
4.589186092604284,-2.6511404385632122
4.600703913822706,-2.677386341020785
4.612218753470399,-2.703425117946467
4.623739045560851,-2.7299965384082183
4.631474271571326,-2.7486128233376377
4.642193549255724,-2.7755256572328144
4.652931036461286,-2.8033608900072364
4.662772464837251,-2.8312144398583836
4.671632991801909,-2.8595815614617504
4.679858712750724,-2.8884412377656226
4.6874668194441735,-2.9174824371785713
4.6943418562628185,-2.946791961928998
4.6987813943296,-2.976635316289377
4.700164396966899,-3.0046505658744205
4.699227001476659,-3.034021418971761
4.696397873277814,-3.064000078197091
4.692406371365133,-3.0924981356684778
4.6866657075600715,-3.1212709302186807
4.678540622838097,-3.150267406103937
4.668386550215197,-3.178542732330829
4.656421988981977,-3.205649526787039
4.646319153728578,-3.2273043393638137
4.63362257121152,-3.2541154374445513
4.620909696409727,-3.281166567652512
4.608041200225566,-3.3081237243832593
4.594025827523562,-3.334643123476858
4.578733013805516,-3.3603812759348726
4.562743723080334,-3.3858381892558826
4.54559656196248,-3.410559851831611
4.527842863014922,-3.4347520007869927
4.510260177339,-3.4590445079641006
4.492413927915946,-3.4832206106281327
4.4747066139780936,-3.5059682162033594
4.460354731188411,-3.524407318898065
4.4444663157479525,-3.545369919321679
4.426304336293579,-3.569077364246172
4.407210906987117,-3.592255949660992
4.386869721570162,-3.614189645742493
4.364462744890774,-3.6343517418558284
4.3435784603326955,-3.6509562060647016
4.321521294945418,-3.667799348697439
4.299158160791735,-3.6851846261183363
4.282836272783838,-3.698273934571595
4.261546362579043,-3.715498096461658
4.23858301632158,-3.7342061627724132
4.217985599427661,-3.7520986501360505
4.198236645123025,-3.770448957404575
4.179206648023599,-3.787764334966901
4.162076736757109,-3.80316767842763
4.1473966883785405,-3.8165749242724747
4.127353165236808,-3.8351675396607487
4.106295701825241,-3.855245275163628
4.084991665030716,-3.875990665487546
4.065906874873098,-3.894099648190716
4.046614221391188,-3.9111369573266748
4.026977599129937,-3.926984620572849
4.005210247008941,-3.942514024560888
3.9849218546899974,-3.955129908709763
3.964264130849884,-3.966498761903336
3.9389337310101875,-3.977614744368953
3.912696829999759,-3.9873083726045113
3.8915909862631164,-3.9950828628953277
3.863609700995468,-4.005485132368729
3.835477332687454,-4.015849757221519
3.8076634893120316,-4.026951225722624
3.780468678281195,-4.038296783061904
3.7541637708019384,-4.04926247802534
3.7266397740532144,-4.059654590346677
3.7040250495694327,-4.06747216166794
3.680604733502955,-4.075115449187244
3.655266165337088,-4.082441527753604
3.6275380207297077,-4.089262760281947
3.5992418642686244,-4.095550436041051
3.573933172001092,-4.1006312878234406
3.555995750987181,-4.103897363119526
3.5402937835834347,-4.106462572417822
3.513954477107384,-4.110317333153961
3.48434597298527,-4.113325346731351
3.458845985875297,-4.114593409213892
3.4334316992069684,-4.114835336639472
3.404663314191073,-4.113839731764113
3.3746650556043374,-4.111124210988262
3.3449368288243937,-4.1066176639719645
3.3153625762594623,-4.101594706475924
3.2857395622826178,-4.097162618278405
3.2564149948693846,-4.093332701205622
3.2268045008779223,-4.090026422908232
3.198942842737028,-4.086980265047249
3.177703966686282,-4.084790593356904
3.1551879995570977,-4.083359262377067
3.1276095226883633,-4.082782652101515
3.0984410380166016,-4.082470892204112
3.0689111736322876,-4.08262210980701
3.0451680090829982,-4.08257699840348
3.0151892231905277,-4.082532798449491
2.985201173687972,-4.0824828653025245
2.956272875180074,-4.083215166987273
2.929648032602275,-4.085262801580896
2.9007604594261904,-4.088414228026465
2.872576439299327,-4.092032759603958
2.849067593129395,-4.095492158115461
2.827517825008007,-4.098541443158237
2.8006812918898674,-4.101789612979978
2.7708848704816025,-4.104725593172651
2.740956425704871,-4.107245534176118
2.7110061721565444,-4.109024810177886
2.6815306139156228,-4.1102517253474495
2.6567185942695786,-4.111868984519048
2.636635209677926,-4.113816748210244
2.61398438876956,-4.116166544987515
2.592869844343909,-4.1185768414955435
2.5742333240450255,-4.120514011472254
2.5558866296514045,-4.122083630958362
2.541945153133454,-4.122848072847803
2.5285678094177686,-4.123581118127038
2.514674575044904,-4.124845440808598
2.504981537484744,-4.12630449504464
2.495371027210241,-4.128191518523303
2.4792410251629406,-4.131511604834371
2.4627658657606113,-4.134802927678496
2.452135546440094,-4.136821885322786
2.4417109068386518,-4.138689546493467
2.427772082474885,-4.141202509637372
2.414827853701604,-4.143807474753806
2.411462494038936,-4.14458085515608
2.4085881361818973,-4.145279297020736
2.398165948044631,-4.14769330691149
2.383625857187111,-4.150778140327637
2.365581482768847,-4.154268420042514
2.3441036739700736,-4.15822368270447
2.327253226891359,-4.161548197859601
2.3082891972189827,-4.165148249426023
2.2907287849987013,-4.168225420461153
2.2772842476844666,-4.170994169247868
2.2713197917441357,-4.172514420845536
2.2604766375981034,-4.175469265059055
2.2498099560414864,-4.178496006841489
2.238590545705162,-4.181766567720719
2.224044600808731,-4.186297825079717
2.2046442270239197,-4.1930920336479645
2.184120406011613,-4.201687401877636
2.1632783195869845,-4.212598713756618
2.1445231459015943,-4.22549145341501
2.126294068500017,-4.240844628430567
2.1087111962098692,-4.256642465339977
2.0933633278969443,-4.270300087107552
2.0800779968317253,-4.282007028209472
2.066153777604824,-4.294049785223666
2.052724430005984,-4.305022064604864
2.0350522479523447,-4.31864178547998
2.0205810560078823,-4.3288207440914785
1.999533621913953,-4.342840001156349
1.9796979778168822,-4.355639854480994
1.9577938789543055,-4.3696796320687925
1.9328402585452729,-4.3851681299824525
1.9081432929781406,-4.39964737600422
1.8818584104683531,-4.4137102706086875
1.8554539669984629,-4.427829358049821
1.8295634453215526,-4.442855538404329
1.804481034951404,-4.45907821326786
1.7821801646721793,-4.475266065388062
1.7618982601809003,-4.491072376399296
1.7426688330412106,-4.506480965225379
1.7245750983525705,-4.5209677258685135
1.704897896375748,-4.537113660780507
1.6846478984679667,-4.554401568279749
1.6648122463116917,-4.572547907915039
1.648723878078357,-4.587640984580518
1.6357171680914777,-4.599484659497076
1.6194316181975181,-4.613304748539435
1.6023734123403917,-4.627358945757301
1.5909665970472264,-4.637197112688975
1.5742707104060594,-4.652302954214909
1.5532295941041259,-4.67247820197052
1.5352217450320793,-4.689795852484114
1.5180858387621192,-4.706428039833704
1.5000707233298591,-4.723603942279665
1.4807380557075607,-4.741993959318202
1.4617500101072032,-4.760250957128153
1.4410829520879156,-4.780697767490601
1.4201028065335615,-4.802094987783421
1.401657549171541,-4.82176282592677
1.3863031326705004,-4.838749180060887
1.3738830133662059,-4.852734708567689
1.3635553641040687,-4.86432072927673
1.3485202642795309,-4.881560970267996
1.3324944688519558,-4.900807799791881
1.314792393984207,-4.923137801833707
1.297589602364874,-4.944387065353678
1.2782193917948823,-4.967145566391739
1.2607945321607428,-4.986450454602513
1.2432942994986445,-5.004465811545697
1.2264832036451194,-5.0203821002422115
1.2062989131913193,-5.0372598527244925
1.1834053974666705,-5.054373352223744
1.159204969787609,-5.0720988842404005
1.1351673972959189,-5.089620442992412
1.1107177325340183,-5.1068748445650485
1.0872527166381005,-5.124241511068107
1.0649702970942725,-5.14201250758393
1.0429346787957499,-5.161235479586196
1.02217022561365,-5.180782764069473
1.00425645440725,-5.19980048916023
0.9885164074121665,-5.217450180874187
0.9693378227969196,-5.239060163187269
0.9510038279649345,-5.259589035588533
0.9317711851988263,-5.280670424310319
0.9140158205063147,-5.300413044532983
0.8975849959253603,-5.319136330915964
0.8826829457978324,-5.335504921155577
0.8689050064343008,-5.34962237874999
0.853785536221675,-5.36380206501726
0.8385723303925076,-5.377263588507191
0.8213218789377599,-5.391800941609391
0.8018093043411882,-5.407810113103058
0.7793307652342171,-5.425122755776565
0.7557885500841404,-5.4421027934443265
0.7308558184837042,-5.45891687185773
0.705594163182007,-5.47508884743394
0.6806976102198173,-5.491732092761018
0.6611722468254964,-5.505601294239436
0.6324365545329581,-5.5266525274140035
0.6166278024452104,-5.537636226262112
0.5929231237985415,-5.553181155807852
0.5680765699476971,-5.5695000633613585
0.5451919979166968,-5.584941422010342
0.5281169539582573,-5.5967119622864105
0.5122842126015962,-5.607802752576488
0.5000162957040809,-5.616964908558421
0.4926108788650523,-5.623142225084638
0.4814473339113934,-5.633293366846052
0.4676738596836451,-5.646947862863804
0.45126941133912213,-5.664398688804257
0.4322380418433848,-5.684569125644869
0.41167265635664013,-5.705428555028564
0.3907138586930674,-5.726846698530608
0.37071713048005245,-5.747782947722501
0.3522516613219816,-5.766791890946011
0.33422933544528344,-5.785015256560709
0.31889453244785326,-5.800750740239067
0.3054969949163356,-5.814917560893451
0.28988222321531326,-5.831745680457967
0.27225418511014604,-5.850158390184853
0.2508422705112745,-5.870937728742945
0.22846528875923153,-5.890886399775897
0.20769481797655343,-5.908484422968343
0.18812120845754882,-5.925444482897231
0.172754407690747,-5.939810562962259
0.15770021002707027,-5.95437187984389
0.14137137623466728,-5.970265577906981
0.1293408785423165,-5.982298722616247
0.11532280037889471,-5.996398135807066
0.10473742487328772,-6.0073461653529385
0.09223247195395487,-6.01951789184669
0.07614328316380951,-6.033700336760989
0.05763183493517369,-6.048908428479213
0.03855584021285122,-6.063838863163673
0.017383537186065372,-6.079778957090837
-0.006355494113193731,-6.096676064778681
-0.02776486407066163,-6.111099339882032
-0.052839057375180284,-6.126529087674083
-0.07876749522745968,-6.141350774674627
-0.10527318622773411,-6.155530176991749
-0.1321388781912527,-6.168939803509882
-0.15909831872338287,-6.1821576308887005
-0.1864925732975868,-6.1945955568335895
-0.214346665539215,-6.20585127313889
-0.24192462352964958,-6.216896347670886
-0.2679068905194741,-6.2269954141642225
-0.2927891928626082,-6.236177681387387
-0.3113154880826361,-6.242672795413414
-0.3267707170263568,-6.248183279831792
-0.34861484349643995,-6.257045438023012
-0.37502322083752715,-6.268953633886832
-0.4020739661613814,-6.2818675482946285
-0.4289125308438429,-6.295121952222036
-0.44667147178254707,-6.303963295033333
-0.46406809440051955,-6.312740948523949
-0.48051664095462765,-6.322110714383564
-0.49393588940380606,-6.331312096760139
-0.509113927904724,-6.342527085906541
-0.5258152134758447,-6.354433091744892
-0.5464095611353084,-6.367055318624645
-0.5661516797404766,-6.376783271317378
-0.5861923497162838,-6.385509308728275
-0.6061820564450265,-6.394708905912296
-0.6231444601246597,-6.403271901739027
-0.6372633239890115,-6.410573378002981
-0.6535387812430605,-6.4182274400035935
-0.675039142908306,-6.427354640835747
-0.697154857885789,-6.435471952168923
-0.7133173720226171,-6.44078914253342
-0.7286936594014509,-6.445369703289028
-0.7487249130092783,-6.45021358823229
-0.7745279066219165,-6.454765547642952
-0.8024975895727716,-6.458883912401921
-0.8319461120741788,-6.463414634425221
-0.8617900348148754,-6.466832447647082
-0.8916635726599695,-6.46942578745737
-0.9213376636831947,-6.47301429626068
-0.9427184343726376,-6.4768561741879775
-0.9729381530515727,-6.4833101521687775
-0.9930755518634411,-6.487439753692688
-1.0183419018213622,-6.491930902064156
-1.047327503177891,-6.496261396125651
-1.0736888516294891,-6.500391070629933
-1.0963039260987142,-6.504255172429548
-1.1166822037707147,-6.507474925644098
-1.1389612857544504,-6.510271958267738
-1.1619368923898756,-6.512802968304184
-1.1851056436482235,-6.515214453721255
-1.210478869454905,-6.518211043043807
-1.2328448236999303,-6.521745241400802
-1.2553446245381703,-6.525546652294929
-1.283598302300047,-6.53028803505702
-1.3122302419737688,-6.536096355985462
-1.3406487432716994,-6.543299766606903
-1.3661221064751474,-6.550591798743943
-1.3859657809854702,-6.556958979848719
-1.4062910117371614,-6.563925175682152
-1.4274248214526701,-6.570995073870669
-1.4508921146914944,-6.578970955596691
-1.4674192596073847,-6.585022694075961
-1.484408790882594,-6.5914780392563355
-1.5047405033219166,-6.599053529265839
-1.5184259899906225,-6.604237330945814
-1.5338958144244323,-6.609677210458469
-1.552737824562758,-6.615778514420364
-1.578565330989817,-6.623264793227543
-1.6055252859920173,-6.629849169895997
-1.6321249539507756,-6.634698474502645
-1.6563640073426331,-6.638160209885996
-1.6735304690903776,-6.640271573995819
-1.6903862922574038,-6.642503045431796
-1.712138350643584,-6.646175686653571
-1.734817360884844,-6.650962943820398
-1.7553500941054163,-6.655738638947591
-1.7754507869717908,-6.659898986348371
-1.7979871957922688,-6.663380803037643
-1.8246610298576216,-6.666528238555492
-1.8541878866142805,-6.670245503162965
-1.8806026124892787,-6.674274571546669
-1.9066523631839747,-6.678912782036228
-1.933990762359937,-6.6846570347776195
-1.9558822393255582,-6.690179870652284
-1.972620567555984,-6.695417224025079
-1.984146720304925,-6.699941823203949
-1.9970719938854151,-6.705715489093031
-2.012531459987015,-6.712987790048822
-2.0277387376122333,-6.720123848891915
-2.0466104275269505,-6.728550156461128
-2.065279406114806,-6.736314293231912
-2.0816393452617303,-6.742661262796117
-2.097191653575573,-6.747923644495672
-2.1216514798271535,-6.754885249360835
-2.140205855036486,-6.758813039300722
-2.1542698924975094,-6.760972296235012
-2.171729600718732,-6.762950036027846
-2.1935156363502863,-6.764745903708363
-2.2146387510726218,-6.766100625981903
-2.237065711511364,-6.767713343545271
-2.259971574577143,-6.769403213612355
-2.2830030936093397,-6.771574005570455
-2.3082414405040597,-6.774612410673506
-2.3332491045586643,-6.777851357287551
-2.3607379932274246,-6.782172558295211
-2.3840888912213014,-6.7867277205640715
-2.406862037341534,-6.791461676075658
-2.434698848944484,-6.796819572901267
-2.464217263851189,-6.802200740669583
-2.489947183852683,-6.806890175448379
-2.512961659324716,-6.811373059864235
-2.5365030177762384,-6.815922896653803
-2.561111968365591,-6.8200470222725365
-2.587146641697741,-6.824380976827035
-2.61166921904209,-6.828546608949622
-2.6350036154920873,-6.832647751695839
-2.6633407480129274,-6.8378248999573925
-2.6927748561815337,-6.843541137787617
-2.7222282853059108,-6.84932186191962
-2.7517252451226697,-6.854833721088598
-2.775366442714146,-6.859057906383704
-2.804835327689182,-6.864505370293407
-2.832980744071168,-6.870322391309601
-2.8539519812786565,-6.8753598034316425
-2.869038906454944,-6.879507263452128
-2.8795525682412544,-6.883169581035739
-2.8856798862944313,-6.885811907716627
-2.892763593595246,-6.889146008141123
-2.903113754189568,-6.894594438456505
-2.9138673822797676,-6.901160246287175
-2.9254462202782117,-6.908992206195165
-2.9410949157866764,-6.919749245873414
-2.961410938716453,-6.932836385810161
-2.9837110189872815,-6.946816871710665
-3.006630462602482,-6.960862244006019
-3.0317125494401385,-6.975876797717044
-3.0571869775364124,-6.990871797726812
-3.082438644654677,-7.004707927538982
-3.109458919002432,-7.017814105143681
-3.131478431274979,-7.027443504148314
-3.159022549083392,-7.039315915731089
-3.1857906731911365,-7.050985102378883
-3.212321933604847,-7.0627218066796384
-3.239695010196861,-7.074609356811679
-3.2671181846372455,-7.086557309356823
-3.294477054587598,-7.098593152977121
-3.321898148535691,-7.110857986249907
-3.349989002259976,-7.121768958880747
-3.3787205837952,-7.130693905757246
-3.4076904832381665,-7.138699659721145
-3.4369361143564996,-7.145717961060729
-3.466482735249194,-7.151375502283718
-3.4962890137832168,-7.1555598234973115
-3.526184667853194,-7.158470720672018
-3.556129314853943,-7.160843608581282
-3.585198558166451,-7.162890087741097
-3.613451507269738,-7.165158183359396
-3.643123439639557,-7.168564074921339
-3.672851847047997,-7.172525155758273
-3.6967018707264465,-7.175509794546534
-3.7266499122754477,-7.178291289145349
-3.756577438435863,-7.1802440890640336
-3.7864508070758935,-7.182243299165221
-3.815499264738516,-7.183992374508916
-3.8431608990875734,-7.18526645208091
-3.86884627410931,-7.186204415355741
-3.894941869190914,-7.186818493778235
-3.923035956725956,-7.18688287712044
-3.953054645974868,-7.18621649466055
-3.9821176272482943,-7.185980589394738
-4.009346107241066,-7.186740103395117
-4.033802221008507,-7.187479362452312
-4.058699754077055,-7.188072951530057
-4.087809733291912,-7.188300060925495
-4.117476326901241,-7.188820720420775
-4.14683995481576,-7.189103292505072
-4.176000616305575,-7.18848345977403
-4.203438563882159,-7.186772588658599
-4.233246032335479,-7.184235679957341
-4.262720124217744,-7.1817676697525625
-4.292568739097419,-7.179426970842033
-4.322352483405033,-7.176949842605635
-4.352060914792612,-7.173724071070018
-4.381860670888272,-7.170062165863359
-4.411609240548144,-7.166171539601104
-4.435391500609486,-7.1632677153780895
-4.465224843128898,-7.160184146171452
-4.495071332217208,-7.156826147253142
-4.524839710653041,-7.152623394618147
-4.554453574949706,-7.147845412361274
-4.584083714557853,-7.14316599616706
-4.610762861643509,-7.139205487466622
-4.634142331912811,-7.13611986932797
-4.658124109894047,-7.133324131143774
-4.683118898166298,-7.131176774678241
-4.709990552536351,-7.130222697076336
-4.737972561863599,-7.130481083242676
-4.765345404858615,-7.131184534093356
-4.792476350751029,-7.132089954237616
-4.819915456503121,-7.133845181550485
-4.8475011561531085,-7.13638752936424
-4.871020664241881,-7.138380400842228
-4.900964464709373,-7.140635900576619
-4.930934627592492,-7.142394278532687
-4.960952856596493,-7.143643384122579
-4.990666238525765,-7.144404371141885
-5.020591867072342,-7.1458367204949464
-5.050611757561949,-7.147104101506701
-5.0806576880971335,-7.1475701725281855
-5.110635923381789,-7.147642258603402
-5.139770361310759,-7.1483825100929606
-5.169161125013961,-7.149050105422661
-5.19915873485822,-7.149791774252765
-5.229126997256444,-7.150509833398205
-5.2590782870181725,-7.1516947531250485
-5.289107528632041,-7.152805381485432
-5.318823129184801,-7.152694856197309
-5.34800077684608,-7.1513080576425265
-5.375633426401337,-7.148808617128738
-5.405448172591905,-7.145865999278658
-5.433799938312363,-7.143313703570629
-5.458116859351903,-7.141165552099455
-5.483989941803752,-7.13923865184012
-5.511520786239253,-7.137863869448494
-5.539541642860672,-7.136822140345694
-5.568715858481684,-7.135000913807487
-5.592674862032943,-7.132853345689561
-5.628467985769788,-7.128053211791628
-5.652099408109317,-7.123368734159418
-5.678853241351391,-7.1168744252304945
-5.702195262892636,-7.109974986359458
-5.723169948370103,-7.102372480118902
-5.7411210089911835,-7.094497635960201
-5.76176153218337,-7.0843307632929005
-5.784467882815764,-7.073067277218088
-5.807951782108325,-7.062643221093286
-5.832943741771406,-7.0521346874004
-5.859584274439798,-7.040367069329371
-5.882632474479278,-7.0285938430453525
-5.905594396858272,-7.015124660868629
-5.927758550208238,-7.001926325315851
-5.946558255046085,-6.991851093716738
-5.964421283384354,-6.98367318452163
-5.984405960377212,-6.975148170525641
-6.008165363530378,-6.964891521489719
-6.030305024026678,-6.95557503976382
-6.051899918421289,-6.94667066232115
-6.074972000747487,-6.936859944649416
-6.0913243805029,-6.929957793310076
-6.107333987451698,-6.923337423511198
-6.124285192926763,-6.916580895219374
-6.13993562694483,-6.910703765250372
-6.158133339219708,-6.903627689421754
-6.181099260231161,-6.893826515006706
-6.200079865929179,-6.885393163078031
-6.218576875617381,-6.877320321712896
-6.237056573827496,-6.869686364155386
-6.255673640087598,-6.862461964974899
-6.2771923573049415,-6.855243984699337
-6.29936211793249,-6.849052140557236
-6.318421525570148,-6.844208117003489
-6.335631630826756,-6.839700635092062
-6.355529868611949,-6.833718882172414
-6.378156455173453,-6.82610470729442
-6.4025801074865445,-6.8181230733834814
-6.422029759936889,-6.812221218532596
-6.437784585856069,-6.807321561955978
-6.454295229874767,-6.802080755182546
-6.46601980309443,-6.798628509273632
-6.475599590281903,-6.796297042245773
-6.488952738625715,-6.793331016754421
-6.501081359871877,-6.790467659223632
-6.508704029367559,-6.788516463016719
-6.514803026586212,-6.786870471543512
-6.524011497762224,-6.784342177959812
-6.537161047924318,-6.7803549179573785
-6.5536688550929885,-6.7752591783484295
-6.568822462644232,-6.770689021365572
-6.585544560626168,-6.765716980975148
-6.604895858971543,-6.759319731236692
-6.619331140272843,-6.753691823856024
-6.6344279651704,-6.746997649764915
-6.654914484885439,-6.7368542664325854
-6.676834707846556,-6.725685076970854
-6.700575106955391,-6.713955015247947
-6.727031525896198,-6.7011710760632335
-6.754152392577999,-6.688356179733165
-6.780075853089704,-6.67571242340494
-6.806540611397607,-6.6634887076544125
-6.834120801965182,-6.651969028973532
-6.862225895237237,-6.641726833590115
-6.890786168852379,-6.633036171586671
-6.919767566751201,-6.6255935734254985
-6.948731055103643,-6.618910623990907
-6.976736506688657,-6.612779125784236
-7.005786805287772,-6.607071960690007
-7.033119487293769,-6.603026310413031
-7.057519900666434,-6.601003193604877
-7.085286958882472,-6.599752358367782
-7.1151641140381505,-6.59904428618116
-7.145190362716857,-6.597733471158159
-7.169166779411616,-6.595322269556893
-7.1988949278396,-6.590654157844415
-7.228395824014959,-6.584919143458205
-7.257751164730061,-6.578776877955593
-7.287187481806287,-6.57311137440922
-7.3157090176846635,-6.567751793614922
-7.340264230905507,-6.563255986826806
-7.365414796814303,-6.55966863007187
-7.392711022323163,-6.556970106376297
-7.422482567512922,-6.554578579603976
-7.452264884313461,-6.5518515604654555
-7.482122812451456,-6.548124030500748
-7.511761199988668,-6.54308614525563
-7.5411831132677225,-6.536903564971663
-7.570444934381191,-6.530464626002264
-7.599881821696654,-6.525341881800891
-7.629618028614792,-6.521904011527416
-7.659449293654826,-6.5187932714203844
-7.689277070085128,-6.516354004477984
-7.718767733287794,-6.514630570189838
-7.74752954475992,-6.513086312710827
-7.776739908935368,-6.511126390634536
-7.80258810789614,-6.50910965897277
-7.82624888789798,-6.50763894504842
-7.854738990492484,-6.506085157788556
-7.878731119607118,-6.504597980436089
-7.9086310174763295,-6.502272878546185
-7.9385115907130634,-6.500634278317431
-7.96799222281881,-6.500018926574139
-7.995814337636718,-6.499748268603514
-8.021129290231196,-6.499175694924969
-8.042366481399272,-6.498536379231354
-8.065661626882036,-6.497796756112789
-8.088432357071735,-6.497593562909391
-8.112103604470883,-6.4979599919103075
-8.137060235351152,-6.498226711603353
-8.164318893642939,-6.498141492287632
-8.19116955228175,-6.498340506678896
-8.218006710778793,-6.499950381708192
-8.246253042973086,-6.502676242611563
-8.271976151179548,-6.505752135197234
-8.29526930189835,-6.508735892344679
-8.320052997250706,-6.511114163420691
-8.349629387642317,-6.512147699135493
-8.378126309890037,-6.512245186215255
-8.406014082884704,-6.5122173932603555
-8.434429545506074,-6.511948115030733
-8.456832970340534,-6.511367109594057
-8.4925718877578,-6.509865193188369
-8.51550993993405,-6.508912222800761
-8.545328383282653,-6.508467709925263
-8.573414930163239,-6.508922609764739
-8.60281519664985,-6.51117598574266
-8.632659700979852,-6.514233855227713
-8.662662489571849,-6.516451232228499
-8.692719326153357,-6.517037786634186
-8.722652771761375,-6.517611161842412
-8.75251126819481,-6.5192952504760875
-8.782248262224577,-6.522616949691492
-8.811825888703673,-6.527103376783919
-8.841141935430532,-6.532898913017778
-8.870071052900713,-6.540450486335172
-8.89858978129682,-6.549461010760135
-8.926930866931587,-6.559296396769961
-8.955595865106606,-6.5684238951067355
-8.984510343993875,-6.576480644008084
-9.012142867967572,-6.584835028315532
-9.038845337435344,-6.595182502752539
-9.06515021167286,-6.609144106256202
-9.090378692956092,-6.625180893034305
-9.109941432631617,-6.638929061244086
-9.133202710207305,-6.657640568827629
-9.155683647518304,-6.677458295657115
-9.177742106040593,-6.697182426289087
-9.199266218386958,-6.7168004084356525
-9.218334634246236,-6.733990254526339
-9.23557103920531,-6.748760321020997
-9.25258984568903,-6.7632185066390225
-9.272142489125619,-6.78089555768485
-9.290625437163163,-6.800539026379162
-9.305324093180154,-6.820539725951468
-9.31913234201316,-6.843392203637207
-9.33190254887724,-6.868826050295242
-9.342200658935614,-6.8956352851486615
-9.350307327645892,-6.924230437883962
-9.3554734380955,-6.953133962918341
-9.357344183056671,-6.979832821216852
-9.356641546984605,-7.007213080043177
-9.352219452161338,-7.035628278487854
-9.34476648307942,-7.063547316957622
-9.336240782102966,-7.091299864530508
-9.328581044030948,-7.119432874338246
-9.323237624983285,-7.148681669978889
-9.32110671588596,-7.177867970578243
-9.320725960075983,-7.2070072698452545
-9.320518602423183,-7.236967938747676
-9.321088070374968,-7.267033130830183
-9.322513367731007,-7.29702956277416
-9.324084015166296,-7.326967632092459
-9.32472486661317,-7.354274259858054
-9.324434289685982,-7.377184790662333
-9.323584116045215,-7.397421392321942
-9.321036645869288,-7.432876579519392
-9.318759762670098,-7.45677555964027
-9.316494319602304,-7.486517146075232
-9.315771311708744,-7.514989754292975
-9.316683950997497,-7.544041633746074
-9.31918150597284,-7.572904681145424
-9.321704213053705,-7.602689741520116
-9.323517717443432,-7.632360088652191
-9.324966606568156,-7.661080393512299
-9.32584333824727,-7.68826781485308
-9.325308641356585,-7.718075313211169
-9.32249260014614,-7.747719399326463
-9.317332122605986,-7.77605380494874
-9.309781591398583,-7.804594910046318
-9.300513664700025,-7.832671423865933
-9.289604128546136,-7.860431840943893
-9.278109881915237,-7.8865994480918555
-9.265605460756206,-7.913692729705071
-9.252696317634639,-7.940739468080197
-9.239551257221715,-7.967257315830458
-9.22621637722723,-7.993151149435904
-9.213057826316074,-8.01761338500674
-9.197587064536988,-8.043064811204065
-9.181004730273527,-8.067314530249035
-9.164199943547738,-8.090236027624796
-9.147191809340544,-8.113107997039952
-9.128789079657341,-8.13661580505998
-9.109129705521005,-8.159019716369517
-9.087789650993182,-8.1798098116275
-9.069002493702783,-8.194326854893852
-9.043345416295582,-8.208435725437322
-9.01614510576415,-8.219002304772863
-8.98820582033289,-8.227896939702646
-8.959847119596747,-8.23687607973049
-8.931319182670139,-8.246264554636522
-8.902945956086507,-8.256052308390055
-8.874699056385522,-8.265983707580121
-8.846935917038717,-8.275100358451867
-8.820275063723537,-8.282284701767479
-8.795299701061635,-8.288244511319528
-8.77068384774768,-8.293457007262248
-8.746869853038202,-8.29791171439639
-8.718879481372944,-8.302985759499085
-8.68935589416006,-8.307948876319816
-8.66002492480587,-8.312169017129207
-8.633275989654411,-8.314114855230613
-8.606929617421274,-8.313573061625931
-8.579538230154801,-8.311250847438032
-8.55623081359846,-8.307992621070316
-8.533088266912262,-8.30263373441793
-8.509639999183927,-8.294065194248526
-8.487576581724891,-8.281366225396814
-8.470036258077444,-8.266284917581789
-8.453020814758885,-8.244760356737899
-8.439138150032898,-8.219694039788328
-8.429403952015257,-8.193636989152173
-8.424168118338061,-8.165923461907584
-8.423577081245163,-8.13630551253118
-8.42802563993696,-8.106950075126278
-8.436119541389681,-8.078260219792643
-8.444135059285488,-8.055725553014854
-8.454996265187312,-8.027799429411024
-8.465992687821327,-7.999904426761221
-8.475738645857023,-7.97348210708311
-8.485643774648254,-7.9453001214065315
-8.494835330917564,-7.9168173537794715
-8.502685692666207,-7.887855143141958
-8.50871564227391,-7.8589744569732325
-8.511993698351308,-7.830985448794886
-8.513052042948203,-7.801445318341109
-8.51269337725529,-7.773004115733107
-8.51112357256213,-7.742970167934841
-8.508438694287115,-7.713017631504856
-8.504219601577889,-7.683193289484719
-8.497958722729948,-7.654346996772386
-8.489978800453592,-7.627213946161378
-8.48151091609419,-7.600364294340904
-8.473992396811274,-7.57222678647793
-8.467559792404016,-7.543169658597573
-8.462152235370375,-7.51418384681857
-8.457653850202906,-7.4858100570847235
-8.454259379696955,-7.462928234872562
-8.452069701272952,-7.444274566618634
-8.450335433171038,-7.420419574793964
-8.449159013322447,-7.397217512756892
-8.448608731246706,-7.37112248441708
-8.448412823213829,-7.345482227610206
-8.448463527401856,-7.322028949110506
-8.448396811533483,-7.294797239498937
-8.447729450361516,-7.26567153371582
-8.446655239133452,-7.236032573610549
-8.445443890772133,-7.2066182112008015
-8.443740615197468,-7.176916971400005
-8.441205079732669,-7.148728421126204
-8.438189518668915,-7.126978642953227
-8.435105203399667,-7.109743274012236
-8.431319720126252,-7.088790980802148
-8.427825661703702,-7.064974980957528
-8.424502656311311,-7.0394645617291784
-8.420455498068549,-7.011276839597854
-8.415354383502281,-6.981671529219584
-8.409550788643998,-6.952338927936598
-8.404482457905317,-6.922875805576509
-8.400674849389915,-6.894384951005116
-8.398183751415239,-6.867755848274924
-8.396497356910366,-6.842021714046448
-8.39602670272153,-6.822623396319701
-8.397562102269166,-6.794693753035402
-8.400080758719646,-6.776389222223248
-8.40399105367132,-6.75287330045379
-8.40848025327304,-6.723959688515304
-8.412720808595461,-6.6942319111972575
-8.416941291703363,-6.66458821348664
-8.422592716629465,-6.635231480399571
-8.429958079655567,-6.606299187732001
-8.439364829450795,-6.5779345426804925
-8.450432512861083,-6.550181623657651
-8.462782715489771,-6.522877502076
-8.475463383259184,-6.495724210411653
-8.488785258196271,-6.468912547076048
-8.501459602759969,-6.444641733384265
-8.512290211911582,-6.423423135140859
-8.523940562978849,-6.399936842698697
-8.537653774925163,-6.3737488817986625
-8.55284600691684,-6.3479760904506355
-8.568708568578964,-6.3226772316232065
-8.584185362148274,-6.29772418987014
-8.596226419938173,-6.278185964740693
-8.607139594589277,-6.260659866661303
-8.619167630698989,-6.241734534844509
-8.631998433379898,-6.222854431475508
-8.643075642048514,-6.208325749665452
-8.658838491288412,-6.189992097347649
-8.676232472667134,-6.1707092514953885
-8.695490639314702,-6.148549812422803
-8.71355186455875,-6.127295500768013
-8.728717371611356,-6.1089484036092605
-8.739720242375542,-6.094927524072778
-8.750993081902815,-6.080850931493839
-8.763741661579347,-6.066554194040106
-8.777210281539297,-6.05452398202877
-8.796082680937426,-6.042397757535046
-8.817886795941554,-6.033453424444853
-8.843227521126956,-6.027868250954085
-8.871631281056276,-6.025293701130743
-8.900017209121833,-6.0260216371031055
-8.929693049619232,-6.029314988150272
-8.95787559066412,-6.034384080023686
-8.980818672719248,-6.039578082027823
-9.00318446135794,-6.044936062631924
-9.031160622452878,-6.051587777334382
-9.055228177751113,-6.058017062310779
-9.081403070530339,-6.066555096150762
-9.107563486468617,-6.077205369825748
-9.131621780243982,-6.090461408224049
-9.152392383997498,-6.106896344080764
-9.171817757614681,-6.1268102216237965
-9.190048765944372,-6.148011604116573
-9.209316730221389,-6.170548922183808
-9.22489838124613,-6.188816510431213
-9.24452526070888,-6.211478462963275
-9.263062330567779,-6.234886036539112
-9.279938107735088,-6.259559291348811
-9.29516022029719,-6.285195385456772
-9.307228124497422,-6.312374709393394
-9.315650872017192,-6.340901415739866
-9.321008829925173,-6.37022561421342
-9.323734530779342,-6.398750443647613
-9.324727199289375,-6.425213744503846
-9.325009190504245,-6.454243094402365
-9.32418736238131,-6.482745739303211
-9.321994104639453,-6.512585238159637
-9.319341883030102,-6.5424858298100474
-9.317352961260006,-6.572472969322832
-9.315910932195855,-6.602438618496004
-9.31420653239696,-6.632384890071801
-9.312148095415552,-6.662249742075316
-9.309130473578739,-6.691533095786565
-9.305960459484831,-6.715397313597858
-9.302764468418829,-6.734639676577842
-9.298613570331963,-6.7556596203333426
-9.29361898845949,-6.776312921633104
-9.288254379275253,-6.797166097217552
-9.283042847187964,-6.821433677749642
-9.278973458776171,-6.850839359414353
-9.27719826196714,-6.880726446422091
-9.27669891941896,-6.910758063188517
-9.276242303563576,-6.940748523135751
-9.275661998251143,-6.9707217262291294
-9.27458835519289,-6.999721584218184
-9.272958505359982,-7.027847365062204
-9.271350553976209,-7.052213895736263
-9.269651759185331,-7.0730064148281615
-9.267749017279787,-7.094667140305664
-9.264997164814513,-7.120697970191052
-9.261540437656265,-7.149470955849047
-9.258121887753129,-7.17646229543349
-9.255206647896271,-7.200281100316751
-9.251105600524117,-7.2356768629471615
-9.248423572539682,-7.258813032115835
-9.244425273211332,-7.287131719616175
-9.240575665635925,-7.314477816707797
-9.23718534737765,-7.344208935789136
-9.234521203885913,-7.369774429499329
-9.23219701286486,-7.397295896616563
-9.229956274389474,-7.421691907681311
-9.227260771846337,-7.44209296048076
-9.222507228204448,-7.465131025411003
-9.216084719874205,-7.489448299444749
-9.20909316119699,-7.515161083287275
-9.20235794923088,-7.544359565717251
-9.197224832051582,-7.573982499072643
-9.192321607724276,-7.602514132971595
-9.187306600252674,-7.625876207371502
-9.182070204822752,-7.648058540160869
-9.176836944626467,-7.671542386387104
-9.171888485292643,-7.696724074149891
-9.16810836061255,-7.721183198998629
-9.164657088770973,-7.743662222406415
-9.160066204661867,-7.769309328566217
-9.15423745580972,-7.796118355452609
-9.147324326672058,-7.825294679157293
-9.14022249540575,-7.854448341030492
-9.133476950203002,-7.883687678037614
-9.126249293978995,-7.9122911393109785
-9.117992707100141,-7.940261854563468
-9.109228771719025,-7.966536245653165
-9.099450149244753,-7.994316940350785
-9.092557332421974,-8.01406714741625
-9.083025690538731,-8.040918259477504
-9.073236818108585,-8.069295590192416
-9.06362144710695,-8.09765934722461
-9.053726834120326,-8.125683396874054
-9.044550395992305,-8.149685752300567
-9.03370630525743,-8.175624653048263
-9.022126637310752,-8.202792573779636
-9.010846077857382,-8.230641212925244
-9.000322283592235,-8.258781933323094
-8.991353483752805,-8.284770194518828
-8.983534819366884,-8.309257560291641
-8.9761642488885,-8.332708403552614
-8.967925701348971,-8.358457493583812
-8.961376290740326,-8.377022487981737
-8.952061233662013,-8.402079292590088
-8.94336597767162,-8.42433087341051
-8.93574714054175,-8.444472326152548
-8.928535129618801,-8.4648820426834
