-8.162038362507811,7.5018307602793435
-8.16403086708984,7.503052926142933
-8.164231256768993,7.503175627093702
-8.16423139630653,7.503175318908504
4.392015230639856e-06,4.585929596089393e-07
4.423051721972709e-05,2.252213907430804e-07
9.769309873866183e-05,2.8165781053725065e-07
0.00012309898132480435,2.428684080210787e-07
0.00012289951234763778,2.0539380007248594e-07
9.699621186421472e-05,1.5761663359548578e-07
4.927628837100415e-05,3.640603992552819e-08
3.812809641966012e-05,1.396417535364394e-09
6.006946667934325e-05,1.0925109954637593e-07
8.010615144744812e-05,6.76485495661516e-07
7.174774758323905e-05,9.222867171798424e-07
5.298173265442134e-05,1.0399979647105832e-08
5.732222896157225e-05,-2.3331599092504033e-08
6.667784303284672e-05,4.5727356582928e-07
6.248006394999116e-05,-5.137786790752505e-08
5.940889686348411e-05,5.325690233084143e-07
6.177915539465197e-05,3.227250072288478e-07
6.323364642537157e-05,3.3716972988301725e-08
6.198178248135405e-05,2.3350938980116255e-07
6.12965436287116e-05,3.509135731055283e-07
6.20826399303255e-05,1.301905836153989e-07
6.216148203393398e-05,3.274996052574893e-07
6.176989854253322e-05,3.5700582113647604e-07
1.7593181766319812e-05,6.365943603578165e-07
1.0400494874198444e-06,1.1004070542889396e-05
0.00011554492936570335,1.3406567398952402e-05
0.004018107024508054,-0.0013345618098123378
0.015201978429233947,-0.007621309658123165
0.03270491585733275,-0.022259463213887668
0.05183079545777318,-0.04537908394335549
0.06648696322615329,-0.07190197222265739
0.07626153284663516,-0.10056697904767388
0.08107313374659209,-0.13043358957822296
0.08152471111803018,-0.16062070890751926
0.07933760837010558,-0.1906606086789505
0.07535310268681969,-0.2204883263201003
0.07018415568046485,-0.2501079655680233
0.06521170084522752,-0.2736468422271021
0.05796163798479196,-0.3028317913049471
0.04964169336670761,-0.33171749000251055
0.04062760859463366,-0.3603646467088991
0.031171998197215244,-0.3888642449221834
0.02131841260382333,-0.41722707875872456
0.011072373223223778,-0.44545054089412195
0.00046149383613221636,-0.4735346214705702
-0.010466502789877813,-0.5014971229563849
-0.021769833609983476,-0.5293171941314078
-0.03354015803211982,-0.556948730033256
-0.04583075862162939,-0.5843548865832271
-0.05868648303433089,-0.6115066166792144
-0.07202700013240317,-0.6384015499238676
-0.08565948451982854,-0.6651508282229442
-0.09965894844885856,-0.6917152903373266
-0.11404594043466529,-0.7180713703936155
-0.12880737789517976,-0.7442165626718142
-0.14389849757984052,-0.7701718750622234
-0.1592931648511339,-0.7959457228341102
-0.17183892043202892,-0.8164297410725567
-0.19105788598556975,-0.8469010123611839
-0.20408541369947808,-0.8670748507086719
-0.22057698344107313,-0.8921565281738855
-0.23730539261006098,-0.9170800735354102
-0.2542352104852597,-0.9418631838478814
-0.2713354937819288,-0.9665278312905042
-0.28861547526690867,-0.9910692228611521
-0.30610615774561906,-1.0154645392056263
-0.32383748571323195,-1.039687963310475
-0.3418263266932122,-1.0637211149527455
-0.3600034448257713,-1.0875980597001764
-0.3782866350287221,-1.1113947856332975
-0.3966760089632691,-1.1351067808266428
-0.41514362027278395,-1.1587558399456332
-0.43368257226141915,-1.1823495358694875
-0.452298412825672,-1.2058844180687014
-0.4710305711367401,-1.2293317227835974
-0.4899130869799718,-1.2526586635817125
-0.5051072321924441,-1.2712453180693504
-0.5241734753323745,-1.2944124757372018
-0.5432447971702467,-1.3175671786560839
-0.5622578632177161,-1.340765417149349
-0.5811918659147463,-1.3640265235933167
-0.6000281837213298,-1.3873655126213074
-0.6187662227969484,-1.4107830054456638
-0.6373833674097599,-1.434293629758773
-0.6558627317897473,-1.4579126190377365
-0.6742015883315289,-1.4816397643460941
-0.692413199496921,-1.5054685960054803
-0.7105113164633311,-1.529383326625368
-0.7284897108543366,-1.553387853298419
-0.746342534300956,-1.5774842040348962
-0.7640546824399004,-1.6016832031977903
-0.7781144161782937,-1.6211220382663112
-0.7955560653054781,-1.6455178703882503
-0.8128740296873664,-1.6700008740559575
-0.8300299884291215,-1.6945963561693653
-0.8470192640082784,-1.719305934651406
-0.8638197910909576,-1.7441417305129763
-0.8803733965171202,-1.7691335499039094
-0.896596992871084,-1.7943381446404643
-0.9124659144829985,-1.8197652235677608
-0.9279834114350851,-1.8454104739663455
-0.9431362369758419,-1.8712696770005908
-0.9579298033710616,-1.8973422061353729
-0.9724875609026379,-1.923560408228561
-0.9869494867672913,-1.9498400077925286
-1.0013050886014039,-1.97616837258644
-1.015493889472607,-2.0025919182790446
-1.0296105020934374,-2.0290526342721686
-1.0407965675536188,-2.050278463941359
-1.0574484642573554,-2.0821844300093053
-1.068449938436665,-2.1035100722040787
-1.0848733192747306,-2.1355378189858696
-1.0957787383295592,-2.1569132718269683
-1.1093472263131394,-2.1836659032749277
-1.1256537129525994,-2.215765380224182
-1.1365459331613899,-2.2371513836250276
-1.1501302535703244,-2.2638920503509055
-1.1635632598064853,-2.290702377887157
-1.1767952935617096,-2.3176107370745362
-1.1898279056526135,-2.3446165643608774
-1.2026728614142272,-2.3717140381020085
-1.215339035271609,-2.3988946737429746
-1.2278435187718924,-2.4261546754226235
-1.2402498114387308,-2.453461941445848
-1.2525408695830922,-2.480819425219784
-1.2646617191222458,-2.5082457766304183
-1.2765912611733186,-2.5357578340955005
-1.288308631298723,-2.5633580193310053
-1.2998248601983786,-2.5910476687772763
-1.3112234631574111,-2.618792119464355
-1.3225833272910588,-2.6465576564407267
-1.3339848213790013,-2.6743149654787928
-1.3455995967336047,-2.7019980557999843
-1.3551596752620203,-2.724036258442552
-1.3674277111424857,-2.7514284837390997
-1.379806447102857,-2.7787662950727143
-1.3923873735876868,-2.8060151392810644
-1.4051348706618714,-2.833186456230762
-1.4181381877784902,-2.86024471410077
-1.431402004497979,-2.887168983161715
-1.4448241090040361,-2.914010109574004
-1.4584182976660902,-2.9407671957959587
-1.4721947754790572,-2.967432178871357
-1.4861858643739394,-2.993987857635099
-1.500382496241481,-3.0204290650428014
-1.51470038228069,-3.046801265155827
-1.529170880527606,-3.0730946047685133
-1.5437771109206784,-3.0993072864314164
-1.558503641479841,-3.1254553569240593
-1.5733966896151623,-3.1515131169975996
-1.5885126060439894,-3.1774479204967543
-1.6040565632158077,-3.2031558634501
-1.6200531304101078,-3.2285582670706474
-1.632889942979229,-3.248826306676109
-1.6487153148096063,-3.274286451843126
-1.664211657066018,-3.2999446683116167
-1.6793749651769636,-3.325802510656479
-1.6941910122044546,-3.351857958954331
-1.7086701981536907,-3.3781073270043143
-1.7228571486182263,-3.404516861008913
-1.7367190951740805,-3.431094012103114
-1.7502190204590102,-3.4578552802695723
-1.7633345213661447,-3.4848041412426323
-1.7760014634583414,-3.511963756439563
-1.7882301919515655,-3.5393238162675353
-1.7999835817288166,-3.5668895829587517
-1.811247265114141,-3.5946560266995844
-1.8219554579069845,-3.6226379906555812
-1.832097797372191,-3.650833141603905
-1.8417351217409739,-3.6792075987085364
-1.8508824987715213,-3.7077458040661813
-1.8578201710453144,-3.730686838542003
-1.866024156871731,-3.759512204168009
-1.8737492442893349,-3.788470039014943
-1.8811115137815873,-3.817536014317116
-1.8881962807195587,-3.846659780161389
-1.8948331884305252,-3.8758891618044737
-1.9011939779703306,-3.905195865712569
-1.9073872661586566,-3.934538119978172
-1.9134097209258067,-3.963910570987577
-1.9190043111273545,-3.9933455086780425
-1.9239654571937466,-4.0228911970121874
-1.9282752168093917,-4.052532905854643
-1.9319215458499672,-4.082273095269002
-1.9349607316307653,-4.112075570967885
-1.9372855176127397,-4.141940597689538
-1.9389500295396171,-4.1718517727062805
-1.9397140504048629,-4.195796860862759
-1.9400003946776885,-4.225752694570135
-1.9397409210649739,-4.255723804508501
-1.9390767538395104,-4.285689874499252
-1.9377803001426597,-4.315618209742005
-1.9359769333773784,-4.345533852492663
-1.9337148792027672,-4.375420721231215
-1.9310374160812047,-4.405275943909596
-1.9279831543655417,-4.435093371694132
-1.9245167716833267,-4.464870574855243
-1.9207680991953406,-4.494620920926348
-1.9168255175690503,-4.52434619258788
-1.9125901360947462,-4.5540227657008305
-1.9078559978926848,-4.583605700516381
-1.9025042760219644,-4.613085383706412
-1.89658177344729,-4.642460652866927
-1.8915294467502428,-4.66590601397659
-1.8850014811802094,-4.695176879824828
-1.8783429431259144,-4.724415272548846
-1.8713946568461273,-4.753575942551778
-1.8641870210953408,-4.782695714193283
-1.857184120832581,-4.8118853610622985
-1.850300385813853,-4.841084222477734
-1.8434488371255022,-4.870291835910649
-1.836510566306571,-4.899472166978115
-1.8295300610092133,-4.92865030044086
-1.822583633283836,-4.957837584319601
-1.8157618380725942,-4.987070695655663
-1.8093628289275825,-5.016408404846685
-1.8033573173184503,-5.045827064097621
-1.7978046788777235,-5.075341974625836
-1.792885212888279,-5.104985855800696
-1.789543434502955,-5.128788371912687
-1.7859499127216814,-5.158613023321632
-1.7829315574343991,-5.188490318101012
-1.7803212025058466,-5.2183979150134245
-1.7779770610112726,-5.24831741601052
-1.7758122071893805,-5.278252065401516
-1.773898223872437,-5.308209817116992
-1.7723754432942245,-5.338203180514104
-1.7715116730572813,-5.3682397488128855
-1.7714726093296884,-5.398289589816943
-1.7721897106432716,-5.428322200523631
-1.7735036931415376,-5.4583260106260925
-1.7748882628300646,-5.482305923876133
