-2.6670317958539655,4.565747523168059
-2.669711241489973,4.571114791440142
-2.672393611176203,4.5764799204856565
-2.6750805144409053,4.5818418214650345
-2.677774743574645,4.587201998123291
-2.685864198311289,4.603280053729269
-2.696489504385099,4.624348084850261
-2.706474722014648,4.643943047602224
-2.7112349469535415,4.653180381156048
-2.7131093446595718,4.65678472765712
-2.713108407738345,4.656782593191324
-2.7133276400788664,4.657200336740624
-2.7172234554286154,4.6645979225808984
-2.725820595487932,4.680823980907932
-2.7387723675916047,4.705083283873381
-2.753411514290508,4.731174262606606
-2.768232988985558,4.756996086037808
-2.779565525682152,4.777564989735652
-2.7937895445303282,4.803540636316487
-2.807738031403264,4.82973236875724
-2.8206656680415367,4.855958064933987
-2.832379657541457,4.882497350720106
-2.841786647007424,4.904177776781942
-2.8521937374029864,4.9311962394098625
-2.8620757610365515,4.958396748937122
-2.872921804618274,4.986349387252696
-2.8813562701858317,5.0088482494262045
-2.891358236883747,5.037147631881916
-2.901438471163866,5.065378522850168
-2.911827437903839,5.093511882099817
-2.92165424054623,5.121890414529682
-2.9304312545953164,5.150553430293042
-2.9371362782551715,5.17361775255426
-2.945103170341491,5.202577185755965
-2.952443483560825,5.231699756585866
-2.959191013925731,5.260973983891515
-2.9653939462206753,5.290347147420224
-2.9714729099169563,5.319725310488886
-2.9762840205748855,5.34325517154008
-2.9818504722696124,5.372779331029995
-2.986493278691667,5.402471637418278
-2.990667197637866,5.432201002293888
-2.994526195379797,5.4619691946646505
-2.998012515486264,5.491789382081116
-3.000648006131758,5.515653858442362
-3.0037094156708415,5.545514503794805
-3.00654055247649,5.575385347493754
-3.00934428902379,5.605255848514518
-3.01161242244209,5.6291418544894665
-3.0145608098465306,5.658983254831859
-3.0176439706850235,5.688785946881481
-3.0203609987421554,5.718619495472243
-3.0227154075876945,5.748293312457253
-3.02494561000992,5.777058852856236
-3.0269101647426013,5.803359398934163
-3.0284573625728264,5.830599118361923
-3.0299061390442836,5.854421705575663
-3.0314972320503384,5.884227505250677
-3.031913582670508,5.914263238149232
-3.0310383269285337,5.944276317618694
-3.0299749056553513,5.974209243855859
-3.029456737580287,6.004204375041991
-3.029005752192161,6.034179522715802
-3.029005296133667,6.0581538192378215
-3.0290725256048487,6.088157963608748
-3.0289168579979733,6.11818641233616
-3.0281652845314477,6.148237386838757
-3.025795800505572,6.178273657852085
-3.0209661246069124,6.208028837795487
-3.015615778118404,6.2315049234989
-3.0080235089817897,6.260561750279392
-2.999917992353854,6.289490877052867
-2.991113037802205,6.318214574281114
-2.98169274331885,6.346745188573378
-2.971456901070571,6.375010415259236
-2.960169910851648,6.402885832588479
-2.9477758093702486,6.4302778209628055
-2.9345177811839096,6.4572567501361995
-2.9204208101606235,6.483800073628549
-2.9085582394084786,6.504717209269839
-2.8930233675855774,6.530444514046223
-2.8767322169244087,6.555706817874849
-2.8596322917902843,6.580423801994398
-2.8418519284451196,6.604646698068935
-2.827212256584451,6.623705935194032
-2.8084614113719155,6.647176411182416
-2.7892198976679334,6.670241712481372
-2.769510804044751,6.692906917891595
-2.7494106942734096,6.7152204421767205
-2.7289080184513628,6.737166977401126
-2.7122475831398214,6.754475534772429
-2.6910998682262433,6.775800354080473
-2.669582745041981,6.796749858902661
-2.647700934128868,6.817324794873977
-2.625424715604999,6.837470205124442
-2.602791044251092,6.857210409926338
-2.579828331555938,6.876563311976702
-2.5612399977248246,6.891781270280324
-2.5377663663145245,6.910502858417408
-2.5140471328923093,6.928909665991776
-2.490129956541253,6.9470484041616
-2.466048879313944,6.964970801746774
-2.441821874906031,6.982686192008418
-2.417483923273049,7.000243826749851
-2.3979439926353088,7.014192898738669
-2.373425644996496,7.031501805606625
-2.3488238838567987,7.048679943177203
-2.3241739570547986,7.065786332578867
-2.30443728393154,7.079448873795759
-2.279724797879804,7.096465267662081
-2.2549273141708728,7.113370743714648
-2.230025075814768,7.130125042808922
-2.2100192214727037,7.143396268709433
-2.1849544093888142,7.159894489585127
-2.1598277376204686,7.176297050737168
-2.134647384528733,7.192613484380555
-2.1094814555075816,7.208935381734318
-2.0843146960040415,7.225276055940477
-2.0590203879844307,7.241441139649926
-2.0386547208303214,7.254174800476101
-2.012998419679192,7.269774302943043
-1.9871193702308914,7.285006004725558
-1.9609685455808712,7.29977987990175
-1.9398590349736322,7.311251478913422
-1.9132902377110466,7.325234261810462
-1.8865654045754112,7.338911374574975
-1.8596935997602257,7.352294409507003
-1.8326587778727959,7.365354824374107
-1.8109102385881148,7.375550312120732
-1.783577216937875,7.387971956011938
-1.7561169874050628,7.400091972498447
-1.7285606231329749,7.411991058572255
-1.7009135724075208,7.423674070032415
-1.6731999357222291,7.4351815345719
-1.6454217657443044,7.44654977002595
-1.6231155557535726,7.455451161099734
-1.59514058454571,7.466332044087463
-1.5670617956967288,7.476952184355084
-1.5388515449654239,7.487226778267078
-1.5161944059431876,7.495205405720373
-1.4877283826381547,7.504772001167895
-1.4591077405363724,7.513851756345264
-1.4304315789025601,7.5227010935375915
-1.4074327931800712,7.529618613015227
-1.3786153034960467,7.5380160997673284
-1.34970689074228,7.546115315457626
-1.3207193598409468,7.553910444066356
-1.291672812188404,7.561468652864815
-1.2625771188701609,7.56882129022248
-1.2334501147856591,7.576045405214284
-1.2101137717669008,7.581693194580414
-1.1809190068534752,7.588618370550153
-1.1517533746813886,7.595598006668892
-1.122721218494868,7.602979708986439
-1.0938751751719795,7.611061873021908
-1.0652140187538028,7.61977265451231
-1.0423419987872802,7.627039139071111
-1.0137362837108668,7.636101530699167
-0.9850837291582739,7.64501632670307
-0.9564390164280809,7.653917342688606
-0.9278049666106977,7.6628734523408015
-0.9048403880653442,7.669915262115048
-0.8760141298393912,7.678320921040748
-0.8470882143408309,7.686351263470267
-0.8180913420390827,7.694101887245178
-0.7948661900775351,7.700179323843823
-0.7658153176376166,7.707681441362729
-0.7367277589674742,7.715089643483537
-0.7075367800533682,7.722118456287722
-0.6782437914596501,7.728726801378119
-0.6547263065159933,7.733655988612594
-0.6252367729708693,7.739330801072075
-0.5956725661926203,7.744565921912584
-0.5660647454412503,7.749492963144794
-0.5364421603206875,7.754259646473678
-0.5068461718929674,7.759088120055355
-0.47727651755766565,7.764106626700594
-0.4536238355109173,7.7681757986105975
-0.42401199676561807,7.773093672845272
-0.3943905394632472,7.77784568164997
-0.3647779556277454,7.782602015610237
-0.3352566896057317,7.787727047374603
-0.3058414424306893,7.793395498706081
-0.2765557337250758,7.799669766499296
-0.2474421797657344,7.806643937297259
-0.22423543221503622,7.812645450108163
-0.19532401719341289,7.820524373819769
-0.1665543162600946,7.82891058735661
-0.13786011373280566,7.837621645915031
-0.11494089734601627,7.84469304577353
-0.08630197837596798,7.853617723889708
-0.0576786485356196,7.862573574375652
-0.02913483207851197,7.871752372770757
-0.0007043590079907583,7.8812438404523375
0.02758310853170451,7.89115675018264
0.050203292970946375,7.899182429865928
0.07854944878683885,7.909042183531739
0.10688468565123735,7.918884268466431
0.12959634162984957,7.926683339920117
0.15808995365197998,7.936138460034685
0.18678190118083784,7.945076958465022
0.2156993628207145,7.953206905953477
0.24477708666146797,7.960769631536788
0.27401642022897904,7.967620560280638
0.30335078975566954,7.9740215883120715
0.33269176127803457,7.980272873141299
0.362093428145973,7.98635141872307
0.3856876704522748,7.990886555179283
0.415211264306496,7.996265761523651
0.4447390721854536,8.00156068515479
0.47429334192179623,8.006769963486718
0.5038589760145225,8.011892278809905
0.527529271226322,8.015899215708242
0.5571512231230443,8.02073584455326
0.5867895414852989,8.025412159775515
0.6164173634878454,8.030077938690038
0.6459907308277144,8.034980065915999
0.675508213061607,8.040233713731055
0.699084935819972,8.044643910208324
0.7285196058138197,8.050373821952011
0.757942442233276,8.056217429881162
0.7873468711042175,8.062126791413807
0.8108517375716359,8.066945198674363
0.8402069700404143,8.073082861492908
0.8695230373844753,8.079395481209083
0.8987871687132816,8.08592193290632
0.9279744557905166,8.092748647563411
0.9570701433203836,8.099973388504491
0.9803032818164027,8.105937153134033
1.0092867864106767,8.11361386645511
1.03819402568792,8.121567252887688
1.0670314322745729,8.129789077263068
1.0958372847070452,8.1381412351744
1.1246007779501919,8.146631018065706
1.1533305852261373,8.155241950342655
1.1762684954247116,8.162258091971188
1.2048632398674337,8.171267878242125
1.233360318259713,8.180581303455336
1.2617807316511274,8.190141723432877
1.284453946058336,8.197965864362663
1.312713312197613,8.207986495866184
1.3408764439792447,8.2182656495361
1.3689347791942272,8.228829355479089
1.3968952005011754,8.23965801651633
1.4247911129855206,8.250674516536778
1.4470976386897358,8.259529776920031
1.475010463369323,8.270540929480823
1.502962503596734,8.281455894584216
1.5309552651721074,8.292262500798683
1.5589869026911198,8.302970023808552
1.5814455872464135,8.311453258104878
1.6095766445297932,8.321912234429568
1.6377851679557291,8.332165646171454
1.6660557780446927,8.34223421505203
1.6943863847067189,8.352136657613904
1.7227533801300479,8.361915830202372
1.7511464387846312,8.371619637336845
1.773893911562812,8.379297789569835
1.8023826688109743,8.388736602598708
1.8309110775367374,8.39803462638752
1.8594554641090695,8.407277598893526
1.8880217079513364,8.416456300664597
1.9166116595977833,8.425563739576397
1.93950118726039,8.432786715659425
1.9680811672088396,8.441872999189215
1.9966107260280788,8.451120548683877
2.0194055881996515,8.458612107704349
2.047873338696798,8.468058393165709
2.076296774777326,8.477623014743468
2.1046396395369413,8.487401748540856
2.1329219515219004,8.497374198719985
2.1611266187549227,8.507556094214259
2.1892763404392066,8.517904309943185
2.2173993064432436,8.528345755832046
2.2455514115861086,8.53873578420556
2.2681410059964855,8.546888504041574
2.296471076671179,8.556816319427186
2.3249629703755845,8.566332974540092
2.3536449792508694,8.575240496621404
2.376692736927726,8.582020717768108
2.405610955073687,8.590102929757403
2.4346309995848334,8.597806780068131
2.463790223806405,8.605013427915148
2.4930732111586638,8.611683262586812
2.5165677019387975,8.616674665803389
2.5459871124262,8.622632059440619
2.5754439912920755,8.628374421870854
2.5990310069090388,8.632850249404418
2.628538038458982,8.638309115546617
2.6581198559542054,8.643461904901704
2.687723240932893,8.648375877318495
2.7114201940765827,8.65221936840773
2.741063095812022,8.656899022870633
2.7707598801359294,8.661319914066574
2.8005496369628697,8.665223132646902
2.8303986056610513,8.668498094147097
2.8543158487858737,8.670798722349572
2.8843176106144948,8.672947732810234
2.914444466375068,8.673275984072342
2.9445145398558443,8.67126036558994
2.968421236644921,8.667945288273394
2.997767423157211,8.660830010710558
3.02617394569377,8.650541826392189
3.047762511870455,8.639655794717816
3.0732707373898958,8.623550786888005
3.097363989218104,8.605523699876684
3.1209441400788984,8.586945725157566
3.1444029908990765,8.568264061281218
3.1679901368083736,8.549739971326932
3.1870381384920026,8.535219446764911
3.2114205889127643,8.517897538861574
3.2367185133958563,8.501980863906791
3.2628826717447112,8.48753056765009
3.284332136904858,8.476901847228106
3.3115889200110615,8.464550804588574
3.3393350673153837,8.453297566692392
3.3672912153315355,8.442487796186853
3.389780228348091,8.434180754879637
3.4180756278603575,8.424373180427727
3.4466356602949455,8.415339304358271
3.475345070527344,8.406671124298924
3.504143467231223,8.398484986884975
3.5273710526100204,8.392653608303338
3.5566077679690355,8.386112515412332
3.5859656335370547,8.380090480232765
3.615424863408169,8.374562904719998
3.644927331438442,8.368929962976054
3.668447720235973,8.364145750974687
3.6978490844124816,8.358181311826897
3.7272439111170472,8.35215757555996
3.7566218927367587,8.346130681038316
3.7801503826670064,8.341446797875331
3.80960409520096,8.335852402922914
3.839119763564084,8.330650596067308
3.8627847931920463,8.326850253748137
3.8924524516377,8.322590172839137
3.9221890537711146,8.31845388588781
3.9518578417193058,8.3133766798881
3.97530225508358,8.307509618343325
4.003497992958304,8.296532348459875
4.0297940361670275,8.281623951938828
4.049401380238501,8.267497696903721
4.071816177970794,8.247258921891
4.092319972787586,8.225228378531066
4.112181617824388,8.20271424766923
4.131984353011396,8.180227121403085
4.148156664509616,8.16250470726713
4.168305309442029,8.140245109716265
4.187946555940831,8.11753170160358
4.20373806663924,8.099500838939187
4.223970766905472,8.077444987848365
4.24493965272195,8.056024076130747
4.26597957226395,8.03473621272663
4.287059159670509,8.014132214476957
4.303785190730094,7.9976064469463335
4.322503128827064,7.979663700362152
4.3388079556985675,7.965471601552169
4.356198851726606,7.952589956751991
4.370462857987559,7.942600309032364
4.388376643363964,7.9291817802571405
4.408833913330444,7.91097535340775
4.429293494164702,7.889228178910283
4.448854577347937,7.86700804557819
4.464789573900401,7.849666953053365
4.4728925570188816,7.841308906613422
4.477044405197985,7.837228613585605
4.477303150777772,7.836953017037406
4.474250297547635,7.839201326443429
4.471275470020924,7.8409312211916316
4.471877241609848,7.84069592591415
4.473661027512468,7.840235544315382
4.477938151815902,7.839405578753135
4.485359512996341,7.838064304580921
4.498582643977161,7.835324867047185
4.514335489504527,7.8314003429161945
4.536057675885153,7.824427793993927
4.561283412081381,7.812817068022344
4.586795333582255,7.7966212464488756
4.610253076393759,7.778380237794298
4.624317439143833,7.766404366925527
4.634667879598049,7.756848247446555
4.63863864680487,7.752849298701476
4.639033321127866,7.752434158847211
4.635868831598276,7.755637303233278
4.628590326704169,7.762305241455637
4.6176053425396475,7.770774974412718
4.60535703328383,7.77816304821615
4.589754466439182,7.785015793755669
4.57923381721641,7.787895293096313
4.574800336869098,7.7885853735004025
4.574727601518116,7.788603337158748
4.581001571734334,7.788574086127743
4.591351871290094,7.788794331639771
4.60999437057987,7.789446323719293
4.6338692457252115,7.789836147513823
4.662117798605588,7.7888957263761895
4.69171097280733,7.784892416332919
4.72083820953635,7.776799949390533
4.743170955823598,7.767468647047693
4.7694857694038495,7.752687802566161
4.794593978925621,7.736096888953046
4.818558736796707,7.718130406920732
4.841016740497761,7.699000703420887
4.861037637064671,7.677457556082643
4.871609737683885,7.662252596408255
4.877981645737431,7.649620680239276
4.880235525832938,7.642222130640203
4.882278182671399,7.628278352888135
4.882752292073077,7.607423955538806
4.88141335039104,7.585776021724953
4.879877318440789,7.56968411098958
4.879131061820892,7.563154595348302
4.879140987860828,7.563213006386003
4.879751359170907,7.568417880837877
4.880216255134025,7.5736859021830165
4.880079072403394,7.569475589287858
4.8800916927944575,7.559211819613709
4.880618474995968,7.542849054427656
4.881730123319344,7.525192127223911
4.882711636104904,7.50564454609823
4.883105679261676,7.482500055318582
4.882581510905828,7.461719634086616
4.881578522895666,7.448353784728889
4.8809237077376935,7.442136487606109
4.8809038524918975,7.441967380771365
4.881327107181182,7.445833638094763
4.881804426177958,7.452308641465563
4.881881491304913,7.456680787780522
4.882105853588116,7.453617912417131
4.883416999731864,7.443635195728173
4.886158809298376,7.427809315783324
4.8894514451593345,7.410078290652703
4.8925996292547795,7.392269540912551
4.8949698864978295,7.378040426784753
4.897693283600764,7.3601697178944425
4.9000761604323255,7.342224032031985
4.90150242535079,7.327825084670991
4.9028798188565155,7.309795407298703
4.903833041945485,7.291255101023295
4.904122204250801,7.2726545276394985
4.903800310709166,7.2597195226560975
4.903315928176783,7.251905528780006
4.9032277842095215,7.250804910190801
4.9035349614447465,7.254211823460966
4.904052780168156,7.262485987034648
4.904164229923734,7.268626887019997
4.904041734788077,7.272432389324804
4.9037253732330495,7.274892189976092
4.903152634748928,7.278193526906674
4.9026023163913575,7.281086605940928
4.901954378912956,7.284666213046784
4.9013317082812495,7.288292623309029
4.900700456080329,7.291910924794051
4.900119251346412,7.295530086333161
4.899460542508855,7.299186698311697
4.898906315859512,7.302077182962435
4.898007456955163,7.307235614311959
4.897130384143519,7.312799018115977
4.896751327434455,7.315257235258695
4.89644869385794,7.316927571476365
4.8961475181922935,7.318352745295506
4.895721329183444,7.3201312633629545
4.894711380124467,7.3239184951675
4.893233076210819,7.328603922749582
4.892721773454801,7.330064139017399
4.895058763217616,7.324228285811087
4.901261950558521,7.309595939745394
4.910461270780156,7.288740473654888
4.9204623404717855,7.264433770417624
4.928088210900823,7.244209783420562
4.937810557205836,7.219016668978708
4.9468343630095415,7.193462772308529
4.9527143968699985,7.172516163888905
4.957414448293002,7.145720959032967
4.9588726186115295,7.1233129289687245
4.958373162384639,7.104549549628681
4.95715194627697,7.090990909939181
4.956172272341412,7.083689325885036
4.955697112288596,7.080326439720908
4.955332519018205,7.077477492654045
4.955218200917235,7.076494874892963
4.955710601756956,7.081372831470897
4.956199010345141,7.086723680213838
4.95662042559545,7.091993940847812
4.957098964937696,7.100236857472335
4.957148081000969,7.101470309226599
4.957213778270835,7.097653445712594
4.957247300823885,7.096878452444735
4.956979612113358,7.09931429727658
4.956863140443374,7.100187420199201
4.9568229292972195,7.100434431887724
4.956736137812491,7.100875700448656
4.957055103270771,7.0995908320914705
4.959128381439366,7.092097177451679
4.961456354845343,7.083776856034512
4.964387649863306,7.0724109126563315
4.967183948754214,7.058279688484339
4.969231279804611,7.038490326018621
4.969170183834846,7.01478697055679
4.96750724747465,6.997176071750676
4.965801937995429,6.986906119554973
4.963587781613533,6.97557678550291
4.962287464149009,6.968210158250969
4.961908054920968,6.965491565038514
4.9616485369010155,6.963496969410474
4.961596423219845,6.963100110116885
4.961681292045511,6.963861280665057
4.961747976948719,6.964474856292163
4.961647141407242,6.963535533244665
4.961653042712731,6.963589011997614
4.961466483877635,6.961803351024588
4.961519624725572,6.962350530135888
4.961674243384804,6.963948260132275
4.961966086474306,6.967004749099809
4.962223227741165,6.969764311761316
4.962705665765652,6.975396365782816
4.963007985535284,6.979198895139178
4.963246142838447,6.981974438585484
4.9637456501024975,6.987850958063136
4.96401227850824,6.991053590348745
4.9644824318534,6.997316017977871
4.964763029043874,7.003589994169526
4.964783637143057,7.003182395210241
4.965011064694653,6.99968435242448
4.965120249257718,6.998389409598834
4.964941578510728,6.999883598924047
4.964780170684603,7.000983180349583
4.96528558085265,6.9979054450734814
4.966413675159727,6.99112703581165
4.967804450383926,6.981322640731507
4.969075510439539,6.971544657300108
4.969834165231707,6.96416029401235
4.970590683908757,6.951566362386393
4.970787349673896,6.936947346553315
4.9702115942259635,6.920213789988217
4.969325138212624,6.908823357523235
4.968703534021323,6.903086833201006
4.968305381148815,6.8996750809134335
4.968346770079032,6.900101951151062
4.968759891915462,6.904404484432774
4.969335554261888,6.912002277046225
4.969873276730657,6.921096971931188
4.9701140807921895,6.928951809367598
4.969831802058847,6.936089474899552
4.96906344951578,6.943171209974153
4.96820926439914,6.948013802378436
4.967999563456287,6.948740837546056
4.96878908572746,6.946295225357531
4.9724207117898835,6.935510207906965
4.978025704875636,6.919317663470949
4.982545468198218,6.9062680835311845
4.989023881239501,6.887945817213298
4.995377079742212,6.868215312125293
5.000291775528192,6.847904756742013
5.003068128548728,6.8270913045631545
5.00406443576304,6.81050818600728
5.003740322991261,6.793959824441293
5.002692176639634,6.782105531474314
5.001550672010045,6.773856945698649
4.999345611421817,6.760192062962938
4.997426971882174,6.7472719903826635
4.996723652707183,6.741687690031559
4.99669802460602,6.7416056785053575
4.996910926841392,6.744346539705101
4.99706404173554,6.746664284419408
4.997221107965103,6.749576256041778
4.997257199465973,6.750440987482842
4.997253011787766,6.749543534978374
4.997364468054894,6.743165418215905
4.9975936135546535,6.73618067305681
4.9977601440441415,6.732755670282455
4.998048056159926,6.72806134839512
4.998402447446186,6.723530247750996
4.9986595843307935,6.721316058130392
4.999335182518453,6.717528903678184
5.000826921435391,6.7108579040105845
5.0035600510545075,6.698666093564904
5.005994443246595,6.68659392191095
5.009023769862238,6.669857694481119
5.011647547276946,6.6527113940890485
5.01311464102868,6.63549234649406
5.0134045935139575,6.620605128937384
5.012385978392693,6.600647319498308
5.0098891035598125,6.58035050968725
5.007971603377156,6.568217094292321
5.005720472523432,6.554168110797384
5.004309747074833,6.542916195229056
5.004143270043012,6.541267957283188
5.004232873804529,6.544081102350782
5.004247811685711,6.546795721646488
5.004178236528211,6.548840789195023
5.0043372601644025,6.546935119324191
5.004577410360322,6.545077950264304
5.005143538002626,6.54170552995516
5.00606749787328,6.535695176488254
5.007309952321881,6.525653147640138
5.008689285295257,6.514937292262951
5.00995113603379,6.503937906713792
5.0107821961599415,6.495159062734632
5.011975962970231,6.483867101272564
5.014299118680816,6.467964843487815
5.01851601118089,6.448106655070246
5.022954501480925,6.431429794117338
5.028456934612124,6.410358309223863
5.033069794189885,6.386419353674836
5.035465194730978,6.3605424996417215
5.035048920902149,6.334086820008969
5.033031571260648,6.310737049895501
5.031336282250905,6.297193054900696
5.029646109989743,6.285444384697875
5.0286763021406635,6.278279503257743
5.027962180889532,6.270135703033152
5.027541084672089,6.2588921510127795
5.027660967822706,6.249265288703235
5.028465923909989,6.2315548392643585
5.029915317567605,6.212894963606382
5.0321258428398785,6.196374747525805
5.036192154631771,6.172807600505054
5.041330804678286,6.1440697605872
5.04527249165453,6.1147126049553835
5.045937351873894,6.085017871172548
5.043274393494546,6.055522491562506
5.039301888051636,6.026296675374516
5.036643602547342,6.004168555764725
5.035026422470014,5.9826044859952505
5.034674243426833,5.957157338269177
5.035718489435239,5.931191658913821
5.038180534868737,5.902347822362951
5.040955815298995,5.878972867822393
5.0455212726352645,5.849673283005704
5.049761837226124,5.820159109079469
5.0523783137999345,5.7904947819672214
5.053436360284035,5.7605008437864464
5.054179020219496,5.730578782729332
5.055861218172047,5.700775135334167
5.057577723883263,5.676858541491787
5.059982806149912,5.64699623599041
5.062449339158759,5.617129870562615
5.0644153480367695,5.593234500799324
5.067027427405561,5.56335525942395
5.069528354025599,5.533470441913855
5.072323836430738,5.503614839957281
5.074869060321582,5.473705022177298
5.077252984599577,5.443796028485061
5.079189524601899,5.419887767472951
5.081671908759258,5.389993660767226
5.084175112194628,5.360098707885682
5.086725055989143,5.330218434148584
5.0888636681418395,5.306323649134421
5.09170924660929,5.276464186225803
5.094462303761042,5.246582661645693
5.097128067362752,5.216691549189295
5.09945599245342,5.186754211635946
5.101019492666695,5.162788292806484
5.102628964730036,5.132803335643193
5.103730065005972,5.102791535972078
5.104333591346234,5.072766214771092
5.104527296953695,5.042752609819792
5.104632880595739,5.0187584026777445
5.104868991361958,4.988769042819974
5.1053139427248455,4.958788019064479
5.105947991881335,4.928798634709586
5.106626254006348,4.898816872263557
5.1073735375407345,4.874845966516599
5.108653916531194,4.844901502998091
5.110504961060802,4.815000976813476
5.11298163945578,4.785140248798816
5.116041166386831,4.755333525015632
5.119517817953974,4.7255514103623195
5.122464939046394,4.701748719396089
5.126543808176085,4.672067515706308
5.131485518053129,4.642547809110168
5.137613491841752,4.613265586020498
5.143423901855903,4.590048610353345
5.151785146121891,4.561317448311573
5.161291932878333,4.532948150251108
5.171934320818789,4.504978056124219
5.1835900696899175,4.477408726670863
5.19617422939155,4.450241204310501
5.2068692237141,4.428831487453585
5.221453188713694,4.402737174215984
5.237377763824595,4.377403409668186
5.254100298941791,4.352557082074454
5.271463069959669,4.328150972249375
5.289411827000768,4.304172557730707
5.304233868697293,4.285361850855599
5.323486168240792,4.262439582883991
5.343541723185998,4.240228994489077
5.364547722252625,4.218950718797047
5.386692603276001,4.198875502002637
5.409801897564928,4.179864326424966
5.433603595142967,4.161725097461924
5.453135144461808,4.147871351723413
5.478045971585811,4.131259255479767
5.503439213719172,4.115380380366106
5.529190778724083,4.1000830280581155
5.5552684601268725,4.0852878315912475
5.581472144911155,4.070724327769627
5.607967018787233,4.056787256488892
5.629462914041217,4.046190734724509
5.656555992746633,4.033360134986339
5.683752229265768,4.020731424198075
5.71103085753729,4.008239530457376
5.73833277426306,3.995862762546756
5.765820135502165,3.9839130616109024
5.787917220142578,3.9745936322527373
5.81567278196917,3.963290018138124
5.843610894914376,3.9524628394940597
5.8717747788851975,3.942265586667254
5.900188588647853,3.9328048686945243
5.928847806426738,3.924048682870818
5.957618427049719,3.915604655911904
5.980678942657069,3.9089815611513017
6.009565093128368,3.900984371335665
6.038560885096992,3.893411802688799
6.067685219082473,3.886373481936863
6.096937294191478,3.8798447615457037
6.126276779488738,3.8737061578447647
6.149811909533857,3.8692079475417556
6.1793485803081705,3.86422508377271
6.208999593640739,3.859966036629452
6.238740992429037,3.856244143118765
6.268530176655392,3.852991295627527
6.29837219025063,3.850283369180733
6.328257885743646,3.848097617735371
6.352200513338291,3.8467506327933854
6.382145161659966,3.8454001292909363
6.412102290620927,3.8444922126857497
6.442079425201647,3.8439396462631144
6.472061287822957,3.843659174278725
6.502046817793869,3.84361646756739
6.5320282795241935,3.84385038245452
6.5620098717568185,3.844298872328595
6.585982786492175,3.8449121560997006
6.615951849592239,3.8459344872922925
6.64592024769521,3.8471206594880716
6.675893696459998,3.848374169714301
6.705870073069962,3.8496130980401015
6.729835813146624,3.8506417983212926
6.759787149644834,3.8521351389576606
6.789729264098546,3.8538314960883056
6.819670581887451,3.8556369030378104
6.843641364616918,3.857017831575614
6.873577009783918,3.858725484864322
6.903459133199761,3.86090462630237
6.9332896557330805,3.863682428179118
6.957113401057765,3.866356297380917
6.986840781675271,3.8701494619433183
7.016442856360802,3.874652252559091
7.045888421895088,3.8800427507607496
7.075126948588709,3.8864466679341017
7.1041223267174125,3.893875414325435
7.132862348529911,3.9022693312794803
7.155660192699738,3.909621847040695
7.183901668088061,3.9195666729717398
7.2118345548000224,3.9303651718069026
7.23944900170881,3.941940959628319
7.26675352159562,3.954249454735379
7.293622755088651,3.9674427961451624
7.320082533501947,3.9814465351268877
7.34082875167823,3.993382795431188
7.366182313054949,4.009271386432429
7.390913041856133,4.026126579036078
7.415031585420611,4.043858833858409
7.438564383766723,4.062364942460806
7.456946228078625,4.0777170909858755
7.479375857118345,4.097550487036082
7.501141750881222,4.118099734630664
7.522182077842571,4.139389617924984
7.542447280507207,4.161416017813666
7.561934090304565,4.1841386737715025
7.576958787481122,4.202786995000433
7.595023654675359,4.226660032320579
7.612349530911061,4.251084060983712
7.629045603097219,4.275949732962204
7.645049894943641,4.301258030108297
7.660321439122291,4.327021614256928
7.672090194078655,4.347895487485135
7.686334283367079,4.374260503551214
7.6998945586588,4.400945286663362
7.71252750501723,4.428086467971058
7.724361268293756,4.4555969104640685
7.73328436484348,4.477832691116214
7.743842800693977,4.505866587479972
7.753789417288651,4.534125987396038
7.763025402460492,4.562600899585721
7.771260819565272,4.5913724564737475
7.777119397803634,4.614592177995946
7.78364025644268,4.643816232557419
7.789343540299018,4.673209665483272
7.794137411928001,4.702763440920493
7.798067927374661,4.732448481160347
7.800656873119943,4.756270284379992
7.803257237583477,4.786106855981257
7.805102522987701,4.816000128394909
7.8062606741548874,4.845934660969535
7.806758393539742,4.875892026921849
7.806810725193472,4.8998729190175725
7.806613272797199,4.929855085204954
7.806193522576967,4.95984601237984
7.805783592466328,4.9898476437585
7.805399267565219,5.019843307592581
7.805005700150344,5.0498437793114075
7.804707822397282,5.073840221029837
7.804279684059942,5.103834868617905
7.803891932066957,5.133837892188054
7.803546462824783,5.163835124307513
7.803225291605645,5.1938354893716845
7.80292485991915,5.217803325507913
7.80205187496639,5.247782502246129
7.801072502023253,5.277757718082547
7.800043913142864,5.307742543474776
7.799298130655868,5.331738956937817
7.7985076013188666,5.361733660927407
7.797720819458853,5.391721001565893
7.7969288723189,5.421709507336571
7.796099374261985,5.451693971829083
7.795252875120373,5.481681462731891
7.794603437916365,5.5056765762355555
7.793849877673388,5.535666969937487
7.793034334098911,5.565649143755229
7.792091941987507,5.595625658856139
7.790960140543841,5.625589203332755
7.789749197381007,5.655568930486188
7.788831215096189,5.6795553345074286
7.787729003914838,5.709534407154655
7.786626666743958,5.739514690021438
7.785728981974987,5.763497527156279
7.784567612313744,5.793471044717851
7.783401790162784,5.823447651514682
7.782356122272573,5.847409737400561
7.780779812229975,5.877345678592654
7.778874033714706,5.907272621265173
7.776879568881873,5.937205101701829
7.7748981565146735,5.96714067552609
7.773002915313194,5.997087098923353
7.770967167454754,6.026986038623529
7.769043311433057,6.050897330236726
7.766538519452622,6.080784495060235
7.7638531116924625,6.110637064917839
7.760697704541181,6.140415967069251
7.757996073253659,6.164237936968101
7.7545859561035275,6.1940207073305364
7.751387541586068,6.223845154128214
7.748585381487968,6.253731860682686
7.7466530616908695,6.277639414985862
7.744337963300948,6.307552140999006
7.7422501321272,6.337476880467924
7.740281415625109,6.367416823281958
7.738387461214134,6.397346324954417
7.736581496912611,6.427261802525601
7.73514141506936,6.451191537683155
7.73324659912758,6.481106184278935
7.731031378736032,6.510971374673557
7.7283035550887735,6.540760073279297
7.725171270324755,6.570084484876932
7.722002712288184,6.597216476397412
7.719654351178336,6.617187513593778
7.718425419066251,6.628232185612053
7.716685525741784,6.645309697651375
7.714740972056342,6.665119467454356
7.713502601892313,6.678148561528295
7.713078662153853,6.682934280143054
7.713287229289908,6.679470514080936
7.713466859139812,6.670869317881052
7.712993650830239,6.661501513876308
7.711895420297294,6.653352757763531
7.711030533433084,6.650111853841502
7.708461731859964,6.642732598152324
7.702939552806413,6.629150298761096
7.6945319013068385,6.610295292959451
7.684594664356706,6.587688096734459
7.6740961505060605,6.561372833810694
7.667084291143492,6.541994667731099
7.661578425566445,6.52488070073925
7.659433734632091,6.517198896204904
7.659865256244691,6.519175773853863
7.662082332918465,6.5309906099889306
7.665239440230768,6.552493428159255
7.667531125822371,6.574858885892751
7.669010665400712,6.604732968234547
7.669605662663175,6.634667681773484
7.669627369525106,6.6643719051808
7.669191298135735,6.691786058699876
7.668507826503788,6.720365629942184
7.667872275164283,6.742688615921254
7.666896496735489,6.769987695062381
7.665367359043419,6.796962439316724
7.66283625468771,6.823311182713152
7.66054969175163,6.84032439801473
7.659332091579069,6.847576631903189
7.6592574756388805,6.847967930401884
7.660122078734068,6.843804193745451
7.661439660045524,6.836014563077335
7.663002836524251,6.821839236795448
7.663601201501762,6.8039694569229825
7.6627528660429896,6.785956223201784
7.66053719698951,6.768997407877959
7.65828920776581,6.758624627785044
7.6571760779850075,6.754931514085515
7.656552876220399,6.753130902816
7.654474329722989,6.747018158675625
7.650811857292259,6.735008492487468
7.648080655821817,6.72405039616981
7.647815488599165,6.722784944205915
7.64868771282475,6.731451117578541
7.64930166166205,6.745603426435013
7.6489474126284485,6.770739729644039
7.6473023642731155,6.798976608381983
7.6454177402576375,6.819250721599756
7.643943825925565,6.8310982807046425
7.6433065910565885,6.835735078298717
7.643654607188925,6.833252466608358
7.644693160926949,6.824988762715846
7.645720102960579,6.813411654522105
7.6461357748696,6.799720479264062
7.6455895236170175,6.783832413500308
7.644188863011201,6.770213144619028
7.643223984993173,6.76470652617227
7.644262171483046,6.768476914785987
7.645746188956044,6.773109977765168
7.647238746266772,6.77769938760287
7.6476434183486655,6.778943300761444
7.648333988110706,6.782172977401241
7.650519717711229,6.7952954604674725
7.652630487186608,6.81300399469381
7.654776764965697,6.8405640266360725
7.655423029397981,6.870412723248758
7.654233038000282,6.899616373005512
7.6509733458735205,6.9279232173684075
7.647249006018377,6.947251606539797
7.643909937850434,6.959637819995583
7.637035293895968,6.98044335746717
7.628254014183882,7.004651471848999
7.618566097164832,7.0325136111267
7.609437231981287,7.061120928420427
7.600655883007885,7.089838718732418
7.594036822456627,7.112931923817616
7.58633721220252,7.14197335175255
7.579425011601941,7.17123245632233
7.573625125070919,7.200746183659288
7.568994432622811,7.230458440915415
7.566230749379489,7.254360175743927
7.563819442153404,7.28433192630334
7.562572063969384,7.3143796618595776
7.562656392883102,7.343855536140885
7.56434519384462,7.372567170766448
7.567238464626351,7.400987608336823
7.570030811695977,7.420317230265505
7.571833616224571,7.429919260250822
7.575252741499653,7.443226286220397
7.582696258571528,7.465498864789873
7.593297594864873,7.49213457068073
7.605182554314622,7.5196712660100715
7.617407593910542,7.547023492848761
7.629474362490303,7.573775267685505
7.640402403314141,7.597823434336467
7.649816323561515,7.618330401108364
7.658779221633603,7.637022789785008
7.6666428685523185,7.652602310804238
7.676601541646261,7.672536845548023
7.684620870000619,7.690355807997069
7.6946239746402085,7.717803023372692
7.702501253252483,7.74627493218964
7.709035335167882,7.774413779656849
7.714657944384368,7.799931306928081
7.720872465839472,7.8291222089065515
7.726850093271651,7.858458649927209
7.731637082576053,7.88198988546448
7.737971277334159,7.911341036575408
7.744714989318549,7.940592019707462
7.751842538852436,7.969759211818987
7.759281076541341,7.998842048487947
