-1.5174996236298741,-6.186388544768309
-1.540950038936535,-6.18213099296457
-1.5582140693000026,-6.177290607800233
-1.5634774500127702,-6.175422010127367
-1.5682981521795494,-6.173515877367901
-1.581122750686503,-6.167439368505131
-1.59774236668618,-6.157061275153411
-1.6072026868756568,-6.1496196184263985
-1.6149227417540057,-6.142517801720847
-1.618243584815837,-6.139126715788561
-1.6192714717909364,-6.13802978185837
-1.619270056152066,-6.138030728317582
-1.623586388445143,-6.133363712278555
-1.6346667159740933,-6.121327076767533
-1.6522050245803548,-6.102179041723433
-1.6680725387616175,-6.084337582288235
-1.6872283983145804,-6.061158623456681
-1.7054998909288999,-6.037243777438018
-1.7221948018803666,-6.01216349870651
-1.7367265570821981,-5.985698265552799
-1.7473925503356755,-5.957350787147226
-1.7530293359408973,-5.927623825671891
-1.7551479816863216,-5.897553362147403
-1.7558235979853598,-5.867530828532607
-1.755753205043637,-5.837432167071947
-1.7534659018817365,-5.808416984713755
-1.749008994120724,-5.779174055521154
-1.7424163120567002,-5.751649192794331
-1.7344041907822094,-5.727553359099732
-1.7277200465924942,-5.710390123037686
-1.717246577786526,-5.686570944019679
-1.708512619852341,-5.670441480564792
-1.6946743937175586,-5.650499404633447
-1.683000394576823,-5.638192649387941
-1.667688377609337,-5.627009256940411
-1.6514065255538843,-5.618777395332061
-1.6377979646617857,-5.613883559056789
-1.6217852891340012,-5.60964451416374
-1.602628356025973,-5.605338545005534
-1.5799686216153792,-5.600586419361971
-1.558704485508114,-5.596538953469529
-1.5411703411735984,-5.593415601130417
-1.5204637192609598,-5.589608885857189
-1.50004165261595,-5.585723352804988
-1.4783011770835333,-5.5816708938783295
-1.453951947226518,-5.577011226657446
-1.4262863036241071,-5.5716361490785475
-1.4014701935840492,-5.56757132438199
-1.3758197104870027,-5.56363903357326
-1.3467891402428267,-5.559709993585848
-1.3170085391556612,-5.555959800632948
-1.2889398518416915,-5.552668153578845
-1.2628100265889486,-5.54910443474809
-1.2441254609126706,-5.545607994786816
-1.2222346256911152,-5.540651911742937
-1.202586468268331,-5.535911797883138
-1.1838200211917966,-5.532041719670511
-1.1631486586232822,-5.528639223084046
-1.1385008743906861,-5.524931379050624
-1.110831978400462,-5.521059202092204
-1.0831582884612423,-5.5166858183194165
-1.0576868919225504,-5.511948443970837
-1.0306637016108289,-5.506635229204026
-1.0062444850339871,-5.501465847534261
-0.9829316977703377,-5.4960563171039905
-0.9644951106555731,-5.49170531314107
-0.9407687660514861,-5.485642693703844
-0.9138384703090301,-5.478498560816509
-0.8865285193802017,-5.4713349364294
-0.8636493184299094,-5.465001376649336
-0.8356284263981483,-5.457407652268265
-0.8068497702284484,-5.449938646254432
-0.779926580104516,-5.443709903915256
-0.7516413328310216,-5.437201317092621
-0.7226300195575835,-5.429739515415298
-0.6938799114886185,-5.421395326728063
-0.6652809946596804,-5.412438779664089
-0.6368405502622724,-5.402952228736789
-0.6112354065416808,-5.394469517481829
-0.5870082962467803,-5.3868869970576485
-0.5610130404179273,-5.378551592734472
-0.5402452388523429,-5.3711866556264445
-0.5148356195876148,-5.36166116375995
-0.49465382923338835,-5.353976921396639
-0.4751936068826515,-5.347297351990948
-0.45436067157379456,-5.341290514784275
-0.4318712855034774,-5.335333007554139
-0.4050331020902548,-5.328000722806595
-0.3791117252601651,-5.320461218986564
-0.35382293236713475,-5.312606798326688
-0.32555183862125425,-5.303557693230617
-0.29731455669969936,-5.293691535094058
-0.2695106404320485,-5.282675696156498
-0.24207494299892335,-5.270568968734282
-0.21772427531972685,-5.258008299265717
-0.20022982370479123,-5.2479084602985155
-0.1776497321845811,-5.23375055120626
-0.16018160487415545,-5.2214333154984764
-0.14305393149656975,-5.208056267875868
-0.12703904601534494,-5.194783388845259
-0.11164156079888467,-5.181592298928416
-0.09828513287901582,-5.16929948395309
-0.08356085159796602,-5.155218587332779
-0.06872383193663188,-5.140793805737023
-0.050272668564589285,-5.122006251358885
-0.029873543145559962,-5.100220629400657
-0.009909247691278416,-5.078175927803202
0.009845431135062033,-5.0559384045762314
0.030158817036326675,-5.033819829158104
0.05011509658640091,-5.013116316610281
0.0689697830502307,-4.994434808652561
0.0851501011290352,-4.979517532761328
0.10970343852629316,-4.956291966461947
0.12386121473074434,-4.94185119933798
0.1425687283329375,-4.9211122507891885
0.16029480664502285,-4.9006037270072405
0.17650389055303844,-4.881731023932188
0.19340917001962066,-4.862319757641202
0.21208733417909545,-4.841401666451802
0.23230812312415244,-4.8192607840714645
0.24981567145904485,-4.800454815525828
0.26683984780893805,-4.782333902285062
0.28443824498916587,-4.7636507866756475
0.3044375593437953,-4.7423106940263065
0.32458985707051674,-4.720811489983092
0.34005743984786485,-4.704530563362111
0.3581577592317731,-4.68591394529656
0.3740320992553414,-4.669383666254535
0.3917691211608125,-4.650130122645893
0.41194396383064447,-4.628660182258791
0.4333448477197523,-4.607543128500425
0.45515559204842443,-4.58719733467453
0.4771703563454071,-4.566865543380494
0.49889648042583,-4.546197515007152
0.5203794749964542,-4.525316557563638
0.5412065460205144,-4.503802713300041
0.5613323860737347,-4.4816470409825415
0.5808207191664895,-4.458905487714326
0.5960903173596656,-4.440411629687943
0.6152350803859079,-4.417269871548184
0.6350798075628314,-4.394691461957159
0.6553839225670831,-4.372579669280541
0.6760980412951733,-4.35080164164504
0.6977117573960627,-4.329882349070475
0.7199933222328884,-4.309714976224263
0.7428175083598889,-4.290165150765931
0.7661809018712907,-4.271274902555426
0.789095856476743,-4.253903708807182
0.8112340267155274,-4.238407786727672
0.832262344134497,-4.224696801994521
0.8545261742490707,-4.211127422974119
0.8724306510492272,-4.200360813957295
0.8980649974854819,-4.18513798214716
0.9234927353538931,-4.169812374671307
0.948573453757061,-4.153473875240204
0.9733705346851136,-4.136611464723846
0.9982177625190607,-4.119799064866032
1.0231331587796502,-4.103180629088433
1.0485246788670348,-4.087112479758635
1.0744383338532801,-4.071861442029084
1.1008369558562179,-4.057500391684511
1.12738652568078,-4.043546260490646
1.1538797386646173,-4.029469707497907
1.1804494643369297,-4.015502265862157
1.207215706031677,-4.001888392198064
1.2340531133635768,-3.9885053451520234
1.2606368737896376,-3.97471452787771
1.2870103883536814,-3.96041565496515
1.3134082784494767,-3.9461565804287133
1.339976669189039,-3.932159336741905
1.3666618213018997,-3.9184216096720514
1.3936134481995814,-3.905141475767339
1.4210083200038193,-3.8927303038673937
1.4432785428175186,-3.883637948669867
1.4714011780797391,-3.8730519951232245
1.4996282097832183,-3.8628644967040295
1.528001909664941,-3.853019897284973
1.5563467316344126,-3.843290320251446
1.5846100100213338,-3.8332598905186095
1.6127795024976657,-3.822975717540203
1.6409916445394372,-3.8127135940127874
1.669313514824374,-3.802787912099572
1.6947155741778384,-3.793803899261072
1.7215985517719767,-3.7836066465990505
1.7494383156055464,-3.7725025441339586
1.7691482046250433,-3.764355776249776
1.7897028878576624,-3.755393297467301
1.815445031820015,-3.7431784558256385
1.8338081193810314,-3.734698589015402
1.860153218165265,-3.723731798734776
1.8852825346440734,-3.7148517377274577
1.9096350015085433,-3.70883278289685
1.9296135186975985,-3.7066161515144507
1.953133702175274,-3.706795483935976
1.9799361908837851,-3.710075947363971
2.004675959875171,-3.7153832689048256
2.025527565702447,-3.722117062421207
2.0496563948249897,-3.7324220266268235
2.074669845604871,-3.744867446029992
2.1004745992944613,-3.757575478953751
2.126064679437033,-3.768671569209169
2.1479847272609645,-3.776842382684682
2.170774962356341,-3.7848686504768727
2.1980060291913444,-3.79515799114876
2.220247529096707,-3.80428773295191
2.247517054188856,-3.8155105221205186
2.273970075384267,-3.825448981691269
2.3016466756655274,-3.8355025268872356
2.3262092606636067,-3.8440051713761747
2.350319393650691,-3.851548115958572
2.371847730537011,-3.857583719732665
2.390678376016048,-3.862655472448921
2.4129390193585616,-3.8686383036516028
2.431141313044925,-3.8731530782079773
2.454920304370884,-3.87805001778706
2.4805944820697947,-3.8830669794596253
2.5086497763799707,-3.88924733915836
2.5341545717326346,-3.8949935525977795
2.561980400722416,-3.9009745313540396
2.590681956282004,-3.9065892259813135
2.6200657207283764,-3.9121216733983806
2.649453924349915,-3.9184884745855917
2.678582891015485,-3.9259443536798035
2.707357474489847,-3.9348467306775996
2.7353843451214512,-3.945941531355554
2.762534967144392,-3.9589397715282466
2.7837562134451774,-3.9702700519028937
2.809958776057818,-3.9849315278536084
2.835861590925918,-4.00013066944335
2.86179277507456,-4.01507425463682
2.8885702944294294,-4.0281433354358205
2.91650891832969,-4.0387294185864135
2.944867175495257,-4.048443423262171
2.9734048829597417,-4.057533305135347
3.0021103260349506,-4.066173211001017
3.0308142198314556,-4.074666303619164
3.0591788570778187,-4.0834292539511585
3.0818489582444997,-4.0909304246341724
3.1090058072058815,-4.1002330969390925
3.1335823950601966,-4.109309531671803
3.159082198990396,-4.118664629922271
3.187212958151307,-4.128659874688677
3.215660092446567,-4.138000291874813
3.2443720149303976,-4.146510336529085
3.2733362831305994,-4.154025167963142
3.3025541106314176,-4.160409220278482
3.3320676372005265,-4.165478855195633
3.3617016313533346,-4.169907565952039
3.384899847574467,-4.173016189181091
3.4144821759615547,-4.176516008820062
3.4443015937507377,-4.179351059710597
3.474202775543647,-4.18156341382093
3.504048886748565,-4.183635227390401
3.531439534438537,-4.185010665123909
3.5563354280902533,-4.186231603052626
3.5839072485518386,-4.18745163866124
3.6125927413368615,-4.187609262779686
3.6423214243642508,-4.185336307264606
3.671841171063853,-4.180643816272836
3.7012221571711947,-4.174823233571373
3.730546396240696,-4.168580474796197
3.7597750576478184,-4.161978090075957
3.7887864920954497,-4.154572196577731
3.8170832460802973,-4.146479387276547
3.839854656456463,-4.1392065519571535
3.8662043080507926,-4.130262206520335
3.8890749700078433,-4.121853248684363
3.9085654833994554,-4.113616028906199
3.926181467803554,-4.104974166450706
3.94514958992536,-4.094318915665879
3.9696034158882063,-4.078752695601681
3.993840007598032,-4.061230771190478
4.017693994297389,-4.043054026915542
4.04148875780226,-4.024797709446545
4.0653894080156805,-4.006611329659382
4.089937686762515,-3.989229350829816
4.1150287609546226,-3.972737699609615
4.139683394440377,-3.9558378455027117
4.162901007152872,-3.9371123820432086
4.18047792105447,-3.920887650143666
4.202125273977814,-3.900095406194753
4.22468628880121,-3.8801536897589557
4.24864219308344,-3.861877185556013
4.273293766865872,-3.8446814804714706
4.296611730371265,-3.8276941030051366
4.319136943902657,-3.809056590339197
4.340178157548045,-3.7891231416913107
4.359806494752338,-3.7667415506487822
4.376805684262819,-3.7440002414377473
4.393217829994929,-3.7210172540292774
4.410001354514292,-3.699406247160563
4.426664345452328,-3.6809371831297457
4.444019891956064,-3.664156954487412
4.461386254872775,-3.647575163265128
4.475615052884737,-3.632591520927005
4.491198013630421,-3.6140883294998045
4.507098376855243,-3.5929047357623443
4.522604971142548,-3.571381392031961
4.539412196133288,-3.550238455881596
4.558887191465507,-3.528485054078513
4.57766613498774,-3.507611513938951
4.594006976629608,-3.488090333277606
4.61229471366393,-3.4647931230809346
4.626641481579699,-3.4456041953787175
4.647290733034699,-3.4164432908715456
4.664660711860884,-3.3919310375962
4.679058016033175,-3.3726859611805913
4.697337004132324,-3.3488894111863097
4.715352144796495,-3.324959680280183
4.73260169255191,-3.3004920927917345
4.748974436240145,-3.2754201299281216
4.764536624690574,-3.249873858263361
4.778903256509805,-3.2236281073473814
4.791776225028583,-3.1976488476005107
4.802322391577201,-3.17269927232252
4.810729484141043,-3.1465984674968004
4.817347707742587,-3.1197091328732123
4.823796175079589,-3.0926413979202865
4.83183026544014,-3.066125085773268
4.842132228766154,-3.040593984808639
4.854125785017025,-3.015474037955976
4.868736548830173,-2.990999065302879
4.8854684563182245,-2.9680451809387898
4.902090373636049,-2.9464738947990528
4.914888135123529,-2.929543872826571
4.924485919671504,-2.916898913801587
4.938830233192349,-2.898179078291741
4.954809626911384,-2.87739087934514
4.971481816279381,-2.854958377776605
4.989384253556864,-2.830858380168024
5.007653610837187,-2.807010844218779
5.026867702980614,-2.7839487823205316
5.047029570452554,-2.761941195162083
5.064563173863015,-2.7436198636900824
5.080160830850075,-2.727085524708953
5.095331432507381,-2.7110685454083123
5.111363824712627,-2.6945732868727914
5.129317192588119,-2.6752845361756648
5.145751080142226,-2.655593064866846
5.158180588880736,-2.6388803120750866
5.173480858102351,-2.6177454136156384
5.188830781666265,-2.5967359650386195
5.203226888777442,-2.5750941506933738
5.21879962554748,-2.5506521034736225
5.233209636306297,-2.5264431037762023
5.246391340155743,-2.502988942184248
5.260571145612459,-2.479977970049517
5.276566816994131,-2.458216685744713
5.289810359661568,-2.441262253978465
5.305669384919698,-2.419697176434712
5.319249820556528,-2.3969272919477347
5.32921175846445,-2.372277682401408
5.33622270068928,-2.3434897832017816
5.34075253062067,-2.314058887116754
5.344800232428653,-2.284425282996123
5.350421295066107,-2.254925548138665
5.359619624807438,-2.2261988457540647
5.373476447217043,-2.1993787561042635
5.390439079520342,-2.1745971914697546
5.408636260941436,-2.150862042303819
5.4264004512701804,-2.126931753218516
5.442541846803523,-2.1019266106277716
5.455745077068164,-2.0754327784729574
5.463898246801354,-2.0530968109119376
5.472030496115781,-2.024452273092801
5.479710126702275,-1.9955459961365736
5.488921632046876,-1.9669721179301005
5.5005126169851,-1.939164525596166
5.513583601452316,-1.9121421364715145
5.525968009164544,-1.8873134521422403
5.536204502474802,-1.8674824503334535
5.5449535488248936,-1.8520596330967678
5.55462569936941,-1.8368740547070965
5.56723556920412,-1.8182988402773475
5.579921146907405,-1.798797615967945
5.593087609992808,-1.7757820514695475
5.603704226417314,-1.7557757975094885
5.6179403908273775,-1.7281798705443627
5.631433266425478,-1.7015491029586967
5.642268806796909,-1.6801176269777778
5.656199561943205,-1.6535152893695453
5.670173983293825,-1.6269916383720868
5.682905545695188,-1.6020550271700993
5.694512905853143,-1.5787468375302982
5.705467575249636,-1.55702460004962
5.716778783974958,-1.5360837329938344
5.731130172273323,-1.5112385651469742
5.746276523642333,-1.485367120339141
5.76043908469618,-1.4590341709889074
5.773543715275232,-1.4320873096409965
5.7871327479637635,-1.4052344200207605
5.803027184058836,-1.3795406841511675
5.822027059380132,-1.3560792549985203
5.838443064538645,-1.338480866558586
5.859204219054349,-1.3168297669025757
5.8804193377903475,-1.295482004099431
5.902341510097182,-1.276413386476651
5.924694257432041,-1.2592363233685093
5.94787639160396,-1.2432029214580231
5.971100636278657,-1.227461458114946
5.990099791992655,-1.2131785975126246
6.005389460273414,-1.2004399587149124
6.021031252511311,-1.1872536257467006
6.0359523927474,-1.1751374924756655
6.050686248005676,-1.1633424692545016
6.063206690807301,-1.1533469132653986
6.077017220288944,-1.1422936355347992
6.096312535493857,-1.1265603759423146
6.11877161654808,-1.1081904281494874
6.142642883932745,-1.0899210740448853
6.167004922871974,-1.0723711605286843
6.19162878279633,-1.055211854063532
6.21627554436404,-1.038157399265786
6.24052568557856,-1.020573787771336
6.264374218354717,-1.002423653453922
6.288300084558222,-0.9842558655076667
6.3078157777815465,-0.9702180377761698
6.3321841535803465,-0.9537357733922242
6.355569362759518,-0.9392409932964118
6.376121258978966,-0.9275166943956499
6.395643262371144,-0.9170761732254115
6.415395420950146,-0.9074269625115546
6.437855647161364,-0.8969397680724174
6.460306490929424,-0.8862400914602959
6.481254278514787,-0.875643529543483
6.496947300916761,-0.8668924826941256
6.511328821661784,-0.8580881819234529
6.529171223069194,-0.8465082947457907
6.549557345789586,-0.8323163861675922
6.571640058756047,-0.8155535808828951
6.592198814833343,-0.7983706640731965
6.613463804897774,-0.7784850091452084
6.633970301223647,-0.7571131420432061
6.652996933500931,-0.7359872910516394
6.667269471448386,-0.7205654131031756
6.684202015713311,-0.7036224144302445
6.700844602598724,-0.6880463984339306
6.717134082834723,-0.67341734305993
6.7331305603679095,-0.6598606078580227
6.7511093728551,-0.6464226907564201
6.7726205337517555,-0.6331927964228868
6.797038082832213,-0.6205421899855678
6.823936725724381,-0.6095277646388598
6.852348668748404,-0.5997529531647126
6.880569583583287,-0.5898170683278896
6.907961464154282,-0.577971819651267
6.934716940298371,-0.5647694241087448
6.961831732210496,-0.5520176920425468
6.989802644696248,-0.5413950857672943
7.0181254409288005,-0.5321248103014262
7.0461009981719815,-0.5222520013012927
7.072520801783766,-0.510335229605762
7.098296878240641,-0.4959205025024806
7.123733414916094,-0.48082276408457725
7.150027296914537,-0.46667927586660213
7.171899745324722,-0.45659214067868115
7.199477437392681,-0.4447866848115897
7.226281631701164,-0.43261613585686026
7.253054407142692,-0.42032182514450833
7.279287690622534,-0.40707333397152934
7.30530662990207,-0.39335658318128347
7.331501685571607,-0.38029394502020636
7.358464066731561,-0.367128129265193
7.385412087876492,-0.3539351641989064
7.412819487667126,-0.34147740435388657
7.440748105794612,-0.33040601738017195
7.468529995751396,-0.3192750191365965
7.495839564601807,-0.3069657150709517
7.523362593595954,-0.2948868138561713
