8.466580321564072,8.90599111195994
8.494777336034362,8.912546963036375
8.517422273838955,8.91783089659568
8.54012396973975,8.922142741576925
8.546495358812356,8.923102028374629
8.549093615955682,8.923450681716197
8.551298183689207,8.92372272735633
8.556931146750415,8.924285925874356
8.559274022491486,8.924457058293209
8.559273388904034,8.924456272446257
8.559273327214754,8.924455679940445
8.559273449846371,8.924456265858533
8.559273466780676,8.924455890345298
8.559736458541149,8.92448519771336
8.565883584862778,8.9248445519736
8.578349359146568,8.925150979313887
8.595802503512735,8.924531848023141
8.620832295887947,8.921551108248925
8.648587109390744,8.916631753143461
8.676742472988105,8.910279320608979
8.704954562804744,8.900660415652633
8.732214777307785,8.887601240806775
8.757123161986382,8.870359843147934
8.778646817170117,8.849084414845978
8.793779558088312,8.830285109274596
8.810464954450403,8.806911942694336
8.82646033683356,8.783348559581274
8.840610002047068,8.761638767487376
8.85634426599822,8.737631487395323
8.872873053895734,8.712632711725519
8.885712420523074,8.693945876577219
8.900755522104895,8.672565830546311
8.914075882151778,8.654351451915248
8.92546824497453,8.639011103842854
8.935849253790568,8.62533750720264
8.949723922897409,8.607749147717055
8.966431054428492,8.586999177539797
8.98498359473834,8.564073430125857
9.003581474128554,8.54112664839686
9.023162195379859,8.518505663243932
9.043314146224585,8.49625708160157
9.059013443858667,8.478030503289196
9.077756166155353,8.454476127849505
9.094591938845344,8.429870471410698
9.109931082835127,8.403978416014725
9.12423938359445,8.377575797871637
9.13815265943041,8.350933930886772
9.150995693852378,8.323724644267935
9.162585134046214,8.296268672976124
9.173357738543412,8.26995571029745
9.184785009586985,8.243174111746496
9.196828333289076,8.215707594093201
9.208957094443575,8.188295378883886
9.219160525875864,8.16685045156321
9.23299289678085,8.140806221931966
9.24729824274442,8.114389986991721
9.260635106811318,8.087450991631748
9.273413975949266,8.060257576908993
9.28482674570228,8.03307163357366
9.295110130112736,8.006260860389625
9.30424082832554,7.980796006819449
9.309256134331742,7.965034160891128
9.314764801176976,7.946869150578414
9.319212541519082,7.931328965201316
9.323654054162002,7.913524652163916
9.327735302610279,7.8955475847939605
9.332518744806473,7.874240288273028
9.33869709411233,7.848815426597782
9.346669421884044,7.820897093804749
9.354659275466462,7.795362031979793
9.360726507909083,7.775423163397946
9.366924724709355,7.749978646259761
9.371047272838885,7.726693765274147
9.373260222905712,7.708544362663926
9.374743552006413,7.689140709697174
9.375445878114085,7.6752723809327685
9.375692466211579,7.667485578130897
9.376031155563467,7.657143698933416
9.376546297774336,7.642166087572489
9.376977629202312,7.6273602698678085
9.377463733247913,7.613199152356305
9.377847763199545,7.602353066679859
9.378181713988537,7.589428666486469
9.37799468292942,7.5729562773536285
9.377426894069915,7.5560531451653725
9.376470689238436,7.530799955868451
9.375527013818774,7.505444965958203
9.37449287291311,7.484538143184194
9.373838271401029,7.462365378781663
9.374030424563978,7.439981165840304
9.374796724445796,7.42445465628449
9.375510127443,7.415402866532552
9.376115912886297,7.409278513810267
9.376841139253548,7.402871145010892
9.378164459006152,7.389506040404242
9.379709544587866,7.3713193848595315
9.380972566163846,7.352434459984715
9.381692999343823,7.334202701020527
9.382378475074518,7.3123611220369
9.382799306419765,7.2949748211609755
9.38298280090516,7.276633929225292
9.383016064529121,7.254363864482833
9.383277043311013,7.233171524535062
9.383502962320662,7.220680086318019
9.384037629772529,7.207437495659402
9.384469022614965,7.197017423951095
9.384823072476845,7.185162576896001
9.38542384296932,7.173171336645267
9.386495929737444,7.16029865459714
9.388301869527012,7.145501405518273
9.390124800036128,7.131486139174207
9.391370098592764,7.118949724068864
9.392283685226461,7.1064156269927095
9.392847443051672,7.090882529120175
9.392869073225404,7.074370980817127
9.393066740629578,7.0553820623403185
9.393854803167763,7.041393691260708
9.394973257375138,7.030912006389314
9.396008954239978,7.0234224308372415
9.396755387040521,7.018918223072685
9.398357244727089,7.009746524179125
9.400353712792786,6.997391479382231
9.401691390532427,6.986696921158972
9.40223095848396,6.980565251313418
9.402280781624743,6.979442866349967
9.402269898292051,6.975694654768579
9.401771033114366,6.964581902307917
9.400470126706045,6.950306702152538
9.398043966208638,6.932846864301209
9.394132839234327,6.9119003889881405
9.388673646409083,6.886060634561323
9.382097613159408,6.857738378547272
9.376006009907021,6.832793480371658
9.370088047260845,6.8115232175775375
9.362465501552643,6.786170935932329
9.355720454713637,6.763232597722435
9.350668779121737,6.745449285040016
9.34382917194129,6.721468855513863
9.337119052929705,6.699034113630025
9.328249098874588,6.672456279497251
9.318586249390746,6.644046403359926
9.308947288824516,6.615655647557072
9.299476531423512,6.587608603106814
9.290023177463912,6.5593623853141505
9.281199628931741,6.531399101319503
9.273097638770798,6.503270338319891
9.26661193304108,6.474456776576022
9.262490286394828,6.447678949778216
9.261001396936372,6.431925746952582
9.260307468256114,6.416840604025088
9.260162792653336,6.406815418823097
9.260075098542089,6.395273226399102
9.25977181594221,6.38435398150408
9.258811742340875,6.37035850780822
9.257477592095913,6.3591075925319265
9.254388335958756,6.341184815392666
9.249338678355869,6.317317856174676
9.242126932122568,6.290556704017402
9.234989484921156,6.268117185385765
9.224982517227499,6.240974352085076
9.212709617441853,6.2146958333918985
9.198302237386029,6.189265393071976
9.181326872112802,6.1643710267655925
9.164044655591393,6.142787364428111
9.143221326012956,6.1221886530610545
9.119868014940801,6.103976477097393
9.100109368773795,6.091830159907229
9.0733716517549,6.0803016853332235
9.04556610704066,6.072049575658949
9.01910066831638,6.0659009772209505
8.993729925698926,6.061598424644722
8.966769361634721,6.060101473229351
8.945050973849032,6.060948998474323
8.917844317567134,6.063123457173776
8.888158205804896,6.065233982498712
8.858358152577779,6.065486001429539
8.832722780374091,6.063581614503183
8.809966965148277,6.060670626148344
8.787662010179245,6.057598073655374
8.770429287498922,6.055153899502628
8.745939938517873,6.051707769830261
8.720008504448554,6.04822675061223
8.69146694636061,6.04507717704427
8.661573309508277,6.042371102074772
8.632890424920213,6.040034514436472
8.608440526639635,6.0375905097131275
8.58426259769197,6.035024875444784
8.556818095480448,6.032099464352994
8.527132820901723,6.028188296549351
8.503489899357447,6.024331330435594
8.47409576588585,6.018670233384696
8.444868654351072,6.012132596133593
8.41582026589877,6.004873376647716
8.387007906424712,5.996689234662674
8.358422064222266,5.987742681624649
8.329920492728162,5.978399235114877
8.301827310351428,5.969131828598698
8.277044682460497,5.960258126270617
8.254647074361436,5.950738799587013
8.235147804672513,5.941087665006937
8.210002878833778,5.92705526649085
8.184755613420359,5.911231147523807
8.160687954473381,5.893892965744085
8.137708544959585,5.875315416914477
8.114666607190035,5.856335327542889
8.091697615381543,5.8371840975072695
8.06901349868051,5.817790910949756
8.04599807767159,5.798608711999107
8.022826380266213,5.779623662329272
8.000733102088242,5.7603059858637975
7.984071077052411,5.744255659508003
7.966188451958538,5.72411701130303
7.949846691420687,5.7011217954669915
7.937056098290689,5.678786981524964
7.927143629916189,5.656848585017884
7.916809560208223,5.629684258883258
7.907026731162581,5.601339708822124
7.897165041443744,5.572974926894722
7.886747504129466,5.54513988887076
7.8755824525543545,5.517581586937769
7.864619303653073,5.489710008149203
7.854700780649357,5.461497955290489
7.846385633048084,5.433214099121392
7.839272827325503,5.404515671816137
7.833338496688684,5.37563107022693
7.82952276071272,5.3528278227432695
7.825468019462214,5.323158846351767
7.82191295875876,5.2943594945048424
7.819139256080266,5.267740427593245
7.8169426039343,5.240519609628648
7.8158543935488884,5.210613941814183
7.815636565093874,5.180644128610096
7.81558490005895,5.151024306078446
7.815459305957664,5.123429525796483
7.8157201612275395,5.093453496646771
7.816312333260966,5.063485146513751
7.817175134747351,5.033523585821723
7.818583542122479,5.009855150041706
7.822091994186019,4.980200657768658
7.828224918902622,4.951284197500435
7.83714977312003,4.926563576590727
7.849275728495528,4.904463235725512
7.864554376914507,4.885446094417079
7.885225504780235,4.867720486651462
7.910514828386103,4.8523812521146095
7.937460349141875,4.839915896515082
7.965042870329068,4.828569705618204
7.990644812451369,4.817391239801663
8.009892899662193,4.807918906216598
8.032672653994089,4.794778935463194
8.052315386887777,4.7802536310045
8.070647768720137,4.762950645790508
8.088970901502222,4.740905951294141
8.10536625291711,4.716725005386051
8.12093860746102,4.690966202119883
8.135077921319693,4.664415078527342
8.145810808676131,4.642933484870569
8.158800331209775,4.615816218465184
8.170848294962713,4.588274407274062
8.181881716063923,4.560305854406939
8.191993863472408,4.53200853901873
8.201078281689831,4.503303525921136
8.207892059805452,4.4739283915526915
8.212461329887283,4.444160071055196
8.215139874522396,4.415477562798637
8.215573244958028,4.388872144229479
8.213335760544082,4.362315007248524
8.208426786409229,4.335947272304013
8.20220377369581,4.3155786323404195
8.19322038509193,4.293231393508472
8.182846008381333,4.272932174784506
8.171456171758217,4.25381435712127
8.159140717647526,4.2333446210768795
8.147190041707647,4.212940506438342
8.134388956366385,4.191367960039446
8.121498895193552,4.170680263660338
8.106087682449893,4.147186279980184
8.093825626429252,4.129276306876051
8.078645378082461,4.108459260577681
8.062483642970326,4.08782376514396
8.043614311212686,4.065899031567513
8.024778479864118,4.045299141626287
8.006390729014424,4.02681767948449
7.987562636565245,4.010041863198144
7.969569596939201,3.9958976020530126
7.947797939955817,3.98146475578852
7.922018619660217,3.967035893070673
7.894886361085261,3.954163993613012
7.866918133524191,3.943082285862056
7.844454893071228,3.9347749812315485
7.818964603660954,3.925154334214828
7.792902223959242,3.91511890617882
7.7686582683524135,3.9062965032330075
7.7464133823865025,3.8988663634163183
7.722816321456533,3.8917990076283226
7.697820118917421,3.8841239270944463
7.6725572669740325,3.876058829664917
7.645817563797209,3.867225187475987
7.622279854214811,3.85903367885799
7.597099197272093,3.84968631367023
7.577117010633302,3.841220091726994
7.5544534681931905,3.8303720830255052
7.52912018275244,3.8167716741400115
7.503701550434364,3.8013630511989667
7.479485145463333,3.784570875500348
7.456779665320718,3.7675978762917572
7.432858979837392,3.749537217613108
7.408744729549856,3.7316548193879124
7.38476695907004,3.714059108154373
7.363171409161337,3.697570109227551
7.342720834805753,3.679572076208035
7.321909707089618,3.6585286617351835
7.305358694305734,3.6411402246061644
7.284796865570875,3.6193370927364983
7.264525113950176,3.597272198394078
7.244701068698234,3.574776098343002
7.2245151652590796,3.5524867965877807
7.203415831806799,3.531073649274075
7.181756741168694,3.510238183516627
7.1595976309612155,3.489987894366508
7.1371643314766855,3.4699856337513126
7.113925341500502,3.4516002372990133
7.0939795179372895,3.438750166350369
7.0671524373285015,3.424970212653929
7.03970673328845,3.4127623867519157
7.013605897845954,3.4007764058650523
6.991070037336606,3.388767745930502
6.9683030819121425,3.3744657924037895
6.94591744150973,3.359313185603767
6.922957418656289,3.3448111951489485
6.897696809617094,3.332153707226049
6.869417742775301,3.3218935844514976
6.842192288704634,3.3139026973382615
6.81817147275379,3.307296092990541
6.79592369792247,3.3008258872122775
6.776572327001998,3.294630020078797
6.751356322854411,3.2855154077405664
6.72567499587343,3.2743714768334167
6.70264966465191,3.2623676774534944
6.679596364126801,3.249998151337174
6.658529283968614,3.239773718773184
6.630844863579342,3.227998274030909
6.60271033734601,3.2173121902854724
6.575899439612921,3.209435495587826
6.5505889795295635,3.2038511664111056
6.525397353335951,3.1983375889221217
6.500706567090532,3.1911953630183763
6.476547032653192,3.182056329286052
6.452087659324333,3.172299519815431
6.431399117572034,3.1646986419338443
6.40646853116685,3.1563418918029664
6.38038595355399,3.148248971631619
6.352250642669405,3.140464529811169
6.323545277962455,3.13215568964966
6.295240665258738,3.1225110285420836
6.267192489291893,3.1119767662925923
6.239393339564962,3.1008280010390874
6.212038949729836,3.0887383321377975
6.185928736442,3.075360267444127
6.163598689513305,3.0625142469977407
6.1395053899213075,3.0487110366512526
6.113577400856866,3.035207121755053
6.086076384628172,3.0229560220695357
6.058096666575498,3.011995026876765
6.035688984568601,3.003428234556092
6.00900891981326,2.9934455079547213
5.9839081650376675,2.9853685186010446
5.955491675720079,2.9778323309764803
5.926185229885189,2.9713821213932348
5.896725490107126,2.9656121551408137
5.8674268106831455,2.9595834773573353
5.838344295089091,2.952971677041318
5.809061194892291,2.9459810986873647
5.784096296219411,2.9402596979462463
5.762328759902208,2.935501353997587
5.737076971625045,2.9302262131273444
5.709111764888223,2.925059381349273
5.683823911993683,2.92105555889065
5.6600022836808295,2.9175780319318667
5.639550514113659,2.914140177561727
5.614860428745511,2.9098848762993845
5.590555051773048,2.9054280254517626
5.564187032045087,2.900010944250141
5.536760614178883,2.8936636044121626
5.5090443715303845,2.885940487704373
5.480552880137114,2.876790981100164
5.452459601766988,2.8664923924766965
5.424766545360249,2.8551249677674155
5.397337981881787,2.8430474575678195
5.370063825303332,2.8306043186687324
5.342783084822923,2.818069279627721
5.3151639209652615,2.8062303975396463
5.292982753662924,2.797070577526849
5.265362005129204,2.7853626625690464
5.237428489694851,2.774266082843369
5.209365738900939,2.7636456910321687
5.1833873554695025,2.7537725578365255
5.156058468291194,2.743480799377116
5.127780796064275,2.733589084487778
5.099109202508193,2.7249335178777687
5.070003817044227,2.7181085625636587
5.04663242105364,2.712965902386675
5.017386858823384,2.7063577810798147
4.988732295651599,2.6994284022674644
4.9627900322284715,2.6925328836161286
4.941878948544579,2.6862270507096486
4.923106263289237,2.679663036084063
4.901720427174954,2.6714363974733217
4.8808284867462115,2.6632098641481634
4.861934051725698,2.65579618831999
4.837360421921519,2.647133494119151
4.8086253023978065,2.6385196017265704
4.779195924881776,2.6319933564819813
4.749328228738705,2.6279270698222352
4.719361096473877,2.6255720249624313
4.689339282636371,2.6240623767269424
4.659336169081846,2.6233243140238796
4.629416780230324,2.6221440039952735
4.600864783493745,2.620098922417327
4.577088833098397,2.6176177676327557
4.5474864294475035,2.6135871813792693
4.517949250991886,2.608626088292292
4.488491493765359,2.6031258531759724
4.459222957729119,2.5968140300176685
4.430225298782311,2.5894495846416232
4.401486270888107,2.5810557609928466
4.372858442529939,2.5720965917493293
4.344170153257984,2.563287798477417
4.321264677561973,2.556220831704417
4.292861581995989,2.546700506713687
4.264736101590705,2.536448184963586
4.236882410354321,2.5253852099464598
4.209035065736709,2.514646295744519
4.183997110032204,2.5065998784521493
4.16020933284185,2.5003393454584537
4.133742822643594,2.494327926498192
4.106967277372019,2.488641052120096
4.077607693178176,2.482954461705778
4.053877679199283,2.479018995794398
4.023993086703913,2.475401104179422
3.993987295046709,2.4733006542023586
3.963971349003953,2.4722299889551613
3.933964207423364,2.471454365054679
3.9039305141391973,2.4711886849570845
3.873951097143148,2.4710277997674606
3.8440272822727346,2.4702701468968873
3.8141517914212337,2.4684579466358576
3.7843606737263626,2.465466236410804
3.754661359716657,2.4616339291834146
3.7309497051226024,2.458026497110233
3.7012717640923407,2.4536097720398193
3.671674495975523,2.4488341186601903
3.642103292373299,2.4438941354410733
3.6125783588405755,2.4387172374313018
3.58907053712305,2.4340928376694095
3.5598098878565905,2.427646863529242
3.5306054869579344,2.420842918625827
3.501458902313348,2.413832512617717
3.4723710488729287,2.406496607231395
3.4432265694292483,2.399317581169598
3.413985621685185,2.39249369485321
3.384563831613979,2.3863060867584704
3.3550658312912462,2.380845566417826
3.325566646507651,2.375314920432297
3.2958740558924586,2.3704993026595393
3.2718799434613572,2.368010627148445
3.241718313449955,2.3673486733584226
3.2118196555930822,2.370109296718513
3.186634975554408,2.3757074267538694
3.1651899209176872,2.383814124828045
3.142889971638792,2.396007730781883
3.120968776324812,2.4105526866770934
3.097885529499125,2.426687034991902
3.0754681873973926,2.4420500483796133
3.0548586293120397,2.456685639233401
3.0396006714384876,2.468552243365453
3.0225804579779125,2.483005455353558
3.005592731605019,2.4986386276072907
2.987623513163179,2.515831525904906
2.9695645923202316,2.533067633895704
2.9503151159532783,2.549806147935653
2.9288789832015305,2.5660744398356874
2.904084033929615,2.5827404958560334
2.878090602947577,2.597379721345601
2.8564521103037115,2.6074394555242577
2.8296203193104392,2.6179193380470474
2.8042121080628504,2.6264331314828926
2.7809319496801237,2.6334159711216687
2.7574410065481487,2.640210502348813
2.7326255975522313,2.647203754366728
2.707702915928558,2.6536428639828897
2.684095279065946,2.6596635701452604
2.6616179599311756,2.665380900202578
2.638845500842683,2.6707679352924214
2.6201606248202447,2.67481461488953
2.597420878203823,2.679665364584806
2.571424614517,2.6854769008997827
2.5463225407311394,2.6920453119877426
2.5284171052523976,2.697452486573617
2.5152661723496297,2.701788017430486
2.504582476204566,2.705230362214332
2.4897841511340104,2.709573916508953
2.4810279526969476,2.7120111187996923
2.474085098218502,2.7137520673548137
2.461386186608023,2.7162393430695526
2.4404217665172503,2.719301701654284
2.4172232126075928,2.7221048824620735
2.398026159525794,2.723998677612465
2.377322034955856,2.7257310194952753
2.3531082102177123,2.7273911518012546
2.3329459461056574,2.7282339638723077
2.3073716448346424,2.7283649438065316
2.2795631684970217,2.7270575953650824
2.249880070370865,2.7237444466007985
2.2204024457062586,2.718668297498029
2.191187443226475,2.712277277064841
2.1624213660157166,2.7046851046947555
2.1363535794765567,2.6967905509566483
2.11264767192273,2.6891543065375436
2.0851140271770237,2.6802373620285858
2.062256605844898,2.672835994554504
2.033324783046946,2.6645834087610507
2.0046908162229107,2.6572358943455354
1.9789943020315242,2.6503913728235897
1.9548565095729438,2.643187115403643
1.9302602000137072,2.63486737780675
1.9048824306197212,2.6255471384991713
1.8770017842930162,2.6145798505684468
1.8493698911864787,2.6030306841818422
1.8221525749313559,2.59058178843044
1.7954895932961759,2.5770180645452374
1.7694274489075548,2.5623460809909933
1.7501449081389946,2.550327084217276
1.7286723286888144,2.5362930391124974
1.7055944805159784,2.5220695496506536
1.6822278355193057,2.508980720547186
1.6643381244110798,2.4999658653963475
1.6494000796669122,2.4934020596266473
1.6350917915254521,2.487859592661056
1.6201917652187507,2.482765601053199
1.6038895733352478,2.477086201699609
1.5819953309720243,2.468116308208564
1.556930569123878,2.4563361616712758
1.535735999006454,2.4458185075017154
1.5177778837052094,2.4369528755657024
1.4949655133078366,2.4256896687150973
1.4723813145781253,2.4143141288458017
1.4483465348161613,2.402233173067767
1.4222534961184927,2.3890492311432783
1.3956360619265205,2.3752764657150207
1.3694687762280422,2.360723747922105
1.3437304989388272,2.3454265764136237
1.318241447359714,2.329608216425112
1.292560334356807,2.314059344510302
1.2674989215177466,2.298912405095172
1.2454009484256723,2.2851495710705967
1.2254252863150379,2.272278014229649
1.2073945408074045,2.259222875724108
1.1915811103179288,2.246032707560924
1.176558042378214,2.2325217315964276
1.1572950791778893,2.214378770783877
1.1403322636774165,2.1982793076881966
1.1237359789413954,2.1820205087567612
1.1074283053989031,2.1662429343076437
1.0896610061863568,2.1501309748277158
1.0686498837391498,2.1311958626224823
1.0468743607499216,2.110689493739362
1.0283924387864163,2.092188058756923
1.012683594770769,2.0754511805496776
0.9996932116242571,2.060335204131953
0.9863520601777733,2.043976734751055
0.97270232734143,2.0255703904782365
0.9587725280376705,2.0053248394872547
0.946782784394492,1.9869914035026244
0.9324000207271667,1.9646926945768803
0.9195639294304847,1.9444213402568828
0.9029977308583195,1.9193235828744484
0.8858949564490253,1.8946670943251136
0.8686838394837901,1.8700769453215582
0.8527522030662117,1.8481174385138948
0.8371778619822492,1.8279084508217487
0.8201530904256542,1.806189824111723
0.8034897056539663,1.7846335382205984
0.7857597354141879,1.7624233271955974
0.76696668458763,1.7390627283763633
0.7480382968597687,1.715952242818218
0.7295199787295111,1.6924077826725465
0.715176377332332,1.6732729167994003
0.6984453214337595,1.6487356513863494
0.6840640896332245,1.6226744529102057
0.6714073017135401,1.5955430031318427
0.6586527740932034,1.568314828272319
0.6442411382928308,1.5418557399196406
0.628237574993017,1.5163635025220912
0.6106493957102851,1.4919041730973865
0.5916994298715283,1.4685267950761658
0.5709951165181811,1.4465904940688357
0.5482329495792567,1.4267676124835011
0.5237701269658734,1.409195149288287
0.49883836123470826,1.3925170154928292
0.47440210524871584,1.3752787969890676
0.45204951252543346,1.3571545989829126
0.43048753347684005,1.3377109585829092
0.4100950181530699,1.317931955715006
0.38971345620969483,1.2962423632022524
0.3695065946358106,1.274266407996827
0.35244004106102755,1.257429790986027
0.32929402994117296,1.2389800580741872
0.3053914742386896,1.2254491480634284
0.28023525778926345,1.2147096825309038
0.25476457994005297,1.2050840439906259
0.23163465671430625,1.1957931350968791
0.20910690615742908,1.185675241245444
0.18347161477479096,1.172252562064879
0.15830753820158472,1.1563627475029676
0.13465097013247293,1.1384413258085704
0.11151340112849564,1.119659894518272
0.0883444216125221,1.1009535073337615
0.06605630754246551,1.0811867375197668
0.04525971394195916,1.0597042042894835
0.02474664748451514,1.037765470030731
0.0030976129026021393,1.0167945570187724
-0.020381153063793546,0.9978427633692603
-0.045813936506266216,0.9815530204547862
-0.07255543497480588,0.9677252429857431
-0.09941124026922006,0.9547149663360927
-0.12622934193182414,0.9413380996874124
-0.15233042986786668,0.927031523769952
-0.17415711468452522,0.9138975594932174
-0.19542957134115857,0.9001309432938046
-0.2161701055361672,0.8851909403013647
-0.23639838421840034,0.8690388653483436
-0.25347777904238755,0.8556600101501601
-0.2768133931040816,0.8385130495482599
-0.29922509614602766,0.8233953942454674
-0.321338533891046,0.8106477869536967
-0.3473398004473815,0.797661790673681
-0.37405118367703305,0.7845916250155125
-0.4006690802828235,0.7710369237330922
-0.42708159734446,0.7570359767933753
-0.45314341146783355,0.7425160397552301
-0.4785813561112752,0.727927459029215
-0.5048723193528153,0.7136256314476829
-0.5317519802226617,0.7001684008088971
-0.5589068307653849,0.6873665215711992
-0.5857870491124555,0.6742180759219434
-0.6122319337071767,0.660110723888625
-0.6387654171700423,0.6460969429327822
-0.6654714413660088,0.6322994214910985
-0.6872377573979574,0.6220401609217358
-0.7150366660800087,0.6104760667832974
-0.7436402118273171,0.6009561532703367
-0.7727010741083669,0.5932601551065737
-0.8016204290661881,0.5855468545119433
-0.829870726296247,0.57597251288703
-0.8571639086622136,0.563905685281233
-0.8839687402027631,0.5504835389977141
-0.9111441225470435,0.5375638427059575
-0.9391381530705374,0.5263656543772033
-0.9649273648631381,0.5191444782750593
-0.9899001461306169,0.5150654310126074
-1.0149076407438569,0.5121159971983088
-1.0397037420953454,0.5085722175665273
-1.065904820403444,0.5023081727353771
-1.094043950514582,0.4927216982080787
-1.1220161096148844,0.4819222237644521
-1.1501592628762318,0.47141494960132174
-1.1786152867362116,0.4617008625195803
-1.2074361456674392,0.4531225244123289
-1.2307126989081925,0.4470708907325606
-1.2599242522155027,0.44012570581255844
-1.289086061715143,0.4332093941712617
-1.3181076284275806,0.4261794929184037
-1.3470108797727203,0.42000636287449794
-1.3765682422535561,0.4145515739946024
-1.4063572502766521,0.4104003613527728
-1.4347637790973695,0.4070306934811377
-1.4603931679333668,0.403874439550502
-1.4878471769784491,0.39991915823907115
-1.5173813849683024,0.39536012468673465
-1.5445153051464269,0.3908456979338562
-1.5726733919092575,0.3862571374617691
-1.602397781904337,0.3819911073120635
-1.6320881784674452,0.3777895760362676
-1.661671271780957,0.3730996629483551
-1.6911512585090926,0.36774151354249907
-1.7206457652736868,0.3622200267825444
-1.7500866046875083,0.3565697174718223
-1.7736061395941274,0.35182271139697885
-1.8030994690398987,0.3461410489172264
-1.8326959711077688,0.3410232591003802
-1.8624020791799767,0.336562151486127
-1.8920871199766756,0.3323779959975412
-1.9215313564037302,0.3271476831468313
-1.9508555007524286,0.32091968303287693
-1.9801695328564408,0.3145629397481666
-2.009493584329711,0.3082084826525314
-2.0388802644085624,0.3020295328318291
-2.0682655705502198,0.29612209382248755
-2.097508662891822,0.2895829749212825
-2.126667584375825,0.28260181682495533
-2.155643338617174,0.27585199261184373
-2.18489791630107,0.2691972809097398
-2.213508029978905,0.26285118861974976
-2.240443288214818,0.2568441480638266
-2.2674178187039917,0.2503567537586347
-2.296301822408863,0.24323043196242716
-2.3254666157661306,0.23621540741220626
-2.3546565418881333,0.22934822037214528
-2.3837374044415274,0.2223291640677297
-2.4124748652212853,0.21401480982765328
-2.440993662482707,0.20480677871193498
-2.4694317283417284,0.1953390678319964
-2.4975778736847953,0.18515866418509958
-2.5252240907958865,0.17373899068262397
-2.5504289766561072,0.16185061515652932
-2.573852423171455,0.14879557999837612
-2.593603281212761,0.13601801159932264
-2.6143407403588816,0.12133979908346265
-2.629475465362061,0.10958504916891623
-2.6487206836033215,0.09315101941214148
-2.669732674502731,0.07432002873683041
-2.6902487170827674,0.05531154368017912
-2.7099691238693038,0.036620063186131015
-2.731050272027633,0.016075132993306117
-2.7512086416547477,-0.004594835677799447
-2.7711955422992958,-0.026665277602149547
-2.789953070470857,-0.04958926801606495
-2.8082080984203794,-0.0733724277399639
-2.826846322502899,-0.0969474458131362
-2.8455449248700884,-0.12033308501181479
-2.862892518077526,-0.14463468095107845
-2.8787795455833236,-0.17000739002303755
-2.894752012641432,-0.1954808059958645
-2.9121769750541957,-0.21973459529607375
-2.9278632699566285,-0.23805613701341022
-2.948989413009063,-0.25940498585883637
-2.9703530867353596,-0.2803335009083208
-2.990463659994813,-0.3022786913816311
-3.0078334660346084,-0.32636126568252605
-3.0228660231060993,-0.3521282801198126
-3.037133008630442,-0.37844103064757495
-3.049668747139612,-0.40348504195994117
-3.0615617612094375,-0.4287974305752086
-3.073866628289496,-0.4540569767656244
-3.0863729693519018,-0.4802927891969872
-3.0996082010771873,-0.507194807383283
-3.109388653956941,-0.5289872477553125
-3.1190888643916566,-0.5571088555328316
-3.1243779779216396,-0.5856725567413249
-3.1254578647810813,-0.6146690340754443
-3.1242400266110053,-0.6438039161319734
-3.1227255991796974,-0.6730568941874533
-3.122953054627836,-0.7024687255573461
-3.1253361655645406,-0.723527722771591
-3.1297922888258984,-0.7421089152173073
-3.1358884319911726,-0.7591376921412883
-3.1425832049834947,-0.7758080396476723
-3.148993523559639,-0.7925620877059316
-3.155818233205352,-0.8092893270936774
-3.165076851286376,-0.8271224589553571
-3.1768555411557107,-0.8456071712306928
-3.192098254123312,-0.8675051319867418
-3.2091789370500083,-0.8895590018634782
-3.225993441754568,-0.9107021341223419
-3.2376065401134095,-0.9263320317461825
-3.251588304805013,-0.945745797447482
-3.2662248681095063,-0.9644767596393171
-3.281862829906017,-0.9836081872925958
-3.296906144192853,-1.0035944191357937
-3.3097410564462906,-1.0252236833893382
-3.3192629637872035,-1.049723921612178
-3.323742284886052,-1.070033773329156
-3.3268422706690286,-1.09592523391526
-3.328497484532303,-1.1200709001452116
-3.330265031273538,-1.143563430543864
-3.3336533124283108,-1.167273781813959
-3.3384530129664594,-1.1910694073163193
-3.3426215620463213,-1.210021939309695
-3.3512963840756935,-1.2442894063816836
-3.357431660261679,-1.2674268818887904
-3.36414960567667,-1.295403120049241
-3.3699073036818157,-1.3189118766206718
-3.376276834552674,-1.3432089379140448
-3.3834572218852528,-1.370367173028928
-3.390633035941722,-1.3994671909651033
-3.3979633235753615,-1.4285964808545513
-3.4060251886271278,-1.457542201467632
-3.4147989224352515,-1.4862889283749834
-3.4241562715440215,-1.5147953295382703
-3.433336204011836,-1.5429612525269798
-3.4425108670318627,-1.5705182821686983
-3.449266720158911,-1.5932798560106687
-3.456870090230028,-1.6222825297558081
-3.464748139833777,-1.6512636602255306
-3.472962487780558,-1.6801101527206153
-3.4809906385758818,-1.7087735465350793
-3.49028727431464,-1.7373547996378405
-3.5009095961285293,-1.7654608585378848
-3.5121476041375326,-1.793356564462465
-3.524458479123168,-1.8207443452269068
-3.5352459416329136,-1.844934746004518
-3.5459943147490898,-1.8686906212253425
-3.556073685704723,-1.8931942371470554
-3.5662311970026797,-1.918323693183121
-3.5745682530067877,-1.9377504973892143
-3.58555165553702,-1.96086925902919
-3.5968212686022376,-1.9808521895113198
-3.6083361862188004,-2.0003477312678637
-3.620896483989599,-2.0209766658529333
-3.6339726820196065,-2.0423569206794396
-3.6479695130324266,-2.067775050274683
-3.6608913888289183,-2.0943205307909176
-3.6722659499336743,-2.1212381992957643
-3.6812629220272983,-2.1427625113819615
-3.6927655939771964,-2.167146291408775
-3.7048039297989406,-2.190321125177815
-3.7184821821266696,-2.212641914657491
-3.7332210691408028,-2.2341412823955524
-3.7474954209370805,-2.2557906482407364
-3.7586774876473075,-2.276106034696978
-3.7670025816018695,-2.2957868321520065
-3.773866109741011,-2.3158847263443274
-3.77908207175014,-2.3371333804030754
-3.782509920830463,-2.3596978709162455
-3.78457405089353,-2.3853918033070967
-3.7857872958141754,-2.4110695172652012
-3.7863669663864212,-2.435754286181705
-3.786004299661267,-2.4629267670132187
-3.7841224855823845,-2.4921434137451084
-3.781910376894678,-2.5205818313643125
-3.7800114558777405,-2.5441335092037485
-3.776708959028205,-2.568113770057803
-3.771312624375818,-2.5928826018100484
-3.765349712454561,-2.616258893401162
-3.760624588431618,-2.6349264773710925
-3.7548583245010434,-2.6614800917516863
-3.7511337005828147,-2.6899765376242546
-3.7511261607110047,-2.7160429496538034
-3.7545153668076545,-2.7419485008773807
-3.761518651672508,-2.767658836717216
-3.7703432080815538,-2.787341584501078
-3.781490659209863,-2.8044431924897317
-3.7966611490340494,-2.8212044666871106
-3.814170223640377,-2.8348098282899636
-3.8377371644284475,-2.847075162696793
-3.8639166298878473,-2.85642656245136
-3.889514384209811,-2.8635429327201782
-3.910791309666153,-2.8686123247230193
-3.9273523895346076,-2.8715411040624437
-3.9399030009971163,-2.873269092659376
-3.956069436347703,-2.8749778233526393
-3.972187881474085,-2.8762213009362667
-3.9887898992234345,-2.877393396269169
-4.005940903814323,-2.8783037256973114
-4.02309866571992,-2.8795373631522962
-4.04140468731281,-2.8807008875443336
-4.062504868566966,-2.8822883610361343
-4.08368723138407,-2.8834662092971386
-4.106495170651734,-2.8845845935812404
-4.131075505703832,-2.8845818259110096
-4.157326355130136,-2.882381323230594
-4.178511110941228,-2.878472536083011
-4.205493423568313,-2.871272813056977
-4.2328258188044865,-2.8617432705800105
-4.259745817697339,-2.8514545095689017
-4.287359938088362,-2.8421085869898213
-4.316232797273909,-2.834851340893297
-4.345583744797925,-2.828754593037548
-4.374905311024398,-2.821973458716374
-4.403821607684692,-2.8138464283861464
-4.430898751027324,-2.806177688761755
-4.459876429400584,-2.799312198990208
-4.489232690989392,-2.793076946732677
-4.518427863038766,-2.7856334526253255
-4.546948139438273,-2.7759145533928433
-4.574776434744251,-2.764437306708529
-4.601791044909019,-2.751036931771609
-4.627451566794141,-2.7352266283774846
-4.652244745173016,-2.7183022065865154
-4.677306628125662,-2.70202401371626
-4.703438791655638,-2.6881212534684593
-4.729095520695824,-2.677147698412486
-4.754963652847606,-2.666803167025313
-4.779184112500609,-2.657150627788858
-4.797071023890562,-2.6493403983308865
-4.816221998748609,-2.639698825422334
-4.839654853213073,-2.626581043234601
-4.86334648017313,-2.6120840321261323
-4.887745509046247,-2.5978009189931224
-4.913761389687035,-2.583413883121413
-4.940333244909438,-2.5695243657501305
-4.966998423568371,-2.555845270156455
-4.991445405946224,-2.543799359848641
-5.009945553758818,-2.5346646536483366
-5.025000639372603,-2.5269170445492413
-5.040755090321908,-2.5189102960535554
-5.058499318884767,-2.5110580582537416
-5.082638485404732,-2.5027681012530962
-5.108523329112329,-2.4965590443440058
-5.1351571919065355,-2.491847028133895
-5.161830102417336,-2.4880118275278607
-5.188478119111998,-2.483235623266455
-5.215907673118424,-2.476022688103861
-5.243156996759955,-2.467912889254778
-5.2705547900885215,-2.4608505136817738
-5.298663957737839,-2.456679654058364
-5.328079351161772,-2.4557722646523255
-5.351638545150079,-2.4564177268907272
-5.38088418679083,-2.4579442030166114
-5.410644479780757,-2.4602819343510864
-5.440617023950296,-2.462052826560851
-5.470491486492106,-2.4642411121377177
-5.5003043821936375,-2.4669808650693583
-5.529894189827768,-2.4712541206307153
-5.5593870073734175,-2.4765267631978656
-5.588714464716103,-2.482481746846937
-5.617562095161608,-2.4901820468730644
-5.646009780533818,-2.4995277641696183
-5.668566807116554,-2.5069399796231933
-5.69160071018427,-2.5135222218112094
-5.712387142154618,-2.5188242266694396
-5.73395565016028,-2.5251354672481843
-5.759403657751702,-2.533754090247327
-5.787408710083376,-2.543560989918413
-5.815378680029172,-2.554000288003687
-5.842857616934998,-2.5653885416915685
-5.869708355166833,-2.578062859074716
-5.895970898024671,-2.590901793718835
-5.923217956387878,-2.6035566495764253
-5.950559940709774,-2.6156597969837905
-5.975698758587526,-2.626548501878503
-6.002242943990141,-2.6376397991443086
-6.029652542184848,-2.6494616793368566
-6.056897272765359,-2.661910210330611
-6.083587138860379,-2.6753931626224356
-6.10344184579367,-2.6864160156959707
-6.125326774154288,-2.698939011071337
-6.144648657634104,-2.7098867915635187
-6.166455865648991,-2.7218950158632946
-6.1904443021014295,-2.7349468955271634
-6.21474841098122,-2.7486640832264757
-6.238234882211016,-2.7633264923901395
-6.260625458745964,-2.779552299957708
-6.278414342341965,-2.7940198109737677
-6.300317056414844,-2.8143263454958616
-6.32129977220884,-2.835681579235288
-6.340748250399344,-2.856903851366112
-6.35798343772366,-2.876738886949682
-6.374771361282403,-2.896378320159667
-6.392984540346611,-2.9177380159926045
-6.412392639494512,-2.94013178221059
-6.4306515488121425,-2.9619360022907335
-6.448126839983031,-2.983856437848829
-6.465570004143297,-3.0069666763547156
-6.481935770834589,-3.0302254022973694
-6.497820104563509,-3.0555371417972372
-6.512470496207242,-3.0816618614213236
-6.526579735147899,-3.1080781945937543
-6.539526028979646,-3.1350249286699734
-6.551158845262963,-3.162560626213364
-6.561032207502261,-3.189462783167018
-6.569090132461786,-3.214836036854978
-6.576276625022065,-3.2412943906021576
-6.582655152251461,-3.2653924628196735
-6.587769559456914,-3.2846067084322397
-6.594316402271902,-3.3106822284585458
-6.599035277080688,-3.3361324296345254
-6.602247993121076,-3.3628701530674268
-6.605161582873477,-3.3916449952861853
-6.6071312811900835,-3.421091268218872
-6.609106489908933,-3.4491271309617924
-6.6124488383030195,-3.4790035982877545
-6.616068435570611,-3.508078357596843
-6.618692674970626,-3.5304729820648353
-6.622361456007407,-3.5596610707474685
-6.62684889409984,-3.589272810509382
-6.63161970786042,-3.616889714713235
-6.636424478211328,-3.642923989984992
-6.640843412369932,-3.671026776138769
-6.643168124502755,-3.699998587255643
-6.643453047000955,-3.728469529578887
-6.642339531013442,-3.7552883713796446
-6.640386361957835,-3.781532582114537
-6.6388099173515345,-3.8097652578300782
-6.639084223376771,-3.8393751987119056
-6.6404635866970745,-3.8693751576205333
-6.641416895466777,-3.8992633394966147
-6.639940958160241,-3.9290177605077594
-6.635992251641868,-3.9586604349802545
-6.631570096459129,-3.9883706090596958
-6.628739292402172,-4.018396286786672
-6.629137783098778,-4.048571838209048
-6.631057915722375,-4.072555549161504
-6.633690151184744,-4.1023975940402115
-6.634656767321318,-4.1321990176549965
-6.6319308408996696,-4.1617503239858
-6.624465300521654,-4.190146991536267
-6.61294897470226,-4.217621133638319
-6.599459275867127,-4.244340975706183
-6.585866999908742,-4.271156211667437
-6.5740757857302246,-4.298939257713692
-6.56623200697271,-4.327793446367902
-6.563510466158497,-4.3564979310944985
-6.564058695002563,-4.3852125124160874
-6.5654954766716696,-4.408055377468432
-6.566882390963317,-4.436511439161502
-6.565977673343138,-4.4648430391360225
-6.560797962685124,-4.4936427331225195
-6.551052718967787,-4.521712819959433
-6.5377383130916025,-4.547644622433809
-6.520955055031987,-4.570965539375763
-6.501128033438503,-4.591855841843981
-6.479821786383174,-4.6114457588559805
-6.458442025782685,-4.631147864448145
-6.438684068543812,-4.652081390761775
