-9.207214020435742,2.990286085838477
-9.206302943767625,3.0143390842004294
-9.204874432660773,3.032353499245686
-9.202211782113693,3.0558805212366544
-9.199986577061821,3.0701791344575047
-9.199267785809715,3.0741387669453473
-9.198576516852736,3.0776960596196488
-9.197318133562874,3.0836112521999897
-9.19546591098302,3.091053006255976
-9.194342633534601,3.0949075911609216
-9.194081063865815,3.0957529959647268
-9.194081423151507,3.095752985248878
-9.194080838372372,3.095752526040468
-9.194081133732679,3.0957525340560688
-9.194021414808137,3.0959433433890737
-9.193290591913376,3.0979435868368053
-9.190720984152065,3.1038882060972015
-9.185236980972832,3.114039823926361
-9.181272652502908,3.1196054850979396
-9.170635347820234,3.130551460193423
-9.157595826415625,3.140886050862435
-9.139429818969193,3.1526392191828463
-9.12251507403947,3.162400273462177
-9.09811716816287,3.1758082242504284
-9.076967640550512,3.1871941704755518
-9.055592673696976,3.198202142826042
-9.028453710548904,3.211158027838233
-9.006347311120045,3.2206731743277737
-8.98396775312146,3.2294712571721296
-8.955760376063424,3.2398335885033442
-8.933025241248389,3.2475877840170124
-8.904467431369293,3.2568907068779094
-8.881501959158808,3.263936521318971
-8.852748904047758,3.272525679028716
-8.829759354179174,3.2793919419977984
-8.801080089059278,3.2882088596173786
-8.777940341279889,3.2947784861421647
-8.754611818919866,3.3006623215763145
-8.725199375050044,3.3068975456721836
-8.701579516342006,3.3113341222270023
-8.671961191474612,3.3163163495289854
-8.64821124565416,3.3199470173763332
-8.624341622620106,3.3229853589265
-8.59441611810946,3.325796368165278
-8.57042952140174,3.3273983811122756
-8.540428791290307,3.328818740293519
-8.516400647945048,3.3295338680753357
-8.48635641981963,3.3296431249653415
-8.462332501626566,3.3292536684959977
-8.432315226973492,3.3283400700808867
-8.40830716244978,3.3271483459399227
-8.37835022802028,3.325141871962799
-8.354403656119372,3.323172033169743
-8.32451421146453,3.3204659784809794
-8.30061846624213,3.31820314897384
-8.270756888277527,3.3154070253527967
-8.240890129982947,3.312648845973899
-8.21700006239398,3.3107466758586055
-8.193069320883644,3.3092330563207084
-8.163135670404866,3.3077868026669646
-8.139137177741512,3.306654192024613
-8.115156738532857,3.3051507146059813
-8.08520899416146,3.3026951044283934
-8.061298278830213,3.300094517389548
-8.031528667632244,3.296041248541319
-8.001881113572535,3.29076587276371
-7.978467334893471,3.2849207909526554
-7.949903916323766,3.2752548311803267
-7.927696266965098,3.2658379124427896
-7.906291357847861,3.254568845837032
-7.88162894469427,3.2370735301815015
-7.863439605513457,3.2212451684895855
-7.845950078481645,3.204763961283647
-7.828478327943589,3.188343435556432
-7.806570329061918,3.16783293839591
-7.789130717010535,3.1513357425947195
-7.767547091319832,3.130449757246412
-7.746308633438753,3.1092266522342356
-7.729577601460951,3.0919748736241233
-7.713124678386539,3.074482204174299
-7.692627431816968,3.0525662854482283
-7.676456135590366,3.034769208903684
-7.656897442305743,3.011951788187813
-7.641646419502194,2.9933943220275805
-7.626596941447189,2.9746634011853446
-7.608100409390804,2.9510115711786664
-7.593514146786765,2.9319599119914614
-7.575092834844228,2.908301511250627
-7.560268522735287,2.8894212996970574
-7.545499613254279,2.8704993581857545
-7.526981711456513,2.8469084201304704
-7.512198464397015,2.827984848259463
-7.493870954545151,2.804208672947239
-7.479448790903576,2.7849976349988044
-7.461636317366598,2.7608505480995285
-7.447434149141631,2.7415010958354165
-7.429565482575999,2.7174325138179567
-7.4150002664659445,2.6983958127991254
-7.400125308989867,2.6796058155239217
-7.3810070554888325,2.656549342893695
-7.365327414920281,2.6384307280510115
-7.345171985935189,2.616270184973875
-7.328828906053092,2.598684973766768
-7.3086408415380335,2.5764339438104265
-7.292962793634701,2.5582291228134815
-7.273688195639235,2.5351935382074102
-7.258546663400432,2.5165301216279863
-7.239931373108916,2.4929877238686178
-7.228987421434383,2.47863753529912
-7.21124853852391,2.454415845451371
-7.197356012003299,2.4347926427860536
-7.184103360887122,2.414683432247632
-7.168722243629176,2.388829899093319
-7.1575630140969215,2.367447586896357
-7.145632627553563,2.3397585892546
-7.137735026698674,2.3169815761396544
-7.131188333506135,2.2937841015716405
-7.124435725769668,2.264482528339792
-7.118382906505307,2.2350863088186035
-7.1135088621218365,2.211590399442442
-7.107319316464885,2.182242174132693
-7.10236472497443,2.158761716099176
-7.09742175514872,2.135267280894728
-7.0913474001760575,2.1058806940827703
-7.086637845800338,2.082344577000914
-7.080897661243229,2.0528721808973778
-7.076437385563017,2.0293067427727047
-7.07045981151717,1.9999434055210419
-7.065486516121668,1.976462165240802
-7.06059593134298,1.9529516258830233
-7.055938764100668,1.9293911102770405
-7.050177896332099,1.8999620226203926
-7.04548083984685,1.8764233058665485
-7.040842131548768,1.8528629213065377
-7.035230802019567,1.8233834448149995
-7.030834505595983,1.7997853690455667
-7.026497780006565,1.7761773776997385
-7.021234535034207,1.74660763219497
-7.017366927272647,1.7229211054503903
-7.013609416983009,1.699194650302027
-7.00925902389927,1.6694936142907244
-7.0050870186838265,1.6397811661935489
-7.001889139594118,1.6159682247993825
-6.998905658393043,1.592152039160654
-6.995306811385529,1.5623678619499073
-6.992382504150288,1.5385460288246982
-6.988743874083502,1.5087665225592275
-6.985868839472423,1.4849315089050388
-6.982490073646,1.4550992116682926
-6.979259769189799,1.4252704954836755
-6.976806706228522,1.4013884557329885
-6.97445178661265,1.3774964027443333
-6.9717295587536485,1.3476030606879517
-6.969678585846638,1.32368941973605
-6.967586151473038,1.2997876034272542
-6.965402508237796,1.2758948138148674
-6.963080749084812,1.2520181319016028
-6.960098978131157,1.2221693858412175
-6.957656017066733,1.19830145423033
-6.954448726097747,1.1684816775352085
-6.951737470024893,1.144648989416825
-6.948890324103494,1.1208304146304995
-6.945166034163087,1.0910707896534253
-6.941400771432035,1.061306414002981
-6.938492121678838,1.0374640528357246
-6.935788056332702,1.0136110712162165
-6.932528693402478,0.9837765311479312
-6.929861014296653,0.9599452958854784
-6.926914095880949,0.9361473203882943
-6.922898628524512,0.9064403595095628
-6.919441352552192,0.8827059658613964
-6.914931983179877,0.8530562220653006
-6.91124634220298,0.8293449890708011
-6.906536263442361,0.7997259250728078
-6.902659965196446,0.7760521506744561
-6.8975874110113935,0.7465013350884061
-6.893425049327516,0.7228627594657902
-6.889380504446214,0.6991892918093552
-6.884598254732468,0.6695560940502713
-6.88093068701237,0.6458336203453627
-6.876305100919245,0.6162046261452225
-6.872458682907948,0.59251548860852
-6.868623199237583,0.5688238336991421
-6.86382536084059,0.5392079580043471
-6.859997132742473,0.5155192378578435
-6.855185081010366,0.4859165163192503
-6.851161518671565,0.46228395680305207
-6.8469034498575665,0.4386675602012797
-6.842454930745071,0.41510739886986914
-6.836432463517311,0.38575917313319497
-6.8309579641804925,0.3624558983717496
-6.824841105507663,0.3392953721424638
-6.8164471022983815,0.3105454562102629
-6.809225565031685,0.2877020416779456
-6.799471936183016,0.2593849609698609
-6.791192169824639,0.23689445235848008
-6.78035265428496,0.2089578695111516
-6.771336509677905,0.1867433668718817
-6.762040600098801,0.16464082284671763
-6.750073436639523,0.13715954118947343
-6.740138715688004,0.11535347183289163
-6.727089341334398,0.08839226100610383
-6.716242598000937,0.06702820491562844
-6.702120685065643,0.040595456913780685
-6.690460143577173,0.01966556124869053
-6.678541814202267,-0.001175201879385322
-6.666695680002402,-0.02203600333231997
-6.654726929784931,-0.04282953486748825
-6.63949666546788,-0.06864799885341925
-6.62715127389304,-0.08921741644242599
-6.611593361989602,-0.11486722611109687
-6.599216555113583,-0.1354392422423484
-6.5869983623005375,-0.1561241867184337
-6.571979070081518,-0.18211829064053964
-6.560225233842828,-0.20307465408876804
-6.548769219736872,-0.22418541818335638
-6.534714953757415,-0.25069809719027997
-6.523334781475397,-0.271794729242966
-6.511572534281804,-0.29266774882889124
-6.496207515179163,-0.3183644661730089
-6.483305179250084,-0.33854045332832194
-6.466346746207248,-0.3631946515550481
-6.45214746299516,-0.38248038081718855
-6.433633866651432,-0.40599143181690606
-6.418217326439749,-0.42432377595959253
-6.4023598003112685,-0.44227418084681414
-6.381897100964661,-0.46412585237454074
-6.365013873422107,-0.4811132013726571
-6.343301838887966,-0.5017246041846107
-6.325498194197696,-0.5177648310295404
-6.302862497051136,-0.5373968751570657
-6.2845035929612,-0.5528174119608491
-6.265968441812343,-0.5680343788272384
-6.242591562193073,-0.586798284916108
-6.223718149838691,-0.6015957071170318
-6.199911590571852,-0.6198023486819608
-6.18069196294712,-0.6341501146642692
-6.156489024696354,-0.6518359686414144
-6.136975768897814,-0.6657824720106684
-6.1124003621737035,-0.6829395393118629
-6.092574752676816,-0.6964261643783394
-6.072593490391995,-0.7096778657315316
-6.0524369470959,-0.722657378874388
-6.026991364593472,-0.738488557253343
-6.006452061237973,-0.7508573232498815
-5.985767023579915,-0.7629856744277939
-5.959696006627076,-0.777753455347189
-5.938627894223587,-0.7891811066373361
-5.912041783920366,-0.8030059246665194
-5.8905926781794316,-0.8137099236214742
-5.8635776366190875,-0.8266802552661274
-5.841793001343339,-0.8366723392115103
-5.819836101659127,-0.846270338485792
-5.792126568108735,-0.8576458903073
-5.769771100138198,-0.8662990111518033
-5.741675503026286,-0.8767458474409137
-5.719110496032887,-0.8848704370157009
-5.690790328724096,-0.8946885667765252
-5.6680377807474285,-0.9022569664605945
-5.639479014623739,-0.9113397635583927
-5.616512139658666,-0.9181848006970668
-5.593426752009498,-0.9246370131816265
-5.564440574022629,-0.9322535932208331
-5.541169993640588,-0.9380383376095676
-5.51198956979548,-0.9448821976026768
-5.488580321893812,-0.9500856964491429
-5.465116292175261,-0.9550273191813046
-5.435709390219853,-0.9608152288057225
-5.412125224716955,-0.9651043976328914
-5.388476507500863,-0.9690026802440982
-5.35883074293842,-0.9733526800787774
-5.329106620449558,-0.9771061418103678
-5.305276491440418,-0.9796523937259337
-5.281404166126504,-0.9817532640998585
-5.251513653663754,-0.9837333428936103
-5.227571123980687,-0.9848601537244585
-5.197624364272399,-0.9857395782098691
-5.173659326090932,-0.9859513161939764
-5.1496818860318045,-0.985799360922876
-5.119707779569565,-0.9852778618015681
-5.089740770005456,-0.9844301654047377
-5.0657717792577115,-0.9835230032148737
-5.041813934195601,-0.9824156409944799
-5.011874003742641,-0.9807773562250964
-4.981958729068342,-0.978858540513583
-4.95803908317952,-0.9770788539417737
-4.934121527619086,-0.975161193635294
-4.90422736981369,-0.972704577501573
-4.874342410038715,-0.9701568567969993
-4.85044602603638,-0.9680191624020769
-4.826551479574753,-0.9657980328847321
-4.796704719416633,-0.9629167157912354
-4.772835513079012,-0.9604718099764992
-4.743018955521589,-0.957267872311584
-4.719204005837841,-0.954482965579643
-4.689467351296401,-0.9506519188504668
-4.665676517232291,-0.9475003434947401
-4.635952564888856,-0.9435072894133332
-4.6121769240497725,-0.9402283263522054
-4.588397830592888,-0.9369706722678375
-4.558669770717886,-0.9329238454444969
-4.528931538557396,-0.9289240573082959
-4.505133435907379,-0.925798481134095
-4.475369383665526,-0.9219672745528573
-4.451544508381206,-0.9190193477883908
-4.42173484356049,-0.9155029571890461
-4.397871619210787,-0.912881740125811
-4.368105446756957,-0.9094069363298897
-4.344344651027444,-0.9062280573240471
-4.314708433706481,-0.9018109192470095
-4.291118054521523,-0.8976861821716486
-4.261782432277039,-0.8916843504548486
-4.2384223000512815,-0.8863371651277454
-4.209386158930437,-0.878987147045319
-4.186288429678738,-0.872605668278196
-4.1575805592555275,-0.8640404695998741
-4.134760811404325,-0.8567182308486698
-4.1064351617744785,-0.8469792695115785
-4.083954181354906,-0.8386755570573826
-4.056038605562149,-0.8277880909339785
-4.033835574430941,-0.8187231017718969
-4.011718652723139,-0.8094713228975906
-3.9844235924465394,-0.7972067904393416
-3.962932364341464,-0.7866420486718161
-3.9364773716348904,-0.7726241935122056
-3.9156342281208296,-0.7608232152779717
-3.8950692357567323,-0.7485291670037043
-3.8696364607410536,-0.7326834148686956
-3.8495045642875003,-0.7196660685339032
-3.8245977592285367,-0.703002372836728
-3.804877343359782,-0.6893653883327697
-3.78045581733766,-0.6719896764990864
-3.76111772467177,-0.6578210267955664
-3.7372009943142617,-0.639762643374976
-3.718303585152281,-0.6250133162195903
-3.6949494503614884,-0.6062260621538694
-3.676470776589866,-0.5909489026843044
-3.658197810463347,-0.5754260978463059
-3.6356089654653054,-0.5557225381357375
-3.617704004086381,-0.5397670835521869
-3.5955129564762047,-0.5196086426955883
-3.5779027730437325,-0.5033254005834569
-3.5604516085271896,-0.4868762300260957
-3.543151769371231,-0.4702658329161032
-3.521751481252365,-0.4492746055433122
-3.5048182687243488,-0.43229379445012195
-3.4880527559837122,-0.41514817247893976
-3.4673453586164737,-0.3934728381479377
-3.450956324753303,-0.37596244184508687
-3.4306611975016836,-0.3538914974547681
