0.029683479073349818
0.04516103127082386
0.06971565261641455
0.08738506880742894
0.09432064185872105
0.09587984826258153
0.09588290135285796
0.09588454897637276
0.09588616960731107
0.09692618739809414
0.10585432525568324
0.12262461734122315
0.14560213006848283
0.16932049871200266
0.19636453283994623
0.2236345213339572
0.25077700303400835
0.2777797062911241
0.3050375859761619
0.3336049165496883
0.3632588513015266
0.392980154586767
0.42283580042381413
0.4468565870412117
0.48285407620096704
0.5068241172572164
0.5368372012379696
0.5668434692934324
0.5958406246973414
0.6190360765031551
0.6408506482678702
0.6642373413377167
0.6875758859060852
0.7138883911817809
0.7418510789036215
0.7689020439848792
0.7962808611467341
0.825435265493296
0.8542978566128651
0.8833769541142542
0.9089784249807711
0.9374230957846077
0.9673870000399836
0.9973025336058232
1.0272982588883932
1.0573389780499047
1.087368358184152
1.117320409421776
1.1472786894090445
1.1751600366200925
1.2034512023223431
1.2273675353491276
1.256997681120566
1.2865369164997198
1.3165446474082405
1.346594168379453
1.3766221071231015
1.4066370588714767
1.4366446347899595
1.4666835613348252
1.496678522908713
1.5267317479101894
1.5567273870227554
1.586714926295501
1.6167088499210627
1.646692998591253
1.6744048458878174
1.7033516518555805
1.7334522655577278
1.7635831530602788
1.7937950091751007
1.8240261388380181
1.8542006625796528
1.884359300346722
1.9138941241845848
1.9377333887285606
1.9736876668345933
1.9976627841075527
2.027665953075106
2.0593762869782837
2.08542990510738
2.1092280235574714
2.1387582596316865
2.1647916393065327
2.191547761768957
2.2188570131756244
2.248175867314215
2.278061025527623
2.307999378410623
2.3379509476458673
2.367789522970222
2.39693737573011
2.424084811955713
2.4496316190422656
2.4725668615444993
2.496595357795007
2.5202330781452043
2.5472795388417464
2.5729690841844186
2.597648350667884
2.619670717970234
2.648145836147735
2.668982472678424
2.6969033258763857
2.7219550471219693
2.748745844392632
2.774115166744684
2.7986323207331942
2.823027787448646
2.847293016323571
2.8714848047931185
2.898018913542832
2.926373855066301
2.954880460650282
2.9835246003665983
3.012295709711303
3.041183200131597
3.0705031084427192
3.0979142177198704
3.123692227233154
3.1478763177976754
3.1735557871852125
3.2020150738591644
3.2223760770696552
3.2463633967866707
3.271960539098441
3.3005195834098267
3.330485689787876
3.3604961041620887
3.390614755065844
3.420709974865523
3.450802941253445
3.4809323090769215
3.511133424986039
3.540538566607184
3.5707707087635425
3.599221435536348
3.6284003136388554
3.653939122043441
3.6699746678041825
3.684538278082136
3.704482486537631
3.72063721531396
3.7314580192816167
3.7510081904121186
3.7735807445530667
3.799667592922687
3.829511265778308
3.859385581905182
3.8892935352463245
3.919059534796776
3.9476117169536264
3.9755473898016365
4.004562803708466
4.026856488187356
4.044729108572831
4.066092804817836
4.092821987858653
4.12207870258196
4.14959530930651
4.174103896979634
4.197501659645872
4.220488519580691
4.242464553921832
4.257994724716363
4.2781853248585575
4.300175156990787
4.323485949688804
4.351384049428116
4.3804354135288035
4.40699126701432
4.4352597680176515
4.4597818504828615
4.48816775832955
4.514706424853737
4.534921294484269
4.553747924535037
4.577407656507979
4.602454450457615
4.630843070926874
4.660820104225987
4.690835170004122
4.720846098520058
4.7508388443862835
4.777943363219026
4.807501466165953
4.837405560556368
4.8674551911020485
4.89741960342653
4.927378455795931
4.957408209969156
4.981231865565049
5.011218919249404
5.041178468485762
5.070269728906203
5.0990466741306975
5.12633894553622
5.151966663876837
5.17786319266905
5.205778025309326
5.23332022257465
5.263143871630162
5.292999688294195
5.320610343753249
5.34964813073626
5.378069783248264
5.403650165441195
5.423512044164551
5.447566012169898
5.475581325361154
5.505444428958166
5.534184781077245
5.559049960672562
5.586835768028095
5.6111991867963535
5.628979677291274
5.656882829875612
5.673513121466006
5.694143014210507
5.7155031838938015
5.736075903492836
5.756618880307006
5.780648180158949
5.808141308506913
5.8341466411108875
5.859806208027287
5.889173439972101
5.9190366877100695
5.948715278739209
5.978747223758982
6.006693561715416
6.032748314183126
6.061880535956012
6.091652613369237
6.120123607433511
6.149910504184398
6.177741804522265
6.202004160767342
6.223367954855322
6.248802254154899
6.274343235086495
6.295498688971059
6.3112863579482665
6.334514662037198
6.350386346226405
6.37593780688201
6.404820296789905
6.429090993440956
6.4515100277345265
6.474104737199149
6.497339500290262
6.522132810447373
6.546798651983331
6.5714963777091695
6.596780909753254
6.6236810004236
6.6534094430784885
6.68287221934185
6.712352504525023
6.741339837132652
6.770891907145055
6.800515865436349
6.830480573950021
6.860060198072874
6.888674745504836
6.918496467075765
6.94740326022689
6.971618466330699
6.996216739085725
7.015387024896958
7.03669452095144
7.065127809140073
7.093839810990168
7.122038616420092
7.145861887569621
7.175683827068203
7.20323929961626
7.227229490389698
7.252894466455802
7.278740750945739
7.307174165412909
7.337067385903465
7.366646700169884
7.392347092629316
7.416262772998758
7.434330807317219
7.44958326301464
7.461252013665426
7.47343567861603
7.484797044732576
7.499218978994844
7.519662072643596
7.54260841560855
7.567373223589334
7.596596044389247
7.625929981472361
7.655515779999999
7.682065201958002
7.709515860233308
7.739514541183438
7.767645625852598
7.794091510742553
7.817897316885388
7.8360385292276105
7.859386596800784
7.884114389913437
7.911070613985291
7.940255453064438
7.970421557561381
8.000622637452757
8.030717214413194
8.060755739255532
8.090261217868127
8.11887371835861
8.148840612211854
8.178932497220874
8.209004397824831
8.239010371028826
8.268998699800768
8.298980775243754
8.329028144544527
8.35908260171864
8.389085443192853
8.413040084918736
8.448972124219209
8.472914427547357
8.502899237276166
8.53157850246957
8.560790602768433
8.59037088687287
8.616723650870162
8.639805825368473
8.66484319587282
8.688395967177666
8.715434613121642
8.743230803592533
8.773174143031323
8.803251133555438
8.833357319472132
8.863419382939867
8.893480272755829
8.92356317878919
8.953647813531756
8.98367446385058
9.013824117921134
9.043856761861404
9.07399653567491
9.103792826914674
9.133929326640471
9.164068548860916
9.194214051632704
9.224300008553206
9.252399296847475
9.277174550068434
9.295547935727885
9.319178627966682
9.338708746839943
9.359146463354215
9.380723633680555
9.406996083438857
9.433984725124947
9.463515707725534
9.493546527507492
9.523466050244224
9.553415900109835
9.583275394753002
9.613183907345812
9.64314471993296
9.67133780033491
9.6987265733282
9.728411306521888
9.753567178180049
9.780319701695355
9.805109630936519
9.831319211402478
9.86091959566454
9.8900270433412
9.917749686414282
9.939831040145618
9.96952157191289
9.98921514715171
10.008734607535384
10.031324664619907
10.052639929226606
10.071299602724183
10.094120570202254
10.121290394532341
10.148940891877057
10.176722010127595
10.203131005961376
10.229628059576934
10.25624399832905
10.285336283560696
10.315482473238346
10.345639116936827
10.375753508009169
10.405849346226441
10.435906262722694
10.46593658820052
10.495926610198845
10.525536995003536
10.553398059855676
10.577802009475478
10.60188097910202
10.626049614633217
10.647033249437778
10.661546157813946
10.673568052024304
10.687208778221038
10.706724824591744
10.729386237412395
10.753681796181723
10.775108890967237
10.797725732215161
10.822760072471166
10.847149936995287
10.871679171763462
10.897924848988092
10.9221505937245
10.947853198684253
10.977716922104147
11.00769482525303
11.036983378740883
11.059125502832822
11.093529359198342
11.12228929977866
11.142449767472359
11.156737696870698
11.177663480555616
11.201014782090738
11.228058248255353
11.257714035438603
11.286483268892647
11.315947122091453
11.34564580788202
11.375539542389426
11.405350032620866
11.435045176644815
11.46476794006445
11.49410698272871
11.522167687072358
11.551148379906804
11.581206741711112
11.610641524425093
11.635763535818224
11.664246865350547
11.694253222603791
11.724234731259505
11.75424459853669
11.784286844115238
11.814280835946377
11.844269939956467
11.874200670952408
11.898156031629156
11.932108817651406
11.953636669066762
11.98082781710356
12.013137332864307
12.035134091897206
12.06508834644447
12.092110806191824
12.11757837236509
12.142718176385142
12.167643186466018
12.190848783820655
12.217484367745383
12.246850091301827
12.276766236914725
12.306662255199022
12.335947652632509
12.36275384985585
12.389474555666105
12.413970992573942
12.43851016931253
12.464487078947696
12.493220473513556
12.523341536805882
12.553424682410219
12.583507622891732
12.613666441336946
12.643764458771043
12.673863108534743
12.704044392653023
12.734244535559453
12.764167735570092
12.794150584701729
12.8242131287423
12.848317664456344
12.878294849923039
12.907957197249516
12.937931256564884
12.967927140391634
12.997741012417107
13.024769974160678
13.051428878657386
13.08131568251618
13.11073866750017
13.140268116519183
13.169639041450193
13.199751201938502
13.22987639928868
13.25954587240926
13.287953447640684
13.316976518641443
13.34685081407473
13.376645731244158
13.406538441492243
13.436486205582765
13.466491404769624
13.496512496349528
13.526467397051842
13.55646932079869
13.586446253968354
13.616495031445849
13.64656688136255
13.673994411365905
13.703150156083602
13.733181357031679
13.757206031537127
13.79334921548479
13.817466740027326
13.853534031361981
13.88358408274121
13.910783608429151
13.938030340150604
13.96173633983153
13.981891220360337
14.007668024516155
14.037008362999602
14.064078410839215
14.089144832163496
14.116819275927533
14.14283614629805
14.168162273318814
14.191655673815562
14.216689916276328
14.241097339151999
14.264566396180347
14.285521619168925
14.307315225790017
14.329537719780767
14.34982612108925
14.37098917263691
14.390607477800062
14.41152094877196
14.439551459376164
14.464430825338368
14.488599148961713
14.510199525046781
14.537350903056314
14.562845107966977
14.587025629695994
14.615051133614097
14.644964246569014
14.674793638397174
14.70393509689284
14.731056164363899
14.75574091233338
14.780721171136072
14.804885975841573
14.83419679046386
14.864221628532894
14.894216369087005
14.924165493835572
14.954090383355481
14.984060436086681
15.009596388786422
