1.583014467530301,8.13672162645577
1.608441243397922,8.152692197546036
1.6341095246089454,8.168278292148855
1.6513531121665,8.178454100435815
1.6548168630276823,8.18046594255929
1.657939538484071,8.182268452470248
1.6631560828837824,8.185252803700912
1.6694478215360973,8.188792195708501
1.6706753201261126,8.18946889186397
1.6706737599527839,8.189468234761788
1.670674597880437,8.189468681610865
1.6706752236369145,8.189469019379361
1.6706745620661199,8.18946871954907
1.672528112309847,8.190478726590822
1.679507823623917,8.19415992808124
1.6913589736841066,8.199730562413292
1.7090921287936687,8.20643572439004
1.7305778997510015,8.21203362711281
1.7569648763530734,8.216052548620022
1.782046720104819,8.217652614479492
1.8081463071461628,8.217867500151865
1.831428613134064,8.21800084053906
1.8612237254680635,8.218317720214406
1.8910002221209303,8.218029103630428
1.920958971749467,8.217001714364823
1.9509068996117067,8.2154550891672
1.98069541629516,8.213690222102391
2.0106402120549736,8.212119468309426
2.0405768016421564,8.210664313027308
2.0705517506093054,8.208891753414907
2.100493255106113,8.206540757110377
2.130376088689422,8.20360087187528
2.1602037114841384,8.20016668558294
2.189978513297285,8.196288368171045
2.2196881001235482,8.191933025895525
2.249335825334986,8.187190809508095
2.278915206741149,8.181970114360714
2.3083743034447806,8.176082528190433
2.3377061614029144,8.16964524178882
2.366920365840117,8.16260945034425
2.3901436256428368,8.15638636870638
2.4189534225775224,8.147832608603338
2.4475090197854166,8.138460198560765
2.4757921468559365,8.12831513798138
2.5037969048067947,8.117418708396281
2.5315150698106037,8.105834813318383
2.5589656098072004,8.093622662487332
2.5861138416904437,8.080749872935252
2.6129418826371578,8.067226330249044
2.639453053537341,8.053097709724382
2.665634471010822,8.038358868009373
2.6914573576583454,8.023002316283764
2.716889414107775,8.006994929866428
2.7418396436966983,7.990230752757005
2.7662309559359275,7.972658382613421
2.790006758033595,7.9542578315375625
2.813114315382385,7.935023700913455
2.8355481770986817,7.915014036258828
2.8573013916292966,7.89426337191145
2.8783308555843026,7.872780002628653
2.8946283907105204,7.855095130944743
2.914328018457312,7.832384546935715
2.9331530147872575,7.808924601151902
2.9508207582500754,7.78455976493153
2.9672340558377623,7.759349388237293
2.9826319893064404,7.73352662154862
2.997147111602863,7.707203870431768
3.0107888006639985,7.680411958560274
3.023375066319664,7.653091852767228
3.034760745213998,7.625257754145623
3.045062530177785,7.5970010774882
3.0541325450859302,7.568326145262365
3.062159872652178,7.539359788671962
3.0693621803888953,7.5101873437523725
3.0757897490293207,7.480832866307302
3.0814264435684837,7.451315963912111
3.0862945236770982,7.421668892821518
3.0904552066179822,7.3919124454395035
3.093850353536548,7.362057184166808
3.096528063217791,7.332137289125461
3.098629978181948,7.3021796853279755
3.100255759780441,7.2721934238981145
3.101357173670491,7.2421747013594615
3.1017013032511844,7.212125300481476
3.1012391279095612,7.182080853091907
3.099968623643946,7.15205794628993
3.0979427945700975,7.122082089887366
3.0952109965511263,7.09216309613692
3.0918000310494334,7.062316828754297
3.0886401500139486,7.038500676817452
3.0843337875956953,7.008792801945585
3.0798895010847622,6.979124941323706
3.0755653920904664,6.949449294239584
3.0714054170976697,6.919751987959548
3.0672326330288855,6.8900294806814975
3.06300125013437,6.860334858829426
3.058950009057971,6.830630003756695
3.0553001352985447,6.800882376749652
3.0519705507921326,6.771074703185143
3.0487539232834666,6.7412559116929724
3.045672321450118,6.711423831228227
3.042781814181208,6.681576302231805
3.039909316049745,6.651709459804906
3.0370714749279037,6.621850390373217
3.034154704092919,6.591972127298469
3.0308445508476765,6.562130027266542
3.027109276465654,6.532335441540181
3.022902584212234,6.502601288775514
3.0182219240969403,6.472937222000757
3.012960750549522,6.443358546342768
3.006990288353204,6.41391462549508
3.0003742070345947,6.384612878319605
2.993154925109141,6.355457691959262
2.985421404663225,6.326438556020155
2.9771817352418326,6.297559703954021
2.9702461029879315,6.274557186995372
2.961154600121036,6.245936838089939
2.951622907849164,6.21746043024339
2.9416044367837704,6.189146305456609
2.9310356878580435,6.16102887017383
2.9199577013823355,6.133118478382228
2.908473389693142,6.105374040198358
2.896674931318446,6.077785032444213
2.8845974387299766,6.050285097370857
2.8721181908545277,6.022979388746732
2.8593392705083476,5.995816395506775
2.846346143180678,5.968762806255051
2.8331689680421284,5.941794904554143
2.819750119189705,5.9149423676935395
2.8060195820392755,5.888243361988422
2.7919792892983755,5.8617076025629675
2.7776375044440584,5.835333829120898
2.763014183794601,5.809117944231528
2.748143246782818,5.783043165735668
2.7360731782745846,5.7622812341803185
2.720724080745841,5.736480986917645
2.7050913904366594,5.710852574031362
2.689189898241818,5.685390163075488
2.6730244717802334,5.660096405258537
2.6566495388487565,5.634945256918913
2.640145706009485,5.609882475798212
2.6235487179461456,5.584884049596936
2.6068554017065657,5.559948249429357
2.5900536854078138,5.53508500156914
2.5731474831407173,5.510291900392196
2.5561328925252034,5.48557445486216
2.5390030005137523,5.4609315602352835
2.521694210319593,5.436412437977823
2.504258083105955,5.411991039972704
2.4902587859533654,5.392492264757334
2.47268729141589,5.368168751415787
2.4550436219368583,5.343900172100296
2.437357745382766,5.319665477938904
2.419672258028255,5.295431946682142
2.4019365576862164,5.271229310451394
2.384144748904823,5.247071290372841
2.3663280365889907,5.222932352026657
2.3485048013164227,5.19880134942693
2.3306684425438067,5.174675727445234
2.312748725676497,5.150604047292704
2.2946880589424676,5.126635168912219
2.2764931705276235,5.102772100732219
2.258213469018292,5.078975709838764
2.2398592140564877,5.055239524375399
2.2214442928518743,5.031550181370821
2.202968198003248,5.007908894704832
2.1844217498381133,4.984320565986
2.165797878163772,4.960792478282428
2.1470633647639183,4.9373497528216435
2.128213065738356,4.913997680772203
2.1130192987178584,4.89540418850539
2.0938468544387985,4.8723079804292375
2.0744378594206934,4.849404970201579
2.054758968960813,4.826730776032106
2.034791744001011,4.804307084823916
2.0145163154794363,4.782160514701375
1.9939436749379924,4.760292175564664
1.9731034496445328,4.738681736850288
1.952026156127556,4.71730625266574
1.9307302364462409,4.696148886256549
1.9092219667764365,4.675207471708487
1.8874880468132194,4.654497437052663
1.8655167060046187,4.634038652293436
1.8433099199578082,4.613835556788168
1.8208671577506461,4.593894270486197
1.7981963635621412,4.5742142178953245
1.7753033704118795,4.55479241593256
1.7568237772775541,4.5394505507389376
1.7335237791524216,4.520519062402921
1.7100374164052938,4.5018274461290435
1.686390904966642,4.483342072432365
1.6626298030791664,4.465009765980528
1.638762828423956,4.4468169997208475
1.6148082664170793,4.428742792770853
1.590789903337078,4.410757403346277
1.5667010714904515,4.392863434432114
1.5425634952766136,4.375043139129533
1.518406516050919,4.35725073813691
1.494229929681312,4.339485768861404
1.4700448197192286,4.321735685016799
1.445878740772867,4.303964948544925
1.4217651926236472,4.286128558395798
1.3977238698212895,4.268197529711619
1.373765748933182,4.250157444089167
1.3499041532595524,4.231991677179071
1.3261610040588323,4.2136767091056395
1.302551432524773,4.1951892036563985
1.2837639752482621,4.180275271227939
1.2604196592374086,4.161460313771475
1.2370794817958024,4.1425916100323095
1.2137843364257221,4.123735152049531
1.190744932764618,4.104524307169568
1.1678204819017663,4.085235951215104
1.1456127553410689,4.065188690832545
1.1245561628951464,4.043975080105063
1.1042341487660492,4.021962467215665
1.0845451766131537,3.999426770881696
1.065966958073895,3.976002400814743
1.0519302470652652,3.9566102333983606
1.0318839776812518,3.926804662650081
1.0163463540554443,3.9012540050462343
1.0048618892284258,3.880257935242851
0.990846453163791,3.8537191808059936
0.9764734091004164,3.827351838175561
0.9617165128360895,3.801215231292436
0.9470586692594789,3.775054232765333
0.9324523013806013,3.7488552343814607
0.9179388605584528,3.7226086459289283
0.9034715127872914,3.696327257967642
0.888973738288782,3.670060071791059
0.8744740506499804,3.6437967560825166
0.8599356028282552,3.6175509689953196
0.8454078165670618,3.5913078690678693
0.8309862433866956,3.56501441145683
0.816741787031448,3.5386263493879575
0.8026776395091698,3.512143678118056
0.7888035818287049,3.4855548804518457
0.774976335080842,3.4589306199098693
0.7611098347856933,3.4323252092245635
0.7500091030866171,3.4110458913277357
0.733347825153762,3.3791339912043283
0.7194861616872938,3.352530440255934
0.7056482103584272,3.3259138639076546
0.6946113903203833,3.3046111726723515
0.6810282973004815,3.277883993692489
0.6677419824170975,3.2510128755326093
0.6548632153217285,3.2239557750440553
0.6426056300032073,3.1966318345681137
0.6312114172157006,3.16895519197096
0.6208832914382507,3.1408661618989306
0.6115547084881962,3.112422653402446
0.6032183358733757,3.0836529182225862
0.5955086658830353,3.054724332994455
0.588916085417678,3.025541923284171
0.5834889687760368,2.99610635015497
0.5791247365860375,2.9665008812453744
0.5758875646262309,2.9367423967126123
0.5734389003492253,2.9068732633976846
0.5714576126360174,2.876960259433232
0.5695790874530327,2.847019742055953
0.5676233636468727,2.8170732237769602
0.5654159209295738,2.7871347850312036
0.5628596578223319,2.757220599567375
0.5605631679670674,2.733313636749369
0.5574827751290294,2.703465743705859
0.5543099799000097,2.6736328601308785
0.5512988048793921,2.6438007981871046
0.5485732836259826,2.613944658174759
0.5461705060751381,2.5840591884049346
0.5438202339725395,2.554144204646169
0.5414388766043625,2.524246495445235
0.5393074480183083,2.494345545214635
0.5375244964098089,2.464418458254966
0.5359637443870835,2.4344682739416568
0.534378434188368,2.4044958350001244
0.5324625700863247,2.3745342855201486
0.530203721819632,2.3446034286741657
0.5277573969073286,2.314696150480208
0.52531784782662,2.2848066048226
0.523551773895141,2.2608888907711915
0.5216375488434559,2.230962008212148
0.5194790717004203,2.200996266536248
0.5164589555171172,2.1710914814950586
0.5124929432291128,2.1412965717364814
0.5076445536898363,2.1116406878619824
0.5020848671339794,2.0821193278888206
0.4957932687149166,2.052733773258399
0.4886712307972769,2.023543989546975
0.48068032703176206,1.9945801910345755
0.47180387539380136,1.9658692220354117
0.4621593184902015,1.9374225058619412
0.4521033084448586,1.909153652512376
0.4417642083727927,1.8809720375109429
0.43111077556985,1.852908752232107
0.4202538977174883,1.8249308336038053
0.4092252582949205,1.7970209392475593
0.39812068399917605,1.7691554788776864
0.38928347187308593,1.7468397006495204
0.3779863001995471,1.7190156474114553
0.3661352339468453,1.6914152322983824
0.35371148415976045,1.6640645803124776
0.34070454673159706,1.6369883106504994
0.3272248214569714,1.6101529781212205
0.31329423528140526,1.5835503542938867
0.29892947324146546,1.5571754192727525
0.28406327671688003,1.5310744089876438
0.26861795416211864,1.5053055703177989
0.2526635241073086,1.4798662105924338
0.2365152098985333,1.4545777121688546
0.2203664308211954,1.4293050494429327
0.2044647594716705,1.4038927833868156
0.18892748829597425,1.3782659708844485
0.17380944552934727,1.3523894954716476
0.15907674102729252,1.32628510576605
0.144658023068738,1.3000010108903794
0.1304685314054932,1.2735823622378484
0.11920950506331274,1.2523942954132874
0.10521822417023508,1.22586228545843
0.09126694515090118,1.1993054844791766
0.07730006897530245,1.172751090473724
0.06325918024375406,1.1462321150259052
0.0491055567011501,1.119770692687908
0.034811998210868715,1.0933817761295175
0.02032317666960209,1.0670943600988225
0.005595594781441348,1.040938139594393
-0.009379883105840427,1.0149234213867464
-0.024617427551138944,0.9890561101802497
-0.040181439514347966,0.9633809383800512
-0.05608120133679431,0.9379118376895416
-0.07231663402158496,0.9126557128742688
-0.08553717877025582,0.8926029863009219
-0.10572948408397856,0.8627670886058204
-0.11942459461692626,0.8430377034596684
-0.13678511229423437,0.8185460570535943
-0.15443240524138532,0.7942565661056795
-0.17240223295322568,0.7702015307120686
-0.19072102981605304,0.7464089538874903
-0.20940102854654463,0.7228980184968055
-0.22843212128691376,0.6996713852771105
-0.24780428927173495,0.6767290816678764
-0.2675017084057125,0.6540673950907716
-0.287498328140443,0.6316714339231948
-0.3077709302541919,0.6095269479583258
-0.3283242242764747,0.5876397115969654
-0.34917367512840153,0.5660330948699684
-0.3703207830127257,0.5447177918135927
-0.3917538676847685,0.5236914008873901
-0.41345346074496536,0.5029428215219788
-0.43539483862251793,0.4824532499988729
-0.4575602086719624,0.4622069871272488
-0.4799334259932158,0.4421933322902136
-0.502489949262743,0.42238976316496457
-0.5252155632802072,0.4027815031009038
-0.5435089892063326,0.38722778774128935
-0.5665197522069136,0.36795485475144557
-0.5896987913998006,0.3488831048540117
-0.6130465803571691,0.3300176896867305
-0.6365699941764997,0.3113708216022878
-0.6602692956158062,0.2929481620913829
-0.684143721663512,0.2747511544703926
-0.7082068162542755,0.25680261145328903
-0.7324570645327398,0.23910846381068038
-0.7568827993509065,0.22165859704803934
-0.7814761105805486,0.20444774020955173
-0.8062269995598169,0.18746545170743076
-0.8311170223066975,0.17069180133470593
-0.8561258535396095,0.15409931898794377
-0.8812375302565106,0.13766499331482615
-0.9064386701523655,0.1213728308223593
-0.9317027031137607,0.10518348700484813
-0.9570048815536694,0.08905969442637944
-0.982310594016408,0.07294831562256897
-1.0076120606297645,0.05682921110634745
-1.032915511043346,0.0407128573795355
-1.0582177038189315,0.024595370645352443
-1.0835078388149797,0.00846228759790435
-1.1087685719920954,-0.007712785856318941
-1.1339873331915262,-0.023950769316983676
-1.159139758175061,-0.04028506999977878
-1.1842101493259491,-0.05674488120541697
-1.209199778017911,-0.07332443304626374
-1.234047000148608,-0.09010040181903045
-1.2586941491652783,-0.10716144640046159
-1.2831126074268262,-0.12454545725216037
-1.3073060202724345,-0.14224230556627115
-1.326490024048878,-0.156630080097848
-1.350246877062612,-0.1749058688399483
-1.3737098418670766,-0.19354889963559976
-1.396883802251667,-0.2125592420692769
-1.419831527445042,-0.23185201462947305
-1.4425937496737542,-0.2513681504358174
-1.4652000899833169,-0.27106696094628874
-1.4876520603323082,-0.2909428312135799
-1.509948520150791,-0.31099180829296763
-1.5320891607307043,-0.3312147877446532
-1.5541067554243553,-0.3515762828061834
-1.5760216044111397,-0.37205162987449514
-1.597859435854203,-0.3926114038667198
-1.6196340064751888,-0.41323950476244287
-1.64134595700725,-0.43393318288546673
-1.6629963031826043,-0.45469270008415136
-1.684598755866283,-0.47550313452658444
-1.7018538533827843,-0.4921810364545201
-1.7234475404854785,-0.5130242141555857
-1.7452584585090731,-0.5336382315306736
-1.7671905032153599,-0.554123266203747
-1.789241632336139,-0.5744797965329149
-1.8114055209890803,-0.59471273545328
-1.833673361689492,-0.6148300358111025
-1.8560453530429242,-0.63483201889866
-1.8785199200765335,-0.6547171821779864
-1.9010870892858966,-0.6744978746822665
-1.9237515495009048,-0.6941665918095339
-1.9465061614743582,-0.7137295302011925
-1.9693399887601437,-0.7331988886294443
-1.9922430731566019,-0.752583953641561
-2.0151864020935797,-0.7719163611549321
-2.03814063104726,-0.7912320200708455
-2.0610797393173836,-0.8105618673734595
-2.083982338904729,-0.8299316829994683
-2.1022690062589753,-0.8454689182156272
-2.1250820787801943,-0.8649436304620937
-2.1478490120771596,-0.8844733482730482
-2.1705732677614873,-0.9040524261397789
-2.193252818832893,-0.9236833217890857
-2.2158979816860005,-0.943357655948508
-2.23853759978476,-0.9630411875196626
-2.2611822664002132,-0.982720294569403
-2.2838370316159606,-1.002387414981549
-2.3064952706896076,-1.0220494919507979
-2.329146545523997,-1.041717512116477
-2.351765690273667,-1.0614185481792264
-2.3743356666877466,-1.0811733404858557
-2.396826857366204,-1.1010119521696415
-2.41919258606098,-1.1209854153391943
-2.441387888912098,-1.1411426758504317
-2.463386716346675,-1.1615120459876895
-2.485184147690199,-1.182096942172266
-2.506793236412354,-1.2028836014260547
-2.5282371309283733,-1.2238419142370722
-2.5495031994501796,-1.2449771507737226
-2.5705526819021247,-1.2663228234710777
-2.591345065020964,-1.2879147262169925
-2.6077736427767735,-1.3053823740337331
-2.6280454081799483,-1.3274623742606522
-2.6480202121673337,-1.3498100184190922
-2.667663499921841,-1.3724443501031303
-2.6868866419371953,-1.3954251869936656
-2.7056211045576464,-1.4188057827191816
-2.723919391660704,-1.4425391162340733
-2.741875964384531,-1.4665423359256164
-2.7595942278976504,-1.4907327141125515
-2.777157355713629,-1.5150416115996985
-2.7946003635626013,-1.5394384538734627
-2.811941021363433,-1.563910078688207
-2.8291955914489026,-1.5884438973802308
-2.8463587262881074,-1.6130401307867046
-2.8634253161449226,-1.6377035968001172
-2.8804039555167202,-1.6624295129443791
-2.8973254256347327,-1.687198080675099
-2.9142306182071733,-1.7119818325000078
-2.9311533308705306,-1.7367555992837906
-2.9447025831255615,-1.756564876626619
-2.964991255647359,-1.7862973721773263
-2.978456487595967,-1.8061580976367246
-2.995197129169722,-1.8310419423530124
-3.0118086345699426,-1.8560097870925263
-3.028203733022425,-1.8811067751477923
-3.0442566295070064,-1.906418144505756
-3.0599583915770014,-1.9319527132060963
-3.0753476611677013,-1.9576756222847929
-3.0903573996062277,-1.9836149392563134
-3.104853254683634,-2.00982762233336
-3.1185651538021886,-2.0364392439822967
-3.1313860955700554,-2.063492835016143
-3.1433553829136978,-2.0909379276253883
-3.154575766021159,-2.118711870545282
-3.1652368265210264,-2.1467206272880195
-3.1755543170484084,-2.1748723818483318
-3.1856988305128136,-2.2030979590075908
-3.195773899895433,-2.231351308479257
-3.205773122236023,-2.2596277655017256
-3.2156267137368486,-2.287953199100338
-3.2253282191230968,-2.316329336320766
-3.2348546317370315,-2.3447644393245333
-3.242364332926102,-2.367551543241549
-3.251629823405372,-2.3960756473844653
-3.2607593451020143,-2.4246437852676364
-3.269780637789549,-2.453248289852226
-3.2787010694846597,-2.4818846554319087
-3.287529838137908,-2.510550665483525
-3.296278011096846,-2.5392408994103914
-3.3049437195619364,-2.5679563539748815
-3.3135239150450704,-2.5966963001632095
-3.3219842740514505,-2.625468465314507
-3.3302802302557755,-2.654288277345538
-3.3384562430936184,-2.68314625945391
-3.346555358779721,-2.712028820474168
-3.354630523852237,-2.7409217115698548
-3.362726405118234,-2.7698105134817204
-3.3708694986324916,-2.7986895192429047
-3.379140772851878,-2.8275388183406114
-3.3875929049584808,-2.8563334760777876
-3.3961429475351808,-2.8850923216967814
-3.402959917043519,-2.9080987064676442
-3.4113694609062133,-2.9368847337735384
-3.4195842817192568,-2.9657243985579984
-3.4275840597605307,-2.994622049930477
-3.4353415113095584,-3.0235858332469236
-3.442864888712901,-3.0526104076842095
-3.450126372152941,-3.0816996465748865
-3.4570849396579817,-3.110860186967839
-3.46373291903782,-3.1400941297167404
-3.4700636330536305,-3.1693962672083598
-3.4760507002767227,-3.198770491149293
-3.4817132495801744,-3.22821139290795
-3.4870742913260915,-3.2577075288113115
-3.4920752519132625,-3.2872618484202256
-3.4966796756286342,-3.3168805455761405
-3.5008418523439238,-3.346557667869924
-3.5044474772369223,-3.376303737386641
-3.5075096876336,-3.4061093198586967
-3.5095036265584247,-3.42999377150629
-3.511456460463006,-3.459892909034548
-3.512939404284358,-3.4898307602775502
-3.5142093595027357,-3.5197737356168397
-3.515559948966215,-3.5497059448877546
-3.5172590493069373,-3.5795977725068475
-3.5194839782879277,-3.6093237235938718
-3.5222720537212466,-3.638309015526623
-3.525982484649597,-3.664750858541935
-3.5312417172635575,-3.6911083452143187
-3.5378020544167077,-3.7147092109889073
-3.5449330016478977,-3.735680660900158
-3.5555035633337746,-3.7638240559994744
-3.5668350655678895,-3.7916382754687095
-3.5784044970721993,-3.8193225964142603
-3.590040387964508,-3.84698022057326
-3.601717200845286,-3.8746186845112356
-3.6137269078329486,-3.902165355134666
-3.6272820885500767,-3.929088248947272
-3.642847563253946,-3.954876809531854
-3.6600284306358017,-3.979606332436312
-3.6791557788465483,-4.0029595438554235
-3.6965077752986333,-4.019606285930414
-3.7209959403964,-4.037166352179385
-3.7479249010999367,-4.050979619182026
-3.776659965898613,-4.060464137550582
-3.806527518628594,-4.065380534782897
-3.8368011217912747,-4.065302916911929
-3.8666776776687812,-4.060947878756646
-3.896015035383747,-4.0541312411231045
-3.9248627722095586,-4.045496634583771
-3.9531063981131926,-4.035054801485495
-3.980671967301364,-4.022936310747074
-4.007356908612623,-4.008926918981464
-4.032826921846604,-3.9928099757945774
-4.057030260169099,-3.974868140899389
-4.075397647173777,-3.9592546787353604
-4.0972283972481955,-3.938581988950768
-4.1182875167962205,-3.9171355239530343
-4.1387763629386685,-3.89529024849888
-4.158798736674954,-3.8751619748172113
-4.176925383048263,-3.8576932870965366
-4.195165241526831,-3.839455992958715
-4.213882148757579,-3.8201455415725984
-4.233944263949872,-3.8005419378634047
-4.251348360772117,-3.783743164734171
-4.2698138131069445,-3.7657291912699775
-4.288762120846716,-3.7482748427174997
-4.308345848355686,-3.73154075799785
-4.330616443160022,-3.7133339768214637
-4.349382331197657,-3.6984347946146454
-4.372966277885476,-3.679862438607075
-4.39579176507504,-3.660283696910146
-4.417560667585988,-3.6396427124070323
-4.4391473895007385,-3.6188521315269
-4.4609723370475685,-3.5983510078540806
-4.4832391581563815,-3.5790435542616135
-4.505605143663448,-3.5612824018786804
-4.527756815628492,-3.5434808114047396
-4.549644649178922,-3.525398465306912
-4.571799733745503,-3.5063286289141025
-4.594206183739926,-3.4863993893602934
-4.616649599015094,-3.466475532212337
-4.63930737616797,-3.4469353776030296
-4.662638708153805,-3.428125335995465
-4.686118494535739,-3.4094576207226677
-4.7095784471520155,-3.390925479677184
-4.7317623648142435,-3.3744626783610623
-4.754162797385606,-3.3583185454782463
-4.772288679950194,-3.345668052740329
-4.795451189081206,-3.3290107274226655
-4.81851012918256,-3.3117342860989964
-4.839885351792172,-3.2950733675436967
-4.859436637615768,-3.27843182649666
-4.87745236277201,-3.2616730989730383
-4.897827689733973,-3.2413287645860245
-4.917692919076322,-3.220750399186331
-4.935541958202436,-3.2019130538421865
-4.95417587901262,-3.1821271102275
-4.973807529531253,-3.1622226360652363
-4.989944229976376,-3.1472262586215174
-5.006102633469501,-3.133386168026802
-5.023092055440927,-3.1207314957847263
-5.040316068539543,-3.10967982036924
-5.0588135000003165,-3.099647334083726
-5.082029540063711,-3.0889799991570404
-5.107852763144174,-3.077685027409157
-5.135263029242818,-3.06550531910545
-5.1572138429746746,-3.0558369207807754
-5.184709091614008,-3.043871992270836
-5.212258749164693,-3.032032739403582
-5.2398543055913365,-3.020295797660763
-5.267485524838653,-3.0086298396701494
-5.295107195860799,-2.9969424494943846
-5.322723383264046,-2.9852159436211756
-5.350286997762005,-2.9733451765915
-5.377748298291196,-2.9612179033637402
-5.405085537238291,-2.948830318711009
-5.4323755248704,-2.936395625090063
-5.459791127102595,-2.9243002728873386
-5.487455958496632,-2.9128118098070894
-5.515369697595,-2.901922595425877
-5.54350738002376,-2.8916618273788166
-5.566196786402488,-2.8840201811562403
-5.594903914420847,-2.875626713659755
-5.623979737967647,-2.868639728649812
-5.6533656919319055,-2.8630850982845404
-5.682986955801824,-2.8588880000507113
-5.7127614397057735,-2.8558938575448236
-5.742631660519466,-2.854049898715946
-5.772548612965177,-2.853338254466779
-5.802471132295033,-2.8537904070711853
-5.8323582330553165,-2.855369339007937
-5.862183948718795,-2.8579747209105095
-5.891932157793494,-2.8614476907406
-5.921607798532112,-2.8655971320905618
-5.951215966141818,-2.870231663115449
-5.980750669933816,-2.875327779418324
-6.0101721619569215,-2.8809687663310015
-6.0394241630260135,-2.8873566270439284
-6.0626589213373645,-2.8931606608130735
-6.091475045986738,-2.901263760730571
-6.119877383155676,-2.910593629611619
-6.147747589506712,-2.921423920676747
-6.1749836151407855,-2.933732920291236
-6.20138886708684,-2.947689172709451
-6.226711447188335,-2.9634878879817035
-6.250497662608368,-2.9814304477584224
-6.272010557795606,-3.0019809632318823
-6.291153953745197,-3.024835027603086
-6.308533301824086,-3.0491233217764884
-6.324369424683952,-3.0744835150686436
-6.338770588541802,-3.1006464068687585
-6.351500241725204,-3.1276981059978866
-6.362862079159296,-3.1553677117642716
-6.372797743319512,-3.183555351413488
-6.379584222407782,-3.2064925031914124
-6.386781846892255,-3.2355182259376747
-6.392555477666034,-3.2648680900082248
-6.3973235200227325,-3.294436788980946
-6.401329123919647,-3.324120784017063
-6.404810531256364,-3.3538926066391617
-6.4079665858937425,-3.383708653122118
-6.4107233764214095,-3.413547620870547
-6.41296375660105,-3.443435065710654
-6.414780853159473,-3.4733475463050225
-6.415933474133302,-3.5032795047758016
-6.416336551067966,-3.533226680795594
-6.415982517789888,-3.563177280196855
-6.414939033716623,-3.5931242865130164
-6.4134234837001864,-3.623056305365664
-6.4113847656320875,-3.652949163808337
-6.40875775700559,-3.6827984947517396
-6.405642681688209,-3.7126078918715124
-6.402151739429043,-3.7423829961983626
-6.398311102505253,-3.7721118888139022
-6.3940181671809455,-3.801767270250036
-6.3891507208428315,-3.831335555964662
-6.3837710356093105,-3.8608188533295302
-6.378034576306392,-3.8902481858273457
-6.373253547575417,-3.9137494101929526
-6.366935203021531,-3.9430521807969443
-6.3602287784363005,-3.9722664679778847
-6.353180613716154,-4.001405035258178
-6.345801604914697,-4.030464223628464
-6.338212577705862,-4.059476447257114
-6.330438039739258,-4.088437877453652
-6.3223414997279885,-4.117294764162945
-6.313807183836268,-4.146027391673038
-6.304843375823289,-4.174622653117601
-6.295379745744972,-4.203055074293914
-6.285436468354672,-4.231329014955309
-6.2751704909113695,-4.259500559066226
-6.264701380325826,-4.2876036203416685
-6.25409732849545,-4.31565977377219
-6.245583629103898,-4.3380981180049085
-6.234883071823874,-4.3661199466581015
-6.224143910695308,-4.394132322136
-6.213404361221736,-4.422143096282034
-6.202657012464219,-4.45014778050201
-6.191827542735426,-4.4781205549578535
