0.02640888526428823
0.04822473290931027
0.0731820496168233
0.07705518214421245
0.08052747813583618
0.08627141858026408
0.09295884050648774
0.09397748173813206
0.0939796956576129
0.0939808041929662
0.0939816366325545
0.09398224062825933
0.09660000321756447
0.10896425987800228
0.1311662718675316
0.15349064504938129
0.18289339840653263
0.2122757385245505
0.24190850784171902
0.2699849765304178
0.29691742244824615
0.32681420133397643
0.35679934327805274
0.38673424083191643
0.41660276468146584
0.4464970402197481
0.47641539155365664
0.5064392056814758
0.5364891390462203
0.5665262990612218
0.5964626623109974
0.6263004501728584
0.6561076942109476
0.6860264999361358
0.7156403480606184
0.7455561513764589
0.7755443255215636
0.7995436282528517
0.8294245964731681
0.858855716442664
0.8880642042493839
0.917388296137054
0.9471461852616089
0.9768230186468475
1.0053000420639167
1.032506281001099
1.0609848855788935
1.08749780580813
1.1165110751747718
1.1464468379218211
1.1763760985408238
1.2063766586990292
1.2352855392491275
1.2619352818845857
1.288202403573524
1.3131556004125686
1.3418372438224555
1.369506937368044
1.3963640700624256
1.42112246934346
1.4507000246035238
1.4805850344318956
1.509920655917184
1.5309953315248412
1.5582147255926333
1.5880060033324968
1.6177373589839092
1.6475950151475027
1.6778204052909407
1.7078403728262748
1.7373592454576041
1.764968724688515
1.7883769838609826
1.812290037314264
1.8416233234302744
1.8715155938118735
1.901472589255531
1.9253403336094692
1.9551690552617609
1.98293537650325
2.011116810478851
2.04104193793743
2.0709569175442404
2.100875616943643
2.130760123161785
2.159236266563606
2.185933145898045
2.2101655085096765
2.2391153582259498
2.2691020923434055
2.2987626766263616
2.3275009042770476
2.3561003663230946
2.381703420872312
2.4078174005757256
2.434995216936248
2.4602281745194645
2.476143893072778
2.4974781432894964
2.5130514977837692
2.529328750334659
2.5418571580609877
2.5633716138573743
2.586738548254735
2.605385842041099
2.625655336514065
2.651959164325181
2.679293089067973
2.706493109333597
2.7301005925384048
2.765986575206301
2.7899984251585956
2.8198111293509673
2.8486513400462217
2.884456642693786
2.9084527188599614
2.9384806598156494
2.968487598625543
2.998487232834516
3.028473581104107
3.0584351126156974
3.0880184280231884
3.1179266760165723
3.1479786794561755
3.1760016668451145
3.205842756702071
3.235816885320305
3.265803728495631
3.2953092444695358
3.3244666760347417
3.354124600476148
3.3841295559839866
3.414145010333566
3.438179726307188
3.4681919925637836
3.498258715240698
3.52834320038342
3.558409614877321
3.588500826941106
3.6186040988319954
3.648715972783845
3.6788225176707607
3.7089363284976593
3.7390196464821632
3.7690431650505354
3.798635712862551
3.8286785568152366
3.858717244820166
3.8887811068947635
3.917578007461221
3.9424354980660765
3.9675130837550503
3.9937137055163006
4.011442074184771
4.032531406316227
4.055478998483856
4.075841747227508
4.09598145566592
4.12198548447385
4.152025833773112
4.182071881568309
4.2121086498283296
4.242167092414289
4.272253942690676
4.30232723454487
4.332365327937864
4.362426539367238
4.392522776041404
4.422552742389686
4.452606254063831
4.482728478944548
4.512788182004536
4.5367689763206265
4.5663312549730515
4.595269779899664
4.62514304114477
4.654707780473384
4.684646512709117
4.714032443882526
4.743533039908649
4.772953524562573
4.802802887633005
4.832681381308372
4.862501675725672
4.892416532625361
4.9224606779011655
4.952543829347447
4.974917624860405
5.001790342649944
5.030066331581664
5.059576557967189
5.083595236912981
5.109001670294991
5.135073976928272
5.161775787906394
5.1878357323628
5.211331150489849
5.232498862670176
5.25495885883096
5.283684672613737
5.307655604603789
5.3417826741338965
5.364092911832251
5.393614476407647
5.423714467595595
5.453846972703475
5.4839019570705165
5.513890191324156
5.5439653825451645
5.57394202989803
5.603946095671156
5.63400883791719
5.663973348339344
5.6939171707877465
5.723881079114718
5.747916193313746
5.777948771098531
5.807925354222777
5.837836523350024
5.867839316257027
5.8979281644567605
5.92799900690849
5.958026769622919
5.987983492694967
6.018020657307659
6.048106617172769
6.078116042358575
6.108052995496604
6.138064283293477
6.168191552794114
6.192320525634877
6.222139380899851
6.249033563818019
6.271958189411492
6.295818441712602
6.322996292976561
6.35212539472802
6.379873034694764
6.406968261903232
6.431461963923575
6.45994502285322
6.486792178424664
6.509082148795996
6.537423759543764
6.565149412601354
6.590857300336477
6.618091823927694
6.64582783566177
6.67373216323773
6.701661286905335
6.72965598160204
6.757564950164209
6.785510826460734
6.813334377355926
6.8355612171236855
6.863456654771635
6.891280079584139
6.919130641216026
6.947050794189584
6.974856213779956
7.002736179121604
7.030640745143918
7.058440620212263
7.0807546801999415
7.108659627293553
7.136459559242299
7.1643646694684575
7.192243274209049
7.220049944157911
7.2476091038559955
7.271530062264652
7.291931134419879
7.319024549935763
7.348189953601819
7.378024678286448
7.407937984027724
7.437753909268478
7.467728027125693
7.490798652157894
7.519788737348764
7.549023354535513
7.578788593925741
7.608830213214825
7.638912050403847
7.66555562747612
7.693202219304892
7.721506401170978
7.744414535061095
7.76706005652497
7.785191903074102
7.8089488155271365
7.8343233320721515
7.8601724781484235
7.889291204662605
7.919051515677578
7.948604653446839
7.975381563003984
8.001279740726066
8.024547146435788
8.047136648248078
8.070131560146525
8.09335301733223
8.116774698019151
8.135604722807397
8.162399114557516
8.190907919627257
8.219391836441515
8.24796669818552
8.277130448556145
8.307105418870975
8.337282907656991
8.36751078537914
8.397694183392774
8.427759180683744
8.451718240515747
8.481539332895895
8.5110448588041
8.540629529351914
8.570222821894731
8.599936195791487
8.629791657747559
8.659768941043826
8.689866580953487
8.719938984947659
8.749997954744304
8.772208755754539
8.799480095921274
8.828458610672445
8.855299764211736
8.88479683637604
8.914911272553093
8.944926706431449
8.974805681350464
9.004207721338064
9.0330239103052
9.060290598309964
9.086435490607832
9.112727502813964
9.133860931067916
9.160392980030089
9.187042144830768
9.216486601509702
9.246398420785154
9.27619100009244
9.305852785289195
9.335374367376495
9.364801362253846
9.388492560391967
9.418155406520787
9.447973295725243
9.477931165046703
9.508018105282288
9.53822165582296
9.568056638239039
9.59816488461105
9.622330456419807
9.652461029758822
9.688449860430511
9.712339738588401
9.742074629140545
9.770970026225536
9.796497538602667
9.822906107391084
9.847172201119307
9.874587913663948
9.902959311034088
9.927378237321381
9.948506195816618
9.978197240072836
10.00801073092857
10.037897633782796
10.067914933112602
10.098051852739593
10.128309888030607
10.158579271332497
10.18874059145129
10.212783502077286
10.242718336919
10.272511205955785
10.30215420949942
10.331805591980205
10.361446282831213
10.391135307551629
10.420972769564008
10.450949495716552
10.48105269907824
10.511271231362887
10.54157425463899
10.571886379706879
10.596148862058815
10.626446694198425
10.656653558480459
10.686743539942334
10.716706336244703
10.746272153701156
10.773657874512386
10.80243238566061
10.829561967477094
10.857103219269808
10.880474952150866
10.910034917111998
10.939746410346899
10.969596978343526
10.99957746750625
11.029675001293462
11.059928682380972
11.088764358513785
11.11692381440918
11.144959024018895
11.17285864354151
11.200610354013609
11.224066815260294
11.253725044910416
11.283477233122323
11.313374578595651
11.343406488142138
11.373560837401273
11.403816802336435
11.434014513484826
11.46418285184292
11.488277406076648
11.518282201644084
11.548150222157576
11.577751075062146
11.604470851655444
11.627670052630569
11.653833767036804
11.681601854960679
11.709487055906838
11.737090458008462
11.763026258368642
11.78907889935396
11.815085612629218
11.841226574801068
11.86750213812275
11.893901326968146
11.91439900847061
11.940538703392969
11.960221949830203
11.984106114120848
12.007867640276906
12.031536646469721
12.055298714734787
12.079037774538934
12.102653083252433
12.126137576992267
12.14482642831355
12.16896086584812
