1346.2034217601254
1346.227438152442
1346.2514521843743
1346.2670671019089
1346.2714720747879
1346.275477131285
1346.282286962726
1346.292308214554
1346.293679550165
1346.2936820102586
1346.2936822545146
1346.29368358435
1346.2936838905314
1346.2969271343895
1346.3049754718543
1346.3149346372259
1346.3269449872598
1346.3375481167668
1346.3507611988998
1346.364747750426
1346.379279952502
1346.3908795190296
1346.4037889368474
1346.421170714375
1346.4391138031647
1346.4584238615455
1346.4785388271016
1346.4999415134007
1346.5171483091005
1346.540668305676
1346.5684617058464
1346.5920685032133
1346.6218978316335
1346.6517255998335
1346.681396144036
1346.7110980217658
1346.7408455252935
1346.764631445009
1346.7942810147788
1346.8238286914368
1346.8471283183935
1346.8764782782134
1346.905841048135
1346.929362906051
1346.9588152902581
1346.9882590648688
1347.0176296714665
1347.04694473004
1347.0705898564597
1347.1002236332497
1347.1298045746528
1347.1594501363866
1347.1831506604228
1347.2118835790593
1347.2403573632828
1347.2674527139277
1347.288405799544
1347.3101966697432
1347.3268837524938
1347.34080401178
1347.3495538882494
1347.359244991732
1347.366716455765
1347.3705549482831
1347.3713499012792
1347.3749207942856
1347.3796076007945
1347.3828370609308
1347.3859121336957
1347.3881986044482
1347.3899018363322
1347.3967909997148
1347.3998801146736
1347.4037540912489
1347.405293451641
1347.405764578521
1347.4099264403626
1347.4130913357747
1347.415527979501
1347.4171665221588
1347.417771900618
1347.4211134572215
1347.4256984707254
1347.4270126160625
1347.4285076847664
1347.4293920604266
1347.4317904887932
1347.4329536381474
1347.435723973878
1347.4358832274022
1347.4358855803612
1347.4402816797785
1347.4470627412945
1347.4527199068775
1347.4621712415699
1347.4717534692797
1347.4806528674173
1347.4890121409867
1347.500551907948
1347.5101141763962
1347.523251131502
1347.5351640469207
1347.5440478487142
1347.552147479213
1347.5575178880592
1347.5584980137517
1347.5587074583402
1347.5589179673168
1347.559062311137
1347.5607799915465
1347.5625504220998
1347.5638597960449
1347.5680633626248
1347.5733612831718
1347.579757045325
1347.5838812805382
1347.588736583892
1347.5936057549684
1347.5984281536926
1347.6022682949754
1347.6054973780201
1347.607837983884
1347.6110226209234
1347.6137060281237
1347.6138396857107
1347.6156261196058
1347.6222635340766
1347.6351908785725
1347.6496095888065
1347.6627156806535
1347.6859255203342
1347.7133273420625
1347.7427215900059
1347.7710138529856
1347.7923511262377
1347.8173963312277
1347.8436480991356
1347.8648353536494
1347.891289673594
1347.9185426972763
1347.9402986720565
1347.9671093998386
1347.9931648359943
1348.0145983206785
1348.0412052713125
1348.0679810521865
1348.0890047760636
1348.114466562141
1348.1350655773906
1348.1606244645122
1348.1856703634792
1348.206344992311
1348.2310994194645
1348.2474601527733
1348.2546925761517
1348.2557640963114
1348.2560771229291
1348.2575970455625
1348.2588188538055
1348.265202483207
1348.2754367613527
1348.2947529952194
1348.318221113868
1348.3388323838894
1348.3667060279888
1348.389878778332
1348.418370079988
1348.4468408906305
1348.4755676023276
1348.5042567228477
1348.5277674195725
1348.5564447627694
1348.5849149392436
1348.6071359148648
1348.6356407226106
1348.6650107699832
1348.6943778809277
1348.7178222367402
1348.7470016152884
1348.7761342316212
1348.805199516097
1348.8283213604009
1348.8573594270506
1348.8865460934062
1348.9099234514933
1348.9387710425888
1348.9667943599445
1348.9880554567078
1349.0135337992542
1349.038599126977
1349.0623964072784
1349.0822645633834
1349.109787039614
1349.1385653213326
1349.1676965418776
1349.1966441064023
1349.2193443572457
1349.2450156162572
1349.268797694466
1349.2880551462529
1349.3134930333586
1349.3394388251183
1349.3602166117887
1349.3805307022851
1349.4050189525174
1349.4283258551993
1349.4499810738173
1349.4672868998564
1349.4896313438412
1349.5106363084346
1349.5335356289474
1349.5588458318784
1349.5800033793194
1349.6065563402383
1349.6326983227527
1349.653456775843
1349.679291726042
1349.7050959754297
1349.7262250079166
1349.753398687691
1349.7813136021746
1349.8093138325864
1349.8317249670422
1349.8597431236924
1349.8877430579644
1349.9101335620371
1349.9381497355225
1349.9670730498988
1349.9904993123378
1350.0191818129715
1350.0472151813756
1350.0753075552325
1350.1037670767755
1350.1272404473893
1350.1566035458516
1350.1859162405815
1350.2153366457067
1350.2392481918698
1350.2691132306197
1350.298964365304
1350.322788795421
1350.3524717676946
1350.3762579219576
1350.4060601717451
1350.4359878954688
1350.4600228889658
1350.4901336958367
1350.5142065365126
1350.544320326515
1350.568334884965
1350.5922658350491
1350.6220549177642
1350.6448987630574
1350.670508934597
1350.6937829372291
1350.7171838176614
1350.7359595838566
1350.759438967964
1350.7829439056309
1350.8013657671563
1350.8210892677876
1350.8402516979509
1350.8589361321658
1350.874273066001
1350.8977195413916
1350.9244747406583
1350.945139092468
1350.9715342891423
1351.0000475646664
1351.0294432728058
1351.0579551153367
1351.0799955595905
1351.1032567689263
1351.1239877203573
1351.1410406438615
1351.156761320963
1351.1640814910218
1351.1666682736231
1351.1736594966983
1351.1823720521604
1351.1937003750731
1351.2056894738755
1351.2206390915758
1351.2348924861242
1351.2503762689282
1351.25964547021
1351.2622316409895
1351.2641723090205
1351.2683716891108
1351.2741915879376
1351.2804824223897
1351.291713281358
1351.3083241974325
1351.3234242202568
1351.3331836733014
1351.343271162967
1351.3500664432017
1351.3530056913053
1351.3575218018527
1351.3720297884151
1351.3881633052763
1351.4094381649365
1351.4300813942648
1351.4417578063617
1351.4502708188504
1351.4519790807556
1351.4557187252474
1351.4583849479643
1351.458461333371
1351.4589753570667
1351.4610542875503
1351.4619374759554
1351.4663025505686
1351.4695997668896
1351.4739731720688
1351.4846736690977
1351.5062472949812
1351.526117516034
1351.549365143099
1351.568244835109
1351.5899829945226
1351.6101377904974
1351.628622622958
1351.6378442655923
1351.6385815905599
1351.6426754005277
1351.6510580675697
1351.6603711762466
1351.667636285093
1351.6765414810227
1351.6882588857814
1351.696367797318
1351.7043599977603
1351.712581807793
1351.7198671753556
1351.728214937526
1351.7403157336394
1351.7503198960299
1351.7629540170028
1351.7722533293156
1351.7785526953091
1351.7809341211994
1351.784289103933
1351.7898301062714
1351.7904627323699
1351.8002388436882
1351.8127242438304
1351.829351117013
1351.8502493276633
1351.8723825197067
1351.8908885739954
1351.9132208462477
1351.9294382845753
1351.9519077408538
1351.9724141651382
1351.988935677514
1351.9949528693928
1351.997874498706
1352.0022390231818
1352.0103085630726
1352.0247500829346
1352.0378029737592
1352.0476861643772
1352.0597555224656
1352.0733393420053
1352.0866059407056
1352.1011185688744
1352.1071167668345
1352.10833911659
1352.110192639638
1352.1109249986125
1352.1124113030444
1352.1138856138537
1352.1175446454843
1352.1251283325985
1352.1305879288732
1352.1388175757095
1352.1458956939355
1352.1506475400254
1352.1542702332076
1352.1573448347324
1352.1672635163043
1352.1784898580465
1352.1925739745707
1352.205568058173
1352.2114382804175
1352.212977221901
1352.2200245865758
1352.232783173518
1352.2465979661524
1352.2669191686825
1352.2834734873875
1352.3043481178959
1352.3192085319376
1352.327859826111
1352.3329896706623
1352.3331684018576
1352.335214699496
1352.335873593943
1352.3394795584015
1352.343833991325
1352.3517769041364
1352.3587316294404
1352.3633962908473
1352.3697751248374
1352.3771510025595
1352.3866779632144
1352.4037338363987
1352.4234422429186
1352.43931128676
1352.4580522299461
1352.4698435055657
1352.4758007958778
1352.477990611577
1352.4815721770324
1352.4824191153277
1352.483682909836
1352.4903626433359
1352.4988919352952
1352.5075092343666
1352.525506497227
1352.5471984466703
1352.568594905446
1352.587415284719
1352.6137286030346
1352.6364310167864
1352.659701845134
1352.6752958913137
1352.6904050711678
1352.697137646069
1352.700407650241
1352.7098192970975
1352.7234848431049
1352.7339518152496
1352.743244656934
1352.7491076407796
1352.7520526421704
1352.75227088718
1352.752975258128
1352.753109465096
1352.7600150148755
1352.774549516759
1352.7885722742558
1352.8064070636508
1352.8242986549153
1352.839998230277
1352.8477898993806
1352.8558839347056
1352.8635524200786
1352.864550692368
1352.8725464696747
1352.8886911771929
1352.907336282228
1352.9248972996782
1352.946170634741
1352.9692628369814
1352.9911322777066
1353.0136728221796
1353.0343147934216
1353.0586395863077
1353.0771601113531
1353.0847743200284
1353.0855192315448
1353.0882751659867
1353.097087401868
1353.1087881695566
1353.1171118162322
1353.1277135714386
1353.1384538961004
1353.146371141595
1353.1522968145312
1353.161853437525
1353.1728025630566
1353.1819350407718
1353.193030311607
1353.2032300078056
1353.2119286290522
1353.2222624784101
1353.2320272769146
1353.2393378746206
1353.2500212112382
1353.258412153969
1353.2596135136928
1353.267771642269
1353.2862027036708
1353.3085056645969
1353.3309353039112
1353.347704529811
1353.3707951978663
1353.3938259790334
1353.4136331085078
1353.4409926254916
1353.4644555990824
1353.4781198327228
1353.4820764907136
1353.4838745470379
1353.4902161244627
1353.503649560161
1353.513146976681
1353.5214897357182
1353.5317843457028
1353.5408446412787
1353.5479481387817
1353.5520485449563
1353.5585100266646
1353.567203153774
1353.576947247
1353.584340891087
1353.5882812451157
1353.588601432896
1353.5893560205493
1353.5930052148929
1353.5981018413615
1353.60305988463
1353.6123444791
1353.6236659391425
1353.634006683656
1353.6363438910566
1353.6410578487291
1353.651491239726
1353.6681408181503
1353.6852158476497
1353.70569494817
1353.7213474350945
1353.7416451337094
1353.7624190321515
1353.7817664915565
1353.7981679551483
1353.8091616870531
1353.819627304342
1353.8249428575705
1353.8260494849942
1353.8301918092832
1353.8356679972849
1353.8433811290492
1353.8529104314812
1353.8704352060818
1353.8929836797527
1353.9171923436497
1353.935896397386
1353.9515733340909
1353.966262961997
1353.9735287972367
1353.9748027311775
1353.9762816083914
1353.9812348768517
1353.9866155564662
1353.9924230995034
1353.9990484363493
1354.0088581324062
1354.0195867121863
1354.0377222572458
1354.059256438341
1354.0820870134976
1354.0989337494846
1354.1178397477058
1354.1371544478936
1354.1472741336481
1354.149787378546
1354.1533437814478
1354.1632010378835
1354.1703101766266
1354.171229806584
1354.1733408571154
1354.1754446724133
1354.1759136577618
1354.176230417652
1354.177295059937
1354.1779336734096
1354.1818842024302
1354.1874609466795
1354.1930477167716
1354.193422325675
1354.194313026852
1354.1960765030167
1354.2010641018178
1354.209323720118
1354.2199903557146
1354.230520972187
1354.2388368938193
1354.244158826619
1354.2506707133255
1354.254812976737
1354.2585866110878
1354.2613513478689
1354.2623910355949
1354.265436672637
1354.276720288763
1354.2967526193602
1354.3156230336135
1354.3282361518177
1354.3374334247749
1354.3442761616595
1354.3499219872851
1354.3516065091912
1354.3544612077167
1354.358198182396
1354.3599093001494
1354.3666194830714
1354.3736156473008
1354.3849276171359
1354.3915657465827
1354.3934722941822
1354.3950174540403
1354.3981861848947
1354.4048622578796
1354.414355486985
1354.4219342671347
1354.4304651164587
1354.4386283873284
1354.451694184997
1354.4670257260636
1354.4866123552958
1354.5014270666525
1354.5192747026676
1354.5314643455242
1354.5415950615047
1354.5511398783374
1354.557193563283
1354.5604987920647
1354.5647142679736
1354.5737257943988
1354.5829418884007
1354.5957671580138
1354.6095906431474
1354.6195323349737
1354.6293754575402
1354.6327863411473
1354.6337853888938
1354.63712574758
1354.6405960875773
1354.6442129853308
1354.6494246213422
1354.6533737651
1354.6556952978747
1354.655994384921
1354.6563739198991
1354.656835398141
1354.6597397972298
1354.6671474293403
1354.672055234908
1354.6779105931278
1354.6821398285397
1354.6862917721842
1354.689340599924
1354.6920956272602
1354.69465421525
1354.6969744465348
1354.6994665313207
1354.6995849856667
1354.701872921278
1354.703606152223
1354.7071859327914
1354.711715912273
1354.713358336346
1354.7154706913857
1354.7186720908715
1354.7202913065069
1354.7214357052214
1354.7215396938302
1354.7237534248482
1354.729832812391
1354.7330259695323
1354.7369498866578
1354.738679519166
1354.7432980133483
1354.7468840344397
1354.7485774046188
1354.7509986946407
1354.7532621203438
1354.7537986900913
1354.7540878771206
1354.7544360410493
1354.7550917334313
1354.756031634379
1354.757328347236
1354.7573853002787
1354.7582767827466
1354.763326570787
1354.769086689014
1354.7700980539935
1354.7732309252006
1354.7786154841308
1354.782495728215
1354.7876192947028
1354.790371348128
1354.7928300217102
1354.7948219606985
1354.7977985013965
1354.8003325984193
1354.8003413317117
1354.8024901380463
1354.8079970798005
1354.812396380654
1354.8147926089214
1354.815262396694
1354.8156020507222
1354.8160910593917
1354.8168768511446
1354.8176178852123
1354.8198973448318
1354.8238261126348
1354.826845815536
1354.8274949460447
1354.8317009101577
1354.8371661524375
1354.8389617940875
1354.8400543656103
1354.8405561590532
1354.8421586928507
1354.8453228651733
1354.8495536609253
1354.8519045587398
1354.8542457874194
1354.8552275423042
1354.859211786926
1354.862431263316
1354.864217054676
1354.864482564663
1354.8662050739613
1354.868842234875
1354.8731670993172
1354.8774980883163
1354.8799820441368
1354.8809073414686
1354.8825066673
1354.884895125085
1354.8855731236931
1354.8863917966362
1354.8890324629774
1354.8922272978375
1354.8925850704404
1354.8928848866344
1354.8951049098798
1354.8986263386028
1354.9030799006669
1354.90515950596
1354.9065532410116
1354.9067986281445
1354.9068952700516
1354.9071760408956
1354.9085712081926
1354.9121079554593
1354.9124552011215
1354.9138138944827
1354.9153964830023
1354.917432111981
1354.9214358718634
1354.9237591503688
1354.9323212701966
1354.9407889926463
1354.9456894236512
1354.9470228315938
1354.9484656766554
1354.9495494794699
1354.9513739452796
1354.9533749088928
1354.9553234246725
1354.9577554409086
1354.9601045107888
1354.9662565818126
1354.968540648985
1354.9694180752463
1354.970106232419
1354.9719509333563
1354.9744715113193
1354.976069356637
1354.9770102066273
1354.9780668459543
1354.9801266136096
1354.9843526542663
1354.9876699488095
1354.9898018443514
1354.991177435737
1354.991846920373
1354.9921611117531
1354.9946477704354
1354.9999475094305
1355.0012355661952
1355.0029018480639
1355.0048284164839
1355.0062776255418
1355.0063525760331
1355.0072322307249
1355.008969301476
1355.0092284155774
1355.0096654190318
1355.0120160459285
1355.015266747858
1355.0156515029325
1355.018118932991
1355.0210186634888
1355.0241175150993
1355.026531905094
1355.0275575240594
1355.0287007221955
1355.0316250215008
1355.0402080871943
1355.0483940225924
1355.0563252856946
1355.0613438953578
1355.0626814487919
1355.0627443419753
1355.0642705985317
1355.0674779564488
1355.0712233584338
1355.0744277210108
1355.0761356289788
1355.079708408722
1355.0813809423119
1355.08485709777
1355.0898523726712
1355.0901594893053
1355.0913001282036
1355.0923037635666
1355.0928720573204
1355.0939535908333
1355.0947822149903
1355.095605380173
1355.0960109567452
1355.096314208694
1355.0972934854935
1355.0975727011364
1355.09845340008
1355.0991496894228
1355.0996393265702
1355.1001352782228
1355.101423799029
1355.102454633391
1355.1031353062922
1355.1047197268629
1355.1088398000452
1355.112541946648
1355.1138951581659
1355.1177649182916
1355.1198223739068
1355.1214506269403
1355.125556813
1355.1298920678914
1355.1332644999895
1355.1334349527579
1355.1351580179476
1355.1388571534503
1355.1417971591188
1355.1453253733757
1355.1490089556821
1355.1509009865622
1355.151137704958
1355.1535359878803
1355.1574977467599
1355.1646649361644
1355.1674292971047
1355.1683204183053
1355.1689416336687
1355.1700659916503
1355.1706792346597
1355.172026173174
1355.1736689788506
1355.1766285432893
1355.179186867604
1355.1793071190064
1355.181296828902
1355.1840964714145
1355.1878749988657
1355.1911411737344
1355.191670789939
1355.1934130580753
1355.1939522334328
1355.1940122054052
1355.1940561116903
1355.1956474108142
1355.197756413178
1355.1994755715477
1355.2005252524539
1355.2023928499384
1355.2054911968353
1355.208642152044
1355.2092369990903
1355.212463531099
1355.216655147312
1355.2205920548379
1355.2218968888828
1355.2229421567354
1355.2238540333772
1355.224542531869
1355.2252844063678
1355.228300705163
1355.2302190500368
1355.2314846717777
1355.2330611078714
1355.2337570678212
1355.2344694630829
1355.2352502434385
1355.2373778239073
1355.2374330935563
1355.2376255748368
1355.2392279675964
1355.2422902924786
1355.2426199400545
1355.2434828290993
1355.2444169731787
1355.2448926133395
1355.2452888940422
1355.2454144870476
1355.245560345912
1355.2458222386556
1355.24733659517
1355.2474420851695
1355.247861852391
1355.2491617417454
1355.2492288388335
1355.2499397469442
1355.251147888951
1355.2561425943763
1355.2583320829765
1355.2583579050797
1355.2586536767672
1355.2603530408637
1355.2629465417617
1355.2634166315631
1355.2640381684091
1355.2649215926228
1355.2659242247262
1355.2666794920794
1355.2678227662639
1355.2715972116553
1355.278211957243
1355.282940984182
1355.284763336529
1355.285235029539
1355.2859763999147
1355.28875143961
1355.2912536580577
1355.2941112574265
1355.295968832311
1355.297616473956
1355.3027956233236
1355.3071983283905
1355.3075792010172
1355.3092171712594
1355.3093317738299
1355.3108778435928
1355.3144633332354
1355.3153997698848
1355.3162562767773
1355.3183364519323
1355.3204287782587
1355.3217886133434
1355.3226434862136
1355.3238312101028
1355.323994264727
1355.3254600033304
1355.3279708366517
1355.3292812845657
1355.3307386197814
1355.3316880973875
1355.3326501370834
1355.3356285847535
1355.3369065904387
1355.3384134450373
1355.3394237248924
1355.3405150182953
1355.3444589525045
1355.3485018409674
1355.351090680484
1355.3531128576192
1355.354236833309
1355.3548242930513
1355.3552505083323
1355.3580105051171
1355.3592036527468
1355.3593379078395
1355.360569288946
1355.3629435041755
1355.3639370255428
1355.3640198091764
1355.3640516597682
1355.364409620069
1355.3644185913765
1355.3645179511434
1355.3663649716489
1355.3684695070508
1355.3697032503992
1355.3710914743388
1355.3767958615967
1355.3834571505336
1355.3855090795232
1355.3872257327037
1355.3873455950234
1355.3875396055364
1355.3888599061634
1355.3896195021089
1355.390484018985
1355.3912698200863
1355.3919454221837
1355.393883304307
1355.3943866916552
1355.3954238931174
1355.3962457816144
1355.396518873313
1355.3967247320427
1355.3973582596811
1355.399036822789
1355.399396010914
1355.4009101093977
1355.402696989194
1355.4028072799363
1355.4033690011738
1355.4039037487905
1355.4075526499032
1355.4089766947225
1355.4098936537496
1355.4132149624663
1355.4180745572007
1355.4206435048104
1355.4240705216043
1355.425920913072
1355.4274960302726
1355.4309701353268
1355.4380191895168
1355.4419898111198
1355.4424336615227
1355.4436094495697
1355.4453966744018
1355.4467561598813
1355.4483395296338
1355.4483534224528
1355.4484405536275
1355.449779255226
1355.4541661142994
1355.4562414679983
1355.4583309131822
1355.459650898192
1355.4607327882272
1355.461691979522
1355.4617583517309
1355.4626008092666
1355.4633682787346
1355.4664747442644
1355.4706789332931
1355.473312855361
1355.4747057724476
1355.4752080374178
1355.476110183701
1355.4763104013555
1355.4782869586056
1355.4797003833255
1355.4804575163078
1355.4812535490444
1355.482967097719
1355.4860141639167
1355.4881682332705
1355.489443191715
1355.4902601051722
1355.490372414705
1355.4908251402553
1355.4921868824883
1355.4925008956398
1355.4939839606568
1355.4977572640464
1355.5000579785967
1355.5023971647527
1355.504658936126
1355.506417738951
1355.5065735992873
1355.506581232144
1355.5087699314934
1355.509992646707
1355.5101964196251
1355.5105413421452
1355.51152223951
1355.5141093482805
1355.5180209442283
1355.5209572282054
1355.5227890984377
1355.5241603507807
1355.5242146166945
1355.5260840022625
1355.5269756042012
1355.5274011777078
1355.5299834141708
1355.5306273504366
1355.5343620775402
1355.5369484625646
1355.537890057607
1355.5389754314424
1355.5393892552977
1355.5404875539487
1355.5447067933353
1355.5495411498212
1355.5530033255839
1355.5531405746292
1355.5551717205442
1355.5567659732183
1355.558057941238
1355.559566333284
1355.5601099292085
1355.5604937584424
1355.5609932382763
1355.5615800553105
1355.5620338560636
1355.563109294071
1355.5642944705353
1355.5647634013676
1355.5667942618504
1355.5726066611371
1355.5770209683485
1355.5776695239101
1355.5800567875988
1355.5827773659437
1355.5840918561937
1355.5842043255232
1355.5848995988003
1355.5855719679198
1355.5872314241265
1355.5893011695239
1355.59092413268
1355.5922764180261
1355.5932604016014
1355.5969128678767
1355.6012381181515
1355.6032043043886
1355.6046020050385
1355.6053913784876
1355.6059145193578
1355.6073034605297
1355.6102548041617
1355.610731699727
1355.6119048905553
1355.6146308411107
1355.616183923764
1355.6180059556539
1355.6187492650633
1355.6193856484497
1355.6207053937178
1355.6254356313116
1355.6291393535278
1355.6305752820736
1355.6305940421503
1355.6328824680988
1355.633444282037
1355.6343061252282
1355.6360417527583
1355.6361528993748
1355.636812833068
1355.6411379266308
1355.6470590113295
1355.6512723073422
1355.6514615777164
1355.6534448174093
1355.6549757350285
1355.6575990158005
1355.6594307100622
1355.6595253247574
1355.660303028863
1355.6632094899182
1355.6651308934092
1355.6660070817477
1355.6678650222877
1355.6688368445948
1355.6691036161099
1355.6707562423542
1355.6719970616296
1355.6732925495467
1355.6744777023835
1355.6750549298356
1355.6757905957772
1355.6775712398023
1355.6838237618028
1355.688470354558
1355.688849465954
1355.6916941677214
1355.694583480889
1355.6966690269992
1355.6984290733
1355.69948949773
1355.7018747579743
1355.7043938689787
1355.7082628706746
1355.7089282762595
1355.7093394848312
1355.711281593891
1355.7115571288994
1355.7115684313305
1355.7123777333397
1355.7149155654265
1355.7172840529704
1355.7194155026514
1355.7203501252109
1355.721291541563
1355.7217269067526
1355.7235051726473
1355.7240779836625
1355.7250911400158
1355.7267134974018
1355.7272982787063
1355.7279102584366
1355.7280290580863
1355.7296483000064
1355.7322863002287
1355.7345834374128
1355.735914420109
1355.7368748583758
1355.7382065822744
1355.7397846489882
1355.7411794952593
1355.7413280210649
1355.745085979141
1355.747017098565
1355.7471835041408
1355.747203318517
1355.7472397430024
1355.7487024229667
1355.7489936247348
1355.749707647572
1355.7509063914265
1355.7524817324297
1355.7540179652176
1355.7544608007843
1355.7565980734053
1355.7602745807471
1355.7640576992585
1355.7654922533607
1355.7667425994211
1355.7676366035296
1355.7685038599682
1355.771835863385
1355.776068232647
1355.7790431904089
1355.782368334314
1355.784125293593
1355.7844430951438
1355.787855783506
1355.7920253789298
1355.7972021312146
1355.8036232333634
1355.8038879366256
1355.805784416038
1355.8076345864074
1355.8089699175594
1355.8104160931923
1355.8125996203048
1355.8166323933556
1355.82004351325
1355.822981414646
1355.8246785245894
1355.8257147186932
1355.8257205054654
1355.8269406354618
1355.8293992892293
1355.830271939519
1355.8316588459504
1355.836790488907
1355.8404591950782
1355.8430648890142
1355.8445873553535
1355.8466003578394
1355.848305307417
1355.852211488577
1355.855881419041
1355.8591682967656
1355.8597147178407
1355.8640554827607
1355.8683289765486
1355.8703230529172
1355.8706554802825
1355.8706787723997
1355.8717397946934
1355.8720653708922
1355.873156036529
1355.8759096819776
1355.8790220899778
1355.8814708686311
1355.88359842716
1355.8850748979949
1355.8873268760349
1355.88985658012
1355.8902812976046
1355.8913404977316
1355.892697291592
1355.8946398570447
1355.8983991623488
1355.9039965846043
1355.908526876689
1355.9106781761122
1355.9134733460987
1355.9162953846799
1355.9196288519656
1355.9198517013083
1355.9225212672695
1355.925662406626
1355.9274840478488
1355.9288854608203
1355.9293394139943
1355.9314711483794
1355.933107608517
1355.9334944874392
1355.9363936329705
1355.9394808305929
1355.9402248741076
1355.9434416218428
1355.951616576251
1355.9600363847708
1355.9673135563967
1355.9718447177622
1355.9735440968143
1355.974565304135
1355.9772518411412
1355.9817710458235
1355.9869143290682
1355.9904096849796
1355.9912177057467
1355.994191786543
1356.0001137011147
1356.007309140296
1356.010008149857
1356.0118863252599
1356.0157115830016
1356.0174536199563
1356.0196192828857
1356.021012486894
1356.0219242263722
1356.024375871933
1356.0247417466715
1356.0247711904944
1356.024970500882
1356.0250516939534
1356.025475160325
1356.0276601579517
1356.0299339388666
1356.032071280723
1356.0341791125675
1356.0361098220706
1356.0365808014724
1356.0375182745206
1356.0393105282515
1356.0406623082833
1356.0419795633202
1356.043165372223
1356.0441852704319
1356.0458685008025
1356.0488648906662
1356.051161641918
1356.05210145936
1356.0531470437047
1356.058437766015
1356.0647271480198
1356.0693952235993
1356.074443879959
1356.0791286236672
1356.0832179705646
1356.0844186197912
1356.0850634365738
1356.0895987494578
1356.0946699612955
1356.098927604637
1356.1010532602706
1356.1024391854749
1356.1037774834745
1356.1055681672933
1356.1069133004353
1356.1074164996376
1356.1078332067884
1356.1100743431775
1356.113935904605
1356.116078186763
1356.118423321885
1356.1215486036394
1356.1273786073498
1356.133117214403
1356.135815779651
1356.1370446549197
1356.1404091671614
1356.142854610114
1356.1430656489972
1356.1439842724271
1356.1465284609214
1356.1510420781078
1356.1553782578878
1356.1610715510794
1356.1640485859514
1356.1640903028406
1356.1642437854998
1356.1643490006957
1356.1646889601966
1356.1671094691667
1356.1694022613087
1356.1706824602525
1356.1716613830904
1356.1725394589193
1356.1745431901413
1356.1760532871601
1356.1769357887504
1356.1788489338612
1356.1797058700345
1356.180672605437
1356.1820490795255
1356.1832940442794
1356.1839705215875
1356.1859232450117
1356.1880187577576
1356.1887223044876
1356.191656457817
1356.193848041688
1356.1943028545688
1356.1944940035062
1356.1945641820714
1356.1947732403614
1356.1961296461643
1356.1972705641208
1356.1985795878518
1356.1989702893652
1356.2000474025767
1356.2005446874073
1356.2038712858584
1356.2113103247898
1356.2206705143644
1356.2326477115412
1356.241653031624
1356.2453705289493
1356.245745783651
1356.2470229194323
1356.250344864186
1356.2547564797662
1356.2579488379645
1356.2581953279214
1356.2599785373766
1356.2603093971738
1356.264070171036
1356.2671747721345
1356.2711701835456
1356.2733747398918
1356.2737523967235
1356.273938887945
1356.2739596420274
1356.2753433087278
1356.281248308805
1356.290035756053
1356.2948072493946
1356.2975777625181
1356.2998174783875
1356.3012333561137
1356.3024455961684
1356.302883488341
1356.3031759802084
1356.305380152494
1356.310062699975
1356.311523718942
1356.312657490692
1356.31359358154
1356.3143913731508
1356.3155050297953
1356.316488795356
1356.318568458391
1356.3204093130703
1356.3225928215338
1356.3229031472868
1356.3247380079426
1356.325716536656
1356.3260214057575
1356.327626086304
1356.327865241978
1356.3297914960465
1356.3325874334441
1356.3364018262946
1356.3385617938575
1356.338632653382
1356.3395478772318
1356.3403308868665
1356.3404688051844
1356.342184952766
1356.34257225508
1356.343486691151
1356.346225761424
1356.3500793020057
1356.3535921827481
1356.3560933993724
1356.359337973895
1356.3633304433731
1356.3676551866831
1356.3710205501045
1356.3726037495053
1356.3733844057572
1356.3734989390296
1356.3739880445958
1356.3786942786276
1356.385350072691
1356.3890895109346
1356.3908749079262
1356.393261547864
1356.3976303633424
1356.402506151689
1356.4053942437788
1356.4087799039544
1356.4139654524554
1356.4186996086398
1356.4235746702225
1356.4244724475682
1356.4246588431386
1356.4262439323857
1356.4284954008886
1356.4287391002156
1356.4294719792092
1356.4304025422364
1356.43119958351
1356.4313583718251
1356.4331076833112
1356.4359826379884
1356.4396951778979
1356.4435145619632
1356.4465508106828
1356.4484570275345
1356.4490610284606
1356.4522781870905
1356.4582672391714
1356.461087418552
1356.4624129370513
1356.463920173548
1356.4656347721318
1356.465827379802
1356.4667652157104
1356.467649575759
1356.4702172806622
1356.471723636603
1356.4733683481036
1356.4788201924637
1356.4828597059236
1356.485726128099
1356.489963886088
1356.4918455713107
1356.4934271108182
1356.495053560085
1356.4960026435022
1356.4985169265915
1356.501779828551
1356.5044736669695
1356.510071849551
1356.5119926088319
1356.512571945861
1356.5128539685245
1356.5149751030995
1356.5171308166332
1356.519822076816
1356.5219290469388
1356.5257710108801
1356.529450697387
1356.5307415764069
1356.5325957699642
1356.5330439811983
1356.5348845518733
1356.5398468355638
1356.5468164046385
1356.556127771239
1356.561693969927
1356.564646586543
1356.5656696628505
1356.5670570230195
1356.5672077731142
1356.57062435914
1356.5737825810481
1356.577225633604
1356.5804661418726
1356.5823035358017
1356.5827546893227
1356.5848773371333
1356.5867937853182
1356.5876571270778
1356.587910627657
1356.5906229404711
1356.5910639707356
1356.591153258573
1356.5911661152466
1356.594442249708
1356.5992824228608
1356.6046277070689
1356.605984135702
1356.6065285677082
1356.6068836305813
1356.6101095905447
1356.6129136512077
1356.613256802042
1356.6140127881754
1356.617302115751
1356.6204954514328
1356.6219909553415
1356.6230979422858
1356.6247513314606
1356.626273689475
1356.626303420774
1356.6267284159649
1356.6269743456576
1356.6278474206113
1356.6286308070025
1356.6295567349143
1356.6308081940606
1356.632814001815
1356.634687825697
1356.6349972356936
1356.637501974519
1356.6405171436977
1356.64229005438
1356.6442101893183
1356.644510052351
1356.6455879117093
1356.6459622439047
1356.6468395974593
1356.6474232501766
1356.650039138346
1356.6522063559512
1356.6538448734368
1356.6542398795057
1356.6554443261887
1356.6563131781056
1356.6564960782139
1356.65733291908
1356.6583013842178
1356.6595648283
1356.6626350296635
1356.665576248622
1356.6658610733664
1356.6683961436981
1356.6737966281094
1356.6752764031744
1356.6753273999727
1356.6761353247116
1356.6766467831987
1356.677087123935
1356.678077422701
1356.6782087307668
1356.6785279513165
1356.6797587607994
1356.6805491485195
1356.6808058598804
1356.683825648037
1356.6894289598013
1356.6937468655476
1356.698987988223
1356.701024678775
1356.701059461171
1356.7023725634747
1356.702473326837
1356.7025015152917
1356.703758807375
1356.7085504413972
1356.7120593843854
1356.713047661863
1356.7152367455105
1356.7191162589359
1356.7212639528188
1356.721313004595
1356.7229200187478
1356.724119984071
1356.724329062561
1356.725210286434
1356.7265918785827
1356.7291532952386
1356.7298122844575
1356.7310514548901
1356.7323251521893
1356.7367282552002
1356.7375792510825
1356.7395852418676
1356.743969068193
1356.7468247661225
1356.7480817571309
1356.7486209160413
1356.7489290196645
1356.749295171803
1356.7532421201272
1356.7585312001797
1356.7614070650543
1356.7642050608422
1356.7649610721487
1356.7650887246257
1356.7664736920785
1356.767249987964
1356.7681638079257
1356.7698068953491
1356.7701385098626
1356.7710704072877
1356.771870676063
1356.7742734330857
1356.7777771247952
1356.7841692149084
1356.789840379015
1356.7931467685407
1356.7947457431958
1356.7957598873263
1356.798197894704
1356.8011418731667
1356.8029749807315
1356.8037456369136
1356.8041748807518
1356.8042973757201
1356.8043074560462
1356.8059297476248
1356.8080594948735
1356.8100451020123
1356.8119428292152
1356.8122641572122
1356.8125333410137
1356.814411291244
1356.8178396880617
1356.8216133135115
1356.8233016490242
1356.825636509499
1356.8275910820394
1356.8296113052807
1356.8296281078538
1356.8320382821587
1356.8368996281347
1356.8397820695136
1356.8430601656646
1356.8455893812034
1356.8478538400439
1356.8479963824059
1356.8483221775546
1356.8485725728258
1356.8489202603328
1356.8496144128399
1356.851418613617
1356.854069088772
1356.8550872862563
1356.8562413488876
1356.859347536207
1356.8643194620925
1356.8683692321563
1356.8733312204054
1356.8758668178718
1356.8770201466602
1356.8806899647768
1356.8842048623312
1356.8850825020174
1356.8865526020304
1356.8873208287798
1356.8882630435983
1356.8885082004915
1356.8891144825839
1356.891440845651
1356.8929805324249
1356.894166287058
1356.8950983838502
1356.895805425733
1356.896371844954
1356.8964112705326
1356.898044576334
1356.8993056326997
1356.89942501748
1356.8999229493973
1356.9003378453199
1356.9013719538584
1356.9016750945007
1356.9018548204292
1356.9019050560958
1356.9036242902775
1356.9046282208667
1356.905968424692
1356.9062797910112
1356.906786577835
1356.9073937333933
1356.9076914320829
1356.9090041414136
1356.9104907064639
1356.9131398677307
1356.9168696901577
1356.919692159331
1356.920620111581
1356.9218868610453
1356.9246875028946
1356.9272233867962
1356.9283850944166
1356.9292414918946
1356.930000604866
1356.932108672018
1356.9346791108214
1356.9371181400138
1356.9397294761513
1356.9420649053309
1356.946174057671
1356.9502858226872
1356.9535604310297
1356.95398288491
1356.9543312093397
1356.954755734608
1356.955068617876
1356.9552520604389
1356.9559890074938
1356.9569721072385
1356.958917762879
1356.9633015919062
1356.9702858132
1356.974477234379
1356.9748160817942
1356.9780138431684
1356.9801046545156
1356.9819573281356
1356.982839300421
1356.9852259242703
1356.987557521735
1356.9911144222524
1356.9923768575864
1356.9933867796901
1356.9971454705117
1357.000533662744
1357.0015933734933
1357.0040376128259
1357.0080945884542
1357.0131054134556
1357.0162005443615
1357.0187765227408
1357.0208261659145
1357.0208868582365
1357.0209086187829
1357.021230845829
1357.021907318525
1357.0225441218472
1357.0234581131267
1357.0266862187352
1357.0303343517755
1357.0320148421633
1357.032971509803
1357.0358673451453
1357.0362474159288
1357.0362679959223
1357.0363783809796
1357.0379937529901
1357.040263002466
1357.0413608462957
1357.0421316244187
1357.0440878322302
1357.0465097589956
1357.0501297319895
1357.0524945446102
1357.053439474748
1357.0540702051196
1357.0545095510681
1357.0550806768476
1357.0556007448158
1357.0561432787028
1357.0563348175538
1357.056395910544
1357.0569600770925
1357.0573163856975
1357.0574165258213
1357.0589379917521
1357.0607444273498
1357.0608486494368
1357.064783818075
1357.0698357836457
1357.074755643364
1357.078595739515
1357.081411012175
1357.0844783455425
1357.0887710166178
1357.0919959964428
1357.0954232517538
1357.0965001007994
1357.0966492032396
1357.0976682507946
1357.0985602035873
1357.100173547024
1357.1023092015857
1357.1057828427959
1357.10975640357
1357.1113926483183
1357.1122141699232
1357.1148638109034
1357.116669910579
1357.1171919597234
1357.11941807461
1357.12119339562
1357.1232872958497
1357.1256124751371
1357.1283807575644
1357.1306145205972
1357.1335243617732
1357.1354341507622
1357.13594277481
1357.1364609114535
1357.1372124347627
1357.1390640871816
1357.139670532963
1357.1401378650742
1357.1406873901874
1357.140983568887
1357.1412855981685
1357.1415974194126
1357.1434515773817
1357.1441391852695
1357.1450896360896
1357.1466148676009
1357.1474709847064
1357.1500541881571
1357.1569471376822
1357.164544096534
1357.1743808663737
1357.1834035336678
1357.1881699892338
1357.1888111770456
1357.1937686185859
1357.1974965868897
1357.2009884707572
1357.2034086485794
1357.2057470028233
1357.2072605799858
1357.2080987564436
1357.2092674832754
1357.212335954673
1357.21642487535
1357.2165438492998
1357.2194901859684
1357.2224719909893
1357.2233795587504
1357.2247021425135
1357.2260564002736
1357.227541452404
1357.2286149476206
1357.2289830492157
1357.2293823309774
1357.2296081442898
1357.2326507894713
1357.237747630934
1357.2413357732048
1357.2420118362986
1357.2436812905262
1357.2438443843835
1357.2446540628468
1357.2455907110989
1357.2466316009634
1357.247423920365
1357.2477592395442
1357.2509379589283
1357.254738875081
1357.254836464595
1357.256194445356
1357.2567429522305
1357.2576012602426
1357.2585566381413
1357.259497206864
1357.2595447583615
1357.260827947924
1357.2630847204814
1357.2655372833676
1357.268423075452
1357.269740611561
1357.2709758256408
1357.2724027995546
1357.2737173586831
1357.273924244225
1357.2741079127486
1357.2746547852685
1357.2760999088787
1357.2776234835324
1357.2787470194098
1357.2794222864752
1357.279443605167
1357.2795343050173
1357.2801471249904
1357.2809670605063
1357.2817099530373
1357.282324363023
1357.283156501641
1357.284125685083
1357.2843926688
1357.2849266677265
1357.2865540555467
1357.286578573856
1357.28961686271
1357.2955134172564
1357.2973173614196
1357.2975351394437
1357.2978937619846
1357.2992450808656
1357.3021630344133
1357.3045261882414
1357.307330182937
1357.310215018359
1357.311302853802
1357.3119572862254
1357.3137361447946
1357.3187715896222
1357.327346388403
1357.3324826971655
1357.3338865564376
1357.3353863785283
1357.3368756350026
1357.3372021440068
1357.3374758005075
1357.3385193551958
1357.340530192165
1357.3416384788454
1357.3431930519137
1357.347468553597
1357.3503693515383
1357.352170853735
1357.3541748448492
1357.3573621749356
1357.3585888792086
1357.3590747583362
1357.3609528616057
1357.3645205193188
1357.36750043345
1357.3678844940707
1357.369000528187
1357.371359876065
1357.3735520476648
1357.3749706025303
1357.3758891165066
1357.3762598529781
1357.376698718939
1357.3781790899811
1357.3801395555506
1357.384947100567
1357.3880297046494
1357.3881362943976
1357.3889477074192
1357.3900765858548
1357.3915361792856
1357.3931006977054
1357.3937340909904
1357.397103409724
1357.3983436564465
1357.398793028897
1357.3999760469635
1357.40133274845
1357.4045269411306
1357.4079738709154
1357.410638093638
1357.4120305350361
1357.4139060005107
1357.4155020733099
1357.4200436236356
1357.4232289328218
1357.424108980952
1357.4265380348581
1357.4305682821882
1357.432994941483
1357.433919177908
1357.4349058460907
1357.4358296262697
1357.436168412139
1357.4366271656356
1357.4367644630422
1357.4367719846134
1357.4375259694896
1357.440479031783
1357.4425127929205
1357.442833887327
1357.4466857359348
1357.4507334208067
1357.4509465888664
1357.4529373574385
1357.455567705929
1357.4581751564288
1357.4585215777288
1357.4599232656917
1357.461988752955
1357.4630698925139
1357.46381989565
1357.464254012717
1357.4647842793875
1357.4661407531482
1357.469039527848
1357.472246912779
1357.4737636513348
1357.475607154344
1357.4778937432202
1357.4804020364177
1357.4818766120825
1357.4822202000075
1357.482265647959
1357.4826153368406
1357.4841073342266
1357.4885589531054
1357.4946211813083
1357.4970838694903
1357.4986213780167
1357.4990090201377
1357.5019382935677
1357.5051266462906
1357.5066069066231
1357.507650484277
1357.508221746326
1357.5105818029144
1357.513446120342
1357.5170991750367
1357.5207369389695
1357.5238580988541
1357.5249536450488
1357.5268325068955
1357.531890047782
1357.5365526094179
1357.5375726849513
1357.5400253873465
1357.5424217021227
1357.5435482574385
1357.5441317554917
1357.5447450195816
1357.5457098602149
1357.5465161976522
1357.5470672188567
1357.5505606982908
1357.5541841707932
1357.5596055808028
1357.5605937741384
1357.5613604914627
1357.5617544428096
1357.563191488326
1357.5658261950307
1357.5684897691244
1357.5711498345195
1357.5729759537162
1357.5744100777822
1357.5745718526764
1357.577871981373
1357.5862105991464
1357.5921636523267
1357.5990556323043
1357.603940167038
1357.6063899542849
1357.6074934242818
1357.6097924680291
1357.6130283717741
1357.6151344705547
1357.6164950805419
1357.6175845283328
1357.6198346495096
1357.6229176453357
1357.6265245217935
1357.6305471767828
1357.6365821637953
1357.638051870972
1357.6387025159113
1357.638856874443
