0.02384951599539907
0.052537981432662
0.07452193516054545
0.08643383729733078
0.088918577710482
0.09120623953471534
0.09329668084066661
0.10078836986414197
0.10334777924763669
0.10334859974564878
0.1033500484311376
0.10335073183501288
0.10335114112701282
0.10375010641363885
0.11174615631212287
0.12974589152220814
0.1533365723786339
0.18206855487043733
0.21226076638529193
0.24168721257759057
0.2702983928234209
0.29884551058734204
0.3261377410612853
0.353704914084533
0.3813944547938705
0.4094321706532044
0.4375621647641145
0.46556985448073696
0.4934429993851443
0.5229080191621642
0.5494930235188306
0.5732676842338656
0.5945781411453144
0.6158154822153925
0.6328966015790012
0.6598290611995762
0.6801672235477086
0.705480425467591
0.7306638627310774
0.7573964177128716
0.7839946915810821
0.8129475899185791
0.8393046269367902
0.8663918266634311
0.8943516969556374
0.9224406433318352
0.9500223641403124
0.9798440144033234
1.0095405576938137
1.0390074854466416
1.0673462772992195
1.0956365091682179
1.1183594156738081
1.1461680429693915
1.1692885211630581
1.192091439496292
1.2154580482702708
1.2423655162352434
1.2716402962636768
1.30160431798879
1.3315096898214536
1.3615206387779166
1.3916550198338469
1.4218369978778247
1.4519896408052113
1.4814066152363332
1.5104734123947177
1.5400848134265621
1.5699881358506718
1.5938767191872876
1.623850186198539
1.6539505813619304
1.6841588331405795
1.7143053616610673
1.7443291014189914
1.7742628958031497
1.8039018170703391
1.8287396868150847
1.8544200211999509
1.8817437004246178
1.9115319987181338
1.9414339723032714
1.9713288684138233
2.0011859949256263
2.031017086016011
2.0609193202330474
2.0909411884916334
2.1209859094758667
2.1509111056847066
2.180878282504935
2.2108465194880846
2.2408135604706807
2.2707715830390143
2.300686961843341
2.3307081364311144
2.360851627275773
2.391047195544147
2.421146216588926
2.451256872826743
2.475339965986642
2.5054511492636307
2.535510363205376
2.5653533361349186
2.5941052634292183
2.621987593746806
2.64949743941912
2.6792124459411077
2.7076034076254643
2.7308209514400152
2.753578511281859
2.7759620003146144
2.7958219484558353
2.8168893194726112
2.8376533969567848
2.860679983972018
2.8853121876471337
2.912572807133056
2.9400382814174932
2.9672594471806977
2.994339010973475
3.0213402060920376
3.0431589694054137
3.0787394523071456
3.1083402717033506
3.1321120834446656
3.1617732551563402
3.191635433508504
3.2214057146828563
3.250767399340899
3.2792218653072096
3.3075676759221713
3.3374031551131425
3.367385723341386
3.3974273520132448
3.42748556042063
3.457539666942801
3.4876291655775513
3.517702700653911
3.5477817149117428
3.5778950449055467
3.6080200776201243
3.6380687851263307
3.6680917235505994
3.698119198128735
3.726927925655639
3.7558403092393666
3.7831218036685526
3.8087825908379345
3.8330694967829975
3.851945523553028
3.8680881159159513
3.892004749719097
3.9172774219169173
3.9461048466614352
3.9759668054448594
4.005901159976306
4.0356631752089385
4.062443596921608
4.090164102506683
4.118674577999445
4.146742794760358
4.1748233019628245
4.2047687669053735
4.234512519299279
4.2643491142662056
4.293029349226781
4.320890432155184
4.346181964627132
4.371951567909066
4.401046096779146
4.430403836834825
4.459970495063922
4.48517538649343
4.512535728896934
4.540735678044167
4.564733903710061
4.594689994471294
4.624625766002549
4.654680882125928
4.684765529626783
4.714181528505228
4.742596371638157
4.771236656111319
4.80059056236841
4.829143448664575
4.85830454996025
4.888293615904119
4.918192851648793
4.948019600872942
4.977829627263013
5.007407447821401
5.036237576834129
5.06580832911633
5.094495403377521
5.121800452817469
5.147235539547375
5.16988964661742
5.191436368829028
5.2127685231395295
5.237254746755589
5.261225733772274
5.285393032900396
5.311868309059083
5.3415124205470335
5.371471922522724
5.3955030897392176
5.425567188909331
5.455510712092464
5.485414289274809
5.51544096819527
5.545587091627893
5.575567872105257
5.601640573763858
5.623703499836595
5.6411911701335695
5.656652857696985
5.671678282866783
5.695406633686329
5.720159457461524
5.738245945380215
5.757773761027731
5.781949273132755
5.808690145107589
5.838388838066167
5.86844540521606
5.896803493102154
5.920505412323468
5.941062170483308
5.962819293280521
5.982578550200794
6.0028600431174475
6.0167157847671655
6.036250874695597
6.062206715689562
6.088956134806187
6.115569398673002
6.142039441549223
6.169582686254955
6.197513931198969
6.22512638366314
6.252942917498545
6.28218476701344
6.308011282617053
6.328396390776461
6.35156937066478
6.374519666599178
6.397234504322496
6.420236717800162
6.443971896347409
6.465227054650474
6.485872952231256
6.5073624741349185
6.531003537690367
6.55216077053696
6.571391763631891
6.592931888562672
6.612424638648743
6.635386835672808
6.66295266721772
6.6927713926690835
6.7190432344466835
6.744470715194725
6.765424412208332
6.786065395247188
6.80657456390689
6.827173559645365
6.849949138935223
6.873267170334114
6.896720730548944
6.920299354589168
6.943464950680807
6.969350873181704
6.997915868728887
7.026350821407264
7.0549274446362045
7.084692399163929
7.114512000604141
7.14447935108906
7.1745371083396865
7.2024765947941845
7.2299675202929246
7.260036340807949
7.2898168427682775
7.3138679590739715
7.34381835942154
7.373639864075596
7.403373607940017
7.43315420807443
7.463055152482674
7.493090367806886
7.522477925223864
7.55132980293085
7.578608662530396
7.599071468047461
7.618229400323026
7.6403243620488315
7.663088635968201
7.68520808289815
7.709158985357765
7.731333614071203
7.7552031351036
7.775077375782633
7.802993719252446
7.82059852253903
7.844543784735402
7.872066523311038
7.9008924871630954
7.92984585555063
7.959719666050803
7.989643715385541
8.019675941699411
8.049731461992165
8.079796157436286
8.10974337368829
8.13892976853879
8.166694962612846
8.196517142788512
8.225746319344793
8.251271463323585
8.27668593042418
8.300155173340906
8.321558841131429
8.344460549352094
8.369824020326943
8.39926822909014
8.427499622652418
8.45483878279761
8.478649272953612
8.508655456887828
8.538753907230792
8.568837757629304
8.59887555780374
8.628446545070707
8.65584786679061
8.683170439044083
8.709060216950844
8.730724855846436
8.7491870202289
8.770600570701651
8.797217116588513
8.822501747950042
8.84496525777603
8.869993464200014
8.895169934893039
8.917372272685895
8.947251990540364
8.98318644166324
9.00707496575285
9.036589298718749
9.066614532616722
9.09347096409767
9.116806096756282
9.142632013673612
9.168223484612055
9.192278935585405
9.218993036232977
9.247625489613347
9.277613963436105
9.307362623160257
9.337327333886972
9.366859941952947
9.395729454179648
9.42575660846657
9.455775355476515
9.482389972538678
9.506886678640578
9.534700733556399
9.564206970977192
9.586600344300688
9.617249724918594
9.63769435217324
9.661007154272568
9.687497610305753
9.716964301239068
9.746614510368474
9.77635175510701
9.806269312397443
9.836210306152008
9.866073140317736
9.895082573462314
9.924702274015742
9.95312334652287
9.982999070471912
10.010553737223166
10.031397896623945
10.050714955497734
10.06962437178105
10.088770794193437
10.104981606082871
10.134494759021482
10.163056163099032
10.18714468018242
10.217161839764605
10.246499079736562
10.275171033481458
10.301974804115263
10.329622703201386
10.35864239086917
10.388671467137922
10.41746032327405
10.446958984084864
10.477009422409939
10.50712906733173
10.537295282831604
10.567439092629657
10.597549958263022
10.627706638676264
10.657372891931608
10.684756978749368
10.709534094239812
10.733824673216136
10.756447104739637
10.786318870420846
10.816125806035387
10.846159467766904
10.876217639545192
10.906237342031298
10.936243392948773
10.96619940182495
10.996142650166087
11.026111085831403
11.050097916541855
11.080161408544805
11.108507547904983
11.134437000619426
11.162739810261828
11.192442776810587
11.222274272022258
11.251814378720331
11.277485596906832
11.304176062863917
11.330451596684789
11.359704690030025
11.389616844761155
11.419492211487011
11.449424931667492
11.47937214733647
11.509400957105495
11.539406794046592
11.569450712788607
11.599506685724302
11.629032427669266
11.658562967609866
11.681510065994063
11.708385699770032
11.73793578998981
11.773662780769815
11.794722196154993
11.820390842260867
11.847163001151833
11.870546888993358
11.894574746556907
11.920372496750492
11.946185929138498
11.971633205660028
11.996218830371987
12.017407935283167
12.03392539055183
12.052780543626353
12.07317953273222
12.089351095746125
12.108026824046204
12.129156677247673
12.150614304506906
12.17321176595592
12.193833717165152
12.218577832429883
12.247472369897327
12.277565517814109
12.306265239289937
12.329434432077596
12.35066778174766
12.370927149183418
12.38725201078867
12.40756460702607
12.430581840029625
12.454570521104388
12.479807042394985
12.50797128628572
12.536884427656704
12.560822426544295
12.590699682299936
12.620596773738699
12.649273926796003
12.677446281497598
12.706867877106957
12.736826448565493
12.76676548335326
12.792129387690716
12.818339048778807
12.843437480994186
12.871189069442845
12.89721238574195
12.926685500338381
12.956604854836431
12.986567643268462
13.01655362127836
13.046558872453954
13.076555837794636
13.100537771097313
13.136400988978233
13.16611316859554
13.189038356916182
13.217620138810826
13.24762844199206
13.277711330678205
13.307800217047669
13.337759738081925
13.36534394657293
13.388085778741024
13.41266881646966
13.435958950390157
13.459492102732174
13.480938990368458
13.503648181638484
13.525907595829038
13.550683897114446
13.57730501060151
13.605702275604626
13.6335955345628
13.663262482165262
13.69325163851404
13.720050988940255
13.743110869479288
13.770247760829472
13.799184326433718
13.828643781375677
13.850686635480761
13.87977584478358
13.904069800676359
13.928374566388863
13.955357304074786
13.985112174775166
14.00987067942763
14.02830559843367
14.048746040994455
14.068376464787386
14.084685693543763
14.107031330262062
14.130916773254548
14.15337056709023
14.170993132022796
14.198145541728067
14.22635145352419
14.253639610792328
14.282330143985828
14.309701775523488
14.331742169043137
14.354216507123235
14.381804745552833
14.403203358875029
14.42561054851332
14.44432848209359
14.470482741911473
14.498848098667185
14.528753483034386
14.558768974607698
14.588125297267155
14.61572302169088
14.64312379498094
14.667816693482537
14.693476693155693
14.719820879756888
14.747754154721129
14.771644429364606
14.789283170903683
14.813154480911727
14.837631649170033
14.863466186219304
14.886756532361149
14.91081975882826
14.936372156513123
14.96393766556349
14.989888860077194
15.016298958542642
15.040571376708332
15.06431414533171
15.087900615242825
15.108608234664128
15.129642607279626
15.153158629050223
15.176017594457628
15.195313786445011
15.212821708786231
15.228973745571492
15.24864798874716
15.274353475845754
15.302560447795946
15.3304456329281
15.350680091081628
15.373490895463762
15.399879659768478
15.429812335462294
15.459781342307373
15.489781769251493
15.519366334675022
15.54778805602367
15.575829167274943
15.60389146400883
15.629992444167918
15.654782329912857
15.67956991730571
15.70513101074748
15.726239645938923
15.75469656454416
15.782494815661302
15.812406493697527
15.842371334201179
15.868906832125933
15.897685475858813
15.927639828749694
15.956052656090268
15.98352238176929
16.010460922585096
16.0393859989466
16.067568286723894
16.09413429686172
16.117912108987074
16.142338068257246
16.168150167450616
16.193897799329303
16.221610914581856
16.251201926125507
16.279562645821443
16.30777695361193
16.33612090419
16.364581099521537
16.39371882672781
16.417087769803196
16.443134715271707
16.470214155630604
16.496116646164886
16.52061915497778
16.545571292099567
16.574346694609535
16.60272441245552
16.629837604154154
16.657578540197825
16.685206074409148
16.712706285440365
16.740977590349562
16.770467026533968
16.799919298514638
16.828794405153825
16.855671448130995
16.88190725676919
16.90800825573409
16.93383461797587
16.955129306047656
16.98381490593806
17.01370988797809
17.04364452101396
17.072424002677163
17.10071567035657
17.12961577449579
17.15881105031636
17.187223265998117
17.214810394736574
17.24484717440086
17.274855491802867
17.304797218960434
17.33478030291278
17.364766172059046
17.394734968977847
17.42471208265558
17.45467203149144
17.478638212385736
17.50864761885929
17.538617261741756
17.568604084049362
17.5985320708641
17.628422212030205
17.65829371655549
17.688111592223212
17.717897875056845
17.747215977326704
17.7749412926734
17.7984000039914
17.821760250211696
17.845274875775615
17.871792070259385
17.897487441641978
17.917101902441953
17.93233395611305
17.953919187584
17.97686083808346
18.003675048836165
18.023595496727076
18.042599711089686
18.06196525986084
18.081403705163982
18.10684649839677
18.134659440237055
18.16422002431873
18.194213770387424
18.22416774460047
18.254083885138257
18.283966740820155
18.313744273600932
18.3435559162227
18.372565814581634
18.401521087890906
18.42543968449145
18.45398273891772
18.47829619945622
18.502985707314515
18.529214176087763
18.55825794631765
18.587326155412388
18.616871464590663
18.646645365424064
18.676553473048994
18.706483619927795
18.732605573708184
18.74902001547264
18.75596924089889
18.756032909421634
18.763351845856604
18.778410915698494
18.79546185801222
18.822925414087564
18.84068584706415
18.865469506970694
18.890595754882174
18.916068075697943
18.9451719937392
18.97526769857331
19.004331625902473
19.034431875548673
19.06452253939413
19.094499484373387
19.12433646227614
19.15414542451574
19.178097095829916
19.214178826287814
19.2382636581239
19.26823610651077
19.29826645861492
19.327096957240702
19.35184092495419
19.375082544803043
19.398415568453014
19.42152050622741
19.44311638346667
19.46135994007604
19.482493325430816
19.506454869530412
19.531563768518073
19.55609884193295
19.576478291381406
19.603814084404856
19.631682911011968
19.660616458804846
19.68897579845132
19.71510130077102
19.740417687481642
19.76362520061104
19.789051785573506
19.817890122205892
19.84779990674694
19.877607852564466
19.906630214481147
19.934258006221153
19.96370328531544
19.993164654247707
20.02277076917494
20.05183850293813
20.07924861233669
20.10780774848218
20.137670862166985
20.167476083294975
20.197218860626958
20.22706037259529
20.25702923864548
20.286959820098087
20.31684061201503
20.34669611636127
20.370549489672346
20.406282503836703
20.429734092371366
20.459426140614458
20.48924416376841
20.5190927036253
20.547702246098286
20.57627858320162
20.603896506911717
20.627820417581507
20.64900690969261
20.66932080802824
20.687834029327707
20.71039586140798
20.736197228976703
20.762711408113436
20.79104017431261
20.818436953369734
20.840410743746784
20.856293011373303
20.869975822012442
20.886431782880283
20.901720106900065
20.91832707949056
20.934601127599876
20.947878003890473
20.959173772610946
20.963869131036926
20.973189690002197
20.9866305869475
20.99644159229532
21.016473924307164
21.034260298666055
21.04904721893316
21.063618164907613
21.07535471724565
21.093244555707333
21.113796512377295
21.128782576914926
21.147705309072407
21.167383743420437
21.18820409285417
21.209740144282286
21.231332344755067
21.24986766514574
21.261288208215078
21.272820388826354
21.28251743728299
21.292447042236113
21.30462195788026
21.314012635019278
21.322175211296575
21.333544477617856
21.34713407932726
21.36132465698884
21.37909320330531
21.392821610367406
21.404865387445565
21.41638390209718
21.42731337316197
21.442051854148975
21.45904239492019
21.482106548053682
21.50435984853787
21.519952251833686
21.537891867699972
21.55870993486802
21.57965158731443
21.613424385534497
21.642898205430335
21.6719698583331
21.694970504467452
21.72478279205721
21.754583474913154
21.781728095105162
21.809834205542113
21.835867614103442
21.857490249970837
21.878158127402756
21.897400648500955
21.916564931731614
21.935600444582168
21.95373431483141
21.97383799350609
21.994985996724793
22.01342050577471
22.032132223428153
22.052580380436932
22.074117992039177
22.09564742028871
22.117137987030784
22.136223490970032
22.1543944781837
22.173680119923986
22.19842561746203
22.22338064356466
22.248459359956673
22.273513040464586
22.298910491596672
22.324485149266458
22.348337809784333
22.37132526044672
22.394268624083704
22.418340825673052
22.444705188202228
22.4730727929474
22.502024208857474
22.525275566812972
22.55310382993113
22.572376540390216
22.58822012134645
22.605106654649845
22.62999841177545
22.657172262439616
22.683017819432077
22.704744809460905
22.72801121843922
22.75698482982014
22.7869507911265
22.815448920794413
22.844018651601782
22.872406091506697
22.90202249825968
22.930790166374962
22.95468865925032
22.98100770361013
23.010905921509433
23.039100334661544
23.064650166182606
23.085488268917747
23.106123722878955
23.129146776571815
23.157364833163154
23.185548522736582
23.215283434047382
23.245122542163138
23.27508095472561
23.305006045373393
23.33387308874892
23.359609519563616
23.385163885375775
23.405062015894686
23.424305102405626
23.441187300784538
23.46180214532327
23.481700534551706
23.501578144629768
23.519051374834326
23.53509861964652
23.55167609327121
23.56761060802938
23.584337561753344
23.599878993163944
23.614250907583706
23.6299171483472
23.646297654913038
23.654192752000103
23.656996535437784
23.66622544191867
23.679701039192324
23.693526428535552
23.709574103601568
23.7333020283498
23.76187600940823
23.79165702045952
23.82154287386638
23.851429050004572
23.8738016903541
23.90022763864781
23.922407635129307
23.947966364390123
23.975578663050808
24.003292554744164
24.031506724139312
24.059858850712985
24.08922721617469
24.118673074590653
24.148259042148826
24.17811863749262
24.208226498525217
24.238233788737237
24.2673183184919
24.296046126661697
24.325908921667303
24.355845240554874
24.385741159860554
24.414733056989235
24.444511320182105
24.47428738590617
24.50197749701673
24.527373028606842
24.55083117961071
24.574273234073715
24.596955215978863
24.62557383404964
24.655440587076445
24.68129052238391
24.704752047795722
24.73370279340204
24.76364961390418
24.793621779675426
24.823061921433684
24.847135200179256
24.868445294550572
24.8853099669092
24.905725647351435
24.91943761672811
24.931894816091557
24.943102253246945
24.957775615014715
24.974331486010534
24.995433865472684
25.014784602970273
25.029689046151482
25.044391602282943
25.05848016268676
25.07595241689171
25.08915543400461
25.09588552723444
25.101474836137793
25.1102649438184
25.127127884020894
25.15165221634456
25.17916009410043
25.207131001014957
25.234174039997455
25.262204823649043
25.285581384130584
25.30819664121363
25.334300300093954
25.360400227315413
25.38442820972625
25.40856452786429
25.431407998276516
25.451121733872434
25.469161529897356
25.489236292369622
25.5159157315978
25.544882228534426
25.56851487540766
25.598197522387938
25.629872404047365
25.64955281765112
25.67826461620503
25.70775807545508
25.733442863886133
25.763181161306072
25.793057643753876
25.822999919476015
25.852932628920584
25.882818395705897
25.912669041994597
25.94246993935648
25.969602641889413
25.99255627084623
26.007910390943504
26.022557700109203
26.037341492838344
26.05003827099319
26.061908686535595
26.079253135514676
26.09828997797842
26.115419733892374
26.132626771475213
26.147177045043343
26.15907180048527
26.171369698656918
26.18532544552243
26.20469337566224
26.22358747529107
26.23910517553695
26.25322911324572
26.276532876432228
26.299241935790484
26.32898648626693
26.358881281102718
26.388852891107497
26.418750654223913
26.447476229756052
26.468823217973863
26.484913143999147
26.504204125161344
26.528642307624235
26.552110925931284
26.579281177768276
26.602685091836424
26.62746250154126
26.655269759274123
26.68513144836696
26.715032658474463
26.74492632738161
26.77150339741533
26.79618119426726
26.81571636774989
26.830229441052172
26.842611317027337
26.857431917510805
26.874459466451995
26.894656758988766
26.91535722870696
26.933434346741244
26.956325586393064
26.9795545997764
27.00394947829284
27.03159592551531
27.061336072143664
27.091043178461014
27.12079183232992
27.150694687492646
27.179739038088492
27.208311500327287
27.23517437961637
27.261187763823823
27.289837571222566
27.319766650914804
27.349666179340428
27.379581877095887
27.409549966026873
27.439516079425886
27.46955081021738
27.493586022492096
27.523637148385298
27.553658891919994
27.583701786813425
27.61373301134335
27.643781884319353
27.673365938715488
27.702573323922064
27.731253052896527
27.758512678857347
27.785192155788824
27.808587398751637
27.827639025550948
27.84268139939178
27.861722852668407
27.8818470680301
27.907663170034446
27.934146041852852
27.96076470237762
27.98795536272014
28.017819353682604
28.047736213131614
28.07769290556646
28.107379117310796
28.13398923268015
28.159668256628933
28.184767360641544
28.207937090085835
28.2284917035614
28.24321874171837
28.257539885076085
28.266383855327273
28.279505210804228
28.29900419762924
28.319863789400646
28.335557503368396
28.35115875012013
28.365527474134417
28.38410220653432
28.404064072058127
28.42603055573787
28.447430307114878
28.47076403193433
28.49648548115799
28.524889265600788
28.549044476769343
28.57924716822445
28.61243220366738
28.632692941123775
28.655074367462632
28.674204829095846
28.693868008162912
28.712754400203384
28.733916744629546
28.75835948682558
28.78734782681404
28.8163022940689
28.842997229442513
28.870825723601328
28.8987972148546
28.92170446166886
28.94531593468103
28.970329775545835
28.997728427607303
29.025346985340168
29.0474222709455
29.07635142121678
29.106298262897635
29.13628810646822
29.165935964466716
29.195043619366327
29.22500753507043
29.25489843559667
29.283763196673586
29.312231073586737
29.341360989713642
29.366813398674427
29.389456485731866
29.41399047057299
29.43345942277817
29.459827329893116
29.489745955375955
29.517081292099455
29.54083156612021
29.560684904358364
29.586757788638913
29.612368029257514
29.634243962772118
29.6622346016663
29.690957341507765
29.714939790497574
29.740598063443844
29.766373505562747
29.792380704989505
29.821225030214936
29.85121952356813
29.88122223976032
29.911233191619868
29.936535763072495
29.95713570340219
29.982334346410806
30.01209278581765
30.04214535272193
30.072206804884406
30.096214168637886
30.126173658421298
30.15600613539269
30.18574831668033
30.215532736317073
30.245462681946748
30.275430419963183
30.305611957870337
30.33578358971578
30.365926539606672
30.395944579918137
30.424366223966146
30.450010552781123
30.476790651323363
30.50576764716126
30.5251212938827
30.547837636388476
30.569211501890734
30.596148701774982
30.625820170393258
30.65521959224149
30.683080881466758
30.7093940626543
30.732165476988136
30.758447582733467
30.788206983827834
30.816986238165406
30.846853424937542
30.876845722138025
30.906753589584543
30.936655282420915
30.960601487787216
30.990595263826282
31.02068675218398
31.05070646373532
31.080601106050818
31.109730685225983
31.13844239840689
31.16583512727738
31.194340925672858
31.224276468740058
31.25422727338538
31.284235100600554
31.314285783530874
31.3443719465802
31.373921958187914
31.402733092242663
31.431596356324953
31.461554436874103
31.490936000793365
31.520982355117198
31.544925803115195
31.573159324604852
31.59940388616625
31.625663460380355
31.64962785626421
31.669123024324968
31.689225832489303
31.71484365037108
31.7430523098394
31.77103259989248
31.79972190166035
31.828657337682753
31.858616327968868
31.888547959621683
31.918504344444237
31.948503680149244
31.97846860126374
32.00836421099651
32.038348387041204
32.062335699888855
32.091898563753354
32.120985448990595
32.1506553411516
32.18061463133365
32.210629409280436
32.24037572978629
32.266355515783516
32.29386106616613
32.32380660331244
32.35368876380821
32.383387689831906
32.41330372213986
32.44333231183552
32.47335561342231
32.50341480158633
32.53344879538281
32.56349617583446
32.592553052375855
32.622561583717726
32.65254873815196
32.68255921334074
32.71172081108374
32.73414762344071
32.75715511003655
32.78507759086357
32.813900989229445
32.8375741447417
32.867345684716106
32.89725016567053
32.927287826113364
32.957403121248554
32.987426222482846
33.01739994330156
33.04342741047871
33.06125795888511
33.07419525574134
33.0882956975694
33.10848773826219
33.13625444018722
33.165317946208376
33.19328060033985
33.222323319583715
33.25141999533045
33.28089120461007
33.310462792954105
33.34035857300743
33.37044586269031
33.400430928501265
33.43035065284564
33.460345960797255
33.490325608878614
33.52030488553662
33.5502774508294
33.58029177434324
33.607787908421095
33.630478852878205
33.64875963906718
33.670334370741905
33.690912736694365
33.715852850339346
33.74483322072092
33.77874289712543
33.80105465748202
33.825806225181346
33.85002065182122
33.875326868709465
33.90151365242552
33.92960219030343
33.95956163775107
33.989548006806345
34.018247485574214
34.04476056597241
34.06340386963553
34.08177161680751
34.10367734648964
34.13018006591664
34.153421593518246
34.17748707481199
34.20713441423576
34.23639844286994
34.265830851946525
34.29560340872651
34.32476937045279
34.35008883002041
34.37481802851469
34.39725034566699
34.42170118201922
34.44858355326906
34.47328570427281
34.50046726075435
34.53046889528765
34.55451971163592
34.5845454673709
34.61450997872778
34.64450651141988
34.67453571728666
34.7045545999185
34.733444602850255
34.76133730827391
34.788635094766605
34.81744429095299
34.84358889135835
34.872059273050056
34.90192234151327
34.93078214262168
34.95640985266942
34.98239718676931
35.00924231980003
35.03298296890434
35.05978814681739
35.08965150644656
35.11926630034272
35.14685922825227
35.17456239830786
35.199794030123016
35.225579946143576
35.25395273685698
35.28341031531407
35.306132859044375
35.32910461517463
35.356089645547755
35.38339529472725
35.4087738209033
35.427629090572324
35.451320417704395
35.47548997304034
35.503318793959636
35.53319956632587
35.5623008979681
35.592201034318514
35.62196646402425
35.65159017159376
35.681224887442454
35.71097821641337
35.74087837605192
35.77091177710553
35.80106671620281
35.82970681940529
35.8587042651335
35.888761907660815
35.91898184993207
35.94770861212632
35.975476478178514
36.003434966667754
36.02609089809769
36.05608737758851
36.08608648362687
36.116270228714356
36.14646467320163
36.17661367909435
36.20681900852038
36.23700372064208
36.267070493477334
36.29700610246539
36.326799291564335
36.35656217332225
36.38606377404423
36.415904897240864
36.44553750205831
36.47320677006225
36.49594979109745
36.51868049785784
36.54415327901443
36.56520000378761
36.59461170092591
36.62961767770354
36.65352693661048
36.683061213010205
36.7124709737031
36.741897482032606
36.770211185871986
36.798541538103215
36.82815183866538
36.85251743519822
36.87761338555274
36.907392381258454
36.93735494691997
36.967319616403636
36.99723328328836
37.027188317955485
37.05721166797159
37.08718575752037
37.11714071219882
37.14713719956956
37.171201622516676
37.20126095738469
37.23126149848031
37.261253813592816
37.29133588850758
37.321351753577375
37.35123234915359
37.38090180142307
37.40918575020699
37.43710805576267
37.464499000965255
37.49053490121225
37.51855482778284
37.547764750889606
37.57762293134654
37.607545149257234
37.63156810580379
37.66157495732754
37.69146012560253
37.721271954058444
37.751098420750324
37.78096899759721
37.81097692317446
37.83791868410482
37.864439069251716
37.89102671802246
37.91905455139824
37.94872080818612
37.97872630939005
38.00873362779748
38.03866484194074
38.068700608987825
38.09859043023098
38.12430201210538
38.14797350446738
38.17348851000631
38.19946062903163
38.22856709554023
38.24952026305621
38.27574695658192
38.30974808347228
38.339692051549314
38.36373713843385
38.393810089832755
38.423820887265336
38.45328581770042
38.47778879569634
38.50340135632274
38.533189096936965
38.56320833868186
38.59310101429017
38.62306060393086
38.653082143353885
38.68311512032283
38.712716831069145
38.7411457391355
38.769913868557296
38.79639437408481
38.8208164419786
38.84916869426787
38.87903806793468
38.909201104705474
38.939260717294424
38.969243216636684
38.993239527802714
39.02926153443544
39.053282338135276
39.08338764608329
39.1135770008477
39.14369706044679
39.17375428917635
39.20382908147072
39.23396408355661
39.264057001195695
39.294104682799016
39.323982715328135
39.35367154052103
39.38158936322448
39.410016404508454
39.437839324353774
39.46368253475003
39.487769957547926
39.50909025752169
39.53432420167101
39.56302946498962
39.59269223976667
39.616267705611335
39.6520598530568
39.681114978374914
39.71008729486392
39.73978727468331
39.76363374359159
39.793485872463634
39.82164331935747
39.84697815465256
39.873206708930525
39.90270107885829
39.932536440044125
39.962508507712435
