0.023297233659731874
0.05304715686232461
0.0788931983000681
0.08287471612553157
0.08645616154371757
0.08963753334310179
0.0983606776625318
0.10203182691770062
0.10265824417329777
0.1026585087429414
0.10265895909900234
0.1026593079223725
0.10295206902414618
0.10811297040001266
0.11794616469197158
0.13227244945776134
0.152716230209749
0.17677913156802333
0.19779845750274955
0.22741501452925836
0.2571206611385058
0.2868227451499161
0.3154706907470137
0.34153424808059274
0.37119889292903374
0.4011314734008722
0.4292504712287696
0.4488822157086789
0.4749499075916685
0.5031428318569483
0.5318981055649327
0.5604246179640006
0.5903798500027996
0.6203266913068847
0.6443366170575057
0.6743542253353938
0.704409143372486
0.7344505425905914
0.7645054030192336
0.7944772896302158
0.8232818261051303
0.8420770195015125
0.8631707551046846
0.8813325637888693
0.9007014163131588
0.9222709220865738
0.9409136451389998
0.9606388147539272
0.9759505104039299
0.999436193971768
1.0218420941588968
1.0468275006887693
1.0763532982990298
1.1051624835749005
1.1343106386160178
1.1578920841564977
1.1866793301407637
1.2112081393776217
1.2391626534480142
1.2686622434859327
1.2985252409408927
1.3205300678804994
1.3487493802658765
1.3784930521464644
1.4084381587691308
1.4381317018045965
1.4678499563948528
1.4917043666585772
1.5216590425604282
1.5507675194670656
1.5782246111706286
1.6079867930967024
1.637739948976637
1.6674360481871904
1.6972390991869253
1.7272047692122738
1.757344378340826
1.7814099993201964
1.8114852927995138
1.8415218083369314
1.8715086200921527
1.9005166191559033
1.928292215136285
1.9521743673297136
1.9822212838373683
2.012222366089121
2.0422387202523655
2.072228393020534
2.102216231814901
2.1321709237890776
2.162148905263863
2.1861309901982633
2.2161015260279093
2.2460666155992492
2.275958936032072
2.3058434021227514
2.335813100805683
2.365114568408947
2.3891144397478707
2.4190780855179628
2.4484093369522837
2.475632768428291
2.5050947141463094
2.535119054268109
2.565087190857137
2.5949924787964735
2.6248478925017285
2.650361397155274
2.676747605775072
2.7036004431765384
2.720398772180739
2.7433075648553293
2.7663398633062233
2.7908787324314823
2.814854380069899
2.835316585737887
2.8504437047241047
2.864373439192359
2.8764130466020106
2.8897410717617027
2.9093727867356938
2.926595511229135
2.9441221025967232
2.9655042789982407
2.9850614157405846
3.004218498857639
3.0224361598076896
3.0439878463358148
3.065486676762854
3.0948951650865237
3.1249109039850005
3.154943869712811
3.184637790685255
3.213212323355005
3.24234859481959
3.2708449695463955
3.300186772983639
3.330085250943297
3.351696937356675
3.3744177431637494
3.3964750663946983
3.421135378304485
3.4476146407522745
3.473758766706112
3.5035125829069447
3.5319297481742895
3.554182585632497
3.586216413927067
3.606689154524703
3.6330622542313407
3.6620121943198556
3.6917478837327673
3.721690968885539
3.7514913410368553
3.7814458570956884
3.8113524920207396
3.835174260033398
3.8618384481050896
3.888412298147008
3.9162451790204424
3.9431100174849893
3.9718115410896826
4.000215936940363
4.02390566178327
4.042686430419015
4.064681792444092
4.085285469334306
4.105060281138487
4.1257700720744985
4.148692078403218
4.176947300945661
4.203015805214546
4.227303566545363
4.253967261935313
4.277867889838514
4.307822043750816
4.337542442580435
4.367029471948979
4.396994005604807
4.426983266067055
4.4569491552908085
4.486927612141461
4.510889320546178
4.540877862082921
4.570847293782236
4.60085310398475
4.630836939833259
4.66084466969408
4.690883922658111
4.720898178609002
4.750934978164182
4.774467468272793
4.804475486197474
4.8344725316657104
4.864505288686952
4.8945400708863
4.924577993497368
4.954658531309685
4.978693198303786
5.008696210538206
5.03863754757204
5.067885445513722
5.096337785109958
5.126330446978755
5.152442364038701
5.1723976636737685
5.1970204838474094
5.225685658700486
5.255621140650147
5.285619419801232
5.315585126720271
5.345597014465101
5.369626435428576
5.399613511573139
5.429609916394864
5.459234798877365
5.488047034074593
5.515057601191154
5.534288483117094
5.556076565380016
5.577858180139366
5.599951518787438
5.625465921900517
5.653172751123258
5.682490641573277
5.708864790446294
5.737835982865634
5.7616612300777925
5.791090493335371
5.8209717386707
5.849139944853326
5.8775472163143405
5.907537077714132
5.937356341537039
5.965397508454678
5.992534455572007
6.015902835522801
6.045203190317342
6.071413326304782
6.09925670774343
6.1292446602804525
6.158670689247056
6.179859859557844
6.208504092217362
6.235077863401221
6.262536061698751
6.288821594076953
6.317209785670066
6.3398035860260045
6.369084034148819
6.3991441756636664
6.429227155754446
6.4592881989781805
6.489370135294535
6.519440665204094
6.549498384478005
6.573531021312294
6.603563668551928
6.63354835032987
6.663529958083781
6.6934946383599465
6.723415054458239
6.747371794450698
6.777403620712189
6.807412490496549
6.837406737282248
6.86325052132748
6.8884653190072065
6.9106220463606975
6.931966840319896
6.956768262935142
6.981896627838099
7.010246132783623
7.0343459422649905
7.064566263903459
7.09476397604831
7.124842951672674
7.154320413961391
7.184056896733361
7.208223399067048
7.238331845048084
7.267985056506474
7.295225106680592
7.3194014550584905
7.343891379506552
7.3612585694897
7.383101698691765
7.408067928246022
7.435027734275243
7.464921102635507
7.494886441761672
7.5247446771164475
7.554217647428935
7.583207157799643
7.612756795088676
7.642191105614838
7.6654405963714325
7.689628663709454
7.7149488486870235
7.743732615283667
7.773521997685257
7.8035857835198845
7.831645128973833
7.857003604927373
7.881340081660927
7.9046402619468825
7.9224276251884485
7.946788064579304
7.975243529288552
8.004803235414668
8.034699534932056
8.064664376100465
8.094700450363623
8.124659791554084
8.154676284374169
8.184693225237735
8.208747021755135
8.237922710483765
8.264435475615514
8.288911070477816
8.316158829881964
8.344322827423133
8.371633375104842
8.398638340290667
8.423575066532726
8.449970647204786
8.472974005069183
8.503144012542244
8.53319320369638
8.563196757601185
8.593185541482846
8.623077766275323
8.652993849536383
8.682795710877098
8.712533724064052
8.736268643720887
8.765980300313323
8.795840982859605
8.825802700227507
8.855833681185405
8.885827518802264
8.915833745078345
8.945786648497768
8.975812923941076
9.005948746231075
9.030015200536038
9.06002085142742
9.090003231746756
9.11998595420542
9.149964861898189
9.179968374705142
9.209997550255224
9.240081175342649
9.270211502296828
9.300304547327197
9.324356691636284
9.35447137731028
9.3845605688155
9.41463507196441
9.444623041358124
9.474008606523494
9.499566807260043
9.52681238082322
9.552478346635837
9.572283733081733
9.601192802629177
9.629622942669558
9.655474722323762
9.681007013669161
9.702552648387377
9.724594511977301
9.751128283963029
9.777601710519239
9.80277276057785
