0.03002933439055999
0.054063329162161694
0.08174898792081618
0.0970170353484598
0.10225052371019593
0.10426696326379131
0.1058833142503159
0.10968874178523798
0.11041559197836176
0.11041638093236558
0.11041674391577022
0.11041787030410213
0.11041935544679332
0.11085896554231618
0.11905770955929042
0.13725924531904524
0.15742506931007963
0.18724486772062765
0.21731051810916718
0.24737681759131114
0.2773821503050018
0.3013888239662886
0.3314503566744652
0.36153454661538426
0.3899335830731001
0.41873947296813985
0.44874415646300486
0.47266158859731355
0.5025780589831426
0.5325470679266726
0.5626140294986334
0.5926941962715234
0.6227516961956716
0.6528199313246204
0.6768976391151843
0.7070205424362377
0.7356249889999453
0.763791903628098
0.7914815178392698
0.8198015496260709
0.8472638101708754
0.8729982394089713
0.9003789009549136
0.9235350150426652
0.953437090273004
0.982302399601267
1.0115836579578592
1.0338072084844299
1.0587514305566335
1.0859641677692302
1.1158252505065513
1.1456423981553496
1.1750976934329564
1.1990283614227353
1.2290000847504647
1.2590533734264182
1.283028796732973
1.3129417221478297
1.3428412708052946
1.372768609035464
1.4011643161857728
1.421847246510566
1.4496416295165808
1.4794840372305624
1.509302285935453
1.5389842806308218
1.5626747377881278
1.5922741318740354
1.6218766972136884
1.6515344314385967
1.6811836223472172
1.7108659408136484
1.7392721358001912
1.7592862736929107
1.7862397145433202
1.808416585057326
1.8276957785506884
1.8498387130034206
1.871028743244753
1.8897021017878037
1.9147491481172734
1.9419712656247683
1.9673484432130948
1.9933822189270318
2.0229499030094322
2.052004343441915
2.0819802700209933
2.111897522113651
2.1357924584284684
2.164886777882692
2.1936923669327397
2.2207141780993584
2.246589138881636
2.27572632193125
2.305390907067214
2.3291772492173117
2.3588788038852773
2.388525441030108
2.4181675894257366
2.447947024328591
2.4778626120221334
2.5077970618308485
2.537756367767203
2.561483888144591
2.5911011697450443
2.621018092539572
2.650956522680366
2.6809339331463424
2.70762556490475
2.7333139994315863
2.7622023225277017
2.786125608139396
2.816039922563746
2.84598455683839
2.873754054003275
2.9021827985002253
2.9259486390481886
2.955937327509588
2.9860006066577456
3.0141028988632708
3.0414580506136977
3.0648725201363587
3.094822831987083
3.1248045413681846
3.154641580376772
3.1842928015783727
3.207798347667289
3.233797361821819
3.258395604759574
3.2809562325685597
3.30012883747674
3.3209118563303397
3.342637096228678
3.3624431182170182
3.3828220944329557
3.412552890738524
3.441184829479321
3.4657013627560533
3.4840070340152494
3.5048510931367285
3.527481744741211
3.5510687381411454
3.576979317736137
3.600034040364293
3.627515627037228
3.6561196727215246
3.685611639697992
3.7152369545600124
3.7449732068367814
3.7750224861569
3.798991963057539
3.8259987349913835
3.851850925154102
3.877587709438676
3.9031248494914585
3.9271707437213226
3.946185447696598
3.9698946276489924
3.9937028344334315
4.017512462598723
4.041454086907387
4.060825777164587
4.0879680762023565
4.115623684424652
4.143713689964599
4.171717476915004
4.197426797119893
4.22164130804175
4.245170509575099
4.26404111265902
4.280890968448172
4.304948268098612
4.33182928433685
4.357280245604973
4.383852669575364
4.41106214936826
4.434781519876654
4.459205424502384
4.481011883817383
4.508102138383336
4.534838602913558
4.562682530858438
4.58753968729088
4.613176324703877
4.641265114171355
4.665241102838399
4.695016950126267
4.724866770176684
4.754844149864701
4.784778631768897
4.813277436741611
4.83412831836224
4.8582839407659
4.881301636442568
4.904260369230971
4.928339741808668
4.953209066060342
4.978232940686266
5.00632462686193
5.036215249227323
5.066201893786833
5.096208592996892
5.1261769531405745
5.156114383659547
5.180075865805591
5.209055723096463
5.234964955565537
5.25953196524515
5.285998729175721
5.313501325674026
5.343422061653651
5.373414637702827
5.4034098961965205
5.433427934245112
5.463415095271294
5.493414034578409
5.523463123149662
5.553487952529863
5.583481414717701
5.606889749427931
5.635813889347157
5.663995023573822
5.693931844508483
5.723880323953191
5.747866919791562
5.7779220274010825
5.807945109818029
5.837969036621461
5.86801404987878
5.8981226821511985
5.921240143386555
5.955815839302901
5.978929968096348
6.007784474910444
6.034772206274947
6.056651680223319
6.078310982958131
6.101798173845236
6.12665102414196
6.150127285614622
6.176505798369451
6.203717796917394
6.222895943096845
6.247600064346159
6.2733941807937805
6.299584949135057
6.326647880197528
6.353246289561947
6.38066742671875
6.410272464523034
6.439498086168354
6.461127765121222
6.486195290826487
6.511161372781656
6.536912173909283
6.564043955166462
6.593851413842812
6.623595926631107
6.653463878466328
6.6770642838298135
6.70697332245138
6.736973214718063
6.766985877823982
6.7969955275966
6.825908325899257
6.854700574323484
6.884678838497135
6.908646896926327
6.9386312409736135
6.968630014047683
6.9986727587615825
7.0287277799821535
7.058584513646078
7.088405033447299
7.1186560514005075
7.145364920747272
7.174473611904859
7.198319827609247
7.22832320494856
7.258298931125712
7.288305619747556
7.318388669521304
7.348464477034589
7.378503961487693
7.408527114541865
7.438501011337841
7.462451867649515
7.49230120527689
7.522234977360699
7.552175549681064
7.582152116338028
7.612243649721875
7.642329645361878
7.666346813266866
7.694714088706887
7.722826806115986
7.752839978103372
7.782897107824862
7.812885638631212
7.842885207304575
7.872839182486947
7.896734734628117
7.926594317541947
7.956425711136098
7.986312476872179
8.016302567723123
8.046300116753638
8.076330886740088
8.100350510037098
8.130199645852379
8.15913479418029
8.188267202031396
8.217957359357378
8.246171725434982
8.271956701603564
8.292310209207658
8.312938059449804
8.331181295988792
8.356086469597972
8.377351741081922
8.401452853234318
8.427726417726356
8.457327505917421
8.48729647522878
8.511305698370606
8.541331281077618
8.571262209565822
8.600329158331256
8.626391409937456
8.653070730715534
8.681915301280137
8.711840013488928
8.735833361136345
8.765794234138001
8.79548658310418
8.822863064586029
