7.6476263266340725,-0.42191763098236673
7.667638172706306,-0.40144778133335096
7.686470160978311,-0.38093156003951617
7.695365372854864,-0.3708088466354031
7.697774501356561,-0.36801084130743655
7.6999109771423955,-0.36550617928892104
7.703376674215676,-0.3613873293166226
7.7075256285122435,-0.3563185097274999
7.707884533112159,-0.3558634989631773
7.707883062906468,-0.3558646752794899
7.707884366774901,-0.3558645949428544
7.707884129351771,-0.3558638669041372
7.70788395787226,-0.35586437064573906
7.709367719461385,-0.35398090342754807
7.716790320586764,-0.3445558918359529
7.730400614732758,-0.3272767429041533
7.74764101915528,-0.30594793399298065
7.767198336044367,-0.2837106309163807
7.787154617752255,-0.2625536613145507
7.802853754109472,-0.24602706134423497
7.822422380407218,-0.22523334211706356
7.840717487092345,-0.2065631772325043
7.859111813461831,-0.18779047543599883
7.877376917077667,-0.168756722713691
7.895109954362132,-0.149674013009109
7.911077556178983,-0.13185540225966075
7.925128547294456,-0.11565456646823555
7.94355742178317,-0.09427112134140453
7.961245880599413,-0.07471208391416544
7.980974079300026,-0.05377385238922549
8.001829317152936,-0.032180297065701614
8.023014521907578,-0.010921622417447862
8.044821834963631,0.009686282095578225
8.065953461506,0.0282861187405362
8.088531267050463,0.04709664599618025
8.111312547292282,0.06473045225691543
8.128545616211216,0.07733066995724865
8.148389810353141,0.09041470563727828
8.168972867441406,0.10280916256088407
8.18912516130469,0.11398795431134755
8.210551015201194,0.12526916983282343
8.232258469049551,0.13564448088404768
8.24858523750464,0.1426691871440868
8.26988601523845,0.15134120129401396
8.295321027545311,0.16196207336352875
8.320329772054645,0.17312710106975954
8.345199024667162,0.18473527982698856
8.364855664689355,0.19405082250752612
8.39051467999364,0.20599024844396308
8.417188620523547,0.2192214040454814
8.442784295480278,0.23303477651245558
8.466771835692414,0.24718600388750875
8.490312176838735,0.2628410175360042
8.512774108313934,0.27955817147548845
8.530931757764868,0.2942938340912714
8.543804755699004,0.3060826816427315
8.55765712378586,0.3207074003733994
8.569354376865249,0.33514667145838695
8.58157729233698,0.351872174662552
8.59511899571465,0.3699311325428848
8.613276777030599,0.39173304241629747
8.632726228049052,0.4123910154921383
8.647591032853914,0.42680953383023185
8.665266178323819,0.4436371019550642
8.680595428094216,0.4594303614947789
8.690817820236404,0.47173943528061596
8.702680035309125,0.4881699124420959
8.716993283130481,0.5097645036318256
8.733078525912886,0.5350119430979255
8.74817334758859,0.5608086578803948
8.758944491682664,0.5821179480653561
8.77062566938776,0.6095908044925226
8.779935019376797,0.6379300807200698
8.787082436573801,0.6669391482032928
8.792451643053207,0.6963230696343062
8.795921929994332,0.7260046211667276
8.798019498517192,0.7558713219433731
8.799493008186767,0.785830159079987
8.801928368200832,0.8158505075883989
8.806757118986122,0.8455810330122758
8.81229178546453,0.873288075161168
8.817839016807914,0.9005124318648652
8.822775654900896,0.9231622049163201
8.829657230534147,0.9518449802558506
8.83724030003221,0.9808843481071192
8.844788476175694,1.00989244666762
8.851233277635197,1.0372149969195898
8.85669515327109,1.0627923816077136
8.862461587077322,1.089364168605169
8.8678042868233,1.115506687823106
8.872498259261828,1.1432285648139977
8.875800421526543,1.1669677031641128
8.87972850664614,1.1963141343313395
8.883329505372892,1.2224786692256675
8.886631188624497,1.246788304451036
8.89016427357992,1.2687961518230166
8.89389415629031,1.2868023778022628
8.89868392707728,1.3067315132925257
8.903105843370605,1.3238988212953164
8.908373406111117,1.3436254664098688
8.914546613375702,1.3658288836110957
8.920740851214351,1.3855276196905835
8.929380935291576,1.4093956229388376
8.939744725482797,1.4348730017684215
8.948843721607846,1.4563980072841716
8.957017474078873,1.474859760621205
8.965854372114592,1.4944728166084245
8.975531920046981,1.5153516833824041
8.985345231187344,1.536699383859802
8.992142735245624,1.5530529795669896
8.998920966876106,1.573462615420982
9.003540101173668,1.5918645441852324
9.006935261308943,1.6100596252274715
9.010275374925373,1.6332349132184012
9.01317970604736,1.659840647742445
9.015588446750298,1.6859457736254684
9.018655600148186,1.7138210308792547
9.022264088398616,1.7400940799554843
9.026507996045579,1.762227659679764
9.031156492164284,1.7805767503450645
9.037365487496794,1.8010566327829467
9.04443609978503,1.820868036299175
9.052269275736009,1.8403576930760135
9.059584525145748,1.8574451779907544
9.067448193087298,1.875766567013258
9.078343169472308,1.8998148964834587
9.090124823700021,1.9247759023649655
9.102176112708083,1.9511015316285618
9.113139796927982,1.9771842242103248
9.121280215809763,1.9971803170332905
9.130601968797203,2.0202531689382175
9.140575044726667,2.046247928144769
9.15031754948026,2.07455685937835
9.159353465514505,2.1031294749573246
9.168035516686581,2.131820065045323
9.176360573148726,2.1606083009834602
9.182632849070416,2.1837490593741222
9.189674563138322,2.2128334548071567
9.196056014067262,2.242129307815669
9.202318018778241,2.271458503036968
9.208214372540832,2.3008392320185305
9.213477714235147,2.330317561179921
9.217658330189332,2.3599398144395196
9.220414744244241,2.3897222088288097
9.222054352407238,2.419628096013749
9.223322305317724,2.449618143396593
9.225094042242183,2.4795829068301964
9.226361135102415,2.503506155135821
9.226615157645035,2.5333917440687026
9.225665324341808,2.563352121041262
9.22523778737436,2.5934462015756683
9.227012710335053,2.6234320928757304
9.230525624808584,2.653033241346099
9.233969423498825,2.674079597320791
9.239515905638328,2.7001660490928487
9.246274965779321,2.725028750343707
9.253483891420238,2.7482006126877945
9.261635514059826,2.772235848490889
9.271676262508535,2.798728079907531
9.282464073821254,2.8251149749261137
9.290062607218191,2.843045581827683
9.30041373772271,2.867046315078079
9.310949506177938,2.8909183790002766
9.320782728401351,2.9112768847953028
9.333109679386292,2.9342126717661787
9.347938384226522,2.960126628708449
9.362286240364023,2.9856125626263292
9.375372892752981,3.011018146925219
9.385096621869854,3.032731270721129
9.395188720927605,3.060457745917615
9.402723622892111,3.088078946224601
9.408495890582229,3.1155689596325167
9.412986527786304,3.144660026979035
9.415280597858274,3.174291897082215
9.415027740742097,3.204160661319591
9.41379585663879,3.234141144905256
9.413241717440407,3.2581791291146187
9.413825348699847,3.2864189364471534
9.416047812677665,3.310730003808074
9.419236761305005,3.3352274292626958
9.421887774098517,3.359893020972821
9.42295495238132,3.3861328905133297
9.42309961015418,3.4147011577776203
9.423491769155447,3.438658282048201
9.424878426957132,3.468689811520254
9.427170103388374,3.4986135245506964
9.429595546346858,3.528405857211282
9.43104384698473,3.5579168288755496
9.432040763013413,3.5878387446198134
9.433755134990465,3.611855863426389
9.436898083086822,3.6417267338678276
9.44041855053966,3.671518444213928
9.443604211702741,3.701316528361815
9.446231870224182,3.731164590888784
9.448413914089457,3.7610719768625125
9.450311840309006,3.7909889876615077
9.452138654240784,3.8209330792814877
9.453301397905529,3.844027810081171
9.453905966449112,3.8735703549125198
9.45410684918153,3.9028439610736982
9.453616496028197,3.930809591344146
9.452516892682265,3.9601395055612327
9.45099717068045,3.9886096541580773
9.449239285060049,4.008530864208949
9.445891194607185,4.036933317867026
9.442791096461589,4.062168985383533
9.440301239077044,4.081916229000379
9.43779159180646,4.105002113820097
9.435616286357787,4.130123048332328
9.434122736782363,4.1479865408416225
9.43219060141352,4.170513711550216
9.430080607041814,4.1927594063004605
9.427869668111512,4.21343967598109
9.42571140135339,4.236947347428432
9.423706155251788,4.260770881884151
9.421532865504558,4.287040816052963
9.419319508492457,4.314393618506847
9.417368538064746,4.336927737912029
9.414996721453916,4.365686566447121
9.41327202143057,4.392160437706527
9.411649369967204,4.4214960577739815
9.410344709040649,4.451483579818349
9.410156832874655,4.48030619687175
9.4109217838449,4.507196941137783
9.41183034922832,4.533267112922181
9.412142407440179,4.562707980335332
9.41186153227582,4.5926752931703145
9.411523743112635,4.616680921327909
9.411310705339302,4.646714472408598
9.411659449879853,4.676724455173401
9.411656060710602,4.7066678897235805
9.41056644626147,4.73657008917338
9.408772609739106,4.760435738536399
9.405508643575002,4.790201604524624
9.401990881638003,4.820014931996002
9.39903410907435,4.849924712468579
9.396960599247697,4.879881885488957
9.3948815117259,4.909598801778123
9.393077351831266,4.938646228256811
9.392274717876134,4.961200873567549
9.39249968948418,4.990192528831354
9.39350504546123,5.020128899403555
9.394903113343751,5.05010067134258
9.397161695098474,5.080057971808897
9.399531428138868,5.109921221580584
9.400682312852211,5.139815457291256
9.400926276664112,5.169766334792543
9.400364191714436,5.199702773969691
9.398816355129718,5.229600721672932
9.397037604508103,5.2535195873876415
9.394544697766504,5.283363047000139
9.390932494670524,5.313077712104422
9.386615217075787,5.342730874281338
9.38178185032062,5.372095730255048
9.377027936420765,5.3992840217829166
9.372205394183085,5.425478794208615
9.368630302282888,5.443420944455901
9.364249154005462,5.4643893079791654
9.358740028474251,5.487471322467804
9.350481578503084,5.514806355885304
9.339408252434396,5.542492170529175
9.326244824570239,5.569300027452806
9.314489652927195,5.5901067026634745
9.29859565385743,5.615448164739333
9.281813560001112,5.640273096670974
9.264732241039782,5.664888559958891
9.246806936543063,5.688843839900283
9.228366448584794,5.71195787725558
9.209173617761317,5.734964746202557
9.193733953246161,5.753338808554443
9.174906015235804,5.776752272049516
9.157055179758078,5.799780946235285
9.141371889526729,5.82081702398257
9.128819261084404,5.839001638980346
9.116973235143673,5.857230189725202
9.104034010371649,5.877594088487408
9.088293045274481,5.901132699857155
9.074561172532704,5.920781815161364
9.0569206986679,5.944985707756121
9.039233677065866,5.9679440518754685
9.023833047990815,5.986309730298944
9.008598381303777,6.002566610020337
8.993624238200514,6.016953470134004
8.980874909649334,6.027855629967446
8.973400909172604,6.03367540125823
8.959779414166139,6.043527386989516
8.938418691529927,6.057787069502941
8.91310828056759,6.07340909293313
8.892455897962106,6.084755118889689
8.868155284492712,6.096609362919262
8.845892151222449,6.1068799854578
8.822981665141041,6.117258453699723
8.800448713180323,6.127698958056454
8.777636777277563,6.1384312333010165
8.760514131401893,6.146542417236216
8.73495224644572,6.159139707003438
8.712107080453313,6.170686357027132
8.689230927104141,6.182340296370392
8.666625646399757,6.193929216973836
8.642494798994685,6.206519241761459
8.616192636490817,6.220214423536644
8.59494267755575,6.230981371513323
8.568167723563109,6.244525540224081
8.541374698426583,6.257975087139481
8.514517329514037,6.271408444577657
8.488154966443615,6.2852592827839535
8.463860823088877,6.2978746008494255
8.443503475638229,6.307483641022821
8.416244076323316,6.317784552546584
8.387390868984356,6.325435202407122
8.358106058156576,6.33189092595955
8.328824639849971,6.3383803766990745
8.299550125529153,6.345336574337427
8.270722419851564,6.353872618356586
8.243258200221456,6.362392627848058
8.216841925543275,6.370395574327539
8.195461137579247,6.375506377184166
8.168009260901147,6.378782460306288
8.139395032046139,6.378559864136885
8.110792491711118,6.376321599904492
8.082600460887024,6.371587957955414
8.054845342153392,6.364314876985448
8.027731453169414,6.355176309599462
8.001686816096868,6.3432589878736
7.9813960686202625,6.332534291409268
7.956308546318239,6.31726513112158
7.931425391322357,6.301216210315404
7.905989035932282,6.2852830173424525
7.87997433581754,6.270290540366055
7.852566188608146,6.257637417238867
7.823785107288409,6.248348697820964
7.79382087248335,6.243874220665164
7.769611269043265,6.244043305027315
7.739632176915328,6.247495820469696
7.710165562613026,6.254296646298399
7.682209597484509,6.266009056909045
7.656911097259156,6.28267537940306
7.634601038152175,6.30308304241521
7.614852901184745,6.32587858796046
7.597996545233245,6.347824000829877
7.583343531436822,6.368480867921438
7.570550549153637,6.387235089170316
7.555047239218986,6.409880950300036
7.541878517923486,6.429608699280349
7.531623138260777,6.445079151070781
7.5222991582435785,6.45866373922158
7.512237127627348,6.472752391746764
7.502217604220427,6.486341159362957
7.489655480251746,6.5033177597039185
7.477009787853162,6.51936683424298
7.4611724838666875,6.537698068021137
7.4435166580285514,6.558266350980386
7.428548264580948,6.57690232124443
7.415956324823726,6.59375001851703
7.402958669033501,6.613201846655582
7.392496516575012,6.629962936571584
7.378816869909966,6.652339095593358
7.36642213380499,6.672660611039313
7.353373417111209,6.695660257323245
7.341705922249739,6.718540328028429
7.331843633042699,6.740143871826454
7.3213567221766755,6.763403854333682
7.31246228513518,6.782630166484517
7.3002999152188135,6.80818268295628
7.287446440372185,6.835278151896769
7.274233007758567,6.862180185840204
7.2610986358703515,6.888199068985041
7.247952683738187,6.912841054068469
7.234072201837836,6.937772590006506
7.222031339563418,6.958489715158936
7.206531380204198,6.984233869870493
7.190945828840742,7.009785458404314
7.174070698112477,7.034443036398827
7.156315752557591,7.058628943870385
7.138766884154448,7.08293297484115
7.1203384317590555,7.10647497048116
7.101838048573002,7.128605685648302
7.087145946002179,7.146532521693325
7.077125764516637,7.159196453830775
7.062089539982906,7.177694612544833
7.046966736960526,7.196677388289522
7.032277607289836,7.214294049830391
7.017415244109397,7.231090212027106
7.0034048315076,7.245619296504437
6.993289629501692,7.255134420056445
6.98062909771998,7.267177908657942
6.968181287063625,7.280175866095323
6.955918438786842,7.293699107046764
6.944485546010515,7.308014621885222
6.933842409454722,7.322655154443516
6.927369531355547,7.332060233655527
6.922184112553038,7.340234960584712
6.91556954954813,7.3510309371708695
6.906863674448981,7.36509482300699
6.8966721011351035,7.380278407916974
6.8884408079645185,7.391780326737422
6.874389460834986,7.411433325029061
6.86007402547957,7.431025472838663
6.846227163826418,7.448495291450014
6.832002551587267,7.466529330493427
6.818573015233174,7.485137399572134
6.805228205324997,7.503773072116126
6.792527443955922,7.52293151930127
6.780110329577751,7.542365543196846
6.765969103855426,7.56374709045247
6.754753497914884,7.581096405575008
6.7402077782146685,7.6023617281921645
6.72548268161542,7.623650702584067
6.711860526326338,7.646313516403118
6.699476083627439,7.671418450086957
6.687709735415279,7.696940532298339
6.678556629162401,7.717640121633619
6.667725835630748,7.7437782491603535
6.65606009906098,7.770858955612662
6.645955086995312,7.79352250662284
6.636702881843923,7.813230694296453
6.626902702197627,7.833132174896007
6.615217327363928,7.856159537054659
6.601876966532742,7.882218076716131
6.592520229844153,7.901309399801165
6.580514632390846,7.928543908072461
6.57081418767111,7.954152708632279
6.561335795945324,7.982530176997953
6.552369336260044,8.01117505181401
6.543563803810604,8.039859107746521
6.534460854355674,8.068400151833284
6.525050339187707,8.096904537365862
6.517822084743184,8.1197962659521
6.508869853790205,8.147910019377973
6.500593633264285,8.174053147790378
6.4925718485960235,8.201582600103274
6.4856859984337225,8.230772461834333
6.48051378819146,8.260434927106358
6.4776149383375925,8.2843156394682
6.474292030354226,8.31410307286282
6.470169464863597,8.343759162295388
6.465122193668395,8.37325856799889
6.458995798499051,8.402565781797552
6.451822722223237,8.431603166636789
6.443525451062507,8.460385638556426
6.434867669683031,8.489111213304366
6.428077336902316,8.512028507401213
6.419058916324227,8.540328120111417
6.4091345737607615,8.568611370302975
6.399209252943788,8.596947131771385
6.389838740410582,8.625476421196051
6.380842939771755,8.654119353113849
6.371464143417045,8.682536340761944
6.361021288873931,8.710577121996977
6.349106270833325,8.737995619744567
6.335964678295757,8.76487957247109
6.3247115726255565,8.786002702253043
6.309325870654457,8.811606189403937
6.292367302736884,8.835913371393426
6.273546861222926,8.8589182128309
6.254005088883923,8.879689673879664
6.2346459773178875,8.898577429610246
6.215857864431616,8.915837427377966
6.193767638137036,8.935585399791233
6.175607156231217,8.951233573029514
6.152563424559418,8.970220924723645
6.129078677985694,8.988753061842187
6.106112653284103,9.005996190423659
6.0848179563680755,9.021082571931203
6.060159611227206,9.03734000098469
6.034634019148431,9.05301748702065
6.008886115553475,9.068430419673502
5.983175577752535,9.08385918585845
5.962527894227376,9.096058065706442
5.936644434118265,9.111269388722507
5.911122792007689,9.12717358758628
5.886113078941884,9.143765378488814
5.860983052124769,9.160048017577727
5.835093853620961,9.174883671096417
5.807897356932735,9.186991733643975
5.77960892850363,9.196601656699647
5.750813888981724,9.204677157628154
5.727525115892959,9.210163193459756
5.698143569962463,9.215845602821572
5.668590714753352,9.220409866887685
5.638833230862632,9.223123227137243
5.608906512361173,9.224574137762536
5.579818329212013,9.225497918448628
5.551020568443297,9.225431460326272
5.524802586769662,9.224585577689094
5.498347288114191,9.223311578598805
5.46928193146176,9.22160290367786
5.4479139618914,9.220093275791132
5.42099482666014,9.217535605351971
5.392073304402997,9.21339746450103
5.363373962802613,9.208335259933305
5.335980818971331,9.203130293129785
5.308175497881121,9.197549819883596
5.288077308548762,9.193239542897443
5.267280522392501,9.187915183769135
5.2454599937762625,9.181316376768361
5.221621437816598,9.173373873052155
5.19411644950988,9.16364722961264
5.168152687446001,9.1544905305995
5.144065746257087,9.146082672956517
5.1246130171391435,9.13898847904691
5.108092059147214,9.132778549461198
5.094335612768685,9.12770061550247
5.078125474896961,9.122084883011608
5.0606776117419034,9.116726171219975
5.046387124114119,9.112584618625082
5.03002135142301,9.10841869790703
5.017822781829303,9.105769385684333
5.005996379990186,9.103312053774529
4.988454788301065,9.099201053457618
4.971199878294703,9.094822736156566
4.955476349110705,9.090723536937745
4.932826295127953,9.08451553319143
4.910344510037343,9.077876792979781
4.885977631918834,9.069622226364775
4.862041214103222,9.061139520654956
4.838053818992145,9.053379287856384
4.818807726012099,9.04780142238884
4.797907887180517,9.042368338581245
4.771711410998697,9.03580893084562
4.743184276122692,9.027778182289639
4.720444344924552,9.020414676405254
4.686623845184363,9.008510914105072
4.665031072686483,9.00074064234334
4.638527759008093,8.990993735505604
4.613930305539171,8.98188517698256
4.586374833526807,8.971458347873696
4.558607244272537,8.960573272856013
4.531762685117827,8.949868079787766
4.509520796883314,8.941079660768429
4.489907737888457,8.933551800647582
4.465401654238545,8.924394542531587
4.43761658389687,8.913641163406979
4.415360125837513,8.904705650052584
4.3930846933433125,8.89547814361461
4.374794659905185,8.88740121028254
4.3519561225233,8.87627879125654
4.328459888630776,8.863990177604713
4.307571752946375,8.853047061055225
4.280870556482405,8.839374034100867
4.254366116490945,8.825424626816444
4.228542278903255,8.810405433647205
4.2044468453227255,8.793000791380878
4.183561249992415,8.772003840211083
4.166932862134401,8.747506472266082
4.1544344179063035,8.720524432584348
4.144545769533876,8.692390994083832
4.136222660042327,8.666038955612313
4.128283767430968,8.641269118916755
4.121191309252271,8.61890849126414
4.112309322385198,8.59026318447649
4.103092055521298,8.561661445599663
4.094311882626836,8.536664837111307
4.083951278787586,8.509664117484482
4.072433860000865,8.48295293363406
4.060146246901242,8.457774918895906
4.046408983362832,8.43119594224977
4.03230113099914,8.405016681109824
4.018165046336398,8.380706493492822
4.00275303592536,8.356329414512114
3.9864871211548456,8.332729151380923
3.968401000572937,8.309464527962557
3.9484169872450563,8.287255877247613
3.9312991322219135,8.270286460042863
3.908297277389122,8.250770016055355
3.884674715174976,8.233730582083929
3.862192945123799,8.218439779163171
3.8419998424965036,8.20563777716865
3.8221645250569765,8.194696140693999
3.803620742948335,8.185894660509877
3.779322807074582,8.17703647977391
3.758873105538157,8.170787367321376
3.7322056266282497,8.16266160953566
3.7070612817065136,8.153695517940877
3.6827087580395186,8.144119753679368
3.659438801765393,8.135815985597945
3.638095114876832,8.129620678941958
3.6132437471136525,8.12353243814379
3.587064594109298,8.117585170287093
3.562847154395353,8.112270587890825
3.541422387371591,8.107747652734803
3.5226066925683153,8.104020535410555
3.5028103543951725,8.10081734609981
3.4848507550701004,8.098684313579207
3.461402394683326,8.097367900106129
3.4384965073960436,8.097665220169134
3.4151582678427226,8.098677173317705
3.3914496547228343,8.100025128320953
3.3653636123343245,8.10158335700694
3.3357826309998937,8.103923467023858
3.3060086058245552,8.107328091106936
3.2822185441442606,8.1109110044243
3.2526412709940202,8.116395041660306
3.223387628607895,8.123449646565874
3.19442570496804,8.131460280334862
3.165738280333881,8.140494058638419
3.137481814141173,8.150912298603782
3.1099780233867897,8.163128456906987
3.08840840022779,8.173807193184267
3.061984180757671,8.188178461625297
3.037277503392104,8.203149166908192
3.012557211061388,8.219224487206509
2.9877717837926543,8.235936270311843
2.963146810041697,8.25297803113162
2.943455586175198,8.2663927223704
2.9154853084400147,8.284071070997909
2.899362811888193,8.293620671327737
2.874357454616507,8.307518698117441
2.8480875485711024,8.321544560878277
2.821145630258047,8.334549141868697
2.7937652194944906,8.34669927838928
2.7660757249448187,8.358080048014495
2.7380312422364765,8.368021015996895
2.7153040924285405,8.374831573217179
2.686844178790931,8.383157925287676
2.6610245263542915,8.391134567582842
2.6366882919366996,8.398596231378953
2.6112287861590957,8.406118436759838
2.5874965016016818,8.413108972463222
2.5645467721391713,8.420301709747793
2.538345065043802,8.429008539234305
2.511576767454078,8.43741919557563
2.4931878993767804,8.442648928080269
2.4701168210826516,8.448332332406322
2.4445474198568786,8.453759189183021
2.417400299434388,8.459368086811185
2.3934761644540705,8.464198441427168
2.3684143308279824,8.468353327955922
2.3446606936512167,8.471279524233472
2.320894469866755,8.47393560863683
2.298651826738336,8.475818680828711
2.268929457044872,8.476830676261176
2.2389939808980364,8.476360616839825
2.209085615185494,8.475018923984816
2.1792613536873295,8.472610357846817
2.149465325579748,8.46931226952742
2.119601684851005,8.466076436600735
2.0896231532231235,8.463772595989456
2.060381371326528,8.462391760368517
2.038021174890163,8.46129151588574
2.0107308745585954,8.459809019136484
1.9840542221361757,8.459707003984557
1.9564131863786323,8.462613520431017
1.927201693726981,8.469155729044402
1.8985217370438867,8.477656738918588
1.8705635290026796,8.488496398370787
1.8433190911550694,8.501286033278618
1.8168098619598412,8.515506269616068
1.795978384087283,8.527361126157512
1.7703703022643476,8.54221174339852
1.7464758150980269,8.556209026010608
1.7249382206974115,8.56836451308883
1.700513687553288,8.58131259121164
1.6738566786477649,8.594906373657192
1.64706470859332,8.608051795758366
1.6198446894187812,8.62035556089504
1.5919955286589644,8.631114188035033
1.569195303220917,8.638287995482191
1.5402010012600562,8.645471352921602
1.5111273815086486,8.650629242305753
1.483683332935781,8.653154960094703
1.4583930662977593,8.653951305952535
1.43463753651142,8.653641939677263
1.411574900661127,8.65223579797775
1.385546302732051,8.649549364455469
1.36413886154301,8.646753235422127
1.3394112042982707,8.642913470542053
1.3138134358043085,8.6389481696588
1.2877886410851582,8.635560122502792
1.2592621659847816,8.632208175706143
1.2297116281151053,8.628817816248127
1.1997595970040082,8.626417978926925
1.1726359724086362,8.624553422973305
1.143620651770118,8.622513347684533
1.1143513050403095,8.620468975478609
1.085529606647816,8.61879160767311
1.0573540403443826,8.61704325538409
1.0346561504062994,8.61550878477735
1.006103064715272,8.613302359408102
0.9776597912860513,8.610647206988169
0.9499192505712514,8.606923031806048
0.9250677373439107,8.603098809981903
0.9029612697827727,8.599784022988032
0.8822081389892691,8.596902939338568
0.8624206921197988,8.593479591850928
0.8413242036554017,8.588695880356717
0.8243140807770374,8.584221019102067
0.8017872938551799,8.57797106733251
0.7777761421870416,8.570566274875354
0.7584461441063659,8.564198932220803
0.738748773056182,8.557525808913768
0.7154553456464728,8.550156226011778
0.6872487165801029,8.5416788390367
0.6590559892975386,8.533311823860656
0.6362959460340926,8.52604876618893
0.6095137999621454,8.515925639694231
0.5825316758747833,8.50349431614461
0.5558960951793017,8.489886489801087
0.5300573674102903,8.474819916262181
0.5043429089750857,8.45929769200978
0.48316085392517494,8.447760893537293
0.45571553239848084,8.43537140817942
0.4280541844103457,8.423795316592603
0.40051158064816517,8.41189524932932
0.3729374127755659,8.400080986074475
0.3453559005423612,8.388308226736056
0.31856187021601945,8.375956429735023
0.29236023257660115,8.363077649644463
0.2707433438831801,8.352595479054466
0.24329971465098682,8.34029804295003
0.21546596496628542,8.328938333693348
0.18732630847156262,8.318426184389269
0.15928865842337772,8.307928313018017
0.13721992283535234,8.298655895066151
0.10981618046649251,8.286484997597398
0.0826735677376504,8.273855759316728
0.05582196952782861,8.260550429537417
0.029201590008813616,8.246753661305826
0.008697716812952009,8.235960462507604
-0.014069596775941957,8.223141346500395
-0.03763037431693041,8.20909820236398
-0.06315910339978237,8.19436130560439
-0.08893490488880473,8.181386628298402
-0.11434326706245376,8.170402202382322
-0.1404440006598242,8.16114136856239
-0.16822408776529787,8.154856417407476
-0.19487773205671258,8.152819893624105
-0.21617596201209563,8.153200791196392
-0.24312769755809763,8.154919135321041
-0.2699537649550998,8.156957558511078
-0.2985600476206046,8.157629439283468
-0.328322908527382,8.155892167548737
-0.35773836769852924,8.15112127403113
-0.3867800697647712,8.144133398666767
-0.41273941071381814,8.135498601497094
-0.4370335867582145,8.125310498354278
-0.4565338362311964,8.116880812043044
-0.482694892365556,8.10624768018305
-0.5092468209833065,8.095919145319113
-0.5365583244199243,8.086672350362418
-0.5645322241129097,8.078656499877795
-0.5924369786272272,8.070594212965648
-0.6190886360020219,8.062023823259093
-0.6432146878008715,8.053669355438377
-0.6682210845156443,8.044353357207502
-0.6907077582444313,8.035713087568777
-0.7121763190252959,8.026902816377625
-0.7309472998203245,8.018907656129462
-0.7514500115483679,8.010319380895776
-0.7676889053463738,8.003665996304097
-0.7839868337216146,7.996758568259151
-0.8000046343894409,7.989896873131138
-0.8171855971902111,7.982664685032679
-0.8361808703925103,7.974883055851869
-0.8573651990987685,7.9667977662343645
-0.8809017573578123,7.958725575604639
-0.9052736100722144,7.951456611034258
-0.9310200088215759,7.944408238479717
-0.9495992011575337,7.9398470300615305
-0.9727119513421972,7.935044906137224
-0.9976048976082965,7.9308055951524965
-1.023645812999331,7.927435006825784
-1.0529604230635226,7.925993362375512
-1.082699887514489,7.927404356679496
-1.1122640093209046,7.933510448139455
-1.1403322344596345,7.94361603678525
-1.1621422858415704,7.953794317524479
-1.1883965740640456,7.968120810770285
-1.2138839930183787,7.982489612153247
-1.2389736318009141,7.995063035145907
-1.2647884940367424,8.005644727705317
-1.2916508625969878,8.015368070348103
-1.3198060867345327,8.025796032127499
-1.3470709899797377,8.036174034832543
-1.3713216799643033,8.045811354239122
-1.392082904010812,8.054080529979268
-1.4156431728789152,8.062829442330637
-1.4417972987169194,8.071126439788564
-1.468218239988705,8.077900938791565
