0.023432675628740955
0.045282160101547925
0.06867806441989871
0.08287778979536456
0.08451747971900524
0.08575688964412738
0.08720054861581271
0.08720559642594543
0.08720608036243988
0.08720842417788029
0.08720947849521395
0.08720997990343067
0.08721069948578382
0.08938066208222438
0.09729483440696746
0.11170965690762502
0.1340547931706223
0.1622624007254765
0.18896381876796176
0.21209450196128626
0.23573586380649164
0.26084060037651163
0.29415986032712643
0.3185502188127556
0.33501417017935087
0.34838303405717297
0.35863622744779944
0.36713522264006004
0.377997745403422
0.39163629329021765
0.41225768511139976
0.4309160464132263
0.4514097116822217
0.46340050628226936
0.47349952541830165
0.4904284532459403
0.5154259400597787
0.5387745513590028
0.5694067613127797
0.5890596987240088
0.6075393820484123
0.6259443473548716
0.6479306384088707
0.669298579906264
0.6851307550041538
0.7042118849672534
0.721510519838244
0.7465331302897827
0.7761950764128072
0.8060826046311099
0.8360147085797759
0.8719055561053274
0.9008180073298191
0.9303514338338679
0.9603435976684062
0.9963048659716953
1.026224459038179
1.0559536389303756
1.0855541068837937
1.1155116631696942
1.1452685527611717
1.1752660710723213
1.2052513460789278
1.2352214116478335
1.2648280547311699
1.2963447417121647
1.3221064093363497
1.3481233617161412
1.3771942238247812
1.407244006084251
1.4372831092006473
1.467279363431525
1.4969229000792854
1.5232665411688953
1.5454952903085024
1.5714052235301526
1.5937504503262403
1.6151843576099396
1.6387236294283682
1.661090828686137
1.6830019926933593
1.6967372208644476
1.710306264264238
1.7247482698709156
1.7483844552547427
1.7728833081708892
1.8014901064707152
1.8296111261418242
1.8617043008050387
1.881473019701305
1.9054355290533735
1.9339895475476936
1.9698632467513217
1.9969511050459623
2.0220679205822374
2.055538409328855
2.0839781569139184
2.1095163989204018
2.1366435423179477
2.16643819043891
2.201563899404767
2.225674529646001
2.2489145069048835
2.274706303348278
2.291713280162547
2.315875289753426
2.346137936327493
2.3720072551660376
2.396680949472898
2.420001808947457
2.4434646899445416
2.466930989956659
2.4963147294979793
2.5172237245071054
2.539933434165126
2.5674622929398434
2.5951991288444782
2.6292274008174092
2.6586951447493723
2.687079161285629
2.7171543999176704
2.7470552238079904
2.7819990598803224
2.8079854587664963
2.8323925038070614
2.8577005883520954
2.8785479192230503
2.8992121610867967
2.921026295683333
2.943896142475439
2.9681490032618236
2.9874105616993667
3.0017840967370963
3.0161088906246443
3.0320952669471346
3.054804460887041
3.072026538956147
3.0898675611658457
3.1155525033582725
3.1435696914798275
3.17140727997164
3.200330994708392
3.2292979405812554
3.2598742770903826
3.2817791474837077
3.302894448958018
3.3283767656638013
3.3546611281368803
3.3810794897547765
3.411596830604026
3.4368374734540925
3.463621442001261
3.4906435701244587
3.5133184780395084
3.5408673015576317
3.5660007248290264
3.5912917758322997
3.6163499112825512
3.64052975154277
3.659772258163997
3.6795447950671845
3.703009337430039
3.737166199114547
3.7670548735643883
3.796941052002101
3.8253855303810687
3.8544157777464467
3.884411684292445
3.912963466589965
3.9418235451336687
3.966567718246114
3.984243677351973
4.000074489789477
4.011847619310285
4.032204173566888
4.056704160045073
4.078839431307645
4.108817148288397
4.138824117501234
4.168868515068575
4.198944058383296
4.234259486743075
4.263939413590201
4.293909966069569
4.323963711745017
4.358798981819417
4.387554652492342
4.4169551008175345
4.446924177959262
4.476264102234325
4.504758612952679
4.533759780634133
4.563742603242941
4.593788495885045
4.623841169936412
4.659854631398773
4.689708884954177
4.718177330547336
4.746617108343779
4.775928806775324
4.802793721188795
4.8270234148282825
4.85233462155904
4.8850030912317255
4.9127734346638805
4.942804290755886
4.972773597822566
5.002365567788638
5.029165951785306
5.057731449240819
5.0817894945210815
5.108973539919816
5.1355820553418585
5.165255870306396
5.195289270958236
5.225309053856791
5.261334768598525
5.291327310182491
5.321328400743724
5.351335629322471
5.37474484762646
5.403641732310908
5.433552415738144
5.463573020412281
5.487164228383683
5.514682263385716
5.537001557601648
5.558395324274235
5.586036089337049
5.6159853402409325
5.646024703170927
5.670039669206343
5.700008156358612
5.728622226969248
5.754048666146546
5.777382238810708
5.802336870727809
5.824970292364845
5.845928118966806
5.867488383368621
5.887730824527239
5.910732313751214
5.937393503477844
5.962527156267322
5.99204375445876
6.015594937675308
6.040217698500449
6.063625683480912
6.080327655148948
6.1002108203906475
6.120029997276867
6.141522041927762
6.164253336843158
6.188045797614664
6.214458005150906
6.242505233912909
6.269119988153858
6.293685848186787
6.321178432394589
6.338289758810351
6.360268126817047
6.385054211058329
6.414613380762418
6.443547539802404
6.473352385179307
6.503409728205354
6.533420989768794
6.5605308390940476
6.581370193791741
6.603063327817313
6.630258368692401
6.659803323000552
6.687980639413032
6.712678829395537
6.739669344692318
6.759369545207373
6.77420021523772
6.7959824399149795
6.819227357876898
6.8396886463317275
6.8644114052934295
6.88761325071118
6.91417766007636
6.941639547421856
6.965360855714816
6.994224409947524
7.01050845195948
7.027416908826648
7.052747784992443
7.078434844694006
7.1063143211282345
7.133120409649363
7.158164909512765
7.183852824423932
7.211194687361434
7.232608017399025
7.259985212197693
7.286497455323663
7.310509839821448
7.3404025125575725
7.367476035544491
7.391516240011499
7.4060271406549285
7.421876756231482
7.4352300402605405
7.444903969674336
7.452505171988035
7.465323030124139
7.478372298841184
7.50073052542216
7.527123691123212
7.553012658178518
7.574482996501452
7.5984907552192045
7.62022312581393
7.644603835332833
7.665176835983346
7.684187069461012
7.71289105449781
7.742829493866345
7.772755576445238
7.802167047621668
7.832259226540757
7.860498600903868
7.892200426152488
7.909957405081367
7.934284546803421
7.963050053511265
7.988180795189749
8.007429751378757
8.023200991973512
8.040012079514803
8.067214222988515
8.09550639494643
8.11514595208576
8.138551940437223
8.169548193255277
8.193563317966372
8.2224834052245
8.243107584606866
8.274417030188117
8.294154178202403
8.313980698642721
8.326966861507406
8.342253450608485
8.353990165489831
8.370240797431364
8.389500730522407
8.410494413947294
8.433295099628403
8.458663765174556
8.477466327654994
8.50572355117508
8.535729930737155
8.559736206832273
8.581164159086184
8.605811974738819
8.630461817556553
8.652787020678327
8.680709676148787
8.706743320888455
8.733798657787773
8.760742499585687
8.78778684903238
8.817436687016826
8.847272914845112
8.871210927553065
8.901008093584606
8.92858988973242
8.95838746391065
8.980988089211797
9.00913206795291
9.043516572528256
9.067501791317916
9.103480529856563
9.133472495917612
9.16347660292656
9.187311242311234
9.216222512869654
9.245937779856433
9.275933675325758
9.30581221884906
9.33567504674471
9.371677580848154
9.401770543822668
9.436379148536203
9.465236543173804
9.486785707671153
9.513419948307005
9.539594947517484
9.563968280058877
9.589435768391793
9.618365704899897
9.648311111328832
9.678293154225152
9.708376792817209
9.736039700200058
9.754100144324257
9.764237023601591
9.772718893564683
9.775254308029593
9.780683814885338
9.790336774732948
9.802799908170574
9.814980654196706
9.833487171611159
9.853936065389304
9.874250661374376
9.896083468001283
9.914169194078655
9.937760236330716
9.96230288584994
9.991085090565473
10.027141848999376
10.05708084332775
10.086876780897182
10.116702834304618
10.146670851042417
10.175296190368746
10.199084721670973
10.213244460497739
10.228844428302638
10.24462466396903
10.256408422509827
10.266472086253833
10.278708720902872
10.289060219799568
10.300141886869007
10.305510058870999
10.31753574567439
10.333738149108223
10.352245822208998
10.374364360906831
10.39525053307196
10.418525132207721
10.446552051487938
10.4700397356984
10.492076691489075
10.524141867188035
10.550721995806159
10.57715810820505
10.603065774755397
10.633947955604272
10.659830084649025
10.683656958265194
10.704003350879644
10.724075743751575
10.745370671549693
10.773979308591322
10.80949713649137
10.831793742509285
10.864704964684961
10.885523625051585
10.918287939793187
10.948144122609076
10.972059237990571
11.007875569965012
11.031669741159718
11.06146308114165
11.09147575648598
11.121465626031053
11.15057917733356
11.182700171050232
11.206465690146011
11.228752209224389
11.250313645753886
11.277224386797613
11.301228737311481
11.32580859438102
11.352060553918225
11.381292868455681
11.410656667936001
11.440577116188733
11.470598811990971
11.50037493315973
11.52531532437708
11.547745601484207
11.583076050959246
11.612037111899696
11.641375413917855
11.671251031993876
11.706184553513669
11.735142735594774
11.758407863800349
11.787601811552255
11.81684649089677
11.851990429594288
11.881229678751598
11.910790811224224
11.940503458181457
11.96699369964071
11.9953151703064
12.021590951882178
12.046006081351255
12.072881256297853
12.100564569653029
12.128261853669162
12.156014632175514
12.183661679552467
12.211182272046427
12.233208564490576
12.268868445778894
12.297414205999377
12.322157617890895
12.34250180390524
12.363339208292386
12.384558160222475
12.40826561301176
12.433359722529824
12.462995000345762
12.492802773763158
12.522833488668592
12.552817749228602
12.582757250064335
12.612723052736202
12.642589049112365
12.6702267284616
12.692370447624667
12.71106725458081
12.733511948221764
12.760096819982351
12.785803403682744
12.815008417924851
12.844986668590407
12.87495387442462
12.90492249596815
12.934859413385713
12.96483424533561
12.994763948940765
13.024594520080937
13.054467320196812
13.083166228782257
13.10895145070523
13.135376521396234
13.15984836995417
13.188854629127684
13.210715090104316
13.233793021754282
13.256177965524914
13.284259561107426
13.302734170656102
13.327907603698387
13.34325457949862
13.36352471112846
13.385667595636114
13.415589617102736
13.445119663974118
13.478918735227563
13.503032265352962
13.525789282649335
13.545224062631203
13.56442453767921
13.583617017967693
13.600473722670165
13.620003114848377
13.647810442685502
13.669249443632689
13.703918353992545
13.733888683800242
13.763775141737717
13.793641942744863
13.829577534261071
13.859650172334188
13.889712188942303
13.919663873764586
13.949627862306903
13.979636176536328
14.009572059942647
14.039402202262004
14.071600602498894
14.092903723526973
14.116645066269445
14.143234194019673
14.178436360232853
14.20852929272145
14.244450178516496
14.273093991752168
14.297420376293347
14.323980598279105
14.348689508751603
14.376133215445506
14.401867009683906
14.425591604981877
14.445455537337992
14.467296764481853
14.48515917406516
14.504442737975488
14.52828631184011
14.548647596827822
14.563457159004296
14.578312228571583
14.592148693120675
14.611605340791618
14.628351168038746
14.639495214876387
14.661062365272945
14.681640333798406
14.7063694439963
14.742081629953603
14.772009962887175
14.801259639541435
14.819518786988619
14.838441917278345
14.864523633100978
14.889072824344423
14.915721496365911
14.94470918215851
14.980415725997995
15.006443682063093
15.02780383533207
15.046873303957923
15.067522630847769
15.086916374029132
15.111749693830994
15.13219576561001
15.153181109350426
15.181483079365695
15.208402667535923
15.237237070700205
15.266906566166188
15.296359131047227
15.332344589070086
15.362407963475738
15.3924864422661
15.422462715360894
15.458398080690698
15.487537069116721
15.513638228006155
15.541964128760215
15.568781921281202
15.601739987582723
15.630429412643547
15.655929630828803
15.685168722950094
15.714919193648758
15.744387578857621
15.773015834651272
15.804442596697944
15.832748636508333
15.858260309527294
15.881820017779747
15.904686563634279
15.932920039862669
15.962152822472977
15.992123837720532
16.0220606971165
16.052041158094244
16.083791148896417
16.111779689489243
16.140955934288364
16.171010874228504
16.201069841421575
16.230942434094835
16.260341088282228
16.29019305059402
16.324909075629765
16.346378188021006
16.378896150916265
16.40888314413961
16.438810074362564
16.474833491237217
16.504917021301715
16.534964797080782
16.56496041947807
16.593837219829815
16.621585112631738
16.65344427798783
16.682098662662053
16.708110762463612
16.733865068769198
16.762567346160562
16.792318448049002
16.828383522851947
16.85837397279153
16.887987545087853
16.918446361110576
16.941926418967633
16.9722318596145
17.00018286879866
17.028109140034278
17.057437538538377
17.093389866925403
17.123430279479987
17.153467445615256
17.183410303886088
17.213367863752065
17.249365375245414
17.27944014931111
17.30945957560969
17.33764734471618
17.367512900419538
17.39745835321643
17.42723506896243
17.457126643869227
17.493066206612564
17.522980163243897
17.5529862227846
17.582017913335488
17.609642168312455
17.630675945776748
17.654058502807196
17.685459591124005
17.71218852738537
17.73859025958968
17.75976666781292
17.78413597882328
17.805057938391734
17.822678530476285
17.83950861331857
17.85842766317422
17.879251348582862
17.905236109313044
17.940608301623627
17.97062185829074
18.000677968499364
18.03679827178629
18.060922553646602
18.097027376843627
18.127038357446956
18.156914153066086
18.1862514326666
18.216207197100474
18.24991809338407
18.276207024255
18.293716327930916
18.317959558938178
18.338315358383554
18.358193265977498
18.375186629005864
18.395979629582644
18.42354205115529
18.44421912866417
18.46079394565849
18.478830509941382
18.50740680283868
18.533763348495334
18.55618168307421
18.58540121913246
18.621279469741104
18.65119163515077
18.681158033934242
18.71722709598982
18.74725504427067
18.777158259358117
18.804519733821742
18.83065719274491
18.859154984150404
18.878991227499654
18.90495403870218
18.933656448977143
18.960961285454797
18.987224572350446
19.004327004911087
19.025032920746916
19.045686285619976
19.066349142764413
19.087065605222115
19.105356089872966
19.119675101824573
19.135260262292284
19.152135963704144
19.182774408726548
19.209636680911785
19.23886348051995
19.268864919705457
19.298869010119482
19.32839359260837
19.35837817227403
19.388310122466404
19.418197867387427
19.447921439770667
19.477746297843755
19.50758505663562
19.537408745981825
19.566121685784864
19.592404029853768
19.61476846538176
19.64153276283728
19.670651371673603
19.70021926729555
19.72640484975779
19.758552896975974
19.78713281068169
19.815705446937216
19.84540843868403
19.875409295203017
19.90527692132031
19.93511944249268
19.965096792636878
19.995179738129362
20.02528439549057
20.05526130229288
20.079145050011512
20.108950585263113
20.138831031418615
20.168627158878802
20.198307642265092
20.228048385033606
20.25787263167466
20.287837317648616
20.317434578406562
20.342568681628432
20.36909681490585
20.397251117500385
20.424987436023734
20.454868193901067
20.48462474816352
20.51456852232024
20.544594018891758
20.574609227831587
20.604575662426925
20.634462612827583
20.664201716437443
20.68849501159372
20.709429755106544
20.730008703801982
20.742616375768126
20.756966202986757
20.77464733125584
20.792681552450002
20.81716576028148
20.846043254862632
20.876082312638715
20.90184425365888
20.925873280269006
20.944659441249318
20.960945867946908
20.97709944225058
20.993117426150395
21.012101559663382
21.044034525929327
21.071812680861786
21.094102556051844
21.12660940551794
21.154165149478153
21.177719664116847
21.20774316626946
21.237162343327597
21.261975977061866
21.289063087405022
21.31886696476521
21.346147273684963
21.375539716351142
21.40555018974375
21.435600610791926
21.465689191401438
21.501037539376025
21.530333704901867
21.55434526676488
21.584297792535654
21.618129489250315
21.645243570769242
21.67322380991875
21.70184901898722
