1506.6836579118747
1506.7135969622552
1506.7371209087594
1506.759043365588
1506.7622278353717
1506.7650125124749
1506.7693811432894
1506.7739423702994
1506.7751510177272
1506.7751515061886
1506.7751519031992
1506.7751521111127
1506.7751524373646
1506.7781871279672
1506.7865187263674
1506.7967364989865
1506.813953352139
1506.8360976059416
1506.8631372914467
1506.8927383347282
1506.922338009018
1506.9519368906656
1506.975629480527
1507.005238712446
1507.0349502088263
1507.06481130588
1507.0948091600117
1507.124932415275
1507.1550294199296
1507.1789880676617
1507.2088224845688
1507.2385217014773
1507.2680740837204
1507.2975786124982
1507.3270909709006
1507.3537477525933
1507.3779529439714
1507.3981584467933
1507.4257055345754
1507.4471989736467
1507.4662330889057
1507.479793261736
1507.4891925747975
1507.4989921239726
1507.5147908952695
1507.5314304511753
1507.548110695529
1507.564851778809
1507.578158059876
1507.5966540726952
1507.616213273646
1507.6402447485755
1507.668442485746
1507.6981265819231
1507.7278928427281
1507.75766946396
1507.7871571888652
1507.814475643351
1507.8399396098669
1507.8637898569386
1507.8881195598178
1507.908406768466
1507.9355562514147
1507.9605837283175
1507.9858557760533
1508.0149840113959
1508.042252871683
1508.0686865389198
1508.0950340351117
1508.1192954451506
1508.1347880318851
1508.1573374977138
1508.1821852025373
1508.2088173827135
1508.234238549325
1508.2582050811793
1508.2755768224474
1508.2993675257917
1508.3244502571333
1508.3508317125213
1508.3781103674519
1508.4054720601407
1508.427686482642
1508.4556633065706
1508.4841277000216
1508.5124232427552
1508.5409147542823
1508.569536773543
1508.5983988714427
1508.6270741590643
1508.6502358069893
1508.6793790348852
1508.7087920976185
1508.7381285984548
1508.7674675225883
1508.7909840504037
1508.820487428058
1508.8501911918431
1508.8801062454907
1508.9100990803834
1508.940080449913
1508.970086821761
1509.0001001721685
1509.0301123026152
1509.0601193191508
1509.084142980602
1509.1141654011078
1509.1442006671418
1509.1742259922257
1509.2042405082536
1509.2342485569725
1509.2642553785981
1509.2942557562371
1509.3242532266615
1509.3542541971724
1509.384253433536
1509.408255361368
1509.4382551574272
1509.4682563063564
1509.498260389211
1509.5282681268545
1509.5522765868077
1509.5822889515161
1509.6122971548011
1509.6423107404216
1509.6723258053642
1509.702343433287
1509.7323585788972
1509.7623785697524
1509.7863949247615
1509.8164154096569
1509.846431616447
1509.876443866773
1509.9064533605285
1509.9364585288859
1509.966460823672
1509.9964598066495
1510.0204573397139
1510.0504533727462
1510.0804479014187
1510.1104409801433
1510.1404331577899
1510.1704255092016
1510.2004161886314
1510.2304039011965
1510.260392527125
1510.2903799820758
1510.3143703695707
1510.3443572574113
1510.3743425358082
1510.4043276029533
1510.4343142743967
1510.4643024297634
1510.4942924790528
1510.5182850768933
1510.5482777606805
1510.5782711192385
1510.6082945708
1510.638348844656
1510.6683947914355
1510.69242572898
1510.7224577187171
1510.752484050187
1510.7825052027054
1510.8125220099614
1510.8425364065206
1510.8725482902319
1510.9025553157476
1510.9325621756477
1510.9565680624316
1510.9865754446319
1511.0165824767787
1511.0465898698678
1511.0765969495274
1511.1066034417593
1511.1306084858704
1511.1606139253197
1511.190618213269
1511.2206221180988
1511.250625573311
1511.2806651196818
1511.3106921689166
1511.3407164681576
1511.3647361811554
1511.3947594942647
1511.4247826247408
1511.4548061028586
1511.4848303800848
1511.5148548409336
1511.5448792589814
1511.5749042115906
1511.6049288740792
1511.634953706234
1511.6589703313998
1511.6889914357907
1511.7190122315276
1511.7490463688293
1511.7791468303647
1511.809360402653
1511.8396517918407
1511.8699534848251
1511.900251935255
1511.930532490332
1511.9607771737533
1511.984902864262
1512.0149469249848
1512.04487689301
1512.0748589592213
1512.0988294205365
1512.1287521789518
1512.1585822956026
1512.1884811229697
1512.218481850618
1512.2484896539183
1512.2784814853
1512.3084851961175
1512.3324932128835
1512.3624655044487
1512.3924419125622
1512.4224120892734
1512.4463852862855
1512.4763544685868
1512.5062990240444
1512.5362541919915
1512.5662299374574
1512.5962235563813
1512.6262003712843
1512.6561961797115
1512.6861906917663
1512.7101679821092
1512.7401393320376
1512.7701138334771
1512.800066162778
1512.830041926113
1512.8599989616757
1512.889953495561
1512.919943824421
1512.9499470761978
1512.9799263325106
1513.0039048798678
1513.033894148813
1513.063877707838
1513.0937672430548
1513.1235876153485
1513.153439956679
1513.1833327497782
1513.207220133084
1513.237098378342
1513.2669989711521
1513.2969253572394
1513.3208643282564
1513.3507851539027
1513.3807366832868
1513.410793051046
1513.4408433350009
1513.4708544274888
1513.5008330907267
1513.5248367686745
1513.5549291428201
1513.5851370338785
1513.6153799667707
1513.6456195841574
1513.6758046401997
1513.7059252758652
1513.7359433400218
1513.7659742698606
1513.7959801289228
1513.8199230513987
1513.8498749341738
1513.8799191773323
1513.9099460919174
1513.9398564009334
1513.969669366088
1513.9995117435237
1514.0293509767955
1514.0592482003822
1514.083174743432
1514.1131032683306
1514.143082029974
1514.1730751387474
1514.203029286481
1514.2330011701442
1514.2630405659065
1514.2931981738807
1514.323439701756
1514.347643208586
1514.3778351570008
1514.4079590932167
1514.4380028614526
1514.46795720206
1514.497928314355
1514.5279482945914
1514.5579450506189
1514.587899622449
1514.617856222234
1514.6417610511335
1514.6715513045388
1514.701328515798
1514.7311287498355
1514.7609703575058
1514.7908248481458
1514.8207955246212
1514.8508755474106
1514.8809730477699
1514.9110606550846
1514.9411288842937
1514.9711954099485
1514.9953003711676
1515.0254395908255
1515.0555294211324
1515.0855501629953
1515.1155300700664
1515.1454887349641
1515.1754492303908
1515.1994102957167
1515.2293797673155
1515.2593523166875
1515.2893113765936
1515.3192565698262
1515.349190695879
1515.3791161673676
1515.4030681806655
1515.433013765009
1515.4629656160707
1515.4929215178056
1515.5168956618068
1515.5469722442542
1515.5771659515465
1515.607417171222
1515.6376604217683
1515.6678423579945
1515.697915115792
1515.7279237451353
1515.751913695052
1515.7819201343289
1515.8119099570845
1515.8419442275317
1515.871925136861
1515.9019319753638
1515.931876726907
1515.961747787156
1515.9917226283255
1516.021759595581
1516.0517784496762
1516.0817856554158
1516.1117768995055
1516.1417553200247
1516.1717322850093
1516.1957095630828
1516.2256885057736
1516.2556666434534
1516.2856213168775
1516.3155873710325
1516.3455531552102
1516.375543094447
1516.405529785871
1516.4355132729304
1516.4655058778267
1516.4954824078247
1516.5194682747228
1516.5494447616722
1516.5794318149124
1516.6094104461358
1516.639405505053
1516.66937580117
1516.6993580029882
1516.729345022938
1516.759307419014
1516.789275785615
1516.81926550417
1516.8432574846086
1516.873153569698
1516.9030078205092
1516.9328761731222
1516.9627378785856
1516.992602464421
1517.0224759905261
1517.0523193623585
1517.076238738919
1517.1061320591737
1517.136050510676
1517.1660152791283
1517.1960088972278
1517.2260868901753
1517.2562079472593
1517.2803647865605
1517.3105617062488
1517.3407356656232
1517.3708186324245
1517.4007943024512
1517.4307342951577
1517.4606800485878
1517.4906160973371
1517.5205876768207
1517.5445468335479
1517.5744279291073
1517.6042651718783
1517.634136921182
1517.664029944683
1517.6939269760721
1517.723887212005
1517.7538173122375
1517.777840676679
1517.8077864269499
1517.8376477559705
1517.8675632730276
1517.8975915607168
1517.9277323235206
1517.9578667443022
1517.9820275660238
1518.0121359596421
1518.042164627035
1518.0720559483093
1518.1017856795183
1518.1315561366662
1518.1614508704904
1518.1902679330449
1518.2167989675029
1518.2361440893517
1518.257513227897
1518.2803189986653
1518.2989311284468
1518.3173801724683
1518.3366213015872
1518.3490008340216
1518.3584540672766
1518.368676761388
1518.381318256742
1518.3875806890558
1518.3898821094629
1518.3924156172884
1518.3991911141325
1518.4095393820674
1518.4297583588855
1518.4525877659462
1518.4761447655758
1518.4943222661666
1518.5080760223243
1518.5198285976094
1518.5292206745992
1518.5389796587542
1518.5495908055723
1518.5617969503821
1518.5695530287787
1518.5756499467489
1518.5821873937102
1518.5846182495977
1518.5873376575798
1518.592364734271
1518.6000021142033
1518.6049480036536
1518.6131161837054
1518.6228550048274
1518.630738820025
1518.6392708617238
1518.6546296915296
1518.6736288280572
1518.686753037877
1518.6944015960742
1518.699261503961
1518.7013241370075
1518.702987372041
1518.7089451931897
1518.718912282411
1518.725280599257
1518.7304615142962
1518.731851007182
1518.734059750026
1518.7346051417826
1518.7352484201626
1518.7367281859963
1518.742251164316
1518.7458419883967
1518.7487107978657
1518.7495181832353
1518.7499341304806
1518.752700738526
1518.756622618656
1518.7632531769461
1518.7658803825273
1518.7672072897888
1518.7674486265228
1518.7726389564077
1518.7829518104982
1518.7907607012526
1518.7961741510294
1518.7971414174551
1518.8041795813515
1518.8154116332166
1518.8300059430408
1518.8501232491988
1518.864749721381
1518.8733177499864
1518.8792859913922
1518.8794323521156
1518.8822403856661
1518.887024425184
1518.8913970506603
1518.8940984367764
1518.8950483122107
1518.898046995649
1518.907768349552
1518.9154451273632
1518.916193732758
1518.9229375230902
1518.9308677623867
1518.9405387399963
1518.9494530162285
1518.9535571315116
1518.9566398974675
1518.9629435583374
1518.9632447031477
1518.9645121638134
1518.9661248548177
1518.970906933582
1518.9804591139477
1518.9908103650353
1518.9985001673615
1519.0018648641674
1519.006206933426
1519.0102160373763
1519.015404778635
1519.0222381671958
1519.0337649590922
1519.0474091520512
1519.05933658991
1519.0632388069996
1519.0650158303267
1519.0676951949604
1519.0686271680156
1519.0733357723095
1519.076505892568
1519.0799128295898
1519.0825066107457
1519.0828917143124
1519.0860849847406
1519.0905113444253
1519.0971562420746
1519.1084220411062
1519.115712802689
1519.1169977625293
1519.1231706616336
1519.1326866410416
1519.1385718681142
1519.1480492559378
1519.1571600579696
1519.1627188227235
1519.1655660262088
1519.165913026921
1519.1689491458706
1519.1713585437644
1519.1784191772833
1519.1874131928896
1519.1947570030775
1519.2009122332797
1519.205614052878
1519.2139015973114
1519.219809768226
1519.2198860961175
1519.226566987636
1519.2344493531164
1519.2446292259394
1519.2558517255998
1519.266295288535
1519.2759756401404
1519.2810023344553
1519.2816963778305
1519.2865986056936
1519.2975119422433
1519.3096334814836
1519.3203761000514
1519.3290017189388
1519.343513778495
1519.3588000868751
1519.3736406400385
1519.3867217928216
1519.3930266532632
1519.397031112765
1519.4003463834172
1519.4021375792659
1519.404487978774
1519.4106736866759
1519.4149900385257
1519.4175951543973
1519.4212083321436
1519.4305585707223
1519.4394949732769
1519.449243350014
1519.461292079174
1519.4774242718147
1519.491570839574
1519.5005088101022
1519.5055210911094
1519.5066583207447
1519.5079195942446
1519.5118857120792
1519.5135221384708
1519.513657125064
1519.5154072116677
1519.5229236307634
1519.5257690322612
1519.5283619530503
1519.5394739934507
1519.557134982857
1519.5766448086845
1519.5980413708646
1519.6151526656938
1519.6262082245253
1519.630327484466
1519.6312819389004
1519.6339631184749
1519.6343558140234
1519.638619345696
1519.64574548853
1519.651519545028
1519.6525509831795
1519.6535658930104
1519.6607177820592
1519.675276482457
1519.6928708027772
1519.7033179832122
1519.7173308771798
1519.7291258826663
1519.7405024667007
1519.7425655391812
1519.743309373362
1519.7469503643415
1519.7475076849505
1519.7503023624606
1519.7528919346196
1519.7529599255804
1519.7567596437154
1519.7636942068718
1519.772024911673
1519.776847972716
1519.7838215570912
1519.7916043208872
1519.8021770777386
1519.8138670652402
1519.8217179829426
1519.8273512859987
1519.8316348309731
1519.8321704753876
1519.8324369244458
1519.8332052017345
1519.8333528352528
1519.8372233381506
1519.837332599635
1519.838240570366
1519.8414604508641
1519.8470624264273
1519.8498198647817
1519.8512662537698
1519.8534859824792
1519.8584137272703
1519.8630889693525
1519.8661360158217
1519.866318521053
1519.868658177807
1519.8698346720569
1519.871023745831
1519.8723169395787
1519.8726797858042
1519.8751336594387
1519.8816167659866
1519.8916919437872
1519.9029556789487
1519.9097447099823
1519.9097749315076
1519.9137653337214
1519.9182599449928
1519.9222764555486
1519.923492705742
1519.9238440236277
1519.925023940445
1519.9292821585134
1519.9351165941457
1519.9425953099892
1519.9474599836883
1519.9498022781881
1519.9566420387723
1519.9636797266664
1519.9650535085402
1519.9688623247152
1519.9692008860836
1519.9761318170229
1519.980544989009
1519.9816293797028
1519.9822733157305
1519.9848608463274
1519.9937078676412
1520.0044563159584
1520.0108122012573
1520.0127652208523
1520.0135157198972
1520.0170639069258
1520.0205662947296
1520.030402148414
1520.0429237805743
1520.050365415286
1520.0570051213313
1520.0632038413103
1520.069758705347
1520.0711270786883
1520.0786037362795
1520.0886987752624
1520.1016654805069
1520.1158842488844
1520.131054516551
1520.1475035637304
1520.1623091357144
1520.182219074488
1520.1992949175442
1520.212833547948
1520.2235080356584
1520.2274921336025
1520.2283098367477
1520.2315103247383
1520.2383816151037
1520.2497147499691
1520.2611964699395
1520.2742322190456
1520.282901577686
1520.28754619168
1520.2923238690623
1520.2935574929547
1520.2962994256297
1520.2982699073023
1520.301916529621
1520.308061523627
1520.316317536509
1520.3250169266976
1520.3255986527129
1520.3323444553057
1520.3421120535997
1520.3521416425435
1520.3631514169383
1520.3751827364051
1520.382926608104
1520.3836687626929
1520.391507701354
1520.4013152342723
1520.4111311630443
1520.4126574598258
1520.4130266721222
1520.4165698151157
1520.4231618964443
1520.4264916712127
1520.4315417830524
1520.4392844718477
1520.4414385371651
1520.4488843508664
1520.4595449409787
1520.4653167654399
1520.4729567563884
1520.480603449546
1520.4895308750702
1520.490061132065
1520.4951424509713
1520.5019302617115
1520.5036843454416
1520.506731252125
1520.5076703887646
1520.508396770039
1520.5099454232436
1520.5124329816929
1520.5146597734424
1520.5147657961713
1520.5191016839042
1520.5281220514516
1520.541920692016
1520.5538158211393
1520.5621143903622
1520.5656227068007
1520.5697907077222
1520.5777575376546
1520.5850184092587
1520.5900036802034
1520.5946894667322
1520.5965275222825
1520.598122461088
1520.6041105721183
1520.6142914710586
1520.62639049262
1520.6332582735338
1520.633287908537
1520.6370702219674
1520.6433107786568
1520.6543504960607
1520.6602474589652
1520.6640531503529
1520.664684907708
1520.6697170912596
1520.678516723673
1520.684608313589
1520.6850410810043
1520.6926046335077
1520.7016839732794
1520.7159873506628
1520.7278804041605
1520.7350854319952
1520.7356583832345
1520.7413392631274
1520.7509340828835
1520.7562962636434
1520.7574709228807
1520.7651019234772
1520.7791389975632
1520.7932152270275
1520.8091942923438
1520.8205651721225
1520.8267744089205
1520.829005347341
1520.8377126030405
1520.8486897933608
1520.8592533518151
1520.864220659274
1520.8699241103914
1520.8759858461765
1520.8816504679874
1520.887460016739
1520.89715603045
1520.9038169237683
1520.9171603989028
1520.9343872871584
1520.946438676585
1520.9554074594473
1520.9628358827526
1520.9645984132142
1520.9707458049397
1520.9740005425758
1520.9741115084248
1520.9791810001052
1520.9913738754171
1521.0057109906547
1521.016170695605
1521.0305846005313
1521.0423011630833
1521.0515983401706
1521.063575280494
1521.0746517581595
1521.0868497561357
1521.1005832511455
1521.1142550452435
1521.1255053986065
1521.1318585882111
1521.135629632116
1521.137675928519
1521.1397528523214
1521.1418539306944
1521.148944746082
1521.1527857348788
1521.1622472053632
1521.1742140130198
1521.1846300852148
1521.1929781542992
1521.1961503494083
1521.2013154526726
1521.2021470319812
1521.207384407447
1521.2074225988765
1521.2119311558124
1521.2208304131473
1521.2300413877238
1521.2402515693934
1521.248409941212
1521.2509675032322
1521.2566764139642
1521.263399575417
1521.268897351418
1521.2726833065128
1521.2808575398901
1521.2870585487738
1521.2961099971512
1521.3102607164053
1521.3281708640823
1521.3459106711707
1521.3580115892403
1521.3684206855469
1521.3732074483873
1521.3795649000576
1521.3884010293195
1521.3971376780976
1521.4015115361801
1521.4015299544637
1521.409490590291
1521.4268977010152
1521.4517020184921
1521.4749199154405
1521.4950806178658
1521.5091716304303
1521.523123497551
1521.5279462582553
1521.5296035751537
1521.5355289037977
1521.53787557768
1521.5395494987042
1521.5403324105428
1521.5453641558597
1521.5499395938532
1521.5533370015844
1521.5552018555823
1521.5589608909775
1521.566992470856
1521.5790226223655
1521.590128758635
1521.6004190133526
1521.6089417088924
1521.6130702690216
1521.6172105949643
1521.617743626632
1521.6189818294008
1521.6204460153183
1521.620794419487
1521.6211641148454
1521.6244908641304
1521.6293012922022
1521.6298422463483
1521.6336260381504
1521.6404282142175
1521.6488702308602
1521.6593107083115
1521.6638440307752
1521.666230791355
1521.6730225743777
1521.683006849388
1521.6929741541592
1521.7010277018103
1521.7038406696588
1521.7065128262636
1521.7070685937506
1521.7114410643776
1521.711900370588
1521.7151521054482
1521.720977859846
1521.7353188712923
1521.7531195851686
1521.7687463514735
1521.7827150051044
1521.790330349518
1521.7906904481945
1521.7999721857293
1521.8157611673591
1521.833979802774
1521.8522171560926
1521.8725075774075
1521.8963195324384
1521.916544424187
1521.9322747308104
1521.944969591408
1521.9516104371874
1521.9552014897204
1521.9579122612836
1521.9620084417897
1521.9637178584446
1521.9644294113778
1521.9671748349997
1521.9682585948078
1521.971102913001
1521.9755313802864
1521.9866879292863
1522.001836106486
1522.018467203936
1522.0372556122252
1522.0526103590103
1522.07365424373
1522.087313227829
1522.0945175757622
1522.0949408580839
1522.1008565741927
1522.1118180684798
1522.1179702714269
1522.1185055727783
1522.1197969739535
1522.1215142196481
1522.1234236420999
1522.1286556777977
1522.134165501947
1522.1385058158469
1522.1426605117979
1522.1509864390198
1522.1545326520713
1522.1553897275842
1522.1618129287629
1522.1692937436756
1522.1804914936565
1522.1885198433747
1522.1900870217812
1522.1957070777396
1522.199742715115
1522.2010056935749
1522.2086493733227
1522.2212561126446
1522.2350742230424
1522.241652799943
1522.2435423685408
1522.2475066281706
1522.2490697297608
1522.2518965982488
1522.2538288344153
1522.2592594210741
1522.2662643968258
1522.2701247776438
1522.2754636907625
1522.2767485978989
1522.2834996362305
1522.2936272189443
1522.303872235433
1522.3142309568711
1522.3257740101408
1522.3310345612351
1522.3314376025603
1522.3353663147802
1522.3367794853752
1522.3377436664578
1522.3410578126602
1522.3418657281231
1522.342953063163
1522.3435359357322
1522.3522727643515
1522.363654167097
1522.3701446859175
1522.3761941315418
1522.380057386206
1522.3858333602916
1522.3915259845135
1522.3948092394241
1522.3970981224452
1522.4004125989372
1522.4054223076305
1522.407986268104
1522.409181146861
1522.4143495954916
1522.4218954894068
1522.4269400883236
1522.4315417640491
1522.434072855706
1522.4403249026068
1522.4535616745206
1522.4641045513245
1522.4746116741933
1522.479141831587
1522.4830093929086
1522.4911360756687
1522.4976825820715
1522.5057139255925
1522.5162822231835
1522.5259191307223
1522.5355162831088
1522.5391161256853
1522.541946752317
1522.5438710684596
1522.5509333041
1522.560520637737
1522.5655260593364
1522.5673639574704
1522.5706151828842
1522.5727051906917
1522.5730102454863
1522.5769372528898
1522.5829210259924
1522.5893222127722
1522.5954784146802
1522.5994695193976
1522.605541004166
1522.605945792113
1522.6129253881404
1522.6244675653368
1522.634101631606
1522.6353355490448
1522.6433035694877
1522.650448078316
1522.6586430319735
1522.6703824676842
1522.68126004912
1522.693480597788
1522.69945600423
1522.7004562397947
1522.7075823577861
1522.7145656789937
1522.7221112906673
1522.7267577607088
1522.7284189915424
1522.7347834257596
1522.741890237142
1522.7486965841615
1522.752633434062
1522.753235288358
1522.7558913524813
1522.7621006208096
1522.7707215927767
1522.7802884761813
1522.7887592078976
1522.7888232374348
1522.7987621563525
1522.8119034330484
1522.8158501504288
1522.8183030781827
1522.8291646462878
1522.8443210843193
1522.85787197526
1522.870992025463
1522.878524348076
1522.8803420845056
1522.8838515154805
1522.8869623643873
1522.8928223765486
1522.8947090255358
1522.8956251323048
1522.8975986215912
1522.9007786170184
1522.9043543881016
1522.9124910869402
1522.9284905355269
1522.9406468765853
1522.9471905562652
1522.9592896146742
1522.9676364724348
1522.9683218171785
1522.9740492729243
1522.9809637156973
1522.9879136744494
1522.9980412099342
1523.005061491081
1523.0126945149427
1523.0240921978934
1523.0363037890781
1523.0464201538325
1523.0557036551988
1523.0696086151709
1523.0783055023812
1523.0832272958494
1523.0905962087204
1523.090917211011
1523.0996652029576
1523.1076238336957
1523.112626532069
1523.123625186349
1523.134079456622
1523.1392682632163
1523.1453467715853
1523.1490301028607
1523.150397666067
1523.1513916605702
1523.1569023584566
1523.1607498370595
1523.1632053556243
1523.1713347850357
1523.1805598937
1523.184880391052
1523.1861049944678
1523.1927259154836
1523.204051781511
1523.2118193654876
1523.217688055522
1523.2195806186999
1523.2229209267066
1523.2231190126836
1523.2264584422865
1523.2278556034416
1523.2309775587394
1523.2361441880707
1523.2381756162122
1523.2444577016404
1523.2490844012723
1523.2532567049648
1523.2546051807217
1523.2547951895492
1523.2560502785968
1523.2584088300857
1523.2610688080035
1523.2661835720437
1523.2712684082367
1523.2741969001243
1523.2785086459903
1523.2883162334122
1523.2964077826812
1523.3046289845263
1523.3128603348023
1523.3133542296923
1523.3152466427048
1523.3194939931818
1523.3309201392992
1523.3423475863249
1523.3488342443425
1523.3503148976674
1523.3553045332972
1523.366098508411
1523.378005057105
1523.3866663265194
1523.392869473536
1523.3970590455162
1523.4018415296277
1523.405219724027
1523.4114265725032
1523.422365764234
1523.4353227094548
1523.443801483837
1523.4474917423256
1523.4508216601612
1523.459822139369
1523.4750956917226
1523.4900807791237
1523.5035632241681
1523.5101893634685
1523.5208816921295
1523.5321547853318
1523.5416914563373
1523.5539858576794
1523.5647011477204
1523.572118583845
1523.582625767764
1523.591781840463
1523.5986799692098
1523.5998093037347
1523.609320767908
1523.6233433702278
1523.6430976173565
1523.6635936929008
1523.6811820578816
1523.6959888167123
1523.713394630874
1523.724515375292
1523.7317869976764
1523.7383165178642
1523.7456658726296
1523.7498454724778
1523.7500338431348
1523.7532558874632
1523.754200846586
1523.7584245454339
1523.7606160186278
1523.7648493507832
1523.766076287939
1523.769634906662
1523.7718228658869
1523.7758733622454
1523.7831907636214
1523.7978227992992
1523.811574954118
1523.823354094534
1523.832729069596
1523.8418485578895
1523.8508906187935
1523.8587206411494
1523.8632204255885
1523.8690851084882
1523.8695026805049
1523.8724374544197
1523.8770887313892
1523.882145791428
1523.8888155922812
1523.897086492887
1523.9047675274824
1523.9186393430994
1523.9367843630823
1523.9500548180024
1523.9596956217777
1523.9726338269725
1523.9838111568238
1523.9961780965582
1524.0086288897176
1524.016572059971
1524.01995939243
1524.0226942591505
1524.0274801908581
1524.0401297038084
1524.0564528055024
1524.070411522679
1524.0819310766988
1524.0907113713522
1524.0958916018124
1524.1048384985256
1524.1150184463443
1524.1289811984482
1524.1389410660015
1524.140499839975
1524.1425442096427
1524.1473297931798
1524.1561747070618
1524.163446821325
1524.1674276740987
1524.1702753045859
1524.1713145485835
1524.1715885831954
1524.1742143736549
1524.1755571450508
1524.181393161585
1524.1938830969257
1524.2103871327768
1524.221695039364
1524.2248218096306
1524.2255729576987
1524.2313959953892
1524.236551111301
1524.2456142302035
1524.2470924781642
1524.2508527718185
1524.2517581414663
1524.2525587007374
1524.2613820817733
1524.267395974889
1524.2718079858507
1524.276618918029
1524.2769886615688
1524.2792250651069
1524.2794602527124
1524.2844311116444
1524.2862579779528
1524.2902065022597
1524.2912298464717
1524.2962434850153
1524.2992994171852
1524.3023103480555
1524.3025987036028
1524.3057073832044
1524.3082893558897
1524.316560417804
1524.3228386172589
1524.330722894716
1524.3368453205073
1524.3410801458315
1524.3431602785997
1524.3476567302662
1524.3511597813185
1524.3558809021704
1524.3571567259644
1524.3623753235072
1524.3718878222796
1524.382071571312
1524.3888442685
1524.393345668362
1524.395696554717
1524.4034956514988
1524.4104197038296
1524.4149072126236
1524.4157895089145
1524.4197669046791
1524.42805873655
1524.4316497931172
1524.4368566839064
1524.4458972280238
1524.4580389999928
1524.4726458847958
1524.4854353377211
1524.492632859833
1524.4963218380228
1524.4966827203727
1524.5034739839994
1524.5090740410637
1524.5126266325397
1524.5132853601494
1524.517878621297
1524.525656067748
1524.528578652421
1524.5300835191758
1524.5355812044436
1524.5400670462475
1524.5406089348342
1524.5416520059732
1524.5418412462625
1524.545415337764
1524.5544847494448
1524.5587694422386
1524.562061328024
1524.5651513951482
1524.5654831297782
1524.5682455514686
1524.5705127660215
1524.5743851911745
1524.5758982846185
1524.579145925016
1524.5807586697904
1524.586885463427
1524.5943480343012
1524.5956569558589
1524.5981836280853
1524.6048648329797
1524.6149382677704
1524.6261813455997
1524.6363355366843
1524.6454351382743
1524.6559043715436
1524.6661685330785
1524.6807341912993
1524.6941154634187
1524.705225748667
1524.7087276445363
1524.7136484326206
1524.7205239724883
1524.733880216288
1524.7509837957766
1524.7692528198647
1524.7802860796469
1524.7836062625493
1524.7845392356405
1524.7873194892697
1524.787657207966
1524.7908522621385
1524.7990756758318
1524.8112574040547
1524.8242291462914
1524.8302795317645
1524.8329136263344
1524.8370065839872
1524.8466522971669
1524.8598368958262
1524.8750237218308
1524.8834480752105
1524.887513163507
1524.8894578490654
1524.8958115760363
1524.905782389553
1524.9129569566899
1524.9205700275443
1524.9265065362683
1524.9347195779496
1524.9356245482604
1524.9395799161025
1524.9476482114103
1524.954509577369
1524.9602742561895
1524.9639422012237
1524.9654872387516
1524.9718805444784
1524.983087234033
1524.9962652996417
1525.0026352699101
1525.0042871515038
1525.0103255881438
1525.0207142203813
1525.0336627615654
1525.0482811366373
1525.060110978534
1525.0666873539992
1525.067748254318
1525.074493927268
1525.0784492795776
1525.078897764717
1525.0801425983655
1525.0817602897819
1525.083662819972
1525.0853059737153
1525.0860818933163
1525.0905349181567
1525.0910198528557
1525.095111324692
1525.1018288018156
1525.1123097443322
1525.125769184302
1525.1400699760316
1525.1567103444852
1525.168752695851
1525.1731379449725
1525.1734628776137
1525.1758625217453
1525.178310725022
1525.17877783731
1525.1839357380866
1525.189740223463
1525.195440326901
1525.19805031644
1525.2007363139414
1525.208896043663
1525.2199062952182
1525.2314625888619
1525.2405908290232
1525.2468620562217
1525.255008756042
1525.2618942901117
1525.2646987369442
1525.2659499754636
1525.2684224292439
1525.2747878226673
1525.2817827236377
1525.286646370264
1525.2905203763646
1525.294227714962
1525.2974993882387
1525.3035099030762
1525.307189139472
1525.3131182264624
1525.320661549844
1525.326559538426
1525.3291947114105
1525.3302695206453
1525.3343064781868
1525.3448768550625
1525.353691919837
1525.358485340359
1525.367589078243
1525.3813442949934
1525.391898432947
1525.3995179919464
1525.4000468989657
1525.4036827513019
1525.4074886604592
1525.4143395649205
1525.4232273991393
1525.4287762449699
1525.4379123756275
1525.4498548202255
1525.4649162605747
1525.480655680229
1525.489981487734
1525.4944357513648
1525.497122020308
1525.5071133283536
1525.5199474995002
1525.5341858677925
1525.5431888885084
1525.545192384006
1525.5473550980148
1525.551321079484
1525.552484866167
1525.5544296321154
1525.5579676751333
1525.5638952026686
1525.5639079664845
1525.5675363713874
1525.5745335136842
1525.5816360436627
1525.5822256849885
1525.582293271198
1525.5830345551897
1525.5855146643794
1525.5859523837871
1525.5888943445336
1525.594481870832
1525.599291119164
1525.6049021662313
1525.6097948896731
1525.6125323846659
1525.624975416991
1525.6422278832652
1525.6562416412214
1525.6661715319265
1525.678161653115
1525.6889867836856
1525.6947325606793
1525.6949359958785
1525.7027075685164
1525.7092886977505
1525.7156212615723
1525.7174590400634
1525.720806702631
1525.726396051451
1525.7268228521905
1525.7275268097828
1525.7300228159465
1525.7328824980439
1525.7334339825447
1525.735814841456
1525.7378260887426
1525.742874501118
1525.7494391381638
1525.7579310498704
1525.7636597612955
1525.7662710287532
1525.7673098347
1525.7706132808341
1525.7745140346376
1525.7768707019736
1525.7793293685543
1525.7858687577454
1525.7971482565288
1525.8089387470648
1525.8127349449403
1525.814771927256
1525.8241733088478
1525.8352644110248
1525.841323046755
1525.851789998882
1525.8665982674463
1525.874445521316
1525.8788619283987
1525.8806214630938
1525.8810872845545
1525.8852774004074
1525.891160611757
1525.8986366518127
1525.9001428780582
1525.9032617077166
1525.9047188309453
1525.9097918306281
1525.9160867472315
1525.917850925952
1525.921168878349
1525.9245180687028
1525.9356830190188
1525.947885153088
1525.9606680332063
1525.9680717392052
1525.971119486667
1525.9716794875496
1525.9729884163871
1525.9736575261275
1525.976463081158
1525.980308134105
1525.9875427877564
1525.9953847518984
1526.0011602795093
1526.001797217
1526.0086790990426
1526.0198298786288
1526.0304186503613
1526.0417683645005
1526.0518992221387
1526.062963372102
1526.075303872844
1526.0850130599722
1526.0917599634802
1526.092849808364
1526.097997984301
1526.100130239635
1526.100922516299
1526.109654854982
1526.1231894139296
1526.137605643571
1526.1460463561596
1526.1478993169176
1526.1482392713829
1526.1484762136517
1526.1504886996615
1526.1548792521598
1526.1560601462531
1526.158280391882
1526.1618207036688
1526.1690616220799
1526.1758331832857
1526.1827150150295
1526.1919219094984
1526.2029665634625
1526.2101235527302
1526.2182789014414
1526.2239769312669
1526.2284844946148
1526.2313634119005
1526.2387432808787
1526.2518650459772
1526.270126185034
1526.2895197649714
1526.3026325572257
1526.316421771745
1526.3261096529077
1526.3332669131407
1526.3390892906725
1526.3468111481402
1526.3576468147512
1526.3620485068782
1526.3630856068046
1526.3680714850434
1526.3772905695755
1526.3879231845258
1526.397610445711
1526.403623162236
1526.4064806709225
1526.4083063145372
1526.4139835411004
1526.4145476504611
1526.4241884708058
1526.4401760046542
1526.4571191378473
1526.4711596144257
1526.4868648906847
1526.4977400447185
1526.5034460347104
1526.5037409629304
1526.5077267838653
1526.518509670665
1526.528046279874
1526.5355288583362
1526.5433615671943
1526.5471846882724
1526.5494793837315
1526.550539513922
1526.5513264625588
1526.551537104975
1526.5569071614361
1526.5618979289081
1526.5622960443975
1526.562314735643
1526.5659619872831
1526.5679625252235
1526.569314640848
1526.5705905938196
1526.5783035723528
1526.5914366445845
1526.6003494465585
1526.6140673797045
1526.6229766453312
1526.6246487231845
1526.6272636399667
1526.6282274054333
1526.6294033864044
1526.6294312436787
1526.6309220232095
1526.6356110099325
1526.6412773442246
1526.646780472161
1526.6574014954774
1526.6695778961334
1526.6819656108196
1526.6903311515796
1526.7026590171638
1526.7145061554036
1526.7187295641884
1526.719315182563
1526.72294081699
1526.730123062214
1526.733988993543
1526.7346630954273
1526.7377279239995
1526.742412241374
1526.748361690142
1526.7563160981506
1526.7656359213065
1526.7737413904902
1526.78555586874
1526.79376236577
1526.7957603498096
1526.7983246724275
1526.8014351530016
1526.8017131056251
1526.8057019135426
1526.8140890282066
1526.8216651917212
1526.8232288610773
1526.825408981116
1526.830706407633
1526.8384303205848
1526.8508544057527
1526.866622469503
1526.8861789035882
1526.90119495491
1526.9124544687545
1526.9227652190152
1526.9294850647395
1526.9329111143134
1526.937430895714
1526.9455876975787
1526.9563663933075
1526.964375533645
1526.975585225905
1526.9877150482512
1526.993457655051
1526.9944866834812
1526.997648752744
1526.999734083784
1527.002837461058
1527.0073832594287
1527.020793425584
1527.0301289007698
1527.0368565413687
1527.0387121854
1527.039552628891
1527.0417315210339
1527.0466776681596
1527.0492201807
1527.0515184416754
1527.0535226920824
1527.0571342247526
1527.0575173637985
1527.058825199786
1527.0632969167218
1527.0667594142722
1527.0728746357327
1527.0756623289392
1527.0779522969751
1527.0784999550322
1527.0790903803575
1527.0798300244987
1527.083809047612
1527.0929120093901
1527.1044438469805
1527.1135174228784
1527.1177983410082
1527.1194408098352
1527.1207223735573
1527.1246245457694
1527.1277585079538
1527.1291273380543
1527.132470973039
1527.1342860883035
1527.1388763788864
1527.1466668125988
1527.1534976889373
1527.158306034831
1527.1641503161663
1527.1723475524686
1527.1755743751517
1527.1766370061473
1527.177259719035
1527.1852607074982
1527.2004490797453
1527.2116377322043
1527.2178783754437
1527.2218413569772
1527.229490009917
1527.2330660528403
1527.2366894940799
1527.2403256930604
1527.2475090802523
1527.2534215362134
1527.259291908457
1527.2672697689675
1527.2766117631925
1527.2804526297334
1527.28074863689
1527.282635376437
1527.2836704127385
1527.2863181616206
1527.2892140215579
1527.293315276672
1527.2994470480357
1527.3075909677762
1527.317274157504
1527.325640469629
1527.3340665504468
1527.3345535348142
1527.3365359355253
1527.336981488148
1527.3395126509822
1527.3482953775583
1527.3571494731032
1527.3642791352638
1527.3649286423547
1527.3673553790609
1527.3683246791593
1527.3685446790441
1527.376594045411
1527.3832629271444
1527.3850101278044
1527.3874958314716
1527.3886420619453
1527.3953628894592
1527.397266210855
1527.3992420345567
1527.4009996864027
1527.405188279501
1527.4104300660315
1527.4146396879837
1527.4170600950922
1527.417494492375
1527.4207169712329
1527.4235110374523
1527.4280792450447
1527.4361270197783
1527.4464401162911
1527.4599495772543
1527.473801458195
1527.4812590690422
1527.4813971256733
1527.4859553725405
1527.4926326763173
1527.5045554136216
1527.5167726356308
1527.5332117890455
1527.5449859201685
1527.5558647383998
1527.5627043678253
1527.5629381684303
1527.5695406628386
1527.577347291615
1527.5809148605902
1527.5839095779195
1527.5927631042123
1527.6016888098727
1527.6026396385412
1527.6104868233258
1527.6219964672082
1527.6343410737697
1527.6437148289297
1527.6566837169562
1527.6720123487648
1527.6816975745191
1527.6857783176856
1527.686948361757
1527.6940229872187
1527.7036764255424
1527.7119982963375
1527.7191622738703
1527.7233093803197
1527.723357396903
1527.7263252857003
1527.7308391008437
1527.7378128232547
1527.7468092349884
1527.7508784327763
1527.7555523381498
1527.7621664382882
1527.7669921178024
1527.7679342039883
1527.772130889864
1527.77766472874
1527.7897667825675
1527.8073444640336
1527.8189366937816
1527.8265341825534
1527.8280945079723
1527.8361264819123
1527.8466208991276
1527.856688659287
1527.8689082913606
1527.8751115023247
1527.8760503680548
1527.8773408033283
1527.8797211166184
1527.8858384910043
1527.8904098228036
1527.8941314073086
1527.9007341871593
1527.910497124051
1527.9164796497403
1527.9169023364448
1527.925451292732
1527.9388718501013
1527.9550043974143
1527.972103123958
1527.980467348153
1527.9891551179192
1527.998119485239
1528.000639765066
1528.0040879446676
1528.0121770132416
1528.0196021476459
1528.025053093033
1528.0280716716152
1528.03018928881
1528.030814769936
1528.0346447096204
1528.0372553818738
1528.0381562334278
1528.040731794484
1528.0470894240536
1528.0582737743255
1528.0667998512497
1528.0795302129416
1528.09060014409
1528.0963561988756
1528.099232204753
1528.106073060394
1528.1154611473994
1528.122715550027
1528.1232928911736
1528.1251796474062
1528.1286049832675
1528.1319131263808
1528.1320562456026
1528.1362978190534
1528.1474628748986
1528.1597427285917
1528.17597963344
1528.1902556798868
1528.1977082976625
1528.198968922298
1528.204422053212
1528.2143411071818
1528.2249337547414
1528.229713768665
1528.2303760054292
1528.2319397797492
1528.2359923302774
1528.239775698896
1528.241146557553
1528.2436898328183
1528.2478166177625
1528.2557925480937
1528.2646378471989
1528.272404622051
1528.2828510931793
1528.298489381632
1528.3093726311358
1528.3117698068154
1528.3165854971694
1528.3241561304578
1528.3295661627458
1528.336615586621
1528.3367580976005
1528.3417913131018
1528.3490341044496
1528.355926830889
1528.3572047801288
1528.3584091867826
1528.361804952125
1528.3637752025602
1528.3698693338388
1528.3759209752757
1528.3795253988833
1528.3795876355857
1528.3817884153807
1528.3855946151143
1528.3878912438774
1528.3961024326704
1528.4079981946861
1528.4227562427282
1528.4336078547797
1528.4454022524465
1528.4522290592824
1528.4536677764825
1528.4592364315577
1528.4702225127674
1528.4834359470626
1528.4955910044864
1528.5021209413678
1528.5033844773438
1528.5037108423408
1528.50674521568
1528.5100920667642
1528.5108766784113
1528.5181193610974
1528.5263507168715
1528.5341691813712
1528.5376056421935
1528.5409059714964
1528.550655927754
1528.5621226769963
1528.5714712452364
1528.583229517822
1528.5918557654281
1528.5922838827505
1528.60141708578
1528.606158953221
1528.6067057205216
1528.610755568135
1528.6145397678458
1528.6183591219883
1528.6233512993317
1528.6267533123396
1528.6310607384119
1528.6374953822085
1528.6482044144302
1528.6583585536896
1528.665305657623
1528.6694521204086
1528.6697779549513
1528.6779788793776
1528.691581341374
1528.6995645316888
1528.7079213856337
1528.7118727525633
1528.7123756038568
1528.7160745645244
1528.7254513090734
1528.7289765413007
1528.7290025741543
1528.735258627169
1528.7479537817132
1528.7606952587576
1528.7679200120733
1528.7763380693198
1528.784778228919
1528.7912483202037
1528.7923757510025
1528.7984493457482
1528.8066300528992
1528.8154575387257
1528.8268147149367
1528.8324626024967
1528.8344221530524
1528.8344341120396
1528.838090411109
1528.8475793019804
1528.858525086537
