-7.017679352802221,0.4806720245783988
-7.0199049833745,0.5043306748460925
-7.024023125582454,0.5265795951371568
-7.025154945185751,0.5312019917982718
-7.026284532900744,0.5354118295573415
-7.027395352471541,0.5392113293575972
-7.032507838924225,0.5533725992029941
-7.035975674035234,0.5609617789456356
-7.0383535129187464,0.5655742635301062
-7.039331209437058,0.56735655846527
-7.039339059026973,0.5673684775826625
-7.039338009206655,0.5673671021478937
-7.0395400794657705,0.5677285531831618
-7.0434776885224855,0.5747712628866298
-7.050145412208081,0.5866889035787238
-7.062313901239518,0.6083651836077862
-7.074537574583598,0.6289384691154474
-7.090070887435539,0.6531055643542603
-7.10540334726383,0.6753500742307074
-7.120100256918771,0.6952723454359531
-7.136725668276709,0.7143469501764848
-7.155310723161676,0.7303090644899258
-7.17147368956312,0.7401268224046859
-7.1976725057274376,0.7512446578995781
-7.220448644909089,0.7584513785773983
-7.239641618207339,0.764171800369353
-7.261448395194497,0.7711417100828115
-7.283962650509454,0.7790363300276273
-7.305433341591858,0.787075527656509
-7.327142994378366,0.7953717231878793
-7.351840078572404,0.8049976911900733
-7.3775349787858815,0.8162318422460336
-7.404332115104061,0.8296432852943788
-7.430245199668935,0.8450341959593181
-7.454631395125073,0.8628670602662364
-7.476776648431028,0.8833759132715772
-7.496340787843835,0.9064459683611072
-7.512319008349759,0.9315765615953722
-7.523557054949211,0.9534306025620471
-7.531737118327095,0.9723582442043817
-7.537982300072356,0.9919164683463726
-7.540539784904803,1.0078925042705043
-7.5402039803185845,1.0192719920182909
-7.538233149291913,1.0292368981824263
-7.532844202408044,1.0431137457708142
-7.527531443092009,1.0520454233474639
-7.517439380840778,1.0645110888020113
-7.505471339870953,1.0763814645003815
-7.491658954231315,1.088842138192633
-7.474991154641407,1.1039232352564943
-7.457699430523616,1.121171513096002
-7.443622473444641,1.1373800652095327
-7.42624084420939,1.1587606446056056
-7.4081697540148,1.1807102763104222
-7.394368240616062,1.197743653790245
-7.379241951184338,1.2177814788157122
-7.365353970061347,1.238940228760463
-7.352671719124599,1.2599674500552895
-7.343259405202317,1.2771988085578354
-7.333701306950711,1.2996937732341796
-7.3265478781789595,1.3231851126682102
-7.3202731045226805,1.3470669121829755
-7.313431513642861,1.3704820079837592
-7.30663896657915,1.3898979707502317
-7.2985709847829865,1.4112061650421583
-7.2875709538110485,1.4380846021834062
-7.275953312467265,1.4652203266085828
-7.265744840899985,1.492763582717318
-7.259936044460721,1.5152583768195023
-7.256736596660605,1.5433420261278672
-7.256938092744825,1.5717409319210793
-7.258800107881198,1.6011804842441468
-7.261152111595062,1.6291711560110287
-7.263323478527931,1.652246799299967
-7.265306260149518,1.6713957217720303
-7.266800271675558,1.6862346281446192
-7.268931634003157,1.7087817647782542
-7.271468288137496,1.7360927926576615
-7.2740428752255495,1.7656980701646097
-7.275942331585335,1.7894199344631996
-7.277297984058471,1.8183576390541036
-7.276670927219756,1.847522456629625
-7.275136037950617,1.8765195193785689
-7.274320263912133,1.906011790488114
-7.274533710738797,1.9301137001869704
-7.277342773598223,1.9599766834074885
-7.284720384051835,1.9887583022497017
-7.297147570990467,2.0156942076627096
-7.312979924390663,2.040962448243427
-7.326824993006069,2.0605131183074485
-7.34415261911467,2.0850787997706073
-7.359903578681721,2.1107950417037338
-7.370900881603164,2.132246778481459
-7.382975940919204,2.159854401338939
-7.39288367400071,2.1883095150938745
-7.400958824189238,2.217316742583406
-7.407655369648462,2.246600563508021
-7.41308382249328,2.269923212656532
-7.421593155701178,2.298487371974843
-7.433381084863877,2.325827867168508
-7.444471420463134,2.347027383260362
-7.458819143511789,2.373403933375202
-7.471976609465196,2.4005303437817793
-7.479894381544936,2.4216056905022287
-7.486289980101208,2.445899987490518
-7.490265952434805,2.4699920320620743
-7.493713408302064,2.4950890607497747
-7.497572554748653,2.5198435804767514
-7.501504139782046,2.539460334079763
-7.508328325443572,2.5644269059962204
-7.517223037109746,2.592489247657358
-7.527548221662805,2.6204717618299886
-7.5389656273977685,2.6481076367024117
-7.548977673146331,2.6698281479434347
-7.562740186729375,2.696289257907023
-7.577223025485818,2.72250636787082
-7.587302642958119,2.742170003060378
-7.597835522304501,2.765205757716494
-7.606008166762603,2.784626468814985
-7.618369979706723,2.8169045319026162
-7.624882705582784,2.8383233810219624
-7.631988017984819,2.8652692434994314
-7.639684582278331,2.8919116356068497
-7.649849108353371,2.9177885587716537
-7.660871760240458,2.937477911543017
-7.678111510225165,2.958887141315512
-7.700521277714843,2.977918572577898
-7.725983685286778,2.993159410626134
-7.752952413760004,3.0058867913843814
-7.780402638371209,3.0178805989119457
-7.807461469822172,3.0310193208458185
-7.829446091128408,3.0443196572306355
-7.849599839731902,3.0587172903430764
-7.8684362398795376,3.0752078401353953
-7.882070353886497,3.090881848350466
-7.894463736932817,3.109507118857312
-7.904597581969959,3.1285522106035204
-7.91413315331118,3.1477630681773943
-7.924581116344552,3.1668014681861836
-7.939928616766648,3.1894714844041885
-7.955053954462901,3.207887489222939
-7.975873196580823,3.2289506443428135
-7.997835704950177,3.248763525990097
-8.020827992085017,3.267338685114929
-8.045003466577413,3.284394334173078
-8.069436761595592,3.3011228411703426
-8.089460878430673,3.3136524508689744
-8.11509103828544,3.328535860226325
-8.140695529155863,3.343428222934439
-8.166463898429939,3.3581758024177515
-8.191472916521272,3.3743481406575593
-8.210703078229768,3.3883053348844827
-8.23431948530883,3.406378430354347
-8.256653967862066,3.426051288550649
-8.278294942731955,3.4462998907321936
-8.29603838402842,3.4618786302511597
-8.316781804345014,3.477344691083677
-8.335992633039298,3.488323264158678
-8.352985497439493,3.495702362218254
-8.37483897553991,3.50373391837203
-8.396809169536006,3.511825498648763
-8.418268554472983,3.5214825292152363
-8.438383846408525,3.533740934013967
-8.459038981463664,3.549112199150003
