358.9867252912473
358.99300806636006
359.002987690995
359.0111717264492
359.0188958417751
359.02647256297104
369.7359228260656
369.7370270898892
369.737071997438
369.73710161939334
369.7371129875199
369.7371198756495
369.73713701432706
369.7371744807277
369.7371957701045
369.73720526841544
369.7372238541251
369.737235590863
369.7372420982277
369.73725460028754
369.73725976672506
369.73726540424383
369.73727212208354
369.737274290921
369.73727852122596
369.73727901000905
369.73728133101736
369.7372816511559
369.7373114850257
369.7374268597676
369.7374499884316
369.7415841876013
369.7427902845399
369.7445898830297
369.749760629112
369.7588684828729
369.7776927230056
369.79931699042186
369.82319668800415
369.84733974845983
369.8776155397427
369.90178461262514
369.93192937617505
369.9560207914374
369.9861453998367
370.0101734754338
370.0401451893352
370.0641225090548
370.0880918419698
370.1120681031002
370.1420375597388
370.16601264635136
370.1959744455487
370.2199410509942
370.24391332880145
370.27390380883435
370.2978997614052
370.32786353282887
370.3518396018022
370.3758424835261
370.405872290293
370.4299126178975
370.46000028213723
370.4840506390803
370.50803652536194
370.5380043346465
370.56198883353636
370.5860066564619
370.61608492174804
370.64011815158534
370.6701719471566
370.6942326075066
370.71836807090216
370.74254381063116
370.77268115804264
370.7967055629855
370.8206693576364
370.8506459577145
370.87463412922745
370.9046184285673
370.92859507873845
370.9525534249177
370.97648743936804
371.0063773619304
371.03034286547575
371.05435624009687
371.0843535945925
371.11433904618383
371.1383462053019
371.16832088575234
371.1923358628274
371.22235978659336
371.24637447626594
371.27638231168584
371.3004009554761
371.32443500164294
371.3544610924602
371.3784528505496
371.4024428643729
371.42643373090664
371.4564275412774
371.48042494959617
371.5103878501543
371.53433366277886
371.55828216255793
371.5882261855061
371.61219366790243
371.63615110136226
371.66609231631065
371.6900513682147
371.7140167592374
371.74398686196116
371.77394681752907
371.79789845251776
371.82781247182214
371.85174761170236
371.8757088104659
371.90567433803574
371.929646357994
371.95963618167355
371.98360796562855
372.0076068687803
372.03763712179216
372.06163703543865
372.0856177263154
372.1156635738494
372.13972689282207
372.1698269732546
372.193988683676
372.22422826772686
372.24836428824403
372.2784633224641
372.3025498783163
372.3326451705378
372.3567251543996
372.38079445311143
372.41086313808637
372.4349140820805
372.45894712709327
372.48899273377253
372.51302749698016
372.54306405864145
372.5670768276783
372.59709780237023
372.62112857140727
372.6451637679379
372.6691662010778
372.69916399287496
372.7231629764434
372.7471715298769
372.7711850765598
372.8012038547916
372.8251940060454
372.84918631509123
372.8731782341495
372.90316327385534
372.92715641057896
372.95114782404164
372.97513440242363
373.00512525444555
373.0291188196562
373.0591098468673
373.0831016272608
373.1070981284616
373.13109362376224
373.16109375461434
373.1850953396112
373.2091105968612
373.23908321689316
373.26304730112844
373.2929924436887
373.31696167777307
373.34093691534304
373.36491838949536
373.3948977820571
373.4188776931483
373.4488380316657
373.4728087096875
373.4967838533369
373.5267613834807
373.5507468919498
373.5747342190326
373.59872349571555
373.6287077549534
373.6526937616328
373.67667920051446
373.7066474039254
373.7366139191658
373.76057480534
373.79052404437834
373.8144771863484
373.8444181574507
373.86836175818826
373.89232133214495
373.9222813953244
373.94625375602084
373.976227470668
374.00020057652785
374.0301652048258
374.05414854512907
374.08414431778095
374.10812724962665
374.1320999866383
374.1620692697446
374.1860583943005
374.210042800719
374.2400208566629
374.2639885546994
374.293937036005
374.3178969932779
374.34785576818416
374.3718277207639
374.40179354871435
374.42576153160417
374.449738173793
374.473702381411
374.50366894020596
374.52761859006074
374.5515768157314
374.5815527285623
374.60553986101746
374.63552107142607
374.6654854715278
374.68346851776977
374.71343960895643
374.737420279326
374.7673894110676
374.7913684925263
374.8153414870327
374.839327542842
374.8693150032223
374.8932998666883
374.92328323290917
374.94727436421715
374.9712616655287
375.0012539960317
375.02524417295695
375.0492362818162
375.07923038275385
375.1032414096086
375.1272481271462
375.15723572709453
375.1812236958875
375.2052079960326
375.23519280093365
375.25917953557837
375.28317857753046
375.3071989526668
375.3372306813363
375.36124804936014
375.3852558961492
375.41527104969316
375.43929237432224
375.46332203913727
375.4873592516316
375.51139775904034
375.53542186273984
375.5594449430616
375.5894749441939
375.6134906652493
375.6435109936996
375.66752256719815
375.6975480696599
375.7215794686049
375.7456001555744
375.7696194440704
375.7936398232977
375.8236725040193
