-0.3531976256724627,9.580938038250423
-0.3482407280250492,9.580519210586209
-0.33936679359953864,9.57982080733062
-0.33819636672696557,9.579735364503826
-0.33819734989742584,9.579736095055274
-0.33820012067247546,9.57973602417252
2.3476596377601678e-05,2.2108201108951347e-07
7.95466412350492e-05,2.850059510878919e-07
0.00011127561755481135,2.6795339915815636e-07
0.00012475968002892662,2.337828277473001e-07
0.00011595812066341988,1.8611679696720397e-07
7.865752587127762e-05,1.392942217453089e-07
4.311376042452896e-05,1.8007389419040237e-08
4.152897062042537e-05,-2.1058218990011263e-09
7.144403323908575e-05,3.874259810304876e-07
8.071293795462942e-05,7.456009222879726e-07
6.691827297549746e-05,9.08209499982849e-07
5.298179618687567e-05,1.0397885382046638e-08
5.993807913919173e-05,1.5741865470007678e-07
6.67055949126961e-05,2.70026726378962e-07
6.38386155456417e-05,-8.587786247509644e-08
5.939172960992029e-05,4.5761548480866433e-07
6.107342565520621e-05,4.2819884267976053e-07
6.323371906030174e-05,3.3714769560923664e-08
6.230800737720097e-05,1.7751409395751651e-07
6.126700601757983e-05,3.554731978940659e-07
6.193928817146468e-05,1.5548665267802126e-07
0.0013730002446031922,7.154212677086032e-07
0.008651911731490436,-4.5055080397176765e-05
0.018632878828181387,-0.000398223398721634
0.03801881825375214,-0.002046118614059257
0.06496576392771605,-0.006181458737996616
0.09436009935819593,-0.01270787663980932
0.12332378988009776,-0.020858665894548992
0.15192521616130147,-0.03008229557054
0.18029763792096404,-0.039924488252040445
0.20852987163834988,-0.05012539155163767
0.2366712850232457,-0.060561124237140634
0.2647249369468934,-0.07123586465818382
0.28711115356889283,-0.07991167729556631
0.3150475773998793,-0.0908576323508736
0.3429701967607712,-0.10181490243327178
0.3709375439796766,-0.11263811966674789
0.39896906178020747,-0.12329939382498754
0.42705150335550385,-0.13382904537761836
0.4494902708915403,-0.1423958436999417
0.47751413333883813,-0.15308155633607817
0.5055772759274595,-0.1636577736983632
0.5336956583969853,-0.17410883355079573
0.5618200910642278,-0.18455288225033037
0.5899325378938541,-0.19504022744099037
0.6180089402256738,-0.20564178067117847
0.6460320910830946,-0.21634945838878109
0.6740482499899788,-0.22711022296468214
0.701983291776797,-0.23811254969085235
0.724214815937778,-0.24719982516488936
0.7519073294273376,-0.25877694646897476
0.7794885643051048,-0.27063517727971315
0.8069643253187686,-0.2827247633653862
0.8343349050650308,-0.2950473346323787
0.8615929214777814,-0.30759550131932034
0.888794411427128,-0.32028584847850217
0.9104533344655472,-0.3306746450308496
0.9373315181543067,-0.34406404884920466
0.9639925281222053,-0.35788152726459027
0.9904119203751687,-0.37219887986040345
1.0164795261583675,-0.3870852129266023
1.0423715658351809,-0.4023194411885489
1.0679752377754368,-0.41802748630049935
1.093319413958475,-0.43408407122590587
1.118603217292206,-0.45023415127313876
1.1438965098140994,-0.4663879082826208
1.1689523028440632,-0.4829915590764253
1.1934639817842945,-0.5003826879021732
1.2174051136297956,-0.5185661909148664
1.240926787135764,-0.5372169930623434
1.2595770915626934,-0.5523544141873307
1.2824394113722528,-0.5718709129817636
1.3048815389293416,-0.5918077890693689
1.326924727656494,-0.6122537424575651
1.3484428883190072,-0.6332123816541734
1.369267861191384,-0.6549218221617
1.3886812400673734,-0.6779852782943234
1.4065407532054617,-0.7021722303111492
1.4237836379665794,-0.7267694377991417
1.437084698033711,-0.7468108791737617
1.4530302335841838,-0.7722786506974355
1.4685270383308622,-0.797974571034452
1.483669053198356,-0.8239506302362969
1.4977033389825363,-0.8505363994794746
1.511325828002088,-0.8772756322212062
1.5249178567573671,-0.9040393517200254
1.5382924190026084,-0.9309008713140423
1.551047146793874,-0.958115114552474
1.5626516015185155,-0.9858466600314942
1.5733326503951959,-1.013876118694409
1.5837772192849884,-1.0419370539670014
1.5917710356822508,-1.0644847366628454
1.6017748742029037,-1.092584161953554
1.6118028184833353,-1.120761902033719
1.6208967803524899,-1.1493775780321762
1.6289184932990552,-1.1781979143879842
1.6356602133849607,-1.207202194438566
1.6410650801145612,-1.2360972021097694
1.6454626673898216,-1.2651388500612282
1.6490231878494663,-1.2940433763045407
1.6517424595040944,-1.3209277907571548
1.6541190463277573,-1.347385271760652
1.6559628243674462,-1.3687843001072217
1.6582741909794068,-1.3952329549899134
1.6608244110153612,-1.4213706953244416
1.664091301261563,-1.4480888204229092
1.6681873734107147,-1.4744837756086333
1.673641929913743,-1.5034549396863026
1.6786578192684176,-1.5266458697356378
1.6856896781328043,-1.5555058830873738
1.6935448276878362,-1.5842312427700114
1.7021756287270218,-1.6127389417152476
1.7115377036816717,-1.6410184149688063
1.7215453624770154,-1.6691025231569603
1.7321547484468538,-1.6969359601413794
1.7432262496628512,-1.724619526231639
1.7545668549611189,-1.7521741093730827
1.7658375325902034,-1.7797621064055884
1.776896454586301,-1.8073793543908865
1.7877420810602582,-1.8350106165137492
1.796701003921665,-1.856971652727711
1.8083454347511254,-1.8841298385962792
1.8189694099101015,-1.9109343840595157
1.827511592624091,-1.9364048583430367
1.8361955105316425,-1.9616867897416381
1.8472253019247291,-1.9872812414879368
1.8611665322849305,-2.0127870035255606
1.876061524617533,-2.037906580204815
1.8901633942504827,-2.0636765008333398
1.9016242265260987,-2.090974140517692
1.9088716686693175,-2.1197695609413056
1.9127271751735442,-2.149006489874293
1.9132147478162556,-2.178814494412902
1.9090563948674393,-2.2087397616493663
1.9024575800307917,-2.2320024199358133
1.8910620184902098,-2.259953079081549
1.877414270981679,-2.2867758435334085
1.8633201801301205,-2.313232426795916
1.8497196756403966,-2.3399382975005065
1.836257259818953,-2.3667424141994777
1.8230815638584827,-2.3936512411879574
1.810761400296387,-2.4209255849764104
1.7992351202376342,-2.448586291574348
1.7880963681456854,-2.476417427282738
1.7793680859272576,-2.498752450742723
1.7689210802048994,-2.5268292246778556
1.7590099273091495,-2.5551139899852573
1.7493982914900648,-2.5835263075009522
1.7396117877164918,-2.6119054835939974
1.7316316893859258,-2.6345430118776716
1.7216546080502757,-2.662831658644782
1.7118250639405455,-2.6911629102633268
1.7018191917892285,-2.71946773775902
1.6919494792576704,-2.7477688227312727
1.6824784466699507,-2.776207772091668
1.6731314966246738,-2.8047080820644923
1.6638936012610683,-2.833245188783588
1.6547373828046716,-2.8618008108374737
1.6459179395025068,-2.8904449345021628
1.6372493794034104,-2.9191878767065114
1.6282117792388129,-2.9478156903131745
1.6186679159345334,-2.976301533829373
1.6107426703679664,-2.9989552139163513
1.6010845152274191,-3.0273289289588288
1.5916686606229642,-3.0558026202312076
1.5826015248433873,-3.0843606296492414
1.5744139729457791,-3.1131620897828327
1.5670862591030235,-3.142167676056113
1.5609703461601316,-3.1714812793795066
1.555346819525726,-3.200939914588964
1.5496277840818464,-3.230371894364316
1.5450848448936685,-3.2598972932113766
1.5428459839391355,-3.283709455261304
1.5412276991663834,-3.3136148324796966
1.5396330894365808,-3.343616570078331
1.536986457477799,-3.3735540684522802
1.53421918875731,-3.403398078511236
1.5314233709912357,-3.433319562166448
1.527632720186274,-3.4631142248636704
1.5234339954560434,-3.492843877779097
1.5202101621745616,-3.516580793041622
1.5168301622776428,-3.5463751451011736
1.513404184755394,-3.5761824261112967
1.5101655116416262,-3.605975198090807
1.5074255686391782,-3.635835632781788
1.5050568571533818,-3.6656768545532006
1.5038355784670496,-3.6955882214397877
1.5034383596875434,-3.7255359941753694
1.5037455610563286,-3.7555003389717916
1.5045448601115226,-3.7854591265472326
1.5057543698956668,-3.815398564244529
1.5072374498912855,-3.839324188485579
1.509627432445586,-3.869189962879464
1.5125703056266413,-3.8990074465952866
1.5161212746055603,-3.9287575594421975
1.5204244391797659,-3.958384053325096
1.5253663568337559,-3.9879652751792465
1.5303465137202072,-4.017536195248357
1.5356023204656164,-4.047077034939284
1.5406682370946456,-4.07662663948942
1.5451438904919492,-4.10017924800117
1.5510802892845987,-4.129563470732348
1.55720736061841,-4.158923060868325
1.5636062543316844,-4.188206959170824
1.570319144809649,-4.217428297022738
1.5775452817843378,-4.24649181660276
1.5855823358426329,-4.2753338192092984
1.592591919499405,-4.2982607223629286
1.6017727712643097,-4.326773724195157
1.6116632638821247,-4.355058371169487
1.6219266080133212,-4.383215588582224
1.632524187129569,-4.411290315550813
1.6430231944180738,-4.439395680305797
1.6535337904913372,-4.467485709586677
1.6641819757662064,-4.495508375174902
1.6752199138653512,-4.523387709316558
1.686198319563332,-4.551322458964411
1.6970536510782408,-4.5792933809357415
1.707909873789508,-4.6072528610162315
1.7190006473220647,-4.635097376009742
1.7305316334605205,-4.66277120841304
1.7422701731190873,-4.690354975810669
1.7520000323403406,-4.712265863598181
1.7644646336075789,-4.73953273365988
1.7772397019294932,-4.766649677696804
1.790342893974961,-4.793611446675884
1.80377446561491,-4.820416876649389
1.8174676264741771,-4.847075669519343
1.831670494159002,-4.873464040511582
1.8433483397562231,-4.894397888412002
1.8583744837268708,-4.9203286912150865
1.8737942622955122,-4.946027706570398
1.8896441281205996,-4.971468723208756
1.9058160104685538,-4.996697729773513
1.9224605946579296,-5.021611998377926
1.9396027903091009,-5.046180079050038
1.9573199262138747,-5.070328477197503
1.9719666138452585,-5.089291013681274
1.990817929078011,-5.112562097494824
2.0102862126263865,-5.135316222738175
2.030313021087823,-5.157597091592092
2.0508870225768576,-5.1793666030990675
2.071978106246688,-5.200639547377808
2.0935120061231887,-5.2214785600303655
2.1154022867882505,-5.241941654145994
2.133182939079109,-5.258028474944499
2.155650418122808,-5.277864735618174
2.178417052532869,-5.297359380212913
2.2014724304905835,-5.316507778464207
2.2248045295245404,-5.335320832022976
2.248407440365918,-5.353795931667784
2.272258646933541,-5.371953300257026
2.296320075191311,-5.38984115933262
2.3205418263394133,-5.407510960609427
2.344947198668,-5.424921106045143
2.3695341034014414,-5.442073642811397
2.394325348971008,-5.458922975002045
2.4193461008023283,-5.475421677283947
2.439549327950395,-5.488334726823318
2.4650283591820172,-5.504109609539025
2.4907852718444294,-5.519418225771952
2.5168363322788014,-5.534218831212439
2.543183794549852,-5.548477245197254
2.5698526204673735,-5.5621155317830935
2.5914240863743285,-5.572545703905973
2.6186788412984727,-5.5849637181505924
2.6462539885906318,-5.596647584751573
2.674137338583189,-5.607568364332376
2.702321319070554,-5.617686008675754
2.7307814618328905,-5.6270036077950065
2.7537277635037043,-5.6338979245281795
2.782605561867486,-5.641850093486679
2.81166625719793,-5.6491286793994675
2.8408741379099443,-5.65582743371296
2.870190370627495,-5.662073585730644
2.8995850088090633,-5.668028119638948
2.929012993628052,-5.673774763482803
2.958470536334826,-5.679375907821749
2.9820755243175414,-5.6836148105052535
3.011635074479562,-5.688625873148863
3.041240581411132,-5.69336870766006
3.070888511533817,-5.69785181110222
3.100570517698199,-5.702140935642811
3.130274897918575,-5.7063302635825215
3.1599801642698306,-5.71056415204552
3.189673323059718,-5.714888042213755
3.2134170231956967,-5.718446027522191
3.2430718598811943,-5.723060550301996
3.272697050864226,-5.727883527872215
3.30228169420198,-5.732961411692152
3.3318170829747,-5.738335531657441
3.361290764991739,-5.74404187946613
3.3906979559420716,-5.7500827732988204
3.4200351258971633,-5.756449431613443
3.4493041464874263,-5.763112427501074
3.478508924214698,-5.770041582672124
3.507658626847842,-5.777186424584987
3.5367635263693886,-5.784496733961635
3.565835918530755,-5.791924233877522
3.5948850394321203,-5.7994302310098425
3.6181184693174777,-5.805446192389609
3.6471647075874403,-5.812924820173611
3.676240800117219,-5.820268138291415
3.705363297702007,-5.8273981001733075
3.734554338721896,-5.834232965263749
3.7638162798003516,-5.840737255995087
3.7931591459059577,-5.846835012148561
3.822601091513128,-5.852395701751313
3.852145546106495,-5.857329637966952
3.875862650071714,-5.860713233299852
3.9056029509771344,-5.864135893770774
3.9354361755859117,-5.866615036729739
3.9653318425492423,-5.86795229205898
3.9952617807768984,-5.868163746941074
4.025189296432058,-5.867356985018908
4.055093497117904,-5.865690000360556
4.084988014530504,-5.8634222907758184
4.1148842756708826,-5.860965085142878
4.138797040189203,-5.858980445776754
4.168719666978003,-5.856585113693803
4.1986789453921185,-5.854575323841677
4.2286964684248005,-5.853135470725186
4.258734694934636,-5.852572141669693
4.288757488401884,-5.852499828477807
4.318773327881733,-5.852766416345862
4.348786005238075,-5.853380638462923
4.378793272239821,-5.8542036534328705
4.402785402578274,-5.8550235571036255
4.4327728192240485,-5.856164635298554
4.462752890571051,-5.857454075222278
4.492724287739606,-5.858883915795441
4.522688774367561,-5.860342535498489
4.55265605027632,-5.861820925023571
4.582620360765796,-5.863346271169075
4.612582003858611,-5.864940402362936
4.642540771687163,-5.866631107392687
4.672498849560889,-5.86839728727496
4.702446537334315,-5.870317922997616
4.726400237131823,-5.871978568604384
4.756324403925675,-5.874313415820997
4.786228638982866,-5.876882299639106
4.8161113890734075,-5.879597546165639
4.84598743443611,-5.882526842240691
4.875834649506696,-5.8857327388778895
4.905648087614655,-5.889133561133592
4.93544686186885,-5.892721601701271
4.965218359532344,-5.896508756639816
4.994968617893049,-5.90041738496515
5.024706244078513,-5.90442960200574
5.054432829319317,-5.908544419649391
5.084131789239058,-5.912808882306451
5.1138236833650215,-5.917174802145794
5.143493975058684,-5.921668602312048
5.16720414503101,-5.92541554579057
5.1968334065440205,-5.930134101207546
5.226457182062844,-5.934881429359569
5.2560772494836066,-5.939678560204922
5.2856833145331725,-5.944545378093275
5.315279868062511,-5.949494523414413
5.344856145419986,-5.954507865796551
5.368521509496122,-5.958532569332022
5.404005696008782,-5.96464843895401
5.427648404066306,-5.968799285126458
5.457180617488491,-5.974112834458417
5.486697732835331,-5.979500897390469
5.516201995235283,-5.984964442864654
5.54568526896673,-5.990541781630213
5.575159749454344,-5.9961720969878245
5.604610400075616,-6.001903113074542
5.634048955847006,-6.007698203725654
5.663483419710554,-6.013473211444887
5.687039648037459,-6.01811367626236
5.7164537703390055,-6.023996775804179
5.745875853121044,-6.029870474216084
5.775296838966283,-6.035750578578649
5.804707380857593,-6.041674248809078
5.834113108910178,-6.047594561638948
5.863533630259548,-6.053457058810001
5.892956122737337,-6.059361133009383
5.9223464586148005,-6.065383180166019
5.945859531859099,-6.070231725636061
5.975220165663948,-6.076446926374573
6.004545282641202,-6.082805319695109
6.033847170591926,-6.0892958709076845
6.063099189946897,-6.096016114903844
6.09229924205889,-6.102934476003239
6.121499266029291,-6.109893452245152
6.150600691852017,-6.117257095012418
6.179618446915699,-6.124937223677414
6.20855881360674,-6.132970969544788
6.231604250531477,-6.139702594612038
6.260376098659059,-6.148240328639844
6.289075437307068,-6.157045416448778
6.317725248121151,-6.166028996176682
6.346222555354169,-6.175493103990352
6.374584379572801,-6.185294565008162
6.402921997974549,-6.19517233995448
6.431150431659114,-6.205378714694007
6.459355016595695,-6.21561090540711
6.4875385018219,-6.225890710127249
6.510070334224804,-6.2341869546990925
6.538205303061594,-6.244636781297661
6.566261623539583,-6.255240562203629
6.594283198421125,-6.266030690724524
6.622211498270942,-6.277017525316369
6.650033766937543,-6.288265208661807
6.677752363919495,-6.299830135173205
6.705312268080475,-6.311706386807526
6.732791128188416,-6.323770516261471
6.760221642805514,-6.335970184428947
6.787452795404776,-6.348625873977362
6.809127043869179,-6.35898683466382
6.835937916141329,-6.372550249634759
6.862398040061179,-6.386776883463781
6.888681788662004,-6.4012529846504105
6.914887878394533,-6.415876789826419
6.940957055880856,-6.430772618311593
6.966883120361791,-6.445924702391583
6.992535748204622,-6.461482585755377
7.018149822234285,-6.477093719022465
7.0435662210896135,-6.492808752930917
7.067489775663644,-6.508109412595842
7.089546063402222,-6.522305934847766
7.108528036163568,-6.534584609392217
7.126199908574133,-6.545929761047666
7.143598571609005,-6.556989598115786
7.154961038209477,-6.564173238118622
7.165987321781792,-6.571064512423274
7.171946703585158,-6.574741869450574
7.171806387954597,-6.574645723791021
7.165977825987684,-6.5710037867425735
7.155840079850028,-6.5646659474261995
7.144715275202274,-6.557777578133978
7.138340955543789,-6.553852354567971
7.136522798273633,-6.552729132539108
7.134273440459089,-6.551298004551854
7.131985991857295,-6.5498499160805865
7.1330822308837725,-6.550523851097351
7.134547265191142,-6.551407736000149
7.138319187216808,-6.553684627661368
7.142037721505705,-6.555935707294925
7.141547346210475,-6.5556250722154275
7.142134820721165,-6.5560449130401075
7.147496436785206,-6.559879291596674
7.151615703004529,-6.562822688245785
7.156804821423498,-6.566367092918908
7.1623611285296915,-6.569966677382512
7.165146700288217,-6.571706528484286
7.1612464093781485,-6.56944587393672
7.154125636506101,-6.5652243862537425
7.146212335180317,-6.560236806364703
7.140029761005798,-6.556239135853898
7.134451244377965,-6.552591334901802
7.135278877454815,-6.553126454773692
7.142019690797355,-6.557443825743376
7.148155726702441,-6.5612430846951115
7.1491953647001445,-6.5618645336916845
7.145760013520767,-6.55994563125189
7.139806449139643,-6.5565192325482
7.130454530963258,-6.550773258388005
7.12595156914946,-6.547805270696865
7.121476295796223,-6.544734205717443
7.121278823130192,-6.544597794631963
7.123111262194361,-6.545870672075785
7.126105823636697,-6.547936605924816
7.129110024521242,-6.549957206822846
7.134794949615498,-6.553638674138399
7.139207867998706,-6.5563670755205505
7.143602096793247,-6.558992215847866
7.143555858205337,-6.558957939320141
7.142494249205403,-6.558303359432183
7.1412851580478085,-6.557544376868597
7.144434422216442,-6.559560252009264
7.1475752790183,-6.561584190193306
7.1471943857424085,-6.561351024453997
7.144315355505014,-6.559686413997847
7.138551469727671,-6.556373618906061
7.133302934294159,-6.553103615858949
7.129719971789428,-6.550612883006095
7.12734106452672,-6.5488392974922585
7.1267265071312424,-6.548362283823701
7.129218135667848,-6.550379056945726
7.135452379286194,-6.555321001974879
7.141509806875864,-6.559852943874937
7.148718796850966,-6.56477612291048
7.156501064362294,-6.569499156153462
7.1613338537106115,-6.572161835030067
7.1641705418837445,-6.573671397825789
7.162485389103935,-6.572681843138874
7.1571024461424395,-6.5693238215234775
7.1558656044581594,-6.568491136411368
7.155744338201711,-6.568410094974814
7.1554573071468,-6.568204371668478
7.154179485196838,-6.567299074301691
7.155239818891515,-6.568038316779841
7.1565568066569885,-6.56892973326471
7.15994321975421,-6.5710221860624145
7.1644562985893305,-6.573629710084779
7.168410177859743,-6.5759154911130295
7.167903575208706,-6.575598449880193
7.163192206795948,-6.57263357296061
7.157691670821517,-6.569017882718921
7.152202584300859,-6.565344846318087
7.1489892857207655,-6.563211443164495
7.1467966571570125,-6.561774226663045
7.148048491133848,-6.562560644070101
7.145597929867521,-6.561102161304581
7.140356353217063,-6.55798646103393
7.136303910741874,-6.555441107850948
7.130754665057286,-6.551777389643273
7.126941687984563,-6.549110639650395
7.123521975021186,-6.546580343436794
7.123288635351446,-6.546397755509112
7.124284265303486,-6.547193411015908
7.126619048522509,-6.549061220755446
7.128654289515735,-6.550638867694198
7.13039167751962,-6.551947993205787
7.133766166257637,-6.554405303513998
7.137173672763617,-6.5568003208846255
7.139776082280339,-6.558547153493817
7.14325978605425,-6.5607202664480635
7.1430095232712665,-6.560564312681943
7.142775842317604,-6.56045711319332
7.138720249390086,-6.558473089134818
7.13563958117843,-6.556948691858044
7.128330438885482,-6.553171565452163
7.116093486860115,-6.546367303654645
7.104155516366051,-6.539167107858531
7.097434703172112,-6.535026638596363
7.0952713815696375,-6.533681260560144
7.093462415122219,-6.532531864857856
7.097361482154724,-6.535042637163484
7.104219353808899,-6.53944764799195
7.111240257846932,-6.544095595294846
7.119488280769884,-6.54981746884141
7.126292236767008,-6.554734949653549
7.133786982501151,-6.5600424101098564
7.141728637335016,-6.56531130914382
7.149106576291622,-6.569773757373692
7.151143974242766,-6.570953202972201
7.150199871010998,-6.570432030606929
7.144727022152561,-6.567312865825533
7.134303459302955,-6.5611068693437975
7.125729960350722,-6.555547963357132
7.118284003395489,-6.550326232412683
7.11450580167758,-6.547500906852445
7.115066579221774,-6.547937126217147
7.116107476255278,-6.548752336979324
7.121406786621699,-6.552870592290216
7.124502784819802,-6.555232776498632
7.12538471397232,-6.555878850094706
7.125949586560586,-6.5562744973447895
7.129586985447133,-6.55875835860337
7.133438468659953,-6.561250633331273
7.1390340399492365,-6.564726385882582
7.1423178677479395,-6.566645650574077
7.142701238614151,-6.566858140822132
7.138508800355996,-6.564702982142958
7.128243538673635,-6.5594009914247815
7.115061538897894,-6.55222014975642
7.1041825206819675,-6.545848043098268
7.099246264108966,-6.542773245878275
7.099477065746121,-6.54292608157373
7.102411609279535,-6.544770104331417
7.106381043214755,-6.5470802425425
7.107787122464283,-6.547855997993128
7.107941618568852,-6.547943354258191
7.108937894516146,-6.548594858149369
7.112401775141579,-6.551013677239494
7.116408074759876,-6.554005063549759
7.1197078363246895,-6.556503037101
7.125584435044251,-6.560868984114688
7.131821656661178,-6.5652509821278615
7.138026070428583,-6.569277622642478
7.142404895650002,-6.571964125583399
7.146291485462733,-6.574222605166699
7.146423746911737,-6.574301072815264
7.143123681995012,-6.57246035873831
7.136655096400896,-6.5686721408702775
7.131707752071414,-6.565660497303172
7.12846031421783,-6.563656815295415
7.125479747768939,-6.561901460756978
7.125738313633056,-6.562044665527416
7.1268830966357655,-6.562644047574363
7.125193342591948,-6.561749403343516
7.119695582591162,-6.558652940275396
7.118446206615729,-6.557864056397512
7.118111731156252,-6.5576260793827785
7.118392331647261,-6.557837955890895
7.119183318248981,-6.558446684097737
7.120420315129964,-6.559406324098995
7.125472149505399,-6.56332356298573
7.13054808874995,-6.567148563207014
7.136842872291714,-6.571571983062116
7.144631432134593,-6.576549056438931
7.152409768691244,-6.581169839184305
7.157915271251573,-6.584295301387592
7.155928109534503,-6.5832376023303425
7.15236123156407,-6.581285637025895
7.146782148453012,-6.578035009090962
7.140879639917249,-6.5744822468107404
7.134957978625881,-6.570908612246881
7.1296383762867075,-6.567820029082664
7.1244314539698355,-6.564958726265245
7.114169010949477,-6.559243009509023
7.103809402149355,-6.553131857790125
7.097054198172016,-6.548840063550032
7.0917707559333705,-6.545216379733732
7.092317674225341,-6.545630463336678
7.096580624317727,-6.548853817444514
7.1017930851609865,-6.55270895134058
7.1070684993039475,-6.556355259037973
7.111348844606741,-6.55906772807575
7.117719871652685,-6.562760141799545
7.121481200220791,-6.564784442641699
7.121709988693655,-6.564901764337886
7.119228136921262,-6.563472396931914
7.115116395393015,-6.560891319102287
7.110815239731286,-6.557858740275002
7.109480160247509,-6.55683929650405
7.110558267194822,-6.557685872189949
7.117643808517927,-6.563145073694735
7.1267927357441705,-6.569784099589967
7.1354129886413125,-6.575538432074054
7.14177626051718,-6.57957437557976
7.149286637561638,-6.58409324854288
7.154883772184984,-6.5871227873027856
7.154103052841162,-6.5867575012030075
7.149507798372553,-6.584584450852823
7.138915234011278,-6.579443164590403
7.125377249702468,-6.5720557045946855
7.110326085498384,-6.562912371860282
7.097547655589927,-6.55459279728542
7.085519270645413,-6.546566414153104
7.078465879282174,-6.541768236655945
7.071513226625685,-6.536944420839762
7.06554127612501,-6.532727018759308
7.063146361209613,-6.531028301176764
7.061966650141352,-6.530207013476781
7.059899153327762,-6.528801551254884
7.059822907838389,-6.528752916806235
7.06091966348467,-6.529433336597293
7.065124711130408,-6.531932515942868
7.069740006111685,-6.534542466255782
7.072292064489177,-6.535955887443386
7.077315446839382,-6.538680671010781
7.080608702482298,-6.540451070133393
7.083380258281657,-6.541958029758691
7.085239247315874,-6.542976547058714
7.08032362809679,-6.540302483505965
7.071957497411677,-6.535724884749093
7.066101879722588,-6.532367724841809
7.061357387562112,-6.529500262603764
7.056349900900297,-6.526296710762204
7.053731531643517,-6.524545041609739
7.056049189144963,-6.526171077264531
7.061540051503943,-6.5300300168628995
7.071373854729714,-6.536717246281405
7.080970421981288,-6.5429690041073405
7.090280210356372,-6.548857306146096
7.097655197443995,-6.55330664176546
7.1058771504855445,-6.5580301226729345
7.112690324325814,-6.561876370957245
7.115492713042962,-6.563501544109209
7.119117230923686,-6.565701837633973
7.125516768737011,-6.569671092499582
7.128592427027313,-6.571581503058353
7.129600609361289,-6.572191683856496
7.12894248901235,-6.571824969237878
7.123794640983726,-6.569013036705856
7.115180448650905,-6.56411933925105
7.109490576663724,-6.560587870383528
7.105159904142385,-6.557599624361209
7.10400691747238,-6.55675754439946
7.1061446082337225,-6.558479763504859
7.111359745548556,-6.562813393181677
7.120017541131529,-6.569805999677678
7.1295272956883915,-6.576985920282571
7.1371591238007355,-6.5822935440845525
7.142118281799061,-6.585500236415999
7.149313162673522,-6.589834877912265
7.15002152424763,-6.590257926873736
7.143864183845452,-6.5868828668707415
7.133352851143966,-6.581084528998398
7.126993451587342,-6.577511381842734
7.125137338492431,-6.576448295649859
7.121417867205404,-6.574344884873184
7.118466702804041,-6.572713793241407
7.113316646193118,-6.569990513937528
7.107255470371005,-6.566804551316524
7.100135137114987,-6.562870911443503
7.093406671494687,-6.558845089405042
7.086461104105474,-6.5544121806577404
7.079432678939204,-6.549623241157526
7.073407807529493,-6.545325920736417
7.070578017019006,-6.543259608977299
7.070015293854703,-6.542842071223628
7.071389161940982,-6.54387998526785
7.074700336549255,-6.546373074587196
7.078517254864213,-6.54913990781091
7.08390390823797,-6.552771515264553
7.089387218199791,-6.556204028371465
7.091705422479281,-6.557500815611219
7.0911659099669055,-6.557247103498503
7.088057604529417,-6.555829042896174
7.084819006866458,-6.5543556767985125
7.0780644671385256,-6.551207773739422
7.071421767499421,-6.54785832311037
7.067349112156277,-6.545638091510466
7.0626180269327445,-6.5429076425455
7.057593345145599,-6.539884536542051
7.054675199816325,-6.538093654700681
7.052815468034141,-6.537010548964399
7.0517325122219185,-6.536432594876714
7.0526729749751595,-6.536912574718222
7.055334101726819,-6.538268283026687
7.06118339365888,-6.541451994953094
7.068146114175353,-6.54566567255478
7.077104484295345,-6.5513919626282044
7.088016903218946,-6.5586387716490675
7.098060139715011,-6.565587614380139
7.1060875266523755,-6.571185133137672
7.112143855963081,-6.575423922874076
7.116858882582322,-6.578697944723546
7.12293668387623,-6.582818601019561
7.1276340909583125,-6.58582353750818
7.132780382862698,-6.588973392608322
7.1361656197223935,-6.590962092708155
7.132241482839467,-6.588812944472514
7.123734770218494,-6.584321249869085
7.110877168832017,-6.577383476195206
7.098091995034411,-6.570169625489102
7.084728772953371,-6.562370492905047
7.070406718316614,-6.5537931464867745
7.056424584833401,-6.545382418875909
7.04719509984533,-6.539922290180522
7.037572442763762,-6.53432393931573
7.027922475377933,-6.528791950372515
7.022760887981683,-6.525886716094723
7.018365657624955,-6.523460615602604
7.018423349115796,-6.5234769856685615
7.023926827994161,-6.526311973591824
7.031598480087264,-6.530433568311644
7.044182359791886,-6.537461277359391
7.0593155649501,-6.545924667206446
7.0702828757656935,-6.552108223057428
7.082180412681395,-6.558831118790896
7.090334004611895,-6.563377823161048
7.100033438836609,-6.568837882880652
7.106093931793899,-6.57244076910143
7.110713038431114,-6.57529728267273
7.113514882092961,-6.5770875734220375
7.116355241630945,-6.578839236313134
7.1181066503707,-6.57985873387144
7.116852327875847,-6.579177435730763
7.1163407833015775,-6.578896822038669
7.114433724786329,-6.577790373914555
7.1128447097999095,-6.576881320750473
7.116176612718536,-6.578793453996772
7.119327783571031,-6.580649650034552
7.124141191053158,-6.583593706537185
7.127857944925475,-6.585877646380739
7.132680921026987,-6.588749003109176
7.138112118194006,-6.591835667089499
7.136733239003996,-6.591136818743489
7.131505180424199,-6.588432514228995
7.121693555376004,-6.583101178532837
7.110307733728137,-6.576386902017401
7.1017808786612475,-6.571115599714544
7.094385087781089,-6.566305485997278
7.089403009307071,-6.562919651438231
7.086769491073145,-6.561058223141491
7.086892304728776,-6.561145854619011
7.087124963881701,-6.5613248495787815
7.090262106960552,-6.563710718586596
7.0954161978910575,-6.567513212261779
7.101431850778868,-6.571702114915571
7.108143970383136,-6.576000693725568
7.116257708142806,-6.58083137894007
7.126445763462836,-6.586466222231073
7.129675782666528,-6.588173594326387
7.124335378853329,-6.5855709115139165
7.113632108047512,-6.580417114099962
7.100021083917918,-6.573553995445328
7.092257129532701,-6.56927349609591
7.08497134226714,-6.564897734566077
7.074419144064831,-6.558188260735687
7.063997694607048,-6.551161166040356
7.057150614382821,-6.546377567068838
7.055044715625945,-6.544913278436506
7.05795639345738,-6.546902957025371
7.065238354005917,-6.551709736484969
7.073574674648612,-6.556784763112821
7.082908333269985,-6.562083963703
7.09269347052495,-6.567330988136722
7.100054040981785,-6.571329957794862
7.0996212040787,-6.571085319646568
7.0995930531119615,-6.57107143462172
7.103220767943948,-6.573159853941168
7.109515803573395,-6.576793698491149
7.116370044164301,-6.580713999201415
7.120824288176868,-6.5831628016139705
7.121424348819863,-6.583497390379157
7.11674573854991,-6.581087093517696
7.107871004353486,-6.576125722395443
7.098316640520076,-6.5701620199202635
7.091600253863161,-6.56569997685222
7.084917285430609,-6.560982583446469
7.082532050219392,-6.559229230127681
7.0831058922337515,-6.559661965298855
7.08526735727973,-6.561312944553598
7.088696262148217,-6.563879791812179
7.095444616789627,-6.568693196167188
7.100964695000746,-6.572523961173531
7.104547711306103,-6.574953407913074
7.1093678184652465,-6.578121547220379
7.114589499064433,-6.581298461181327
7.120243008952045,-6.58440844256164
7.125198692179559,-6.586917492315764
7.123483677666097,-6.586162207410418
7.116227467566548,-6.583008669199393
7.10448729603718,-6.577707980487123
7.091172206246477,-6.571078245975065
7.076661993868308,-6.562943277430273
7.0653604817822835,-6.555913851564296
7.057931136299689,-6.550845164072981
7.053536214495537,-6.54769937209067
7.053689940576659,-6.547814748054995
7.054094154666075,-6.5481127368302525
7.054313087069625,-6.548274568706849
7.055493831038412,-6.54914960750902
7.058110769295476,-6.551080178021511
7.0596028698692335,-6.552159687595833
7.062745362745863,-6.5543654168124785
7.065457461352786,-6.556212056295041
7.067204334421598,-6.557339921454692
7.072672163819846,-6.560720550950409
7.077927002256893,-6.563747552591619
7.089669244232074,-6.569997314283331
7.099089227633387,-6.574889240573981
7.106469418724367,-6.578706258303551
7.111627490781764,-6.581432139379331
7.115002445279453,-6.583257021416836
7.1173009043864885,-6.58452727715241
7.123031411526264,-6.5876421650998305
7.128012297777591,-6.59028923522875
7.130526927154287,-6.591644104171033
7.129362636586565,-6.590943696981388
7.128172911394155,-6.590207542603009
7.126958303528334,-6.589447268922814
7.1274232300208835,-6.589736964456636
7.128567596562312,-6.5904151902405435
7.127978581054541,-6.590103574590692
7.1213240455432505,-6.58654548521075
7.1136349682881095,-6.582329913446448
7.104283160150206,-6.576996532315211
7.099760606102714,-6.57432395446379
7.100461684575836,-6.574756525031905
7.102510358598002,-6.576028562405997
7.105895365843854,-6.5781275103296535
7.114118756925768,-6.583006319833927
7.126114901162957,-6.589978076980829
7.134879119168785,-6.595113426743204
7.143201763391805,-6.600150167435587
7.15004715414824,-6.604203810472545
7.155948577212914,-6.607694002079965
7.160278733110495,-6.610230748683507
7.1600427462374565,-6.6100887889043864
7.153384710232365,-6.606132888106683
7.146716959870099,-6.602135325258061
7.142748611089608,-6.599831174135449
7.139827300878896,-6.598160980174185
7.133965769634618,-6.594749162506864
7.126331359390599,-6.590338717380661
7.120634331121763,-6.587045175347656
7.116989196017412,-6.5849683983907905
7.1160144595683406,-6.584415022011384
7.118137055719634,-6.585645844435612
7.1214287635912905,-6.587544965924657
7.1263094536565905,-6.590395364570788
7.133446178851052,-6.594651111405327
7.140810119674766,-6.5990144385200145
7.14545618301926,-6.601750395240041
7.146648386295653,-6.602470764065032
7.150208429969554,-6.604645536575062
7.152733215198296,-6.606162964568219
7.147332895990758,-6.603098232553739
7.138515116505978,-6.598184917913943
7.127215477812148,-6.591655117683915
7.119360790010436,-6.5868174343757175
7.116610484222482,-6.5850951406873515
7.116559008050615,-6.5850604195689995
7.117519203726486,-6.585655084636959
7.121213298619403,-6.587900554062121
7.1245729090087195,-6.589861285143986
7.122466883701313,-6.588728091858176
7.11648119388873,-6.585483109508855
7.107660542271185,-6.580334118540166
7.100027222129769,-6.575608136145153
7.0916459229836235,-6.570111618890121
7.087044698144778,-6.56688023208061
7.084367295750713,-6.564890926392609
7.083571025483288,-6.564267636742256
7.082994991936767,-6.5638009362198675
7.087533596213853,-6.567479685806848
7.092975417804483,-6.571724735419723
7.1002943890397265,-6.577041015167151
7.10702416871649,-6.581599731465112
7.1152091899343235,-6.5867796568326
7.123206373749654,-6.591484547453924
7.1308211925397424,-6.595604640443196
7.137098518148555,-6.598845180970169
7.137330418457161,-6.598973052432271
7.131162310582673,-6.5961294120773974
7.121282286404901,-6.591525634318635
7.108017721175624,-6.584745414959881
7.096230598532048,-6.578120260288605
7.081822397224322,-6.569258662806271
7.07103699183359,-6.562127013210462
7.065614939854994,-6.558288991665111
7.0638960187708495,-6.557022948798957
7.061057068564767,-6.554912103570874
7.058002949872529,-6.552692344993712
7.058560644619284,-6.553079858799044
7.059455249143036,-6.55369664944998
7.059358756985516,-6.553630149255207
7.060956547783248,-6.554619321692435
7.0655378689568,-6.557335791818465
7.071211715950594,-6.56046288059703
7.077370941522662,-6.563517408953425
7.084745062519032,-6.566808726102988
7.086277719998175,-6.567426143677953
7.085154771801505,-6.5670130905816935
7.086023527171436,-6.567319079598854
7.095894985989727,-6.570745566470396
7.106501622633577,-6.574378192972002
7.124949982449837,-6.580644124238635
7.143785421297068,-6.5873668736653554
7.160726776010659,-6.59414761820929
7.171591291870245,-6.599148940945774
7.175177453393736,-6.60106527758674
7.178219977418724,-6.603064395951391
7.181439405612973,-6.605428893245649
7.1842307399275525,-6.607606221810085
7.186157972255173,-6.609117549136111
7.187234102616393,-6.609956961929874
7.18906457940998,-6.611367282707705
7.191111323519264,-6.612923350112442
7.193820568336143,-6.614947942533042
7.19732085286831,-6.617530610217145
7.203634484048432,-6.621979275909831
7.210653547240496,-6.626564929946136
7.215334178830808,-6.6293466335498215
7.213689575400964,-6.628532836843081
7.207019565582244,-6.625341523301599
7.198005979727738,-6.621072234156232
7.18335664315527,-6.613622087414542
7.165969374201514,-6.603562938629604
7.150873369467695,-6.593827150322648
7.136913387835987,-6.583862308775409
7.128045398406865,-6.577047404105308
7.122717137205324,-6.57277295850467
7.122580837651137,-6.572663250984935
7.124315783534419,-6.574102055956193
7.127831945318161,-6.576995804329082
7.132457723166223,-6.580641525572446
7.1373972753057995,-6.584318674679879
7.144713966908107,-6.589343193784474
7.15105612834345,-6.593262340412135
7.154094753565364,-6.594899974939952
7.151076948390393,-6.593549721905732
7.143796571265627,-6.59044514442578
7.132062043455834,-6.585272931921808
7.118812733169378,-6.578699002436196
7.111186457361149,-6.574191577852705
7.108227795679995,-6.572194702291987
7.106201368354102,-6.570688823218912
7.103531107603665,-6.568565409082343
7.10320195746991,-6.56829977455886
7.1047047793631295,-6.5695540790397144
7.109027288057701,-6.5730379492910815
7.114361604873513,-6.577095709268842
7.120476819645552,-6.581433666461746
7.1249121796739505,-6.584377100100323
7.128453207147279,-6.5866083014276535
7.134813458757238,-6.590343039976086
7.139517047245864,-6.5929405002279475
7.149413413396695,-6.598125722323109
7.1527793609314845,-6.599834953439818
7.149422098526043,-6.598116466838033
7.138743667005881,-6.592507508582911
7.126716588305755,-6.585929135918927
7.116250475991338,-6.579955434334197
7.110818334063474,-6.576721437768461
7.111382992917317,-6.577058308122715
7.114548408430281,-6.578918268485091
7.120133278564716,-6.582130356920067
7.125010260704035,-6.584952144669832
7.132681729433684,-6.589341837594778
7.144277697535184,-6.596083276638942
7.152702695466311,-6.601269516417247
7.161722213575685,-6.607042882896021
7.170805069470045,-6.612863245990813
7.177836897702694,-6.617253004527817
7.179991077374831,-6.6185183243975585
7.179843818902149,-6.618440949878349
7.173298152179639,-6.614790813774341
7.160943234042879,-6.607548453067011
7.149778058015332,-6.600626487725378
7.142062723194603,-6.595704981110496
7.138380090316492,-6.59332828086683
7.131939276768108,-6.589296793629808
7.126328671245822,-6.585889823236933
7.11956461366079,-6.581915023006936
7.114876519474399,-6.579310511429488
7.112398149630175,-6.577983310281002
7.1113830074758715,-6.577400067366492
7.111267390845883,-6.5773220739004055
7.111687896618532,-6.577595372224331
7.112037898447626,-6.577823910321181
7.11266752119971,-6.578230886672321
7.1137074232198865,-6.578856849567458
7.111085850321806,-6.577473388768062
7.110050916813046,-6.576937786776832
7.108349373217023,-6.575987418083401
7.109742655854126,-6.576821656118411
7.111101234938015,-6.577654717912646
7.1134532364538705,-6.579092490076141
7.11650685884332,-6.580883256590441
7.118196796263257,-6.581839853613175
7.1135595192971355,-6.579387449523041
7.106094848038272,-6.575432091399145
7.096716689319498,-6.570249688717965
7.092000333252079,-6.567446498047847
7.090828296738713,-6.566691148572927
7.090625356488309,-6.5665506780404055
7.090923050127232,-6.566755403755145
7.092835394205913,-6.568095418170617
7.094863256784709,-6.569504455743917
7.094111777702306,-6.569001697837878
7.09516792853537,-6.569694527488567
7.099510057133812,-6.572465034046093
7.103023157537504,-6.574643035078018
7.106835264645986,-6.576935540325707
7.115681291375663,-6.581897984889417
7.121701316881802,-6.585163194717274
7.125157413408769,-6.587054225688491
7.1289374833769825,-6.5891973913424735
7.133585814850725,-6.591928027182016
7.13656618370131,-6.593722517624907
7.1378555642153145,-6.594505833598234
7.132922057399388,-6.591641796565018
7.122364970792789,-6.585705283712754
7.113152146356629,-6.580444105476045
7.1069343003909955,-6.576748794683934
7.099760478409535,-6.5723171052988425
7.097708312337642,-6.571001137679338
7.0993805472272955,-6.572111001877062
7.099888480383923,-6.572449495861366
7.103688090334458,-6.574963539416848
7.109302760260951,-6.578572205507184
7.116371300918243,-6.582897354216053
7.124363693483943,-6.587409268700309
7.127333328193568,-6.588973612114823
7.1246415629590665,-6.5876278552008545
7.118171063689631,-6.5843069609425715
7.107503033976717,-6.5784086046838155
7.09877797727387,-6.572979076151269
7.091894929989439,-6.568328910917409
7.08920628323131,-6.566417106344836
7.089836606419672,-6.566894213780096
7.092017060946355,-6.56853103861374
7.096356725896849,-6.571697826200426
7.100857410407089,-6.574867269631989
7.10604579139023,-6.578351485666605
7.110702335382285,-6.581343824618094
7.116084452153486,-6.584657446699058
7.123598832767351,-6.589129616105781
7.131375856587003,-6.5936560969050895
7.137916965654291,-6.597399761198069
7.1431184053626255,-6.6002138031573985
7.143748937704611,-6.600560376099442
7.13572685284681,-6.596760500392685
7.12444619029705,-6.591538045848335
7.113123268820777,-6.585940595308917
7.09686145266103,-6.576899247757913
7.085311925767406,-6.56966871339491
7.080005468885242,-6.5659482939572795
7.076810667185955,-6.563535492095971
7.077073838934039,-6.563745608145749
7.078471873794534,-6.564856040731415
7.0819925663274965,-6.5676044309384825
7.08632284010067,-6.570794381968036
7.092097426451231,-6.574696943867828
7.098773404854449,-6.578938181586304
7.105819400369135,-6.583112254380054
7.110399267854439,-6.585691213913263
7.118488382559388,-6.5903345542406715
7.126530456631671,-6.595065598438942
7.1345410205947,-6.599726690959193
7.142585725515634,-6.604091852110001
7.144346323798099,-6.604988462124567
7.140730152843036,-6.603290235498809
7.131486007775906,-6.598983744059719
7.121219139013152,-6.5937930741568485
7.107740325028041,-6.586187534083003
7.094374777433842,-6.577593525225744
7.085271086791816,-6.571195233697212
7.08020844263636,-6.567471806972609
7.078088672981282,-6.56585658699203
7.079475951388263,-6.5669544375984765
7.0846566351790505,-6.571098596072507
7.088921290170213,-6.574407905411514
7.097327835490538,-6.580472821458382
7.102763169720988,-6.584123799832532
7.109976256314185,-6.588663604622735
7.117742851923964,-6.593309073298322
7.130192145033537,-6.600190437736705
7.137657386191642,-6.603996459357233
7.138834258948642,-6.604570496407537
7.133912025637058,-6.602167407327319
7.123168775529185,-6.596783148878261
7.109158334041401,-6.589578361737242
7.098391183153045,-6.583852750844269
7.08830354274448,-6.578437360468431
7.082870376296162,-6.575459296937366
7.074345532086475,-6.570703844801233
7.067550731977574,-6.566928770734576
7.062497589170509,-6.56414021126887
7.0556857919955895,-6.560403486512464
7.0499140816556,-6.557256904534034
7.046596982873281,-6.555459544172057
7.0464464998889085,-6.555377628595681
7.052253885698481,-6.558485454790761
7.05968796092359,-6.562451571519692
7.070902951270428,-6.568615760482991
7.081762525127009,-6.574903994616322
7.0929820958393375,-6.58170504926821
7.104331638573867,-6.5889698088354764
7.117002107977045,-6.597558465112849
7.129794145378213,-6.60663184400295
7.141214263836841,-6.615021518376607
7.153001231664929,-6.623747256815094
7.165072063247254,-6.632809787159402
7.177093733875992,-6.641758912173018
7.185640545060488,-6.647976627346652
7.190594843613048,-6.651418940232142
7.194170406794156,-6.653703382221177
7.190866482025529,-6.651873502501068
7.183018663476361,-6.647810045020892
7.171509344545746,-6.641936767914684
7.155295914236197,-6.6330496039410525
7.138924269242014,-6.623581225143668
7.127080688553952,-6.616579158532418
7.11465913043481,-6.609646793337205
7.104127787737548,-6.604295417288698
7.0952715359477425,-6.600142338395033
7.087680989615484,-6.596509640840111
7.07957908354542,-6.592224851947411
7.068557624398547,-6.585785281615135
7.059946714184115,-6.580302114210334
7.052219973152794,-6.575207098537682
7.045822364785367,-6.571026441849874
7.0424236643844225,-6.568831904491948
7.041451125150882,-6.568209807923657
7.045821265918847,-6.570950448731327
7.0481115334187185,-6.572306912500092
7.052501971693402,-6.574836844167258
7.058390484308867,-6.578263664199837
7.063017631688828,-6.580949659300134
7.06957993990955,-6.5847442580979365
7.077079363639115,-6.588991559636595
7.090224026584143,-6.596260396465359
7.101513971942878,-6.602265691810595
7.104404296226747,-6.603723880661092
7.099920362081151,-6.601599448961255
7.090425998171865,-6.59705000517818
7.080200750065772,-6.591750593129594
7.069721241827842,-6.58584948835316
7.061083527255397,-6.5806224873186885
7.054935668824507,-6.576690952090553
7.05122525205048,-6.574152416022137
7.050708358622692,-6.573785413469512
7.052246981832125,-6.574919769685368
7.054092984663007,-6.576281695196539
7.05786746575063,-6.579014854873252
7.062030785637589,-6.581900956792844
7.067609411389351,-6.585611299146936
7.071820550956554,-6.58832716856262
7.075668313714955,-6.590750639405269
7.080544966384694,-6.593716101322481
7.090263261567929,-6.599348046909959
7.097707105464438,-6.603393262738296
7.107049363198882,-6.608007356515951
7.1107099629881665,-6.60969012702219
7.105649770473549,-6.6076147585115255
7.097360281524978,-6.604354703176652
7.0925845571195,-6.602457701386342
7.0841142936926085,-6.598797678264697
7.075582394781162,-6.594557933388444
7.069352410849138,-6.5910437788597145
7.061906441592708,-6.586428077817887
7.053546684440973,-6.580935159203327
7.046326139097859,-6.5760389136070225
7.042324960291209,-6.573292947057448
7.042613144236046,-6.5734898307692955
7.0470502805687465,-6.576513519026855
7.050821397257486,-6.579055653763294
7.055809045441388,-6.582408916648515
7.058699529530587,-6.5843185689425905
7.063292626123035,-6.587283792924305
7.0664507870807896,-6.589202604527636
7.07028202354173,-6.591368894909759
7.0759849012751435,-6.594269077407127
7.089644218807964,-6.600646578115144
7.098503220168623,-6.604507411377476
7.100180772792216,-6.605209470412357
7.094486219388807,-6.602875308731783
7.084751123862619,-6.59884397731649
7.076199422447286,-6.5952572070758375
7.062750426798562,-6.589333577203611
7.054302155644922,-6.58528401036587
7.040119591878077,-6.577782150895604
7.027656830043098,-6.570460581578827
7.019475156277244,-6.565265617929693
7.01853130957619,-6.564652139107475
7.020512302798992,-6.565995185728705
7.024118132623556,-6.568465594662844
7.028215045847005,-6.571193784386053
7.033791050993389,-6.574713130835746
7.036510521937542,-6.576339506341562
7.041394412921433,-6.579207787618271
7.046681162726606,-6.582332725920373
7.0518037963769995,-6.585279257922342
7.057412715976641,-6.58832026816377
7.063010398647892,-6.5911328151021245
7.069531671334783,-6.594203117230908
7.076700662669285,-6.597464953219734
7.07624904111052,-6.5972412238663525
7.071774979202153,-6.5950001237023095
7.066144914374505,-6.592016204872185
7.063031768629537,-6.590321256661958
7.060032554729055,-6.5886574260264785
7.056989416625186,-6.586972551110991
7.058149743587019,-6.58759046393762
7.0618229814178655,-6.589452154962245
7.0619023113838555,-6.589484060395349
7.055217093826847,-6.586046042913777
7.0454222505425586,-6.580476728124152
7.040242040020266,-6.577179083262636
7.038590643116289,-6.576033222473339
7.037002042732474,-6.57486579206998
7.038374782791133,-6.575901056491404
7.039709665234018,-6.576903037322622
7.042350814574564,-6.578842883152
7.049083990099547,-6.583633017215575
7.053624780222935,-6.586635142635976
7.058138943565087,-6.589414893983437
7.0615520762370885,-6.591433366606051
7.066710728846281,-6.594342773710715
7.071503167895466,-6.596868806244286
7.077821289388172,-6.5998993023531565
7.078736563459006,-6.600335358498066
7.073408341085586,-6.598181880471077
7.066157161407654,-6.595264220814013
7.05818468530435,-6.591830362354244
7.050622721271425,-6.588229244141411
7.0428156032992755,-6.584183948248316
7.038006238609927,-6.58147436251892
7.034253961327227,-6.579213946526495
7.03476535397907,-6.579541676340802
7.036463368917223,-6.580666559029218
7.04088465940908,-6.5835922842299786
7.044690694264938,-6.58607636818992
7.048399317849522,-6.5884785153981325
7.052916989399119,-6.591312393966956
7.059767783777278,-6.595372574178379
7.065673831229027,-6.598785638877194
7.070260111269717,-6.601396666630427
7.076916291477605,-6.6051070102203395
7.08265830866114,-6.608171438628575
7.0831042241157265,-6.6084194975872395
7.0788752790692415,-6.606374257122989
7.075693488930966,-6.604926656490333
7.072891861594223,-6.603699258616712
7.062819168944994,-6.599193266889696
7.048397104917145,-6.592377001164406
7.03684877545341,-6.586496918880695
7.027877887341049,-6.581647730454631
7.026525306663248,-6.580868986960503
7.026477203212919,-6.580837403964091
7.029139415329949,-6.582501127414809
7.0303287912153145,-6.583238673605448
7.029132347906926,-6.58251042979627
7.029540256608257,-6.582755427040102
7.029366567272683,-6.582653756784854
7.030917487767279,-6.583564066070017
7.0345753799964985,-6.585666451662971
7.0390089403140506,-6.588129656645189
7.04597471736234,-6.591835038553001
7.051784531125763,-6.594704821651704
7.054198951866558,-6.595848172021766
7.052844678263973,-6.595226399584746
7.051505566357173,-6.5945966765726425
7.0509209910176756,-6.594311666206811
7.045657708050032,-6.591716139519662
7.035518348418382,-6.586731032705875
7.024358678603378,-6.581364778864324
7.018791962799139,-6.578717005823911
7.009868800073079,-6.574458753842619
7.004591742431797,-6.5718612556038
7.00612032694399,-6.572651402391039
7.011797949269895,-6.575672856728869
7.018634054948147,-6.579367829927472
7.023933156223682,-6.582227690136029
7.027338017484774,-6.584022016811317
7.035505180358737,-6.588300289884373
7.04466000924324,-6.593079664907264
7.057274920170103,-6.599732661161369
7.068947536959418,-6.606294436229011
7.079337214230518,-6.612732592153354
7.0855113745418885,-6.616752458654379
7.089184409326548,-6.6190966565457146
7.092040580479264,-6.620861759366947
7.09590311435707,-6.623196593444306
7.0999410936393765,-6.625566241004617
7.102033866918052,-6.626750891957404
7.105188998636869,-6.628457583384643
7.106983841402003,-6.629383896477468
7.1020260525460825,-6.626866485434468
7.090011712450851,-6.620636677337666
7.073939880468397,-6.612028985026283
7.060223882383636,-6.604210583898075
7.049631428075099,-6.597646766105591
7.039369737162269,-6.590794128905863
7.032063599478098,-6.585681064530669
7.0266198680776375,-6.581745983178025
7.025714932042419,-6.5810795112188885
7.026493399289712,-6.581662405525759
7.02503675839704,-6.580537789856726
7.026406704670432,-6.581615706143369
7.027141626729652,-6.582192091702538
7.026929344141175,-6.5820283571312075
7.027666776200375,-6.582594008725798
7.029833170004759,-6.584242808176444
7.031935017855223,-6.585818141315126
7.034422871717696,-6.587637368859667
7.040508793447493,-6.5919678435477
7.048881790583775,-6.5975226897368575
7.057100710054858,-6.602380127882588
7.0641491791156,-6.605992636611721
7.0710414764701,-6.6090306126846325
7.073030093549492,-6.609806567947741
7.071163993041202,-6.609155240092802
7.065245911841518,-6.606983039362908
7.054413890809903,-6.602611730981957
7.042711641927458,-6.597253672546737
7.034616224234152,-6.593105087199716
7.030227297439074,-6.5906257691469206
7.027475453058011,-6.588945960962851
7.024631074175045,-6.587132103162792
7.024461898684668,-6.587022894061941
7.025968847970166,-6.588026517817523
7.030633614054602,-6.591108349165804
7.033131782096643,-6.592716855628959
7.035301160777985,-6.594065538718844
7.036449302171615,-6.594760262284997
7.0400559384193375,-6.596883310225152
7.0455315903276095,-6.600023248527826
7.049856850874236,-6.60243102403536
7.057628475592045,-6.606482714075301
7.069466364801661,-6.612249446721611
7.0804018512383795,-6.617247831647944
7.083695395353724,-6.618698871221192
7.081062279966249,-6.617584103865254
7.070724139017298,-6.613221016857303
7.057868529650117,-6.607502513365907
7.045518262733068,-6.601535487724634
7.034323887499829,-6.595507209325636
7.029071494070634,-6.592447313076787
7.025585569958674,-6.590294202762612
7.025095719013111,-6.589976493026482
7.026193138761344,-6.590704090548373
7.02991018642601,-6.593168264751818
7.034516454002153,-6.596123685033605
7.039122848073851,-6.598939792445467
7.0419337036053165,-6.600611593498287
7.04561040562603,-6.60276368957903
7.050691475889408,-6.605610659730324
7.052560832040406,-6.606605192821373
7.054770638681898,-6.6077264741994215
7.055918873731964,-6.608286629959143
7.055648673339705,-6.6081855460992704
7.04948487232959,-6.605649404962633
7.041255352523775,-6.602305042237082
7.033613305047857,-6.599049696753401
7.025896450118925,-6.595522609992512
7.014145707770616,-6.589574009196552
7.005388206016041,-6.5846472421522115
7.001774620858839,-6.582400324044939
6.9994803062467,-6.58083489563552
6.997469743462283,-6.579400699256116
6.9967537292001465,-6.578879142252182
7.000743240648388,-6.58178397283401
7.004777439117843,-6.584581283729084
7.00897794688319,-6.587365517100251
7.013405731075131,-6.590207459561107
7.016072439813538,-6.591868266791183
7.018625788788806,-6.5934113759846555
7.022092441783585,-6.595427916628101
7.0271586486527715,-6.598197072546609
7.030378318433848,-6.599834337851651
7.035103244497843,-6.601987412162714
7.038695227252969,-6.603447538707969
7.043321540009943,-6.605257110961799
7.0453155554642,-6.606033678031988
7.0428736802881415,-6.605036263489652
7.0389087231639875,-6.603277015845202
7.034296657124695,-6.601060016527975
7.031783488308159,-6.5997893785936785
7.028578933799009,-6.598084813203434
7.025700378370355,-6.596546710372567
7.026347315898836,-6.596883173243399
7.030966689919819,-6.599253974788409
7.035493008324309,-6.601614544057271
7.041330895036468,-6.604783059082289
7.047606316850772,-6.608301841543334
7.053051767308368,-6.611379322520561
7.058562817770058,-6.614421759455194
7.0640538963436885,-6.617424541000523
7.070418894582407,-6.620919154076642
7.075911442008591,-6.6239419122336
7.0830745441414615,-6.627784402967715
7.089227605266587,-6.6309186073631325
7.090428086317829,-6.631497987011833
7.087273839482839,-6.629970148195777
7.078538418559034,-6.625503346162418
7.070151762106153,-6.620940069074604
7.062829920815643,-6.616748858813808
7.054989995963339,-6.612039123955777
7.048954059294218,-6.608213474922157
7.045902043144548,-6.606190007609267
7.046932187653323,-6.606907793852829
7.046308994300382,-6.6064732947479055
7.047318562789832,-6.607179315945001
7.051189490696367,-6.609864135261035
7.055233326214906,-6.612599361704483
7.060369832153882,-6.615903730950963
7.067276480878087,-6.620026758020471
7.0737682847586045,-6.623623118103487
7.079132614947479,-6.62628398910203
7.081148039561552,-6.627190274898148
7.076736336532637,-6.625540749529634
7.068808490093057,-6.6226782229420795
7.0582880531740475,-6.618814791352875
7.045485287506618,-6.613760190917893
7.032620299384099,-6.608045597280902
7.023250749232173,-6.603352669739634
7.016556710489217,-6.599597871517474
7.013060556340699,-6.597428491525045
7.011312588685753,-6.596271528611522
7.010926750001343,-6.596003617886755
7.011349396094008,-6.596304899541039
7.011761385613118,-6.596607086631836
7.013286419916921,-6.59774072930902
7.017546454675345,-6.600883041492723
7.0239925712603855,-6.6053941533444895
7.030198930379796,-6.609536469337455
7.035918025581752,-6.613210279873038
7.043332980835062,-6.617955921142523
7.0514218613001365,-6.623087058533399
7.061876034165282,-6.62955053914713
7.072398181411906,-6.635850512657949
7.082060094643807,-6.641137699835463
7.088018640875238,-6.644007000952048
7.089312133969687,-6.644578110824288
7.086804392356324,-6.643718922461837
7.079067768002409,-6.641248467113651
7.07138087603077,-6.638698832378359
7.060870231783423,-6.6346925462693305
7.046605624427318,-6.628485071255357
7.026456203138687,-6.618555011947592
7.007414719560922,-6.607924828532826
6.993166613779958,-6.599107373721281
6.984069960581869,-6.593148655001373
6.978571690188329,-6.589566204525298
6.974954541121556,-6.587306469708715
6.975070538781613,-6.587371770741291
6.974842575079762,-6.587240595636485
6.975355338106362,-6.587528134497862
6.979390897984781,-6.589669276968258
6.984242509951696,-6.592178315724014
6.990285270418824,-6.59526384562665
6.996971869504194,-6.598574962857695
7.006279580678021,-6.603007032087629
7.013471810789746,-6.60626097708355
7.0210740149594475,-6.609669364638006
7.026713302523116,-6.612375478691452
7.031083262344709,-6.614538886670742
7.035575429086974,-6.616733813525352
7.040052195548085,-6.618934297314492
7.042015089074017,-6.61990399899576
7.03931695772894,-6.61856700288899
7.038308811797791,-6.618075376255947
7.03743243950583,-6.61766826969907
7.032348771985834,-6.615328886721103
7.024908380133583,-6.6119575395792305
7.014044278752054,-6.606853750101973
7.002220744490763,-6.600933589164344
6.991566470193798,-6.595360520625804
6.983469025487993,-6.590940250371174
6.98136156154201,-6.589740941459765
6.980525296486472,-6.589241394751678
6.979714640286257,-6.588746385538147
6.981958004040153,-6.590145346029097
6.984714714689007,-6.591840242236646
6.986459070231829,-6.5928909797827
6.989053195172792,-6.594425468542421
6.991658853254646,-6.595928731023321
6.995850365283866,-6.598265841461332
7.000719867459863,-6.600862305898218
7.00599001158627,-6.603460198329144
7.0110018875265805,-6.605696305062741
7.010223452890241,-6.605383545652803
7.0070931712254625,-6.604070116091349
7.003499562572371,-6.602476658050112
7.000298520319713,-6.601005236157128
6.997879528647076,-6.599868943593399
6.998100540868168,-6.599972581719618
6.99941472251995,-6.6006050927203015
7.001795434649615,-6.601805014453888
7.006984891188444,-6.604529566412928
7.0118116986567625,-6.607115498766227
7.018025027217707,-6.610464642885502
7.021369871270626,-6.61225124220021
7.025439892573387,-6.6143804158293245
7.029674525579172,-6.616563009520889
7.03248518569257,-6.617980340012885
7.03012808934354,-6.616864563724556
7.025467464321133,-6.614643738380664
7.017282545447248,-6.610560789002433
7.009123860652115,-6.606368717790194
7.000895335933339,-6.602116567585107
6.995588658479956,-6.599357830963203
6.99275356899011,-6.597880702020652
6.994517968271744,-6.598739628936207
6.996145352704575,-6.5994788923120975
6.995723766826668,-6.599295362699579
6.990579720531303,-6.5970348953070035
6.98665794863599,-6.5951476723996425
6.979043458083496,-6.591281449156921
6.976783243486283,-6.590085677505116
6.979358232031332,-6.591480904529158
6.981969013509761,-6.592896782060451
6.982143485255344,-6.592995698281821
6.985522338817346,-6.594694764215052
6.989721031558093,-6.596724608858063
6.992149249264573,-6.597791906042337
6.992401196547717,-6.597902403720353
6.991621784402517,-6.5975813711880225
6.988953688526598,-6.596328423588267
6.987196457715468,-6.595403379759911
6.9872328106592105,-6.595432218146826
6.989640541482535,-6.596935242172568
6.991336511977327,-6.59804165033725
6.9930396182222845,-6.599216381103658
6.997063001079778,-6.601993315850718
7.002251046101411,-6.605414588891218
7.008326587270206,-6.6092346289879265
7.0131598607765495,-6.612229629380013
7.019383624199226,-6.616050238952733
7.025877743087052,-6.619988463405064
7.031356951090857,-6.623162963457651
7.035444675696777,-6.625396399608363
7.038060867335231,-6.6266703029442935
7.038625946110998,-6.626916574658258
7.037023020271107,-6.626409133349443
7.034303913469459,-6.625592708009611
7.03299752026979,-6.625204020088793
7.028604577647942,-6.623808004951097
7.0169543530887335,-6.619674694140835
6.999479566698173,-6.612397169649683
6.981503213508442,-6.603752308586098
6.965644827951006,-6.595332590072965
6.95807080262195,-6.590935361580295
6.9541593452166355,-6.58847207811369
6.951806812806113,-6.58694013594976
6.948921320734384,-6.585010862802731
6.94943726291037,-6.58535965904722
6.952913255442192,-6.587691603375859
6.960477671295926,-6.59255163757443
6.967687400618055,-6.596755698597586
6.970853643144186,-6.598387330201537
6.974845565103943,-6.6002485796064985
6.9769539630353545,-6.601196081907976
6.976226816158324,-6.600882472615502
6.974965130480813,-6.600337152883906
6.972634193217881,-6.599330993539823
6.972081881852012,-6.5990989732988
6.972648488576122,-6.599330069789055
6.971407059248549,-6.598811988616877
6.9679813417319805,-6.597335259836962
6.96126470096803,-6.594274701487114
6.957713244683716,-6.592584611552593
6.954884002202772,-6.591211509158732
6.957115876091898,-6.592307097646307
6.960961247102092,-6.594193983179286
6.966728631437787,-6.596983270428399
6.97372199186321,-6.600413920006234
6.982432327171093,-6.604789929675761
6.988732418060293,-6.607916893194186
6.99184503412286,-6.609481421266369
6.99672460985937,-6.6119797836174055
7.001567600848107,-6.614494560893965
7.008299916675656,-6.618016727489228
7.01442784188824,-6.621170772297563
7.019311468061876,-6.623606309668886
7.018862467323393,-6.623419028609236
7.015499567331268,-6.621961620678381
7.011782865216343,-6.6204158628054754
7.004958741313842,-6.617577029384203
6.996432060085527,-6.613737484261749
6.9897447623841655,-6.610457201624905
6.985959951995032,-6.6084803697791425
6.9856532842117725,-6.608317278348506
6.987024292798566,-6.60907631794338
6.988617982402656,-6.609960080172412
6.9905623932458925,-6.611031315753138
6.992786176661006,-6.612231938994153
6.993599876658099,-6.612656934746057
6.998148836496029,-6.614957431853337
7.004617547733753,-6.618237586528231
7.0099556957496505,-6.621013250650133
7.01699174705061,-6.62478654446387
7.024907202220868,-6.628921332409722
7.033651303151151,-6.6331813570601765
7.040683606771302,-6.636462616131714
7.0430242320385394,-6.637551639149123
7.04405072180725,-6.638041301226012
7.041575360769573,-6.636795902507073
7.038790298345822,-6.635319205216004
7.03630317659361,-6.633931849400536
7.035743623525788,-6.633604678177142
7.039085818827542,-6.635630122673084
7.042466520549501,-6.637684950983939
7.0465971093664885,-6.640105238213463
7.05068479958877,-6.642360400203298
7.053462525434379,-6.6437440783646196
7.054281535990019,-6.64412755604079
7.049257002398718,-6.642238940826487
7.042460686322543,-6.639703821840113
7.029641794391737,-6.6345310155912545
7.015193858705096,-6.627742999542735
6.99727927613032,-6.618397921675475
6.9841092000851965,-6.610800842049206
6.978459509824054,-6.60728062644655
6.9775681680161235,-6.606686054871709
6.978341219461766,-6.607233075165019
6.983339459510877,-6.610831638508339
6.989771140675031,-6.615402796347776
6.996292589669219,-6.619773060103849
7.0021181318873085,-6.62351695356623
7.0067099163246835,-6.62647242730187
7.0116778224595,-6.629556179953011
7.017264529517337,-6.632807033886576
7.024447932659055,-6.636687071859558
7.030154550892881,-6.639538149589638
7.037826484660865,-6.64313433515786
7.039093516137713,-6.6437041390941936
7.036476785057552,-6.642573613293636
7.029175930931878,-6.63928929113409
7.021370660718959,-6.635547799768258
7.010121009020136,-6.629818722239202
7.00280335189125,-6.62596564523724
6.995843198662596,-6.622301666895767
6.989568131213037,-6.6189180992521095
6.983682900135622,-6.615573301928967
6.9789103780080195,-6.6127017458427995
6.977579971974187,-6.611857371256459
6.979969981744732,-6.613431466622126
6.985012767887172,-6.616665711617317
6.991518881415255,-6.620541640075994
6.995514909819339,-6.622745889629045
6.999460206165674,-6.6247998638712895
7.004141231991991,-6.62721074457491
7.007533231705729,-6.628939712557758
7.014028826109897,-6.632238766119437
7.021771901532962,-6.636245965576028
7.026470567612809,-6.638633284178375
7.0279572295149775,-6.63936201376492
7.026303596245814,-6.638606187679554
7.024019040665659,-6.6375852853383
7.019217611715111,-6.635432082570449
7.012975616217173,-6.632552767795529
7.00892789588921,-6.6306376417412025
7.002752583094419,-6.627629008009669
6.998166275130017,-6.625346220189247
6.994253048302783,-6.623406770496711
6.987911809487791,-6.620303428755261
6.984575622292703,-6.6186887394649645
6.98006312407991,-6.6165147156955975
6.975512894337582,-6.614385554671331
6.969883701685758,-6.611801275093504
6.9668308043676115,-6.610365914295344
6.96451500627725,-6.6092385794153525
6.963976704726807,-6.608974015897745
6.964960868410734,-6.609457866028702
6.970349883098635,-6.612041569794771
6.976292944788521,-6.614768079228692
6.9756953973753255,-6.614524724241372
6.972192358897013,-6.613048993008169
6.964689278762822,-6.609815115230997
6.954013053076672,-6.604933306311609
6.946297360544927,-6.601148812663869
6.939081218605712,-6.5973769793200265
6.935821480795736,-6.595544563315289
6.935765644450161,-6.595512912398757
6.938836686617196,-6.597396358571833
6.941544009931429,-6.599074129815024
6.947196937993969,-6.602557848874694
6.950848681995823,-6.604765546592242
6.954679683073457,-6.606979040788662
6.9577747181243925,-6.608700096269985
6.961824372427455,-6.610894375273917
6.967377554008397,-6.613781680235511
6.973362540921363,-6.616773146678121
6.980964011135553,-6.620352085436352
6.990894823623465,-6.624630761613537
6.995392732201057,-6.626414034838443
6.992735655063337,-6.625440663902566
6.984261629708671,-6.622252864311303
6.974520106638464,-6.6182959362940466
6.965869315845306,-6.614412099905897
6.958484019352484,-6.610652957082963
6.9524902816548595,-6.607409316901639
6.948344908492116,-6.605104330519667
6.942483894516761,-6.601775466110492
6.938382983430395,-6.5993917689276795
6.933959261875791,-6.596770675028488
6.932638251288168,-6.595973522089848
6.934239751220439,-6.596960669437885
6.939130988769302,-6.599944063412833
6.94594306982916,-6.603965302079565
6.952434844043662,-6.607549932846603
6.958267482541315,-6.610550347841595
6.964534609531949,-6.613464245422501
6.971020380287535,-6.6162304884939696
6.9742729615701275,-6.617563315773426
6.974965403447632,-6.617847394562619
6.976375773624976,-6.618446989750865
6.979167133888767,-6.619667783194405
6.982302764224684,-6.6210984510012505
6.981805950567618,-6.620850108982777
6.97837660347972,-6.619214129672582
6.976587743200792,-6.618388587024015
6.975983543345566,-6.618121690908832
6.973202542364989,-6.616912617475948
6.96682219025633,-6.614089643074773
6.957274573273342,-6.609550204049499
6.945827238266237,-6.603582656013105
6.9353137567708885,-6.597775116843479
6.932130054784055,-6.595930109610814
6.931628000396474,-6.595622197864971
6.932567514381226,-6.59621717323788
6.931311665722509,-6.595421357965472
6.929715576230727,-6.59440928356809
6.927110352314139,-6.59275595881027
6.927541983248274,-6.5930302335447175
6.9303384550734535,-6.594808067764717
6.9314472028714516,-6.595513802479392
6.935659024933256,-6.598163327358634
6.938893962239549,-6.600106401660468
6.94622727911519,-6.604270803137839
6.953973698866264,-6.608370720264015
6.964226671464221,-6.613317748810713
6.9720669273083695,-6.616882356380549
6.9759278980078046,-6.618563066008307
6.981658700071713,-6.6209564687778935
6.982015975347601,-6.621101483984955
6.978818508179238,-6.619811077411269
6.969509617585734,-6.616002621410199
6.958925146080286,-6.6115213490682585
6.946647645905138,-6.605933378240129
6.937341415984731,-6.601379984556249
6.9317297132602205,-6.5985024643997425
6.93184620278319,-6.598565146784423
6.932826434195549,-6.5991085700131915
6.937220341820365,-6.601549030515306
6.9404797475198565,-6.603358772700119
6.94463404705219,-6.6056149304716465
6.950068055255247,-6.608434148466517
6.953780649315104,-6.610263433570909
6.959431078821975,-6.613006493652802
6.962069033089094,-6.614280610933998
6.9611033267125935,-6.613850915562215
6.960179138652737,-6.6134397360231665
6.962617906040814,-6.614525233467543
6.96426426528749,-6.615251080635842
6.965555051745173,-6.615809967209884
6.966842184471777,-6.616363968691617
6.968718054745361,-6.617170052749428
6.96966584700489,-6.6176050828177155
6.971318830607955,-6.618410212459269
6.973002234976737,-6.619293641193913
6.97606032791238,-6.620991210864032
6.979058561014497,-6.622714577568548
6.982784809533721,-6.624824425769245
6.9875460879918485,-6.627407738498025
6.988290382955588,-6.627803460364614
6.988174095817589,-6.627749805931413
6.989139128032906,-6.628210268121492
6.987316485995005,-6.627382274248637
6.9856562050091435,-6.626639471199844
6.978478782745739,-6.623471542521098
6.971649957105351,-6.620497762044662
6.963493038844283,-6.616985845149972
6.957581359991779,-6.6144504038038665
6.9513519207489525,-6.611784604561967
6.9434241078367025,-6.60847044274347
6.937808652524306,-6.606136678324485
6.931425751048879,-6.6033402433527435
6.927225279715369,-6.6014225644991935
6.928751541870156,-6.602162969838687
6.931544386265601,-6.603531042285078
6.937631256099838,-6.606480928179957
6.941756625616427,-6.608434444462592
6.947364561555488,-6.61103501664577
6.955516614050438,-6.614879040859639
6.961927350164379,-6.618002128497702
6.9681904976448905,-6.621142609506256
6.973501648526949,-6.623795952668524
6.977927416313442,-6.625972394928449
6.98566794945597,-6.629672730390648
6.987967838679406,-6.630736185660722
6.988803246231535,-6.631110047084154
6.98429338239704,-6.629137210987688
6.976769293113527,-6.625751254313352
6.9664947071741645,-6.620755575505787
6.959524951737993,-6.617007011699205
6.9563760611617855,-6.6151414928334
6.955652729547675,-6.6146777123603355
6.9565758806367075,-6.615345859189465
6.95925601614734,-6.6173966050133854
6.96229926252579,-6.619853874555124
6.967413463415174,-6.62407790663309
6.974289934765022,-6.629293829482414
6.98327016973689,-6.635253768825787
6.992778514041703,-6.640764154750953
7.00223907226303,-6.645588118810483
7.0090102325229395,-6.648705398405446
7.011839447677885,-6.6499108801840405
7.009522628934189,-6.648986862108885
7.000494637723136,-6.645473856006581
6.987679344521955,-6.640385005906257
6.96981727593484,-6.632801117733524
6.9526596862272125,-6.624939317552743
6.9388478799827045,-6.618398603097464
6.930268071991533,-6.6143909711027105
6.925139979439305,-6.6120496802074085
6.922572496706858,-6.610895338293973
6.924384592864525,-6.611715902880115
6.928013599716722,-6.613374909187479
6.937626988700562,-6.6178509980905345
6.946506908706724,-6.6220422508771986
6.953896250836087,-6.6256937019843445
6.960609877782739,-6.629078075449565
6.965602197508245,-6.6315178828877315
6.970479049071945,-6.6338266425515355
6.978421997282703,-6.63747760194227
6.9809480041375656,-6.63862430326614
6.9782673435398985,-6.637390629935455
6.970505350271003,-6.633836596293536
6.96167034447416,-6.629804480321742
6.9488792808774,-6.623824775150123
6.938677188720591,-6.61891544333416
6.931940646427294,-6.615631477239461
6.927344916106082,-6.613423437875778
6.925392586886348,-6.612499299720815
6.924370091165892,-6.6120293031654604
6.9240470464168,-6.611885662111144
6.924852388906743,-6.612213653155882
6.925619007552506,-6.612501517223175
6.924718024268742,-6.6121472180838445
6.9227211980144485,-6.611304694778249
6.921196876986636,-6.6106225744475156
6.919953150544225,-6.610009285996464
6.919478175783381,-6.609756169102022
6.921725692629609,-6.610977637626248
6.924452000438292,-6.612448321940182
6.925902482255687,-6.613212230745014
6.9283474777005125,-6.614411923350568
6.931421247527653,-6.615848846509196
6.933353534232321,-6.616721727666232
6.932749627571725,-6.616471909858062
6.929015041000044,-6.6148431626212245
6.924150259652536,-6.612559797620968
6.919004001149352,-6.609943348478895
6.917794198215723,-6.609287713805815
6.9198107000392515,-6.610445481482036
6.924058910336651,-6.612877232995299
6.9285435649308384,-6.615335420146829
6.932838753099147,-6.617574234220099
6.937286439717118,-6.619777024347124
6.94028703753366,-6.621188781754172
6.944995344578512,-6.62325614246579
6.946647218096739,-6.623934338386435
6.949007937202073,-6.624874241411202
6.95076188949529,-6.625623694070539
6.9521360525372975,-6.626225249602546
6.950913049612703,-6.6256651690843436
6.9507303526207265,-6.625590920163198
6.9488581664116635,-6.624850903162348
6.9440572905449205,-6.622915193296393
6.940520793026633,-6.621449024170548
6.9386929875373164,-6.620640308907503
6.940834670671655,-6.621655566493843
6.945471552963617,-6.623872551501655
6.949026894161804,-6.6255720885451
6.954384646401,-6.62813146557213
6.9578181777589805,-6.629767815413632
6.961329941078513,-6.63139480653532
6.963282002694293,-6.632273634335812
6.960432998305491,-6.631008394358556
6.9599553458829275,-6.630793925106911
6.962026343863521,-6.631750361611144
6.9635187914858365,-6.63244498274439
6.961584779203917,-6.631554417579882
6.957877531375308,-6.629798228433875
6.9582478436606205,-6.629984355757331
6.957052946232495,-6.629362169342662
6.952667286739185,-6.627045579497041
6.949149298057153,-6.625186142612897
6.9489082939681746,-6.625060051510589
6.951175426044846,-6.6261854183200946
6.954149383138187,-6.627599259803589
6.954088876468673,-6.627582483532103
6.952008557175756,-6.626714404778735
6.948907450428036,-6.625431141747211
6.944550373449659,-6.6236029496931055
6.942164799552231,-6.622582131719126
6.936843211417067,-6.620266293101467
6.932609031100167,-6.618477547201764
6.930533610073244,-6.617642413844597
6.922851378035111,-6.61468902624223
6.9138821623428,-6.611365944423141
6.903552714619198,-6.60746979010335
6.897486620775663,-6.605035044584357
6.896623381009296,-6.604661988135636
6.8982920708060504,-6.605425959502028
6.903708049461165,-6.607958703928867
6.907905646863394,-6.609963173924074
6.912313121474134,-6.612096734827906
6.9155574585864255,-6.613660258430738
6.915929392949577,-6.6138349048548495
6.91739574872269,-6.614517910753932
6.918502552178868,-6.615032490666492
6.921054703864987,-6.616216443682661
6.9234996179532455,-6.617327522913291
6.92840415168198,-6.619513756221692
6.933784819796285,-6.621918902611947
6.941129619851282,-6.625367877702372
6.949058317364647,-6.629152904889316
6.955908879258303,-6.632347308079881
6.9577078678342845,-6.6331671241282075
6.95622434760042,-6.632507453223218
6.958763834176042,-6.633622924672379
6.9591164691163,-6.633778069232471
6.955870447924177,-6.632353041319996
6.9514427843014746,-6.630313289138251
6.949208260036948,-6.6292202452811075
6.944107723068035,-6.626681208773671
6.939376234793186,-6.624283477732908
6.937150260581426,-6.623136775516909
6.93458430132855,-6.621788415710105
6.933522681821588,-6.621223234908302
6.933891508652504,-6.621424342714829
6.933630340592687,-6.621281606811546
6.93371828334612,-6.621329448340397
6.935331272905615,-6.62221720715401
6.939200707418525,-6.624329805591293
6.944052376835769,-6.626889031399491
6.945337785694539,-6.627543454553584
6.949206933197317,-6.629371052885485
6.9540709499696485,-6.631525052216746
6.956385314729065,-6.632438622576189
6.955435575548196,-6.632094235890773
6.950327754754802,-6.630207037552922
6.942207289774713,-6.627061006503192
6.935785040451052,-6.624255946749131
6.92981550687375,-6.621378482223758
6.926757550513232,-6.619812545712141
6.926191078845528,-6.619505836022463
6.928040069118359,-6.620552694569168
6.929531864270212,-6.621397853490774
6.932497835632989,-6.623060527985733
6.936915816902748,-6.625463495715182
6.9422023421286685,-6.628228775309947
6.946239974251394,-6.63025751701338
6.9490427040490275,-6.631631199551802
6.951168215858301,-6.632640185144147
6.957660556579602,-6.635600817977209
6.96090757080363,-6.636994621386945
6.967292965722599,-6.639507731662847
6.971494542177622,-6.641090260921382
6.9712433134092535,-6.640988336518088
6.96614641167048,-6.638988656372568
6.961190750736438,-6.636994025854934
6.9529367343081585,-6.6336181153667315
6.945080291361409,-6.630360489966933
6.934912017660426,-6.625973816858055
6.927754935641027,-6.622759936924948
6.925012217417845,-6.62145236005138
6.926392079021005,-6.622156043052436
6.92850710665202,-6.623262435864331
6.932257640453631,-6.625192989404658
6.9353597832014415,-6.62673892160223
6.937966443642818,-6.628012906960414
6.939709685600063,-6.628864325537562
6.944173860905589,-6.631048016578652
6.949186793523459,-6.6335228583196075
6.955618126233446,-6.636646728583614
6.960654716355464,-6.639069289623355
6.96638489283954,-6.6417800902108795
6.973104092794571,-6.6449305568861625
6.976202378877674,-6.6463990403477835
6.976428781285993,-6.646503432106086
6.978038360729754,-6.647312418751244
6.981853409346265,-6.6492234570717805
6.984442897617024,-6.650505396121831
6.989583851046631,-6.652986615328922
6.998490759085381,-6.657287812818703
7.006654544911263,-6.66107128840279
7.011248099724657,-6.663099991544873
7.010314830054235,-6.662680675693108
7.004125512029799,-6.659781039422028
6.99511384033502,-6.655300861891158
6.987234140733909,-6.651219868229446
6.983952222104918,-6.649459978725858
6.982349968810922,-6.64858534057739
6.983233322754141,-6.649072056457336
6.985506420479423,-6.650317889251689
6.988855348520925,-6.652126722952959
6.992173969182173,-6.653913867485965
6.993949129792892,-6.654839906939456
6.99594299253285,-6.655819188232872
6.996574636522758,-6.656117429050808
6.99540845237797,-6.6555884602753
6.994483381888328,-6.65518595163246
6.991492570350132,-6.653926970519421
6.985942479998663,-6.651632170934436
6.975297509111062,-6.647071677046163
6.966144638006992,-6.642991891207209
6.959856350561277,-6.640269477399644
6.954198925707712,-6.637933307467479
6.948033734859325,-6.635499923858607
6.943058497799377,-6.633563890201662
6.935046290252743,-6.630334539264023
6.927297139433159,-6.627050449386594
6.922849212994732,-6.625071011810229
6.9220554496288855,-6.624711309099395
6.9227007957925215,-6.625012763117441
6.926330562528732,-6.626713378928171
6.9304449290252546,-6.628663217017268
6.934463890667278,-6.630547334981273
6.939089515561998,-6.632684800010819
6.942204889029404,-6.634136167521509
