0.029089237194581306
0.05692324702927207
0.0778609697943299
0.0821806770328542
0.08610076890738573
0.09273976348888842
0.10161555413029111
0.10766361379569202
0.10886264409217151
0.10886295842498697
0.1088635033224074
0.10886370331754774
0.111175428387196
0.11972126498339089
0.13082738874826777
0.14780455123417555
0.1701892375162097
0.19639872154583246
0.21747201078772152
0.24573333490518678
0.2745407372121555
0.30467057099316186
0.3347446758961111
0.36477325438819447
0.39476569892908886
0.42477321835395143
0.4548344258544503
0.4849206467450043
0.5148846024078183
0.5378181904787324
0.5668040275060419
0.5954656706551351
0.6186631690546772
0.642910506433865
0.668395161315255
0.6983891349869066
0.7285472018622795
0.7587884403245324
0.7889670843607107
0.8190266387014741
0.8483503933472282
0.8719290910797644
0.9020709596871905
0.9322296161326806
0.96236143137784
0.9923713126112573
1.0223639782549585
1.0523507015943092
1.0823466802361825
1.1105743180272192
1.1387994559436647
1.1660370181468562
1.1943394817013324
1.214735268292262
1.2384301804979272
1.2643966324678526
1.2937352275773037
1.3217829053547998
1.3468054805939025
1.3734397515666121
1.4007188892413094
1.4294055906035068
1.4554360525863999
1.4729654144521354
1.4938477642656858
1.5125754703278367
1.533152076661748
1.5540456378391332
1.576019899520253
1.6003494811409313
1.6248913478601463
1.6472608142526617
1.6770003852414312
1.7047004005377424
1.7344805183229912
1.7645614450472997
1.7946560155479556
1.8246956842481037
1.8546160433936225
1.8817040128729619
1.9057880341221904
1.930036620195553
1.9503414801469972
1.97673688782968
1.998161221922689
2.0181376627344543
2.038712083747151
2.0620982691822594
2.089239334259009
2.1186215929218415
2.1426567362212494
2.1727159323907443
2.202747500004703
2.231160980762729
2.2568490568227277
2.2803061820280077
2.301229143388749
2.3258915654511756
2.3468297332548795
2.37304649251845
2.399045208438553
2.4222560997490685
2.445154248877445
2.465061327985736
2.4856611568459477
2.5107923991884125
2.536510647302888
2.562837608735417
2.5910465910862555
2.620791984798204
2.644547453065938
2.674609821478218
2.704623891586893
2.734651012592841
2.7646925683393766
2.7929074606831343
2.814620644613136
2.8364712375782326
2.8595253824473694
2.8865139430930706
2.908741987433485
2.936405087056806
2.9653035927205798
2.994678008972694
3.024660173036441
3.054660888266121
3.084707184113388
3.1147687005958935
3.1447819010640274
3.174823941239173
3.2048466228375734
3.233450703055542
3.2603614026530106
3.2861429320302067
3.3111696318966466
3.333419909488847
3.3615256356188223
3.3907335846514246
3.4174875359116585
3.4452263002876578
3.4740463935264723
3.502218487731657
3.5299894190589627
3.5541286447121965
3.576918467479442
3.600238682093557
3.6234861227186843
3.643156095186806
3.668388704233218
3.693492173006128
3.7195691557563646
3.748878078451336
3.7785238434098605
3.808290837283628
3.8384468195472277
3.868641678787313
3.8927349428500833
3.922736711811037
3.952662599675873
3.982546526617703
4.012362253246999
4.042185924239055
4.07204127362706
4.102035528376544
4.132137950239283
4.161046525545205
4.189236401715885
4.212329149362576
4.24192032444196
4.269922172584244
4.296725371065475
4.321747710658146
4.348298225130371
4.376983673558905
4.406225024078086
4.433900180454542
4.46271724777999
4.49276863777138
4.522817685570537
4.546877568650112
4.5769518914212455
4.607044839087676
4.636388126109321
4.665105288560604
4.694339579124413
4.723877228942531
4.7532887392459715
4.782562456123364
4.811687160324993
4.841228273476861
4.865055125227894
4.89493853448878
4.924865702338121
4.954736102817324
4.981332075248385
5.007721327767187
5.034057586630791
5.057897913637352
5.075348182014065
5.09659514327417
5.117860449506609
5.140773809587608
5.161356738689643
5.183832586593955
5.20998003750752
5.231951445185277
5.2541392002428084
5.276797754805918
5.30455936017405
5.33245845396231
5.359046481017151
5.388392393802333
5.412322805717548
5.442305890081545
5.472310296316628
5.502324126059645
5.532390724310379
5.562462998607735
5.5925353856712965
5.622620885942773
5.652676998009069
5.682659061977005
5.712588257525454
5.7425635522073915
5.7725746697472955
5.802613797620726
5.826627187947264
5.856642215656745
5.886627854959571
5.9166878381402075
5.946740589779785
5.976752874974772
6.006871500999021
6.036923740069883
6.066951352514999
6.097074365292575
6.127101878267119
6.157154843798854
6.18125934269928
6.211287217894176
6.241331837298062
6.271352252540252
6.301254972740771
6.331232996769754
6.361210187944557
6.391118800780399
6.420911079981128
6.450067980499157
6.479652545482489
6.509309092461619
6.539188862553559
6.562762386965532
6.595848730964484
6.621592584714709
6.6427357725499405
6.667993447800973
6.69246068642868
6.718272253566965
6.743872736153724
6.769206188714827
6.798770064263869
6.825951413020967
6.855817510063132
6.885071401813232
6.913749555908096
6.940670287063829
6.968591193313035
6.9925765963134126
7.022575241053224
7.052607791513404
7.082673015159474
7.112740444787295
7.142796996231206
7.172876292467445
7.202943330627714
7.232359245124282
7.261013044528365
7.288509960700348
7.316732664197618
7.3466905165489305
7.370725776652997
7.4007160268460686
7.430678446525518
7.4606536293968535
7.490638046517538
7.520707738497257
7.5508077248715235
7.580532767943717
7.605308265916414
7.629787419810518
7.655939689323347
7.685159804091693
7.713463549626055
7.741071426491946
7.770809833442457
7.800811172853135
7.830787191086105
7.859100167742606
7.877486042571817
7.899070309339317
7.922270757996073
7.946468345354811
7.971146410055456
7.9997266228695105
8.028342025470282
8.051278986012314
8.079130114637948
8.106477965152342
8.13395153135823
8.163894586505924
8.190424559099183
8.216203449708164
8.24554259546399
8.275489240115167
8.30501888364354
8.327280644678277
8.363205947376262
8.387143152773557
8.41725900866015
8.447364386509683
8.477491152825175
8.507535863003344
8.53676498871115
8.565865962736323
8.595770035757658
8.625016822422447
8.65135880441889
8.678663261235553
8.708601574402886
8.73872097816183
8.768612204571285
8.795628095776028
8.822420600247966
8.852019051801284
8.880676297745719
8.902925962165
8.932149164595234
8.962163558560448
8.990399990091289
9.017066405035656
9.044874199937672
9.07282780667456
9.101238767421544
9.131143174490607
9.161131708156534
9.191131003500704
9.21508730200964
9.245153026778002
9.273082234519883
9.301918659451305
9.331682375329786
9.359843982517118
9.389422256862334
9.419053549431995
9.442609715823275
9.471986888011779
9.501660803541066
9.53148579111259
9.561370664397394
9.59031484497708
9.618329843329912
9.647754059389717
9.677453181112833
9.707382210654044
9.737387751564283
9.76731538141287
9.797285456063815
9.821269206646297
9.851284171907455
9.881221864102471
9.908778764988345
9.938491113506798
9.967306643104305
9.994689211653663
10.021330221375335
10.049883037210043
10.079823753186709
10.109707051061054
10.139795313049772
10.16989195686327
10.20002478331534
10.2302404805901
10.260479018703426
10.289289460582653
10.312122236513591
10.340547626028776
10.369426800118966
10.39699477917656
10.423182183192152
10.452696337232995
10.482616011398655
10.512696278950832
10.542788780460626
10.572765446358277
10.602746905372777
10.632755712751438
10.662000161198167
10.690445827185052
10.718531388719713
10.739159713325312
10.765179055242893
10.794987188795814
10.825005182303283
10.854347947051354
10.88121082739804
10.905114116941261
10.929097000507458
10.950391149377314
10.970216176891423
10.992385805980732
11.016447908164466
11.0432755707559
11.066469840963109
11.102376885233694
11.126338438871265
11.15633097206006
11.186328611025829
11.216349138158163
11.24637762880539
11.276304128311864
11.306237113122576
11.336215543154701
11.360220472407622
11.390216570808644
11.42020919922193
11.449357922315055
11.477923357898097
11.505167484822138
11.528794495291121
11.555620479290445
11.58427353731478
11.613761930964536
11.639398292420076
11.660973841643875
11.683696535225632
11.70872819383001
11.732059215380438
11.748969159224515
11.7677955045115
11.790421121307766
11.816340073224193
11.842175805278147
11.869873529461188
11.892414524231825
11.917602922663209
11.945471105540989
11.975252692928619
12.00399408349786
12.03394296768048
12.06400412373023
12.094066003559286
12.124013702552432
12.154007275460824
12.184032859072984
12.213981043688285
12.243804239819763
12.273472945055877
12.302854028940938
12.33239062247686
12.35984641280777
12.387781668608575
12.41601110200554
12.436317191007683
12.461999443221568
12.490467027632889
12.52034204692912
12.550098121701113
12.579887117161743
12.60931943373013
12.636490221038072
12.66077196877515
12.68203623083178
12.703185495414793
12.728667481200615
12.754143844156303
12.77282456770744
12.793697310782996
12.814211394258265
12.83711733078572
12.860633809616028
12.884084176671905
12.908832474455897
12.935585250391068
12.964591965582665
12.992887303478648
13.021077360522412
13.049152308900045
13.077554232292622
13.107342142533241
13.137267645449478
13.167252578749558
13.191370825892948
13.221515801054759
13.25169923690808
13.281938090147507
13.312138516078603
13.342222767820665
13.372202318219193
13.40219163763608
13.432185978378413
13.462185795069724
13.490858748761712
13.513024018555168
13.542520602654976
13.570020109548258
13.59715523216342
13.625677480164097
13.654531160851851
13.684512472609718
13.712774489483829
13.734307458929957
13.766909721761426
13.790540346053733
13.820422073019392
13.85037209028461
13.880414166574228
13.91048983985741
13.94055463985858
13.969902277465092
13.999542057078571
14.029454456976845
14.059369466867457
14.0893931679021
14.119479290238141
14.149322074137865
14.170546427372742
14.195783309574857
14.219295848793433
14.247849635697351
14.274544596244898
14.30263769143806
14.329486460317657
14.358918114368802
14.388983355591511
14.419055486021493
14.449108945487206
14.479093114326908
14.50900317885573
14.538824998669487
14.561122634077227
14.587734481609978
14.61157864677851
14.635364183723699
14.659327140016668
14.68561920115833
14.714843423582185
14.7447885398419
14.77371151629617
14.800983283892789
14.82925870726818
14.853204705934308
14.882732259652053
14.909356028323145
14.938556143326888
14.967513047092748
14.991259877342372
15.01526702588043
15.041914462863708
15.069320863328915
15.089636396776557
15.11105523102307
15.132035400995802
15.156751781386202
15.183549112742371
15.211565339271218
15.23974523629115
15.267272259731344
15.291710796965848
15.320426071449209
15.348910212316044
15.371997213071241
15.40183661432102
15.430765535484024
15.459889822799115
15.489900547783613
15.519959300877218
15.549974688260894
15.573949764072124
15.603898035212042
15.633885058091328
15.663961216970842
15.692535594904601
15.716819492621319
15.739667086587193
15.758554795574367
15.778094072945567
15.798692483171642
15.8140531868457
15.833246554665143
15.852729436995602
15.87388852465772
15.893963291220473
15.91477964403857
15.93532156499771
15.954427925596333
15.97537821635951
15.998332080678967
16.016955364727135
16.041057044924383
16.066046438327888
16.094371846588484
16.12356742924644
16.152151845605374
16.182027677798313
16.21199236053013
16.241969485681295
16.271954279992848
16.30199327288112
16.326030227877585
16.356098338000784
16.38613565749427
16.416158944668993
16.44618490049435
16.47621510329417
16.505877899649946
16.53291357874444
16.559761208282577
16.585398901987773
16.61224047908215
16.641560791720668
16.6716195053809
16.70171664833507
16.73178351439689
16.761833408539488
16.791863168664452
16.821867482929164
16.84586733323712
16.875828815881825
16.905780334072276
16.935770010917135
16.96577809902377
16.995832776018464
17.025562649799124
17.05562006958011
17.085714078161324
17.115683273174128
17.143811857810725
17.171341447939792
17.20130158333139
17.225247415741556
17.25522297270718
17.285153020785316
17.31498703690778
17.34308319637473
17.370290301974265
17.397283991622235
17.42645053651582
17.45571642070048
17.48566618541967
17.51574640504952
17.54590350659188
17.575710901968975
17.60432649058314
17.624932994675294
17.648444869696423
17.67110070078524
17.691716970342338
17.711168944172993
17.729575028316933
17.7479550794266
17.766438420657938
17.785321217402558
17.80457234478434
17.823467623113
17.842107852193163
17.860624707688142
17.87911505685787
17.897332084561583
17.911813204522524
17.92995409680472
17.94816575003813
17.966261841181073
17.985975466502097
18.008711001402098
18.031338218248635
18.054072800890648
18.0767800731739
18.09941323530696
18.12245648684804
18.147311744661177
18.1744556493718
18.20169995375505
18.228842623945745
