1366.5485329838314
1366.5545000929674
1366.560464766902
1366.566430565205
1366.5723976545687
1366.5843330640814
1366.6081758951545
1366.6279888623583
1366.6387812674407
1366.6499469598855
1366.6594647379945
1366.6636956332509
1366.6652780269717
1366.6664029455696
1366.6686810607825
1366.673618445006
1366.680423884064
1366.690669123699
1366.6989599559754
1366.710700822923
1366.7211166508764
1366.7332296417076
1366.7479892240099
1366.759461321042
1366.771122223554
1366.7824514292213
1366.7888410590815
1366.7967779273752
1366.8066348295479
1366.8267067423456
1366.8483877597682
1366.8717033995072
1366.9008798149514
1366.9242615395235
1366.9481362395277
1366.9779770407486
1367.0018509666977
1367.0316948352843
1367.055584235532
1367.0794846448282
1367.1093642146664
1367.1392286575688
1367.1630962514885
1367.1869197260028
1367.2166973665853
1367.2405195939484
1367.2643795705965
1367.2942179588017
1367.3181072318284
1367.3419867997736
1367.3718267898075
1367.401692946802
1367.425595328539
1367.449517800905
1367.4794298793227
1367.5093712728258
1367.5332944716572
1367.5628793407298
1367.585030102839
1367.6093330141293
1367.625731474648
1367.6425625904105
1367.6533785916363
1367.6660992968118
1367.6735230203003
1367.6831775827047
1367.6970285501238
1367.7139137328315
1367.7344991669963
1367.7487715373175
1367.7580574470162
1367.7604951615613
1367.7614511412085
1367.7644941472784
1367.7735226994782
1367.792881943689
1367.812417512137
1367.841047412146
1367.863341219747
1367.8807672103403
1367.8947401109897
1367.9035638151115
1367.916326997857
1367.9293838622525
1367.9528321651374
1367.971213157617
1367.985810802818
1367.9948564429171
1368.0120371559815
1368.026263891836
1368.04319190673
1368.0528543647576
1368.0648511072986
1368.081235208316
1368.1056707535301
1368.1275353987899
1368.1471627732456
1368.1569817608033
1368.1602419510193
1368.164818655042
1368.1748656224656
1368.1798686683803
1368.1821573878221
1368.185036111205
1368.186425448393
1368.189652956186
1368.1933633569292
1368.1948531279256
1368.1977735731612
1368.200757241742
1368.2034133541326
1368.2043990422496
1368.2052469549994
1368.2057469984964
1368.2067145255078
1368.2070089075269
1368.2071729724
1368.2074925776562
1368.2075876496215
1368.2079721065813
1368.2081393225908
1368.2082660076549
1368.208412957893
1368.208454404411
1368.2087744175649
1368.2089405924205
1368.2094828047573
1368.2097079642604
1368.2097499281406
1368.2098447604005
1368.2104517356947
1368.2105800494282
1368.211184334165
1368.2113472162134
1368.2116413236809
1368.2126571574522
1368.2129889344073
1368.2130384497095
1368.2131195682837
1368.2135557669487
1368.213655119052
1368.2137146934708
1368.2146895620863
1368.215671557013
1368.215822315555
1368.215908394268
1368.2163591731537
1368.2169821794014
1368.217437054554
1368.2175722722584
1368.2202200001393
1368.2223175709246
1368.2230322588441
1368.2236537918027
1368.2261133810118
1368.2272499626947
1368.2275498816298
1368.228946089646
1368.2299793862708
1368.2301279690978
1368.231389944432
1368.2324972892595
1368.2336498331206
1368.2340368216912
1368.2347778944134
1368.2355481211928
1368.2362630935831
1368.236429064403
1368.2370099586594
1368.2373957454706
1368.237988379509
1368.2384131531828
1368.2387850111731
1368.2387887431782
1368.2396488755048
1368.2404244306977
1368.241479240665
1368.2415518388084
1368.241759409304
1368.241875111887
1368.2419416849314
1368.2435656217929
1368.244414487483
1368.244569228815
1368.246079596333
1368.246136305809
1368.2474273717182
1368.2528783005725
1368.2660744620239
1368.273422952449
1368.2840488871593
1368.302391275787
1368.3162586871877
1368.3244432326564
1368.3319108198275
1368.3320384266422
1368.334393604249
1368.338249288319
1368.3485373673207
1368.3644309094454
1368.383514245841
1368.4119198041528
1368.4344136137497
1368.4510413904122
1368.4612665517095
1368.4657485942305
1368.4669261960814
1368.4692169330635
1368.4693882873642
1368.4776779432154
1368.4912979591259
1368.5128214254435
1368.534342829623
1368.5638119087635
1368.5842123049335
1368.5983499784002
1368.6066849056763
1368.6123164377
1368.6188165582214
1368.631505510902
1368.6544075767115
1368.676454785421
1368.6951170838192
1368.7097748449482
1368.729763941084
1368.7592509473461
1368.7832285139116
1368.8125181677826
1368.8337138039856
1368.8574046727124
1368.8814483857902
1368.9055593106916
1368.9356616886384
1368.9597537168029
1368.9837549411702
1369.0125072129797
1369.03520149412
1369.0632357950399
1369.0852179398016
1369.1064084268
1369.129107565156
1369.1573478230337
1369.1784540507026
1369.2063785074224
1369.2290544069022
1369.2526447162195
1369.2792413391037
1369.2955105066967
1369.30621559563
1369.3138686740072
1369.3195183224414
1369.3227034769002
1369.3337014692854
1369.3494347915855
1369.376582056873
1369.4004114994286
1369.4242836553817
1369.454175569537
1369.478046885803
1369.5079578423736
1369.5319260536457
1369.555879067427
1369.585878726124
1369.6098638170754
1369.6398434369205
1369.6638193074145
1369.6937863105697
1369.7177675797825
1369.7477355171604
1369.7717097173972
1369.7956480294415
1369.8256423567793
1369.8495840706053
1369.8735105653366
1369.8975103763814
1369.9275189377483
1369.9515397099003
1369.9754828054004
1370.0054839020554
1370.0295030198192
1370.0534583807078
1370.083403269855
1370.1073747391895
1370.1313191289494
1370.1552689026478
1370.1852073596751
1370.209139137754
1370.2390108834022
1370.2629085587234
1370.286802124711
1370.316756582037
1370.3407335078466
1370.364701610889
1370.388669103705
1370.4186508638463
1370.4426590919377
1370.4726720742735
1370.4966692830649
1370.520658953727
1370.5446421098823
1370.5686170060294
1370.5985715892575
1370.62254148851
1370.652501547095
1370.6764580189097
1370.7064087054455
1370.7303784783205
1370.754364521068
1370.7783385739426
1370.8083351253215
1370.8323015824028
1370.8621307577578
1370.8859573792604
1370.9098570992214
1370.9337474719346
1370.9576584112995
1370.9816049485657
1371.0114829674053
1371.035412357712
1371.0653849899084
1371.089376862072
1371.1133649087474
1371.1433740601817
1371.16733141048
1371.1912882133072
1371.2212564878564
1371.2451927149511
1371.2751297320597
1371.2990845893828
1371.3230664006028
1371.353039062433
1371.3770173584412
1371.4070096837645
1371.431043496812
1371.4611479449547
1371.4852558361356
1371.5153963072516
1371.5394939278594
1371.5693674776485
1371.588629553863
1371.604853035759
1371.6221855409358
1371.630488929063
1371.6337784868144
1371.636712519979
1371.6413811456623
1371.6432164680164
1371.6458962285083
1371.6510962816283
1371.6569574791442
1371.6612666659619
