-3.161004790368587,-0.49822289081217164
-3.159563323616451,-0.48415588105958973
-3.156069349792704,-0.46007629786450055
-3.152836309209884,-0.44424585458808447
-3.1498790087571273,-0.43310245582712525
-3.1481841597559375,-0.4278839159628695
-3.14789928088938,-0.42707048771440825
-3.1478989164446225,-0.4270703610102452
-3.1478990600068633,-0.4270708473933661
-3.146449705872958,-0.42298350167867776
-3.1419335005058286,-0.41049324417090105
-3.1343488036448264,-0.39041627234401516
-3.123721915918378,-0.36543443747556176
-3.1129617584721703,-0.34389602867949975
-3.0966977272061667,-0.3184363351062925
-3.0779756813613073,-0.29481601872704494
-3.0581015770653313,-0.27225807324735385
-3.037208581915363,-0.2505926759692055
-3.015080768117159,-0.23015962403518475
-2.9915077836723767,-0.21139419359780454
-2.971807004611033,-0.19751592578790503
-2.9458809026613726,-0.1820733955279036
-2.918495499675668,-0.16939176238847295
-2.890078401006303,-0.15932230870070507
-2.861800850562723,-0.15160845662587566
-2.8364514496219226,-0.14602829961739025
-2.81375335291337,-0.14249644837083544
-2.7923611671773227,-0.14047490853947806
-2.7672747282958583,-0.1389277550393264
-2.7460546308983744,-0.13776610362530653
-2.7246482292729866,-0.13644121801147718
-2.7040909953141687,-0.13502102241133807
-2.6816771584543004,-0.13317238749575286
-2.6589415879003404,-0.13113946524865555
-2.634624875631699,-0.1291273360284908
-2.612292996707281,-0.12734485217590835
-2.5901729621993432,-0.12623922337028615
-2.5710131036816644,-0.12661373555305225
-2.5479962106658554,-0.1286737664329587
-2.52334366050875,-0.1327485772996891
-2.497609062675441,-0.13918346946253615
-2.472783723290736,-0.1474159132408569
-2.451862020540406,-0.15498518307657264
-2.4390635215292087,-0.15965827483303213
-2.4344339668099315,-0.16135287258850858
-2.4292006297383137,-0.1633664111225561
-2.4205548992983226,-0.16689929927430194
-2.407872421181627,-0.17266568972230778
-2.3878831528405335,-0.18307801629864973
-2.3644340505192543,-0.196504447959392
-2.340736510790663,-0.20998761060744048
-2.321517891579616,-0.2202808598341759
-2.3011334198495312,-0.23057623333027646
-2.283822434683608,-0.23954394536223564
-2.2609825617916246,-0.25319988630080115
-2.2375729205005235,-0.27067606064918937
-2.2168855868930857,-0.288985173529396
-2.1988993347426082,-0.30586233985674927
-2.1800797224964317,-0.32280099282828434
-2.165278848081404,-0.3356486001443398
-2.148946728250543,-0.35045155768504116
-2.1361292398994736,-0.36311093952678875
-2.12496171809482,-0.37514059559650537
-2.112818761568802,-0.38903962963091676
-2.099540868910504,-0.40492862888383013
-2.0844483770811624,-0.42518400945457224
-2.071536907925425,-0.444633568782145
-2.0566575193112397,-0.46857522956250713
-2.0413607386804253,-0.4921545214464406
-2.0235428776602835,-0.514999410747751
-2.003025696482466,-0.5367159823364329
-1.981652291982836,-0.557696614834267
-1.9598227913640887,-0.577661855249166
-1.943327649666265,-0.5914671850035875
-1.9217752465184152,-0.6089470057196932
-1.9024631963008827,-0.6255614538983535
-1.8833703276836884,-0.642695322812787
-1.8632000844442005,-0.6607233939336148
-1.8438129712575142,-0.6781164658147623
-1.821595997507479,-0.6978419335326673
-1.7991275222083383,-0.7177015423885903
-1.7769188268359999,-0.7379009841838134
-1.7592147666845082,-0.7541049966171873
-1.7374228870932396,-0.7748258077449298
-1.716303902867324,-0.7961887068053095
-1.6955951191786358,-0.8179289770256413
-1.6752045357643395,-0.8399563109418131
-1.6550304752323293,-0.8622279318921261
-1.6357489333050537,-0.8850020039764885
-1.6168613211362437,-0.9077598651772858
-1.597119459410204,-0.9303268842443748
-1.576903836786829,-0.9525828265254714
-1.5609660283542357,-0.9705757191485291
-1.5417628386700337,-0.9937067625079277
-1.5230013325104583,-1.0171449692663446
-1.5045770450574345,-1.0408458460445955
-1.4898957183026578,-1.0598221473437908
-1.471381747154891,-1.0833880455075775
-1.4524617311249801,-1.106558729977805
-1.434490135426943,-1.1290090953783294
-1.4182648908250295,-1.1496266685173724
-1.401055816650807,-1.1704262799794214
-1.3832456240856772,-1.1901027620019313
-1.365937985672908,-1.2069470997312288
-1.3477736412999486,-1.2219021334455737
-1.3300966077603504,-1.2327824297317522
-1.311539958835078,-1.2412417524194235
-1.2924210611465285,-1.2487230242354532
-1.2726357729920792,-1.256611835577435
-1.2560898990520732,-1.2630053817871816
-1.2330915615033324,-1.271222069911122
-1.2094431203747424,-1.2787212382689663
-1.1873532661251276,-1.2839726309105408
-1.1645831865442546,-1.288094354786163
-1.1375581939870612,-1.2926024471418995
-1.1079707146316276,-1.297595157918775
-1.0784161131794754,-1.3029714083019803
-1.0489861066633768,-1.3093108812287235
-1.025820214414623,-1.3159469861064659
-0.9972521937493785,-1.3252005776599207
-0.9686695037553118,-1.3340275426422847
-0.939718987964261,-1.3418507848182029
-0.9107896738359346,-1.3496513664068561
-0.881601471973317,-1.356289794907585
-0.8522943816233485,-1.3628653180503445
-0.8230951549550284,-1.3698566681863504
-0.7998170017740353,-1.3758018492150694
-0.7650586281402472,-1.3851705908141212
-0.7418264775148034,-1.3911206471772646
-0.7127349735855641,-1.3983685660445333
-0.6835661705507086,-1.4052926918510367
-0.6543064637627832,-1.4119213478896
-0.6250967849849217,-1.4189297791942195
-0.6018573238330359,-1.4250927854081397
-0.5735126435012938,-1.4332951089415016
-0.5461584939406795,-1.4422710302978534
-0.5200628865167162,-1.4525028843823709
-0.49379825630809965,-1.465184468876665
-0.4679080577227412,-1.4806326159355385
-0.4442492869750285,-1.4982490449300068
-0.4217952919728355,-1.5171871382726887
-0.39927606441658103,-1.5358408204504659
-0.37526593967956867,-1.5531352924781492
-0.3500716207102814,-1.5692703421400949
-0.32963166014301926,-1.581889676211695
-0.30466540353351407,-1.5987581657197305
-0.281046589108431,-1.617414883862089
-0.2579548707334049,-1.636560531222057
-0.2346929072472058,-1.655461607409333
-0.2112402770918472,-1.674133534442095
-0.18722823223086663,-1.691944549773065
-0.16232953147578397,-1.708447972662473
-0.1368717943732541,-1.723971920055362
-0.11610219498422748,-1.7358373547710058
-0.09017827979778743,-1.7494610340203638
-0.0636630086984343,-1.7607757090251666
-0.03657511308545393,-1.7702546690103051
-0.00939467783861307,-1.778653669971197
0.018941481360768033,-1.7876579809550612
0.04743279855891121,-1.796588494683144
0.07048723922653627,-1.8025863433562128
0.09988176084540698,-1.8077680442546225
0.12961385174388282,-1.8116310498733847
0.15937108222715154,-1.8162155911668232
0.18867091635514693,-1.8234923408968398
0.21712462139168076,-1.8333077652981147
0.24523696723269026,-1.8438801341526476
0.2729189631601282,-1.8558197154993668
0.2989260316531021,-1.870817806299949
0.317556812052395,-1.8851087552770363
0.33701884560369566,-1.903182055193475
0.35532787098223323,-1.9219766697707152
0.37522007388592044,-1.9418446108579146
0.39714078126747915,-1.962207228394974
0.41985462691970904,-1.9817386694435852
0.4380787320786795,-1.9973761139838513
0.46046859687112,-2.0174043480892814
0.4822688513643391,-2.0380626041271874
0.5040329607928192,-2.0586758340505606
0.5261553223568464,-2.0788548759608876
0.5490426791233556,-2.098092432115206
0.5727254663971308,-2.1164424317962522
0.5960010171836658,-2.133941304854233
0.6167732530559494,-2.1490236848154782
0.6340230551741204,-2.161130030243513
0.650039662994918,-2.1722789132782157
0.6677101870537012,-2.1852224039765034
0.6791713352852613,-2.1945151136747354
0.6894938364606791,-2.203864245801579
0.6981660363156861,-2.2120775079685178
0.7031974730485837,-2.216697629152433
0.7111565729286764,-2.224020925473083
0.7236350349714801,-2.23551237357028
0.7341842677079667,-2.2453238067747723
0.7438409310484767,-2.2549237304354333
0.7555892642918746,-2.267548032054842
0.7680739745210987,-2.281277455593003
0.7780188243317834,-2.291934844206297
0.7913058179225873,-2.305398317940134
0.8050749753799639,-2.319098645765848
0.8186067820839834,-2.3323187235075173
0.832659753673485,-2.346117010335751
0.8453076376997865,-2.3579656535090687
0.8590196850671311,-2.37021273284249
0.8711133696570337,-2.3810367323723463
0.889992366484905,-2.3989136056065807
0.909841780207378,-2.4195211431306713
0.9271386669162245,-2.438728841442225
0.9468374017858341,-2.46037452308369
0.9674425507188987,-2.482134180646195
0.9881165431190254,-2.5039237838680486
1.0083500408855817,-2.5261084730306793
1.028242856175588,-2.548605437062219
1.0440222624791649,-2.5666718758877263
1.0637498791052358,-2.589275452847893
1.0837156016233809,-2.611619987228623
1.104293766307141,-2.6333446781551806
1.125839068962633,-2.654080060035222
1.148214471437078,-2.6740202951089476
1.1702861094094792,-2.6942014554373097
1.191681556407332,-2.715441493470053
1.2078956934457665,-2.7332528412429613
1.2271922193186908,-2.7563027701121943
1.2451893570849857,-2.77878736612118
1.2617424825879227,-2.8005114332602705
1.2764064903245667,-2.820889963823306
1.291691331353104,-2.8428595495939257
1.3083569669666988,-2.867432132171626
1.3241878203873203,-2.8908519472073344
1.3398744237081084,-2.9141932006312876
1.3556168195286127,-2.93700771407832
1.3692642905170704,-2.955326825457612
1.3885167486893837,-2.9781726836789826
1.40892194418676,-3.0000505898455767
1.4301318537106218,-3.021179221178492
1.4520479236447048,-3.041571553223029
1.4745324658240484,-3.06132803556886
1.4981156240180833,-3.0796317453932507
1.5223710609394925,-3.0961611570503544
1.542608411720445,-3.1089587787313167
1.5685573484357325,-3.123810770698687
1.5951430780325975,-3.1375874616423736
1.6219732541765106,-3.150999546250368
1.6487777355030997,-3.164487602152926
1.6755415224773162,-3.17804975252328
1.7023291664118083,-3.1915200854329657
1.7275123130646515,-3.204126644994354
1.7487375074617828,-3.215132745785738
1.7700246329165357,-3.226073783660378
1.7875531789201722,-3.234719498262089
1.8102172368338332,-3.2455949912223927
1.8345609009443313,-3.257225414178188
1.8597769165198152,-3.2687897475205254
1.8868325194254096,-3.2802294437505064
1.9131768651433494,-3.2906618395439775
1.9404912966603773,-3.301161127123999
1.9624717991802798,-3.3103318742463848
1.9892841982970952,-3.3237271120686405
2.0147206848422043,-3.3397043385316945
2.0369502236847876,-3.3575242463968427
2.056165214875621,-3.377834890809929
2.0728952460166576,-3.4001086143654033
2.0856340541898644,-3.4187358309192555
2.102327947403667,-3.4432982884072683
2.1199199535094544,-3.4675010008424634
2.1385805963447084,-3.4909017703949954
2.1577933040574915,-3.513904277388668
2.1773034619517033,-3.536663659244503
2.1930133432216534,-3.5548441205944266
2.2118941804915355,-3.578291109386832
2.2289607077992626,-3.603148600354879
2.2443331029028752,-3.6289801027500013
2.2594906641669854,-3.6547240828923866
2.2746995695228183,-3.6786664205597592
2.291818912062875,-3.7025835425822406
2.3066237923397463,-3.720582991065527
2.3249724725800425,-3.740940687668945
2.344852497517029,-3.7624997527434454
2.363109930098545,-3.7831200506923093
2.3809668135645334,-3.8043904193615776
2.39619371954914,-3.821950900054969
2.411442543343021,-3.838152272039486
2.4237086198876208,-3.850031706376443
2.442350462519949,-3.8665285141698518
2.463202055115162,-3.883821713430366
2.4851415569009307,-3.902802582512512
2.5069246774398257,-3.923539508829222
2.5282648678844803,-3.944595647822129
2.5496846002653344,-3.9647995689699798
2.568377456853201,-3.981816776820462
2.5849743925013673,-3.9971254018651514
2.605895789750177,-4.016813583210602
2.623848236740598,-4.034398143033518
2.642280416827454,-4.0534306744224
2.6621661486182426,-4.075260658041719
2.682259713590159,-4.0975246821195626
2.702268016667277,-4.119920415824625
2.721821613114069,-4.142050634249913
2.740464888448065,-4.162725059171206
2.7560114972569627,-4.180858211542256
2.774666215210285,-4.2044746089910845
2.791769551522486,-4.229308667081865
2.806008680313075,-4.255867206331676
2.817062542182322,-4.282402629867335
2.8271806181418304,-4.30917372485257
2.8381991171400056,-4.335447798430949
2.8509684150656542,-4.361416765648311
2.8639883366330534,-4.38788315625188
2.8768705093825395,-4.414833900983083
2.887892528273072,-4.4357937853495235
2.90250122461674,-4.460187533599728
2.9172821331584293,-4.482427341380692
2.931102626355693,-4.5011417104329405
2.942809898611967,-4.5158663230594325
2.9553827496063847,-4.530422652392755
2.9707078589910676,-4.547961708846819
2.9876418781749488,-4.568816810413654
3.005034383264211,-4.5933923294915235
3.0182350188888836,-4.613459452108699
3.035076670187718,-4.638181230277395
3.053314789802906,-4.6618166583954475
3.073249073562055,-4.684054032002989
3.094691462777686,-4.704845376538533
3.117475607314101,-4.724126214764013
3.141622430949651,-4.74178002073294
3.159411844427407,-4.7542972141052635
3.1772312168911747,-4.766974509496806
3.191440026078618,-4.77748565888909
3.204030138895829,-4.786946483696782
3.2181444803103356,-4.797168005274201
3.2363171047271813,-4.809954609988714
3.2581377636720807,-4.824978883398779
3.2766903983716436,-4.837679665607716
3.2982784389150077,-4.852774165033752
3.3209259288292854,-4.868681693604053
3.3456679255501807,-4.885236898774758
3.3710873109768347,-4.900872950346
3.3970787449184794,-4.915736031991709
3.4224524152779603,-4.928979329698225
3.442952125438958,-4.938490456734946
3.4597419853239186,-4.945609392863239
3.473235705178667,-4.951379490614962
3.4887287307721073,-4.958566078888967
3.506828537151511,-4.967200565670284
3.5263294222482684,-4.975636586632197
3.5451136328666895,-4.982640608134385
3.565472450208638,-4.989585578301201
3.5850863616274515,-4.995858054417738
3.612862366806945,-5.004149484105835
3.64163303320165,-5.012644140531268
3.6703626927483213,-5.021525069791323
3.6986055761030547,-5.031949755320058
3.723917533417659,-5.04282675692916
3.7508112871757446,-5.055011095005673
3.7782013118707156,-5.067176230923973
3.80028797325307,-5.076418199412898
3.8282601437595867,-5.087236855331424
3.85605006089594,-5.09872129943033
3.88270654881382,-5.1107938378181155
3.902906343317409,-5.120880767223887
3.926290775112526,-5.13389786780812
3.9470103167842723,-5.147312586395185
3.967182942992178,-5.163421664377957
3.986332180070626,-5.18256309363937
4.004323974167334,-5.203320721607331
4.019210581389591,-5.220967229781839
4.038362614598753,-5.24394178344016
4.056662938146833,-5.265324487226839
4.075473824435177,-5.286472659938525
4.093814772429522,-5.3056559294682755
4.1125467762598245,-5.323695577817479
4.130848471453525,-5.3415947945441875
4.14418022038089,-5.355706130110027
4.161711923104192,-5.375218335829427
4.17926268947126,-5.395081709638716
4.194877080866447,-5.413852773408245
4.208381525210411,-5.431576237681193
4.219872341937886,-5.447878543376106
4.230785329979703,-5.463853760862933
4.242725592109673,-5.480963224521557
4.255102258912247,-5.4984296302410165
4.271078139709719,-5.520678791796184
4.2849147093452045,-5.539148807421794
4.303364845272132,-5.561045163533694
4.317568520646059,-5.5751422992421205
4.329019476943052,-5.584658573513141
4.344731422372854,-5.596050557193347
4.365676378296376,-5.609950529331179
4.388990004502905,-5.624742974593822
4.411050220394123,-5.638251423073759
4.43340626052549,-5.65177973101291
4.458029967179518,-5.666834498504631
4.483024149905081,-5.681404524516028
4.503843601383872,-5.692628538741218
4.5303049785783385,-5.706436576662257
4.556815515477103,-5.720536800264033
4.582998487806215,-5.7346523740803175
4.609803167975591,-5.747965073377478
4.63639542266307,-5.760163448265551
4.66322854351824,-5.772091911331283
4.6868397073310835,-5.782872963215044
4.711035414286919,-5.7942227617206115
4.735780299300256,-5.805921391712903
4.761587188051033,-5.818307980832944
4.780714502774291,-5.827728526126844
4.805708654418506,-5.840386361649542
4.831761303705241,-5.854584541446417
4.855840993756428,-5.86871452388691
4.880492095741381,-5.883099978584793
4.906685750916025,-5.897638084834199
4.933145859403685,-5.911370880894354
4.954690661785089,-5.921671102359582
4.9820018525170555,-5.933542337433064
5.009520431536392,-5.944764748451937
5.034838112789035,-5.954314746396268
5.062997991441929,-5.9635915029265405
5.091521708399188,-5.971179625249267
5.120820162653025,-5.977316409819992
5.15030658872797,-5.982335553062363
5.1790219356581035,-5.985920994913088
5.205958840054275,-5.988679843737745
5.229069272260331,-5.991373837275499
5.261403561573852,-5.995995659775452
5.277643094952575,-5.9985742901694605
5.298546390354997,-6.002038231791118
5.32186701413629,-6.006635453791354
5.344485674639673,-6.011669729555632
5.363414743002662,-6.016409852260471
5.382461305499034,-6.021863373383868
5.397017374288804,-6.026465773965125
5.41404360466032,-6.032684552222411
5.43041645179703,-6.03938192811402
5.447776488908277,-6.0471753836640465
5.464345609386528,-6.055574806491931
5.480673061565989,-6.064854576535859
5.4985187343368915,-6.075108732815948
5.518169220810239,-6.085599903014871
5.537887012387134,-6.0955401593910254
5.560278462106027,-6.107379361364032
5.581200834398575,-6.119033651225305
5.607630102672291,-6.1330083173244825
5.635026890818829,-6.144829234911335
5.662283968239221,-6.155020734996789
5.684119632086699,-6.163047361971703
5.701458174377391,-6.169183325853144
5.7139351041897815,-6.173336312538277
5.730457452200521,-6.178412686304529
5.745060062196207,-6.182526330166061
5.759906896520548,-6.186385955554069
5.774528472175802,-6.190570800155261
5.790434557281401,-6.1956838402617125
5.807733578368771,-6.201728673199384
5.828035060398166,-6.209627365870294
5.84670413072363,-6.217128193391131
5.870269122308635,-6.225559173991955
5.894167498611812,-6.231494564306205
5.918822478811488,-6.2353246920779855
5.943702213380816,-6.238551892677446
5.968499673436585,-6.2421834772331835
5.993326280684978,-6.245034379395303
6.018280844109305,-6.247566727600546
6.038186329788393,-6.249455961910163
6.063175321203357,-6.250946931507238
6.088189918854872,-6.252486499578711
6.113405831508627,-6.253139189451149
6.139377015728259,-6.252122802481995
6.165002227223322,-6.248275435644522
6.1895095686241195,-6.241656230668041
6.213041916925842,-6.232783280004943
6.236433722905023,-6.223186165887765
6.255473712307297,-6.21608951305487
6.281093896287256,-6.209105041780404
6.309523397473288,-6.2053722170252525
6.336861479232508,-6.205896584319428
6.363316128371132,-6.2101075096847795
6.388768384437346,-6.216048624060047
6.414203423022305,-6.223330800247244
6.435434448128844,-6.229932706090558
6.462717468912409,-6.23745958974538
6.491459982180254,-6.243605584704006
6.518368624908175,-6.248110348485947
6.542862304630457,-6.250970731704223
6.567109960175662,-6.251904729694693
6.592561728962316,-6.249413289106058
6.618134749288221,-6.243731344724748
6.643434653714813,-6.236416077555168
6.668907600028668,-6.229235109434111
6.694969775847146,-6.223985996625736
6.717020282494216,-6.2223872814582375
6.7467897854850625,-6.22440082165091
6.775970265745547,-6.229563351500667
6.804805533776165,-6.235824943679844
6.8336886943568995,-6.241170757072805
6.863224092850223,-6.244207962970141
6.893009946713928,-6.244737761293569
6.9224551352958015,-6.241246889989349
6.945413225782308,-6.235029812392589
6.973366345683149,-6.224541521380549
7.000999944053754,-6.212881138954634
7.029074739997602,-6.201976300217521
7.058188121127072,-6.193843029928485
7.087421564665874,-6.190024727080742
7.112416218779428,-6.190231167705178
7.137056785797712,-6.194123523901758
7.1622136985340665,-6.200944323256608
7.188273277837846,-6.209379666544673
7.208712762697038,-6.216392353057393
7.234807726398834,-6.226007063356208
7.262559591903482,-6.237223414011244
7.289751034477559,-6.249962093938597
7.3158748425521996,-6.264983794227743
7.3409823231875935,-6.281591667752996
7.3604244379802575,-6.29574591118083
7.384608071595137,-6.313453159996265
7.409061781521101,-6.330773627437958
7.433888132371939,-6.347539468593674
7.458908412090759,-6.364088498444145
7.484067399772116,-6.380405626615359
7.509100745582084,-6.397042833485336
7.533454804248303,-6.414664817847922
7.557424624148418,-6.432752105996128
7.575532313902219,-6.447000289310051
7.597948166145335,-6.465643360072601
7.619761439744113,-6.484758568858267
7.641261754908,-6.50472476235289
7.659607714906926,-6.522272015626078
7.67944739206686,-6.541418184433687
7.696082681805284,-6.558340987808472
7.716437645676389,-6.580274361323914
7.736506547008794,-6.60263120890763
7.75610202126537,-6.625376585304655
7.77511587954216,-6.648676807256024
7.7929561399438905,-6.672940269710194
7.809185367559035,-6.698283477921758
7.824462733587928,-6.7241588832406585
7.839369826169866,-6.750197877285247
7.851192168601685,-6.771092101949521
7.86573706298835,-6.796110086859166
7.880381792865768,-6.819112778791474
7.895433119222345,-6.8420646306325725
7.909508325397773,-6.864168974783944
7.9207018199842185,-6.884151441461796
7.933776524475041,-6.911075498898123
7.94429565597749,-6.937945372683819
7.952296028261462,-6.964974379644361
7.959491523546445,-6.992080666065724
7.967696091602039,-7.020809228841586
7.974458195015643,-7.04366895100319
7.982478234142998,-7.072611372110984
7.990161290880109,-7.101618331406703
7.997845118439063,-7.130630872401213
8.004957756075072,-7.159819337824615
8.011922229300522,-7.188981934944442
8.0177924981661,-7.212219326731229
8.025182459067752,-7.241331521823978
8.031542364830916,-7.270746050409041
8.036244839624214,-7.3004950856555535
8.038501600653863,-7.330575641709124
8.037966024622003,-7.360718455617567
8.036014956915903,-7.384729809452117
8.031637547659752,-7.41455538863608
8.02468835050354,-7.4439121453075785
8.014928344026524,-7.472449102595483
8.003006993376296,-7.500107403723758
7.988960201544252,-7.526816715009799
7.972079133529081,-7.551495713165181
7.95709756540083,-7.569518559453599
7.9360706124363025,-7.590776197242286
7.914790354552662,-7.610398234726152
7.897921714554135,-7.626147358317816
7.885984000959382,-7.637659724881535
7.87441922459335,-7.649539032977229
7.862853370329774,-7.661613552473432
7.854232928213416,-7.671013014887385
7.843369301949485,-7.6834751797690855
7.831753693459293,-7.697631568199392
7.818173518644344,-7.71641765633451
7.803464218524776,-7.737805435033904
7.790938111697729,-7.755569272086727
7.7732640412782255,-7.7791079314571
7.754784193073549,-7.802579434277644
7.735976924921757,-7.826003388793864
7.716613127296853,-7.848967863147137
7.696990770239337,-7.871670472266477
7.676997781501047,-7.894114588680513
7.65616188694901,-7.9155526354827375
7.636488123790443,-7.935204529469847
7.619559607758724,-7.9522344399826475
7.605647358483179,-7.9667084005914885
7.587875821670861,-7.985923015714826
7.569256028168274,-8.0066480069989
7.553821230224021,-8.024539025856972
7.540363747972831,-8.04132205402954
7.52838141394989,-8.057732530916274
7.51345502246658,-8.080301511238483
7.499642210942583,-8.103874797313724
7.487176115403792,-8.129649779922131
7.475910075674651,-8.157171225247767
7.465267404987654,-8.18421827004566
7.456970231695208,-8.205923016959801
7.44616515865455,-8.233922530079948
7.435557844969165,-8.261781883956804
7.425927310606318,-8.290087618768919
7.417909119719997,-8.318871754165158
7.412130168142521,-8.3481263468959
7.409031062929712,-8.377786793996039
7.409204429937602,-8.407494395327413
7.414379702104023,-8.436639772627453
7.422413568652953,-8.458929260648796
7.436857511349842,-8.484794889940348
7.455792803654723,-8.507544638341484
