-8.646825553588117,-8.58430922017901
-8.653781622589358,-8.607278899296444
-8.660877590506228,-8.630218460513202
-8.662670404588374,-8.635955630238845
-8.664506813118317,-8.641684799198517
-8.66626891315756,-8.647017452935057
-8.67100656097051,-8.660665209948728
-8.67480025593277,-8.670827134312534
-8.678112678714832,-8.679044427433931
-8.67952675744624,-8.682281889069852
-8.679746396767307,-8.682764958488047
-8.679746923843648,-8.682764429245697
-8.679912250697457,-8.683128579591855
-8.681049201848253,-8.685605752907088
-8.684780054316956,-8.69330163515284
-8.689780401335552,-8.702486918874895
-8.697037024435234,-8.713925551797141
-8.70723220458331,-8.727165914457329
-8.723639127725548,-8.743538624907393
-8.734534097108506,-8.75145888242795
-8.742699871743277,-8.755685193000282
-8.750811555002834,-8.758386150930175
-8.758029065136197,-8.75970130197968
-8.766802166249512,-8.7598999557049
-8.77483892485611,-8.75878332822268
-8.780153944003297,-8.757131533810215
-8.785277110218276,-8.75463814867401
-8.796120546915994,-8.746726617062208
-8.80876265654762,-8.733999153207014
-8.822497431323612,-8.715566679577291
-8.836937942740501,-8.689186207901379
-8.845602197649711,-8.666790465040634
-8.853269992065101,-8.63758552076941
-8.857400902375467,-8.613828421039326
-8.860079281005921,-8.589875650526329
-8.86177767687493,-8.559833952324626
-8.862277841497725,-8.53578827625014
-8.862109396084257,-8.511735532231448
-8.860955686858427,-8.48169620887846
-8.859373722809332,-8.457709961743587
-8.856816347548316,-8.427782150437679
-8.854354567995554,-8.403884277831377
-8.85164820535673,-8.380021726297576
-8.84805027533694,-8.35022692768847
-8.845061702610973,-8.32640694864397
-8.842012319577977,-8.302596891169816
-8.83811049677782,-8.272846394959407
-8.834956877170116,-8.249054432000088
-8.831804216029315,-8.22526213257822
-8.827857744660726,-8.195522066885795
-8.824686966772472,-8.17173120231577
-8.821491129510187,-8.147942832250768
-8.81750581783725,-8.118212412193525
-8.814369704904902,-8.094422673618611
-8.811332774015948,-8.07062756617462
-8.80777141765996,-8.040855997165703
-8.805106530393125,-8.017018101053003
-8.80200184941748,-7.987194095171496
-8.799688683507247,-7.963317472933657
-8.796971498056891,-7.933451774634298
-8.794927194784735,-7.909548873980181
-8.792993569724283,-7.885634669455733
-8.791139211343198,-7.861709885524234
-8.788848070763368,-7.831798253615754
-8.786571019370404,-7.801885570969592
-8.784745202584633,-7.777954488326696
-8.782465557573184,-7.7480410964417965
-8.780620964791806,-7.72411004742212
-8.778271662323045,-7.694198984650014
-8.776360218507316,-7.670272842648328
-8.773901995150897,-7.640366967397407
-8.771838431379111,-7.616448278266558
-8.769108696355525,-7.5865625300626025
-8.76683314704475,-7.5626660121837395
-8.764510083240431,-7.538775796841546
-8.761547424635538,-7.508917894422531
-8.759087457656689,-7.485034268008684
-8.756460512951355,-7.461165477686776
-8.75290576256006,-7.431358333182452
-8.74982634600474,-7.407541659022956
-8.746533076524107,-7.383751582335934
-8.742983359397,-7.359995204702998
-8.739190193146731,-7.336278824419444
-8.734087588155859,-7.306687091793509
-8.729671770974898,-7.283074204532303
-8.723720737887797,-7.253635760201971
-8.71725798566295,-7.22430919863088
-8.711550214187335,-7.2009571075750864
-8.70554156027826,-7.177695454381336
-8.697726609874513,-7.148716006322792
-8.691252999988533,-7.125585207705145
-8.682768566059758,-7.096789329379824
-8.67591310091994,-7.0737972821347705
-8.669133528503684,-7.050782820146831
-8.660649615434147,-7.022006201440154
-8.653664824363162,-6.999037565774132
-8.644648368317961,-6.9704528591167705
-8.635294644372879,-6.941960040340422
-8.627610837608149,-6.919261123415552
-8.619755308905892,-6.8966123767770116
-8.611638739097755,-6.874055800857164
-8.601294545081466,-6.845961311757755
-8.592874609670861,-6.823579947578577
-8.58232906175616,-6.795651712280688
-8.573905334197606,-6.773323252644442
-8.563350147193903,-6.74545009243769
-8.554809346539168,-6.723284998021269
-8.54612115501234,-6.701063165059124
-8.535163275275853,-6.673259881179962
-8.526339509626304,-6.651029180035126
-8.515458030054301,-6.623305032708749
-8.506780681699313,-6.601082801799077
-8.498193352297953,-6.579085369302351
-8.487565795333895,-6.552663918410702
-8.478770349602623,-6.531920057812159
-8.466981982817641,-6.505528670877124
-8.457031620178402,-6.484325363649493
-8.446700023304112,-6.462991922107722
-8.436096390174516,-6.441537314836916
-8.42261548916404,-6.414761371402583
-8.411767097813874,-6.393378799397187
-8.398185880423195,-6.366749585150568
-8.387187704818063,-6.345454528130426
-8.373478295072253,-6.3188284252559015
-8.362500526379073,-6.297664219909323
-8.34870168879794,-6.271255598839161
-8.337702737613021,-6.250232862833229
-8.32671930883172,-6.229519396427318
-8.312736895221239,-6.203563776454905
-8.301245629466095,-6.18271079519455
-8.286591343360401,-6.156653017048241
-8.274809240941511,-6.13582084741211
-8.260118731913686,-6.109757877198601
-8.248464349028875,-6.088987732950501
-8.233947787358604,-6.062851551214949
-8.222337417820368,-6.041859868904812
-8.208177551291561,-6.015451419304588
-8.197246660632757,-5.994129020174624
-8.18416015768205,-5.967178918223938
-8.174035746592498,-5.945436702590031
-8.161474934093398,-5.918197273075951
-8.151407673526151,-5.896399364683612
-8.14107411111466,-5.874706048517622
-8.12767103411392,-5.847825086912292
-8.1163764833268,-5.82657972863246
-8.101279650062734,-5.80057143923633
-8.088409068039686,-5.780230220608393
-8.074816419360237,-5.7603807471078925
-8.060768001127979,-5.740882071237073
-8.042609889782328,-5.716934887882489
-8.027563347593365,-5.698181127487705
-8.008295023275123,-5.675148228898833
-7.99264848946962,-5.656929769333642
-7.976853282850434,-5.63883734007129
-7.956924168052419,-5.616410145464879
-7.941160239281455,-5.598358241186372
-7.9218157423496525,-5.575464137286614
-7.906517843215415,-5.5569968238854885
-7.8913294268818515,-5.538427735485629
-7.87233643144074,-5.515204343316462
-7.857139090973779,-5.496640955837873
-7.842048508342983,-5.478004840470473
-7.823328217744503,-5.454578217489439
-7.808521952719105,-5.435729479435645
-7.7940107989432335,-5.4166459897783605
-7.775980574503892,-5.392671015044297
-7.761518387071574,-5.373523018023799
-7.743588998809067,-5.349502321501446
-7.725930232693748,-5.325278083845177
-7.711920491692703,-5.30584838267725
-7.694588704535406,-5.281417984360408
-7.680849332160259,-5.261775205704784
-7.6672281299295,-5.242049116669378
-7.65049763768733,-5.217192772393318
-7.63744851915629,-5.197109436809527
-7.624852089412512,-5.176804156695325
-7.60995716448141,-5.15105495202191
-7.598856529450962,-5.129915778095389
-7.585419434506698,-5.103143658065779
-7.575000603730335,-5.081548456711237
-7.5623979068903635,-5.054357779415469
-7.552615332840549,-5.03247113943676
-7.543147876490957,-5.010455180151996
-7.53234760117058,-4.98258529037345
-7.524256051844596,-4.960025094016641
-7.514268769118559,-4.93199961659892
-7.506438882791352,-4.90933717846994
-7.496960972406096,-4.881145849983929
-7.489506716529225,-4.858365239437527
-7.48262326600978,-4.8354326613127006
-7.474877086000409,-4.806507346667808
-7.4691466532378294,-4.783226063644695
-7.4623699081345105,-4.754032941601544
-7.4570380588023175,-4.730630018489977
-7.451619374047279,-4.707249179902937
-7.444883132748031,-4.678024198928754
-7.438371169915356,-4.648763321164206
-7.433367290175271,-4.625308357798254
-7.428474328419153,-4.601821806426733
-7.422423663365667,-4.572456629752692
-7.4176869217561725,-4.548949159795941
-7.411634729689589,-4.519684255832596
-7.406735491366407,-4.49642351386368
-7.402012603842962,-4.474431877550156
-7.39748757422898,-4.453670175356993
-7.392249778029428,-4.43027216367411
-7.388992256686725,-4.416374968444908
-7.384893459200265,-4.399703608455353
-7.382520323931063,-4.390513201556521
-7.380999862639668,-4.384907458213672
-7.37979417515675,-4.380539610698208
-7.379394286005761,-4.379097193058404
-7.378734860308209,-4.376729554640439
-7.377702187919911,-4.373148999362205
-7.377118172725371,-4.371228771183688
-7.376187811402803,-4.368341849159464
-7.372651054412764,-4.358078545611917
-7.367939039046749,-4.345265692910484
-7.363190258421591,-4.33361398203995
-7.3605636492577755,-4.327585674970237
-7.358598272570919,-4.32348689975271
-7.355879331661995,-4.31838748471154
-7.352001138004789,-4.312041396126725
-7.351403529908931,-4.311160039552751
-7.353119661749578,-4.313147741567537
-7.3599381390431295,-4.320080881267322
-7.367908164892921,-4.327345799485969
-7.376247760432675,-4.334480908268325
-7.385475836592943,-4.3419065456319705
-7.392860915759204,-4.347334995655228
-7.40360488598123,-4.354304380779997
-7.41210767256242,-4.359077660190956
-7.424585697105049,-4.365177591550602
-7.4338641015269085,-4.3689055372030285
-7.4403838943400755,-4.370928269328178
-7.445599851263015,-4.372157496460818
-7.448240166206123,-4.372664995616267
-7.454087947867384,-4.373536278692721
-7.46021398094545,-4.374287047047347
-7.464096002261884,-4.3747198757612
-7.469727629440323,-4.37537275005597
-7.475226092258954,-4.375980337125781
-7.480453181057921,-4.3765688589589224
-7.4872743371500885,-4.377365735078647
-7.492081706704341,-4.377942850302547
-7.497207959167462,-4.378552237628797
-7.5011520527108,-4.3790264480974646
-7.506076246274905,-4.379709493465578
-7.510042041714363,-4.380331688783569
-7.516075434101361,-4.3815022590342165
-7.5226548740778005,-4.3830333800209
-7.529702283543878,-4.384844835352987
-7.536543216657385,-4.386862370301664
-7.545525927506561,-4.389647324141788
-7.553017321015163,-4.3919281436024615
-7.559670751707348,-4.393965626196991
-7.564987149284209,-4.395649411076195
-7.571419951627119,-4.397857057188065
-7.577731343343103,-4.399981972409874
-7.584542563771166,-4.402158071597131
-7.591331060177785,-4.40444559644986
-7.597320068352445,-4.406423994630013
-7.602895492596989,-4.408250553233116
-7.607991821513556,-4.4099643877080394
-7.612675379596237,-4.411606379046832
-7.615433958957659,-4.412612795273105
-7.6177849050755295,-4.413469354301481
-7.6207600013389545,-4.414548594875178
-7.62311153942974,-4.415391049974215
-7.626290223414008,-4.416532589675085
-7.628890742112203,-4.4174575354731545
-7.632212809164748,-4.418621011076253
-7.634577002488932,-4.419450058678913
-7.636813475350168,-4.420238407940996
-7.639338904794813,-4.421123903334782
-7.640925927696314,-4.421683509439157
-7.642793337184483,-4.422347658191373
-7.6449744973075315,-4.423131570077136
-7.646929917996268,-4.423849209465523
-7.648880023000721,-4.424628788238319
-7.6504110587488565,-4.425389102442018
-7.651306455958844,-4.425865503809624
-7.65194977381703,-4.426210264418189
-7.652452779311327,-4.426487670995244
-7.6530215858118344,-4.426804486725343
-7.65376974566007,-4.427242607692472
-7.655067876181599,-4.428007500684107
-7.655767814392918,-4.428421172510917
-7.656805494388756,-4.429037206512924
-7.65770672878923,-4.4295730577314645
-7.658722848942226,-4.430175905377681
-7.659543242805163,-4.430663114986511
-7.660552439993376,-4.431263819208282
-7.661282685929057,-4.431697084589928
-7.661792296865629,-4.432004095389084
-7.662010904156005,-4.432146479685182
-7.662262516701263,-4.432309909187337
-7.662460641185271,-4.432440938169738
-7.662804836726667,-4.432659638843001
-7.663175103859114,-4.432904199712813
-7.6635470812858095,-4.433147019156525
-7.663765148674892,-4.433286637435371
-7.6635317946302495,-4.433133349037209
-7.6639162300373345,-4.433381638683388
-7.663736054848186,-4.433264959191558
-7.6637815275456225,-4.433290460000815
-7.663963453830421,-4.433408599610087
-7.6638176351830465,-4.4333137323246605
-7.664062003963778,-4.433471663775857
-7.664228509744502,-4.433580200349393
-7.664452745093212,-4.433725996712478
-7.664230428100847,-4.433581774497549
-7.664663994446166,-4.433860254485464
-7.664653896392455,-4.433855202807817
-7.664639927180709,-4.433846097494495
-7.6646527155963655,-4.43385451976358
-7.664669539584271,-4.4338656125857305
-7.664600458477177,-4.433819461902055
-7.6643187582902135,-4.433637164818687
-7.664702601677486,-4.433885226139975
-7.664443820355349,-4.433715734353765
-7.664698112476875,-4.433876838934461
-7.66475608313272,-4.433915634518736
-7.664719309397364,-4.433891553993721
-7.664599670919897,-4.433814564963305
-7.664808370179584,-4.433948048896175
-7.6646204566025515,-4.433826641611501
-7.66500710947567,-4.434076863632635
-7.664871284308605,-4.433989384666823
-7.665115290838263,-4.43414502270829
-7.665097927844737,-4.4341353836777975
-7.665125947616214,-4.4341515259042055
-7.66506811680563,-4.434114340701843
-7.6646683573744365,-4.433851749544945
-7.664680541714947,-4.433857952154514
-7.664699307452276,-4.433869922344143
-7.664622868126714,-4.433819568980249
-7.6645771312992075,-4.433789048576065
-7.664525813484657,-4.433754948023816
-7.664484307849868,-4.4337277621356765
-7.664784915845284,-4.433921274968961
-7.664845470957441,-4.433961727203754
-7.665055636142124,-4.43409755089345
-7.664738274291931,-4.433890992670795
-7.6650134779288175,-4.434069529209016
-7.664678826494856,-4.433850529448904
-7.664641619456615,-4.433826328137677
-7.6645295231311055,-4.433753396846035
-7.664811307202478,-4.433932453838743
-7.664794376259167,-4.433922690481022
-7.6646170197117005,-4.433806096568596
-7.664449084293001,-4.433697434133974
-7.664426551021645,-4.43368015228427
-7.664410244499016,-4.43366867579237
-7.664607762009139,-4.4337974332647585
-7.664203996548126,-4.433533470848806
-7.664390015519499,-4.433653946886222
-7.664039606799443,-4.433424228126832
-7.664201661080937,-4.433528771683506
-7.6639036694400655,-4.433334610239057
-7.6638554994338115,-4.4332985540232706
-7.663691431608104,-4.433193433354417
-7.6639284118412725,-4.433343953190748
-7.664060360082566,-4.433430881471746
-7.663984143253267,-4.433380579448122
-7.663956576278641,-4.433363502670994
-7.66388640291398,-4.433316237602506
-7.6639286000713955,-4.433342695721297
-7.663763771721405,-4.43323506457312
-7.664025832717151,-4.43340271716713
-7.663909977796254,-4.433328209773684
-7.664000034375101,-4.433382912943452
-7.6637824694470655,-4.433242341225846
-7.663737119670806,-4.433210654690727
-7.663661326720222,-4.433161662504537
-7.663715806227197,-4.4331968456337645
-7.66359581563761,-4.433117954880168
-7.6636898765583465,-4.433176652759781
-7.663794661446922,-4.433245016111554
-7.663891905010293,-4.433310123302712
-7.663863039348168,-4.433290402145347
-7.6637772991531214,-4.43323496752913
-7.663779717323002,-4.433235642359897
-7.6638134778111064,-4.433255053995253
-7.663747925812896,-4.433215014872556
-7.663725177148801,-4.433199801777968
-7.663727866894171,-4.43320117674451
-7.6637487966267335,-4.433215263545988
-7.66373861122066,-4.4332086133601445
-7.663601658712654,-4.433120203280323
-7.6639313268990925,-4.433333239525452
-7.663746105825978,-4.43321295950948
-7.663977732167383,-4.4333611876886545
-7.663626270610559,-4.433132688379813
-7.663621783748847,-4.433125171645032
-7.663490166480294,-4.433041476365359
-7.663632950619129,-4.4331312703363075
-7.663595587808544,-4.433109204494665
-7.663532058117633,-4.433067893352654
-7.6635392547191845,-4.433072263427806
-7.663514250503124,-4.4330559613724105
-7.663502753386991,-4.4330478784906155
-7.663570283395185,-4.4330919608325505
-7.663761217450622,-4.433216041420178
-7.6637627181570815,-4.433214957351674
-7.663995568128394,-4.4333667768378575
-7.663989514970146,-4.433360533684175
-7.663959273866242,-4.4333406431523255
-7.663765306076685,-4.4332131325021695
-7.663652055984413,-4.4331397868755165
-7.6637794838006785,-4.433223577899597
-7.6637439620316155,-4.433199831051103
-7.663818103825472,-4.433247824212035
-7.664089253786117,-4.433422990500366
-7.663692553243924,-4.433164603239813
-7.663815929086628,-4.433242955261078
-7.663589804581844,-4.433096645644541
-7.663843943636597,-4.433259987777054
-7.663605227709993,-4.433105124509057
-7.663749968732927,-4.433195793811702
-7.663607809148543,-4.43310441482032
-7.663664841288947,-4.433139433158422
-7.663667260575471,-4.433141405665282
-7.663510116555524,-4.433039417523276
-7.663893921288383,-4.433286933922419
-7.664008571266218,-4.433360030630259
-7.6639935482589765,-4.43335230887133
-7.664007103752321,-4.433359763336282
-7.663981893027923,-4.43334083284933
-7.66395070555857,-4.433323836097962
-7.663887967873147,-4.433282101884032
-7.663849555442442,-4.43325707384415
-7.6638798709090015,-4.433276946966664
-7.663913042708796,-4.4332987029393065
-7.663819596360728,-4.433237865269349
-7.663841500759432,-4.433251045398151
-7.6637714142709275,-4.433206000737383
-7.663634141964286,-4.433114898390822
-7.6637524961972865,-4.4331903100588805
-7.663454303632298,-4.432996404481232
-7.66379752901291,-4.433216644063826
-7.664005012382154,-4.433350681603056
-7.6636713455949845,-4.433134580340675
-7.663816479369757,-4.433228845949801
-7.663633408062995,-4.433109350798507
-7.663725076850242,-4.4331663498604605
-7.663369153134547,-4.432935355302313
-7.663694560999283,-4.433145098007458
-7.663521431668762,-4.433032770017473
-7.663655157315555,-4.433117352033691
-7.6634265710317075,-4.432969619741101
-7.663637447665257,-4.4331038608349225
-7.66360343589727,-4.433082655867103
-7.663417184399761,-4.4329590928107345
-7.663484196420226,-4.433002639553767
-7.663276334557387,-4.432866070714025
-7.663121500023928,-4.432765598464723
-7.663458068764527,-4.432982036197493
-7.663409612516653,-4.432952183620296
-7.66335464977524,-4.432913982515268
-7.663132765549899,-4.432770387494371
-7.663392049473204,-4.43293831847295
-7.663243851541597,-4.432841969954317
-7.663416663697922,-4.432952949115516
-7.66321029850287,-4.432819698673499
-7.663449788181822,-4.432973805492473
-7.663218091816659,-4.432823688466058
-7.663286288908603,-4.4328684128532325
-7.663341030523297,-4.432902912357396
-7.663287810460403,-4.4328690099724986
-7.663192321861666,-4.432803834396087
-7.663326427619916,-4.432889977236658
-7.662990584412319,-4.432671166218775
-7.6633196745440655,-4.432881696278797
-7.66337052224164,-4.432915859952546
-7.663397168369287,-4.432933794496866
-7.66340058981844,-4.432935692064711
-7.66335127267495,-4.43290349167513
-7.663356556538501,-4.432906985506332
-7.663390023852674,-4.432928531153273
-7.663213420619491,-4.432814470605269
-7.663616707203907,-4.433075059012477
-7.6634798928871755,-4.432986130680074
-7.663628945912876,-4.43308251552228
-7.663418708134492,-4.4329450469607945
-7.6635720064988675,-4.433043295983866
-7.663306441209947,-4.432870808060561
-7.663415938948374,-4.432938771270715
-7.663387743207397,-4.432923151942428
-7.663662474874339,-4.433098544913985
-7.663625986490495,-4.433077238121018
-7.663661206915053,-4.433097286759104
-7.663840775349668,-4.433213386285805
-7.663683737640578,-4.433112045793683
-7.663981027001303,-4.43330281519465
-7.664013649164058,-4.433325316432368
-7.664022822969726,-4.433331202493964
-7.663994165031219,-4.433311878789882
-7.663917752657272,-4.433260329328541
-7.663803590992306,-4.4331857520541655
-7.664122547213798,-4.433392479529715
-7.663972516101193,-4.433295521506604
-7.664159591696633,-4.433417957120465
-7.663984417980176,-4.433302095135922
-7.663960707187626,-4.433286655793552
-7.663914904046053,-4.4332567441668305
-7.663885169517313,-4.433237035921753
-7.663897849646924,-4.433245100532109
-7.66388495784872,-4.433237178014605
-7.663872658880356,-4.433228868071567
-7.663915592373397,-4.433257328271681
-7.663883094789607,-4.433235864745627
-7.6638564451864895,-4.433218324474702
-7.663855035784583,-4.433217338417774
-7.663871872380485,-4.4332286041266435
-7.663857372320074,-4.433218838717005
-7.663587152983744,-4.4330421354903216
-7.663444919920718,-4.432948991747825
-7.663627695700301,-4.433065078350064
-7.6638195648256024,-4.43319026967812
-7.663732245716333,-4.433134864867923
-7.663852317480385,-4.4332111582608835
-7.663684770078994,-4.433103292674378
-7.663868546513939,-4.433220943494438
-7.663695634564907,-4.433109425163986
-7.66364893881744,-4.43307803644251
-7.663515127754299,-4.432991068205434
-7.663241101495634,-4.4328121247474375
-7.663097527026591,-4.4327155431027405
-7.662977630230448,-4.4326396212807415
-7.662930839644894,-4.432607365018163
-7.663001371340684,-4.432653248157211
-7.662888724854757,-4.432579298777941
-7.6628367611936365,-4.4325459045042255
-7.662748605580665,-4.432485156383075
-7.662978271961438,-4.432633085261051
-7.662885306066769,-4.432573829163057
-7.663338326100247,-4.43286769705783
-7.663260044944175,-4.43281545389972
-7.6632608779683995,-4.432816060984729
-7.663429981015213,-4.432926916650101
-7.6636328373960625,-4.433057491442435
-7.663356021654957,-4.432877288322916
-7.6636628099309645,-4.4330736514527835
-7.663661449381332,-4.433073530225183
-7.663850348263575,-4.433195342078391
-7.663726224919479,-4.43311655761184
-7.6638065673729,-4.433165542008695
-7.663683462454182,-4.433087201387483
-7.663858712979307,-4.433198804761735
-7.663893677456189,-4.4332230185759345
-7.663922350074328,-4.433241398978777
-7.6639511033329555,-4.433259498740253
-7.663766914382822,-4.433139241761773
-7.663518082465504,-4.432977423215802
-7.663659388292314,-4.4330686366765155
-7.663544078127777,-4.432993440306393
-7.663342144450852,-4.432861968899569
-7.6633234069046505,-4.432846951635266
-7.663585824368153,-4.433016360805962
-7.66348380905716,-4.432951029066291
-7.663985948173104,-4.4332763920782225
-7.663732968445983,-4.433111164526852
-7.663970567073666,-4.43326548958016
-7.663824262269738,-4.433169899495649
-7.663682005192205,-4.433076363250412
-7.663544825378134,-4.432987879637698
-7.663595256095748,-4.433018179856675
-7.663563478254996,-4.4329985165042975
-7.663525320019408,-4.432973506465217
-7.663513753447262,-4.432965548003809
-7.663607703445243,-4.433026304714148
-7.663578691683715,-4.433007097492292
-7.663680253073669,-4.433074569648385
-7.663567483664925,-4.432999638177212
-7.663461139858816,-4.432929526495948
-7.663322816358142,-4.4328410623552115
-7.6635796990957665,-4.433005371673038
-7.663439884850516,-4.432915171612152
-7.663584114464957,-4.4330073609853216
-7.663372243823803,-4.43287026469252
-7.6632730624956595,-4.432805850410566
-7.663383894220561,-4.432875772489907
-7.663353188082226,-4.4328575022999805
-7.663422872179565,-4.4329009030976385
-7.663373837513776,-4.432871305616364
-7.663255836168266,-4.432793443090038
-7.663136904588912,-4.432715350386325
-7.662798168855253,-4.4324941147382075
-7.663198744748272,-4.432751978925383
-7.663238513075705,-4.432778245247025
-7.66328442349259,-4.4328089213393795
-7.663285187795914,-4.432809297907646
-7.663302132142669,-4.432820209084037
-7.663332596647268,-4.432840515795567
-7.663323934440337,-4.432834860405356
-7.6632136147325225,-4.432763561513884
-7.6635053499828105,-4.432951241465839
-7.66340322343036,-4.432885908624842
-7.663570277385197,-4.432992776365095
-7.663371339507448,-4.43286364948698
-7.66332537046926,-4.432832361815049
-7.663681975002706,-4.433063176215135
-7.66339629822253,-4.432877918556937
-7.6638152349137725,-4.433149006680802
-7.663731983631629,-4.433094481507246
-7.663869628624335,-4.433182322902289
-7.663717638413914,-4.433084884807366
-7.6636832648922,-4.433062055783532
-7.663408939679765,-4.432882385825071
-7.663605536493009,-4.43300901821924
-7.6634380209583846,-4.4329010423193616
-7.663194350464774,-4.432741584651067
-7.66316609216529,-4.432718687604129
-7.663216812534353,-4.4327528527949305
-7.662993372130523,-4.432607476161295
-7.662947320430172,-4.432576141213989
-7.66310741651994,-4.432677730483647
-7.663167824573414,-4.432718519005598
-7.663046309766158,-4.432638582331855
-7.662960472094558,-4.432584092742363
-7.663274271068839,-4.4327874461568495
-7.6630216303048035,-4.432622747784856
-7.66324658599536,-4.432767773377171
-7.662928976631983,-4.432561106789595
-7.662951999872002,-4.4325763032685375
-7.66279821087088,-4.432476094725159
-7.663055667440436,-4.432640330178325
-7.663052858359692,-4.432640383953687
-7.66297531718095,-4.432588832155083
-7.663008594374317,-4.432610404698188
-7.663018130325815,-4.432616904664136
-7.662982952397401,-4.432594116094625
-7.662977505952167,-4.432590282501342
-7.66296487385682,-4.432582075405208
-7.662957805471457,-4.432577898797672
-7.662958889606517,-4.432577970555635
-7.662983524930347,-4.432593864954599
-7.6629397093758085,-4.4325655914875295
-7.662917338196624,-4.432550908930716
-7.662911321535977,-4.432546899740038
-7.662899599549488,-4.432539373040598
-7.662878318911441,-4.4325251800950936
-7.662832444755685,-4.432494931479525
-7.662724112761333,-4.432425525653893
-7.66301806897078,-4.4326155049244145
-7.662962526590376,-4.432580256396111
-7.66301222817536,-4.432612255917967
-7.662958477706439,-4.432576266507496
-7.662938596726156,-4.432563394808904
-7.662892437089992,-4.432532910683631
-7.662872196973767,-4.4325197464079
-7.662865010445614,-4.432514948262921
-7.662813431635995,-4.432481892000982
-7.6629459572517575,-4.4325685117759415
-7.662760879988357,-4.432447502267119
-7.663054732756975,-4.4326375018124695
-7.662943014345208,-4.43256442995949
-7.6629976123357615,-4.432595996264832
-7.662953577545131,-4.432569313255894
-7.6629602376548025,-4.4325719171421305
-7.663108284186826,-4.4326662240652555
-7.662792799686729,-4.432461426865744
-7.662918123792074,-4.43254136895982
-7.66281868108767,-4.432476054726989
-7.662995306557938,-4.432589271228586
-7.6630420360939615,-4.43262100988493
-7.662998711393061,-4.432592934079403
-7.662942638848601,-4.432555809711284
-7.662661548405559,-4.432371213374315
-7.663010530203877,-4.432595828880081
-7.662866996959758,-4.432504780712753
-7.663206636254107,-4.432722739002774
-7.663197292869632,-4.432717920155786
-7.663153838140636,-4.432688594717617
-7.662865315274628,-4.432500350642999
-7.663242639992986,-4.43274506110755
-7.663093726962594,-4.432646932778798
-7.663006357631862,-4.432589786186391
-7.6629288857488405,-4.432538927570384
-7.662719803941482,-4.432400344040569
-7.66258908582058,-4.432316461791841
-7.662446270571423,-4.4322227496775195
-7.662190877517484,-4.432055495178997
-7.6621950037598054,-4.432055361029387
-7.662128184911335,-4.432014220049383
-7.661801021665877,-4.4317990479094265
-7.661710848633667,-4.431738233827444
-7.661685695381325,-4.4317208777538974
-7.661565696131826,-4.4316408270862295
-7.661259022760501,-4.431441806405648
-7.661203938057151,-4.431399448433103
-7.661131265826949,-4.431355548978855
-7.661182267691652,-4.431383910769944
-7.661282187654545,-4.431452167754865
-7.661485066252452,-4.43158333912369
-7.661144897347135,-4.431360747656572
-7.661201733942631,-4.431394373566702
-7.661055070435093,-4.431301117355328
-7.6612740604112055,-4.431440878055899
-7.661033273164139,-4.431283743630053
-7.660794936801505,-4.43112561746223
-7.660447784202093,-4.430898285521476
-7.660514943031405,-4.430939062670048
-7.660218740564969,-4.430747609507751
-7.6604137291454,-4.4308706611585835
-7.660249966291202,-4.43076469567137
-7.66038390258851,-4.430849387286578
-7.6600964888693905,-4.430661905739412
-7.6599334727980875,-4.4305540753147845
-7.659601061084401,-4.430335507177899
-7.659394342145894,-4.430200757298238
-7.659101350088527,-4.430005243633438
-7.658607295194521,-4.429682405835387
-7.65814743173386,-4.429375544833316
-7.658003150596182,-4.4292785661799945
-7.657645752813194,-4.429046029220335
-7.657370109335769,-4.428862273730818
-7.657051922524984,-4.428656837392566
-7.656689529688322,-4.428418201832937
-7.656660349160915,-4.428397965678918
-7.656170068338539,-4.428076036713187
-7.655858170163157,-4.427867442326191
-7.655655708890469,-4.427735703682137
-7.65514523688469,-4.427396625198049
-7.654824537245755,-4.427187965586608
-7.654593897914481,-4.427033057874926
-7.654224033662994,-4.426790702890259
-7.653959253272329,-4.4266157312839285
-7.653522998559483,-4.426326958212343
-7.653181855779626,-4.426103816031314
-7.652835574543796,-4.425873690099826
-7.652406543495655,-4.425593372728267
-7.652013785744939,-4.425333627776134
-7.651612716811677,-4.425069881039389
-7.651131804294433,-4.424754715137001
-7.650708316096774,-4.424473515903788
-7.650268029885522,-4.4241865573210495
-7.649679720314114,-4.423797324517233
-7.648961853005473,-4.423323693099462
-7.647990873027964,-4.422694177246654
-7.646848989538121,-4.421945063362261
-7.646512720665826,-4.421725401703081
-7.644976593197067,-4.42072164732292
-7.643266049368245,-4.419589286583384
-7.641583086672853,-4.41849454593037
-7.6396707057221205,-4.417221671870206
-7.6386887420844145,-4.416576635146697
-7.636865640087016,-4.415373975917104
-7.635598447009613,-4.414529206567338
-7.633674237483999,-4.413253451555358
-7.632667947864065,-4.41258458017749
-7.630658983298675,-4.411267113366988
-7.628677235084698,-4.409939669490329
-7.62751876957728,-4.409174593343883
-7.62470308326555,-4.407291086785319
-7.623593196338256,-4.406551908226632
-7.6212161133033725,-4.404955025494005
-7.620446918842125,-4.404434381098896
-7.619330123639151,-4.403680111081641
-7.618593036321938,-4.4031818820041835
-7.617516243438421,-4.4024496592531275
-7.6165108024710655,-4.401777008880857
-7.6130314850208265,-4.399377748860717
-7.611883910865125,-4.398583440613745
-7.6108662686619395,-4.397907044785192
-7.607834776289942,-4.395855624451103
-7.60562214528902,-4.394309792191848
-7.605239817587527,-4.3940431279178
-7.603520228659563,-4.392898858565029
-7.601114798778466,-4.391244782289201
-7.599785217956512,-4.390315015471745
-7.598862526846686,-4.389692321304149
-7.596291892189438,-4.387934506079328
-7.59453880240459,-4.386698136613101
-7.594349366037532,-4.386560118981023
-7.592961566048598,-4.385629439484251
-7.59046007396808,-4.3838856351982365
-7.589345617129352,-4.383086883056807
-7.589933211979898,-4.383478336954375
-7.589016116898102,-4.382871676696813
-7.587420956463137,-4.381805862408087
-7.585631626080384,-4.380564594421685
-7.5848783768362225,-4.38002621027498
-7.585761199404687,-4.380620347371657
-7.5849595359981175,-4.380068586012872
-7.584537107020247,-4.379765825210422
-7.585516039464895,-4.380433044725626
-7.585929560288257,-4.380708747981033
-7.584576359263586,-4.379765975481452
-7.58425098845033,-4.379530691479731
-7.585509682816283,-4.380383199065987
-7.585005007386013,-4.38004147744013
-7.5839292337744455,-4.379283740912825
-7.584303021019159,-4.379531142340953
-7.585244782917421,-4.380153313394732
-7.585271165218202,-4.380171854791167
-7.585491378899337,-4.380314899145787
-7.585604768945043,-4.380389617177846
-7.585843421855476,-4.380544612995484
-7.58649689160378,-4.3809623774177116
-7.587801682506154,-4.381745404425485
-7.589738978687026,-4.382836877234316
-7.591290312238431,-4.383695969518695
-7.592942473604441,-4.384597141142367
-7.5942649293273385,-4.385314503889474
-7.595692299940786,-4.3860846210799425
-7.597661513441957,-4.38713296329783
-7.5995445423363455,-4.388149379692502
-7.600969364094081,-4.38891100794531
-7.602180842830858,-4.389561954873574
-7.603497881606514,-4.39026432059455
-7.604950268163344,-4.391048395571557
-7.6062918246738285,-4.391762406122107
-7.607457043775807,-4.392390907780934
-7.60897134930796,-4.393197044981558
-7.610260556375189,-4.393887126662244
-7.611714858543499,-4.394669364593198
-7.61302601873207,-4.395368235445297
-7.61436106031029,-4.3960862914168715
-7.61585805496649,-4.396883421760571
-7.6170959595365275,-4.397550335869778
-7.61852184772492,-4.3983115212873765
-7.6198386035815755,-4.399018213464341
-7.621482530390355,-4.399893263380804
-7.62285569669497,-4.400630563730875
-7.62445895279469,-4.40148298964145
-7.626107042942923,-4.402364127859381
-7.627568807512357,-4.403144805307395
-7.62923929596476,-4.404038003101223
-7.6304364430567375,-4.404679324124272
-7.631953839061287,-4.405494704537377
-7.633132844746099,-4.406124523400703
-7.634309691308498,-4.406757230181472
-7.6357516369211185,-4.407532610617638
-7.636957076529844,-4.408177027945176
-7.638127011556666,-4.408803363920082
-7.639555361341408,-4.409568098978672
-7.640899237553738,-4.410288096428521
-7.642050963216261,-4.410901788513154
-7.643271224957243,-4.411542451679055
-7.644342427667898,-4.41209942644192
-7.645036013583468,-4.4124584686193735
-7.64562269088169,-4.412758300822611
-7.645809456720423,-4.4128545288550844
-7.646269364381509,-4.413090227171244
-7.646352422093341,-4.413132423925761
-7.646245392011503,-4.41307759384258
-7.646052998539107,-4.412979655994412
-7.645933213624007,-4.4129187535760055
-7.645699806289122,-4.412800025734605
-7.645546034607042,-4.412721116875599
-7.645163143969685,-4.412526275078637
-7.644819520963242,-4.412351010918992
-7.644305425795788,-4.412090071907844
-7.644144058259387,-4.4120084677875635
-7.643752512243868,-4.411808274153548
-7.643170808890852,-4.411514026099537
-7.642550805745033,-4.411201173823785
-7.641777777560839,-4.410809594015236
-7.6405995615100615,-4.410213079447566
-7.639569552509948,-4.409692357161107
-7.638655057425975,-4.4092316761119745
-7.637795876928691,-4.408810267085795
-7.63735289958158,-4.408602385118237
-7.637965408578056,-4.408892253496768
-7.63881624889601,-4.4092946374610005
-7.638743344331806,-4.409259811114705
-7.638362014650017,-4.4090824671676705
-7.638986146135864,-4.409375384765506
-7.636644229640162,-4.408280873466493
-7.636105916505889,-4.4080246486798975
-7.636112640313501,-4.408027144746396
-7.6352557409929815,-4.407619027624427
-7.635496049142329,-4.40773486063826
-7.6358777799807,-4.407917420961988
-7.635847683351446,-4.407901737141887
-7.635123652414299,-4.407560258529185
-7.63467598019832,-4.407348828771407
-7.634113540306252,-4.407080321176499
-7.633785359530837,-4.406925061712238
-7.633708097538109,-4.406888591625224
-7.633508467196341,-4.40679474697247
-7.632528256762067,-4.406336228657383
-7.631195796120927,-4.40571827543496
-7.6298946935781995,-4.405135009893694
-7.624064615605496,-4.402574892313071
-7.6192608971742,-4.400428927226134
-7.615262802962248,-4.398650374468669
-7.610563189992332,-4.396556565206146
-7.607055036254741,-4.394987586823875
-7.603257567850542,-4.393291541634701
-7.6008276793207,-4.392190385521229
-7.598864838372926,-4.39129107664749
-7.597883984038246,-4.390839729655496
-7.5969199228474595,-4.3903923674439005
-7.595687386594996,-4.389823040191662
-7.594112483341401,-4.389090341550923
-7.592400257443437,-4.388302706409162
-7.590968265433808,-4.387641339050049
-7.589423150737569,-4.3869273459781954
-7.588886736791778,-4.3866824403909845
-7.5898642204304325,-4.387131552064788
-7.590645406612004,-4.387496910013644
-7.591676148892275,-4.387977481119395
-7.592651761046131,-4.388430288891106
-7.592891826287118,-4.388541707110575
-7.592890784495655,-4.388541031777435
-7.5928210274881796,-4.3885085159942685
-7.593080906782533,-4.3886293123969775
-7.593750578701209,-4.388941647320053
-7.594853533663821,-4.389467304656485
-7.596323749049282,-4.390168569543109
-7.598090135730464,-4.391011782718743
-7.600712850280928,-4.392290352116298
-7.602844769995411,-4.393355191674233
-7.604490508285295,-4.394194586921232
-7.606003959466467,-4.394981349214322
-7.607654044213824,-4.395866205026696
-7.610538653622428,-4.397447327041303
-7.6131934712043146,-4.398927627114725
-7.6154665558469565,-4.400252757615133
-7.619199592258386,-4.402537338084628
-7.621965709471806,-4.404315300421648
-7.625546907396712,-4.406748419914673
-7.628568844487526,-4.408876080450866
-7.631195612159904,-4.410756754245181
-7.634593310081227,-4.413222833306815
-7.637406005831321,-4.415294328899104
-7.64006932632225,-4.417298161734931
-7.643478814439634,-4.420015220087593
-7.646421178856859,-4.422491288226427
-7.648337434658448,-4.4241776429427
-7.648180258523496,-4.424035778224041
-7.648788992698375,-4.42460444837925
-7.647933070910654,-4.423793524328598
-7.647181973380255,-4.4230718843567915
-7.64466198843472,-4.4204783725186605
-7.640762295810433,-4.416188287092451
-7.632320599505662,-4.4059826509550355
-7.6215425254369595,-4.391822781389864
-7.608228080361231,-4.372983795933636
-7.591897783335189,-4.347937854271508
-7.5798280633197255,-4.327311356188102
-7.568646816184041,-4.306165963381125
-7.555779232247086,-4.279183871404329
-7.546429195554295,-4.257176037005826
-7.537859699269297,-4.2349595792917265
-7.527925654639432,-4.206807230502477
-7.522465133879573,-4.18994801154318
-7.5140403421937,-4.161352712605999
-7.50783680317059,-4.13830075827652
-7.502271596042735,-4.1151830495728925
-7.497947483266312,-4.093427920690017
