0.02978356978739545
0.0595907464955084
0.08098913510855059
0.0892924992413739
0.0928985341871397
0.0963065791786333
0.1079642773585264
0.11646567671888561
0.1226549614762898
0.12405402977867523
0.12405541609427369
0.12405634823273771
0.12451008485647842
0.13277312730808777
0.14920514171869168
0.1690654628005526
0.1916437277168972
0.2128122310621577
0.23365913477756686
0.25676651732210326
0.2792016710377267
0.29904403044795985
0.3141244551967026
0.3335659143020455
0.3590596264654848
0.3884773448129847
0.41619334247527545
0.44092251209593447
0.4654836651005661
0.4925530922675187
0.52199848523753
0.5515726873406969
0.5814279931320253
0.6112336696848781
0.6409529124640749
0.6697211825653755
0.6942051699802518
0.7189373531451969
0.7434156818033144
0.7678450556179358
0.7880340400978263
0.8034451551985141
0.8228535870031558
0.8394829917013931
0.8548016314759846
0.8710201126491701
0.8885657083762718
0.9088126208154558
0.9305134927017604
0.9485799461512716
0.9724804172018242
0.9947936105358773
1.0141071043931875
1.0333380516146886
1.0526413648266149
1.06781430633684
1.0856859937874617
1.0992481746962441
1.108816826472551
1.118835518515133
1.1314223934188803
1.147057674301328
1.1668288936780635
1.190828006144305
1.2133626255192054
1.2321873872599234
1.2510409344481868
1.2722714691341253
1.2956872242400466
1.3244836082695792
1.3511578958367074
1.3802681124895493
1.4103149456723338
1.440395421803168
1.470470627618736
1.5005311104851653
1.530630596853641
1.5607512844164975
1.5883890272613115
1.615752957050126
1.6456960437611925
1.6756846589817596
1.7056209072328714
1.7349030079175358
1.7574664514969562
1.7863768476731645
1.8219403960243132
1.8459307893594374
1.8758861281718515
1.9058323293414043
1.9357636179419972
1.9656589856911815
1.995588878259088
2.0254984618470075
2.05541327806121
2.0853726129821597
2.1153996500638486
2.145472873257734
2.175531033744759
2.205606483433295
2.2356719126432574
2.2657230073367014
2.2943957911588053
2.3189588954323
2.343418408937046
2.37226235428424
2.402226802868573
2.432020308645271
2.461225469095729
2.4895042332882436
2.5184986903634794
2.5458694574843106
2.572751512022682
2.5968530389395856
2.6235469210733227
2.653294674014345
2.683193453518166
2.707087787381332
2.737032404488521
2.7658682141138233
2.7923883747625564
2.817133532365762
2.8466152362412673
2.8733628873482218
2.8995793847164184
2.9292471756569594
2.959214996729891
2.9892584424856774
3.0188599535357636
3.047484330353122
3.077410994523559
3.107352023201769
3.137395909504323
3.167482302827483
3.191472067841451
3.219667576687337
3.2465488891218977
3.2713918686871737
3.2983428125616894
3.3203950343776794
3.3397638633919504
3.3598170465895603
3.3827910326951103
3.406540090696179
3.43098337306154
3.4581159396582315
3.48166716166368
3.5052262144333257
3.527991560418416
3.552371205733273
3.580558490952302
3.609087361491004
3.6315357766269627
3.655307191879136
3.6839333950565605
3.713758497976334
3.7436928165349355
3.7737113028534592
3.8037613092428857
3.833258088180492
3.8590041644294493
3.885450839881735
3.911257747064731
3.9354577612000843
3.9596630586248884
3.9857415605260362
4.013271694288938
4.0372993983389405
4.056676350579455
4.073893604083063
4.095847123886292
4.118104951643111
4.14599278405068
4.175970603369419
4.20598691036832
4.233371607380409
4.262808429863937
4.290556498309554
4.319926592721222
4.343894159086538
4.3739099205084315
4.403871368503529
4.433852756733125
4.463059078352018
4.4889589672996815
4.5143043257819535
4.543329730162054
4.573293863099363
4.60323985884106
4.633249926837703
4.661798381659627
4.687250871650851
4.708941381322512
4.728351624468703
4.745525886626284
4.760964067373208
4.781583676826228
4.803954966722308
4.826197967593926
4.850792898200728
4.877511400867113
4.907130264273056
4.936967611899426
4.9610481487222176
4.9910774091366275
5.020152731492541
5.05016317048112
5.080087616457669
5.110055188123893
5.140079494003154
5.170077198013463
5.200089909874308
5.229728056971472
5.258982091908531
5.288988107647731
5.319031964398373
5.34752216195135
5.370577137412017
5.386813071566149
5.404811450400834
5.421493718712492
5.437152185494146
5.447801403617463
5.464388081221321
5.485327333476168
5.5108562808671975
5.538161121894496
5.566711436078268
5.596661298438821
5.62411549175524
5.650106116525072
5.6738785215885965
5.697696952843427
5.724395155381588
5.74825047845996
5.7741991144008376
5.801766425432863
5.82916952191686
5.857664890016097
5.881549075461202
5.903131590045733
5.925512635600282
5.952260149157083
5.980932493029451
6.00188581947656
6.03361093885189
6.05449576218248
6.082158150482642
6.1119088331685765
6.141891449950603
6.1707089789568395
6.198992535195573
6.22294593513287
6.2479528983950425
6.270945086245856
6.295667190506764
6.324392618207568
6.349345946132023
6.374666831067168
6.401768148143654
6.426688608669194
6.448454461127539
6.4755430717807645
6.504101294144411
6.534136055344974
6.558177178377003
6.588169670610861
6.617662991854291
6.643273189116618
6.6660979398565
6.691898262330448
6.718977871571702
6.746422542509694
6.776367610169132
6.805511273373973
6.82922682566745
6.853306194867828
6.878832881425793
6.9038745524517795
6.93319076804816
6.960909907517371
6.989530222275255
7.018410409724934
7.047475114679209
7.06958723117672
7.096813903776262
7.1197676361259115
7.145719545685424
7.173767660959213
7.200381960593543
7.228223610297664
7.252468917782695
7.274358337718426
7.297137056114507
7.320681063077381
7.349070666015573
7.378816392461398
7.408808716851331
7.438743297701353
7.468554817616363
7.498088393969137
7.526501328223701
7.5549528255390594
7.5819787508855025
7.609280822404887
7.637814785159945
7.66734958600647
7.697413607579649
7.727461558945033
7.757447475954361
7.78715302783219
7.81672353018041
7.840716075887371
7.870925644587844
7.901066705523227
7.931208593062009
7.96133471653367
7.9913000847339
8.018618343662636
8.044416379942403
8.068183464755066
8.087723831078744
8.104110252006016
8.122253778905216
8.142700071254767
8.16539099537285
8.18771007229733
8.212725774390965
8.237730850411342
8.259040194650215
8.276736435517702
8.294857936338062
8.313660087998104
8.331165898203503
8.347296372503278
8.361165483166946
8.379700909190896
8.402451290308678
8.428352520571584
8.451114853215845
8.487084193925476
8.51071395456433
8.539699278883308
8.568486681576768
8.596498879570353
8.62576624177413
8.654231054251383
8.683737004910167
8.713734394986096
8.743671473139145
8.7736371340939
8.803642041051019
8.833591466566027
8.863568416588437
8.893487441136234
8.923448775944463
8.953130597241294
8.97320000503304
9.002215807388968
9.029977423139915
9.057903598667428
9.086738673607885
9.116558067309827
9.146439011588512
9.176390427613548
9.206420668499767
9.23339684932803
9.260530903707757
9.288431859727066
9.318047455884678
9.348066837773699
9.378025646525419
9.407909592262717
9.437847520692145
9.467808302520332
9.497743059608089
9.526939862565944
9.556068485775997
9.58555912329955
9.611281881151774
9.634930999277332
9.65843264103968
9.681922316269223
9.705417023665392
9.725452730146838
9.75390507915171
9.783699393193617
9.812153795077933
9.84026909552014
9.866506462426038
9.89341791897644
9.921929254006805
9.951459385754251
9.981233890429749
10.011166124289884
10.04108516629547
10.071069079366788
10.099360355133587
10.123041728418967
10.152286813941783
10.177664390756432
10.20136791561228
10.229529468495597
10.259517903807994
10.288826180229298
10.317532639920195
10.343295599974484
10.36518593365076
10.386144637727227
10.412422522563688
10.439799619886337
