-2.0470820114596573,-7.553152704154043
-2.0470114718984638,-7.55357943419563
-2.046074929927489,-7.559229578583551
-2.0453961571487964,-7.56330726815383
-2.045858182754099,-7.563428634097412
-2.0539040517811125,-7.564549121238052
4.439151432267831e-06,4.628859764309696e-07
2.350664205605088e-05,2.2114750650435314e-07
5.681380373250594e-05,2.2995025508788524e-07
9.77224581375736e-05,2.813849171824765e-07
0.00011638599819507308,2.5974484901353573e-07
0.00012530879602084418,2.2416592692725525e-07
0.00012002751861382876,1.9547086105106975e-07
0.0001044849929534842,1.6674893137339292e-07
6.784218490785454e-05,1.282414955733129e-07
3.900848784494308e-05,8.969149002010041e-09
4.155657029849413e-05,-2.2468429183634007e-09
6.0096960107855315e-05,1.0913532472986814e-07
7.838726176478114e-05,5.953505589705112e-07
8.020746034775322e-05,8.03834500209616e-07
7.177471707534627e-05,9.222441544359075e-07
5.484639809002484e-05,2.5431106847158307e-07
5.5054117704062756e-05,-1.0951957788267741e-07
6.454328240842735e-05,5.217471749061107e-07
6.629342129971519e-05,1.032714350579361e-07
6.257886210237309e-05,-3.108306585450538e-09
5.944596873181079e-05,4.4708716070142056e-07
6.183196879516946e-05,2.929630827721138e-07
0.006217686719987776,3.8238324253203105e-06
0.01637932588502225,-3.3320939756344604e-06
0.030333107068504027,-0.00016942880266143407
0.04212286950596717,-0.00039024417812742507
0.05831359643874654,-0.0003744724795192068
0.07165521651709304,-0.00011320139471098962
0.08836984409036311,8.211793751505666e-05
0.10175228333458715,5.347212183836089e-05
0.11513412522189796,-0.00021330191387267905
0.12854451911566364,-0.0008589089855181358
0.15111468809077358,-0.003100932876231999
0.1746571957290151,-0.006626453392818052
0.19824348170575468,-0.011408529546372826
0.22166354766903898,-0.016843871345940394
0.2507530013626207,-0.024214054608954184
0.27396471548121787,-0.03035322487114697
0.29712727118501836,-0.03676353611177914
0.325881719514884,-0.045468900018817565
0.34867013357551163,-0.05315625592494472
0.37122730091636963,-0.061470577726260585
0.3991018389010674,-0.07273753092735143
0.4265572358355297,-0.08499218766315078
0.44815533294602383,-0.09555852038540666
0.469612130619033,-0.10636954487960047
0.4960941642760317,-0.12056799745204853
0.517126333418652,-0.13211427513905835
0.5435586427561917,-0.14623421228002967
0.5647994117065064,-0.15748741197223567
0.585627802585774,-0.16961132365630738
0.6109169310168889,-0.18580861769505447
0.6312072877279513,-0.1985539653713823
0.6516071557189241,-0.2112682255045525
0.6763731686532443,-0.228434953622178
0.6953072311742764,-0.24327525026085597
0.7140461365523261,-0.25823063933793083
0.7376651236179171,-0.2767935154490031
0.7560807377504358,-0.2923009673608775
0.7785246395427481,-0.31223844933737865
0.796069912523407,-0.32869557026761015
0.8132712355890594,-0.3454206987612807
0.8344746589576388,-0.3666725681147328
0.8511007227320798,-0.3839579597662802
0.8715618535655395,-0.40579650285127733
0.887956052144355,-0.42324503723866574
0.9044978969842972,-0.4405865763962285
0.9253823953966462,-0.46205849494082635
0.9422465245158547,-0.4790834983174192
0.9634714960492546,-0.500196266644415
0.9806015533625965,-0.5169762085064361
0.997761597523539,-0.5337430734539743
1.0192638526150446,-0.5546491517803057
1.0364946063485858,-0.5713467377072845
1.0537176371644648,-0.5880653916224106
1.0751784498075478,-0.6090076354044751
1.092418492211102,-0.6256942331481752
1.1096878478916672,-0.6423562214790175
1.1313092533352005,-0.663147261641473
1.1486358620151373,-0.6797541704010451
1.1659460849944558,-0.6963828966091696
1.1875265359967664,-0.7172322598591415
1.204714241989478,-0.7339979582587827
1.2217981890545746,-0.7508774207514045
1.2386777504831927,-0.7679790427346272
1.2594229223389934,-0.7897108135666238
1.2754454478952262,-0.8076748655963037
1.2945897103580897,-0.8308443505318726
1.3095351500807833,-0.849648850872901
1.324404229469123,-0.8685068281555717
1.3389360180887786,-0.887657179106604
1.3567260984755996,-0.911827263755716
1.3709795769914028,-0.9311196825943227
1.389027634730673,-0.9550522693888615
1.4037956345760212,-0.9739030447586353
1.4228549676954338,-0.9970666865178389
1.4379051655148978,-1.0157729113273677
1.4530916986343863,-1.034323545799744
1.4724893773237147,-1.0571366324213392
1.488533232278161,-1.0749312456932825
1.5047866091030644,-1.092561905255639
1.5255542383265681,-1.1141523144668608
1.5468224188801454,-1.1352352137655897
1.5642349132948254,-1.1517146538271041
1.5817527445418658,-1.168078956009555
1.6041373051816816,-1.1879869895451114
1.6223115130304289,-1.2036200788749971
1.6407450538699777,-1.218914042584606
1.664177191873688,-1.2376145831310426
1.6831985634938351,-1.2521526505056753
1.7025551449175016,-1.2662999993947277
1.7271597773773921,-1.283350929497119
1.7522963141682824,-1.2996084461261959
1.7727901049250092,-1.3119920964114622
1.7989203323261147,-1.3265573509781152
1.8203102429511893,-1.3372624654698095
1.8421108804323265,-1.3471384679079381
1.864218814166143,-1.3563430352228991
1.8921783132381351,-1.3670586370072295
1.9147540071715685,-1.3751074454982954
1.9374557118560953,-1.382802538358997
1.965989846672598,-1.391958257418547
1.988925847724005,-1.398946210503066
2.011940856178129,-1.4056729210137495
2.0408178760164857,-1.4137048601475577
2.0639978667540047,-1.4198591914115282
2.093043914259688,-1.4273055485533412
2.116312960126986,-1.433157126479018
2.139599589435204,-1.4389451806146683
2.162899066787822,-1.4446600959228684
2.1921118015342933,-1.451268692872842
2.2155835382068787,-1.4561148981144814
2.2450368056991485,-1.4615567353684815
2.268692685834655,-1.465356562332564
2.292421818031647,-1.468637012884951
2.3221829730600723,-1.471864625529599
2.346056827293671,-1.4737583373119003
2.3759556993192312,-1.475211094068712
2.3999098328138366,-1.475702100108791
2.4238770129587,-1.47575055852478
2.453841130517046,-1.4753042453837273
2.4778186127844544,-1.4746596612515472
2.5077757654611066,-1.4735766396545782
2.531714972233791,-1.4724253597879764
2.5615808477984903,-1.47027969778215
2.585450434429306,-1.4680125730686902
2.615347155218701,-1.4652517466807413
2.6392883554702724,-1.4633588725892164
2.6632180900686335,-1.4615480772540905
2.687118187926273,-1.4596206518376287
2.7168781895394813,-1.456454316274363
2.7406032620756804,-1.453155765233688
2.770197884654892,-1.4483945124196103
2.793874588046966,-1.444489337165071
2.8175575371453148,-1.4405753173046707
2.8471776079612994,-1.4358338991126232
2.870754891935398,-1.431639097118071
2.8999869879094873,-1.4253228439348047
2.923114270374363,-1.419194397215359
2.9460089928297717,-1.4122236637730146
2.9742719407187357,-1.4024009751361621
2.996677114687228,-1.393915224175478
3.024556834060676,-1.382842023310066
3.0469545716646027,-1.3741243703433832
3.0696306974439227,-1.3660401808651832
3.09841915541386,-1.3573191779607743
3.121625213881147,-1.3510437053279145
3.150755118791827,-1.3437923881222142
3.1739559129978905,-1.337822684352385
3.1970072543784904,-1.3312767862894244
3.2200198823172403,-1.3244581517562655
3.2430351718098596,-1.3176484336836118
3.2718095153904687,-1.3091606392963997
3.29488217491001,-1.302480014293192
3.3179606286025054,-1.2959320572310906
3.3410375809146466,-1.2893123008701644
3.364126705399331,-1.282733689812573
3.387246602778521,-1.276314102691843
3.410329541203698,-1.2697660736556973
3.439176440186525,-1.2615431982791492
3.462241776255629,-1.254909559481914
3.491045758912602,-1.2465515476840823
3.5140451823280765,-1.239743786680798
3.53703463376932,-1.2328242006535912
3.5657697107653696,-1.224247105081087
3.5887503651839268,-1.2173087909945812
3.6117656844155843,-1.210430624642345
3.634964306606266,-1.2040825743182282
3.6641819894071594,-1.1969751167033695
3.6878256153807776,-1.1923910069553245
3.717763904400972,-1.188675378785169
3.7418472733190544,-1.1876680495491654
3.771963046655911,-1.188351869874988
3.795981069531465,-1.190362598546888
3.8257889618800274,-1.1945145541762388
3.849408052559757,-1.1993140377322846
3.872632291380292,-1.2058548348514675
3.900863387066592,-1.2162374670080525
3.923142589034597,-1.2250919557842193
3.951233147412461,-1.2352700012249591
3.974135224188522,-1.2420563564600342
4.003276200139097,-1.2484007491004252
4.026941777579799,-1.2517278911219032
4.056647377856178,-1.2544887096268487
4.080549785816415,-1.2557340517557196
4.104486194690694,-1.2562397610490885
4.1344647142168816,-1.2562482994292086
