0.030071357247888095
0.05417562536835788
0.08140327371722784
0.09631001563483911
0.10931882876212948
0.11726626612028043
0.11998026065236729
0.12015127698381409
0.1201533979060594
0.12415115190980544
0.1374316321787416
0.15619804621991476
0.17991369032907156
0.2025341602871382
0.23801443029717106
0.26802391899514866
0.2980429154964224
0.3220547082971354
0.35202303503781135
0.38203729871847736
0.41211710814366725
0.4421598829119258
0.47222452497479994
0.5022644881312821
0.5323028204141498
0.5623705114004274
0.5923954613069999
0.6219377616877451
0.6458741428095645
0.6638518448731071
0.6901449988174851
0.7173304705775582
0.7459238362253201
0.7753765963920805
0.8051290809220875
0.8351537816423652
0.8651486889964615
0.8951606455954948
0.9251918492237444
0.9552566995662166
0.9852529304430209
1.015292847582616
1.043695317298443
1.0684079830395368
1.090199331163168
1.1097429481806815
1.1374208736894198
1.1631092074091396
1.1850878024814808
1.212064459346602
1.2421003766502385
1.2721091215471463
1.3009088932613422
1.3309243890067595
1.3609320059424328
1.3901232800603252
1.4193924468151553
1.449369768767526
1.4793575848517495
1.5092887738598049
1.5392564430747768
1.5633046993720208
1.5931710408492825
1.6231818694257165
1.653233588117029
1.6809598983371143
1.708508812263976
1.7382561138277617
1.7673628822163905
1.7942266641293447
1.8206305446105258
1.84162614832388
1.862854010203021
1.884155056089404
1.9076101787461057
1.9284957311013238
1.9471870831301215
1.9670358083962611
1.9941822714567956
2.024121898055313
2.053693543676984
2.082866083806991
2.1124077563509394
2.135499028170482
2.165329466040637
2.19529104742701
2.2250875304596947
2.2518424393681062
2.2738821172866173
2.2935187222823563
2.3130148615479613
2.3347388008217385
2.3525582945135852
2.3762235972827908
2.400898632672326
2.4230498156104177
2.4437433839238163
2.4682275946074084
2.4966830839702987
2.5267508340644356
2.5561575283716533
2.584096297357546
2.6131279760133754
2.6431695567066766
2.6664114981423253
2.6928879465142503
2.7176493721300177
2.7427785981432637
2.7685287517201687
2.7929859081533026
2.8170579294354594
2.8436860589320627
2.8697257299609134
2.8965630061394476
2.9203914626801444
2.95042271896537
2.980450856578084
3.010483837466318
3.0405833459210587
3.070678840359993
3.1006824982754844
3.1286138799129994
3.1552341612925034
3.1848247101147944
3.2148410042730764
3.2427172460499594
3.269556005777483
3.291545798717591
3.319348859549538
3.347627861214042
3.3772509783619853
3.4072366358214587
3.4372118207851976
3.4672464999939314
3.4973106605575146
3.524684939570693
3.5496934263897844
3.5757450018478303
3.605404012472729
3.629292878326169
3.658921082731255
3.685131246418621
3.7101097695040477
3.739022020266317
3.7689316990120822
3.799012053438082
3.8268110366385786
3.851517892408107
3.878510289151313
3.9052346780818445
3.9334222330860857
3.9574100736229973
3.9869032536302544
4.016662520937894
4.046715335591923
4.076737667192646
4.106795572892155
4.136864219969476
4.160943966389074
4.191023247900697
4.221084200929798
4.251054576413034
4.280933276994719
4.309825225226073
4.3370512717350715
4.365847971730648
4.395718672484392
4.42550560037682
4.449530729858156
4.479541103527628
4.5094652338566865
4.539249998050416
4.569025422627461
4.598922037033478
4.6289132719017605
4.658919626500615
4.688913813281239
4.718875241200102
4.748879041290652
4.772897759224414
4.802758221949514
4.831940973242616
4.857356282066778
4.876321411270773
4.893318361949911
4.9130257189956295
4.93564131488738
4.960242247269433
4.9863505703355715
5.012673764690401
5.041632534462802
5.071700387446945
5.1007862755963105
5.12940347560204
5.15327772053854
5.183181644976717
5.213124479076701
5.243029630026878
5.272928271800031
5.302801914959658
5.332717482270343
5.3617555329383855
5.383521052915355
5.411243096302988
5.44740681567203
5.47746386465843
5.501422072474756
5.531387792350249
5.561407004675405
5.591424362226328
5.621445922954986
5.651347728335202
5.680556145546909
5.7072283848723515
5.7329483044440686
5.757329134466375
5.776904709422458
5.794926894618416
5.809580132287498
5.829463112798726
5.853389924372264
5.8820047279287815
5.911322040785411
5.9402699044807035
5.968330866887942
5.994944165971678
6.023104939276256
6.052666377758782
6.082669234782507
6.112647972188011
6.136302296548839
6.164716681862096
6.191367934961277
6.216333603861638
6.239055007622383
6.261015341283543
6.285814714013618
6.313871399619331
6.34395768511167
6.37403917216176
6.398055532047051
6.428060970450233
6.458081281036506
6.48807703146135
6.518071565895242
6.548079578251657
6.578039113679274
6.607942382770621
6.637859687278596
6.667745299794542
6.697668560579365
6.727694167320337
6.757782214461118
6.781905291775249
6.812061373611142
6.840758008962264
6.866468759656473
6.892124707859422
6.918766150543952
6.948554288145297
6.978501310267869
7.008433407756836
7.038395029930972
7.068320598784927
7.09230572430271
7.122283974301961
7.152228979157422
7.181218522009396
7.207053155867272
7.2336761295553735
7.263320750065171
7.29328759728269
7.323202258923352
7.353121967329546
7.377053803024634
7.406981140849622
7.436923508329322
7.465816179229726
7.495806948521269
7.525758376592297
7.5553900566784415
7.584518599836178
7.6084996557295055
7.638544047589417
7.668581692291196
7.698622416168904
7.728609797398155
7.758592861229967
7.788557471602377
7.8158090082014775
7.842964059488227
7.872125370915289
7.9008861383523215
7.92825988173944
7.953457541353773
7.974756575699591
7.990982008236766
8.003473651407413
8.02235295994584
8.042066247329698
8.058733844283312
8.080121805770641
8.100153701390488
8.120182270657105
8.146324115693789
8.174858285830258
8.204141738721138
8.229526144008439
8.253271710263931
8.270563850865177
8.291787084698418
8.31568041488231
8.34222100071229
8.371660457795494
8.401390071203373
8.430499160320133
8.45995884881898
8.487175494118805
8.513053374340407
8.53593988148661
8.56052720878975
8.583210200427848
8.613059043914882
8.640901247083816
8.66794022793423
8.695093270532926
8.724113443568495
8.752019473328566
8.781156644836042
8.808886940772693
8.838935464349062
8.868963116193447
8.892040601080204
8.920112567990415
8.950047098886142
8.980056008484315
9.010017228323653
9.037861548180746
9.057480877664293
9.08467648844926
9.110279026804097
9.1349159569862
9.162111292246166
9.184174713211648
9.20958427136594
9.237120058511424
9.261027406246866
9.290950342777423
9.321005927247388
9.351143580546571
9.38128268030855
9.410646933256178
9.440761021562807
9.470555582396475
9.500382959284462
9.530276111433766
9.558942202334586
9.587419420641414
9.611369562839052
9.640908297448988
9.669983625409802
9.697974635801277
9.726362845773233
9.753916097725744
9.783960900299741
9.814035859107653
9.838117430010252
9.868173752034524
9.898139636497422
9.926792941526406
9.956662533589045
9.986643107346044
10.016616401475304
10.046590473131607
10.075575809706761
10.104080511298354
10.12799802305848
10.157964937665781
10.187988811662597
10.217972729288986
10.247892230056594
10.27786649598997
10.307814368817102
10.337720082881845
10.367648240031453
10.391564592988146
10.418390877669383
10.440487680878913
10.465065234742951
10.490255763780759
10.518344081693606
10.54836306867035
10.577080316746306
10.606947252724172
10.636420182199105
10.665277508217233
10.695285956160674
10.725302291706551
10.75532069381004
10.785259203387131
10.809238486919492
10.837828623186779
10.867600258459078
10.897468775176433
10.926983867299203
10.951651821047394
10.974262618341209
11.00033590738809
11.022719023912172
11.052378607867976
11.088275350594543
11.112208920105322
11.142141337124285
11.17059301506587
11.200281079080554
11.230325956533886
11.260402240710777
11.29038707026934
11.320280669207657
11.350259020180461
11.380202594167145
11.410213464233715
11.440211178026386
11.464196982871481
11.494208319754257
11.524223186259785
11.554231577424444
11.584215856560876
11.614255346666466
11.644284219862994
11.674255624810684
11.70428680835647
11.734320832425817
11.7583075396894
11.79100558454038
11.814920131915487
11.844947950449678
11.874952860357356
11.904925991315364
11.934977852311526
11.965036221478034
11.995072231915135
12.025003197252328
12.053688367136754
12.081847553442886
12.109969189107067
12.133498499545217
12.156880027694358
12.177393834523333
12.202916810766244
12.228171931603738
12.253674930444548
12.282617810000476
12.307401767468935
12.332100280573515
12.357219314497206
12.384192691743356
12.405419474315536
12.431943723079181
12.45843152684838
12.483328362179142
12.510126238410727
12.539300577730035
12.569123538206187
12.598761669114873
12.626931330216236
12.654783976885733
12.684627489018396
12.714620837940245
12.744581597416468
12.768595444103006
12.798634682650603
12.828671606204313
12.858691488791935
12.888272164636568
12.917716420349294
12.947506433813716
12.976700137378645
13.001929317702606
13.0235283684173
13.046077595859792
13.072152616836638
13.096080627966908
13.12390730077702
13.149830618707982
13.173293627942098
13.199040861849682
13.225479088727115
13.249607398503112
13.275248780725494
13.302287577308924
13.326540068157968
13.351615816040189
13.376763248975816
13.405433487617008
13.435310640632997
13.46521444943634
13.489157441224513
13.51907553480329
13.548852007437365
13.578553455511026
13.608373775545358
13.638332086264887
13.668410787813922
13.698523181267886
13.728604064658896
13.758672104583992
13.788574683869745
13.818450602703473
13.847105879277837
13.874869215208104
13.90238227797963
13.929923771043702
13.951953269898041
13.979432125807419
14.007260138663124
14.03721215074595
14.067227401367253
14.0972129505961
14.127025344461416
14.156637206623627
14.184303926256181
14.213976499495292
14.244002477091408
14.273268997224935
14.300776107490304
14.323418026362978
14.343715833257102
14.361586193970464
14.378043877041149
14.394799292740737
14.424568197813487
14.4432166323065
14.466781605717902
14.486707594387155
14.506033957323318
14.534185609779769
14.564094024631302
14.593897691114035
14.622654698718119
14.646415234276917
14.669373723210496
14.697977807414782
14.727495520394895
14.75693375807137
14.786830931659388
14.81635483949104
14.839231877285084
14.868318279259237
14.897866203562003
14.923935985251141
14.94766397076738
14.972716920393003
14.994635219143861
15.015659694386759
15.038272283616886
15.064177549878087
15.089061605588922
15.113212650220934
15.138495930550603
15.160163158372258
15.189578423980578
15.218591462969338
15.248300587601188
15.278282555142118
15.308285613942923
15.338276034038442
15.36825983455242
15.397970643308703
15.425183536145
15.44554233304277
15.474421908382629
15.503679128182531
15.53321003365745
15.560573268822875
15.59046139407737
15.62035695269233
15.650384873887138
15.680506925806478
15.710564798812078
15.740132251210179
15.770014559500389
15.800037020698756
15.830074882024554
15.854094365373331
15.884102808734562
15.914092798599059
15.944120502455714
15.974175184794804
16.003471601116562
16.031508387124713
16.060172956892746
16.089813511057706
16.119761865184163
16.143724792105843
16.17366129056779
16.20344073683275
16.232778578729608
16.260779620694336
16.288085243537722
16.317497508209957
16.347568426269834
16.377507498943988
16.407311573851352
16.430982652759923
16.46040878962781
16.489960687559627
16.51962720721249
16.546505973527616
16.57191224340953
16.597202541820216
16.622369400528363
16.647400444660448
16.67187441907066
16.69526606231756
16.71424994357423
16.73812063401947
16.762120181798124
16.78649340860308
16.81381796138787
16.841437592947024
16.868882043281136
16.896193729743548
16.923796771982044
16.952528298243333
16.9806737601556
17.00944674696404
17.038452743580237
17.06175286113986
17.09098604844815
17.1203774455041
17.150649026760377
17.18081171811743
17.21085240253064
17.240760522260235
17.264588110152555
17.294332510395556
17.32369625244906
17.351500833544744
17.378674299851443
17.40508081443077
17.429928011057193
17.454706902714573
17.479201672906324
17.50453296753593
17.53395084313311
17.558646996081958
17.573956811039785
17.599497443766598
17.616239195817485
17.640433456004168
17.657568998475146
17.681748239573288
17.70525202035312
17.7276429616926
17.74915435273043
17.77252664961936
17.79810866130316
17.826181664908102
17.8499087142212
17.871200585386354
17.89435011790024
17.9149800976659
17.947834193652195
17.96744081839695
17.990713547595956
18.016488537001837
18.045989398384222
18.07584040168897
18.10570287457392
18.13541436632731
18.164278217918536
18.19425444920894
18.224237898317355
18.254248267866956
18.284226625694487
18.314202688478826
18.344203803463724
18.368204558772312
18.398226697999913
18.428095676460337
18.45782231571434
18.487745871808464
18.51772849318953
18.547730691900096
18.57773264904293
18.601719775120724
18.631730020954784
18.661797501476826
18.691084841142356
18.719215807827165
18.747745137575354
