7.623169300765186,-8.888986048272239
7.636935972291735,-8.870079334321927
7.655090982699132,-8.841086507379012
7.66225719509108,-8.828643155129523
7.664192526904368,-8.825157579583925
7.665909746818059,-8.822008641719613
7.670701802475805,-8.812842698113004
7.672879028197711,-8.80834777727593
7.673086590684166,-8.807897047572707
7.673086686356537,-8.80789615491558
7.6730869655319545,-8.807896162972131
7.6730867587679565,-8.807896417495256
7.67308664551617,-8.807896242062222
7.674753096216584,-8.80426340891995
7.682257394695416,-8.78790507143884
7.690634034700522,-8.768984196163487
7.698832714238418,-8.746781527189516
7.707051187065119,-8.714566735485343
7.710479307665591,-8.690160097069898
7.712666967060147,-8.66576329340291
7.714756282365059,-8.639678536321147
7.717435694787633,-8.606299199157172
7.721264288314483,-8.577733076650047
7.726690572919668,-8.55083201923018
7.73067578269155,-8.533018084482633
7.735821151900171,-8.507162002801117
7.740246248604402,-8.484622927385091
7.746160651328387,-8.45972941763789
7.753913316692037,-8.434119326232475
7.763077797735378,-8.409272629727898
7.772715444884653,-8.38673355236095
7.7859014954801316,-8.361953618859788
7.802660892907587,-8.33693777954309
7.826121627933981,-8.310628400691929
7.848228096173848,-8.291156476769741
7.871005697950659,-8.273297781036066
7.89425684982177,-8.257700882881773
7.914701419295419,-8.245430091449887
7.9364996842006565,-8.233049090026293
7.9563148790226546,-8.221950031659862
7.977868659840236,-8.210562479424018
8.00073836932874,-8.198917412452058
8.023374390687037,-8.186280065445594
8.046354722959427,-8.171541299572866
8.068639936498473,-8.156475785041774
8.091289810549027,-8.141352546558867
8.113658847600364,-8.126541754540314
8.130092876042369,-8.115043820928197
8.14830598784917,-8.10092240518868
8.164787838955116,-8.085889102443911
8.178595420553838,-8.07118239313917
8.193656509073309,-8.05362675869751
8.211348997367793,-8.031531666514667
8.22886246081134,-8.008092958757743
8.245298138875736,-7.983421087441328
8.257491558274314,-7.963364191483359
8.273477127130825,-7.93645782537683
8.288064022298883,-7.9124181223215695
8.30459976495749,-7.887395971754935
8.32193957985096,-7.862851620938261
8.33561416332187,-7.84429671514518
8.350686493422184,-7.823971627858391
8.363110540330826,-7.80591857350845
8.375502513786888,-7.78412582065027
8.387205811541104,-7.758706203824105
8.398419960778986,-7.732524799285242
8.4092170598985,-7.706607415550094
8.422480176733295,-7.673664479862871
8.433345216319413,-7.646258567106171
8.443268534287746,-7.620124250167283
8.452987501542282,-7.593436873284373
8.460869304052672,-7.569845970194261
8.467405642424511,-7.548213955813576
8.474657755148126,-7.524410770707811
8.481141107803126,-7.50482931282073
8.489083510587024,-7.482263836664905
8.498184512323855,-7.4592666005110795
8.50828986944202,-7.43704474961536
8.519094935183109,-7.416701414935655
8.528583313375108,-7.40154874156332
8.537325238884108,-7.389127626943289
8.552784387242406,-7.3699191156323
8.568792677570915,-7.351516926762792
8.589318734297946,-7.327635957638636
8.606481236314137,-7.30619318845351
8.621727241704104,-7.2852089210134015
8.632767053877812,-7.267457225349718
8.640010224682698,-7.253740309190577
8.648448233524796,-7.236890660743624
8.656180549363311,-7.221210460154947
8.666069582365138,-7.199129735344301
8.675991214598623,-7.175174032893245
8.686639474487555,-7.149258180145402
8.6965980620475,-7.1218266680510185
8.705212119666383,-7.093298764460727
8.712498515393904,-7.064301438483656
8.719217965895426,-7.035044579484221
8.726158759959155,-7.00885559680411
8.734104411861075,-6.9830913614436
8.741495112190387,-6.960605084060311
8.750487885972769,-6.932486464755701
8.75918929523876,-6.908095015316658
8.76835217142718,-6.884013895735348
8.778768025447706,-6.8564474075193225
8.787066815194715,-6.831874727593177
8.794113762709436,-6.806788482042409
8.802646056140578,-6.772175436141365
8.808474261520665,-6.749085124705523
8.815754153308701,-6.720022124711118
8.8229334418486,-6.691176233388561
8.828305436088499,-6.667836713727152
8.834860373287414,-6.638568554871208
8.841727892984311,-6.610182737297106
8.847038325936511,-6.591889410493048
8.854530968423754,-6.56948742615581
8.862937538240745,-6.544999104681607
8.872297295426637,-6.5165185250647895
8.88131844121311,-6.488341262614751
8.891752823335915,-6.4549509843057535
8.901014019650164,-6.427153704739721
8.910853573510488,-6.399202052979382
8.919810410282006,-6.3710910884939835
8.92711767747423,-6.344189102880926
8.934386068690866,-6.31838094480802
8.945263228112664,-6.2841939576356936
8.954398468295379,-6.255665606532895
8.96279847806285,-6.227750704718461
8.969550179141365,-6.204500343811829
8.976096807857816,-6.180976985458932
8.983940594918035,-6.150539775716914
8.989371483801817,-6.130662436853486
8.995652317461595,-6.110684471306
9.006636734184104,-6.081291998277339
9.017949802340855,-6.053586202868039
9.029689368455044,-6.02592185113893
9.04419635978481,-5.993466632536131
9.056027265575826,-5.966073749959581
9.067787584042012,-5.938481316210128
9.079188827900403,-5.911005802266987
9.089804182912928,-5.8847014947338225
9.103199407834934,-5.851884754359676
9.114149953891674,-5.824000993413388
9.124695216730984,-5.7959478576857695
9.133251334618302,-5.771225246217731
9.14161888477228,-5.744119895864344
9.15186330964898,-5.710291326314323
9.160315711831574,-5.681548017867852
9.167936598137207,-5.654186608001991
9.175247521620626,-5.6272294491026615
9.181640638376662,-5.600198346132078
9.185434106680589,-5.581649644017531
9.188165615188545,-5.564697864398134
9.190938887569583,-5.540355148234236
9.193820989376817,-5.5090440626375905
9.19544943698613,-5.48262878190147
9.196175380035589,-5.464266098074643
9.196888408749935,-5.444361059208108
9.19788361290981,-5.42526448773866
9.199364543663085,-5.402062128482575
9.201103050666639,-5.380347403373626
9.202949165473802,-5.361044734928462
9.205519129037084,-5.339180279067255
9.209360900331484,-5.314795112448083
9.213408396644985,-5.292410905437696
9.216566592859682,-5.275321193961123
9.219294490075741,-5.259776312709782
9.22210616172642,-5.244764119241676
9.225951192752632,-5.226680526333332
9.232907360911526,-5.197841782085803
9.239154909432042,-5.171982760222418
9.24385973185073,-5.150183460171587
9.250107271148153,-5.116312983050884
9.253770525797522,-5.093218012083754
9.25732863663531,-5.070693001985084
9.261895947619015,-5.041931106040798
9.265543003827752,-5.0179474630051555
9.269428828081946,-4.994377639766864
9.273184938332284,-4.9735147533586845
9.27717034784304,-4.952728433635384
9.279769430151516,-4.938061468432553
9.282594095597716,-4.918097980532921
9.285339001438292,-4.89462311795342
9.288691834321627,-4.8634251783678275
9.291698229818474,-4.836974678492163
9.294192112358195,-4.816628878569623
9.29904140331512,-4.784269976279439
9.302608421891424,-4.761365867104647
9.305583478490881,-4.739201398656798
9.307289902086083,-4.718315096372683
9.307001618293285,-4.695535836748026
9.30444655745593,-4.676866554718032
9.301001634251955,-4.659615833151434
9.297528701548968,-4.643670197638839
9.292837489118122,-4.6205141329020405
9.28920544925932,-4.598750981312825
9.286884923196668,-4.580326444841028
9.285552907775225,-4.557503714791261
9.28592780536461,-4.535318617890838
9.28701428914513,-4.5069465822449075
9.287166329446059,-4.481025875956711
9.286323004522357,-4.455531144432609
9.284804155835042,-4.4302372462882715
9.28388952465281,-4.411197992841444
9.28348416598108,-4.398869664426496
9.283556380187408,-4.381528276595355
9.284752447421408,-4.356480709521953
9.286372060479318,-4.329317931543323
9.287262396504868,-4.301265567390717
9.286897955889692,-4.273524178992948
9.284911244517371,-4.239421571211043
9.282599758228638,-4.212868205947453
9.278717904161647,-4.185417206853969
9.274278959086015,-4.163600897806708
9.269248695715573,-4.144503970859667
9.26200628782335,-4.125885581105363
9.253526540587703,-4.1115210583957476
9.24065303040593,-4.096244628007409
9.225971603029754,-4.082480185325139
9.210545521125688,-4.069344463766927
9.194355231913878,-4.054971318605198
9.174647129946448,-4.035148451174829
9.155006217022024,-4.012319276305372
9.132576191581206,-3.984145122331859
9.115183877600376,-3.962933668187603
9.096951358843235,-3.942003330773885
9.077053878500312,-3.920215929261169
9.056414829483233,-3.9000659727777687
9.038114748171111,-3.884730937511035
9.009470603714352,-3.8629855434267055
8.990388044570548,-3.848389517078749
8.96231387866938,-3.82623848047191
8.939062662402085,-3.8067630427049566
8.917174481791545,-3.786093445785961
8.895967657261552,-3.7648918611581617
8.870190023931867,-3.74146230485676
8.848751929583505,-3.725088598378209
8.826730729703183,-3.7090386611024178
8.803194250938878,-3.6907142954849137
8.780404687496214,-3.67099094176147
8.759948079317219,-3.6505211225861838
8.740116903854815,-3.6299942599206028
8.716794011741603,-3.6084996834062784
8.700515509970229,-3.5960304375015477
8.683799618852529,-3.5839281339536315
8.667516940803548,-3.5710392506068573
8.649453661514956,-3.5534214341794383
8.632357750352709,-3.533529209772691
8.618804599192197,-3.5161650579391317
8.606372265863579,-3.5002635303352077
8.599406709599194,-3.4919190700553364
8.592291827917519,-3.4846988320973833
8.584165506988397,-3.4786072200665634
8.57505276501996,-3.473701977904788
8.565443473434902,-3.4695122812007013
8.554842008696472,-3.4650626426789004
8.54193141243372,-3.458982256160837
8.524914098565548,-3.449038935365099
8.504361944698344,-3.433939235759417
8.483498963371375,-3.4132528882161473
8.470951199777645,-3.3985010024311473
8.45559115649469,-3.3799397707913967
8.437318604400863,-3.360175363868183
8.423859911669213,-3.3485562680959404
8.40936951381511,-3.3390655759903463
8.389800086680086,-3.328827084531013
8.364098507898353,-3.316895038328758
8.340269516553008,-3.3055461443755942
8.315895674357177,-3.2932681643530017
8.291836545235851,-3.2812424173514056
8.264785031459587,-3.268670079630483
8.237434369491059,-3.2572147051315645
8.210618914080952,-3.248881170338928
8.183688637326286,-3.244536771031096
8.155914316556004,-3.2429188071859394
8.133564471627631,-3.242383787945348
8.100585940535746,-3.2405915095452644
8.081055382882587,-3.237977149919332
8.055923217331511,-3.2329193300610637
8.030759910393822,-3.227511512208307
8.001001084961418,-3.222637527937656
7.978682900599519,-3.219807577401666
7.949874084409099,-3.2148802213976113
7.922946945141042,-3.208423076937159
7.895282529301283,-3.201248544789433
7.860529650304052,-3.192139908873557
7.8315097159631435,-3.1844983525386708
7.802599207753373,-3.1762594721579873
7.775700241733824,-3.1678304543071283
7.745872575491443,-3.1572160578167443
7.721986064677158,-3.147922769831057
7.695684927633012,-3.137744920901194
7.674493425101255,-3.1294825741915946
7.6497950302977245,-3.1192132497819127
7.630812281688372,-3.1100136971216554
7.620216662626538,-3.1040357865612482
7.598768729756108,-3.0903584234629657
7.5792359429669665,-3.077109064274901
7.563673337510412,-3.06712105327459
7.551469075247932,-3.059610560335956
7.541080490541948,-3.052878539513481
7.530820915831267,-3.0459202301740445
7.514907696431699,-3.0351374821762875
7.493779735267846,-3.0205640904627327
7.464970799053447,-2.999278654272951
7.441658524551718,-2.9803348441666095
7.418483773562554,-2.961293685965
7.390361806857426,-2.938900595432731
7.366410835163965,-2.9209193936820417
7.342096270765154,-2.9034026113718534
7.317415889621012,-2.8864116934233746
7.29254893775974,-2.869691214931777
7.267131072349884,-2.8539311551870825
7.2410274362430425,-2.8392553632494217
7.210198308367686,-2.82144207548992
7.186946149420029,-2.8051914016357027
7.169622419625323,-2.7897104103252306
7.153982480647408,-2.7734102061664965
7.138545130102934,-2.7570936164670132
7.1222245881646815,-2.741862697881719
7.104448105294457,-2.729158762264674
7.086128464755618,-2.7201607701586066
7.066836849994002,-2.713070175346977
7.047181406170152,-2.7066135243571514
7.027640055318271,-2.6994439773481393
7.005576219036704,-2.6882433442744307
6.991745401126043,-2.6776542754529364
6.979743534709944,-2.6649399599403742
6.969290814859185,-2.650202549487911
6.960833257009368,-2.633539454902456
6.9517388573121925,-2.6105877762541976
6.942649469557727,-2.583822426592548
6.933832566769635,-2.5553556916627422
6.925388916696569,-2.5266097836633294
6.915442750237445,-2.4920131743736507
6.906884605274957,-2.46328836834937
6.8973741826869,-2.434934938577128
6.886195103231371,-2.40725465502411
6.874056018749432,-2.3816831684805586
6.860603016690084,-2.357548357739295
6.8473416575399995,-2.3363923836621243
6.8343972584697905,-2.3178432384390404
6.8204684856700295,-2.3003218135235626
6.805761959847786,-2.2832787788562743
6.787462366270196,-2.2605167102220314
6.77190364193197,-2.2386232674449533
6.7568287229207105,-2.213937346691597
6.7437500900733065,-2.186970571508263
6.72970137783755,-2.154090448456655
6.718870078255444,-2.128347058229671
6.7079314003522486,-2.102649452000469
6.697604814785982,-2.0769881523969103
6.688867985962207,-2.048986792043971
6.684900540180547,-2.029490244612564
6.682465651341848,-2.0106173019327698
6.679712838909638,-1.988652369178814
6.677600484152715,-1.974463158110986
6.676346111755815,-1.9675951964005887
6.67515351327725,-1.9620514202724426
6.6740767565130215,-1.956650983743076
6.672676253145364,-1.9493304633880408
6.6695476803082085,-1.9358663445507518
6.665329056724403,-1.9225699894597799
6.661014191150023,-1.9114158074295975
6.65585620116758,-1.8981435827944855
6.652272655801344,-1.8861972701844072
6.64912641674447,-1.865375312233037
6.64818474316288,-1.8469656894881898
6.647607289710728,-1.8286721009171516
6.646124310697449,-1.8104963326847017
6.64296096540821,-1.7922299408912037
6.637377433506079,-1.7706953029077268
6.631897393265951,-1.7528351853617474
6.62699360223493,-1.7346765457806372
6.623402308688912,-1.713311387081103
6.621312417291869,-1.6906482253107222
6.619397384260904,-1.6667950538167495
6.617167148505224,-1.6406259579071496
6.613594021539344,-1.6133321240200824
6.608125371962932,-1.5848998958442642
6.601931197287336,-1.5610075488932884
6.594227563650278,-1.5383255745007482
6.585381659309354,-1.5175858798454165
6.579315220955533,-1.5060951696743141
6.5768390044508545,-1.5020780869031682
6.579057334953536,-1.5050034867372484
6.579778836842285,-1.5058969352868539
6.573826473625768,-1.5001962665228314
6.560723086477494,-1.4896095750031295
6.545884793415645,-1.479244559862071
6.530075760866706,-1.4691542633272496
6.51116651625164,-1.4580600501870717
6.490750544862523,-1.4462801357146664
6.470932367707925,-1.4332928521154655
6.45250452147352,-1.418437677845324
6.43119732077265,-1.3996562623243667
6.411338328999273,-1.3829866369822872
6.391179612473394,-1.3676245479849947
6.36989091519732,-1.3529159015560648
6.354353940673432,-1.343278159382713
6.342039292260742,-1.3364359990990526
6.330608954141453,-1.3303047439549673
6.318959073611043,-1.3233484894997283
6.303412798364272,-1.3117123317987731
6.286654888543659,-1.2967954561929478
6.270359660762404,-1.281561533274626
6.254646350388762,-1.2680324234029745
6.2403396061331975,-1.2576850744857941
6.2335821408513965,-1.2535103729828887
6.227364498634676,-1.2502197225576384
6.218167416298413,-1.2462762367737183
6.207913486397375,-1.24279853639514
6.196178484178645,-1.2395138338354854
6.181984981984349,-1.2363618333066317
6.172459918124936,-1.2347477447569482
6.15878175719593,-1.2338173931473169
6.155805057293232,-1.2339558780827737
6.159067525379867,-1.2331998297999063
6.159590936652293,-1.233102423392992
6.157140276414252,-1.2346344572344827
6.152734782612885,-1.238105973271395
6.143969464619543,-1.2459628224575634
6.133632267826322,-1.2563977364632533
6.123794441896492,-1.2672841294346864
6.114020865032396,-1.279353028750534
6.10123624390237,-1.295032323188264
6.087833048400351,-1.309002322819123
6.0654201046231355,-1.3270379160839656
6.048361026555616,-1.337871399872829
6.019715632388342,-1.353138125110193
5.999247628998526,-1.3615553768531645
5.969988464379151,-1.3692954808776756
5.9398201905683115,-1.3720788165382103
5.91201351077812,-1.3696252339167787
5.886872880801633,-1.362248560388233
5.8674239857796335,-1.3535792869159298
5.854129829700088,-1.346837767325917
5.837574972926139,-1.3380888395485775
5.829198112718766,-1.3338765189985018
5.825980375024152,-1.3323138680309068
5.8224476633515,-1.3304146945714985
5.814101193012881,-1.3249510740832993
5.800745686931194,-1.31418936870244
5.787271538376717,-1.3007248922024728
5.772051208588039,-1.2838977853906999
5.759068261931209,-1.2702854713950815
5.74516095621343,-1.257764543488309
5.726936240357294,-1.2445140387052098
5.709168976990856,-1.233837192247614
5.6871096388517115,-1.2229182157090923
5.666334761604707,-1.2153232278344686
5.652110883849129,-1.2116456134005114
5.643931176233059,-1.210444417118222
5.643235793716636,-1.2103749345158465
5.643382265150046,-1.2103509078594825
5.643405044699214,-1.2103490763861533
5.640195900236018,-1.2106646386801236
5.634705957348367,-1.210819670506628
5.625286611759579,-1.209863040873826
5.6159945054611855,-1.2078471510790048
5.606730807694853,-1.2052065053061172
5.595327618440256,-1.2017244553678257
5.583913526519488,-1.1987793913350335
5.574719105530247,-1.197422536390317
5.569318893238696,-1.1974491148342388
5.5637999883134635,-1.1978781960892124
5.558150300401521,-1.1983353427828998
5.547754811631249,-1.198367485460351
5.535150847256371,-1.1968778938797224
5.523333197244043,-1.19389785690281
5.509094261738641,-1.188811267407369
5.497597051048748,-1.1841479873601797
5.480025644365672,-1.1770074889840496
5.467224811939979,-1.1721246329136048
5.455995737417301,-1.1685105058298317
5.4474465690106735,-1.1666851105469707
5.4387436441074914,-1.1661494452964596
5.4316783076903,-1.1665762701927511
5.424499008899956,-1.167250123721656
5.417179402225983,-1.1676787800086392
5.410108962896487,-1.1675561656253959
5.407545573535484,-1.1673107777694764
5.408301797972914,-1.1675193569104694
5.408521950199879,-1.1675938466833702
5.3990062448440135,-1.1631140227838541
5.382400749938149,-1.1538666840271739
5.363625183627237,-1.141460163094251
5.345334628558052,-1.1276070484260705
5.330078107435156,-1.1156521428306085
5.30774048578634,-1.0987081062932185
5.290285991614738,-1.0869459616664732
5.270084570452432,-1.0756685058568445
5.2458915701290225,-1.064437595725628
5.219659471957508,-1.052962562497167
5.186691197284307,-1.0384032213741894
5.15971383245228,-1.0253895176639254
5.134708003326915,-1.012553596114041
5.108755428960157,-0.998293088088203
5.077356565896138,-0.9812819793694048
5.053986328771525,-0.9683359192435612
5.035407464266796,-0.9581588914381264
5.013283495034802,-0.946207538421162
4.984100263805238,-0.9305033829034497
4.960455527283356,-0.9186337868225561
4.936294038301964,-0.907003480388688
4.912632671457179,-0.8941215208964829
4.892190451627706,-0.8799309221318984
4.871099926468883,-0.8612589949376713
4.850847014288364,-0.8392897766828424
4.827926423450884,-0.8114955350812102
4.8114145034379705,-0.7892240416083925
4.801629186698239,-0.7739614176612223
4.796521993911001,-0.764630796543722
4.791158868425237,-0.7532738599414545
4.783917300947797,-0.7370580390975684
4.779412137915685,-0.7276005117468722
4.7759059915945015,-0.7207842184298148
4.7727169237766205,-0.7146153929299319
4.771508566000701,-0.7122188604926107
4.768708103467952,-0.7060878016021143
4.7653570821004,-0.6982985974121935
4.762476130167148,-0.6917322509970298
4.75922323182955,-0.6847685141557212
4.756633013778246,-0.6796528833201845
4.751828968665398,-0.6709463589467834
4.741731143621574,-0.6537518161925845
4.73324898062999,-0.6391672003968559
4.726417845214544,-0.6264105533437266
4.719607603220422,-0.6126204580849978
4.712181400236426,-0.5962746043734916
4.707090275147424,-0.585125785047517
4.701443864688704,-0.5732548449893209
4.694927559553626,-0.5608711377258271
4.686917392775663,-0.5481039565140338
4.677030127005067,-0.53484499682262
4.666523550262999,-0.521870746210171
4.654434771597061,-0.508315499207525
4.640398868423697,-0.49560877493432
4.629090610281076,-0.4875997877995135
4.620489197084697,-0.4823886552237255
4.611741109393594,-0.4779232844836182
4.602827717682699,-0.47347416966892647
4.5921635954581275,-0.46734364034840903
4.5737398823898605,-0.45445291863807796
4.558607472321638,-0.4430649797253306
4.543192086708777,-0.4321149102607621
4.53175646032524,-0.4239189683847138
4.51952283724866,-0.41477272623634887
4.502998392595735,-0.4015713074545871
4.489179204313972,-0.3900968747607627
4.479557326005143,-0.38250039557126647
4.473247625601292,-0.37808236393465317
4.467671614632027,-0.3745130271233108
4.461878449338495,-0.3705479360671505
4.457711814613266,-0.36731316887701265
4.4597888597671815,-0.36923184029792017
4.466595942385368,-0.37612865031810916
4.472585510048822,-0.382559162077872
4.47763187254831,-0.38764393473540343
4.483020581082036,-0.3923316853607189
4.48839008947177,-0.3968416635314937
4.492021234418749,-0.40015810445829736
4.491748664170235,-0.39983099756573665
4.490751145528954,-0.39860243770198023
4.489370274510496,-0.3968709124804954
4.489011362760091,-0.3964329718639622
4.487691694832864,-0.39522082987157375
4.484876229340706,-0.3927390551833246
4.48192413534031,-0.3900101068703573
4.479381350405066,-0.387406822201302
4.477501979604903,-0.38527791076315065
4.474749833332167,-0.3822346321397154
4.473572181083726,-0.38107121844367303
4.473390915600684,-0.3809216735149694
4.473160405230257,-0.38076230828400054
4.472603533249066,-0.38041680057124705
4.469525579400092,-0.3784522598002629
4.464884682058512,-0.37502978344533333
4.460445690308659,-0.3711479958404767
4.457591837460407,-0.36851802340143414
4.4559767560623005,-0.3670887136997821
4.456180953925436,-0.3672244453987059
4.457739683250667,-0.36824164156082173
4.458200961980576,-0.3685363295213666
4.452896013114614,-0.3646394670366476
4.446013595113095,-0.3592878102280249
4.436438407761727,-0.3514182456232376
4.423939925776005,-0.34046909045133333
4.418798329714047,-0.33594606792590426
4.415356639036958,-0.33272692529154907
4.41236155857233,-0.32933362352509654
4.408820417949759,-0.32424654738964565
4.403538526458304,-0.31547371316822664
4.395644340695391,-0.3013940448639678
4.386243430647288,-0.2848141506993404
4.374614649158324,-0.2660652616137524
4.360219642287795,-0.24366172302093128
4.345003814882399,-0.2198139727641316
4.331342185675345,-0.19568805602030326
4.319582719748533,-0.1712539639286721
4.308765191431616,-0.14796309770792776
4.296935476085043,-0.12544563694284377
4.283519980237025,-0.10283073622689139
4.270251476397241,-0.08115880411385169
4.257520581190715,-0.060642327426168104
4.242384865554462,-0.03683417951259538
4.227619222791699,-0.0123393026267589
4.2162885448075205,0.008929299538818415
4.205816925928967,0.030558758481734453
4.192534078928192,0.0573683136247051
4.177670713397752,0.08329750475375106
4.161505692517484,0.10846692454698834
4.141868706739297,0.13827339235441363
4.128852249583834,0.16004784786333295
4.11703280489728,0.18215772972873048
4.106265168998989,0.2038531729334513
4.098160978690867,0.21962788213531428
4.088226015005653,0.23721535961539247
4.073397941676143,0.26160841863594353
4.063924699846141,0.2782269787754026
4.051838256756323,0.30192686487042414
4.0429104374043225,0.32097438325440836
4.034995044521141,0.3393330265788718
4.028736080659554,0.35392063633965354
4.0166103948854435,0.37886517247150153
4.0090295183269875,0.3933415599511646
4.0006218486179685,0.4099336296946155
3.993475972163179,0.42618424330520127
3.9856145201608792,0.4453504184100487
3.9780278093374033,0.4631191055821314
3.970685622951283,0.4779441924869306
3.964111440764805,0.4906015411680643
3.9598205024910675,0.49941934870528454
3.9561819986776414,0.5083030262051093
3.9531768243052436,0.5170773823562207
3.949756896236435,0.5277971818353461
3.9456435050551213,0.5423572288634813
3.941285813731621,0.5599074374237615
3.935708613555686,0.582500300852568
3.9309941512477806,0.6002260690254073
3.9251684688565494,0.6199210482412224
3.9189422667521723,0.6385272224229169
3.9115923371263803,0.6585680527649981
3.9022498783672512,0.6822963874072857
3.896320084325721,0.6960969644561223
3.890889504558737,0.7074994334949072
3.884263838497316,0.7199484167580136
3.877346661785432,0.7330190110528345
3.8720679191791727,0.7437961959884513
3.865934716671612,0.7567730147601645
3.858700977972272,0.771411520848523
3.8512076340664176,0.7863105059741653
3.84584593266466,0.7972097154894892
3.8393789057393075,0.8105689682098166
3.8331548835502636,0.8241746510148698
3.8272440250939,0.8375702396378545
3.8220839241902897,0.8497846124388516
3.815590349966567,0.8658950887125233
3.8102355127877283,0.8792558350526333
3.800704701465749,0.9028635337260442
3.793528272899425,0.920588323375765
3.7850849968042795,0.94173638394076
3.7781597535126017,0.9591678973153971
3.766886979302565,0.9870953753944415
3.7604240411275462,1.0041818421559234
3.754775533404137,1.0206772026534057
3.7505749010363223,1.0354082396119162
3.7474124447161636,1.047965629059304
3.743892842517488,1.0656140446709181
3.74279675693491,1.074853949701423
3.742038092673865,1.0897065726627757
3.7424384228808125,1.1143586141084498
3.7429198889038062,1.1349247464267664
3.7420193923387233,1.1553321133683208
3.738901765111846,1.1755509690010284
3.7348789288325204,1.1944898338317815
3.731623829269972,1.2084639556077186
3.7286152572312865,1.2201628781026252
3.7265200307915505,1.2276736577909741
3.7247920855754697,1.2332557294262187
3.721856458606853,1.2411301501115275
3.7161781765073956,1.2533843364615898
3.7074929804558754,1.2680742144738695
3.695556389312116,1.282349205480627
3.6837565367676444,1.291845178912212
3.6707500425186517,1.2998105502698387
3.6544473609265564,1.3085143547370615
3.643579839518918,1.3145339603795299
3.6305159212515052,1.3231334953312786
3.6183471650554884,1.3340358301849091
3.6020829243717944,1.356091326680487
3.5909950785193487,1.3775072846883807
3.581585718231728,1.399578864242201
3.5715283534961157,1.4239137085712614
3.5602953751538506,1.448265657898951
3.546995823900936,1.4714536776705034
3.535088065200369,1.4896368708955714
3.5237743887522166,1.5056624786895743
3.510083965169996,1.524095631778796
3.4924650873374765,1.5463346538305387
3.47035011411356,1.5739634786655927
3.453241989658525,1.5984727172439537
3.4407377098808554,1.620793314505038
3.4333313083038433,1.6378113507073557
3.4275782602331875,1.6533631861665046
3.4229380665430744,1.6660718940191173
3.4182058389480763,1.6781323253935725
3.4114586054307026,1.6939965548285558
3.4040250290516827,1.7094143971205944
3.3964040390493584,1.7235838401641663
3.386177889346088,1.7402202425393527
3.3799145580784,1.7499771190063877
3.3755041907919976,1.7568203319904776
3.3696752658625164,1.765471182009961
3.3615656078338665,1.777486669494008
3.3519886985365916,1.7918644818136078
3.3441948649525397,1.8031839571495942
3.3360110843661155,1.8144887494446054
3.331524527064116,1.8203688926758594
3.325595341384263,1.8280617551003682
3.3202632974706674,1.8352094285677638
3.315043275355183,1.8424922370913892
3.3087147447861573,1.8518645938796914
3.3006372916693185,1.8643073152800618
3.292038202705755,1.8782725993444722
3.2845369061391163,1.8903715647407344
3.2731115579723005,1.9077893102149595
3.2653954819178455,1.9184759810732472
3.2594626457978935,1.9262188670046563
3.2504325820755975,1.9382984350313723
3.2403991008489608,1.9525640190241071
3.2335007508792324,1.9628190422159568
3.2256416977082814,1.974090758993089
3.2135185041664194,1.9907342317449062
3.2016615366186647,2.006201096827811
3.195080351611241,2.0143821438132767
3.1920379802971746,2.0180764427367808
3.188757497122567,2.0222681631340502
3.183840785176267,2.028585447817805
3.178305264275926,2.035451910085606
3.170756373986045,2.0445719503736464
3.16638977537585,2.049641064267415
3.165134835204864,2.0510073420143042
3.162946973378193,2.0532991210657543
3.1592097983812897,2.0567850989977177
3.158177035807774,2.0576948126569445
3.156517210114343,2.0592337979899473
3.155573634239358,2.06016767822308
3.156082824973036,2.0595936817287437
3.154967874455393,2.0607503772835956
3.148959123408654,2.0664987391381833
3.1455327573105683,2.069648454031148
3.143754976618534,2.0712937726924436
3.145327570657348,2.0699456273775287
3.14340882436196,2.0715579899643144
3.139475775516877,2.0749009095484383
3.135439474595266,2.0782164170038455
3.128605847430703,2.083835922061833
3.120622946124612,2.090433008780184
3.117850254185145,2.092652174621472
3.119285838877302,2.0915823187519913
3.1222553458323623,2.0892604360086864
3.126220081791703,2.0859474213908307
3.1291840625451974,2.083288745155632
3.1310866399259463,2.0815424218005605
3.1300556966235416,2.0825007983465667
3.1271774251280124,2.085159067408347
3.1291439929585856,2.0834103452068526
3.1292191850040973,2.083327096777463
3.1230738002658804,2.088337112454093
3.1144550874417245,2.095162651960173
3.1078321828925564,2.100511284107417
3.1032239336122958,2.1042106194564725
3.0966828262504706,2.109098012540774
3.0892314555819667,2.1138895638547774
3.08301415716626,2.117510097370326
3.0714669725532615,2.1242871268178494
3.0631389761435965,2.12940836039168
3.0599199100611094,2.1314872085242302
3.059046019351191,2.1320383412506976
3.0629411071921866,2.129909761130385
3.0659937757672617,2.128250722239092
3.0652410173188205,2.1287130449675287
3.062947401501726,2.1302365543745747
3.0607751322567194,2.1317616598159597
3.05919917117038,2.132775429009165
3.053025742631037,2.1365253279169014
3.043507625625938,2.1421918806912035
3.0381942517934326,2.1454024592278262
3.034262410872538,2.1479764201515485
3.029843854816946,2.1511691564141477
3.0245590048251056,2.154821830810788
3.01903427524947,2.158299047419833
3.017278725129515,2.1593044741617016
3.0159032714021796,2.1600456447143577
3.008069426422606,2.1642299651933263
2.9982877484125208,2.1694122349947444
2.9922340538814147,2.172501902187378
2.9931007789563213,2.172079989785355
2.9947412542400893,2.1712326776691393
2.9964055012407194,2.1702224651723965
3.002515146043368,2.1659779725695603
3.0117625577956795,2.159071551757595
3.013884692963897,2.157430893697899
3.016218625566142,2.155587912809529
3.0168294801631648,2.155061999712941
3.015482395724023,2.156347224284863
3.008756556397227,2.1631111128723837
3.001385372948707,2.170907601070591
2.992570894973487,2.180418415969019
2.985112918408808,2.1883103177186722
2.9790455876619313,2.194749693648648
2.9725587088039016,2.2015442695220973
2.96693034276635,2.207119837182603
2.9617038520418095,2.211909629161022
2.9554759121887453,2.2170311064877843
2.9498131285920275,2.2211770392614403
2.947220680732675,2.222773488150145
2.9472544237303895,2.2227617234248904
2.952212410733857,2.219926223185711
2.9596897145997727,2.2154811260632044
2.9652685881227887,2.2122587042653854
2.9697464441726145,2.209598010230633
2.975727395057046,2.2060174771513323
2.9819767331946245,2.2022616685456646
2.9810457904420393,2.202878027879911
2.978839308307977,2.204331294576962
2.9740956177788442,2.2074844235104134
2.9696176274581676,2.2104881933669054
2.967302418500628,2.2119933290747147
2.9681713515543904,2.2114297633814055
2.9707766974795513,2.209726764311416
2.972815262497878,2.208364416540101
2.9723357561034804,2.20870621807538
2.9729226241160416,2.2083027707721326
2.9694372592130693,2.2105610427231173
2.966446244197585,2.212410923528654
2.965243640816929,2.21311188237007
2.961286770263446,2.2155565709782086
2.960290682938341,2.216187488328164
2.962722668586801,2.214480727600713
2.962070736568161,2.2149791371059298
2.955321833572044,2.2203729365567066
2.9469659024013963,2.2271856978920934
2.92873248960539,2.242289369066959
2.9143357736733133,2.254640461133059
2.9015652190459855,2.2657087508599894
2.8873935568189473,2.27811462892405
2.8773973201197767,2.287792633784477
2.8700917637552554,2.2956844417300153
2.8655941943343546,2.3010891255196695
2.8604671972023774,2.307855918910829
2.8530019575968275,2.3185640580892355
2.8423263908600296,2.3341698855868693
2.8305593927085844,2.351470708100642
2.8164327563630134,2.3724911612986577
2.802070960633547,2.3942727497354146
2.7872585364023044,2.4175704350681233
2.7718016836676593,2.4433574378239524
2.7575808733720564,2.469521166081557
2.742531437110051,2.5002188391769455
2.729667355412491,2.526837928822269
2.717631709176315,2.5517782268418854
2.7056919143260854,2.5765293560130607
2.693036678429232,2.6010104881773057
2.6785513072732607,2.6270688634965613
2.663372803123578,2.652933230762933
2.645721875371364,2.6843940284358263
2.631936990181797,2.7110839277372083
2.6168303035017613,2.742168701401136
2.6063533978218527,2.7669642236816387
2.5982147083255804,2.790122038494335
2.59154914831356,2.810320068821454
2.583733847489064,2.8335651182661006
2.5754191017438983,2.8597741852262315
2.5684652196967606,2.8862180759134484
2.5639799467873003,2.909997752529169
2.5624110557774467,2.934926898387202
2.5640351598693236,2.9628100474717396
2.5677957756411582,2.990585503533755
2.5725201273981826,3.014715886315775
2.5794541292311153,3.0397727496982996
2.5856730993437953,3.0578938700042846
2.5951427953921726,3.0846125326188365
2.602143278846049,3.1054174443285967
2.6077648003372316,3.122488176809287
2.611635407609341,3.134917266305275
2.613910131248606,3.1439627228311426
2.6148991945154196,3.1496246590328294
2.616041222184659,3.157483107330718
2.6181311104883,3.1703830174346894
2.6214738520613676,3.187579637210785
2.625862214304416,3.209202922754129
2.6320861898749266,3.2421028052326704
2.6366589341226794,3.2705999478886785
2.6399631586482495,3.300176600989759
2.640729080549374,3.3274185279082062
2.6389722754801026,3.351691414339092
2.6361434118909637,3.37676070957921
2.633284765813574,3.4029116111470685
2.631638008405435,3.4233543942537965
2.6306652282184344,3.4477441092666328
2.630219618995796,3.470528685738557
2.6284367837073472,3.500671121426329
2.624292456059,3.526261770456798
2.618015497865663,3.548665566140173
2.611242052995514,3.5684109437750218
2.603857880613881,3.588522157917956
2.5962612707422257,3.608858477405188
2.587846334104538,3.6348786027581412
2.581402171817713,3.6600379036017356
2.577517701090535,3.6850503975526934
2.5757658666423957,3.7014662180972566
2.5728217165404,3.7254899455490245
2.5690405242903775,3.7490177021149003
2.563251047526004,3.7780606997996755
2.556152949647182,3.8071547409625697
2.5492313263412463,3.8363702453903654
2.542721676777903,3.864990117873605
2.536556601169058,3.893829578501855
2.5307328872649677,3.9232803217811183
2.5250205129065906,3.9527269202900617
2.520317799712394,3.976221750434529
2.51387502304572,4.002598369366627
2.5070654825012,4.02462049235493
2.4998549653659943,4.043255076536744
2.4918264249267743,4.060720751049132
2.485166125185554,4.073256232358719
2.4786478183458844,4.085358519290703
2.4705884779307485,4.102518976821512
2.4622837703215223,4.1236470065235356
2.4548876069465435,4.1446539324048
2.445491485949088,4.170644843507749
2.4347428542272085,4.197242393179806
2.4229776652764015,4.223437705723009
2.411092827294835,4.249707144542032
2.4009354120876125,4.276812008665761
2.393252820136391,4.304654794265355
2.3849927012533843,4.338735282463658
2.3780523337042863,4.367156851964121
2.371369866106936,4.395918256249822
2.365153560038399,4.425349464303204
2.359963254058583,4.454907754200039
2.354578459173039,4.4843980215687855
2.3487023766795323,4.5137651334349425
2.3421557555181822,4.543030918792964
2.3353316873758354,4.572194216587635
2.327824739140569,4.600609072770544
2.3192948391491717,4.6275514181054405
2.3085792867960975,4.654872752132782
2.295840759573995,4.680389603831798
2.28116035238035,4.704353500516205
2.2638699709643104,4.726542473400119
2.241452713386289,4.7520301141239205
2.2231559490400037,4.773786014090457
2.207170442902289,4.796715351851665
2.1935225885065823,4.820606804258599
2.180002222416217,4.8507917483424885
2.1709707711770454,4.876725787684628
2.1621293251308695,4.902588183633306
2.1517204019694494,4.9277068030337015
2.138176208509856,4.951147437088318
2.1214942957415786,4.972544412904142
2.1024199795058527,4.991965673243607
2.082283545360166,5.010487650500761
2.0585640703174275,5.033426821929938
2.0396395131597616,5.055925088999182
2.0228867257624867,5.0807890679596595
2.0047027459421187,5.111697441450996
1.9899158087613624,5.137144381329178
1.974845225775621,5.1631078410885936
1.9611395628970996,5.188578633560794
1.9509105467669419,5.21154110779532
1.9435221946222885,5.235277885044643
1.9392599216034792,5.256099432407297
1.9345269614790068,5.287171167397761
1.9313776051877356,5.3074488073593376
1.9258799935902313,5.333703593225703
1.9163678711142234,5.362431569405274
1.9057107626618708,5.384721672420582
1.8928923209288975,5.406461031715349
1.8806886893636832,5.423552311164902
1.8730556614268148,5.432742878594864
1.8659335728121786,5.440261209244041
1.856733266149967,5.449850530890398
1.8473923859191324,5.460535984016109
1.834244330703808,5.479818509826325
1.8223701625411208,5.503768024615528
1.8127533674398912,5.529923987523167
1.8043130095033273,5.556347002256985
1.797132167850997,5.5774236059946345
1.7831483516971864,5.609268107825652
1.7684480041758976,5.635259682591858
1.754378729483427,5.656978723437117
1.7436914552881877,5.671279346256886
1.7406736685970419,5.674818244417752
1.7370029734515366,5.678792142512201
1.7307663342213908,5.685370058797345
1.725691048527881,5.690354855965072
1.7196535726226354,5.695304944928366
1.710027776048366,5.702255912771973
1.6971021286191459,5.711047243711396
1.6798987645221406,5.721749191561874
1.6569707479904738,5.734492285587471
1.6255929657475332,5.747960861210985
1.5978416736936227,5.7573660081008216
1.5701115084081696,5.766647940073595
1.5451217362158223,5.776708923797612
1.5244850685743407,5.78757077812424
1.5043626117761606,5.801115259324119
1.4851152725708257,5.815424821737661
1.4660981801539328,5.82913539661546
1.4517345600710791,5.838356114478392
1.435631087923144,5.846814644594059
1.4200407588021493,5.852452998331772
1.4007190035922574,5.856282638316332
1.384242651520411,5.8576033947949115
1.3675949540012693,5.858327382705893
1.3504354747541878,5.85964572387516
1.3308909379803842,5.862883828564713
1.3032104706744823,5.871544239437944
1.2771048286350846,5.884929481659071
1.2542068711330356,5.901999305357028
1.2350178666676919,5.920648903674773
1.2179540280841619,5.939534574587885
1.205123564161838,5.954658442239733
1.1927640520883847,5.970429528425989
1.1822608054508956,5.985004780601273
1.1775232981990156,5.992577518399317
1.1739609497993653,5.999188303125017
1.1726282351721182,6.001963209073778
1.1710091047922497,6.005756876696523
1.167113751727788,6.014519493053098
1.161830741811791,6.025503203297197
1.1590321273234792,6.030691405342164
1.156968758820635,6.034309048389881
1.1530708002607695,6.041546414026994
1.146526381326513,6.0545445261282635
1.137168840710067,6.074407887663304
1.1281238698916847,6.094115675766245
1.120687494104417,6.109690938219973
1.1170900364402934,6.1166352385525595
1.112573473066958,6.124668977086765
1.1069495058481775,6.134550981258959
1.1010058533661633,6.145486547019665
1.0950376297363318,6.157173336082902
1.0903739156337102,6.166777079725902
1.0882110548196784,6.171132067288164
1.0870077843267598,6.17357328772022
1.0863588030589317,6.174928049986376
1.0828603900191733,6.182389065456205
1.0798359754934628,6.188901152555354
1.0777195861924682,6.193496957552116
1.075101750979329,6.198853419608567
1.0726398298194826,6.204079860724492
1.069526542946471,6.211511848226657
1.0664222278390207,6.21956974169403
1.0627230127981817,6.2286232432742645
1.0610851627163538,6.232351395064478
1.0585815112088193,6.237759145493955
1.0533419389388543,6.249053888312413
1.0477361734002004,6.260769788000009
1.0403888483291062,6.275374340737369
1.0289381172380767,6.296772977718797
1.0168878542043462,6.318998017142328
1.0032066341703976,6.34529116995685
0.9932274674405815,6.367316150871846
0.9863215681524594,6.385454652618829
0.9812740877277161,6.399901867666268
0.9771381169984332,6.412829814467028
0.9729349367577256,6.427630486227496
0.9691128261216206,6.445101702418349
0.9660462724846991,6.465702412673062
0.9634235144960774,6.4929688286143135
0.961812753379927,6.518676713655719
0.9603138801078416,6.541954684654209
0.9583056477684088,6.560619554844212
0.9549810699569535,6.5819479003738675
0.9513346435062594,6.600481619775267
0.9475002994189519,6.618670764843607
0.9440942302363315,6.6354180193851375
0.9412653972282298,6.652484718675825
0.9391348800903268,6.669398202175286
0.9372465370949771,6.6889948899091545
0.9356216747601533,6.709560110746237
0.9338129553788009,6.735314069583244
0.9323614525033547,6.761727866399699
0.9313295249058381,6.782604921695914
0.9299936197169036,6.815825238403015
0.928524038779388,6.8399195831187924
0.9258619405766324,6.868755776501555
0.9234080790436211,6.892601575115093
0.9191832323480752,6.922162058536705
0.9124414714179068,6.951196673006757
0.9029938681336812,6.978729490336315
0.8952115473810205,6.995070078057711
0.8866402956956986,7.008640503607266
0.8727190822644129,7.026403117044422
0.8592212196505576,7.042253794390894
0.8469976529590068,7.057469962697439
0.8338432870479027,7.076069684159977
0.8190509537667884,7.097945566481634
0.8026813005147011,7.123018432413544
0.7867534522421145,7.148436101059499
0.7696450854217058,7.178854331700985
0.7601298744672993,7.1986140462786725
0.753621281580185,7.215916579974634
0.7484475984876291,7.2385294905128585
0.7457334905395867,7.267212299361784
0.7448619254356477,7.291069513481883
0.7438917020293287,7.31084058492043
0.7428105471862676,7.3242258038559145
0.7406065337412151,7.34353148758168
0.7365289567532467,7.366937166806404
0.7319194957113492,7.388724017545509
0.7265513707500107,7.413293846578657
0.7217491148249869,7.438494822534724
0.7166216736368206,7.468091459489134
0.7120480266443253,7.493611695354744
0.7062946311929927,7.52280795426006
0.7007790515526896,7.551309580769324
0.6962837295053579,7.579352332644239
0.6936904619883626,7.597326441197679
0.6904023967649272,7.625350219078625
0.6888425299031837,7.655314404649985
0.6892573215849037,7.683584847797102
0.6903994995970041,7.7093505739205686
0.6908833624244424,7.733028492210788
0.6899684787854411,7.7551156771314025
0.6879279653987181,7.776628924781946
0.6850641420682256,7.798838277200726
0.6806335864059487,7.829264556619648
0.6764734015974172,7.856844136908055
0.6735129830995232,7.8801783193412644
0.6712705191127339,7.909781484394198
0.6702683390463102,7.939793781089432
0.6704548925604156,7.973716766741909
0.6711651728896056,7.999587951995184
0.67083902228474,8.026212443192081
0.6698862330978325,8.046555347685942
0.6678476738415515,8.068755757104558
0.665514656529484,8.088418286061327
0.6631891619367263,8.106966611402882
0.6606879069671104,8.12525600604414
0.6577838518607958,8.143720072079155
0.6539289021726797,8.164481250443554
0.6479704764993586,8.193775110724479
0.6426700942379847,8.217121486159979
0.6351596322546094,8.246128513458297
0.6281458037574295,8.273270745307192
0.6222060475899258,8.298201944108515
0.6169606987212001,8.320875951372168
0.6099462759804886,8.349954643291785
0.6021836595076252,8.37843595476261
0.5943226714640764,8.402532768128403
0.5866247033117522,8.425653070085241
0.5793028464638144,8.448725547555838
0.5734548443259081,8.465718556847698
0.5654005527698068,8.486125924212642
0.556460713939667,8.505713806067268
0.5499553502966398,8.51789906496269
0.5408405401503797,8.533322482401926
0.5282804065586764,8.552973500593492
0.5198531268560022,8.565416486977753
0.5093616880809245,8.580682031025438
0.49802885681360715,8.596699759411596
0.48689969681697276,8.611957184047437
0.47152254193309256,8.633295445619918
0.4632090719250409,8.645813585080248
0.45622101257955117,8.657622678947059
0.4480701518547638,8.673342709172852
0.44187591781127133,8.686485467178352
0.43214489268429573,8.708562126054906
0.42076179255672497,8.735933292406418
0.41075953440912716,8.762430043447921
0.4008070955139489,8.790276777692428
0.39023852573852197,8.818248136123005
0.3812497749654799,8.83798185929906
0.3685777162397324,8.860770280173348
0.35487315022145344,8.882709921482707
0.34172735269687937,8.90163682990757
0.32652647374984284,8.919740463014323
0.3149750971898207,8.931892603150166
0.30522681936893975,8.94119215639889
0.297054784049906,8.94837413830934
0.2837671754145272,8.958961547451485
0.2730223338677082,8.966433763660264
0.26683681254009417,8.970083500993029
0.25893565739180735,8.97384617972772
0.24678523750858197,8.977438372325834
0.23297230988804318,8.97971834047396
0.21891627762238128,8.981177429057574
0.20461577706604095,8.982794650115386
0.1849523516613731,8.986379091601213
0.16422259589126922,8.991487634242032
0.1369161608876303,8.999287085406767
0.10842403249409927,9.007877719743743
0.07971728418411826,9.016530966413114
0.05091862941614797,9.02482430057922
0.02418925228301022,9.032637524503809
-0.0008293911404662396,9.040243577439595
-0.0232792083529633,9.04639166115101
-0.046291843288133884,9.051990837013433
-0.06936752292106989,9.056933418419053
-0.09148787959989703,9.061663818838595
-0.11059365141876558,9.066241732108
-0.12748320294165744,9.071143133435903
-0.14470952959528774,9.076876334594912
-0.16288668402881967,9.083041518599964
-0.18314768963209607,9.09023541945355
-0.19713266758654993,9.095643354374042
-0.21468639210980264,9.102223179530942
-0.22813760390997323,9.106443191783468
-0.24223079696228195,9.109898426048005
-0.25510044961413003,9.112494664698744
-0.27190337367665335,9.115970715813408
-0.28707363584930495,9.118962778075138
-0.3057207042828234,9.12221692112989
-0.31842134461263644,9.124137783883418
-0.33681211136179456,9.126039828689898
-0.3540812647458273,9.126704078885284
-0.3688765250668385,9.126548575938473
-0.38907193516667227,9.125643117437841
-0.41498548977447397,9.124004109163513
-0.44489251342273123,9.121891985649125
-0.4687468636298495,9.11969963691257
-0.4985117983878572,9.11631762578887
-0.5327270884768689,9.112000812075994
-0.5594008723084584,9.108962115769927
-0.5805057123892778,9.106682292886804
-0.603313259831673,9.104117607500115
-0.6241310542052915,9.1019432148454
-0.6431623981766937,9.099620270970819
-0.6609617416303831,9.097007826384399
-0.6872152448503678,9.093380554097608
-0.7163869068043863,9.089785195272212
-0.7430960953689603,9.086668112232617
-0.7711508488471635,9.08311556264384
-0.7961141912406963,9.079612965919313
-0.8215762030352483,9.075374172855527
-0.847143220760124,9.06945241857411
-0.8672338991572649,9.063206546201869
-0.8917765373999303,9.05334182531766
-0.9131476018795658,9.042241766641473
-0.9292523578135553,9.031485444366668
-0.9412867307094054,9.021952022083399
-0.9542167426295616,9.01107900775338
-0.9625629379564336,9.004590830031523
-0.9734057995559174,8.997366724345456
-0.9825932860566757,8.991873663949246
-0.9916865584006542,8.986346667185092
-0.9976376331771811,8.98234689086122
-0.9999852154401792,8.9806495575687
-1.0022743573429176,8.979027385273483
-1.0033163320355405,8.97835993568143
-1.0082212983399002,8.975543807677711
-1.0170330705529038,8.970551998885515
-1.0284412751152405,8.963409686210031
-1.0412042987017849,8.954743603711554
-1.0543503833509071,8.946231892555087
-1.0657942600451047,8.939215779390945
-1.07458922818042,8.933665218823082
-1.0851388221884741,8.926349737116102
-1.0904888655838436,8.922247938801654
-1.0969356944886088,8.917568270117398
-1.1049192588258847,8.912495997013274
-1.1109778865642905,8.908976333679448
-1.1231148740153236,8.901837129443868
-1.145020293441695,8.888224821200756
-1.162723227373047,8.876061548872034
-1.1781908369459446,8.864623141569663
-1.1907502404786054,8.855138332031357
-1.2074913750142202,8.843177382043285
-1.2272712296890156,8.829382529224969
-1.245766666368198,8.815756306201228
-1.263496119103832,8.801503685943734
-1.2797103599584183,8.788618287393389
-1.2925818075219115,8.778681810053845
-1.3062219751384898,8.767842974399949
-1.3197230465160668,8.756744138386665
-1.333782695070315,8.745558157501476
-1.3479124021209423,8.735041608281133
-1.3619936925355467,8.725965224785526
-1.3762906071831338,8.717288663516868
-1.386792516677927,8.710479653162327
-1.3938097532047915,8.705404710715573
-1.3964632166609203,8.703317035085309
-1.4029266197458279,8.697994245888395
-1.4102363890854928,8.691673721299512
-1.4221530969717797,8.680631485426574
-1.4341343347590743,8.668440115568623
-1.449813460700049,8.651240532542015
-1.4608446725764748,8.638767231092013
-1.4763551865070237,8.62122378967625
-1.486469471049223,8.609107742485989
-1.502157493502906,8.587937561206948
-1.5130994809452079,8.571536923876073
-1.5223892450942793,8.556111111572298
-1.531050329904159,8.540617042163111
-1.5429792629669108,8.517940120707713
-1.5527453386386876,8.498745312535638
-1.5625582655641772,8.480536746155106
-1.5714675982981954,8.465048941021234
-1.577404761405629,8.454377308098342
-1.5825475661090278,8.444576450187881
-1.5888138719464835,8.432661394447075
-1.5975926416597934,8.416539122235484
-1.6099379255663542,8.394525278467476
