-6.638068750568546,0.6355308492611118
-6.63381902195697,0.665236758479695
-6.629662838153373,0.6949262533322761
-6.6278975103855995,0.7087971833122588
-6.627412215619692,0.7129112025564289
-6.6274136080665285,0.7129090479788743
-6.62741312030476,0.7129094862902493
-6.62741316254157,0.7129105192743379
-6.627413172307025,0.7129099140039085
-6.627413340132786,0.7129096924443051
-6.627281204129663,0.7141014004200734
-6.626180215762573,0.7240364231046134
-6.623996944729842,0.7436955670171463
-6.620761697364873,0.7709213862717061
-6.616316608278983,0.800642131107599
-6.610844097571726,0.8275114300497755
-6.60582496491543,0.8484124564772078
-6.600152638671214,0.8725557817314746
-6.598050834133893,0.8824656516526832
-6.596307050665687,0.8926917374210747
-6.595049509374758,0.9060376976674995
-6.594700842877189,0.9163402965209433
-6.5948409622101405,0.9270329853641074
-6.595684717617323,0.9391730320432405
-6.596789095117388,0.9505285868327357
-6.597685810790841,0.958581142557811
-6.599590843543483,0.9716197800638374
-6.60283560918929,0.9879054847921507
-6.605913523692824,0.9994845470657392
-6.608220128839995,1.0058506983329776
-6.610835309048163,1.0111669865901771
-6.6166731283859015,1.0208729376133148
-6.624842504313274,1.0330644569277831
-6.634140216952848,1.0468803693687125
-6.645109321372086,1.0646345035974816
-6.654516270498274,1.0799852658979499
-6.662768162162145,1.0921586166745592
-6.679007673209334,1.1134927964400334
-6.696321506722276,1.135204687614486
-6.714819332991541,1.1588745288073532
-6.732778886729534,1.1829648207968062
-6.7497899636274825,1.2078042291067326
-6.765351106237433,1.2335368446198138
-6.777602806464238,1.2549301712695
-6.792526123209072,1.2820297806256244
-6.8050283057489604,1.303647093960436
-6.821171761124024,1.3289217830419047
-6.835253580964346,1.3491945367763358
-6.850613313472724,1.3715289091716787
-6.8666906000155485,1.396220330025711
-6.884947306558417,1.4241187666111865
-6.8970002999712285,1.442714798991693
-6.904733484238509,1.455671354994727
-6.914062146425945,1.4733558990747961
-6.919546430355326,1.485454790729476
-6.9262210705978,1.5059080506313873
-6.928276458885928,1.5186934416906666
-6.928458626223343,1.5358178708558046
-6.926296212528048,1.5571593338472474
-6.921207258993618,1.5848623039817198
-6.911181285645069,1.6194215138356887
-6.901790739932583,1.6451393611922434
-6.891989894125726,1.670004172590907
-6.88200202226403,1.6942654293949913
-6.872651335077456,1.7172776075733216
-6.861904191276966,1.7425137053055024
-6.851705000211142,1.7650663354221998
-6.839347945863261,1.7935032144893164
-6.82911138716724,1.8185887546655566
-6.817630757810585,1.8444509479959617
-6.804097374829904,1.87073254480024
-6.789841722232886,1.8971299430556012
-6.776010552959066,1.9237040561975074
-6.759461553740848,1.9557131931118141
-6.744845918004986,1.9819693475026168
-6.730304869625642,2.00814770669438
-6.71611180740418,2.0346099887543776
-6.701286522025769,2.060725783131718
-6.686322983156965,2.086704264770083
-6.668969905750189,2.117765673789907
-6.654980190115091,2.142835236288811
-6.641694323098414,2.167581735501452
-6.629010830970252,2.1913599752350255
-6.614843033590631,2.2172323903046047
-6.601153231403434,2.2420198637705475
-6.584567569011841,2.271710241719219
-6.5723657617042885,2.293060981474786
-6.561662946316289,2.3124165907512575
-6.55006253865165,2.3369706236384395
-6.542498452765201,2.3589540421583726
-6.536989567830756,2.3831436125619523
-6.533337243940076,2.408770013504937
-6.529301635010646,2.4397686391582307
-6.525555252495822,2.461160699441821
-6.5185112913434855,2.4955110164234853
-6.510699192850609,2.5238658372347844
-6.501399868690594,2.5468111988044795
-6.4919646684032655,2.5635096552330596
-6.481640725963315,2.5788135240040426
-6.473336397338454,2.590699025014034
-6.46513156839134,2.602376098652854
-6.458724870399038,2.6109689556060207
-6.452268888703208,2.619113327596338
-6.443212266650255,2.6303805433294767
-6.432545393980406,2.6450101313175027
-6.424191210127844,2.6574477094521436
-6.40892990045362,2.681101356202477
-6.395297197479433,2.7006206495796543
-6.380865254230013,2.7178810217590508
-6.369348367521073,2.729871809511709
-6.354930075069263,2.7443644678412165
-6.3384865263633134,2.762232988625891
-6.321852071889655,2.782268897045026
-6.306955465950946,2.800874379947824
-6.293978823518244,2.816013700525634
-6.283873717276992,2.8269651269565923
-6.272680599590938,2.83864450482423
-6.260006316193482,2.8511990717624816
-6.241556934797958,2.868485387238487
-6.222091754332533,2.886026354440879
-6.201424249179769,2.904440136529114
-6.183618033503674,2.919649842913835
-6.1662226714017665,2.933914537452028
-6.144049106814165,2.9503339678778784
-6.121905422025471,2.9643530551080657
-6.096040195249959,2.979207465332354
-6.069043941070217,2.992505572734611
-6.041422951047471,3.0043396831771854
-6.013857227881327,3.016121833455627
-5.986973703861644,3.0279087545690717
-5.962754823505447,3.038747314960092
-5.936744781097128,3.051774525823438
-5.91223965517422,3.0660552289569716
-5.889840128889615,3.080202241560098
-5.866095465334706,3.096255448173271
-5.845527719431236,3.1127949397786594
-5.826864090904443,3.130008185278281
-5.8080812251868,3.1472830690245615
-5.7876216765747595,3.1635851917267623
-5.764335522180479,3.1785174914596155
-5.7404201020154435,3.1922955077693613
-5.716936953697625,3.206507147797242
-5.698416568519801,3.2196570134607883
-5.675961446694979,3.237628482391619
-5.65326477914078,3.2557749099973017
-5.624763775615782,3.2757914648627224
-5.601244185704291,3.2899544109480003
-5.582476697216835,3.3011607543280497
-5.558202800433208,3.316252320082276
-5.5336620560573895,3.3318851575885677
-5.50907647664996,3.3479197621838375
-5.484990997608339,3.36530457366029
-5.465746031004142,3.379674441974899
-5.441149882115715,3.3969629323647372
-5.416410392401588,3.4137234473007645
-5.391629434894508,3.4303534906218784
-5.367111269163682,3.4458985143704264
-5.351161915594148,3.45585323779928
-5.335472494689973,3.4659375513098154
-5.324086280762533,3.473750550305204
-5.309750016629969,3.4838979929038354
-5.289829632512195,3.4976555283902253
-5.26595096061189,3.5133747454229116
-5.246959420715216,3.5259499679028514
-5.2309685023429635,3.53660274680854
-5.213759657020985,3.547366865619608
-5.196018323016643,3.5579207348482784
-5.184866301638379,3.5646498950906906
-5.169046372935642,3.5747366256837805
-5.151752911847921,3.586307281056503
-5.141014614352088,3.5936962522333156
-5.131145162959546,3.6006764885330753
-5.1249118620593395,3.605086758295132
-5.115300632469238,3.612175356865368
-5.105036077316248,3.620205014568428
-5.096708273038856,3.626989235567958
-5.084370957921698,3.636462713284438
-5.0746910097741855,3.6428643397122324
-5.066097166553406,3.648011693151822
-5.051422717264622,3.6559350705038574
-5.032478003524183,3.6643716429686526
-5.007760171283,3.672530382634813
-4.982613963685061,3.6780347904747286
-4.95744465176589,3.6823922120343227
-4.9300421971988575,3.687426589343
-4.904709805978171,3.6932110894956725
-4.883212021953706,3.699448416212539
-4.863693529443742,3.7062360267090675
-4.850301311742765,3.7110754321682746
-4.83831798730832,3.715530138420924
-4.823360781363006,3.721012604734899
-4.809777648947505,3.725851389489328
-4.789390507752906,3.733128367132275
-4.770636218425166,3.7401162302979905
-4.751374608521261,3.7476765987513665
-4.730774137122924,3.756264928002231
-4.7046095684759335,3.7676465667772923
-4.683858464171879,3.776706731157978
-4.664125013366694,3.7852327482442867
-4.644892908260529,3.793389124310194
-4.621368017528025,3.803324828797709
-4.597418667502959,3.81423439192935
-4.58194500181014,3.821667886570453
-4.566584923021853,3.8293187880238606
-4.539329360074662,3.8432298660539326
-4.522480221575101,3.8519731261916883
-4.500855744572942,3.8631831324095187
-4.4757155467580905,3.8767495667413887
-4.450050284269196,3.890786106615298
-4.427136501485372,3.904073101833523
-4.40314811056036,3.918416853701132
-4.375396938776419,3.9350562545188486
-4.360559418820796,3.944197528383801
-4.341552802064267,3.9556598117957886
-4.326827049249793,3.9642749092804244
-4.310761084221401,3.9743252842327252
-4.2950043789066275,3.9847577625204433
-4.280587989292328,3.9942152205793096
-4.2620076387855725,4.005054449342967
-4.238093923236395,4.017884372207814
-4.206445611368127,4.033229659931776
-4.1806787612934695,4.044433692498058
-4.153885642946969,4.055605443702856
-4.1317916206145835,4.064775437005818
-4.106899828610758,4.0754340501951845
-4.0831909589859485,4.08617243264411
-4.060255043506685,4.096892550145099
-4.03806478390245,4.107351998884885
-4.013600428873323,4.1182468716691
-3.986047220935537,4.129560271591795
-3.9538742725998146,4.140019211664974
-3.9308981954893167,4.144643668412286
-3.9120705806837393,4.146320869590722
-3.8951285100529005,4.146265915405514
-3.877757643070766,4.145568106593097
-3.8573537237370816,4.1447478484722
-3.837959600031192,4.144043395948604
-3.822385399314763,4.143476035002461
-3.8056295739743504,4.142272501925465
-3.78820375308447,4.140449450598953
-3.7667077461757392,4.1374250040292555
-3.7496929452535404,4.135427539661357
-3.7371849677412934,4.13489399851091
-3.7279849794089412,4.135454074148359
-3.720165695865085,4.136213557214227
-3.7097854610963386,4.136787178195205
-3.6927999164748027,4.136556164182224
-3.6722940693901274,4.134400073818995
-3.652114783537985,4.13117339283543
-3.6334842894641786,4.128287872080776
-3.611374099810307,4.124806852789459
-3.584225192652324,4.119247822532937
-3.564204783993744,4.1139132443447615
-3.5448016665215434,4.10745384558956
-3.5272270076515926,4.1008476976772785
-3.5028860706031137,4.091278982213701
-3.4773430496912874,4.0815505689869775
-3.4456907069477762,4.0718970143091004
-3.421068159471163,4.0675345456534195
-3.3960352239358658,4.065228839120221
-3.3705632491980833,4.063943163334052
-3.3452511504064804,4.06388032108755
-3.3153908790443447,4.066154883470457
-3.292321826261138,4.0694708041040215
-3.2666569108069132,4.074866481558886
-3.2420023321484814,4.081087225580888
-3.2199050614998272,4.086460095420952
-3.195034381767915,4.091514298992642
-3.1716020415708734,4.094380631329194
-3.148258207790202,4.095982219726931
-3.124944373950683,4.097527701050965
-3.104522323276405,4.098893457312145
-3.082492120208288,4.100477850355751
-3.0553228460893243,4.102823054118957
-3.0346136213488912,4.1041316243834665
-3.0139576796728824,4.104534636582983
-2.991298758200231,4.104340696136232
-2.9677288141022156,4.103788652141511
-2.9397324539390115,4.103609158436884
-2.9126490183153564,4.104581108186289
-2.886083095134108,4.105951871136579
-2.8592974818367147,4.107065997298076
-2.8346812970966138,4.1077377915946345
-2.812611706615905,4.108220729883403
-2.7942740762395277,4.107959380856549
-2.7767278191020273,4.1070524132663
-2.754144821290954,4.105121531020648
-2.726927748995481,4.101885052998829
-2.699733056593685,4.098994145892419
-2.6718081559660862,4.09710332588993
-2.6432414375256537,4.095450449827543
-2.6132910602823993,4.092707515492492
-2.5834987132188387,4.088101089631972
-2.5541882383202745,4.081190720477993
-2.525269928632318,4.0731549580377875
-2.4991396311419405,4.0663494233198625
-2.468004499856064,4.0591351260807995
-2.4413823827689796,4.054636722382265
-2.414719345396852,4.051498438012855
-2.3793809041584457,4.0485649914271145
-2.3521105065576853,4.046947566519552
-2.328222344642382,4.045363412810904
-2.302354040901654,4.043406601106831
-2.2728298013896224,4.041112028422975
-2.242907133903599,4.039317123821718
-2.206944861593839,4.037184375177329
-2.179472151259871,4.035092506208641
-2.152478036889359,4.0327235938086
-2.1233465131286744,4.03084014149601
-2.0983824090418723,4.030084601622883
-2.0699137524749287,4.029787752410104
-2.0461781336748577,4.028805092652844
-2.0226307598060767,4.026827250056033
-1.999983867808866,4.0242844049637245
-1.9783055522638393,4.021923004777024
-1.9594463889607154,4.019584986600221
-1.9392079134553837,4.016755237768457
-1.9217668458605093,4.013732705631425
-1.9027178654886443,4.0096849473867655
-1.8848411693676248,4.005559823258503
-1.868698638479097,4.001862948377655
-1.847328865179534,3.997018715011863
-1.8276368854753264,3.992645234584086
-1.7985972090033704,3.9865621902796797
-1.7710867562753507,3.9803894130174395
-1.7443782354699127,3.9728173144992778
-1.715851753469324,3.9638476347790323
-1.6874763863065791,3.9538936009917696
-1.659584943942087,3.942573019313005
-1.6323164558995562,3.929928656937919
-1.6051908245425421,3.9172594161010763
-1.5790984293890624,3.9069645625511136
-1.5565639828824993,3.900509251859294
-1.534095515323386,3.8957950429780848
-1.5030672648860988,3.8896680906874677
-1.474115730640884,3.882913939048278
-1.4450972211771227,3.8752153451991043
-1.4161450425523743,3.8671627869782164
-1.3882090437675243,3.8584112908733736
-1.3628794028383147,3.8504723039037776
-1.342749491422035,3.8450339226437746
-1.3205190497279355,3.8396097493430448
-1.2958129670556964,3.833385619604656
-1.26946128981876,3.8266084248264716
-1.2418910569669022,3.8199416204206695
-1.2067636256675618,3.8121631389410218
-1.177857865508828,3.805569150489405
-1.1528865293778447,3.7991549779226386
-1.1301566616949006,3.79281125050433
-1.1097539453190068,3.786102563480818
-1.088174519070288,3.777785031410229
-1.0616454289522717,3.767089099876767
-1.0340117871899295,3.7556290017222462
-1.0063715970118199,3.7439069246462906
-0.9800387364579025,3.7324244248372946
-0.9534059952746157,3.721396311196347
-0.9260821368877266,3.712069426967867
-0.8974592632620673,3.7041363214112493
-0.8681849621280645,3.6982940547679357
-0.8410003828532093,3.6935755794875984
-0.8130294132809434,3.688121844481795
-0.7835832652786573,3.6813385711822213
-0.7487205044179188,3.6726372815739463
-0.7257079464134399,3.6669926700254076
-0.6971825823308487,3.6585241263345116
-0.6693225443166151,3.647854274201927
-0.6420485268809643,3.6363069300340687
-0.6179997095498645,3.6248517834709517
-0.5946014726880514,3.611054319026197
-0.5749584658907207,3.59786209912546
-0.5553472762880921,3.5835130597043245
-0.5333033954299524,3.566037406656538
-0.5205961410473593,3.5557551942440777
-0.5080955037455477,3.5459405464796205
-0.49690290983056506,3.5373100141415934
-0.4820577488575245,3.52553012635122
-0.46116223885017354,3.5086238938379575
-0.44264039446301723,3.4933423755633575
-0.42724418974133527,3.479496618236071
-0.4144807212971716,3.4670467599188055
-0.4021168739960341,3.454237190303039
-0.3885129924053543,3.4397005504479843
-0.37655575119709084,3.4265914918824385
-0.3637034344156203,3.4128313542387723
-0.34942518667788386,3.399279787938707
-0.33005635737923494,3.3845378176239196
-0.3174178212160512,3.3763047102241335
-0.2930315702730422,3.363469996377758
-0.26957085150099025,3.3543112295904898
-0.2413458725818073,3.3447894331608703
-0.22318237724921994,3.338945775979384
-0.19956103764837713,3.33154952030442
-0.1768819672426234,3.324869821082793
-0.15320159197819425,3.319236378482239
-0.1281211198806565,3.3138590772229106
-0.10170361120662105,3.308055488368824
-0.07277192193101883,3.3020926135397755
-0.04596125410200442,3.296659419764877
-0.022929703560780057,3.29176148920285
0.0023124539376183357,3.2866303504098915
0.020900713764839436,3.2826665237101618
0.03700883318379977,3.2794323123716977
0.05080635105890931,3.2769840004517143
0.0750343480534582,3.272763789006672
0.09324667180624595,3.2695644967312854
0.12043293623723625,3.265326747135371
0.142151802159597,3.262686502524213
0.16111104141602864,3.2606028707945462
0.17795591223890925,3.2590834714927457
0.19687659175246322,3.2575457995485384
0.21130239648401483,3.255980396063073
0.22310939542363833,3.254625183290933
0.2338208161283185,3.253291769378184
0.24300262693029126,3.2520926678918123
0.2538864649071777,3.2504347635331037
0.2649483687645304,3.248215419352713
0.2794534467265462,3.2451974509618977
0.29387917244102,3.242591761921801
0.3088480400599685,3.240669053142941
0.3234172897668944,3.2397044908188812
0.3370020402061319,3.2396774567107394
0.3512908914491864,3.2406002177854027
0.36842827477150275,3.2422184564894905
0.38690710845268833,3.2436215616771897
0.40549071034162526,3.24366627800389
0.4287696908122962,3.241309633721742
0.4511678926186141,3.237372433412192
0.47453715535163904,3.231920752767257
0.49783471885718367,3.2248633726060714
0.5289842560366457,3.214476470301643
0.5562653395493794,3.2065449690503427
0.5911050337665127,3.1989709776729875
0.6205819260764057,3.1933555139361025
0.6500169140480451,3.187342403898793
0.6792466600399647,3.1802323138172293
0.7081038434005614,3.171776665404864
0.7367479412887975,3.162879835805558
0.7655403223296314,3.1546620624012847
0.7944584185441694,3.1466349152380078
0.823343037922219,3.138449643903223
0.8516768751739241,3.1303554457783145
0.8782118863235772,3.123507399909968
0.9030646437140935,3.1184006949186296
0.924012086055989,3.1157298070408466
0.9434550199049876,3.1149677584877273
0.9662002786690718,3.1176305468098486
0.9845528389831454,3.12252513567368
1.0045712008297443,3.1291991033931548
1.0265007868329121,3.1368017269562323
1.0488270609039045,3.143378120419765
1.0715037105604301,3.1487258264431413
1.102674764734423,3.1528532189398057
1.1261477126574566,3.154022258450136
1.157234904891609,3.154801715863491
1.1741798536814152,3.155181110127594
1.1839761582286568,3.1555181064380373
1.1960696198511105,3.1562264522589154
1.203941306686234,3.157198957811839
1.2167970645641635,3.1597389121727115
1.2332060202337294,3.1652090244104065
1.2465552947820622,3.1717739746522837
1.2599442842556106,3.179294876967267
1.2782606584535992,3.189654504912577
1.300399799248858,3.2014857495404785
1.3327481178978484,3.2164795153445587
1.3602246438343957,3.228439873772718
1.3870374190841253,3.2416129029896337
1.412967886383311,3.2564704132278988
1.4369546900730217,3.2717467810182272
1.4583320257163825,3.285990853420085
1.4821223417914358,3.3019071428858955
1.5060476156342941,3.317745156951145
1.5277941179963084,3.333601781199844
1.5460014373052446,3.3476687577436715
1.5608331469975922,3.3596961745481786
1.5742281325591136,3.3708383031506677
1.5883536687953506,3.381818915245208
1.6055666009529959,3.39442133867207
1.625913311748322,3.409600484376258
1.6411464457718636,3.420885042274813
1.6593028089740198,3.4338871918131555
1.6746129006057169,3.4442326635425538
1.6938732989819074,3.4559755039104783
1.7216899864491781,3.4703549063552104
1.7487627485610806,3.4828001255416776
1.7753926335464247,3.4942161777402805
1.7987321404948398,3.5047691959134037
1.8217867294625514,3.515191058755974
1.8464556187042718,3.5258263392791553
1.8737579315723438,3.5355347752866426
1.9011306439842588,3.542508142167499
1.9224007431881824,3.545737412831918
1.9528286423609302,3.548294500141203
1.9770721220805216,3.5502095560667457
1.9979879270865764,3.5530966195155202
2.0193075158966134,3.5577422547625908
2.0453623117139252,3.564813016970927
2.071400990382628,3.572211064203642
2.098691711255105,3.580124947129391
2.133267069612897,3.5897850068637935
2.161337408236006,3.597785921750469
2.189533995640302,3.6064975321464083
2.218142005477701,3.6144333614210744
2.2414290064862086,3.620266045415203
2.2696005885597614,3.6272174623771334
2.2961243415520483,3.633125735219097
2.3206828353040283,3.6367305760422854
2.343748677161103,3.638552542638044
2.365689980266343,3.640256289862079
2.389414669334062,3.643490191760805
2.4058323910074635,3.6468400694001306
2.426653412809638,3.6514155587776824
2.4383892630946784,3.6537309843180874
2.456271760436426,3.656085646305746
2.4801756430692254,3.6570432005813247
2.4961479563589823,3.656974309582042
2.516051836875752,3.657281511593475
2.5386791390026247,3.6593463075524704
2.553757591904336,3.661882060863449
2.5728928379023817,3.6658944230261343
2.593386836236465,3.669811054302117
2.618685296297895,3.673157858535202
2.6460381555858317,3.67508309067779
2.6742910682995147,3.6757652587129406
2.696031155969331,3.675919090356475
2.713330703613949,3.6767676330572394
2.7348660224740486,3.679370398234654
2.7586305323046485,3.6828988206592865
2.786325094433303,3.6866206518798834
2.8114657635128157,3.6891874106074622
2.839373341930198,3.6918542309448785
2.8690981121005357,3.695428531846799
2.8984136702567143,3.7001479161426243
2.9249480846966525,3.705815163701088
2.9491809611323583,3.7126800823832
2.9790139255065338,3.7223588862462407
3.004305865150537,3.729422836758482
3.028560821712955,3.733747837624408
3.0481078389512493,3.7360609115716987
3.0724257369066166,3.738929157132828
3.096371804286307,3.7433301429597714
3.117600915128888,3.750095698153764
3.1363745042303397,3.7590359494802303
3.1541438440808798,3.7694289847561726
3.1668300822560154,3.77843943389641
3.1814683936087276,3.790804226370945
3.198015566132766,3.806379861917794
3.214662931840536,3.821890128031687
3.2340869879153726,3.8384669386107007
3.2559691266246267,3.8559023818905414
3.274994806480789,3.869808752691882
3.2971857221363483,3.8857593471142446
3.3190657783259927,3.901165667796731
3.346344027805806,3.919635506593015
3.36874248453788,3.934332591279866
3.3931050493254924,3.950884866080526
3.417727808159469,3.9679484587548846
3.442291174256117,3.984918620460313
3.4658454953582445,4.000316261620704
3.487436934613134,4.013424801862138
3.5113251670321066,4.027315675141792
3.5373630152533244,4.042285537892571
3.558449855011005,4.053824093062638
3.585099440890186,4.067655349919949
3.6117505222306274,4.081410570562622
3.6380927235632927,4.0956223965964815
3.664119583804411,4.110522467248257
3.6898715148043424,4.1255257287338045
3.7153075455704916,4.1409064013780394
3.736545386484546,4.154517536687526
3.754017864919204,4.1657769102188595
3.775737612608041,4.1797717980686295
3.797534468791727,4.194868355449963
3.816410494663767,4.20831261661363
3.8411459591274815,4.225055084660584
3.870931196693521,4.24514074270082
3.8896320655831067,4.259007420272955
3.9113214610302425,4.277020714246213
3.9332811552388263,4.295642186142083
3.956187215529832,4.314701233784019
3.97848452001103,4.334512178983424
3.997656275894086,4.352286053639464
4.014150284450755,4.367657400763538
4.031594433355707,4.382901086947212
4.048853348752966,4.397341102325844
4.067508296281676,4.413848239896081
4.092492054236357,4.436758674538161
4.112585417930829,4.45454683632696
4.131615285845992,4.471502579868129
4.148592319948783,4.487414692381645
4.165081350932654,4.503115490990649
4.181289120855553,4.51909714928186
4.194641050815741,4.531977574370357
4.207360297702147,4.543309182210925
4.221705800146999,4.555006337398873
4.23844349076617,4.567485984014982
4.253844818517966,4.57884820719006
4.275796439465066,4.595867185817573
4.299063283417055,4.6136932928890335
4.322935535503421,4.630999183566159
4.347679671829423,4.648046470401669
4.372494331197475,4.664346928700881
4.393259941857946,4.678157297163915
4.41036120645503,4.689586694402513
4.421635129845674,4.697495937876911
4.432351450703934,4.705952763205034
4.446108865538957,4.718844122407785
4.459898993304325,4.733228583675928
4.475218783045125,4.750597689267765
4.486746741243565,4.76496057305615
4.499415905497354,4.78371883075954
4.5085777201951425,4.798897687218889
4.5210587958605535,4.819798280929938
4.531214107399254,4.836226720993405
4.54587502927392,4.857433933738243
4.561960080324891,4.878608051522808
4.578245018575994,4.900147730806264
4.593072852924952,4.919906667353243
4.606237317396641,4.938012322291715
4.621988710548994,4.960567185480159
4.636976235784157,4.982058071719675
4.650045354547064,5.001353509536502
4.663302132195975,5.02377609466867
4.676142766413691,5.048989492961208
4.68668448656259,5.071840059175302
4.695908372547534,5.092547610891406
4.704904336814597,5.113556914158037
4.71543133937809,5.137581241744603
4.723824764393863,5.15579245625548
4.733548916320801,5.1770298515073225
4.742527178987498,5.198268491333621
4.749513986204736,5.216672343493364
4.755851218404106,5.234161367269675
4.763985954170673,5.253644031942297
4.7731697858668145,5.273222926464858
4.783143827410111,5.293804048604174
4.793479225530587,5.317203179299763
4.8023519409002065,5.340334508488653
4.809506909580848,5.360708209197935
4.816310176467376,5.381830468186204
4.825012562976781,5.410121011523668
4.834274700113051,5.438561335478634
4.8447360684142335,5.466605950654581
4.8553996771068535,5.494650637912203
4.865853834352511,5.522711737317537
4.873478286681146,5.545409704942625
4.881838177202194,5.574115771237183
4.889113645795377,5.603205568120693
4.896610037509118,5.632087395924043
4.903250252416354,5.654901719404912
4.911464228142139,5.681317005605844
4.918645069628735,5.70441412727446
4.9231728946533835,5.720126860718873
4.925987396470151,5.731397083209988
4.9288314242640885,5.744723379231946
4.931321259345032,5.757493597351104
4.933518210203758,5.770230131314457
4.935167718381586,5.783066609843975
4.936373837937471,5.797233603065062
4.937306910599452,5.8098999953464725
4.938108527608155,5.823609095854008
4.938103781484394,5.835283309957032
4.937657733076446,5.845506844400426
4.937109787392545,5.85972143178383
4.937266247745936,5.875163343160994
4.937935050006036,5.8907924878167774
4.938510010187523,5.911153638712595
4.938756613745723,5.934223618885821
4.939257441197219,5.959190760569216
4.939807923907056,5.986329083247023
4.939809770438478,6.008584191175478
4.93989672652906,6.030551320792196
4.939626248957332,6.0512614430441465
4.93886226160319,6.074115996272752
4.938461107979602,6.09523700503757
4.93883344590708,6.110859953173821
4.939682706268001,6.122456468223008
4.941167148476665,6.133881787754796
4.943641490837473,6.148197714388226
4.946190399887811,6.16120005909275
4.95045684594448,6.181326910506448
4.953929592576175,6.195963167724745
4.95676685948463,6.207179774933309
4.960394532274771,6.222443061638372
4.963333706845864,6.2362305191861305
4.9652901655360555,6.247232861721369
4.9671202220825945,6.261088709072711
4.967924799145646,6.273545161230435
4.9675641708351055,6.283314372517877
4.965644074486313,6.298964905888926
4.963267569092464,6.312499852211079
4.961493156237557,6.322108677607255
4.959778689670456,6.333154792890823
4.95790386178421,6.347678826709224
4.955658483343278,6.366928980650277
4.953689548544198,6.383524838028138
4.952429979824294,6.394840094625063
4.951462521616635,6.406608352424681
4.950824373393655,6.419149269858374
4.950345941510955,6.446526243106268
4.950526217457994,6.461029752026385
4.951119204292362,6.474917862156173
4.9517227683803915,6.482697273918066
4.952478548949302,6.488774875148574
4.953996468055704,6.4990393181578225
4.956013302390934,6.511467296529164
4.957826999880152,6.52180999197252
4.9595684551532555,6.5345089459006
4.961184062188419,6.552512673894299
4.962347627471215,6.570117055655501
4.963212861674389,6.586701448410469
4.964618106662214,6.607238438761808
4.966414604458243,6.626469407311303
4.967675535013617,6.637278872036004
4.969185017748254,6.647114593628191
4.9708674773509935,6.6582644226705066
4.972144275581743,6.671580814147505
4.972563908131117,6.69000723132857
4.972165031576753,6.70417098815487
4.971207240182997,6.714414589380382
4.9694852567723755,6.7238266721254405
4.965892962263299,6.737561701398199
4.962236100348649,6.748001567536305
4.957707592147743,6.757655875750897
4.949048295360609,6.771734962239363
4.935238092400729,6.790213822608087
4.921379985311906,6.80748214703579
4.904755124047739,6.82747919306928
4.886365535872687,6.848323140706735
4.86786139910065,6.868348247728449
4.8502143830475655,6.88570316321777
4.829562461375756,6.902848634194751
4.806921530326066,6.917324869310368
4.783202578495127,6.930251896867318
4.7604089315627185,6.9426151255376665
4.743449197345407,6.952669712869046
4.7292809069538215,6.9625982393785035
4.716488048904394,6.974472738414505
4.7020181149084435,6.9937308094772455
4.689852676251598,7.017432021780698
4.682050435667795,7.042280124125651
4.677673596205631,7.063404090949626
4.673670505644186,7.084476343585222
4.66941777264002,7.102449707762365
4.665263822497416,7.115249409915727
4.657900207365244,7.130549133675928
4.647914124651156,7.144569059414243
4.63634954704256,7.157509425390768
4.624171040505281,7.170059881018439
4.612263960082201,7.183043419760974
4.601320515020319,7.197708130502196
4.594887059736453,7.2087965221002275
4.58841889434504,7.22230344798338
4.581907167211774,7.239375306610361
4.5764270683153905,7.257683487709654
4.5711409083844945,7.275912941085652
4.566211908316182,7.290171683779626
4.556744344923242,7.309537075541166
4.548947132820412,7.320017093249638
4.540008315624082,7.329172970357673
4.532354989279548,7.336120041347915
4.521647385010777,7.345726866807569
4.508078232516195,7.35890287888503
4.495462077081027,7.373341411269095
4.483681575829958,7.389353960024641
4.473719273563002,7.404543184649977
4.462115637421997,7.422204991198996
4.449222495022401,7.440408702463787
4.438552957185083,7.454665939617999
4.432894619065612,7.462100218402495
4.427476235091142,7.468922491430725
4.420443718852634,7.477691733055917
4.41222103619438,7.488497982869105
4.403326106052591,7.500749149377122
4.394054195418431,7.512814952405332
4.383794404334303,7.523880967943902
4.3718418814107745,7.534428187084417
4.361031688103889,7.54319247208743
4.351356993140424,7.550806540123814
4.341538640766277,7.558253706669416
4.334255679077121,7.563844103050684
4.331961157905582,7.56574168095125
4.32872899877444,7.568611420404666
4.325491981156507,7.5716120294536156
4.321938000494474,7.574651444236963
4.314127250493353,7.580150869870954
4.30637582527737,7.584796531065844
4.294703479625717,7.591351970212629
4.277751253474055,7.6013136162410175
4.258952341500613,7.614142980273858
4.239416382617139,7.630490126540935
4.225951883395443,7.6435900977591915
4.209875473791645,7.660197255163608
4.193657219203364,7.6759428953666315
4.179366516243225,7.687643500951696
4.165114439232593,7.696456603164349
4.15211433069524,7.701942124531378
4.13971165857322,7.7052904581993165
4.126958721345475,7.707730728843397
4.114064192891408,7.710125125351099
4.100155197722223,7.7136345576206455
4.081928199050127,7.720522703756865
4.065104562826477,7.728863278158775
4.040495071360377,7.742846968219756
4.019960625727945,7.7541471312621475
4.002968949613575,7.761931829377892
3.981638767035119,7.768831569087586
3.9584658717713803,7.773837522268909
3.9392350440038304,7.776837402641162
3.924808589425707,7.778764405884202
3.9113736371282193,7.780270931913993
3.9006605151785707,7.780690905663343
3.8908203139680015,7.779944533223845
3.8803988873219137,7.777437082585869
3.860085131372729,7.769128493676009
3.8399194325520556,7.756312594697618
3.8210711625820455,7.739649155245929
3.8037506632378095,7.721208998687989
3.786775890637795,7.702265824391501
3.7680319268580944,7.683175494889229
3.7465785419566378,7.664794337193491
3.7309524537950174,7.653443482835619
3.71292293361029,7.641530703921873
3.700813497216889,7.6336711578259955
3.684103611927895,7.622581783944649
3.672073094283465,7.614296214448745
3.6533878203944585,7.600244152250907
3.6435405530146716,7.592120896454145
3.6340823642145614,7.583902976442127
3.6238634262783735,7.574639016676421
3.619575168313851,7.570543704024929
3.6172736847127567,7.568248218740958
3.6116219510651777,7.5626882741395205
3.6042921186974137,7.555215094603154
3.5933357712292926,7.543075121246785
3.5815364579008038,7.528782920248955
3.5680966262411937,7.510359604096962
3.5539053305087376,7.486534763544966
3.5416852201712943,7.457007596092599
3.5360686878260057,7.432126054187609
3.5345227803099886,7.40848939698653
3.5353577681546895,7.3903645687095185
3.5381465766008224,7.366621273931572
3.5437855884337996,7.343710443960724
3.554564181632813,7.319543685663606
