22.221589764907723
22.247586563879132
22.263184478789594
24.679195262854034
24.691227488341703
24.696877411253407
24.697450972256316
24.697471634977635
24.697472049520258
24.697492270878524
24.697519411361363
24.697568502846575
24.697598898506914
24.697609627545614
24.697642842248246
24.697664581470413
24.697668076397616
24.697682818364875
24.697708263075686
24.69771066388059
24.69772136077336
24.69772931787496
24.697733241617584
24.69773996717668
24.697740627193593
24.697744598332616
24.697745075815654
24.69774723219557
24.69814593451336
24.7037437677378
24.715742717798793
24.734007610319146
24.754807185128804
24.775605560393902
24.801600911928148
24.82239767538405
24.843195653499535
24.86399341908637
24.88998974783138
24.910786904587837
24.93158434022384
24.95238187572953
24.973179111717766
24.993976591749956
25.019973150145574
25.040770506282378
25.06676719023992
25.087564474672853
25.10836190942042
25.134358563001612
25.155155826965213
25.175953335715295
25.196750578686036
25.21754798135691
25.243544640157808
25.26434193600799
25.28513932599996
25.311136041020116
25.331933328707084
25.352730744137546
25.37352825818263
25.39952473328005
25.42032197831275
25.44631865867634
25.4671161282227
25.49311268534091
25.513910036259418
25.534707426231257
25.555504625170993
25.58150141794297
25.60229872789019
25.62309601823267
25.64389341283014
25.66989002799961
25.69068742761045
25.711484771241288
25.73748128417499
25.75827872117542
25.77907629737222
25.80507273774895
25.82587002072729
25.846667312383875
25.86746478615728
25.893461452642832
25.914258703374976
25.940255291747956
25.96105264116666
25.9818499964068
26.007846586520024
26.028644003173735
26.0494412968868
26.070238671645953
26.09623525457813
26.11703260946694
26.13782994038299
26.15862741030139
26.179424622981053
26.205421167865293
26.226218681445133
26.24701608485483
26.273012416426003
26.293809892858953
26.314607384663727
26.33540455499236
26.361401050647544
26.382198580928776
26.40299584538745
26.42899244357599
26.449789844501584
26.4705871135563
26.491384345596824
26.51218176535529
26.53297910328907
26.558975654555507
26.579773088802053
26.60576977499267
26.6265669609096
26.647364282645377
26.668161590599322
26.694158316791686
26.71495556893968
26.73575284884879
26.756550292402288
26.777347729767953
26.80334412859999
26.824141442570134
26.844938808920826
26.87093550321934
26.891732792085087
26.91252999978629
26.933327382678627
26.95932421526958
26.980121433285703
27.00091854997793
27.021715862270455
27.04771264518445
27.068510009441482
27.08930718223428
27.11010463942246
27.136101189654664
