955.8847402387097
955.8852072575822
955.8852682069511
955.8852697381944
955.885269974814
965.9481195042854
965.9481727236499
965.9482090290088
965.9482270738806
965.9482272766832
965.948253179828
965.9482925761345
965.9483133661993
965.94832986337
965.9483520356839
965.9483550911547
965.9483714351578
965.9483810978587
965.9483884976333
965.9483952662071
965.9483995037822
965.9484026337585
965.9484043157967
965.9484064483945
965.9484074111714
965.9484084016306
965.9484087933395
965.9486219668852
965.9556843084348
965.9683182799987
965.9893138012501
966.0153410903528
966.0390329510741
966.068864796169
966.0986994983575
966.128501710869
966.1524002156507
966.1823729811606
966.2124389686016
966.2424806149163
966.272452324421
966.3025188889566
966.326517278307
966.3564965075079
966.3865320757055
966.4166311706646
966.4406353397685
966.4706057096863
966.4946658801754
966.5246932636499
966.5546685263117
966.5847176645119
966.6086882961799
966.6386901962286
966.6687830231153
966.692789309915
966.7226938865695
966.7526789144146
966.7767564795193
966.8067963674832
966.8367438669094
966.8607569010027
966.890809987615
966.9208481720093
966.9448821156043
966.9749424928586
966.9989887479329
967.0290405301529
967.0590800077866
967.0890906846367
967.1130759551398
967.1430548713547
967.1729952076656
967.2029166446688
967.2328183263588
967.2627179981806
967.2866502954616
967.3165595929472
967.3404988674849
967.3704204392072
967.400377968621
967.4303563926677
967.4543498976778
967.4843337894832
967.514324162401
967.5383031081318
967.568265226015
967.5922611687317
967.6222522532205
967.6462173803615
967.6761549908847
967.7060290110107
967.7298291188273
967.7597013147949
967.7894446453927
967.8191744038572
967.8429755475995
967.8726629314739
967.902298902036
967.9256416673753
967.9553569108912
967.9791170700377
968.002817758634
968.0324363302298
968.0620693420158
968.0918307646067
968.1153837749189
968.1416063467174
968.1641811109847
968.1887219093671
968.2092606270857
968.2367887180728
968.2646378467866
968.2917969251059
968.3099039693118
968.3302532150294
968.3504950271955
968.3678403860879
968.3939137004074
968.4220958313716
968.4457894243448
968.4751521774692
968.5032593633575
968.5301650049907
968.551557292721
968.5754366872396
968.5977677370403
968.6224652523151
968.6433743414939
968.6708599405459
968.6985121879434
968.7264070072696
968.7483346670646
968.775423226996
968.8027304878029
968.8281870788644
968.8530817790179
968.8742485435632
968.9010676075267
968.9276320997479
968.9474985870502
968.9717221876158
968.9910179872434
969.0114731597705
969.0367755526979
969.0570197120741
969.0823122016741
969.1075639863293
969.1277616085476
969.1533146037859
969.1813166863141
969.2100008190532
969.238858144627
969.2621745748725
969.2910107257015
969.3192701499258
969.3461497033785
969.3679922592801
969.3954589915456
969.4174306210247
969.4455227774041
969.4742279073373
969.4972189515144
969.5252422878923
969.5520748627489
969.5786253774199
969.6014135915543
969.6247230743817
969.653860987135
969.6826506732473
969.7110918165836
969.733265061058
969.7606714228353
969.7879673660576
969.8098744977574
969.837820342808
969.866253592052
969.8890353857315
969.9179346167513
969.9471450890753
969.9706706653488
970.0000363435923
970.0293985832178
970.0529853874805
970.0826775725084
970.1125294584452
970.1424712014917
970.1662687511807
970.1961902514864
970.2261522344716
970.2501321983888
970.2800799739227
970.3100965722059
970.3341198726251
970.3641628431458
970.3942004929768
970.4182299718491
970.448268779159
970.4783028437379
970.5022801274105
970.5323033569534
970.5623101455079
970.5923055781531
970.6163070661362
970.6463026498537
970.6762950695098
970.7002868158824
970.7302878073299
970.7602847023207
970.7902760663915
970.814263267671
970.8442409116176
970.8742193024133
970.8982045911007
970.9281894680411
970.9521813770988
970.9821673472549
971.006149184283
971.0361200246995
971.0660911782613
971.0960553076404
971.1260373427559
971.1500139355802
971.1799830326721
971.2098997276672
971.2398051189911
971.263710420535
971.2935796496539
971.3234739449093
971.3474338754954
971.3773866235803
971.4073871896546
971.4313646042676
971.4613227250567
971.4852726914248
971.5151857463604
971.5450533278015
971.5689611071475
971.5988842501607
971.6288694683868
971.6588510591696
971.6828355697485
971.7128245811091
971.7427974988717
971.7667637974055
971.7967680474154
971.8267892499703
971.856759272602
971.8806936246078
971.9046274842188
971.9346212022979
971.9646505532914
971.9886568004268
972.0186457440958
972.0486546816348
972.0726581503396
972.1026537847865
972.1326813036349
972.162703233988
972.186739357542
972.216791629956
972.2468074908742
972.2707431450773
972.3005347373588
972.3302687883324
972.3600491607741
972.3839502508969
972.4137751173802
972.4435392281686
972.4673333595213
972.4970949008641
972.5209671975083
972.5508579718556
972.5807186185252
972.6105022089711
972.6343315844522
972.6640972471156
972.693768592119
972.7234876051349
972.7473238629618
972.7770927921994
972.8066681466438
972.8303208175685
972.859996629019
972.8894839362423
972.9130378340078
972.9424424464057
972.9660445431681
972.9955468982945
973.024952845568
973.0485562330183
973.0781246297533
973.1074164088474
973.1365208860475
973.1596575313238
973.1888942431974
973.2123999566602
973.2420581223679
973.2657635498807
973.295319078824
973.3247232006288
973.3539459697357
973.3825144359872
973.4048111714321
973.4325554826914
973.4535339306011
973.4785309362592
973.5033423874978
973.5280254996136
973.5478651868937
973.5721513385556
973.593864745317
973.6101198760746
973.6299738812091
973.6452218639312
973.6631812874272
973.680303006565
973.69348772457
973.7103617635332
973.7265111349323
973.7429472481246
973.7582432127756
973.773019857482
973.7854430537425
973.8018969540113
973.826667688291
973.8504334375543
973.868032940106
973.8904164715789
973.9167849967088
973.935867286371
973.9439393420764
973.9560185080668
973.9774982891025
973.9984081801786
974.0269187628525
974.0554268871242
974.0783079409274
974.1074600991786
974.1371183889465
974.160983557586
974.1908339852223
974.2147568673505
974.2447288456244
974.2746435935769
974.2985821073936
974.3284964149841
974.3583964669579
974.3823476195494
974.412381100225
974.4424101738686
974.4664279189075
974.4964580105628
974.5264883805684
974.5505088346222
974.5805261361787
974.6045261703808
974.6345223343035
974.6585169931456
974.688504250581
974.7184808522443
974.7484782638468
974.7724547894168
974.8024563168517
974.8324721175501
974.862510047304
974.8925596344177
974.9165913463859
974.9466193678161
974.976650965918
975.0006942024814
975.0307080679711
975.0547389762664
975.0847622348588
975.1147739615833
975.1447987829997
975.168804673968
975.1988214033969
975.22282794139
975.2528311718819
975.2828041260976
975.3067438051838
975.3366636816456
975.3665629901402
975.3904963034901
975.4204163502832
975.4503534613409
975.4742979794363
975.5042423194483
975.5281776185752
975.5580542303449
975.587857745727
975.6115942721518
975.6410958146679
975.670363292398
975.6935750656608
975.7221953222743
975.7452185771178
975.7734566204559
975.8013597302281
975.8234430785695
975.85107343031
975.8735812812838
975.9020013762449
975.9297815287549
975.9524103552608
975.9803674530287
976.0079481493653
976.0298745718515
976.0573821062414
976.0853753011817
976.1135549238306
976.1363978097952
976.165052868811
976.193681168861
976.2161499037106
976.2438500369053
976.2715488216566
976.2990212925454
976.320911835427
976.3481634790053
976.3754892685904
976.4029398411196
976.4253552256168
976.4542697361293
976.4773144979417
976.5066161191264
976.536558436161
976.5665074369674
976.596451841893
976.6204457928691
976.650432008544
976.6742330031684
976.7038094723633
976.7334596505651
976.7632057878157
976.7870915262956
976.8110125125568
976.8408586485011
976.8706202992387
976.8944241591315
976.9230974122478
976.9492620395101
976.9719435029832
976.9852926635997
976.9977855819707
977.0109377073401
977.025939275953
977.0374021129569
977.0515086590653
977.0656331567423
977.0799314236001
977.0916223897578
977.1062965619099
977.1209971528751
977.1356861833268
977.1473971744248
977.1620148453876
977.173747703319
977.1884335198316
977.2008564838964
977.2101325968825
977.2162070441623
977.2202255068054
977.2231255519221
977.2276990525445
977.2324752569282
977.2353821646747
977.2406637459553
977.2455040858914
977.2503319060733
977.2550401448623
977.2637124477233
977.2739656942088
977.2833203347196
977.297009695529
977.3079969091401
977.320874118559
977.3291414574611
977.334129387212
977.3402249499964
977.3459323129294
977.3513377582643
977.355679126126
977.3614950400432
977.3720606387186
977.3858538718735
977.4082540003059
977.4339037969203
977.4608165624376
977.4850925820225
977.509221327846
977.5258270199151
977.5435429589677
977.5612167959185
977.575712743489
977.5967292800414
977.615405963196
977.6376775191652
977.6567730817345
977.6682097869879
977.6766720925871
977.6836010234119
977.6904448518623
977.696946989382
977.7021665665859
977.7087551263267
977.7153839357951
977.7188754351931
977.721506361165
977.7275980808478
977.7308917164534
977.7330591610963
977.7385968342186
977.7513481751494
977.7718687524673
977.7856123049779
977.8025912354041
977.8150534581224
977.8271727536358
977.8352805277294
977.8400935289975
977.8440675543867
977.8489788893844
977.8533776910563
977.8601782496096
977.8710031388082
977.8798225215304
977.8974448038143
977.9106727495052
977.9154929148013
977.9227109684279
977.9327348223738
977.9423627760207
977.9511795679884
977.9636226578871
977.9802267254494
977.9980299034385
978.0166675132512
978.0356065797562
978.0482481944177
978.0632702594647
978.0780285170586
978.089787267929
978.1036887076691
978.1164134584058
978.1255382372567
978.1302612317513
978.1332395491431
978.1353136550854
978.1417906868405
978.1467522784925
978.1486731446588
978.1511106701882
978.152424264512
978.1527387502003
978.1542924127734
978.1570668057219
978.1633659370161
978.1704581690229
978.1759847571559
978.1846942995647
978.1922000649729
978.196603525399
978.2045022893132
978.2147874364135
978.2222705275856
978.2229476393746
978.2233706072848
978.2310919084341
978.2395105905323
978.2500359811597
978.2569602431172
978.2634817772363
978.2695004664934
978.2740275267676
978.2782444636678
978.2812844229811
978.2891071900217
978.2965330508839
978.3043536888146
978.3100555278784
978.317034284155
978.3222995002076
978.3296776301293
978.3322418858041
978.3366814156625
978.3420351116227
978.3525853372267
978.3654437310315
978.3820521997612
978.3942779346488
978.4006998159321
978.405307917659
978.4069941669105
978.4121058495375
978.4196977999529
978.4310202153297
