9.211565914394614,4.050077650410164
9.211982423298565,4.0498663994688355
9.211928017460362,4.049893873644463
9.211926491560385,4.049894001455022
9.211926453701563,4.049893767883728
1.553003902587452e-05,2.1529634247590847e-07
6.874937743563762e-05,2.680440843990548e-07
0.00010505473559073793,2.7543148279233167e-07
0.0001230995783263755,2.4305768912595215e-07
0.0001229002695618427,2.0557558807029437e-07
9.699716883020704e-05,1.577765003962465e-07
5.7600938438390226e-05,8.03965677810116e-08
3.681101204624147e-05,4.5284076944890094e-09
5.330818091068582e-05,1.2263236917027691e-08
7.547511682671806e-05,5.005828586162277e-07
7.851027776391393e-05,8.522925299401289e-07
6.216661780722414e-05,7.463777897963683e-07
5.2547553162704366e-05,-1.708926976699805e-07
5.994004036340994e-05,1.5743293093766353e-07
6.670767740421898e-05,2.700337079325746e-07
6.248230902046989e-05,-5.1376955739815364e-08
5.9393995818782075e-05,4.5761586018330397e-07
6.107577674408395e-05,4.281976800023336e-07
6.317630137643017e-05,5.972840328578803e-08
6.224596802146774e-05,3.075573658969796e-07
6.12559747862558e-05,3.379327254150504e-07
6.162050881237264e-05,1.9457710653018865e-07
0.0002747939766022555,1.2259197435838862e-08
0.0073371090619131435,-1.9321627168433662e-05
0.019970882622019955,-9.005427979001618e-05
0.04096627313168057,-1.5959977923239712e-05
0.0669671306816378,0.0011567227163836583
0.09051730254081417,0.0037439354716499486
0.1198355305133344,0.00925578546234123
0.14858477786159283,0.017230133811145566
0.17645666914781155,0.02778141556795916
0.19807167815703025,0.037976017881395714
0.22473745159434708,0.05166189378686256
0.2515875072345639,0.06519105166609374
0.2789593541567985,0.07757178304038893
0.30619928088506415,0.0900733734381893
0.33368399452807174,0.10226307478529988
0.35583686504141454,0.11149199776878238
0.3834204558847566,0.12323506805151149
0.4110019391267555,0.13512612095372195
0.43914562454910594,0.14579797590966675
0.4618394220267095,0.1536204876810368
0.4900210771921411,0.163819379049428
0.5127245493887389,0.17178456292560956
0.5413656782889978,0.18080284955025405
0.5698718869967284,0.190071745750053
0.5985536540996834,0.19903315983639872
0.6214913550221685,0.20599398298849364
0.6500527818715998,0.2151786932644271
0.6789799936506948,0.2234729472227843
0.7022562935081882,0.2293479511252261
0.7310738320422032,0.23733751792936142
0.7596506367831052,0.24641871419817413
0.7827342779843237,0.2532652206262036
0.8118671973906966,0.26059105680686867
0.8408454842221493,0.26814827945769104
0.8639949242383026,0.27453022534456334
0.8931668382233757,0.2817543134789968
0.9224576932862518,0.2884130169111083
0.946000776748512,0.29324557997989315
0.9755981400989305,0.29850127816149924
0.9993819015778878,0.30204459200680833
1.0292217124740035,0.30560763849588757
1.059121544382518,0.3085007801014366
1.0890417026495152,0.31082991175980923
1.1129473901682323,0.31278216823949484
1.1427961582074424,0.3155725918558414
1.1725507572449845,0.31890239282983784
1.2021534290644265,0.3232583328531497
1.231490704051827,0.3290406216910971
1.2605095657262193,0.33624451245741244
1.2834558723286587,0.3430431789777307
1.3117736252728043,0.3526697538761271
1.3341158939401936,0.36126695668795206
1.3616200915320933,0.3730491283536485
1.3887720809450625,0.38570705233397673
1.4157286810001974,0.39882374482073957
1.4372291558915968,0.4094735270775769
1.4639908609166263,0.42299554290188823
1.4907095865225206,0.43661656231097024
1.5120007663401698,0.447647224137657
1.5383710297874522,0.4618717703085663
1.5593670334156757,0.4734895626336432
1.5856736256283726,0.4878919358744355
1.6069600678039226,0.49890169056696765
1.6339638347661012,0.5118267473827853
1.6610721319248678,0.5243805238521617
1.6827708046610315,0.5341587002450039
1.7101905437214784,0.5460122230035365
1.7371498404356376,0.5585765389706959
1.7631650274654742,0.572966416738216
1.7833351825000234,0.585602052429403
1.8074840168017312,0.6028697842772942
1.8297050541202882,0.6224788702234988
1.8457488238779753,0.6394341686769539
1.8645071155870183,0.6624802570514293
1.8774975280013444,0.6823748379208592
1.8876228970184132,0.7038037796168969
1.8957480882787405,0.7322860732456284
1.89870774284035,0.7617709139674064
1.8972589453812618,0.7914970516337945
1.8939366245142746,0.8148145660558941
1.888518386995359,0.8404712605802287
1.8826202286913454,0.8622618941264315
1.8738606857867885,0.885186143151204
1.8647007865313632,0.9035691562652222
1.8504822050924354,0.9271409134178497
1.8351529979404675,0.9503914914367076
1.8206280619969475,0.9733401683264377
1.8118088978898998,0.9891543200370381
1.8029041353340556,1.0074517790163493
1.7948790561660448,1.0260348106343173
1.7888347552496398,1.0422929747845922
1.7811729895060904,1.067215154972007
1.7756605004776511,1.0948529003647913
1.7730545995103129,1.1184027544646375
1.7712996327911341,1.147713014832982
1.7708918928388064,1.1758172431036498
1.7706543711262852,1.2027218363013426
1.7701032307196967,1.2241070231975173
1.7691394962485452,1.2479669623936742
1.7675425216074314,1.2702408362640472
1.7658138144808817,1.2948777766670458
1.76484934588519,1.3157646100942448
1.764092833444248,1.3432397960659213
1.7641786243420272,1.370891910380245
1.764471873009171,1.3987851882524815
1.7642037410743558,1.4207112086243685
1.763500353881259,1.4477906348667575
1.7626968563308154,1.4750860719297794
1.7621191665207454,1.500536107351278
1.761946629522915,1.525430209598884
1.7619196782300304,1.5465969569858729
1.761849045463457,1.5734159279371798
1.7615056695199862,1.5999782008055257
1.7614388528658496,1.6198445757456863
1.7611905678652178,1.644066903852639
1.7609025201601047,1.663360553372265
1.760750480121301,1.6838151608469376
1.760190206435536,1.7091113499126882
1.759408207724129,1.7293403999858217
1.757873372188567,1.7545862770758396
1.7554084683203808,1.7797174703860552
1.7526618387421231,1.7997274671185552
1.7480630905585057,1.8248632400486329
1.741907945361126,1.8521804656308867
1.7356833083716543,1.8801810614342689
1.731096357703539,1.9086715005821806
1.7290450877855932,1.931897525018503
1.7278684200698684,1.960709658707741
1.7273840343034732,1.9889649312762203
1.7269217565538177,2.0158405092810465
1.725707782478472,2.037649303728607
1.7232628499812153,2.0650070025797786
1.7211469645279984,2.0868765140218453
1.7184980142599449,2.1148435001398145
1.7161441017582229,2.1434519530937592
1.7147246187254586,2.166399135497467
1.713308187829648,2.194386652451802
1.711971872360219,2.2211859310690127
1.7101211019992686,2.2476718608878303
1.7082344058734487,2.270381838456355
1.7061979312405033,2.2936021907523165
1.7040167212905406,2.3226583481509753
1.7023643187117505,2.3514005747898747
1.7011782487429488,2.379816976256313
1.7005509781987638,2.40198134636204
1.700208630378269,2.4293855698293068
1.7005750854916528,2.456679053063239
1.7013738126349731,2.4785716192504124
1.7028156056070134,2.5064802467446894
1.704678118180806,2.534852428710176
1.706488768766562,2.557562154990165
1.7091347869366884,2.5863399961422275
1.7123234033747492,2.6153759121533855
1.7153237035627429,2.6387093846292573
1.7194870533693214,2.667778433067217
1.7240166642567847,2.6967891852297052
1.7279407257045922,2.7200472822515245
1.733260335686042,2.749259053874904
1.7390871952966112,2.7785367382277286
1.7454257971356246,2.8077998567113793
1.7508370712092718,2.8309740122321667
1.757942627259759,2.860039580414453
1.7653478398467592,2.889072032101174
1.7715161169556415,2.912245098945705
1.779617515623161,2.94107627302973
1.7882864089428754,2.969813817481278
1.7956686439968195,2.992674735412147
1.8055620461228337,3.0210419818784384
1.8161445982155937,3.0491537231723504
1.8250442366357211,3.071474392760581
1.836694435543285,3.0991619858307042
1.84891234266786,3.1265985997001917
1.8590327954269772,3.148335355858015
1.8721543368479718,3.175339419680485
1.8854742933304833,3.2022278208724155
1.8987966289898224,3.229102369280677
1.9094522631298734,3.250608854034718
1.9227562628493406,3.277492652762214
1.9359783187728117,3.3044133227758214
1.9464703477148304,3.325989263605437
1.9595632261995974,3.3529825224087313
1.972667566462999,3.379965664837907
1.9857064970457539,3.406974333966138
1.9960243885324782,3.4286290549408642
2.008672525121745,3.4558077925385926
2.021026069265652,3.483122511314067
2.0306986685416657,3.5050709713207224
2.0426449257274646,3.53257333093548
2.0521189328671836,3.5546154471893923
2.06388099017953,3.5821982754342327
2.0731847779861248,3.6043018507037754
2.08458207615082,3.632021029440038
2.095702811606788,3.6598526533371234
2.1065882813393215,3.68776959439721
2.1172909222870206,3.715776306207278
2.1258101693412996,3.7381883438899153
2.1365198147163174,3.7661785256765334
2.146937607441647,3.794222744941214
2.1570124795056382,3.8223799710674613
2.1648107446422507,3.8449775484323427
2.1741430604492553,3.873351457747737
2.183193547680989,3.901842817309704
2.190328016744853,3.924715893728616
2.1991164532225755,3.953350322343653
2.208043895317589,3.9819918087300317
2.2152504345220376,4.004860612901203
2.2241756875874046,4.033458320133226
2.231257388800065,4.056337358508403
2.2400421476743184,4.084931394024631
2.248654643620598,4.11353029845669
2.2554430848545004,4.1364540629570845
2.2641364445260654,4.165086561720065
2.2732447844055366,4.1936549263338385
2.2826157035191277,4.222134421779367
2.290317390543841,4.244848751280449
2.3002201055669387,4.273155588573918
2.3102322506183497,4.301406831921364
2.3184452009380787,4.323921958224721
2.328934185501604,4.352033098747353
2.340289907562861,4.37982374788163
2.352089229251884,4.40737330802734
2.3612764056074056,4.429474190284714
2.3698771792101168,4.4518092821653585
2.3803996431462906,4.4798966614827185
2.391265486055001,4.5078912212931845
2.40017785873635,4.530181791378193
2.4113956739822835,4.557993611949459
2.4224171582202967,4.585905315899846
2.4314326635670023,4.608151375623024
2.4426007325792063,4.635990418717445
2.453969688097211,4.663782481228459
2.4658578435252005,4.6913503622251955
2.4755894553987514,4.713328327687096
2.4885545741301467,4.740440036846121
2.5020615620561446,4.767245133074762
2.512742499089028,4.788665523506081
2.5244030228666343,4.8160803216249395
2.5326898987065003,4.844636257542293
2.5374198751780446,4.874038602777695
2.5393558624234043,4.897861156428401
2.539880736762057,4.9276814040410235
2.537723999513673,4.957367272319759
2.5336978054101134,4.980818294640069
2.5256373189511296,5.009467516289977
2.517354927990595,5.031856990313414
2.5058463294273308,5.059443409983128
2.4930164912903696,5.086407339090461
2.4782197771103363,5.112255346930941
2.4646812778898033,5.131865246845963
2.445770540849921,5.154851736321266
2.4250767197152574,5.176115660727624
2.4033974638494624,5.196443710308026
2.385744737727169,5.212460840127218
2.364152280225077,5.232953641960283
2.3436666627409912,5.2542853335671005
2.3275179546051263,5.271567349288964
2.3074980232250404,5.2934729680380475
2.2880453546902157,5.315633630802487
2.272506784034946,5.333335012724251
2.253557561482058,5.355819634022227
2.238294604820245,5.373822442845259
2.219246215058277,5.396351264507275
2.2008421014590884,5.419285918149273
2.1865031078997226,5.438034602445306
2.1688592351205322,5.461761882922302
2.151677425654345,5.48548515727396
2.1349801434777955,5.509323600197278
2.122056384753653,5.528514244143769
2.10572913563566,5.552767208033149
2.092746251229675,5.5723621889695245
2.0764215837251427,5.597123287976103
2.0630400545335577,5.616690658010462
2.045840015935675,5.640725798187903
2.028220013962514,5.664265932205748
2.0102640706438484,5.687321394331141
1.992764045270626,5.709902500944835
1.9793702024290862,5.727728027176461
1.9633572135098583,5.750384836155786
1.9521802659582208,5.768137895613996
1.9403860949953036,5.790177583070251
1.9303308765421971,5.812860190822213
1.9205397264733237,5.835518288801783
1.9119698520166177,5.85341159601899
1.9008404352180068,5.874997546178088
1.8909147447176429,5.894309529537568
1.8840270136208788,5.909033266708682
1.8768772674215322,5.927555217177525
1.8725234902188261,5.942168416729964
1.86791820870889,5.959527341654078
1.8637742874160081,5.9761400230317
1.8609110846897468,5.989010099139381
1.858633961782949,6.005729785207034
1.8585323461635896,6.021878836908299
1.8606523081855426,6.03817765827356
1.8649961917627595,6.05284385103353
1.8710091214496327,6.066341773294424
1.8767283843500897,6.077370183751148
1.8845921029159396,6.091823306748413
1.8964421419168962,6.1135756825365375
1.90729461628229,6.134718876197761
1.9146226072406676,6.150720221096885
1.9219478547775926,6.1718711839524865
1.926985199325475,6.197754079413257
1.927647004606033,6.216824889373088
1.926736837246604,6.224845467824068
1.9233091173292085,6.236428083555923
1.9138554838290678,6.255715639310605
1.9021431784605158,6.273037459300596
1.8836711114189755,6.294754642902916
1.862854604107146,6.314232480894597
1.8448054917076857,6.328295630070299
1.821075456122098,6.345228844231025
1.7963963573589383,6.361677437976158
1.776285050286787,6.3745258465171295
1.7508847759233541,6.390206219355033
1.7302302376883214,6.40227661038498
1.7042028999566086,6.417139220258385
1.6783031350790583,6.432109000629163
1.657597201767441,6.444122192105586
1.6318435188138107,6.45934104925519
1.6060567585738317,6.474475648832315
1.5853525238043114,6.486516926715953
1.5596899904090011,6.50211962972638
1.53450902083945,6.518480070900894
1.5146838191749699,6.532037853009949
1.490211528497102,6.549442260319798
1.4662071927592222,6.567487065346605
1.4473376354412868,6.58235051109709
1.4241776088770206,6.601446363062253
1.405950958294045,6.617060166257841
1.383675801690229,6.637149647295146
1.3663602956021965,6.653760393872682
1.3453713904036755,6.67517771086299
1.3251180003151348,6.697277413060156
1.3054190752768033,6.719900345124456
1.289996407953573,6.738258316446122
1.2709812001511933,6.7614642105393195
1.2524131343948102,6.785047578102692
1.2344090980054125,6.809091951614846
1.217093553935601,6.833651056225316
1.2037430011981798,6.853633196294041
1.1876239123514283,6.878968094078816
1.171880671092532,6.904542441367038
1.1598188954825732,6.925341258486777
1.145346686771697,6.951635503040683
1.1340604552529163,6.97285119373428
1.1207841662802882,6.9997795469631585
1.108059432549866,7.026960144684333
1.096007131451159,7.054459816306244
1.0868316436994403,7.076642990689075
1.0758217431876274,7.104567641740201
1.0674694142358843,7.12707436223645
1.0574075444415194,7.155340112114879
1.047813137902658,7.183735980609931
1.0401926233684167,7.206430385052106
1.0307188244958378,7.234810768108228
1.0214079291174682,7.26322336875844
1.0141162682699565,7.286018876429633
1.0054146732254217,7.314645637402213
0.9970754968872043,7.343397833083299
0.9907068597354032,7.366479869554274
0.9828312008127718,7.395369962930507
0.9768192711414523,7.418537941822108
0.9695522540466022,7.447517286075853
0.962584172803219,7.476494783775241
0.9574658122263472,7.499672899999863
0.9518860768532448,7.528641979446633
0.9471682576151613,7.557526706108271
0.9437236484808463,7.580481467834697
0.9397106372649786,7.608818984126787
0.9363458924312794,7.631595040760752
0.9322835489764205,7.659539350686345
0.9283238128360628,7.687160067995202
0.9250133088882477,7.708993868341894
0.9208132618367445,7.736303133107956
0.9174274466013407,7.758554865864155
0.9131005479565045,7.786643649136472
0.9086867806267617,7.814070926278693
0.9049362324004674,7.836386776632972
0.9000533613013553,7.863914160915453
0.8946671396664039,7.890963808360664
0.8896922712568107,7.912318402417801
0.8831324818064855,7.939032324080237
0.8765515282266345,7.966240962652178
0.8700654499711928,7.993663980748375
0.8646738109935223,8.015861450611514
0.8583503436261872,8.04381008506212
0.8535685237899104,8.072036203513008
0.8501668601038868,8.094245947543804
0.8465864089559351,8.12171370589026
0.8454517556282553,8.149389240908071
0.8473607355662754,8.176795306884983
0.8498924243267529,8.198538959284512
0.8527365001522177,8.225641787742397
0.8547405651096831,8.252893989490072
0.8576280945223602,8.28019226976696
0.8619152627689285,8.302193852677767
0.8702518900721756,8.329880484169914
0.877992580621999,8.351586307278092
0.8876478533043958,8.379251460693135
0.8966652267422134,8.407803681722099
0.9049091407946374,8.436595703714293
0.9123582464904735,8.465598776149452
0.9179240606435709,8.488938257640154
0.9250104025826619,8.518075122406819
0.9299270333707355,8.541362760475158
0.9344861665653549,8.570585728061525
0.9374909031439635,8.600083263983898
0.939500230995679,8.629761459395901
0.9408308047690197,8.653610108753233
0.9421484365780228,8.67749477810662
0.9437408527412936,8.707298402744804
0.9451253006439818,8.737027835276029
0.9460108767804235,8.76081521639931
0.9461324566881287,8.789488211753714
0.9448516461713659,8.815621471102617
0.9424723389679637,8.838177793553568
0.9404650254407809,8.851375171382864
0.9381606856894653,8.863653731059541
0.935390755224213,8.876510864758425
0.9320369498963765,8.891132733676905
0.9293628671434386,8.902279298780472
0.9259615740576694,8.915969654818737
0.9225744601252731,8.929682017628808
0.9192137921787857,8.943579727731262
0.9165580438492794,8.954965055592638
0.9138211877205219,8.969381745465101
0.911989068594569,8.983967722094599
0.9111089527856067,8.998630362094664
0.9109537089903924,9.010340324172304
0.9111124283271608,9.024957133418862
0.9116464992089224,9.036677829794609
0.9129922418991705,9.051301857394884
0.9150444192005083,9.063554147159529
0.9172037160369475,9.072575439157111
0.9188975428580821,9.078408951002853
0.9201989902784382,9.082210829042198
0.9212200169591945,9.08492519198693
0.9228271066388702,9.089207033962667
0.924562997646504,9.093656619417962
0.9256575822190656,9.096349572677921
0.9277154124789151,9.10121377204117
0.9297448382608725,9.105608123152855
0.9319338304832515,9.109911164026261
0.9341650058911531,9.114057170393053
0.9382692651454859,9.121696796881658
0.9431419145903558,9.130718235285745
0.9475757002109286,9.138955397670786
0.9540650028838794,9.151008926207671
0.959338586652479,9.160647815001012
0.9657603648717559,9.171809503355396
0.9702052664336597,9.178780281118785
0.973147275444412,9.182808187048687
0.9769616126028227,9.187562839265278
0.9808387603893581,9.19175112252837
0.9847791656655887,9.1954513989407
0.9881173748948172,9.198226977088156
0.992830482719959,9.201634537699674
1.00173171810248,9.207326627301399
1.0135559419709272,9.214428810822865
1.0328957266396306,9.225730955873976
1.0550073860945053,9.2387304398065
1.0778907836942817,9.252895434055745
1.097696100966904,9.266933757838206
1.11653351767258,9.282011824918305
1.129281056405019,9.292653688728702
1.1426760060810952,9.30424807615055
1.1556247543845775,9.31627697593136
1.1656922988745948,9.326706599314164
1.1794170050058115,9.342622856734469
1.1909643078104488,9.357302035580602
1.2036850637787897,9.375583298471396
1.2133249363741432,9.392067028819273
1.2184756895004871,9.40227819766925
1.221955197209371,9.409992058061926
1.2246335258389538,9.416382413148071
1.22717494772542,9.422736873207915
1.2295175123347524,9.428802364397974
1.2313617325864974,9.433685277242803
1.2338398914819602,9.439790017036241
1.236585791917188,9.445823353241705
1.2382296313521233,9.4489036714004
1.2367788964334638,9.446708873080409
1.2330977563821386,9.441855188231184
1.2309486870292257,9.439359284302938
1.232503389903276,9.440869488015673
1.2367408311793633,9.444434584794326
1.2473526429337805,9.451504672970659
1.26551970151738,9.46104679411235
1.2782639448123334,9.466191645757643
1.2944364561399861,9.471362134687311
1.3064734800273006,9.474589680351997
1.3182637819025294,9.477394338161812
1.3261713462115368,9.479184988170474
1.3308560245582621,9.480288967334447
1.3346881086264168,9.481341587630942
1.3393699330010291,9.482825411065413
1.3435367425346085,9.484235075727504
1.3499470348685392,9.486505703136615
1.3601312886412424,9.490174381543637
1.368423213398828,9.493178627774608
1.384981183281347,9.499210084171258
1.3974013332500492,9.503761833500434
1.4019240772422423,9.505428800885472
1.408691826147545,9.50793835720266
1.418083296732493,9.511442344671668
1.427097435281741,9.514825065121345
1.4353461475352967,9.517938675045725
1.4469841651398436,9.52234174584463
1.4625260699649307,9.528185054326958
1.479204980665007,9.534411376224456
1.496682391261711,9.540884444922161
1.51451490750122,9.54726328530648
1.5264901046274222,9.551313603200036
1.540753679356416,9.556026656798867
1.5547842499303643,9.560603692583559
1.5660032813848785,9.564125276780267
1.579311307358035,9.568143544012246
1.591565978866457,9.571570249066829
1.6004128452601865,9.57380509673293
1.6050217785107979,9.574836799833518
1.6079397033244953,9.575433531991417
1.6058942324344554,9.575090072681157
1.5994858461193984,9.574149580685404
1.5945642830769182,9.573520606170742
1.5926565434338396,9.573296427038985
1.5902342208901474,9.573024610554585
1.5889286139038097,9.572879971540114
1.5892407365732744,9.572918451241156
1.5907805188282094,9.573125666101372
1.5880466413159067,9.572653257400797
1.5818783600449629,9.571376009881737
1.5749865997650931,9.56970167566102
1.5696402221761219,9.568301881723539
1.5612432445476498,9.565989546177438
1.554009918674917,9.563985672134022
1.549766792443617,9.562808241240084
1.5421569697338253,9.560691387514145
1.532241789758515,9.557957625100418
1.5250074170651648,9.556044380416068
1.5243515208226786,9.555876212363179
1.5247632674053881,9.555972993583612
1.532298917370887,9.557655988246594
1.5405347439588337,9.559401086720305
1.550857757859485,9.5614551636095
1.5576657778147251,9.562718598588082
1.5640926875227936,9.56382550367499
1.5700359878235504,9.56477513618697
1.5745129654953127,9.56544666105831
1.578691778652003,9.566012414911025
1.5817011904463747,9.566442290798879
1.5894329079914729,9.567632344568617
1.5967576153935958,9.56885384815806
1.6044524469316552,9.57025096849742
1.610050209287461,9.571335415507397
1.6168987108140458,9.572677453513192
1.6220656138814507,9.573690178930654
1.629307321126705,9.575102438579197
1.6318239965155257,9.575594121560044
1.6361709195768375,9.576496166604604
1.641400197448249,9.577643647923974
1.6516723442248986,9.580049944018315
1.6641679509862846,9.583082781452744
1.6803209358358684,9.58694572255968
1.6922674511108977,9.589543676817305
1.6985805159988938,9.590720864540726
1.7031297355627026,9.591455168896198
1.7014574700216318,9.591238455956448
1.6963912626802953,9.590558130700902
1.688876452572319,9.58947862148319
1.6776412816226478,9.588075758804381
