-6.285863340327557,6.630540327686409
-6.305364770278657,6.616635403017441
-6.319884551953798,6.605999541723113
-6.3360853197304285,6.594245035743947
-6.3448742892593115,6.587949622792298
-6.350756757726531,6.583781380981372
0.00038582105130102875,-9.42596012862283e-07
0.0005373601797835968,-3.900751469277587e-07
0.0005841208783247243,-2.037017413576715e-07
0.0006096733246896935,-2.645072970545452e-07
0.0006277991938720492,-3.2012651993319596e-07
0.0006276686828733003,-3.5272064881931434e-07
0.0006155965354216527,-3.531458010156316e-07
0.0005835437879590406,-3.158969943830297e-07
0.0005480644736948074,-3.562038463533315e-07
0.0005431368923299022,-3.682828020227142e-07
0.0005583239391357608,-4.114590827970881e-07
0.0005802417760112283,-2.325304772808287e-07
0.0005847112487205187,-1.1908034081033388e-07
0.0005713085025964193,-6.48416849001705e-08
0.0005624892836265207,-1.9107566273476093e-07
0.0005583355223333042,-3.5073677654350645e-07
0.0005674632234783199,-7.405685801673495e-08
0.0005716925529745019,-2.0911260258272911e-07
0.0005673778730069797,-3.9016642809423895e-07
0.0005641597082221606,-1.7195389869114893e-07
0.0005658683315710208,-1.1412582639013709e-07
0.0001687645748394382,5.91456673340008e-07
-0.005131921974506661,1.4578204777431338e-05
-0.014043997494995967,0.00014218555911609912
-0.03056149949536029,0.0008211442450961478
-0.04647377691215615,0.001809471670417429
-0.06317976559429125,0.003134455626667696
-0.08458585963036426,0.004864314884786911
-0.1023823933848404,0.0062626763824546045
-0.12374069825035466,0.008090420429302907
-0.1398813761101917,0.009467022866331687
-0.15635382625932026,0.01089928884658214
-0.1743200352844487,0.012559899865458033
-0.197374282220557,0.014842393988371672
-0.21503707130117028,0.016626964428473553
-0.2319576341869142,0.01820855167478904
-0.2503231916552096,0.01974749805572336
-0.26750050229796946,0.021036897368652385
-0.27930021804023647,0.02186181414329699
-0.29057074204454975,0.022692711387515496
-0.30142452022486477,0.02355863346734352
-0.3140520147530075,0.024682542300342787
-0.32815119690815897,0.026089724407413774
-0.34301175692679836,0.027567348545797704
-0.3551323467411001,0.028772614694821334
-0.37326101672631035,0.030664263162175503
-0.3889509720583543,0.032426737109672844
-0.4079373970177329,0.03475815864384399
-0.42279603000484256,0.036722829438267296
-0.4403642136830149,0.03934233156591673
-0.4562072707441738,0.04238704119859963
-0.4791575437566377,0.047589520550013774
-0.5024913154651297,0.05352333926486975
-0.5204818399304928,0.05883121329324641
-0.5428642718985217,0.06653938802634911
-0.5642733763942452,0.07498938135865549
-0.5804102871818354,0.08241380524314999
-0.5980826486364925,0.09199307681613915
-0.608511791833643,0.098574093446476
-0.6138494800056082,0.10244180654408912
-0.6123964385380333,0.10117584019929225
-0.6042863679210414,0.09315457596411435
-0.5903662861666006,0.07713046440909183
-0.5769656587640039,0.059619602798736925
-0.5599302116465918,0.03524943033940784
-0.5466620971978857,0.01522506889851422
-0.533678800223188,-0.005011217654651212
-0.5180956382124836,-0.03067795762865874
-0.5056458099942879,-0.051180871603024126
-0.4931117828441347,-0.0716568780851893
-0.4775728621933587,-0.09730442589758515
-0.4649808579385378,-0.11774442582732011
-0.44937740607978993,-0.14333350627970864
-0.43666100145872616,-0.16368939840170257
-0.421003601281696,-0.18926035580928055
-0.40820010492864983,-0.2095111081877542
-0.395448460762224,-0.22985529432911203
-0.37970430584878423,-0.2553616082749923
-0.3668606340614174,-0.27559925603282903
-0.35373110686758485,-0.2956485590413105
-0.3368388481015434,-0.32039465685652113
-0.3231331237781112,-0.34007711653417616
-0.305794636410372,-0.3645472611111514
-0.2919708988584941,-0.3841740379796397
-0.27466177302375133,-0.40866301194597165
-0.2606722402261442,-0.4281396973831226
-0.24277533966379852,-0.4521662164782361
-0.22443398462017156,-0.47587379861459
-0.20956118268346446,-0.4946820753286219
-0.19438507711360523,-0.5132224197174645
-0.1748981041030114,-0.535985403261088
-0.15909058635731313,-0.5540201896292302
-0.13902587399603689,-0.5762690584544811
-0.12259603836820274,-0.593710901980009
-0.10159395935411757,-0.6150726737976243
-0.08445238358311272,-0.6318212307620363
-0.0670352947857878,-0.6482941444803803
-0.044947818788797014,-0.6685446265602866
-0.027007039272631497,-0.6844459993696075
-0.004312325404685282,-0.7040303583283098
0.018615687157250562,-0.7233477312308733
0.037038516516363536,-0.7387289075821002
0.06018999595596037,-0.7577628683455926
0.07886307410522174,-0.7728472507823125
0.1021255530931315,-0.7918034015526786
0.12511097293541376,-0.8111522240467205
0.143167272253527,-0.8270141545158911
0.16537002953762017,-0.8472336710384817
0.1829011168744944,-0.8636645379792881
0.20019590833406814,-0.8803340417545034
0.22164317361000596,-0.9013047061018301
0.24352156958698448,-0.9216763080476852
0.2620990237100268,-0.9366155329159385
0.2867145732786076,-0.9535850225133408
