0.030013900912032508
0.054023527340265
0.08405029831441568
0.1056343960698818
0.12361546440545579
0.13079740160420336
0.13213942716410845
0.13214141264543616
0.13254101167293952
0.1405372517380781
0.15853528668479233
0.1794938065577726
0.2093100894744299
0.23929865967696937
0.26903357881618856
0.296245906781389
0.3188641991164906
0.3473952985522578
0.37529121463293275
0.4031981765092717
0.4315394973434625
0.46139063016095466
0.48876760836595196
0.5104197565785056
0.5357603548310764
0.557650996985787
0.5781254768751642
0.5976041717919421
0.6236578508787661
0.6519089218617576
0.6795814084114681
0.7047478735749029
0.7292937283504889
0.7445192059057264
0.7615517297281799
0.7782392488772696
0.7969776712269926
0.8139131148440877
0.8329599759803138
0.8487759612119963
0.8686713959754158
0.8934684248795116
0.920996926678689
0.9438684985718396
0.9656106416684739
0.9906083539812546
1.0136858239275384
1.0431924623774749
1.073144760103088
1.1009357899308845
1.1218001785944636
1.1434070983117328
1.1689807754621766
1.1969339019175858
1.2255375260817505
1.2478380823049522
1.2754504479327329
1.3047115973705161
1.3345464250221843
1.3566036990727879
1.3824988018816182
1.4132547971348768
1.4350359804403936
1.4644093840762367
1.494361741286508
1.5242759903553529
1.5542099173797796
1.5842311003419294
1.6142112493431544
1.644149720114785
1.6681100725517541
1.704110018625969
1.7281533229179085
1.7582513016861157
1.7883585664171597
1.8184473068933198
1.8484917139116823
1.878496054846694
1.9084444412997064
1.9324119625805771
1.9623345497619862
1.992297188401181
2.0222566015709007
2.052252432314648
2.0822377853920773
2.1121970716766465
2.142192410562871
2.166195743724639
2.196159076456073
2.223670511267483
2.2509653971578776
2.278539092746929
2.3082898237866303
2.336918482660128
2.3645884923117517
2.3866390915913684
2.4134330911740327
2.4394728667999113
2.466258914580054
2.4958072690742434
2.525442951532694
2.5550249789332073
2.5844907542172124
2.6112774018320253
2.6277354497077274
2.6458855320850683
2.66779208661475
2.6898872320442355
2.7157964796085747
2.7428275081137183
2.766005261310775
2.790789570830017
2.819681039901604
2.8495365820848946
2.87355002982043
2.9035123785334096
2.9334882409231
2.9623545676492187
2.9879303849216363
3.0154227326201606
3.045274735768392
3.0752396453000586
3.0988588215442396
3.125922998984194
3.154809228239935
3.1823518353008704
3.206253165874638
3.227978524773838
3.2507424607107693
3.2733720705754035
3.295558955707455
3.3133302697795273
3.3362116218021107
3.363334074839855
3.391878225807167
3.4219610529216125
3.448399624336893
3.468477968453307
3.490060680694114
3.5111486814666946
3.5382947684679125
3.5656376519255555
3.595503957033917
3.625467821918585
3.6550778036797684
3.6823767894762995
3.709476911637092
3.7370397115550054
3.7670263869264313
3.7968376237669705
3.8205906154537286
3.850382350937968
3.880308418769987
3.9103324223854705
3.940332320136424
3.970318473197299
3.9981624255503223
4.018689219556518
4.046670191493385
4.075560419380272
4.100440312579964
4.124550960359529
4.152593666803431
4.18253675580126
4.212465488714953
4.242389766595697
4.266310046899788
4.2962189321351625
4.326208609747077
4.354759598271636
4.381575972365739
4.408384259945471
4.433454061535731
4.4566985712939315
4.4737333378352595
4.4952892895301
4.517270829563488
4.5410627343352115
4.562864406952809
4.582146008418427
4.601788306440913
4.617264895649345
4.639860893673334
4.663827841709521
4.689008151591784
4.717211747285926
4.747364664424446
4.775115523398203
4.804672145172336
4.828732284733852
4.858694184413797
4.888268768484523
4.917759375422589
4.947477849292829
4.976651600639738
5.006035912102882
5.03595580428622
5.066018546027849
5.096083286664287
5.1201267933215036
5.150127011900909
5.178654157388251
5.205404380398187
5.231175333099462
5.254339504354676
5.284081750751342
5.3131615156705525
5.34311530596831
5.373046899013726
5.402355641251193
5.4323246220317545
5.4622942365126645
5.486266466826892
5.516165155291478
5.546044600055561
5.575907071136881
5.605787315569639
5.635706353580705
5.665592424590582
5.695474112560974
5.7193532457870635
5.749220642260381
5.779156034744382
5.809087801061132
5.83297766205901
5.862880769372684
5.891203410392008
5.915911206512788
5.942354056633175
5.967488554907242
5.9877170605823276
6.008815003877668
6.031675521739926
6.056043649559562
6.080587101789796
6.098036395636515
6.121408618109716
6.14388971753365
6.167458689708354
6.193226911361419
6.221495824292898
6.245179452451075
6.273664694860305
6.300220022942633
6.3298879031584905
6.359941089490146
6.389969409287455
6.419974252334243
6.450023661538267
6.473607919595085
6.501213099698748
6.529805799660849
6.557221810068121
6.584627702009721
6.614567777741428
6.644593074479665
6.6745955199213505
6.698614190634298
6.728546975831993
6.758393248466377
6.788338041735254
6.818273602557699
6.848185164547003
6.878040884617467
6.907885498189087
6.937841785759759
6.9618959128138265
6.992016783545157
7.022099103555552
7.052083304166079
7.082013129305009
7.111940473737624
7.141983290226438
7.171227426079404
7.200283420058209
7.2294049256870805
7.252689599827864
7.28227025409896
7.312074472088153
7.341944539606729
7.371693720953758
7.4014692222587835
7.431225211469749
7.455085912004269
7.485002076794044
7.514891560861151
7.544605899485173
7.574042104765065
7.59774694245178
7.6214002875357005
7.6406001285799015
7.662510424111129
7.685012341740642
7.7089662397251875
7.737719244137457
7.767207049991093
7.789574249055642
7.818640456824782
7.847403200976399
7.876338892928331
7.906143841685285
7.92947963350234
7.956930298969486
7.984481810369348
8.014170183025007
8.044300069309088
8.074411025343851
8.104452207237415
8.13445174983528
8.16417414083242
8.185223541897736
8.213577358898123
8.243099624405474
8.272707661298902
8.302454112079111
8.326338958597587
8.35619922656942
8.385945351022349
8.40964595165266
8.427246773032072
8.44107655377394
8.45006899672532
8.462193448255267
8.47839613001594
8.498441005158012
8.522967421994004
8.547805703339742
8.57256977934569
8.592392659989791
8.617260131731854
8.642025645558466
8.666817774312516
8.691637991731817
8.711427487575353
8.737118113858614
8.764339772771603
8.792768934732802
8.82249395849043
8.852390175467198
8.87624593112913
8.90605105224638
8.935936574435479
8.9659246510168
8.995917899966715
9.02590377248126
9.04960303231266
9.07583779138537
9.103314237552597
9.131265334532857
9.160553155979336
9.184875554691791
9.209877674641831
9.238727857167657
9.2687170700144
9.298697277419421
9.322772922936513
9.352888398255386
9.382907844652289
9.412913811236157
9.441771288259721
9.468043147550365
9.496248601417548
9.525330807674234
9.549452495656455
9.579529045220204
9.608581800207373
9.635990548970266
9.664256413418132
9.693131086069823
9.715210602954809
9.743283795076067
9.772460102862931
9.79920151427002
9.826647206494236
9.853548741237313
9.879834101964784
9.908000028651365
9.931825172813278
9.96187409307559
9.991985415567648
10.022086375429092
10.05217563966024
10.082179290157553
10.11021278958351
10.131231660722918
10.161041257646438
10.190892917184684
10.2151950333872
10.235546874383331
10.258775321342082
10.282529507904448
10.301039330580855
10.323762332584236
10.346010390892754
10.369055722840427
10.396266601286365
10.426047749270287
10.454472414608901
10.480418141091652
10.503661110720673
10.532700719733098
10.561224509862296
10.590430200635303
10.620119986870522
10.650199592850974
10.680257926004732
10.710320110898293
10.740436648296628
10.770515713746782
10.794501047978581
10.82298547621873
10.85223877129984
10.878358094413542
10.90449177550225
10.927714740232975
10.945066329759214
10.961337255470022
10.982729871102118
11.004458610419558
11.031007013677618
11.058615318468522
11.083810207978937
11.108822306809312
11.134557859330977
11.157289380875133
11.186971723774546
11.211202401325247
11.231663538723767
11.254712637678594
11.275572885620866
11.294064281150929
11.312174408426392
11.332674425618878
11.352662656044792
11.374230100306887
11.389843035177638
11.401462385361711
11.412111179869493
11.425617755845725
11.441605661714721
11.463943745585745
11.489534641022045
11.50890359027339
11.528543166286386
11.548031073905035
11.568414871604078
11.590876597372697
11.614946503873698
11.6429279046188
11.671242159289545
11.700838825189722
11.724614940552486
11.75407935386688
11.78380921007466
11.813764753240168
11.843718789571485
11.871611341650798
11.89491750858812
11.924677193894855
11.954038582071105
11.983562828602185
12.010947034802735
12.039022197183778
12.065134694009869
12.0939135418645
12.122276130278967
12.151709353387227
12.173609303866968
12.199832611655392
12.227817986304006
12.257853570246505
12.287918315654395
12.318003611139584
12.34806180570357
12.377869802758717
12.40777673296114
12.437674824644844
12.461523015243595
12.490326974470124
12.518869081626779
12.547620248142039
12.577036121070478
12.606760895920967
12.636459776687607
12.663416846475819
12.689004039898805
12.714494845715846
12.740061839130686
12.765653512994552
12.786060602061069
12.811669674150737
12.837206430240384
12.86271635387726
12.888297154895753
12.913784670822197
12.93181822386921
12.95037107240085
12.971006859477148
12.994238430326432
13.02048774326077
13.049717255010828
13.079203714290099
13.107411773541804
13.137125553715386
13.159802228112293
13.184958417659917
13.207946880914285
13.227187736576973
13.249143149421359
13.272940104487297
13.2975335040664
13.324298724731902
13.350549217555885
13.370617026944311
13.398913181914823
13.42863238207576
13.458393257759425
13.488188637768983
13.5181145340526
13.542088789382259
13.571912150009553
13.601596535724687
13.631132058342713
13.660664555363779
13.69023373080502
13.719863330169234
13.743668600393457
13.773548948135824
13.803562950611445
13.83367535030811
13.863798266047137
13.893896631195725
13.924107622456045
13.954375719087835
13.978564449466903
14.008723735900347
14.0388028250686
14.068838590644088
14.098890706954768
14.12888996584563
14.158944578336087
14.189001245251067
14.219108263783342
14.249050211529784
14.273096677940385
14.300788392783195
14.324776013579335
14.350768653267794
14.378414591602633
14.403726489382056
14.426959423619534
14.449582487202031
14.467036885735043
14.491277491529337
14.518784918295317
14.546897176399662
14.575211713185396
14.605198896285582
14.635231449098189
14.665154116608042
14.689189334398963
14.719333890757255
14.749411592626151
14.779359137309156
14.809232810219964
14.839224768675784
14.869144248232443
14.898952907558778
14.920449451542805
14.949811437363051
14.97180290562894
15.000228820899194
15.030110781588963
15.05985616443608
15.08503054325738
15.108451109748309
15.136491507887445
15.15823648579085
15.179796392366068
15.200172514419464
15.22078436553905
15.24213383612799
15.267548799927464
15.288992798029165
15.31674740322098
15.344042468550084
15.372227296568987
15.40206575759068
15.432030431582307
15.461984228876434
15.492004040331476
15.522140162130343
15.552269750031622
15.57631695662909
15.606324781153457
15.6363489938419
15.66636720052289
15.696459043143237
15.72659423806991
15.756734673329591
15.786953799799461
15.817233021574465
15.847429054366472
15.877508278794478
15.900241811781958
15.927692863956386
15.95174763048058
15.978042288374265
16.003889218533065
16.024880002171397
16.037417306560975
16.05283462764039
16.070591526752448
16.092239182061977
16.110902197963423
16.131680959521972
16.153709570981487
16.174265764170663
16.195437738168717
16.221035558202743
16.24286666372117
16.27235147426297
16.301348586250896
16.32667521854124
16.351539431702744
16.3793242800579
16.40768576644747
16.433100192666064
16.45777464466381
16.47556526100866
16.495262236601604
16.513758073063713
16.527515342163046
16.543910095380298
16.566748377927254
16.588277669201073
16.6066394897772
16.628530206737526
16.655265024163505
16.678723522639693
16.706273800575335
16.732348878902844
16.76002705308107
16.789775041459468
16.819460086083847
16.843401508744797
16.873387408495184
16.903428645418085
16.933399597262934
16.96341178311895
16.993455527582597
17.023500677869222
17.053511676529848
17.083487264157544
17.113453363108505
17.137456749914637
17.167461882833692
17.197458055504043
17.227459902196454
17.257010774286872
17.279113992292686
17.30471996715505
17.332576442682274
17.36244568371621
17.392501902595097
17.422384464105765
17.445698692659196
17.47378984082248
17.49759960233639
17.520753277114064
17.546288659349365
17.567336062890163
17.59538374120145
17.623100860863964
17.648197117855883
17.673473642439095
17.70152697890681
17.731376905626945
17.76139451697185
17.791413310161147
17.821390575378842
17.84534362866139
17.875333667969358
17.905281693202667
17.935241377002598
17.96406506120744
17.989993017941647
18.009893938000214
18.034163257921485
18.05980997425286
18.086749084716747
18.11372791518857
18.143787084170683
18.173828574767604
18.197820370190755
18.227889116931802
18.257907743519425
18.287890598212773
18.317843229703428
18.347836270792154
18.377838907485273
18.401837038793623
18.431823109778637
18.461799465787337
18.491752614688203
18.521724777797875
18.551737835884015
18.581682124149175
18.605632727287922
18.635615031063303
18.6655518579832
18.69549084814011
18.725479259914934
18.755423516055462
18.78535818656712
18.81526308034352
18.844985128721788
18.868790565872228
18.898038075792886
18.92729153865389
18.954878209041723
18.984100912603957
19.010272239445914
19.03308714542124
19.056027543689083
19.07869656113121
19.10494750682341
19.128665777273564
19.157077339765078
19.185846265115277
19.21517364994382
19.244908447771124
19.274621970407004
19.298696290583717
19.328771242839498
19.358789609416313
19.388726881843127
19.418755693862646
19.447646000297883
19.476193837541413
19.506081484602138
19.533480618901233
19.556444039084628
19.57566247766928
19.594763513211124
19.611095075312683
19.637865771863495
19.666366540938508
19.69275893629867
19.715425885741446
19.7406081810018
19.765984457409136
19.78409404639014
19.806066678936602
19.830057127902577
19.85557167129537
19.885179088537623
19.914450298561924
19.940852857106794
19.96438642565854
19.99001480182006
20.018660193317253
20.048542220120787
20.072383550868718
20.102131119954667
20.13165875376997
20.161195866541785
20.191207491298414
20.220677312835587
20.24718680117852
20.26801447572047
20.293316666068822
20.31419446933717
20.333752602023324
20.35033683295356
20.372529849613088
20.400733530307306
20.423197804716743
20.45283717207585
20.48279263490894
20.512215355001135
20.538344059561975
20.55986607134289
20.576819291499344
20.603408508049803
20.629568106118406
20.656054504000565
20.68246155965739
20.712049157339536
20.741899700448943
20.76577022483982
20.79457795243428
20.82320439577786
20.852280824224103
20.878804293809345
20.899520167831774
20.926452123032536
20.95540248560393
20.985369948274133
21.01533727240833
21.03933801495792
21.06937941955186
21.099450561958243
21.129534639924696
21.15961591097988
21.189747989254823
21.21357455178123
21.241568077698542
21.265818227429104
21.291197566446407
21.31461756879311
21.33363663674926
21.358061512471703
21.385199285271995
21.410405695776177
21.435989606904325
21.462476408519258
21.49058085408882
21.51382928247672
21.543062234575974
21.570292144346084
21.596775448997512
21.621548605495477
21.646451009134577
21.67073753314812
21.69127615437087
21.71932768235193
21.74931016298374
21.779352137886338
