-8.483161390495006,3.324173439902864
-8.500889551685537,3.3273134066096217
-8.530430879321584,3.3327021699718156
-8.555934532087088,3.338090563272671
-8.57153145948982,3.341941399029266
-8.577068722971651,3.3434878925135876
-8.57862003243701,3.3439566125378652
-8.578618997878593,3.3439568574380285
-8.579001088687091,3.3440749347417853
-8.58519342424124,3.3460076446770963
-8.596171759920551,3.3497705608765322
-8.611404778121004,3.3560854828196507
-8.630175875767788,3.366143904944987
-8.646911302232361,3.3778704750310187
-8.66765322412214,3.3975254750781105
-8.680443353941662,3.414808373347753
-8.689741608006129,3.434186205515022
-8.694595045969034,3.4518228281300134
-8.695875798817152,3.4654335530594698
-8.695106506524377,3.475754499513762
-8.692628190716073,3.4855875280830793
-8.686606293505454,3.498988162186066
-8.673512137638486,3.518107527218791
-8.65244550264214,3.5395750184324624
-8.627655746957583,3.557008894365658
-8.605785446947872,3.5674980750045377
-8.576685017989258,3.5759340811901277
-8.546611116178674,3.5792775967461177
-8.516459864079412,3.5789610581846216
-8.48645383494321,3.5767741479570043
-8.45659083407572,3.5734443474735977
-8.426814116816045,3.569625758418945
-8.397079672398487,3.56552292222398
-8.367382798026457,3.5611474449535705
-8.337726806942236,3.5565317065374376
-8.308104875477074,3.5517417750184976
-8.278494243007417,3.5469344086668126
-8.248881433286634,3.5421109759029217
-8.219277775804803,3.537223338517027
-8.189686753964205,3.5322649023405868
-8.160106373461959,3.5272519460766976
-8.136448272401427,3.523212041176896
-8.106886027698266,3.518126106226056
-8.077343254037528,3.5130203056137
-8.04784633074412,3.5079200284301275
-8.01848359971195,3.50291853501955
-7.989380870244659,3.498133377206528
-7.960632951842113,3.4936418932674136
-7.932164923879329,3.4894461436421156
-7.903936841853963,3.4855174043912394
-7.875903704358733,3.4818354782231484
-7.847925731295129,3.4784166332099766
-7.819921040970392,3.475362529095116
-7.79156772736584,3.4727838774184225
-7.762766321311928,3.4707407664088827
-7.739569907068509,3.4695426212122635
-7.710507107291189,3.468509290678453
-7.681353078546157,3.467869319913115
-7.652065572694879,3.467514768973077
-7.622587910530462,3.4673593210856937
-7.592929909674519,3.4673721620457623
-7.5631319502615035,3.4675301071818474
-7.533248968814189,3.4678042427401343
-7.503314709216902,3.4681712430546217
-7.4733520024837485,3.468598711533925
-7.443376966106409,3.469107714909417
-7.413396209175842,3.4696883260896842
-7.3834115526528965,3.470323111812192
-7.353425630994887,3.4710055467518863
-7.323437882245382,3.471713719365606
-7.293450780376491,3.4724440804319525
-7.2634625987113495,3.4731940635737817
-7.239470670138099,3.4737892561505492
-7.209479421370728,3.4745124313502815
-7.179487174410155,3.4752113937062705
-7.149492016230012,3.4758645031159663
-7.119495309624392,3.4764604327773116
-7.089496851214784,3.47699259453935
-7.059498236357019,3.477467148652257
-7.029498266196886,3.4778865216878674
-6.9994989821189435,3.4782600654508204
-6.9695005763868645,3.4786124233050115
-6.939503263981087,3.4789612317953735
-6.909506818699107,3.479326088113538
-6.879510610495637,3.4797114078780593
-6.855512813226508,3.4800249805723205
-6.819514500669108,3.48048572781741
-6.7955153703200315,3.4807767586643563
-6.765517326263447,3.481130059180613
-6.735521895806823,3.4814935961672804
-6.70553023403674,3.481913949124475
-6.675543158961847,3.482439892749537
-6.645557348167439,3.4830984282251944
-6.6156088263819735,3.484051684190833
-6.585677010888187,3.4855599570900417
-6.555764983749627,3.487496773184812
-6.52587549665233,3.4898030976284065
-6.496007747068793,3.4924153953149917
-6.466167151093302,3.495310955477195
-6.436366071145182,3.4985369218156115
-6.4066222701248385,3.5022044271126767
-6.376942814364649,3.5063553000778804
-6.3473394966481615,3.5110098339286977
-6.31781407075951,3.516151244636585
-6.288368444356412,3.5217420010830898
-6.259009423083333,3.5277670029052257
-6.229753565478374,3.534256427604553
-6.20061555189043,3.5412540482014307
-6.177392094988357,3.547208788028923
-6.148465056246192,3.555052849972046
-6.11965157910404,3.563305409114765
-6.090963086009398,3.571984049397597
-6.062393654169627,3.5810539251556026
-6.033941215356131,3.590489128749416
-6.0056036670084705,3.60026884021387
-5.977367284960866,3.610352176194803
-5.949179832920916,3.6206058496588347
-5.921002784507708,3.6309006893392892
-5.892826896282508,3.6411994814370217
-5.86466000184304,3.6515192090658894
-5.836509979022357,3.661880393541096
-5.814004025720158,3.6702064093308864
-5.785889728109265,3.6806628106559574
-5.757797284969998,3.6911784998945083
-5.7297182036823555,3.701734808033415
-5.70164438668543,3.7123091320139867
-5.673567787706021,3.722880207381
-5.645481338965009,3.733427110476946
-5.617391629492188,3.743961817539009
-5.589291873252656,3.7544744742665506
-5.561186802913504,3.764968701955538
-5.533079633198211,3.7754564277535043
-5.50496644081465,3.7859309119255355
-5.476846992668175,3.796389054332708
-5.448715208023218,3.806817143064713
-5.420564747358486,3.817198295258971
-5.392393200046196,3.8275217174642933
-5.369846214486097,3.835748410825628
-5.341671830096294,3.8460437411546056
-5.313521894025918,3.8564010949615892
-5.285397959579223,3.866829631044982
-5.2573141944809825,3.8773516985705583
-5.229311026998703,3.88806640896065
-5.201412674079723,3.899045667837585
-5.173631173553177,3.9103111701709237
-5.145980767555722,3.9218925033565935
-5.118469406289714,3.9337980776012644
-5.091095171627217,3.946019115063586
-5.063872993746106,3.9585685606384686
-5.0368086819145805,3.9714566078950635
-5.009903156161349,3.9846727805588227
-4.983145148845479,3.9981956799365297
-4.9618195376447085,4.009180255133724
-4.935250706899462,4.02308516936665
-4.908763605138799,4.037143112426915
-4.8824097644551285,4.051435507051636
-4.856195567017818,4.065986575209156
-4.830059197735429,4.080704492625987
-4.803923610790487,4.095437987938905
-4.7777042017831475,4.110053983089304
-4.751309066124458,4.124353121253946
-4.724824987003908,4.138463302136784
-4.698307326999158,4.152498830877876
-4.671762265632932,4.166481667361187
-4.6452120216926325,4.180447258094847
-4.618665040175902,4.194418170305403
-4.592114631604061,4.2083872748615905
-4.565546830629202,4.22232646246041
-4.538955257256842,4.236220143502756
-4.512355491190969,4.250090134444888
-4.4857716903993134,4.263991037799879
-4.459199454104909,4.277914141268423
-4.437896756417238,4.288990761221986
-4.4112014924055085,4.3027235052229775
-4.384227399866589,4.3159482446664565
-4.356841923414619,4.328364937423511
-4.328856245986985,4.339459081058716
-4.30027968316946,4.348914591068224
-4.27128861201942,4.356926620426732
-4.242065014399027,4.3639419300741835
-4.212654517723967,4.370086171347702
-4.183188558872294,4.375808846944912
-4.153672579063975,4.381265121552408
-4.12411283026683,4.3864714281537145
-4.09453804381869,4.391529154213568
-4.064963065370881,4.396550068989174
-4.035403187773034,4.401638313146713
-4.005859895638003,4.40681745252414
-3.9822330791086102,4.411014068757672
-3.9527027799031633,4.41629318805132
-3.9231903132851014,4.421631485032626
-3.893720142740098,4.427158770511184
-3.864295602817901,4.4329309416103335
-3.8349146263433815,4.438917781749688
-3.8056148701472536,4.445225001555423
-3.776442984534987,4.45205414851001
-3.747454664912682,4.459563639437805
-3.7187461654268383,4.4680271139093595
-3.690231796337651,4.477200376448029
-3.662130713892894,4.487470466059492
-3.634415638121234,4.498783409040883
-3.6071562294245583,4.5111494704104
-3.5801607957436,4.524149767500043
-3.5533601302768156,4.537577391013486
-3.526797232928003,4.551425247880423
-3.5006094126179446,4.565949889319702
-3.474772740114251,4.581123525300738
-3.449321086535179,4.596911557561759
-3.4242697275837335,4.613329625939211
-3.3994170685978373,4.630108376166941
-3.3747394617305564,4.647135567579368
-3.350170831033005,4.664338279488223
-3.330580128606508,4.678180299721393
-3.306239219670187,4.695685431040623
-3.28206572947138,4.713415786483057
-3.2581786505159656,4.731513379934204
-3.234480357040041,4.749885791321368
-3.2109636394149983,4.76847909042006
-3.1875539451254973,4.787233328045903
-3.1641738115298024,4.806023138034562
-3.1408122728909666,4.824812061803425
-3.1176665030279094,4.843858531325027
-3.0947056986377315,4.863105518237355
-3.071903837188765,4.882560872903221
-3.049329181194005,4.902266206718403
-3.0269111287276327,4.92215856836606
-3.004647551535842,4.942204323016997
-2.9825366086908462,4.962442184061475
-2.9607242794620845,4.982985340639095
-2.9393751745671826,5.003975453293997
-2.918892383211302,5.025761972453978
-2.9031902977065696,5.043855431750381
-2.883736362544373,5.066691616566679
-2.8642930931926047,5.089533946491662
-2.8448494171094576,5.112386060616977
-2.8253375646630365,5.135180842654231
-2.805782980210995,5.157933180989344
-2.7862708451688936,5.180712611306116
-2.766869837607826,5.203577913708009
-2.7476986586451546,5.226619505490475
-2.7326085548076975,5.2452557510782665
-2.714055740390069,5.2687939807319415
-2.6957414300820934,5.292541466637885
-2.677512317950601,5.316362239248273
-2.6593481565474413,5.34022825879289
-2.6413217709284447,5.364197411430672
-2.623381907778741,5.388231802462268
-2.605560692821029,5.412351471047222
-2.5879271941252915,5.436597315231987
-2.570669117106385,5.461081103157398
-2.554233611449477,5.486091075186396
-2.5390369729410995,5.5118412160776735
-2.5248166065627666,5.538184648198312
-2.511695632791183,5.565058389365355
-2.499691739187198,5.592480116498016
-2.4885179762806664,5.620265698920388
-2.478048182777039,5.648328751664128
-2.4681195651220453,5.676611983283988
-2.4584367490361183,5.704991158063483
-2.4508407848607185,5.7277430040983495
-2.441639633287745,5.756272190029082
-2.4326758428237567,5.784896388407008
-2.4236903695433774,5.813528457098664
-2.414500430945533,5.842098222771073
-2.4051924168058414,5.870622821009125
-2.3958014732811543,5.899124341151919
-2.3861216981031723,5.927550197414227
-2.3759631080242465,5.955810913203633
-2.36537661810401,5.983907928055729
-2.354297661434241,6.011836555286698
-2.342340170907994,6.039419905853362
-2.3293166061534367,6.066531147987724
-2.3152802029646344,6.093120428394214
-2.300192337065,6.119137051371744
-2.284065254055346,6.144518645217102
-2.266996379362671,6.169275916691488
-2.2489665148928295,6.1933349762251835
-2.2300703380401505,6.21673028591311
-2.2142968715165807,6.234896028983528
-2.1938044712289644,6.256903434209529
-2.1724930416846076,6.278113197826064
-2.1504466586666555,6.298553821693506
-2.12771767526947,6.318227942776282
-2.1043421974713836,6.33713307084865
-2.0803187994540346,6.355209749872651
-2.0556811895112284,6.372439220120855
-2.030456041228262,6.388795169173172
-2.0046902137989657,6.404282708489493
-1.9784214818960348,6.41889741991218
-1.9517189449388257,6.4326866190279945
-1.9246806478277587,6.445780751156412
-1.8973953703166186,6.458332300440876
-1.8698731483287117,6.470362268408058
-1.8421070607343992,6.48182285335788
-1.8141047944426683,6.492705484802232
-1.7858480047976264,6.502914180350243
-1.7573547953481852,6.5124446832426655
-1.7344012095744759,6.519571658603269
-1.7055453428105034,6.5279154646710955
-1.676570469071763,6.535778649486307
-1.6475285572505767,6.543355096108381
-1.6184448308023702,6.55075007108922
-1.5893758422636577,6.558126732020112
-1.5603514736776756,6.565680169535007
-1.5313475884767116,6.57332750044288
-1.5023720483700023,6.581069066479297
-1.473389317360423,6.588841656439383
-1.4443692097146126,6.596483730029141
-1.4153176306888413,6.603988453829223
-1.3862744259250117,6.611491597996772
-1.3630377392235462,6.617508920954139
-1.3339432181196587,6.624890846710548
-1.304759773676969,6.631941430009456
-1.2755000026936953,6.638657446106111
-1.2461734398511441,6.645063343457815
-1.216796144329951,6.651210561035095
-1.1873983287813905,6.657218563810659
-1.157980434822705,6.663132125893957
-1.1285431753044295,6.668946421689234
-1.0990955094031134,6.6746843614821945
-1.0696853581560186,6.680528805898467
-1.0402459655880485,6.6863660844477
-1.0167536527337702,6.69113453186348
-0.9874983308734258,6.697596661983657
-0.9584123846349448,6.704744535986333
-0.9294735037025793,6.7125459862992125
-0.9005826039227142,6.720594540345854
-0.871714194967036,6.728738676339391
-0.8428622931709425,6.7369428217315495
-0.8140378559586102,6.745234154716057
-0.7852402173721199,6.753620348011028
-0.7564573764730765,6.76207348692105
-0.7276632600606258,6.770507959126861
-0.6988475435608269,6.778870249958804
-0.6699936924947552,6.787120429769094
-0.641100500181597,6.795224194134442
-0.6121685045876515,6.803195957047487
-0.58318453860796,6.810986648746956
-0.5599545996797396,6.817064337316195
-0.5308709860373627,6.824466927450024
-0.5017551101581661,6.831725038943753
-0.4726190144191977,6.838892911117482
-0.4434605948514387,6.845971153371985
-0.4142861817026414,6.852979886991943
-0.3850841822334966,6.859884743198463
-0.35585653173165493,6.866677604669141
-0.3266064465061698,6.87336646645665
-0.29734963284005267,6.88000253706144
-0.268125337314857,6.886726527867365
-0.23897065325170633,6.893707500629768
-0.2099493450332418,6.901137059210689
-0.18107909044554177,6.909182917597746
-0.15232442607544192,6.917631295452784
-0.12945895409211133,6.924797889402485
-0.09541995224616935,6.936353152665658
-0.0728846862844597,6.944534529133511
-0.044847742092991874,6.955133241337455
-0.016927684577675177,6.96606341655101
0.010990620074477002,6.977062791852388
0.03892442607741631,6.988006460783034
0.06686485236020917,6.998933617169372
0.09482874589554201,7.0098156960490625
0.12284556943242275,7.020565950981654
0.15087979350046116,7.031229006698275
0.17885887045770307,7.042038277935473
0.20672947107904108,7.053065992865017
0.23449181683410372,7.064403161580267
0.2621884481242837,7.075898439549764
0.28425800184623906,7.085282290460205
0.3117004139778364,7.0973352194309625
0.3389045780840488,7.109871835502035
0.36587846551509556,7.122955761290274
0.39273581754347886,7.1362856216482555
0.41951525677224216,7.149785122378654
0.4461877394206621,7.16348107344666
0.47270055576235204,7.177467338059593
0.4990709723927456,7.191728964441289
0.5251689325978611,7.206415521449455
0.5506421874521925,7.222095725666355
0.5754942705668645,7.238796915668317
0.5998977469668445,7.256160202409448
0.6238907088076789,7.27409952718459
0.6475075413340867,7.292536572612991
0.6711172915301515,7.311105766956957
0.6949949181245901,7.329286982851165
0.7142140019169201,7.343692672331054
0.7384812886865126,7.361374181287231
0.7629710311576303,7.378748280004203
0.7877269508105345,7.395745242345228
0.8127027446135315,7.412403832184771
0.8378776940636934,7.4287658478859155
0.8632954737236107,7.444756010815513
0.8889359138361694,7.460377597624286
0.9147959421314277,7.475638256442563
0.9408596736911496,7.490542676855695
0.9671003262587913,7.50512395877906
0.9934590579483537,7.51947463415451
1.0198429333120247,7.533744551046515
1.046090441457515,7.548226178825034
1.0720558400374305,7.5631181637808265
1.0921234513526772,7.5760487056857535
1.1157136080307593,7.594290933795298
1.1379888099391533,7.614212369588164
1.1593944517519925,7.63516482682057
1.1807276532685982,7.656271214239155
1.2022212790386864,7.677230828136906
1.2240065825441182,7.697895022545102
1.2461279686235156,7.7182129185790975
1.2686734784691838,7.738058779664592
1.2915477295371003,7.757518098284617
1.3148080534481432,7.776533795370844
1.3385348045086929,7.794966634953322
1.3626940056336483,7.812822183743946
1.3872255277647025,7.8301586907434615
1.4121352555600408,7.846952794364291
1.4373930888518356,7.863206528205716
1.4630489329251384,7.878857987970693
1.4838539225865344,7.890892310764154
1.5101541795896132,7.905412483026656
1.5367977897399543,7.9192990798262874
1.5637810487441868,7.932517446918638
1.5910570232867265,7.945094955296186
1.6185406194480987,7.957196846461649
1.6461617505525785,7.968945637375666
1.6738775772181884,7.980481889477807
1.7017907268811134,7.991563687879733
1.7299112714760534,8.00213221893392
1.75826568568116,8.012058131906267
1.7868214837274086,8.021380760746208
1.8156136201242434,8.030002845157064
1.8446804157828396,8.037667059012337
1.8739748774995488,8.044403005338342
1.903470615938731,8.050192042347422
1.9331216679010985,8.05508870255696
1.9629049259355613,8.0591326387757
1.9927997638324768,8.062228363933821
2.0227635764627174,8.064498625824674
2.0527590818765566,8.066047638939606
2.082772236473255,8.06709265031221
2.1067927950618044,8.067565393102692
2.1368218013606723,8.067695855568942
2.166854783315642,8.0673312740478
2.1968749771947245,8.06638448312017
2.2268836826096052,8.064735570878195
2.2568275162890994,8.06219622531955
2.286686000861962,8.0588542136495
2.3164630960278094,8.054774603792882
2.346094376735304,8.04975300280162
2.3755688191557067,8.043903515257917
2.4048872934519188,8.037369165805561
2.434060766724968,8.030191430537826
2.4630680193044263,8.022404785374102
2.4919327976991936,8.014115724397616
2.5206424585044003,8.00526545268724
2.5491380198127005,7.9957642686333275
2.577424919640135,7.985630010441526
2.6054176042250448,7.974671065275265
2.6330323830558306,7.962800714492795
2.660275249751662,7.950119308034372
2.68718480942971,7.936753725589529
2.7137301580285027,7.922654035522339
2.7398125696169764,7.907718839719897
2.7653623989073357,7.891869379989225
2.7903961103946293,7.875223448895784
2.8148164573929937,7.857692044809177
2.838688766999234,7.839445570931124
2.857497956717635,7.824497282649499
2.8854334187837964,7.801774283601509
2.9087106512603134,7.782858879223561
2.927402941079803,7.767808389948533
2.9507003704123087,7.74893604682848
2.9745403468543286,7.730858766200938
2.9989053602479094,7.713361270525466
3.0232404324537274,7.695838889002003
3.047683404376091,7.678453653584607
3.072157167291454,7.6611065972849755
3.0967320981854285,7.643928446789417
3.121408495870397,7.62688438553214
3.1462113725146073,7.610074766118006
3.1715093934278946,7.59405528808485
3.1970084245909773,7.5782170221422325
3.222315496225157,7.562063380416468
3.2474546743965274,7.5456856300346935
3.272710511204642,7.529562528096977
3.2983180079195447,7.514047915085232
3.3244682002021566,7.499501950759697
3.351163408053115,7.485975968899537
3.378340546377836,7.473413635977742
3.40586302044798,7.461587502046806
3.4336127922217767,7.450260933347764
3.4615181645719963,7.439314584549457
3.483938413327557,7.430788265393706
3.5176473931541254,7.418176671757037
3.5457832639581714,7.407789524961099
3.5683281924103643,7.399587650726101
3.5965677860863408,7.389500642892081
