-8.670047280453211,-8.56209874410172
-8.681842141406705,-8.589714203401476
-8.693956707163796,-8.617185766702555
-8.696262774890336,-8.622296238257494
-8.698420342162645,-8.627035781336327
-8.702283945538156,-8.635401092403205
-8.709171411636175,-8.649880768568059
-8.711665080595225,-8.65492303454903
-8.712012360807657,-8.655607387758186
-8.712011603273822,-8.655606514764834
-8.712012504357393,-8.655607271650139
-8.712012282583228,-8.655607794869407
-8.71343109155602,-8.65835743498683
-8.71755127612977,-8.665879314402241
-8.722479887556016,-8.673875967996379
-8.730272133029098,-8.683994676022756
-8.74161743416537,-8.694852309297975
-8.74829628952291,-8.699328034221637
-8.753368266271021,-8.701415030541055
-8.758453032666841,-8.702515728987366
-8.76565143659757,-8.702557992644717
-8.773604684222342,-8.70113035562002
-8.782127169467932,-8.697940244993168
-8.791857735643584,-8.691937910596058
-8.804453565326407,-8.680435351020215
-8.820502544913422,-8.65931768787089
-8.832050439441431,-8.638256565846737
-8.843155989050377,-8.610142007885095
-8.850871807906278,-8.58097281709126
-8.855956357566955,-8.55126887247867
-8.859208274410237,-8.521348056906689
-8.861082407064409,-8.49133833333428
-8.861987469867174,-8.461298670716891
-8.862041664239015,-8.43124648100757
-8.86128988846465,-8.401211837475548
-8.859957538388912,-8.371214554151251
-8.858258519123726,-8.341243161843785
-8.856308371194913,-8.311293726385445
-8.854204052275675,-8.281360198686029
-8.85199531572415,-8.25143631279382
-8.849697739750322,-8.221517884411805
-8.84730414170796,-8.191609178606738
-8.844860269438396,-8.161705847367472
-8.842877544695614,-8.137787874794292
-8.840443452888042,-8.107891304587438
-8.838069992162955,-8.077987081743906
-8.835720334384131,-8.048081300868864
-8.83339162352196,-8.018172378272087
-8.831067098591664,-7.988263579091083
-8.828762617628142,-7.958353131583745
-8.826485080423948,-7.928442560199734
-8.824250674027915,-7.89852848271732
-8.822046199531021,-7.86861016370672
-8.819820827194674,-7.838689407696855
-8.817539591963989,-7.808773817708053
-8.815227328319466,-7.778860876462028
-8.812869359842448,-7.74894996515326
-8.810447760065028,-7.719043927328992
-8.807953979830872,-7.689142825492346
-8.805909097434853,-7.665226962506487
-8.80329141373687,-7.635336102581961
-8.800566048138057,-7.605453056063011
-8.797733892171204,-7.575580670992864
-8.79481219196974,-7.54571820304487
-8.79181993395517,-7.515864558953734
-8.788772043624085,-7.486013398975507
-8.785530624167167,-7.456173204963987
-8.78202739370307,-7.4263614495277
-8.778240744196268,-7.396582668623433
-8.774164346731354,-7.366842865831861
-8.769814439324533,-7.337142859894327
-8.765179511006728,-7.307484145658704
-8.760256098159566,-7.2778728812892535
-8.755072856175097,-7.248308714368828
-8.749654270689723,-7.218786468174491
-8.743968557342512,-7.189311862286035
-8.738003983120516,-7.159893033223721
-8.731762023841535,-7.130530773906492
-8.725210698515955,-7.101233149602339
-8.718331926895553,-7.072011590685067
-8.711145521970995,-7.042866240036551
-8.703693831722864,-7.013789928706735
-8.697563182477792,-6.990573971193268
-8.689693097771004,-6.961609782233327
-8.681612622133704,-6.932704876809593
-8.673331111008462,-6.903857071176505
-8.664857145738862,-6.875066958179793
-8.656199514115121,-6.8463302751262605
-8.647359267417677,-6.817650609608402
-8.638353403864308,-6.789023344084731
-8.629188935736893,-6.760447076873706
-8.61985507991106,-6.731923093496639
-8.610337841901348,-6.7034609415709445
-8.600659595385261,-6.675054315124929
-8.590846658722356,-6.646697007053092
-8.580933648384033,-6.6183764549442525
-8.57095361030197,-6.590082456860367
-8.560940457451379,-6.5618023158552505
-8.550912044076238,-6.533529125384339
-8.54088781308979,-6.505255617253691
-8.530858592123277,-6.476983316321976
-8.520827808212635,-6.448713774659268
-8.510803919309128,-6.420439694121066
-8.500773766202482,-6.392168846845421
-8.490778579414325,-6.363890003495352
-8.482839613408006,-6.341246334923726
-8.472958306695041,-6.31292545960748
-8.463113005712737,-6.284589139695536
-8.453263643404805,-6.256252259033602
-8.443372302601757,-6.227925894252916
-8.433341067644879,-6.199641593195536
-8.42314140154278,-6.171417582912964
-8.412788852726589,-6.143251387083081
-8.402308555342566,-6.11513350563416
-8.391706000298225,-6.087062236812129
-8.380994637857858,-6.0590319324549196
-8.370165350387746,-6.031046916118696
-8.359207092741556,-6.0031104356242615
-8.348125948493113,-5.975224106119123
-8.336943331285202,-5.947379952947162
-8.325675312668182,-5.919571139092704
-8.314334427306315,-5.891792526368033
-8.302938551158235,-5.864038147119019
-8.29151207991114,-5.836298514728424
-8.280092324222103,-5.808559578520214
-8.26872678821366,-5.78080164834481
-8.259695562676379,-5.758571321171464
-8.24851282621352,-5.730743529935817
-8.237482046289776,-5.702857162288428
-8.226622051519636,-5.674904781068604
-8.215936967159426,-5.646883148256211
-8.205379397981536,-5.618810703049384
-8.19492532137473,-5.590698227516705
-8.184588994500208,-5.562544469076207
-8.174382020455184,-5.534342839163636
-8.164278804022581,-5.506101631783308
-8.154267764291772,-5.477829050787237
-8.144383806580835,-5.449514790091674
-8.134687506107209,-5.421139807582865
-8.125226591890057,-5.392689326006109
-8.117861355431577,-5.3698642088886865
-8.108942443302867,-5.341243013230706
-8.100315722353617,-5.312527901045175
-8.091929071032478,-5.283739716227637
-8.083762612390855,-5.254887166681283
-8.07579835323729,-5.225976996250796
-8.06804160502686,-5.197011304668453
-8.060475128074062,-5.167993308053046
-8.053080749426858,-5.1389304801930455
-8.04586409695772,-5.1098221599699265
-8.038774616834429,-5.080677761982822
-8.031743394370135,-5.051515771390153
-8.024719624356836,-5.022347679547676
-8.017641629036854,-4.993189788251016
-8.0104540882327,-4.964053589579742
-8.00308624676598,-4.934958901049943
-7.995512353928172,-4.905916492678502
-7.987706531618271,-4.876933370539922
-7.981283314243386,-4.853795520909045
-7.97300002654198,-4.824940515435661
-7.964416602336783,-4.7961750633724
-7.955546687233952,-4.767497190339465
-7.946387278721693,-4.738909221470154
-7.936938736608752,-4.710417573711658
-7.927271556761115,-4.682006076870322
-7.917468170344605,-4.653644713139296
-7.90755433609722,-4.62532283163578
-7.897540046423476,-4.59703651265687
-7.8874336728134224,-4.568784061758475
-7.87722868383677,-4.540564660324094
-7.866899298953177,-4.512390808371744
-7.856442658544329,-4.484262264131753
-7.8458407968610135,-4.456186986161351
-7.835071581112713,-4.428174345423863
-7.8241311986620055,-4.400227111242635
-7.815228207372187,-4.377923607577872
-7.803796199903571,-4.3501431518906175
-7.7912720393551265,-4.322817392441345
-7.778604131165299,-4.295638843243884
-7.765994846849893,-4.26841351202605
-7.7532974313337375,-4.241224064013797
-7.740476898091473,-4.214092289488115
-7.727538566777524,-4.187016676133062
-7.714488084274958,-4.159995261600968
-7.701280517444339,-4.1330395746745365
-7.687637848345632,-4.106272923134408
-7.673369532623713,-4.079840023507898
-7.658667248305779,-4.053661461661358
-7.643666640080487,-4.027660843364181
-7.628459845362539,-4.001784749381103
-7.613086026666868,-3.976009929164518
-7.597535657181388,-3.9503375858019365
-7.581772718483281,-3.924795070881576
-7.56582978326789,-3.899366767792938
-7.549712807860302,-3.874048503112315
-7.533404247440007,-3.848849101235933
-7.516837794646182,-3.823811918866163
-7.499945772831065,-3.7989885008088056
-7.4827301964833834,-3.774392863347231
-7.465254032213678,-3.7499860555501296
-7.447575610682395,-3.725730314519949
-7.433307533640965,-3.706420698644871
-7.41532248227053,-3.6823894897115
-7.397107171421113,-3.658527014198805
-7.378596405481221,-3.6348875461885473
-7.359753862652143,-3.611507982096425
-7.340573296201054,-3.588406222708653
-7.321114309519854,-3.5655492308400056
-7.301487710766307,-3.542844092141926
-7.281719773139548,-3.5202670399380196
-7.2618427663618705,-3.497780414000057
-7.241857253229983,-3.4753988765865658
-7.221817062576434,-3.453070450941077
-7.2018275214035175,-3.4307133767230384
-7.182010012924198,-3.408215468696
-7.16239850093985,-3.385529801752721
-7.142813704238554,-3.362801749247307
-7.123153296459603,-3.340124406807162
-7.103313162945284,-3.317603601535692
-7.083377331454496,-3.29518462242004
-7.063535573943924,-3.2727030730705753
-7.04783690736056,-3.2545750191182927
-7.028489079046943,-3.231683654533116
-7.009486051593036,-3.2085033259296574
-6.9907950687476,-3.1850745622390315
-6.972536607668223,-3.161321202927535
-6.954811700604835,-3.137172978913187
-6.937684466389189,-3.1125996410561148
-6.921173706386144,-3.0876155383939676
-6.905526733344574,-3.0621073936167154
-6.890909512583965,-3.0359951097255164
-6.877281869914024,-3.0093350281567197
-6.8646430562215555,-2.982242885713223
-6.8532557930586595,-2.954565379266739
-6.842890353054344,-2.926484769910542
-6.833355307288096,-2.8980919184108775
-6.826274975228944,-2.8752033237913204
-6.818158662651502,-2.8463850993868856
-6.810970427621222,-2.817317742713448
-6.804608149111365,-2.7880536048776077
-6.798995303336901,-2.7586320295427993
-6.794114014003433,-2.7290778901244277
-6.7898828083615586,-2.6994145558731355
-6.786104239147366,-2.669682320963471
-6.7823935430603655,-2.639877752936614
-6.77785177462916,-2.6101682678802858
-6.772454024996305,-2.580601513834183
-6.766146739891316,-2.5512145859820414
-6.758904264952597,-2.5220359612389247
-6.750679382454432,-2.493130134529473
-6.741889357986623,-2.4644219039846202
-6.732853053683592,-2.435806098832009
-6.723942765778741,-2.407193361882517
-6.717377496028752,-2.384168265438622
-6.710227304497494,-2.355105098334144
-6.704018781101485,-2.32582125938465
-6.698888458039359,-2.296330253412434
-6.694645958774764,-2.2666901902015772
-6.691097307607122,-2.236941125967748
-6.6882293955459176,-2.207127292194059
-6.685416727533204,-2.1772325077046797
-6.681993124906456,-2.14740584899782
-6.678363564084206,-2.117635694576418
-6.67488393503118,-2.087852944827125
-6.671561226717323,-2.0580520212906293
-6.668474409583387,-2.028233929106953
-6.665836320758959,-1.9983888192004637
-6.66391714883298,-1.9685183996653834
-6.663112449760552,-1.9386010584724533
-6.662973351706266,-1.9086265719483684
-6.663055583982808,-1.8786570931539606
-6.663581150352698,-1.8487227534555066
-6.664523454415919,-1.8248381790024453
-6.66704316160689,-1.7950985770730103
-6.670859276252724,-1.7653919397112967
-6.674386125613008,-1.735587821534405
-6.6775022592658155,-1.7057725860034467
-6.680508123057234,-1.6759254544546103
-6.683385738676979,-1.6461106372078664
-6.686526256570562,-1.6163228702506591
-6.689827629884596,-1.5865548538759489
-6.693561396882966,-1.5568555782035367
-6.697994878360183,-1.527251542002342
-6.702860886868691,-1.497684362047149
-6.708024120399928,-1.468181090293874
-6.713549920951915,-1.4387469808472224
-6.719256467895889,-1.4093561077636514
-6.7251337733032255,-1.3800376306397943
-6.731165605485658,-1.3507911447583423
-6.735963705766409,-1.3274301642302808
-6.742038699633781,-1.298282020420986
-6.748212529550348,-1.2691504985297863
-6.754454176766599,-1.240048958520428
-6.760820182378213,-1.2109584901670265
-6.767435704881865,-1.181888613609012
-6.774561165937775,-1.1529472676469283
-6.782371779908112,-1.1242108356604799
-6.7909080169700555,-1.0956477253456118
-6.799958911834358,-1.0672092619506126
-6.8091818618212905,-1.0387919559341197
-6.818543659907983,-1.01035908567487
-6.828153959447062,-0.9819808093359711
-6.837822916083923,-0.9536031478261349
-6.847607738748141,-0.9252740894184553
-6.857652630166694,-0.8970295148551225
-6.867763245452797,-0.868783643227342
-6.877625277818876,-0.8404347205896316
-6.885307751417193,-0.8176877491389865
-6.894645097313591,-0.7891641825389292
-6.903739069678799,-0.7605750880412587
-6.912571130087399,-0.7319056621810717
-6.921408125464583,-0.7032511586582225
-6.930516614298986,-0.674693079408905
-6.940071462488668,-0.6462938568305614
-6.95021863600281,-0.6181060327019535
-6.960893768496292,-0.5900997836943896
-6.971822050549186,-0.5621678466844311
-6.982777672060529,-0.5342421448281741
-6.993860501602871,-0.5063786144355514
-7.005100847209137,-0.47857199677337975
-7.016470478641873,-0.4508230369991733
-7.028065122961198,-0.42317505948203954
-7.039794509988707,-0.39555165324329233
-7.05128380298323,-0.36782998186206867
-7.062667229427219,-0.3400682145534406
-7.073950488549116,-0.31225697051225587
-7.084937242786929,-0.28431392117770593
-7.095343001288825,-0.25613015791569427
-7.105177383950006,-0.22774574366378067
-7.114361889647031,-0.19914360971659537
-7.122924409275035,-0.1703404259736514
-7.130248552778821,-0.14114870182733907
-7.136636013386201,-0.11181854799624709
-7.142742812150234,-0.08242112234203122
-7.147438740613244,-0.05887969461106807
-7.152957238616797,-0.029339887754538125
-7.157878320085388,0.00025695052541027056
-7.162813032162179,0.02985496180842258
-7.167437616343409,0.05952563499641021
-7.17170873943713,0.08923792472876607
-7.175662171316408,0.11899604432796475
-7.1793116049779035,0.14879180287093716
-7.182679837634548,0.1786188131196876
-7.185172155038113,0.20250583296425168
-7.188378926265648,0.23839772070043982
-7.190214942438774,0.26233890212068456
-7.192379314026141,0.2922671713947061
-7.19445025435974,0.3221967544367989
-7.1966223552620585,0.3521086833518689
-7.1988498715012,0.38202665514159867
-7.201046688986318,0.4119477365526544
-7.203264493368091,0.4418617943992162
-7.205523790241721,0.47177710109358917
-7.207703953901439,0.5017068044337254
-7.209695541366831,0.5316546785910353
-7.21143026334133,0.5616244876384581
-7.212800869619574,0.5916165993350448
-7.213745298355369,0.62163043176757
-7.214283633788778,0.6516453195628735
-7.214573996809187,0.6816577865633251
-7.214636668418495,0.711670998357381
-7.214494705474603,0.7416835080947716
-7.214152801141986,0.7716948095764347
-7.213560678204085,0.8017059006999032
-7.212885941604149,0.8257110550090736
-7.211761844596164,0.8557103381876676
-7.210358747951539,0.8856908617524657
-7.208787189386943,0.9156576531710269
-7.207102515470074,0.9456176681156563
-7.205294727096564,0.9755698851654551
-7.203350078839532,1.0055186296187109
-7.2012153283594005,1.0354550305332721
-7.198872754600846,1.0653752975488455
-7.196360490207429,1.095280444368936
-7.19363640109384,1.1251721903633702
-7.190681072771374,1.1550401805916881
-7.187502810231622,1.1848854062288687
-7.184118110303065,1.2147054745431465
-7.1805649976517865,1.2445040913658263
-7.176880953908903,1.2742831738464493
-7.173880621479096,1.2980981017571818
-7.169328814678512,1.3338116755949176
-7.165486703753892,1.3635687995051544
-7.16156227870834,1.3933173338501021
-7.158341071276205,1.4171072401331697
-7.154171430544099,1.4468273061137662
-7.149803765653396,1.4765213002962208
-7.145210782110815,1.5061838237245342
-7.1403449594596955,1.5358032326807736
-7.135192717403731,1.5653773127412902
-7.129772184661511,1.5948996063397651
-7.124119234429182,1.6243760326938006
-7.118268955739264,1.6538107663021455
-7.112288779932095,1.6832156616352405
-7.106219474110438,1.7125999245413723
-7.10010729303739,1.7419721490590645
-7.0939278306988784,1.77133438907552
-7.087697169508272,1.8006821835082796
-7.081347092124388,1.8300174116892727
-7.074758299996833,1.8593003539394921
-7.067928446867132,1.888529683573237
-7.06084384850969,1.9176963428791598
-7.055012712095007,1.9409902557457046
-7.04748681912044,1.9700499138574656
-7.039651212103466,1.9990311041818445
-7.031452810019299,2.027914300879542
-7.022880331339273,2.056689163413733
-7.013910439097282,2.0853447425467246
-7.004539261592794,2.1138700182789347
-6.994825231041513,2.1422752636000966
-6.984796339902561,2.170572025648545
-6.974449862373085,2.1987532777982466
-6.963764077434818,2.2268122991716375
-6.952678999930197,2.2547204986070652
-6.941106803860648,2.2824380258933683
-6.928956702485624,2.309911561547194
-6.916186048123195,2.3371063149849256
-6.90277281498493,2.363989750931612
-6.888746741789748,2.390553812961057
-6.87717003824765,2.41160504103444
-6.862340055788114,2.4377141784983363
-6.847156427162732,2.4636158063066684
-6.831665099956591,2.489331258692798
-6.815969805394667,2.5149078629001873
-6.80016077544566,2.5404164907061975
-6.784206341624488,2.5658352929896933
-6.768069106631824,2.591144008108345
-6.7517043059339885,2.6163096446647014
-6.735049568236014,2.6412918947600965
-6.718027716528377,2.6660309361550714
-6.700592185112722,2.69048524834941
-6.682678751377573,2.71459907616232
-6.664210561494267,2.7383001688068718
-6.6451015079654745,2.7614955107931
-6.62533292459305,2.784130228875126
-6.604958234518384,2.8062166519646627
-6.584022017189473,2.827770527283302
-6.562526909794867,2.84876522120992
-6.5405423717474145,2.8692404676034
-6.518114184881744,2.8892220569008957
-6.495322749743321,2.9087795117257893
-6.476848993271957,2.9241398702061914
-6.453474992224097,2.942993400057477
-6.429823280125465,2.9614918521607763
-6.4059027348271345,2.979643996139794
-6.381723691868743,2.9974458865949574
-6.357325398547282,3.014938726740919
-6.332740459445129,3.0321656955484966
-6.307971426613312,3.0491278761354192
-6.2830255068734235,3.065826552597714
-6.257918507171291,3.0822783026517073
-6.232680853755268,3.0985230950647655
-6.207333472094234,3.1145909174624435
-6.181911576325216,3.130533392535423
-6.156436161314315,3.1463888735278136
-6.130910975535013,3.1621609408296982
-6.105353732355653,3.177877553278848
-6.079777502996498,3.1935590422805475
-6.054208210433386,3.2092467674343057
-6.028653344766831,3.224958533993335
-6.003101972486573,3.240677295297572
-5.982668659292221,3.2532631546365263
-5.957142924619939,3.269020135375035
-5.931634127161572,3.2848052567390056
-5.9061497591531245,3.3006242115813307
-5.880714011394458,3.316519871856412
-5.855340180547986,3.3325078138519557
-5.830052116907126,3.3486267153932685
-5.80486263628924,3.364897724898951
-5.7797758860477995,3.3813264277819073
-5.75478908880367,3.397909501991864
-5.729862817819408,3.4145934766827253
-5.704977763185594,3.4313399321108813
-5.680117685345573,3.4481298145120856
-5.655202356136458,3.4648608794308218
-5.6351579166303996,3.4780876870612385
-5.609954222058548,3.4943947698986895
-5.584588709381018,3.5104441808171343
-5.559089270269019,3.526276321190824
-5.533471040955011,3.541913333454709
-5.507743338213178,3.5573673347577937
-5.481920070133625,3.5726573978984897
-5.455999733405957,3.58778729909753
-5.429976948571644,3.6027326568671563
-5.403913592593534,3.617595006635974
-5.377864728608219,3.6324633223434035
-5.351851803557838,3.647400096561641
-5.325844314231576,3.6623538273255156
-5.30501362367393,3.6742851709801125
-5.278897935963146,3.6890722354263397
-5.252673235109798,3.703669474889284
-5.226353434326321,3.7180881706352595
-5.199962373193687,3.732371837390433
-5.173516931346244,3.746549527340587
-5.147020540626574,3.7606337780570813
-5.1204519867824505,3.774591197339394
-5.093788918823599,3.7883674176202256
-5.067068153077172,3.8020130098813105
-5.045696630599726,3.812928700202082
-5.019015183523024,3.8266287865688806
-4.992414934947982,3.8404717727218647
-4.965931854964498,3.854524134934529
-4.939509126338173,3.868733024070235
-4.913065183791209,3.8829144911232434
-4.886521842394988,3.8969237442410827
-4.859872901850922,3.910741227505937
-4.833073099493555,3.924262012295213
-4.806146457124323,3.937541706856342
-4.779069589877497,3.9504927232434777
-4.751925434055886,3.9632826853794425
-4.724763190113333,3.9760204445814122
-4.697612340033629,3.9887712707021543
-4.670494140801719,4.001588154007488
-4.6434520930693015,4.014536815917968
-4.616587257374815,4.0278195680848174
-4.590002209153787,4.0416316935047325
-4.563699455329309,4.055981383152821
-4.537663805978118,4.070822998216662
-4.511913811556272,4.0861131540274505
-4.4866839424480665,4.1022307156267175
-4.461951044663993,4.119105364799947
-4.4377315523789544,4.136716567762049
-4.418704762085616,4.1512804424788685
-4.3952900189654995,4.169974514940911
-4.37218103392701,4.189063806332885
-4.349308749490407,4.208443398678146
-4.32663964204354,4.2280635756325395
-4.3042035306274675,4.247939935377653
-4.282069041952727,4.268148118658855
-4.2602034864896865,4.2886551424954735
-4.238522669328852,4.3093703932446354
-4.216971534604298,4.330225270946451
-4.195529761276447,4.351192924726562
-4.1741911854353715,4.372271238118523
-4.152896712295828,4.393397033594222
-4.135898726223599,4.410333657281776
-4.114725298629494,4.431574446538497
-4.0936100879451365,4.45288341590899
-4.072454150348464,4.47416825288358
-4.051083162259346,4.495254429028277
-4.029489698676943,4.516103072090035
-4.007770191941895,4.536811919829524
-3.985959508833535,4.557420917559538
-3.9640881317444547,4.5779614701634355
-3.9421451773095235,4.598432890920007
-3.920056952330709,4.618756112581623
-3.8977812773244813,4.638878611132881
-3.8753028554892723,4.6587761968812895
-3.8525511411615505,4.678376287975979
-3.8294507293537365,4.6975763035505045
-3.805889284960919,4.7162277424703
-3.7817656341233654,4.7341625659307365
-3.75709208825986,4.751324206361578
-3.7319534294298613,4.767786663212483
-3.7064045099879657,4.783595979419254
-3.6805006345399454,4.798815065252987
-3.6542115413160983,4.813367253019893
-3.6275607504746215,4.827248427834444
-3.60595278096552,4.837798440622392
-3.578566414435415,4.85019142514907
-3.5508190444899355,4.861738848300673
