1665.5807978269286
1665.6107942979265
1665.6284000193332
1665.6336099551843
1665.638418052366
1665.650441099637
1665.6608699690082
1665.6652360515582
1665.6653038168326
1665.6653042094629
1665.665305280889
1665.665305403581
1665.6663881455174
1665.6750508205728
1665.693715242841
1665.7124123925169
1665.723042789227
1665.7323710229477
1665.7466202422106
1665.7516373207623
1665.752543488426
1665.7564576910747
1665.7606112155688
1665.7665455354477
1665.776503789594
1665.7855403888182
1665.7858986546184
1665.7962467310792
1665.8101649563428
1665.8328526743735
1665.8603381519815
1665.8904606805943
1665.920559119894
1665.9506617703246
1665.980867796133
1666.0050489435475
1666.0351628574638
1666.0651767496354
1666.0952024311548
1666.12527014447
1666.1553543065222
1666.1794144838439
1666.2094545017978
1666.239490636841
1666.2695349166822
1666.299526216762
1666.3235041540743
1666.3534733415847
1666.3834282055254
1666.4133768692268
1666.4433315141337
1666.4733015765064
1666.4972813806828
1666.5272705692578
1666.557237270635
1666.5872079342953
1666.6171774661632
1666.6411578542761
1666.6711297733716
1666.7010886766652
1666.731041225221
1666.7609997817394
1666.7849590748701
1666.8149119373627
1666.844866803614
1666.8748215032024
1666.8987797481177
1666.9287454137796
1666.9587338505735
1666.988727644261
1667.0187210153304
1667.0426851660382
1667.0726411802693
1667.102596445388
1667.1325411657622
1667.1564932369595
1667.1864689811193
1667.2164642197533
1667.2464461359311
1667.2764238386874
1667.300411545607
1667.330397880869
1667.3603818127062
1667.3903509407742
1667.4203290499956
1667.4443100911894
1667.4742909242154
1667.5042830767575
1667.5342796095601
1667.5642691337093
1667.5942607394666
1667.618258533239
1667.6482450854073
1667.6782189062787
1667.7081791074843
1667.7381410743117
1667.7681405829985
1667.7981590439285
1667.8221769695936
1667.8522266677107
1667.8822941964283
1667.912380903213
1667.9424261323218
1667.9664415873845
1667.996469422417
1668.0264802051122
1668.0564972255333
1668.086494623203
1668.1164806101983
1668.146485433152
1668.170492220472
1668.2004652093715
1668.230424139266
1668.260396496969
1668.2903718012326
1668.3143504415016
1668.3443261528628
1668.374320536208
1668.4042966263955
1668.4282870627355
1668.4582783883723
1668.4882594132418
1668.5182485822565
1668.5482312082777
1668.5781998880577
1668.6021797490173
1668.6321609884108
1668.6621398689992
1668.6921211304425
1668.722103389671
1668.752075637299
1668.782061101507
1668.8120510593897
1668.842047612874
1668.8660505349199
1668.8960478978706
1668.92604173301
1668.956048325851
1668.986047533704
1669.0100511467228
1669.0400619758138
1669.0700758007958
1669.100091100658
1669.1301078316899
1669.1601212912929
1669.1901345899755
1669.2141404699062
1669.2441575312216
1669.2741999861746
1669.3042393048377
1669.334255193211
1669.3582857020594
1669.3883472885777
1669.4183965026173
1669.4484112388477
1669.4784143586596
1669.5024148708771
1669.5323999542804
1669.5623982149814
1669.5923824417755
1669.6223837601094
1669.6463738525663
1669.6763617466638
1669.7063457997665
1669.736330050788
1669.7663260139116
1669.7963146655127
1669.8203075191102
1669.8502982493721
1669.8802901516374
1669.910278391705
1669.9402750726438
1669.9702688991456
1669.994256687419
1670.0242562575731
1670.0542561637362
1670.0842602956384
1670.1142670418205
1670.1442572833191
1670.1682668672252
1670.1982920325013
1670.228320856536
1670.2583334157491
1670.2823562179192
1670.3123828747316
1670.3423968541208
1670.3724153695646
1670.4024261983607
1670.4324254069074
1670.4564379806989
1670.486459910743
1670.5164993351616
1670.5465255221761
1670.5705386885004
1670.600561177996
1670.6305925601089
1670.66061931296
1670.690643863474
1670.7206672129932
1670.7506778191257
1670.774675986152
1670.8046715398066
1670.8346556458173
1670.8646299781333
1670.88860746387
1670.9185633680784
1670.9485197418874
1670.9784829013515
1671.008447697238
1671.0324133000963
1671.0623494897054
1671.0922821767213
1671.1222621648417
1671.1462733817273
1671.176269724014
1671.206226413378
1671.236160680735
1671.2661086124958
1671.2960819404489
1671.3260498517336
1671.3559930357233
1671.379963715233
1671.4099221602505
1671.4398724361608
1671.4697869324784
1671.4996879185514
1671.5296134328316
1671.5595575847965
1671.5834961786416
1671.6133907073815
1671.6373300833638
1671.6673005524178
1671.6972945558332
1671.7273182894548
1671.7573784001263
1671.787516057875
1671.8176142604846
1671.8416886237942
1671.8717844253042
1671.9018092781573
1671.931792351019
1671.9617762266266
1671.9857538064055
1672.01571497807
1672.0456793133574
1672.0756359606637
1672.1055891778942
1672.1295659583836
1672.159546336665
1672.1895451361138
1672.2195379128898
1672.24353720665
1672.273560522624
1672.3036210086377
1672.3336971601489
1672.3577611605783
1672.3878418482886
1672.4179267064987
1672.447929539697
1672.477789242819
1672.5078796610157
1672.5319587390961
1672.562008963147
