0.028769226705816716
0.057684639372734665
0.07969972704069161
0.09872470630727274
0.10132974962002961
0.10353452432343113
0.10533905004509428
0.10855718354449742
0.10856066583378404
0.10856155952316544
0.10856315528269103
0.10856365527784935
0.10856471098756476
0.11096278054583533
0.12295929770085448
0.14495847943303297
0.17255037412052368
0.19942395751633793
0.22359449670614037
0.24000981091861226
0.26217561199592465
0.2863669200829889
0.31123675424391983
0.3391539090150511
0.3635409302712144
0.38822062859608597
0.4110411835497246
0.42879538735288897
0.4464163681590242
0.46611739701994825
0.4849533570691458
0.5116909851180125
0.5414848971610461
0.5698735089634636
0.5949775634100863
0.6201809569769372
0.644734372171682
0.6698846793395086
0.6954864862676379
0.7235373212778505
0.7532877851865246
0.7833066892960183
0.8073674435024552
0.8374152750244787
0.8674537241379608
0.8974771573680667
0.9269320826359587
0.9556862643304935
0.9854849818246403
1.0154439647940432
1.045535787853732
1.0756287130444322
1.1057349709198354
1.1358087384292406
1.1658688373957609
1.195862274510696
1.225821266493034
1.255826529520102
1.2857939846646094
1.31570665634497
1.3456389762745553
1.3755828706667512
1.4033014556735102
1.4327036904515371
1.4627006314253757
1.4867071541206855
1.5145033958295486
1.5408550771012146
1.56866710219777
1.5958038098909515
1.621519229681039
1.6473183624929595
1.6711786163866598
1.69673158513395
1.7262915374350412
1.7563691667219479
1.786512541168083
1.816582421696258
1.8466947437005485
1.8768343790822328
1.9069368887730378
1.9309420989296924
1.9608599836257055
1.9908035959841646
2.0207748182104175
2.0507085526274653
2.0806441186797273
2.1105728355547924
2.14047970497844
2.1703733890831947
2.200344472472921
2.2303619730220894
2.260017318291462
2.2879466770234878
2.314106808270347
2.34402091121936
2.3680000741060403
2.39797764053987
2.4275468267420917
2.454141399345035
2.483418824010403
2.5127803705400718
2.5427554748288275
2.57260625852954
2.5999125539403742
2.6251791144068575
2.650534534378404
2.6755624407091023
2.704061149427868
2.7266626895929904
2.75481498030305
2.784436576675375
2.8144943501591526
2.8443440287856134
2.8741435433196374
2.903666616218791
2.932484341221043
2.96246405282714
2.986429571525906
3.016473094468408
3.0465454245402883
3.074340247223899
3.098480504517688
3.124022945901851
3.150051083323708
3.175945380099879
3.200049876056533
3.223859876539746
3.250933309558966
3.2806946690298977
3.3103739651069883
3.3393777753269966
3.362203561233243
3.3889559538792176
3.4152093817531552
3.442235438314179
3.4718975087201858
3.501947460713283
3.530904741268798
3.558422565111609
3.582636811330211
3.604180795481084
3.6233411077806164
3.65050394486858
3.6804716581622965
3.710404637119012
3.740351010321258
3.7702712000434584
3.800231726887186
3.824230770362528
3.854290595356543
3.884373679744572
3.9145942225271786
3.944760264221191
3.9720155957020205
3.998923657712029
4.026997352510397
4.056553034086649
4.086662483344894
4.1155402199092235
4.140967321791122
4.164628080305983
4.187399579790254
4.208574725073773
4.230846731412378
4.253295258366854
4.272317362295007
4.2945212258309144
4.317567592857459
4.339498923765433
4.360779634907165
4.381301819774681
4.400461861755815
4.424632012452669
4.451557178721935
4.479040623827052
4.5058899875133624
4.530992426545085
4.557550429460641
4.584359057166847
4.6041813756781735
4.629797281449794
4.654195685823446
4.677731653923762
4.701189816174168
4.729989021657582
4.7600210202429025
4.784009074176046
4.813965668193778
4.84151856817611
4.86785936585789
4.89598336068866
4.925133922138066
4.955169711578095
4.984769675238092
5.010565179309588
5.036938763811942
5.0621961427831605
5.0836784459675854
5.108621148915972
5.13238372211152
5.159716941775506
5.182622782334371
5.205141041015719
5.230571256603041
5.254461337754016
5.273979428027975
5.303003623073647
5.332834099252713
5.362703230317898
5.392696522650936
5.422528181403877
5.452013683578322
5.480984245923022
5.511037617084107
5.541058270567513
5.571065380059484
5.601094590710258
5.631069596143785
5.661108461821952
5.691228592065392
5.721394492745058
5.751484556198377
5.775526850831028
5.8037379538092475
5.826746737649339
5.845112708238729
5.861929440296233
5.88397457252576
5.909686531019905
5.932022995818473
5.960044452705073
5.988142296251971
6.018066115947213
6.047461276638373
6.0766855754615605
6.100677102620575
6.130660937833748
6.160629775170728
6.1883681462382585
6.213550182336381
6.242806269865943
6.272818153122803
6.3011785996140945
6.330861989961894
6.360817900152553
6.387226884903215
6.41151204295789
6.436611556419345
6.461883215017399
6.490741623725804
6.518559626704277
6.542338841734344
6.572360076362546
6.602385951187528
6.632401683621511
6.662492465178646
6.692430976443929
6.722247828567136
6.752218015434148
6.7821918824610625
6.812230525202405
6.842292487781013
6.872367078881436
6.902411690900879
6.932542808353396
6.961927315612242
6.991628764699936
7.015812541486832
7.046010049004023
7.076095443815307
7.106092807111401
7.1360500031013485
7.165786822163721
7.195420965345336
7.224848318353592
7.251997006408131
7.276844615071293
7.300232808872077
7.32309470393155
7.346883021115994
7.371750947945696
7.400929291232926
7.423053673499768
7.452702669447586
7.482602033082314
7.512011333975768
7.541598044303757
7.571434152081993
7.6002680112335534
7.6293807549512636
7.6592780371672236
7.689039001288945
7.718894823700496
7.748805819008763
7.77875532653112
7.808798683528848
7.838897039951929
7.868963381581079
7.898338081547866
7.926334859626796
7.955800071445234
7.985781971832118
8.01574424205477
8.043416410214885
8.069770503610643
8.089679182586242
8.112595467024294
8.13423852391951
8.15516096221171
8.182254357064023
8.209895688447181
8.239617041149259
8.269388623195768
8.293805843625636
8.309652607375504
8.32487992178049
8.340942461613741
8.358651784895887
8.371157066756355
8.382787590668228
8.395710155374559
8.412623553376495
8.426860724554864
8.441499023930152
8.459101117668519
8.479625270693905
8.500596500512499
8.526230159528025
8.552017970532068
8.573347886369913
8.602767900061846
8.632724545001816
8.66271598337268
8.69198255712972
8.721860255161479
8.751885460142836
8.781805116509695
8.807566400550348
8.831025055364458
8.857511336413559
8.88740146333726
8.917113750797732
8.944244775497767
8.970318886730569
8.995020620785676
9.020428454553482
9.047053637276305
9.070374984558761
9.100482941634871
9.130508456737969
9.160412604532615
9.190306559225046
9.220318251253069
9.250378188606563
9.280321090150048
9.31020470541679
9.3401386047773
9.370073455589093
9.400008841619341
9.429935146974014
9.45386693827205
9.483854571311783
9.513941667594343
9.544006659971712
9.572321459129416
9.602455415267654
9.632382305061862
9.660150207532766
9.68696947312682
9.7159971443381
9.744305054275422
9.76798450837877
9.786426887297054
9.809481204880766
9.832384277339122
9.856927246445938
9.881927482412744
9.907059221769355
9.931186714296976
9.955270964083953
9.982339051619903
10.009627521400617
10.036785712566779
10.063223052292473
10.090068612469
10.11899523121246
10.142234543137535
10.17168967175985
10.20133845299707
10.230526521148784
10.260518458091184
10.290516205112905
10.320468583639379
10.350384912958992
10.380324963016626
10.404258724106972
10.43418091587916
10.464210777853848
10.494228635332847
10.524239489262872
10.554216912986297
10.584210094351198
10.614231818755679
10.644223126348614
10.67430846329284
10.704397150702139
10.73454671505494
10.764587577715307
10.794554157810754
10.817472539580287
10.844672010525063
10.874006721048579
10.903399457417938
10.928876676883611
10.956762727862964
10.984977245467016
11.011886601280716
11.038941345243886
11.065961590194787
11.093175971627264
11.120531319565385
11.146947398195568
11.174205108442642
11.196562032856596
11.223953607617844
11.25026212353831
11.276289939654436
11.29959083832659
11.32354245599558
11.347961892899525
11.374757518803454
11.403568945296037
11.432165305833035
11.459066334654201
11.48772691136392
11.517115191661317
11.54117919620276
11.57127775122563
11.601442165366537
11.631599926535092
11.661557456069946
11.691158748303362
11.72112152196896
11.751143321071995
11.781182147048643
11.81125888687277
11.841346053961367
11.865366086730356
11.895366112194166
11.92524983358619
11.954981640051258
11.98489048845951
12.014825599647304
12.044743011284785
12.074542538375685
12.104471140664772
12.13444801196332
12.156421796327917
12.177421391954447
12.201750928529213
12.228994550708837
12.252159768251552
12.276885626124425
12.302040319151896
12.331352189494789
12.36088251625136
12.390818147497463
12.420986911037003
12.451095713395747
12.475083070077746
12.5110523694247
12.541130344619553
12.571227204093855
12.601337149314508
12.625419618071254
12.655462730705743
12.685470118870903
12.715480879475146
12.745472010238794
12.77544097498109
12.804134513967577
12.833868619424285
12.863591724334785
12.893626603406593
12.92362392513921
12.953618071858788
12.983696860776181
13.007744770182544
13.035540151011396
13.063746829077573
13.09056042881701
13.114700818997111
13.140253003693664
13.164691081517674
13.185834483788826
13.199804062120242
13.209738704886869
13.21845740098035
13.236012946077674
13.256032506055453
13.27434437796245
13.292751723737636
13.309431071517691
13.320164919919101
13.33535144424226
13.353768636529185
13.371388004260048
13.389444749994217
13.414060838046332
13.44231047007405
13.470128208992652
13.493778191374965
13.51510333694485
13.538911109104344
13.561787752337203
13.58046352713218
13.604317986937769
13.627929887590396
13.656195331280601
13.682354810784952
13.709935613255919
13.739980064214373
13.770073329729263
13.793971461054724
13.823976385995996
13.853940963005597
13.883948157660456
13.91394222737105
13.943920028315512
13.973874554475536
14.00387177406864
14.03386937885721
14.063822771831418
14.093734911311694
14.123586170967732
14.147313889835154
14.176041970884762
14.203319959665775
14.2308587241794
14.258538166801491
14.287984010050117
14.318033676383973
14.348024743718112
14.377994657413096
14.407889241962991
14.436566159903224
14.457698914494266
14.489285842180477
14.510079275542592
14.535425732211435
14.55563362787804
14.574527263148633
14.594939507304904
14.613174539029597
14.635839228560494
14.660604994116401
14.684310555228139
14.71003068622786
14.733234990760884
14.758934053919255
14.788546394198473
14.814540693630692
14.834490606639633
14.85554620821335
14.88201236650597
14.901319396372976
14.924225112939068
14.95199353587976
14.98014474241538
15.00895405302608
15.038831961763051
15.068832021016808
15.098681593052419
15.127610914748365
15.151591208692295
15.173587071758998
15.193703428851938
15.215857300883552
15.241978204551469
15.263846927354138
15.292056194550094
15.322188119057635
15.35225362562532
15.381555124794504
15.407441747559357
15.43320159383772
15.462205518140655
15.491145157656394
15.520943925276928
15.55092884562877
15.580953426458972
15.611021254254847
15.641021657505814
15.664955085286799
15.694913367288747
15.724830010140002
15.754746882479873
15.784762083460725
15.814798249547856
15.843764686388754
15.867715598484228
15.891449243019606
15.91483674976857
15.938759054903665
15.963623692784989
15.990604883728388
16.02005738836878
16.04967393279032
16.077355014049296
16.098102203152305
16.122582547705335
16.144925737223627
16.16945754594241
16.19858022242382
16.22847859319932
16.25785483768447
16.287536516847894
16.317463599895305
16.3473105060439
16.377276626554643
16.407367907056535
16.437416000692668
16.467481478429686
16.497479100947977
16.521498894229254
16.551527273677255
16.581509719532583
16.61150693591869
16.641373382540593
16.671470897002052
16.701566937230325
16.731665574705506
16.7616889137296
16.79173938028243
16.821791674648985
16.850900538461804
16.88030526990836
16.910363404741535
16.94042435081682
16.97028147048708
16.999448367679744
17.02915725840084
17.052612308337675
17.080648695902365
17.11057749498305
17.1405131481394
17.17046039323543
17.20032624286497
17.230273001817412
17.260211717503445
17.287599648061686
17.314603375656326
17.34386394899309
17.37195023933285
17.400538564266906
17.429400972049457
17.459455674014112
17.489447361552557
17.519451927834822
17.548671527594937
17.574995367103277
17.600901573345627
17.62024520652016
17.646572048802213
17.675104558459747
17.704612782424743
17.73434552804222
17.764480546040044
17.794573949761542
17.824130079772022
17.854095945167124
17.879918876099488
17.901580888275394
17.92370744531093
17.950648808252062
17.97908715683625
18.00896236361088
18.03869022680628
18.068484733818472
18.098361967357274
18.127501057891934
18.157062076599335
18.18701336507873
18.216758473868797
18.246033254259274
18.274328471232693
18.30361177930992
18.32771923885027
18.35738935115039
18.38758297653436
18.417752007653664
18.44780722564936
18.477908071338465
18.507515825669124
18.53727685461023
18.566480136532544
18.595090091017695
18.621951990220442
18.651029549187786
18.680430891238494
18.71002589800041
18.74000964463012
18.769917642259887
18.799765342135508
18.82983022381186
18.859880744946988
18.88993369026744
18.9199707271765
18.950001939162256
18.976917613364073
18.99926821207162
19.019502451962513
19.03799938492344
19.051713599600617
19.073518360093793
19.102480713955114
19.132566252827576
19.162611176719565
19.192657448691925
19.22261162441511
19.25223388272875
19.281637462859468
19.310568460651414
19.33944437620959
19.364743531414963
19.390452125996106
19.41986852973405
19.449899786426922
19.4799065660219
19.50987027750283
19.53977950608538
19.569738648955862
19.599772860547727
19.62983018287053
19.658548523183367
19.68850409626107
19.718002314905032
19.74690000781635
19.775522221788037
19.803726914230364
19.830135030136265
19.8585706843517
19.888527009940404
19.915844095753314
19.93506755679199
19.957012550614152
19.978907282055275
20.00245080307044
20.027198426269422
20.049684198567043
20.073837187245406
20.09559106383948
20.113512072656086
20.135069091572525
20.158911644170953
20.18255474004767
20.210833327378065
20.237398798174315
20.267321064226973
20.29648133405808
20.322588897554684
20.35062541631201
20.37967440668819
20.409697151726203
20.433618953734197
20.463505427956807
20.493369377373305
20.523346693960885
20.553354145938293
20.582680288612917
20.60904445910425
20.63357788569424
20.657692911763636
20.681161951076035
20.70733855080619
20.734896673465872
20.763555366450536
20.792964641849895
20.822716338282163
20.84679299951705
20.876950320653215
20.907045735077798
20.937069469589147
20.967083613962103
20.997046583380058
21.027035235079396
21.057031616984446
21.087003664239674
21.116941559013288
21.146904351737042
21.176808390793585
21.20666605647295
21.236442732780045
21.266164432943803
21.29599885932744
21.325973873417894
21.354344128696173
21.37912631920231
21.399034989199905
21.423280295873184
21.447390874519925
21.472887272231283
21.49948233695426
21.523996046378812
21.5463138447547
21.565473497213006
21.586189044421108
21.60664781462931
21.626073381869563
21.644255450622953
21.667727389643684
21.694220637815285
21.71817518128728
21.7481271245179
21.778175877938736
21.808210451967263
21.83820257992113
21.868212404634324
21.898235124131908
21.928256597112195
21.956747640488228
21.985770862521363
22.00852901825619
22.033454344454963
22.057731723916746
22.083538627097056
22.109528851665928
22.13737170188695
22.165716895774626
22.194517454046487
22.2220838376668
22.251092160152897
22.28057202998096
22.31053100105619
22.340429116420854
22.370326057423327
22.397290573875825
22.42234424123848
22.441786901794977
22.47030065275239
22.5002073388628
22.53000604811655
22.55988300948948
22.58966820223023
22.619332960481294
22.649119407244346
22.679048356385625
22.7089503189307
22.738878067274477
22.76884330485372
22.792862051407678
22.822995436176466
22.853230878389894
22.88345778513338
22.913608849543277
22.9438187968453
22.97393983926615
23.00393677274634
23.027837708902574
23.057726211195867
23.0877497150514
23.11782882072267
23.14786869946219
23.177785869346945
23.207693608005734
23.236657805979707
23.26190797919174
23.28109610937877
23.30520166161626
23.32933517126438
23.356288649911463
23.38482758022978
23.41193751596116
23.44031182984068
23.469041344915546
23.496754226678192
23.52051928814296
23.545433562834294
23.572199473975413
23.598387536642644
23.625591881324624
23.652010041342862
23.675560012984597
23.705038072307335
23.734981418376353
23.763944943144484
23.793366416944654
23.817998879868714
23.837545363014748
23.854670871511505
23.87084057822289
23.885581340987272
23.901447154346446
23.921017733800817
23.944414387730014
23.973500225945592
24.003543743305585
24.032263645699565
24.059291332777264
24.081541190188776
24.1107553273949
24.138160859961637
24.163462328770542
24.187750464207404
24.214992521527233
24.243686245285833
24.273734221423474
24.301469000649238
24.326952178643506
24.350377961836678
24.3772687372432
24.407211924517924
24.43567513203786
24.459659076259904
24.477795302642495
24.50277459957695
24.531730925534816
24.557939101921338
24.58222321191304
24.610719500501265
24.637930867878307
24.66645439414302
24.694192315102793
24.72274931188594
24.75193200858033
24.782025410794173
24.812135429821932
24.842205483531277
24.871822379648226
24.89541620659381
24.925356392980984
24.95526894783214
24.98527737298374
25.015275642649108
25.045280464245565
25.07519875641312
25.105090846838937
25.134965468286087
25.164874296058457
25.188861333639153
25.21883656692266
25.248829494489655
25.278816972079383
25.30877815577148
25.338629992783304
25.368413643329287
25.398318892641377
25.427953751487077
25.448869426140618
25.472038454840924
25.495173017085857
25.521270260560325
25.546832977658987
25.57415112312901
25.602010165398784
25.628711606255216
25.64735818852066
25.670926908527502
25.6918576252659
25.710841048207513
25.729952476973114
25.74904116121254
25.767996377067767
25.786493278800144
25.803715072030386
25.820993394401604
25.839754046130558
25.858770616295452
25.873934568314137
25.89292922475058
25.912242825783036
25.933489386055403
25.958411222355423
25.986920979455416
26.015724467152168
26.044910612761676
26.074754716785083
26.103429799951794
26.126140281566677
26.156012933494566
26.186082617188752
26.21516999379488
26.242437984590875
26.26394284559922
26.287021549401945
26.310391617709566
26.334239697903424
26.358220541521696
26.3823227443914
26.40640178665692
26.430355166053868
26.44942211879751
26.47312574953503
26.49863630764902
26.52578798607864
26.55308298958017
26.581803449051343
26.60907390559901
26.629548497470644
26.654308722003563
26.67901952594792
26.70422181401612
26.728301594548665
26.75268251617507
26.777222712206953
26.801824161018303
26.827611572154197
26.848390944658448
26.874350110060107
26.901791624290865
26.931654593615658
26.961806751288925
26.991868040932477
27.021802940968637
27.051599653517854
27.08062880686109
27.107223872780935
27.128608740022603
27.155463048690585
27.18244576265534
27.210013488255974
27.239859274690108
27.26997686426063
27.300262845947945
27.33044758040536
27.36051418104752
27.390449960630136
27.420244239099546
27.449887840379596
27.479488456056824
27.509109655792177
27.538874710271013
27.56878483522348
27.59882707389547
27.622951019487544
27.65319839112942
27.68210376980661
