0.018531538114972757
0.031676076163448315
0.05659466572016877
0.0709151455527204
0.07523404457673599
0.07523851411088571
0.07523935095552797
0.07524066676819897
0.07782830340422953
0.0868795395125985
0.10719821628304342
0.1339774829370243
0.1700491015572737
0.20013571796280533
0.23019270106514034
0.2602321324723847
0.29004072801828856
0.31927053606970657
0.3485951664978829
0.3778787973539742
0.4070190472246524
0.43381304693310424
0.4572999955446492
0.4752451012490527
0.49077720408135334
0.49991614116857297
0.506286254044344
0.5110875990692914
0.5130356337304761
0.5147327380208385
0.514796932744951
0.5230345093213663
0.5391351430844346
0.5574871428624114
0.5798574998971672
0.603674716543955
0.6329667972473815
0.6625548562414308
0.6914120483634842
0.7095898242213192
0.7245151627471029
0.735482890897062
0.7387568612892492
0.7400062827072869
0.7425180389056157
0.7441412914904559
0.7463911186473972
0.7489416878011701
0.756182234383487
0.7670103526932222
0.7755494017162395
0.7806335550915097
0.7840822327547656
0.7865218239322451
0.7892317372978496
0.7919099047286475
0.7919776222774001
0.7942152368825195
0.7971652058969987
0.8028655580751268
0.8060515823545334
0.8103847926790455
0.8140989774724583
0.8148854487801426
0.8164843358754289
0.8181820541563829
0.8212869429401826
0.824206220732109
0.8262039510749073
0.8308795256390284
0.840173158272365
0.8503160097935251
0.8555320410327261
0.8588289811152239
0.8610157480882946
0.8671938835335689
0.8743688781108364
0.8768085987496703
0.8772906656280057
0.8787164273425142
0.8800104492301902
0.8807793956359049
0.8817163676165986
0.8834189001817525
0.8846930680025639
0.8876964235720968
0.8879290883730281
0.8883695759138378
0.8901661571369494
0.8948740056619419
0.9035170454353767
0.9087466752024211
0.9101803275289764
0.9117096455313175
0.916828076045415
0.9195557870835454
0.9198170538240472
0.9216233858529619
0.9232696995260279
0.9247144993188214
0.9253773853559345
0.9292760605432591
0.9378647437429695
0.9465264831492154
0.9555462629719028
0.9648621833153195
0.9761347132385491
0.983812134410052
0.9918367473198316
0.9923254765504712
0.993998853455646
0.9957550853089288
0.9970201853368041
1.001389761097623
1.0067991419087012
1.0190535549499455
1.0366716584657814
1.05452013081184
1.0725018242088866
1.091964154387228
1.1133481508989995
1.1338718125380716
1.1547517792823179
1.1863026308126696
1.2151583790902645
1.2443830493742625
1.2790459160391479
1.3030477441491275
1.3331247312144083
1.3691794233304213
1.3991766963753378
1.4291949123816798
1.459329804097712
1.4894942387045873
1.5196099911176328
1.55558994176262
1.5796141628001406
1.6093801550966416
1.6454060545190359
1.675419512890533
1.7054620496060715
1.7351552889943098
1.7616383043649615
1.7886497205475411
1.818475416315634
1.8470655715046007
1.8829255553642739
1.9129490121208848
1.9428476197627405
1.9728000339488037
2.002875298778956
2.0330682488469587
2.0600624167669017
2.0863298971786284
2.117690838800116
2.136664461871135
2.1576486494697695
2.178192394443788
2.1988667633322176
2.2224272559509575
2.247948178531894
2.274378890825618
2.3016032906122517
2.328932761003471
2.358480777127456
2.3885875554462697
2.418566560967546
2.4484540088980933
2.4784598974112413
2.5085904420055236
2.5387612539710553
2.568822000297036
2.598752123026991
2.6286573840435756
2.6586971177471828
2.6857492184829264
2.709741659719945
2.734064259055035
2.758969976174182
2.783756334333723
2.8084119617176304
2.8329289427295503
2.859557583058267
2.887046582846919
2.914669193545052
2.9423028218478806
2.968769553251127
2.9915173454915065
3.020970682238326
3.0503109141719342
3.0790654695492883
3.108831494682378
3.1372969918778093
3.168711811308408
3.197509644190448
3.221501530862225
3.257503019718802
3.2875902966598995
3.3116193131819722
3.3374889464533473
3.364416758445131
3.3935963476050506
3.4215173467408957
3.4546527513968504
3.482611641145544
3.511220502018448
3.5406580830063383
3.5700705900862713
3.599369793273876
3.624812572450068
3.6508058772328855
3.6736964431907166
3.69783465055872
3.7186357788532907
3.7533065840585564
3.776816482066994
3.811963574139523
3.8417460725908885
3.871434809036562
3.8954795631080614
3.917224502578889
3.934345368256518
3.955721486069645
3.977555943348328
4.005048487872131
4.035108490834123
4.0651771833075285
4.095245849158403
4.125061103442906
4.160202608650601
4.189686052647062
4.219655520825444
4.249705840134607
4.279613335943494
4.307625204458948
4.3410922445888644
4.369199276061969
4.40396529332495
4.426718783028224
4.449348614985369
4.469144874235055
4.48799907961426
4.502158045503639
4.526851654787157
4.55420249170482
4.5770054505674365
4.606508351426475
4.634977013496873
4.666613165927323
4.6943233213536795
4.723474849970419
4.759333661784305
4.789411597951822
4.819497352218033
4.855435972940597
4.885339935269599
4.915343379114641
4.951337950160652
4.9752987641596595
5.011245899399117
5.0352566988041945
5.071138609328661
5.101107469006094
5.136766580244832
5.1643771074068034
5.189912937648553
5.218802974319319
5.248688554229179
5.282028863840563
5.306550216825975
5.329619854612634
5.36186055487112
5.390373555564776
5.4191752902201005
5.444283614831552
5.470390543678107
5.498603230516829
5.5263448477331725
5.551462759101073
5.568712243905304
5.584887543376906
5.6039900543141785
5.619862352276409
5.630969615774335
5.640934889385284
5.663335903057416
5.6831531377520825
5.702480308522909
5.722596650010302
5.744102201914606
5.763049153562197
5.781948050623175
5.795055400129095
5.809793541757128
5.827513475980657
5.844355341434518
5.864289735367262
5.888369827131573
5.910554226994208
5.93846029323963
5.966859793840479
5.995284138533985
6.023762530773547
6.0523300789436405
6.079549896514735
6.107060777725063
6.134172107817861
6.15260132339188
6.172221597782077
6.191981541432832
6.211867905659884
6.233435985276404
6.258359447754229
6.282130697374337
6.309198451223
6.34300018496549
6.370724721177469
6.396414239186357
6.418935399903437
6.447253584477048
6.4660236640228055
6.492613940720078
6.516246619938445
6.539831443972459
6.568727251437815
6.6029426814046905
6.6325551912590734
6.659987821292843
6.685137812291181
6.714029434874894
6.744143079552006
6.774222374086314
6.810237796032497
6.84008205690851
6.869174883817475
6.899270857337995
6.935387786453236
6.9653805544577745
6.995377688904256
7.025317363142078
7.061232367006129
7.091049583681026
7.119064753968156
7.1457605497115795
7.171381187965804
7.192483426969211
7.218051803525641
7.2434667752861595
7.26408524777289
7.296851421892787
7.320463244926165
7.350495269163716
7.378103362677268
7.4070807935367045
7.430188940657108
7.4537610278051885
7.472738210133899
7.490270741416558
7.5093240546084825
7.5301520570215486
7.550856074428645
7.571649899943477
7.5956627520995825
7.62202177620144
7.6481820152483575
7.673836263201601
7.699551165383208
7.721696580563606
7.747588271817697
7.766470258490283
7.787469056726265
7.810742154523119
7.834407570207521
7.865505759394515
7.894853895649772
7.924746945023603
7.954581531768534
7.984259400172149
8.019866932890567
8.04985210992019
8.078997387505714
8.110933764493929
8.137779184628451
8.164435155501865
8.19059673396542
8.221872282693342
8.249207489318486
8.277103181780193
8.30508817265096
8.331909605637113
8.356110264013267
8.375774060250475
8.400502421929007
8.426606070755811
8.455010945740465
8.480326032355675
8.500578175716948
8.530467093416075
8.55304526891199
8.574834907135916
8.59685657181723
8.618792952878174
8.640777803821207
8.665522531462354
8.691972155164132
8.721746566652953
8.751638640298088
8.781614754186089
8.811592902991656
8.841271743745258
8.871044425325602
8.901035491311859
8.930757442166186
8.960204440281645
8.989994256882335
9.024805434210284
9.051374466808031
9.078550881049342
9.105136094053092
9.130571357881431
9.153800871604643
9.173557064797793
9.194075718721706
9.220841139247021
9.24121341799015
9.25784022542494
9.279880440385597
9.300599270771752
9.323263927902973
9.346836706219563
9.372944827164622
9.401810301574287
9.431192364032498
9.466917548202797
9.497194231255573
9.525613236195358
9.546931694938975
9.576868218867737
9.599582174072628
9.623406576126524
9.649534464129857
9.671598009289012
9.687982411495259
9.704139612014847
9.722956240377936
9.747873589145811
9.765485376977473
9.778322701809984
9.786988062973377
9.794464315533375
9.804675716496625
9.818982505891128
9.833941345802518
9.848993478771417
9.863003949066847
9.884306758671702
9.911902403912391
9.946903005933263
9.969814153941048
9.983719881377434
9.99921939296982
10.011537357713687
10.033770269947986
10.053633045624895
10.073397954959951
10.093063856362722
10.10877265899118
10.128635387300676
10.154532866951838
10.181690277363948
10.211490832054778
10.241356510053746
10.276192918669128
10.298552831563532
10.332253540492145
10.357306759246715
10.377299177718443
10.396615948412347
10.418397841085701
10.443046531294653
10.468638750139153
10.486541383147976
10.509564605132871
10.537488577740305
10.56661680440897
10.602566711540216
10.632552437798333
10.661146668536453
10.690205075741698
10.710832849609776
10.728823844173938
10.743824842459926
10.755325812599185
10.765919219074316
10.778890353979547
10.793285610163682
10.805608851945895
10.828661178947408
10.849873332121456
10.87247522923504
10.900077580133102
10.924192950804187
10.954250674235553
10.990333239220508
11.020429267249952
11.054876765273107
11.077483988007083
11.11060745769636
11.134103735864539
11.164003628185903
11.19961498178382
11.224817661458818
11.24782913004973
11.278257062289097
11.300731281614565
11.321837428062762
11.341446498165746
11.367057399998412
11.384970112675552
11.41342375203593
11.43615781147388
11.462841869440402
11.488912861140541
11.51821916689539
11.548278043064494
11.578281167587948
11.607202647667673
11.637134256129857
11.6728705184131
11.702791072438439
11.732838984149216
11.75687093497594
11.78550449847125
11.81298817459488
11.83621865840472
11.857878776263835
11.884269332261708
11.913810452372077
11.938713835994967
11.961367545155413
11.984313834387839
12.006665069172394
12.026173559484981
12.053144685979161
12.075266842954363
12.099009505190898
12.134147596427644
12.162135981911753
12.191582645412423
12.221667740480017
12.251801359197463
12.287964745874858
12.322995801437058
12.350845003274053
12.37555823352715
12.399352961684754
12.418978061581056
12.435619631590825
12.457236064076405
12.477529122314225
12.50146976006497
12.524432889937573
12.549970659055191
12.579562536231474
12.615616681717423
12.645706586229656
12.675808499216652
12.705842222248934
12.735863053720061
12.765868152096724
12.795866798450305
12.824657349064877
12.854312269391576
12.884155478787969
12.920079272109097
12.94994740048727
12.979701811979773
13.009263333740641
13.03586090265873
13.060797832805331
13.085002432545872
13.113298368706998
13.143365619640804
13.173141411228256
13.200176356428287
13.227129073259643
13.252792569995766
13.285013914412557
13.30795230125345
13.335284940387705
13.357625537358425
13.37978009503854
13.398319139273273
13.416661005822945
13.445631335259828
13.473562446594668
13.495712475517825
13.52786985577476
13.55632552068188
13.585344741028209
13.612813967679484
13.64272911406037
13.672757881790538
13.699392124134372
13.726005423679208
13.742687630991595
13.759369037774436
13.781322216339898
13.80013707385483
13.820672130478453
13.839730151664156
13.866930053796997
13.8894625758036
13.915414866250973
13.938116180694767
13.957691399615399
13.983012089029318
14.013079957142898
14.042684428515344
14.071882729795991
14.107309193453593
14.136987712117344
14.167014422950357
14.196653491326007
14.224976610580901
14.25304395102662
14.286525293328266
14.31546888767783
14.344921833540049
14.374524672974797
14.404263986862576
14.434256539748596
14.467905908344433
14.49249165402916
14.518184112553445
14.543707765546822
14.570032095846086
14.59060135251892
14.611307257873388
14.63214123155508
14.653064693500788
14.673895728199335
14.704859125803678
14.728334099460687
14.749047175649238
14.771126159232818
14.79925012689561
14.822534719959927
14.845670164131409
14.876948993295391
14.903384582443753
14.929956563874597
14.965693611114935
14.995593480239624
15.024164318857494
15.04941420209488
15.071571723477337
15.089814041516702
15.105297123076614
15.120709762826586
15.130388784026078
15.13650760254415
15.144113529780203
15.151414676550411
15.15149368949742
15.153656044997504
15.164022468039082
15.179620328400635
15.199382930364829
15.221029452733994
15.245203730132337
15.273935147826439
15.288190327144214
15.298888771531626
15.322018293144787
15.339553312249304
15.36531861606163
15.3911876415643
15.416454290072737
15.444771172517116
15.468585590904421
15.490857214142794
15.513267513383319
15.535807993535544
15.558470385258355
15.582184329440665
15.61161246010021
15.636013876037971
15.660444272811542
15.689178984413847
15.718995238770827
15.754736217140703
15.78466088640597
15.814718074624611
15.850936291420105
15.878820764721414
15.901505418554924
15.924362063714728
15.947105020167061
15.9697202023312
15.991654803582597
16.015913735457143
16.036667630004963
16.05750550857268
16.078588192252113
16.104453020979037
16.124754931646915
16.156761821942894
16.183476411486403
16.210057533852396
16.236144473029864
16.263075490724077
16.28421333266462
16.30460378106278
16.325116373085283
16.341940915197956
16.370015794460738
16.388635450560578
16.412746739507867
16.441372302087977
16.47102360061516
16.486022309583113
16.499580232746805
16.52085144447805
16.543972272221012
16.56541412227656
16.582203323009953
16.611134426637896
16.636000244422828
16.66570408757989
16.69558066895917
16.72546169190558
16.759867723782424
16.78470658583046
16.80686979074012
16.830818384775124
16.858491489218014
16.885910490246307
16.910947796868207
16.940611349436438
16.965466782230227
16.990345010650994
17.01510201735729
17.03973053089097
17.073569195713194
17.10341234019352
17.127826474604834
17.149754183108122
17.174982841766933
17.201733774608833
17.230801038097606
17.26659022305718
17.293890892544102
17.321533380958005
17.350567919818836
17.38033039197243
17.410124854862612
17.44599392564876
17.47580290045318
17.505832695512428
17.535571915526255
17.563543887146405
17.591272413963967
17.62574366189549
17.65488872808769
17.680457081812747
17.70827428215524
17.74175120613632
17.77058670300787
17.799023049086557
17.828969202525023
17.85880020467046
17.88711673667876
17.9177632481582
17.942550758589263
17.965356728812857
17.9824612582475
17.99686153278345
18.017239848657905
18.037620230359025
18.056014020122063
18.079284264714662
18.10289584510696
18.12168506305631
18.141104060907164
18.160342717618153
18.186225816877588
18.20560638542601
18.220772206374157
18.23567180849369
18.253987582225534
18.267403531209354
18.277809639560978
18.290282052863784
18.29911814052432
18.30849865819387
18.32159081526612
18.336950603796666
18.351118855962305
18.35982700609343
18.368566088165142
18.38630732832111
18.403793722470294
18.421172915148325
18.43623904158906
18.456338814240766
18.47224091710697
18.496242100103004
18.516278542673213
18.53628039527274
18.56197636306484
18.584911752194056
18.608436793006106
18.62489665110467
18.63755263564011
18.649405104363463
18.65718763654018
18.664929915399732
18.672713548789662
18.680531834630138
18.686663245355547
18.690744944595632
18.694989342836067
18.700326219217505
18.71458076510533
18.72899206059995
18.744288312130394
18.76433619104285
18.785511996937952
18.808889245360813
18.826233220066655
18.841665348367428
18.853130015197795
18.867233108482353
18.88314739601909
18.903092758345515
18.926257339151945
18.947578670247427
18.965004387241752
18.983733775022635
19.00978811399686
19.03066156281546
19.04739594784197
19.0682719593629
19.08736037266676
19.101605867343558
19.12616888166291
19.15035577901567
19.180482729669073
19.20459510871191
19.240724227415058
19.264714558691463
19.294733764356682
19.324764963761705
19.35478097735097
19.384759005642437
19.414763255470845
19.450774064762506
19.474844775970386
19.503318041916906
19.5332217736275
19.563307760326175
19.593438460812035
19.62202749136364
19.651212505510372
19.681304250043606
19.711002058819133
19.74015157906122
19.770095225377936
19.8002110698057
19.830032125181585
19.855784860016623
19.87674647116305
19.899110869651288
19.92670785311844
19.956922419305435
19.99301975020503
20.023029048007253
20.05307722211637
20.083092884384588
20.118784997847502
20.147502557767258
20.176228901247573
20.205019979150602
20.228334289956447
20.258384195781748
20.288628029430537
20.31886201305704
20.342602657222518
20.36710614476477
20.389931496267295
20.41366176088449
20.434937754875268
20.451568115159514
20.465506132799742
20.485387272533774
20.507219324082637
20.525717209278216
20.547545415968525
20.565339880250708
20.58097469501723
20.602313165799753
20.622987405242494
20.64619280063883
20.666293523346184
20.67973870412924
20.695860856131613
20.7121360074371
20.731723557312588
20.750648329912536
20.77054679160684
20.786813813630538
20.804017007568
20.826612094327206
20.85144286008901
20.873919387684566
20.889879414347387
20.901142528126794
20.910104922765317
20.920634429898826
20.935466566542125
20.955407951882904
20.971737883039772
20.98978160520373
21.012628664531697
21.039990275540713
21.058527022436966
21.08935669154569
21.114432383427403
21.12964142391315
21.149563614549397
21.172274612653574
21.19035042978845
21.216057045522128
21.242921102183665
21.268217956282584
21.296147002061403
21.32556912465013
21.349090928498757
21.378744832883385
21.40859142529459
21.438537673577486
21.466813219242237
21.49547363752458
21.52340584948411
21.547828768202496
21.57082745220273
21.591468697450637
21.610948300793893
21.637745152677326
21.66740676973365
21.69103763608617
21.720558930894533
21.74399814826801
21.770994419934294
21.795109816000224
21.81418530798309
21.83672367822491
21.853670673870354
21.87728331099819
21.90799232233755
21.92864176086325
21.957995665207974
21.987078217995265
22.017041070647227
22.04693389878541
22.07678833602577
22.10662534168641
22.130596632443048
22.160675962658228
22.190872674825478
22.21730119243561
22.235983458032244
22.263854163822764
22.282333307200947
22.30530567954436
22.330763985881656
22.358483935219642
22.38634424518159
22.413754048758612
22.44160451011777
22.46267310475506
22.488060144163164
22.518351135931997
22.538435494437532
22.56352326737953
22.58875406267965
22.61411554056598
22.641201645759438
22.66867092666217
22.6987672820488
22.728803085794492
22.75875576903861
22.788567775987204
22.8124329578763
22.84222663221206
22.87209929872287
22.9021068246025
22.932238454113552
22.96217037795545
22.989893750725123
23.013393967649282
23.035993210318995
23.0584636312194
23.08715871679183
23.1107630468328
23.134481308040144
23.156805419931057
23.18047196327972
23.20367819063837
23.233551305999423
23.26353756869112
23.2985662667274
23.325965837988285
23.348833003242486
23.370757163340567
23.39284707210412
23.416294677503274
23.441340276560965
23.47708979908372
23.50109298861252
23.536466416436102
23.565361487292183
23.595414513834093
23.62546767644364
23.655247227993577
23.68965589763285
23.718995188930418
23.74873542059641
23.777200639824976
23.80926148932998
23.83617634468889
23.863222145867518
23.89038575719407
23.916409272759097
23.945259449665325
23.980583397618087
24.004004733545475
24.032855940555766
24.062440565014835
24.098481708749823
24.122449046160412
24.15839806947224
24.18845883616258
24.218547305661268
24.248271828726814
24.27663738167865
24.29940580617326
24.322041123294213
24.344942520221966
24.372874370403196
24.39630145710628
24.419853405022298
24.44339997364865
24.463277190213486
24.496651209316514
24.520108759687325
24.543503918186143
24.567617050377898
24.591610047568896
24.61586999025589
24.649641336518417
24.67855976358713
24.70748954832971
24.73504865706816
24.762629967273657
24.79557147188595
24.82382249169731
24.853560376464547
24.88271042202651
24.907900042065606
24.93163520953411
24.952089119687145
24.969189924348797
24.989032206354025
25.008530336929716
25.030360617592752
25.05206502782059
25.073795905820944
25.097276473539644
25.122516691023492
25.15298121984342
25.180034488335682
25.206888703398892
25.233542926982093
25.26210048003318
25.28933541285129
25.31433501466506
25.33956003452582
25.365129267326626
25.396001272545252
25.419679959871946
25.440056098474383
25.460447624562047
25.480857596872262
25.50339659365515
25.526198675310297
25.552103089999175
25.573663997630586
25.59524057828306
25.621621964748346
25.649274005054966
25.67766165768343
25.70774826966855
25.7371714660339
25.765368041296565
25.79549609875002
25.82560258260904
25.85558059843466
25.885419248080417
25.914554940612234
25.93942984655804
25.968282103978243
25.9918419693647
26.027345577260327
26.05732308862642
26.08724895906709
26.117169944120544
26.1469693204061
26.170664895499552
26.20019097737356
26.229828640551126
26.265433126664792
26.295228339940678
26.324926646645782
26.35479026954257
26.37878538157287
26.408897430131695
26.439115181527498
26.46935889276534
26.493583190326714
26.52376015353283
26.553817554766397
26.58970969157643
26.619512672727964
26.643385255316442
26.679357823223597
26.709474796994023
26.737692994269693
26.76437779411307
26.793475765440537
26.823274143928078
26.852952568276457
26.88039996890792
26.904291700798627
26.92788108388556
26.95616106622277
26.991776171610887
27.02155965973619
27.051563953848483
27.07558638266613
27.111647428960612
27.140262739840576
27.16955589807568
27.196236987359153
27.223819110555876
27.249713842946427
27.27509179354212
27.294357380180493
27.30975024620499
27.325002741479683
27.33997570893556
27.35533697666647
27.373674370494506
27.396797909890353
27.42184281002301
27.449527435624525
27.47653662172875
27.503671416216488
27.530579489489902
27.557187587264956
27.584452428167808
27.614359352864167
27.643178668674818
27.66906334424813
27.7006912132118
27.727260561952235
27.75608235561365
27.783929785881284
27.807767878700623
27.82637300488119
27.852661415962594
27.880861428065803
27.910900078573903
27.947042912483347
27.971212125639305
28.001416279889455
28.037690894683973
28.06762275700454
28.09411941920234
28.12010326884412
28.14568366394667
28.167624165610146
28.193137592780236
28.215199323997314
28.239547985970766
28.264252038751447
28.281365178460756
28.296441596138056
28.30604469332982
28.32079136770238
28.337512254209965
28.35475509878735
28.37588135616171
28.398733384949594
28.42123781039791
28.438753212829845
28.45493330245433
28.47144550429078
28.486354092953736
28.499341104817226
28.51858732871641
28.533396594836745
28.54725178291768
28.56560324375553
28.59284564792765
28.621937070828967
28.651213417121287
28.681222042130408
28.710455890978444
28.738002276008327
28.766759432225694
28.79153188192321
28.819649659592546
28.848001561283823
28.87645809405099
28.906290358514784
28.9324316444114
28.95443539341688
28.976660286837962
29.004047802103777
29.033939990445962
29.0638753436779
29.09382685660757
29.123795045845117
29.153781060405528
29.18973527012079
29.219604643357783
29.249336144360264
29.278602519198923
29.30856279810559
29.338509946814085
29.368515671856564
29.402713818330042
29.42568155028138
29.447509255034166
29.471118666142296
29.495013078719698
29.511727157162717
29.525261703533673
29.5411148624599
29.558449192878378
29.58124900072139
29.605227340851677
29.62676099176118
29.650412608844743
29.674442250014756
29.70074727373993
29.730005297261467
29.759404339339902
29.78859150049661
29.818330344416218
29.842229911607316
29.871967738433522
29.901740156222512
29.93165815506101
29.955688544649888
29.98583522402931
30.01607118357162
30.046277147940927
30.076369229564968
30.11169162906449
30.134052045694883
30.162205319545706
30.188308391186922
30.21372276954545
30.234155034852357
30.264962178694347
30.29253144959613
30.322540376586026
30.35222752514355
30.38178304510272
30.41154123804924
30.441582313711226
30.477660659471084
30.507628537297784
30.537530213368527
30.567557645141044
30.59769539030362
30.627779427120373
30.657738045753778
30.68735217556672
30.717091466538076
30.745518289824364
30.770690890643408
30.795253408276412
30.822627770591637
30.851062353441492
30.877315900018896
30.905284247190043
30.935179309690774
30.965193050801936
30.99518954799026
31.025254132780567
31.054728522165565
31.08239466764301
31.105669395150233
31.134842360806587
31.163041049808818
31.18619168738034
31.20487834800837
31.227360079315805
31.25334951656711
31.27246182120846
31.300861887663025
31.32230814470044
31.34110514807924
31.364208046824597
31.383921310917188
31.405980543219197
31.429578841417612
31.460532036320835
31.483017717322912
31.506814323880153
31.529671333830983
31.55154240284758
31.576881403903037
31.603789965306483
31.633058456264198
31.66288283412083
31.69031001760286
31.724912400784373
31.755092375530126
31.785245221462805
31.815296688616016
31.84528411729885
31.86917895584555
31.894409082475246
31.923289072106467
31.9477379709539
31.9719977995154
31.99717540810449
32.021772747015916
32.047821735784765
32.07636330857532
32.10478688086193
32.13459820583938
32.156397680834836
32.182414692339336
32.210530011353825
32.242938770865436
32.27072595214973
32.29247784268951
32.30916048860658
32.32920503883511
32.342988503872164
32.36629266230513
32.383955827503435
32.41124148842095
32.433650878572955
32.45733489834049
32.47756255513144
32.510420860896836
32.537937139130165
32.56012961413322
32.5833671483736
32.600979554197394
32.6163606509174
32.63569897549974
32.65880440943039
32.67924638754279
32.69689546711198
32.71591426071618
32.74282047839112
32.778778914827754
32.80881845755018
32.838855860996716
32.868905321029594
32.89802871390374
32.92510238640239
32.95354200199649
32.9834577468077
33.01337247468243
33.04914579221539
33.07292629891735
33.10862785712705
33.1385468669026
33.16809155773432
33.19793414343876
33.22794750373183
33.263985496369365
33.29199700989786
33.319667044820946
33.355307926318964
33.385275633579404
33.41525207859925
33.44527009397063
33.47530879456599
33.505322029190815
33.53524052225093
33.56518893262528
33.59509360087463
33.62488262401355
33.654584196266676
33.68406060070432
33.714079444736186
33.746590171222074
33.76945007424295
33.80540222258565
33.83542184066747
33.86546250272992
33.89519789477962
33.923733241893316
33.9468454369437
33.9765080398353
34.006076130827765
34.03427034015174
34.06424352434841
34.0993296492191
34.12351110068136
34.14381738576193
34.165209327389164
34.18608463477378
34.210631213006764
34.23900615357884
34.26580213396926
34.28773453405706
34.30979319232772
34.32935976610734
34.34320098368862
34.35690279487525
34.36942077104546
34.37592467568538
34.3838452314988
34.39769337044684
34.41565602319033
34.43702330554055
34.4589334327265
34.48162939797203
34.50363124107681
34.52691456900761
34.54381421504994
34.56501314012989
34.582810382251765
34.600338394135115
34.61670355255433
34.62830909321574
34.635334420658445
34.64073518429376
34.642521348068975
34.646761446167716
34.65041964411972
34.65901201023783
34.6657375651445
34.67570241696574
34.686509118518536
34.69990865595092
34.7127491106063
34.726210732541766
34.73571667338783
34.74337108701473
34.750061715806204
34.75329441677331
34.76212382147222
34.771868233952105
34.783730529572246
34.79876879426241
34.816021302892715
34.83740068246903
34.86324632633893
34.884930818612276
34.90674045080589
34.92810614178162
34.95289366018869
34.97474916858801
35.002472461370914
35.03624728852777
35.061048741376425
35.083776591086014
35.10289342034826
35.12203962984644
35.148362439566036
35.168580372702905
35.1867727897225
35.19946884752036
35.213761034028764
35.231871226489226
35.2461648269054
35.26037481907516
35.282831026886605
35.30586952258719
35.327459502415415
35.34568960123484
35.36578531404041
35.38225448374629
35.40388474062635
35.42632110163555
35.449056013263366
35.47527672481467
35.50516191856214
35.5332686967913
35.5577060558974
35.58231479951053
35.60604016106898
35.625835436926785
35.643039566170565
35.66029856206723
35.6731153923889
35.69003566634824
35.7153881084221
35.742357949780995
35.775712827617234
35.79686662534277
35.816384230632515
35.83603727568549
35.85408846309601
35.86932502336154
35.87696789126695
35.896898166410885
35.91754241846077
35.94274949911314
35.97221638665113
36.00220950066815
36.03177665201344
36.067924272478756
36.09797001552109
36.12797984451972
36.163929838039884
36.19386880336791
36.22360615780395
36.251382524165024
36.28201599405316
36.30317793327174
36.325104538979986
36.34323192470189
36.361229565879306
36.38056550676618
36.404488389129774
36.42969360488339
36.45434909058416
36.47378142681533
36.488893970065995
36.497618824967326
36.5062456071114
36.51474437165458
36.52489756875642
36.540831842751054
36.56168903776362
36.58131332597947
36.6004780616735
36.62228300287256
36.6479495835398
36.680669363911576
36.710193334679765
36.73880403669188
36.7688044170344
36.795112368327686
36.821563812017864
36.84692852998647
36.87048526827861
36.88789539368364
36.91816005492608
36.94198617388577
36.96872592631431
36.99249415908824
37.01624466026083
37.0454374139761
37.07456648483275
37.10456714179189
37.133036904364694
37.1621793521297
37.187879149472884
37.21119001554221
37.2375283303272
37.26399776335692
37.292016744394516
37.32151648509093
37.35757822382667
37.38765977509599
37.4216774501636
37.44655767409051
37.470136356717724
37.50011127216053
37.52451316844156
37.54209754593288
37.55626486550271
37.58201620830921
37.604729314788656
37.624732725730034
37.647542394324304
37.662816626769114
37.683890169998975
37.71440286788757
37.73351923005859
37.75022952576435
37.76673416154683
37.7863576469966
37.810159608510446
37.829752748885895
37.84344969444989
37.85921527863393
37.878683218121424
37.9059782677975
37.92812724389869
37.94820869841805
37.96996966676711
37.991233990214326
38.02008390855103
38.04512926567814
38.07264230423453
38.09805631184636
38.11839897721978
38.14103063585342
38.1680331294272
38.19258613203782
38.213237062709965
38.23079650058103
38.25337926539303
38.2716204760065
38.286966823244654
38.30968563751596
38.32719012651084
38.353135737827316
38.37850483804499
38.40361555562439
38.436813939070944
38.46383978705977
38.49454560941247
38.52352176309504
38.54646354169064
38.56602829629568
38.587710336607635
38.60650760656502
38.63113739915851
38.66501430143958
38.690192704986394
38.71980656456015
38.74560130743314
38.76688706332822
38.787385443931186
38.806362475458386
38.82290694744446
38.84425280773911
38.86584956045774
38.89398244305206
38.927976876986186
38.95488073488298
38.98410133908445
39.00803080961961
39.03804421179375
39.06807175379227
39.10408487972125
39.128068752798676
39.163942110772375
39.18785770903321
39.223796674212664
39.252751162979415
39.279836766822214
39.313741219587186
39.335064972377836
39.369727263479184
39.39939283455692
39.42946356454856
39.459512000992355
39.48887051090836
39.51886729737652
39.54715501479247
39.582871208375956
39.61236513002157
39.63639382808586
39.672423380210105
39.70243016571968
39.73238230763717
39.762380342883795
39.79718955212967
39.821057432404054
39.857057091363544
39.88697706369772
39.91691260544229
39.946875951747124
39.976604521824754
40.00529791081997
40.03291556004661
40.06164552788609
40.091647786981625
40.12171121043125
40.151714737460246
40.18166202033186
40.21169412462718
40.24166483832691
40.27166986523707
40.30159476039187
40.33156043836332
40.355340663480455
40.38512078558616
40.4200296067946
40.441107016444384
40.470075811441724
40.497745805562474
40.52312725985416
40.54607830036065
40.566338784963534
40.591024276029316
40.616487012744166
40.642479065857
40.67833111335325
40.707894233061644
40.73538282501075
40.76105342036414
40.79327400039931
40.82100207007553
40.83953650121593
40.863756117693015
40.885652493422654
40.908592419042826
40.93479677756382
40.95470791581305
40.97316049011244
40.9929057098758
41.01588310856146
41.03782392542356
41.05338210715023
41.07207815085251
41.10106400365442
41.12675533202387
41.14928644349217
41.17065255106978
41.18298564385811
41.19236343189447
41.20403515304765
41.21810658117218
41.23863205618692
41.26002651617393
41.27708475505689
41.29426903161765
41.311563210494874
41.323924828917804
41.332462519329226
41.34271504438505
41.351405134520014
41.36501184386355
41.38050144350593
41.39724493062231
41.41937846484551
41.4468239644099
41.46898027281592
41.491137921408765
41.51463356413554
41.533528821049025
41.55725964001255
41.5805116308309
41.60329343628433
41.62275696383756
41.642458960879004
41.65740205541556
41.6725910496426
41.68960250985841
41.705192764754734
41.72390293688222
41.74289193915989
41.76078676507709
41.77183800836463
41.78153722392455
41.791644788320674
41.800135768198196
41.819990873753056
41.844452474871595
41.87312619088605
41.90856287729359
41.93623512794485
41.96246720696389
41.994547447321054
42.021070273894985
42.04645152559993
42.065170185163986
42.08667311440397
42.100824834265886
42.12076598067207
42.13659880031485
42.15036070090591
42.161030099038825
42.17142614252228
42.185030513733565
42.199724479617714
42.21457406093346
42.22980923206257
42.24766435176961
42.26778447855892
42.294528419272126
42.32672016426202
42.349755662331084
42.363975699055466
42.38519927683927
42.40422181596551
42.41725897502504
42.42459448319912
42.44195600641405
42.46116562835341
42.48014543722007
42.50793229917586
42.52916637076282
42.54860596960038
42.56528786779923
42.57989661080173
42.59151023601971
42.60730968332324
42.617972698046856
42.62439813699889
42.63321480534405
42.63935081581447
42.64491336586053
42.664331150920496
42.68803059925478
42.70793830141042
42.7261677166121
42.740575237301
42.760853452082074
42.7854555204815
42.8106138114634
42.83729302491556
42.86551713521314
42.88889822708078
42.90613258661849
42.92479689363711
42.940463323398234
42.96257612261998
42.97978943895216
42.99776977842425
43.01952248741554
43.038226906117444
43.06386894669116
43.086199718501014
43.10346233682458
43.120577494330355
43.13820718055421
43.15584156133871
43.16958852681419
43.18798421624877
43.20320041092835
43.22032085563806
43.24024763320793
43.25278705210926
43.267753865574015
43.27909014159839
43.290327713313886
43.30297032931251
43.31969063111406
43.330327043359794
43.33218410475294
43.33303477581091
43.334242170292804
43.33949176065141
43.348607882875136
43.36621628291376
43.378395509142884
43.38452767583403
43.39409144544427
43.40439737940697
43.40995742075795
43.419299601779386
43.42959788460406
43.45006113644906
43.4735676402226
43.50172000901789
43.52569769762935
43.54837517206205
43.57284761078458
43.59217739765298
43.60516739052429
43.611657286587956
43.623004024724956
43.63979650888687
43.65739587363277
43.67617880408673
43.69565866251108
43.71406293647238
43.729169176062555
43.74518237200996
43.76979061771701
43.78521604777897
43.79725175577213
43.81314626646132
43.82921567333031
43.84949720054102
43.867773116630936
43.88393421137757
43.895714187149004
43.90918930602784
43.92293801682062
43.934192161249356
43.94386300225936
43.95169053177445
43.96178189677981
43.9775413945099
