8.210166625605224,-0.4635721600498848
8.22156781267046,-0.4532905261022051
8.240714320457318,-0.43463348228523235
8.25520202478986,-0.4181305582201515
8.261584002244662,-0.4096040756992777
8.265413446203837,-0.40378587810270183
8.267616132189339,-0.4001311694787983
8.267780083298154,-0.39984767806696786
8.267779669011857,-0.399848602907124
8.270935700913357,-0.3943774632797614
8.27906382937422,-0.3802255490810902
8.29192643676038,-0.35773344419609654
8.306508796096947,-0.33321010199872325
8.321558192836463,-0.3089077619410745
8.337380548156718,-0.28345021580502106
8.35268563265793,-0.2577076281102444
8.366751614450797,-0.23133607026507286
8.379581798116888,-0.20452023863472885
8.391843983569338,-0.1767275076031421
8.404021677638937,-0.1491527831170324
8.4156958443473,-0.12371041852682323
8.425870579327833,-0.10280262226655294
8.439286586710894,-0.07771855235330773
8.449943816259134,-0.058120262351484514
8.462440706348982,-0.03362619209859458
8.474739311505115,-0.0070844621901801986
8.486020894362182,0.01872927463985154
8.49704840449664,0.04309580527169453
8.508063009277405,0.06730576383889772
8.519102797552906,0.09165016916641212
8.531586519920854,0.11887913814934228
8.543776115212276,0.1462544393160878
8.555608369406198,0.1738194827652114
8.567601332164145,0.2009249259988346
8.579899613183619,0.2268739036442349
8.591566583093131,0.24986434173134095
8.604007542820192,0.2738289858481469
8.616724463319184,0.2992634102267732
8.628951560701196,0.3258464807790464
8.640489685812183,0.35352338370001785
8.651891491329168,0.38047550468131813
8.664169255208462,0.40789508706233707
8.676914202673952,0.4348276753470778
8.690702429057431,0.4611255915202113
8.705413438126573,0.48730941910301795
8.71976276334742,0.5128554297366249
8.733591082571769,0.5389908787238167
8.74514090182261,0.5630150822543899
8.75624225065083,0.5901521938249923
8.765845881425284,0.6182958943241329
8.774480685989648,0.6469909423843718
8.782524635149644,0.6743720485896557
8.790967794655526,0.703112475294349
8.80020718269295,0.7317062063644547
8.809550581920348,0.759920347265504
8.819571920094141,0.7882551176811604
8.82959858293131,0.8151315555413058
8.837727208119485,0.8356789537234645
8.846534999325158,0.858508462678799
8.854030041248665,0.8798982558794155
8.860921840891843,0.9011686458076227
8.867605126187255,0.9234466469193889
8.874409513835694,0.9460632652084546
8.881132766311314,0.9668602443388365
8.887391263221348,0.9842179278146914
8.895398720510414,1.0058465156416163
8.904965941082782,1.0310656343725781
8.915187462833329,1.0581511935848484
8.925069623287753,1.0852876446429258
8.933713575019567,1.1131849341613558
8.940694405425104,1.14223181078344
8.94745945063149,1.1715090234981265
8.955899708600853,1.2004300981599216
8.96566505520397,1.2288188997695835
8.975328021193299,1.2572048690082973
8.984573394885276,1.2856794698491922
8.992048573815243,1.3133750360163812
8.996664983658528,1.3354720607238166
9.000381550830902,1.3568783206921209
9.004640631297338,1.3843359512314712
9.007662106487182,1.4134595546282658
9.00884421953073,1.4431180895419855
9.00849095547024,1.4727586566620068
9.005553741688088,1.5020715356324665
8.999375276974474,1.5294683331445782
8.991036647686371,1.5517219618382687
8.980258609256506,1.571623788836441
8.967787660730636,1.5909188746681642
8.955076953411451,1.610216436692709
8.94349654151615,1.6303531934393967
8.934334396608422,1.6524467267255736
8.928995770998943,1.6745749506337335
8.926276615655805,1.6965358394167915
8.924873256608103,1.7140926936608007
8.92278569525081,1.73611578750176
8.919229069215076,1.7574799247704487
8.913613282207923,1.780415282888351
8.90769555041259,1.8013076856748511
8.901033573690148,1.824702367066488
8.894562859116554,1.847704753321719
8.88878597549484,1.868428048817255
8.883889697780635,1.8879772008650986
8.879380984138551,1.907796325231537
8.87368378089186,1.9313602703814587
8.866958648187374,1.956014250647794
8.860898656717684,1.976678110074247
8.854754039492454,1.99923608899511
8.848939529024657,2.0251005216025932
8.843695232584434,2.0513503885903694
8.838909195333397,2.0724931443612458
8.832871782360922,2.0951355341987075
8.826801292797924,2.116461844314798
8.81864384815148,2.149354085670557
8.813694484241301,2.1773084777936966
8.808732297810018,2.205800935616607
8.802825405767608,2.235077299390265
8.797406733132357,2.2583720200009596
8.790664773661936,2.2875975696599147
8.78522293716076,2.317165142147013
8.780063881211825,2.3457276183249323
8.774586778580925,2.3711832016249392
8.769283201763674,2.39680109541954
8.765679958341561,2.423656316688344
8.76385208295239,2.451303556747854
8.762957967998831,2.475712992094032
8.762562686292268,2.5002526706784423
8.763102915402209,2.529063806966712
8.765567757141163,2.557799735728061
8.770822465793884,2.587418630782251
8.77788385981529,2.6130548835297223
8.785276842376271,2.6340174699910754
8.79215614086201,2.651920230715719
8.799945630043334,2.6722264253467207
8.809540934020589,2.6956409564819857
8.82090202518503,2.719352677205059
8.833239084689183,2.7419705179963487
8.845616421827632,2.7635657838224685
8.856490383040201,2.7816369094848854
8.867230785761958,2.798824618091527
8.880913614269506,2.820306704669873
8.895129471875677,2.8415655517998393
8.910771811140703,2.864286877422121
8.927139671428323,2.888961586681111
8.941582264609828,2.9116228917957483
8.955123121266139,2.935201175998339
8.968026823602264,2.961920842540045
8.978418010920212,2.989819382806439
8.98686509846041,3.018275725730197
8.993551520696302,3.0412099393012033
9.002795067508613,3.069356102467011
9.011850682957716,3.0966290748534635
9.020320585446628,3.1250798061496106
9.028605940349193,3.153902208209495
9.036920761371553,3.182666327143848
9.045457334372557,3.2111501768534163
9.05407475141848,3.237331180905662
9.061903951544648,3.2596519853300667
9.067684772308272,3.275262094008767
9.074011644427669,3.292778197636852
9.080744263913006,3.3127337464074182
9.087382912208012,3.3350281386259586
9.094324967176979,3.362854713691511
9.10097550693491,3.3920374530876023
9.107401034234687,3.4213146686453824
9.114005359706605,3.4497122344176097
9.120741712392126,3.477700052046089
9.12820717649589,3.505501132412711
9.135361776727168,3.532583194725743
9.141836419693746,3.5601619629925483
9.14715721550071,3.5895901667580588
9.151125478506538,3.616685225918362
9.153908408397292,3.644745673031223
9.155596515063285,3.673970663107282
9.155339777773476,3.7004407123841205
9.154017131118746,3.7216610274122583
9.149470542788011,3.7553254855590223
9.14484176789755,3.7843883425610665
9.141124418952264,3.808084533068465
9.136634224534264,3.837798897884015
9.133204399982326,3.8676712792089085
9.13114826626466,3.895749426383898
9.130529486532204,3.9178455898973255
9.130232340462829,3.936302371686041
9.130176147704683,3.9582213812514313
9.130511080619634,3.982437275981037
9.130290207426095,4.009281362581639
9.128594603729967,4.039144814107671
9.125975834955703,4.0690028703611745
9.122977695724149,4.098834529542261
9.119942693429417,4.1286995272197595
9.117451149984651,4.158638866757175
9.11553275697769,4.188606928837948
9.1137888605097,4.218519648210046
9.111061114437552,4.248341969982388
9.108376630442706,4.271748496937149
9.103879197694187,4.3071691162115515
9.100586980895445,4.336651046415549
9.096727648226823,4.366499682297288
9.091795517526439,4.394236348775104
9.087419847542188,4.4143783162036785
9.082542140218745,4.436673973864103
9.07811802371307,4.459304478161355
9.073609012525312,4.481946640481775
9.069156607680014,4.50139289347783
9.06561569242819,4.515623809372552
9.061428683732755,4.534583768711872
9.05647183897672,4.560527863547183
9.05081745676331,4.589559605795179
9.044003885106859,4.618721795084684
9.037239657826516,4.64730914783984
9.030909827957188,4.676434391468324
9.025401609132043,4.7035277037228775
9.01940702295594,4.732245831588982
9.01306632696758,4.761604511844829
9.007872681143693,4.79047078384296
9.004578890569034,4.816125310072163
9.00241343709113,4.8423533600277615
9.000118229903391,4.871843568496432
8.997232271927027,4.901239641232246
8.994209628601132,4.930002126765546
8.99194863814651,4.959590030115674
8.990086613904017,4.988547836237856
8.988303664287727,5.016721310255096
8.985884622096588,5.046244774588624
8.982053653170162,5.075912161785449
8.977818580903136,5.1052256680480985
8.97480179344827,5.131164206575654
8.972142361923684,5.1542395658962095
8.969680505605345,5.1738577480429555
8.967133495730222,5.1938695134573765
8.965187272885672,5.213206301301698
8.963864355333014,5.232543143052318
8.96282723491956,5.25240180089057
8.961015529060644,5.278476924983228
8.95918522577004,5.3079208390010395
8.958752270754777,5.337729569064865
8.958908333452325,5.367618900144748
8.959286180874795,5.397626015672983
8.959907676732108,5.427640503698141
8.96029284392085,5.457564443628953
8.959260278800384,5.487469387461002
8.957233209197668,5.517327820190655
8.954410122368385,5.54718133731669
8.951898715752886,5.57712805550499
8.950319823167291,5.60567882226782
8.949755934586316,5.635725603962166
8.949409524975454,5.665716188233681
8.949016383048184,5.695522332171645
8.948028378091387,5.725375374500985
8.946563914318414,5.755316444141187
8.944732361286574,5.7852426940289705
8.943042295705363,5.809165140949103
8.940706092401777,5.839061526969396
8.938385606911003,5.868963515904039
8.936285142483682,5.898869605133053
8.93376328560476,5.9287393323007285
8.931385330511887,5.958696082196554
8.930198279051748,5.988386458689597
8.929877639826202,6.017744097402497
8.92937535764923,6.047559794491601
8.92881771131278,6.0768045801252635
8.928114689841866,6.102661253725329
8.926896042641477,6.126977809373986
8.925114833181567,6.1497215385937425
8.922532549780389,6.170875505803904
8.920001303716623,6.189491765556103
8.918033465704248,6.205071257470005
8.915023455308617,6.228316108737101
8.911947383236598,6.253668703753625
8.909534905823369,6.27594529528341
8.907857908304715,6.298194591562453
8.906408073764418,6.324193367777963
8.905219103423827,6.350701701833715
8.903321795630097,6.37592089798757
8.90083453870683,6.399587967453864
8.897370862870526,6.4262736939442835
8.894033323891929,6.455838879722198
8.890590618384758,6.4854311840827785
8.886718044787353,6.515121219006964
8.881580905497325,6.544573111604362
8.87539903394657,6.573926544706947
8.870316137319142,6.601613583729599
8.866936270852102,6.629529766825901
8.86498768309035,6.656398728986371
8.863361912654934,6.686200796233736
8.86123859456751,6.715429467822854
8.85857315687086,6.743829906335338
8.85612753928992,6.766582736688743
8.852061701837462,6.7962357017990715
8.846972697608157,6.825741144907538
8.841354593913787,6.855226077000659
8.836870147611124,6.885002791812988
8.834298357902075,6.9143513882740475
8.832822898961968,6.9437581512651505
8.831062393342432,6.968961592676049
8.828671987708448,6.99219000216841
8.825968945823915,7.01801075711838
8.824187405408164,7.047384820109424
8.824327077051345,7.077452695353877
8.82548372686704,7.1073604382676425
8.825640722255935,7.137225580545736
8.824538278241798,7.167177003807092
8.823862302348733,7.197245208306657
8.824719814800018,7.226391081899829
8.826405500753166,7.255057836207309
8.828280519946183,7.284984794523317
8.829598151531938,7.314901415953606
8.82998249196306,7.344861191929163
8.830417268639199,7.374872463983354
8.830869681857898,7.4048569870006835
8.831350111796349,7.43435830816848
8.832007099668616,7.463388967003396
8.832891312309359,7.4863206951567784
8.834097700086758,7.521519233306444
8.83517989522649,7.544106908741314
8.83619085064804,7.5730068790795
8.836131842039906,7.602026414113703
8.835925341595932,7.629419238508262
8.835560422294536,7.655130730215938
8.835524874090487,7.681297077376302
8.835529113602545,7.7033894816756066
8.835672408655729,7.723598032421146
8.835479078598798,7.74715322672081
8.834998930215894,7.774308397049475
8.835185263355589,7.804327166238018
8.836175510409028,7.83426102020318
8.83750119054804,7.859250473957996
8.838979603363367,7.880653981385755
8.840782828879664,7.903641592470644
8.84191996999584,7.9251827292102455
8.841727621945871,7.947545764703281
8.84073916604103,7.9705481417300925
8.839691204472253,7.996346323606881
8.838753851680607,8.023662288852114
8.837407253175815,8.053221267883323
8.83593051135441,8.081943980902297
8.833063926498502,8.110258364916229
8.829145034696158,8.136697459941056
8.826273287305526,8.155174678917414
8.82219106426339,8.182594030643662
8.818434608433579,8.208813742085834
8.815766345031559,8.231542019931359
8.813632417511347,8.256128970391345
8.811241183823451,8.281412734051687
8.808409617688572,8.309350368060587
8.806279659944577,8.3393580447937
8.805311004677879,8.369373723021543
8.804092705714613,8.399294959493863
8.801969819289207,8.429177446187254
8.7994034588167,8.458297112470644
8.795868113981953,8.486927826052037
