0.026556597905103504
0.0530290125285805
0.07302268566018277
0.0771916987434371
0.0809605307168173
0.0898655004597542
0.09671890240866385
0.09729300541098378
0.09729503773097543
0.09729742884069062
0.09729926548388358
0.09730072234042247
0.09737970990000537
0.09759189671304522
0.09875115534013294
0.10373186143754806
0.11765232618528468
0.13449286579234468
0.15146782059654357
0.1692127446081516
0.19316179389013213
0.22897052166015286
0.25910288313092683
0.28848310217142575
0.3170052473746835
0.33890788476419675
0.3674559893401327
0.3969617435794024
0.42682162017173664
0.46099227781318475
0.4883450425077896
0.5156154331061302
0.5408434014848169
0.565003978118953
0.587122666392993
0.6119489594895007
0.6356393946517287
0.6601599869877828
0.6878462515581207
0.7231096394153586
0.7470031796768701
0.7768803500130265
0.8066967170092014
0.836572516759034
0.864474649485717
0.8933378447546604
0.9173711287612328
0.9387000206293159
0.9637853999524462
0.9897739470998533
1.0122783918652862
1.036557193890906
1.0689882587607893
1.09381091522837
1.1159785198650685
1.1396850883753162
1.1655671676789177
1.186732813066699
1.2014612068535415
1.2169064530464093
1.2290788639598758
1.2436764618582843
1.2636362851824199
1.279371868100095
1.2919742148340378
1.3020944017355705
1.3112254870674385
1.3239109326861715
1.3385438342148455
1.35196882968957
1.368553356579004
1.38924556849307
1.415958958624397
1.4340313950491317
1.4513418365358834
1.4744450076920155
1.4955416505527355
1.5140351369097245
1.5260024010490907
1.5369366470538923
1.5512672674559274
1.5718479550282232
1.5900930068980934
1.6119361091514635
1.6370196884411363
1.6556407290836805
1.6721594673137938
1.694257107551641
1.7140175948529115
1.7445525533367818
1.770420310843107
1.7939559806189942
1.8117094488588525
1.825509480655104
1.8405172150710796
1.8508072009535235
1.8594978931401809
1.8731608436214071
1.8943512194263525
1.9146946148819013
1.9343832827909018
1.952505669894102
1.971670129831136
1.9841706505990286
1.9991726907748124
2.00938879658471
2.0143639499004573
2.0181791606635433
2.0237511536925186
2.0324768046083292
2.0439460090226955
2.0623461524588094
2.0799483063229993
2.1019609714770353
2.120108635963135
2.133308779955541
2.1490425560566577
2.162630879468946
2.1787720667176025
2.201238346971025
2.214073704074887
2.229686816463449
2.2438300624826866
2.254401819832712
2.2655367344031063
2.2796939846081474
2.295586022034097
2.315619086340318
2.331047764659383
2.3480602854404573
2.3615048333774267
2.3845611493885266
2.399914907026674
2.427603141872406
2.4464608355923785
2.4615964191940822
2.4762744496504463
2.4832596384011025
2.4888712934272776
2.4989418417447906
2.5065377244575977
2.506706456667961
2.5110808968761607
2.518975150696898
2.5280974860520993
2.5368973046943157
2.5394999598747625
2.5403853840376973
2.5410058768118793
2.541479733445006
2.5438571584601974
2.5476212329119665
2.5548775691393204
2.5600083017901762
2.5610787356718476
2.565285214663959
2.5670179816700758
2.5713301850550248
2.5733100348270095
2.5733879686066072
2.574303893076056
2.580280751777331
2.5884957080587503
2.5970268447027864
2.608565217422971
2.622043617779221
2.6357649474157747
2.649600798734975
2.6598839752049597
2.6689375365118218
2.6874347638718175
2.701808119886656
2.7162325410298327
2.729500457550932
2.7452738282926017
2.760228846553123
2.7705076008513885
2.777815225160719
2.7910022843166304
2.8039848655758672
2.816671068415225
2.841365176761387
2.866220517186131
2.8937611085961783
2.9174322805122657
2.939086184881327
2.954849408443116
2.9755191663540876
3.003526156735552
3.0267783822463588
3.048036502129946
3.0747505403244904
3.1013312449230366
3.127766177945351
3.156323384983366
3.1858645006819954
3.2150352411594256
3.248697031534262
3.2715790417165387
3.2941182148957346
3.3203631868847423
3.349328666313455
3.3758170554335614
3.4023694006986775
3.430847700413036
3.460486044617887
3.490094913630939
3.51988587912329
3.549617121567434
3.578528454534362
3.61196236097428
3.6356948281861863
3.6553851585820065
3.6745111344811185
3.690480278108109
3.704946295363149
3.7177922436295954
3.725096210656655
3.735068099008257
3.747736302458388
3.7649140709017734
3.787084724503426
3.8147160082990967
3.8388375906388164
3.8638433115520194
3.891196169308653
3.91261849798897
3.937740354163056
3.962391470346885
3.990516099476929
4.014455513764626
4.04043892318579
4.061454284790528
4.089040407063345
4.113894042656105
4.13136777133147
4.156834530842931
4.178025771230236
4.1999480185931874
4.226851426451353
4.255315605816911
4.2776279228273415
4.302649404338877
4.326293624997081
4.340244508127703
4.3582375015283885
4.379472407531763
4.398266440188375
4.421105555901791
4.454209920021699
4.479018544268665
4.5038000957216
4.5279241986613
4.5502175509977025
4.571218674179719
4.589899389940657
4.609445151756483
4.621717998581575
4.631758563996935
4.64054628895417
4.647671507406114
4.658925147095908
4.671522877843937
4.683181496674671
4.696531850945941
4.703774362922042
4.715551579497256
4.735478295407627
4.761037334122235
4.786478005073502
4.811849954169173
4.838347787270094
4.86755866926489
4.89734538817822
4.932699991332068
4.956260685713903
4.991757716409334
5.02071975201486
5.046934312084365
5.07302353044091
5.091829692758039
5.115165419042573
5.141366790867412
5.1770287542806885
5.206024567895715
5.236060567086215
5.2661348336192235
5.296182386041544
5.326197157151323
5.356228465444954
5.386230743085928
5.415923556860713
5.451942778880121
5.4819819427078595
5.517988940042738
5.548024666992191
5.5780802608679565
5.6059501511735945
5.634587750918087
5.664931161387291
5.683544325297787
5.712438899249764
5.739732238300923
5.766538619831338
5.795354373766011
5.8205295853203065
5.849259030013585
5.8792595380152015
5.91517856993319
5.939058268705577
5.96896899855627
6.00489733164416
6.03486958871222
6.070899549622262
6.100891642134659
6.130307893224029
6.164337304886357
6.192698031263796
6.216638628307893
6.245513386326975
6.2815518150303475
6.306945657149486
6.3296399764969244
6.346478027448076
6.36473640353706
6.382232194855345
6.4021367154709035
6.4230993091640824
6.447973699409649
6.477650579653615
6.50604203069828
6.536634216578604
6.555063753658343
6.573867260023382
6.5926295125983465
6.606247739669098
6.618779396642328
6.639115479510627
6.662111114515932
6.684876212368848
6.703074925051269
6.715367082964797
6.728513896161799
6.741356129274128
6.7566490982278244
6.771400928301786
6.791817868326293
6.811944636200952
6.8360409888031555
6.8631335635425765
6.875570560822223
6.883636887548458
6.890202845935767
6.897934289180924
6.90561763713961
6.9180682104129945
6.928104465283287
6.940531905276376
6.955424084074924
6.974558292555513
6.999256645667788
7.021383008812175
7.040180656184479
7.058881882188049
7.0800104492278315
7.094495293126876
7.1119217705608975
7.131782648600612
7.157834343455274
7.182224835124696
7.209196594495981
7.244205217896144
7.273448576025077
7.302589221239829
7.332171975578598
7.367110688547066
7.394706249041451
7.428669976835382
7.453738896171616
7.474269323304918
7.4921639505308315
7.510557164100833
7.5375571801538905
7.567228841328984
7.5972399664738335
7.625753710599335
7.648714799035869
7.669936855476672
7.691043315806674
7.72049158790756
7.748334015229475
7.776599853344594
7.8000776330753565
7.81628669560772
7.831246796198783
7.846686278183204
7.85808986359377
7.870838007082716
7.887972937893032
7.909290433519368
7.932275018873052
7.956243867516672
7.9801751919717745
8.004259921944982
8.036999635848822
8.066368102579489
8.095492008101186
8.122700530335518
8.143391192239248
8.166341058551254
8.190658478312045
8.21859508406074
8.248344928655426
8.278493152678113
8.308377686044993
8.333021953326591
8.35653060269334
8.37935659917824
8.402530630875377
8.425716315348872
8.445870748974711
8.469310694687445
8.495667240680204
8.512787059245175
8.530384999529245
8.548835182059259
8.560819420345911
8.575837631598743
8.598761839029166
8.618745301553687
8.644854173820159
8.674385635449843
8.699763507308433
8.724335628551781
8.747134920583866
8.768457324844652
8.78955313599317
8.815697149312312
8.842699862220844
8.871804566325427
8.901861727233902
8.931900785072662
8.967927500343954
8.991923743042358
9.027934234236836
9.057906602799378
9.087762195698037
9.117482810487713
9.147266523860452
9.174718420811745
9.206617835763197
9.233071950143591
9.25723325129079
9.280429317484435
9.30642585101579
9.325360989219249
9.340546895390185
9.35403509524228
9.367613346356913
9.37889128445889
9.387743843939448
9.394087519830823
9.399071945136516
9.39987360495007
9.402617235012661
9.410338694482682
9.41545780435208
9.422201327562332
9.42570133513241
9.428731445017345
9.437060416736326
9.44766262146229
9.466240970985595
9.483410916945262
9.507398714668641
9.532536163777836
9.558737517426147
9.587869675241583
9.618047574380622
9.652986456903278
9.676806312902661
9.697918645215928
9.724678172684548
9.742991297421574
9.769861439364508
9.787747959740225
9.798545676837605
9.808649814984772
9.821666682000714
9.83491894721271
9.848866106103722
9.864130170641724
9.884802719947325
9.909457003933829
9.934279076781584
9.958969285021615
9.987369564145238
10.023336601550383
10.053431069658643
10.083574861090367
10.113478877154998
10.14316395993637
10.172861467868998
10.208510920160428
10.238451823947958
10.268301131380008
10.298148584248702
10.334148870211944
10.36433218903081
10.39446535897938
10.424144314790174
10.451426989257842
10.486688394057294
10.516692589467503
10.545076714971819
10.571588986197124
10.598668853597463
10.623327561788487
10.649639939707315
10.678046704080296
10.70697747141599
10.741894397611595
10.764641204932829
10.793468250623766
10.81694270499451
10.842563743843641
10.875353144319094
10.904246016499503
10.934355213160599
10.964365125351517
10.994159331025548
11.018113098824402
11.046309980307647
11.076376112147743
11.101980781637167
11.12663015096632
11.15837077713048
11.1864307384542
11.214384658163736
11.241031772426998
11.2606347789772
11.275321564895878
11.291934090656609
11.306893734496654
11.32542702251588
11.350012223156304
11.37330078905371
11.388599664568305
11.406047138305764
11.421082263726564
11.438273110822362
11.459168716466035
11.477669426249122
11.48732093430312
11.494235108844128
11.49895986705289
11.50297647913243
11.514664519506862
11.527520014586962
11.54155013955816
11.554210559840994
11.565587012315868
11.579788788186779
11.595957633240351
11.623378368837233
11.651315537697263
11.679128345737107
11.703008811174476
11.73295162113252
11.768092523494154
11.795347945308812
11.824884477733452
11.85494473014459
11.88500830386511
11.913551472868923
11.939763744928651
11.966086878632868
11.98809098800778
12.016629007386014
12.043706614265389
12.067592758747685
12.087179607599833
12.107121425090856
12.12559792704155
12.141344897245697
12.161565036837667
12.176750576468649
12.191056912497618
12.210758477427628
12.22966594587335
12.248315599234118
12.275370965368438
12.310299077239618
12.340359327145142
12.368710262661827
12.403868240604766
12.432989778443316
12.461849302051261
12.489481009719654
12.518286022424663
12.53863073904721
12.566202703230257
12.594433099228263
12.62371107605037
12.659406306153064
12.686313867459985
12.718912105003412
12.748182111128116
12.781580145547549
12.809421232306393
12.838637233944079
12.8687716634205
12.904871254724991
12.929310855916329
12.944234011124793
12.950289816609862
12.950649795669024
12.953007920426455
12.956870451726965
12.958079410783789
12.969037352198496
12.98277124202357
12.99863069964643
13.02196278649283
13.050682671928941
13.086698571824547
13.11498926010309
13.144501218335563
13.166382700700238
13.184252005632827
13.19936393318444
13.211628525106427
13.221048918750329
13.232019237646373
13.237331958233437
13.2405131546941
13.249547385258602
13.258655290362602
13.265944465809556
13.276720113241081
13.291713185417478
13.30208049467325
13.306568470113536
13.308426663049651
13.312814839246414
13.319393505043859
13.328034061325027
13.343561275186195
13.357803900988264
13.373700092960359
13.385921739160473
13.39908399915453
13.415974040558474
13.432347860982574
13.444284907601148
13.46099408302592
13.475229739398447
13.491969638674293
13.519782565948741
13.535083921486656
13.547699241359446
13.558898790133007
13.57438765063384
13.589423326821937
13.600523993896134
13.604167881365866
13.611119031614345
13.622703862123068
13.643135360685683
13.659385712222956
13.672600701223539
13.683467893688166
13.694875766145739
13.69628841727889
13.70388655203962
13.712063754674622
13.712939687321242
13.718342633769433
13.730117421678473
13.748761930496226
13.767405383294196
