8.297896798857424,7.21311522278553
8.297929084318502,7.213141971004284
0.00010529507814764039,2.279498831761306e-07
0.00015851614369572856,2.573230554104887e-07
0.00020106413803980266,2.573527447010524e-07
0.0002145610482847892,2.2175207810677272e-07
0.00020981344763863606,1.8423884859635044e-07
0.00017822755208232713,1.401422583308211e-07
0.00013912086425530633,3.212863748770271e-08
0.0001279868348587961,-2.0430933437083282e-09
0.00014991652772724002,5.28962662549456e-08
0.0001682113188186358,3.5918049441753246e-07
0.00016558973202340666,5.426172867859616e-07
0.0001478385108789506,4.141523617538696e-07
0.00014315511122384422,5.2110285043335406e-08
0.00015434116207339104,3.781780934170674e-07
0.00015619697298183678,3.335512760943616e-07
0.00015011180429316636,8.72838719385128e-08
0.00014946078456123897,3.872228838916293e-07
0.0001527684868435838,6.145969549144877e-08
0.00015294209652970463,2.7206944914294527e-07
0.0001512917944073348,4.7509018816499397e-07
0.00015116280704646748,2.0965360539148555e-07
0.0001520068129181288,6.516987714090102e-08
0.00015207489474624355,2.9699367678075395e-07
0.00015151335849662408,2.502084888358677e-07
0.0001515834122982153,2.6305844987736436e-07
0.00017010903731407253,9.261154706055478e-07
0.00026833843365791515,5.0078146909571534e-06
-0.0011327621351584932,0.00026152283867617433
-0.007512147288197702,0.0020753344577085497
-0.01254536124349577,0.004357997538823559
-0.015450801592146249,0.006274321560891864
-0.014077299025311397,0.004932540591667177
-0.011863267944879458,0.002161323856158907
-0.008066262145351676,-0.003924763751371004
-0.00035049131015829,-0.020142399619621342
0.007183588296862588,-0.043326516401959274
0.010457472338276756,-0.06557822979464424
0.009498737605838383,-0.0922134427404826
0.005532039793377352,-0.11516255364763547
-0.0022006298299767657,-0.14422611457393997
-0.011042570037369729,-0.1729086056040427
-0.01978293737172999,-0.20159418027606527
-0.028306728309296356,-0.2303436178624938
-0.036675450319304,-0.2591365950031302
-0.0445274544856698,-0.2880498120907812
-0.05186833387918464,-0.31711036257751285
-0.05744948809065755,-0.3404232524263137
-0.06414839583480679,-0.3696420573226885
-0.07033247885928734,-0.3989676983381295
-0.07611541653872211,-0.42837832249571517
-0.08143437873410818,-0.45787261873324503
-0.08536832392717554,-0.4815224533426891
-0.08994143195430597,-0.5111538462055152
-0.094311228598336,-0.540825805649916
-0.09913191896368773,-0.570509098680482
-0.10534633302347571,-0.5999266402542195
-0.11207587669711128,-0.6291502011828428
-0.11701995092608539,-0.6526002495582655
-0.12278058094076608,-0.682034404819972
-0.12924305569616631,-0.7114251505158868
-0.13771307842793526,-0.7403328135735642
-0.1480036592196921,-0.7686454159169379
-0.1580393753297249,-0.7906181317874849
-0.17366393276263023,-0.8165266045308999
-0.19322759138077095,-0.8395993119221131
-0.21524632224218637,-0.8601865264495417
-0.23812164485238962,-0.8796417657104202
-0.2610754408508673,-0.8989624599567203
-0.279476673838137,-0.9143812950662246
-0.3026535655469423,-0.9334668781605483
-0.3260692501035644,-0.9522506765001744
-0.34974525676877527,-0.970728617997052
-0.3737502027256063,-0.9887652795651567
-0.39796471317426935,-1.0065101800148495
-0.4223190692318901,-1.0240375405131494
-0.4417871329159162,-1.0380691122577905
-0.4660739518623236,-1.055656266861907
-0.4902133197505771,-1.0734511591892557
-0.514307091826889,-1.0913159907862473
-0.5382517978468776,-1.109348505201973
-0.5619496261685556,-1.1277078089694532
-0.585447223082157,-1.1463263561113166
-0.6041037078547401,-1.1613984593901823
-0.6272640070800961,-1.1804443442712713
-0.6503267992037207,-1.1996146215401944
-0.6732412762950438,-1.2189508594702794
-0.6959951516609116,-1.2384783333870872
-0.7185697076479285,-1.258205272185394
-0.7408465444735745,-1.2782474414238798
-0.7584016961972688,-1.2945708115730492
-0.779994598670926,-1.3153446683757117
-0.8012097722605789,-1.3365085891484905
-0.8220395923980911,-1.358044522727085
-0.8423798632490023,-1.3800322734211978
-0.8582666056620712,-1.3979735886778506
-0.8776204392093551,-1.4208372229945558
-0.8965989305755553,-1.4440437100826853
-0.9153522092365594,-1.4674380176937585
-0.9339347690869787,-1.4909763595142942
-0.9487463980378165,-1.5098555577444184
-0.9671786369152157,-1.5335098469024826
-0.9854016949163377,-1.5573259535420838
-1.0035966292230196,-1.5811778268227072
-1.0216880044939491,-1.6050914525829183
-1.039585873259408,-1.6291508759110715
-1.0573113539537384,-1.6533323252296122
-1.0747173483041303,-1.6777327223842164
-1.0884092281389923,-1.697420676486992
-1.1052615816478106,-1.7222140165774273
-1.1218773392563448,-1.7471715240583319
-1.1382143799488527,-1.77230917255581
-1.154317395479792,-1.7975954722590421
-1.1699768685419591,-1.8231437488651219
-1.182319598087182,-1.8437184463312215
-1.197637896374827,-1.8695000328070284
-1.2128005570283187,-1.8953701928009905
-1.22770980883229,-1.9213797786032003
-1.2423691077081558,-1.947532909139916
-1.2567786030089905,-1.9738296605380332
-1.2712748558349918,-2.0001234134776573
-1.286106978699533,-2.0262205698515796
-1.2981354396453708,-2.0470177637995848
-1.3136278873148857,-2.0727371481472097
-1.329477081075054,-2.098248404500058
-1.3459126084910353,-2.1233995967963066
-1.3626327396035514,-2.1483162724154314
-1.3797362132248663,-2.1730063476216603
-1.3970775250974647,-2.1975079046764194
-1.4110921078211056,-2.2169916194053254
-1.4284678283420331,-2.24141941354431
-1.4455397448791838,-2.2660664646983495
-1.4626644920642053,-2.2907294577641206
-1.480243609614455,-2.315089305776301
-1.4947360927100313,-2.3342612673981638
-1.5131516486905359,-2.3579653820146316
-1.5317476744238372,-2.381524492095041
-1.5505524788618998,-2.4049323304003773
-1.5697880325630644,-2.4279969797635323
-1.589390637986456,-2.4507400596022095
-1.609176447306494,-2.4733072068377115
-1.625147840883711,-2.4912465134118063
-1.6455100203811306,-2.513346139577895
-1.666674870848097,-2.534698790224273
-1.6881920833653064,-2.5556017319350537
-1.7095769593406982,-2.5766196174751297
-1.7264405166626295,-2.5936539865467934
-1.7472836432774967,-2.615229952201634
-1.7683078424226626,-2.636640865461164
-1.789410573756474,-2.657984698919123
-1.8106063369205994,-2.679210093670885
-1.8276908145563122,-2.6961034818911678
-1.8494410341360579,-2.7168503469874032
-1.871965483461702,-2.7367444467627715
-1.8946461752674593,-2.7563789947907114
-1.9127603609229964,-2.7721155845658547
-1.9353234877575316,-2.7918804820414524
-1.9580008247160245,-2.811545182535525
-1.9807990873191499,-2.831055143079276
-2.003749088376154,-2.850402120404921
-2.026973502445533,-2.8694413325470585
-2.0457771731629903,-2.8843629937181183
-2.0689615757545874,-2.903327862035836
-2.0917703299932806,-2.9220231747229715
-2.1152476844521266,-2.9393633134385264
-2.1399992082251518,-2.955930153080214
-2.165603266948619,-2.9713321101873067
-2.1872951569301273,-2.9815797162840285
-2.215912507968166,-2.990513585468479
-2.2455726985249593,-2.9953683677684246
-2.269704682953079,-2.995960276728613
-2.2996249459788554,-2.9933012967138715
-2.3292095125536214,-2.9888468478084813
-2.3588040628780758,-2.98444552180076
-2.3885062323369906,-2.980344417151595
-2.418240409347059,-2.9764610198404644
-2.442027269619157,-2.9735125695012075
-2.471774480256408,-2.9698333701198556
-2.5015432855168545,-2.966261685393328
-2.5313452910065157,-2.9630204540561116
-2.5552096637126414,-2.960733937027936
-2.5850737774185233,-2.958450752643286
-2.6149838583485128,-2.9569677580959137
-2.644917479287811,-2.9563614275140533
-2.6688670802971064,-2.95657392264762
-2.6987842838530285,-2.957691105917627
-2.7286422865171382,-2.9598151519186566
-2.7584030963007455,-2.962999031163715
-2.7881200875625183,-2.9669072096617706
-2.8118400706490045,-2.970401315749678
-2.841481273893785,-2.975004273186082
-2.871128600815004,-2.9796028248993567
-2.900740297590098,-2.9842647249935728
-2.930299056061714,-2.989351034941704
-2.959919690318383,-2.9942611846827076
-2.9836940552069118,-2.997802278578695
-3.0135612105873673,-3.0013258718241773
-3.0435003780475913,-3.0038670860505583
-3.073403994166985,-3.0060175557751108
-3.1031761618476232,-3.0089844308320215
-3.132780162539441,-3.0133502733612625
-3.1564081299655453,-3.0174122751234855
-3.185866768640926,-3.0229125390728333
-3.2151928873003692,-3.0289792258784596
-3.244265898981209,-3.0360572124018192
-3.2729240275796454,-3.0445665939694817
-3.3010700791364735,-3.054595597162521
-3.322976262703908,-3.064076300368222
-3.3495337915412775,-3.0777169842987413
-3.3748966817601205,-3.0934349324986474
-3.39879669555677,-3.1113079724693984
-3.4217728651317625,-3.1304796020682293
-3.444286981632631,-3.1503188191162694
-3.462702838282442,-3.165811612688825
-3.48679189284094,-3.1838955545399004
-3.511523030188589,-3.2009472938098624
-3.531577130571484,-3.2141868061497596
-3.556993996198277,-3.230203930647472
-3.5826972272124755,-3.245735780083515
-3.608528649539082,-3.261016463158163
-3.634542856434815,-3.2760127647220987
-3.655483041932006,-3.287764897984785
-3.6817109668869215,-3.302336584179815
-3.7079153011281396,-3.316934811068773
-3.734173736731428,-3.33146842688151
-3.7607262692368897,-3.3455543365790374
-3.7877740486185427,-3.358695642368075
-3.8098060126352205,-3.368393542073513
-3.8380304010952506,-3.3789483524476047
-3.8669447746090455,-3.3873597046047244
-3.896354830665135,-3.39390204819711
-3.926029632900776,-3.398763879264985
-3.949841439645353,-3.401987049951445
-3.9796389061914854,-3.405660708591648
-4.009477694308028,-3.4088829953373985
-4.039211706336481,-3.412549482631814
-4.068874471756338,-3.416722989538226
-4.092518700517907,-3.420647832277444
-4.122061360718811,-3.4258496797572042
-4.151740263972993,-3.4305871825420593
-4.181574504035586,-3.4342545118927794
-4.21132573469268,-3.4377769046547066
-4.234965470686351,-3.4413888105019494
-4.264458434841943,-3.4468382471694317
-4.294187284255604,-3.451444586237242
-4.324117020106883,-3.4541563349336855
-4.348164311855865,-3.454623291007349
-4.378158461333863,-3.454308990243192
-4.408112618640097,-3.4538430140360696
-4.4377961269373705,-3.453495313339344
-4.465475419340446,-3.4532206001645
-4.48589257864458,-3.4530507624023277
-4.498323960562536,-3.453000625626474
-4.511605878498536,-3.452741874698207
-4.519312529639596,-3.452297419802522
-4.524148493015909,-3.451880499058191
-4.5236246144578685,-3.45194553022251
-4.518227893933795,-3.4524793662364197
-4.507572008817344,-3.453057194502963
-4.491779519908415,-3.4526741906211336
-4.481222428175235,-3.4517516156209105
-4.475535950418452,-3.4510543342051285
-4.4770316207489165,-3.451304706459385
-4.482555520529414,-3.4522380415518854
-4.494060790301328,-3.4537801890553412
-4.511616874700759,-3.455268067094277
-4.52545265234383,-3.4558551473076453
-4.539608493051537,-3.455715822166076
-4.551423377568895,-3.4547052915337555
-4.557244916744348,-3.453840056745224
-4.565404194411179,-3.4523433032044966
-4.582947650845769,-3.4488490908658385
-4.60973120083455,-3.4430815979059295
-4.63895770954997,-3.436080903758294
-4.66798216138192,-3.4283000532659664
-4.691032610204521,-3.421371350580107
-4.719274601433917,-3.4107603612627777
-4.7463355043354785,-3.397405357610499
-4.767010464846468,-3.3850373849786157
-4.792307867200352,-3.3688990517465927
-4.817560030258666,-3.3527287264496706
-4.84280596932695,-3.336534780849966
-4.8680448300247985,-3.320328937336646
-4.893199370081597,-3.303974255309559
-4.918195545598461,-3.287478484632787
-4.938144521093943,-3.274082414138716
-4.962448187979919,-3.256328209359382
-4.986150024286758,-3.237950728545763
-5.010273164093211,-3.22072092406822
-5.03446477311886,-3.206725831165236
-5.059570312186441,-3.19443442178093
-5.080368796277922,-3.184373880848364
-5.1070544212728475,-3.1705723322922488
-5.133457028177008,-3.1562568465367797
-5.159663996190766,-3.141633313341216
-5.185838293110937,-3.1270168987237907
-5.212068111152384,-3.1123791186514107
-5.237946931626788,-3.0971575344664846
-5.263932904878084,-3.082284450321543
-5.290339879218919,-3.068151943564274
-5.31181173328727,-3.0576161402848334
-5.339187930156218,-3.045506205295022
-5.36671833437439,-3.033497896422514
-5.393966608962885,-3.020857822608566
-5.421029007946735,-3.0078623662111097
-5.447997305657938,-2.994730371983443
-5.469582874019348,-2.9842426570192555
-5.4966082482360505,-2.9712489476332706
-5.523746225481731,-2.958527453846353
-5.551123362055881,-2.9463722939457626
-5.578796668440588,-2.9349368289500584
-5.6068030841719425,-2.9243892584221314
-5.629518308394562,-2.9168256966194086
-5.658206997090065,-2.9082849549337393
-5.687161896123583,-2.9006982280813487
-5.716384008315119,-2.89428684549343
-5.745858378802138,-2.8892066929187092
-5.775534256558701,-2.8854640417098194
-5.799384160130788,-2.8833971773556013
-5.829269282173865,-2.881989508533757
-5.859198134951275,-2.8817068267473327
-5.889125958084668,-2.8824559469080855
-5.919011261292703,-2.884204114364384
-5.948834984299611,-2.886885524842436
-5.972610828282605,-2.889736809543246
-6.002251305667277,-2.894045311728307
-6.031749629523233,-2.899183424101263
-6.0610679837865336,-2.905216860471614
-6.090065811355698,-2.9125174893483554
-6.118664745893737,-2.9212399917607437
-6.141194661904906,-2.9292926693274546
-6.168941296780611,-2.9404744971553436
-6.196082360304218,-2.953005028698499
-6.222442217110186,-2.9670772869772177
-6.247768589774668,-2.982873710374005
-6.27170284203555,-3.0006729756085053
-6.28959120753713,-3.0164322636886975
-6.309923213143503,-3.0381887984335942
-6.327712195365401,-3.0620758127419774
-6.343222582172921,-3.087580099068205
-6.3570769338749304,-3.1140661948961768
-6.369490594314614,-3.141262348103395
-6.380542254483778,-3.1690574979589927
-6.388443987866826,-3.191643624280175
-6.397308961502059,-3.2202325753726173
-6.4052740650811035,-3.2491012091125318
-6.41245038229496,-3.278187776746507
-6.419255068434679,-3.3073839321169918
-6.424411792290182,-3.330796223072311
-6.430261740251225,-3.3601640138469158
-6.435233077822938,-3.3897040086386405
-6.439583533215049,-3.4193425019176553
-6.443211038943497,-3.449070209496864
-6.445439285126805,-3.472915558435679
-6.447449296657911,-3.5027968259784434
-6.448567489669797,-3.532711534630248
-6.448686799139426,-3.56264697580577
-6.447827847120435,-3.5925697330787143
-6.4463974838301485,-3.616481372394031
-6.443878393669764,-3.646326201480644
-6.4406768734798,-3.6761207144896115
-6.437083886640148,-3.7058853219458503
-6.433209302595204,-3.7356230216601847
-6.429181355446685,-3.7653377412225577
-6.424962142210889,-3.795024165001329
-6.420335127829383,-3.8246303711340044
-6.4153171882583715,-3.85418761447684
-6.411106295611733,-3.8778052963063243
-6.405611676874595,-3.9072724946395168
-6.399602985366662,-3.936630321305534
-6.393177745702875,-3.9659116272276833
-6.386367658566323,-3.9950985018461913
-6.379201848969917,-4.024214520843584
-6.373380994442606,-4.047495899129688
-6.365990505887892,-4.076553856213574
-6.358201441483959,-4.105504326329757
-6.350130381708387,-4.134372325688459
-6.341747383452011,-4.163153781830851
-6.332812888500672,-4.191748542274523
-6.323316366320045,-4.220167872207258
-6.315401664759281,-4.2428013265349085
-6.30516779754316,-4.27098648908646
-6.294645480409407,-4.299042366728976
-6.283551772195354,-4.32687840675969
-6.27210528408991,-4.354602214263853
-6.263063913549792,-4.376853321977166
-6.252038635805538,-4.404771788889768
-6.241199569232574,-4.432756482969892
-6.230510258287184,-4.460794989567279
-6.219904360899166,-4.488864508136979
