1361.6504939843053
1361.6804210162913
1361.7103085772455
1361.7302052535445
1361.7341800686572
1361.737754802725
1361.7437041290093
1361.7526937894745
1361.7561205293534
1361.7566514865832
1361.7566521944052
1361.756652775197
1361.756653286208
1361.7590514119531
1361.7710477306493
1361.792647517139
1361.8204801336979
1361.8501316845066
1361.8740139369218
1361.9098023654476
1361.9335545862675
1361.9631760116606
1361.9928301880623
1362.022625959996
1362.0525289625223
1362.082458352849
1362.11240267154
1362.1423516825769
1362.1722764294602
1362.2021363639046
1362.2260245610798
1362.2558637507052
1362.285734280104
1362.3156152837266
1362.345475470613
1362.3693473916946
1362.399191844922
1362.429065577958
1362.4589986099352
1362.489018613233
1362.5190644524523
1362.5490226017237
1362.5790164057096
1362.6090095822926
1362.6390110773461
1362.6630044848428
1362.6930133231685
1362.7230322199894
1362.7530548678783
1362.7830785628962
1362.8131399102253
1362.843251745853
1362.8733707808908
1362.9035201085192
1362.9336739968057
1362.9637964029016
1362.993874273155
1363.0179014492473
1363.047903932745
1363.0778888945479
1363.1078543410529
1363.1378041558432
1363.1677621656481
1363.1977507433037
1363.227745958624
1363.2517354085455
1363.2817189235175
1363.3117049233279
1363.3416967285532
1363.3715870866338
1363.401418995087
1363.431305886653
1363.4612118313928
1363.4851742125816
1363.5150669821326
1363.544935046342
1363.574777567104
1363.6045856504159
1363.6343526202465
1363.6641265413366
1363.6939883711361
1363.7239100074412
1363.7477775855345
1363.7775822222534
1363.807392259431
1363.8373075472603
1363.8672089342538
1363.8966859368654
1363.9252174187513
1363.9520607981394
1363.9805297041953
1364.0104290427112
1364.0343976327201
1364.0643338354141
1364.0944250764971
1364.1245251900189
1364.154570545785
1364.1845959519521
1364.2146518407963
1364.244735236688
1364.274818636269
1364.3049368345487
1364.3350602678754
1364.3650684893366
1364.3897813397327
1364.4100209861997
1364.4250105907256
1364.4404870490068
1364.4558674730874
1364.4725692134014
1364.491728505394
1364.5137055294617
1364.5395838036673
1364.569089456785
1364.597608462151
1364.6198966885897
1364.64787947867
1364.6758810916172
1364.7048565171901
1364.7349127639502
1364.7650210887612
1364.7951199757379
1364.8252568130288
1364.855398505409
1364.885531766752
1364.9096130457758
1364.9395999723365
1364.9694852603905
1364.9981450164853
1365.0253874499333
1365.0520945712901
1365.0798936332403
1365.107661417477
1365.1357916699326
1365.1640368046703
1365.1837478807013
1365.204383761225
1365.2239857810143
1365.248068808364
1365.2744199011613
1365.302644644868
1365.3299928690049
1365.357617242377
1365.3797544352828
1365.4072673148205
1365.434475900751
1365.4618126908601
1365.488962253359
1365.5160332519422
1365.5436376995622
1365.5714290441108
1365.5931603650554
1365.619569782114
1365.6448340698255
1365.6711244598885
1365.6993905072964
1365.7277634843015
1365.7563684847894
1365.7853268768222
1365.8083697777067
1365.8370960805735
1365.866819106961
1365.8965888954588
1365.926631165688
1365.956707303514
1365.9867776351196
1366.0168529389255
1366.0469638544928
1366.0769964563528
1366.1069143718678
1366.1368064812182
1366.1667353541739
1366.1906112099343
1366.2203485493737
1366.2501201411146
1366.2790485534506
1366.3003073614564
1366.3177034943437
1366.3374487097665
1366.3593036614132
1366.3828122802465
1366.4030609494205
1366.4283254151821
1366.4544266950231
1366.4810885470893
1366.5089971725142
1366.5388877076357
1366.5687912647845
1366.598333069203
1366.62615619979
1366.6509676616224
1366.6776398695317
1366.7044380576779
1366.725892858182
1366.7529290324578
1366.7800429374074
1366.805904265091
1366.826118057975
1366.845549172733
1366.8653522631746
1366.8852582971897
1366.9074313185984
1366.9307066783326
1366.9512203911233
1366.9663721034995
1366.9829388508444
1367.0009478901159
1367.023428266473
1367.0459511632282
1367.0684298257092
1367.0909110785742
1367.1137724477744
1367.1372096450175
1367.1605959241247
1367.1839976844728
1367.2073617440328
1367.2296111309556
1367.2506023351527
1367.2668524956507
1367.2912535736596
1367.3075597474897
1367.3266745554558
1367.3445439913712
1367.3631407840728
1367.379313723391
1367.3903410691955
1367.3998132772156
1367.408288930184
1367.4225084354166
1367.4405390609093
1367.4588214345686
1367.4771400135057
1367.4950971814624
1367.5102651676477
1367.5257455923056
1367.5441927877957
1367.5617352353247
1367.5784986343579
1367.5908247677758
1367.6050946332139
1367.6186832615103
1367.6352401334368
1367.6558669177973
1367.680889908534
1367.7098106980795
1367.7394695740347
1367.7686583504794
1367.7972762260356
1367.8258851790395
1367.8545038111736
1367.883131932237
1367.9069720841449
1367.936860557776
1367.9668366398057
1367.996869458352
1368.0268885796597
1368.0568754969956
1368.0868622235414
1368.1168610771597
1368.146851552773
1368.17683716248
1368.2068276611449
1368.2308247817966
1368.2608231858062
1368.290819507323
1368.3208294118617
1368.3508534679524
1368.3808823804413
1368.410913374477
1368.440970680697
1368.4710301936752
1368.50108116072
1368.5311350587326
1368.5611812731581
1368.5912235320066
1368.6212724015675
1368.6513241200446
1368.675335733332
1368.705347619094
1368.7353537573192
1368.7653564904224
1368.7953579258035
1368.825356035494
1368.8553547524352
1368.8853578307303
1368.915365928712
1368.9453737953042
1368.9753857164953
1368.999394986517
1369.0294065180537
1369.059423190036
1369.0894400327854
1369.1194587950893
1369.1494782918053
1369.1794990096128
1369.2095209366703
1369.2395437167327
1369.2695691888825
1369.2995913392817
1369.3296072178505
1369.359625522965
1369.3836450501092
1369.4136662802878
1369.4436811165533
1369.4736954676637
1369.503717119458
1369.5337425893106
1369.5637620758298
1369.5937758810508
1369.6237871144435
1369.6537980186818
1369.6838099765178
1369.7078129336714
1369.7378164330585
1369.767832794037
1369.7978473094297
1369.8278704443633
1369.857899785166
1369.887921634515
1369.917934622739
1369.9479411475336
1369.9719428931812
1370.0019422208418
1370.0319353857144
