0.029785018170178146
0.05975220135575601
0.08372259418075863
0.10361846249130655
0.10759241372308603
0.11116614702089443
0.11948632708000709
0.12535119380232412
0.12551252729006826
0.12551388006542133
0.12551502932052047
0.12551570582069435
0.12551640445219908
0.12883685253806904
0.13602487509240996
0.15326580100883808
0.17937447320246885
0.2069668658766852
0.23463555951239748
0.2623813880169552
0.2902595254140111
0.31306308679379136
0.3432174727547848
0.3729449669662904
0.401623674599827
0.43009068402545375
0.4597277650551594
0.489487742186779
0.5195033075756167
0.5496042858672298
0.5731306492254788
0.6011464617170617
0.62912795154215
0.6565765642887915
0.681467935576329
0.7051514377838156
0.7289683600118148
0.75290494974187
0.7759242057802685
0.7941730199592253
0.8164683212009742
0.8388720866015922
0.8654731799477482
0.8934699328329243
0.9231386866674605
0.9532517314565893
0.9832775296740086
1.0132791447154372
1.0373104313354236
1.0672780330832219
1.0964429738199049
1.1245568850050478
1.1521797316761246
1.1771997737131747
1.2038154347415135
1.2308484893856884
1.2596287309661687
1.283622787249166
1.3137296601296606
1.3436900267690477
1.373463128510757
1.4030224429269669
1.4327908386177837
1.4625119862233782
1.4864251869627882
1.516355942448765
1.5464029953534444
1.576258284411006
1.6042222461602613
1.6265576047537613
1.6543676707609987
1.6820497944478003
1.7107803550579341
1.7406563191031532
1.7706186536140798
1.8005183994071428
1.8244862003578968
1.8541083740298783
1.8840789852607842
1.914091629346454
1.9437776329580352
1.9737129236610016
2.003699323030425
2.033751574974795
2.0637621846866128
2.0938051052161852
2.1178370881982214
2.1478400609413386
2.176178511722911
2.201159119613315
2.226386345385014
2.2555749230847115
2.280695774609589
2.2983082997506123
2.3268044202759923
2.356840023287522
2.3859820524560282
2.415315655570087
2.443086594945311
2.470485880302036
2.5001597261371966
2.524158803352915
2.5531370813364958
2.580351932422039
2.6076704945635276
2.6351139116326605
2.663563140377627
2.692459801984192
2.7156830378665395
2.7456033616816495
2.775621235748026
2.805746578935117
2.835652254718637
2.865728780942794
2.8958841449093344
2.9198966739816363
2.949732716812371
2.979011141220263
3.0074426878229374
3.034462751246883
3.058568662696559
3.0825710780260995
3.1028611100162884
3.128050588415817
3.153113062634455
3.1783004516414284
3.2033430054505088
3.2283546307549367
3.24847410148935
3.273746347347101
3.2979391507367923
3.3208779123066
3.341312902083032
3.3645489203318055
3.387532149653389
3.4103990965597317
3.433133577001385
3.4512238588752133
3.476378793972621
3.5051981240020353
3.5348954549482645
3.5645412606009357
3.5915492783399414
3.612261139746749
3.636564571197015
3.661716098916834
3.689676620100698
3.7189270584016176
3.7471005323823356
3.770065005910279
3.7987264546562867
3.8249268399319334
3.852890331590349
3.8808735532287773
3.9097089730941508
3.9396878937931716
3.9629750038071774
3.992989948922777
4.022882747408216
4.05138812155988
4.078868443294043
4.108318941956129
4.137512682010731
4.161556838168422
4.19154621516471
4.220815578182189
4.24754284001109
4.2755777127634
4.303619840888685
4.330053536779864
4.3579598282678145
4.3876671707630726
4.41474118487155
4.441379103074713
4.463803748156059
4.479211330632535
4.501545094118145
4.52414787645007
4.546550115753349
4.567655378938749
4.586140185863663
4.606837711485613
4.632456548641131
4.658348337355681
4.678252627046734
4.704794884691676
4.732083778166533
4.761935386623238
4.7919046662542675
4.815894263525006
4.845918714772813
4.875838082495364
4.905677196541349
4.934393258304137
4.961649261097477
4.99070921208147
5.0207628331586625
5.050848573547842
5.074937060444328
5.103941563478287
5.130892667774535
5.157449433088639
5.184563544835196
5.2142002154836335
5.2381009626971595
5.267955513758123
5.295285630089186
5.3223401045950816
5.346133974041872
5.373317585158097
5.395535931841243
5.424049501744036
5.450761126872666
5.476001098670365
5.500740567981012
5.530054782459035
5.554078942628039
5.584177830520079
5.614344211782804
5.644504788656419
5.668601494090029
5.69822594416148
5.726988921870076
5.757044780248137
5.787030985253147
5.817190791121604
5.847268778171603
5.87722966420671
5.9070850545035505
5.936978558442829
5.960918981532502
5.990901280855572
6.0209509739978255
6.050994452342763
6.0809803952520305
6.111011985679995
6.140998548852983
6.164902506165049
6.194779413517371
6.2242377828965285
6.248810595751831
6.275970134342431
6.304147542497684
6.3337594952868805
6.357686817120645
6.385610991024251
6.412684173688157
6.440610005420227
6.470668225766685
6.500758197537567
6.5308767488064206
6.560935815305077
6.590804167605329
6.612645117627552
6.641059615424424
6.6703683564021725
6.700368057362537
6.730126209112551
6.760067425437907
6.789640414638993
6.816965331778009
6.839557507000196
6.8664427347171975
6.891431802001293
6.919904008081127
6.947481007270306
6.975978398614441
7.0059193435874425
7.035491818713984
7.0645314371818175
7.088438741748141
7.11831886110458
7.148220431911399
7.178183284431758
7.2069559726945664
7.236221523261881
7.26611301222077
7.296006951416885
7.32000047531855
7.349903936623818
7.379702476089081
7.409454429250572
7.439234182443867
7.469131490087692
7.4991235861087695
7.529134679370469
7.5591376811697195
7.5891523855275755
7.619163389893958
7.643214357756895
7.673329285602111
7.703478812664615
7.733689349400724
7.76395585003616
7.794123940766505
7.8203707353952945
7.841714953459025
7.863282549509615
7.889262104826352
7.9191027482578935
7.9430796289104535
7.972979537457876
8.000285071033431
8.027573893675811
8.05599989377851
8.083139656881933
8.107661915920135
8.133914410481477
8.160003067513008
8.178644071439177
8.200155016569282
8.225060455985195
8.248462708358195
8.270820886681479
8.2965973739446
8.324051068484145
8.35187325096249
8.37814427293348
8.397437693467527
8.42068046560939
8.444536303226862
8.468514486145825
8.49204603218157
8.515169335532692
8.540920944242739
8.567399344561641
8.595108628572932
8.62512935361266
8.649206723214599
8.679397260669345
8.707601049458733
8.735106256478497
8.764485675463266
8.794516294100811
8.824451636970483
8.848366845052933
8.884292157247526
8.914141533272637
8.936262195705257
8.960870286408902
8.986688586209308
9.011263743860837
9.033953848761719
9.054901199423147
9.073313402187415
9.101767444188859
9.131605053933148
9.161570272258572
9.191642412919947
9.22173007198973
9.251783146708803
9.28154219455331
9.310164012148823
9.339868062977366
9.363780734259922
9.39378168403657
9.422220624549787
9.449185187037175
9.47276942184206
9.499513540369982
9.526397038125094
9.550915958927217
9.575534121892979
9.597776605358288
9.615772043835708
9.633545758872598
9.650812056132063
9.66502241473563
9.687811692087813
9.714998462569886
9.741276820180525
9.768183140587578
9.793256120048666
9.813135034703594
9.836855452630653
9.861318004591197
9.88582246909478
9.91371630641801
9.942272530996036
9.972048639054016
10.001560573759367
10.022205183653693
10.046974528446263
10.0742838452167
10.103073232639657
10.130103889996864
10.15741905745285
10.186379263881483
10.210301878144131
10.240282796932984
10.270130473877597
10.299129349483376
10.325630888841726
10.352013495977468
10.379751056208162
10.403665197868353
10.432501681673001
10.458646365943464
10.485238965348664
10.507177959412461
10.53577835244258
10.564453557339117
10.593981796378204
10.621799018429906
10.64704934774015
10.666551986619577
10.689570362495838
10.713128188848467
10.73754458264957
10.761104765360647
10.782858821896745
10.807567773863985
10.83546267079784
10.86404019306671
10.891152807462234
10.92077812270788
10.94472018330082
10.980518114308063
11.004448855666672
11.03342368945404
11.06119723328093
11.08842452678377
11.115633420243535
11.145441806921403
11.175272642768915
11.204961661081482
11.228043210919404
11.254885416568662
11.28323884978828
11.312234327065333
11.342244897185699
11.372281540997502
11.402318967087318
11.426339064213606
11.456389784578986
11.486492333993292
11.516671085745743
11.546758433600207
11.576717902053911
11.60649137463436
11.628854079572456
11.655356497270471
11.681201899151397
11.70453878589971
11.729361539637816
11.75069102728314
11.766071714754927
11.782762527549517
11.805871593924397
11.823756850291078
11.84412314608961
11.868724017461822
11.890253214614486
11.919003127831033
11.946477247811451
11.971581273001672
11.99623552587786
12.02096712907161
12.048194593406057
12.07739212464714
12.100907362842387
12.136422956686255
