0.02948084330553556
0.05864274407180074
0.08264578413776143
0.08865132776764537
0.09426058604114669
0.0994688195460515
0.11950641131380542
0.1295408801865071
0.13113766768229063
0.13114000206685758
0.13114066938666155
0.1311415018652553
0.1316026772795323
0.13990930341697977
0.15821962731820466
0.18525186486288373
0.21462968613555272
0.24451779381644506
0.2743738082289713
0.3042870753831424
0.3343039704171661
0.36438679574423277
0.39387970303611247
0.4161274065640294
0.4433113673922293
0.4717396295241078
0.4991369705256365
0.5225880342008576
0.5429550788266475
0.5659088873471327
0.588541987208597
0.6146499902401927
0.6421962614853666
0.6721204700256278
0.701416324938052
0.7304894906459936
0.7603793859044284
0.7901784213571683
0.8200143327015144
0.8439061983354235
0.8738605327949742
0.9038070736074215
0.9337437899316888
0.9637213633363753
0.9936656916222036
1.023557737316326
1.053472877502448
1.0834057462492066
1.1133471331962346
1.143268680554738
1.1730887302099737
1.2028637190324785
1.2326711550172622
1.2625299222104345
1.2910772336463576
1.3130702098203302
1.3404678014547906
1.367554735945183
1.395482252406449
1.42332898648669
1.451445012974919
1.4798159981495118
1.5003525961825108
1.5209018171412183
1.541833875908865
1.559773349551083
1.5837000828280061
1.6103640017836054
1.6339908311345337
1.6552265799336139
1.6760610684071497
1.699225343181209
1.7248718180289129
1.7511799873287122
1.7798716288060037
1.8094924585988215
1.8391244986545232
1.8688986098033356
1.8928503064710327
1.9228358100931022
1.9527713146287218
1.982782413657796
2.0127659402760516
2.042685518113747
2.07262129969054
2.1025559239265963
2.132441796873794
2.162345408094481
2.192219015505385
2.2221324209683964
2.246093544091119
2.276085954105454
2.3060683151975447
2.3360024779361317
2.3660115406467006
2.396060945198586
2.426072865050909
2.450073040862065
2.4801869634937646
2.5104149722326534
2.5407211127921685
2.571032872423958
2.60130304630556
2.6314638874843492
2.6615029572298408
2.6914595695098376
2.7214271724466013
2.751329941331989
2.7790307136810077
2.805926370914269
2.8349381027850558
2.864788139216165
2.890836086607344
2.9195316161374794
2.94275658288206
2.970769677844949
3.0001963570945476
3.0299406217145664
3.0598301343497414
3.0887197668640556
3.1186160204275963
3.1486465817789573
3.1774807509824337
3.206210117583394
3.2360395345145228
3.2659785686134133
3.2959362269888333
3.325968089809008
3.3559681963440093
3.3799074416113437
3.4097820671385057
3.439686034682198
3.4695858297538615
3.49948663450504
3.529310844801573
3.5590768761824334
3.588780065193439
3.6186228753667806
3.6486051694921664
3.6787139300436
3.7089289857211716
3.737599772224284
3.763239557316987
3.788720664380554
3.8136167620556938
3.833541801341952
3.859919373808875
3.8866079801819473
3.9142870732859185
3.94372466147247
3.972305203805929
3.998815787867409
4.020417212248668
4.039978418627305
4.062266832124517
4.0888912992533015
4.11573353830213
4.1444715741266736
4.169321925220751
4.191390494247593
4.214603166275921
4.237196341206656
4.267314151870258
4.297337234742401
4.326830917351138
4.349201264964442
4.370165794141492
4.3910942357402885
4.414685366423354
4.441997883731952
4.471028599616481
4.500175020599194
4.524002126314119
4.55388309216125
4.583883991541181
4.613850549263251
4.643798218363012
4.671308309710139
4.69880337582393
4.722105719043371
4.745925349025523
4.773160065678159
4.7996020434870585
4.827263484246075
4.855102987604225
4.88294047752664
4.900934327304131
4.929114642442764
4.95683216674919
4.981799788833469
5.004927325693978
5.03005741484626
5.051133204545353
5.07385567291331
5.094811359180453
5.117943162466605
5.143116261725878
5.171110101500752
5.196601949701408
5.215064553263834
5.229752798258484
5.246673124294091
5.262467826254714
5.283542471960586
5.304905154885696
5.325794539745631
5.3489762488248775
5.37657969163046
5.405359645216963
5.433264249597415
5.463060446392578
5.4906904201452535
5.5181105593483455
5.544656327376253
5.572043017345732
5.601953596962662
5.631925140929564
5.660528228495905
5.684001720719397
5.713594911150222
5.743053601055564
5.773093321008553
5.803127162216865
5.833125802325578
5.863148678625127
5.8931381689301725
5.923089612630859
5.953084985531237
5.983104432900001
6.01251087771318
6.041724345321919
6.071280907138389
6.101292300908467
6.131222995560978
6.158610861908763
6.18152594404364
6.21088141907309
6.238219427884783
6.266410433108747
6.296326570456332
6.324762382307282
6.351716817824554
6.37830987926418
6.399773409645936
6.41817878043167
6.440343257288024
6.46269764427602
6.485128294370688
6.505395060497745
6.528971017361706
6.552294420573351
6.578385879551774
6.608333280692671
6.638427709161768
6.66839113816077
6.698214556522137
6.721973305931634
6.751573160243919
6.781274518136128
6.811125737271448
6.841064107033586
6.870770960929605
6.896653281564169
6.922021283671342
6.945684758460275
6.972717930088829
7.0007726782168165
7.028824758353288
7.056689638204802
7.0843376121541555
7.106414825945306
7.13622746803496
7.16354862165512
7.189608715093954
7.217007033512824
7.2452296684083475
7.275080815127958
7.304993761268893
7.334836845389505
7.364799037305842
7.3947482207292
7.42470142225842
7.448648503111254
7.478615287205706
7.508612831580497
7.5386284298408395
7.5685813497496355
7.5978509684124464
7.626981167665973
7.6508825903010145
7.680859789424593
7.71086848806357
7.740846198889613
7.770775433589317
7.799873172929044
7.829616071880238
7.859172718380434
7.888359957992187
7.914187842883749
7.938562336879861
7.960498628137287
7.989858819988166
8.019880544964574
8.04637551915302
8.073036225652597
8.099159021557213
8.124031020288019
8.148778748216456
8.174446154740068
8.202862231967247
8.224629193524864
8.250051252126777
8.275888892689752
8.304077545499979
8.333736586341198
8.360085109862922
8.383779258807166
8.409316782040426
8.439047404995733
8.468804141510937
8.4965049001795
8.51855388241929
8.548542246777448
8.578556478189785
8.606431235422919
8.634154953127894
8.660261895597717
8.688153135690012
8.71759344369236
8.74750964332933
8.776612820747436
8.800141213028208
8.829533003100307
8.858134525994743
8.883139808027813
8.910039843559828
8.937751860848424
8.964106680239512
8.989362935243712
9.018279240589557
9.048347567715577
9.072261782769033
9.101571409244952
9.129268341628817
9.152486494247825
9.17670053375869
9.203595456640782
9.228447743991744
9.255732049867024
9.282658981323136
9.302652101272649
9.328174629461131
9.356804332531807
9.386341187222325
9.413674485148123
9.440775896579598
9.468454604201673
9.497984033531495
9.526919909551207
9.554712019386898
9.584154122287545
9.61214521774019
9.642033485369193
9.67198580393503
9.6955051100529
9.723274839869333
9.750267116079833
9.779475410497565
9.808043936628403
9.837534720720083
9.8675743972784
9.897603164255136
9.927691348823638
9.955330144318987
9.979538488530558
10.002999952594275
10.031496229344793
10.052844675077871
10.073917147104575
10.096908204527793
10.123937962632693
10.153135978061268
10.183111416240656
10.213159593301144
10.242326054199959
10.266458905515485
10.286264470197484
10.3143921811548
10.33931376461438
10.3650001325463
10.392983106185435
10.422700394215417
10.452377760479777
10.476779797262562
10.49681408207093
10.519705873355573
10.54471351609037
10.571702903561926
10.601432774434077
10.631316423878825
10.661218556405203
10.691139068769154
10.715071528815653
10.745053646737095
10.775051889785798
10.805048249437505
10.835089496546377
10.865180934526471
10.895283737356213
10.925420066414368
10.955600944554325
10.985762033161155
11.015891244416464
11.045922510420517
11.06993948582189
11.09996528772249
11.130020155288472
11.16007081744917
11.187240942593858
11.214831440962602
11.241998320974755
11.271535049585806
11.30152612306539
11.331513198430844
11.361406346666067
11.385355544425924
11.421342231962674
11.44531131368216
11.475390489172295
11.505532014770965
11.535557135298724
11.564332916659831
11.593710848075954
11.623758950265564
11.647773548362121
11.677784453982357
11.70790442288133
11.737957159300128
11.767909865677886
11.79795206831071
11.82779281612454
11.85705756444298
11.887088309529645
11.917081475058653
11.947102930973083
11.97716303819165
12.00726564601792
12.036441282031143
12.059541174260602
12.089131245403378
12.117836273338105
12.145060796564842
12.171056923370037
12.197081691695974
12.223035757985281
12.249082211707549
12.269847271329558
12.296113618389072
12.324481816726449
12.352742513076755
12.382338409711275
12.41221399554347
12.441180077660569
12.470147598888472
12.499952462426736
12.529903557657898
12.559890894284068
12.583863873138817
12.613855686883916
12.643875729691162
12.672892396703416
12.699659505766375
12.728940544074431
12.75893840648247
12.788410611853442
12.816955470529516
12.839848527001939
12.869804434716318
12.898076625606341
12.925127094773055
12.952670824285615
12.98183063159116
13.008208642363622
13.031800237004333
13.054163844179087
13.077800950193824
13.098344192337162
13.12417284699793
13.149048432056674
13.172863739526493
13.19507699359478
13.218515948187203
13.241858740060476
13.271729809298296
13.301759073794827
13.33179130627722
13.361774758179005
13.391717230833368
13.42024665959646
13.447904650453024
13.47630362831317
13.506229713637566
13.534309895378899
13.563201616828056
13.587081634535354
13.617135038952375
13.647183125246134
13.677216719366715
13.707219695093746
13.737257328807713
13.767361587546082
13.797432469543619
13.827473842135785
13.85150803721975
13.881546223867918
13.911504804578515
13.941391803527194
13.968714928198368
13.991794961821821
14.01361894068715
14.033086391952146
14.05702975419029
14.077742200505483
14.094602202199878
14.114399871679739
14.132481521228566
14.153411513830767
14.180228221075762
14.210126092904906
14.234063498427876
14.263957072377432
14.293848064678789
14.323740702058386
14.353665766333165
14.377612868004855
14.40753243177033
14.437541110391443
14.467649544367976
14.49774507026818
14.527803712340097
14.55784922617058
14.584832005405586
14.61115420136091
14.639988207614167
14.663898608311413
14.69391359417243
14.723889757367207
14.753862823058107
14.783855307447382
14.813781917023267
14.843294255498718
14.867803409615428
14.886457697277685
14.912403508452284
14.941504869172721
14.970883717747093
15.000923838518844
15.03098662884814
15.054998716287438
15.08496287274371
15.114930588242226
15.144905628182986
15.17490449004245
15.204867035353235
15.234796698018195
15.256026145907802
15.282171671109998
15.309003308593267
15.33627509477199
15.365580450787347
15.395093614336057
15.420776921130877
15.444103140110142
15.466363360581894
15.488285098381198
15.50657890956288
15.525008265191545
15.54781338708432
15.563330773307674
15.58455986282757
15.611993309085182
15.641744845481133
15.671788463171932
15.701703828549714
15.731841147180281
15.76197140193334
15.78602392339198
15.816099921240186
15.8462092508517
15.876416621967133
15.90666700495336
15.936843218859872
15.966898646180365
15.9908952430284
16.020867888559497
16.05071906598434
16.08054673875705
16.110431578196795
16.14033361228572
16.170347174966135
16.200485970364934
16.2246844171395
16.25493394217373
16.28507177524818
16.31508558402465
16.344963461925484
16.374693557466887
16.404343381826234
16.428169679938943
16.458067854788897
16.48788841691123
16.51663240029622
16.54185210005422
16.56765992032192
16.588275775225323
16.61378353042345
16.636626430270923
16.657038654736628
16.684739921384615
16.713767693964208
16.743090876238202
16.772899196059868
16.79673972823224
16.826426122816162
16.856178624105823
16.886059594568074
16.916056319087797
16.94614813710143
16.976141968676814
17.00616192623066
17.036209154669304
17.060182262800943
17.09024578026831
17.120239227338512
17.15009672551015
17.17986327490893
17.209690418765064
17.239659634996197
17.26975686676701
17.29996859116883
17.33016390845185
17.35423879977345
17.384216711441322
17.414055880072315
17.44378775223785
17.47364232669265
17.50363394662569
17.533750530328906
17.563843589876566
17.593815476836852
17.623826077961905
17.6524024390492
17.679494145517047
17.70333629273036
17.733024258611604
17.76276778440009
17.791657548330882
17.820657765345196
17.849717036489093
17.878726575629603
17.90840475890086
17.937629983816997
17.959140641391166
17.98761530770311
18.013908507842572
18.03979702055661
18.065608270344395
18.08888047443355
18.116468815082793
18.14641843678994
18.17619183255007
18.20554206376958
18.235641578220378
18.25941179590234
18.285121438555827
18.30823050282086
18.332394768062382
18.36230758087818
18.39237032650926
18.42246303008451
18.446595588309258
18.47671709782186
18.506771759456353
18.536735894898793
18.564349493314943
18.588885027026127
18.6095604277794
18.63705166880275
18.66455530919592
18.68885300301085
18.71186622847688
18.736968954548143
18.764767442957275
18.792029434600433
18.81335848704932
18.840085789084863
18.86949755068078
18.899279634408888
18.929062803519702
18.9587320628923
18.985728335948806
19.012377332758646
19.039087273027967
19.060781775237977
19.090356626917895
19.120342369064193
19.150360327037394
19.180384880964667
19.203956713303775
19.234064211322924
19.264179473294618
19.294261962609536
19.324335016299013
19.35437855099041
19.38435998893739
19.412728199978943
19.431782101637623
19.456052108592903
19.483709814565533
19.513504585961822
19.5433668375509
19.57319079965964
19.60299326257294
19.632914358390252
19.656885734860136
19.686805780924615
19.716732442882194
19.74661398609674
19.776479304136515
19.8064738798688
19.83651845073527
19.866605141845994
19.896747558797752
19.920874503044043
19.950947410618053
19.981025582763433
20.00972338088596
20.03641462052836
20.060276688735147
20.082596321050122
20.108802610592154
20.128479136472865
20.152465669268373
20.177366637228783
20.205230881575467
20.23352483733933
20.263535249068873
20.29364039297175
20.323620184936537
20.347551636487935
20.383429256821476
20.407433898147627
20.43691421601268
20.466466137742668
20.496426657712465
20.526365277632124
20.55625586790973
20.580207037839923
20.610231405776386
20.64026713161923
20.670264986157573
20.697069642024402
20.72078515165617
20.74485475145169
20.764423861100198
20.782545852514623
20.79779116238765
20.8168585208575
20.83960976133503
20.866290854966426
20.895454907369636
20.925551083316034
20.955561152518143
20.985587755407124
21.009643351010524
21.039713255788406
21.069761991716085
21.09981329079675
21.12986154720173
21.159868064295782
21.183860812444916
21.213802977405173
21.24373300540578
21.27367424040783
21.30364477000206
21.33369275088569
21.363756016221767
21.393838499763863
21.417941663479514
21.44804696164671
21.4781059046354
21.508136412540523
21.538099251789376
21.56799820821784
21.59795165053759
21.621966117125606
21.65205954221867
21.682113431276978
21.711927657189495
21.741749249783464
21.771725854463586
21.80154048120542
21.825352609851684
21.85487187956647
21.884728603315516
21.914079168122893
21.94341592558599
21.972783979879125
22.00130007169202
22.02454729951591
22.0503455439345
22.077030755977823
22.10163282447489
22.120522818038772
22.14806370813551
22.177970566367637
22.207991304554742
22.23800754241517
22.267981906907586
22.297845588094084
22.32178087350988
22.351784003417965
22.381728836403312
22.411542236534128
22.44137180736665
22.470478400922723
22.50023484274746
22.527162160269224
22.553139171136284
22.582619083788522
22.606594028406626
22.636500036108867
22.666430344848802
22.696423866245823
22.72641686637075
22.756421487680104
22.780449317542246
22.810504625023547
22.840558142180157
22.870662427191533
22.900854682548655
22.931033883925167
22.961156310191694
22.991277840912463
23.02136978770279
23.04415320076734
23.072217837740247
23.101228477768622
23.130972021295495
23.16093387482474
23.18493880869114
23.21495142616236
23.24485847823509
23.274802375733785
23.304863116104247
23.334874554548836
23.358801463781766
23.388787386106827
23.418799684689535
23.44870656028405
23.47871099895729
23.508640904818424
23.532553439295953
23.562556802600202
23.592517039158
23.622554129188302
23.652705020604905
23.68279096085322
23.71285303969327
23.73696396689165
23.7670090880649
23.797121719675744
23.827257234352107
23.851306971458705
23.881457473030675
23.911543843847635
23.94160575694854
23.971730585071075
