-8.474785932584892,8.90803540210277
-8.50364673707287,8.913399071550574
-8.526708131289203,8.91573226524482
-8.548170772435196,8.916899401060745
-8.551269355568724,8.916964261470328
-8.553968426487177,8.916992657609853
-8.556266978330784,8.916993217812824
-8.562062926028371,8.91686118834528
-8.564607715057683,8.916728420932078
-8.56460782557708,8.916727881691266
-8.564607852151843,8.91672814141421
-8.564607878360867,8.916728046999266
-8.564607887347114,8.916728001151728
-8.565804074352997,8.916654285265082
-8.575781721498352,8.916039464994324
-8.595743913319373,8.914810492687522
-8.618016992137939,8.913394264941394
-8.6479015994908,8.911128305684109
-8.67770360948858,8.908311370391822
-8.70733585138516,8.904359963243058
-8.736774872771104,8.899022894160826
-8.766026667498366,8.892673743563316
-8.795061484242723,8.88535832619823
-8.823867255344604,8.877182388928576
-8.852314839096664,8.868432524881728
-8.879910763342695,8.859512376928656
-8.905782152144143,8.850493613267668
-8.932372884329569,8.8399773690956
-8.95181518497505,8.830903555348135
-8.976426722655784,8.816177819955413
-8.999827791112773,8.79807357604051
-9.021692385892626,8.778456598048447
-9.042573420648585,8.75850291813138
-9.06236600189887,8.737489972143692
-9.081321250814108,8.714525772737352
-9.098497594898491,8.690344485961425
-9.113561982839768,8.664580317569893
-9.126793918901237,8.637800156386026
-9.136229382242,8.615823528199078
-9.146731397224508,8.587799786185036
-9.15668061764344,8.559521231383892
-9.166317142032645,8.53113917829462
-9.175485755472513,8.502596241411004
-9.183909965227505,8.4757361860147
-9.19194069761431,8.44901356828132
-9.19963773030742,8.423034487942704
-9.206850107304572,8.397129437602052
-9.213618290268128,8.3685076660328
-9.217960131655914,8.345471570885001
-9.221593223594367,8.321885176764479
-9.22435924177326,8.30224530984092
-9.227450962852327,8.284064096318208
-9.23197953346339,8.260217219057424
-9.237414940784122,8.232272885355467
-9.243443321198285,8.203950338545898
-9.247743900495596,8.183845887251673
-9.253299582422443,8.159211526665224
-9.260492886120797,8.13035772871266
-9.267999271660274,8.101282715971509
-9.275354253254555,8.074587348365647
-9.283132381379751,8.049176246620508
-9.292027339254167,8.022392524175272
-9.300973149262555,7.995454230560339
-9.307338016275024,7.975909579607772
-9.315037977390645,7.952334209934464
-9.321763113505568,7.930738024423446
-9.327542418056115,7.909452113559268
-9.33212864658598,7.889640837043446
-9.335853415891563,7.869769272961523
-9.338427644938063,7.8517176511590385
-9.340480098686063,7.8333543071118585
-9.341793542231049,7.815856470281699
-9.342542893113258,7.7906005328622685
-9.342502318534477,7.760852973221666
-9.341622189925081,7.730938713250438
-9.339351851896438,7.701135438530739
-9.336635731505487,7.677333409360375
-9.331983293328387,7.648336745862004
-9.325406294888522,7.620022846223658
-9.317992230832195,7.591329416963874
-9.310814711108513,7.565501960804308
-9.302855051487393,7.537644426743869
-9.29468061942586,7.508816691548644
-9.285985714131865,7.4801982621672805
-9.278464709030828,7.45793718386551
-9.268380846944707,7.430422426392394
-9.257525217271,7.4025390173945995
-9.245194321622218,7.3753216388947855
-9.23119137353587,7.348924566155418
-9.215478764096503,7.323527276885562
-9.198278735376112,7.299035545508468
-9.180598816165364,7.27482169556834
-9.162748852234575,7.250715780692572
-9.145126996790287,7.226388612853123
-9.131345318433079,7.206704688480802
-9.11471987895226,7.1816548033457535
-9.099462549804587,7.155680666021573
-9.08617192095535,7.129888004403976
-9.073382309259722,7.104429220857076
-9.060372657765804,7.08154682948381
-9.045819184160045,7.059905845304923
-9.027983248666136,7.037374185914473
-9.007874779004043,7.015259029069227
-8.987098990208056,6.993908813557574
-8.96706253518743,6.972239704101336
-8.95133668285031,6.954051048901243
-8.932517644479818,6.930551500996198
-8.915990275825566,6.9068534119512845
-8.901445583807138,6.883936300482904
-8.886825374207932,6.861073716374865
-8.872700082566137,6.841741335693317
-8.858307061019167,6.824733425467867
-8.843157287161214,6.808139817225373
-8.829464194318387,6.792874471134223
-8.817335926157657,6.777997191161707
-8.805557689044022,6.762992647241798
-8.795508440705667,6.751037873723873
-8.779529783210078,6.73305818489358
-8.762505132507345,6.713926792661278
-8.744213404611678,6.691884165761036
-8.726944659643577,6.667519182718269
-8.710861162820532,6.64244719180079
-8.694472868963333,6.618031371195939
-8.676538282729899,6.594803295210439
-8.657564362060763,6.572864515657776
-8.637815706280277,6.551995785492182
-8.617699566388442,6.531397516217086
-8.598097957336178,6.510617502161178
-8.582238246467393,6.492626645596366
-8.562390809228168,6.4703211650886
-8.541412902277457,6.449006882465054
-8.519608949151248,6.428479517007217
-8.497661755093079,6.407962313314235
-8.476204982439228,6.386999355048716
-8.456046615817089,6.3682379976056485
-8.433458555644119,6.349105908339102
-8.415028662598978,6.335239390248363
-8.393343746187414,6.320946959136545
-8.367894997030337,6.306207159784723
-8.34154227998901,6.291945419220654
-8.314977688345342,6.278034921403816
-8.2883980637424,6.264095752433819
-8.261836722667358,6.250231005714932
-8.235025422498142,6.2367654187347075
-8.208279652403563,6.2231677076935314
-8.181534148998066,6.209582662777107
-8.154753642842246,6.196144663139947
-8.133047783285319,6.186039592359472
-8.105474325124653,6.174449698148462
-8.07734304448051,6.1643528320574585
-8.048755800256545,6.155373517577
-8.020065388109003,6.1465460414967605
-7.9927388632647745,6.137241679300576
-7.965112592560268,6.126802873991239
-7.9371635124994695,6.115954048106444
-7.9090077966749375,6.105708530212583
-7.8807055677097155,6.095721256882528
-7.852583920864103,6.085149886704223
-7.824916251717728,6.074367547903199
-7.802517052083411,6.065779226627202
-7.774435229727846,6.055233465342626
-7.746431438892777,6.044377804077947
-7.718641704417938,6.033001391104439
-7.691003430936194,6.021265168133301
-7.6635540621691876,6.00902762994629
-7.636638709267487,5.995582396103755
-7.610332818201693,5.980981399042587
-7.589979850661298,5.967993323211024
-7.562117690496781,5.944777495866163
-7.545763316101612,5.9269539683486645
-7.5280130397799665,5.902523462232758
-7.5124285023864035,5.876786091462612
-7.497782995399069,5.851716331838271
-7.484383223722201,5.830272340594145
-7.46753430207335,5.806823506974234
-7.452496355819407,5.789005370303133
-7.431987647852893,5.7681548735164965
-7.409339084963098,5.748748744604127
-7.385331585474675,5.7309360209168965
-7.360468128451662,5.714341384230476
-7.334460575855232,5.6997388650875145
-7.30742576993868,5.686922089432126
-7.285545406083776,5.67712086493183
-7.257979877663731,5.665408179144934
-7.230251407983113,5.653836131743108
-7.2029271112588305,5.641308081906637
-7.175907049610246,5.628251066488807
-7.148809043442131,5.615430127112618
-7.123790934680608,5.603637604920744
-7.09777596292719,5.591613492929724
-7.070364951335298,5.579531812380763
-7.042901427566683,5.5684521393549495
-7.014597209105058,5.5588683253716225
-6.991596313324348,5.552372279528916
-6.9631871109277,5.546626137739934
-6.935467066164589,5.543753694052951
-6.908315950293243,5.5420805899892915
-6.884346047360129,5.5403233083346
-6.858844767604797,5.537788536384135
-6.833940216055199,5.534818041606017
-6.81183465377582,5.532367193907117
-6.794622487439029,5.53104625583287
-6.773059329336021,5.5305834395580185
-6.748425617486938,5.53128974313787
-6.722876794062853,5.531825375429067
-6.693159555078634,5.531327320646962
-6.663803838201586,5.530117189238473
-6.63483903038867,5.528472783362683
-6.604969064834159,5.526034789362777
-6.576510161969563,5.523159077639385
-6.549123078879751,5.519830319742886
-6.519363463154942,5.51633057792243
-6.489566900235299,5.5137171597404695
-6.459702745536487,5.512811330411579
-6.435814062128865,5.513481532859438
-6.405980746632549,5.51577521910411
-6.376300088015641,5.519347813026502
-6.347777733873954,5.5244703731628775
-6.32227185008092,5.53030378973127
-6.296134868237536,5.537073598072268
-6.267253947243756,5.544918779664041
-6.247536595599224,5.550980632849596
-6.222486959131116,5.559323603292553
-6.1961356148157405,5.568428328041988
-6.168522735399077,5.578375117481375
-6.140050618910394,5.5880733935646045
-6.11123251592977,5.596339854383735
-6.083073840213535,5.603703445455467
-6.054808370471214,5.610902108310758
-6.0346866162444055,5.615859926864278
-6.010166989971054,5.621701170794555
-5.986244851979441,5.627094512406374
-5.960339943937834,5.633332543890697
-5.9385971320734985,5.639517654980135
-5.916240699286955,5.646729573727656
-5.892964031952602,5.6545539328729895
-5.87655411799165,5.660032159514152
-5.852952883543452,5.6682017111879155
-5.82624825414718,5.677929125915935
-5.798828714052936,5.688035329202517
-5.772397630424629,5.697955773079419
-5.744865840774291,5.7075694754632575
-5.716483180515218,5.717276299157855
-5.688242376592333,5.727141094918543
-5.66011464299981,5.737393569834208
-5.632152707229339,5.74804196288856
-5.604553040368882,5.75964567893063
-5.5825966730274965,5.769331960179069
-5.5547997692339,5.780834608935454
-5.526560315948006,5.791122866673158
-5.498104384551175,5.800752297387014
-5.47135584185652,5.809141064410932
-5.4443859066916245,5.816257433801318
-5.415537165804693,5.82195081696857
-5.388435336042557,5.825804551331856
-5.360694442187565,5.828731636560746
-5.336934656885592,5.830650550691073
-5.306945626503001,5.830921497941685
-5.277038994270797,5.828006709822221
-5.247362004272618,5.823119580467734
-5.223882331368727,5.817981577808505
-5.195036593011333,5.809073187828081
-5.167473325497983,5.7966491211973565
-5.141721373025742,5.780932674918427
-5.1172255264920015,5.763458724375025
-5.093233101542493,5.745430672703797
-5.0693597213652515,5.72721447844943
-5.04563268550363,5.708925504531117
-5.021452127373092,5.691217662034888
-5.001928479262016,5.67732219490322
-4.9772450658064775,5.660993011329862
-4.951682396986193,5.646108816167527
-4.925506618037267,5.632003688714732
-4.899704709904375,5.616883848019113
-4.875262614287637,5.599333795431122
-4.853488182945286,5.578881406628063
-4.835993109296814,5.555540779413058
-4.8222199350681425,5.5305439988299385
-4.81032359700648,5.504885136141112
-4.802105331927858,5.486583959397228
-4.791151223955526,5.462721702066746
-4.778562000951973,5.436806873544357
-4.76554983601931,5.412739376110593
-4.754699983662835,5.394439763079044
-4.744324195280073,5.378466362289085
-4.732947735075647,5.36206210590073
-4.719403123092584,5.343028257103282
-4.705191591731308,5.322866009632163
-4.6901218857175,5.301828008519881
-4.677439630777646,5.283600434608737
-4.662065180687117,5.261736149232931
-4.646394906086657,5.24031697288526
-4.6282978021326855,5.216573234524237
-4.609718786574039,5.193389263112495
-4.593527704776104,5.17292000326503
-4.580465401383858,5.155242218351447
-4.565897679176833,5.134218277745837
-4.55176001446083,5.113099256127736
-4.536907535625442,5.0912870133243375
-4.52527050652771,5.0736518274071045
-4.510574054995389,5.051774374325506
-4.4964272836176455,5.030285839615468
-4.48401489899294,5.011062576793216
-4.471480974992297,4.992239026177956
-4.457327325676354,4.971304089321763
-4.440996935857264,4.946309688016069
-4.424616429821946,4.921184569803407
-4.411250282732566,4.9013139009664
-4.394401231874561,4.87752005094622
-4.3780524792771836,4.853753711959823
-4.363570645870396,4.828702241911496
-4.351033110613307,4.801904123031603
-4.340247277378215,4.775826065962684
-4.33051539775451,4.749534674144661
-4.320160817097827,4.721879063328492
-4.311582207041741,4.699603257892819
-4.299597610609033,4.6657289553731776
-4.293084126783519,4.6396219795271145
-4.289619641606999,4.612319707026593
-4.2884627154075305,4.585205751663204
-4.2883012953333735,4.564293724675866
-4.288393584679635,4.538427185489185
-4.289131093428554,4.515999167844291
-4.290908592687819,4.491808873408906
-4.293196609745165,4.466717681367443
-4.296563884014823,4.438804864039116
-4.301299136711006,4.410050339321113
-4.306905553511729,4.384106311282658
-4.312426976379663,4.362567601787355
-4.318315039324767,4.342775833164668
-4.325933393735809,4.321247220446381
-4.333691053527165,4.299898405569282
-4.339236205643956,4.28184397471591
-4.345056591559851,4.25614643352399
-4.348762300480907,4.230185297540373
-4.350033626571366,4.207692175690271
-4.350348233227814,4.189192897218206
-4.349905976706779,4.1704216140576005
-4.348565434475573,4.150742501196529
-4.347086206837088,4.135066069877621
-4.344164096457491,4.110825924994554
-4.340251506618608,4.086059471287616
-4.335271659408465,4.060447146834483
-4.329125956833448,4.03212995345939
-4.322598219227095,4.002998968929859
-4.316178908321981,3.973656764253046
-4.309955717668302,3.9443241383078904
-4.303783706959833,3.914951949814489
-4.298739128838881,3.891520307666668
-4.2920437876088515,3.8622677653349875
-4.286313666250998,3.8331614123040354
-4.281195049109961,3.8038927087327163
-4.275738705510539,3.7744920599430993
-4.270276162384985,3.745045160449735
-4.265001918421235,3.7156913403709173
-4.259221534801967,3.6866939751540726
-4.25360670730871,3.659890063754811
-4.2477448436555445,3.630548521780061
-4.2425136085538195,3.602020631756605
-4.238653852650048,3.5737023642890127
-4.237448977768478,3.5506789225807003
-4.2380806228826415,3.5207459346247165
-4.240038262439984,3.491166491426186
-4.241979526777678,3.4612177309191683
-4.244346798364801,3.431461018047098
-4.246227409424078,3.40509624574186
-4.247597452473672,3.3788603250941494
-4.247916387113162,3.3559853568136395
-4.247126898195921,3.3398302545403618
-4.245008346846413,3.3185840821662964
-4.241131628936725,3.2972333728272885
-4.235442945740683,3.2763314185018593
-4.227044829097226,3.256675733178126
-4.216398755153827,3.240583075096026
-4.201544873215692,3.2241793654057456
-4.182239062662015,3.207279583977749
-4.1625150564328735,3.1930441410790933
-4.1408430372183895,3.179602943974063
-4.115985116527588,3.1664818248559863
-4.089909465269764,3.1537526003701415
-4.069267157295576,3.142938450081237
-4.044483189157967,3.1270639471467483
-4.021339934351711,3.107684729962248
-3.9997312858217096,3.086778811360403
-3.9782773788439125,3.0658692622587655
-3.9564348765323714,3.04531842617948
-3.9344548527868106,3.0250775307445963
-3.9178930782052968,3.0107784478758868
-3.8958828728149193,2.9933976350390306
-3.8766061828698803,2.9801072386316965
-3.8608380647753213,2.9696195170536166
-3.8422723796086427,2.9562396354905456
-3.825360825084943,2.9422771773900607
-3.81002016181367,2.928859415963106
-3.795336843479245,2.9158288949788767
-3.780806777885963,2.9024959094517504
-3.7597514629873583,2.88218560627298
-3.7389130156837487,2.8608350107558502
-3.7179733529510166,2.839464809972418
-3.697246319563102,2.817709951469452
-3.678510780928456,2.797545359455953
-3.6635282503693896,2.7812194035809936
-3.6486534212337527,2.764268065349174
-3.6329905706157364,2.744922868438034
-3.6196413208596807,2.7277268315253727
-3.602293200896899,2.705643893518761
-3.5838669625503066,2.682222480508286
-3.5657237127514296,2.658281947224355
-3.5478166598821086,2.6342419213165944
-3.5295761063867133,2.6104178308807624
-3.5121377680561547,2.585851382192522
-3.496570482192919,2.560095488054462
-3.484587665262579,2.539316902886865
-3.4695703946699026,2.513873331929727
-3.455198605866495,2.4884785848837097
-3.4418466960182648,2.4640392879538626
-3.427900134199648,2.4378527332775835
-3.414750067438043,2.4123866365641966
-3.401500298968824,2.3857550241306593
-3.389243397536875,2.3584781134332
-3.38051275431447,2.3362843235832407
-3.3690997984941657,2.3026945720249414
-3.3623728096300356,2.2806450826158846
-3.3550338391774046,2.2565307243098087
-3.3467999057160935,2.2293362520852424
-3.3401588699401974,2.204214159724726
-3.333795795315324,2.1760302678016785
-3.3281904327285203,2.1466980665216373
-3.323543039280279,2.117224111013017
-3.319880588592681,2.088998238652727
-3.3168253710332163,2.0614865177131643
-3.3142320269267667,2.035839323274274
-3.3118044502815933,2.0088048991502037
-3.3095512210269633,1.9840935722566049
-3.3081100869654523,1.9648850442961738
-3.3070911760236767,1.941124232024111
-3.3063817769925223,1.9128938445624335
-3.3055105736557095,1.8829278654366055
-3.304399609943184,1.8529463167188296
-3.3034980682828,1.8229157844860722
-3.304071835770092,1.7928041302274924
-3.306659520719099,1.7627947245571602
-3.3100732273166034,1.7389593750677663
-3.316697386897446,1.7034949133801918
-3.321819847546153,1.680020408519153
-3.328275555361863,1.6507218542895197
-3.3348101269479615,1.6214504448721123
-3.3408975747083165,1.592115002011581
-3.3465024914294874,1.5626669646111087
-3.3512778877617824,1.5358771923357573
-3.355625190736321,1.5088689494408927
-3.359265299370462,1.4825342419447836
-3.3622442321122246,1.4614644358059072
-3.367013581479539,1.4350858055679239
-3.373109628645235,1.4067713556924328
-3.3793186770930155,1.3776906748165962
-3.3846654085547363,1.3504404939986685
-3.390091253190689,1.3211993699261964
-3.394096004063716,1.2944912964849569
-3.397169914206351,1.2653981616244256
-3.3998448228489955,1.235617655664109
-3.402656934265663,1.2057273777841784
-3.4051522899261397,1.1818455026365298
-3.4081611036245363,1.152007860786195
-3.411254851430839,1.1221547070109523
-3.4143195887359417,1.0923442398301269
-3.416508864837093,1.0624836609353148
-3.4176633736944573,1.0336214639879793
-3.417846597925708,1.0048561962221234
-3.4173138229333677,0.9749008093613158
-3.4162823984446273,0.9464971269329393
-3.414361751869354,0.9177572358482294
-3.412210278237256,0.8938759287609707
-3.4088792762228257,0.8641247657956314
-3.4044534686266332,0.8345374808949432
-3.3984315481181633,0.8052862498973166
-3.392132514920076,0.7822148435499082
-3.383111439135377,0.7536740724131139
-3.3733985917331135,0.7253267343964042
-3.36301339062015,0.697219449584179
-3.352363148500037,0.6691998421093327
-3.340746443991691,0.6416709632470821
-3.327680005225844,0.6147665578350913
-3.3126848801100732,0.5890201820505523
-3.295155810433687,0.5648779943463789
-3.2761048126578354,0.5418183919374211
-3.2563176030241974,0.5193322579934053
-3.2357945782079764,0.4975558056547638
-3.214597942573824,0.4763542242608753
-3.197750625585972,0.4592309772615411
-3.1768551926145983,0.4376744167970011
-3.156598346816645,0.41555967159964663
-3.1369610244616526,0.3937818653914014
-3.1170636192574244,0.3731123152080576
-3.0962637617083506,0.35324328076729394
-3.0796788586946846,0.33847470770628896
-3.0578000949672592,0.3194490484441472
-3.035418425615258,0.29945693618271085
-3.012709476855054,0.27993667521083215
-2.989763941330199,0.26056379425568527
-2.9673746752458685,0.24054636162262225
-2.94505979018196,0.220520064334596
-2.9232557209708907,0.2014749637867557
-2.9041391423879777,0.1845008929889301
-2.889297435959529,0.1701071818800751
-2.8728638620754845,0.15173618667948102
-2.8552967233201683,0.12851796343465896
-2.839464356908461,0.1051816819500744
-2.824156826138459,0.08191887447270461
-2.8081298205151817,0.05741472969235155
-2.792212462818481,0.03303040918159311
-2.777406330759014,0.009228454980825479
-2.767724908134612,-0.007028066062432958
-2.754563994270212,-0.03055073675646143
-2.7410090718669946,-0.05648816249185111
-2.7286209884635504,-0.08292964510219132
-2.718398488436743,-0.10701551509043755
-2.7070260695113713,-0.1346318590033462
-2.697746051800104,-0.1567492897182394
-2.685934252316859,-0.18431332820687374
-2.6735147976472247,-0.21154068559384615
-2.660199111261994,-0.2383580189409412
-2.6460616172514895,-0.2647778481921452
-2.632106993469139,-0.2913869017840356
-2.6188170496449366,-0.3183438677442579
-2.6061338640926444,-0.3455348932595618
-2.5931776993224562,-0.37256515749421754
-2.57995790732057,-0.39945106683542453
-2.5656174171768424,-0.425672602766041
-2.5497515084589177,-0.450992449637361
-2.532968930203749,-0.474597681624029
-2.5192400308304004,-0.4918902171704423
-2.500001077191155,-0.5146247425446522
-2.481631833051234,-0.5357396257950022
-2.4650551084343455,-0.5550374401921322
-2.4479521809994025,-0.5762940474271689
-2.4312455983214374,-0.5988073872883161
-2.414890656347513,-0.6225576814854409
-2.3979491946771874,-0.6471804036402393
-2.3799810903731737,-0.671069991359589
-2.365049433244975,-0.6890276588816872
-2.3448562373337603,-0.7110895621547948
-2.3235638652157076,-0.7320153864010076
-2.3004268717297087,-0.7508097195672124
-2.2759613858476055,-0.7680069835720358
-2.250650506884466,-0.7838826343963476
-2.224418049570917,-0.7982922161936946
-2.2051377179386797,-0.8084546988752239
-2.1828114209501366,-0.8193903931294619
-2.1619990463743424,-0.829107538889628
-2.138834636504566,-0.8411560877695706
-2.1133977215707427,-0.8565598231621137
-2.0890902820022625,-0.8743133800350166
-2.066834715580948,-0.8944015455683301
-2.0504363808788066,-0.9120797599173176
-2.0315039724512416,-0.9344772475172356
-2.0149838283974533,-0.9544251190802835
-2.0009795927478145,-0.9708114335888717
-1.9845894554316823,-0.9894608216397812
-1.9658951483093698,-1.0107670011785395
-1.9482096913274707,-1.030422074925524
-1.930329395901055,-1.0491367360581128
-1.9159375114617905,-1.0626579105051728
-1.8963578080794903,-1.0778046391878249
-1.8720129138532688,-1.0936461065280434
-1.8463836949439163,-1.1077720962946205
-1.8201678819535643,-1.120828828739338
-1.7950489646462289,-1.1338462776793214
-1.7707467506702892,-1.1470064498897614
-1.7451126010124478,-1.1618292450825332
-1.720835732557616,-1.1765407640772776
-1.700571899613814,-1.1893332899240745
-1.6776430947998133,-1.2055782921079867
-1.659288742757687,-1.2216456913575457
-1.6445922161366575,-1.2388681702506097
-1.631597575959687,-1.2593663185054447
-1.6195144697091846,-1.2825859610413441
-1.6097140924607556,-1.3032458899056196
-1.5971800446086026,-1.3286647185945077
-1.5824880418840668,-1.3543833263659824
-1.5662331928541637,-1.378635481605895
-1.5495703387461508,-1.401311223945409
-1.5318253111457918,-1.4255211086699573
-1.5144258182537154,-1.4499934396371894
-1.4973371418017256,-1.474194280801818
-1.4837942051037807,-1.4935848895737949
-1.467100261576811,-1.5184639433147855
-1.4510328601686808,-1.5436227094931645
-1.4349520599952674,-1.5689596861892523
-1.419133591275731,-1.594485752190491
-1.4035461002400713,-1.6201166917937166
-1.3880135417672597,-1.6457961372125676
-1.3724816067300278,-1.6714409111460242
-1.3566755434147424,-1.6969141438992412
-1.3404520309480241,-1.7220923011225147
-1.3268445332844048,-1.7417697708916158
-1.3090679438860182,-1.765896812875651
-1.2910209937340735,-1.7898373838486714
-1.2725960007036017,-1.8134673661893732
-1.253841459639283,-1.8367736293927988
-1.2351948073676675,-1.8601455980775918
-1.2189453363163365,-1.8817510180663404
-1.2046147567344883,-1.9012274417881523
-1.191094389710207,-1.918807188394488
-1.1756709443571591,-1.9390390109761004
-1.1582057238763386,-1.9623878029519213
-1.1399434155670163,-1.985974587854866
-1.1247198055395253,-2.004420075721118
-1.105288274417662,-2.0272313876283348
-1.0853738459469293,-2.049595927381868
-1.0648214582800288,-2.071408002006391
-1.0440303550436567,-2.0929734764194983
-1.0225476833080622,-2.113829220252133
-1.000706940611491,-2.134380645680364
-0.9786440997523573,-2.1546444117481975
-0.9560632471993868,-2.1743266387426012
-0.9377480537811274,-2.189841285632482
-0.915131044540644,-2.2096134518074564
-0.8927325550821339,-2.229527727943596
-0.8699332199054696,-2.248987286076567
-0.8471070057268982,-2.2681728632067446
-0.8241620545779699,-2.2873962839155206
-0.8014391357965508,-2.3069939879540144
-0.7787252010598816,-2.325797335977145
-0.7553635187883148,-2.3441010185044107
-0.7318082260473677,-2.362631196190172
-0.7130751008037549,-2.376946651089798
-0.6917946995308537,-2.392330661202701
-0.6704281735609149,-2.406686616594967
-0.6554876923037813,-2.416273870405192
-0.6347341388212537,-2.4291075412264753
-0.6118664101310339,-2.443464640544237
-0.5889656245434828,-2.4587572287650494
-0.5666482231141282,-2.474332816218072
-0.5447048561732658,-2.4898624065066643
-0.5235572868966156,-2.50560795506077
-0.5011732374315953,-2.522880050468971
-0.4776971539415851,-2.5411693269091566
-0.4537894397462541,-2.55922642799112
-0.4297224981258175,-2.5771817614163384
-0.4060130957865308,-2.595607531582424
-0.387316706188654,-2.6107391807199813
-0.3645415807236083,-2.630343257197332
-0.3422173028599258,-2.6504272665431436
-0.31997477788263606,-2.6705049831778496
-0.29692010780214373,-2.6895126028261958
-0.2730791305023904,-2.7076907235564946
-0.24900946830946907,-2.7254730076332057
-0.2240520275188437,-2.7419215004071593
-0.19840487075152632,-2.756823727077349
-0.1723325658641269,-2.769043958746575
-0.14767798775907884,-2.7787356406415484
-0.12271466618156446,-2.7875045142541577
-0.10282326150128207,-2.794983269342594
-0.0766800868419086,-2.805951287363939
-0.04942735836974286,-2.8187890049647666
-0.023257359605262252,-2.8334278881827903
0.0005743505638514059,-2.849134905361403
0.022908016224007482,-2.8665836103225413
0.04508989312380205,-2.884839807679004
0.06845295867675051,-2.9035846114700665
0.0863977242877578,-2.91734361218876
0.10881848679843888,-2.933932278894644
0.1312906921149941,-2.9515960283327582
0.15365329435087718,-2.9699954043724817
0.17600559633631896,-2.9876472800979994
0.19672352778863425,-3.0037592381144433
0.21194609937209918,-3.015632620273307
0.22981825234022932,-3.028346527811442
0.24585816838037525,-3.03816041609974
0.2619024475715228,-3.047425133086427
0.2780564933322472,-3.0576781422321586
0.29616860261699646,-3.0715536982129064
0.3135622163356235,-3.0864465682028572
0.33065174960545907,-3.1011172054398894
0.3471043623142831,-3.116284429808802
0.3595739160819045,-3.1289137292865474
0.3744292040744488,-3.1467678737399223
0.3878994540392722,-3.1653400116127948
0.4014435977845442,-3.183974773682792
0.41816164248250076,-3.205345733425149
0.4374991878978937,-3.2280979553931157
0.45768363250310695,-3.2501543243386903
0.4785951835736047,-3.27159529402974
0.4994598698927193,-3.2916947664774407
0.5194878011076138,-3.310022564861463
0.5386813451107167,-3.3272342948804616
0.5588010022096795,-3.3441976672647757
0.581078861737254,-3.361592418550374
0.5992074842806747,-3.3758105373356755
0.6217750594257282,-3.394262835595654
0.6431118105451276,-3.412413787754015
0.6640213051267156,-3.4309807173683327
0.6825213628622008,-3.4492008188584737
0.7002774302021276,-3.4690687494198955
0.7166718612821267,-3.488933647808118
0.7337515315595671,-3.511233465955475
0.7457103017116953,-3.526875448434806
0.760021701256428,-3.5451611596444574
0.7758224692336895,-3.56450457381437
0.7927529955222189,-3.5832700703263543
0.8122111508273246,-3.6033887440448686
0.8284130093703438,-3.6200401068828443
0.8454359072989809,-3.637114130226561
0.8615495129344692,-3.65193410129439
0.8797983454673999,-3.667348113415718
0.9030047446707833,-3.6846284508081406
0.9223353895356183,-3.6973053581946957
0.9434033063900685,-3.710133196879434
0.9654413794411122,-3.7234745524111195
0.985823009716464,-3.7370613267096195
1.0054180646545454,-3.7515829296985044
1.0246221054574054,-3.7662712624869195
1.0444867937066296,-3.7817021924993766
1.0632447583507179,-3.796323009501073
1.0796027864858893,-3.8092396525522054
1.0938329501389545,-3.8210183322792366
1.1132644876104236,-3.8384878851075372
1.1325268765259766,-3.8562283664646038
1.1539856402321689,-3.8756709165068117
1.1763824104363976,-3.895252496038339
1.1989789963635205,-3.9146833123328575
1.2167743940950688,-3.9306880147480663
1.2377309235510283,-3.952299447905463
1.2575354921844595,-3.974868415414245
1.277685679174555,-3.99694696994581
1.2996078935493216,-4.01705684472839
1.3239882828861327,-4.03410753351013
1.3500801276974563,-4.048536532892984
1.3772633261650213,-4.0609594748660305
1.4049337699824624,-4.072402430624871
1.433008570111215,-4.08268681106457
1.4615396737212882,-4.09189474157904
1.4843507476305204,-4.099481353259556
1.51256889616507,-4.109825265002415
1.540616193742987,-4.120362620177124
1.569037584248837,-4.129705476196154
1.5976830679906662,-4.1387712777535315
1.6258621167245528,-4.149530042006544
1.6529114905349596,-4.162777777946531
1.6794143949998763,-4.176825092596017
1.70358462505417,-4.189209913983381
1.7208746406759454,-4.197828349233766
1.7444993956416484,-4.209148243584349
1.7716375247382712,-4.2211905726735806
1.79863085284647,-4.233073064567696
1.824203280636032,-4.245243994528234
1.8472868140485326,-4.256199756663033
1.8725410914011602,-4.267316868090782
1.8995883220845033,-4.27873425586127
1.9238964058566557,-4.288597951904229
1.9438251502493,-4.296800103828273
1.9751338153980766,-4.311151449414629
1.9958443916992268,-4.321564819358896
2.018722852815857,-4.333498821901596
2.036348420903823,-4.343144600609878
2.05509555653659,-4.354273060332018
2.0723053132118547,-4.3658995165668655
2.09059615680093,-4.379120548571708
2.1110928832209424,-4.393657003499011
2.129748798515779,-4.4058807424652775
2.154902394690135,-4.421575015298545
2.180165584618736,-4.43770154761652
2.2053461669659433,-4.453855555060895
2.23118022992643,-4.468910954219388
2.2575548111527017,-4.483201113864277
2.283888762649823,-4.49757184497269
2.3102184031200097,-4.511949641295787
2.336531009965343,-4.526337026915146
2.3631745674269653,-4.539937701316695
2.39036202134256,-4.552482983357007
2.41234054270156,-4.561936949000554
2.4404575548028173,-4.571787946581537
2.469490904800007,-4.5778609528347465
2.4991965956711586,-4.57945522202177
2.52907037757483,-4.57838227710345
2.5586771870386715,-4.576705019079542
2.586040103488764,-4.57566751708082
2.6144904073826307,-4.57462828002599
2.633673933172706,-4.574018045101472
2.6524923465537067,-4.573432746994694
2.6690731194246142,-4.572581971212125
2.690225382598717,-4.57109121555671
2.7148040229088215,-4.568416061973619
2.740989792395349,-4.565367814778418
2.7674514428789414,-4.5638713295637094
2.795049240663955,-4.565527669564866
2.816846941536371,-4.568786960809082
2.8431766478188876,-4.573584835145927
2.8689386826406107,-4.578483916148521
2.8981856994029815,-4.584879792362769
2.9260166983933287,-4.591894165726917
2.953384230987887,-4.600491312993514
2.9733870707246215,-4.607864314455204
2.9972798162459093,-4.618143821536898
3.020478480781363,-4.630415674310156
3.043205900593303,-4.6449617291107295
3.0635637038432613,-4.662473705246583
3.0812278727210414,-4.68252246120623
3.0973374970414587,-4.703690086661504
3.114361318175588,-4.726327932286292
3.1275238099152443,-4.743035124326533
3.142774050975847,-4.762169981888085
3.1583396891178492,-4.781875714153795
3.1738513996194553,-4.801321209401996
3.191540033779187,-4.823040822361055
3.211278399722825,-4.84552472298653
3.2315231460263147,-4.867317474872554
3.2516884925506315,-4.889491148218155
3.2711758745266972,-4.912317696936961
3.2900476566669137,-4.935579894504341
3.3048230158162695,-4.954500110110835
3.3224144229110646,-4.978870166340789
3.338704837806986,-5.004150227003492
3.3540370721406645,-5.0294847217409355
3.3676025832387992,-5.053628540306045
3.3782805105176514,-5.07436739166782
3.3901963731174463,-5.098505277304174
3.4033226953095914,-5.1244445679386095
3.415458437955768,-5.1469214028840335
3.4268196765283148,-5.167198485641007
3.440324943501348,-5.192186593632453
3.4535841071674125,-5.21774484958937
3.46385539160728,-5.238724886125867
3.4754157486613515,-5.263273011145078
3.4880245053428887,-5.290109909468442
3.5005272185134797,-5.316808474116997
3.5130632504935586,-5.344077790554061
3.5240698249379134,-5.368054098160941
3.533347395096935,-5.3880501327635315
3.541143984057915,-5.404591972680476
3.5509676093041707,-5.424755028139407
3.5622262334956596,-5.447474690986708
3.5743670060044814,-5.472075725115879
3.5876789657799035,-5.497695591727383
3.60282682753316,-5.523449844675528
3.6196281796806535,-5.54777963101672
3.6350153535461023,-5.56807935818734
3.6464153975484184,-5.582498506938885
3.6634566231239396,-5.602671827380145
3.6810228868227615,-5.621984356101652
3.695954791387232,-5.637017581248417
3.7127493334823467,-5.651728391512154
3.7306248746526736,-5.665097043519572
3.750316060973568,-5.6787033122851875
3.768492113166248,-5.6913730586336255
3.7925184570883905,-5.709238921193735
3.8162448907828477,-5.727637391738027
3.837831102272807,-5.744704433423298
3.8593454461454235,-5.760958430412672
3.879952992304817,-5.775792600660774
3.9007781237248405,-5.7907461508974345
3.924036135554385,-5.807391661021654
3.9475691334006404,-5.825015317878373
3.9684248960219732,-5.841879719986511
3.9894665330993733,-5.859442889692744
4.0047361270968675,-5.871815847774714
4.0222086553702034,-5.885768055904651
4.0392081820910555,-5.8989493389004934
4.058715446729927,-5.913494256166765
4.07994496781059,-5.928797916788628
4.10133340212883,-5.944231953610085
4.125618883587968,-5.961858490075196
4.149665301618072,-5.979852663909592
4.173575500398695,-5.99797193510289
4.197417830240779,-6.016171560840715
4.215741902714689,-6.029648448247893
4.233322956438406,-6.041709947107132
4.250002310895444,-6.052071828541779
4.266998705089045,-6.06184022182915
4.287630175453096,-6.073244439823945
4.312235682259634,-6.087056282598097
4.33820537313529,-6.10201319704728
4.363809295466676,-6.117183132578876
4.389287081394411,-6.132703695076119
4.409581222514506,-6.145597024003655
4.434657150195207,-6.162070634788898
4.459892628541665,-6.177965832315601
4.484738827828305,-6.192420174799479
4.505990360950526,-6.204075349393189
4.526509382743639,-6.214659589775306
4.544709417116819,-6.223004141483667
4.5654323990926,-6.2312299570467
4.589640859534994,-6.240054707723309
4.613962535121279,-6.248956145236408
4.635272094812437,-6.257002873616763
4.661599991092539,-6.267355820333209
4.687067227458539,-6.277594834584273
4.7095173481216674,-6.286540966685231
4.729401399774015,-6.293675032686745
4.752645104360988,-6.300925389466767
4.777133937455381,-6.308090712324114
4.796694980808335,-6.313647389989365
4.819226773648244,-6.319473573706406
4.84499017801878,-6.32491216766526
4.872345162210873,-6.328529601991444
4.900713807355933,-6.329996950248461
4.925959907099663,-6.329323102807458
4.95060917040871,-6.327345074679636
4.9792343454883286,-6.32396024708214
5.007760798239244,-6.319415007886754
5.037345662011532,-6.314284504802244
5.061246550502118,-6.31110173671753
5.09145876331535,-6.310039575045103
5.121504067060125,-6.312790048626175
5.150893911656484,-6.31737383617548
5.177270848067932,-6.321631944528019
5.201741401600836,-6.324967105241178
5.226115660772592,-6.327176521262844
5.242481609810744,-6.327782700785655
5.261518496995927,-6.327493382525066
5.2831057897959575,-6.326113922440896
5.307099502512444,-6.323579585687305
5.330728352917347,-6.320029544251276
5.356320867943869,-6.315383696822417
5.383471619196892,-6.310902888256272
5.407637241478868,-6.308704510796223
5.423119725824449,-6.30864234180111
5.442339429419215,-6.309418572217132
5.463711938678098,-6.310044283819281
5.4878963185797645,-6.309877668056282
5.511448160547173,-6.30874348401224
5.535156010043689,-6.306855939675095
5.558916230585968,-6.30463540177903
5.5809447422722585,-6.302781899387119
5.601124890456166,-6.30172796188734
5.618759069499502,-6.301135632270179
5.643622308333073,-6.300614186179619
5.665003351704094,-6.3002949645875805
5.688076872881028,-6.299420504716143
5.713456674189514,-6.2980104113254365
5.741022215847549,-6.296397857205205
5.768726282974751,-6.294668584297665
5.791428925270286,-6.293173184787254
5.821286410565175,-6.29111783543014
5.851032834073355,-6.289730080995844
5.881207904440206,-6.289178769135929
5.911001814301976,-6.288045672404937
5.938854137257462,-6.286549987683468
5.964071871569401,-6.285572248666349
5.992372484007104,-6.284999684730494
6.022271682981657,-6.284822172541339
6.04614922792406,-6.284666216540414
6.073560297927154,-6.2841275107558445
6.101309747479554,-6.283230975617146
6.131119591258748,-6.282352986835275
6.1611848771471305,-6.282132995415536
6.1912368721089175,-6.283324473429721
6.21518680031187,-6.284794965370897
6.243905379382734,-6.285928301103244
6.2737736174364835,-6.286191207243476
6.3037799936419985,-6.286362205359947
6.333804437228269,-6.286835316386003
6.363833123305067,-6.287880247987653
6.393796567012353,-6.289627707755371
6.4237393760143355,-6.291145428190512
6.453726002411972,-6.292770090598973
6.477691909156521,-6.294464131396596
6.506978618142373,-6.29704034026585
6.536842633220028,-6.299973901324991
6.565569259270629,-6.303213145524943
6.594421217966158,-6.306750919427424
6.624179550226225,-6.309934631232481
6.653969715969284,-6.312789847851942
6.683731129961819,-6.315229204249376
6.706207430160115,-6.317481079619513
6.734675163380553,-6.3218167869956705
6.763431295709295,-6.327698314432901
6.7914535308791315,-6.3337502151544545
6.8206467131033115,-6.3393689395520045
6.850179446018805,-6.343931675703544
6.8794889790614535,-6.347626180861563
6.909231760301855,-6.3504878703167735
6.939064113973163,-6.352998158611146
6.968962871038423,-6.3556033918118
6.992890592922586,-6.35799563988688
7.022678027383136,-6.362255080986622
7.052241987908779,-6.367661900647226
7.081657826040004,-6.373743173799428
7.1109149544893535,-6.380673922677729
7.1397785717385105,-6.388188886072326
7.1684042027159,-6.395340354161113
7.194373639251986,-6.401222732851312
7.218458237736918,-6.405538923475653
7.240041225601172,-6.408145061432391
7.268325969177103,-6.4104839059568155
7.2971211403317024,-6.413182327818694
7.325207880563472,-6.417642907227416
7.352751988092511,-6.424130546986495
7.380411026600143,-6.4323474970777035
7.408645116203089,-6.441029788611365
7.437186030905264,-6.450499867106646
7.465235438964806,-6.46142129047306
7.487262987520655,-6.471066153010457
7.514621955889383,-6.483313405987506
7.542160681503484,-6.495233579383608
7.569448386636415,-6.507919045295732
7.596038299972625,-6.52195851091633
7.622191899009813,-6.536755858662509
7.647909028010825,-6.552328263426548
7.673045512963192,-6.5688492009906865
7.697233378407842,-6.58681740061102
7.719825491896966,-6.606797850348489
7.736685895289879,-6.623992298183054
7.757204062357463,-6.645882855533335
7.777747992169808,-6.667735313473419
7.798258234776107,-6.689074050047394
7.819713696321843,-6.709945159401819
7.841493234655102,-6.730586535520271
7.858904045476252,-6.747096711502593
7.880586251515741,-6.767858528860757
7.901935705855572,-6.78903665606984
7.921964294981591,-6.811544597719514
7.94048509332646,-6.835259985134003
7.958381069816457,-6.8593159154515755
7.977173647910511,-6.882536060224899
7.9931119663843795,-6.900432810317183
8.012948344379284,-6.923032332256392
8.031920389048679,-6.9462990041753985
8.05133227582076,-6.969032832628468
8.071906568779562,-6.9907366528082555
8.089410095096506,-7.006910729806802
8.113509414851835,-7.024233729762302
8.139804482772961,-7.038257118478077
8.167092832723048,-7.050581698431639
8.19445704434584,-7.063053560221461
8.220944390652086,-7.077541419377268
8.245199001571267,-7.09568706149751
8.26574389316768,-7.117939603149457
8.282766363740281,-7.142912196390314
8.294257158589902,-7.16412271488741
8.306922300849795,-7.191470795523559
8.31636115769182,-7.219315686985615
8.322850379446525,-7.24750368608934
8.32758843225826,-7.275565628280285
8.329942445846703,-7.302822697508398
8.331089242162264,-7.3281218219630455
8.330770139719743,-7.3541673554752895
8.329034101657893,-7.376325428947138
8.324822834693036,-7.405550719281406
8.31861615665279,-7.434457656975625
8.31297552196996,-7.459488251481538
8.308103638178599,-7.4825068109629616
8.302835586124806,-7.508536182335383
8.298148833137065,-7.531959130061271
8.294134178394021,-7.553809519214122
8.289792305650078,-7.575537407372239
8.286578986230385,-7.593283877173623
8.282983251640228,-7.621125249215831
8.280697759823877,-7.650886898092384
8.281717343567372,-7.680566676261102
8.2877929411621,-7.709553057679036
8.298274639114013,-7.737405058913464
8.311133847108726,-7.76440504415133
8.32446211862516,-7.791323274075793
8.334192361751844,-7.813393332184697
8.34368303459702,-7.842080280685944
8.34931665619888,-7.87176492400553
8.352082060755826,-7.901750320938311
8.353489586986392,-7.931806758174916
8.35365095039398,-7.961832929327661
8.35375628205108,-7.985838023318869
8.353436590673526,-8.015881816444514
8.352547749638372,-8.045877251872106
8.351362827089453,-8.07590128537304
