0.024016061978104783
0.05406088601039051
0.08399766470608346
0.1039080702523789
0.11979602727739476
0.12605865708556643
0.12925493326292872
0.12930269199186178
0.12930288825201047
0.12930306706802183
0.12930313602640822
0.13553620462791924
0.1517713636228039
0.17616323089645008
0.2040426044994755
0.22643355629563489
0.25537984471992425
0.2856937235333189
0.3160071503865046
0.34512305899982726
0.3699930958018328
0.3905381811306456
0.41620061145736637
0.44613185460691535
0.47644565803089
0.5067561200470289
0.5310084539741632
0.5612470085610864
0.5915581857949762
0.6205942855888622
0.6464522557139905
0.6716984275179717
0.6957745711987617
0.711893163520454
0.7328436604147774
0.7526423069371088
0.7723047252715507
0.7918259441681148
0.8074465082555471
0.8283541031098766
0.8494017859824536
0.8735546384743381
0.9000547166981536
0.9264494273014893
0.9537274780516263
0.9820212269799541
1.0058474101507422
1.0358599242923894
1.0659126075452041
1.0958924856581354
1.1215227148583635
1.1478774926132287
1.174923804854755
1.2048853492898826
1.2348820025040264
1.263472121599069
1.2866761081165823
1.3161130101030798
1.3460916257158178
1.376099816019311
1.4060478637695502
1.4332159517368173
1.4601666774736701
1.4821683408829087
1.5113339654175908
1.5396824193328011
1.568939927113366
1.5983419425548246
1.6273095876805406
1.6511062094207303
1.6806500512348241
1.7074301645973542
1.7327367148026978
1.7558221160343177
1.7783662176303339
1.8022182372323319
1.8287143661794818
1.8508343871680815
1.8797684642912895
1.9092769074367533
1.939062719784713
1.9690898146920568
1.999128064284247
2.0291654913233206
2.053180450980066
2.0832209916498186
2.113241936683376
2.1432326353866973
2.17327128292478
2.2033060357826186
2.2332275372841077
2.257143356850496
2.2871036878958835
2.3150062451993483
2.340544427901562
2.3663519815924468
2.3893566891324247
2.4049810157659985
2.42115909956583
2.4391271435596806
2.462312900301891
2.488602700808397
2.5171335088253297
2.538737318221376
2.5678926549206658
2.594153779078864
2.618119929127213
2.638925466147212
2.6590672415462557
2.678381507083929
2.7031340785835942
2.725144321047071
2.74183351064738
2.766555612408234
2.793835356027849
2.8211188863133
2.8487569912876456
2.8761268884245013
2.9026496755545272
2.9238896127925047
2.9503744636212064
2.977636520074341
3.0020067945044575
3.0250261935591594
3.052562195289248
3.082567151022533
3.1062378856075332
3.1364476280830096
3.166513425420269
3.1965115449989767
3.2265369328724236
3.256591268551623
3.2852836556396734
3.3150192444774347
3.338996146936955
3.368954681965033
3.397934716291161
3.4230513135357654
3.4453780111302574
3.4682900009749793
3.4869563344146113
3.5101527999744695
3.5331737409181603
3.5579953947500016
3.5875685850468044
3.616430349694027
3.6369220376332847
3.6605770191474396
3.6848079587193334
3.7132358088258224
3.7372449150180755
3.767246626732693
3.7972720427865245
3.827370720188871
3.8574516353195607
3.887453201452014
3.917466376124722
3.947451213325808
3.977463705812683
4.001506578394304
4.031536591854303
4.061544068057512
4.091562129711933
4.121555117172724
4.151483602752463
4.181338601060475
4.205237656622075
4.234698045834306
4.260279231117463
4.285345217886904
4.312969831241713
4.341885583087776
4.369717897611563
4.398440743166858
4.4266485174870045
4.449668831181885
4.4779251370367925
4.5046755737785515
4.5319657306746475
4.5619639741608635
4.589893690877892
4.614484840043165
4.638223213163817
4.663100556401335
4.684578593726551
4.714411605643937
4.7443773669653435
4.774382678086302
4.8043966893664
4.834465512452204
4.864527107697654
4.894551367992296
4.924552250370362
4.9545506340959475
4.984534365139247
5.00832096073982
5.035807975339918
5.065659727419322
5.0955754505275
5.124539249231745
5.1522722960677125
5.1814106537338755
5.207727340216605
5.236045218366241
5.265264571116075
5.294698103161288
5.318308383029065
5.3481072172943245
5.377829610871132
5.407867599190446
5.437870612687668
5.467909838457191
5.49764096310369
5.52757962317278
5.557595680805755
5.581559175965281
5.611505864265943
5.641490819150781
5.670799235543758
5.699186921765136
5.729189069534592
5.758806324404163
5.7820997893818245
5.811938302980632
5.8417419974305576
5.871671689345703
5.901660465513093
5.929701649394508
5.958010032357371
5.987254678973261
6.0109021531053575
6.040766288034037
6.070689786756373
6.100726576402087
6.130740491901983
6.160637791255827
6.188485911249574
6.216750284320633
6.238926810896614
6.268836819440705
6.298725708422411
6.328679457922379
6.358735088150535
6.388804805359824
6.418866028230211
6.448955157640759
6.478762689161956
6.508340271921679
6.5369804367419215
6.560560364430084
6.590554240141775
6.620542737483986
6.650569206057152
6.680586417940105
6.710596720502881
6.740522282917915
6.77042159745903
6.800334723578167
6.824322378435658
6.852270555585885
6.878527583607607
6.90432908605462
6.932807268056165
6.962811670421879
6.992194664970672
7.02216891268335
7.051380385249611
7.080736699034822
7.103971940955633
7.1299363182901105
7.159370545441266
7.1890988695619855
7.216734853988495
7.245861385742416
7.275641881542025
7.299479525882728
7.329432120681358
7.359470629558409
7.386100263077417
7.410472977377849
7.433496620434189
7.4493267511223
7.456238303616647
7.464571848901289
7.4723293571430975
7.477125118067029
7.487507463564136
7.49659688850208
7.506080514892739
7.521313826550856
7.544028424035279
7.56491408987738
7.594733434059513
7.624765876376037
7.654760958192318
7.684732305388332
7.71425820922857
7.744304283676163
7.770872202872197
7.793568579207902
7.817841479562247
7.841126067494702
7.867916401751042
7.889682885092197
7.908575732972432
7.937964156981212
7.967138946595914
7.994835630161723
8.024304091719515
8.053951152871399
8.083812792958316
8.113694816769073
8.143429900250196
8.16713045618819
8.202664523991714
8.226439486287726
8.25622984023141
8.286100786438656
8.316096094746477
8.346032594178732
8.37595384264971
8.405862159889855
8.435787440328095
8.465793713281753
8.48986465734207
8.519965274718276
8.550057270499284
8.580162998959667
8.610242249819265
8.640312894176125
8.67040642987692
8.700081611538863
8.729892434531632
8.759903657196897
8.789923324358861
8.819935994769319
8.84987350160408
8.87384528062462
8.909747089162236
8.938727951606824
8.96223394704464
8.998269791467578
9.022325399722932
9.052384092907714
9.082426724158157
9.112420342369264
9.142391082073173
9.172471534323613
9.202624156400915
9.23273341567348
9.262806162402406
9.292887377036042
9.3229013266202
9.352955599813475
9.376979684140547
9.406945137737784
9.436928408588196
9.466931359294025
9.496988845023514
9.527077082224242
9.557104433558733
9.587137441642362
9.611173469487209
9.640926191003047
9.671029845637698
9.70111382648792
9.731216252006073
9.761383811744441
9.791591493935032
9.815718571858804
9.845769327941971
9.875756698429182
9.90576704440129
9.935766102948227
9.965729071925512
9.995673216753815
10.025557072675323
10.055538682339316
10.085549651018463
10.113007449993232
10.135545707604999
10.164080734426875
10.193932600749195
10.223950205501783
10.253995048239783
10.284054662683149
10.314163872724219
10.34429051865701
10.37442044851269
10.404485007433506
10.43461613625142
10.458700683414616
10.488709446606888
10.518740579619584
10.548787211715998
10.578787520227483
10.608740739641615
10.638659835957691
10.668607396612265
10.698493839139129
10.722334395033275
10.752249070625815
10.779726056711521
10.809180818843446
10.839205315683712
10.865292962589525
10.892221459657303
10.91803570895748
10.93625953752916
10.955398589838895
10.97852787116557
11.00487175993427
11.03335016425751
11.061756673032026
11.09002658691262
11.119904545037592
11.149867539028254
11.179802193439558
11.203768587546211
11.233611051328099
11.263056680309399
11.292878481293588
11.322768419872064
11.352643960151253
11.382567059974237
11.412323604098512
11.442140097512377
11.466001996252416
11.495937938704232
11.525834167464469
11.555720323424834
11.585692511965142
11.614823291231232
11.64144103283003
11.664283560449675
11.680970606880868
11.699681152673861
11.720311634396822
11.741680710639312
11.760057867720747
11.778611978405989
11.802904820452707
11.832271199089677
11.86139673354108
11.88759572084962
11.91559508261032
11.938747965371132
11.968433686127943
11.998291752077032
12.026534700623486
12.049659026505887
12.074666822563719
12.10394967434031
12.13388540996036
12.157105514243957
12.193223609244898
12.217297558143736
12.244884997022341
12.270112536378862
12.298654875314545
12.328700420353172
12.358790101173255
12.388855884397826
12.41893802316452
12.449068003351714
12.479174383823128
12.509209008985941
12.53312992459823
12.563020646306871
12.592370037555202
12.616536538348097
12.639162070288345
12.661933363526108
12.6865199048346
12.715905387890912
12.739914984071534
12.769933559490234
12.79998471705446
12.83004400515591
12.859820029066091
12.88921936473254
12.919267276045042
12.94931080555049
12.973327565344867
13.003297337321698
13.033287855492402
13.063325536336365
13.093366234306986
13.123374195881533
13.153425076671496
13.183528733280644
13.213628640649143
13.24374180166887
13.271885730245296
13.297616443392096
13.320071555129054
13.34580271847254
13.371275318444672
13.398944889031267
13.428659061771334
13.458381185720238
13.481948569242759
13.511560897335011
13.541578369873935
13.570281248939997
13.596649833552375
13.62367680730161
13.652223299197718
13.67981296449096
13.7085366226489
13.732259576458612
13.76169750186953
13.79096102206667
13.820925835234286
13.850636395087571
13.88022729513973
13.910208430313102
13.934255313355514
13.96162965303986
13.986487851828874
14.01019572227319
14.034690923577195
14.059947551076723
14.088156972257087
14.117913270358176
14.140605078614838
14.167236486845963
14.192263739059861
14.217682316806318
14.245588596750535
14.270880142783444
14.298779853352451
14.324973099256052
14.345237434372457
14.37360782008908
14.40272541195701
14.432543792182223
14.462497033587299
14.492572376017858
14.522690851834014
14.552905979955437
14.577108576366017
14.607254638514814
14.637308191164726
14.667434243478294
14.697484074057668
14.727507054429783
14.75762574671831
14.78765772643615
14.817758421957986
14.84783400277645
14.871863098950259
14.901981720492705
14.93200525510576
14.961962073989767
14.98795902561161
15.01319993846721
15.040687453463239
15.070794429539347
15.100966789442536
15.131045420673331
15.155016507469353
15.185020445568394
15.215052075736166
15.244978919478916
15.275001909642832
15.304976051874021
15.335031535035874
15.364326425188898
15.385356173688288
15.410475367909063
15.434347377614541
15.456720414280747
15.478725245772484
15.501838508942711
15.529020101807218
15.55086601961527
15.578286360247615
15.60579526502286
15.633581222803448
15.66148849355541
15.689259097907719
15.71730740855915
15.745808842061804
15.771991771636918
15.798367201948771
15.820788172178414
15.849662771675536
15.878665890226586
15.907786221729738
15.936884749821857
15.965860849615904
15.988552243210966
16.0125817160866
16.032854037804707
16.05205470631907
16.071384897939204
16.09081066329217
16.112246019501395
16.134125584218594
16.158363234181863
16.182920487882345
16.20270282661782
16.228747199587204
16.255354614599728
16.28448628893781
16.31359729276393
16.341227485900262
16.36897096410437
16.393188253422352
16.41668332299162
16.434946993150522
16.457664149036358
16.47981443874902
16.501216702713073
16.523200299025852
16.54965973541313
16.578960926786586
16.600175932488632
16.63013110274109
16.66012001890565
16.688866409858818
16.716264304255102
16.74308971324453
16.764663977174337
16.791748623401837
16.82025878228423
16.85037434185152
16.880641116868414
16.910907014224197
16.941094373549053
16.970991501754604
16.9932910838841
17.021745914847546
17.051742483549965
17.081768766956458
17.111416504069016
17.137833422358746
17.16676012410615
17.19064164569538
17.220706695409692
17.250309025322526
17.276812054214904
17.303029032472242
17.329633740137155
17.351925657282646
17.372304880508356
17.38572248173916
17.404604494650698
17.427160908227513
17.449266359693052
17.47126920884515
17.496653409263374
17.521616113343377
17.54847634259221
17.57178985324951
17.60158387143073
17.631522375213386
17.661425077901356
17.691334423516018
17.721212321579188
17.74395693773302
17.77085342160936
17.796468626718397
17.82013968664217
17.846034618635592
17.873509585192693
17.90203550366655
17.930883708938605
17.954756718021194
17.984496799405974
18.014385700919835
18.04440096265058
18.074473268618437
18.10448521056154
18.134487658081337
18.158506643732846
18.18849186965517
18.21844208261718
18.248414027144925
18.278392331661394
18.302344662768444
18.33225282104893
18.36220891415309
18.391663409914287
18.42145725515605
18.451321634944797
18.481276923862065
18.505266153428806
18.535237319713232
18.565208258977226
18.59520198137467
18.625157590149072
18.655135165041095
18.68518223280799
18.71520036089593
18.74520656393997
18.77523803159718
18.79923437206507
18.829224550765414
18.85922396580977
18.88864909788464
18.91741235860545
18.946719649027266
18.976303970149885
19.005817211688395
19.034598408857093
19.055452656300506
19.081056865793116
19.107276636582235
19.130385320492444
19.15836917140552
19.185635428135203
19.214266095987544
19.244023197147225
19.273276392611837
19.3020958091243
19.332084156812208
19.36199694111816
19.38589339213349
19.41571917330869
19.445407520569187
19.469214789865198
19.498733889562416
19.528046079375297
19.557676054561817
19.58750581780083
19.617427295760628
19.647473577777244
19.677494316680463
19.700318911117183
19.728619315521804
19.75867500025649
19.78803567870108
19.817079050976744
19.847017579355995
19.876920591428306
19.900843653033032
19.930483513778587
19.96053182876678
19.990260439507626
20.018993277475953
20.0472627613971
20.077250961000427
20.105663807983177
20.131711198700515
20.15529892966396
20.175325702136316
20.202215634667553
20.23221673091615
20.25836239219549
20.28394045572777
20.31220543926699
20.34130628732587
20.370972541272664
20.400421570507792
20.423579485677028
20.450683462099544
20.47209685656238
20.493589711616643
20.52009517936988
20.5477280191933
20.57609440740705
20.604196103220193
20.628742726889143
20.6557169823344
20.679106865657445
20.70894535046847
20.738846062126868
20.768811353519972
20.798781195213362
20.8287444836141
20.857452071282633
20.88674666881478
20.915184868203543
20.944309929317317
20.967200687430644
20.995973140372215
21.021082999852442
21.042624397047447
21.061358832498637
21.079892165400206
21.102135007586686
21.124662739932454
21.14963932755114
21.176651531248705
21.200230369073076
21.225727823568366
21.249020114361027
21.276502690687387
21.303785586035957
21.333027690247555
21.36117182067777
21.389794550970603
21.41976285356319
21.449253588648393
21.479105138236207
21.50680558724335
21.529709125942436
21.559628692561617
21.588145842396763
21.613667512930785
21.639695761821883
21.661477533316873
21.677538238941818
21.693652735053128
21.705866199149302
21.722221079019853
21.738484243259975
21.755136894460357
21.77404542665671
21.792873344102325
21.8197155036476
21.849196997452164
21.876817068578752
21.903960542349953
21.929643085305642
21.95728400522553
21.97820945938246
22.004760461840956
22.03423260202644
22.063853001723785
22.091882879159716
22.12123806526718
22.146830660307774
22.165418740595328
22.189762378509002
22.216120533515976
22.24487448151473
22.274831110860497
22.304805806254564
22.33478598657799
22.36474772041274
22.386319720984226
22.41388074795904
22.441145114059513
22.470055208896955
22.49869802032353
22.52454582787606
22.55226463859031
22.580938017066494
22.60434062527865
22.633704820894597
22.66339558021149
22.69046218988597
22.718267415218612
22.7455827538823
22.77441419506165
22.804382821396388
22.82731077179381
22.854538030346284
22.87888613980601
22.903089358480408
22.927557832915618
22.953101898959112
22.973336327461997
22.996417844405165
23.018197476610112
23.039864563707027
23.063172737727946
23.089465684055185
23.10969223696826
23.13486086352723
23.161065393639657
23.189259239570298
23.215239339752355
23.23864634433581
23.262490217469324
23.28186404099905
23.309657317127083
23.339163755182877
23.368301235320658
23.394877228563104
23.417535306380955
23.441810273779456
23.462176131070954
23.488189354774033
23.517520123433762
23.547099342466044
23.577047067753472
23.60700121118877
23.63679310543401
23.66656038861886
23.69028182769597
23.7199112983572
23.749738067277736
23.779610794043865
23.808528366264085
23.83387311294177
23.858493121860377
23.878747471050193
23.904751768788792
23.930721601961604
23.95607030846971
23.98300534954245
24.005173414927903
24.033832328948293
24.063363577561482
24.09338956361634
24.123020966100654
24.153072661550684
24.183084468585875
24.209778989231687
24.23392666743933
24.252199307479113
24.275463597788125
24.30145373928049
24.329746854174495
24.35957958571686
24.389520019887335
24.413505631342325
24.44349510526241
24.473485911219107
24.50348634852311
24.526880270093436
24.55522625438086
24.585146135018544
24.61510268927866
24.645094537364454
24.675098034436854
24.705097400458254
24.73513655813235
24.76519094070743
24.789228573675153
24.81928651557182
24.849310351417333
24.879305698177724
24.9093686288765
24.939443819247003
24.96947852693073
24.999558978847176
25.023648096472044
25.053698860157645
25.083796966690173
25.113937617964872
25.144089977325645
25.17417136618587
25.198147003781603
25.228040484931444
25.257899989995185
25.28748581268446
25.317265545793866
25.347198710495448
25.377178982480906
25.40118837069875
25.431235048650944
25.461319318084243
25.49122395178301
25.518838189403322
25.538614704752298
25.550745066806712
25.57092674685199
25.59507214240766
25.623863143155976
25.650781965840313
25.67506923439868
25.693439902665578
25.718280695491835
25.744505340169347
25.770935375045756
25.8001921176218
25.824179087145104
25.85414913598595
25.883165838927745
25.909369447921513
25.937475122456718
25.96643235224684
25.990397509067854
26.020380963391293
26.050391290765628
26.080382428720455
26.110432241546057
26.140449068761452
26.170458341265576
26.194505876910174
26.22404027975855
26.253997419710355
26.28402085601785
26.31399694494477
26.343953874805184
26.373974349585005
26.404054406082924
26.428111724128833
26.458195613537697
26.48835326987312
26.518484362241622
26.54740618750347
26.577453610239704
26.605479953177607
26.62544948847125
26.649034547328412
26.673251276340462
26.702495107859523
26.732449973806833
26.7624357337749
26.78636570617214
26.8150709071987
26.844696238137463
26.874605846895484
26.898598915156004
26.928520898143603
26.95845494041521
26.988497375633216
27.01854301426508
27.04856720175845
27.078634744548147
27.102700680365054
27.132757940375264
27.162681860666872
27.19257836823682
27.22261016208406
27.248209621098464
27.275157242610724
27.298167870057938
27.328104808496963
27.35806794495513
27.387128322803125
27.416145288131
27.44611488663524
27.47611572851238
27.50618540649858
