-2.6716150413870294,4.573406494397295
-2.6824281700763746,4.594828869166042
-2.6957857242363366,4.621239433435497
-2.704188663606632,4.637591890154215
-2.70863891575047,4.646085168987162
-2.709760735350871,4.648202043804869
-2.71069927694714,4.649963179996844
-2.712398681226123,4.653121813008925
-2.712664078873044,4.653609701206845
-2.71266279531252,4.6536078956884115
-2.712663387482892,4.653608289729564
-2.7126637238281948,4.653609024419308
-2.712663389316229,4.653608813666067
-2.7126632217284996,4.653608495869918
-2.714583193648438,4.657114394887634
-2.7212855839401398,4.6693579504876475
-2.729039700249084,4.683705478661226
-2.7400616064329877,4.705751108715981
-2.7512766401717443,4.732735459757254
-2.760572987123793,4.7613782469883565
-2.768323145259169,4.790445665598939
-2.774938179136262,4.819778234191188
-2.7803207772665175,4.849370619545583
-2.783822581732038,4.873164213922324
-2.7872954331587585,4.903027208514202
-2.789857970431797,4.932960140702876
-2.791891907131571,4.962913338354187
-2.793729180804117,4.992860487523216
-2.7956463265245937,5.022785107475047
-2.797307421172518,5.04672291224267
-2.799131425952757,5.076691027791662
-2.800626458897656,5.10668286015375
-2.801579269403271,5.136702706553718
-2.802043293047548,5.166720897014493
-2.802263181079622,5.196726859910346
-2.802424244363049,5.22673205917474
-2.802522421232602,5.256730139983238
-2.802637664122539,5.280729699281178
-2.802792562631743,5.310720083988068
-2.8032804697024725,5.340689672762816
-2.804120819597046,5.370656083564271
-2.805460899757356,5.400577731537727
-2.8076642929731204,5.430446279123587
-2.8105426878146686,5.460270610016429
-2.8131412349433695,5.484123923933929
-2.816075348269306,5.514016367498793
-2.8185865530681307,5.543933247073236
-2.820429540672278,5.573935238100472
-2.8213261538372376,5.603956224652851
-2.821861502718621,5.633977761859287
-2.821941407553722,5.6640073376973605
-2.8214806689244796,5.694044910862328
-2.8205927590830098,5.718057932051411
-2.8190100627231427,5.748048776465446
-2.8168838408573524,5.778009314177118
-2.8142209789301513,5.807919667131153
-2.811096415399764,5.837791640129516
-2.808097781036078,5.8616393256160135
-2.8037683393414694,5.891365200883913
-2.798799107530179,5.920985674213239
-2.7934081694042106,5.950521120351012
-2.7875530869530105,5.979986503887716
-2.780850430946457,6.009292466947464
-2.772952543430368,6.038318479229935
-2.7638508782275237,6.066979778349466
-2.7557491178486675,6.089634303113349
-2.744692645974063,6.117589363323513
-2.73274074203243,6.145172654075648
-2.719779911607793,6.172304221865198
-2.705943614109804,6.198982225179374
-2.6914016911960688,6.225274588673578
-2.676295858369945,6.251238036299855
-2.6638433370098196,6.271788152818144
-2.647835848357411,6.297200619110297
-2.6314028516133203,6.322333036845577
-2.6146350514029995,6.347239047432754
-2.5975320204002643,6.3719160166299025
-2.5801163576359807,6.396378418486574
-2.562270462664761,6.420532545250192
-2.5440583241914125,6.444403493522854
-2.5255766492532676,6.46805892576213
-2.510626103598076,6.486850093364729
-2.491824800119419,6.51023272856368
-2.473101776934039,6.533649072081356
-2.454613903402159,6.55724198011573
-2.4367395571070354,6.581257822679601
-2.41977547729385,6.605905159233572
-2.406960683638655,6.626119604903313
-2.392007176472774,6.652027396993546
-2.3779855093580498,6.678469758992308
-2.3651607533070234,6.705472819201265
-2.3540000945698782,6.733193067025712
-2.344458607399639,6.761514375759013
-2.336557442888954,6.790344626159319
-2.3313105380540176,6.813692766679667
-2.325842134329783,6.8431060865662765
-2.3213672427805747,6.872732542470044
-2.3174091123134124,6.902439216763757
-2.3138219544565155,6.9322085544985175
-2.310378268498253,6.962005814976876
-2.3069474565900947,6.991811801520081
-2.30341574198167,7.021613654949944
-2.300436744893522,7.045441186724938
-2.296450944903912,7.0751949689366445
-2.292159407361167,7.104904634466391
-2.2876066361399943,7.134572122809852
-2.2828225284684547,7.164203750599962
-2.2777892185658195,7.193795049602412
-2.272478391430141,7.2233393732764455
-2.2680353375433095,7.246937822295439
-2.2622663920393236,7.276393231062773
-2.256248216072507,7.305799587675702
-2.250031886371132,7.3351551138110445
-2.2450084495154154,7.358628701511297
-2.23868902130887,7.38795466438842
-2.232328779440648,7.417279691421498
-2.2258814409497885,7.446580653793651
-2.2194209435912398,7.475880036785896
