204.088376197524
204.09376119672163
211.39706685648926
211.40536536911466
211.41130255149056
211.41252156685346
211.4125267189549
211.41254980265657
211.41258620728732
211.41259835157996
211.41262138569238
211.41263547866606
211.41263964939668
211.41265458290965
211.41265658862935
211.41266466643444
211.41266760278378
211.41267203607708
211.41267295026418
211.4126753693455
211.41267656404577
211.41267753700177
211.41267847707263
211.41267910490163
211.4126794428826
211.4126796558013
211.4126799402129
211.41372776709844
211.4199846163693
211.42854411512133
211.443680915561
211.4637439663761
211.48872835417143
211.51785957862327
211.54155328611316
211.57115333438207
211.60075746949155
211.63038874514893
211.66012138822848
211.6839477188124
211.7137162315256
211.74345721768526
211.76728002858044
211.79711029507604
211.82697495955662
211.8568853133798
211.88086300008942
211.91084818190956
211.94086282630735
211.97087165413745
212.0008708275742
212.02485921989026
212.05484499104557
212.08482926528194
212.10881819432677
212.13880122589987
212.1687843485515
212.1927666760438
212.2227396189281
212.25270745174342
212.27667883673897
212.30664239568023
212.33660188252273
212.3605683425455
212.39052169043813
212.4204676508255
212.4444139584522
212.4743408058745
212.50426629522897
212.52820854114344
212.55813746922425
212.58810431621455
212.61205506587308
212.64200486444219
212.67201299026354
212.6959830080039
212.72594263557374
212.75591546017802
212.77990528958674
212.8099034978936
212.8338608204224
212.8637676050781
212.89368145476524
212.92357101846156
212.9474613109087
212.9772734111355
213.0070548788159
213.03685577062123
213.06677706815015
213.09078773371078
213.12078911489397
213.15074514280184
213.18068774238753
213.20457130311533
213.23445923942208
213.2643283104081
213.2882208205576
213.31780945196664
213.3472837503342
213.37098223748657
213.40071095735112
213.43042668862827
213.4602386998623
213.48400905446522
213.51360748788218
213.5432835524333
213.5727386147227
213.60236330483113
213.6261385502506
213.6560087076391
213.6858667856262
213.70977510334575
213.73966899042563
213.76952234312353
213.79936993127964
213.8292130045686
213.85305687006976
213.8829108676837
213.91272780475595
213.94249149077507
213.97212192404598
213.99554696968943
214.02433679427043
214.05217648510794
214.0743454784652
214.10206695432768
214.12850370940336
214.15603762166808
214.18269281437043
214.20367557602518
214.22979703563502
214.25489813079943
214.27897658900187
214.30228576328707
214.32567779207614
214.34809634216833
214.36414643412147
214.3855541971719
214.40885559575037
214.43657501478492
214.46614707792028
214.48998356751258
214.51980868105025
214.54967091837824
214.57953530665662
214.6034587806488
214.63337252798715
214.66328279176247
214.69319739780326
214.72312634737963
214.7470753042556
214.77704763790223
214.80707495246628
214.8371265636876
214.86717552295954
214.89121709102116
214.92127665813948
214.95129534812784
214.97532102429489
215.00530032243395
215.0352212794045
215.0591567235798
215.0891159662128
215.1191402705882
215.1431681508336
215.1732431372835
215.20329652333766
215.2333181920491
215.25735737659386
215.28734884331857
215.31734442971276
215.3474158407668
215.3775700769568
215.40167292935496
215.43170931462558
215.45572389880115
215.48572682393157
215.5157267041841
215.53966696894955
215.5684010575526
215.59602310974213
215.6229064667677
215.64440768515757
215.67119830204393
215.69845793191018
215.72655860747614
215.75475067664965
215.77673254490313
215.79997652884686
215.82039062739278
215.83477515198766
215.85268872486455
215.86258229729427
215.86365725310088
215.8646861922417
215.86957203948643
215.88023220122722
215.9024398815452
215.927687417955
215.94117691426882
215.95583979161555
215.9747968523333
215.99240026570783
216.0145003028897
216.04026058294755
216.0685493573582
216.0912825884077
216.12012798962516
216.1431932625126
216.1720472498122
216.20087006614548
216.22965802481892
216.25264113856505
216.28133524179873
216.30430540415148
216.33308969230964
216.3620103228066
216.39095286873965
216.41389530277243
216.44307996982312
216.47254394627578
216.49619343766972
216.5256700087529
216.55515651032775
216.57876538074962
216.60823200828585
216.63769209083281
216.6612880638513
216.6908123882714
216.72032277576633
216.74393381084178
216.77342898397083
216.80298885087143
216.8267576283992
216.85645364321053
216.8861367925065
216.90985515598706
216.93955872672677
216.9693130588104
216.99307743766767
217.02282580023487
217.05260688340212
217.0824159010904
217.1122897499252
217.13622835524131
217.16620250953525
217.19619573483925
217.22020853448998
217.25022152611047
217.28024194991173
217.30426979008726
217.3343084044721
217.3643593516001
217.38837786482017
217.41839633486342
217.44841371827232
217.47242210442894
217.50241048067136
217.5323855786983
217.55633760005506
217.58628204054546
217.61622249868478
217.64016129723032
217.67005980539895
217.69396277451165
217.72381982717602
217.7536310976321
217.77745712073693
217.80719430143023
217.83685762489725
217.86642795532305
217.8958536403478
217.91961815252216
217.94876476767726
217.97772055129485
218.00080600847258
218.02954195197674
218.0580128652663
218.08634534692268
218.10897883519266
218.13738616245666
218.16548842885416
218.18783071899873
218.21585853331146
218.23811189736293
218.26586748139772
218.29371959545708
218.3161102593199
218.34421783871383
218.37219029402291
218.3946021578121
218.42422562841062
218.44815534814884
218.47808043111834
218.5079840334149
218.53189818514517
218.56176087861095
218.59148034297647
218.61423400922044
218.6370576319942
218.6518382592826
218.65669691298777
218.66087084485773
218.66828105192957
218.67628230982737
218.68540456255116
218.69615880357748
218.7093064159321
218.73057451643498
218.74726562869438
218.7612565271843
218.7700944970155
218.77693714739874
218.78477063555954
218.79091103966675
218.7999988274907
218.8084483518483
218.81687198029678
218.82515266960314
218.83213464879253
218.84039016889028
218.84802863400034
218.85513652093078
218.86423163046436
218.87242838871413
218.88096976021484
218.88924014775435
218.89707977806515
218.90334759614197
218.91115392169857
218.91742056190984
218.9242610543009
218.93046257348064
218.935611924506
218.94205742440604
218.94857079339548
218.953008107426
218.95398738668393
218.95568060679884
218.95777966094835
218.959271654264
218.9605124129008
218.96576419056512
218.97398436537094
218.98021019390822
218.98481567162295
218.9888036535196
218.99291750845697
219.00109650389467
219.0101685007803
219.01815307858138
219.03008173307174
219.03884708796346
219.04490234300567
219.04591799599774
219.04703174626565
219.05419618815847
219.06890881309286
219.084980491735
219.10980875097675
219.13826779745392
219.1676429024572
219.1899433980121
219.21364107930188
219.2324946011181
219.24654696792092
219.2570067335511
219.27856835787267
219.30602120543003
219.33347448073891
219.35616202468935
219.3821324336811
219.40679929161604
219.4304418690932
219.45004779312373
219.46142070652897
219.47278350418352
219.49320924062178
219.51921744139207
219.5476566813722
219.5745395007674
219.5943507285211
219.61555872368152
219.6346012526385
219.65165187656174
219.6648848331974
219.67983261736964
219.694770528483
219.70672136237525
219.72166760972695
219.73663229972536
219.75159770030905
219.7632773650254
219.7778016980048
219.7923613893545
219.80401017517673
219.8185858212555
219.83318312718137
219.84770697443915
219.85931037160907
219.87384815612842
219.8887256751988
219.9048347417276
219.9296402506203
219.9510974125076
219.97810794556733
220.00547980049188
220.0287215088082
220.0582308612647
220.08191484618126
220.11152101222888
220.14117913046607
220.17083989588411
220.20037610788734
220.22984706945974
220.25337363989726
220.28182514190442
220.30992257327986
220.3323219690113
220.36033310513506
220.38828873219654
220.4079511703215
220.432071906085
220.4564479012004
220.47722743012477
220.50340836144525
220.53002377730851
220.5565390070862
220.57673605571117
220.5950951805036
220.6158666926501
220.63422294255017
220.65228755829915
220.66578752592437
220.67813618317663
220.69199024702425
220.70175872951222
220.7086364830352
220.70868141170638
220.7126566357466
220.7155587330719
220.71633399197682
220.72247215203157
220.73601579728208
220.7543338663424
220.7704495638436
220.78930220056318
220.8040995462872
220.82079285674473
220.83742099631039
220.86014698538227
220.88553137477422
220.9075130278535
220.93738817463716
220.96738703057764
220.9913792658972
221.02130343421118
221.05120075818348
221.08114826818053
221.1111055328767
221.13508825702039
221.1650778221083
221.19506149750111
221.22503352072795
221.248991585767
221.2789281963534
221.30286865805166
221.3327618822766
221.36261426235913
221.3923061649939
221.4159415300611
221.44525741665674
221.474265371632
221.4974787541689
221.52609744436813
221.554601532477
221.58312248644955
221.6121510659529
221.6413862586017
221.66499022710042
221.69453849750045
221.72443985040977
221.75432770543006
221.77825973626946
221.80816674266728
221.83810357560947
221.8680210594797
221.89794096388772
221.92190900945116
221.95182080057276
221.98165364081748
222.00555374569734
222.0354527412966
222.06544067360286
222.0953969461363
222.12528716758538
222.14922504365757
222.17927198523338
222.20941222980971
222.23345950528488
222.26338640858825
222.29314243344956
222.32275360420195
222.34636815758873
222.37521599651373
222.40251963407957
222.42367408198095
222.44688057533293
222.4686669244419
222.4914737243738
222.51193579274147
222.5391935277001
222.56673300930802
222.59430431814675
222.61636650666557
222.64402000745048
222.67311927805474
222.70281304499727
222.72669222614957
222.7565557751027
222.7864136871959
222.81637098470426
222.84636680110603
222.87036253863565
222.90035842720323
222.92434182628918
222.95433465479996
222.98426721210444
223.01421351297432
223.04413014292376
223.06808176005774
223.0980407288436
223.1220266860501
223.1519953306157
223.18193321742896
223.2118193226775
223.2357489714492
223.26566223520146
223.29554978634485
223.32538862495588
223.3492925145474
223.37917857041867
223.40916421955242
223.43304054202466
223.46299053386713
223.49299911302163
223.52300123731303
223.54699157194457
223.57697738136545
223.60697472344185
223.63695551731746
223.66095876750575
223.69093453650544
223.72092736030731
223.75090717529042
223.77488496059388
223.8048540264201
223.82884691590596
223.8588317004752
223.88882689143648
223.91886969641993
223.94290404231808
223.97294854032657
224.00299621203865
224.02703300002932
224.0570630305884
224.08708839376388
224.11110154434147
224.14110717610362
224.17109082627772
224.1950765430148
224.22501699823178
224.25492776848142
224.27884285476426
224.30871427373924
224.33855639072272
224.36842469306825
224.39231164313006
224.42219405051705
224.44611139680728
224.4760108921144
224.49990518476662
224.5297231263442
224.55942062847132
224.58304159374188
224.61252967892744
224.6420301970154
224.66549321595224
224.694831735694
224.72412802463677
224.75338414128177
224.77668735235696
224.80548562251974
224.83419352396845
224.85706196288467
224.8855910235036
224.91421185728953
224.9371887426344
224.96602343055463
224.9949783761054
225.01870559936467
225.04848550832605
225.0783456019986
225.1022022022549
225.13192157057904
225.1612104090058
225.18400320362372
225.21129246022502
225.2376220476209
225.26080982189558
225.27935021718105
225.30100323000678
225.32149717185564
225.34270430749584
225.3611834156001
225.3853844899741
225.4089589574254
225.42641461387748
225.44851662606112
225.47042538041146
225.48999132430754
225.51628922227334
225.54327442593365
225.56365360143016
225.58665164298438
225.60908808911898
225.62657725138212
225.64834076723704
225.6657274683424
225.67675913399464
225.68206064418396
225.68295735643832
225.6888020229651
225.6945041024998
225.6983690098362
225.69974558136914
225.70086531947072
225.70339391916934
225.71260007687835
225.72980016744685
225.74656072199005
225.76704286592627
225.7857700716997
225.80106001836867
225.8176364259072
225.8317679830324
225.8394504658646
225.84036212852865
225.84703021372005
225.8572151905546
225.86899730135767
225.89029325863515
225.91709407865488
225.9448005356353
225.972058118703
225.9979994802274
226.01966107633154
226.04607806824552
226.06612395055453
226.0915065103806
226.11651454732902
226.13938728752947
226.1539645114435
226.17000746444126
226.18439919257122
226.19456493429888
226.20618576706772
226.21499650772506
226.22299380834735
226.23085800547074
226.24072218841994
226.24919280174186
226.26197008767102
226.27195116875112
226.27705374595888
226.2810316894589
226.2830086347235
226.28811053712622
226.29129070075166
226.2948682535012
226.29979553183875
226.30770430631705
226.3153128182188
226.32442261513862
226.33313051227054
226.3407375129597
226.34984623971278
226.36226187058998
226.37620103541715
226.3881360466043
226.39697934257438
226.40637477385238
226.41526885354872
226.42127246955215
226.42511471971125
226.4259196285309
226.42912194391428
226.43389124119463
226.4385012329167
226.44511079828519
226.44800151477025
226.4502106743324
226.45549679602274
226.45891075339208
226.4595216685113
226.46143424096252
226.46602384542737
226.4671368776198
226.4701361242499
226.47042135533022
226.470616579017
226.47125436383675
226.4734457026387
226.48003844672635
226.48147788107215
226.48526991122034
226.48866293770436
226.48929941069633
226.49013822349266
226.49393828866684
226.49893995933442
226.50710034800863
226.51810414067998
226.52950621149736
226.53846709130525
226.54627101807083
226.55096353194622
226.5567358775993
226.5627952783839
226.57762929763138
226.5900703240258
226.60243049488798
226.60805705955352
226.61396115357758
226.61681504345694
