0.028010211890957152
0.057277719602391516
0.08456555464368709
0.08893824060957652
0.0931127161067734
0.09709287818414869
0.10784147646539388
0.12180659789034501
0.13084366225610902
0.13452172316995697
0.13520693354279442
0.1352088497257122
0.13563980874851375
0.14358111318187894
0.15648872810883505
0.17401580344661283
0.19787249513789607
0.22544023883316758
0.25516550006041
0.2786377493556519
0.3052225897399392
0.33020500094449456
0.3583347633315048
0.3882122107649731
0.418039247414494
0.44793930579410685
0.4778166526860444
0.5077211343091698
0.5376584830407009
0.5675714682542867
0.5956272191442221
0.6237750960388705
0.6510879891809674
0.6769571594462905
0.7044387816298543
0.7344179440449601
0.7643743735734282
0.7943488434874683
0.8243033104345083
0.8542524146939788
0.8841331594610179
0.9121578495400234
0.9392572108563273
0.9686883851426226
0.9984024076684288
1.027978326308642
1.0575544080315185
1.087167775979422
1.1110530940084984
1.14688943152009
1.1767674940773842
1.2006828550399
1.2306984270549466
1.2607854791496695
1.2908641547658806
1.320913203557262
1.3508689206151887
1.380504954364063
1.409909387826002
1.437501981566331
1.465903844280532
1.4954998241593134
1.5253737232571885
1.5552427532582473
1.5840812706232947
1.6089515244857338
1.6285185366350738
1.649944401855065
1.6771523960703578
1.7067774682598054
1.7366668737023698
1.7665435412416346
1.7964441607226824
1.8262493474099133
1.856258436149688
1.886241871527418
1.9162690653090089
1.9463462221259415
1.97510090638646
2.002902264171897
2.0264782215330963
2.05629372844313
2.0860785434067313
2.1161359009762366
2.1460757381106688
2.1758943089146197
2.205678412104412
2.2355347299911354
2.265427050470298
2.294720391725701
2.3247861537652894
2.3514015221228903
2.374280938667143
2.397124033237
2.423522159061809
2.4530007674124676
2.4823599026152965
2.5124047269544816
2.5364400876776734
2.5665029146228515
2.596511296526408
2.6264427760553395
2.656107344417692
2.686030705327988
2.7160436617351573
2.746066150923456
2.776124964047467
2.806049600893095
2.834968192109115
2.8627765710402824
2.89147093292712
2.9213872476966447
2.9513497006468197
2.981354572262427
3.005225210289679
3.0351688001895725
3.0651056894349846
3.095000439324497
3.124867670696552
3.1546650465566946
3.1845238291133624
3.214321486657732
3.2406188447343056
3.267854523332533
3.2945274788040253
3.322889513742114
3.352427132628052
3.382380657692464
3.412340721209295
3.442276118167791
3.4652173461908817
3.492834013734517
3.520512752520681
3.549463519084709
3.5787380664958186
3.6083080738143276
3.632969744818077
3.654112943155349
3.6800034013612
3.709974317858852
3.7396995311266625
3.766480350099372
3.7943148127824036
3.8239575555129375
3.8538357026366707
3.8839033335817383
3.9139807980370342
3.943974975583339
3.973844512378964
4.003566002163333
4.033169911720696
4.062829248261195
4.0924818462083605
4.122121843745781
4.145817570695661
4.181408454089453
4.205262440339484
4.23513559466465
4.265140532776881
4.294738395593044
4.3223120722152215
4.350997228861615
4.380294090452845
4.4105947901513645
4.440775704878099
4.470837529275565
4.5005355037083214
4.529854019286796
4.559546954791353
4.589367467052126
4.6190456400090465
4.648760268026594
4.678612399131955
4.708600618171526
4.738715023432966
4.7689306986460265
4.798106382329162
4.826724163693612
4.8552142387278545
4.883567558747936
4.911745949059034
4.940029992251857
4.962755467571158
4.996186074096635
5.01979350143429
5.0468988627900435
5.06837003648617
5.092015887177912
5.119363916446032
5.148670775877345
5.178706664864717
5.208657000428961
5.238498529068019
5.268544410148578
5.29851844826776
5.328487565667287
5.358505104847198
5.38857886593657
5.418663942266832
5.447544133002563
5.471979812366972
5.4957336990405645
5.518566165525687
5.553006280324352
5.574578041270261
5.600676165092889
5.627158298488143
5.652863027636805
5.673047973440749
5.699033642420053
5.728423990770756
5.7585734012557905
5.7886563360336
5.8175274532264
5.846956296155159
5.876471561537956
5.902927128969652
5.926691315348024
5.950913714859797
5.96851794777055
5.998387484343101
6.019522322349122
6.0437834342761985
6.0651885791444675
6.092886716310625
6.1226984889766
6.152420520489966
6.180578589841999
6.202880574795977
6.22355216253456
6.245325971892072
6.270071643462674
6.293327488393654
6.315255089070488
6.3376651494609355
6.3641507564986854
6.394039279003438
6.423895863121085
6.447918556082828
6.477806488324185
6.506489323317892
6.536484915241013
6.566465658177327
6.595643577111776
6.624159205731468
6.6541810991480626
6.684202931502799
6.7142123648617975
6.74423305858077
6.774271722528924
6.8043275498114815
6.834372662270228
6.864482141534686
6.894607945273373
6.924658600191566
6.948630669110853
6.9845514253587035
7.0085089219899634
7.04445311294732
7.066360108667971
7.090320885338569
7.11637237146559
7.145839103401277
7.17453635827313
7.200728080672104
7.230401609659988
7.260443398495305
7.289991721626565
7.319350110487444
7.34667549321444
7.371212990817932
7.394065642146105
7.411940957951704
7.432753946043399
7.453632080784043
7.481488791583169
7.509223565908513
7.538976824576195
7.568734488664571
7.598537726458619
7.628335538083266
7.658106710311274
7.687096065555698
7.71686475118407
7.746883232549024
7.776900379029603
7.80692221830436
7.836950023267116
7.8653352122964915
7.890179392660385
7.914729182045961
7.941260636406913
7.969689171056922
7.992871719204879
8.022219095139537
8.051453054626924
8.08140768191907
8.109494731123048
8.131414051530495
8.154493838340056
8.18372346443186
8.213639693980433
8.24356415797077
8.27271912701189
8.301566817872938
8.331392749977402
8.355336665389446
8.385343582687346
8.415335427923507
8.444071311496582
8.474018885394951
8.504006741888011
8.534030369240758
8.564063002971265
8.594024327101117
8.621202974719951
8.65077975276599
8.680741711355022
8.704158238755854
8.731299500931371
8.758042578104781
8.785289416027139
8.812718695501013
8.842763033598288
8.872755055776597
8.902718850717198
8.93264940581055
8.96263221643716
8.992600257483153
9.0224897084817
9.05242476618272
9.080514701897474
9.10272362426972
9.12514099734325
9.146641027209627
9.168277584367177
9.194292926828586
9.222936258193632
9.252353282529794
9.280056524975357
9.30225034165028
9.330338101897183
9.357530362274902
9.380410806032124
9.398495333437078
9.417274129386893
9.43736948671498
9.464053390266779
9.493616118018059
9.522681432239114
9.54674916080081
9.563490845116641
9.57833856932729
9.597388330410359
9.618596707977739
9.641575624934033
9.665209196227156
9.692912292141246
9.721847386213618
9.750540685417945
9.780154044428643
9.80419208712519
9.834257942086687
9.864442280259645
9.894725091411742
9.925005039334433
9.955223438804921
9.985411361937112
10.015536253328554
10.04454221168581
10.070597717118392
10.099916741255026
10.129140895458212
10.158708071271764
10.185233120060577
10.209057295098214
10.230393179531653
10.250603978693718
10.27036263786375
10.292780658300558
10.317648370965223
10.342823963777768
10.372880476924685
10.401768439794745
10.423487256163034
10.445409828684515
10.467151494440742
10.487280447440218
10.50338272713016
10.51886024238656
10.53624492746947
10.548918295214195
10.562701232602652
10.579392597373065
10.594588690645915
10.614571668554717
10.639004705799524
10.664052855129338
10.690008278243889
10.714132409953347
10.735132719983909
10.756753069586491
10.779111482886718
10.799122710335372
10.821049604402676
10.841772538572265
10.86793038623314
10.895977908654089
10.924897586877943
10.954845871881712
10.984933673831652
11.014964264616747
11.044895669490957
11.06859211277452
11.098368192910547
11.128243617447897
11.158211097425172
11.188229610688435
11.218248721380942
11.248336781581422
11.278419805622274
11.308032915220913
11.337265031081426
11.366226300458942
11.395345652196529
11.42344327521553
11.452705350785433
11.48225669605214
11.5122008776741
11.542107893126897
11.571997862440655
11.601821556041019
11.631604373783814
11.66139565431516
11.69131933121642
11.715241746952271
11.742726841391985
11.770805890450038
11.798415736452228
11.828004850410434
11.857263441128769
11.886930149908252
11.914370020659574
11.941601623003097
11.968916694601718
11.995303768143863
12.024212080334248
12.054043201799516
12.083861112191899
12.113808288639612
12.14385603771338
12.173648803553572
12.199531999997436
12.220510693284535
12.243950199475787
12.265700937508571
12.287851154871456
12.310730579944861
12.335897858611482
12.362226814939184
12.390427033712214
12.419831422292079
12.443591231370007
12.473308807054032
12.502685944456084
12.531605157733438
12.560331217865794
12.589947125514525
12.619477299246054
12.64940403431631
12.679355453281966
12.70857836309834
12.738487140589779
12.767400386514824
12.791982541346112
12.811494706423032
12.828892124985908
12.847615577763376
12.87008943145175
12.895632253433151
12.922382691888856
12.949952622415166
12.978353588607963
13.007862597835377
13.03780702781158
13.067690309449153
13.093616142665551
13.117840656421698
13.139308842066974
13.165128772285493
13.19388832990864
13.22088367235576
13.249048193093273
13.275586814147164
13.304042589551855
13.33331251041852
13.360081480262549
13.387248281543272
13.412786993866765
13.439808487809486
13.46395817643871
13.487895387471308
13.511776718280608
13.532739634092602
13.555738384415516
13.58279483565336
13.61199110336861
13.641992571120058
13.671661787618753
13.699941054779275
13.728854775887074
13.758536662024817
13.787962029687046
13.813478171735886
13.837558722217228
13.854606416365653
13.875491824340846
13.901778534150889
13.929419436318808
13.958936990336824
13.982909248309078
14.012942516946548
14.042916068841837
14.071220323790948
14.100922110822498
14.130692326419469
14.160382360497039
14.188089835183298
14.21565657730413
14.245102022054349
14.272380940019605
14.295277095132928
14.319823055728843
14.34744608902271
14.377496524105771
14.406443550687529
14.432652061345584
14.461620712477732
14.491683628058796
14.52177611024495
14.551938983753033
14.58221205801047
14.612396709679501
14.642361889320078
14.671326507082908
14.696517193252783
14.71854352772162
14.742556987986202
14.75815783813101
14.778673386378246
14.802382563349687
14.829290691881027
14.859343088344726
14.889372703729897
14.919380539906482
14.949423277169092
14.97949219930342
15.009549947681096
15.039564202617115
15.06954098993095
15.099526134716944
15.12952602914888
15.159595559234768
15.18960342638463
15.217427326014702
15.242442362604796
15.265318857367546
15.290098338530342
15.317040157791993
15.346833240787983
15.376584717080247
15.40444509125488
15.434347618383143
15.458282653509078
15.488234051922667
15.51825420529956
15.54827262233616
15.57830254076651
15.608285447875355
15.637473079857257
15.666305168947426
15.695355906036623
15.724600358933955
15.753886767772885
15.78230747670887
15.812032339143274
15.841856983702202
15.871914199393235
15.9014451924117
15.93018653062708
15.960277636314343
15.99037563260675
16.02049422440958
16.05050901694215
16.07283825790512
16.10342740108364
16.121256958427665
16.144930969817512
16.17388053111151
16.203861174247667
16.23384935897192
16.26368492886962
16.293696877050742
16.32326277819317
16.351876983092453
16.380642635559543
16.40666621214311
16.43653732628276
16.466517946568395
16.496460360548273
16.52623276179292
16.55619479133349
16.580222310639467
16.60983547117811
16.639755173421552
16.669755750321027
16.69974294126326
16.728454048113356
16.755742335874263
16.785286167148982
16.81519862159209
16.842787159049703
16.86668982729222
16.890086530014372
16.915612771701568
16.93959277943068
16.96458642882122
16.992057131008348
17.01888122823664
17.045521277003726
17.074219459347304
17.10402122811584
17.134002058200192
17.163681521127913
17.187784395699435
17.217535866930152
17.247344357114898
17.275873535824328
17.302521908977496
17.331759394237302
17.358758053913625
17.38550777464295
17.41343009122453
17.439168995043943
17.46527855695582
17.4928736505103
17.522065595144525
17.54930026890201
17.576000899754355
17.598339070860995
17.61689876086555
17.638532559889356
17.666660010717294
17.694072526938832
17.719312427676684
17.7470449665297
17.776997468894233
17.800977847300373
17.8309344743764
17.86086459624847
17.89087388374416
17.91990668739524
17.948668576766067
17.978701998483366
18.00863442727206
18.036762298453105
18.064687754000854
18.094359066279253
18.120995536178977
18.14658376854737
18.171223964054306
18.195689494290274
18.21920898487509
18.244451853781914
18.268108527974572
18.289025173555025
18.30431133786879
18.323701781956583
18.340044388032773
18.354529188937455
18.371757049461582
18.392784419564478
18.41790032753101
18.445785879883754
18.472526552500703
18.496653053080376
18.52322708798331
18.546524519922098
18.570291022750933
18.597720269735948
18.627304466439107
18.657416274779663
18.686970536556807
18.714483424913645
18.74024322677254
18.768940882575176
18.7962179857024
18.82002125353524
18.83784286876782
18.860557125865252
18.887598644921813
18.91748238421654
18.947538679213615
18.977422577702818
19.00551020011186
19.03070293378751
19.05563207220694
19.08093407529223
19.108814025462387
19.137434668934134
19.16306715625016
19.186359936731257
19.213165767930736
19.241690597088365
19.268909342336602
19.28593035922136
19.30538636162928
19.323259888793192
19.338207938275367
19.357562241362007
19.381394876420707
19.407346439239973
19.433446429080874
19.459283154866732
19.484928701898873
19.506320265399697
19.52321565031327
19.535727968326405
19.548639351623592
19.558764035790958
19.570043145566796
19.584740568711126
19.59686397264993
19.604016891399258
19.60576579173958
19.605777483870522
19.60610375503444
19.6092412175537
19.615671360649717
19.61950705234368
19.62353584416775
19.628679689346413
19.634949881355542
19.640975964371325
19.646496430729687
19.654561964607883
19.66360745192221
19.677632641132888
19.689979864629535
19.700815322299793
19.715284126248005
19.727781990333966
19.734869551829824
19.741255698053774
19.75013112852416
19.75474408113107
19.761090724218906
19.7675771560248
19.778250794710868
19.793682012964247
19.805568217823467
19.810308343217535
19.81246672471161
19.816115041680053
19.821271815144332
19.826321294866702
19.832785790786854
19.845131735334327
19.862760693561352
19.884642785448076
19.903497158239922
19.925518259311264
19.95449711675446
19.98457558658621
20.014699971791508
20.044822349976883
20.074432882929177
20.103457182555655
20.132821458400098
20.159788920041315
20.185777566362617
20.210546328652253
20.228546917407986
20.25020194784896
20.27172997318627
20.293123435726923
20.3145510711317
20.337692308121536
20.359927636170983
20.377552381695935
20.395449454767412
20.413981991208907
20.432139806558855
20.451913561730834
20.46573792536122
20.483507625543094
20.49814794131234
20.507601060770998
20.517537662030232
20.53158245550115
20.549575585747988
20.572160751274517
20.59592340053297
20.618317768355507
20.637222193867558
20.661458962054063
20.688426493425982
20.712976190724767
20.735433841560962
20.754943869322553
20.772798020512095
20.789273628286896
20.813956799556465
20.844567891399418
20.87075406366653
20.889151710771912
20.91241757447469
20.939606863790562
20.968883202740237
20.99838272107661
21.028201810144516
21.05794288689841
21.08760651836932
21.11722149195793
21.146866321912103
21.17656216402612
21.206407113923824
21.23632743186312
21.266162395659105
21.294096833558616
21.314299293371423
21.333199745542238
21.35221725060756
21.367770323677142
21.393509030395283
21.422531409685675
21.45264366778486
21.482697096105124
21.512746908910117
21.541408525584103
21.57119375376598
21.601034648786893
21.630958132268418
21.660885706992495
21.690770506745938
21.72050791784899
21.750135504039235
21.77983673205466
21.809685821518514
21.839259803629037
21.86433130034412
21.892401227190682
21.92225695308705
21.952100296889192
21.981986233970726
22.01198489486476
22.041514670269517
22.06936428566371
22.09122409728473
22.118645954855587
22.147321028117975
22.176601825007225
22.20339531192246
22.231219591487903
22.263669919561615
22.285975869722186
22.31573519066756
22.34559093731338
22.375080999543837
22.404120743557268
22.432545334171284
22.461670214882325
22.491517923824297
22.521406613725397
22.55134451286239
22.58122435685954
22.611063973776197
22.64052868038886
22.670307898104095
22.70000791385428
22.72977867349768
22.75965093293748
22.783644324537896
22.813749270341525
22.843908876153332
22.873041956798254
22.90001038890228
22.927567831611935
22.954240025618173
22.97836912552923
23.00145050109355
23.024559017082318
23.047628963380134
23.070737846725244
23.09388032384001
23.117029467180217
23.140213876783093
23.16357271520971
23.186752969092968
23.20520170970104
23.235147547319357
23.2562680857033
23.285360773867758
23.3146350567482
23.34452615428122
23.374407592573228
23.404246511084732
23.433992252281126
23.46372660643034
23.493357403336233
23.52302210444701
23.552734087640356
23.58235109586799
23.611613258723775
23.632570258519916
23.664564632926126
23.690524631405143
23.708497467121575
23.729983514957826
23.751448491930965
23.768242270680464
23.78244241207232
23.797861849358355
23.817158047915093
23.833533834678498
23.851121800886123
23.867168865171877
23.8832299945161
23.896651610139074
23.90938878506045
23.922189226022176
23.93387336904357
23.949590376777387
23.96027119785359
23.983599025337536
23.99883221315243
24.016375655973057
24.033298951822864
24.05499549188735
24.079655941879416
24.10128272620718
24.124941692014712
24.1483353554502
24.16841779182446
24.188216453327005
24.203050672035637
24.21499569620398
24.23464181734133
24.25452044846148
24.271609309457098
24.290321626879564
24.309701874512175
24.329962234345416
24.351615144404466
24.372593446067192
24.396075633393494
24.421402743843814
24.448788851460193
24.47844593320335
24.50856124602167
24.538686864323573
24.56874825076719
24.59878218804391
24.622670446227453
24.64929507094389
24.67702168599395
24.70549213122222
24.731375176432856
24.750081503788586
24.770396200075048
24.79534484298971
24.824742794540708
24.854619388917385
24.884669807539797
24.91474323082461
24.944802343806916
24.97456332294221
24.998490728079453
25.02840038628342
25.058407183549257
25.088428108098153
25.11842465885393
25.148496576742083
25.178559234601895
25.208605744562846
25.237851065985147
25.267521450890488
25.29731299072837
25.327254463388186
25.35723849673023
25.3872687454077
25.41131303873976
25.439000799744285
25.467981167834438
25.49770720023253
25.52676350592399
25.554157140401735
25.583484273656236
25.613555224740864
25.64313663698481
25.67317369615007
25.699506020394352
25.726384985910002
25.754130593660957
25.781689044401908
25.809102356394728
25.829080896374382
25.8480284067287
25.866023676146728
25.884292934303446
25.89959621405156
25.920532641379104
25.947235224303405
25.977193156864743
26.00718825491053
26.037214749878185
26.06717865347802
26.09720278245455
26.125915765307372
26.154280751355905
26.1835984243856
26.20746176731236
26.236917761135654
26.266532677790686
26.296343794004663
26.326247702172196
26.356100496980837
26.385887281663376
26.41572061423277
26.44561899927204
26.47552866089395
26.505406570112537
26.535407796203945
26.56542512140334
26.594515929650708
26.61846753502258
26.645945983818418
26.675872740245342
26.705753248752522
26.735048260974683
26.757464104186976
26.78573623538112
26.81410809442024
26.843667400296177
26.873049984559543
26.901338122880045
26.93137457796248
26.9613179899336
26.989980469593668
27.01888779245714
27.048941241176216
27.07908929058794
27.109276561033727
27.139442536954224
27.169494545453876
27.19910479091072
27.22912475288914
27.257594525259282
27.28643101561169
27.316445196198227
27.340457483935968
27.36509744967038
27.386719661687824
27.41151479706805
27.437675487426908
27.46307335248527
27.49275997057422
27.5226773881116
27.55150097959152
27.58143964499152
27.611353770960754
27.641054305755254
27.67088258864777
27.7008363318056
27.730301294872273
27.760281836380372
27.790315630097684
27.817418732326093
27.835649021230605
27.86020381720593
27.88825352584788
27.914397078000935
27.937688799518355
27.95904756295424
27.986229185753956
28.01593559643628
28.045720638909195
28.075627306903186
28.10338978154975
28.13284329810769
28.161541779431914
28.184121880753274
28.211507524990232
28.23459348793419
28.26081919699109
28.285848374402974
28.31402470280469
28.343883666039307
28.37371530110038
28.403680708655873
28.43360986587795
28.463513505855918
28.490664902949458
28.516767909235597
28.54576268995384
28.575358398866108
28.605381477750267
28.63539944075592
28.66545638867774
28.6953975716637
28.725206223939793
28.755162398946347
28.785079490252627
28.814977433627092
28.844809937226703
28.87316239135205
28.901984460070352
28.93167904360528
28.95571154523975
28.991725826617554
29.021714354008378
29.05166677384271
29.07547738534979
29.105336256284843
29.135140085288803
29.164985431869578
29.194870309462885
29.223265962066193
29.247311742904294
29.27143011077805
29.29464893849584
29.319704028035172
29.345583455414992
29.369878044549992
29.392146628652878
29.41425312812926
29.436304155307642
29.457516205362047
29.479652772254248
29.49738759427846
29.51160374406048
29.527034693595574
29.546934832077344
29.567909406983535
29.590658811255018
29.613300781238504
29.639920789785712
29.668773451770402
29.695958239402184
29.723733528451262
29.751871072120583
29.781815418765234
29.811807829161896
29.841777792574312
29.870969194524474
29.900501638110306
29.930483535682644
29.960441428297642
29.9904208091443
30.014404257213933
30.050368580890634
30.08025933760096
30.110118875874868
30.13920969567819
30.165858955501836
30.187340262827746
30.216646062602347
30.24657610770857
30.27597785077187
30.305219322496125
30.335113861172246
30.36492331042744
30.394915275160347
30.42484847782795
30.453874441414207
30.48131645622266
30.508941569558722
30.538104737713955
30.567994777955516
30.597986432492235
30.621954089989273
30.657466555214516
30.68656083552457
30.70939929504639
30.744423060338434
30.774342089533864
30.798351579460626
30.828385548552973
30.85766230608312
30.88577072911598
30.911251371336075
30.936915420638712
30.95800355625499
30.980908663890833
31.008034261613325
31.03489935842222
31.064330143725734
31.092393213993923
31.120982863886784
31.1508462679947
31.180663860121097
31.210526954822207
31.240517615850923
31.270083354043123
31.29256378969666
31.31343384976223
31.34058356279539
31.364520499816635
31.393673451448972
31.42353792936157
31.453308991999027
31.482570062262962
31.510881627798422
31.535072560516248
31.556469911377157
31.5804074223309
31.606290421709446
31.632276533240823
31.658437933044123
31.685140060812557
31.715050639044055
31.744918506781897
31.774773680323552
31.804439196932563
31.833967891461285
31.861645185748063
31.883229479754092
31.904571641868156
31.92498070951472
31.957487782750057
31.983620231749914
32.00478621133702
32.03138631062525
32.05741248932367
32.08145857136386
32.10646125156914
32.13457736440986
32.163804653647965
32.18896323629579
32.21634980603039
32.24146014340806
32.26748773909054
32.29350403839235
32.32125835090207
32.350384582949125
32.378685619526955
32.40648935416042
32.433727137652035
32.460929436109325
32.49081920635746
32.520783912124074
32.550757581291116
32.57426228773379
32.60178032962899
32.625435108910594
32.64742907135112
32.66993125853721
32.68912384857207
32.707375848517714
32.726111693441126
32.746742314513796
32.770619324911515
32.79443451744509
32.81852371586796
32.844624929863585
32.87066327503216
32.89673671964724
32.92278544953959
32.949352088831105
32.97664767251317
33.00392565049132
33.02576870992988
33.05259220798536
33.07738784562523
33.103977982102116
33.1309517266493
33.15781486860195
33.182925284708645
33.21053942673497
33.236919664769715
33.266507584494974
33.296157408570174
33.32544995544283
33.3546593318051
33.38222245630114
33.40953354190719
33.43620355614262
33.46401270990385
33.491060085846435
33.5177393015389
33.54707271532402
33.57676647936575
33.606535315187415
33.63607664496553
33.659912596149404
33.695783117688244
33.725782677947386
33.7497459765644
33.77966599563982
33.80960865754915
33.83726839046205
33.865777361041005
33.89542330329121
33.92538827823802
33.95533045052673
33.98531313040034
34.015298907747734
34.045268507340786
34.075245581551
34.105204915356765
34.13520167154379
34.16500534760927
34.1927423632441
34.220789788668945
34.24771122936568
34.27463649281503
34.30237152808899
34.332269945350674
34.36214404030765
34.392052854040635
34.41588650514563
34.445914739540726
34.475954989920936
34.505824716283215
34.53481433027902
34.56449624853772
34.594466803368306
34.62443401493805
34.65387967539726
34.68156491882054
34.70638211471519
34.72864751715921
34.75262918580142
34.77682242369814
34.80380929848887
34.829102750020816
34.853446146840945
34.88005344921716
34.9087240563902
34.938726211991096
34.96873525482612
34.99876470984402
35.02880316592826
35.0555309536584
35.07556482522572
35.09927789931367
35.128641980068515
35.15871062723077
35.18272302311958
35.2127279858843
35.246697515132546
35.26858876287668
35.29129887320719
35.316229720874226
35.34181259973315
35.36824272219902
35.39486035112129
35.422988963450045
35.453014577032214
35.483006449327505
35.512970220907924
35.54291922047306
35.57287982187086
35.59848530501168
35.625040355681236
35.65093510875033
35.675037374911305
35.694974150231104
35.714576892399805
35.73473851166884
35.75806032141505
35.779026344741595
35.80562454073207
35.83208674676393
35.86164074748777
35.89144177315733
35.919548979875685
35.946729911842134
35.976164418524306
36.00584900008717
36.03567237956629
36.06562889873148
36.09557097780093
36.12554172965205
36.14948520835548
36.17938168813204
36.209343484630516
36.23934791714497
36.26938554936242
36.297980456793
36.33249508808341
36.35651327574166
36.3864009700676
36.414503852607226
36.44254429472477
36.472361977300324
36.50181003922165
36.53122077552701
36.55923428903528
36.58833990991231
36.617466384993115
36.64516302221368
36.66966167404324
36.69592050711993
36.72495338869268
36.75483826939965
36.78336342923212
36.809515334855945
36.83009427069948
36.850856585328756
36.87593804154674
36.8998583805496
36.92973134150232
36.96552715864482
36.99140764899779
37.01541271436478
37.04142496710593
37.06494834293947
37.09475322270986
37.12273952774627
37.14908226327381
37.175100325776896
37.19669819355331
37.219460018488576
37.24657344013702
37.27146077122262
37.296079984177915
37.32392945299984
37.35318095291861
37.37902533610575
37.399493558738534
37.418507705149466
37.44079154264317
37.46565876206843
37.49508609648647
37.52493878719295
37.55479455303685
37.584659769118204
37.61457439028978
37.63852501794442
37.66848348290826
37.69841898861029
37.72830817911295
37.75819818062065
37.788136563355366
37.81813472947608
37.847489913382496
37.87467406849682
37.9043710389192
37.93434936132021
37.964426879441866
37.994404559164565
38.024317477365344
38.05413978438513
38.08398098390355
38.11390360387418
38.14374772128517
38.17363249355074
38.20290371912833
