-7.146041110507993,1.5040929864029742
-7.147257299199071,1.4741731713268633
-7.148563972866096,1.4454031639461453
-7.148783095481661,1.4406072285050957
-7.148984590062086,1.4362104097341468
-7.149168547986683,1.432213480720687
-7.14972834969603,1.4202227720006713
-7.150013047705035,1.4142279264572204
-7.150013507727684,1.4142143256833755
-7.150014362499049,1.414215906682781
-7.150012979521964,1.4142143345852098
-7.150014242728574,1.4142140577290476
-7.150072940972946,1.4129854082248505
-7.150564835354669,1.402920680311036
-7.151297828636413,1.3860070623016598
-7.151334543145117,1.364218475469444
-7.149644546067936,1.3389606560567464
-7.146217459962739,1.3165954592124824
-7.141195484379409,1.2930722729728386
-7.1370991288175105,1.2760920937760214
-7.13328288931556,1.261500595781729
-7.129560179241171,1.2481243350850948
-7.125550482491496,1.2342167003067765
-7.121704083683038,1.2212187115139934
-7.117880283332463,1.2081937927866728
-7.11308922880984,1.1923096739830616
-7.106506083510608,1.1707691601180783
-7.10022392934488,1.148331551909618
-7.09575268534305,1.1294880007889154
-7.09101109814167,1.1055362091145848
-7.086788490838836,1.0779885104300464
-7.083415996254707,1.0482038730247287
-7.080366474154031,1.0207511849636184
-7.076699092581755,0.9925771346942728
-7.07151486091984,0.9631217837067124
-7.066230852614844,0.9392994564816951
-7.061928029248636,0.9221494781771816
-7.058013052936219,0.9068129125008187
-7.0546874885850785,0.8937804534651137
-7.049773618046147,0.8743839856827397
-7.0450759424870055,0.8554998399583561
-7.04083850946116,0.8387745365027844
-7.036867427489832,0.8226744965847637
-7.033000709006009,0.807061000801958
-7.029444518110429,0.794862927052642
-7.025267952474329,0.7821752417658714
-7.02086790453342,0.7682770768674466
-7.0167588474012605,0.752535421693614
-7.012991346413556,0.7354094155840198
-7.009627442559561,0.7198065497304127
-7.007201845051913,0.7094194758574144
-7.004726192423883,0.6998129278997356
-7.001417690962741,0.6876681607208005
-6.997763128982949,0.6744082349678393
-6.9938904060189415,0.6611819537253991
-6.990774291684067,0.6508854734730345
-6.987375590132005,0.6398246949197952
-6.983375352984145,0.6268825597684583
-6.980109927149047,0.616588716804594
-6.97741824191227,0.6082804421581083
-6.975135844911569,0.6016934704605962
-6.972607638740742,0.5946274209238562
-6.967749773380268,0.5820281646082706
-6.961540625053757,0.5665551157356945
-6.9551349911694595,0.5509536700118134
-6.9501874095051575,0.5387759163343185
-6.947057120822558,0.5308576076179294
-6.942494975186482,0.5184444612974068
-6.937176823042034,0.5043638258832928
-6.928850674674876,0.48330926115130257
-6.9182351399165505,0.45750264389616335
-6.908509512228149,0.4332814988459598
-6.898815605088677,0.40872373036402365
-6.890369868540988,0.3867357633599701
-6.883171113222894,0.36800658151570453
-6.875218870377346,0.3466208235652777
-6.867641331822061,0.32280769989416436
-6.861678650406167,0.30200256825910654
-6.854633116008022,0.27303930782372027
-6.849323086287949,0.2464510184934809
-6.843743266439895,0.2123671316758714
-6.840604867856278,0.18865492654647006
-6.837876086501257,0.15871257608386755
-6.835946048126582,0.12873350430578653
-6.834227829621859,0.09882586521614112
-6.830865621890923,0.06919521564597775
-6.824220374871445,0.04019989301837489
-6.814592791746207,0.011946825841325422
-6.803801230127638,-0.014025951571261616
-6.791509031424034,-0.04115396216444592
-6.779125546747282,-0.06742006140885767
-6.766016839690571,-0.09384695895210737
-6.752521815591038,-0.12003187788817259
-6.738576783285665,-0.14602821861498216
-6.724028655169484,-0.17167111786896438
-6.709175055215517,-0.19710805987097474
-6.696789511483627,-0.21594897555773823
-6.680302900209787,-0.23764493600388678
-6.660170975688194,-0.26257059924630893
-6.646074049032871,-0.280112235939671
-6.629827983270063,-0.30105066568171585
-6.615686031237327,-0.3203616087365708
-6.601423090567193,-0.340898188070983
-6.588486365165619,-0.3612892424513661
-6.575012195000689,-0.3856830256664391
-6.563934386791639,-0.4095375495655177
-6.5555500035006125,-0.43315534745010076
-6.54929829809562,-0.45439302800346487
-6.543154920946289,-0.478364619855131
-6.536712487767835,-0.5037465083215342
-6.528105272918865,-0.5316127138687471
-6.51825983861988,-0.5584647702197629
-6.508930033395234,-0.5821783901980468
-6.500054539049029,-0.6031311090830148
-6.489484561355595,-0.6266611848711103
-6.478308250237315,-0.6492134974422651
-6.4662362833246165,-0.6713530875081165
-6.455268724106684,-0.689505595472656
-6.443512896804362,-0.7076983921734618
-6.433617206437522,-0.7225978902859067
-6.419029243988264,-0.7432072311322249
-6.400627514473022,-0.7664262386562481
-6.380646946549588,-0.7878101677104795
-6.3605363804647235,-0.8048390585067714
-6.336622565935019,-0.8199334050613979
-6.31136278039117,-0.8329750697790286
-6.285101823365387,-0.8459251303546208
-6.258470035360042,-0.8594511483880686
-6.232135444083993,-0.8736902005153476
-6.206098881956681,-0.888284494424712
-6.180510320710246,-0.9034610506965685
-6.155394594853602,-0.9198626568341006
-6.130807809774711,-0.9371532656883267
-6.106991333686534,-0.9541551455184445
-6.08411459650957,-0.968873918846514
-6.065181618704519,-0.9791705180474906
-6.0442468629197945,-0.9897059311984168
-6.019116711165552,-1.002375560285332
-5.994793902140725,-1.013999868999501
-5.97234501908596,-1.0242695294882562
-5.950565562742946,-1.034005410652361
-5.924226542584603,-1.045259868915989
-5.904072758461399,-1.0532599453348586
-5.882241330406751,-1.0606556060909351
-5.859232641074736,-1.0669804130969884
-5.837012031374929,-1.0723439205827479
-5.81057587821449,-1.0790866090345328
-5.7817933852354555,-1.08753183643573
-5.755877385444901,-1.095155623499147
-5.732551470873659,-1.1008877166449702
-5.70701760954271,-1.1046592731397602
-5.683004718189239,-1.1062323016055937
-5.65868358768338,-1.1064105115133351
-5.634301980801706,-1.1067201155230983
-5.609610842049585,-1.1088601554347344
-5.581179011228609,-1.114628996019138
-5.552465843978795,-1.1239342250455853
-5.5246292949792375,-1.1353100672291874
-5.502531447411348,-1.1445791648410526
-5.474491674911626,-1.1547645388389665
-5.445634416725949,-1.1624177887381977
-5.416696176870801,-1.1687615500974036
-5.388640175872898,-1.1746709124273758
-5.361995590071514,-1.1803129004740613
-5.338426527522502,-1.185100646776754
-5.310213245304221,-1.1897563721266646
-5.281801288329957,-1.1931115654180087
-5.253728789494955,-1.1956204126696928
-5.225302520022567,-1.1980238509949177
-5.195820707947148,-1.2003167423795034
-5.16591187015471,-1.2018186542421558
-5.135933463599663,-1.2027330404129488
-5.105978155307126,-1.203515764242769
-5.076971098526357,-1.2035573228101373
-5.053656712298148,-1.2032009973246331
-5.035652467903966,-1.203017607613252
-5.022604125276338,-1.202940106317479
-5.000381346933331,-1.2025769155277681
-4.9855478129062964,-1.2024382287936723
-4.964233906971504,-1.2028913836280404
-4.941618649500311,-1.2038177577624303
-4.918281742631434,-1.2049036996405187
-4.897111274673907,-1.2060986825783349
-4.879654115319385,-1.2065675964950535
-4.859336721975461,-1.2062867334103917
-4.832302990413546,-1.2051830195790214
-4.80605868270581,-1.2034637807028634
-4.777321138954316,-1.20109005460554
-4.747744997622219,-1.197365066388634
-4.719482834866572,-1.192418991852023
-4.691940212304518,-1.1861486844693876
-4.664739973700945,-1.1777851954952583
-4.638742952302558,-1.166925638227918
-4.616357936539384,-1.1549731638641179
-4.5942779723464335,-1.1421965998450165
-4.57164549067636,-1.1301514680230285
-4.547899838983549,-1.1205350038216633
-4.529754973360326,-1.1161021535711062
-4.502574403547031,-1.1141968925305574
-4.480010440042204,-1.1151937898696684
-4.462082610763419,-1.116539845283531
-4.439354012137938,-1.1176204066555475
-4.41093408989585,-1.1168259571569017
-4.38131001548679,-1.1132921226971928
-4.351804805863862,-1.108089619035107
-4.322211741195517,-1.1029834080980259
-4.292563616444604,-1.0982561440222203
-4.264844225671963,-1.0942048147917387
-4.2374484245748185,-1.0897118836238706
-4.209216631821836,-1.0834805799189515
-4.184033922523738,-1.0750377211539015
-4.159416432787914,-1.0639513220015973
-4.133344466886991,-1.0508742073207835
-4.107067366807402,-1.0368596613623815
-4.083458125730769,-1.023353174356069
-4.067361545496824,-1.013948626666513
-4.050429605500708,-1.0044874241125112
-4.034260805128796,-0.9963297109947934
-4.011042229115036,-0.9865726748881544
-3.9926681636035988,-0.9794281080270292
-3.9670577975577257,-0.9691845144765543
-3.9404533667915387,-0.9569120204700305
-3.915215333685449,-0.9435181673305775
-3.8933918147396187,-0.9315650558712361
-3.8728286339779094,-0.9200382360629049
-3.851850036671651,-0.9073576540853553
-3.8276662406253936,-0.890904895121496
-3.8041420712117073,-0.8728574312810677
-3.7824890283047967,-0.85451685726141
-3.7619671354803517,-0.8364052805672962
-3.739933191407689,-0.8177859412841012
-3.7171072702187944,-0.800343374226967
-3.6927469011660214,-0.7828871680870765
-3.672555773633342,-0.7697149008497031
-3.6463172108338515,-0.7549715624932282
-3.619913221349395,-0.7407941028461451
-3.594426284894235,-0.7254169038478031
-3.5707053182192343,-0.7077939672920119
-3.5479140038861985,-0.6890175758813939
-3.525154983472464,-0.6709594240273554
-3.503048870634027,-0.6559375161081623
-3.47996178355317,-0.6429886266521985
-3.456954059096809,-0.6309082356350637
-3.4345812196163448,-0.6179611984817642
-3.4116032602880377,-0.6011838796829183
-3.389779619218041,-0.5809987428202578
-3.3690382061478346,-0.5594701031272158
-3.3479640104640787,-0.5380888024734376
-3.325162301503504,-0.5183535602623346
-3.3007460830401967,-0.5007457459242619
-3.2760305298790846,-0.4837843680800924
-3.2522297887983793,-0.46579089620320185
-3.231908341886215,-0.4465792575910268
-3.2138448749946362,-0.423311984435822
-3.2020661347112704,-0.40264113271972035
-3.1896907577736657,-0.3754629015739125
-3.1782530605928114,-0.3477308522181359
-3.1672067644366075,-0.32266163784697527
-3.1549057877513684,-0.29826145684479255
-3.1399627503395355,-0.2723097063421187
-3.1238578121905247,-0.24768355930474714
-3.10788775442544,-0.22332490268805064
-3.094679379013447,-0.20008885721303102
-3.0856522141148406,-0.1798436788966715
-3.0781683037889027,-0.15818497462872258
-3.0708003715564356,-0.1324363601921757
-3.063134781805663,-0.10365987219281843
-3.0556972224721632,-0.0747458282603374
-3.047256609311068,-0.046033912256922625
-3.036769733821615,-0.017907214805187546
-3.0244859283446344,0.00934123670467907
-3.0121373415224566,0.03608130968555484
-3.0026220775816306,0.059306752950824916
-2.993288739656914,0.08416453335460077
-2.9836713528593353,0.11128765199471313
-2.975508207158222,0.13648693551581903
-2.968626378124517,0.1613219210011596
-2.962471880908998,0.18709861491813187
-2.9553970341006037,0.2152852335407351
-2.9499091448152015,0.23738065964836652
-2.945255096397131,0.25756893075088305
-2.940861506875796,0.2810170750178591
-2.9372867584404827,0.3091368856158296
-2.9349809580420065,0.3387488082964771
-2.9334939659365635,0.3625429945433393
-2.931180080888499,0.392188350357168
-2.9275779989290305,0.4198048028510673
-2.9237653029108253,0.4443420831192162
-2.919162825402823,0.4676360220367995
-2.9124707128803733,0.492728554138171
-2.904890708931363,0.5152666611466672
-2.8970403480281197,0.5335886543737591
-2.888880143022995,0.5495152586525333
-2.8806487322869994,0.5652615103240916
-2.872428194578196,0.5835229486539723
-2.8636596280580515,0.6086976526076425
-2.8575214975850485,0.6316818267579486
-2.853577649063913,0.6502831992950588
-2.8491820528017198,0.6752566128919556
-2.8452385554481383,0.7046912931825869
-2.8426635368281543,0.734477495255104
-2.842068292793225,0.760845094551204
-2.8430664715816807,0.7888604378587678
-2.8449099703235294,0.8143222335275276
-2.8471554964316974,0.8350533701422184
-2.849931849015231,0.8573130700869829
-2.8523643993175485,0.8822857751125075
-2.8541243288036515,0.904056787148984
-2.8561296767683526,0.9260503390187058
-2.858218521837284,0.947625230585852
-2.86082406659732,0.973954448435018
-2.862558026196731,0.9954729379870916
-2.863504218359942,1.0235076471273519
-2.8633108980230353,1.052037087660788
-2.863345141386234,1.0819026773640337
-2.8635753635019,1.1117307406446397
-2.864106035786563,1.1414053869392218
-2.865080428584189,1.170979107585352
-2.8656095204299086,1.2002038106852642
-2.864568509674541,1.2300933461079322
-2.862847615825337,1.2600282807378904
-2.861117476663671,1.2900289514260577
-2.858428351734497,1.3184001213205028
-2.8557479901771066,1.3413747297899832
-2.8528034762391297,1.3629758233280744
-2.847972038247006,1.3884998405287408
-2.8420065251108624,1.4156129014725654
-2.8355590752019526,1.4448163576461348
-2.8293055151530955,1.474131614444129
-2.8238185821388226,1.5035301552060034
-2.820122550372385,1.533190023539749
-2.817992959301624,1.5566510559991156
-2.8159950377785696,1.5807759240645578
-2.814018973805674,1.6055341176533142
-2.8126214913548515,1.6251921065588428
-2.81112965615987,1.6484259870879931
-2.810058427503709,1.6706571378169466
-2.8079683959405495,1.6958141056558564
-2.804461494387756,1.7199882914627538
-2.798330159459625,1.7474237152024965
-2.7898888816657412,1.7762979382691395
-2.7812720624795495,1.8022550125434487
-2.7730315449998755,1.8257217639219394
-2.7655991995955818,1.8476868135570241
-2.757070789045463,1.873498109777305
-2.7486166099365543,1.9010269931857733
-2.741053289507859,1.9275520335433398
-2.7342601867353498,1.9555380654768848
-2.728224847452136,1.984357980510769
-2.7216015137742744,2.013630536379983
-2.7132821798786146,2.042582902296502
-2.7033673561550335,2.070646951513776
-2.6929969404743135,2.097783761927628
-2.6818010475263976,2.1256549710438026
-2.670071876988028,2.1529740975726823
-2.6569908306308383,2.178655230838701
-2.64482486971378,2.1984436665697213
-2.6361850468690586,2.210540967838816
-2.626521843102526,2.2227345042927826
-2.613663193753751,2.2383433050545225
-2.600173826851984,2.255446807017424
-2.5883515855150123,2.2724577955374765
-2.576788103668256,2.2904499850477933
-2.5606945605463904,2.315914644721633
-2.550865050066995,2.3307503798646234
-2.5398532831362957,2.346920344112916
-2.529575636414073,2.3613529876849553
-2.520336009253633,2.373622361523983
-2.51088792868477,2.3851081001110437
-2.4965714944553516,2.400398971813541
-2.4784377460916396,2.418094042592659
-2.457069495313597,2.438181662963568
-2.435445019119261,2.458937704957265
-2.4137521803285793,2.479727604245278
-2.3914307150275915,2.4998403035373897
-2.369045147799344,2.5197628722216097
-2.3470752485960764,2.5401434693520137
-2.3252704174844046,2.56074986011443
-2.3037277520212553,2.5815805355569155
-2.2819716573248647,2.602330251887664
-2.2606658698168234,2.6205180626457927
-2.2414463278820667,2.6348434957030404
-2.225082221226594,2.6464647997271045
-2.205246135737706,2.6599912547386295
-2.1867612393016755,2.6713920560560966
-2.169177498099509,2.6811735967264934
-2.1503704044727514,2.690288383677884
-2.1312040123447593,2.6991664488193514
-2.109936374682287,2.70999933222763
-2.086128450262925,2.7225214153081034
-2.0593140036590016,2.7360479232799495
-2.032799991974958,2.7493117049779205
-2.0079180979776097,2.762696299252682
-1.9820625611032971,2.7769428699396874
-1.9559037096911358,2.791549251448179
-1.9299525149250192,2.8065777607200997
-1.9062781702915026,2.8199452112625023
-1.8800746737205094,2.834055331246456
-1.8537936409054725,2.848475870675717
-1.8273922234292506,2.862798709940411
-1.8009696319128612,2.8769649663463075
-1.7746928867655316,2.891372344841976
-1.7486585735034221,2.906266158916522
-1.7224063816027948,2.920816485635011
-1.6961545742216313,2.9353546184823265
-1.6700530559699196,2.950083651826662
-1.643944441415132,2.9648360177756365
-1.623205991429193,2.976915666324562
-1.597284728129446,2.9919593437260836
-1.5714657748289476,3.0072575521377405
-1.54557579986516,3.022425908091885
-1.5195552478392815,3.0374113821742585
-1.4936323736180452,3.051761252469789
-1.4698923831157995,3.0640548336198044
-1.450336962317047,3.0737529445697405
-1.4325925480172241,3.0826643180559192
-1.4113357701348328,3.0932695206928003
-1.3868570598900123,3.1052679803387586
-1.3655098450361889,3.115704301387595
-1.3463810907632157,3.1252415474823247
-1.3306285515848482,3.1337801215526757
-1.3158727835677875,3.1426724032822495
-1.3049049147043603,3.150250349692499
-1.291619971297968,3.1605157141404647
-1.2744574886859907,3.1748500780160303
-1.2558412625213409,3.191081427704674
-1.2364181771132516,3.2085421253453927
-1.2194574917448817,3.2248358689308945
-1.2027557302423817,3.240549782958892
-1.18483893916606,3.2559783876603987
-1.1716700623500216,3.2668470879209974
-1.1517080654646792,3.283485087377268
-1.1333540550461116,3.2993005400546163
-1.120756025206606,3.3108383350050543
-1.1052587529610192,3.325958237688026
-1.08825373258291,3.342745036721691
-1.06802223491796,3.363386353254964
-1.047926145281661,3.385396993025174
-1.0280196800439823,3.4078191076057833
-1.0085418981455956,3.430559526731057
-0.9894678719291397,3.453678444030596
-0.9711983814071024,3.477357591296027
-0.9540574787881613,3.5017184324570465
-0.9384520983225989,3.5245771610788803
-0.9244786280843931,3.5454039068705843
-0.9115744725524877,3.566329481734558
-0.8996263082808293,3.5876931564921946
-0.8863702455327332,3.61375512411688
-0.8735004498467568,3.640592987096486
-0.8599032083637003,3.6666399812143347
-0.8448385783724691,3.6923716366390646
-0.8315269011239963,3.7122395107494017
-0.8139590366622531,3.736561974139388
-0.7958381103886354,3.7604370824656983
-0.7796083108728221,3.780924312445885
-0.7640026514626347,3.799508740845679
-0.7458262544815719,3.819349202310107
-0.7266794945085938,3.8395451697607843
-0.7066707189170776,3.8610473459035752
-0.6869959120620291,3.88329355380236
-0.6681232038644228,3.9064973102167726
-0.6506562200890234,3.9293590595449417
-0.6357871554970184,3.948984037609675
-0.6204462053544028,3.9685561306329573
-0.603269054235086,3.9914018980016146
-0.5878025773930894,4.014980052665189
-0.5759128315492124,4.036134358340564
-0.562599774553463,4.0611113313612766
-0.5494517909453531,4.086238174954148
-0.5366645001029068,4.110944426018085
-0.5239845766538387,4.135790322450061
-0.510962554524578,4.162378056046799
-0.5012177326014835,4.18417191019353
-0.49011410185271426,4.211866395614833
-0.4800660214613317,4.239914897196191
-0.47115472827431265,4.268364208595673
-0.4626142519895256,4.297070051059116
-0.4552320259908525,4.326050548936522
-0.4489384009493224,4.354889806488998
-0.44308026571690956,4.383742810868078
-0.43787548083534966,4.411543406580871
-0.43319747423052,4.437767070613313
-0.4272023700289149,4.466380689259106
-0.4199604069536537,4.495494313328628
-0.4112799399990272,4.52342814114057
-0.4010739204421414,4.550507880712124
-0.3904002968651921,4.573503851989379
-0.3765553635414714,4.5970800300157535
-0.36048524014749145,4.6205755586737896
-0.3426057262495436,4.643316436221943
-0.3231194228544982,4.665713737332819
-0.3026992564782608,4.687733692789996
-0.285498426724401,4.706309763689646
-0.26642318187832525,4.7272315718606945
-0.2485206639566601,4.746944778467748
-0.23731515029415112,4.759371911894451
-0.21895974674837726,4.780159305776483
-0.20481763370817027,4.795741733362688
-0.18900566052530549,4.8117686063181555
-0.17508311801632362,4.82483499427874
-0.15837260187186425,4.8394743863413225
-0.1405027614985755,4.853633738129504
-0.12014112200920946,4.869193275841704
-0.09716231071255216,4.887477320135974
-0.07432980301402299,4.906846004082901
-0.05182720510294431,4.9266640547621705
-0.029596479279971954,4.946784625260008
-0.007816050363112607,4.966938306814609
0.012023239289027078,4.986474861438331
0.031774217733452056,5.007431826937824
0.05147740443980193,5.029978422374934
0.07077464600414245,5.052918773512213
0.08982727498596395,5.076090314883101
0.10938420337544467,5.098951133735987
0.1306825587889059,5.120338548282302
0.15477448937699712,5.138687900541108
0.1817723796983639,5.15240667040767
0.21030394649814266,5.162242285183299
0.23932907049597787,5.170065504874088
0.26834100039000514,5.177614232829747
0.2914320805718062,5.1840845701169105
0.31968881593952436,5.191587152789417
0.348645706236987,5.198213577604694
0.3778584152710005,5.204668017615821
0.40712332219666986,5.2112754649701944
0.4363632637267767,5.217889965823488
0.4653775610272781,5.225259360887111
0.49423542674928517,5.233197331922376
0.5193062126708934,5.239875974339192
0.5419524598958257,5.246268695123794
0.5639430180896817,5.253062981242674
0.59014147171228,5.261487445804822
0.6185265462694461,5.270832382980502
0.6455705359794391,5.2804459801144015
0.6727633554120294,5.2913314117306225
0.6999028029272955,5.303759739592374
0.7260822337988155,5.318182503543312
0.7496768044315917,5.33248662927869
0.7717292318289974,5.347259730523812
0.7958790987191405,5.364875191713244
0.8199057569014777,5.382857665442081
0.8389404436394937,5.3973861712405755
0.8667874733905854,5.420106626007427
0.8896803248460633,5.43950691978414
0.9081915628301251,5.454794224770391
0.9313865556983852,5.473873393867944
0.9555805967200179,5.491864866765178
0.9803521960230243,5.507043707440963
1.0027359515994354,5.5185851237311745
1.026849172137366,5.529019775332799
1.0551097300411252,5.538883122934728
1.0837066950537575,5.54691614944327
1.1124814267963103,5.554783751103401
1.1407810496873323,5.5628910783129015
1.166007259413314,5.571240479781759
1.1929111200644358,5.582060389326432
1.217002640295375,5.593668725592972
1.2429165579972612,5.607214715811182
1.2694273768258872,5.6211906478494145
1.2957684759767567,5.6354502195601865
1.3211992695097938,5.650423033124275
1.3429556418984707,5.664441991862035
1.3656748997816703,5.680277178472393
1.3899825684438623,5.697649250803625
1.409981974195134,5.711032980741792
1.4409144210051317,5.7297089519792115
1.4625385243861075,5.740423377212019
1.490324247807369,5.751976880156024
1.5239764492171093,5.764854511842049
1.5458606613219257,5.773012267722965
1.5736289215488533,5.783256969042143
1.6017254095360554,5.793320918266148
1.6295577586111936,5.802981514953003
1.6576139731993105,5.811838288031729
1.6862839633527267,5.820708102046624
1.7152619414410966,5.828789895278601
1.7444691786455702,5.835805851970357
1.7737724525115413,5.842367263561429
1.8027932966300333,5.848629549583724
1.8314677641944457,5.854613676497125
1.8601171870334003,5.85942267411949
1.8864681880766612,5.863655302234303
1.91270353194724,5.86759094257146
1.9390421037014496,5.871708565419339
1.9648773132344415,5.877724822434912
1.9850780769743726,5.884399729068515
2.0151217833557054,5.895626244330899
2.0362921370405966,5.902937330106956
2.062356722349952,5.910137326386143
2.0891050727355354,5.915894113688543
2.1156800694704914,5.921825381758215
2.1425744452276994,5.9299428194052695
2.168084537203283,5.941518565999035
2.1922447086535723,5.955968844070354
2.2158678111779118,5.971532953055883
2.240275333616839,5.986727770086527
2.266957200676247,6.000649701812105
2.294682145436889,6.012358310029753
2.3234822860412927,6.021339239575535
2.352704110902997,6.028405751607304
2.3820118354852418,6.034874176402375
2.411375991513685,6.041149508301675
2.440937271879487,6.046638761493005
2.464624891644279,6.050527886068344
2.4942306901922615,6.055387209411242
2.523889862855125,6.060067550199592
2.5535827766063695,6.064384516714321
2.581812424439403,6.068522136706041
2.608470618013669,6.072117656074456
2.636384324988991,6.0765787214400175
2.6644554227450756,6.081808597795693
2.6933884269590056,6.087460358548483
2.7224950013772817,6.093571508169971
2.749648687308126,6.0995259373023085
2.7746300739721637,6.105090025521293
2.8002825100987834,6.11158165853921
2.827380640199299,6.118902284755998
2.8562177898521757,6.126209923214449
2.8846936188268315,6.134474924942846
2.912360566367667,6.145472864243305
2.9387480311393275,6.159355688126317
2.9640049679591174,6.175196546737311
2.9814342439047166,6.187948002815181
3.0011345569412207,6.204342410293716
3.0208781341599833,6.223936238649478
3.0379547474298603,6.24523223135176
3.050669108547487,6.267117287464001
3.0611558828081082,6.291304627968681
3.07045394334836,6.316124707664584
3.080299487605981,6.340978469391624
3.0926550065555864,6.365729067601183
3.1092750448176014,6.389985373506395
3.128514909174793,6.412276127307096
3.148597462750841,6.433639365404086
3.16800804046483,6.455432632373915
3.183356745954067,6.475632574158326
3.1958402547258973,6.494971091561698
3.2079837898863777,6.5168635688790895
3.218588654995649,6.540835415092933
3.2274826376239516,6.56841296710188
3.234439039164647,6.597448746799432
3.2411708354947932,6.626673171226669
3.2496910370000114,6.655552167818612
3.2617224957040265,6.683214906885461
3.2734147728736094,6.70424475656651
3.288783713389326,6.729504929145725
3.302885834947294,6.7528928435894775
3.3167788591811997,6.777508082543101
3.3314169823328914,6.803501375875671
3.3466188639646184,6.828250312074987
3.3632290039626747,6.851393654664372
3.3815836415353395,6.874762879122388
3.4004713081815265,6.898059062741384
3.4193509002045075,6.92138253382486
3.437998133507131,6.9448738735366105
3.4566750084596607,6.9682578449513874
3.473995964763749,6.991323806317702
3.4863707626462923,7.009418076048118
