251.4023635103993
251.43238271883695
251.45843464936436
251.47208328503183
251.4744946371498
251.47650634279148
251.478117838789
251.48157677525046
251.481630470764
251.48163071916238
251.48163141884157
251.4816316949852
251.48163223357264
251.4836301101365
251.49094002139526
251.5031846558238
251.52036323685448
251.54251649639443
251.56993370115154
251.59366404714245
251.62334950591682
251.65296714881663
251.6825736486665
251.712200889038
251.74185547742115
251.77161310798402
251.80148312669746
251.83131017462046
251.85506859719789
251.88463876127162
251.91406173535808
251.9425776375636
251.96813834394254
251.99413839746208
252.021141236434
252.04821361231072
252.07571212476728
252.10451258010772
252.1341251173148
252.16329288122824
252.1866398756484
252.21612774614206
252.245756687367
252.27543397046773
252.3051124495471
252.33106970301392
252.35250699468725
252.36714653809253
252.38059396882244
252.39650442051675
252.41524344911747
252.43944193321997
252.46886436024687
252.49841418165565
252.52656933441315
252.55373719413495
252.58054649897932
252.60081301276512
252.62641214296332
252.6523311623851
252.67826912100008
252.7039975405125
252.7284410411276
252.7537141350381
252.77912580926525
252.80380185872477
252.82225952651024
252.83999453130022
252.86621030669983
252.8937428926294
252.91425548949528
252.93580549386823
252.95923761497025
252.979359840995
253.00583545227113
253.03107977046332
253.05090880981118
253.06662046061345
253.08338400465135
253.1014669145833
253.12126094865118
253.1387447844373
253.16213652226955
253.18216892860391
253.1994482819699
253.21095632359888
253.22043352621523
253.22991461564882
253.2378365746473
253.24765608064487
253.25590555947636
253.26698387927863
253.28215499192365
253.30175670583486
253.32258179809293
253.3433565804696
253.36495193966402
253.38715489815797
253.40575066837184
253.42931164374443
253.452940225733
253.47652962414074
253.50321659274664
253.53232516039066
253.56177256098613
253.58500007378072
253.61359363068624
253.6426246865884
253.6703594487651
253.69048041177626
253.71026944170265
253.72572335157605
253.73925516463444
253.74692125270582
253.75101932994215
253.7547894757221
253.76075244519654
253.7698571891033
253.7885469770612
253.80947908935568
253.83702676331652
253.8654167260931
253.89475990152255
253.92453213207884
253.95434606965998
253.9843087478364
254.01401907371485
254.04389674287395
254.07371564752097
254.09761358153892
254.1275383368889
254.15749613927426
254.18734821010221
254.21724131283707
254.24714224702313
254.27691935059994
254.29928916097342
254.32714374558662
254.35633976133465
254.3851874347694
254.41219337741163
254.43980924989282
254.46934049397544
254.4986661058204
254.52608885803468
254.55080354137138
254.57924652984445
254.602558446582
254.63020418207842
254.65918115739143
254.68886622287715
254.71874634413743
254.74859885351827
254.77831744911995
254.8079354343891
254.83743236785537
254.86694315058298
254.89642474376723
254.92000402889605
254.94928863099392
254.9762422273697
254.99736253216986
255.00850591911288
255.01125729250992
255.01230737277717
255.01751349700405
255.01768985219076
255.01996400384405
255.0223185681187
255.0246152343816
255.0349421231979
255.05527363946715
255.08265304080263
255.1114697340175
255.140217232611
255.1614610046073
255.17953396823478
255.18760285551693
255.18843350340583
255.19382884361985
255.19977088368097
255.20566210458026
255.21161056529573
255.2139999626387
255.21961369633613
255.23128622757207
255.24342143976855
255.25557047829753
255.26848196117817
255.28056264258436
255.30060995555561
255.31560469115706
255.33532059766245
255.35504682873196
255.37473218278103
255.39691404922056
255.42187750419689
255.44693917950045
255.4720034268379
255.4920788631673
255.51708085658262
255.54080775542894
255.5622180767054
255.58146772212814
255.5945905389251
255.6028327041715
255.60989342511465
255.6151047581968
255.6210953171763
255.62654098674045
255.6318509762554
255.63748298725048
255.64538981483585
255.65653443212054
255.6678973140732
255.67964387048445
255.69478489722798
255.70880378042628
255.72417307209068
255.7382192680118
255.753055840156
255.76619214049413
255.77530072901763
255.78195210804637
255.78543960516737
255.78740960543232
255.7915819102977
255.7978252503508
255.80272097873078
255.8076073514107
255.8124219671511
255.81664516882995
255.82077696196922
255.8233496451844
255.82479345689356
255.82768357703185
255.8287031595045
255.82920574557124
255.82937354521133
255.83026536265973
255.83434486411232
255.84054011551325
255.8466711732858
255.85153992097204
255.8614831249954
255.87537267729095
255.88734050460724
255.8996093127347
255.9097657222133
255.9145407333972
255.91648444726496
255.92164311313843
255.932862042106
255.9498545831861
255.9698096099069
255.99162317655447
256.0102514001814
256.033659469368
256.05286828289104
256.0666067547157
256.08098774117633
256.0964375124839
256.1104355557046
256.1238476770068
256.13446009278556
256.1453093244956
256.1591675786528
256.179058290976
256.2030316268675
256.22715109610186
256.25049432877046
256.27302536441294
256.29538537159345
256.312584950791
256.33268007667294
256.34607368118634
256.355109139175
256.3635268857504
256.3676755354921
256.3699655323881
256.37332107357844
256.37573710232846
256.3762121878479
256.3792052658932
256.38289860680186
256.38872649000876
256.39513227025776
256.40403739829986
256.4129006710466
256.42176011376904
256.43052998100285
256.43923009837494
256.4480119823185
256.45614787317214
256.4622804613153
256.46550086486627
256.4666723814659
256.4722453569813
256.4811730688719
256.49126924101233
256.50186783970804
256.51426915111153
256.5286101487802
256.54767706519317
256.5696396996963
256.595592371238
256.61832287031564
256.6473341571957
256.6764506249107
256.70556844708926
256.72867471022437
256.7570697480099
256.78561911910055
256.81420613774753
256.8438137820256
256.8736189433199
256.9034139682522
256.93334766972197
256.9627038889232
256.98270221713256
257.0052723543205
257.0277639168817
257.0501896627218
257.0738068704242
257.1012802173076
257.127178420217
257.1479844218551
257.16876123771954
257.18953426462025
257.210347407631
257.2270549899313
257.24577867664243
257.26247573943095
257.27264433883994
257.2809385056756
257.290157820108
257.30035182588006
257.31181775615494
257.32552594539476
257.33663974480345
257.35049114196255
257.36623919507264
257.386362233367
257.40701249600113
257.4277162370255
257.4484342195786
257.4650649411737
257.485842180789
257.50655059947974
257.5271686631481
257.54779383011316
257.56843320119805
257.589144391915
257.60564870592293
257.6261600777611
257.64661084925103
257.6670441436969
257.68749501743247
257.7070204734667
257.7245578018787
257.7413598775748
257.75395840784324
257.76951441432146
257.79058780664855
257.81585596403244
257.84475943348326
257.8733372429165
257.9013614539617
257.9276382311247
257.9506676993377
257.96900090266485
257.9912624054174
258.0108351432255
258.0296629798286
258.04382398372144
258.0565752823035
258.06814049466686
258.0799266139365
258.0929561785086
258.10780769443556
258.1312042933593
258.15547012264386
258.17995123879257
258.2049108755845
258.2306301213908
258.25413906826265
258.27475497783564
258.29130436234163
258.31496604103904
258.3380363938152
258.35632009371034
258.3720353524817
258.38395973534864
258.39179537263544
258.3982809696245
258.4032793835466
258.40767888245875
258.41431700392735
258.42712954773225
258.4414928394353
258.45707239620367
258.4749739382935
258.49129390208446
258.5061417774745
258.5163406703418
258.5315004350054
258.5555510730632
258.58375223259617
258.6119092123297
258.6398099770684
258.66209874121586
258.6900198329561
258.7159701728964
258.74179647195234
258.768723505721
258.79103940060077
258.8191046759395
258.84729986393245
258.8755308039713
258.90364294962615
258.9320549923101
258.96152937417764
258.99124610518356
259.02105851259927
259.04491900325445
259.0747464515354
259.10469350242755
259.134834618327
259.1651180161235
259.19537479939527
259.2255372832185
259.2555902338871
259.2856082993867
259.31562494125365
259.3396392186163
259.3696674587664
259.3997024139977
259.42972349897553
259.4597736016361
259.489877826193
259.5199282520544
259.54393563839494
259.5799119972999
259.6039021504058
259.63389483613076
259.66389254546976
259.6938950190271
259.7238947698553
259.7538935935914
259.7838985663885
259.80790138727394
259.8379014507139
259.8679021820071
259.8979069111567
259.9279133576862
259.95792081768
259.98792816555306
260.0179357018497
260.0419418693113
260.0719496960748
260.10195658703867
260.13196166960574
260.16196491542826
260.1919678156199
260.2219686896511
260.24596908687437
260.2759702955473
260.30597077607206
260.33597218201345
260.3659732866792
260.3899765264216
260.4199761761335
260.44998962273706
260.4800034993111
260.510047561273
260.5400973476172
260.56413506593697
260.59417483015653
260.62420755067393
260.6542371258034
260.6842621674627
260.7142831455217
260.74430078808814
260.77431560227683
260.7983257158196
260.8283364559435
260.8583451988585
260.8883521543019
260.9183589927895
260.9483638201101
260.9783679997149
261.00237172450994
261.0323772383247
261.06238347758665
261.0923898873317
261.1223962890394
261.1524023555556
261.1764067844816
261.20641193767494
261.23641608328506
261.2664191940435
261.2964213938912
261.3264232931047
261.3564249550836
261.38042619761336
261.41042792119333
261.44043125371314
261.47043461786285
261.50043874228703
261.53044344636396
261.5604485003383
261.59045401430217
261.62045956014146
261.6504655838129
261.6744706767102
261.7044777396395
261.7344849823629
261.76449314218786
261.7945016211481
261.82451062798145
261.85451774319336
261.88446899803336
261.90843266780905
261.9383878539296
261.96834390001806
261.998303049587
262.0282639626937
262.0582288192716
262.0881987157222
262.11217524056104
262.1421435800354
262.1721203599044
262.2021033175208
262.2320912349279
262.2620810504765
262.292071132658
262.32206380032363
262.3520569277296
262.37605211972965
262.40604691175974
262.4360456917292
262.4660448249849
262.49603985738605
262.5260365862371
262.5560306211934
262.58602468494473
262.6160232800931
262.6460261015311
262.67603334803863
262.70604312554184
262.73005643726367
262.76007642097585
262.79009465988787
262.82011310662006
262.85013183816454
262.8801552511636
262.9101850097602
262.9401994339582
262.9702472753544
263.00030518534624
263.02433829529355
263.054397410254
263.08441852857624
263.114553669968
263.14468569487724
263.17483713812084
263.2049073642694
263.2289393045246
263.2589126867228
263.2888393828197
263.318801337889
263.3487610858099
263.378727419489
263.40868835166634
263.43863925414985
263.468584049042
263.4925408453756
263.5224879094166
263.5524557375036
263.58244083676317
263.61243179568726
263.6424268045439
263.6724251807064
263.7024253317702
263.73243343572955
263.7624496474278
263.7864711035139
263.81650046529836
263.8465261727394
263.8765501546093
263.90657391393285
263.93659736592974
263.96662290644906
263.9966468097797
264.0266697506996
264.056690417803
264.08670868965197
264.11672573084525
264.1467416226124
264.17675669199565
264.20677152668935
264.2307830396564
264.2607965008685
264.2908170319394
264.3208359685696
264.35085438587623
264.3808702625195
264.40488219362163
264.4348968226119
264.4649100331435
264.4949216093912
264.52493221997906
264.5549412989266
264.5849495604507
264.61495714250066
264.6449629556896
264.6749662515781
264.70496733456577
264.72896673534103
264.76496398716836
264.78895936213036
264.81895236776506
264.84894366654964
264.87893168636026
264.9089153877161
264.9328988381808
264.9628751497851
264.9928463755471
265.022812601786
265.05277915746797
265.0827393449429
265.11269920021005
265.14265931198236
265.17261434735786
265.19658067549875
265.2265353682828
265.25646012856737
265.28641009406357
265.31635511356285
265.3463258415018
265.3763092736236
265.406294033954
265.43027135557855
265.466239864613
265.49021697849474
265.5201848959619
265.55015954024157
265.58007877543565
265.60994584564475
265.6398017805498
265.66967557407884
265.6994583853249
265.72323929550026
265.7530845249931
265.78306797231096
265.8131422612562
265.8431905911443
265.87321506261753
265.9031850282718
265.9332070671484
265.96325153929587
265.99332216799695
266.0173611959718
266.0473228841978
266.07735404031075
266.1073475170772
266.1374177307314
266.1674101132772
266.1914495730005
266.22151738777643
266.25155401280455
266.28158197618023
266.3117177351196
266.34182081473904
266.3718808485729
266.3959090880256
266.4259473075731
266.45596194225755
266.485952416693
266.5159528927484
266.54592293445995
266.5758698471961
266.59980205545287
266.62966354601326
266.65946783630136
266.68931904070575
266.7190994846122
266.74896127980264
266.7729489082374
266.80304712009985
266.8332515648007
266.86343315013204
266.8935665706338
266.9236467001279
266.95382577345725
266.98400072015437
267.00815217382996
267.0383270789257
267.0684693565144
267.0985751962833
267.1286694770027
267.1587266013066
267.1887664752487
267.21879219728055
267.24882317505
267.27285411060103
267.30289122654113
267.33292598138667
267.36294924825324
267.39296347874745
267.41696870652925
267.4469721474931
267.4769736043856
267.50697896522894
267.5369911301938
267.5670054745939
267.59101856307353
267.6210367908243
267.6510539900968
267.6810727716166
267.7110899971212
267.7411088490126
267.7711280893659
267.80114891302486
267.83116902903714
267.86118926383233
267.89120652993654
267.9212241598012
267.9512417529653
267.975253851055
268.00526938312333
268.03528545205154
268.06530261739795
268.09531854672315
268.12533528852805
268.1553512025755
268.18536804130906
268.20938250077717
268.2394002454555
268.2694181041784
268.2994366760339
268.3294516612783
268.3594699434591
268.3834816977188
268.41349713166704
268.4435138260385
268.4735281858416
268.5035425786685
268.5335568432629
268.56357162276515
268.59358410954536
268.6235961431522
268.64760452220753
268.6776177217803
268.70762636721037
268.73764312253604
268.7676492073622
268.79764645008606
268.82764787499525
268.8576512393131
268.8876548101695
268.91164346156205
268.94164646467607
268.9716511204967
269.00164596878386
269.0316447640152
269.0616446597729
269.09164693833037
269.11564797782495
269.14566630194156
269.17567998574907
269.20567814356934
269.23568240944644
269.25968525162654
269.2896862483194
269.31968953321183
269.3496925005844
269.3796976490808
269.40970170884214
269.4337019379625
269.4636993230357
269.49369575796186
269.52369915266394
269.553699776989
269.58370196777116
269.6137041492776
269.63770501595604
269.6677084981523
269.6977114000438
