0.02994199710566894
0.05993405555900886
0.07672477962348292
0.08152120861291519
0.08591788345163093
0.09351050522891732
0.10389437209994894
0.10803150043690248
0.10803409328457433
0.1080344253199449
0.10803582266122207
0.10803637121628591
0.11043325757659336
0.12243001989270118
0.14363637956183095
0.17009671430518758
0.19382757317569416
0.22370474562335788
0.2536554679629486
0.28373246486212594
0.31387870835522985
0.3439583447161471
0.37393719840667916
0.4038294791301823
0.42782486216971544
0.4579321438552056
0.4881473976819791
0.5183481359556193
0.5484382252591686
0.5776822323316648
0.6066425216455175
0.6296726122492649
0.659495347820351
0.6879639791883613
0.7151276743584825
0.7445296139858277
0.7740561911018718
0.8020247260424603
0.8320149253844588
0.8620128044457646
0.8920596760845853
0.9221034596783302
0.9461032122404511
0.9761034237997596
1.0061419576183972
1.0361059535137516
1.0660417132361661
1.0899760467572857
1.1199674513385844
1.1499374547268515
1.1799945270804124
1.210081385802375
1.2401902853169304
1.2703303818077334
1.29441818392551
1.324433181893771
1.3544577495018797
1.384495215308913
1.414503825938838
1.4445343407174027
1.474629344395136
1.5046843929667364
1.5347066069973507
1.5647788803638523
1.5949107287037287
1.6189881034128226
1.6490454934876622
1.679116060057701
1.7091854422849662
1.739294439465552
1.7691354809124178
1.7988658675135436
1.8227134460825039
1.8493501860699901
1.8718837369294867
1.8907923792836046
1.9132763836804685
1.9370550053649527
1.9565370968432176
1.9768881640979472
1.9990020931117303
2.0204372544369593
2.03563050364758
2.0506652876285605
2.0706289361523234
2.0915552744717125
2.1132608896848613
2.1323914544230056
2.1529677577088897
2.1757514202487203
2.2007105541007594
2.2259852761616936
2.247208690709766
2.276882661152729
2.3068897770026187
2.336976094152064
2.3670532276137335
2.3971103627007873
2.4271348902381917
2.457128230663896
2.4871395257826157
2.5158661212385143
2.5418969228995194
2.564627847060914
2.585292853805453
2.6002237289725856
2.618234924799413
2.6345946639833135
2.649092910346847
2.669008980553059
2.6901768303370353
2.709703185152806
2.7312013952214493
2.750377896450983
2.7782793271990753
2.808275674772477
2.8363019444839295
2.8635043306664114
2.882946450689209
2.898766902146103
2.9204580893103493
2.9449180548181046
2.969234155677444
2.9851879214958825
3.0029212281814486
3.0188515209147884
3.0327039557667166
3.0498528726571537
3.070503900332672
3.096066380695034
3.1180372807164662
3.144939948449228
3.173477840504713
3.2033868548245445
3.2330230190835185
3.2619763757516287
3.2906721479131686
3.319985142936775
3.3500728652005485
3.380120561737428
3.4041553547360435
3.4341935500730583
3.4642503699715497
3.494257197156507
3.5243122697969387
3.5543646752339386
3.584431909003903
3.6145076567119023
3.6385963549592346
3.668674171717221
3.698690690820336
3.7287180878418535
3.7587598646045715
3.7881234899294185
3.8133261761849404
3.8394552907076913
3.860701174244697
3.8858459245479087
3.9121038736584137
3.9412261602153085
3.971284623317723
4.001351583322474
4.031068399313794
4.060661489360819
4.090469913510524
4.12048713360766
4.150470334623998
4.1804411433617314
4.204401326178927
4.234334330962244
4.264287288889894
4.294203029537259
4.324055927405996
4.353950561232097
4.383901152126343
4.4139567584036365
4.443989184439068
4.4698821595465255
4.488188357152687
4.513264211682899
4.543016652562883
4.572880641258211
4.602877485556825
4.632892354033405
4.659724613486024
4.6849949971326295
4.712566772174128
4.741495321897802
4.7616329107789745
4.7884199315109415
4.813967288372089
4.8382664891192935
4.862493264203792
4.884569807507461
4.906677083343485
4.930475259701968
4.949332369734981
4.970470583167237
4.98900382209529
5.004775579835736
5.022681740372883
5.041697925994983
5.064064224621953
5.087628080887753
5.107077210134221
5.128293761950775
5.151181791679894
5.175805960223619
5.200002226983074
5.224039275020695
5.24893354723196
5.27225699698846
5.299299337692538
5.32742450094076
5.351915199920421
5.375921929148045
5.39829794774019
5.420333129920927
5.442769189461325
5.466670386063609
5.486316129998554
5.507303032091037
5.532180759534792
5.558859625744385
5.583802843348244
5.609002819899684
5.633706218499622
5.655332972636352
5.677817389909733
5.704447605229357
5.731953669169768
5.750908124910539
5.77264878484495
5.795439847510482
5.818926355847753
5.842983772520827
5.868369954793409
5.890576973910198
5.91957968739682
5.94947946473449
5.979183948557988
6.006490036196575
6.0338840687172866
6.05658772498524
6.0855081837651195
6.114014959712241
6.136227264786529
6.158415026045243
6.1809694989363235
6.205003568018283
6.231861079776331
6.261846283985615
6.284258617182888
6.308244078039202
6.329172744660345
6.352876414922332
6.37716850008729
6.401342100198873
6.423943225420875
6.445834170995256
6.467586698895655
6.489367248747852
6.511343850451097
6.533821140728253
6.561820763306747
6.590962098794153
6.612501074804596
6.638753323532395
6.662449089046169
6.687277023724423
6.7120741720608175
6.731941307813625
6.754803778492619
6.77501771816574
6.793309817905235
6.811745516316618
6.830316595927166
6.852180071421324
6.876500381814219
6.900940543429431
6.919499755449746
6.9404985379623705
6.961851466390014
6.98704729918065
7.014776718961844
7.04343772377233
7.072111742997616
7.100723294562043
7.122631049183832
7.146461800943551
7.173985097371307
7.203628500668177
7.232872758679379
7.260981792289707
7.289820915642855
7.319401322397938
7.349390554949584
7.3793518203460815
7.40926082070333
7.438259288754612
7.465893649540069
7.4874363467057945
7.515253779610218
7.544921731884325
7.574596720966397
7.604322105549978
7.633839393772283
7.663570824102316
7.693577701142832
7.717482837308919
7.747287220727956
7.777034126479543
7.8070235653721465
7.837039192879877
7.867062444947961
7.897097000409212
7.921116732817366
7.951081511510031
7.980585793830393
8.008676744878787
8.033017989629652
8.05938105004525
8.089121247532761
8.11309126595076
8.142851697272878
8.171229708379343
8.200370146376956
8.230418695947513
8.254401620445325
8.284306282263378
8.314243128984181
8.34419226129912
8.37415242079716
8.3999011769274
8.422276738061354
8.441035222368457
8.463355077835608
8.481210165320226
8.500689573030222
8.52075397544346
8.540519368701228
8.559908581131264
8.575732581628
8.594048023739232
8.610753869279723
8.624301131723831
8.63886485802264
8.657763805724501
8.674484232760706
8.698754060094656
8.72314992133359
8.750229141789951
8.778983645234957
8.807806222133577
8.836347755114947
8.866373431854944
8.890393390070662
8.918819164187584
8.945566535023929
8.971997294520309
8.999671106818356
9.029146672533395
9.057083773719528
9.079807330384384
9.10472442818646
9.128128527191338
9.158130488953615
9.187682580766644
9.214858529028804
9.241769590642644
9.268642828514974
9.297348880573365
9.326065724182314
9.355777940243094
9.377522917410472
9.400784972123219
9.424326549482306
9.447567730081708
9.469968405932555
9.491679024670114
9.514781762988637
9.53764024470967
9.561381559143676
9.58808174269606
9.609344045116142
9.635860733355608
9.66247211296994
9.688987563951224
9.714078230789687
9.737299705469665
9.76073629464929
9.78047496288422
9.805750003358224
9.83185698798962
9.858808367440302
9.886198868023605
9.91225090094247
9.94047157500374
9.967657820069004
9.99359622959491
10.015071045708428
10.037801642950154
10.058827378999286
10.082879486703439
10.106806267118833
10.132627561974468
10.157573035138231
10.182985473168271
10.209723147471642
10.23063091131516
10.25155975113606
10.270264082893396
10.295040148053689
10.320120508878043
10.343837281304632
10.371169758379207
10.397979702069195
10.417845656273773
10.44220278359192
10.463964540848362
10.486832583739826
10.514401316400445
10.53837931347401
10.56835366689145
10.598181346086392
10.62749752421062
10.655765287269398
10.68189185298881
10.706364696461621
10.72957005695471
10.750458597382266
10.77606447987716
10.801351359206349
10.829709020747405
10.858688998947446
10.8886658741076
10.918626724908764
10.942584322298039
10.97215022467606
10.998459899620975
11.026343853749832
11.056292583373393
11.086354002720515
11.116405028543408
11.146427873643955
11.176404299769352
11.206503337785858
11.236629292774895
11.266722177275794
11.29081399473007
11.321003753655877
11.35110433774905
11.380132155569404
11.409616930003018
11.43837554214085
11.468254823154984
11.497925951222655
11.525164615016255
11.543279361074756
11.561233132667846
11.580810167495402
11.600556943982008
11.621315672915062
11.644660774430541
11.670765642500989
11.698245562129644
11.726526730667265
11.751070957296049
11.772452848099524
11.80135443762033
11.828464223672697
11.855627963121513
11.880801929225576
11.905043836662049
11.929468778189614
11.950654462165037
11.969227512419327
11.987923926425704
12.01116864486443
12.035949027223944
12.061606735106713
12.08949562787598
12.119501669299137
12.146467431907732
12.16415373125238
12.186202338161099
12.208589692069944
12.232259724184097
12.254008489353966
12.273564556262881
12.301919823172106
12.331904899108
12.361841407090312
12.39170405003024
12.420403299923658
12.449280827102044
12.47774132999579
12.505091917788356
12.532608652834925
12.562082712199771
12.59164484161423
12.614236795285763
12.641001433037497
12.668874740106643
12.696899229485316
12.725858329119287
12.755805938020924
12.785394404684624
12.809943786345926
12.835332678705623
12.859551396651634
12.881655317968548
12.904327725252433
12.93425575971877
12.964169840119006
12.994102246378086
13.024083061723163
13.054087639536077
13.084101841328764
13.114088825120298
13.144028625794325
13.16797497707578
13.197964579728579
13.227911464332811
13.25787300933925
13.287862559852414
13.317030805425212
13.346587545636803
13.375598587677606
13.398991012856769
13.426856376615653
13.450191135765213
13.478444873966081
13.502960608116501
13.528061551422365
13.553787171385514
13.57684924709409
13.599354859098874
13.616891943024452
13.639867461986546
13.664012392948083
13.689372131539741
13.71691649802143
13.742516644871586
13.766486459023609
13.790346893571883
13.813950601420357
13.83761146533601
13.861272756303888
13.880665907009224
13.90689442393382
13.935558332888919
13.96553557119231
13.995522187669819
14.025513409262581
14.055476835114934
14.085442843320939
14.115462520085442
14.14548671425554
14.169544020589237
14.199639959102988
14.22973461048019
14.25883837914611
14.288206154990528
14.318245882307885
14.347571189075092
14.377086655313178
14.406228049887874
14.428277889605798
14.456673056739547
14.482043953644247
14.508902626668378
14.534780286584079
14.564275008533668
14.593060030902485
14.617925656937368
