-6.102119872939183,-4.480577624339045
-6.087485664824277,-4.506759804210937
-6.076323435488773,-4.526645939998576
-6.073981809505295,-4.530839720117069
-6.071839551712058,-4.534686071965823
-6.069894609635466,-4.538184648687012
-6.064085429518729,-4.548696767965831
-6.061392514342481,-4.553616385221865
-6.061164304794585,-4.554036386144937
-6.06116517152872,-4.5540347567707276
-6.061165058886748,-4.554034911233549
-6.061164523987121,-4.554035770770518
-6.061164474794183,-4.554035836022229
-6.058133412005276,-4.5596500694348725
-6.052893430231696,-4.569335626577207
-6.0454513773293606,-4.582723340314399
-6.038481801257042,-4.594966955446487
-6.0298149219340615,-4.609875872238402
-6.019919574860204,-4.6265585485599
-6.013628872501038,-4.637042344861825
-6.0076282166190715,-4.646929357256809
-6.00328139024576,-4.654023271827816
-5.999900384708536,-4.6594945338149145
-5.9982653931058865,-4.6621067629794215
-5.996998916784023,-4.664103968169098
-5.994018233553232,-4.668739671385935
-5.991307789478499,-4.672921054232275
-5.988386714625909,-4.677388381860185
-5.985598967421537,-4.681610013654416
-5.982490571780748,-4.686282113286299
-5.979225395287196,-4.691170041628039
-5.975216224213371,-4.697143813212217
-5.971867075860593,-4.702094955950373
-5.968293569921452,-4.707340918782625
-5.965135464975394,-4.711941451593906
-5.961526366305836,-4.717160898078546
-5.957660759817089,-4.722703890114515
-5.954824140987156,-4.7267309877607735
-5.9524134456272755,-4.730122774960181
-5.948363782302102,-4.735777216943305
-5.943587469074536,-4.742399551407703
-5.9412796387750255,-4.745578277407244
-5.939269844349033,-4.748327321787276
-5.937301970448549,-4.750992301090301
-5.936559422431446,-4.7519835874415115
-5.936387893709801,-4.752213205960971
-5.937334734962776,-4.7510143807821805
-5.939174891318084,-4.748742046051365
-5.941050789946677,-4.746493553874991
-5.942203834633688,-4.745150353719116
-5.942494950537201,-4.744823002872898
-5.940286922873087,-4.747263033677867
-5.9379287676148245,-4.749832254371517
-5.936925196196607,-4.750906577924835
-5.936831690696873,-4.751009534638046
-5.937748453431359,-4.750080841216687
-5.939670538332598,-4.748173297123038
-5.942091539182152,-4.745827943787377
-5.945219384358854,-4.7428697855299955
-5.947555095591596,-4.740714591897532
-5.949230969902914,-4.739219140680979
-5.950050196275182,-4.738520423738649
-5.9505762078469155,-4.738089239109664
-5.951163060179584,-4.737617477388124
-5.951053218994233,-4.73770845779356
-5.951861454493244,-4.737116645272271
-5.952873686731744,-4.7363926120892055
-5.954285103254799,-4.735425921932646
-5.955372333129852,-4.734706314282414
-5.956278832211226,-4.7341408921157
-5.958073207540944,-4.733069299765972
-5.959692749867249,-4.7321520653186075
-5.961369882707744,-4.731256190740817
-5.9641602920815915,-4.729845189676198
-5.968548319914483,-4.727807453776474
-5.973654608894648,-4.7255799249864205
-5.979817354353008,-4.723034539128776
-5.987146571847976,-4.720184628825892
-5.994894715161835,-4.717385623589087
-6.003924723523353,-4.714428919913148
-6.010968765752948,-4.7123040431914855
-6.0169428590739535,-4.710581775315114
-6.024002761559045,-4.708627179937703
-6.029252270014936,-4.707226789869419
-6.035404020760789,-4.7056483957794
-6.0404162203932,-4.704433225693167
-6.045678687999176,-4.70322418325655
-6.05278883092719,-4.701675257083933
-6.058834989437081,-4.700396731063101
-6.064873575146667,-4.699139912742698
-6.070770072228958,-4.697958314852363
-6.079548525833182,-4.696277806178308
-6.0873298021430955,-4.694884865536544
-6.093869389247069,-4.693810968501981
-6.10092739569975,-4.692778893838033
-6.108684394353934,-4.691763131833682
-6.114411689036367,-4.691107503200858
-6.1200280745362035,-4.6905530826024515
-6.127556645951913,-4.689943624886206
-6.135248731687203,-4.689465366308392
-6.141357396680247,-4.689163690163878
-6.147207459315682,-4.688952506704061
-6.153441688192572,-4.688772549396162
-6.160954083524856,-4.688586259634128
-6.166903119007343,-4.688425077375829
-6.171900146355295,-4.688250988680002
-6.1777066223676815,-4.687990329648416
-6.182462420409965,-4.687757661841979
-6.187996901417734,-4.6874925646949865
-6.19449250888721,-4.687133046387189
-6.199711740311847,-4.686880562556764
-6.205365134778417,-4.686601526898672
-6.212236222402376,-4.686270693992462
-6.217552453603673,-4.686034583312297
-6.22278016166371,-4.685802859204081
-6.229220803239456,-4.68552697730247
-6.234526514953493,-4.685343112224497
-6.241608512211534,-4.685138086551434
-6.247192485682885,-4.685011464666735
-6.253013234511162,-4.684925589397427
-6.260710417099324,-4.684843934343078
-6.265075840566404,-4.6848384071631335
-6.270754794165974,-4.684852536431975
-6.278645214026482,-4.684909865350469
-6.285003821112558,-4.6850473959735
-6.290688955522438,-4.685192114003968
-6.2965071016364424,-4.685374577849293
-6.303640433278506,-4.685694702076
-6.30876538529994,-4.685959196346094
-6.313763347074946,-4.686209525676584
-6.320213278813861,-4.686573943767256
-6.324474425274539,-4.686854641792011
-6.328374848965324,-4.687113995842437
-6.3335689857074495,-4.687469911732661
-6.337487318833983,-4.687758817488118
-6.341403971960842,-4.68806036720988
-6.3453674281187205,-4.688376890314691
-6.350733620027675,-4.6888353912669505
-6.354163819260174,-4.689169423684654
-6.356088138741697,-4.689408165527381
-6.358289232810332,-4.689835155374712
-6.360924708251868,-4.690563069759373
-6.363381558904998,-4.691502135078999
-6.367607499268817,-4.693654918657403
-6.368318248190874,-4.694089092922931
-6.364397189034331,-4.690999734700119
-6.356423932226418,-4.683572083972355
-6.342862401524839,-4.6678006955099836
-6.33009865720503,-4.64929924900643
-6.318780467137814,-4.628503493928565
-6.3079610007461095,-4.600828628028033
-6.302040011947335,-4.577793141867366
-6.2986174270225845,-4.55424791781572
-6.297324345396555,-4.5244551001667945
-6.297783020167543,-4.500520788872662
-6.298787942619863,-4.476579719029167
-6.300265572632982,-4.452661838017476
-6.302702298892285,-4.422799585473837
-6.305123736893152,-4.398956748722565
-6.307894385718508,-4.375138403560535
-6.311678847993046,-4.34539727011948
-6.314915972640825,-4.321634635831667
-6.3184009610602665,-4.29790825916116
-6.322123865153864,-4.274218102336613
-6.32709092862184,-4.244654340372669
-6.3313428123084545,-4.221058951265764
-6.335919397276567,-4.197527238122204
-6.340889247056617,-4.174087358215249
-6.347746115696913,-4.144926372390194
-6.3537653244110075,-4.121735440821242
-6.361979984412037,-4.092937443882399
-6.369174349128986,-4.070095454685386
-6.379020992088504,-4.041825906792139
-6.387648545451012,-4.019497622791783
-6.396883752796325,-3.9973902345058665
-6.40912706513046,-3.9700650672648274
-6.419483139666503,-3.948450033941649
-6.4301498892529745,-3.9269848429048904
-6.441174696533669,-3.9057055009635326
-6.455429677777449,-3.8793469033270047
-6.467159474854164,-3.858432139454914
-6.4791126651176585,-3.8376508775219573
-6.491380222680435,-3.8170545931955884
-6.507240838362837,-3.791659291775807
-6.520474218463696,-3.7716864803037287
-6.534150161204773,-3.7520072246445006
-6.551456704405592,-3.7274774639055135
-6.56464617575474,-3.707299858965105
-6.576301090377734,-3.6861584374295173
-6.58894926450661,-3.6588357116224146
-6.59824989591686,-3.6366791848830706
-6.609354106910111,-3.6087544110631002
-6.617628550758131,-3.586177610111125
-6.625263110519073,-3.563358319131877
-6.633944050373158,-3.534601970040573
-6.640476332446567,-3.5114749488347514
-6.6480710142772885,-3.4823961972208246
-6.654275348970215,-3.452926258225244
-6.657916772181237,-3.4291180527600793
-6.660691016567967,-3.4052326615992916
-6.662948399685699,-3.381299381861569
-6.664921684582129,-3.3512940358090373
-6.665619192022978,-3.3272499470330152
-6.6657435575274135,-3.303214755539857
-6.665356890776054,-3.2731893540541814
-6.664680390816859,-3.2491675967567284
-6.663311813325455,-3.2191545807458124
-6.6614571283764255,-3.195154150445674
-6.658432120680342,-3.1712528950666194
-6.654524512591164,-3.14753349975352
-6.649055101571301,-3.117971839164784
-6.643852089187643,-3.094501260942117
-6.638210385716043,-3.0711337223252
-6.632161821756224,-3.04787973762585
-6.625823773462965,-3.02470895151226
-6.61917382196764,-3.001615822791587
-6.610156376942179,-2.972955872486385
-6.602636666528678,-2.9501466744361067
-6.592784872377355,-2.921781761210435
-6.584758968772178,-2.8991575031380408
-6.576825044844376,-2.8765244301919908
-6.569019122534481,-2.8538291271159024
-6.5592640937288476,-2.8254562443871367
-6.551303060344312,-2.8027972361758087
-6.543178258980214,-2.7802030016423034
-6.532846332229291,-2.7520146260579312
-6.5240616643944,-2.729612481266299
-6.511612155488522,-2.702187498709315
-6.497385245429394,-2.6756297300699794
-6.4846300378834085,-2.655188632656677
-6.471127563870218,-2.635304695209408
-6.4541289279505945,-2.6105947023909675
-6.440475391073289,-2.5908189788231253
-6.4260646294103925,-2.5715379258888738
-6.41036527832994,-2.553314159378533
-6.388932523057318,-2.5321152895420798
-6.370760950730271,-2.5162941437931368
-6.346724721152638,-2.498089219803362
-6.32658236416466,-2.4848791332377878
-6.300773030344079,-2.469456654195266
-6.279824486044118,-2.4576808351856325
-6.258726615000848,-2.4461944122054327
-6.237492718336066,-2.4349580444668475
-6.2107706440068595,-2.4212682655291697
-6.189278109326171,-2.410552055276635
-6.162283544181076,-2.3974166978230587
-6.14060215115793,-2.3871021625291537
-6.113453609656462,-2.3743183063262867
-6.0917058094774195,-2.3641607119960133
-6.06995349132747,-2.3540179020439282
-6.042752401178801,-2.3413620099316166
-6.020964749379292,-2.3312810169465177
-5.9936900540224025,-2.3187728191170605
-5.971847173640576,-2.3088185948321533
-5.944524909460044,-2.2964272430935817
-5.9226639398971015,-2.2865192673201076
-5.900787931797559,-2.276641266001168
-5.873382740877391,-2.264401333912943
-5.845897667377637,-2.252348558437748
-5.823831989854495,-2.242870728372964
-5.7961356389552465,-2.2312887413561957
-5.773896123239658,-2.2222289443262264
-5.74602756480842,-2.211098152565376
-5.723721588064463,-2.2022424330984607
-5.695877259443601,-2.1911007622428937
-5.673641987989961,-2.18208781283174
-5.645908995839162,-2.1706832518054098
-5.623776634257325,-2.161420297276473
-5.596158228532926,-2.149731899005386
-5.574126738182489,-2.140245922175596
-5.55217506091562,-2.1305912638963647
-5.524861930796819,-2.1182243206664935
-5.50309285665661,-2.108151513533135
-5.476014295812981,-2.095306130841872
-5.454510976735372,-2.0846984408908447
-5.433098572055249,-2.073890340248163
-5.406335579761821,-2.0603612228341777
-5.385235125237049,-2.049083063515496
-5.364340277864141,-2.0373484414828296
-5.343655374919,-2.0252863744137346
-5.323031311495598,-2.012997771633668
-5.297017088359456,-1.9980133600857317
-5.276071473232961,-1.9862785992664391
-5.249853477663152,-1.971702600823413
-5.2288635156593335,-1.9600773115227832
-5.202616639768947,-1.9455708860151781
-5.181549866891477,-1.934052807749995
-5.1551033325758615,-1.9198901558197372
-5.134004516096471,-1.9086813498511674
-5.112974104259462,-1.8974618272244106
-5.086542159557007,-1.8834227119665117
-5.060061370578279,-1.8695608727069435
-5.03887498410926,-1.8585205185173754
-5.017599260712276,-1.8475437556172016
-4.990953417872187,-1.833911986838487
-4.9696317116793605,-1.8230525035969307
-4.943019508673383,-1.8095125710149367
-4.9217132190864685,-1.7986484937440732
-4.900448368854241,-1.7877521553989708
-4.873895690641031,-1.774078413027998
-4.852795015097006,-1.7630441236435417
-4.826564725108026,-1.7491627360685538
-4.805583222192384,-1.7379577394398542
-4.7795115772559615,-1.7239610673532577
-4.75857505595852,-1.7127242356238817
-4.732377466935146,-1.6986922486944636
-4.711418993708586,-1.687564935991406
-4.684912434404549,-1.673641387056487
-4.663467026320172,-1.6628003541704246
-4.636357643442888,-1.6498572034964476
-4.614469757473928,-1.6399451877257902
-4.5924425886104965,-1.6303508053010694
-4.564738365582176,-1.618770508171862
-4.542470627886747,-1.6097741958306018
-4.514533513308775,-1.5988003570132638
-4.4921375668136685,-1.5901587535726438
-4.469709216497554,-1.5815866645825365
-4.441584360608135,-1.5711016310529313
-4.419039092261732,-1.5628448769807033
-4.396432316934353,-1.5547581637723553
-4.368160040001324,-1.5447229385000385
-4.345586786739545,-1.5366728363471183
-4.322982866384802,-1.5286083709406904
-4.294738264605975,-1.518503048853601
-4.272171961159629,-1.510361229527147
-4.249654521502671,-1.5020902777489742
-4.2271701084560425,-1.4937023203468067
-4.199034339152301,-1.4832867407022785
-4.176550013858846,-1.474914408319332
-4.148457608533894,-1.4643808452132108
-4.120340785465064,-1.4539116279980102
-4.09788190908521,-1.4454885906758053
-4.075516399050413,-1.4369061589718701
-4.047654258397209,-1.4258449667152049
-4.025410259084555,-1.4168507242048085
-3.997676146474984,-1.405450937499144
-3.975531590736135,-1.3962090733946064
-3.953377845172037,-1.3869751498472371
-3.925852657678631,-1.3751406177277905
-3.898406041363471,-1.363026208083042
-3.876454885956363,-1.3533456874632248
-3.854586070020264,-1.343472134756777
-3.8273130043873795,-1.331035975925372
-3.8056277212695715,-1.3207911849069134
-3.784033844177356,-1.3103688501391912
-3.762556008584336,-1.299699018396916
-3.735841578786654,-1.2860932531013674
-3.714568077440084,-1.2750164311694347
-3.688133418736475,-1.2608846963529232
-3.6671263935497365,-1.249325833609056
-3.6462402137960988,-1.2375379999504634
-3.620272864099694,-1.2225521303295803
-3.5995767335524467,-1.2104152023063903
-3.578903971832507,-1.1982255524309908
-3.553069206146569,-1.1829788075877865
-3.5272501415109865,-1.1677088084854463
-3.5066376015818523,-1.1554337121794669
-3.4809878664887592,-1.1399071734766864
-3.4605708740879675,-1.1273218187480794
-3.440288866412752,-1.114530615311106
-3.415151789328457,-1.0982119257235408
-3.3951948707949655,-1.0849052085568223
-3.370320736088496,-1.0681456491263708
-3.3504618601384473,-1.0546730174726378
-3.3256642046134663,-1.0378025724020312
-3.30587339862945,-1.0242340341410652
-3.2861345493369796,-1.010598334474832
-3.261584806687556,-0.9933938602431841
-3.2420529554922464,-0.9794665566553932
-3.2226323472151224,-0.9653869385332089
-3.198479795527145,-0.9476165048776004
-3.1792666149322755,-0.9332588762315034
-3.1601777512115916,-0.9187390082077349
-3.136438517179653,-0.900416126931915
-3.117544999501099,-0.8856387810894083
-3.094096886283816,-0.8669552776172453
-3.0754403033983633,-0.851874728767614
-3.0522438409583637,-0.8328732049524621
-3.0337746294508405,-0.8175598727905655
-3.0153816947031298,-0.8021587369530747
-2.992528794098687,-0.7827444118789556
-2.9697386754880664,-0.7632404519216014
-2.9515614471840745,-0.7475823795855314
-2.9334288207650068,-0.7318592187263814
-2.9108314324415434,-0.712151454180995
-2.892894624626212,-0.6962262996141083
-2.8704821561000924,-0.6762740384747741
-2.852535896745416,-0.660342798692207
-2.834616625914018,-0.6443768949420438
-2.8120915599402485,-0.624541440489613
-2.7941093569287028,-0.6086729305726465
-2.776374392850455,-0.5925596318962504
-2.7547881937318834,-0.5718217538103009
-2.7379512240925883,-0.5547632899893064
-2.7174163987402813,-0.5329734698116891
-2.7013847556158344,-0.5151427570263978
-2.6814556650181074,-0.4927081143631001
-2.6653004595703758,-0.47494762435462223
-2.645311710968369,-0.4526230201281031
-2.629709130855213,-0.43443767361392704
-2.6143081459871294,-0.4160448960790117
-2.59507734279554,-0.392997945755623
-2.5795200186625826,-0.37472389637762316
-2.5600580503269725,-0.3518832004858534
-2.5444456353025373,-0.33366152546947403
-2.5289956693173417,-0.3153221593566651
-2.509875562103091,-0.29221568056431
-2.4946689884714877,-0.2736712570601681
-2.4758491999536867,-0.2503093887306298
-2.4606769959597004,-0.23170166806414114
-2.445522370235677,-0.2130963895002136
-2.4266467374831344,-0.1897916295225199
-2.411695851767904,-0.17104309658438555
-2.3968875626941397,-0.15217289237056608
-2.38237867385896,-0.1331130593638706
-2.365037251004672,-0.10871171250390262
-2.3516043057900995,-0.08885801784768257
-2.3354565987571947,-0.06364281347749565
-2.3229132547592273,-0.04319925563442288
-2.3107461361183637,-0.022587567374015207
-2.2965731548463864,0.003736053766907587
-2.286683181406786,0.02547503779312196
-2.2777980549718615,0.047678493861074735
-2.2681957329540983,0.07576701780850006
-2.261899057750129,0.09626417660834377
-2.2567660199424755,0.11355773534616029
-2.251752535770317,0.13065699013604742
-2.246347031112278,0.14963215131720425
-2.24249600581117,0.16307903406213223
-2.2374205499047832,0.17985547989526182
-2.2325372682997116,0.1956620992631288
-2.228289228487817,0.2097516215233276
-2.2236023580451376,0.22560950749778325
-2.220325779619365,0.2373093279416725
-2.216484166048183,0.25197186379871594
-2.2130288046144786,0.2667827284793986
-2.209480920897479,0.28473901898030635
-2.2063537731963043,0.30707841732936164
-2.2050592211156337,0.32254606413195636
-2.204235247442133,0.3442105780753871
-2.2046017544188246,0.3636350967038913
-2.2063666695704836,0.3853579901278134
-2.2102242938117556,0.40874991508556313
-2.218266112611785,0.43736858284094565
-2.2287606158805198,0.465267761236246
-2.2376306080241104,0.48750759570710156
-2.2456665738586654,0.5095134100584022
-2.25293313572939,0.5341795892545405
-2.2582555371675714,0.5556417529481366
-2.26384201353352,0.5787345366922954
-2.269204302341778,0.6018669582282273
-2.275393704733123,0.6307687065540121
-2.2806888680332826,0.6538818041891554
-2.2864934081553536,0.6825677041673742
-2.2901655036013113,0.7053916539712849
-2.2934010216274694,0.7331525916231396
-2.295581720683073,0.7563228459222086
-2.2978459982674004,0.7798501117811509
-2.300508109548495,0.8095589650412361
-2.3025487028224085,0.8334544523997968
-2.3050982974577163,0.8633360522756717
-2.307598643093913,0.8931231530043782
-2.30951654278298,0.9170539038351008
-2.311325654894612,0.9409957424007348
-2.313451859432778,0.9709250283294096
-2.315141607256616,0.9948625835567918
-2.317288625067238,1.0247844538224147
-2.3190236733524348,1.0487201602712002
-2.3212363401157616,1.078592650221339
-2.3231145552948087,1.1025111777484577
-2.3249460564966227,1.1264372051404146
-2.327352056515693,1.1563112562562126
-2.329502906054762,1.180196409067713
-2.332054951773021,1.210064674835282
-2.334026246911036,1.2339694242055081
-2.336474806070167,1.2638628654680228
-2.338306033020972,1.2877915251830236
-2.3405878858373574,1.317698473441621
-2.342388697483844,1.3416332020426724
-2.3440306418476693,1.365574683136128
-2.3461926383296174,1.3954848087938705
-2.3477014410336148,1.4194349107189939
-2.3495714156833545,1.4493675724064325
-2.3511875386878214,1.473289608700808
-2.353149649309735,1.497161428239668
-2.35624467764926,1.5269282650358817
-2.3595007143578357,1.5505838457672532
-2.3636553901835033,1.5741003736960926
-2.3687885266138076,1.597449049397282
-2.377146923015811,1.6260815237760997
-2.385648807827063,1.6483750508902058
-2.3983524709303947,1.6753958884781575
-2.4095285602125562,1.6966038994121821
-2.4232618961536483,1.7233527586962165
-2.4359497585293286,1.7505964225633435
-2.4456274443831396,1.7726081787122128
-2.4566971623464293,1.8005652196775161
-2.465094866886481,1.8230822079236186
-2.474646416307433,1.8516139994895529
-2.481181230766343,1.8747990278156466
-2.486466081804779,1.8983169048190822
-2.4915592104270656,1.9279557609109979
-2.4947311369991483,1.951810851646786
-2.4972667217209747,1.9757292797600197
-2.4990388507447934,1.9997407859793774
-2.4995990878307808,2.0298400777742933
-2.4985400046863986,2.059915598796541
-2.4969055680367074,2.083894058450051
-2.494210578684077,2.1138304730893296
-2.4911749092077278,2.13770824061297
-2.4862166483650885,2.16736146413902
-2.4816098173661243,2.190961056571761
-2.474971583241447,2.2202839319524945
-2.4689447922888847,2.2435595928925456
-2.460779377447013,2.272468224074975
-2.453863095478856,2.29547457162346
-2.444820880287221,2.324111153515498
-2.437225448170245,2.346905203033427
-2.4272824652909155,2.375248084038025
-2.4189075999549075,2.3977723007439016
-2.4101546945825256,2.420151679763815
-2.3987529053845305,2.4479337286542995
-2.389322920578467,2.4700285903906343
-2.3772162347387598,2.497496470282525
-2.3674573198653692,2.519418906475195
-2.357792190586622,2.5413729128282214
-2.346046747581985,2.5689404911546063
-2.3371278906046142,2.5911734017656274
-2.328706514594116,2.613606828755758
-2.318200036227043,2.6417465551979067
-2.309611282896196,2.664132326359053
-2.299290005423094,2.6922802710623253
-2.2910907588443252,2.7148406605178046
-2.280724731915391,2.743005019808189
-2.2722560913765495,2.765479484296461
-2.26356387425506,2.7878740233815136
-2.2522543903657,2.8156969383482457
-2.2428779979975206,2.8378129067016613
-2.233255055352397,2.859822728725696
-2.220858802227123,2.887174304052282
-2.2106043409110603,2.9089041868308656
-2.197348379031882,2.9358505958938945
-2.18645580940055,2.957260307562916
-2.172458800799466,2.9838319980736117
-2.160910929821322,3.0049036885344176
-2.1460243002831443,3.0309889630585944
-2.133786374294383,3.0516636944235644
-2.1212916821780823,3.0721814929281748
-2.1052849464582537,3.0975949848555806
-2.092096918908523,3.117689146462631
-2.0750103902040036,3.14241395132315
-2.0607993148304975,3.161812880135309
-2.04609778716432,3.180838882956854
-2.0271737180738882,3.2041736787048882
-2.011638215156006,3.2225169922803163
-1.9956731730123283,3.2405046111570637
-1.9749397265954582,3.2622920550136234
-1.9577529678286298,3.2791164526585956
-1.9361742747943302,3.2999504636665895
-1.9143004144356717,3.3205328346338123
-1.8964805682967267,3.336663060006357
-1.8783774246359681,3.3524660870279908
-1.8553332113638066,3.371751432459429
-1.8364816911729587,3.3866829298673977
-1.8123636859316101,3.404635253752788
-1.7925885797362744,3.4183363809681855
-1.7723819468517752,3.4314085411361006
-1.7463904845357885,3.446588190483328
-1.7250626190807685,3.457731081112484
-1.6978259654632162,3.4705398142804853
-1.6755142475495877,3.4796250836862077
-1.652861257004141,3.48773758627429
-1.6242200721076205,3.496896524589028
-1.601047485176876,3.503385597295978
-1.5777013431603764,3.509134586022201
-1.5542872175076068,3.514492411003343
-1.5249937677860317,3.5210002542658163
-1.5015219712600203,3.5260746928030984
-1.4780335320283513,3.5310286491969443
-1.4545536177812715,3.535971719803277
-1.4310913609913238,3.5409961085367736
-1.4017722015542455,3.5473454495991614
-1.3783246329274326,3.5524408115149964
-1.3549102733170415,3.5576550426018843
-1.3256789575054937,3.564348562994845
-1.302344294660813,3.5698823201818035
-1.273252551078526,3.5771199849623474
-1.250039864357092,3.5831473380096233
-1.226884496041459,3.5893901734372893
-1.1980236821262529,3.5974992261187184
-1.1749930046061547,3.6042001961099843
-1.1520129948802444,3.611072699002185
-1.1233762150140196,3.619940325612
-1.1005371995414708,3.6272609230615522
-1.072085131030032,3.6367017313474053
-1.0494091650077244,3.6445045904633826
-1.026804408314985,3.6525253526774746
-0.9985972659108416,3.662719942064046
-0.9760386438317888,3.6709100406826027
-0.947849924719916,3.6811683138893088
-0.9253041477739066,3.6893951154623172
-0.9027419362115137,3.6975971254202347
-0.874468169502889,3.707670409354372
-0.851792626357125,3.7155663285671325
-0.8290847874600843,3.72335896440392
-0.8006745487179096,3.7330041425631615
-0.7779743977280221,3.740743648353423
-0.749759588608413,3.7508488821456174
-0.7272862922048382,3.759210816847173
-0.7049106451849237,3.767839512885792
-0.6770275470540734,3.778863927613357
-0.6549094745943929,3.7880505290216027
-0.6384838120406398,3.795323005863451
-0.6114781686997826,3.808220162774939
-0.5902180090449953,3.8192425860982886
-0.5692204349808285,3.8307898860279956
-0.5485246903550639,3.8428215126576872
-0.5231897676075551,3.8587645544036717
-0.5031584271459496,3.871955529961021
-0.4830912554357496,3.8851464788673367
-0.457987450089793,3.9015606407620607
-0.43794703615915703,3.9147610003222404
-0.4129656123254846,3.931343621029357
-0.39319633746588767,3.944888605385396
-0.37371260612864127,3.95882245421073
-0.35453860948633587,3.973192526422491
-0.3356390428754788,3.987933170800841
-0.31703148783394747,4.003027489533155
-0.298734323865328,4.018498484017371
-0.27635829949236407,4.0383957032484705
-0.2588561635061636,4.054755644229222
-0.2375723205803701,4.07580518506194
-0.22108108398319581,4.093168953259239
-0.2010515774372274,4.115433009747265
-0.1853596942205212,4.133568476600507
-0.16978843973064103,4.151812687437975
-0.15434488000636917,4.170173819571611
-0.13487312626330827,4.193026611707257
-0.11915491495394168,4.21117001307584
-0.10337540360536937,4.229265014426452
-0.08365053235493781,4.251860621432266
-0.06404294934595144,4.2745545437123305
-0.04832185791492601,4.292700047401922
-0.032645347869513605,4.310859588517401
-0.013057314338110209,4.3335850488575
0.0066727951072903325,4.356202441067123
0.022516973668267326,4.374231502834834
0.04234615171521436,4.396745553066485
0.058205148722726315,4.4147616448199845
0.0740922409854952,4.43275221849361
0.09402466180241635,4.455185534780054
0.11400672009699027,4.477564309940056
0.13009680603945448,4.495395712742897
0.1504779792955015,4.517446237947321
0.16701252111184298,4.534869329897972
0.1878380336972498,4.5564749411374565
0.20456080256460252,4.573699915572905
0.22550888205023223,4.5951763911354115
0.242309025571598,4.612325567536483
0.2591942022141586,4.6293976233719105
0.28047638092244176,4.650566070992128
0.2976067584703157,4.667387884607947
0.31483374604672126,4.684111057970631
0.3364995398476677,4.704890351932776
0.35400709268973063,4.7213333689085
0.3761809803225902,4.7415878983585005
0.39414668875408204,4.75752751441486
0.4166187949215169,4.777393640125849
0.4346079850840651,4.793289394133825
0.457183856353553,4.8130553200475426
0.4752711633172033,4.828836859667498
0.4980035228515071,4.84843980116145
0.5208583178283457,4.867893104362466
0.5392743277110403,4.883299300540298
0.5625143393406233,4.902326300692051
0.5813252471645624,4.917255365538063
0.6051324974589564,4.935581890875056
0.624475011314456,4.949838101496504
0.6488453216226513,4.967356647365957
0.6733210777944953,4.984725355643775
0.6929491691748906,4.9985423854645035
0.7125565355798974,5.012365801331095
0.7320701600564001,5.026313061121274
0.7562385197550473,5.044030290832692
0.7753921458670813,5.058472258818713
0.7944355709067545,5.073059270888254
0.81818592505603,5.091379528258976
0.8370711727703231,5.106149088346162
0.8605086595392091,5.124868063735657
0.8792720471954193,5.139841882929943
0.9028337708236218,5.1584274593914206
0.9217675217873627,5.1731808287767445
0.9453864523829953,5.1916617555193065
0.9640826705008037,5.2066619472913835
0.9825503237197762,5.221948414524353
1.0008494156021464,5.237442851246409
1.0236161226720377,5.256990408626095
1.0419868512523596,5.272465366613271
1.0650264427981646,5.291687842858094
1.0834389692949908,5.307062007420244
1.1062253666100634,5.3265372992939
1.1242692529033729,5.342325963308224
1.1467629461798319,5.362213278355129
1.1650744601815826,5.377778127022976
1.1885115512894766,5.396631560324069
1.2129835491745635,5.414181521601521
1.2333983900474805,5.426985303711946
1.2542519767363336,5.438940228057762
1.2803043156127145,5.453780255738222
1.3062274124940194,5.4688525156979
1.3268887261125026,5.4810461327354085
1.3474690072044306,5.4933708153921765
1.368070071245666,5.505688678071665
1.3938300909955055,5.521078476192059
1.4144919925289596,5.5333003245280965
1.4401836658718525,5.54873019559959
1.4657098861102515,5.564463191624799
1.4859802848151482,5.5772699844982
1.5061797638899614,5.590226994057642
1.531449692157755,5.606417643424107
1.551813348003043,5.619153364430043
1.5774239509630106,5.634815958024074
1.5979936468126585,5.647185530389984
1.6185554861111289,5.659554563636835
1.6391018278296245,5.671954701549782
1.6596379351693884,5.684371481731769
1.685250312070359,5.699966617425177
1.7056811299485526,5.712540673764977
1.7311600242339922,5.728355756377392
1.7514241075211563,5.7411883371986026
1.7766329546701496,5.757413755072454
1.7966884675539634,5.770571485345075
1.8166304448110167,5.783895110023607
1.8414375892042145,5.800736832545318
1.8611042441924777,5.814436665038341
1.8806103398804384,5.828387628352408
1.9048640702101645,5.846028027573647
1.9241456057009687,5.860294396988725
1.9433628954663416,5.874662374599452
1.9673165867585076,5.8927214679790785
1.9865559507864874,5.907088041928546
2.010650691577596,5.924953110528599
2.029883166220186,5.939308976864964
2.049157570907542,5.953619135412122
2.0734237295806723,5.971306339403437
2.0930100470585966,5.985210822243665
2.112783010667497,5.998862972329879
2.132742072079003,6.012232096019982
2.157799977459595,6.028740908128469
2.1829835687271055,6.045081413155989
2.203367281827873,6.057828574224311
2.2240505133714388,6.070094472254341
2.25031225779398,6.084708280107474
2.2716785523570784,6.095769704127526
2.2989496073288,6.108471146467688
2.320947559547258,6.118064383382871
2.348372674366955,6.130212850717023
2.370304023758094,6.139953941582548
2.392183755427792,6.149784991636187
2.4194165320623835,6.162300665347522
2.440950534867097,6.172778402884981
2.4675704941388363,6.186542272835708
2.4886905476046866,6.197883801760043
2.5096168308566216,6.209550218691982
2.5353266794678726,6.2248853870937415
2.5555425100064815,6.237734445282387
2.5803905713148696,6.25444318255175
2.5998324055679545,6.2684123699687
2.623396464152848,6.286824515614287
2.6416896707308064,6.302290250818918
2.6640740347059415,6.322172627215124
2.6815612649127836,6.338551052226382
2.698678525346758,6.3553080562809
2.7192982123297678,6.376969698059318
2.735199708233753,6.3949037757505325
2.7509315671981085,6.412990791173592
2.770025578229176,6.4360797357360875
2.7852475513352144,6.454647888071244
2.804550920023416,6.47764066652593
2.820255049058583,6.49585461863613
2.8368519590614456,6.5133674843726865
2.8593201862247337,6.533457672472172
2.8782327657900852,6.5483819680304745
2.902669140285397,6.565901462291252
2.927420239831614,6.582878753933044
2.9471973384632437,6.59646098641001
2.971832853869851,6.613569283847998
2.9914510718978886,6.627358800380827
3.0108993800471926,6.641374055271528
3.034855025875848,6.659367286427033
3.058434869086198,6.677851882565232
3.0770347896155736,6.692957762391213
3.099806933888603,6.712421957818206
3.1178050100645773,6.728278140384101
3.140220523294767,6.748203326592338
3.158102632612868,6.764207055446731
3.1803750899944365,6.78428756897645
3.2025725894312176,6.8044680376111755
3.2204184114179535,6.820538943585627
3.238421259409718,6.836446347945958
3.2613672497903012,6.855861927793379
3.280060395427815,6.870968484874702
3.3040716550009255,6.889074999251398
3.323745996414959,6.902907784178499
3.348819928083743,6.91947976290806
3.369284131173409,6.932129915682648
3.3901867924288855,6.944056933193332
3.416894785895874,6.957711098022733
3.438725424586602,6.967651762151378
