2365.514198327595
2365.5441376408266
2365.562100157589
2377.6545293485797
2377.6713121951134
2377.681716033774
2377.685395418384
2377.686940911438
2377.6869541086267
2377.6869564003555
2377.686975473425
2377.687012802871
2377.6870511945353
2377.6870885148714
2377.687092663031
2377.6871089263623
2377.687144241001
2377.6871605887063
2377.687166431165
2377.687178836256
2377.687205915935
2377.687214478784
2377.6872283109133
2377.6872358870564
2377.6872399258377
2377.6872472147998
2377.687249920317
2377.687253543183
2377.6875294745364
2377.6877208282995
2377.688635322231
2377.69511102736
2377.710720927237
2377.730319656479
2377.759913195473
2377.7896853197735
2377.813513143856
2377.843316960524
2377.8671849129273
2377.8970470803747
2377.920949899685
2377.950828883494
2377.974730504094
2378.0046431257138
2378.034596066193
2378.058569183035
2378.088535904289
2378.112511795753
2378.1424914390022
2378.1664830309514
2378.1964765097996
2378.220471482318
2378.2504663478
2378.27446099639
2378.298456702793
2378.322452325718
2378.3524475208496
2378.3764457592315
2378.406446033276
2378.4364499933617
2378.460455495316
2378.484463965493
2378.514481356233
2378.544503720005
2378.5685234763823
2378.598550732219
2378.6285846446435
2378.6526181820827
2378.6826639113815
2378.7067006778684
2378.736737548639
2378.7607690662066
2378.7908167331107
2378.8148554917225
2378.8449114307928
2378.868943840889
2378.8989674078202
2378.92298616875
2378.9530010872827
2378.983010285031
2379.0130142236812
2379.037017376132
2379.061020882918
2379.0910259037473
2379.1210377077523
2379.1450487925526
2379.175023317416
2379.1990152619064
2379.2290226551704
2379.2590387618893
2379.2830621549024
2379.313078388555
2379.337070321284
2379.367039820248
2379.3910059908267
2379.4149817422617
2379.444944716238
2379.468902776154
2379.4988319244967
2379.5227716785967
2379.546716571504
2379.5766564206297
2379.6006065935567
2379.6305451179155
2379.6544887532227
2379.6844055166916
2379.708341869839
2379.7322853110713
2379.7621952514314
2379.7861279123968
2379.816027437545
2379.83996418747
2379.8699126471893
2379.8938590030793
2379.9237765758817
2379.947711261744
2379.971654280854
2380.0015850321756
2380.025529362475
2380.055466140006
2380.07939859472
2380.1093187951965
2380.133268268377
2380.1632287128873
2380.1871952875135
2380.2111629228575
2380.2411289347438
2380.265108789053
2380.2950880821895
2380.3190766018984
2380.349058930372
2380.373041327428
2380.4029852018984
2380.4269603045723
2380.4569149097647
2380.486861581514
2380.5108172836945
2380.534771495029
2380.5647033066557
2380.5946392504875
2380.6185953279037
2380.6425562550144
2380.6725087520263
2380.6964783771846
2380.7264414426463
2380.756404738741
2380.7803765031636
2380.804350755715
2380.8343215992545
2380.8582990725413
2380.8882852900306
2380.9122818404903
2380.9422783166915
2380.9722911534463
2380.9963039986437
2381.026313515492
2381.0503027989225
2381.08030407207
2381.1042984015803
2381.1342826111086
2381.1582681542354
2381.1882610483613
2381.2182620156686
2381.2422679540496
2381.2722711812225
2381.296275123108
2381.3262781140556
2381.350281260648
2381.380278679398
2381.4042655655635
2381.4342535670885
2381.4582487034836
2381.488236563461
2381.5122360868227
2381.5362392607894
2381.5662534785697
2381.596263075216
2381.6202824761417
2381.650309106524
2381.674330731842
2381.7043370115766
2381.728333753148
2381.752336994476
2381.7823383758596
2381.812337395019
2381.836348369831
2381.8663521681096
2381.8903505051
2381.9203582664272
2381.950377832617
2381.974384446898
2382.0043928478563
2382.028394745804
2382.0583913042897
2382.088394058521
2382.1124029117045
2382.142419785321
2382.1664192396415
2382.1964636073076
2382.2204913801825
2382.2505138161696
2382.2745084082835
2382.3044914489615
2382.3284837500582
2382.358488467816
2382.382492221671
2382.412496703035
2382.4364966063185
2382.4664950200604
2382.4904887263074
2382.520477832495
2382.544473268851
2382.5744927906426
2382.5985098215715
2382.6225202365845
2382.64653608197
2382.6765602066403
2382.7005752014466
2382.7305897035885
2382.7546014741333
2382.7846242609585
2382.808642926261
2382.832658545376
2382.862678812929
2382.886697686898
2382.916720734129
2382.9407433332954
2382.970774909982
2382.994793748725
2383.0248157358783
2383.0488271550144
2383.072837268981
2383.1028509713747
2383.1268610452194
2383.1508716282515
2383.1808725380947
2383.2048700356577
2383.2348709134567
2383.2588668429853
2383.2828555661717
2383.312850007225
2383.3368500523134
2383.360853602347
2383.390869470058
2383.414894453949
2383.438922005048
2383.4629638979873
2383.487050497585
2383.517154272015
2383.5412301212014
2383.5713058445417
2383.595373788104
2383.6194346758843
2383.6494663104386
2383.6734976518765
2383.7035381355054
2383.727569988729
2383.7515896402692
2383.781597703212
2383.805606960922
2383.8356138992067
2383.859613694257
2383.8836252156425
