1.4639011072560955,8.533278993899328
1.486585587552829,8.541119032499646
1.5092852030311028,8.54892682353049
1.5282186641739814,8.555387081050748
1.5320073774591165,8.55667400504682
1.535417808450573,8.557830522143316
1.5384499080326346,8.55885701854234
1.5467913338226016,8.56166950239278
1.5491046850888797,8.562445114683017
1.5491023965860231,8.562444295309525
1.5491015200208582,8.562443719401983
1.549102486495606,8.56244417069159
1.5491030993856925,8.562444513498068
1.549189991834656,8.562473547608672
1.549426605486382,8.562551318405438
1.5512923253812594,8.562913702446592
1.556208218055404,8.563345105513033
1.5678919810895762,8.562646630485713
1.5748175906614195,8.56121554594888
1.5761068138090462,8.560797161310873
1.5757446813709357,8.561055345224846
1.575198041669232,8.56150590709105
1.5749359004704353,8.561799861516194
1.5746009468047677,8.562246802145907
1.5759675019226096,8.559818725920055
1.579774805954804,8.55137779838083
1.5841264892396787,8.53888024647846
1.5900134613585177,8.51569333329681
1.5939012903485847,8.49325660889254
1.596065957707703,8.4633336383096
1.5957973953850306,8.4392457436501
1.5928743126046057,8.40922254112738
1.5884685003651602,8.385484686234038
1.5805802749782896,8.356394620412324
1.5727015142834575,8.333605404673781
1.5608605950054624,8.305884054803343
1.5496865817615946,8.284493369021044
1.5332856793364256,8.259140562949483
1.5181190383019139,8.240331059064761
1.4974696070951135,8.218426158843195
1.480370934606295,8.201533844246306
1.4587970864825284,8.180668319073872
1.441467071686885,8.164058278078338
1.4197540294492523,8.143349948157253
1.4023484202953718,8.12682254349888
1.3805686480034547,8.106188065356449
1.3631287960958405,8.089700945903509
1.3457218011622174,8.073184867329786
1.3240076904760711,8.052489450097493
1.3066504984745189,8.035914981340273
1.289245636706943,8.019375800462138
1.2673476014962348,7.998847146868326
1.249669407874806,7.982583774834674
1.2273653130974498,7.962494752450872
1.209391093761384,7.9465750800092385
1.1868326025920808,7.926790259079392
1.1688035578241256,7.910957473426715
1.150837777991367,7.895069534564468
1.1286730190797913,7.874890888927099
1.1111701118491848,7.8585093510095225
1.089590278834925,7.8377113750765925
1.0726302063893915,7.820780324337626
1.0517827288341903,7.799254000872537
1.0354349501472948,7.781733135403259
1.0155120817506293,7.75936333042966
0.9999399097640873,7.741149141738438
0.9847374319453414,7.722628844540214
0.9661286346330684,7.699135058496403
0.9515196140432924,7.680125305603153
0.9336874832114892,7.65604940681746
0.9197263097495126,7.63655813930057
0.9060792893391654,7.616857588733175
0.8894318851744022,7.591935871848119
0.8763966706152742,7.571815669542175
0.863682276136435,7.55149871984174
0.84836297509446,7.525762527106283
0.8365864119667303,7.504895232022594
0.8224038595396765,7.478507993737996
0.8114942095347916,7.4571689266678165
0.7983230533817408,7.430256729014182
0.7881768926002916,7.408537554640264
0.7760411347460258,7.381153922478748
0.7668468952744323,7.359027957008142
0.7581248909397412,7.336713437072414
0.749806768512637,7.314234608914074
0.7399832849492385,7.285935203617848
0.7325971488015879,7.263137206484712
0.7240288899631122,7.234438013081417
0.7174832195273187,7.211371549472401
0.7100142116086735,7.182378950966633
0.7049248307040875,7.159003843024601
0.6997564222824709,7.129536790761702
0.6966409328054596,7.105807715016024
0.6930558718619914,7.075994283784819
0.6896359802085329,7.052200278032732
0.6858568487349808,7.028484278582135
0.6809410624016029,6.998878685662884
0.6772190869672825,6.9752085431880495
0.6737199154076338,6.951473796907737
0.6697749764594898,6.921795195114381
0.6674815979357,6.897943229904127
0.6647795040880258,6.868066938211516
0.6626922635558714,6.844164291159442
0.6604904624303805,6.820235902177934
0.6578357165807758,6.796359858234374
0.6545524193558261,6.766542753044608
0.6519586135638058,6.742696978721984
0.6487972661421059,6.712863641777023
0.6464296888121439,6.689002006847664
0.6436413793052843,6.659126125852047
0.641184965882222,6.635225407605697
0.638307338680882,6.6113649591586094
0.6351388994698823,6.587543582260119
0.6305674545000214,6.55787285370824
0.6269240463705733,6.534156199527111
0.6220784485781412,6.504487139827589
0.6169304858707203,6.4809325912200615
0.6084527603581544,6.451993033551449
0.5996329786594707,6.429522621702565
0.5868763558194926,6.402264866799144
0.5759970269276847,6.380834873992505
0.5647338073154355,6.359600839829779
0.5497964510064619,6.3335140655779405
0.537593159595073,6.312843917197247
0.5221676002262265,6.287092803947211
0.5097367634872623,6.266570664374891
0.4944679206368758,6.2407738661679
0.48235006701961114,6.220056465396671
0.46704100709151186,6.1942351419162
0.45459553979016276,6.173696098206548
0.43886941753828834,6.148126053036609
0.42614316500109684,6.1277819548236945
0.4104609637784631,6.102240071739385
0.39820067034204765,6.081642528725387
0.38327021641667386,6.05566338937584
0.37166981792394793,6.034688155135329
0.36032254938559516,6.013576821564651
0.34926592007306745,5.9923150100607065
0.3361098309345446,5.965444388880404
0.3262522348827619,5.943625766564485
0.31682804622525157,5.921596247834298
0.305440302752659,5.893876928924839
0.296585305770935,5.871595114817771
0.28564811696707626,5.8436817168151185
0.2772362434125702,5.821252131205516
0.26739934980216995,5.792979412238686
0.26012110069424493,5.77016241991422
0.25334339095787733,5.7471833537803025
0.2453518504954965,5.718292737838457
0.2391854374393375,5.695118604915523
0.23193075001386393,5.666058300554605
0.22666441803602835,5.642683131693689
0.2208130644955329,5.613323146523696
0.21670304865629383,5.589708753754194
0.21164492726787004,5.560102952550214
0.20689060525135944,5.5365234357175295
0.20166617380963256,5.513080165475007
0.19613525634825524,5.489689767247766
0.1889192722612643,5.460567339972241
0.18172521874630224,5.431444588084672
0.1761494163660719,5.408127318108576
0.17092387850881718,5.384745974550488
0.16524135571830945,5.355347384611779
0.16037912536151697,5.325797031153226
0.15712230970869664,5.302065058999075
0.15428579885079075,5.2782545695429155
0.1516641501172842,5.254411541817118
0.1485432505888094,5.22458039685729
0.14613219278053383,5.200715437107821
0.14342862026861086,5.17086258099553
0.14159319864278586,5.14696037949498
0.1397968487750612,5.117042268385491
0.13864437861962314,5.093102786624307
0.13792480177286393,5.069138018157047
0.1372692260392405,5.0391575585196495
0.13666601149669638,5.009157291629467
0.13602394016172192,4.9851474434795255
0.1350344316464526,4.961133609491887
0.13307379618541942,4.931145837336101
0.1310276584343552,4.907206942567705
0.12813736939500853,4.877346080047513
0.1259857231875896,4.853453417369731
0.12368703455665554,4.823589660999707
0.12253918626912952,4.799663282867853
0.12171537791339486,4.769714143452798
0.12145513343428566,4.7457510038550055
0.12239556909955362,4.715898090321246
0.1245073231850842,4.692060735617566
0.12836524663083299,4.662395090210744
0.13230796300562986,4.63877163020837
0.1367578806951126,4.615232047401604
0.143013844339718,4.585937543693842
0.14848284125034586,4.562594174032795
0.15430888750387156,4.539354942445763
0.16067503111972964,4.516269049019092
0.16967586863310968,4.487736831950731
0.179437892170991,4.459368759755081
0.18706771989517676,4.436600460104256
0.1944127182665376,4.41371083931322
0.20116273900738688,4.3906286653579025
0.20852172822630596,4.361464775409293
0.213592835357589,4.337958929352379
0.21831012305519587,4.314410220575573
0.22404248225073506,4.284955543219914
0.228798765877464,4.261470346461758
0.23506750445736713,4.232129240185536
0.23984101681607592,4.208573503553351
0.24502297953341035,4.17895993081936
0.2482500473773454,4.155101389159327
0.2509503303715019,4.125150670891281
0.25234392127411975,4.1011372759598315
0.2529553229656804,4.077083177116515
0.2531283915193292,4.047079009492403
0.25352345835683765,4.023102087722425
0.2543202348598067,3.993170872184455
0.25566445624255363,3.9692439149006677
0.2576872595149541,3.9392996932296613
0.2586909949903911,3.915271165061395
0.258858699976327,3.8911775208650496
0.2574808901600292,3.861144120125014
0.25615278208080644,3.8371981513774642
0.2549432342790858,3.807262857867013
0.25372100198122466,3.7832630799749323
0.25236995109434013,3.759342536157732
0.2508920507064984,3.73018730125373
0.2489425392139054,3.7073745415718933
0.24550791764182753,3.6783693436414056
0.243241942553951,3.6552081594927306
0.24220168823130916,3.63132337762331
0.2418435899096376,3.607360017127751
0.24105279993831136,3.5773226034556336
0.24011519270962964,3.5533626989862865
0.23942053264383753,3.5293860610297485
0.23882928821994626,3.4994318352277984
0.2390059895915906,3.4754841818352955
0.239842987581242,3.4515638954443584
0.2420342318288538,3.421717578112719
0.24450655066169832,3.397899221709057
0.2487380465562833,3.3683081081130286
0.2532776642178564,3.344811987832294
0.2584379478085445,3.3214017017656903
0.265315646622453,3.292235050461753
0.2708376827478813,3.2688961722650434
0.27616417510457897,3.2454797146280714
0.28135746719492266,3.222041749136539
0.287620742801644,3.1926902659886416
0.2924792023402067,3.169178835309463
0.2973958516149401,3.1457085118802217
0.30393330945529695,3.116454562033856
0.30941153316590286,3.0931100540100633
0.31660419282682295,3.0639999455462723
0.32249097384278774,3.0407455540265063
0.3285517471760508,3.0175370663857
0.33619552203015124,2.98852558726973
0.3423345260743499,2.965327735265172
0.34845797214019036,2.942120585756479
0.3546900429975892,2.918964636166193
0.3610753193417344,2.895828447177282
0.36901217513430357,2.8668966962037223
0.3769344827109726,2.8379626169039676
0.3832507769785953,2.8148082846304687
0.3895390441793929,2.791639564718119
0.3973319899727309,2.762664766140873
0.40349203253956434,2.739462642864823
0.40954192235311343,2.716225320350708
0.4170168881899905,2.687178588848189
0.4232026050484808,2.664015557444206
0.4312257972973015,2.635123007564124
0.4378923772203863,2.6120938775454157
0.4465776058689694,2.583395652766714
0.45361801118111245,2.5604522854862863
0.46240950295946703,2.531766483720011
0.46934450802963285,2.5087755957898485
0.47608112655434087,2.4857219119606784
0.48258446185414283,2.4625962788481903
0.48886211626198806,2.4394256648213535
0.4966084727418606,2.4104339102749934
0.5027352518076689,2.387227619679202
0.5105479733429668,2.3582984792258523
0.5172928248589767,2.33529486592038
0.5241388616362703,2.3122811660488547
0.5322739905812484,2.2833636154606505
0.5383213793183357,2.260101948523612
0.5452064783838122,2.2308627636393212
0.5503614943849143,2.207405472664497
0.5565771263280391,2.178042224554871
0.5611420544361984,2.154423037220217
0.5658563430815411,2.1247391986329287
0.568905958606684,2.1008773043872124
0.5712457375498843,2.076940342774167
0.5728609922114849,2.0529343373024918
0.573679863035526,2.0288818390950376
0.5733353544960039,1.9987815669640856
0.5717589814812604,1.974742514981779
0.5687446443209244,1.9508113651243129
0.5627801215737391,1.9212655257057076
0.556313740447622,1.8980299623909662
0.5483096766742972,1.8752709475828346
0.5362823281249428,1.847657368390893
0.5256170808563254,1.826083296574771
0.5116533859211484,1.7994980287182614
0.5001736003167735,1.7783942738805782
0.48541281498110667,1.7522386298505666
0.47330544444930867,1.7314903089978109
0.4578545676692828,1.705748129164717
0.4452196340257265,1.685311122077597
0.42894988054665695,1.6600595486273273
0.41557073000089306,1.6401002989612576
0.4018984301709026,1.6203389245103437
0.38772907560335856,1.6008977111524112
0.3692519658114735,1.577187144391218
0.3539532429565683,1.5586388526761454
0.33828577134692095,1.5404166520814517
0.322309939887352,1.5224626616847134
0.3019264142587955,1.5004027520475085
0.28536847372007706,1.4830026422751517
0.268664734627745,1.4657507010272106
0.2476367278751463,1.4443380085180797
0.2307411676820176,1.4272856313305546
0.20952216810993182,1.4060562046926353
0.1923424262676576,1.3892612702242586
0.17492872757516734,1.3727051329073632
0.152824420499188,1.3523752231880157
0.13489218942339468,1.3363845184266434
0.11216838311256719,1.3167506557238629
0.09376502285308669,1.3013080630713012
0.07044662597520927,1.282375027706698
0.051524516527630154,1.2675666937651537
0.027570657406119758,1.2494468911827556
0.008160494491633988,1.2352830899072422
-0.016374127445032385,1.2179659480220182
-0.03621296915738704,1.2044115349412046
-0.056247443877809694,1.191150670354805
-0.07645118196987895,1.1781520872033167
-0.10193652691910908,1.16226835478218
-0.12250309194045039,1.1498529851114987
-0.1484119835784154,1.1346817944116796
-0.16925815872216757,1.1227564284959506
-0.19022958024553044,1.1110413885782588
-0.2113300622365278,1.0995621393462176
-0.23788044903342956,1.0855415628370952
-0.25925070338030015,1.0745761683531254
-0.28073110716807365,1.0638289713699092
-0.3077367726486665,1.0507072782692708
-0.3294642645089775,1.040467525803248
-0.3567615192291625,1.0279703426516993
-0.3786984213204086,1.018197904025361
-0.4007023478413614,1.008584098793994
-0.428280803292385,0.9967440758952845
-0.4503929373124972,0.9873990110500998
-0.4725122771074319,0.9780840003176788
-0.5001815455877884,0.9664768445953311
-0.5223443600104053,0.9572531573007408
-0.5445324523718007,0.9480958581710734
-0.5667295798180437,0.9389661892078152
-0.5944860740160404,0.9275739218109932
-0.6167158627035785,0.9185126761341089
-0.6389730656665278,0.90952250719946
-0.6667752581815893,0.8982714855434337
-0.6889643420515982,0.8891558577501993
-0.7110851256390464,0.8798864678725867
-0.7386065250230647,0.8680077236402943
-0.7659613667172184,0.8557576003762396
-0.7877211528008905,0.8456791038461335
-0.8093960004362724,0.8354070516152842
-0.8363842754825677,0.8223435543767668
-0.8579122829097788,0.8117548424810768
-0.8794030407321164,0.801081240403102
-0.9062613097670608,0.7877155111936556
-0.9277487317579075,0.7770247497946141
-0.9546348234428453,0.7637041626202337
-0.9761719509032677,0.7531049259396925
-1.0031156678193098,0.739907423032546
-1.0246804783839034,0.7293719526652531
-1.0462495276606187,0.7188474919804815
-1.0678133427295826,0.7083163905951783
-1.094754850102257,0.6951262485159692
-1.1162839150940058,0.6845325051023458
-1.1377852274255664,0.6738784847023813
-1.164658241091086,0.6605417615869084
-1.1861532388712712,0.6498718090415198
-1.2076250013232046,0.6391606566732353
-1.2290726654338695,0.6283986246159273
-1.2558624952712154,0.6149023560261637
-1.2772838328235505,0.6040841487615546
-1.2987055985661657,0.5932624426182179
-1.32548830227099,0.5797454846927383
-1.3469184904471916,0.5689384590345185
-1.373717821563931,0.5554540282566024
-1.3951601075824709,0.544672664452611
-1.4166107847196105,0.5339032351895954
-1.4380688523631047,0.5231525575952143
-1.4649038659242524,0.509738087214463
-1.4863948428227634,0.49903950662621094
-1.507961327683066,0.48847289013316725
-1.535065800110644,0.4755574669867275
-1.556884687305867,0.4655067034506311
-1.5788305708411443,0.4557307289735672
-1.600920410456625,0.4462749054340006
-1.6287397560636163,0.43494915339145934
-1.6567710122200996,0.424162405425422
-1.6793345189641387,0.4159071464182251
-1.7076890214632714,0.406014530538178
-1.7304890483157505,0.3984424080254499
-1.7533826883883978,0.39116018920055334
-1.7763565418370402,0.3841489720760957
-1.8051674292236344,0.3757068455268982
-1.8282913965941914,0.3692154482482346
-1.8572768860271114,0.3613978154824709
-1.8805131433153788,0.35534533683106145
-1.909582365603855,0.3479176491929838
-1.9328478360400279,0.341971880975049
-1.9560991681380266,0.3361254161163238
-1.9849752483985128,0.32818271626325696
-2.007919671403705,0.3212729423771768
-2.0364270440421426,0.3120536600587105
-2.0590942284864813,0.30426701880795903
-2.087219543445127,0.2939546344618894
-2.109539815030462,0.2852361558582163
-2.1372862971847137,0.2738844186998064
-2.1593957370854375,0.26458807396006123
-2.181459101011107,0.2551587701742538
-2.209013741400331,0.24330848008697653
-2.2309980112849352,0.23372033242274542
-2.258412317560795,0.22152480143152248
-2.2805008852808037,0.21205979601721592
-2.3083195488707138,0.2007352990209034
-2.33069655782276,0.19200084610260063
-2.3587798344994755,0.18139629266779705
-2.381316079733835,0.1731048052172437
-2.4094950534461113,0.16282155083057084
-2.432029195413402,0.15456190767394007
-2.4602279988099047,0.14430378390044274
