2.1643666735263283,1.024948077998942
2.177485186357959,1.0410861442614068
2.1904831601660675,1.0573212344498162
0.018050984511628468,5.787149639289903e-05
0.030088680648863535,0.00018560642047111474
0.03573600094797481,0.0002847292815998632
0.03630666479701998,0.00029717137646873346
0.03632459547620923,0.0002970721926112868
0.03632441464367893,0.0002968572661824142
0.03630601765429423,0.0002963759883308555
0.03626938473808189,0.00029554558451909727
0.03621961404585172,0.0002945497144168088
0.03619432616782092,0.0002948280782413434
0.0362004515257717,0.0002955668326800293
0.03623238509074914,0.00029670756296969566
0.03625771661779654,0.00029716318485725085
0.0362647892495534,0.00029716811174761994
0.03625363415122545,0.0002967553275772938
0.03622744463380294,0.00029599626910899803
0.03621834956133351,0.0002958435673926917
0.03622784185985933,0.0002961749003159351
0.036239057564176315,0.00029654710425207456
0.03623518258104191,0.000296436291926648
0.03622855569717077,0.00029613431347601455
0.0362294054172066,0.0002960792173246123
0.036233336046599764,0.00029647917033995047
0.03623391237818325,0.00029643549957967505
0.036231945057106585,0.00029623885399445674
0.03663001393499469,0.00030631890058868233
0.04222601306913009,0.00044658652859932215
0.05422135419337823,0.0007463701738877162
0.06741732831701171,0.0010753193198551612
0.0932711749507887,0.0018126955572962484
0.11405544353742836,0.0025790765266370083
0.14002421828782377,0.0037547810586912927
0.16079116480612932,0.0048689856453110105
0.18155033937578902,0.006137609933748703
0.20229927064288303,0.007560590418156879
0.22821910228975964,0.009556195445743727
0.2489407168515598,0.011326027141004604
0.27482371909533443,0.013755139243939818
0.29551326321657945,0.015871232931554395
0.31618629552769334,0.01814130621280888
0.34200296917507783,0.021195168766660125
0.36263517266627654,0.023810659308123604
0.3883972377847702,0.027295829136653366
0.4089827389594083,0.03025629917016146
0.429545703853263,0.033369514504670794
0.45521607393509744,0.03747616224619315
0.47572423910198286,0.04093320841694267
0.4962059472214234,0.04454258275234401
0.5217692892579021,0.049268177280739386
0.5421877888883074,0.053219571051982044
0.5625764199873097,0.05732283082161477
0.5829338814420236,0.06157753046149454
0.6083355586226045,0.0671085960563654
0.6286188863495064,0.07170326758093594
0.6539241629010185,0.07765824825858668
0.6741279552597085,0.08259163482424953
0.6942945000285101,0.08767515006380032
0.7144226214911537,0.09290841050368129
0.739527279698476,0.09966005887549632
0.759565116971847,0.10522927067029625
0.7795609857609562,0.1109473273948194
0.8044949073579183,0.11830385523315201
0.8243923787955558,0.12435564017132375
0.8492000661346503,0.13212795967738666
0.8689931885520481,0.13851176006651314
0.8887385587824181,0.14504276324995077
0.9084347767260821,0.15172014241897908
0.9280809339955525,0.15854378396920657
0.9525661599630048,0.16727840497519117
0.9720951974121371,0.17442990440849596
0.9964310938937506,0.18357313159394267
1.0158378406886444,0.19105004505334255
1.0351884057309753,0.19867133068593332
1.0592960822713815,0.2083999003502924
1.078516556245177,0.21634361170599054
1.097677410642224,0.22443034858804906
1.1167774726500297,0.23265906708620068
1.1405659139437105,0.2431443645938606
1.159525842513936,0.25169157345786797
1.1784214981490677,0.26037950898989065
1.2019492947970765,0.27143664206593715
1.220697141826943,0.28043933650970515
1.2393776835685235,0.28958127687376106
1.2579893784577179,0.2988618784233423
1.2811561371203437,0.31065686423347244
1.2996101396700632,0.32024762032266724
1.3179924135520813,0.3299751785066243
1.3363015978637787,0.33983916163048483
1.354536865159643,0.34983903188451726
1.3772258781001974,0.36252919869435146
1.395291495686843,0.3728326942115675
1.417764855546874,0.38590056329036254
1.4356556205203932,0.3965050242651261
1.453467176628308,0.4072420053612673
1.4711980612852953,0.4181112164530622
1.4888476088276459,0.42911202269863274
1.510793983072236,0.44304698917485075
1.528257424774462,0.4543414174280609
1.5456360782212577,0.46576533704202133
1.5629292066904648,0.4773183604920351
1.580136256955225,0.48899966455874116
1.5972560345991462,0.5008084674554854
1.6142871865970043,0.5127440607451988
1.631229145358959,0.5248061685245057
1.6480812262849796,0.5369938699938426
1.6690180157291323,0.5524042881067757
1.6856636514310839,0.5648722701303124
1.7022162519783561,0.5774633532375547
1.718674798372275,0.5901775231379411
1.7391140757423773,0.6062417385232839
1.7553575132265022,0.6192293315082048
1.771504046368279,0.6323374142694068
1.79154948004884,0.6488907421022089
1.807474170759036,0.6622669282688706
1.8272396464630962,0.6791534262251223
1.8390233672152414,0.6893731393411968
1.8546460169202195,0.7031012682925135
1.8740298496923824,0.7204242851516529
1.889420726417968,0.7344119970999431
1.9047069741761768,0.7485135446163825
1.9198879130546957,0.762728685585544
1.9387149021323968,0.7806553643639255
1.9536560005198285,0.7951223059982243
1.9684890246623243,0.8097001061418513
1.9832133650026944,0.8243875124023894
2.001464552221883,0.8429002457268717
2.0159410586037327,0.8578320383454439
2.0303061314762614,0.872871098842331
2.0445590986341085,0.8880165128020371
2.0622161299735233,0.9070965582244827
2.076213619297944,0.9224784223638605
2.0900964265937447,0.9379637408899157
2.107287467467806,0.9574649931551371
2.120909146614355,0.9731804215687864
2.1344136241085,0.9889968929411727
2.1478002034546564,1.0049130222828635
