413.23713996671574
413.26700664631795
413.29088447944923
413.3167392597764
413.32071232675366
413.324285180942
413.3302298095687
413.33803838236565
413.34315350310754
413.3438565233031
413.34385716607875
413.34385752345685
413.34385782507115
413.3439443285132
413.34447096711114
413.34517177693357
413.3462870705896
413.34758159019856
413.3489506393373
413.3504992555969
413.35204111688944
413.35414374425443
413.3570032743954
413.36117936886893
413.36609244691346
413.3725431552681
413.3814507911237
413.3923173159901
413.40216052526995
413.41490277774886
413.427542662537
413.4405720905697
413.4502453162183
413.4593221589294
413.4770124064702
413.49794697561464
413.51965086815676
413.5413928551242
413.5623851069804
413.5779392447975
413.5924083938761
413.60160762880906
413.61456256978244
413.6366925075912
413.6657032627747
413.69482413289717
413.724617900514
413.7544582816444
413.784299872727
413.8141493426807
413.84400406113787
413.8738748056152
413.9037592242949
413.93365122466224
413.96355080572715
413.9934560738377
414.01737438200854
414.0472493794971
414.0771169756667
414.10699015050125
414.13685229994144
414.1667183596297
414.1965973620377
414.2264799922469
414.25633996820625
414.28617824577924
414.3160537183964
414.34595654545484
414.37588754415725
414.4058337502937
414.43579390782315
414.4657649749634
414.4956776645285
414.5255952154234
414.55555565978193
414.5853901083424
414.61493775007807
414.63799134533207
414.6647093720169
414.6833026833213
414.6972693815839
414.70773557787675
414.7186253909948
414.7295165878996
414.74029269779885
414.7509790002012
414.76048810854286
414.76963848917705
414.7786177309409
414.7877417348206
414.79663951967103
414.8052349892845
414.8132752375145
414.8210156390438
414.8280140868805
414.8349053947371
414.84174491562675
414.84818392170405
414.85406339594294
414.85977649754835
414.8653187702024
414.8706179695352
414.875533385977
414.8799535466022
414.8842566746246
414.888523149839
414.89260319279396
414.89580692228526
414.89963402832007
414.90358445775126
414.90742357482486
414.91100678344776
414.9141157139039
414.91721012975955
414.9203835410097
414.9234106908829
414.92608733819173
414.9290064078075
414.9319222430689
414.9343721632253
414.9366926183734
414.9390383526964
414.94147415797056
414.94374368660294
414.94608202737015
414.94783977988874
414.9493034187213
414.9509840512126
414.95271004962524
414.9543780058452
414.95498763789755
414.9555380828553
414.95604187230003
414.9562272111944
414.95658232970044
414.95697632224204
414.9571401104716
414.9571543038648
414.9576294699141
414.9578620657336
414.9578733018606
414.9580929971275
414.95868393481123
414.9592430155955
414.9598956927151
414.9608295188801
414.96173397408427
414.9626686328626
414.96329986380965
414.96385092847135
414.9646704385134
414.96515810362905
414.9661020252971
414.9667016585233
414.9673771350441
414.9678334983132
414.96834970625486
414.96860116807676
414.96908974615855
414.96951954036905
414.96983449647496
414.9700423051212
414.9705683275242
414.9708620936041
414.97142070144923
414.97183659400054
414.97195832276736
414.97233671145904
414.9727412738296
414.9729354774845
414.9731991107013
414.9735182689334
414.9737082669537
414.97389411984926
414.97412079438516
414.9744553883953
414.9746149174879
414.97484893968306
414.97510682132264
414.97532129024773
414.97544042236024
414.97563916385974
414.97577282792344
414.9758663517631
414.97605610479985
414.97617979737396
414.97633928840406
414.97642675895617
414.9766560207072
414.97682322810783
414.97702804158985
414.9771350941986
414.97726591979983
414.9773075826253
414.97738863798065
414.97743966690746
414.9774490112635
414.977502458871
414.97768663284205
414.97774337667363
414.9777864263153
414.9778519613486
414.9780528494896
414.9780692713963
414.97825141210615
414.9782877133142
414.9783300685752
414.9783808519114
414.978453932803
414.97873165980997
414.9787670965661
414.9789572613364
414.97905553413227
414.97908252053566
414.97922867179983
414.9792386545523
414.9792602585621
414.97943366615505
414.97952666150763
414.9795393510051
414.9795695071429
414.97965263975766
414.97986507981756
414.9799569015328
414.9799910383117
414.98003921047336
414.98027336663483
414.98037352355993
414.9803965513287
414.98053841522596
414.98067247226396
414.98076685729217
414.9809042602434
414.9811416597526
414.98117876166225
414.9813603409924
414.9815369144426
414.98164308101605
414.98203996154643
414.982214265889
414.9822601524675
414.982333162628
414.9823931055301
414.98242512960803
414.9825827836388
414.98269231412917
414.98299286471047
414.9830542161882
414.9831021119839
414.98316402584294
414.98331477396454
414.9834571539811
414.98346665573985
414.98357814738836
414.9836861601624
414.98389334735634
414.9839659445079
414.9840896123915
414.9841006086632
414.984204373946
414.9842090508856
414.9843166109486
414.98433130217694
414.98434693986707
414.98457599737463
414.98472158637605
414.9849353537297
414.9849534884855
414.9850650125548
414.98507295429073
414.9851963419253
414.98526172757863
414.9855388853817
414.98568264671206
414.985936991213
414.9859939222922
414.98600463127485
414.9861443351224
414.98622753642906
414.9863927225998
414.9866681632223
414.9867125253886
414.98698881359473
414.98702944189637
414.98711924622773
414.98712639800107
414.9872516714272
414.9872817740637
414.9873165574044
414.9874076918804
414.9874990495387
414.9876389268953
414.9877797510663
414.9878491378728
414.98794286651383
414.9880101322729
414.9881770663979
414.98828905185195
414.9883464711879
414.9888213621336
414.9891761197093
414.98934879776976
414.9894737683384
414.98964076321784
414.9897420029853
414.9900328715544
414.99010556688717
414.99021324275566
414.9903201541544
414.99044564964623
414.99061731517986
414.9908112756693
414.990907735255
414.9909799712354
414.9910383361071
414.99110814932993
414.9911843253045
414.9912430385551
414.99136218972325
414.9914336755344
414.9915402657967
414.991584744907
414.99165952473703
414.99166309321924
414.99179759297846
414.9918732881117
414.9919357783247
414.992076924341
414.9921188665663
414.9921282951173
414.99213285147704
414.9921635526912
414.9922392911153
414.99248621957537
414.99251899299185
414.9926406981025
414.99273094385427
414.99285250105453
414.99307509013636
414.993342295631
414.99345762637404
414.993504424418
414.9935337577694
414.99364401713626
414.9939496127659
414.9943210181522
414.9944441261339
414.9945714097477
414.9947697927573
414.99479099799885
414.9950691562718
414.9951323811446
414.9952740080028
414.99544792859973
414.99553324746205
414.995732456553
414.99573549277085
414.9957406349003
414.9957720730885
414.9959054460828
414.99592832756383
414.99614019796724
414.9963517701641
414.9964854133411
414.9966642826794
414.99683439189647
414.9968979715432
414.99702142179945
414.99702255749315
414.9972023439567
414.99725329565274
414.99733138619746
414.99754002283055
414.9976010593571
414.9976385255191
414.99766481459505
414.9977150419978
414.99789155006084
414.99791166411524
414.9979913602047
414.9979945996508
414.99805354444896
414.998087838187
414.9982119269657
414.998229004447
414.9984136714499
414.9985083874889
414.9985351955971
414.9985618927582
414.9986500119864
414.99882147402883
414.9988384130914
414.99891604145427
414.9989250705114
414.9990556563651
414.99917229997044
414.99917466197655
414.99920074960994
414.99940656729245
414.99950829586663
414.9995675535549
414.99957871048673
414.99963437172164
414.9996991052531
414.99975218468614
414.9998417181003
415.00000075453374
415.00006536366493
415.0002177963362
415.0002620317631
415.00046166502756
415.000573027417
415.0006182739648
415.0006931261164
415.00071760417615
415.000850124341
415.00089491813577
415.00097648435104
415.0010707171565
415.00111898979975
415.0011956098188
415.00126937269346
415.00137260695675
415.00138173353565
415.0015052223648
415.00157643274264
415.0017862432872
415.0017873026579
415.00190024366935
415.0020363408596
415.0021240841826
415.00221309101875
415.0022687505027
415.00246327600814
415.0025394271515
415.00262112834133
415.0028071863684
415.0029635336908
415.0029766677122
415.0030130111927
415.00310081258533
415.0032387193879
415.00324068194533
415.00345132909996
415.00346789750137
415.0035428269367
415.0037077814705
415.0038111643383
415.0039123520539
415.00397731206186
415.00402450102195
415.00411678209025
415.0042145569704
415.0042321326721
415.00424282979117
415.00426051655415
415.0043239224863
415.0044160358538
415.0045251651531
415.0047218586789
415.00473331982465
415.0049059351054
415.0049846371939
415.005039345593
415.0052261330043
415.0053792483634
415.0055047503561
415.0055682925584
415.00563219289296
415.0056855973053
415.00584414119834
415.0060230975128
415.00606002140046
415.00631587952967
415.00653597450065
415.0065594523203
415.00672922691507
415.0067923552982
415.00679493719014
415.0068342910096
415.00694159902906
415.0069846137062
415.00712686882275
415.00719111539877
415.0072180606974
415.0072582493787
415.0072847872798
415.0072866008496
415.00740740270413
415.00751929997665
415.00756233448226
415.0076139598945
415.007729776864
415.00782987566583
415.007920565398
415.007982291858
415.00814946843934
415.00824143076557
415.0083717426129
415.0084897820074
415.008611570834
415.0087194127173
415.0088280864816
415.0088347252887
415.00896035622793
415.0089983889172
415.009075303042
415.0091459271027
415.009216451179
415.00933783989774
415.00940878272604
415.00947734241595
415.00958038730874
415.0096485539608
415.0097653325526
415.00980532358267
415.0098873514742
415.0100303469032
415.0102123887976
415.01030466822726
415.01032425986665
415.0103511462952
415.010406463019
415.010476688072
415.01062516955307
415.0108682371274
415.0109221134811
415.0109389922949
415.01095404657866
415.01098995229245
415.01099101533265
415.0111017879745
415.0111081313013
415.011164155384
415.0111659829779
415.0114198582222
415.0115947628063
415.01173434880224
415.01185851967483
415.0119052593833
415.0119158268814
415.0120728727623
415.0120959577227
415.01219122956195
415.01221049023707
415.0122476361659
415.0124577039027
415.01246078847413
415.01271577796115
415.01276000079224
415.0127691069892
415.0128785062218
415.01300491176517
415.01314293010245
415.01321538864573
415.01326340563196
415.0134161726479
415.013420001523
415.01347726547874
415.01362736568376
415.0138366351976
415.0140077935798
415.0140478560638
415.0141575975977
415.01420432516795
415.0144400951832
415.0144696683683
415.0144820681567
415.01448487615045
415.01453546981566
415.01457418931415
415.0147285177276
415.014741658706
415.01478468363433
415.0149303214455
415.0149405015914
415.0149948178529
415.01518474389644
415.01535290151395
415.01547964057073
415.0157339957131
415.01582688137717
415.01594937850365
415.0162326041373
415.01624719146537
415.0163971972234
415.0165890489674
415.0166207820509
415.0166914491549
415.01679012292055
415.0168683562279
415.01708306109435
415.01713768982574
415.0172114807003
415.01725774388376
415.0173387453875
415.01737199011455
415.01742953663626
415.0175186575412
415.0175617022341
415.0175829911895
415.01795015386386
415.01799717190477
415.01822027113286
415.0183038173263
415.01830842870896
415.0183731644433
415.0183915363825
415.018411157576
415.0184445799269
415.0185420249724
415.0185445252083
415.0186140006383
415.0186316140721
415.01876708857503
415.01886492288605
415.01891078064995
415.01907584050906
415.01910777189073
415.01922846003527
415.0194720878908
415.0194759350474
415.01956070759496
415.01960606706854
415.01963060796504
415.0197209176717
415.0197384581069
415.01976135211765
415.01981456151157
415.0199998421801
415.02021610802154
415.02029272362773
415.02038372934356
415.0204203374477
415.02047628293127
415.02084647608655
415.02092448683
415.02119435004533
415.02120605225764
415.0212291144282
415.0212782690712
415.02145246586895
415.021493238934
415.0216420516664
415.0216988661915
415.0219031648794
415.02202414724235
415.0221722140555
415.0222456634355
415.0224007718781
415.0226058358208
415.0226913028561
415.0227835002857
415.0228890038337
415.0230068340303
415.0230553007804
415.0231505867721
415.02320058914574
415.02332782478607
415.0233764097179
415.0235111498382
415.0235433792233
415.0235810393204
415.0236757127601
415.02376534512575
415.02387056071836
415.0239995490264
415.0240245457622
415.02414326845565
415.0242097058618
415.0243758932942
415.0244445399855
415.0245704572822
415.0246832397803
415.0248059709773
415.02488250330174
415.02490163427296
415.02491706258326
415.02503791390814
415.025039960478
415.02512076304254
415.0252612106048
415.0252981275473
415.02540688435255
415.0255205518145
415.0256565514372
415.02572467219716
415.0257488089564
415.0258422830648
415.0258424224629
415.0258978804023
415.02596548392415
415.0259688028696
415.02607424234526
415.02624662078756
415.02629148648913
415.0263021512605
415.0263439836918
415.026381397919
415.02645473976986
415.02648335922083
415.0265635799948
415.02657392433264
415.0267134517229
415.02676229954557
415.0269589201419
415.02697755386174
415.02699370637833
415.0270135599555
415.0271866520092
415.0273160138013
415.0274272974691
415.02758096872475
415.0276152872173
415.02769545205075
415.0277025558819
415.0277051872287
415.0278473564731
415.0278961087106
415.027898612842
415.0279420896603
415.0280831051555
415.0282019703724
415.0282738553986
415.02829695926386
415.0284134236155
415.0284741344668
415.028666599441
415.0287675317245
415.02884048998334
415.0289225111665
415.02895052492727
415.0289624364893
415.0289683206251
415.0291692214287
415.0292175536807
415.0292855021691
415.02949404071194
415.02959279971714
415.0299774153229
415.03014904171397
415.03018660891087
415.03021215307496
415.0304647357285
415.0305695413219
415.03061187454506
415.03065688819316
415.03076214057234
415.0308508042938
415.03086189247404
415.03090977211417
415.03099010873206
415.0310625926925
415.03122452589116
415.03127099970396
415.03128266515307
415.03135556276277
415.0314260513389
415.0315128397903
415.0316644476013
415.0316911736263
415.031819039235
415.03194873994465
415.0321922339341
415.03224706304434
415.03245883907357
415.0324842637709
415.03251521014505
415.0326720206611
415.03281004973655
415.03302932969086
415.0331833665351
415.03331771210964
415.0333936733307
415.0334114249279
415.033473488889
415.0336329095626
415.0337190903205
415.0337584031079
415.033799861992
415.0339995780457
415.03406818448155
415.0340892568364
415.03430585155866
415.0343328446268
415.03434630005444
415.03436092832317
415.0344873077962
415.03458318811744
415.03459351984407
415.03459753848097
415.0346629012129
415.03476421831346
415.03486917485316
415.03492127478194
415.03498420226015
415.0350615446193
415.0350798290366
415.03509472570096
415.0351792893862
415.035274318636
415.03532827231726
415.035468494792
415.03566500099515
415.03568643695456
415.035817036603
415.03597497786075
415.0361750634856
415.0362486019578
415.03637418504474
415.03645870168816
415.03655767973527
415.03666528420933
415.0367024393131
415.03688493715583
415.0369928888287
415.03702602243453
415.0371998879647
415.0372794727416
415.0374808451609
415.03752574557365
415.0376395603357
415.03770056872474
415.0379371250989
415.0379905869835
415.03827518106124
415.0384928554892
415.03860806221996
415.0387253962367
415.03886388455504
415.03901760190377
415.03905207012747
415.0392553670493
415.039297043254
415.0394071242859
415.03947710622225
415.03960145410736
415.0396106381014
415.03967290006204
415.03968612313946
415.0397154432693
415.0397247636719
415.03991916568117
415.0399493623455
415.0401640236868
415.0404602096068
415.04046109398524
415.0407100792988
415.0407591300778
415.0409280923313
415.0410429196047
415.0411104627522
415.0413923051276
415.0416036283241
415.0416318114515
415.0416458979465
415.04171701176574
415.0417234376267
415.0418862944203
415.0420768283683
415.04223221893
415.0422427474202
415.04242911581173
415.042566059158
415.04265481828355
415.0427725535497
415.0428153316517
415.04283545888467
415.0428962034003
415.04316078337087
415.0433414149357
415.04336758151567
415.043556234461
415.0440195959401
415.04407886178427
415.0441162063603
415.04431902370044
415.04434304453866
415.0444236589153
415.0444927443028
415.04455991357236
415.0445702621049
415.0447041211973
415.04482794957096
415.044912130226
415.04512466714806
415.04518070586965
415.045220904035
415.0453510038218
415.04547355796166
415.04557111720175
415.04557156010344
415.045665415321
415.0457532684074
415.0458584972
415.04588986693386
415.0460076353163
415.0460883513544
415.0461248230154
415.04622613804617
415.04629544906976
415.04631500921136
415.04635759652155
415.04651386733843
415.0465711500726
415.04657499275754
415.04663204126007
415.0466967057882
415.046715045265
415.0468843291039
415.04693014817707
415.04700986514985
415.04706836555624
415.0471319760592
415.04728343311086
415.047377967785
415.04765683615074
415.04773497569346
415.04779293330716
415.04784386142904
415.047940762755
415.04808232560936
415.0481676164557
415.0484821292204
415.04849817251556
415.0487886601186
415.04881455573076
415.048894569064
415.0489109967991
415.04892163019065
415.04911254094674
415.0493083468653
415.0493770389448
415.0494058343726
415.04943769433277
415.0494643630506
415.0495837753303
415.04974396401155
415.0498131585598
415.04996609102767
415.05007156692386
415.05013016696023
415.05028274719086
415.0503415199058
415.05053448256535
415.0505684008206
415.05060815830575
415.0508146544861
415.0508155720888
415.05085964475774
415.05087509021854
415.05095984710346
415.0510200846269
415.05106754647574
415.0512299248432
415.0513120809943
415.0514729372887
415.05147825207445
415.05166907617354
415.0517265421806
415.05192168439186
415.0519569118226
415.05218412382965
415.05224086342406
415.05229933806953
415.0523051326429
415.05235088056565
415.05236151279286
415.05256067052494
415.0525852043814
415.05259602138926
415.05263742779334
415.0527976473895
415.05290244398833
415.05299913897875
415.05311103106703
415.05316415312546
415.0531646702853
415.0532895516352
415.0533813836341
415.0534120470066
415.0535455223605
415.0536479071979
415.0536554072285
415.05370360732735
415.0537803407039
415.05382438850495
415.0539395362748
415.05394087647045
415.0539773221872
415.05401985280554
415.05412247098974
415.0542713112497
415.0542725951361
415.05427696081625
415.0543886695882
415.054512190591
415.054668655845
415.0546899655303
415.0548091071757
415.0548742676693
415.0549163480754
415.05495417163024
415.05505905472666
415.05535038758984
415.0555378073901
415.0555835672942
415.05565008298447
415.0557278096961
415.05579778746346
415.05583922549584
415.05590019272444
415.0559303002385
415.0561116532146
415.05614812628886
415.05631295920756
415.05636221171335
415.05654564160204
415.0565500159085
415.0566048379021
415.05665123437535
415.0566989457795
415.056804719064
415.05680564908926
415.0568384337503
415.0569572697578
415.0570510770611
415.0570676202582
415.0572065280142
415.0572728285249
415.0573666928928
415.05756619839394
415.05756703557756
415.0576029508944
415.0576849563106
415.05768533660205
415.0577229327045
415.0578201978043
415.05782942434723
415.05807081647043
415.0581600648506
415.0581724706583
415.0582087681039
415.05823818472794
415.05828529450025
415.0583335932444
415.0583401006508
415.0584825498021
415.0585416994071
415.0586636219867
415.0587121909122
415.05888844121284
415.0590347256679
415.05907528915725
415.0591410905968
415.05918257050223
415.05928173351697
415.0593429466726
415.05958010248054
415.0595863820531
415.05959699177845
415.05963209189593
415.0597557780561
415.05987171503017
415.06001552472696
415.06001947268254
415.06026432021844
415.06056101033903
415.06063037169423
415.06065952200305
415.0607479578329
415.0608883160252
415.06105590135996
415.0611164916666
415.0611970956153
415.0613257875626
415.06134961143835
415.0615314647015
415.0616579096434
415.06169589849407
415.0617112620874
415.06173345851033
415.06182546396667
415.0619584326854
415.0620001225588
415.06207643001426
415.0620874034251
415.0620999998388
415.0622096781211
415.06237982823285
415.06241731067104
415.06244824648047
415.0624545063913
415.06252810429436
415.06256570750253
415.06263845560153
415.06265193652536
415.06282820627376
415.06312358050207
415.06334149169555
415.0633856707965
415.06345009256387
415.0634957959051
415.06361263917375
415.0636163096959
415.0636297548806
415.0636866489115
415.06375506958324
415.0637894617459
415.06390504347115
415.06404126449763
415.064158739012
415.0641634479199
415.064215287113
415.06434760536473
415.06440123059934
415.0644167839044
415.0644708244184
415.06460704659594
415.06467846121024
415.0648188602211
415.0648783952794
415.0649928758279
415.0649956325869
415.0650043823334
415.06506794428606
415.06529752235576
415.065350076207
415.06547961509057
415.06548393566726
415.06566536485343
415.0657242730901
415.06580719686104
415.06586547950957
415.0658855301476
415.06599938325405
415.0662413675292
415.0662701562647
415.0664608255496
415.0665269406002
415.0666759843866
415.0668281505142
415.0668564451224
415.06709759340646
415.06726022848574
415.067306847749
415.0673527560715
415.0673791563924
415.06755053844506
415.06760700903885
415.0677952817628
415.06793430017063
415.06798590999273
415.0683223835351
415.06849207581377
415.0686900501567
415.0687489827119
415.0688603284797
415.06894794905054
415.06908675648367
415.069236763408
415.06927133392725
415.06932814561685
415.06954075003773
415.0696627467248
415.0697439800984
415.06982776297446
415.0700285396041
415.07012732791253
415.070386259097
415.0704053685656
415.070461435553
415.0704784284049
415.0705216181082
415.07070784742484
415.07088921697283
415.0710729112384
415.07118122910026
415.0712174543964
415.07130300644536
415.07133098464215
415.0714840791129
415.0716104361213
415.07165665201074
415.07183326886565
415.0719328523386
415.07195321149965
415.0720050891585
415.0720151543402
415.072099750906
415.0721535296839
415.0721605554747
415.07227164074027
415.07233727386887
415.0725293433336
415.0725780329634
415.07273875258335
415.0727493704432
415.0727974573123
415.0728897959813
415.0729681335418
415.07302492588354
415.0732167634507
415.0732329992201
415.0732391908415
415.0733973480566
415.0737030185364
415.0738533850716
415.0739866749267
415.07403837971856
415.0740695696335
415.0740803595767
415.0741505521514
415.0742019009045
415.07422004471795
415.074286751208
415.07439234995127
415.0744340395576
415.07446258538636
415.07454613882186
415.074644539908
415.07473570631447
415.0748888662218
415.07504017748175
415.07516863239374
415.0752911808957
415.07530324337927
415.07556879741
415.07566805167977
415.0757318794325
415.07578088549883
415.0758201571512
415.0758284283304
415.07595798398427
415.07607602536837
415.0761029634477
415.0762212520418
415.07630987537596
415.07653039682583
415.076637944738
415.0766979359519
415.0767783494494
415.0768170667725
415.0770876000017
415.0772537059258
415.07735550736993
415.0774559473728
415.07750528961674
415.0776257048155
415.07767222300924
415.07771223660876
415.07772463209346
415.0779285335344
415.0780058614434
415.07810636395345
415.07820175213465
415.078207880792
415.07825632234415
415.07833790173413
415.07864518602804
415.0787859943505
415.0788316587554
415.0789268190335
415.07899315068516
415.079001459348
415.07910978258707
415.07927677290735
415.0793058024288
415.079410130498
415.079428057498
415.0795499042873
415.0796648729113
415.0796937068138
415.0797516330321
415.07991030762236
415.0799133834039
415.079981304935
415.080197874916
415.0802199391547
415.0803263340898
415.08038692106976
415.08050668661673
415.0805821518762
415.08061307482063
415.08066783070234
415.0807325628531
415.08095346323887
415.08095638062457
415.0809822155425
415.08121476427993
415.08126755789806
415.08129729665757
415.0813958616275
415.08167302431315
415.08168152415277
415.0818893516862
415.08210213213107
415.0821926310724
415.0822991375233
415.08250382121844
415.08257376257023
415.0827199177217
415.0827877419769
415.0828056248485
415.08300908016327
415.0830473410717
415.0831066332722
415.0832171325248
415.08329207409395
415.083315123901
415.08339903551274
415.0836872718005
415.0837363965322
415.08378269767525
415.08384653450486
415.0838995949151
415.0840536509654
415.08417446102663
415.08429304187877
415.0843644578286
415.0844131640877
415.08446503363217
415.08459283589616
415.08463007644605
415.08476738750716
415.0849051477612
415.0850123010993
415.08508801233364
415.08513537477796
415.08528178383784
415.08531788734285
415.0854520407778
415.08546201476736
415.08557298394544
415.0856438574453
415.0857963181497
415.0858645144828
415.0860000698643
415.08633385374856
415.0864854576225
415.08664429288535
415.08672006022204
415.0867511751415
415.08684313010536
415.086967646467
415.08702596131684
415.08703965330864
415.08713560197793
415.0872768497002
415.08737231788956
415.08744185596305
415.08757608881433
415.0876066078198
415.087625249768
415.0876499039944
415.0877404679727
415.0878494098202
415.087877232551
415.08798084429014
415.08800518464545
415.0880766200141
415.0881865961541
415.08830634348425
415.0883961703904
415.08847784245813
415.0884894753288
415.08853997654666
415.08861637862776
415.08869266755494
415.08871464053124
415.0888108738911
415.08890781907274
415.08901107302285
415.089095223178
415.0892023938992
415.08922260200654
415.0892657451804
415.08942746592294
415.08945223646504
415.08945765690436
415.08950840037943
415.08959294833943
415.08968892534307
415.08974030482665
415.08981959482077
415.0899040525285
415.08991212386286
415.08997199460464
415.09002799975036
415.0900979727787
415.0901296051465
415.09034166638224
415.0903820852328
415.0904840281518
415.09049139436934
415.0906373610619
415.0907255429797
415.090812179581
415.09097975625826
415.0910797762778
415.09110954110133
415.09120178552547
415.0912190883767
415.0912418112583
415.09129281956314
415.09135642877294
415.0914534938699
415.09155194782505
415.0915742046949
415.0917247012463
415.0917710601595
415.0918190547283
415.0920672385261
415.0922156379968
415.0922320908327
415.09241764549733
415.0924336479888
415.09256246979106
415.09275282721586
415.09291930255256
415.09302108252143
415.0930906685678
415.0930914437663
415.09332684404364
415.0933808933488
415.09343487649323
415.0934564980895
415.09353260914855
415.0936784519521
415.0938959038618
415.0940569949313
415.09414079778225
415.0941971342668
415.09431518239774
415.0944753743657
415.09450276196264
415.09460803091605
415.09466090476565
415.09473317803014
415.09480716817296
415.0949862270544
415.09521575687575
415.09527420672435
415.09550779079086
415.09550902927737
415.095562364204
415.09578795538505
415.09579275612026
415.0957929274983
415.0958094108569
415.09612225936644
415.09619575114675
415.09631931546227
415.096438931703
415.0965622535108
415.0966862939442
415.096812276765
415.0968430437551
415.09690384763405
415.09703315000235
415.097163605982
415.09723732988766
415.09733002257536
415.09752865199937
415.0976109666703
415.0976254935893
415.09769420252513
415.09771414935176
415.09781677239846
415.0979122746072
415.0980198496883
415.09807248269925
415.09817956556
415.0982518462372
415.0983278030587
415.09849720473716
415.0985620099154
415.0985821224667
415.0987238991545
415.0987796748068
415.09883324441097
415.0989218930066
415.0989752713386
415.09898322533536
415.0990953975802
415.09909647345484
415.09922201074795
415.09935459134664
415.0994742429467
415.0996271719477
415.09965325656447
415.09970822399333
415.0997187633677
415.0998533110993
415.10000342598016
415.1000949968364
415.1001359718288
415.10029846696057
415.10043977016545
415.1004947882242
415.10055778706186
415.10057472086913
415.10081429715694
415.1008512136096
415.10094393655294
415.101040635506
415.10119698571475
415.1012150800209
415.10135076245734
415.10143401064335
415.1014821426772
415.1015510645859
415.10156579004723
415.1016309783505
415.1016409865391
415.101706658228
415.1017138860115
415.1018032461796
415.1019560489358
415.1020193026758
415.10221377042546
415.10236283381676
415.1025066684968
415.10260724401263
415.1028330139255
415.1030059709078
415.1030338681373
415.1030807004933
415.1032178618208
415.10324966699216
415.10328637638827
415.1033193910964
415.1034533823955
415.1035727971175
415.10376568991916
415.10379006657365
415.1041544654177
415.10417761698454
415.10431486810194
415.1043388770859
415.1043633587603
415.10445051409175
415.10468235978175
415.1047685138018
415.1050344452854
415.1051157019458
415.10535362553605
415.10543219814406
415.10544797253544
415.1054579422234
415.10550163907163
415.10562868260774
415.10587670589433
415.1060178868644
415.10601851791665
415.106093350445
415.10610798111355
415.10614342406404
415.1061495702742
415.1062046836636
415.10628114928704
415.1065100349859
415.106648032186
415.1066770510522
415.10669280567424
415.10673030669255
415.10681893975135
415.1068220359121
415.1069033026382
415.10707286520056
415.10712033140584
415.10716276029785
415.1073931952603
415.10753658803765
415.10758585863596
415.10761073545774
415.1077150399739
415.1078497209735
415.10807058653796
415.1081959939728
415.10823546938923
415.10840039194846
415.10848373689146
415.10857496738134
415.10868787157887
415.10876763416866
415.1088253917256
415.1088593511301
415.1089741498507
415.10912486072624
415.1091683004543
415.1092238505802
415.10935987983885
415.1093867869861
415.1095911566992
415.1096175748205
415.1096219443476
415.1097024827348
415.10970774316706
415.10986422698073
415.11000431233913
415.11003190666156
415.1101934240969
415.1103046662386
415.110524645859
415.1106544352038
415.1106583156028
415.1108669743499
415.11108922715533
415.11122840887856
415.1113046180896
415.11130909532784
415.11139332881635
415.11147060189086
415.1114754623736
415.11148493881035
415.11151064138886
415.1115572760939
415.11160252143856
415.11168640075743
415.11188453927974
415.1118962903989
415.1119017647563
415.1119672121082
415.1119785673484
415.1120542810759
415.1122165428064
415.11234444260464
415.1123790732816
415.11238535481385
415.1124238065757
415.1125921475395
415.11271772156016
415.1127435607016
415.1131066648962
415.113365422883
415.11338175492693
415.11343366417236
415.1134746395671
415.1135949151841
415.1137981545163
415.1139722527866
415.1140626343046
415.11409941523505
415.1141421560025
415.1142277073674
415.1142865880186
415.11438402261746
415.11441041664784
415.1145034456357
415.11476807095437
415.1150006204865
415.1150110237979
415.11505149288314
415.1150843170059
415.1151859324382
415.11519353777965
415.1153797095186
415.1154129715604
415.1155077936338
415.11569433936336
415.11597626604475
415.11643632207443
415.11652853108035
415.116773473169
415.11679278747164
415.1170083370489
415.1171585456321
415.1171646899182
415.117254090518
415.1173537018436
415.1173968696595
415.11741613416336
415.11756210295067
415.1177570360379
415.11781113785275
415.1179455067322
415.11798565873926
415.1180012267196
415.11802912288573
415.11815181298726
415.1183240597164
415.118325059357
415.1184165699808
415.11858429962075
415.1186209568678
415.11874086286184
415.11877977869
415.1188397550988
415.11892126035355
415.1189552198818
415.1190450655046
415.11910098766305
415.1191315303682
415.1192733143676
415.11957259319115
415.1197573631867
415.1198350439549
415.119932250997
415.12017316736683
415.12018075853723
415.1202386961384
415.12026147523653
415.12042346988517
415.12050028810717
415.12051788030567
415.1205280028272
415.1206570654244
415.12073553041336
415.12102904485596
415.1212301755934
415.12124220020223
415.12129701346737
415.12134351850256
415.12138834715483
415.1214589565246
415.1217379086456
415.1217942106453
415.1218157541774
415.12185865971225
415.1219513231438
415.12199268915265
415.12209895641547
415.12222154433715
415.12243285044696
415.1225512726781
415.12255368150994
415.1228182730852
415.12284236463097
415.12289392386145
415.1229436613236
415.12298083174915
415.1231294797577
415.12329306136553
415.1234705853684
415.12353696709437
415.1237105531744
415.1237267616606
415.1238447094196
415.12397628052065
415.12402777893254
415.1240605194134
415.1240853800556
415.12416364566076
415.1242687585159
415.124360877999
415.1244143309381
415.12442569796343
415.12443450604263
415.12444005725575
415.12445283509976
415.12445968430177
415.12447598487785
415.12465473047126
415.1247608427631
415.124781711593
415.1247832991662
415.124811074241
415.12486113205455
415.12507222772035
415.1251710260747
415.12530077583943
415.1253122975176
415.1255130738637
415.1256303594799
415.12566857618236
415.12577086562027
415.12580046121496
415.1258776116931
415.1259991126379
415.12604016551643
415.126305373047
415.1263388516088
415.1265126930898
415.1266258248945
415.12673968433967
415.1267433465913
415.12675794902134
415.1267908097627
415.1269028640504
415.12691580462933
415.1269953526193
415.127076636162
415.1272028924601
415.12739840570475
415.1275606095628
415.12758657403265
415.127901124695
415.1279834530632
415.12814303585924
415.1282387035174
415.12834196496544
415.1284650185222
415.1285467283728
415.12854785621425
415.12859307097233
415.1286765551741
415.1288716042865
415.12888681153527
415.1291799941597
415.1292616027923
415.12941443504576
415.1294913911556
415.1296457600652
415.1296642019044
415.12977951282676
415.1298602209539
415.1299341656418
415.1300616562063
415.13006544923115
415.13031548800365
415.1303801954665
415.130455283919
415.1305830938002
415.1305881924762
415.1306644142302
415.1306973305882
415.13077046101625
415.13085853470074
415.1309646523102
415.13101845699265
415.1310291530288
415.1310535818789
415.1310769459423
415.13109175280556
415.1312821875115
415.1314087043823
415.1315294931833
415.13163085014077
415.1317354906594
415.13178915348857
415.1318414662619
415.1318586786169
415.13192358258885
415.1321246986605
415.1321756025821
415.13223020983685
415.1322319655934
415.13228283553076
415.1323257183902
415.13233524259863
415.1324367227447
415.1325900497079
415.1326040445164
415.13275895444934
415.1327644440556
415.132872410271
415.13290090538374
415.13294140295955
415.13318706750374
415.13321795410053
415.1333551380529
415.13341579773083
415.13343522911254
415.13346195382627
415.133696070898
415.1338393873551
415.13385063151037
415.1340507082256
415.1341657124856
415.1341918049418
415.1344663501986
415.1345845748966
415.1346186221483
415.13469574885374
415.13476059325615
415.1347955653747
415.1348592872712
415.1348595656407
415.13495057368175
415.13500951203986
415.13515441136525
415.13521450236897
415.1354483210681
415.1354631655777
415.1355871419857
415.1356876554894
415.13570849240796
415.1357484604833
415.1357841439961
415.1358888713514
415.1359144695133
415.13593002094603
415.1359501279353
415.1361042639963
415.13618122062724
415.1362202028974
415.1362491458735
415.1362779880909
415.13629111804994
415.1362971424591
415.1363263476179
415.1363650543447
415.13647281591494
415.1367479989393
415.1368160389371
415.1369265537608
415.1369954665746
415.1370557244079
415.13712167143655
415.13716081945535
415.1372469376129
415.1373590203373
415.13738120944464
415.1374558860147
415.13755117310933
415.1375737657927
415.13763963130725
415.13765634419497
415.1378951287115
415.13799637528723
415.138067062485
415.1382026888593
415.13842579025106
415.1385486301051
415.13857114086187
415.13865596902286
415.1388069338428
415.1388502534598
415.13891748692157
415.138952918253
415.1389543028579
415.1389596499412
415.13904999318123
415.1390796829451
415.1392466656055
415.13930970231354
415.1395399174411
415.13969342755496
415.13989547002905
415.1399429161352
415.1399921842214
415.1400696269538
415.14014298052876
415.14026122916164
415.1404356125113
415.1405042826027
415.14053018576016
415.1405937184837
415.140708465228
415.1407777413049
415.14088698870046
415.14104715440953
415.1412055180646
415.1412555229481
415.1413445051773
415.14139697831047
415.1417090039414
415.1419014329199
415.14208059726104
415.1421449224612
415.14218041482513
415.1422651270423
415.14238358944107
415.1424683268201
415.142492994818
415.14258339276677
415.1425848253118
415.1427694975251
415.1428457629584
415.14292926722703
415.143007473543
415.14304396811315
415.14317192243357
415.143295391231
415.1433190863399
415.1434036604655
415.14356717664793
415.1436799431839
415.1439461689223
415.1440491598205
415.1442203517224
415.14438857895453
415.14442771548994
415.14474363286115
415.14488737421306
415.14489765974713
415.1449687556055
415.14506998049944
415.1452321038492
415.1452374423434
415.1452836164619
415.14535014657673
415.1453517224391
415.1453619344824
415.1454356176966
415.1454519338687
415.1455195336198
415.1455286765883
415.1455496080194
415.1456288288545
415.14576181098033
415.14593929507436
415.1459625419207
415.14596818447626
415.1460848822387
415.14619411764505
415.14629153788024
415.14640087183454
415.14645199972773
415.14651893522495
415.1466156852604
415.1468584445209
415.14688606989085
415.1469813398406
415.1470397313018
415.1470901467976
415.1472064662462
415.1472735830039
415.1473257543754
415.14741346727135
415.14749462203014
415.1475864482818
415.147626681638
415.1476643045004
415.1478416988645
415.14789645887737
415.1480363553055
415.14818846322515
415.14833020754605
415.1483637798315
415.14844343193425
415.14853773210535
415.1486690613253
415.14868671529285
415.14874388971526
415.14878486331486
415.14883593021267
415.14902515972796
415.1490300181632
415.1490665767296
415.14922800561243
415.1493978668481
