4.231071846625729,0.48931895221132765
4.222934090748209,0.47341846725700587
4.214290625372063,0.4513158389213769
4.208360801725547,0.42462041338839734
4.207200754838118,0.4072586247201781
4.2078366548604444,0.3930276897912797
4.209314037633586,0.38203593161711175
4.211238335713027,0.372809640565527
4.212849325568695,0.3667373076343942
4.216438098022614,0.3546286395509829
4.220543027830082,0.3404167614340501
4.224656865642376,0.32188356908305776
4.228380653443841,0.2947582333093514
4.229498980110231,0.26457225774166526
4.226350043359741,0.2344588118507902
4.218728025358385,0.20523311333357686
4.207962941011852,0.1770093973093829
4.193328874315559,0.15052547915891626
4.175380862144987,0.12626016962899161
4.155086118578328,0.10391552361750996
4.132716073987463,0.08370793147343834
4.109052138165869,0.06507561519732452
4.084059356163222,0.048226783876252954
4.058033390908179,0.03311854431575323
4.031684355422185,0.018784641317891704
4.006297318964286,0.003927276331732174
3.9823551476084313,-0.011532844145362958
3.9632652328178466,-0.024916909538666245
3.9489436410853633,-0.034926114298160574
3.932413017548682,-0.04627818917212666
3.9135673989944895,-0.059266617076134114
3.891817556275908,-0.07415694255472824
3.8679318030499004,-0.08940392955851695
3.8424633639533257,-0.10429662413698226
3.8166187160343195,-0.1193995111931837
3.7946598735244543,-0.1329382038100913
3.7768956527035664,-0.1447242456501625
3.7585299215572046,-0.1580017041964306
3.7374434541765638,-0.17346632878994642
3.714458782509956,-0.1907459369210666
3.6938893384608673,-0.2068716136212585
3.6750850488928943,-0.22257292697843925
3.661764913150341,-0.23422543185377193
3.644487579266014,-0.2507642277447387
3.62486402494376,-0.2723531501544764
3.6067397074646004,-0.2955917207805634
3.592659022256362,-0.31546656076214646
3.5785970676548917,-0.33635788220449325
3.563555164954989,-0.35922988949421286
3.5490676439848485,-0.38159733339157353
3.5343739762947033,-0.4054364550309803
3.519804751359067,-0.43157578876444713
3.5052522627406675,-0.4578497725241305
3.490576072439568,-0.4832910411925469
3.4761118352045983,-0.5064640051641502
3.461423294323885,-0.5289893892695156
3.4460802391104917,-0.5533827136230578
3.4344812147461807,-0.5717789048645778
3.420161447938904,-0.5957920356184631
3.405638800506742,-0.6201443190177167
3.3901205403610803,-0.6447040786257637
3.376321147477196,-0.6672637143778853
3.3632562565358635,-0.689599223451588
3.3503525553722393,-0.7127045036899291
3.3371944983399766,-0.738222980829711
3.3203611785135645,-0.7698956061165917
3.3054918819958297,-0.7957419772254091
3.2933201834534733,-0.815627236519906
3.2777940896435216,-0.8391056998947283
3.2622793937423875,-0.8622368359052277
3.247305559139276,-0.885995059156474
3.2320568104383414,-0.9096123153890319
3.2173593602636723,-0.9334925834226735
3.202710943345986,-0.957510250643851
3.1909864150446614,-0.9766476879151329
3.1764848326506057,-1.0007608754706718
3.1610428913180852,-1.0243124373409935
3.145498580282802,-1.0477147853076243
3.1294721738599556,-1.0708594746414548
3.1166239942003227,-1.0892625233090916
3.100704415857934,-1.1124641010746819
3.0838819236537995,-1.1350499052398795
3.066974667847925,-1.1574768913337254
3.050474373193614,-1.1803376976687923
3.034886304360003,-1.2053345262916295
3.0221498006865666,-1.2290853083800353
3.012198350816349,-1.2495935853056654
3.0032768511418086,-1.2702341900810759
2.993192576092654,-1.2931288153804141
2.982823177208835,-1.314747969640721
2.9687960853937283,-1.3412039620069904
2.954670012092163,-1.3674527171527138
2.9403495058408904,-1.3938079169499438
2.9244927117016966,-1.4194289479126811
2.90620715710067,-1.4434458358932882
2.8861482679957176,-1.4651856167324262
2.865652421067102,-1.4851054656810847
2.845354500142956,-1.505198866712762
2.8266093662762826,-1.526649844638122
2.8089286044590565,-1.5491513506568075
2.790513094427961,-1.5722804204022784
2.777380798117915,-1.5881388621312458
2.7622829008036756,-1.6051264682468742
2.7446368875874625,-1.6217219297557568
2.7258137919842973,-1.6350914001261763
2.7062188288766227,-1.644199512918376
2.6853502816057593,-1.6496236464515406
2.662676059169459,-1.6524116740517747
2.6334821745381722,-1.6533330852043544
2.6034499068818744,-1.65264805392451
2.57380710480243,-1.6519812060684997
2.5444451105401007,-1.6520918944197442
2.5144846999975665,-1.6531473671594665
2.4843786600617848,-1.6534999894228088
2.4547434227479306,-1.6515157251275812
2.4258842131325546,-1.6481629029681595
2.3964478856784415,-1.6446044169062075
2.3728234941165134,-1.6408713635954393
2.343544822658077,-1.63352267051376
2.315145003351477,-1.623524684326995
2.287132885101631,-1.6128358794731177
2.2588154503475857,-1.6034141170308647
2.2297509591408518,-1.596979132066681
2.2060581270557673,-1.5939198251506825
2.1762282077354484,-1.5912081700416798
2.146415211399393,-1.589852659732995
2.116657966779743,-1.5914188501897824
2.087040000882605,-1.5954293610453152
2.0573886503603167,-1.6001391201804274
2.0274284210816274,-1.603475783731979
2.0032261470417008,-1.603736791249464
1.973215389430607,-1.6000048257163555
1.943934693722069,-1.5928041550548493
1.9151765473048956,-1.5841529144504383
1.88639594940049,-1.576059230838942
1.8571628083278569,-1.570532134032817
1.8275434260522865,-1.5695609925427636
1.7979910681373514,-1.573092996602224
1.7686975218335648,-1.5791196926641085
1.7394494218684309,-1.5857979600616319
1.7125989597379099,-1.5913492724205456
1.6854854152228764,-1.5954554712744886
1.6589728171002114,-1.5978611603083288
1.6325300952195119,-1.5990412545514152
1.6088829447884356,-1.5979081067724625
1.5935382831377896,-1.5956610573698
1.5722856609645075,-1.5892545095896053
1.5594120308455985,-1.5831410259262009
1.5437600132729123,-1.5732527409996317
1.5271647427586599,-1.5587605676969607
1.5110193820837605,-1.5400074700968294
1.4951786697459262,-1.516603726209475
1.4805061656607217,-1.4903923289033099
1.4664542356093575,-1.463907541938683
1.452051452600145,-1.437632049370971
1.4370659447598997,-1.412061559494098
1.4241232010107874,-1.3922693058159104
1.406318259802896,-1.3687117737399033
1.386653536655861,-1.3465291059628657
1.3672750080672835,-1.3270149286632915
1.353258743191433,-1.3142346858982863
1.3392861069252733,-1.3020397700432402
1.3248176597438468,-1.2886469859155696
1.3096994228970151,-1.2731278187903756
1.2924392518690968,-1.25247345168622
1.2756210707365476,-1.2291318321895999
1.2608921091816114,-1.2078847607319423
1.242465629262154,-1.182503738236235
1.2306892372058993,-1.167055105215889
1.2144552345426245,-1.1471138776404057
1.1933919015809582,-1.1233465733715835
1.176756875151197,-1.1044424407195883
1.1623417265668692,-1.0861198043715634
1.1483118841694318,-1.066261787401601
1.1346310788367435,-1.0466908280245601
1.1182489317395035,-1.0232812780617278
1.101672625040747,-0.9982209981231673
1.0855259130392392,-0.9728809108541432
1.0703143985393448,-0.946940421376944
1.0586233081106107,-0.9259737685217161
1.0408835716545286,-0.8946881832331984
1.0255305352897746,-0.8689732361258008
1.0096780464499173,-0.8435204012516876
0.9938384077820631,-0.8179990497914921
0.9817666917796107,-0.7972097197085837
0.967066941480855,-0.7710348380048913
0.9523376856795189,-0.7449537162787958
0.9367691503653877,-0.7194085316027635
0.9196538629722393,-0.6949410335065316
0.8972621633870698,-0.6669198574480449
0.8811355303580752,-0.6493052449407627
0.8596469568772636,-0.6285347586439511
0.8373292417491095,-0.6085367739259633
0.814814727400826,-0.5887342257276771
0.7920638830972105,-0.569304130993261
0.7717094910881904,-0.5515459494173702
0.7512486792011022,-0.5331382651481152
0.7365438027698165,-0.5194179052815779
0.7217807691430631,-0.5046738241346547
0.705420155698905,-0.4866432703335133
0.6873767590645342,-0.46540234333473
0.6683436830264241,-0.4439670737998296
0.6520670316301673,-0.42632862105610636
0.6326742243376332,-0.4051033193340908
0.6160574763236227,-0.38681636583699874
0.5997026278402258,-0.3680270321372865
0.5866817302250589,-0.351881142462468
0.575422835406223,-0.33677594765508956
0.5664396729291244,-0.3237415469029256
0.5555935017561762,-0.3081711257719226
0.5451101745812966,-0.29307139002248433
0.5350387237330189,-0.2778583737755266
0.5238588634597002,-0.2603384209816282
0.5112485739331493,-0.2382454152835298
0.4986423977819632,-0.2144842290090652
0.48518892053271245,-0.18765773635557018
0.4713145322509394,-0.16112112567130973
0.456671895602387,-0.13499385572328118
0.44163415959991176,-0.10902540663508455
0.4272644446774774,-0.08260755679058443
0.41457842022663494,-0.05746533899938476
0.40126954714354546,-0.032415560055519016
0.38546220372030277,-0.007071317294816897
0.36877295235783353,0.017487279461088617
0.35342145712327594,0.03923132021405304
0.33588175032742734,0.06178300268000042
0.31732063715649783,0.08294517538856394
0.29891503922119084,0.10213959987530306
0.2812251275929385,0.12075065880124822
0.2647979628719471,0.14021557630404347
0.24868792102544734,0.16282466478813418
0.23278950298438195,0.18675107856008374
0.2172464643542372,0.2086858076279398
0.19933588837994273,0.23097662677304917
0.1797754680554845,0.2536583694280779
0.15931545234775302,0.2754323627333152
0.1374942093074983,0.29585368646597004
0.10995627845955434,0.31874599379444646
0.08666490122240328,0.3364461667531593
0.06407009871881526,0.35311655360508054
0.03924863227304499,0.36978654674019384
0.013845858577585758,0.3851206907235324
-0.011795638628482055,0.39932828220687966
-0.03862389117710462,0.4130178508631889
-0.07094510574629044,0.42901153984932733
-0.09664589434758213,0.44153361786297757
-0.12301826259558424,0.4548169494072852
-0.14458259687630565,0.4667384784125063
-0.16176795906013683,0.4768688964404371
-0.17850066289199124,0.487454640773881
-0.19726703294272516,0.5000450633267951
-0.2212888113538036,0.5173573941536674
-0.23689329076632257,0.5290888494365142
-0.2548245746997778,0.5425668667359145
-0.27363124216227647,0.5570497373598418
-0.2930863675468585,0.5725474634209763
-0.3098823609231295,0.5868472936824863
-0.3264884056538904,0.6009124416198219
-0.3414288702305285,0.6128416267389396
-0.36397317424891945,0.6291477799789291
-0.38889952019652896,0.6457285385884565
-0.41441938765763353,0.6613228943255707
-0.4407015388770811,0.6755555021493217
-0.4678015099636437,0.6881049683546303
-0.5013556745032075,0.7008531079931779
-0.5239430164537242,0.7089783643363232
-0.5503289272308017,0.7185448988187726
-0.576464439340958,0.7277035903103668
-0.6024891984347781,0.736292186222585
-0.6287866775198352,0.7442219159075398
-0.6449495846358323,0.7488322015957598
-0.666185481658624,0.755594530481299
-0.6956687696989103,0.7671316682159879
-0.7134197209577323,0.775557407415648
-0.7391980090749577,0.7893301760006802
-0.7583303838004088,0.8005334425043601
-0.7830584514102376,0.8154178620605598
-0.8074511067787041,0.8297161937963949
-0.8385514320437772,0.8476758683106446
-0.8633996690955614,0.8611798273470533
-0.8892378374564601,0.8742777967697776
-0.9160032155257508,0.8878505369964694
-0.9417939119207719,0.9011582575578653
-0.9645325693469438,0.9129714753011637
-0.9837043255895263,0.9223176526913363
-1.0041322679048152,0.9307661383867115
-1.0271589024306673,0.9385500711353431
-1.0532261721299918,0.9453065774686138
-1.0825899036880826,0.9509902188357766
-1.112165434655818,0.9562426523852371
-1.1436419167443288,0.9633633373479255
-1.16851768091777,0.9694290443924558
-1.194904318434388,0.9745247270095335
-1.2210752419132636,0.9785901795460947
-1.2485373291507225,0.9822826779487372
-1.274424167878421,0.9848604416637557
-1.3023881574142746,0.9874603199707875
-1.3294699664039193,0.9905663216717054
-1.356370123429701,0.9934828081518213
-1.3776212926234608,0.9953348828029343
-1.4033516188638795,0.9974572219713396
-1.4327737702436518,0.9998544372697238
-1.462614972931495,1.002895724350853
-1.492320394819105,1.0071863145686317
-1.5277920885538956,1.0137835182322987
-1.5570853872180277,1.0206165048975993
-1.5802862064308858,1.0270286645239781
-1.61457373836506,1.038346835335617
-1.6425297934547491,1.0495685060904683
-1.6696440428744614,1.0626778261712022
-1.6958979766268052,1.0773728475527624
-1.7193830608010594,1.0915381966741629
-1.7410476219711453,1.1052417626835527
-1.7619649918467788,1.1185663477081393
-1.7849746514782519,1.1335777900871216
-1.8098790584255233,1.14990770382332
-1.8339899712857592,1.1657250981237623
-1.8561537304517424,1.1802289821301593
-1.8760346268526817,1.192956322284235
-1.906326226253446,1.2105649597795474
-1.9312537106216447,1.2225185742746494
-1.9511980773755635,1.230438011582348
-1.9681546390575433,1.235656266711995
-1.9863476311209125,1.2389800750150513
-2.0065523881862357,1.2409256182442938
-2.0285746341438524,1.2424065491104603
-2.0532580370689937,1.2448101832949297
-2.0800825188960053,1.249421013448168
-2.1032760322564585,1.2563656726682335
-2.123126646212819,1.2650327524895846
-2.1349378533520063,1.2716057426004854
-2.1385770619681477,1.2740350946560728
-2.1378604317104783,1.2734261934034965
-2.1340955844187155,1.2701448051286595
-2.130684233291694,1.2670317480693274
-2.127045291677205,1.263386486568262
-2.1242303797155015,1.26018926012732
-2.1247550654686855,1.2609366522211114
-2.1293938871953886,1.2683836949116274
-2.138349961667542,1.2848830429213496
-2.1494802001947653,1.308409277269002
-2.1589656768296113,1.3298539775117515
-2.170468074938585,1.3565807678731354
-2.1845108413016168,1.3891328130047915
-2.1945550368204976,1.4107589626756305
-2.209522198365996,1.4409415245344455
-2.2219919198736746,1.4647825238729657
-2.233704856276152,1.48711512631786
-2.2460597065535777,1.5108516930589266
-2.259676240329297,1.5374868444749188
-2.272575867919848,1.5641605566425727
-2.2841236130597133,1.5905068852956774
-2.2964241430759422,1.6178160967466084
-2.3090935619017046,1.6448631829256393
-2.3199682382273723,1.668860943806632
-2.3306417277809865,1.6931125478397817
-2.3410878363387377,1.7190399722749137
-2.350282239132492,1.7461687998788835
-2.3607746695381366,1.7806303818250835
-2.3675548162357263,1.8036361412261739
-2.376157075052387,1.8323991908730717
-2.3854466610682064,1.8672643438366632
-2.3923197716342477,1.8964635232653662
-2.3992375950318987,1.9256908152335752
-2.4052196658236173,1.9551277799239712
-2.4110263248913397,1.984570869798722
-2.4163073453736166,2.0141535007261555
-2.420604003919009,2.041098297519265
-2.423526135938539,2.0617914374602972
-2.425475394774352,2.077929661027031
-2.4275257411883717,2.0968811658264745
-2.4291632713151565,2.1137703733915223
-2.431885054595534,2.1359350146021834
-2.4356363543027078,2.1570106419116186
-2.4405793036288794,2.178189048725708
-2.447516216441279,2.204585170356576
-2.455297419727748,2.2335539113994827
-2.4631345243827956,2.2624450494137416
-2.47069402225611,2.2914932623252944
-2.4779857078162415,2.3206219852378025
-2.4843177427405068,2.3481550223159706
-2.4907117912970125,2.376032184580403
-2.497214024096976,2.4030325333763085
-2.501880713042424,2.4244614480094215
-2.5077659414161517,2.45122930158575
-2.513420907211574,2.479627045126138
-2.5178457757706307,2.5093773209145547
-2.521765733872168,2.5391099993278283
-2.5275185641256552,2.574553567696285
-2.533541714741262,2.603865621071321
-2.540987964627628,2.6328029153971984
-2.550068439735396,2.661085628275057
-2.5595468673359285,2.6871341426926123
-2.570712837572958,2.713823938998285
-2.583251927866568,2.740990363994052
-2.5970961706366786,2.767486801161242
-2.612293906624798,2.793262560053581
-2.6283809831273266,2.818509484767455
-2.645059716512288,2.843400503600935
-2.662181333797426,2.8680225592118713
-2.6792412471327114,2.892709307150129
-2.696134191125252,2.9175125358591747
-2.7124618538875134,2.9419990793483746
-2.7265629314584636,2.9650848586051577
-2.7378706763007825,2.9858608138747886
-2.7468927563290495,3.005623008121086
-2.757850798099535,3.0342607984721566
-2.764452171717303,3.054728743986286
-2.771776592487732,3.0781589604264363
-2.7807517633361254,3.1043829124613325
-2.7903798849820145,3.1284025323600493
-2.7998200054918003,3.150924930134437
-2.8089731485280596,3.175403201116777
-2.817249293425628,3.2007270680411724
-2.8258768775124117,3.2255372774430313
-2.8330268021302447,3.243098063705213
-2.8430488558853777,3.2643541445459565
-2.8534959572787173,3.285557216225074
-2.8616298278189474,3.303982373091892
-2.8735280219320734,3.337796337418477
-2.8801628971334132,3.360913793463204
-2.8883943698408383,3.389702267529366
-2.898391132685432,3.417775401895224
-2.91171389342793,3.444350462138955
-2.92816872672596,3.469209680141908
-2.9461851453724175,3.4931382782441225
-2.964065555870183,3.517312239006583
-2.97895727620906,3.540795177883405
-2.9888455500232434,3.5601312613263154
-3.00045481140827,3.5907834732678023
-3.006302347385568,3.611667950916588
-3.0131079372860454,3.6377874319482837
-3.0210284337793603,3.6634457136061234
-3.0293228136994452,3.6831846055816797
-3.043784662489727,3.707230481224266
-3.061591598586282,3.729155092836707
-3.0810749278643534,3.7498005432643855
-3.097399097617195,3.7667461616863753
-3.1180326755311687,3.788257558394831
-3.1384735668997785,3.808388424618535
-3.160771295404938,3.8278913444149723
-3.1824425548212005,3.84333735111171
-3.2076836070672443,3.857736444193717
-3.234502903707866,3.870560067825004
-3.261531933805195,3.8832466207907284
-3.2880361515467453,3.8974748615878823
-3.3136077267295483,3.913061276858857
-3.3388420134389443,3.9291510580706133
-3.36433542809553,3.9449000944241233
-3.389908923468591,3.9606268766311556
-3.4153140258559582,3.9765850285962876
-3.4407849254647966,3.992452304889177
-3.466047026181044,4.0086705824076905
-3.4911377234878502,4.025163685005635
-3.5157768728435737,4.042395852800785
-3.540114953534896,4.059859290866806
-3.5651876558879785,4.076139183610044
-3.5909467232707373,4.091249659129068
-3.6118626149605757,4.103027071363312
-3.6378872082664193,4.117486376785217
-3.6640507515201763,4.131774270918622
-3.6849962794534403,4.143487228114416
-3.7111275949269094,4.158244716720567
-3.737008325468322,4.173418761284435
-3.761215418884458,4.189175083759728
-3.777992659530603,4.201515066611593
-3.7974561903333712,4.218782147399922
-3.8169839411588002,4.239089850647342
-3.840937673291326,4.266061693163429
-3.856359646712575,4.284464299126296
-3.8760500130344315,4.306976647781582
-3.896999928168609,4.328240320447664
-3.919562858703464,4.34778162706881
-3.943351227856526,4.365964980696856
-3.9671923173049417,4.38429375843763
-3.989740270331722,4.404369855245458
-4.00867334830473,4.426618161983181
-4.021583713592049,4.449111008548536
-4.030604500772312,4.473362902793384
-4.037163684630851,4.498273951154348
-4.0433211637887965,4.525323796656816
-4.049642328963053,4.554660189227972
-4.055596081041441,4.584089985781436
-4.060579198829675,4.613743337594946
-4.063627756082666,4.643700833200398
-4.064593615377281,4.673783626942008
-4.064427842343135,4.697776441681292
-4.064441898028987,4.7337283913942825
-4.065134301872397,4.7636808319599435
-4.066435861870532,4.793617602032191
-4.068317367270417,4.823526527384405
-4.070289948566059,4.853493335602056
-4.07147963764978,4.883513414408408
-4.071917183403504,4.913564670972844
-4.071761717993728,4.943588734590798
-4.070933056735819,4.97362822500306
-4.069455581019991,5.003643992479215
-4.066873728103417,5.033607064337954
-4.062772231801477,5.063451129454682
-4.057579965010078,5.087052841235854
-4.048547081177318,5.1135947772984895
-4.037582016200093,5.13905739624973
-4.026445083956747,5.164304372773766
-4.017719829625683,5.187341573419501
-4.012804516209835,5.204234390726551
-4.009968141717782,5.219526227159879
-4.0093569453646705,5.239144620087897
-4.012578537503696,5.261585201558469
-4.017487701348825,5.279134144031613
-4.025221466668028,5.300686551139227
-4.03255271317238,5.319812763857268
-4.040462651604615,5.34141293855353
-4.0474759230676005,5.361152572005699
-4.054856711157477,5.381438905787136
-4.062286516859939,5.401300576856218
-4.073335325844178,5.4288769980444
-4.085236216607615,5.454674443253435
-4.097244710535807,5.477462418594464
-4.1092453620820635,5.49765218507563
-4.121867080225762,5.517212197107123
-4.132398917321073,5.532698081830018
-4.1454090706911515,5.5506429029912665
-4.156517596981424,5.564856854993216
-4.17524950364068,5.587727247016457
-4.192957195656273,5.60994100748382
-4.2114487173711685,5.633576130876024
-4.229926703668475,5.6571920407225535
-4.248792310808136,5.680452649064651
-4.268142611664688,5.703331424397065
-4.288269394226162,5.725458181652378
-4.3091495588345525,5.746941430813624
-4.330574314585513,5.767835419884047
-4.348336329553661,5.783890292316795
-4.3710189813431715,5.803494747603904
-4.393633214031318,5.823231838887462
-4.420254700838349,5.847623596286218
-4.436974429549056,5.864961165302124
-4.460996197065254,5.8918260069660455
-4.480549744685434,5.914682416062174
-4.495262705525462,5.933763239945181
-4.5120532980482,5.95881839947722
-4.528319974790835,5.990370291553596
-4.5395437623103225,6.0174034936463965
-4.54981281636775,6.045485968126865
-4.559442379051153,6.073897537351932
-4.569087518621661,6.102220122988881
-4.579069018963438,6.129900615697387
-4.590347472395579,6.157627547084451
-4.601976126752673,6.185175417968944
-4.612104463235143,6.210434231507134
-4.622905464990981,6.239674598970477
-4.629537619678761,6.260546880052714
-4.634767824627794,6.278468836232905
-4.638270751608247,6.290799958130268
-4.64208279796109,6.305590633767495
-4.645921086840439,6.322458557343368
-4.6497120492466895,6.339912418400569
-4.653675165703844,6.3581423474231
-4.658117595243535,6.378352853731552
-4.663340972871454,6.405356005427441
-4.667460201191846,6.431777533435673
-4.670130933433753,6.45133714045437
-4.673063098794057,6.473860279681417
-4.675820992847929,6.496132929485557
-4.678759546035976,6.519250777031287
-4.683887796493588,6.549375848683305
-4.687949150206029,6.569595754379062
-4.693133894350057,6.594473028911608
-4.699501081654531,6.622964882204794
-4.706468974396873,6.6521543798290965
-4.713276492885715,6.681360934201634
-4.719988574113995,6.710639810160456
-4.726265485647005,6.739998495512132
-4.732089401011427,6.769445196470765
-4.738154065599054,6.798793618915604
-4.744002310413999,6.8281558235536455
-4.747927238298025,6.85516880295077
-4.749818387525543,6.875067429387573
-4.750674996543477,6.888492764319337
-4.751440286524903,6.899679120529885
-4.752210433985432,6.908013776756072
-4.753703757705101,6.919867694040116
-4.755244754387529,6.9297637883604395
-4.7569402256226825,6.939247791972193
-4.758737179444496,6.948747850527024
-4.761956217669464,6.962953173896197
-4.768360241514611,6.985466038958636
-4.776781731045684,7.011349477865278
-4.785761618897999,7.039784747315375
-4.794472367854171,7.068501200644955
-4.802976216138487,7.09729008822786
-4.811674134501402,7.125947827044418
-4.819097820931634,7.148753639168981
-4.828549723509669,7.177211045319538
-4.838216003604975,7.205505299737014
-4.8480046717530225,7.2333933141827575
-4.858293488028221,7.261072543651366
-4.868330380940572,7.286353544431566
-4.88030754833196,7.310611519612904
-4.895703526526331,7.3327431867879
-4.914513333441459,7.352152645972011
-4.934833086186996,7.3694563256155625
-4.951321910243098,7.382054568804411
-4.967523584850242,7.3925702383047875
-4.985809347529081,7.401166095018339
-5.008328255010736,7.408175868734807
-5.031321951712286,7.413305736344943
-5.057054400429345,7.417946888470606
-5.085980398615022,7.422139842177342
-5.10975792922105,7.425008555376114
-5.144942022151457,7.428687609269342
-5.167896503728469,7.430736505580097
-5.203779125353618,7.433530712297281
-5.233695122823416,7.435994126995611
-5.2635967673442385,7.438805598461632
-5.288736111884958,7.441763894808136
-5.311362685798991,7.44545290206292
-5.334812160430306,7.450786804163915
-5.358863228638235,7.457442614174058
-5.384316138977822,7.4659529319361795
-5.407365335520765,7.475540055507364
-5.426528784687546,7.486167400803057
-5.4426034352550365,7.49765858441971
-5.4575999522704794,7.5096533389911935
-5.473509842704637,7.522218423722635
-5.4914779167498,7.536628910023083
-5.508429182340372,7.551295482066882
-5.526775892984576,7.5679362391496285
-5.547610545108825,7.586904385524029
-5.569587169390045,7.60706069827804
-5.59129172683929,7.627668135663999
-5.61237185099705,7.6488024590750125
-5.631297976550951,7.669096271144221
-5.64735954472933,7.687292588242683
-5.665932605034127,7.7085422137624136
-5.686280673200721,7.730179803518928
-5.703384960238159,7.746433411599336
-5.725648502952278,7.765895553840974
-5.7476871089100845,7.785121481800052
-5.769846094190021,7.804848253511375
-5.792135174681881,7.82492921333462
-5.814408542236024,7.8450313176338655
-5.836672329770658,7.865131588041155
-5.859088975128909,7.88501796278458
-5.8818455703483075,7.904530103415486
-5.903311811556527,7.922682688194612
-5.924483404417504,7.941270789381353
-5.942126809878469,7.9576012726173815
-5.963739747580947,7.978476527664694
-5.982541748559628,7.997627736754136
-5.997631529054126,8.013925356901263
-6.010238503329213,8.027796441445604
-6.02580298218422,8.044629164401998
-6.042587584276926,8.06209297047074
-6.062959406272727,8.082972577099477
-6.079684689462616,8.10010529927228
-6.101027565115028,8.120259660019762
-6.126445368686139,8.140923346780554
-6.142404313720731,8.15324172664489
-6.164411414523475,8.170998385684713
-6.184404215772403,8.189442986219328
-6.200991488637184,8.20719291232622
-6.216492778896412,8.225169564770871
-6.233742551595702,8.245078865772031
-6.253596667553945,8.266630665239058
-6.274337657161932,8.288254632079138
-6.295300790260062,8.309729562777088
-6.315927744928182,8.331572233485659
-6.336221301132505,8.353679818297426
-6.352380254603575,8.371208849148228
-6.372722367020892,8.393258935260027
-6.393396453192043,8.41487497022072
-6.412547161154934,8.432422331872418
-6.431093889776263,8.447750934062176
-6.453516030951393,8.465353562261914
-6.4743409504881955,8.48087916374573
-6.498986415756944,8.49773558451133
-6.524296839968595,8.513711878339366
-6.550120517599558,8.528889151350906
-6.57625090609958,8.543517997701507
-6.597575544486505,8.554285090056977
-6.625095476376966,8.565854125595862
-6.653459844318156,8.57481429712368
-6.682746667124243,8.579240466151681
-6.712458463988625,8.57870552675133
-6.742101881614153,8.575066015869199
-6.771733544946187,8.570367104905948
-6.801632692949719,8.566671547917476
-6.831866201966473,8.566083967680054
-6.861851562412892,8.570049787779427
-6.891071749122416,8.577475700240146
-6.919773332072448,8.586299094960449
-6.9462036347054354,8.59433629862423
-6.971388548899153,8.60136720386412
-6.994997016671096,8.606816172892026
-7.018053913950146,8.610742936518747
-7.044393122248862,8.613293387488303
-7.073437141749172,8.614652210192935
-7.103415777524846,8.615553836649836
-7.133441969265701,8.616909800737307
-7.163380663651194,8.619067957817295
-7.193262003923983,8.62068037893679
-7.223217648321039,8.621367160730115
-7.253228708425067,8.621918276244283
-7.282822595366511,8.622684770489471
-7.301436579404152,8.623154103879088
-7.322396199663664,8.623627243757893
-7.339947768049025,8.62368893266791
-7.36511781122236,8.62335086649182
-7.3864321233518435,8.623085138719336
-7.413935555357729,8.622920360677645
-7.443875813650292,8.622604924691375
-7.47314780863736,8.621379019573968
-7.502743089422963,8.618938386767862
-7.532353002504831,8.616022498321145
-7.562211661328889,8.613056852627622
-7.5921238831081626,8.610371885206341
-7.619189737757869,8.608491876455552
-7.647379618031955,8.607216974285631
-7.677384681160092,8.60764328984999
-7.70645141645912,8.609925187193252
-7.7277097118402205,8.612296712933112
-7.754992230465097,8.61682264782124
-7.782264178035593,8.622871979553103
-7.807177778687207,8.629670064762497
-7.830818647360407,8.63726721845702
-7.853483287652373,8.645329857333856
-7.875820446946349,8.65461670106569
-7.895837788218966,8.664214652229441
-7.917940508637856,8.676007473882306
-7.937955869887632,8.687712036636308
-7.956074874042649,8.698801000995841
-7.97600248210246,8.710437252463857
-7.993846052379548,8.72087007876366
-8.013463650054428,8.732496435957495
-8.035404745036988,8.745333005611691
-8.058399168159463,8.759304275441549
-8.075867034605082,8.769790993335738
-8.097493911073203,8.782442514586913
-8.118803673768433,8.795569426984224
-8.140303399627502,8.808331912837291
-8.161621598316566,8.821585179065348
-8.178355485972984,8.832559475462785
-8.203736990560502,8.848585993134423
-8.220484607064588,8.859619268903142
-8.241415975193895,8.873212024455913
-8.26457886225633,8.887296630008287
-8.290412775586443,8.901942767015834
-8.317384242443696,8.914015605292525
-8.34593190705973,8.92157976403267
-8.36952960218878,8.923697574815181
-8.398983919499557,8.921354767030673
-8.427771610332353,8.914586357546552
-8.455448799591652,8.90417998022417
-8.481425458211962,8.889682731118029
