8.157319531172398,-8.000014952429105
8.149575451802178,-8.026596545648813
8.145082650255286,-8.042484263450756
8.14380081065851,-8.047008829838187
8.142631064956626,-8.051150157909492
8.139775330166886,-8.061262370403352
8.137195620915794,-8.070414155680474
8.136924194637807,-8.071379769209106
8.136924958282021,-8.071378242350995
8.136924322632751,-8.071378679911637
8.136924365967387,-8.071379273568143
8.136924581294219,-8.071379000571225
8.135843156550857,-8.075226126449591
8.132056858058816,-8.088701502254262
8.126269310618774,-8.109169354815391
8.120272299992136,-8.129012902396301
8.114103923926857,-8.14878057088953
8.106550225780431,-8.170446707323613
8.098901588826001,-8.18917057466738
8.092619840826377,-8.202116565007085
8.085360310920292,-8.215149112176704
8.07628551983259,-8.23028047662536
8.065387772426346,-8.246377361411005
8.053135326360003,-8.261517744089806
8.03871200454247,-8.275393120477085
8.02154618097255,-8.288708076946548
7.9986856407032665,-8.303285110906167
7.972716482992629,-8.317536378581465
7.946091586236689,-8.330512584971288
7.919427522810934,-8.342578892735178
7.8923541267331165,-8.354472031704054
7.8669588234027295,-8.365994058110838
7.842562745957626,-8.376689033707718
7.815460584460333,-8.387342082396875
7.787149915940834,-8.396601567273066
7.758786479171084,-8.405380845294072
7.732780811766654,-8.413044459188447
7.71758493404824,-8.416933484836136
7.699071626242654,-8.421083644341195
7.673850606061085,-8.42593295835495
7.646863426949251,-8.430581118680868
7.617389139030348,-8.43556901525409
7.587885528310395,-8.44050889687576
7.5581563919035135,-8.444489769113963
7.52827770984365,-8.446511925625511
7.498355406295453,-8.447110034392027
7.468758727691744,-8.447601200373436
7.4393029851677275,-8.44903474042142
7.409543055825088,-8.451095163943164
7.380213466915068,-8.453328865917145
7.350687532675139,-8.454935057649177
7.321248710053182,-8.45569398781063
7.294777949208618,-8.455906793382436
7.26999016477206,-8.45522034002109
7.246165282453521,-8.453495805006133
7.222819758836851,-8.451281347438307
7.196622393575245,-8.448102673739127
7.169212890821792,-8.443646199862645
7.143692487581173,-8.439099010439715
7.121493573148394,-8.434927633533292
7.100942485436796,-8.430998892636365
7.0799740734664125,-8.426486867647329
7.059811972524013,-8.420852200514227
7.037145622847134,-8.413109310990054
7.014245894967863,-8.404818797451753
6.989228118740123,-8.395635705058691
6.961278386691508,-8.386123502579641
6.932519286200882,-8.377701310959962
6.90376273574267,-8.368940786985059
6.882022521785957,-8.361512986799038
6.858542187374697,-8.352598801383559
6.8354036208855256,-8.343394279777703
6.812077158614745,-8.334032056808866
6.785325534131254,-8.324200638455672
6.757124035571806,-8.314579489268636
6.728806268046929,-8.305277073606366
6.700323952453439,-8.297818737258249
6.671072740420798,-8.293133459523684
6.641397905502367,-8.29149399537686
6.6115562960141,-8.291394168398643
6.584386290157035,-8.291252399937154
6.557462248807189,-8.290656763552072
6.528455466661203,-8.288378353698693
6.501243177197409,-8.283753356198975
6.4755390001078705,-8.277404475485218
6.447804874683532,-8.268848169060306
6.4211356310333505,-8.259689035812684
6.394756760748921,-8.250605427932555
6.3676378637430915,-8.242516226142705
6.344718220594145,-8.237006224119035
6.322301813379309,-8.232673953968312
6.296330514071851,-8.228787789273767
6.269045582682079,-8.226587545434171
6.241967057657322,-8.225352492001502
6.214069909499486,-8.223674784071939
6.184278831015672,-8.22102268579399
6.1603882691096405,-8.218523911652698
6.130546279001136,-8.215196353608434
6.094801854395913,-8.210836569929132
6.070984973649689,-8.207579178391157
6.041327162856301,-8.202835701156518
6.012021617663441,-8.198437036599
5.98532336130465,-8.195360616328728
5.95735953149586,-8.193210450017585
5.92892475486535,-8.19171717679629
5.898911688311351,-8.189369199326778
5.869128459711276,-8.184331771898181
5.840198852004938,-8.175739045752934
5.812028019993477,-8.165225824174804
5.784146854731238,-8.15411446346298
5.756247731853118,-8.143136400488627
5.729300369064657,-8.133026930892107
5.7092420364961045,-8.125766659915273
5.6864380095531715,-8.117674109450377
5.658781493575406,-8.108606968440325
5.63045740737242,-8.099753792502733
5.60190410760667,-8.091083265780984
5.573152348014091,-8.082965081167062
5.544045020527612,-8.075748652357172
5.515029507628832,-8.067822133821045
5.486354489489816,-8.058835994132087
5.457923780590635,-8.049052822868147
5.429855463958497,-8.038258639332462
5.407728482848567,-8.02886767756831
5.380338583508149,-8.016552981537636
5.352971433082092,-8.004288604761216
5.326427546581794,-7.992035245081443
5.300214651061211,-7.978485161858334
5.275932812773061,-7.9648779918936405
5.252988196836179,-7.952115377386516
5.230302244694704,-7.941394006576739
5.206278718850951,-7.933479624126873
5.179638077591747,-7.927759681142161
5.1504879443327,-7.9233148488710805
5.120724740789567,-7.9210026108158385
5.09203922613515,-7.920402436996386
5.064607526071379,-7.9206990037246054
5.037965584739612,-7.921674507891227
5.0102512906341925,-7.923316608552991
4.980712702717576,-7.925753868884651
4.950828955756446,-7.92820136576475
4.920917331176389,-7.930750345273572
4.890913775366094,-7.932679324076146
4.860828163216735,-7.933219624803003
4.830794736882322,-7.932638649496239
4.801861287241821,-7.931451995035521
4.772422540273637,-7.929617808087104
4.743077741280381,-7.927285537579889
4.713531780827173,-7.9245969547915625
4.683750900638113,-7.922268850444708
4.65385871012394,-7.920893557035727
4.6243265599288055,-7.920456197468528
4.598392216208162,-7.92106297387215
4.5703221095991875,-7.922598632248316
4.5442569403197375,-7.924083536984563
4.514544646405651,-7.9254608601692125
4.485334828790907,-7.9266774356590695
4.455435924102417,-7.9282270162569715
4.431538620436909,-7.929436911567139
4.402666156129671,-7.930761457914282
4.378679606330444,-7.931827659985786
4.357763953163104,-7.933289082406852
4.336619702525923,-7.935269727755987
4.315731065651209,-7.9375711065488925
4.293456364642062,-7.939579481039711
4.2650054717923895,-7.940824734967306
4.235294404595834,-7.940906298001309
4.205216549355815,-7.9394516825918355
4.175311143963455,-7.936166368272928
4.1455741035883165,-7.9322327023217065
4.115797254667263,-7.928131168238657
4.0862174958773885,-7.922636294262499
4.056869961304067,-7.916298827931188
4.028580709745046,-7.909581112734814
3.9996155460122194,-7.901459550773286
3.976708136246522,-7.894062326436094
3.949016523518198,-7.883701583711603
3.9217490853135164,-7.872439523802847
3.894444547279843,-7.861277524844812
3.8670479628424554,-7.850446662244366
3.839586706142262,-7.839709287370676
3.812085997190733,-7.829049528229266
3.7844466478233665,-7.818806995795641
3.756367760056751,-7.808267434173374
3.7281743208778266,-7.798126060732912
3.6996514196238195,-7.789266273134891
3.671284120605843,-7.782347952017754
3.6425441412440493,-7.7771096216812845
3.6129121711260725,-7.772865688489533
3.583198756399322,-7.768746623023562
3.5534832453717025,-7.764821966863033
3.5237037139796774,-7.762024490216587
3.4940143165809348,-7.7599952140085104
3.4645278535369304,-7.758077512923453
3.4345441158936985,-7.756288847818444
3.404620413211729,-7.753657221933852
3.374758070052582,-7.750321677345456
3.3449997540116128,-7.746376574923164
3.3212232784463906,-7.7433617080938975
3.291456475592571,-7.740861538695171
3.261526776535189,-7.739949279280092
3.2316337051738344,-7.740112593676017
3.2017065114808756,-7.7415924619440695
3.171635301297869,-7.742654034490628
3.1414640850753233,-7.741197233839253
3.11173003340844,-7.73600324857669
3.0848263101821902,-7.729140055940057
3.0599410079999165,-7.722039418894269
3.0314766857201256,-7.713885654404821
3.004066062712293,-7.706058955975044
2.977382654758473,-7.698052844176631
2.95025683177855,-7.690069015773175
2.9214511492336324,-7.681661581643806
2.892821239233377,-7.672548783304289
2.865397576404904,-7.663038914311902
2.8399118041801032,-7.652895780240439
2.8133035441516583,-7.640212342504936
2.7869209172899447,-7.625631099537279
2.761852333374546,-7.6089295887286115
2.7375738124130047,-7.591237503071864
2.7137550513674715,-7.572900903922543
2.6905501554877067,-7.553816530186454
2.6722729056925703,-7.5381985433014504
2.6472453817931663,-7.51547745441361
2.631811875454037,-7.500587065182335
2.6118670113342546,-7.4808537156911346
2.5935466139532815,-7.461986618217249
2.5729793220509953,-7.440447915108472
2.5522147510125857,-7.418813424977787
2.5324919312159113,-7.399173401759148
2.512227360555739,-7.380051719064556
2.493074236205223,-7.363720853631788
2.471109188822071,-7.34866271409656
2.444807380503744,-7.3346406935597335
2.4175911414106483,-7.322321159441825
2.393405889835202,-7.3123741169961995
2.373463182779436,-7.304847078770258
2.3479693108220316,-7.295655308060357
2.3240848624143235,-7.2864938779069695
2.2982915904918366,-7.2749364950552105
2.2759554423328243,-7.263408095382786
2.2553962062988835,-7.252050570643924
2.238608179566018,-7.243183665318146
2.2123957775203826,-7.230745296548055
2.184998898494047,-7.218500636344017
2.1578674783601413,-7.205548662162019
2.131237668680148,-7.191617062060167
2.1050521440149375,-7.177957366407967
2.081920137118047,-7.167202889661702
2.054828555900151,-7.155888975548037
2.03155347365129,-7.147315849069937
2.0125524748503794,-7.141315768183709
1.9939889166632474,-7.1355642600701445
1.9789935682196245,-7.131149416650721
1.9648680424171017,-7.127597978938433
1.9467318305949262,-7.123548727671747
1.9323376953794333,-7.120505199133394
1.9209608688149766,-7.118149552547226
1.905344762917603,-7.115201900161928
1.8874299395570715,-7.112106301815136
1.8645706170087641,-7.108042523089687
1.843845116663197,-7.1041012449214875
1.8190758321852754,-7.098425778197963
1.7941463637538975,-7.092067894230322
1.7716539139178424,-7.085811244002979
1.758462973700595,-7.081664155048682
1.7541071600341969,-7.080140853522515
1.7521267628837984,-7.079392354412586
1.7485777989507398,-7.078027728322061
1.7397897705404928,-7.0746473173650735
1.7295961099562143,-7.070767418205285
1.718674985087947,-7.066887542702085
1.713057432695343,-7.064916700966693
1.7068906071801886,-7.062648725821602
1.6960429177345624,-7.058350781016515
1.6836131118307003,-7.053059366641935
1.6669407696306426,-7.045618816841905
1.649755050110195,-7.037561426098356
1.6297972080481047,-7.027614958337898
1.6087088113221315,-7.017333005512914
1.5884280516166307,-7.008508342653158
1.569294610392923,-7.000885943496814
1.5523266225958792,-6.993639180165708
1.5393956300265048,-6.986986936511264
1.5268841877737354,-6.979198362838506
1.510362258229523,-6.967416273724134
1.4898906435982542,-6.9509907887043045
1.4690896297335896,-6.934131341934894
1.4464283596661587,-6.917413962186139
1.422928563657583,-6.902058047975248
1.3982410708103576,-6.886439823813538
1.3730069589043523,-6.870150340859845
1.3478819887766766,-6.853823527910245
1.3274872757544631,-6.841272592221327
1.3014559994473958,-6.8265072618437665
1.2748726287516483,-6.812796963432761
1.2476472571907795,-6.800383781230915
1.2199479780059246,-6.78906772222508
1.192087118794327,-6.778712045477012
1.16658441789896,-6.770489907282369
1.1416546531544611,-6.76294406313014
1.114045380984306,-6.7543009362862465
1.0869529941652323,-6.744463783946701
1.0589432684131777,-6.733639356650125
1.0312353025391172,-6.721931937140263
1.0040713097766774,-6.709002598254052
0.9774918101263647,-6.694946948212519
0.9513545525790873,-6.680118161347808
0.9256626697081852,-6.664540263632681
0.9002785873674652,-6.648476706990271
0.875593713978318,-6.631864719813401
0.8517817079347718,-6.616064807497466
0.8263003560423832,-6.600456069584254
0.8002960324252365,-6.585598430545619
0.7783035139007116,-6.573528584691657
0.75982559377634,-6.563310570722545
0.7456995642105863,-6.554856823852702
0.7283102529497086,-6.543861297612466
0.7066976522149065,-6.529775926280672
0.6830047798468162,-6.512856235009006
0.6602974488531571,-6.493382147996964
0.6396535107235722,-6.4731960201577845
0.6212145780710866,-6.454520712221699
0.6007507306747149,-6.434061249646664
0.5786495260410254,-6.41410811757951
0.5549826198553994,-6.395967255059637
0.5297940272314755,-6.379972525465041
0.5034921845459297,-6.365732085835589
0.4768026062159642,-6.3522809919163
0.44976609983694393,-6.339330911825795
0.4226506789676536,-6.326575725972026
0.3951571956796135,-6.314688487266134
0.36759334507830715,-6.3028367104288945
0.3417116655066316,-6.2922686276398805
0.31776419195718547,-6.283133870207029
0.29609790434138955,-6.275114319813226
0.2763166894369428,-6.267713818574652
0.2546226774840117,-6.259281899941513
0.2399921352884384,-6.2534386593956555
0.22270272343323014,-6.2461206195274395
0.20877095246956998,-6.2400013083880665
0.19481143467437992,-6.233997002605748
0.1771989298005961,-6.226599223741453
0.15743275727243694,-6.218915061246062
0.13225419097815075,-6.2098081263485865
0.10471702623435139,-6.200123439856501
0.08207198314340967,-6.1922846810683145
0.06341728904337136,-6.1855413973299
0.04911558654336606,-6.179662797422397
0.03075370248947371,-6.170730727513529
0.012991275708606687,-6.160960198524085
0.0010706527601318466,-6.153432266709013
-0.007680666103739708,-6.147056867167823
-0.016534161216761274,-6.139576953398333
-0.02938503258989425,-6.127026412035741
-0.046285327186836984,-6.1077304595509805
-0.06433671939598301,-6.084911235342747
-0.08270734959087019,-6.06119128690915
-0.10092321903553685,-6.037321020722608
-0.11874885509390595,-6.013785465430769
-0.13159782278424567,-5.996392162839767
-0.14502015369108742,-5.976513960164676
-0.15993633512566433,-5.950952717493918
-0.1730762933959795,-5.923984634392597
-0.18439477471729432,-5.896688849167276
-0.19273130170218186,-5.87478235862361
-0.19895901650305456,-5.858062389123275
-0.20533243714216065,-5.841073537137453
-0.2119773143876688,-5.824850083715106
-0.22046243336681431,-5.805352557970797
-0.23172501539238985,-5.780723050738308
-0.24383433882926206,-5.753682447864327
-0.25515970947239924,-5.727770193862704
-0.267150829682886,-5.700603629568574
-0.2790413636103747,-5.673247661978373
-0.2924205788623918,-5.646744632662437
-0.30896915021393445,-5.622255359795669
-0.3296959761412801,-5.601125360317981
-0.3539932034626354,-5.584172184733354
-0.3805601361383632,-5.570741247181596
-0.40815436249063397,-5.5591964162097005
-0.434366313901939,-5.548428561738552
-0.46085602271206216,-5.537375973281424
-0.4887051747480848,-5.526354416559497
-0.5109110700927059,-5.518473562078171
-0.5380265316283664,-5.509835497053485
-0.5609186566109376,-5.502791357714888
-0.5840145421030069,-5.496299293984585
-0.6046677704190195,-5.491325147012248
-0.6294752835075627,-5.486921866254085
-0.6568949667248929,-5.484896184013749
-0.6840824338874568,-5.4863284404757175
-0.711173028772787,-5.490553554369013
-0.7382455020062825,-5.495691376144629
-0.7652534555686072,-5.499818236048318
-0.7876367672121579,-5.501385957446279
-0.802854140210499,-5.501204726085654
-0.814235593793864,-5.500127379909974
-0.8316847613463074,-5.4971008041704215
-0.8509908795277646,-5.492614198916487
-0.8761596247132492,-5.48623598901259
-0.9017161985509955,-5.480095846686886
-0.9273362093897579,-5.474420755499174
-0.9539402684138027,-5.468895037247841
-0.9830350330896362,-5.462136906483224
-1.0121187925810928,-5.4545285698065165
-1.0408600690675769,-5.446273021571771
-1.0670566818776042,-5.438250424811579
-1.0894506828753623,-5.4310813831083635
-1.1148942325714057,-5.422357418265505
-1.1413468958918107,-5.412606811292098
-1.1693396959527442,-5.402465692716085
-1.1948309022659676,-5.393492944553204
-1.2175148160443159,-5.385448663956869
-1.2413024807755206,-5.37730897391926
-1.264991291081502,-5.369126524912521
-1.2862422566154317,-5.361209859748446
-1.31067766292837,-5.351571114048975
-1.3382720997916835,-5.340332001046256
-1.3643693096507443,-5.329693933064027
-1.3879879140481342,-5.319957775764097
-1.414416351590348,-5.309026272906851
-1.4420084839527798,-5.297162710520117
-1.4692794856361153,-5.284791133277488
-1.4961275557525218,-5.2712108778736475
-1.5222144730252245,-5.256629792856113
-1.5478459972974214,-5.240989709477787
-1.5729082652307957,-5.22441444226296
-1.5976583102931514,-5.207420390273814
-1.6220875336444356,-5.189951301492389
-1.645940208056082,-5.172908187985553
-1.6699846855484697,-5.155628439266548
-1.6931840651036172,-5.138497048515263
-1.7142851031539255,-5.121838927994023
-1.7297033499632972,-5.108227077252913
-1.7449506371610313,-5.093815939685055
-1.757907560374544,-5.0817345844894035
-1.7773524724318008,-5.064820119502455
-1.797356112515743,-5.048675963533726
-1.8206117518494975,-5.031424288022419
-1.8446765697645675,-5.016291647585772
-1.8693039223265848,-5.0022060818395255
-1.8946216505656872,-4.9895288596098055
-1.9221651169995562,-4.978041914561833
-1.950447249385653,-4.968560575601013
-1.9792017166558216,-4.9614934269748545
-2.0080587426598786,-4.9559419480813975
-2.0375422197207502,-4.950849287623012
-2.066936934886929,-4.946308806441679
-2.096573385881525,-4.941929085724823
-2.1261835864841947,-4.9374075392848065
-2.153203433376578,-4.931891587491863
-2.1709147550974195,-4.927486209610645
-2.1977974648042635,-4.920215062672525
-2.218850172198918,-4.9145328506980555
-2.243793680163603,-4.907989070790935
-2.2667340255981943,-4.902387903754849
-2.293780802306248,-4.896849347880686
-2.323325951028567,-4.893070784031076
-2.3531819457033887,-4.8907517746492495
-2.3830733220158495,-4.889384263314615
-2.413018258677716,-4.88896752214009
-2.442954204058693,-4.889110427491393
-2.4729745450561245,-4.888851270413397
-2.50185505096855,-4.887410112252256
-2.5317875199027964,-4.884358500581182
-2.5615288438879573,-4.880012942826393
-2.591168537288338,-4.875185214359442
-2.620661211336078,-4.869070178053018
-2.6496747444202335,-4.861097583620078
-2.6772829685733006,-4.852165442480653
-2.7010543018670665,-4.8431842233075635
-2.7242035783756484,-4.833475966292727
-2.74935123494,-4.822021899584051
-2.7711532633839036,-4.810363499212079
-2.792380009084559,-4.797207321430209
-2.814031736130679,-4.782914784550542
-2.8359514269041766,-4.767806416010809
-2.860314021373168,-4.750296751538831
-2.884684724836877,-4.7329185124501585
-2.904471881621221,-4.719366994253194
-2.926681108530135,-4.703845930433891
-2.9444426179047603,-4.690813954419641
-2.963861131421948,-4.676564322194278
-2.9875810633762265,-4.659349284196678
-3.0119733137399805,-4.64187415522048
-3.035962240063235,-4.623708480049956
-3.0590516945506607,-4.6044560174065
-3.081566488558189,-4.584577665715818
-3.1026639434800862,-4.565579085232339
-3.1248441261264204,-4.545382959994331
-3.147064041011118,-4.5252301939072685
-3.168982280357489,-4.504871994010104
-3.1892808100597847,-4.486538956542054
-3.209357477333081,-4.469267710992125
-3.2313659542245445,-4.451453428995742
-3.2543644164354784,-4.433374905514326
-3.277534395156214,-4.4142521028626875
-3.295582161837383,-4.398344493513476
-3.3175380820354894,-4.377872738921073
-3.339324338594202,-4.357177600327239
-3.36020046616242,-4.335488003113549
-3.3796676577225475,-4.312749062223511
-3.400991719701229,-4.283508034413684
-3.413274770664259,-4.2627539849200335
-3.4266012286126264,-4.237133072287999
-3.4382465106440527,-4.213454168998568
-3.4513002442545138,-4.188169495295472
-3.4656301118381765,-4.162325195622694
-3.4813004359373574,-4.136818745242035
-3.4972085857031825,-4.111367328694727
-3.5128388788296503,-4.085726202911324
-3.5277970811443726,-4.0596388880622385
-3.5418043556283023,-4.033063710281592
-3.5557275258508416,-4.006508543011582
-3.5697801833524356,-3.9800061403550315
-3.5838021551969663,-3.9534865159085184
-3.597991528831128,-3.927076377338247
-3.6125157166463735,-3.900870584710818
-3.6281130584290984,-3.8754011446835483
-3.6451292952271244,-3.8507753047977564
-3.6625346470504456,-3.827728878229327
-3.681106027065641,-3.805354438122265
-3.70040708860718,-3.782647129156287
-3.7199947785349754,-3.75995492182729
-3.739799870094971,-3.737481633312414
-3.759803185197702,-3.716548644567809
-3.7766501745672625,-3.6999234337713376
-3.797489732705533,-3.6799190180473587
-3.816872721761053,-3.661727936707287
-3.8361977798493765,-3.644177208334263
-3.8563403227157806,-3.626295930700183
-3.8725855375084866,-3.6118812095991752
-3.891319643982456,-3.59505418195886
-3.9134077613293483,-3.5754355101761006
-3.936044040131473,-3.555766272075111
-3.958602717179161,-3.535949218094897
-3.9808928287470318,-3.515811098104773
-4.002538538676602,-3.4949728002799807
-4.024091063029456,-3.474174285673885
-4.046482510275642,-3.4544022570678767
-4.069804265514793,-3.43632598213844
-4.087832844094214,-3.423311399346369
-4.110289597863825,-3.4074659975014976
-4.133486491758336,-3.391941976622424
-4.156968807358608,-3.377625691447285
-4.175856910642162,-3.3665921344123633
-4.191726472541449,-3.357205204485469
-4.206665099528432,-3.3478614279297845
-4.225337328705703,-3.3353946554844414
-4.249049800335258,-3.3187170276129967
-4.273683566216235,-3.3021505175319743
-4.298929866186122,-3.285919965301614
-4.323969215442414,-3.2693792382443805
-4.348666957987658,-3.252177978717461
-4.371647115316288,-3.2336167823054924
-4.39213616418039,-3.2149374826879846
-4.412069126131281,-3.196606674779307
-4.428732642526168,-3.181861501661339
-4.444886671537713,-3.168016597864471
-4.4637529223514685,-3.1527612910313803
-4.482950074473731,-3.1384425062808647
-4.503500348787366,-3.123455706469208
-4.5277285005926045,-3.1060723788263047
-4.551677351900085,-3.0894321228701185
-4.57596846365791,-3.0725807458877226
-4.595171675198046,-3.0588190370876185
-4.621879384032545,-3.038235714041571
-4.637922513787363,-3.0256023210750262
-4.6571131356733435,-3.011055968272235
-4.673850522276751,-2.999606005823807
-4.696077722584694,-2.9860988315414727
-4.72177454702198,-2.9718430630485657
-4.748122747436958,-2.9574694820253957
-4.774471553777776,-2.9431842034199027
-4.800825997421762,-2.9287517902136044
-4.826626191360261,-2.913305362540516
-4.851964616814843,-2.89769736317621
-4.876932714390586,-2.882344640394464
-4.901501880758197,-2.8672193712327187
-4.926166285066883,-2.8524884278471294
-4.952360281173227,-2.838419686560448
-4.978472622007467,-2.82472272693156
-5.002172682115236,-2.811722073499526
-5.026665807291063,-2.7978543675156295
-5.050159771054626,-2.7822994048317287
-5.071139225677031,-2.764501232973642
-5.088965780158553,-2.7459391923295606
-5.10392508470669,-2.7279935479597452
-5.118185093325364,-2.7101536881586825
-5.131113350089992,-2.694410972424004
-5.143020507873009,-2.6795481680697057
-5.154460426676643,-2.6636731123144637
-5.163382139698124,-2.649054011934393
-5.175935490614374,-2.624477877224446
-5.190013324513207,-2.593894082359376
-5.200278285294361,-2.573109291998894
-5.213953713501291,-2.546534987054715
-5.227199685424042,-2.519566141176229
-5.239610681616301,-2.4921738864125174
-5.250689919225838,-2.464208126834417
-5.261162872946632,-2.436089616277794
-5.270940471065057,-2.408569578902483
-5.279142629382326,-2.3831804486444397
-5.286320170003984,-2.3598666420469363
-5.294153374892332,-2.336294122770976
-5.303460530368667,-2.3124863316775333
-5.314579321986865,-2.288530217672541
-5.325783352434893,-2.2663027825254214
-5.336775788750453,-2.2427089068749435
-5.345670754112216,-2.218635601192771
-5.353109060815246,-2.194381024874194
-5.3608254692064525,-2.170354935455236
-5.371240112926363,-2.144989656286929
-5.384718372804733,-2.118716991313904
-5.398840691486475,-2.0926320106461436
-5.412064975606066,-2.066039694161403
-5.4238612637438095,-2.041277159684638
-5.434921211781727,-2.0177429225606796
-5.447638292462146,-1.991685347385264
-5.460834315985762,-1.964919334596563
-5.471305627287041,-1.9433207130569232
-5.487187866947486,-1.9123138765251295
-5.496358309389174,-1.8952771999995444
-5.506530693046869,-1.876399109087568
-5.517823844007053,-1.8551943399169413
-5.530723929257482,-1.8310635697368132
-5.544852564483876,-1.8049333329368353
-5.559467750269248,-1.778796670981975
-5.574863434874407,-1.7531382470817316
-5.591376570886497,-1.7281994051430085
-5.609303950771513,-1.7043063370343658
-5.628417389631784,-1.681261333944369
-5.647960958775155,-1.658500817480536
-5.667185418672973,-1.6359584911448626
-5.683973234564301,-1.6156148637384298
-5.701863515971678,-1.59276745040366
-5.71986369980258,-1.5688603500629847
-5.73743637237711,-1.5447929562307203
-5.755651217982916,-1.521410344642675
-5.7747851329635305,-1.4985232255292844
-5.789998736901781,-1.4798841045585356
-5.808165259148787,-1.4561619254974971
-5.825826834816817,-1.43219029358192
-5.842972030062074,-1.4075912593438469
-5.858452021891637,-1.3840650014421947
-5.873260995156537,-1.361262661823048
-5.888232216097312,-1.3373020242308375
-5.903241634489537,-1.3112391184129968
-5.916763269279861,-1.2856874164409469
-5.927751656034973,-1.2639151018614811
-5.938297508274876,-1.2426537558848911
-5.948247044376108,-1.2234563838977062
-5.958364483423716,-1.2046508122255162
-5.969769038382946,-1.1838581654063354
-5.980509241888479,-1.164498362914538
-5.9906852679252935,-1.1461248207979564
-6.003104198434495,-1.1228376970499472
-6.017069990649221,-1.0964689911840895
-6.030034775460621,-1.0730440852797043
-6.040394043220974,-1.054992820648838
-6.054400765308166,-1.0301144533057212
-6.067640613435511,-1.0032367587710336
-6.079392325873138,-0.9755659252956329
-6.090515508868741,-0.9479717473406205
-6.102147561128078,-0.9203853756517395
-6.115015265980966,-0.8934173731321281
-6.129242489799393,-0.8670735419592839
-6.143781295936612,-0.8408323787591278
-6.157415881572853,-0.8170098295520807
-6.171425422716159,-0.7924078725057521
-6.183912406991905,-0.7701424168442877
-6.194894794128486,-0.7507400136149632
-6.207896586594785,-0.7278705237770147
-6.222253269652261,-0.7023613143354657
-6.236906905046583,-0.6761775133021285
-6.251340332239657,-0.650198871424711
-6.263388798408402,-0.629501393932592
-6.281787282099379,-0.5989689427926873
-6.293778694231397,-0.5790546392642233
-6.307088306054403,-0.5583522146204262
-6.3197108671985145,-0.5398489592688331
-6.333182986976486,-0.5210252782383029
-6.348504329145305,-0.5001412003114595
-6.365504864178904,-0.47580264610387724
-6.381926536832297,-0.4507836224157574
-6.3967611701493565,-0.4267125453329006
-6.411354533156069,-0.40063232411078425
-6.42498244124522,-0.3739263291857318
-6.438032361088371,-0.34688089181643117
-6.450882328324476,-0.3197875530203088
-6.46377566686215,-0.292720084778138
-6.476102447826864,-0.2663224896961055
-6.487741515994493,-0.23947974287227
-6.495996218813509,-0.21826794513680087
-6.502995602639618,-0.1976533578830371
-6.508002315029339,-0.1804978333085753
-6.512287298389541,-0.16163032467545888
-6.515686964837256,-0.1416297018074541
-6.518643781316085,-0.12085884505347218
-6.521955489718396,-0.09633562503243188
-6.525962409338924,-0.06927430769699239
-6.53093380636521,-0.04040405178911834
-6.5360158420628505,-0.014741309980687482
-6.5410029946037955,0.008438231269519031
-6.54748128864042,0.035315073197934706
-6.555200735698933,0.06430541591125574
-6.56127036504291,0.08752752955143979
-6.568453386272635,0.11454611403806789
-6.574804537857936,0.13833249489853264
-6.5791303938221235,0.15486249027376817
-6.583734286949937,0.17370624566086404
-6.588974661858545,0.1937973406837606
-6.59628299586068,0.21931280873967035
-6.604105338132258,0.24772569522185536
-6.6116704706843095,0.2764782952441734
-6.619246209533662,0.30527373651769796
-6.6271342550295325,0.33412619545124655
-6.6346556708590825,0.3625319552145782
-6.641623484306967,0.3896954817840965
-6.64734601715944,0.40969165842994215
-6.652883226741825,0.42823594137446314
-6.657986049145569,0.4464940260702974
-6.661865717045135,0.46054133428753674
-6.666672497794581,0.4767445452946168
-6.670615556997825,0.48860631496107876
-6.675453587573254,0.5026236835401711
-6.680543710828051,0.519138854612228
-6.685288853100408,0.5379166428218379
-6.689207768345797,0.5559140120451547
-6.692467752652055,0.5692976506169923
-6.69781062957415,0.5863777725885806
-6.702275040717831,0.5980407895042321
-6.706418877029553,0.6090402686039965
-6.711977316851527,0.6254140527832395
-6.715564820750474,0.6374455399967842
-6.7186861950799885,0.6482352401433981
-6.722438612874894,0.6589342416516557
-6.726981134561982,0.670437310438989
-6.733378713987195,0.6872617273657726
-6.741934214032784,0.7112426687425917
-6.751501134714256,0.7391847705438904
-6.76153805244533,0.7671331430821554
-6.773135076677896,0.7947166929875379
-6.785126798966333,0.8220243732397514
-6.797491059912471,0.8493599850060881
-6.809337711594145,0.8768524560828992
-6.82014821561045,0.9032976406962598
-6.830009063832611,0.9270788597855936
-6.838763333338118,0.9479769064348486
-6.8443453431850125,0.9613516784502345
-6.851587635388392,0.9779757320044444
-6.860324782842265,0.9965775312020272
-6.871667258209817,1.0191557238474347
-6.884630552976927,1.0429366480519355
-6.896583409691844,1.0645500231308291
-6.907822973953507,1.0835422789401803
-6.921234482778327,1.1037488166141873
-6.935783766204471,1.1244663929586252
-6.951593900688794,1.1469205814172934
-6.969023820964908,1.1712329310305762
-6.986763063000441,1.1952556363293245
-7.00470688518107,1.2192845727196429
-7.022607189307903,1.2433788264216061
-7.040511991935171,1.2674210084528188
-7.058549107085119,1.2914005082617772
-7.074147038914457,1.3121407540930048
-7.084460831117746,1.3261756522050359
-7.09749094527681,1.345000417540442
-7.112907982512053,1.3684592019443205
-7.129628973521549,1.393235739405955
-7.145503139951441,1.4165908074810656
-7.16010064905399,1.4388994148039838
-7.172824972755859,1.4583592514565138
-7.186668249348756,1.4808618566704785
-7.1998095931675605,1.5046014675801975
-7.211973627574575,1.5304083905234305
-7.223080205502851,1.5584082972450357
-7.232335005316966,1.5867616322145268
-7.240005009957244,1.6140280271314027
-7.247699500978712,1.6430043102702898
-7.255676120885401,1.6718869318455052
-7.2642538180197604,1.700591371339278
-7.2735952702043125,1.7290252191394992
-7.283390521093065,1.7563929853760365
-7.291664922045925,1.7788870559594407
-7.30279001743323,1.8066817401310087
-7.315086873105598,1.833903437537186
-7.329357694929174,1.8601118679185658
-7.3447296118995755,1.882806101878353
-7.359509709281866,1.8999043856591353
-7.375708156197487,1.915971639392022
-7.3959894904460315,1.9351865900219913
-7.418182458874741,1.9552846183068806
-7.441198508796652,1.9743370002307865
-7.465359458311345,1.9919832155492485
-7.489295040211112,2.0087705450142326
-7.513580071100188,2.0261547957393544
-7.537597913056783,2.044146600567516
-7.561548058728259,2.062235111144964
-7.585331102998707,2.080594647814458
-7.608583485218871,2.0995763500242863
-7.631997434373241,2.1182903327273284
-7.655753557144373,2.1364813253975736
-7.680181781027066,2.153823166937244
-7.699809323332122,2.1676630001665544
-7.729326964600109,2.188251969119681
-7.748778707664897,2.202456372718479
-7.772019699178775,2.2215639996255656
-7.79452024736884,2.2415050388321336
-7.816539656153906,2.2619263226400577
-7.8379836897309465,2.282970596777457
-7.859426008480268,2.3038621892734064
-7.8815541740737665,2.3240766435949247
-7.904012826692592,2.3438880596042435
-7.92700141755886,2.363072286388685
-7.948477215686655,2.3800729178186995
-7.971439991421635,2.3982935190566255
-7.994931447807023,2.416979572131393
-8.018285991585374,2.4357940526810724
-8.041214059534427,2.4540433194810896
-8.062940078376377,2.472041035415394
-8.085678244778359,2.491668119121594
-8.107608230175366,2.5123014354787734
-8.128196298104106,2.534268445703844
-8.147344089726191,2.5575581574582853
-8.163697543968777,2.5814583994576785
-8.1770391122533,2.606037997543823
-8.188361107756222,2.6325497850545907
-8.19813870704004,2.658936750905458
-8.207203635718653,2.6844365968897623
-8.216264147359407,2.7128451050735936
-8.22317704272856,2.740891445838943
-8.226745165466857,2.761390126626516
-8.229137005095494,2.787762978850216
-8.229895670230928,2.815858755942988
-8.229448583818636,2.8421077429005135
-8.228400951202717,2.8685312274833388
-8.227596311533683,2.8948118384787644
-8.227202578329063,2.918119044799225
-8.227051784630591,2.940468711914244
-8.227969662459943,2.9678502503930426
-8.229882456873485,2.994950889677513
-8.231769381738447,3.0187043437434413
-8.233501777936226,3.03832982481573
-8.234816742417802,3.0538765323540953
-8.236138886710496,3.0699414815705945
-8.238024810862685,3.0918505450844176
-8.240790171982848,3.116487204751097
-8.24473503636041,3.14455249674615
-8.248988868204526,3.1740575483057505
-8.251954295571387,3.1979126173536003
-8.254496515654258,3.227909099934171
-8.25528392022268,3.2572808746815975
-8.25389162676918,3.289591092455755
-8.251533083919119,3.3091858132206067
-8.247640513071463,3.3339802118846866
-8.243832443067868,3.3611736277148276
-8.24108186314547,3.390384267265918
-8.239570310764789,3.4203416714269705
-8.238210597448077,3.4499369752431104
-8.237038107447805,3.4758762469115454
-8.236446723906447,3.5047844833915986
-8.23669499046147,3.5295025015949713
-8.237971328309944,3.555579907889406
-8.240821776099436,3.580206223210645
-8.246133874032056,3.605579790220822
-8.254484081116368,3.630337234555018
-8.265730297836301,3.6532342501853026
-8.280661858973378,3.674955887912433
-8.299460458247692,3.6957280712957763
-8.322020714226138,3.7147557411204146
-8.347019472606986,3.7305375370928133
-8.37349390409178,3.744081213896569
-8.397935211722716,3.755672597570728
-8.416777019662856,3.764684038845115
-8.43663908030153,3.7748705407152467
-8.458844483284542,3.786819946309286
-8.48450920516733,3.8010645173644684
-8.505341542489791,3.812975950638575
-8.531044269885925,3.8285626700440702
-8.555956789677428,3.845438676158021
-8.580386699014554,3.862830111682611
-8.605301921197956,3.8793063181520786
-8.63136109660951,3.8938882764493856
-8.658229657696673,3.9070675086977644
-8.685537821806486,3.9193410626062026
-8.713127741527186,3.9311093281201943
-8.738730310195479,3.942202088003966
-8.763015925292862,3.952360868317207
-8.790886285580573,3.9630407987366385
-8.818996545574308,3.9728120855368627
-8.847459695928753,3.982395212759603
-8.875693190999133,3.992543614942701
-8.90228189867818,4.0016532244620455
-8.922597140653181,4.008173651524779
-8.941479119838736,4.013486268805536
-8.965794853785368,4.019244801621808
-8.992701599639199,4.024844121443671
-9.020281370612851,4.029423879360926
-9.04897882294685,4.032698055676578
-9.077707641670756,4.035477754828953
-9.105790401589207,4.0372077924165355
-9.129409754315281,4.037630072933002
-9.159231275694653,4.036203707707721
-9.188855963904947,4.032541438021406
-9.217340169046851,4.026838750079664
-9.245650639002394,4.0183817127071295
-9.272967739938801,4.006530407078371
-9.299325974272767,3.9924075673450945
-9.325449610133102,3.9776651114850874
-9.351773527833648,3.9631893471043527
-9.378220777418411,3.949050709681316
-9.404331315065424,3.9343974262930437
-9.429826648174195,3.918802540309654
-9.453663149857155,3.9010188309002403
-9.474592940050442,3.880002205408268
-9.491573050795855,3.855706010941254
-9.50413368370716,3.8288838294216174
-9.51147768072205,3.8002083145757486
-9.51330498568258,3.770664451425561
-9.509555573018899,3.7413026664875875
-9.500358308992032,3.7131686060626263
