0.0298447270499873
0.05953180615360008
0.08092131121127832
0.09590997768341891
0.09865722169903045
0.10100426775331944
0.10295119703625936
0.108313244201889
0.10904748500656802
0.1090478037179053
0.10904849054977818
0.10904867265628845
0.10904891795137028
0.11033293719515841
0.12054310789341569
0.13559368091440951
0.16024315328152522
0.1899680748221718
0.21999195128042373
0.24960182741498427
0.2791274412544439
0.309044711002887
0.3389503876354557
0.368892013785155
0.3928145761821246
0.4226720178784011
0.4525078753851211
0.4824125280697987
0.5123685830143601
0.542323625237746
0.5722311332801915
0.5961920162592419
0.6262020322834475
0.6561935450954012
0.6827587368353218
0.7045377638017208
0.7223120621253345
0.7461638136420593
0.7718069327210376
0.8009595456822376
0.8302589827997725
0.8601427690819435
0.8900300868258095
0.9196600593377648
0.9453137955201446
0.9712044789214233
1.000989742063234
1.024889105553791
1.0543884359324098
1.0835466499088477
1.1134318012353408
1.143194902783702
1.1665533081553336
1.1941767118709854
1.2218154523305096
1.248030492951924
1.2743574297391944
1.3027650596832387
1.3325853170396198
1.356487926756015
1.3863843801963267
1.41629750129816
1.4462494983034602
1.4751551299466086
1.500977221499465
1.521774396705322
1.5472837719374262
1.573859893456435
1.6021685202223472
1.6306314507451043
1.6572116786531084
1.685611717099669
1.7152323747017666
1.736299906517863
1.7585240777150641
1.7842547905311525
1.813859293446594
1.8428682956824185
1.8681230908938424
1.8902657332716504
1.9095458449450675
1.9253229767312705
1.947405231112922
1.9726192932291577
1.9979560738716984
2.0205095070290047
2.039238102729208
2.056356393675358
2.079416445364077
2.1037912591830743
2.131295717848205
2.1581516612256713
2.180754678613503
2.202790509082072
2.224631496295974
2.254147893199606
2.283389664912652
2.3119444762923975
2.338251101596342
2.364565421951705
2.3910140683615806
2.4179772221525893
2.4472221925939137
2.4709769090493405
2.5007023278163905
2.530415924177683
2.560228835005635
2.589983987859882
2.619844316192203
2.6485930910087783
2.673676921699323
2.6938931280902074
2.7186133396269776
2.7443444611725467
2.769836091478482
2.791780416416937
2.812656666957914
2.8351379340267084
2.8558120293764104
2.880058853309893
2.9007375613174244
2.9210631091386077
2.9460860516649836
2.975032992316981
3.0048912331004414
3.03478268204277
3.0646059948309508
3.088565961623141
3.1186292012604455
3.1473702860943202
3.1759006716200426
3.201470222851375
3.22592188054678
3.250174699794195
3.2730474490543884
3.294171289906591
3.322656987042487
3.350800406189822
3.380137737866178
3.409882873805459
3.4321304831762043
3.459080089120511
3.4850320341319443
3.511928942879446
3.539623393310195
3.5685605682404686
3.5982089691641144
3.6279784571042497
3.6578778547254744
3.687624029614308
3.7176453799043094
3.73957887394306
3.7669274463900875
3.7924644276992274
3.8157725306191512
3.836299409204823
3.8575149496608407
3.8795132630283926
3.8999094601242374
3.9247905987832867
3.951192271358949
3.9806467326732586
4.004652170684135
4.033523986165023
4.060639377392111
4.085962556474649
4.10972473595845
4.138106121985684
4.167865035994996
4.197669885720952
4.221533378011498
4.251195331301437
4.280225139096474
4.306226179384047
4.332991883224208
4.3628684869525385
4.392885743475352
4.422862545756558
4.452764095933026
4.476670187675146
4.506625210105813
4.536445123703419
4.564979650792445
4.594746985771724
4.62481439376668
4.654898117929155
4.684974731101697
4.7090074838713765
4.739048736735805
4.769113004783782
4.799133086572717
4.829164687393291
4.8591826509333425
4.88923908217811
4.9192681247640975
4.949358843358537
4.979468275221814
5.009538107308983
5.033572577250904
5.063617170075186
5.093715838295369
5.123738754800461
5.153636630276276
5.183501768921412
5.213433289330289
5.236026508956846
5.2641733346225665
5.292795850322461
5.322508512506038
5.3524903099829535
5.378478914755903
5.403765655013198
5.423189918224026
5.447622259829906
5.471162860590037
5.492081829600153
5.5125958994739515
5.536023756767023
5.556397972597327
5.57452962314665
5.596351755345862
5.6161872817232075
5.641940103798904
5.6682688424124565
5.692514484732683
5.7166178775742065
5.744986441593157
5.774056100331564
5.80257508321404
5.832450273126183
5.856392031275525
5.8863905632455875
5.914311304140612
5.943683486631954
5.973286591286645
6.002889871855868
6.032908082814785
6.0629300287803485
6.092968364662193
6.122899729650741
6.14687923383109
6.176811121412246
6.20638585018127
6.234049868528888
6.261399519631304
6.289459856692047
6.319017027417947
6.349154565082649
6.379215202244983
6.409143160218243
6.436782510749546
6.46181129812909
6.487148880285565
6.508032466602054
6.534342786148996
6.560548428689823
6.588929113619702
6.6186354297378225
6.648465624414846
6.677867364414515
6.706644190942583
6.7362481853435145
6.766109483586218
6.790118973869829
6.82014773068411
6.850183504221368
6.880220749881643
6.910248704886555
6.940140165533946
6.970405545129679
6.997502995291364
7.0237957325505675
7.04233356946211
7.065371154808456
7.087338446438632
7.113645107458887
7.1403638269170475
7.169412229236414
7.199079390754871
7.229192081049633
7.259391382174277
7.289503630416532
7.313503101768346
7.343407882584913
7.372786781753432
7.402653408874141
7.432589372517509
7.462443136813859
7.48574095363783
7.513493806543743
7.5405561903216105
7.568312552185988
7.59598629702498
7.62160111239871
7.639620431288622
7.660947378570105
7.684083312722332
7.710518398304904
7.738731379817895
7.7664294020677
7.793133608016314
7.8197909614408125
7.848066945725339
7.877871901873808
7.90794877889176
7.938117411496226
7.962200722057933
7.992263861983895
8.022320042973746
8.052346032823264
8.08236601681016
8.106053857001902
8.133223805000346
8.160991971732908
8.189238415497954
8.219267790626851
8.249089522909328
8.272246835917702
8.298333531440246
8.324796685167422
8.35038815440855
8.376886016842738
8.4026124877246
8.424661218984252
8.443543947727987
8.466179361656156
8.489158667337726
8.513491069034409
8.54125653462416
8.570497554620943
8.600461761214984
8.630448413598272
8.660495960933627
8.684544295285782
8.713219890167993
8.742782483390021
8.77241447858052
8.800459477122578
8.828305181962287
8.856780691506462
8.885761827247526
8.91581391097289
8.945779611369858
8.975603901612716
8.999431842110848
9.02931482311352
9.05933318863693
9.089474879610266
9.119724193960575
9.143973871315678
9.174220969959709
9.204355059439516
9.233149987094116
9.26054488103733
9.290114043469753
9.320049825041574
9.34989759973547
9.373736063054741
9.403604940060971
9.433593786450375
9.463561099967983
9.493482109680418
9.523483633852578
9.553531332697935
9.583542993459318
9.61343580165683
9.636596442091461
9.66344169828146
9.687708416048944
9.716730377576146
9.744876095148392
9.77298049709113
9.800727026261471
9.827931215978118
9.849022325784652
9.87120015475073
9.893008665138707
9.917509288958426
9.944051399755855
9.97053226457706
10.000554366537603
10.029908528137419
10.056808936211327
10.079501688367834
10.102630710734195
10.130536443006035
10.154545637079734
10.184480993823449
10.214392245320289
10.244237066701002
10.274073043739127
10.303953918124098
10.327879774088139
10.357903485156141
10.388015819465714
10.418091722610221
10.448131631326849
10.478123592212844
10.50814607682712
10.538163140010539
10.562151867887632
10.592197045012872
10.62224111616936
10.65228393910055
10.675996106974125
10.705075075110516
10.734029570103822
10.763059770983768
10.792115344950549
10.821099165227313
10.850196922939741
10.87922392287937
10.902414088305681
10.931570723202968
10.960744296128048
10.990031504665497
11.020017988574608
11.049993529999695
11.080025176182833
11.10407418689323
11.134162759295918
11.164119689985883
11.193141547419577
11.222728644066986
11.252302682408583
11.27637177968218
11.306565751946481
11.336642041737397
11.366588175470632
11.396392358148402
11.426045731999356
11.455664882253137
11.485282361681438
11.509083158514246
11.53895842625347
11.568969595143438
11.599103805816837
11.629350007192055
11.659646276822471
11.683822943033457
11.71393310593018
11.743916027377823
11.773761240014826
11.803457418675348
11.833062258730546
