0.02762428867849041
0.05625713263057918
0.0790922558523574
0.08391590428772189
0.08833934324607737
0.09598599768169011
0.10647801882335944
0.11084491257781838
0.11089905755062918
0.11090026279458849
0.1109011130922834
0.11090169742855395
0.11221023164445125
0.12238952593031485
0.13942304070104447
0.15868467987331908
0.18186570186511986
0.20312767638101048
0.23272768216138628
0.26232628477660946
0.2912452412129309
0.32055616436494894
0.3507477834248487
0.3749134564201533
0.40513012462630654
0.43527288559134264
0.4654239806698574
0.49555764223146187
0.5257732779097314
0.549942670455365
0.5799121166802758
0.6089022232942783
0.6369667430384852
0.6637782743187269
0.6921645865698391
0.7133292163460542
0.7374176103921403
0.7638187359378105
0.7885159062191734
0.8082866626875455
0.8273024696508127
0.8493949903084089
0.869956781349856
0.8869100453541884
0.9148083466431777
0.944258650128834
0.9732051644646109
1.0015818044633917
1.0316560484402488
1.055595966519011
1.0850110668813582
1.1114258284173841
1.1405794550721804
1.1694199053436425
1.192603861714514
1.2177734142379335
1.2452438411499775
1.2733010212913245
1.2967338062794367
1.3195843705643506
1.3392337470373146
1.363932539549885
1.3912475242187572
1.4210988498991721
1.4503559212485577
1.4803633592187
1.5043888256793752
1.5340228980083468
1.563937727278273
1.5939856904852896
1.6237685374703308
1.6537469778566416
1.6777151317213415
1.7076517341335398
1.7375274833559033
1.7645226257333695
1.791489576594479
1.8211091161956907
1.8451065817475478
1.8751327476601405
1.905157490387721
1.9345424568144691
1.9588594196158071
1.980582427566691
2.0021064955974968
2.0268520201127926
2.046742462063712
2.0758115607308754
2.1058753786017133
2.1359635322758104
2.16452060782031
2.1934867249855494
2.2160524740946155
2.245635643641873
2.2742890093144568
2.2978263624749475
2.3161540448921802
2.3358078530006594
2.3551622779689954
2.3835650866891545
2.4134327923506804
2.443216972185261
2.4730810212178436
2.5030333402809672
2.5330481411484467
2.557069338999564
2.587023223014838
2.616984829476133
2.646941664682147
2.6769809772289532
2.7070996155367886
2.737177235081967
2.767256084349495
2.7910350574139504
2.8199139579671844
2.8480557070007446
2.8776168960634454
2.907474071597379
2.9374693771095433
2.9614592873528913
2.9914936765223095
3.021564191645572
3.0516994230800867
3.081800995765154
3.111951712486169
3.1360856826611436
3.1662501154566627
3.1964131948373775
3.2265779456368273
3.2563416889327947
3.2865698113860287
3.3168509753233493
3.3471318114353052
3.377340036010454
3.401427370458342
3.431425105344631
3.461396632405826
3.491244720173142
3.521003686359697
3.55082864698778
3.5743303986278447
3.600268732345825
3.6263807370137005
3.654071927538795
3.683835355628447
3.7116658265319105
3.733832939209075
3.761537754759258
3.7910126579957004
3.8148209293932647
3.844745798660492
3.8747838156309804
3.9048367517630966
3.9339644056636947
3.9632381959404577
3.9931631596168797
4.022283572061465
4.05136316734793
4.07875237975976
4.105062215009161
4.124071988197781
4.149572979084897
4.1761796752485365
4.206024958287611
4.232989953255305
4.262094284021035
4.290872135892474
4.312340039715145
4.337465625241706
4.362444074642597
4.390407963993086
4.414049996339844
4.443728153185286
4.470645121001788
4.498244685577316
4.526086071384518
4.547256462023193
4.573046020279039
4.599093358792579
4.6256280046114595
4.652292013475715
4.6803472766306635
4.710241516397263
4.740159350887883
4.7700181450694545
4.793976380823718
4.824101834211253
4.854174051539587
4.88421282955377
4.914229933044989
4.944255089039175
4.974248931313033
4.997757070982351
5.027594652328128
5.056770375009291
5.085749923127183
5.115781936957317
5.145780230577465
5.175792119900263
5.205797540082268
5.235801972272395
5.259811479525556
5.289864793529028
5.3198738573405135
5.3476150112151055
5.3728175989417455
5.398799434574124
5.4267244487169926
5.455985461847483
5.479349277109219
5.508809691702458
5.537727410455901
5.562416311360029
5.590004608966862
5.617435019249788
5.640588635803791
5.664676840268373
5.687060001152045
5.716994715052781
5.74564393555198
5.774605785099248
5.803487928323296
5.82730631026374
5.856354678727528
5.883883891950982
5.910240185231116
5.939620479402652
5.969723852736467
5.999886512985119
6.024010807365407
6.060125090111844
6.084147986710146
6.114219406037698
6.144272174601362
6.174373783626372
6.204526719006997
6.233831966968544
6.254894160183913
6.279233619354831
6.300881650634958
6.322288853230789
6.342527599855393
6.364418571125277
6.3866034705872226
6.408935150392327
6.434590547822424
6.460331166529027
6.476332495905356
6.498562419053346
6.518574867317021
6.539564943464652
6.562655994407726
6.588217282520145
6.616324812711973
6.64634405659982
6.676396192361503
6.70644933068118
6.73651057100382
6.760577808197535
6.790650362733299
6.820690793126228
6.850684861619336
6.880650112567141
6.91058690707187
6.934518364160488
6.964459128719833
6.992313100590884
7.019593229587583
7.047913599729651
7.076348198530053
7.105975882724306
7.1296208349439585
7.157151728461252
7.184655386881878
7.214512496550353
7.244512197336022
7.273416558050721
7.3027826471134025
7.3326589134334785
7.356214823865965
7.385680269353196
7.415575481186206
7.445547753729326
7.475482462276828
7.505421607177666
7.535444513771961
7.565466164098699
7.588675138789254
7.616779192780493
7.6413335567858365
7.6639651984595325
7.690434164158195
7.717984135749359
7.747284909549266
7.777245235605632
7.801019644494365
7.830012340445752
7.859731025816386
7.889247608853403
7.918949299431315
7.947318241242195
7.97526186999261
8.00519520500662
8.035289572110935
8.065332407289436
8.09536042758329
8.125408860908882
8.155427687615633
8.179420979287316
8.209436948711069
8.239380434100736
8.269321299105197
8.299283875104463
8.328889803307426
8.358667959294417
8.382604837687596
8.412520892760247
8.442487265131494
8.472454126846918
8.502482853615312
8.532565687604324
8.562670967381719
8.5927620893911
8.622832262856942
8.646879463368355
8.676913075012608
8.706929335116808
8.736589651276853
8.764302576521873
8.79232064041083
8.822134161761458
8.843792591812901
8.86889784839209
8.894394334497445
8.923021493642958
8.953041181921524
8.983053245078658
9.013069462629048
9.043054839872578
9.0730013687708
9.097020205444657
9.127065550058186
9.157089519293336
9.187036023121042
9.216873158084649
9.245341073092765
9.27382790770987
9.295831584215975
9.321778337429109
9.350065388426783
9.378664108162084
9.407687098931767
9.437582990944348
9.46676022228001
9.490080099769061
9.517096584040468
9.542435748332618
9.569787549827058
9.599390239015168
9.629395823451315
9.658523340474632
9.68746433895149
9.716894507457514
9.746816491804541
9.770801025011297
9.800743518991572
9.830460889986973
9.860121303373516
9.888990159370948
9.91693337723661
9.94647432209344
9.975137143167586
10.004389768301017
10.033728494270072
10.05768885525362
10.087621707795066
10.117541536016471
10.147470345365882
10.177414265228023
10.207388426503455
10.237276259467425
10.267184430124306
10.297195364791165
10.327160853817249
10.357166417018552
10.387182992403957
10.416713782524264
10.445220765715419
10.46810582789583
10.497911417016066
10.527883680859247
10.55785775765913
10.587875774106907
10.617965626692207
10.648106780901832
10.678214211313277
10.708214351739471
10.738213988534616
10.76222206040864
10.792198081216938
10.82219870520714
10.852169837423656
10.880273239195779
10.905980393289887
10.930313228437383
10.95609320950271
10.982462303777007
11.011115096990487
11.037483027076638
11.062153253094626
11.0838719719274
11.102488859805222
11.129584994757032
11.158628003725108
11.186951662392646
11.210167329617684
11.23026706796209
11.25192448828872
11.27274595939119
11.292159247070407
11.311875038634986
11.330755193801874
11.350127145467797
11.371794347713148
11.396764427236315
11.420239004779914
11.444746182901824
11.464620958698985
11.489195699755317
11.512799888165711
11.53686678224757
11.564461991152003
11.591927212230953
11.618729035396687
11.645651256164285
11.673347371895916
11.701722699458497
11.724432889449503
11.75287483950048
11.781206570470072
11.810398524655463
11.839612363596142
11.868538170549456
11.898286294700023
11.92632893841146
11.954274098627536
11.981836426334578
12.009317432142927
12.03669577084366
12.062888259614319
12.086875443873712
12.11100036804458
12.135659271508306
12.157813917364892
12.186458142362348
12.216300762744801
12.246049774699394
12.275669058699307
12.305148842062914
12.328631920472704
12.358285559176114
12.388089525543263
12.418018739961031
12.448010465129293
12.477981840455639
12.50795500636035
12.53705051602938
12.565672503331362
12.589508074253972
12.610633881767669
12.63417697702085
12.660158688946733
12.68734509837024
12.71362026047143
12.74088340921895
12.769872202171477
12.798507327353915
12.821369399722373
12.848281307067767
12.87611511927024
12.905178885621208
12.933487581350148
12.962328298974027
12.992227506187085
13.0205825641496
13.047213408286444
13.072528027583218
13.09194331065684
13.119378172706096
13.146821096947292
13.173809153373513
13.200376048918548
13.226536500019085
13.254678966568086
13.284227511557338
13.313796979901678
13.342165109868695
13.367919466830823
13.386349029705798
13.408755239920138
13.433633781256013
13.462013079014948
13.491399152250374
13.520816958223847
13.548021126222599
13.577760988266858
13.607823428962517
13.637791611777164
13.667848731787053
13.691921657557298
13.721942297980386
13.751925133515158
13.781992102622114
13.812001926126682
13.842011797118756
13.872084891643427
13.90182758997306
13.928194607990797
13.954037189990505
13.976938955426945
14.006230079484022
14.035435191500982
14.064453087645665
14.094010910294935
14.123790723969
14.15388987804351
14.183629833536473
14.212456811023035
14.237950174889619
14.262826815113659
14.289880134854782
14.312289526380786
14.342399371034432
14.372153622491954
14.398754786354413
14.42305210705907
14.4468835466709
14.476520895601437
14.506118231808635
14.532583768553737
14.558681747168757
14.587164294714583
14.616470136661624
14.644592522127617
14.665906143422436
14.690802257464373
14.719785121694194
14.749717956601378
14.779723122020478
14.808425092713694
14.838323100881974
14.86761873108368
14.891413243523724
14.92138864265152
14.951369100459388
14.981385502084821
15.011404545421323
15.041467488133122
15.07156945062913
15.101686082816215
15.12580428629261
15.155941239212249
15.18607898248611
15.216197755718028
15.246277880982857
15.276333262109722
15.306376469789468
15.336224857546693
15.363985141659658
15.3842910120184
15.409727900584624
15.437951671805237
15.467847933649319
15.496835772227003
15.523908139955733
15.54821688936573
15.575899702860596
15.603376098429015
15.629344663648654
15.64995563646669
15.675098448782958
15.699428221167414
15.723828257659628
15.752754891947935
15.782436875392747
15.804308269932614
15.831986938851792
15.860753519900008
15.887430101183032
15.91326744216889
15.93730383631507
15.958390585346633
15.982551445357988
16.003032949179826
16.027487979143093
16.050016790956537
16.07419170969604
16.101290503850834
16.131356343779466
16.16142942411716
16.19146812974559
16.22147653246819
16.251494175690542
16.275465961068797
16.30543424777235
16.334046295724995
16.362232933993585
16.387798994297327
16.41370326074361
16.440398859146146
16.465254250792928
16.4914390980258
16.515237057434774
16.545360906960354
16.57540977991553
16.605387609027137
16.634442843100643
16.66132397928023
16.68847763645147
16.71410389219845
16.741583532286178
16.771533453975547
16.79554193745172
16.825488565513275
16.85534996469644
16.885192796757064
16.915044710266447
16.94486904164118
16.971845868365488
16.99903654792067
17.02560301129787
17.047270500502723
17.06736806000321
17.094883242222036
17.12268120940454
17.151817739979037
17.181622933424897
17.210189500068925
17.236502315899585
17.262988531855715
17.289611081916572
17.3110000610693
17.336905254567963
17.362098798149482
17.387682233673587
17.413142438835067
17.438469150188855
17.464317187942395
17.491950794978006
17.515842759401757
17.54576419929512
17.575732706627765
17.60571927428809
17.635714990763724
17.66570595723311
17.695649008411667
17.724933730753342
17.752909081363878
17.781875528176865
17.810554777508422
17.833400084667343
17.861890020634885
17.890443606828033
17.918680439230503
17.945692499557595
17.975363359091418
18.005500238028805
18.035589068170587
18.06561050862852
18.095589762746698
18.119558504285816
18.14958406613766
18.179687691149468
18.209773451202054
18.23980601514929
18.26978245396118
18.299797696299752
18.32984949536277
18.359769325731115
18.38944717966574
18.418722959512234
18.446739369450984
18.473674466332017
18.5004031614392
18.526161542373902
18.547819936997847
18.57704384255258
18.606946870574237
18.636841870200342
18.66086682142701
18.69085166982419
18.720848584426825
18.750848242684768
18.780762935287072
18.810672446624835
18.840568643470494
18.870417898115317
18.90037151795098
18.93040576267171
18.954430578109072
18.98439185389454
19.014364423053028
19.044290752807225
19.074110524558932
19.104016152022083
19.132142883152078
19.159371930385007
19.180656495896677
19.208894330329898
19.234918110011996
19.261703136343296
19.290806166795775
19.32065221110772
19.350701224467493
19.38076800458081
19.410773205186683
19.440737091346044
19.47074148493113
19.500747435830185
19.524761236893717
19.554811719957875
19.584830250943845
19.614640552183744
19.644251941709094
19.671974880702532
19.69741862373673
19.722905268264483
19.7437482704393
19.77151318914372
19.80025666800142
19.82912908998381
19.85836623402085
19.888279662492764
19.91829840481977
19.94818193157417
19.97645161026287
20.003689561083913
20.031063319186902
20.059358886074723
20.083470949284628
20.11322683364793
20.142287556125574
20.163866713307257
20.193455998988743
20.221925523908958
20.248748245231006
20.27368103463742
20.301289084561127
20.329284456619906
20.35912338520927
20.38897244756079
20.418735415926758
20.442787351543412
20.472640962980474
20.501886871914692
20.531934061716683
20.561966451506574
20.59193912112352
20.621900616278456
20.651855620792443
20.67582331176285
20.705769120610665
20.735706946635624
20.765634674704778
20.79566848889249
20.82206609377876
20.847922211005923
20.868620285115263
20.895152595358393
20.92019459906062
20.94151560434751
20.96090458291285
20.979196361938577
21.004484189705757
21.030343399430954
21.058363410186157
21.088255793668093
21.118107593710736
21.147447824966584
21.172088816358723
21.19534598274095
21.21407658765589
21.240445554061893
21.26647803007732
21.29009041962098
21.31535667593481
21.337838293035233
21.35825780753043
21.38322484414341
21.406150675682476
21.43376948344875
21.46192523924685
21.48830246515689
21.514257171282843
21.540156411005867
21.5599525038105
21.572953045007615
21.586980425520295
21.60391373356026
21.617458780008544
21.62718564511403
21.639049993679613
21.655144800106967
21.67368514342803
21.69651812177576
21.71920483654364
21.749156681795384
21.77911530636783
21.807241722913744
21.83069684213213
21.849947536885963
21.873211244895263
21.901608135268763
21.931516645698835
21.95548223303007
21.985417831524444
22.015340859675685
22.045302915921507
22.07527764630531
22.10527725063298
22.13259549055362
22.15865299726477
22.181862259677818
22.201435835196207
22.227842587555216
22.25733379917469
22.286895633134467
22.312237651102475
22.335087450253013
22.36008587114865
22.383793323026307
22.407332635031068
22.427173626762677
22.45493534960854
22.48346599725666
22.512549609419388
22.54208085061598
22.572121867650804
22.60215959909059
22.632152732515916
22.66108350275682
22.688334188154926
22.717608944958677
22.741430192492395
22.771305205149016
22.801119528211345
22.831024958401287
22.86091724423598
22.890796709352028
22.92083495203664
22.95093210266695
22.974991373756282
23.005003066630014
23.03507129450088
23.06512975200227
23.094819805097995
23.121094241735733
23.144426249932078
23.167317494364234
23.197202157717808
23.2250792795532
23.251916561480183
23.280335703372998
23.310396109429515
23.34051531382014
23.364545285099794
23.39446770256744
23.424425502991216
23.454274376969302
23.484151259328737
23.5141554524504
23.5438992976013
23.566260890035846
23.594320223894982
23.622002258829855
23.648755822020863
23.670220663723608
23.69694705323601
23.72369992776319
23.75051948739516
23.777372016760925
23.80538848199499
23.83454630348159
23.86367803632592
23.892872793360112
23.92198387986002
23.950893675475427
23.971767148243742
23.995879449260674
24.02018374243159
24.04527278904694
24.070351906819333
24.094367935040363
24.121606344032788
24.151646749736358
24.18166567854328
24.20564698935397
24.235682948138294
24.265744220465248
24.29582959377822
24.325981969726495
24.356050172054466
24.386121122209403
