-2.504769344043976,8.130256801601893
-2.496148366027881,8.135982603001304
-2.4751504676766305,8.151103191946211
-2.457300402461127,8.165517489312247
-2.450967479234712,8.171098234150502
-2.449434991405769,8.172535382345233
-2.4494357244783482,8.172534824037728
-2.4494349626749496,8.172534959025002
-2.4476432562192194,8.174242365513377
-2.4389055641171047,8.182577392605285
-2.4253451756784496,8.195217702594759
-2.403587641447668,8.213991267532744
-2.3855503199308994,8.227894419644075
-2.3643093898867544,8.2427404315959
-2.3428733644077084,8.256340019408896
-2.322217365025539,8.268651973256276
-2.300309165332309,8.280840842221428
-2.2806505040361524,8.290680304082867
-2.258651530718302,8.301164864262866
-2.237664757960014,8.31081159798246
-2.2170708100762457,8.320447840550374
-2.1978810633417494,8.328936681528381
-2.182411625002058,8.33529805167614
-2.1695912008499634,8.340313450547201
-2.1581105057799155,8.344023617471283
-2.143550688121493,8.347358509535976
-2.132355473490519,8.348853928027905
-2.126446537698842,8.349009927553292
-2.1224371761392833,8.348520950995946
-2.115537878777926,8.345948056326966
-2.1046416243974213,8.339222825993902
-2.09202276413012,8.327725348194004
-2.080091990557993,8.31179654253668
-2.066393523291966,8.282752442390617
-2.0595777520587437,8.260044571605155
-2.054340058900137,8.230547549357777
-2.051529732882559,8.200689434292409
-2.0501901922307244,8.17079920768095
-2.049902193344153,8.140808074487484
-2.051002076137607,8.11315393116622
-2.0525882937093414,8.094195563876227
-2.0539341354411427,8.083446228272777
-2.056887834149878,8.065467749260893
-2.061133210073038,8.045479931126911
-2.0664521063387133,8.023123353094325
-2.071773497926551,7.999326474364329
-2.0772247515648834,7.973951301508784
-2.0843133131992246,7.94595491722561
-2.092619608646655,7.918570203489622
-2.1048292852159824,7.885078114048779
-2.117429191361352,7.857669325329099
-2.1330801503466197,7.831822802889984
-2.1513922606949434,7.807877962749928
-2.1709691550785157,7.7850552131913275
-2.1947762635054238,7.758077116624113
-2.212180813381925,7.7383461431616665
-2.227644327413987,7.721576995263819
-2.2449047802720896,7.703564612217601
-2.264241873617434,7.684846914245597
-2.28151267216717,7.670166958460515
-2.3002056671589797,7.656847381541658
-2.3232959518686727,7.643245108282171
-2.3452732471671722,7.63188828850105
-2.3691476447031747,7.620714115258499
-2.3910988696792668,7.611606842605855
-2.4114346686623382,7.603461748478423
-2.4320514123897063,7.594991902471801
-2.448784103911896,7.5881138578619165
-2.4706208177873235,7.57892173313583
-2.486325374337542,7.572325931329884
-2.505954285494236,7.564041299877624
-2.526750931406586,7.554044149868823
-2.5455079144764494,7.54298431993417
-2.5647380103619373,7.529421206252696
-2.586651448727661,7.512480122718765
-2.610264606831492,7.494262830798402
-2.6333941111336183,7.477083476774795
-2.6549085824514806,7.461232805151446
-2.6774368071964525,7.444254691133653
-2.6974150730164945,7.429157291823496
-2.7159887634905386,7.41525202184007
-2.7377998682207076,7.400170218356827
-2.761461803044894,7.385284879241963
-2.783118011998895,7.3725214285799865
-2.8037872118602984,7.360721344489544
-2.825415401995164,7.348626503644706
-2.844966245288865,7.3379055469672085
-2.8619645098289452,7.328205360649069
-2.8813093797161042,7.315427502605141
-2.8960602360353302,7.304181272310537
-2.917564026077292,7.285885129973238
-2.9370076429888745,7.268300606262342
-2.9518386063991073,7.254749613954743
-2.9689335357722393,7.23919408321437
-2.9873700403140804,7.222370184158093
-3.0058874047106663,7.205330103950693
-3.026620591141432,7.18670628989274
-3.0456918868756984,7.1699616752127175
-3.0651868499281694,7.152679049234068
-3.0885946441740924,7.132063141171208
-3.107818705299534,7.1151086167074755
-3.1338512894250847,7.09304963341195
-3.1555920978038805,7.0746603567428465
-3.1826875841204085,7.051124597000763
-3.200458842989397,7.035092858227004
-3.2264428505930933,7.010511894806367
-3.2474230147634318,6.989152399458929
-3.268057154931519,6.967379465353142
-3.292452522629807,6.940993800457613
-3.312466487340146,6.918625892474366
-3.332514686721713,6.896361159720624
-3.3564879656640074,6.8701735555283845
-3.375680201492721,6.850854547072277
-3.393102050065528,6.834718191289504
-3.4144267228014527,6.815923040331453
-3.434378394353907,6.7987222530479885
-3.4526165996113276,6.783300362945094
-3.4688527987475686,6.769028358517776
-3.485318727756087,6.753371269027354
-3.5005437246144515,6.738467181675554
-3.516870521009109,6.72260344919563
-3.531575050406235,6.708280482975858
-3.5449527768005935,6.694447007415863
-3.563062585609614,6.673608638831389
-3.579311517043918,6.654551386632605
-3.5998696605871903,6.631344088570298
-3.6177269646049868,6.612366460196398
-3.6406071571882603,6.589841294293791
-3.6579386019557107,6.5718537315421095
-3.675914518012641,6.550283211807461
-3.69395150679193,6.526352581958049
-3.712253832351546,6.502493165487821
-3.7318837824622237,6.479667606238275
-3.7571160863305977,6.453841303993571
-3.7785028005410775,6.432845747364894
-3.798015471795098,6.41204987471108
-3.81531300505446,6.392416144330055
-3.830540918473587,6.3748421390149925
-3.8467366310397066,6.357194968104986
-3.860544138195648,6.3421236906721035
-3.874278998506,6.325189723254903
-3.8894612118626015,6.304847742948425
-3.9051649506338446,6.282159008030945
-3.9193012518157495,6.258425410305934
-3.926910802164815,6.2420531274549615
-3.93268658979783,6.224156672588357
-3.938236657448435,6.199280496600352
-3.94205116777619,6.178493453294647
-3.945752644144351,6.157721134369094
-3.949501940608422,6.136225263519065
-3.951985417481609,6.119303363756553
-3.9541464531725556,6.10416746155565
-3.956361537387169,6.089291795056653
-3.9586721520463826,6.072210073695356
-3.960627331016797,6.055929974940265
-3.963314243417689,6.03846827064786
-3.968831394680026,6.01044789416674
-3.9731446231630754,5.99151819712379
-3.977802456056018,5.972666962884657
-3.984470064567101,5.947963473444579
-3.9895024657944207,5.928982679639537
-3.995084009517262,5.908275052665756
-4.001259682694066,5.886434878557652
-4.010888677215506,5.854492753907122
-4.020719452523374,5.826186520689536
-4.032139859040255,5.798498223897522
-4.042769989091467,5.774699014774978
-4.051844995452901,5.754307489404094
-4.060124706141424,5.7347704703203535
-4.068118352547565,5.714840566962606
-4.0746384916767795,5.6954453478254194
-4.079387878505781,5.676974054248536
-4.085011452437402,5.64905971390491
-4.088809786971507,5.6302684030222965
-4.095062101140248,5.6051810441201235
-4.102407942185919,5.580810947072366
-4.109432740070336,5.5567926652693025
-4.1168772334862425,5.524382168922902
-4.122022373450692,5.494922590351526
-4.125884105419945,5.465830308360789
-4.129508375982931,5.436506847144755
-4.1334765940500535,5.407605648575259
-4.13594902359256,5.38698116562582
-4.136943547093231,5.368788076992689
-4.13584383315789,5.344841861204356
-4.131173011829684,5.3189260137890875
-4.12050230277485,5.287543300188021
-4.109635562859398,5.261975706953953
-4.098882911350982,5.23621838252187
-4.088483906227743,5.203458257107829
-4.082928932242762,5.174207304474296
-4.08100647192741,5.144296086558232
-4.08273304321963,5.114188035432027
-4.086130612110038,5.084343594863479
-4.089496295716133,5.048636048266141
-4.089476189585234,5.018837280028387
-4.087368502745902,4.988978994090819
-4.085230423446004,4.9589917612291865
-4.085127053401926,4.928824086973756
-4.08780703143952,4.898800404721776
-4.092613656416641,4.869083051350363
-4.099052370694857,4.8396747982896535
-4.107362059644365,4.81072059705945
-4.116998456245591,4.782343250258712
-4.127005075303818,4.753963102423627
-4.136090122838922,4.727926316511267
-4.144682363000835,4.702782119145438
-4.153066527018222,4.67882658531215
-4.161581096812381,4.654539189198255
-4.16945712719445,4.63057283492739
-4.178288034740867,4.602990332719877
-4.187094943838484,4.574435155430968
-4.1964376446416205,4.5459216873992006
-4.206058062881781,4.518220984212809
-4.215953797677819,4.490791288366321
-4.225973139927575,4.463026266857309
-4.236464309852055,4.435362462565267
-4.24615202664444,4.4111835983226
-4.256823099691538,4.383698324022642
-4.2667988677324145,4.356791432799737
-4.276149063103515,4.33129942410878
-4.286547860619287,4.30427660428861
-4.299349119480602,4.274229816302938
-4.309445742224111,4.251176454582843
-4.320678175545642,4.2229752868066734
-4.33102108659188,4.199267999336434
-4.344175117543323,4.174632145712382
-4.359693483295988,4.148998317028822
-4.375496762399717,4.12411944698751
-4.390535838188593,4.099088100721045
-4.404879139013281,4.074106488235148
-4.419299538230096,4.048083109050017
-4.433289172351802,4.021807006494538
-4.447929500948076,3.9955097469454497
-4.468503074250902,3.965707135428815
-4.487914012696531,3.94270493461988
-4.505323202501303,3.9232055621993633
-4.520911464293276,3.90663150055423
-4.5433351994111035,3.8843599536665807
-4.5631893030622495,3.865160396771907
-4.581627229248045,3.8475445893768874
-4.600163132349929,3.8312392533380577
-4.618901425790886,3.816468831284706
-4.639850167161724,3.801467998427596
-4.66263250715197,3.7858636793696507
-4.6869168499609,3.768614321609258
-4.711312571279907,3.751121506127735
-4.735875813062845,3.7338977904878274
-4.759004610072322,3.7171158166449363
-4.781696240825359,3.700036892938119
-4.795679181524009,3.689391495386923
-4.807010117022955,3.6803402511244263
-4.821711799164582,3.6687342793412547
-4.838728514949719,3.6558961025160497
-4.856772192550084,3.6429746601735853
-4.873913573683904,3.631609131511466
-4.892516235443257,3.6206399195241787
-4.911195561646206,3.610072786645912
-4.928725734558278,3.600205694364898
-4.952181324818598,3.5872929494032535
-4.9777591906876015,3.573849103484243
-5.003247776321784,3.5622981841971764
-5.031121657549361,3.553176057492257
-5.054579259735367,3.5486320236736457
-5.075436904772694,3.5476166667716695
-5.088644569373384,3.5480087768221495
-5.105036056484101,3.5486415725022527
-5.119676534774955,3.5484717610414704
-5.1250464090126036,3.548021671456179
-5.123407528409036,3.548373919423948
-5.118245712391163,3.5496200042848223
-5.113329667346334,3.5508293094181766
-5.111971095771701,3.551119960232462
-5.111305681689772,3.551200572670768
-5.108695393601775,3.551551501373193
-5.105134342672403,3.5521971262216767
-5.10460637525469,3.5523514862292433
-5.104426402854524,3.5524181885770436
-5.108234326264936,3.5510795538229853
-5.120469635844975,3.5471913438181693
-5.134077435081859,3.543566813801028
-5.142962989921586,3.541691006651028
-5.146539584793607,3.541037492924172
-5.146376133625983,3.541056005319109
-5.14537699954398,3.541157393156988
-5.144312281910807,3.5412958214207486
-5.140224133142861,3.5421938758406886
-5.133143807108931,3.5440494085480823
-5.126168093431054,3.5457909529297984
-5.120119905220036,3.5468619965136847
-5.116376137658269,3.547303541056609
-5.112613804492731,3.5477483133485763
-5.11075358103189,3.5480587016736784
-5.111808966321932,3.5477935788377097
-5.113083685328178,3.547447490426617
-5.11952812580718,3.5461386994103985
-5.12705773810851,3.5453181737057835
-5.1346552986878615,3.545051922896091
-5.142121351590416,3.5448314910111844
-5.149424753320686,3.544143230078316
-5.15632378729861,3.5425959299694743
-5.163087483978363,3.5402890739184967
-5.17063277785287,3.5373822366419545
-5.182613410749484,3.5328989871560528
-5.198249330684536,3.52799637131556
-5.218449618312902,3.524107722114156
-5.232002862359333,3.5233635196571633
-5.241269612255911,3.523941719632465
-5.25500071463376,3.526141083303284
-5.268772924993625,3.5290068984476877
-5.279731071645078,3.531104818115012
-5.294194306756667,3.5327547293269688
-5.314325113970646,3.5326564869196995
-5.335478283958779,3.5308256985857467
-5.355119716699302,3.5287867389757372
-5.371977441064316,3.5275677419070615
-5.386512291376061,3.5277280026249773
-5.402215234928269,3.5296629808998468
-5.418051865434163,3.5327656918159263
-5.433820654976331,3.535911126266772
-5.449625715128355,3.537995004262196
-5.467058891130121,3.5378755346844932
-5.489322348696973,3.5342641958869265
-5.50686941843649,3.5296159486910756
-5.525453758352627,3.5237682342975747
-5.541206386730436,3.5185133551760734
-5.555951436653514,3.5142739376381305
-5.564251359930304,3.5125884291012905
-5.571043370679396,3.512020554527186
-5.581525219132969,3.5124464944220395
-5.589775663662146,3.51341066391927
-5.599947895205544,3.514774410152239
-5.610036083263406,3.5156610340343795
-5.62003274497317,3.5153908217676273
-5.629971979846907,3.5137258131452906
-5.639885377521127,3.511279704243682
-5.651056820304417,3.5084457062367966
-5.666834774930384,3.5050970189441175
-5.688129194068262,3.502321291843442
-5.715288652913408,3.5011686479097817
-5.7410915698764375,3.501960573264396
-5.766751012389509,3.5030529978804847
-5.789501467149048,3.502873954873206
-5.804249737726866,3.5015904440311933
-5.816673671941079,3.4994409436476865
-5.829175046010891,3.496957364374433
-5.842208175290908,3.494971172216747
-5.856603054232823,3.4943594139636294
-5.874881395208377,3.4958944893626676
-5.892874755446585,3.498776568588844
-5.917083255614596,3.502789149996312
-5.941441509673008,3.5062370005859242
-5.968281996709691,3.5099155942231124
-5.994977485141951,3.515187612992752
-6.019059003883685,3.5225247506090205
-6.036000578559103,3.5293450854700192
-6.054077533799176,3.539017280476569
-6.0716850105544795,3.551306996169672
-6.088724957667599,3.564992113080225
-6.105938707257183,3.578861977100704
-6.115223945015783,3.5859414800243465
-6.123244367127982,3.5915873286652555
-6.133059615883216,3.5974802742073555
-6.148614156506883,3.605512041043923
-6.169276744180908,3.615308397509539
-6.1955479096437625,3.6275600005908673
-6.2225539984451395,3.640575283023477
-6.249156579138879,3.6546108460410367
-6.277094035734143,3.6721750249928413
-6.296421010291195,3.6858570278794613
-6.323201673180716,3.7072467670427813
-6.3431869210270255,3.7248977429537584
-6.358391956214711,3.7389869360086823
-6.37096710333581,3.7510326562686074
-6.385772247172123,3.764873637116018
-6.401787586211599,3.779866741776586
-6.419116411877684,3.7951318662346396
-6.435556467283778,3.807719225765603
-6.44929522832776,3.817002020643502
-6.46481753999602,3.825920538564634
-6.479671717442931,3.8336449327736584
-6.496428806689314,3.8421628627294333
-6.514258121690887,3.8513713327467225
-6.539706174043487,3.8638254567530375
-6.563742029208959,3.874999436836559
-6.583689119299008,3.8841214241415116
-6.603228892038243,3.8925831081853697
-6.63015310949872,3.903185083813004
-6.655509139159316,3.911900310257091
-6.684164124650112,3.9194486866089813
-6.7102798705224425,3.9245878476294123
-6.732260524121506,3.9271722875288213
-6.750421008663257,3.9273542474913645
-6.770332129169094,3.92527383728834
-6.794024902857207,3.9211443651444267
-6.822655327303112,3.9152241450503964
-6.851845711935305,3.908538730949449
-6.880696305618224,3.9006755257313315
-6.90690596308516,3.8921576650249174
-6.933373009092032,3.882337238197598
-6.960031227353447,3.8704974961784853
-6.981158289377385,3.859754265599256
-7.011404800779403,3.841796191319125
-7.032559751841216,3.826887861428175
-7.05009928461404,3.8130191313433617
-7.065731162315302,3.7991914667792006
-7.0803214747841805,3.784247755804824
-7.100364902345522,3.759603558999294
-7.115195329789674,3.7377146936563777
-7.127577765603534,3.7127626189320564
-7.13569047687125,3.6853166988007278
-7.138816901406017,3.657794239284745
-7.138599396857387,3.6245040265851816
-7.137281377747147,3.5972153934099134
-7.136672872659719,3.5702834935783887
-7.137616625919802,3.5470987904811304
-7.139543136611814,3.524034406639117
-7.141535229972611,3.4986462422960245
-7.1425510906077,3.4691385378320554
-7.141033604472844,3.4398607523466653
-7.136605390174991,3.410913727268838
-7.130322692842321,3.3861400083031166
-7.122839617052815,3.3637833333626523
-7.115169169584627,3.3412875301926914
-7.108661666654093,3.317939710413373
-7.104171523590194,3.2932402688631126
-7.100977408108315,3.2687185657177413
-7.09745147119863,3.2441059621090584
-7.093008057898284,3.2185123999831564
-7.087138212854229,3.1923209248807147
-7.078565395355223,3.165428301394529
-7.0677030753273895,3.1386451942343574
-7.056784851558222,3.1125264417635288
-7.047850388549147,3.08831735019255
-7.039909553238781,3.0642985759130816
-7.031205779027169,3.037495519334941
-7.022898029560033,3.0117496165497415
-7.016288569809954,2.99119601110835
-7.007930278768468,2.9649903251564687
-6.998467025967659,2.933058576281505
-6.990283736110277,2.905365082871061
-6.981835302662601,2.876667508471811
-6.97321986838888,2.8488756058045333
-6.96562405214542,2.823644123580337
-6.956613538680405,2.7971939063967066
-6.945235871349376,2.7702903632575913
-6.931964318932236,2.74384439950907
-6.919244345364158,2.7190720297642494
-6.909791301031686,2.6995081547300948
-6.90024024475866,2.677191734968867
-6.890293457365217,2.6496507066506534
-6.881791297103744,2.6211182080655573
-6.874986836288303,2.591937756233568
-6.870149428820058,2.5621787751475917
-6.868729672718102,2.5276120474162016
-6.8707926710372025,2.5011549002957714
-6.875157671181145,2.4747567187422304
-6.880157357496022,2.448598753649948
-6.884079313894783,2.421721697927836
-6.886044276011733,2.394963687033177
-6.887206934657537,2.3686074251321134
-6.889501164915293,2.3404294209222916
-6.892879795207126,2.310861245658058
-6.895248417452925,2.281369365223387
-6.895140175179732,2.2558638754135156
-6.893442695865305,2.2260093858437973
-6.892744813543193,2.2059024104259795
-6.894036983822862,2.174588152533865
-6.896974030945706,2.1493487753396714
-6.900094867564643,2.124539110053365
-6.901726205312246,2.100141990711966
-6.901067536320141,2.080731259696073
-6.898684296245299,2.0584341787392124
-6.895369442383714,2.0330065962419726
-6.891982531015643,2.0046482463557
-6.8891662428876375,1.97825318376701
-6.8873159575973695,1.9581673980795151
-6.884754984311418,1.9292922206309457
-6.882966480161203,1.9053371629394604
-6.8813075511762305,1.8753628936635744
-6.880231000962501,1.8524619938665385
-6.878279110285954,1.8216538966677904
-6.87701789426674,1.7983697437653068
-6.8772740762363,1.7772256053745652
-6.878390311934362,1.7613037546326338
-6.879593513249897,1.7459144565037408
-6.879919989284219,1.733664933826912
-6.878879101976989,1.7184581987426073
-6.876771603585915,1.7026936518686486
-6.87398609183027,1.6831930422116934
-6.871060298415522,1.6586754581477599
-6.869011651620287,1.6396209858616986
-6.867694029805667,1.6250650013613728
-6.866539980959753,1.6068816477312702
-6.866295012025061,1.589154710460437
-6.866375850348893,1.577748767208411
-6.8663058847365495,1.565435170108791
-6.86552444771915,1.5536499942992203
-6.864626288738717,1.5435008761052582
-6.86408829923729,1.5343853310569244
-6.864117399724296,1.5183179877564343
-6.864794257354298,1.500161509203911
-6.864944564830315,1.48172453434502
-6.863291422329492,1.4569635439387196
-6.8604591189724715,1.4309728100586792
-6.858302250164859,1.4060732420433013
-6.85705375708313,1.3815733906432657
-6.855964840909557,1.360267973893974
-6.855273040660104,1.3432710091995193
-6.854664268945994,1.3270998762380577
-6.852952105249839,1.3046301648541752
-6.851443253780805,1.2853121801723906
-6.850072191198415,1.2653332252405989
-6.84881772346492,1.245309676565553
-6.847666901194624,1.2215994293814776
-6.846633009057945,1.2003316762215714
-6.8446136194155285,1.1773322218130717
-6.841158260497302,1.1534200343274696
-6.837510465410604,1.1287172532539174
-6.833789295426182,1.100325689448991
-6.830289605888353,1.0708799770611377
-6.8253784070210335,1.0356292589491525
-6.82014477579947,1.0061066300660393
-6.8155152536806645,0.9764251705852849
-6.811923893888362,0.9405386642556726
-6.809161344506924,0.9106818360759988
-6.805807116044955,0.8809145485991529
-6.802312358235064,0.8511083932994831
-6.798862607181134,0.8213001961786441
-6.795597558073023,0.7914625026841742
-6.791783540566201,0.7557000589649177
-6.787591498540112,0.72605802223306
-6.783075768913884,0.6963728513018271
-6.779170492433383,0.6666074468114214
-6.774727986211896,0.6370180881474076
-6.768713017175947,0.601501354757904
-6.763952159585219,0.572326622488981
-6.7590117444741855,0.5469472109901192
-6.7543203641198675,0.5213602923434776
-6.751081570571124,0.49469587385733316
-6.748532081829208,0.4685236891890981
-6.744076739256155,0.43656762902264573
-6.7390836114144586,0.4075928184081167
-6.734342063737701,0.3783328272600075
-6.729830969578235,0.3512300660692891
-6.725241970899043,0.3238231565222816
-6.720051677717962,0.29469628029614825
-6.71328905917307,0.26338941671588695
-6.7077291969881205,0.2415172780167838
-6.700958764810203,0.21618743719582506
-6.695974398806195,0.1967595326541137
-6.692450075910057,0.1815926772258881
-6.689091220499614,0.1645546637516131
-6.686586764479341,0.14909549600383473
-6.684523542613477,0.13342430429632282
-6.683712220569552,0.12027127824074621
-6.684421837717002,0.10722654680362068
-6.687686918764075,0.09312105729919619
-6.694491631144021,0.07828803656060974
-6.704179343592728,0.06376206197175252
-6.720425665607149,0.044437336406022335
-6.7458116333644975,0.021693906649162226
-6.770252539090788,0.006292317241923391
-6.79676137380611,-0.00711906191986277
-6.824102989717554,-0.01951367105832415
-6.849020449403941,-0.031099786752153042
-6.874806407119293,-0.04285338437192962
-6.907079696696583,-0.056080216822876
-6.9349004325900765,-0.06701076342657378
-6.962373909704803,-0.07880613294379038
-6.9891750153739345,-0.09210225683423412
-7.015775784197775,-0.10595136484587009
-7.041549668463237,-0.12027351714239612
-7.06564151747045,-0.13604159480512504
-7.0831230953209445,-0.1497684897820607
-7.099762339952152,-0.1669468543252028
-7.116521461402824,-0.18974517487036038
-7.131863017345037,-0.2149287146718956
-7.143048874282444,-0.23583788863392025
-7.155229215298871,-0.26310469029224015
-7.165447204533738,-0.29116003699908394
-7.173468059089602,-0.31866999772203514
-7.177478606475769,-0.33695879726677685
-7.181088130438618,-0.3569044222688499
-7.183202405508408,-0.3710564170696941
-7.185769796532631,-0.39313744001506157
-7.186886150585212,-0.40940278040024647
-7.186681147938405,-0.4240012790724469
-7.184831856758742,-0.4453848962612689
-7.180854185005024,-0.47030663682431617
-7.173251297851165,-0.4998005840865038
-7.166342823076838,-0.5205678219191672
-7.157607486811948,-0.5448208662845039
-7.145291780153794,-0.5774810407257064
-7.135954337240296,-0.6018759036265314
-7.126320516903639,-0.6264360738346443
-7.118223930628836,-0.6467234992218408
-7.107136260922655,-0.6767224900024613
-7.098391836534077,-0.7009397684447868
-7.090937913806327,-0.7198763701088439
-7.083530329718231,-0.7376989580084444
-7.075584183924446,-0.7568448565935935
-7.066643051210904,-0.7822236077111822
-7.06060696421802,-0.8043329966439644
-7.055610360584473,-0.8239186169577853
-7.050890664218508,-0.8400898437191147
-7.04744444496967,-0.8495460728920149
-7.043427727926857,-0.8588494555793091
-7.035235672910236,-0.8761078232464877
-7.0235916463976045,-0.8992679379262404
-7.011249919457602,-0.9245508719722854
-6.99944826041501,-0.9516558074841608
-6.992007984661222,-0.9690910152083021
-6.983035071180122,-0.9894547588783894
-6.9740370449301565,-1.0091858137547516
-6.964953777095185,-1.0281604829324589
-6.957315892625831,-1.0443823488883768
-6.949206440198143,-1.0629172445400916
-6.942670106864951,-1.0790752689080685
-6.937363099277541,-1.0926914824879161
-6.930228975571261,-1.110152692549408
-6.9227181556040795,-1.128727881454833
-6.914834198536328,-1.1511199543854314
-6.909606648564804,-1.1701646703173643
-6.902720910323299,-1.2011394224798306
-6.897620426536976,-1.2260281799140353
-6.891782277618667,-1.2528723860633548
-6.885942996779018,-1.2816038565411922
-6.878664709218736,-1.3168426170078944
-6.872148552738017,-1.3460748410642702
-6.865643276235178,-1.3754158647698662
-6.8605450717416705,-1.405087191196991
-6.856118174611581,-1.440127057573234
-6.85338752064943,-1.464260907649563
-6.8514384666050425,-1.481955131930513
-6.8497665759526924,-1.502720182625314
-6.848777793866243,-1.5301876472361666
-6.84922820677641,-1.5541217017198028
-6.850666628396425,-1.5807390274520516
-6.852457260375972,-1.608769660183214
-6.85406944563115,-1.6383042803953873
-6.8575709867684305,-1.6742294088695144
-6.861002015815218,-1.7020014055013297
-6.864536925259329,-1.7274221168473323
-6.869826621524273,-1.7569075411909985
-6.876384493680249,-1.7859198472407907
-6.8835326815436275,-1.8110798391820184
-6.891237657050983,-1.832955923578088
-6.898793800311915,-1.8543276188283357
-6.903776915683314,-1.8709977580398514
-6.9069787810298875,-1.8842780552141554
-6.9104258876651485,-1.8987008515252002
-6.916380477428206,-1.9196237342535074
-6.92459316221804,-1.946516412144347
-6.92922717158919,-1.9637068948587695
-6.933208555245085,-1.981006528381606
-6.936706285987389,-1.9977489363779912
-6.940514352002512,-2.0209793228547506
-6.9437092622603895,-2.041536470145701
-6.948131539989104,-2.0673586530775845
-6.952377351880548,-2.092715310930429
-6.956439828147073,-2.118714658068783
-6.96112114763239,-2.1479988029884436
-6.9665784238769035,-2.1747295674793627
-6.974807762009303,-2.202562844533617
-6.984473870756116,-2.2252757465331414
-6.995797500329762,-2.244731373777073
-7.008972522417252,-2.262836468115712
-7.024474424238732,-2.2824127651031145
-7.041764335986009,-2.303991425153776
-7.062031857176779,-2.3305997381992736
-7.078032770834665,-2.3528641124912313
-7.095073492361294,-2.376213547228328
-7.112438904160354,-2.397134824725942
-7.128279228028837,-2.4135787480116866
-7.145432366754866,-2.429667679501147
-7.162944242891484,-2.4454624771385314
-7.182134035941784,-2.462814673559483
-7.2080238466570234,-2.487070517567742
-7.230253261228114,-2.507323262948731
-7.251163315677233,-2.524720629608973
-7.274645213732526,-2.5438543772023556
-7.290252938002682,-2.558031040216966
-7.30940145811177,-2.577459599944297
-7.328360292555772,-2.5969745255469534
-7.348585586732713,-2.6153513268199053
-7.36779179415657,-2.6290150900626763
-7.386309206404289,-2.639099092750819
-7.405203209549607,-2.648173648160405
-7.428278401568166,-2.659978682076324
-7.450123022900103,-2.673422303882252
-7.470674451716003,-2.6874665971880423
-7.48951149598004,-2.7001613412382395
-7.502517742946348,-2.7081507174095387
-7.516130713580618,-2.7151339554218237
-7.529052236729682,-2.7208995095826705
-7.544689064826088,-2.7282828325807422
-7.5586772767429995,-2.7365015384344256
-7.572782394045607,-2.7464631883754294
-7.594602028514756,-2.7631070537251072
-7.614330718524664,-2.7782637970995365
-7.6329945564455866,-2.7920584371010877
-7.6499210456743505,-2.8040664198058796
-7.668433996221973,-2.817123638218667
-7.6870390335219865,-2.8304442155690186
-7.69890531804484,-2.839296346932042
-7.7164451070109195,-2.8531041666615398
-7.733777076616028,-2.8673208754333355
-7.746303817072571,-2.8779657393869194
-7.761871102768027,-2.8915960761444377
-7.770839254915793,-2.8996212510208257
-7.775291071021232,-2.903563387054462
-7.780404304365592,-2.907731963313376
-7.78782544355899,-2.913687162759454
-7.797397520577447,-2.9220499338029176
-7.805630832096307,-2.9303640086669227
-7.811960268330502,-2.937826772393323
-7.820751539155114,-2.948855567185494
-7.829200781678726,-2.9585063016025335
-7.840869405492699,-2.9694762406399717
-7.852695900008458,-2.9785343166376497
-7.860776731041143,-2.9835424482260873
-7.8776261177653035,-2.992654911297815
-7.89276351485258,-3.0000728403386385
-7.907464744954496,-3.006797746931232
-7.919405345475279,-3.012240041364786
-7.934928701906335,-3.019644880626227
-7.942559844296309,-3.023607469963569
-7.958073985022805,-3.0321411654408323
-7.9695295890371085,-3.03859811883474
-7.980218662095046,-3.0448217562952227
-7.990478546594716,-3.051029017714847
-7.99558008939204,-3.054181603894101
-8.000385021965604,-3.0571312459497637
-8.005075433309607,-3.060032355892015
-8.01353727888639,-3.065363007707646
-8.022366937059592,-3.071130424816885
-8.039484670774947,-3.083387332020686
-8.055022697129251,-3.094643690314672
-8.066216626500694,-3.102296513318703
-8.07511306947366,-3.108020456493395
-8.090553459507964,-3.1182010326739236
-8.107449318576862,-3.1300277097695366
-8.125942544058137,-3.1440062272717846
-8.144382576691338,-3.1593206502592612
-8.164855179402627,-3.1775182825953343
-8.183348167019744,-3.1932601136620886
-8.20680804185322,-3.2116203297704904
-8.22504231087062,-3.225110747392324
-8.2479607510812,-3.2412105107481834
-8.270413519040714,-3.257697697855582
-8.296867384404592,-3.2810341230192113
-8.316758907342109,-3.3031415456270703
-8.33683026925912,-3.3326581115869143
-8.350309275257148,-3.359204680586746
-8.361150980923652,-3.3857748589717254
-8.369980582276945,-3.410864012425222
-8.37833000410424,-3.438889573819645
-8.382065313790546,-3.456519364103062
-8.384363839992425,-3.4757726048895896
-8.386165283136,-3.4991560870716727
-8.38845926189555,-3.518704638432998
-8.393289606667432,-3.5397960751132223
-8.402570854754728,-3.5634484652985705
-8.4142651023034,-3.5841294619551336
-8.429421206837723,-3.60430997239104
-8.447243466683048,-3.6237963376518323
-8.465181301202858,-3.6416568559583724
-8.481642272495776,-3.657553645649238
-8.495894691740132,-3.67149236074176
-8.509216456908197,-3.6842724063398085
-8.522456673437107,-3.6957001647530916
-8.540307026920969,-3.710390311284505
-8.555934026169375,-3.7234948744925034
-8.574337368179206,-3.7398187015992623
-8.595623574809775,-3.7590940647837594
-8.622065339072812,-3.7834611597252747
-8.63935158637352,-3.800072786745777
-8.66485942729886,-3.8254417284733297
-8.68503525862197,-3.8453449386590304
-8.705845705090706,-3.865468965917801
-8.73176546297564,-3.890143120878653
-8.751754682438127,-3.9098972026569747
-8.771378157674995,-3.9295907311442932
-8.794809606323776,-3.9524777789477277
-8.81589353995852,-3.9721275163489276
-8.836304676644495,-3.9901258326793507
-8.85687836039918,-4.007216087576459
-8.884217825555957,-4.029613369614452
-8.902719998478096,-4.044132256312068
-8.92218390692751,-4.059432370736753
-8.94505269331998,-4.078415469106548
-8.972167041818851,-4.101998870721303
-8.994185475008917,-4.122319224251196
-9.015629777359552,-4.143169035541257
-9.038448553569264,-4.169014504289507
-9.050852913504784,-4.185908843825001
-9.060869339251786,-4.201450949985261
-9.07125852781279,-4.217541186763287
-9.082697994345589,-4.234335450935872
-9.099941408077473,-4.2589239181931156
-9.113867450806376,-4.27822228523129
-9.125770902396473,-4.294258940519701
-9.136248622901821,-4.308184136876518
-9.1495779733484,-4.325848003439522
-9.164532894475954,-4.3458319892727095
-9.182113637042661,-4.370735003346487
-9.19530309480214,-4.392630192209645
-9.204507537277726,-4.41098599391398
-9.215387393455629,-4.435373231865224
-9.226542346093202,-4.461609500425368
-9.239375849978062,-4.490845244976616
-9.250693542009873,-4.515694253066165
-9.262246264244503,-4.541387126756412
-9.272723669676454,-4.565319693270645
-9.283362974049039,-4.591284081333048
-9.293017964587019,-4.618899470264363
-9.302750018888158,-4.653282208553008
-9.309957954342549,-4.6822290150526085
-9.316014739212191,-4.709875843676282
-9.320636600464148,-4.731826210787648
-9.324494737102132,-4.74936257378282
-9.328401716545226,-4.767242605889655
-9.332910821545093,-4.787480611660758
-9.33725465099013,-4.8043504622733755
-9.341552479506959,-4.819676020952136
-9.345657422884459,-4.8351717985991955
-9.349752267177447,-4.8525667203233
-9.354221197840086,-4.871802017057278
-9.357634261076575,-4.885711957909264
-9.360746544979897,-4.898629979170835
-9.364490881282793,-4.915692081663706
-9.368650519879784,-4.933924093502806
-9.373172416059749,-4.9556660460577815
-9.37725038405707,-4.975873912931688
-9.38066291271766,-4.990701594359975
-9.384110408444698,-5.004256058056192
-9.387545860752558,-5.016834538697721
-9.389275243331504,-5.023162311310674
-9.390662805183725,-5.029063326914312
-9.391728658391095,-5.034259590195437
-9.39293853850723,-5.040486914747683
-9.394120426625658,-5.046119741790783
-9.395986623004593,-5.054454589488669
-9.397712526233896,-5.06234965544326
-9.400272381594117,-5.074378479760748
-9.4027474227856,-5.085919289021135
-9.404851569640607,-5.095600462880615
-9.40625551346306,-5.102079176270607
-9.406988994197278,-5.105617052873959
-9.408626434220697,-5.114969983499414
-9.409763093774751,-5.122927443432345
-9.410981113233264,-5.131289915728546
-9.412981135594974,-5.142289584454884
-9.415017872992529,-5.152695608222232
-9.41651141435694,-5.1606066989776895
-9.417694047556768,-5.16720233210339
-9.418332985748338,-5.17234569885882
-9.418552574838456,-5.174540321324971
-9.418476833991768,-5.173692599374287
-9.418543625135655,-5.174423212279767
-9.418502522567817,-5.173774397767903
-9.418695566184436,-5.175866167584938
-9.419506999771109,-5.1827690694164446
-9.420388853545399,-5.189319287413033
-9.421376753206696,-5.197542521079859
-9.42260708329178,-5.210355395396266
-9.423651128669063,-5.225168515933194
-9.424307483170054,-5.237864644984427
-9.425037043726432,-5.256695817124736
-9.425524703692075,-5.273902715872841
-9.42591430306105,-5.289881988690739
-9.42583147277351,-5.310234882147735
-9.425520201897799,-5.335617513997516
-9.425854426493304,-5.3622091489603925
-9.426957280141831,-5.383267963792212
-9.428173145521916,-5.402822196053637
-9.428467606866757,-5.417578635376265
-9.428441541093907,-5.434994393685395
-9.42858754837025,-5.4551860970708
-9.42883325580204,-5.472476845586142
-9.42959217952797,-5.488852097815003
-9.4308890578078,-5.506482743019303
-9.432001057064426,-5.522935451027004
-9.433217235117574,-5.541927118890073
-9.434378754783406,-5.562770865169163
-9.435308470241825,-5.581182047625414
-9.43623887318115,-5.599686110722196
-9.437385828773973,-5.621184893932714
-9.439069278156495,-5.642755543016391
-9.440963934163856,-5.660902443472023
-9.442592549080006,-5.675712764106127
-9.443409644642152,-5.683734303152319
-9.443932206576717,-5.692327740234914
-9.443992269566515,-5.7016505137763565
-9.443853635072616,-5.717940534921185
-9.443609956620469,-5.746559798575045
-9.444186287859635,-5.77455143443054
-9.445351042224205,-5.795769187606197
-9.447768076678953,-5.822000841764693
-9.449989392834059,-5.841104392153126
-9.451662355185753,-5.8531492633518205
-9.452983032673792,-5.863119987462211
-9.453778815668448,-5.8712859441328495
-9.45446421624747,-5.8805175734116855
-9.454941253016536,-5.892297292707887
-9.455550608396466,-5.905381777022423
-9.456786364973325,-5.918671512034959
-9.457925993835206,-5.928725455397225
-9.45864336024051,-5.937980524119336
-9.45857989814309,-5.950705392455276
-9.457249456294377,-5.971612942566604
-9.455116040649783,-5.996004201015065
-9.453273739975186,-6.02299836550491
-9.451884239521883,-6.050238887519639
-9.451346277259159,-6.069628531624478
-9.451094025473555,-6.088970223390727
-9.450768792501272,-6.105497631220378
-9.450362244494851,-6.122508811762157
-9.449530533732197,-6.14144464226998
-9.448528389349061,-6.15875829282772
-9.44718987874619,-6.187976034676008
-9.445941740847683,-6.209874459185209
-9.444203551635686,-6.229151677609894
-9.442462793547062,-6.250656380503509
-9.441636198610897,-6.2730115365060515
-9.441826721413678,-6.290534455423806
-9.442516449267089,-6.30610588237915
-9.444729072742517,-6.32910142167169
-9.447559717693107,-6.351249841872949
-9.450097597518564,-6.368928230361909
-9.451872074543568,-6.380829952324511
-9.452650451653621,-6.386798303973941
-9.453100849273437,-6.39140025613263
-9.453810734495127,-6.4008844655043085
-9.454958738579737,-6.416539280706703
-9.456588529677646,-6.432063408354583
-9.458440399311938,-6.445197455806929
-9.461103957041079,-6.461292865866208
-9.464244050768794,-6.48187316249396
-9.466966739303246,-6.506960402706291
-9.467916835062413,-6.530792057192106
-9.467581097095222,-6.557842329487317
-9.466299849019071,-6.587693800865701
-9.46554113036398,-6.610701967857198
-9.465840328407474,-6.633413661963357
-9.466615362448175,-6.649672674734234
-9.467227869765521,-6.658705009204688
-9.467816093835982,-6.670904443039557
-9.467987973586947,-6.6803299058437915
-9.467627637365544,-6.693883401297416
-9.466829352973608,-6.710924967991752
-9.465913072396145,-6.731622820243658
-9.465176841745878,-6.752170741452597
-9.464457198061242,-6.7769405140542505
-9.464386777444629,-6.806101754175198
-9.464970805253415,-6.830647875293206
-9.465463113602363,-6.8536669733469795
-9.465507210629593,-6.874473765543889
-9.464681753274352,-6.894309845121281
-9.462940871312545,-6.918532309180098
-9.461309623433133,-6.94675035210089
-9.46079205053712,-6.97675412196781
-9.4603082231948,-7.006411017118956
-9.458228369644127,-7.034076646283945
-9.45442646285591,-7.0616275173454355
-9.449994024888326,-7.094879216356897
-9.448527024546003,-7.122545658838858
-9.448812310832926,-7.148884198794518
-9.44910573574363,-7.174375106289489
-9.448170402196416,-7.198035864598267
-9.445543164948774,-7.224580330313573
-9.441184985357985,-7.258446196645317
-9.437771712298686,-7.28557258966441
-9.434705385876072,-7.311159176680839
-9.431887780787756,-7.336777295999853
-9.429543216724673,-7.357264322348512
-9.427119219338834,-7.378399436053228
-9.425250654981165,-7.399436134077964
-9.424219234874128,-7.420065035910934
-9.423401032715399,-7.4420176970077145
-9.42209115018836,-7.464579154212009
-9.420846090608839,-7.485953815949957
-9.420009107907603,-7.504010238513623
-9.419506927335267,-7.525090995149187
-9.419257102721799,-7.540690689202476
-9.418791585245966,-7.555120538690787
-9.418218605959366,-7.569670826637219
-9.418010870260913,-7.5792508017468245
-9.418071164395304,-7.586723366731777
-9.418102678954714,-7.589802955130197
-9.41790285071209,-7.5973558991006875
-9.417302697345743,-7.608152344951636
-9.416360343146314,-7.621175338490366
-9.414854445539182,-7.637213251396277
-9.41304608760252,-7.655329824739722
-9.411510891126834,-7.6693587297843795
-9.409230518392283,-7.686074651955706
-9.406977251313052,-7.701560632140101
-9.4033004800912,-7.725327322172817
-9.39982486493799,-7.747516762801248
-9.397036949172357,-7.769932289361307
-9.395436517579087,-7.785326963040411
-9.392966660961717,-7.803655489110996
-9.389750205999345,-7.819213716812045
-9.38538420417209,-7.836233762302068
-9.378444520385985,-7.8605480473979865
-9.3717091919443,-7.882905610194662
-9.362091840060344,-7.911034655869298
-9.350674960323891,-7.938695718181277
-9.339467219727192,-7.964201861668654
-9.32874950806941,-7.986502617572403
-9.31736689406428,-8.007040812338944
-9.303029126393538,-8.029110621493547
-9.287292536198315,-8.051576980014346
-9.272165265055957,-8.074654625580923
-9.257752880353253,-8.099697346662879
-9.246264152433788,-8.12078199157481
-9.231377232045489,-8.146704734022752
-9.21431378464877,-8.171079881973538
-9.194566844304903,-8.193447171401385
-9.1736432470991,-8.214912467028359
-9.153061120841794,-8.236880495507954
-9.134363734613403,-8.260587941626804
-9.119257299015965,-8.285871422111267
-9.108880401093266,-8.310000036144844
-9.103939821973013,-8.32593997252721
-9.099943843123132,-8.342057188789568
-9.09519109185762,-8.362144025622085
-9.089705994281871,-8.380985396907002
-9.083714139514994,-8.395801267515514
-9.076450273720457,-8.409938842693748
-9.070287019121936,-8.42125047801422
-9.062092442677306,-8.436559687331592
-9.052596299042523,-8.454712527216124
