-2.636644377526129,5.378605195959745
-2.6403500642101405,5.348848265098009
-2.6436668541356005,5.321448182051562
-2.6451035100788314,5.309532590701163
-2.6454861081202172,5.306355183512493
-2.645820521011972,5.303574955700662
-2.646535838690857,5.297618535976406
-2.646822170575358,5.295230760226159
-2.6468219898245655,5.295233415241317
-2.6468217689546796,5.295232734063523
-2.646822078771644,5.295231764988245
-2.646822009645444,5.2952321647921785
-2.6468218642244086,5.295232586141093
-2.646821728706626,5.295259083740592
-2.64682947188031,5.295411190500436
-2.6470975668704777,5.297433384361621
-2.64987428185365,5.308186993482534
-2.656354496429363,5.323274244102165
-2.6629188274157416,5.333146772589086
-2.6716835016928226,5.342525513806221
-2.680567577735064,5.349538132116036
-2.6959658352124105,5.358097440687924
-2.7083406611132284,5.362605294557375
-2.7231876261994254,5.3653984660518
-2.7289202138337547,5.365480962857595
-2.7247699442665536,5.366428483868779
-2.7189002908871407,5.368604242882336
-2.7153902869679194,5.371008233498262
-2.7066448973261568,5.3792964503128715
-2.6964429615106345,5.392452295602733
-2.68512078327427,5.41123271599014
-2.6729205481516223,5.436093107767028
-2.6612813096034547,5.463648657060739
-2.6507809045142237,5.49166935248044
-2.6414280348997514,5.520086041862778
-2.6333504221122297,5.548889286825806
-2.626446173961524,5.578006172065379
-2.620669960198063,5.607369054575772
-2.6159596237875364,5.636929794118758
-2.6122474861504412,5.666636944066338
-2.609432429221332,5.696461492330992
-2.60671079068708,5.726357237717436
-2.604235330646135,5.750259882667045
-2.600476828233632,5.780071342027376
-2.595988435309627,5.809777198140845
-2.5908483101610686,5.839372943719151
-2.585176654626017,5.868858357861912
-2.5789923442256555,5.898261245375746
-2.5719286873157596,5.927479661520672
-2.563973087456292,5.9564574279261215
-2.5552889956992386,5.985218507949121
-2.5459393218435418,6.013775035296288
-2.5357751588643356,6.042061097691943
-2.5247369023421373,6.070014588826917
-2.5129344967017433,6.09764859262307
-2.5004237636266953,6.12496718101002
-2.4872453751752057,6.1519681878503665
-2.4734057026489547,6.178638056090873
-2.4588930974999434,6.204944926075449
-2.4468574941000125,6.2257470756589095
-2.4313397501924676,6.251460698147203
-2.41539486796864,6.276910904435655
-2.3989550185859927,6.302053001515629
-2.3820180856738054,6.326853849263149
-2.3647604561231246,6.3514123521036865
-2.3474054638744297,6.3758827148158455
-2.3301793788860143,6.400419602772699
-2.313470662168082,6.42526504100363
-2.297739863051338,6.450705128389376
-2.2832794714928295,6.47688182088437
-2.2700765006872086,6.503716063074237
-2.258106365348384,6.531138174348922
-2.247327566380535,6.559035467828529
-2.2378196715260805,6.587408404556358
-2.2288226180245543,6.616007316036075
-2.22102127834453,6.644841483563277
-2.2150727777939023,6.674135717174163
-2.211324953668188,6.6977827724959855
-2.207421950748884,6.727480806688
-2.2041233168079732,6.75726633621444
-2.2012315512056,6.78710649456039
-2.1986448289058873,6.816976897183569
-2.196256604343308,6.846874857210657
-2.193908465447233,6.876783918544409
-2.1915247475872612,6.906690305851304
-2.1891321441770053,6.936594988349097
-2.1867313753536433,6.966499507067798
-2.184311083028702,6.996403698352077
-2.181835747344125,7.026306439162563
-2.17926277340889,7.056203025540801
-2.176562749919511,7.086090484557396
-2.173698899522326,7.115964792548335
-2.170640039037066,7.145821724473517
-2.167356488366552,7.175656364520349
-2.1638325552067585,7.2054638146965795
-2.160844442040648,7.229288763401443
-2.156909660809934,7.259043279528164
-2.15276542277089,7.288768637841389
-2.148425280832957,7.318465092495527
-2.1439016025690663,7.348133444779452
-2.13920122222221,7.377774429409987
-2.134330996079221,7.407386314646067
-2.1293173921616457,7.436972675781408
