0.026135201058106315
0.050977140089792414
0.07211403441751688
0.08058397403362115
0.08421930526112026
0.08745402057961246
0.09639200285134476
0.099366422737962
0.09951329440096755
0.09951418755243746
0.09951560445132193
0.09951611254277112
0.09991485001910891
0.10411603174865933
0.11423506150435443
0.12913062564240588
0.14938813031475176
0.17371739995345964
0.19918958716725063
0.22579157945463965
0.2534711135023718
0.2833632285466873
0.3133003361013465
0.34318184624151316
0.3731197387478217
0.40308883893867314
0.43304091781295
0.46295886737697567
0.49292278945190743
0.5229229775973601
0.5528697146903873
0.5827984731887494
0.6067573816369926
0.6367101859750509
0.6706017056887168
0.691183746869904
0.7139062164782232
0.7363231765067729
0.7576907534674344
0.7822008140343782
0.8032300454817958
0.8238234756307143
0.8485448378381472
0.8781200520573909
0.9079363601533019
0.9379017359940431
0.967839152684102
0.997768646766681
1.0278032420446748
1.0576874561090743
1.0876978758292044
1.1177726502480523
1.1478735594845457
1.177942632403434
1.2080291867830713
1.238081946598815
1.2681023416841688
1.2981081522487192
1.3280599572240905
1.3579115076908834
1.3877332432582787
1.4117924109371254
1.4388670035063071
1.4639390549951334
1.4884390246521035
1.5155435126278738
1.5433919444201165
1.5716032292806925
1.5988050477586957
1.626469377473968
1.6548697356897752
1.6840195831522418
1.7139601720526234
1.744053099638132
1.7742230944623365
1.8020763616560762
1.8301990711346205
1.8601265738464203
1.890116581756497
1.920101747720066
1.9501276528263674
1.9801664201440237
2.009004889404786
2.0389833654265552
2.06860127490476
2.092944307582643
2.116066750383199
2.1349404489331563
2.157772561609295
2.184719298013705
2.214723885920822
2.2444448430485915
2.2721726825908095
2.299711338165576
2.3254343761872702
2.3521295762297347
2.3820662011931977
2.412028716614372
2.441886102132628
2.4718084797515205
2.5016364929490127
2.5316779302212233
2.561790620400884
2.591907182181991
2.62199790784428
2.6520414146164306
2.682024565062966
2.7098974637410636
2.737140629931011
2.764797533898519
2.789667754691527
2.804644177575105
2.8179209435178234
2.8343683919400497
2.850097748573213
2.8806945908006263
2.9023048317156066
2.930158626853196
2.9601182020369947
2.9897313315969383
3.019202644799199
3.0484067082875184
3.0775900128872746
3.106657981501078
3.135598493981074
3.164401006917276
3.193063682784201
3.2220429367007255
3.2519282069862614
3.281948543827227
3.312045151797923
3.3421016776093495
3.371725815025685
3.4011568729589703
3.431118537121452
3.4603770574434503
3.487454803560697
3.5138640823501843
3.5412227153249476
3.5648170150290825
3.5931372192594524
3.6215964710422512
3.651269876625722
3.68110728338686
3.7099160876637653
3.740186964850103
3.7703503316702873
3.8003921928016657
3.8302997699632826
3.858882907175333
3.883065239691168
3.9035781864845185
3.921868734873302
3.9362633587117055
3.9501141086726523
3.9651257782097424
3.980479591662451
3.997045002062321
4.010324938719999
4.020113499067366
4.028047376262499
4.039760531898623
4.05295574093793
4.0703418387292185
4.090119608515397
4.107830651263912
4.123010303380797
4.139112559693499
4.155777665559789
4.169273193176451
4.184605668524124
4.20147436089405
4.215737431136035
4.224152044933401
4.234311590620773
4.250393431259405
4.268313681189332
4.289473476197817
4.3147828998629
4.342415486874348
4.370732412823236
4.397961293146133
4.42554367843535
4.453888971951126
4.481663100434208
4.50675612667905
4.531094241331939
4.553652763131569
4.574957015287959
4.599495363506614
4.624766333866783
4.653739130672568
4.677171235938482
4.701971183158318
4.728359037251125
4.750358629474032
4.775233471811292
4.7960642367534865
4.820835244169255
4.8479546877912085
4.876245350312101
4.905886554113195
4.93570095879289
4.965423649036814
4.995305755629088
5.025131684064172
5.055036220050825
5.084974328289342
5.113863957722859
5.1430673426826585
5.172374832831874
5.19725091333476
5.2183164244833184
5.241217816781859
5.261463427832661
5.282892823013272
5.3012685834708195
5.327690144882142
5.354992931187742
5.382153178246664
5.411798090608248
5.441682853534886
5.471528329665994
5.501387268400548
5.531105975197191
5.559448001353955
5.588389754623999
5.618138838632471
5.6479463225036906
5.677824875003471
5.707815819835775
5.737858807044941
5.767859805011177
5.797866363396354
5.827819205985852
5.8578470422333835
5.887832016563734
5.9178927196945175
5.948045675288579
5.978154857747654
6.006647018987258
6.031539441585699
6.054570834321611
6.076199270982126
6.112140811628231
6.1421604650673345
6.1661345764305935
6.196133947703773
6.226101052850552
6.256030931420232
6.285907951680844
6.314539985641748
6.342397171500114
6.372050837339943
6.402056358774289
6.43206221236876
6.462092723838332
6.4922070930446685
6.5223628109943546
6.550877066798884
6.579483241343917
6.60952838616698
6.638959408418631
6.667243248647536
6.692975755298878
6.722594263964527
6.75088933387547
6.7783468137813205
6.807355522519976
6.837402814667859
6.86004254679608
6.884920098600696
6.907786583590376
6.9332307108238
6.962866253228665
6.993013889389694
7.0230446191153915
7.0529509989272965
7.082753300692809
7.112564210376367
7.142428310794798
7.172429012289568
7.202503097554563
7.232470552302622
7.262244735821845
7.2923343430876075
7.322414004118427
7.3524542181867725
7.382149748236375
7.409894594350577
7.438247588101873
7.4667828901938265
7.495208243404532
7.524605295506254
7.551953912075045
7.581838873604726
7.61144918360334
7.6407748158856945
7.664479450668432
7.693188827213582
7.723186166158253
7.753089959227494
7.783027422267049
7.81296275938351
7.8419806221515795
7.869083113806082
7.89543528289905
7.924364885814064
7.953967383253747
7.9831997686811
8.010375977498581
8.038236674604132
8.066940943359228
8.096918070800404
8.12693614457217
8.153611975838466
8.183102225001665
8.206989859054055
8.243112756348475
8.267144038916788
8.29638415971172
8.32646801041269
8.352726066705086
8.379782904569934
8.40923229439345
8.43923807812198
8.467783683716261
8.491765013573254
8.515665987259322
8.540522671900566
8.569247079031422
8.598627503042971
8.622564925149026
8.652667432089615
8.681676035463838
8.710296474016708
8.734373815315777
8.755875537511601
8.778535007351698
8.805338633938785
8.835152274625353
8.865118883352038
8.895071530525463
8.925026559637201
8.953923330956433
8.980514603986595
9.006293052144061
9.033466898226795
9.0634421903374
9.093507739978284
9.116696047525078
9.146576115827068
9.176663183967964
9.20664150567796
9.236533197779547
9.266464394750006
9.296439702860887
9.326096053742368
9.35367078241796
9.379849109765408
9.408613415935632
9.438564209673395
9.468539595858871
9.498449939908385
9.528293707255104
9.5582274593769
9.58158513958349
9.609626680049695
9.639370419716075
9.669344842800855
9.699259837997852
9.72856734701239
9.757193076088129
9.784028275876732
9.811439296915779
9.839999426291152
9.869834190192185
9.89990045913817
9.92962672403628
9.95343024794854
9.976420342034848
10.002525467198685
10.03086491758188
10.060802895438231
10.09075170085318
10.12039858582986
10.150385934821854
10.174466780099486
10.204534826286865
10.234622844969696
10.264654437528346
10.294697484705045
10.323558066361981
10.349631468342418
10.37250208459026
10.40010675202863
10.428645017200383
10.454379207687014
10.482069983819029
10.511398690123595
10.540918852774741
10.568108152747936
10.596036829306499
10.625129892601269
10.65198912367611
10.680969317554338
10.710791150325019
10.741011008201095
10.770870312866837
10.799185486434398
10.826215460922844
10.852247330144174
10.878343842909905
10.905642434594148
10.93491290659032
10.964889988513404
10.99492368393235
11.024937121681674
11.054996262633951
11.08509121297901
11.11490541252817
11.144265584283927
11.17256135375267
11.202382879639273
11.232197286453609
11.262238238667159
11.284722624822841
11.313640080795135
11.34307456195355
11.372978561800744
11.403029329054148
11.433068800983342
11.462517447298033
11.492459277103697
11.52231279619581
11.551801721201887
11.58183558944955
11.611930359627168
11.641706080143488
11.670693761203708
11.700428386154286
11.730116762369624
11.755935552850485
11.775111031804837
11.79111682481389
11.811297851499843
11.833730621132192
11.858714908901296
11.887584860453654
11.911329122750143
11.941289085872015
11.971156549204663
12.001117818045735
12.030659226907332
12.059431665186528
12.089162676387808
12.119149863545548
12.14915800104157
12.179057797226774
12.209103129910984
12.238725288784442
12.265788026486193
12.290537434970664
12.318405491011733
12.348390354592441
12.378467106080127
12.408562178763052
12.438645731128215
12.462691762389714
12.492715681265617
12.52269012157382
12.552658668813123
12.582561453013865
12.6125101469757
12.64250062794739
12.672418382783114
12.702137923520986
12.731785844030249
12.760961368926955
12.790967820135231
12.817791296166462
12.845239194680683
12.875014176528458
12.90484193790961
12.934830638893803
12.958857028836817
12.988982184936859
13.019116851928311
13.049145335987733
13.079070108697808
13.1090259889942
13.138560760737638
13.168013462857331
13.198035711132228
13.228061073759536
13.258069083143551
13.28813447439424
13.318150755997564
13.348072497215986
13.37802082492747
13.408042335796267
13.438061375347054
13.467808242734934
13.495660030100026
13.525112561159057
13.555170186277664
13.585204598639475
13.61421859140197
13.64246904058375
13.665899158294952
13.69596472864072
13.725548852018283
13.751033214663746
13.772713929821535
13.797535043234173
13.822189802778567
13.84683620169805
13.871757613267878
13.897710489216646
13.925013131131639
13.954685451260033
13.980807962295897
14.003747777354723
14.02839350775832
14.054479522846057
14.083448996550773
14.113410529118964
14.143465016534021
14.173521592409804
14.200368799056516
14.218704307750304
14.238723813160803
14.259313218910046
14.27883881020421
14.297869447554692
14.324651002107027
14.354570376252349
14.384449860360364
14.414403065720725
14.444389334196153
14.474393731284863
14.504512282003976
14.534647194592397
14.564742144323233
14.588792927827056
14.618625880458135
14.643648599566637
14.67085798984291
14.69921202351754
14.723336110821533
14.747731462686081
14.77549812196643
14.805510946964523
14.835611540061452
14.865667783919825
14.895762314086081
14.925850893938684
14.95486328777795
14.984000909523052
15.013785134452622
15.04124841282493
15.062191183244359
15.08822887557212
15.114356788716982
15.14045075051917
15.165576063628972
15.188737632671128
15.20959695001791
15.232335230024823
15.26027161713438
15.289199185972752
15.317823388841791
15.347488131971778
15.377203425915008
15.405489343530741
15.431031034697499
15.459343339225274
15.489232703518566
15.519149723790306
15.549168000821192
15.579217096701239
15.609237686680428
15.639215309432098
15.66919746027094
15.698961019232453
15.727908491690487
15.757524797018842
15.787532185792056
15.817510114047343
15.841487424432733
15.868372444334065
15.894225012631235
15.920374408262017
15.941269212341927
15.961556771881709
15.982341608717599
15.998584424353432
16.016361313690936
16.031935225706373
16.046809197395994
16.058302980196885
16.063194966798
16.07006063305904
16.076819049605902
16.086408573203336
16.097002670403324
16.106355948445604
16.112071963825535
16.125134201396072
16.144775679585518
16.170065576077995
16.19695330518539
16.221667914265748
16.24359647975385
16.26866246710288
16.29790974309395
16.32188866345745
16.357858601196817
16.38782216654618
16.415273287918
16.433939137667476
16.461775947449418
