-5.61608385383179,-5.363348748920377
-5.634238280404979,-5.346391781896386
-5.649522270381213,-5.3317915095623585
-5.655564243424205,-5.325855649148888
-5.658139092623397,-5.323289370766668
-5.660419470411785,-5.32099519110197
-5.666654552578724,-5.314591186303305
-5.668694229994424,-5.312426263740766
-5.668793797369024,-5.312318293266519
-5.6687936073346155,-5.312317420565842
-5.668794632645613,-5.312316442639563
-5.668794406711944,-5.312316897733947
-5.669064744148007,-5.312023794943617
-5.671880146497059,-5.308905552243367
-5.678356531856513,-5.301130515531396
-5.687014212018522,-5.289009360256293
-5.696894090161171,-5.271324493747424
-5.705802847235009,-5.248684983846538
-5.711605694684744,-5.223882579065358
-5.7150879574019005,-5.197509489750168
-5.717758938643734,-5.16995912742396
-5.721195582162997,-5.140265221935727
-5.725930029024902,-5.110704852830267
-5.732084277955061,-5.081463959062078
-5.739595955221044,-5.052483756985988
-5.747675867578126,-5.0236244087163
-5.756442933261397,-4.994984129594124
-5.766116461251246,-4.966673238362212
-5.776667897106658,-4.938628562798003
-5.787541005021223,-4.910668111924657
-5.798716211776194,-4.882884630924204
-5.810868061385923,-4.855533888040037
-5.821173560203418,-4.83390460261139
-5.834798773845389,-4.807230194634367
-5.85099762512119,-4.777460540188165
-5.861723492380713,-4.759894203327135
-5.875055509681635,-4.741493987573267
-5.889493849340873,-4.724345971804494
-5.903586285017774,-4.708284321769015
-5.919316577882745,-4.689488020128067
-5.932504613333156,-4.673108023295718
-5.945378985643237,-4.657035067658382
-5.960914752233501,-4.637805254714832
-5.979604532261161,-4.614883967259022
-5.998526677595719,-4.591841297179187
-6.017585993210652,-4.568718446196506
-6.037254088037616,-4.546148223247856
-6.0576646437916954,-4.524257955322389
-6.078482103787181,-4.502608237706465
-6.098527097359222,-4.480443750729688
-6.118547404617569,-4.458087261983471
-6.138076120079238,-4.435215416217076
-6.156391435803384,-4.411327889204251
-6.173462965418054,-4.386574868725592
-6.189715385449452,-4.361255713969522
-6.204907840730025,-4.335325853285542
-6.2196375566640985,-4.309167497267202
-6.234011839760434,-4.2828287681197645
-6.248642142330545,-4.256693258406164
-6.263908163362545,-4.231040506758007
-6.278810710249989,-4.205209323886927
-6.290107881857745,-4.183967443954497
-6.3017325388973955,-4.159515431532251
-6.311365976726438,-4.1363679772132045
-6.321013378937048,-4.1138474056445435
-6.332842624231208,-4.089460478322733
-6.3461539728062775,-4.064999424535126
-6.360851727827576,-4.040919295988575
-6.377056865266635,-4.0190713567472764
-6.396156813006957,-3.9990586823904533
-6.417240966178595,-3.9800313643497764
-6.43914767959043,-3.960800932358352
-6.461325698857225,-3.9406868993191195
-6.482837543422479,-3.9196434957430104
-6.502740512111171,-3.896969712973709
-6.519358624288744,-3.8746170209430053
-6.535101740424351,-3.851313779049325
-6.551214728389151,-3.826094202577643
-6.566940226922578,-3.800557772319644
-6.5830015945906215,-3.7752369775751125
-6.599001276679891,-3.7498290034233834
-6.614500682571358,-3.724097778054664
-6.628902537977141,-3.6991129052277945
-6.642767117819302,-3.672533167637138
-6.655579052441433,-3.6458297054440556
-6.66600225643186,-3.623831067792364
-6.675265281133659,-3.6026451353267195
-6.682026052073514,-3.585023884711242
-6.689079366869414,-3.563308541756413
-6.696693428893493,-3.5374598926168113
-6.70487611108711,-3.5085926272874772
-6.712539519592105,-3.479876648065513
-6.719408174117374,-3.4530130170620263
-6.7264583315476925,-3.426392107403013
-6.7329034608915235,-3.4014895976337787
-6.7392069533612124,-3.3755492875355597
-6.745240214416819,-3.3462269193631573
-6.750651949253496,-3.316757181386351
-6.755647153536297,-3.2873206156192842
-6.760529072458728,-3.2577991734119256
-6.764721311180727,-3.228267232977753
-6.768722371680056,-3.1984934279091886
-6.771375699807919,-3.168497862241875
-6.772105901861893,-3.1383901539518773
-6.770977462919779,-3.1083205946528607
-6.768629412756651,-3.0783689843522493
-6.766365121345513,-3.0484714544357994
-6.764449781555266,-3.020664441755409
-6.762583985560787,-2.993485241815748
-6.760193964275721,-2.965931800373255
-6.757244094401379,-2.9412371420436196
-6.754657904870529,-2.9264857059746032
-6.7518516991023345,-2.913508891146446
-6.747871438661819,-2.8975503170739465
-6.743684551722623,-2.882388435995016
-6.734306464180033,-2.8532642496830736
-6.726538247786339,-2.833098503317907
-6.715799829269706,-2.8073979143883037
-6.703833365308111,-2.7799319375178273
-6.691549809699246,-2.752986590907737
-6.678173561530256,-2.7267257019892837
-6.662153927188975,-2.7023074989472606
-6.642677276903792,-2.6805744512771605
-6.621286776575244,-2.6608921420877536
-6.599469872769434,-2.6418769909988757
-6.578578694414777,-2.6220491464767406
-6.560109741327752,-2.600130050698819
-6.54458548120576,-2.5756597727023776
-6.530729464722978,-2.549180720844949
-6.517466365669836,-2.5222491255050588
-6.50312636903791,-2.4957883940726493
-6.4876200073082995,-2.4700406273779745
-6.472007126602601,-2.4448646969337675
-6.456250221994083,-2.4200069591398634
-6.440254248256951,-2.394672592291917
-6.4246198849524365,-2.3699414844417777
-6.409702435709634,-2.3473433862280233
-6.395000247551212,-2.3254049343789247
-6.3794009042757445,-2.302929274486011
-6.365891449140996,-2.2835853968889324
-6.350343554568563,-2.2599148045428508
-6.334608461740769,-2.2362011825981236
-6.317058169067336,-2.212274247441318
-6.296959779715716,-2.19022145651363
-6.274407512417553,-2.1722954295255543
-6.24776693545014,-2.1579216455952985
-6.219613305475466,-2.147095666786057
-6.190995953436459,-2.137954519018269
-6.162609309095733,-2.1285384904100293
-6.136264820566569,-2.1174495924927577
-6.115094880879073,-2.105761185435584
-6.097827237119096,-2.0946882695989424
-6.0825876575584,-2.0845739542402213
-6.070359106161627,-2.076980027312366
-6.058125372615237,-2.070485488221976
-6.044612947268054,-2.0639460246715298
-6.03095289467716,-2.0569358498695314
-6.016366428328374,-2.049084237221683
-6.0045634258442,-2.0429977070122347
-5.995824338313027,-2.038588142090778
-5.988707332913232,-2.035081770535063
-5.97820159916741,-2.0299022364423127
-5.966289563120719,-2.024226239718094
-5.950491781022554,-2.0169663170472156
-5.93248779251416,-2.0087799518278584
-5.916728724908519,-2.000697079600701
-5.903605004769435,-1.993068855161118
-5.889753828722836,-1.9848574252925708
-5.875219571904207,-1.9767038290145595
-5.863312277427658,-1.970352010070286
-5.84989008775099,-1.9629405578124262
-5.835415934046918,-1.9542773218799305
-5.823232962306634,-1.9468604241252592
-5.816026760842933,-1.942515727838593
-5.807389509411475,-1.9371664983348622
-5.794031645323449,-1.9282114402483852
-5.779340018397501,-1.9179502777499262
-5.761899619832806,-1.905968231901836
-5.740808484037934,-1.891977845304572
-5.717357063401476,-1.8773631015477643
-5.693119883759049,-1.8627204440643854
-5.670168479799358,-1.848069676851789
-5.647827777313984,-1.831893120027086
-5.626086239847306,-1.8137062782704605
-5.606183804379858,-1.7943337390600527
-5.589138563570187,-1.7759185352364546
-5.572832467383638,-1.7578504680456293
-5.557784661382635,-1.7410442061072748
-5.543713709987984,-1.7250479725883363
-5.527492395374528,-1.7066360339204152
-5.510186579758717,-1.6882205326017963
-5.490015823759076,-1.6674223702514295
-5.473802477786397,-1.6505051905348487
-5.456998537049334,-1.6322660853536184
-5.439376308295653,-1.6126249067388767
-5.424808443282466,-1.5961397811120654
-5.408677931582698,-1.5772039850208746
-5.395937573524356,-1.5607235710508867
-5.38186736361623,-1.5403365162971139
-5.367161499837389,-1.517550516365523
-5.352709341257176,-1.4932298112309381
-5.338602965575101,-1.467160458958698
-5.325466052933978,-1.44039629910519
-5.314413562388997,-1.4128049822085762
-5.305325975196717,-1.3843382287334298
-5.296858854708146,-1.3557393847419887
-5.289459396685359,-1.326764752845345
-5.283196682160448,-1.2974890166175295
-5.278467143312817,-1.268989154317956
-5.275681801387947,-1.2399189021093526
-5.27459613320864,-1.210631527637563
-5.274074209208548,-1.1857609229701211
-5.273694077950424,-1.1646988418721707
-5.27317960434225,-1.1418032290583993
-5.273109655788743,-1.1215577388440279
-5.274116526543539,-1.1001520108935485
-5.276080991354668,-1.0818815579599455
-5.280991931781184,-1.055920402909765
-5.288594045310207,-1.0296973212841993
-5.298619904504269,-1.0044552697090492
-5.311247463762989,-0.977634278375888
-5.325449705578532,-0.9513398800638113
-5.341526524116643,-0.9261945355407147
-5.359200739777718,-0.9021284115669694
-5.379192983690181,-0.8801395117079631
-5.401185623404996,-0.8622623126811286
-5.426344318467816,-0.8479561900380036
-5.454021818995378,-0.8370491297608293
-5.48274726813504,-0.8290908217460766
-5.512101946460774,-0.8235202957498322
-5.541749372245208,-0.8189940482653472
-5.571405593148487,-0.8141888799867106
-5.600932594377356,-0.8088769992086352
-5.630461734349085,-0.8035456355319563
-5.659984686220934,-0.798489145448534
-5.689613511889341,-0.7936102481120749
-5.719159809686332,-0.7884999670940347
-5.748762265942519,-0.7832711568739533
-5.778062144659248,-0.7761495111201667
-5.80663294180617,-0.7666483312595764
-5.833407192171322,-0.7569044732203912
-5.856935188124911,-0.7487763670924379
-5.878976479219324,-0.7420960573505812
-5.89989544207164,-0.7366018544455736
-5.93496872626734,-0.7287495248712859
-5.964322052669387,-0.7224597059757413
-5.987764314075392,-0.7174379138822254
-6.017126601877905,-0.7112882527705516
-6.0465279869030955,-0.7054929141714165
-6.075992603904643,-0.7002361113267339
-6.105598304386877,-0.6962187939868558
-6.1341034466938105,-0.6935261687251811
-6.161822110836159,-0.6907515584622355
-6.191172141656417,-0.6865188774454157
-6.220718607234247,-0.6812903319110297
-6.250275238064677,-0.6761176320466948
-6.279816083307489,-0.6707166986584507
-6.309224588282841,-0.6642347955574853
-6.338042824621658,-0.6553535468062615
-6.364656664180344,-0.645118004415619
-6.390856929116943,-0.6336350022231206
-6.418175333983541,-0.6211283846554708
-6.444492502151737,-0.6079529632055112
-6.4694225250313115,-0.594593712578394
-6.491757101571717,-0.581813705171428
-6.516845878204398,-0.5660717439641151
-6.5400182274118785,-0.5498343422793694
-6.561628507451783,-0.5328959539446692
-6.584435161697197,-0.5149693897224248
-6.607826862138508,-0.49611022442052943
-6.625028302968519,-0.4813905809394784
-6.643032867776939,-0.4642229302600542
-6.658206796649745,-0.4471165566424139
-6.672509133107277,-0.4260726315682693
-6.684790552326767,-0.39910168209321983
-6.6926566644619445,-0.3699983447248939
-6.697590001344225,-0.34037560151863705
-6.701622921663715,-0.3107423919869214
-6.706748015036054,-0.2813840778587655
-6.714106688687155,-0.25249566740997365
-6.723987182328098,-0.22431339746567283
-6.734865818862486,-0.1963545463209819
-6.745081281430419,-0.16806859699893573
-6.754207686900904,-0.1395246472500788
-6.7628240421534995,-0.1110244643314118
-6.770462544547134,-0.08192055142283045
-6.7763613321578955,-0.052424953235099096
-6.78132967255741,-0.022798443907360036
-6.785860103375353,0.006549464050971119
-6.7901610551424785,0.033958920444661554
-6.7940496152298975,0.06204399397327305
-6.79665705411927,0.09045991781743568
-6.797601247118953,0.11886958526942704
-6.797911568111864,0.148264999421174
-6.798226056595941,0.17561180773988116
-6.79851927120028,0.2054953308057163
-6.79871350723468,0.23510500372820883
-6.799787911258057,0.26441094791628117
-6.800993165196154,0.2880849225113446
-6.801753130721494,0.31678423877517714
-6.802311859591772,0.3467763738410736
-6.803492931607437,0.37665683415917844
-6.80617358440146,0.4064740404978443
-6.809275438397741,0.43624823922865724
-6.812340178020856,0.4651038059475603
-6.81483270510525,0.4920914394602624
-6.816496527653593,0.5183910309101697
-6.817561480262995,0.5473010257347991
-6.818560505308007,0.5768866608239082
-6.8203710868538145,0.6060629209036247
-6.823314346325842,0.6330792779743272
-6.826884924657516,0.6607102282581057
-6.830796534418908,0.6891467251211048
-6.835321877663439,0.718780311440409
-6.839848660012283,0.7484550986263916
-6.843317606085895,0.7749044159500259
-6.846187476072221,0.8042546909396939
-6.848011991689945,0.8280725456579842
-6.849218744124594,0.8641752804228844
-6.84853700633389,0.8881968910154915
-6.846133919340665,0.9173380961553815
-6.842415847557866,0.9471913039430923
-6.837975538763757,0.9730712030554859
-6.831932427446011,0.9994445471901598
-6.824101987848903,1.0278338194015673
-6.815468209377393,1.0565706411894453
-6.806088759057726,1.083531307176122
-6.7976505112128685,1.105979027662145
-6.78914455759276,1.1283152157020655
-6.780743581015264,1.1517091970626339
-6.772237006535177,1.179145117962686
-6.764560159296996,1.2075048664026848
-6.757938734862408,1.2305082773571596
-6.748434023325492,1.2590708644722695
-6.737500089751935,1.2859399576153592
-6.725696684052546,1.31201310696204
-6.715999570573189,1.3340513544921946
-6.70825537403031,1.3541100552799241
-6.701102887403212,1.375611067081312
-6.6933149093171735,1.4012583241578767
-6.684802940146244,1.4298310305718815
-6.676358413700421,1.458583206344926
-6.668498203141951,1.4874861155872883
-6.661295153938009,1.5165622200590132
-6.654762135764343,1.5447108091216732
-6.649440908783407,1.5707642224255367
-6.644369772943583,1.5960389523093783
-6.638699629009573,1.6226146438092386
-6.631032830657465,1.6515928828886606
-6.6223099422586715,1.680365239295299
-6.6148832901227,1.7023320880664805
-6.604566153227642,1.7303744697060668
-6.592926897561524,1.7581190078506033
-6.580725150494472,1.7855017969901281
-6.569512087772224,1.813210649024867
-6.559870244690954,1.8415463405477608
-6.550674492516187,1.8700762763745808
-6.542185989288672,1.8984918435968274
-6.5350277137595665,1.9251212400034674
-6.528616088708078,1.9505022543037118
-6.522367599482939,1.978579677473542
-6.516638608422183,2.0079774445137066
-6.511412673605026,2.03749376851002
-6.506802388132348,2.0670466693662934
-6.504103345651012,2.0967681366774658
-6.5033857292840445,2.126693285680252
-6.503308465706669,2.1500508380985366
-6.5035109681178875,2.1780916473680856
-6.503718739024369,2.2078346613477033
-6.504263488468474,2.2378041339374675
-6.505058373873267,2.267708566632799
-6.5067587144153585,2.296966709545126
-6.508836726392904,2.325516914996904
-6.510944116465884,2.352269239284236
-6.513008414394868,2.37960241964188
-6.516091219776408,2.4079956811825625
-6.520800168033508,2.4374564846906526
-6.525532223924834,2.4671480352627215
-6.528175239527894,2.4967565693925056
-6.527582998457534,2.520552724568419
-6.524936824870491,2.54339002282028
-6.5210777743525705,2.5692083358736104
-6.516895015695011,2.597237409672689
-6.513394902060273,2.6269700806369873
-6.510759304236782,2.656802689807078
-6.508407480544657,2.6863561450051026
-6.504700703542863,2.71611351222444
-6.500346886590585,2.739797502328123
-6.493746275107214,2.7691321120847214
-6.485880965728163,2.7981739057040924
-6.476988728081623,2.8268588261545005
-6.467708540633537,2.8554326394210174
-6.457874761252203,2.8825661971799237
-6.448036019312862,2.9067120342514454
-6.439420989173422,2.9278980282864806
-6.428632289699921,2.9533071138279463
-6.416775201370335,2.979265581335826
-6.405454240693086,3.00237584765507
-6.392342903087677,3.0267658437393337
-6.377435998625083,3.0520236586258713
-6.36187383407267,3.0771086947508945
-6.347471553832043,3.1001701855288735
-6.332553910102681,3.123781091480926
-6.316422708905882,3.1479924664898324
-6.3006384749309285,3.169724384301099
-6.282344460199603,3.1922006086777532
-6.261372280851889,3.2134022454827216
-6.237469145762735,3.231892241236098
-6.212099860525482,3.247639540740219
-6.187125326978597,3.26098201908109
-6.162667836652632,3.2724907413299493
-6.139064541252093,3.283469933531167
-6.115798811265986,3.2952908381812147
-6.091403534906049,3.307541699345449
-6.0650255446956605,3.320228785824989
-6.037782502663267,3.3327364675224334
-6.010403365873819,3.3450817390537817
-5.982857891670943,3.3570003504020556
-5.955091030972006,3.368513534223861
-5.926797473766007,3.3787692963555855
-5.898384286847178,3.387801311848973
-5.8702119520367795,3.3960680667660093
-5.842894191828672,3.4034430614806266
-5.814268024881375,3.4118016482099076
-5.786052727656185,3.4214347087923405
-5.757757836457279,3.4315271783582535
-5.736295551879423,3.43822926471229
-5.708400928760496,3.4458522077766593
-5.6799709500732956,3.453476182652694
-5.651186799281725,3.4615830852713985
-5.62213358910963,3.4692616001808267
-5.592905779660429,3.476197379054614
-5.5640956653522595,3.482296566157666
-5.53465560731772,3.487755151600278
-5.505121307654442,3.492109200931969
-5.475851309701141,3.4956958313600706
-5.446000846832514,3.499009908674609
-5.415982016467177,3.5011464983733287
-5.386207010887615,3.501352835483519
-5.3573386838493295,3.4987250327398502
-5.327942513841271,3.494251431303777
-5.298695894139366,3.489148988916494
-5.273159022572648,3.4853439747930532
-5.254157235224963,3.4827688882465093
-5.23831432842326,3.480491232890397
-5.218530768778518,3.47650568325678
-5.196712422521751,3.47129138368753
-5.17229792021287,3.4659860361645984
-5.143857971917713,3.4610218198513913
-5.120415503566734,3.457248138675436
-5.090870445775848,3.4522793409941945
-5.061294991625184,3.4481130623538485
-5.0314878264982745,3.445078175590867
-5.002063742441843,3.442447944618488
-4.973460238597715,3.439334622860443
-4.943908907937953,3.4360709005548555
-4.914046890607899,3.433333873954158
-4.884164709452839,3.4305873187669578
-4.854366106276625,3.42812946184207
-4.824396208487947,3.4260017300354164
-4.794871848058735,3.4235966442634838
-4.767893229502042,3.421464529659084
-4.743180102363546,3.4201249150250526
-4.7153401595097195,3.4188734641056016
-4.6853748315930694,3.417791259503286
-4.655333857945045,3.416324670831989
-4.625379516334408,3.4134176416846027
-4.595655614853999,3.4087797753982123
-4.572011460711384,3.4044019226929207
-4.542636082453837,3.3981952442822982
-4.51327349555402,3.39216983455841
-4.483847422244723,3.386493565252763
-4.454311343535436,3.3818248869135545
-4.424556690040113,3.3784212322023834
-4.394720389119919,3.375384112462737
-4.364971337312469,3.372211421023572
-4.33546348285964,3.368670569817904
-4.306186777095135,3.3639936381205082
-4.277732871066109,3.3575448797369374
-4.248638140972892,3.3502043215212773
-4.222819372278966,3.342931766981942
-4.196549892894606,3.334975537616109
-4.16825665435857,3.3256996442802484
-4.1400274887977995,3.316065872394141
-4.111746688295449,3.306089975959955
-4.089188907097892,3.297818705130335
-4.061439963226307,3.286091764179539
-4.034656940509254,3.272279890706924
-4.008684467143082,3.2572087101907705
-3.9825813442450944,3.2425759046934584
-3.955951872668459,3.2288563563087305
-3.9295665158660813,3.215585497694901
-3.903367672464182,3.2021288165827513
-3.876787213589798,3.1881712165918246
-3.8503832588785656,3.173875987439811
-3.8241899633315533,3.159233860013168
-3.798122115604873,3.1442540380530892
-3.7725885408654722,3.1284738694127543
-3.746845299041324,3.113222767881206
-3.720525239356021,3.098934423299817
-3.694012582844663,3.0848500291149006
-3.6677058705309964,3.070389751704088
-3.6417984853052827,3.055771834268332
-3.6178975397938813,3.0414726432740355
-3.5928101027483947,3.026043058436072
-3.567445492246998,3.009915524158226
-3.542529986824236,2.993144015119156
-3.518416363697401,2.9770088065453852
-3.4947296048929033,2.9616131793639444
-3.475312342925766,2.9485005765079
-3.4508011378745596,2.931089679140046
-3.42702332156637,2.913487525645858
-3.406188157912277,2.898812761765217
-3.3882153154829906,2.886687154779783
-3.3675915792472355,2.872875957339985
-3.3473137773035444,2.85885212346603
-3.3271296746227996,2.844708326992968
-3.3068009555444324,2.830292365864219
-3.2857043973323203,2.81517657936086
-3.263581181377058,2.7991766552568156
-3.2397099406685044,2.7815525113389907
-3.2191863125839024,2.765391871714776
-3.20163456472091,2.7506212501338423
-3.1836892347941905,2.733728140267747
-3.165375966374413,2.7151511549648846
-3.144933721550124,2.6946244642118167
-3.1232092519575314,2.673990975540357
-3.101475893804751,2.653232041146106
-3.080690297745776,2.631521289204963
-3.0628441514471656,2.6114641815615403
-3.0508729426451042,2.5975760197365387
-3.037518595730243,2.5826615296226083
-3.0234661759957806,2.567613169954078
-3.010080405270641,2.55339804218537
-2.9968507843610674,2.5397180462586686
-2.9784950661272216,2.5202162701252164
-2.9581552335262358,2.498274069711136
-2.9369119218955113,2.4772620426427863
-2.914703936097695,2.4571622944313307
-2.8920969651508073,2.4374620111418204
-2.8693993341098323,2.4178385203773107
-2.847217243926264,2.3974649597531132
-2.8266856634523134,2.375406692369807
-2.8076667943832536,2.3520831287776907
-2.7931424742717548,2.3329132484325648
-2.7755240436837685,2.308838449029362
-2.7607998916692487,2.2886063997254396
-2.7454763099627795,2.266122210549672
-2.73003264162956,2.242343137101879
-2.717492080886261,2.2217347425866736
-2.7053413388428624,2.200580720264904
-2.691974319519592,2.17624329718845
-2.6780998497650685,2.1496299780907338
-2.6648770893414118,2.122589188317403
-2.6530984805340907,2.0949370243977716
-2.6423640855808843,2.0668220193130087
-2.632918201558329,2.038254591837317
-2.625932541977358,2.0100957645090447
-2.622728259268598,1.9811348671941662
-2.6240296916749113,1.9513790891275964
-2.629559612806803,1.9244783153240443
-2.6362034234315455,1.9046173130023212
-2.6465145538444528,1.880708276815909
-2.6586802227487705,1.857585466748447
-2.672422715210703,1.8354035204076098
-2.6862789325577983,1.8144443553551632
-2.6994709329324653,1.79540677655403
-2.7112897897581885,1.7782188231125418
-2.7237891334458952,1.7592241979504226
-2.738339626661925,1.73537624474883
-2.752314087672943,1.7100480257362303
-2.764396056233675,1.6840986321867581
-2.775019533295058,1.6564013630055858
-2.783695975654597,1.6279809822531366
-2.7902633377438817,1.6004680236599158
-2.794932884009324,1.5753568045470785
-2.7988902093578267,1.5473224298659907
-2.8018975090409644,1.517584739194507
-2.8030825450489223,1.4876911982266052
-2.80388886222532,1.4576837523420587
-2.805353640863231,1.4276703788770484
-2.807238597521504,1.3977090244167603
-2.809381598061127,1.3678080977667615
-2.8109995965274077,1.3378696367193699
-2.8125298311508242,1.3081454407831854
-2.814129030164344,1.2792421758426316
-2.815608286086287,1.249662836038982
-2.8175084278742206,1.2197156685239632
-2.819396353567085,1.189797247458384
-2.820501321371153,1.165845411214177
-2.8211934804876133,1.1389693026630396
-2.8208093619511283,1.1131195881479872
-2.819785684682345,1.0869902372814895
-2.81948081401151,1.0660976574644365
-2.8195987973047125,1.0458104409963576
-2.8197479856816883,1.0250261395858518
-2.8196746482746957,1.0087834895125292
-2.8196676941167103,0.9910066015352277
-2.8198208656922996,0.9754334427698067
-2.819613424309448,0.9605609177018739
-2.8193466036229777,0.949070232352631
-2.8192825120525264,0.9441786656122009
-2.8191563909948685,0.9373141578595078
-2.819150307332245,0.9305557440507829
-2.819325475882861,0.9209678204588575
-2.819677679992719,0.9103795794459331
-2.819996716797516,0.9010317441000685
-2.820270074066233,0.8953222688503413
-2.821438486388897,0.8823123932554942
-2.8239634125740234,0.8628338816792437
-2.827806261057492,0.8378376543612405
-2.832676869279618,0.8113947507366541
-2.8378950380296866,0.7872372960509721
-2.842678467634061,0.7658368104119485
-2.848312965212935,0.7414123112601642
-2.854913891625059,0.7129196644298078
-2.8603544067259987,0.6895660904584529
-2.8684349138950904,0.6545155294805721
-2.8751441903612944,0.6253127751970203
-2.8814831948292197,0.5986035803958634
-2.8857542062359864,0.580432933504979
-2.891661312107501,0.5532301013167903
