-1.4884082124222986,7.8169105154558345
-1.5001663624947836,7.819214201512811
-1.5060549135023968,7.820315483708884
-1.5115754983176681,7.82132077965675
-1.516897761505259,7.82226292520251
-1.5221312685195587,7.823152940492522
-1.527468528314453,7.824022756700621
-1.5328599480334917,7.824881740957845
-1.5382516105714255,7.82573571351064
-1.5436433742254265,7.826576290924545
-1.5486435347205636,7.827338635649478
-1.5532509070442795,7.82802931661489
-1.5574637561009321,7.828651102868806
-1.5612825792598886,7.829204392736485
-1.56470692162853,7.8296911587088
-1.5677363286943276,7.830114191982552
-1.5703701813820528,7.830475518663099
-1.577598828664956,7.83142343358877
-1.5780177693735442,7.83147359069632
-1.5780150184108277,7.831473712142468
-1.578016407776083,7.83147433321227
-1.5831807045727788,7.832102171120203
-1.5942953816810959,7.833665376998175
-1.6109085926872446,7.836836700879405
-1.6313364494442981,7.8425048475895265
-1.649176218833979,7.849691056180447
-1.6740842881357978,7.864233638588393
-1.6972588343098216,7.883767604225432
-1.7163538652894317,7.9073116297847195
-1.730680567992149,7.934023177880459
-1.7397352869592992,7.962951793791667
-1.7431916312181202,7.993066515200449
-1.7418658950932846,8.017279936699488
-1.735743527677485,8.046909319436848
-1.725768319061308,8.07541679867114
-1.7129385949353575,8.102705561393876
-1.6982311164773856,8.128968186170448
-1.6837584112446335,8.152760140571242
-1.6693898891076722,8.174844650489547
-1.6551555111270086,8.195153137695808
-1.6404103995354,8.215239048701486
-1.6288589284882724,8.230464470855573
-1.6147519454046542,8.24946650189058
-1.6014387051632122,8.268887511289124
-1.587471092100154,8.290198802295619
-1.572938252698006,8.312095951264565
-1.5585996076905018,8.333792360569245
-1.5419583957396057,8.358655054625226
-1.5249356337609932,8.382877363328035
-1.5096329727175166,8.404081355025745
-1.4934861602929943,8.426027923810114
-1.4756957663001016,8.448912794988486
-1.4565957550561246,8.471936391406883
-1.440354215578636,8.489717712048162
-1.4189523780245203,8.51089481007677
-1.3962657422513498,8.530689017809383
-1.3725729976757086,8.549234269730132
-1.3483516288105664,8.566997223210784
-1.3236007708470414,8.584074304542272
-1.2979642292362101,8.59988824902436
-1.2713619102258904,8.613959810623927
-1.244123384981775,8.626765334548868
-1.2162250705980244,8.638028857116987
-1.1948068927686826,8.64604001582427
-1.1698408937177454,8.655440355222765
-1.1430071739520302,8.665837793266771
-1.1153433570797557,8.677334354300237
-1.087843015598824,8.689305416058392
-1.060203118665395,8.701049496235909
-1.0323772617094493,8.712331354307965
-1.0044340306314736,8.723277672289322
-0.9767011601028315,8.734572844121594
-0.9546545766989551,8.744043363164895
-0.9292465859559738,8.754739811059023
-0.9059803568497108,8.763777746501706
-0.8790044904189147,8.773940399633666
-0.8511231201737635,8.78435225523167
-0.8247511270452262,8.793400464520484
-0.7976885682641335,8.802251727562432
-0.7693173766492186,8.811434858663784
-0.7462688714582543,8.818341860050127
-0.7188816025562265,8.825201430267176
-0.6910576520146484,8.830844194312116
-0.6615273319880215,8.835234451236824
-0.6336778714184591,8.838099741069602
-0.6045492789985415,8.841188708412814
-0.5833827087553913,8.843572597533383
-0.5564795622291386,8.846837402288322
-0.5275934044880993,8.850562940125489
-0.5018721556855541,8.853426298087072
-0.48288610621644756,8.85506906551661
-0.4695833280792832,8.855838369559025
-0.4488512595467947,8.856162942798234
-0.4258601079103807,8.855695332499673
-0.40340366066324834,8.85416658284314
-0.38314857970654403,8.852293727026156
-0.3606402554806369,8.850438853325896
-0.3340416506302595,8.84875875295882
-0.30801778752133296,8.847528319055346
-0.2785175259327682,8.846367502755127
-0.2545891646774097,8.845396715001447
-0.22469279371567094,8.84452852405844
-0.19539578888254996,8.844330335253177
-0.16555307046929296,8.844096580233462
-0.13563494582302135,8.843839620676878
-0.10562822943065778,8.843336800490563
-0.07608202647250302,8.843186580862083
-0.04734539056652998,8.844510734863356
-0.02430810164604632,8.847173440765566
0.005168687535791452,8.85187394770723
0.03447381386271446,8.857519457364878
0.0621617196693398,8.862804801402199
0.09071944717834167,8.868071334139415
0.11644527507952504,8.872947355621521
0.1449952026702872,8.877669910894511
0.16857207213304382,8.880405714959828
0.1982395911605624,8.881188649562754
0.22780733611340287,8.880221114485442
0.2573639473103066,8.87755452421584
0.28653751789792237,8.871306891034578
0.31466267644445933,8.861911248416321
0.34244522857498355,8.850862171192373
0.369830414276125,8.838500446205066
0.3971570881558528,8.82628824600887
0.41931045882259405,8.817148581914223
0.44733183857635883,8.806774486948392
0.4759916671986869,8.79825644541093
0.5049818581828918,8.790965331583237
0.5343978634241837,8.785799022704099
0.5640903357475027,8.781753044113861
0.5938100679796775,8.778795666033927
0.6177037929271277,8.777970314936615
0.6476239971585073,8.77833082283216
0.6765590904578036,8.778999768856682
0.7014225253328674,8.779189109188883
0.7268610335192915,8.778973366098022
0.7531875665883071,8.777709713966392
0.7768202247662577,8.77587678097945
0.7963442349774191,8.774141821133524
0.8243178981279725,8.771195284741298
0.8529051879164974,8.768704255347686
0.8809034951740248,8.7671277642101
0.9078266549577839,8.765685152842346
0.9337287978762181,8.76370954406122
0.9635212637887811,8.761193464769704
0.9874370851996817,8.758849532778775
1.01720522809005,8.755692855179067
1.0470433369762113,8.752939155700757
1.0769290869847536,8.750616942207431
1.1068479893224403,8.748645957664918
1.1367807291512961,8.746838438345423
1.166684178496808,8.745704733061608
1.1906461716271335,8.745564154894913
1.2206342887653034,8.745773750197282
1.2506172615174023,8.74613123175378
1.2805653886994488,8.746901783404896
1.3104389457637464,8.748689332240168
1.3402793986315689,8.751349570906124
1.3701117015060407,8.754397181713212
1.3939764475699747,8.756954377138314
1.423820104727346,8.760045310287243
1.4536591448373613,8.763153821482488
1.4834956159080017,8.766189398380597
1.5132605318994725,8.769720173923146
1.5420793705001539,8.77298807177258
1.5679949166264104,8.775568250217278
1.59129159370657,8.77816548935211
1.6193924767791772,8.781566198283375
1.6468291441887652,8.7862148926987
1.6733649332929312,8.79260951154143
1.6982180329060763,8.799395199438692
1.7215526193675859,8.80554526247905
1.7466503934906439,8.811964470678879
1.7725440585610757,8.818621976457154
1.7992224868441986,8.826073226446395
1.8223817341057733,8.832407070720524
1.8509673117946124,8.840354010484639
1.8787587245906348,8.849323775175002
1.9061034896741944,8.860305507210686
1.930888937944559,8.871157506980234
1.9537843457395585,8.881348550363988
1.9793767027659668,8.892632009822794
2.0067000371402326,8.904949716026437
2.0338226865357196,8.917632397059451
2.0556654057886936,8.927721934172707
2.0834524359594853,8.939383000186439
2.1117355897700385,8.949581754851412
2.1402969732572172,8.958931718670977
2.1690816133809125,8.96748860196459
2.1977031126862925,8.976290594058012
2.220311550701212,8.984120891324075
2.248179146645268,8.995057101507314
2.276037845479447,9.006267595976
2.3043553395202436,9.016437673164484
2.332858169339334,9.025454515399565
2.359511098304445,9.034015553344453
2.3809326747994497,9.040642858924647
2.4099776009247003,9.047903958713198
2.439464037068894,9.053849559846437
2.468996268831143,9.05904783964552
2.498154008770129,9.065428903241813
2.5231400457085735,9.07359789552944
2.540804024107957,9.081417477745077
2.562502085320896,9.092286916584063
2.584445898966712,9.102954639646962
2.6072934569596926,9.111850645506046
2.6289997602905926,9.1172256808522
2.6532314368938406,9.1209018459276
2.673487460298794,9.123160636856227
2.6985504535370555,9.126303248551688
2.7234491713992988,9.131444094685467
2.7497237208831824,9.139337746892503
2.7758999578233894,9.14799745164767
2.802574531081081,9.155604989254282
2.831813274865833,9.161599209478949
2.8552121905838477,9.165592148942613
2.8842085555198262,9.170165553892815
2.913133003784483,9.174423242793274
2.938361517294431,9.17795008670017
2.9625458996212934,9.181249153194111
2.9862496193027086,9.18397452943136
3.00421736829438,9.185663740737075
3.023932752546957,9.187540651981701
3.045390065513792,9.189593781944778
3.0691547200137257,9.19212654918423
3.0950104069419657,9.195542908882874
3.123749092231684,9.200047499013328
3.1478707196643656,9.204080228374448
3.165630278677872,9.207075471742042
3.19194704582268,9.211980054176161
3.21978564196454,9.217672439406222
3.247017769048112,9.223152876487848
3.2762074897421516,9.229177929506834
3.3052947855060855,9.236097797549975
3.3342161076762005,9.243658539405986
3.35735875984797,9.249858071418904
3.386227354426933,9.257657472929795
3.4152372966946407,9.265305541378327
3.4441838690778894,9.272465321062077
3.471751007905385,9.280069707138281
3.4992872441032095,9.288958929073685
3.5216397710821186,9.29747743459889
3.5494610408734384,9.308745865801047
3.5777979628251146,9.318927971128403
3.6066484905619323,9.327510512066015
3.636133297491561,9.33387906322397
3.665924403491072,9.338047859054653
3.689868478007512,9.340509310039929
3.719898873291109,9.34227915955261
3.7499160237980047,9.343129064347998
3.7796572922462457,9.343538215050843
3.805676108004129,9.343359922184522
3.8260207533872643,9.343178952073238
3.8459742701331345,9.342907288086058
3.8714405561956218,9.342222110395875
3.8937094975432385,9.34136324204369
3.921919079494888,9.339803761913783
3.9491478830597657,9.338514112472042
3.977226860418144,9.33723668000457
4.006133898153846,9.335039226317356
4.03603750949645,9.331863182694878
4.065778503641059,9.327517330668215
4.089481786810989,9.323545523896113
4.118147915697881,9.317916196407516
4.145221038189649,9.310912784622985
4.171651010765789,9.300815678556292
4.197231989416461,9.28712735129898
4.221864643615407,9.269879439389536
4.243370938126762,9.248520749420276
4.260551065345851,9.22356915518292
4.271374023459424,9.20195082220249
4.282594621711533,9.174008043329259
4.292214647424022,9.145470662617138
4.300170822268405,9.11647906196111
4.308066020160298,9.087577971918456
4.314500519038096,9.064415912882508
4.321463781333415,9.035172374102212
4.328240303050359,9.005954297130318
4.334903961723314,8.976708019383748
4.342387602945352,8.947778635421189
4.35136580261406,8.919196530196787
4.360241509389877,8.890505552919727
4.369048704735669,8.861844643475962
4.375986802939884,8.838830261783478
4.383809331905497,8.811123156355428
4.392101590009613,8.783073552916148
4.400293520399048,8.75744160664386
4.408349819304763,8.731351084900208
4.415457364354333,8.702380103142552
4.421302092464899,8.673198497879971
4.42590504300699,8.649633660463156
4.430735506747724,8.619904188779277
4.433060956722972,8.589853917361818
4.433149988482315,8.559688239320254
4.429460673856728,8.529990772523607
4.422953228409127,8.506805279265388
4.411640005561139,8.479522995026656
4.3984715240559495,8.45563460604057
4.38390194746008,8.43271978790007
4.369388522765472,8.409848555169026
4.354430822007726,8.387158146722669
4.342131675424526,8.369314290002212
4.327231543459584,8.346706325484803
4.3120142729067545,8.324226485095416
4.296962535355896,8.301745290807272
4.281956883257115,8.279008656289381
4.2660760860913545,8.256487131395307
4.250813657546266,8.233704899778697
4.237810841641287,8.20972720555788
4.228495149433066,8.18315513308638
4.223988339851598,8.160577861367216
4.220733439179995,8.131858165901935
4.218724568674295,8.102989194884499
4.217851141359475,8.075069455663595
4.2166013062536365,8.047593881334267
4.215207929431501,8.025518693729522
4.213608154629934,7.997173954055747
4.211093760954537,7.969830042817384
4.208478492485654,7.948504833833396
4.205226712362945,7.930833397613046
4.201894839565873,7.91663818976558
4.19707535169559,7.898479519243002
4.189938378981875,7.87886397956511
4.179352106698794,7.8563740136434435
4.165802432260095,7.832419349165866
4.148331981209846,7.808033348086298
4.133292405492428,7.789443012101459
4.114563250019944,7.766301320944367
4.0974485176715065,7.742114426658348
4.082970178203057,7.716218924550926
4.072413719571855,7.694841227571862
4.058985034652741,7.668115243416436
4.044900102329661,7.641809528592998
4.031043444534833,7.615352213818276
4.016146039197058,7.589389943249867
4.001193059236644,7.565120620551155
3.984857649122491,7.541598579320138
3.970848027551521,7.524295534067161
3.9536759843699634,7.5043366638257885
3.9371015160710456,7.484471457006348
3.9189753964529195,7.46184242564531
3.9024633059302265,7.440288385185762
3.885609633708307,7.418745403403265
3.8685109593831197,7.397305947535181
3.8516189524328213,7.3756084552477725
3.833931506451236,7.354524027722893
3.819635286648711,7.337822014041865
3.8009349039320246,7.317541317458251
3.780819936974669,7.298204802168822
3.75882583180257,7.277907261875759
3.736829216083356,7.257630539835754
3.7199302478639824,7.240724209723034
3.699485315320658,7.218823345558719
3.680021885488461,7.196189991310765
3.6624246639069367,7.1720408938252715
3.6461777853687596,7.1469947093847255
3.6326019508850833,7.1204958316278955
3.6211888076732492,7.092849754321317
3.612566091330874,7.07049384790241
3.60321455283305,7.042140370834271
3.5953267449472195,7.013232362744101
3.5878169701419407,6.98425189534746
3.5814291241986522,6.954978167128335
3.5750263749393296,6.925678334567622
3.569581541621675,6.896258805589439
3.564550713891386,6.86667084036604
3.5607231210079773,6.843040861970714
3.557010152638265,6.813309163890959
3.553399935005157,6.785009000091779
3.550437899991242,6.760390367321152
3.546933856582292,6.735954855750291
3.5428438302577594,6.711700535888688
3.5395754050729065,6.692248178201927
3.5345930221851494,6.66808920068865
3.5292886251722457,6.644026888276606
3.5225019308199377,6.619037206570796
3.51468215452417,6.595215319820544
3.507009452264654,6.573135665428974
3.4988316113940123,6.552078906624178
3.489685413659179,6.5307987579547575
3.4791625672720237,6.507734432909662
3.469468817699446,6.487098657433671
3.461157651759274,6.469324801323589
3.449666797338262,6.4471640750968735
3.4364102741052376,6.4260386989201645
3.422633116361389,6.405405326534189
3.4099156348882396,6.384588628982744
3.3992243662299138,6.362584386846852
3.3907400378771646,6.339541353291723
3.3830049696135394,6.316094547836499
3.3744079201788493,6.292816475760684
3.365851498206223,6.274804806976415
3.352773558891068,6.255120522699523
3.337314974115045,6.238614272705156
3.3203796705296598,6.223807566157484
3.302975854917161,6.209641164990553
3.2811094418054854,6.191801376401003
3.258424797920247,6.1722723892950615
3.2374542931099732,6.152939533149093
3.223115594398952,6.13886509668855
3.2029438393638054,6.117792893778586
3.187502666352227,6.101427213272989
3.166511852941389,6.079883994824905
3.143865843830602,6.059910678083675
3.119059921358363,6.042735431827084
3.0933193800047083,6.027227833105827
3.0677324120193084,6.0116639377679215
3.04302614384099,5.9960277437620135
3.0189063431890975,5.98018965039524
2.9957226554372136,5.96387409676185
2.9729939084456216,5.947719391162572
2.953772129553759,5.933517865475208
2.931668380670047,5.917724154790326
2.9117969095060823,5.9034112662878435
2.8941113557846116,5.89013470919145
2.8766020536096093,5.876296946171786
2.861215477851467,5.863019789419112
2.84810320807216,5.849984749895822
2.8332729929674603,5.831880187868439
2.8190274140451734,5.81113859869361
2.8070256596852725,5.789195438990471
2.798216467688019,5.765757983491798
2.79149183745507,5.741712681676677
2.786104151796655,5.719080131165286
2.782896519962172,5.70143758396042
2.779322398896066,5.679546296300638
2.776284865891348,5.660468656725114
2.7727132906810352,5.641569452643955
2.767050651042131,5.622009808842869
2.7595642412739956,5.602624473259076
2.7509369430353394,5.581699685807965
2.7411256816906375,5.55740194878679
2.73295034629871,5.533377977677759
2.728674895242033,5.516148252728204
2.72456183104375,5.4949952581694985
2.721657388395472,5.479590169170048
2.7193519397495534,5.468167144934862
2.716246177601738,5.454603285955114
2.711989682462027,5.437647413061575
2.7063643272900086,5.4181370280787835
2.6994779187766746,5.397977376182302
2.691044648711412,5.376691609974814
2.682838371402621,5.355458723896111
2.677053730082047,5.336950410068695
2.6713357395387893,5.309380967372803
2.6685714957096445,5.280537787722985
2.667153218400184,5.251491573899721
2.667049769648644,5.222512687328827
2.668874514972254,5.193511951307322
2.6715055743381564,5.165233904899
2.67552477065755,5.138201392762556
2.6798806462861804,5.1111433874668615
2.685184570216482,5.08310143762786
2.691171552658627,5.054525366056428
2.695830771918626,5.031686483021487
2.7025686634220696,5.003354504627856
2.70931816783383,4.974952401890585
2.7165459167256065,4.946763498666726
2.724159576105519,4.919332616029811
2.7311332720503163,4.893325470185366
2.7394168036443367,4.867542432566229
2.751040602019221,4.840329111660896
2.764636855302035,4.813757818248586
2.7810189279230597,4.788986484690302
2.799858582818857,4.768367703988216
2.8198586782133632,4.751888400047315
2.839836975489884,4.738501614607158
2.8610699523958956,4.727084926420522
2.8806294405922523,4.71771804857611
2.9047849279012152,4.708036988477144
2.9300271790768155,4.700285414642448
2.9588578101651484,4.692917396863443
2.987069607483509,4.687142305455563
3.013961059565863,4.682389871299692
3.040326649432249,4.67835354104728
3.0662825988394364,4.674488193358135
3.092161889042543,4.670506546812098
3.11020776800921,4.668310079849754
3.1318289800847783,4.666788990708369
3.151619781565091,4.6661404377188385
3.1697129572318157,4.66614022080415
3.188177308800712,4.6675810176817905
3.2099824718750893,4.670927891589941
3.2302982993587785,4.6754590481711515
3.253095627960575,4.683204558919312
3.275746180893925,4.693268460900183
3.3000985799270386,4.706033761627053
3.3251501263439227,4.721691617763929
3.3449437626358502,4.735137969739449
3.3740485899332695,4.756298199427589
3.393789516834872,4.770072492405297
3.419252474529779,4.78608327680294
3.444791449095213,4.801745518887405
3.4698537137153678,4.818161273869488
3.4943757659993104,4.834840753538712
3.518767920388364,4.8522701097138725
3.542099157304086,4.869741010660208
3.563399490592255,4.886812593721977
3.5819846174281786,4.9025922452772805
3.6001173031434837,4.91812312739134
3.6222832246623207,4.937082546279991
3.644491566579324,4.957123790189451
3.6657549582254565,4.9781482591139765
3.682364329331675,4.995442007192279
3.7018033267346455,5.015750886093199
3.7211813445788975,5.036187469366072
3.738886285559094,5.0557734198299125
3.754876466313588,5.073703352297251
3.7716042588403975,5.092103639084424
3.7873712974943103,5.110517994106349
3.7995843446920823,5.125759088722546
3.8155622659093997,5.145304231349567
3.834660374723741,5.1679676215769454
3.852503547196117,5.1888125818672695
3.8708991112852265,5.210221109734299
3.8911286051316445,5.231808091506333
3.9099685547018663,5.250191932097644
3.922822591036365,5.262055984796585
3.9407123860948468,5.278480579980334
3.9621457706786574,5.298310545927797
3.984644264416507,5.318261773730859
4.007879752656427,5.337360937403328
4.031934342934357,5.355394874766926
4.056593382415357,5.37259896962716
4.0766679163949995,5.385795231268275
4.101725923460368,5.402238201848837
4.126128537847061,5.419542740112375
4.1501398543864,5.437494551296738
4.174244826758417,5.455404867413
4.198517683247152,5.473045846237299
4.2227632737868,5.490677235752402
4.2463812605327425,5.508700637942314
4.269639088343391,5.527580926389888
4.291953702439307,5.54675499211358
4.307662390015279,5.5613511488522205
4.326712398079763,5.5809195631783
4.345914846108104,5.603479914646368
4.364028545842851,5.627310103427272
4.3813497034935835,5.651712415405924
4.394562990467798,5.671694947058364
4.410014184807534,5.6972646352860465
4.423688739959738,5.723021634109885
4.434702904634392,5.745953162978482
4.442513699966732,5.763349108808077
4.448843640173873,5.778178234824555
4.455182692773286,5.794367634694101
4.459848537869588,5.807768607886386
4.463362617941259,5.819552622605
4.46626455912365,5.831216046005497
4.470385571832831,5.851491059754225
4.475127206523555,5.876893556248793
4.480345771375857,5.9055488597952746
4.484039064022616,5.930069533164848
4.486046055822773,5.951356966347656
4.487000128372574,5.974707833340946
4.486539058025146,6.002812124339159
4.484761615799471,6.031538364535913
4.4823586893517735,6.061191006077222
4.480409280014237,6.08502878468059
4.477502891189918,6.120945967086351
4.476047735791592,6.144923755533054
4.474199481692389,6.174846289018898
4.472189925628461,6.204343971307819
4.469587419449204,6.23408147039361
4.466610411709845,6.263883849216769
4.464148337872989,6.29349298124423
4.463424127366255,6.317577841357244
4.464180556203446,6.347650166279884
4.466840109747261,6.377594568137711
4.472031147019316,6.40720561015801
4.478707191672942,6.4363639802534225
4.486286424938289,6.465397620013496
4.4964187106966635,6.493824496023099
4.508928385074228,6.5212449219352155
4.523460904310914,6.547602248990988
4.535511079092451,6.568341837962037
4.547919575988745,6.591097091933223
4.555980028899089,6.607719593702518
4.562634333572171,6.624849563315436
4.56913180140691,6.647273916052766
4.574848176804832,6.670054621048163
4.581872475442013,6.695007509442905
4.59185956655202,6.722947453797832
4.601107859813954,6.743828391357054
4.6140580085236,6.769047659828945
4.626950292755383,6.794147939550433
4.638148097658756,6.820258234155043
4.646814090141819,6.848727398843837
4.653558491133537,6.87788568545225
4.659565898160709,6.907231622101044
4.663705488710097,6.93043904423318
4.667364574295437,6.957221799114626
4.669576738883423,6.985945565992862
4.670420209773964,7.01419581923216
4.669622332908073,7.0423007531705775
4.667566613576163,7.0657943348321
4.6651716936818355,7.086069735699016
4.663357781025823,7.106665499545124
4.663146559639389,7.1306174621699085
4.663900046164088,7.150101110893264
4.664804298763869,7.17687459216428
4.664941967031345,7.206827597573794
4.664496075363193,7.235478222040334
4.6638257958886795,7.258052341414404
4.663301675021127,7.274389420939969
4.662760991277813,7.2929737844388445
4.662197817163825,7.312802820163685
4.661325786427097,7.335148509312095
4.6613296212076545,7.360799911924982
4.662967448330982,7.3852576285809235
4.66628372547019,7.411638223334971
4.669715111039586,7.437463707893132
4.673095731642168,7.463147132927436
4.675875108887341,7.4847715756954685
4.680106983909801,7.513851277575304
4.685330413950589,7.543408638637747
4.690481235422822,7.571988107743997
4.695035281869032,7.598735517786034
4.699806792133166,7.625863863650372
4.704322501417217,7.648734098181687
4.708364447896949,7.669887719041086
4.712349226229258,7.693058533870987
4.714904751993194,7.71139676498022
4.717655518026469,7.738985359227966
4.719546433820747,7.766724344037828
4.7200132644810635,7.7925721663046845
4.720022095170233,7.8199563045985485
4.721034006144041,7.849668975529027
4.722818617153614,7.871877922961134
4.726975464863809,7.899314858709645
4.732482397140216,7.9259939914524775
4.737365204954818,7.948813027266542
4.743179727805672,7.974514672986283
4.749789361613944,8.003215763845414
4.754905488204674,8.026624311716924
4.760560046473283,8.056032510617285
4.765580988728721,8.085006829133345
4.770212135861651,8.11382933482089
4.775054523125246,8.142974219443168
4.780906035904594,8.172436987489885
4.786940598797413,8.20181540401849
4.793136092292031,8.231220128125493
4.80058646639078,8.260373535695287
4.807361414096658,8.283435929242087
4.81655616477691,8.31206678400301
4.826667587850244,8.338890136151196
4.837867633685459,8.366086989321362
4.849364349088506,8.393775712487171
4.8600704765001375,8.421714703881158
4.867689803905658,8.444395808721783
4.876425839307327,8.472926752085831
4.883620289391545,8.49772118782787
4.889877254120381,8.520625575593517
4.895902318767987,8.54568937508856
4.902003040607479,8.571645230148146
4.909240235470204,8.59797506644601
4.918870430524654,8.62626326501008
4.927603813159372,8.648672293042294
4.938884478047767,8.676476866335673
4.950078971128441,8.704296565630285
4.961044068522796,8.732202938153865
4.97195617422405,8.760171106987004
4.9812964143529905,8.782351383313703
4.993596761924775,8.809713739594622
5.005829446096081,8.837118566633563
5.018594354905848,8.864326364778917
5.03219969197023,8.891123184273145
5.046335536954646,8.917610603315527
5.057772759703844,8.938711329400373
5.071839171023608,8.965178749114749
5.0854376658528695,8.991871253248336
5.098762883932835,9.018781699230747
5.113455046950463,9.045112140941223
5.131155786091643,9.069624643665815
5.151560402568775,9.091822353646798
5.17307742675063,9.112819328483864
5.190110853757405,9.128701773674024
5.209691182938067,9.146304090753304
5.23070608700592,9.164233885303753
5.253080471312592,9.182253804049928
5.276935995783841,9.200387722974522
5.30080384359212,9.21849954189806
5.324904819953334,9.23636187220787
5.344742274002445,9.24988460532481
5.370840919180871,9.264693027973957
5.3984118013156,9.275788100808928
5.427391657115244,9.284098894578806
5.456695117332686,9.290726217247567
5.478973043222063,9.295770520188652
5.507317695181938,9.302764330170051
5.535152015452275,9.311155992126864
5.563272233571397,9.320810408644526
5.590676600082953,9.329622838061868
5.617803068955143,9.336535380288492
5.646651619143305,9.340888226760889
5.675739730709795,9.342475399861309
5.69894623581187,9.343069044505315
5.72779714725155,9.344658537141378
5.753781374774368,9.348441188578095
5.778203217717246,9.354463989444207
5.802556011926589,9.361276005041336
5.828528919848809,9.367506238492926
5.858114428199108,9.372233617899356
5.884686350953935,9.373620887505522
5.910510485305145,9.372081796155591
5.931108073730035,9.36986360009419
5.956765423251327,9.367358358003539
5.9804566822604075,9.366720266230256
6.001994885713372,9.367826773748044
6.022344180561123,9.36922095030339
6.038367896011295,9.369857848741757
6.052280043933124,9.36982040576919
6.062988332186044,9.369327839912325
6.074988256143186,9.368548465003945
6.086609255812744,9.367784030658633
6.10143766249508,9.366691820190184
6.115646561613323,9.365412498234768
6.135433593024762,9.363404250409811
6.154525973056716,9.36145649413294
6.171711304235559,9.359851333727812
6.192448340585614,9.357788093001433
6.2115316830605005,9.355509961233917
6.223797845595629,9.353690309702866
6.237154292867833,9.351014732745812
6.248830550556265,9.347723597452328
6.260601962755023,9.343990635159436
6.2774063195244345,9.338835967031214
6.296075461106937,9.333211260088618
6.3157976636886035,9.328314494634544
6.337270765614621,9.323526105935155
6.362315522321204,9.318448854737895
6.388934684875114,9.3133034401923
6.41258619294512,9.30777065176947
6.435839200091279,9.300999812716537
6.456119934741546,9.295085910847071
6.4824973442603495,9.287477462417302
6.508986829424091,9.280446833172055
6.535675363320594,9.274592378470336
6.5603763295020325,9.269003456006752
6.582956440178982,9.26279818639589
6.606093244991412,9.255124846881127
6.6290200657337195,9.247405534003509
6.647512001998768,9.24090511827738
6.671553348501309,9.23226644902472
6.696737453530537,9.223262715309696
6.721335763442149,9.213998292312834
6.746469818000653,9.20391677553396
6.768201598319351,9.19462896651807
6.791406498126858,9.18486231156376
6.813690929923479,9.175501687462695
6.835635698814982,9.166324173997102
6.862558457171917,9.156130163208049
6.888804216471315,9.146246393596265
6.909688068932505,9.138414000442019
6.937129645235145,9.129036024197967
6.964387541074006,9.120041370089572
6.985617087488239,9.113325031789998
7.006451490413374,9.107279539492904
7.031183067690763,9.101222414200086
7.05982886068856,9.095066916549328
7.087640921900907,9.089906760613953
7.117080694259084,9.084681306253035
7.14061246474621,9.080315192153659
7.170140090350086,9.074912151790146
7.199512411089658,9.069171590365801
7.228924133531425,9.06340521536527
7.258394245856825,9.05793957823453
7.285611132024028,9.053280204169187
7.311903676022187,9.049073304205349
7.340408861396042,9.04484248988566
7.368449958093293,9.041081138789488
7.396621771091143,9.037304230976364
7.419027199788849,9.034415627495612
7.44869660954266,9.03075484553931
7.478064119885402,9.027648297830467
7.507896981287589,9.026031730721167
7.537771792886547,9.026093555335109
7.564474518374264,9.02765686041076
7.589367944705854,9.030543446785334
7.613488640966008,9.033960815413364
7.6309062350088,9.036791450039555
7.652546196577582,9.04112053513659
7.6744195868187015,9.045303264555656
7.696853198492889,9.049251563653375
7.721305060848338,9.053449260448842
7.749942995702713,9.058309953086802
7.779445714109348,9.06350416026936
7.809151071981045,9.067557056002991
7.83704422414838,9.071276247152053
7.8642347893982105,9.075779171551261
7.887035188924346,9.080128210267087
7.914061421912392,9.085856771274742
7.936180077648636,9.09206663145037
7.953997984705507,9.098369201641137
7.971736710246805,9.104796452436387
7.991872252201615,9.11092830900809
8.014467180075172,9.116446029644468
8.03255335233357,9.120264031958031
8.058921350258801,9.125177021843722
8.087618341126605,9.13045225066257
8.116923123125234,9.136455346749779
8.14041215752119,9.14124087541818
8.16940030906612,9.147420142510999
8.196368371809045,9.15325324875559
8.225315592827013,9.159035030535817
8.254673348736755,9.164055985538859
8.284663849457235,9.167176457980567
8.312469083645697,9.167303377472566
8.339077486683951,9.164862951538575
8.360264820159532,9.161890480376965
8.386736391124364,9.157260220859557
8.416059145220208,9.152023049831437
8.445608853723437,9.14688466954396
8.475006155526957,9.14199103996431
