-9.616261171154518,5.281949178155352
-9.630293881894328,5.272886170357704
-9.642377408024206,5.265207690511969
0.012891807079457019,0.00012065430076068547
0.026933763162398195,0.0006823929869174244
0.03150196657090625,0.0010186075958067361
0.03265170594856431,0.0011234945353982837
0.032662984627269145,0.0011234000148205294
0.03265615786683639,0.001122399310022661
0.03263115233905151,0.0011201526340553457
0.032575638020061096,0.0011148137653671929
0.032540257581557604,0.001114228934667289
0.032541786803628125,0.0011164281847063195
0.03257277207182082,0.0011205890053078672
0.03260185203656661,0.0011244576692020479
0.032604714539454814,0.001125123645643383
0.03258945607209511,0.001123764405496564
0.032560624994373594,0.0011186961566878677
0.032564943848944525,0.001117365167910832
0.03257922534189596,0.0011232475850836488
0.03257707015265932,0.001124422379964472
0.03257075592098615,0.001120350295049232
0.032571084343249686,0.0011192130415491424
0.032574591189419334,0.0011226880211267813
0.03257397903887798,0.0011199872403598518
0.03257168371513645,0.001121162568262614
0.03257274615467492,0.0011200069597089091
0.03257344951956073,0.0011202380911714853
0.03257278265523097,0.0011210056636656715
0.03854014911665003,0.0017056775134287618
0.05446259717479761,0.003267443101003135
0.07848748638510732,0.00565162192509258
0.10636149476646237,0.008593478118176661
0.13382412947182618,0.011406016128224112
0.16026206116061642,0.013633242348176209
0.18318888777751302,0.015354656562199809
0.20641738262394987,0.017445791009689782
0.2310531288959443,0.020767770930704307
0.24872905103415166,0.024012046051778577
0.27207750499867034,0.028668135222481638
0.29454537985339174,0.03365405471930739
0.31927070730835905,0.04009697340479923
0.34719335028335896,0.048454023177218655
0.37111020616408313,0.05628004780820203
0.39262801078673243,0.06342455364400072
0.41319958666996137,0.07090656971034444
0.43407367313360035,0.07942494617800916
0.45709389947289464,0.08964402935596555
0.48084372454589375,0.10131064100702435
0.5014339567250398,0.11272972525888347
0.5262136509084805,0.12806182245198586
0.5464085723389142,0.14179340476778804
0.5634085466604958,0.15474447784159037
0.5814011922760673,0.16929236665461414
0.5994700417973587,0.18320335951898775
0.6213914142226238,0.19813421104310616
0.6457460694032731,0.21326112878923423
0.6701471158350555,0.2291119044292248
0.6896730657658304,0.24294691147876438
0.713837340868399,0.260713102504777
0.7381372507499802,0.2783298580034879
0.7622963231610197,0.2958542511990966
0.786496374956678,0.3130096401855255
0.8111817921765336,0.32982665746166484
0.8350377689433136,0.3466376227178573
0.8594576193143632,0.3640587399388399
0.8790452799542767,0.37793717805964755
0.9034710642473509,0.39531231303594805
0.9273209402899842,0.41338065696439913
0.950403334502213,0.43240883460840196
0.9727374135650617,0.4523796642702967
0.9950903446147299,0.4724086457151158
1.0130566856993075,0.48833078306060385
1.035488589709462,0.5082483570810915
1.057327844931919,0.5273899732242533
1.0798017815960321,0.5466270464292203
1.1025028100821315,0.5658051336880894
1.1240694295187192,0.5833544455504119
1.1477011256983847,0.6012002881533909
1.1717734429722888,0.6187610168565556
1.1953788119302076,0.6371250199277562
1.21805266378062,0.6566459760776125
1.2359293277606083,0.6726497742736937
1.2578700058609085,0.6929906820534437
1.278188719967752,0.7144578037777302
1.296589410536788,0.7369701995571929
1.3134868182368822,0.7595310530940839
1.3308783706854241,0.7832476118159578
1.3475103360489216,0.8067100488800094
1.3625740117648684,0.8301398127131524
1.3755837854071096,0.8533708935090657
1.3875396401759434,0.8769603395522206
1.3999868275409206,0.9018366339363006
1.4113530580981488,0.9230711726553993
1.42737806539259,0.9486197160853699
1.445906826650675,0.9724380088430574
1.4659330862323483,0.9945600913326842
1.4868920900852418,1.0156216089259364
1.5081357346665263,1.0361023932934494
1.5289521839601206,1.0570870176836134
1.5478334211329188,1.078474019863752
1.5664497772080168,1.1013299686282174
1.5809948034500456,1.1198754374548616
1.5973583112346383,1.1415882990373507
1.6140333133953018,1.1638440316396175
1.6303224301436767,1.1862711029039057
1.643767895267288,1.2069231410567893
1.6565402193439398,1.2295190133206328
1.6682891643533535,1.2547501641142598
1.6783469890186973,1.2828467893202826
1.6861743902257322,1.3116407153440497
1.6919285534048938,1.3408379755738247
1.695778107550914,1.3641994676491151
1.7000648529907145,1.3938567705357667
1.704163512706555,1.4235876568711667
1.7084047780384903,1.4532821146899875
1.7123936803854987,1.4826093932378848
1.7166534265723392,1.5121888405372559
1.7211020870631357,1.5395590299754587
1.7254846405538078,1.5648754733756465
1.7290370534394035,1.5845571917994044
1.7346786678173125,1.613050176567288
1.740616408304363,1.6419033352570471
1.7456231481427424,1.670381385506003
1.7493482092047021,1.6970755277270586
1.753616665726684,1.723818323013233
1.7606473264614435,1.7526541080278464
1.769957236937108,1.7812575271660878
1.7795138035022402,1.8096428609484676
1.7868909078426356,1.8360883687943927
1.7915447146133663,1.857644418416241
1.7971114150697778,1.8854917433880072
1.803388809469422,1.9118652073319122
1.8098457393282976,1.9378591553102347
1.814714075787246,1.9640542433536203
1.8161758142410716,1.9896152082644618
1.8136187224319789,2.0110516068670474
1.808982048060209,2.0277341099242023
1.8011868887925369,2.048059089032503
1.7911447265872822,2.070874306239511
1.7795946250172499,2.0966458765967695
1.7706262699425979,2.119169721253214
1.7638451246292246,2.140530537661497
1.7588589985932555,2.16174437493309
1.7549965079356558,2.1831415570492063
1.7515559555289608,2.202336960689085
1.7476987745393384,2.2209881178615563
1.7426864733758947,2.2408556484272157
1.7350548955301872,2.2621353526410632
1.724364296786867,2.284974438035525
1.7148913756277866,2.3034425242619667
1.7034905301191658,2.326675436864352
1.6943595932224558,2.3476295705572796
1.6870548000701078,2.366186619548389
1.679118126727487,2.3864429003458825
1.6702624573567773,2.4081692091792255
1.6588921815949773,2.434775315565221
1.646676915992774,2.4620973302414475
1.634435280213305,2.489310469189907
1.62253027836588,2.5162369599644734
1.613538406260056,2.5352962049040384
1.601472684232851,2.558785304513758
1.5873916253995495,2.584831062515387
1.5737440466799422,2.609743975529365
1.5605993983364497,2.633580893252252
1.546346595421205,2.659770079647639
1.5331731388837895,2.6867535366175663
1.5210762200191656,2.71424771941135
1.5095205067640847,2.7420155057031708
1.499977777728778,2.769584260351602
1.4933980314992894,2.7911779664155154
1.4855052198387622,2.8195217810012867
1.478169208580831,2.848618786651371
1.4707666595903222,2.8751107233012902
1.464450226302678,2.893906038758397
1.4567970819680256,2.914401227238119
1.4484590150989145,2.9361019012441774
1.4387550544808025,2.957072295920777
1.4240644223826668,2.980678431913354
1.4064672367119795,3.0038618974234446
1.3918220276720854,3.0220893212860775
1.3741634806466367,3.0455177315064867
1.3590009283066378,3.0703459077410002
1.347201799897548,3.098238880446987
1.340297324686421,3.127689192618196
1.3367669185118132,3.1572191106301988
1.3355392393007326,3.1793023821307687
1.3358476805872057,3.2011350444837507
1.3388329088369142,3.227461757300781
1.3434834571686503,3.248411133241021
1.3528335803411886,3.274949455884143
1.3659813118170148,3.300345608963717
1.3812022167110334,3.3244206472798354
1.3972169742880165,3.348785409634064
1.412572168050986,3.3743905499344398
1.4256211212969094,3.401187061218741
1.435711170653735,3.4292153216494934
1.4433694281812628,3.458088405261498
1.4486980890983636,3.481478345537575
1.4560458439426236,3.5106686935676747
1.4660149585267506,3.5391924712695495
1.47999573812967,3.5660035876087988
1.4966779337162492,3.5911007886212403
1.5154157431159745,3.61477633892494
1.537091113188317,3.6358288641430687
1.5605102452134367,3.654738358457602
1.5842310891522295,3.673059623191091
1.6025504087459508,3.688378451401092
1.6234033262208327,3.7095575629944486
1.641022111371491,3.7334455432431226
1.6545768116837078,3.7596599728556397
1.6644667845985244,3.7856602359313065
1.6720971009974321,3.8110412654991763
1.6793138421105596,3.8361723503673404
1.6873821392198098,3.8627775056424016
1.6947053923955044,3.888587032794671
1.7013821522623347,3.9170401786610376
1.7061320167666159,3.9465486349506573
1.7101090471631504,3.976299410136056
1.7145915341211728,4.0059666561382645
1.7175885433323508,4.029684208994406
1.7189197974638954,4.058207124419611
1.7174668453452222,4.086804028804061
1.7139408391245963,4.116226983561508
1.7071990687499448,4.1450513482311155
1.698369600430468,4.173456713224555
1.6892762754848312,4.202026086363675
1.6804173062070278,4.230710285045967
1.6721283346124767,4.25959517965218
1.6652377210699778,4.288941863455621
1.6609326375880322,4.318753923865781
1.658363317376463,4.342652151279672
1.6564896817593702,4.37263269735777
1.6566274153842873,4.402457967786108
1.6568700108138243,4.432119459005567
1.655673612506043,4.45811754379486
1.653459852719151,4.481860734912273
1.6513340306274278,4.5086681576792556
1.649732864530154,4.538648264384879
1.6481833273461608,4.568569567686298
1.6456122570423108,4.598402336188485
1.643061196058012,4.62825807527469
1.6408070915951638,4.658156564905876
1.638275925286661,4.6872489633894805
1.6358823237477815,4.711808454843276
1.6337305625795648,4.731483232613183
1.6316459477740464,4.74902403648607
1.6281155775059155,4.775383806543506
1.6231057690306572,4.804736889097515
1.617403936414423,4.834144460049404
1.611409967592333,4.8635566007757545
1.605888100817954,4.893087894806491
1.6011533651233452,4.922750089118829
1.5967043713344382,4.952434359988317
1.5923771587032003,4.982105704615242
1.5877043727871374,5.011707363817006
1.5826602536556944,5.04129264448237
1.5776078014108186,5.0708154180376726
1.5732428294461693,5.09439145927327
1.5681002429857953,5.123968836670881
1.5635864296325415,5.153123939060688
1.560784186972997,5.1795659467419775
1.559898437299154,5.201477644828537
1.5603822435175303,5.223544422531552
1.562451950613577,5.248564014501217
1.564569171050076,5.273450817807311
1.565003258487612,5.298280587327147
1.562214882210838,5.32287719513635
1.5579392759085882,5.342317291766282
1.5511711807640185,5.367467007360301
1.5434409727234293,5.394454787687286
1.5357393548816498,5.42101050168207
1.5288964876079842,5.444424064881418
1.5237527658697196,5.464667426137805
1.5206526106147646,5.4819496997271
1.5185294913799023,5.504275798627922
1.5180966484696279,5.52477099455711
1.5187205251984208,5.544839607429435
1.5193016467798597,5.564854220551795
1.5187843287100007,5.581171897762206
1.515821414735609,5.605046683059682
1.5109168291349755,5.630951128001935
1.504374321425882,5.660126620389452
1.4970088345003874,5.689026502640988
1.488090924011796,5.717414264216298
1.4768513548863078,5.745063382999399
1.46358477438287,5.7717800988623935
1.448248105438976,5.797454088012517
1.4341238743224658,5.81978813816938
1.4217539863348088,5.839391294659248
1.4066636638500385,5.864983003095203
1.3922419670399613,5.891353594472144
1.3786229866998134,5.918221736997858
1.365362514284639,5.945187891789326
1.3523788275370774,5.972404569865322
1.3402939298546905,5.999914988764392
1.3290027915336158,6.027774997630586
1.3185266356714607,6.0559364926275
1.308366530416126,6.084147516404324
1.2978213600305692,6.112201356163237
1.2870089377574336,6.14017809133428
1.278072135955501,6.162386297787073
1.2655624601921234,6.18951114208688
1.2512982755725712,6.215780452781423
1.2360357397849222,6.241581515830966
1.221193356846883,6.267766283595026
1.208281953163706,6.294985444176391
1.1966047498180596,6.322655305067004
1.1852564751487202,6.3504694927378305
1.1748968749377693,6.378197747980666
1.1655771917728301,6.405102044331621
1.1567504002940847,6.431810750492905
1.1494731944264662,6.454674959359704
1.142154242527932,6.480344904335239
1.1368622917135724,6.502728260965587
1.1324245672793174,6.525655622989352
1.1288343007847748,6.5477150698305815
1.125553002870387,6.5677153041840155
1.1222031501799916,6.589290378592801
1.1184510540586226,6.610294245150446
1.1132494069942362,6.635187398499334
1.108069136734126,6.6576542690174625
1.1016494994013641,6.6835995944591975
1.0946040743786978,6.710158140059855
1.0875320224076122,6.73619500997964
1.0813210226612002,6.760312581656013
1.076132928441016,6.783035489818906
1.0717057238968521,6.80805704657656
1.0684983024653765,6.836382234041403
1.0666451493948401,6.860220220270307
1.0652056157145926,6.894518602622103
1.0645609564845713,6.915351801162013
1.0638472977795015,6.9432104787595215
1.0641882240189038,6.970889455348397
1.0659073429030888,6.998459196068776
1.0687277149210392,7.027861202703959
1.0723263423373288,7.056595223338
1.0763603494269016,7.083486985483362
1.0810882598570977,7.113137849477541
1.0852079015143805,7.136801219743699
1.0907550888862194,7.1654951584409705
1.0964515834301518,7.19278348421503
1.102173081835891,7.220118072838066
1.1074530437076353,7.2493099059374355
1.1120256476094112,7.278880625044349
1.1165522926446974,7.308478809804556
1.1212966671509133,7.3380796639357015
1.1262754121563745,7.367709837825467
1.1320751650860161,7.3971914251280175
1.1385390593356313,7.426520730078053
1.144168870936823,7.449873415767236
1.1519708814840786,7.478795689558167
1.1610063942158353,7.507417119303667
1.1704665446916807,7.535212376841576
1.1805630647019878,7.563404031105243
1.1910014507155924,7.591451941434161
1.201869948197365,7.618996058079277
1.2119735472280964,7.642394893197393
1.2225524582931266,7.665134452521018
1.2334457191970418,7.68744010294938
1.2442090335763172,7.710113320847342
1.2538244516494432,7.729960035220521
1.2674263011889868,7.756155428162578
1.2819993534338023,7.780418693824362
1.2957933011404275,7.800265323840042
1.308596491004232,7.816951865811756
1.3253923926018605,7.837623305131892
1.3443682847177802,7.860679822512623
1.3598794176722162,7.879031503206912
1.3793267494027674,7.901866224820584
1.3987601660058562,7.924720636442381
1.4183505242687238,7.9474897692502005
1.4384936302873126,7.969771395361481
1.4593169695137884,7.991471299334661
1.4809687224399024,8.01235209562145
1.5035710600084053,8.032191172666604
1.526621522573442,8.051430455169521
1.5500677210972473,8.070211392148684
1.5735163925244064,8.088875493401563
1.5965955145347939,8.107908124676955
