7.4766496408472145,-0.09832252033311419
7.498616606174471,-0.08117693286047015
7.5166535156704395,-0.06722024500489286
7.533322301711241,-0.05410766414974659
7.535701471547908,-0.052213560024311004
7.537764366441391,-0.05056472321218001
7.539512251336436,-0.04916246057030755
7.543372048139449,-0.046043372725416636
7.543605432136752,-0.04585349187143373
7.54360415938924,-0.04585338554256085
7.543605328140771,-0.04585346826295933
7.543605466765651,-0.04585298325753658
7.543604846629439,-0.045853084383053695
7.543649874303761,-0.04581767822147818
7.545943784137289,-0.044033020768219966
7.552503032969251,-0.039264057701365304
7.565317728197907,-0.030936083532829124
7.5826601592460605,-0.021932688580090478
7.604613859977698,-0.0141646487967141
7.633982029843584,-0.008914641316860643
7.664046085354684,-0.00853655491441267
7.69392272227313,-0.013523009603360928
7.722472271993714,-0.023277930032860508
7.749483256118183,-0.03610661932472538
7.773358358903505,-0.05085555818140341
7.791827729508082,-0.06410013545497678
7.815052241503869,-0.08232057729438266
7.834198764921353,-0.10015397700251569
7.848736797243102,-0.11655567551012055
7.863244963898909,-0.13623582095972095
7.876519652216258,-0.15756531963669687
7.886921960440515,-0.179666255675169
7.894242403524416,-0.20170575698082893
7.899444215393257,-0.22576703488917882
7.902281649855613,-0.24986014373078352
7.904229434091485,-0.27391221775260366
7.906276993142552,-0.2930926728759835
7.910959520106727,-0.3192217830727115
7.91770808398851,-0.34397321773165
7.927014853831749,-0.3676169844051973
7.938830226209051,-0.3919027955580285
7.952022481697976,-0.4177079126114579
7.96588449025127,-0.44429195192593246
7.979753260499844,-0.47004288995236154
7.990959425312849,-0.4899347787045434
8.00298500392134,-0.5104574083072313
8.016890391020173,-0.533640486001714
8.031807823108691,-0.5594570977277412
8.045862927612836,-0.5860266094764923
8.059064949878945,-0.6119625967255842
8.072687422066648,-0.6384950444615937
8.08371577946174,-0.6596006441482701
8.09804851269087,-0.6859297932071775
8.112709975244185,-0.7120690209938526
8.12747730536684,-0.7382179060458057
8.141203266735227,-0.7644164161221364
8.15260175513741,-0.7882973020867174
8.159672867862257,-0.8046932663693673
8.168170417674085,-0.8260199752706285
8.17807410306658,-0.8506074406158266
8.189485246652433,-0.8772279268455405
8.202279099475088,-0.9043169763590096
8.215338326534498,-0.9313298434655948
8.227061892312939,-0.9563317510379722
8.238698265020366,-0.9825258950997868
8.250348393122987,-1.0094870139354735
8.262406691841313,-1.0369203816739605
8.274936820595046,-1.0641448311242951
8.285329778982437,-1.0857460869015079
8.298209311798802,-1.1116042217671622
8.31183386242003,-1.137404484934591
8.326583792204742,-1.1631159211603916
8.341166052556222,-1.1872233287590512
8.352236900663856,-1.2037508925386422
8.368646849989844,-1.225768952539862
8.3810167720542,-1.2416471471764359
8.39504856781937,-1.2592732076724382
8.411572565329207,-1.2788039245089737
8.430049205994855,-1.2993938890548917
8.44983026946655,-1.3208731689910735
8.469594788449262,-1.341787788158654
8.485920644646061,-1.3583103984180216
8.507003879143637,-1.3796355431321639
8.528623483660372,-1.4003319624407675
8.551075716917373,-1.4200724050460687
8.573825219055873,-1.4378693409102181
8.595961759891713,-1.4527560555350199
8.61604614442389,-1.4646638653778212
8.63159848177506,-1.4736714947689245
8.649423535484306,-1.4850578810160833
8.666683156303911,-1.498027578008418
8.685324791352588,-1.513556372480706
8.703809687496667,-1.5311785891719085
8.722934655117324,-1.5510212753400239
8.738927293126041,-1.5684462233798036
8.757875793790129,-1.5913716147143915
8.775315685563164,-1.6143571678928506
8.791646182252887,-1.6362513193872399
8.809154717851415,-1.6595702631990485
8.826532438801463,-1.683539703263893
8.842346042714913,-1.7092214518671374
8.856115033388834,-1.735984702584865
8.868581377361547,-1.7621371813554758
8.878722184600283,-1.7839413981847103
8.891037479514134,-1.8113312370194845
8.902842781472327,-1.8389500881103966
8.914247323503414,-1.8667459212064623
8.925751103214374,-1.89441511245668
8.937808186076841,-1.9216927323709692
8.949256151577755,-1.9490078535307855
8.959425402603063,-1.9773074073215704
8.96912112853504,-2.0056778078720687
8.977415705510907,-2.0281355992834005
8.988471214875617,-2.056009637132209
8.999100488756763,-2.0841326268652214
9.008847258809576,-2.112541099253064
9.018029767508244,-2.1396879178147796
9.025959912076777,-2.162084844547771
9.036074892305006,-2.1887878422890776
9.046403920682192,-2.2161668993071486
9.056511936090718,-2.2440183019115274
9.066160005977395,-2.2720070638938346
9.074815785718968,-2.296491697546389
9.081193065336505,-2.3131041932324092
9.089067231983531,-2.333826794132564
9.096333044895566,-2.356586178552633
9.101192297053293,-2.3786456968348326
9.104757408670725,-2.4025663192380136
9.107621494814994,-2.4248070857220654
9.111109220329356,-2.453571438972936
9.114424312320713,-2.4819658568120135
9.11749278376966,-2.508931712297531
9.12052917796967,-2.537713414163084
9.123142946591623,-2.5669285924274634
9.12484655700134,-2.5898901263145437
9.126550462742166,-2.6162127138055506
9.128203222233244,-2.6375051418033206
9.130893073447606,-2.6601796068248635
9.134325693627028,-2.684134516687981
9.137463571881115,-2.7069018647029
9.141358485293864,-2.7366234282340156
9.145846976160884,-2.7662347271689636
9.15070236652559,-2.795828448197581
9.156079695958836,-2.8252958118065425
9.161645339652248,-2.854813926637349
9.165183769710321,-2.878332417117343
9.168558755747917,-2.907492155443764
9.171791478351826,-2.937298456266765
9.17533756429027,-2.9670785892127025
9.178549076962588,-2.996965813773819
9.180689440683238,-3.0269354756585685
9.182218646871421,-3.05693903128141
9.183481469217528,-3.0866427904902984
9.185665460381832,-3.1151622621267228
9.187997616229806,-3.1378840756644912
9.19119765546557,-3.1670524363343664
9.195187898995412,-3.196768655142881
9.198863244979494,-3.2265812044386015
9.202123396624891,-3.2564057989556314
9.205768828221771,-3.2861410591311935
9.208980139344005,-3.30992511518229
9.212939337830646,-3.339674258454824
9.21666513274845,-3.3694544984281305
9.220014650866522,-3.397765835984679
9.223230676787825,-3.4265555053784973
9.226494542893736,-3.4563907196007557
9.229238248037452,-3.486332903445556
9.230542616355219,-3.510357068282426
9.231072934304983,-3.5404266784541454
9.23010539032119,-3.570516098645205
9.22742845792237,-3.6005021347405712
9.222972481844423,-3.6302824467899257
9.217836324996812,-3.6538457771177395
9.209550978104511,-3.682803339290803
9.199659544226357,-3.711206395353178
9.188833196128778,-3.7392420889763147
9.17739685765395,-3.76701993772152
9.167733533635738,-3.789021004758742
9.155931960209772,-3.8155548281969294
9.144239616687816,-3.8407884096129545
9.13246629118872,-3.864946283888014
9.120998178509987,-3.887814406712981
9.110143268231903,-3.907509141012339
9.095112256971952,-3.93300049083744
9.079881961653834,-3.957898694750004
9.065143848165894,-3.9797263257631283
9.05256268217774,-3.9971657560538163
9.035778822909915,-4.018592820855221
9.020071497413399,-4.037011061342504
9.00277569372533,-4.054962796759698
8.986069538290206,-4.070409776730838
8.96760413969467,-4.085371243591453
8.948959535898826,-4.09989778047856
8.93179633110643,-4.11421413141071
8.912291658660429,-4.13209000685704
8.892348763057795,-4.151440671330225
8.871898652914359,-4.170988836088685
8.851036334663645,-4.191723318501572
8.834437429201158,-4.208812690298534
8.813415859026533,-4.230165497346514
8.792523437833916,-4.251667546911416
8.772380917844073,-4.2737744473220385
8.75320133474116,-4.296754064988051
8.734454316126453,-4.320183921414386
8.715132023855936,-4.3431977876678465
8.699857858784414,-4.3607160907433835
8.67987742706522,-4.382307954324249
8.658852341028066,-4.403659570907211
8.637571037558299,-4.424810149876865
8.616298159927561,-4.445503658287258
8.596642550778183,-4.463393000853273
8.575419883577274,-4.480526399304127
8.550728747853354,-4.496696722358711
8.530340507578124,-4.50849423302026
8.503473735999327,-4.521930280451175
8.475326083728966,-4.532707794853206
8.446896750511618,-4.542169725488519
8.41933532464227,-4.551210603238621
8.395394942586394,-4.559227870339264
8.374845391820052,-4.566817665289215
8.34837337562265,-4.577935866254694
8.322310998104552,-4.588975750670759
8.294619208724583,-4.599290284144875
8.266830468397997,-4.609055956436505
8.238836722175353,-4.618822159076433
8.21028631614905,-4.626963653587696
8.183878397313428,-4.633235993694305
8.160044827169353,-4.638143248807802
8.141023981857954,-4.642126632990396
8.118220850154401,-4.646376479991335
8.099790507790308,-4.648871139430865
8.081427959623838,-4.651330676567908
8.0589043407412,-4.654074718685558
8.0318543218713,-4.656257965859006
8.008193204193146,-4.65690919531055
7.991227670654909,-4.657030080051973
7.972196243402841,-4.657216560258696
7.95117658899048,-4.657431828232392
7.928967182664937,-4.657802356571025
7.909668167958416,-4.658375973718442
7.88643541691722,-4.659094657320755
7.864389596587865,-4.660177719221614
7.843120907720244,-4.661915028682079
7.822146854356789,-4.663573928898781
7.797984404562591,-4.665281404814155
7.778071774334493,-4.666313119581865
7.762496608949044,-4.667002366311962
7.7456565438076765,-4.667742855011212
7.728894766560068,-4.668481674649402
7.707720204856648,-4.669789494952876
7.680070103481323,-4.672431541869694
7.650484276254778,-4.676726674296723
7.626963190411683,-4.681046883154502
7.598065413524391,-4.688386586973422
7.570018645065153,-4.698495105512791
7.542722671561451,-4.710642335828652
7.51646819038126,-4.7246515723951035
7.493194058931645,-4.740479681384014
7.477669546152732,-4.753353712255339
7.459000018940818,-4.770311087509387
7.442746261787156,-4.785109438499996
7.423034681363791,-4.803130826491421
7.401063204825092,-4.823539683278867
7.379743190099674,-4.843874366905823
7.358328612509525,-4.864856196460564
7.337852216341146,-4.885353443912449
7.321054030492739,-4.902466981925097
7.300324888618378,-4.924133140944571
7.279953689957585,-4.945865007479238
7.261842639619063,-4.9651227938424976
7.241373696546824,-4.986517717364732
7.2207995859576375,-5.00819414128517
7.2003493497586515,-5.029954428006124
7.1798140744924135,-5.051779211591533
7.159470190814378,-5.0731989881338775
7.138962208186145,-5.095016740554097
7.118637792497497,-5.116472729696841
7.103115479080509,-5.13365713644142
7.084011248020563,-5.155739242454064
7.065134245187581,-5.178248148649413
7.049279479558358,-5.199094333198353
7.0327327707887335,-5.222924913191022
7.016692158175513,-5.248142155623907
7.001908707511116,-5.274184049236841
6.987482506273261,-5.30044288076244
6.974363712179428,-5.327264635375193
6.9632625490439946,-5.35499879882711
6.955396270279387,-5.377609531744982
6.944686689259086,-5.411902362852228
6.938398465499126,-5.4350038193369405
6.9313277778673354,-5.464092238745556
6.925899793447902,-5.493444200759462
6.922896927104394,-5.523126738246767
6.922229746719668,-5.552972315235748
6.924132121019818,-5.5827037404116195
6.9279342216710305,-5.6059269947632036
6.935029736319342,-5.632616424819557
6.944981433424813,-5.659925695365312
6.957925217872519,-5.68674072555758
6.972965355727986,-5.712479032234401
6.9885623857778105,-5.737583615265178
7.0028149580946755,-5.759156768535996
7.01589415937976,-5.777624001550548
7.033509376793255,-5.801091580408044
7.050101142383161,-5.823002774659482
7.066953474951156,-5.845250377485989
7.083673301426437,-5.8672347029174245
7.101939603586186,-5.891009521147934
7.119273652365306,-5.913852607649865
7.130718532309576,-5.929450518936904
7.1449942967945095,-5.9491369174518836
7.162113963450669,-5.972714350295278
7.179506466920307,-5.997211769213859
7.196490237518151,-6.021942788266894
7.213654118027492,-6.046531260020728
7.230789202071499,-6.071175220330548
7.2474738994397905,-6.096156546018796
7.260654371603056,-6.116190710189443
7.277467011674963,-6.141006306575512
7.294710066120857,-6.1655012344874285
7.312760789235806,-6.189333218943577
7.332509505397627,-6.211676857807578
7.353957560702852,-6.23246377788785
7.376743168880565,-6.251787205022286
7.395311407828743,-6.26605267464071
7.418710785604096,-6.282700152981511
7.443179592583058,-6.298806863837826
7.46744160113905,-6.313735093286066
7.491845281508584,-6.328229936222352
7.514914534393505,-6.342056732225771
7.533733571678667,-6.3531932054410545
7.558288527937348,-6.367838619649714
7.5837853244044355,-6.383605505028293
7.609321033149816,-6.399355845746018
7.633996765520109,-6.41494732325745
7.65743735419018,-6.431033990072403
7.680923685874684,-6.447952645109722
7.702194727877382,-6.46307543941316
7.71734692049748,-6.474159939985705
7.732500557814503,-6.48544664392112
7.743017472364256,-6.4934539097577115
7.754608535345033,-6.502111288216273
7.772239856734964,-6.514593058743239
7.794096499393807,-6.529204571313319
7.813754401864984,-6.5423206081867
7.8373351792128885,-6.558106289828328
7.861084557388304,-6.5728408631791275
7.887053349916515,-6.587290848427765
7.913741331803688,-6.60089273054739
7.940576731661015,-6.614292143451934
7.9674315048349476,-6.62770364121813
7.98879846275455,-6.6386903204752254
8.012379983953965,-6.651299573567462
8.035567276745892,-6.664359270047753
8.05811146156093,-6.677367199010621
8.083874553780673,-6.692207999603173
8.107406057712625,-6.706611881457029
8.125055057215228,-6.718416778049523
8.148889952370235,-6.735719809449698
8.172309056408363,-6.754473826265797
8.194593735669994,-6.774321450016878
8.215922178338776,-6.79515714289335
8.235887477474582,-6.817254808236012
8.250983223184388,-6.835750753305134
8.268757822695635,-6.859527749612046
8.283315835163469,-6.880825970899577
8.296396288038764,-6.9015636785094605
8.30961175448708,-6.923051154669166
8.322844759431879,-6.944913285877964
8.336680743516144,-6.968334749155367
8.346643419658095,-6.9853098903748005
8.360138084446106,-7.009338764569485
8.371868971949915,-7.032552706985748
8.38178491681788,-7.054592768340683
8.390442913132231,-7.077221782034729
8.397283370066106,-7.0986742678544
8.405130674807529,-7.1265620975424
8.412978232894707,-7.15498103372565
8.419399020732577,-7.178963821103721
8.424252617138677,-7.2001955658939645
8.428002306721421,-7.222712765651744
8.43149427285422,-7.249005739014169
8.434102332912435,-7.276672621289707
8.434969749666346,-7.297395914252814
8.434295369494407,-7.3261217190122645
8.43240904826,-7.356084301010382
8.42976589060549,-7.385989815609477
8.426222452604241,-7.414516915001498
8.42236847598912,-7.442219983053256
8.418987677253288,-7.470725638790311
8.41641366225045,-7.4992787469326965
8.414921913689417,-7.5208252681173215
8.41253044642472,-7.554620117965333
8.410538664549529,-7.578472221876659
8.407679077703401,-7.608073322911714
8.405462095146925,-7.637449761539383
8.403541058080437,-7.666207562498945
8.401778573656403,-7.6911119689816685
8.399776068651,-7.713739823566193
8.396399517675752,-7.740542465120193
8.392011491982547,-7.76792699484001
8.386719279146746,-7.794746092483339
8.38094572059929,-7.820704425533157
8.374337678921407,-7.84882199629407
8.366552085630234,-7.877859552124236
8.359991622951195,-7.900930134895306
8.352430271194935,-7.929894627617243
8.346055080521934,-7.959116894463848
8.34053566313368,-7.988590950423464
8.335193548196079,-8.018093258864678
8.330417312784904,-8.04746052863561
