0.021048604940570585
0.044879487043802735
0.0737385302899699
0.09379488670876698
0.10263851457852667
0.10597080515457502
0.10599294978543494
0.10599341270893321
0.1100870728837884
0.1239543992028039
0.1450678170819246
0.16907711672111056
0.19647345013439538
0.22414795035442653
0.24912702830473107
0.2727726507569076
0.29684294667267325
0.32080701908728415
0.34510408155478267
0.36681108703338494
0.38734530736740325
0.41432819127167947
0.4408058175578936
0.4653820871369142
0.4876616808816539
0.5087039059231537
0.5312385440523212
0.5558036149182176
0.577004593869195
0.6040386473439476
0.6338208067829927
0.6606106604750008
0.6865531678323573
0.7161738539991003
0.7459388239936706
0.7732103622183913
0.7932657684696796
0.8086031550204771
0.8184757169353928
0.8249855011527529
0.8262422010882289
0.8312517075566073
0.832016944961894
0.8402033872677122
0.8583908147615456
0.8841330727481418
0.9129594412625802
0.9428655284376983
0.972808312783419
0.9967791014975049
1.0267465321661
1.0556425518203083
1.0834067146656212
1.1065170594143963
1.1204962649979853
1.1366696552407394
1.1559359010924402
1.1749889000984917
1.1979784572967598
1.2249773885482726
1.2494967027518775
1.268747576040047
1.289015655463401
1.3079872943789626
1.3263300913300746
1.3499166453506148
1.3730581477438197
1.39388832995814
1.4214644495157962
1.4451336757033864
1.4749173524141175
1.5049755954190671
1.5350575859421267
1.5650757979726382
1.5950143312863059
1.6250066895642792
1.6550368112643108
1.6824388994612465
1.7110963566410042
1.7389968910101505
1.7636281208332303
1.7902046707588055
1.8174731566172146
1.8451027169529786
1.8712349710374931
1.8964866647898617
1.923350939091625
1.9519958300896398
1.9821528819593932
2.0097492225777693
2.037845408243771
2.06680498550913
2.0925962119034804
2.113216755059388
2.139006786125712
2.1651282920843937
2.1900849846927786
2.2150253486550873
2.240828548463847
2.270264345666255
2.3002788224529094
2.330302033636366
2.354303360605737
2.3843035383686293
2.410878824479708
2.44066520247633
2.4705606513521414
2.500446509070388
2.530306395937822
2.5594448499374733
2.5869328377217355
2.616385438783704
2.6462875778541584
2.676276089959547
2.7053127087803768
2.7300559121394956
2.7554390624591663
2.784033584670046
2.8139880187140673
2.8438442595375033
2.8720445926136904
2.8978759656698516
2.926477931815188
2.9523128056672383
2.9791296005835384
3.0080600705518745
3.036376565003343
3.060240571673665
3.090146108476243
3.12015404129385
3.150139446448175
3.180174778907882
3.210233962122495
3.2402475032271614
3.2698079934727216
3.2983050732078936
3.327817917475994
3.357690667934005
3.3876253268528407
3.4175902414366646
3.4476047911890304
3.4776054033347172
3.5071971123852412
3.5364956272968544
3.5651295151625515
3.5871117085701347
3.6072333886094228
3.626961062900842
3.648721557572843
3.6688225962821535
3.6914346126802298
3.7197353960714237
3.7496852032314125
3.7770559818620253
3.8012086274966594
3.8253120557651408
3.8514752318457837
3.8770716829810117
3.904468557160225
3.933665921531614
3.9568720540205877
3.986751264734951
4.0157315836578436
4.04450681985629
4.074243213499697
4.100132408317506
4.1249346937825635
4.150870818947881
4.180560904627385
4.210507307792559
4.240468847734401
4.270426948405669
4.300085192574999
4.329977278192883
4.35979243644235
4.3897169466889485
4.417344133815842
4.438324819167891
4.460351516581644
4.476799180487214
4.496836190064042
4.521733434206715
4.54948270488406
4.57104456588229
4.58885035598991
4.610484522051029
4.639003498917768
4.668891734977291
4.698733247680572
4.72818003997057
4.757978937170237
4.787835101254113
4.817744432913572
4.847547927683242
4.875709507494889
4.904383475411173
4.933732247532933
4.963622814988655
4.993079846790156
5.022554518743431
5.045187781844419
5.07699934145575
5.104158204201659
5.132458479665013
5.156389297619984
5.186301493449996
5.216286031105369
5.2462770411270645
5.276217317858842
5.306201140033372
5.336171127480575
5.3660958002145405
5.396047552088116
5.425994266866896
5.456025109379089
5.486076737026777
5.516172088585133
5.545793457391968
5.574606453005405
5.604570601776637
5.634564646840893
5.658551947311277
5.688433195013583
5.718294304831189
5.748248372393983
5.778240944112086
5.807703476211788
5.832244196706742
5.856867130971437
5.880402477170088
5.903476608484771
5.9326074487735
5.9625013135671185
5.992539790433167
6.022491948906522
6.050444237159961
6.079422507296486
6.108674628956335
6.136563858546464
6.1608335131629675
6.186901391345014
6.214012142273392
6.242850008126946
6.270999619266557
6.294249310070733
6.313461429413615
6.3362622485998426
6.361878050642693
6.391416601981252
6.421094489200703
6.450893541593764
6.480853232378925
6.510786533765699
6.540718393791536
6.570649468937526
6.600590608588095
6.630566108750598
6.6605867363900275
6.689634341466072
6.718582401063752
6.7483222825304665
6.777077677474687
6.806069191490437
6.835700824738609
6.865502003481033
6.89509833277325
6.924957241213465
6.955031917256781
6.979114103005722
7.007488054966681
7.0360189787052665
7.066034715583397
7.094855613082507
7.117919055670296
7.14534232554562
7.173673145561479
7.203502369931845
7.2333584929337045
7.263288873448056
7.29254243695362
7.3215931216815315
7.351582734196139
7.381522376658089
7.410847738588916
7.44009909309508
7.4633921550351365
7.483203406680712
7.506316025798605
7.52772161523075
7.542030330498236
7.563654843251755
7.591633369755858
7.621394205124191
7.6495266938325095
7.679355905263928
7.709251750499123
7.739158568222756
7.767290668258967
7.795528599598047
7.824945201096631
7.852790126657067
7.880171345244789
7.906353780542016
7.929701287401244
7.94911245482407
7.970667952292009
7.997645514322608
8.024664192049052
8.051615211442108
8.077165093778905
8.104152143495124
8.131462699319318
8.155058636080991
8.18273554747137
8.212244293741954
8.242196838347867
8.27207914568337
8.300181402658733
8.32702951839873
8.351990316121611
8.38088384653954
8.41085733945273
8.440837642865668
8.470892122213492
8.500980649857814
8.531051138093458
8.560642167057063
8.588281546761264
8.605401357590225
8.622211003061615
8.641810952151628
8.665493678513068
8.69357843033723
8.723210470967322
8.753161412899182
8.783114368830011
8.81309829091312
8.843093678461447
8.87310926626658
8.90314643115573
8.933217652191717
8.963292420093595
8.99332452736781
9.023299524437238
9.053267556369804
9.083222084352506
9.113176315024097
9.14284746205112
9.172305783890923
9.20212834077821
9.23048252942969
9.255248188134084
9.281770274508698
9.304543074771821
9.327686481299068
9.350085024880286
9.378436609616449
9.408364927534434
9.437417710884375
9.463135036854869
9.486539527836232
9.511084022742049
9.534596706021679
9.553212894518119
9.576360234533562
9.599945582690383
9.625900621677546
9.65200334474176
9.680912172595447
9.710830119158793
9.740377778926788
9.77035444969086
9.800082127456625
9.82868680002276
9.85716939896166
9.886416199472128
9.913287684959931
9.936221559018158
9.962262771027667
9.991992801449598
10.021838889807405
10.051803399489492
10.081887978749586
10.111782847840876
10.141944170799897
10.172204331055598
10.202388194109682
10.232608201194992
10.262847039179222
10.293049052887943
10.32313216661155
10.35308652021296
10.382904178770687
10.412753637650706
10.442664005575594
10.466557039715356
10.500451533645869
10.522016331223313
10.551499022119094
10.58149434698023
10.611468957895589
10.641444820093259
10.671465198203194
10.701428443810883
10.731279060598187
10.761186122098175
10.791168841897418
10.821064329540743
10.850963942455282
10.880946503886856
10.910912694554575
10.940909760809438
10.97047998737497
11.000413120198978
11.030317955628165
11.059134653756246
11.088978375618522
11.118794371794296
11.145946454641441
11.175241323482465
11.20411335211602
11.230990366810689
11.255554135011788
11.284791371928527
11.314855043304163
11.344827522029897
11.372795171136255
11.400903147460827
11.426592807101802
11.449180868932842
11.46930862647805
11.488336403979572
11.51211740393073
11.535497984598107
11.561951741923298
11.591719900154887
11.62160377491018
11.651487249840388
11.681327799291028
11.709540562659821
11.739166201380712
11.765565401896026
11.791482289772649
11.816449236021093
11.8445110580081
11.87310201319403
11.90209413682835
11.927646026281472
11.949841873011735
11.977984218564336
12.00746570460395
12.037032970738807
12.064828258104164
12.085691236865078
12.118979035845522
12.141664813793781
12.171632128786925
12.201520394323282
12.231426739177165
12.261410016206343
12.291436412549574
12.319858434368856
12.34865323475046
12.378348511685891
12.406964531347572
12.43631637083173
