0.020947002739881287
0.04262025532161177
12.176361946351435
12.185228560377936
12.187901139476645
12.18791659667182
12.187935584302522
12.18799566044049
12.188038702420213
12.188051908450078
12.188091133942638
12.18810411661726
12.188124634049155
12.188147909294997
12.188165845874668
12.188167702338378
12.188174783064806
12.188178996236719
12.188179849720017
12.18818219030126
12.1881825517919
12.18818374328286
12.188184279295834
12.1881846149968
12.188184967910473
12.188185030315884
12.188185272376764
12.188567302463374
12.193140001394925
12.207192212622264
12.22064855984277
12.235765641029271
12.250667725741412
12.264077537721194
12.28198829802303
12.304349502805993
12.332214605001614
12.359350934361819
12.38791685363637
12.413071698713408
12.442988820366068
12.468715345501709
12.493617366136949
12.521947363743784
12.542210349758058
12.565853810475081
12.590055619577292
12.608829878153484
12.629532159097478
12.6520851135504
12.678313886765643
12.705006658843963
12.73441277069614
12.760030438147538
12.786030867508694
12.815436884520382
12.845370722082798
12.87534684890367
12.911281395094708
12.940713047320124
12.9666324349009
12.99025442966292
13.014951190096157
13.033937111107887
13.051200993773557
13.066168611994405
13.08723362273322
13.107191264759798
13.127062020445553
13.147414476305746
13.166314085395902
13.180375217088502
13.197968097067243
13.21208648732418
13.232666969540542
13.2541649004106
13.281522443802222
13.303492318467242
13.321238746962381
13.334514878958624
13.359082821712468
13.38443313779161
13.414131890822512
13.440464335700996
13.466252526395298
13.49852294803074
13.522769120277784
13.556296297951366
13.584319595133474
13.613184577857956
13.639500597829917
13.665421663413039
13.693269493858631
13.713205374579463
13.72465416578007
13.73100023288332
13.746151844682906
13.76014503788617
13.77715099781372
13.7985930139615
13.826375714079274
13.854206354874592
13.875261163368766
13.89776002272372
13.929958648162323
13.955454033411424
13.982707043254523
14.010341554205075
14.037102805550587
14.070033063312156
14.095345804104618
14.120745012023855
14.148324890071644
14.173906832836547
14.203187795486707
14.233185439797047
14.268389096393369
14.297945475426136
14.327996877849607
14.36401173750017
14.393545661557782
14.41827651848113
14.436940595264353
14.456236272673156
14.477651511245375
14.503688619696558
14.533248881877864
14.568880222280185
14.595998326587974
14.618954625575215
14.639334756659796
14.653299165574554
14.662123746399791
14.672300037341895
14.687002575885222
14.708294082170118
14.735451753953537
14.750955845129353
14.769234452539607
14.792860652062684
14.807872041400937
14.823718399489957
14.841109763040173
14.856840230496955
14.868609907382764
14.87755744355251
14.889306583294875
14.898874154101884
14.909723407702687
14.921419204347359
14.934263530833208
14.95256100786434
14.96921192105579
14.99005995090778
15.010049131691487
15.030367823888573
15.047914571486226
15.063084903700526
15.073959735190314
15.08783552300489
15.106913607815486
15.13619985038456
15.15978831723448
15.18231682735188
15.202159125448368
15.22472395183562
15.250198371722366
15.284060209748327
15.312940120244548
15.337749191354341
15.372075261318894
15.400424105254384
15.421475152658736
15.43473431462897
15.449616959778767
15.468891538074438
15.483239171245282
15.506632764314388
15.527801213252413
15.54558164740876
15.562311702554435
15.57757364769483
15.599994512137236
15.622086357660807
15.643137218561765
15.661378122859766
15.677155406797612
15.686196114796635
15.694343642703977
15.710121682422841
15.727034895214185
15.740494414236343
15.756642470351782
15.772745811469331
15.791861949680879
15.815545772545157
15.84330835556224
15.872758199074577
15.902720798104559
15.932633504161837
15.962587685822337
15.991143245574907
16.017248214304477
16.042902008884663
16.06844461546825
16.09356347739272
16.11375351784271
16.137063638208467
16.160229743837103
16.188596185582583
16.2172897513079
16.24695984551897
16.281701590065833
16.304677633565948
16.332488462299448
16.362412495467883
16.39235571757062
16.42200341345084
16.45130117603405
16.47240266251009
16.501247108476946
16.520977954054626
16.544984244355057
16.56775173428117
16.5910318054571
16.61439999233481
16.641031300682375
16.66782039053569
16.69457176853843
16.719311960131453
16.740844425924365
16.75913789144986
16.77583215493832
16.806434975421887
16.830134042499708
16.852916805630674
16.87528012176598
16.89328093000934
16.916596963550536
16.941114026064877
16.96740230798617
16.992020069109998
17.01701207067294
17.044416982557745
17.06716984120279
17.090922565561087
17.110112220880332
17.134595979197066
17.158849644837893
17.17926423663555
17.205541186201124
17.231817060006723
17.257100844270806
17.276920104961054
17.293805390301706
17.310826765998804
17.327978418472753
17.346767198180526
17.365327561558743
17.388372264023666
17.411303040522508
17.433525538905794
17.45923663383338
17.48769540118466
17.51490737570714
17.538420108016126
17.564510637084407
17.593787317227665
17.62370349831737
17.65361452498527
17.68215983716395
17.705124393635813
17.73428941676262
17.764396220707027
17.793175886571568
17.82305459418128
17.852666802024874
17.882250355065008
17.908794336666645
17.936450650321966
17.963013327554414
17.992457890462845
18.02223825719792
18.05148837461976
18.079933596002796
18.108381269118414
18.129548405892145
18.15756027360145
18.18136603434582
18.20390826411463
18.225225426979257
18.24868778567147
18.2722227224533
18.29195397970038
18.307660112955254
18.314997353884692
18.319699361593088
18.32304895394323
18.331323580547657
18.340479582341747
18.351816139139704
18.370930892494755
18.3950410564614
18.423540386626765
18.4525832145932
18.479183519076404
18.50270843175923
18.520516185125516
18.542660211980717
18.561337742490227
18.579091821512325
18.594803937806805
18.614570414961328
18.634741466944078
18.65392444795222
18.683701222183846
18.71372705872562
18.73817611992723
18.75523987478808
18.776322353928034
18.79320789759903
18.809653075131763
18.824651101152362
18.845893234679572
18.86568309703779
18.887366157682212
18.91150513237111
18.939413766399227
18.9691084251155
18.99908535243485
19.029143793024105
19.059020729763642
19.089079714896208
19.11914034255763
19.149159438917152
19.179202787806613
19.209249460867042
19.239282092621085
19.269315010101835
19.29886502675272
19.328370515877996
19.358550280013716
19.388722548089294
19.418908061990606
19.448997111576308
19.47814235166281
19.506412889991164
19.532200056691828
19.561482079986227
19.586447278998826
19.612618735604535
19.642401421389497
19.672161164804454
19.701638789497807
19.731589068494255
19.760749358995824
19.790164553798583
19.81725344926053
19.845402988314568
19.875108392856028
19.90440175685166
19.93012142239794
19.9575482872283
19.98593461769579
20.020249782552643
20.041562729077825
20.067313635912793
20.096345094404846
20.12628351758916
20.156168190511586
20.191294512326216
20.221114655811512
20.250673379641526
20.2794778563498
20.308782841540115
20.338706979466792
20.36873647239416
20.398370808369855
20.432887719915556
20.4551441250261
20.4800298354379
20.500033671563358
20.52569657600835
20.554299026887097
20.574583158049077
20.596037743199027
20.61909128317421
20.645677074168518
20.67947893128461
20.703435750358363
20.733373575079916
20.763297048257332
20.793301518688462
20.81878162204207
20.841320229573597
20.86770329526718
20.88949635989231
20.91596110660513
20.938523457396695
20.960893999893212
20.97658139305202
20.992543685751432
21.014042896824453
21.04591420300917
21.06979712945344
21.088108812444492
21.102672601365605
21.116795390481663
21.13012858290364
21.141568549107795
21.154134877520526
21.16452404206339
21.175192717859403
21.18816082526646
21.203708126230833
21.2188956948458
21.236905206099912
21.2509512657543
21.267084513598252
21.283456317860463
21.299454876967324
21.312485923942376
21.32482768447618
21.338051040893284
21.349352007118448
21.359336345291116
21.366147399824726
21.3722563040186
21.379092696702383
21.388807493831212
21.398644237755203
21.407342657351432
21.417650084812706
21.434426601260906
21.44780501288765
21.45863066643289
21.470008154801803
21.48382475520294
21.503755670804953
21.521074362766594
21.53978873934656
21.557522428485917
21.574793911193375
21.594631150406194
21.609811877528365
21.62753343131716
21.64041521008881
21.654503309359715
21.667845422524554
21.68077661747271
21.693096809939366
21.706763401496286
21.721033165071884
21.73147199385997
21.7387480272876
21.751103728780596
21.7676600592223
21.781788820480923
21.799352880358736
21.816486149095528
21.831496225225695
21.849687605712987
21.861921401926477
21.877411210543737
21.897853763952483
21.91546859319135
21.934466784816934
21.95466554265913
21.97498284059994
21.991241795347886
22.015511832643945
22.035897713852133
22.053479474719307
22.074060903020996
22.095629530741988
22.11778874227899
22.145044526337017
22.17092423150003
22.19571668982867
22.22003408550844
22.244376953454537
22.273779388152747
22.298426029717096
22.323193019729967
22.354769075009024
22.382208666988642
22.409585907709854
