7.823392845940401,-8.004099438684154
7.828625312449009,-8.031193694112922
7.831905049515249,-8.047076316468385
7.832833187968448,-8.051725438514673
7.833671569752363,-8.055984548232978
7.835087616296596,-8.06333212456489
7.836926789963208,-8.073327554805251
7.837605271198796,-8.077259998913531
7.837605101630423,-8.077257205822182
7.837604665909802,-8.077256653205326
7.837604190916834,-8.07725791391646
7.8376045597129265,-8.07725826452221
7.837992532532153,-8.079623894665106
7.839415765053127,-8.088305447567558
7.842272388246843,-8.105134432746137
7.846538181182399,-8.124780823595067
7.853485739781732,-8.147581436869382
7.863431238446921,-8.169972689087583
7.876831968547225,-8.190740483822553
7.89450412639815,-8.210202511480606
7.911290354331297,-8.223388152983317
7.934691320131802,-8.237146328070022
7.959303709919208,-8.248932086168821
7.984326395660596,-8.260431510806736
8.00957638456294,-8.273073685349864
8.034788062691002,-8.287927817359318
8.053644004518025,-8.300771542759112
8.07528012948993,-8.317174353882997
8.093910761454941,-8.332853481019338
8.10834284683993,-8.34573230522837
8.123832093596876,-8.360600566808992
8.140402809896981,-8.377503158912988
8.16000214295243,-8.398884828127303
8.17558175985015,-8.416737157604489
8.193344506395343,-8.436996014099119
8.20746934865831,-8.452897592615713
8.227353032698355,-8.475191677409319
8.24347040118932,-8.492935359942003
8.259917174164022,-8.510364376627296
8.280931742157092,-8.531725354813743
8.29795146793931,-8.548607957122721
8.319724131427819,-8.569104683108877
8.342874648577787,-8.587960052159449
8.36698197194321,-8.605759749023226
8.386190271686123,-8.620261416197513
8.408872639643707,-8.639522796348475
8.4308209817584,-8.660042643655363
8.452720518592507,-8.68046339143282
8.470672906390506,-8.69632981977333
8.4937481426035,-8.715363168708556
8.517684979332055,-8.73323360935654
8.537788308927825,-8.746091370759888
8.564134281281328,-8.760008996240101
8.591863902490111,-8.770757352052453
8.614890602880797,-8.776702981184926
8.644352504946562,-8.780390784168423
8.673940073155775,-8.779065194715615
8.697199508060686,-8.774309136345464
8.72496332960718,-8.76449249236998
8.750694068357236,-8.750546538710244
8.770165600013692,-8.736030112166745
8.78192494174617,-8.724959421436884
8.796512117688962,-8.708879368613609
8.809364739316566,-8.692551941236124
8.820598096206416,-8.676156110332071
8.833312885040309,-8.656055340298536
8.846885128980007,-8.633054224162736
8.85956072252409,-8.60988729988644
8.868394498138079,-8.591932505225751
8.877456997808341,-8.57136293168002
8.886067095111457,-8.548865691350992
8.89290446746392,-8.52853548061894
8.901697975988798,-8.50034867899999
8.909440262099626,-8.474233317170883
8.917014874408753,-8.449523860133207
8.924770591945073,-8.426092378917714
8.934515755662716,-8.3999252298558
8.943478234738262,-8.377655009131837
8.955385416344674,-8.35010757981273
8.968332381644528,-8.322993382927686
8.981656265001753,-8.296237129368365
8.995214578378004,-8.269583141880497
9.009023395600108,-8.242929506319811
9.022801826948436,-8.216307482747947
9.033382239206547,-8.194816951061535
9.045468004658298,-8.16748713291337
9.054114020417428,-8.145145094394561
9.064891128007885,-8.117117841249959
9.075671797871644,-8.089167605113374
9.085479429462888,-8.06111449502131
9.093952898017399,-8.033093115070992
9.101060758263486,-8.004060795408524
9.106903753963955,-7.974697701965815
9.11117958809907,-7.951089398962208
9.116741367468599,-7.92158125167794
9.122965635417202,-7.892182373971286
9.12827325367222,-7.868771144996124
9.134748074419097,-7.839495604296483
9.140833584959932,-7.810162128747952
9.145563949550601,-7.786600058811005
9.152464529656628,-7.757309912581168
9.161184488049239,-7.728488152436045
9.171127218023306,-7.70013849794331
9.181422914242123,-7.671953917853335
9.191096704008796,-7.644020184304887
9.199300099149482,-7.615538388302883
9.206261934326315,-7.58883104897017
9.210669408960666,-7.571713821923923
9.216529370504945,-7.548404311889863
9.22170069190985,-7.526782322530376
9.226433005418253,-7.504753521848405
9.231165471360095,-7.481170015526738
9.235828658126714,-7.457373708207931
9.240538956392252,-7.4349025994415605
9.245467096886005,-7.413024797734405
9.251125993502484,-7.387676302866546
9.25632185945496,-7.364695757997075
9.263076512383746,-7.335584457163409
9.270106050650044,-7.306402525587923
9.277247520412804,-7.277256412988549
9.28473500812566,-7.248177837102878
9.290906412742295,-7.224986697120752
9.298820657620983,-7.196004245373204
9.307434153421928,-7.16724080682913
9.314131994486335,-7.14425580062842
9.32065190129534,-7.115171019546752
9.324237294827252,-7.087187100435949
9.326730534574375,-7.058990445105323
9.328766935522111,-7.035887303586013
9.331342898426525,-7.0075869930013415
9.334665102067166,-6.979757460194897
9.338454848129377,-6.956510656948098
9.342010598095209,-6.939326951166464
9.34585933029521,-6.920845478498671
9.34958148937763,-6.900244520472578
9.35353546844163,-6.876520298232006
9.358090986340766,-6.8513164965409725
9.363486018271916,-6.825869556823413
9.369771035975425,-6.797530058449367
9.375766918709662,-6.768203022171636
9.379654063014103,-6.744572997615288
9.384343494911718,-6.714912296947163
9.389605523890152,-6.686872203309978
9.394986717988907,-6.6610468578823365
9.399324062910976,-6.635166142793678
9.400833010346796,-6.614348203530063
9.399497791625548,-6.58833620816359
9.396022612240829,-6.562378017214042
9.392262812202393,-6.537179494290097
9.388441790965013,-6.50889308350148
9.385617126631066,-6.481100241954248
9.384055284745603,-6.4523318530020255
9.383238792904768,-6.423336756262638
9.38231685297862,-6.3993747583239085
9.380897400370518,-6.369686830853637
9.379403212370377,-6.3399789107758995
9.37758500029432,-6.311814063548167
9.37511719559157,-6.288069056275315
9.371139038140887,-6.2595304456408005
9.366937066182524,-6.230565121937676
9.362772903841538,-6.20089128927311
9.358577624887461,-6.171209040345672
9.354353817427338,-6.142182178249957
9.35065040338462,-6.117942430739139
9.346502880854063,-6.095120048785579
9.342190713906591,-6.073955227973126
9.336396047550249,-6.045231844612739
9.330590098456074,-6.016960746432603
9.326546093723401,-5.996488953051507
9.321427556272818,-5.970969881220574
9.31535310874294,-5.946368470217072
9.309971261363831,-5.929152430872334
9.301966955097937,-5.907151985416976
9.291325775385841,-5.88024830629075
9.279779739169712,-5.852561567690752
9.268564221963972,-5.8246686614980705
9.260565585501176,-5.801975684810086
9.251201762989538,-5.77384978372347
9.241038096952455,-5.745701665153818
9.230390527556175,-5.718165901420382
9.222829974071583,-5.6976124005962205
9.215575173665874,-5.673391236012435
9.210780574290988,-5.651710316995992
9.206729149514544,-5.62847332134988
9.2043319796997,-5.609524775887904
9.202162004085343,-5.586358728936903
9.199485658730719,-5.561034964908936
9.195664403722475,-5.533010015258279
9.190420434951147,-5.503656166453928
9.183381967429435,-5.474604732473249
9.175206042202838,-5.446397024240459
9.168142508867547,-5.42527809753525
9.157713333946246,-5.397510664241514
9.14658164342143,-5.369688447592173
9.135771366367713,-5.341883317446692
9.125979858131679,-5.313939950172785
9.11574250959433,-5.286018996984882
9.104652495172047,-5.258312560336615
9.092947595010408,-5.231942047045089
9.081583632823907,-5.207913923919469
9.070955677204275,-5.185532270557011
9.059286361076385,-5.159343356798293
9.048836466440198,-5.133499398335879
9.041345020565897,-5.1128237557284315
9.03280535034739,-5.087561426187334
9.024724442399666,-5.061098883753573
9.017120449191312,-5.033614904025759
9.01062776855561,-5.006378787088284
9.006826315324771,-4.98254882533673
9.00521187699108,-4.961384846356923
9.005124275460151,-4.940946752966462
9.00609813990178,-4.916028209687878
9.007207657120066,-4.8909519527840395
9.008009240940964,-4.866196024839202
9.00844832858538,-4.845301216844715
9.00864018497233,-4.827339682797233
9.008493708197479,-4.804241523377753
9.008498065389631,-4.784473449072806
9.0084680070595,-4.760800923326203
9.008376840873582,-4.737762627101371
9.007956073816555,-4.711315693659249
9.007449401003674,-4.687356639494684
9.006609830928776,-4.6574170755071576
9.004496641456058,-4.628091263279317
9.001907354731038,-4.604281169380408
8.99792688069229,-4.574635608576889
8.993883314789603,-4.551072169248672
8.98787873681424,-4.521774075914494
8.982343208436342,-4.492254805176856
8.978459516307128,-4.462418822536053
8.977554223151822,-4.43225520713516
8.978530073654083,-4.408667665391685
8.980325723704782,-4.384853554034862
8.98253764008446,-4.363563752612374
8.985236151562251,-4.342258977251898
8.988446986892948,-4.321800390234674
8.994083365342803,-4.29313093786901
9.001576412458363,-4.264033466345163
9.010344186817722,-4.237721727471663
9.020215007870963,-4.2130679133304145
9.031367174163961,-4.187436903607416
9.042910617040416,-4.160856149662337
9.052657065848482,-4.134782728879943
9.059956740014345,-4.110492954344939
9.06666507503274,-4.085476795497393
9.073545555672071,-4.061449688560811
9.079228598781174,-4.04370509357872
9.08616182735491,-4.023057536775037
9.09470786183373,-3.9967865211686058
9.101893876196678,-3.9696875590442944
9.10634175374095,-3.9484834946853975
9.110569482389389,-3.9258114266297897
9.113889433351392,-3.9040097603791537
9.115830570223082,-3.8862001409675893
9.117769894096993,-3.860926128436452
9.119781984227473,-3.8331319744121237
9.122538387788024,-3.8041058471070737
9.125860739637721,-3.774244660845878
9.128845044542782,-3.744431279499461
9.130792623074983,-3.720829033496139
9.132990602364613,-3.692166398822065
9.135159275336331,-3.6667045606798263
9.13737700189982,-3.6423700374457098
9.13875909113702,-3.6236140243369896
9.139599016848445,-3.6052053699251
9.14030915351778,-3.5807946955111483
9.140599980397873,-3.5521875848282645
9.141280535312132,-3.522127193911698
9.143561005915108,-3.492108321582038
9.146585905791262,-3.4682160040605354
9.153724530590573,-3.432738582932817
9.160655334715244,-3.4096487321691082
9.170537823263853,-3.381285226304946
9.179980256411087,-3.352913044976464
9.18699762484744,-3.3239953632936925
9.189581432853572,-3.2944732129708267
9.187661744856756,-3.2647754392303874
9.183215826385496,-3.2352043561304464
9.179222440064866,-3.2115195766849736
9.175254700935987,-3.181691305714902
9.172385792152204,-3.1517927556366665
9.170012713871476,-3.1218462778946128
9.168839457473407,-3.0978152209259173
9.16825009462008,-3.0677599542145155
9.169209946662681,-3.037637565461835
9.17272156304375,-3.00768246364807
9.177565401567332,-2.984033720898303
9.185801592277148,-2.9550739315656727
9.194726831975464,-2.926451763069992
9.202347920587446,-2.8975989578440955
9.206725630800918,-2.8681926907070237
9.207718869481425,-2.844354669791176
9.207331455930698,-2.8144144367584696
9.207005040320912,-2.7903687596532145
9.208332879978252,-2.7602307374444783
9.21342156320849,-2.730424047221984
9.220026876311307,-2.7072193424040623
9.229699722673752,-2.678772694293798
9.239085804255543,-2.6503700883727577
9.24620201773215,-2.621462580040441
9.24918497845608,-2.591961846163638
9.24803677991629,-2.5623477127199883
9.24449379330235,-2.5327777396094064
9.240612749745345,-2.5031171468630418
9.238583368074417,-2.47912893155712
9.237494692306983,-2.4490801198147203
9.237562552969441,-2.4189917312508884
9.238773324136439,-2.388996728413981
9.239282006792495,-2.3591165933834963
9.237141493248394,-2.3301839980422954
9.231750283628363,-2.303151543938254
9.224587060430984,-2.2763872962393426
9.219593254889817,-2.2583504415815976
9.214292305145294,-2.2380706509517054
9.209162085608279,-2.2161201330877565
9.203066511683627,-2.1929059609591715
9.194786622306578,-2.164450204889504
9.190078245928513,-2.14556590195312
9.184574690637518,-2.1200044355065346
9.179678037391099,-2.0930153991178266
9.176667712162212,-2.0657762935860533
9.17409805848148,-2.03862472747884
9.170092306124076,-2.011786852232216
9.162555169559564,-1.9846193414884505
9.150838242975286,-1.9576964356618247
9.13691965119343,-1.931678012321034
9.122636729654605,-1.9057072495672585
9.112176243571863,-1.8843273585111777
9.101969366673833,-1.8562780206834983
9.09668362628384,-1.8265257555706285
9.096016145876378,-1.7964610876944258
9.097889438580275,-1.766563950302754
9.09981743194624,-1.7427691119357358
9.101030790088766,-1.7130770145937702
9.099013577118559,-1.6835489705506153
9.093968989365234,-1.6603792147057077
9.083539660929127,-1.6338066056744596
9.069548138995819,-1.611095311769412
9.05272920841082,-1.5901745909991716
9.03468601363338,-1.5701113153246693
9.01683813784545,-1.5497030505345433
9.003695394831857,-1.5323371015328282
8.989749036359497,-1.5078889297187428
8.979719118018027,-1.4792843040300852
8.974830100061187,-1.449430427450201
8.973479939218233,-1.4253453368496234
8.973241172890432,-1.3953055351596648
8.9726665005467,-1.365402446309554
8.969715545862885,-1.335853982074722
8.962747996907265,-1.3080808711183525
8.954425600644072,-1.2890685357625065
8.938910157918366,-1.2653256900005185
8.920004836536261,-1.2438314144334042
8.899451249974891,-1.2237041091058551
8.878700522587067,-1.2035923927489462
8.862921711840622,-1.186573427741006
8.84353480950201,-1.1596571536673743
8.8353559099946,-1.1433354871166366
8.828320721945095,-1.1210567538501852
8.824862113901785,-1.1027675172498943
8.821948767160572,-1.0797967695436266
8.819115558838806,-1.0569495888003357
8.814796109161815,-1.0344782842336375
8.807038065058812,-1.011586772517457
8.7930695412502,-0.9860429208129806
8.77428769874744,-0.9631388502255762
8.756731139259086,-0.9470694077188943
8.733053910701981,-0.9288527011638953
8.708724493595158,-0.9112816122768933
8.685068422396672,-0.8927613801409628
8.664561685954972,-0.8731646726499818
8.652596485349338,-0.8589735707254633
8.64114934152377,-0.8409437958604554
8.632987747601248,-0.8219595365165622
8.626742709493865,-0.802385606644574
8.622139371751487,-0.7861628569539267
8.616453822769657,-0.7611592860858953
8.613368838899454,-0.7396028038418588
8.612072707022495,-0.7136838651736807
8.612546840970762,-0.685315163880464
8.613235058955476,-0.6622449884901045
8.613051741898035,-0.6324354284189552
8.61157993360584,-0.6026948381480407
8.610030261799112,-0.5727248249813209
8.608718233452551,-0.5487861036605808
8.60652127309653,-0.5188894786531653
8.604402372164865,-0.48893997167167097
8.603174495054038,-0.4588818099748025
8.603831960255315,-0.4287279024737284
8.60737525250864,-0.39879602870291747
8.612243909994794,-0.36917518665937665
8.616367618345302,-0.3395771957693545
8.617705904582508,-0.30986158834520905
8.615578151698532,-0.2805203373971893
8.612578397366907,-0.25715845408376037
8.608894200272129,-0.22783038586774068
8.607275822759851,-0.20414960712183675
8.608517776304879,-0.17513768086673664
8.613027230666367,-0.1469712946001416
8.618840602538185,-0.11917023262957825
8.623128011972787,-0.09695422745135854
8.626418587691866,-0.06899507457897744
8.625645360852683,-0.040796269446060796
8.621876114939779,-0.017818654005136842
8.614811746602266,0.010544984284343887
8.606981869401208,0.038847461899353224
8.600357884737091,0.06758214745089118
8.596196679017492,0.09674426999761518
8.593562857730562,0.12287303475345152
8.591349941880456,0.14907303207503006
8.588835824581732,0.1699318266318094
8.584429123344401,0.19414609255167614
8.578985991926977,0.2172307565390719
8.572044262533485,0.2417509585690897
8.562248907703168,0.2683927339134963
8.550357415249234,0.2955787217123969
8.536142958722046,0.32113366515262126
8.52256385055473,0.3402516205837502
8.503765560243998,0.3630371109609006
8.483006637836736,0.3844736521378342
8.460193325464022,0.4035498300096755
8.4402615371286,0.41658921626430256
8.414077511175476,0.43101251339219393
8.387493471831359,0.4449775141799217
8.361525917103275,0.46029885088087164
8.344231600691177,0.4728501568856215
8.327968374332796,0.48752746341847386
8.312751897808518,0.5031121170814703
8.297786523403925,0.5182652685246247
8.280903555783807,0.5334288478024611
8.259905156985463,0.5499445598220353
8.236824249343337,0.5663101382114635
8.212509556008706,0.5808828429383739
8.188861475248517,0.5918865352452463
8.167703378753393,0.5994327111867591
8.14047057453839,0.6069666815377437
8.112944009132114,0.6139189765481323
8.085655011986617,0.6221834201110624
8.064513355706959,0.6309796055212815
8.040703559979288,0.6452183075443347
8.018937658921129,0.6622453611572464
7.998243624628522,0.680374613984996
7.977406377546106,0.6981343878425488
7.955286472559448,0.7140235279100475
7.932355498917122,0.7258716332385824
7.913285680665609,0.7327564951767337
7.886367910918889,0.739557159140615
7.866100528875453,0.7430516743893899
7.839823253228346,0.7469873608629491
7.813596901979281,0.7519671381709337
7.793004135242723,0.7577360269048448
7.767825240947137,0.7663731281911098
7.747793472933126,0.7733192802226508
7.7224365046319186,0.7805781324796381
7.695214526990421,0.7847985168622365
7.671563977263635,0.7848590589327058
7.642439579114711,0.7803482876178566
7.613965144007172,0.772375239473535
7.585789760547473,0.7629539933160543
7.557314420726402,0.7540454628033302
7.527938827358302,0.74755782598493
7.498072763150053,0.7446274825136916
7.468232280634193,0.745906964050487
7.441223326503372,0.7508749617603684
7.415030531194973,0.7579922834308168
7.394262403036599,0.7640094193918847
7.368131485807708,0.7704144162101244
7.341524060631485,0.773881092520098
7.312366606303715,0.7726642543409451
7.289172240746199,0.7677403502379905
7.2611614136537455,0.7576900531870939
7.233982841028875,0.7452211737202094
7.207036875220516,0.7321724985676015
7.181526884348459,0.7203307163522177
7.157097298340709,0.7099021357084202
7.132028951798547,0.7007686052444354
7.10816580611519,0.6928533412699285
7.0884758491519575,0.6864826657994334
7.075858935688424,0.6826151392807698
7.062592280092003,0.679021446584187
7.047197276254868,0.6760828914953358
7.0289559168152165,0.6751886560156983
7.004065234232047,0.6780129385641729
6.984004742230256,0.682929178196591
6.959545575866737,0.6908306516855865
6.9353391127663215,0.6990774152169025
6.910856745490868,0.7059800829970512
6.892029881191061,0.7092505487113911
6.869904896799561,0.7099909781976669
6.852141606697585,0.7086556364469587
6.8299273979331305,0.7058558376492693
6.807560909203057,0.703235354623798
6.784938485952699,0.7023624487085932
6.759926080819411,0.7050982127190656
6.736931931561761,0.7111901396535166
6.709096081520301,0.7229665561051393
6.68259984232418,0.7372630794716184
6.656584561536626,0.7521786653213534
6.630548944562164,0.7672038869924737
6.605459422781605,0.7839752592321215
6.586975493086712,0.7996163286245961
6.567182210182616,0.8225722754981851
6.552049847922329,0.8488371043031887
6.54369822648031,0.8715052868680121
6.538180502869241,0.9013099695607452
6.538354629023655,0.9316210315202417
6.542590841558168,0.9555111599863704
6.552853103909933,0.98403333797642
6.566051764704127,1.0065450703327916
6.582886913549782,1.0260364027522384
6.60509321263203,1.044403491848746
6.630064443767288,1.0583567218062846
6.653611230530801,1.0660689357769961
6.676486702806253,1.0695321228208958
6.705541901655204,1.0689667538685936
6.726920175584132,1.0648951944241911
6.746738726103754,1.057523933219993
6.763661403386347,1.0473956639627775
6.778923229453483,1.0353666198847176
6.793107763725699,1.0225730386272796
6.811303116607164,1.005020242454337
6.829832743313877,0.9880198542673951
6.849769728667071,0.9729196367568396
6.871403990891751,0.9602087742886047
6.893817019004793,0.9486240074460496
6.916165512216536,0.9366409730748576
6.93454028800314,0.9250667587046725
6.958196324241162,0.9065512028553177
6.979263047515271,0.8848575444891423
6.99674388541059,0.8601480331951925
7.00814804497582,0.8388597779958061
7.020562851264365,0.8114634866964816
7.032670269465277,0.7840725271865568
7.046334837680279,0.7575832863494122
7.059496631069713,0.7377942303193208
7.079078599031071,0.7154933605208242
7.101775193569486,0.69625477215613
7.121237403221807,0.6823673885535898
7.1411250722744,0.6689415847555179
7.165653572835148,0.6514825601906613
7.188561280956593,0.63176840336185
7.205885447300636,0.611642044402562
7.215301706217308,0.5961397195471219
7.224174447178088,0.5751902396705383
7.230938650508778,0.5535874559982792
7.237063985139106,0.5319278429977149
7.242503249402374,0.5148647763883857
7.251377753876067,0.4938966514182857
7.265985865214632,0.4697621724077961
7.28474128729453,0.4466567897023602
7.301262007592297,0.42936723902960805
7.322478549126241,0.40814295744477286
7.3426603586350785,0.3866487763204538
7.361847914640812,0.36467739420318745
7.378456809649712,0.34341827793887475
7.3925987798453345,0.32396026619341906
7.40927028669193,0.29893171144171343
7.4255844122481305,0.27377476056678357
7.438853992811302,0.25381621361759443
7.454693174142505,0.23162770316636536
7.471524226919788,0.2092423980178138
7.489221395255537,0.1856236802413995
