-2.4652390261849906,0.07790925667158263
-2.494738406196057,0.07287113238287381
-2.5173789800187527,0.06847813275024672
-2.538498983730808,0.06412684300103554
-2.5415416891949154,0.06347104077273633
-2.5441916190686964,0.0628920817777294
-2.546449374097755,0.06239211672074043
-2.551915506878795,0.06114572029043355
-2.552072131286506,0.061108419059134826
-2.5520706013112315,0.061108485382633096
-2.5520716172355926,0.06110836456105238
-2.552072099572751,0.06110841675135267
-2.552071384602508,0.061108414712124824
-2.5524596440512997,0.06101564848990638
-2.557903681017757,0.059715176914211195
-2.5732734444715275,0.05604384741296142
-2.5939583099329635,0.050839791706858
-2.6146462496571146,0.04450471366418131
-2.6341160312519434,0.03684269583509112
-2.6541484541242255,0.02792243007830362
-2.6785804366975245,0.01643344055608367
-2.7024303952445425,0.004047659418919712
-2.7254331495245734,-0.00898856801312621
-2.7430580251958268,-0.019982006703609455
-2.7623150947770108,-0.03285296186713668
-2.7800657573182757,-0.04581707287943074
-2.795936677386946,-0.058372684546687786
-2.811994569556859,-0.07236998138130114
-2.8280157221300546,-0.08760445308558248
-2.842981648025819,-0.10326812301772902
-2.8537333522003006,-0.1153271663317988
-2.8685684501381896,-0.13324704572223253
-2.879342425079972,-0.14750555474540486
-2.892054869614715,-0.16597645335514002
-2.904667784186978,-0.18723095736848933
-2.9144776249755044,-0.2078563631875493
-2.921958240867644,-0.22691844980997058
-2.9287540649077353,-0.24858247321432905
-2.9328746629223708,-0.26790670854651827
-2.9360465159285973,-0.2888443075835314
-2.9394713264377104,-0.3137517269717547
-2.9426462379825824,-0.3415627740418698
-2.9451274964720864,-0.37125674960794525
-2.9467160241844566,-0.4011527992565675
-2.947588431877585,-0.43109379670529824
-2.9475002799326773,-0.46101400463639725
-2.9462004769698957,-0.4909159620403898
-2.9436460724564384,-0.5206955160357275
-2.9400810952269754,-0.5443011978263507
-2.93351782004977,-0.5734111948702233
-2.9244874544178066,-0.6018456717031889
-2.913565580712475,-0.6296898675642474
-2.901827214377969,-0.6572626694194367
-2.8894727523519124,-0.684545687259165
-2.876589029862831,-0.7116128126287523
-2.8639423202281233,-0.7388905856148693
-2.8527039341848246,-0.7665430707231484
-2.845706290688328,-0.7857995413552836
-2.838782905394048,-0.8067486483103122
-2.832516429656338,-0.82699470222732
-2.826853784991886,-0.8458296127417063
-2.8206536155275987,-0.8668658170378286
-2.814257952157189,-0.8914275007124068
-2.808976230763465,-0.9150458573986348
-2.8046739604736346,-0.9374290328462622
-2.799815036543724,-0.9659038429031561
-2.7954998728820515,-0.9954743351528464
-2.7917413237025626,-1.022836367525811
-2.7888188364184545,-1.0478351885758974
-2.7861531288421824,-1.0734977288441108
-2.7833710495482973,-1.1000439105008044
-2.7799248729055557,-1.1267519022164318
-2.7760203321656203,-1.1536890684201655
-2.7732431586390622,-1.1733782442923837
-2.7699252288044227,-1.1966733579782651
-2.767143074291341,-1.2180308447054031
-2.765189374231034,-1.239483290023185
-2.764539776654644,-1.2615513469452706
-2.764807984112798,-1.2830549177860846
-2.7650311527601805,-1.310335960987762
-2.765387530749219,-1.3385353500304757
-2.766547829936753,-1.3675157565965672
-2.76893613326599,-1.3954978114780203
-2.7709466141478085,-1.4177890960798394
-2.773254999397158,-1.4457549314520355
-2.7766909786288494,-1.4737944248531
-2.780547774962167,-1.5011636803303288
-2.784563076268465,-1.5271526876091255
-2.788467897895908,-1.5560787484163332
-2.7913682175684884,-1.5843901133629124
-2.792615081292814,-1.6108901900294026
-2.792323789807909,-1.6307754526419016
-2.7915107911431454,-1.6554102274652052
-2.7914756001392247,-1.6840175670785806
-2.7923998112961255,-1.7140319547255363
-2.7930976111222248,-1.743808352610043
-2.793132470135227,-1.7727769779992861
-2.7928634564763906,-1.802694649935772
-2.792279728136128,-1.8326321150978675
-2.7902132065877043,-1.861101400552721
-2.7876950653703254,-1.884313744094967
-2.7845344995077492,-1.9122724715535722
-2.7802463421354875,-1.94133795982621
-2.773990553145717,-1.9700529398113438
-2.7666825173979155,-1.9955583761855367
-2.7585677898364844,-2.0204247264401527
-2.7502579957629685,-2.0426996261843757
-2.7417362402799204,-2.064636855929481
-2.7325198247498848,-2.086188132163747
-2.7225017136478056,-2.1074953312664033
-2.712588869901125,-2.128822942219264
-2.701949593320203,-2.1497646695461268
-2.6913079792509937,-2.17082036849064
-2.6829546854560045,-2.1876656280212203
-2.672057673731632,-2.2085345029637335
-2.6616908061386013,-2.2292623071710813
-2.652438089364158,-2.2478349523257894
-2.6437013496807467,-2.266777521487073
-2.6355957055582597,-2.289906635821645
-2.6286707091315478,-2.3191816222070076
-2.624365808227698,-2.348698833945566
-2.622094875975314,-2.3703019128514713
-2.62018610877849,-2.3943778946052476
-2.619082372931957,-2.420000327737684
-2.6180572685763654,-2.4474257900791723
-2.615832033906929,-2.4745611967159284
-2.6125947921828754,-2.4989969276203143
-2.609435066472658,-2.5193631980841906
-2.6059868028704116,-2.5394501216639025
-2.60323608778974,-2.5540945160374697
-2.5988248586689733,-2.5750120118651147
-2.593338710430738,-2.597509781437136
-2.5870836582120664,-2.6215565457230015
-2.5819819736474448,-2.643647289137737
-2.5774307161015035,-2.6668808649354188
-2.573778851632457,-2.6876891281908
-2.570531546064121,-2.7068140105834053
-2.5668909229474397,-2.727636693257592
-2.563282577809478,-2.7455438266687784
-2.5578167391991307,-2.769099532017726
-2.552717487267329,-2.7909326073852845
-2.548201819968943,-2.8102075710052095
-2.542600025656204,-2.8327749129206237
-2.5361631118703762,-2.8588072380146365
-2.529995233860929,-2.886439703174323
-2.525152884759683,-2.9124373071030067
-2.5214643544604742,-2.9364040566262117
-2.517361020350243,-2.961785549518194
-2.5139476277453943,-2.981232427264755
-2.51021494753524,-3.002614117019724
-2.5058450508200134,-3.0272199428557327
-2.500942041355939,-3.0545458536216117
-2.4955509104498144,-3.0810013118168653
-2.4900838455537593,-3.1039317266150577
-2.485418171111639,-3.1197764712750766
-2.4770765921579514,-3.141761702494986
-2.4673197942213108,-3.1637270603862286
-2.456757282395697,-3.1864055049321682
-2.447161556368848,-3.2096432379513127
-2.4400914992448106,-3.2338717787594797
-2.4361241528111806,-3.256578459363358
-2.433861247958707,-3.274751495500285
-2.4312235067055257,-3.2953194099540903
-2.427843612844498,-3.316081706324627
-2.4239430269585744,-3.3380869169247913
-2.4191016932570104,-3.363432376444709
-2.4142571907000785,-3.3849151872182257
-2.407224564545962,-3.41318853821506
-2.39967369027956,-3.4411852648787873
-2.39256572425013,-3.4700658370190216
-2.3866920705917596,-3.4994301366947447
-2.3820493465174066,-3.5290889820946787
-2.3789848949002543,-3.5589812140474746
-2.3777240995193245,-3.5830104073020985
-2.3766685224787145,-3.612972030435868
-2.3747371962263673,-3.6422503510872253
-2.371844118560355,-3.669518551910038
-2.368773398727543,-3.6907661508345275
-2.364752823940466,-3.7120084034525895
-2.359945611270432,-3.732192985441642
-2.3521979742308963,-3.7603706028191515
-2.344752424496761,-3.785896176406075
-2.335961764661702,-3.8143398004675984
-2.3281194168500265,-3.8434005031828318
-2.322778554545038,-3.873085814119741
-2.319663782530514,-3.9029698310507586
-2.31685413398051,-3.932753933537699
-2.3124091502899913,-3.9622721166353307
-2.3060703869216024,-3.9914970211139695
-2.300646604693344,-4.01410710513599
-2.2946391671232695,-4.040365992239125
-2.2885528481911135,-4.067239235488386
-2.282446781612067,-4.09450379561063
-2.2753962740303515,-4.1234171340253996
-2.2680527042056773,-4.150634513805099
-2.2616268073352566,-4.172963188531029
-2.255043756118058,-4.195350714799968
-2.248972548188387,-4.217879083455035
-2.2423657680364313,-4.243944695145228
-2.236772731115193,-4.26710719254278
-2.230382177525615,-4.2964432739330904
-2.224005645001756,-4.325749161273163
-2.2179170116508407,-4.355176550828479
-2.2137561985453686,-4.378856946229774
-2.2092401562625708,-4.408565810438052
-2.2055227959189763,-4.438371058024213
-2.20180439786741,-4.46809730828545
-2.197343403168827,-4.497719923612843
-2.1927015425775456,-4.527375065797455
-2.189033841592326,-4.5510732028367045
-2.183980556035439,-4.5806233006512205
-2.1790588424692334,-4.609881933585082
-2.1752894242724934,-4.636020919615526
-2.1723964851551796,-4.661504601219406
-2.1693114538728357,-4.68811797806267
-2.165144135759658,-4.7161630746887475
-2.1618330505061185,-4.736198701081542
-2.1577927816512337,-4.758339214892168
-2.1536343546675623,-4.778676077881903
-2.148660051903442,-4.799894670055974
-2.143728526154794,-4.820080061159393
-2.1380424509932983,-4.842340478669139
-2.131626697205062,-4.8666098729488745
-2.1246189595005305,-4.891249029124012
-2.1169539866400116,-4.915066531264304
-2.1112474097053684,-4.932375476208525
-2.1041169377789797,-4.955043096001825
-2.0968264828488574,-4.979654773455497
-2.090669097704899,-5.005160839332643
-2.084823299864184,-5.0308452961358165
-2.077862445640598,-5.0581864802905505
-2.0708918867091075,-5.087168826961476
-2.064436879289305,-5.116311588421479
-2.0589699338263556,-5.13964399063877
-2.0517422689542744,-5.168734005837705
-2.0440948704461612,-5.1977237605672135
-2.0361737456673845,-5.226637462630249
-2.0276626206496764,-5.255335298956828
-2.01858198377678,-5.283954349588431
-2.010552362412871,-5.312956474738799
-2.0037248373002696,-5.341562360957624
-1.998801428925521,-5.3651089673103876
-1.9934731121843947,-5.394000088783715
-1.9879671893195703,-5.423477110259894
-1.9822453491531649,-5.452893912746517
