0.027324301256124086
0.05577610997739661
0.07161022936306571
0.0760894317090129
0.08016799591237096
0.08712495154167689
0.0984856523845647
0.10444328838020488
0.10558902509910244
0.10559017801613041
0.10559164075563333
0.10559238483902443
0.10958987445831372
0.12358759373576031
0.1472512407079633
0.17545217563017781
0.20515954527007452
0.23504493073494973
0.2651932700700403
0.29528941942108605
0.3253272599880687
0.35539124701654884
0.38432281636610827
0.40997393572570556
0.43556029126682566
0.4573120638646385
0.4853110676803434
0.5137461337260197
0.538063811069471
0.5607273667347638
0.5854219954974277
0.6051707165202265
0.6275340020117119
0.6538469985785227
0.683072307627202
0.7116312358831789
0.7415298402372849
0.7655242563839324
0.795511478819286
0.8255100166660228
0.8554742069844166
0.885459992133739
0.9142844827598507
0.9428373197479915
0.9726800798499163
1.0026524023988763
1.0327353756310511
1.0628294126831066
1.0868904756770954
1.1160698344041546
1.1450886850783772
1.1748112353453084
1.204712677036798
1.234621055943634
1.2645096648779652
1.2944657533578425
1.3245229994521899
1.3546139218614062
1.3846650277596506
1.4122455045583169
1.4356998037148765
1.4634865201385734
1.4902565691431504
1.5098663489644732
1.5392592464265538
1.5691997133326208
1.5991538996681047
1.6290762232185252
1.6586481387983896
1.6860305592280302
1.711919098439056
1.7347138724351547
1.7609096814191576
1.790011401081615
1.8200335061079274
1.849856863185576
1.8798239644136212
1.9097979937610248
1.939798178482629
1.9698575213672038
1.9999091639080242
2.0299203598989255
2.0539261882924085
2.0839334475727327
2.1138914871021677
2.1438305923817156
2.1737189481953574
2.203688657427338
2.2336256976073017
2.2636467519209984
2.293763303296584
2.323687323502671
2.353055502084293
2.3738690823495214
2.409282429600422
2.4333137297312355
2.4633798303528174
2.493477726277905
2.5235737284772215
2.55357818452253
2.583546276330791
2.613553022536065
2.6436030222295956
2.6736403675988685
2.7035932596030574
2.7335430530292872
2.763554280769906
2.7936911899478405
2.817792568649242
2.8478043310323167
2.8777902916520337
2.9078338357923905
2.9378308320071778
2.9677747984512246
2.9957246702194777
3.022586180675565
3.051334214338763
3.081211794985645
3.109692729438375
3.138187459950654
3.1678153249095815
3.197466301670698
3.2209664932764026
3.2502405073075615
3.280096143120008
3.3100856365186195
3.3402001597943736
3.3704292505783733
3.4007346315991076
3.430980855463009
3.461114362299839
3.4911519956677592
3.5210828230499365
3.5449599709183484
3.5749100879588998
3.6047854525784597
3.6345611889352067
3.663138862250144
3.6877897959946253
3.713692175056129
3.7410273098625755
3.7705499187833076
3.800517754201984
3.8294719163792017
3.850213122316879
3.8748009418172744
3.899252709782026
3.9252336684578926
3.954305781682976
3.9831641359007963
4.0121981028404985
4.0411747850206075
4.069461974695333
4.099411964194549
4.129316589572139
4.1591925215934085
4.188363873371962
4.217391558671372
4.2465917211869035
4.276396949701631
4.306339333914592
4.327887865657345
4.350981587673661
4.3732446026533065
4.397507844368258
4.424664986002526
4.447396135497409
4.469281323833843
4.492171972882336
4.518378740490133
4.544591678412875
4.567753272847644
4.593216996162254
4.6229825752196625
4.652916423585177
4.682934109534098
4.707040157682308
4.737183367617837
4.76721359717431
4.797223359221388
4.827190765315338
4.8571709483510395
4.887275620189948
4.917421900272529
4.944744931700982
4.967654949853209
4.992497258199691
5.013993667729411
5.039373119837867
5.065324062137153
5.086399636659489
5.113296615496529
5.140936242095136
5.170078554693361
5.199506828183866
5.226991738044864
5.2532302629492715
5.278462551407064
5.30485440281947
5.333926412081565
5.359802551753102
5.383788781625839
5.408255396586211
5.43472125714626
5.459218040369269
5.483807769012562
5.508302855106539
5.532570133286065
5.551532560768528
5.574606293278441
5.597609187364557
5.620721568905017
5.642736455791936
5.664973893287479
5.687188107959924
5.7092790712684645
5.731239328215069
5.753074909764413
5.77178790982396
5.7963327320386
5.820986632310294
5.846775093783073
