-2.4761482722350383,0.05350254987595965
-2.49816675528413,0.03321380560246518
-2.5187807789697128,0.013159114923088482
-2.530556343076158,0.001220297735805876
-2.5327703946277724,-0.0010791809120652297
-2.5346976473769445,-0.0030992033579259983
-2.5363409892805437,-0.004837372503910255
-2.540479190741547,-0.009312069292860934
-2.54079148193057,-0.009662121487315607
-2.5407915361240727,-0.009660498738377047
-2.5407917197000027,-0.009661235140253846
-2.5407919251053626,-0.009661666195352477
-2.5407918082825365,-0.009661086706778229
-2.5415896769466175,-0.010555360096011665
-2.548247595419095,-0.018012438810592852
-2.5614994062600687,-0.032853075996949935
-2.5789727264736872,-0.052460781941141364
-2.597834535758556,-0.07459757096502954
-2.614310035627822,-0.09594536246091792
-2.6274449127149344,-0.11548411715054277
-2.639898517619377,-0.13605745144478246
-2.6504603326978455,-0.155386454756358
-2.6623727644730764,-0.1794759178062903
-2.674346297954931,-0.2045215151013605
-2.686556927500575,-0.2307681593511069
-2.698555077498606,-0.25781177101786246
-2.7077979197737427,-0.27824685673943345
-2.7213470843900436,-0.3052946216380823
-2.7299468072168565,-0.3210252540389938
-2.741171805309963,-0.3420509981888082
-2.751561116075421,-0.36336840038044765
-2.763788841467724,-0.39018707752172677
-2.7755387420540267,-0.4177309833677105
-2.786721809834313,-0.44554843461624954
-2.7973786730314925,-0.47351519324634
-2.806427290203631,-0.5004326365906359
-2.8144119196253543,-0.5257144630128917
-2.821472834846308,-0.5480900201253156
-2.8295040319329092,-0.5719595185915138
-2.839583008368575,-0.5993637896098787
-2.850564428593338,-0.6273350883670002
-2.8625660881508193,-0.6548926078795085
-2.8758671865986543,-0.6818317650988686
-2.8891597766434116,-0.7086768016529188
-2.9012165819196682,-0.7360194822837052
-2.9107854388148864,-0.7623019359448691
-2.9176234732611244,-0.7854522681033317
-2.9240367361645947,-0.8104213338364338
-2.930536537325084,-0.8369061875347249
-2.9374214870938045,-0.8639264823998487
-2.9444871452345986,-0.8924300103988453
-2.9510953416855346,-0.9191293750202724
-2.9574823289120076,-0.9422197296518211
-2.966280610353283,-0.970318492948044
-2.975262847433389,-0.9986456368781024
-2.983063166557611,-1.025973451703408
-2.989148096129837,-1.0508935859731936
-2.9957903795344456,-1.0776280800817317
-3.0014936344528227,-1.0987331265548022
-3.007950481214389,-1.1210315912360038
-3.015556610256111,-1.1473033013068303
-3.0234231509159653,-1.176202396524658
-3.0309603376599292,-1.2052216800691327
-3.039301122356081,-1.2341451515131219
-3.049602820928667,-1.2623810313676942
-3.061121226879407,-1.2898104361388263
-3.0729063782039363,-1.3159838905397134
-3.0855701613677295,-1.3427238575917575
-3.099096503586224,-1.369345437516052
-3.112358775585547,-1.3961332034687572
-3.1215737328468895,-1.418149852842055
-3.1336198087732465,-1.4520176907698927
-3.1413937111404002,-1.474691780924842
-3.1505423049103474,-1.5032148909218292
-3.160475476102779,-1.5374631460155859
-3.166677846852526,-1.5606194938433215
-3.1743216169877875,-1.5883810191098382
-3.181236875173098,-1.6116424847565827
-3.188524432241925,-1.6345417746446775
-3.1966428998452985,-1.6602791282223048
-3.204921692003024,-1.6890318618143039
-3.2113949490208156,-1.718166198793613
-3.2153741550535777,-1.7477344160525994
-3.2173896137557136,-1.7775883576413427
-3.2181614755875536,-1.807463083423116
-3.2172303024707714,-1.837203932541193
-3.2154835092017398,-1.8658982532188253
-3.2128759383992995,-1.8957361379058904
-3.209620794427465,-1.925508072117187
-3.205106887536968,-1.955054411899269
-3.1986937973177425,-1.9841966139761333
-3.1891346059762893,-2.0123154235583747
-3.175088378978621,-2.038052796360517
-3.1572062349942245,-2.0615324524689145
-3.137352654637297,-2.083565588786456
-3.1171234670466483,-2.105435821690622
-3.098076352872774,-2.1284996751577134
-3.0819870677241066,-2.153903747590193
-3.0704451017288266,-2.1819088930230124
-3.0633094550554927,-2.2112641489955522
-3.0588460871820558,-2.2406242235285556
-3.055414805922963,-2.2701298038803657
-3.0531016215419333,-2.297158408182464
-3.0522446330090927,-2.320866661007027
-3.053406371079342,-2.3498609218872777
-3.057480610662069,-2.379749330793959
-3.0645918410353454,-2.409025549409782
-3.073833433108879,-2.4376642113788365
-3.0850727906033315,-2.465600343124367
-3.0972062502274307,-2.4930464616942394
-3.1066371273279354,-2.515062670887738
-3.118820962983308,-2.546801919314751
-3.12651858527735,-2.5705605263573412
-3.132473335259077,-2.5936335840954325
-3.1364665067984627,-2.6111060348871042
-3.142790954769435,-2.6394670699455163
-3.1471144788599115,-2.6582100383898046
-3.150046683761208,-2.6699907433339325
-3.1542490401213605,-2.684444136012613
-3.1608605284475866,-2.7041678846963895
-3.1692124377614013,-2.7279336905587868
-3.178895555842199,-2.7543616399971538
-3.1864355986268516,-2.7729865206819264
-3.1969162969190186,-2.7966729205835525
-3.209611137947886,-2.823302890167602
-3.2226960765467854,-2.8503197289934388
-3.236106106528674,-2.87718083708639
-3.250115811416848,-2.903762514110603
-3.263937115878589,-2.9292194995651117
-3.2788148244448214,-2.9552928692214437
-3.292835905498368,-2.981120428484631
-3.304765089228625,-3.008135672468894
-3.313296419118727,-3.03661644432747
-3.3186288743469703,-3.0659689193714064
-3.32190258910978,-3.0956824621464576
-3.3233153070692913,-3.125494108777356
-3.3226286947270838,-3.155362912950733
-3.320655018644939,-3.185280994341098
-3.3193928033647655,-3.215363232070844
-3.3209394099001464,-3.2455385088778383
-3.326154728030068,-3.2752945735854593
-3.3353014052923706,-3.3040994176744016
-3.347094790729146,-3.3318012556145944
-3.359536171551601,-3.359079666242825
-3.370715258835658,-3.386749548720478
-3.3786640144205324,-3.4153677821794832
-3.3824336915329627,-3.4448684046135565
-3.3833280760921998,-3.4747325364975117
-3.3832472178383135,-3.5047138116644003
-3.383245201879343,-3.53473021332027
-3.383783265559699,-3.564778207917539
-3.3846183082386494,-3.5947494482357647
-3.385474168552768,-3.624750934461148
-3.3860287307944503,-3.648727609366813
-3.38666056022104,-3.678712948725241
-3.386900102805367,-3.704890230108682
-3.386629600561352,-3.7242578688772134
-3.3858237676198697,-3.747435914104915
-3.3844990752936357,-3.7737327216584755
-3.382387587556826,-3.799975036910117
-3.3790595675880426,-3.829657307223117
-3.3761362678185822,-3.8590421272212594
-3.3740108561592685,-3.888132350756073
-3.3728230567053528,-3.9166318006329295
-3.3719724836452207,-3.9462332679969334
-3.370672139551343,-3.975221974533257
-3.3684394856625337,-4.002713566084487
-3.3655660856313405,-4.0257023692986404
-3.36217615308891,-4.0476991761041505
-3.358580189043365,-4.068247183494225
-3.353834340481757,-4.091186989636124
-3.3472602222398438,-4.118049081129421
-3.3392271610387034,-4.144759318402881
-3.3300182873882354,-4.169844975383595
-3.3203905565580305,-4.194195875637513
-3.3098580394651544,-4.219076178267377
-3.2975830895300966,-4.245513819586685
-3.2856602710476133,-4.268629265123395
-3.2765646874856396,-4.284469911583518
-3.2684543289779007,-4.297618983547194
-3.2615981834002836,-4.308920794293887
-3.2565099594739917,-4.317056958900596
-3.2509910792066607,-4.325835285665854
-3.2442169521595123,-4.337098164063094
-3.2377694291315584,-4.348569083400383
-3.230934810831915,-4.361421384928827
-3.224251628490869,-4.374357614376596
-3.217402637580167,-4.387223360087025
-3.2113403806764826,-4.398240965948158
-3.206747234407373,-4.40676193081739
-3.2026547280127793,-4.414575230748627
-3.195681732261359,-4.427476368179546
-3.187450368971913,-4.441674494348979
-3.180698895302156,-4.451745934960068
-3.1762426423928187,-4.457721806937118
-3.1726421921538166,-4.4621478023991745
-3.170813056874594,-4.464352578621689
-3.1693243735800154,-4.466050691690117
-3.1662074991047,-4.469395022079233
-3.1614733230099055,-4.474305468106009
-3.1522344111703258,-4.4834127643474995
-3.1422980794879543,-4.492749519358095
-3.13269091942252,-4.502493528852662
-3.1243848669228913,-4.5118315425730415
-3.1185521984782585,-4.51849923406517
-3.1126148002317646,-4.524764135088524
-3.103267999903339,-4.533705329619895
-3.0967134012495627,-4.539903854346693
-3.0936041618527446,-4.542925862191423
-3.0883951747795346,-4.548323601842335
-3.079390970388496,-4.558650111144056
-3.06892154181385,-4.571840464823455
-3.059258441748261,-4.584287702134852
-3.054135103368653,-4.590751604273973
-3.0537496252725482,-4.591239495105751
-3.0525970159516422,-4.5925076400050004
-3.053945929794242,-4.59118848535051
-3.058295371455944,-4.587027804669802
-3.0629362761844114,-4.582706895129909
-3.067224978864406,-4.578782344949607
-3.072448182285271,-4.574155125870341
-3.076087703502818,-4.57109861335135
-3.079713832233256,-4.568267138216729
-3.0817410687758175,-4.566758737565401
-3.0808770768448257,-4.567372175778989
-3.080256476651603,-4.567801765376765
-3.079398626023852,-4.568418212642952
-3.0760106509895273,-4.5709294413594215
-3.0754548833449036,-4.571337078751826
-3.074581417534847,-4.5720132139066605
-3.0721741539380854,-4.573940072129699
-3.0703153476684486,-4.575492208569896
-3.067577358608591,-4.577703596982769
-3.069258394746065,-4.576418573049658
-3.0733519309965533,-4.5732438941816635
-3.0736713564752307,-4.572979744284062
-3.072501757551612,-4.5740137641290515
-3.074308027605848,-4.5723121481651035
-3.0809300904543213,-4.565936696802349
-3.085365082093087,-4.561740501117292
-3.0897084953814087,-4.5577230620462705
-3.0901209306698836,-4.557337542988136
-3.0917241832856885,-4.5557560933167665
-3.090253505695112,-4.557322903634582
-3.0885905312616875,-4.559098333754495
-3.0908779268459896,-4.556898978008408
-3.0980010465072088,-4.550321939181922
-3.1095132540899644,-4.539877553573891
-3.1180247063280917,-4.53215947998305
-3.1209626246240822,-4.529518954757713
-3.1222092479552277,-4.528412126807201
-3.122019170642188,-4.528580442526111
-3.1233808983774156,-4.527482415021319
-3.1270608393938693,-4.524426905066579
-3.131028118492608,-4.520873025209799
-3.133255432587523,-4.518720148714994
-3.131327837727349,-4.520787961502604
-3.1284797149126033,-4.523935992239406
-3.1237528088552047,-4.5288177515463985
-3.1182561535021915,-4.533809876690074
-3.114166812274119,-4.537222917012827
-3.115207458195957,-4.53641753997546
-3.118451153175387,-4.533843986623413
-3.1204489847375143,-4.532082159712038
-3.126004077082843,-4.526835887139566
-3.1301039542945848,-4.522778703383499
-3.1328727883016896,-4.520152144539537
-3.13080208308503,-4.521856949701823
-3.1272553124280384,-4.524616468450428
-3.1222848724375547,-4.528722754471669
-3.116354251827864,-4.533997324186869
-3.113689999603272,-4.53658270096234
-3.1113035307353476,-4.538871414942348
-3.1079537556224976,-4.541698113494776
-3.10348960916699,-4.545148186113709
-3.0931257103353196,-4.552609064886577
-3.0784190526452093,-4.562134917012992
-3.057561839112573,-4.573315828558304
-3.0316774066617582,-4.584361368369122
-3.0038145649229437,-4.594720353247613
-2.975555301511004,-4.604513970906353
-2.9481395782391893,-4.612791831895657
-2.9260034732228464,-4.618661354456908
-2.9077580773636753,-4.623342261651875
-2.887798267723121,-4.628450216445133
-2.8608747220507884,-4.63496441626865
-2.8390960019012916,-4.639832561833585
-2.816335212580568,-4.645115512239287
-2.7893842259560686,-4.651707440322517
-2.761118976432784,-4.6589967276103215
-2.732234752193348,-4.666724595826566
-2.7057291600634708,-4.673767718885992
-2.684210726194064,-4.679059226609844
-2.664079843177779,-4.683140080401519
-2.6426324007202613,-4.687107703480717
-2.6200479633872527,-4.691763009883685
-2.596612525323128,-4.697170190039233
-2.56931982204008,-4.704330930519956
-2.5461914379955637,-4.710825631861061
-2.519243474217968,-4.718205782060904
-2.4901412586676224,-4.725199347457786
-2.463275530995148,-4.730689765776942
-2.438178208275042,-4.735145739153228
-2.4166358138763266,-4.737823872397232
-2.3979005979309327,-4.738773148447652
-2.372787972456716,-4.738933368077128
-2.3468659936650926,-4.737581711083912
-2.3205044594702104,-4.734322599375515
-2.2933392439144873,-4.7302368937615835
-2.2640872506067176,-4.726855394306443
-2.234083273080644,-4.72477848522685
-2.2041111719873774,-4.72336508241912
-2.1757872342708424,-4.722027725083742
-2.151887663940285,-4.720740694606512
-2.1263133834467585,-4.719008828039141
-2.0992610003509213,-4.717008346748291
-2.0699278167475343,-4.715724135060905
-2.039989588271043,-4.7151957531938855
-2.011108920619265,-4.715875886769466
-1.9869658466258,-4.717551899634287
-1.9637873184208734,-4.72083493246148
-1.9409442024989874,-4.726135215147327
-1.9172491598880597,-4.735018488427454
-1.8966495055886259,-4.746536806022918
-1.868494663517992,-4.769411667858985
-1.8518194222621154,-4.786864961952036
-1.8327670999866885,-4.810215864855843
-1.8157777875321521,-4.8347692399344
-1.8032548405938766,-4.856337284920887
-1.7943996455917552,-4.87518467144181
-1.7851715657936773,-4.900456193251124
-1.7781553893178572,-4.928852429652682
-1.773996366237914,-4.956638026967401
-1.7709738994759792,-4.98509088531309
-1.767188976640672,-5.013910146630746
-1.7609972062283674,-5.042993903097256
-1.7524448714148846,-5.071620370640986
-1.74254409088868,-5.099844277232027
-1.7316735700020676,-5.12743427236312
-1.7206115815938692,-5.153498397201438
-1.7081668800202794,-5.17800308842236
-1.692154997801402,-5.203136130792305
-1.6742305854805033,-5.226144593818426
-1.656502356568998,-5.245975578587774
-1.6380401059322325,-5.265869597739574
-1.6188824008874823,-5.2878331085044605
-1.600518748389535,-5.31082941995757
-1.5836535937787317,-5.332065872148303
-1.5656576314110895,-5.353359079843771
-1.545823994829316,-5.374201606613476
-1.52499349516481,-5.395265404484363
-1.5046911103897145,-5.4165662299168895
-1.487212274926089,-5.435301979988552
-1.471754555171134,-5.452674743007281
-1.4543404374022035,-5.473656413664452
-1.4360656901321232,-5.496355262865496
-1.4221876945248748,-5.513150354505433
-1.4061672720622014,-5.531278815146303
-1.38744189779566,-5.5511463165374995
-1.3716414142680333,-5.567174275227872
-1.3556202654417338,-5.583739926667691
-1.3376603647925025,-5.602452737974837
-1.317470593290811,-5.622778640819899
-1.2978226007026499,-5.642273143888168
-1.277883414260956,-5.6627393989245
-1.2604218305959356,-5.6826950559652945
-1.2451180640555257,-5.703858926264009
-1.2346030702356938,-5.7231057316716
-1.2271212251043595,-5.7425009578047534
-1.2222023077763542,-5.763307238297999
-1.221134532720558,-5.784442506756081
-1.2234633965042359,-5.804329698023233
-1.2277275071289167,-5.823769833188105
-1.232866745688349,-5.8441214801326264
-1.2391174321871226,-5.8696715300850615
-1.2454330343570863,-5.89770609581188
-1.2502940040505035,-5.9257763297724155
-1.2522939824137274,-5.949393550764895
-1.2530413791247663,-5.973008778662579
-1.254034113286016,-5.995610449009414
-1.2564749929558108,-6.018104589546163
-1.260474067378351,-6.040926934333054
-1.2663424229041937,-6.068294869025452
-1.2739255263327107,-6.097234253101741
-1.2816423405552864,-6.126102371522782
-1.2887747221762205,-6.155219868616695
-1.2943847659327081,-6.178559612068377
-1.3033828280217583,-6.213480713191622
-1.3122641859268156,-6.242235727337748
-1.3202681547823645,-6.2649074386658965
-1.3301993351434935,-6.293149788568835
-1.3389343462386596,-6.321782310271971
-1.3470383134488513,-6.350624098204323
-1.354700795411342,-6.379631674853378
-1.3623870459653273,-6.408617079835074
-1.3695184670808742,-6.437694602167495
-1.3754388904123673,-6.467025973481965
-1.3807734201405362,-6.49564501483728
-1.3862726760188848,-6.524632846986954
-1.39091427731862,-6.549599244879104
-1.3948958853978883,-6.569370803503099
-1.3991787511938614,-6.590752937788582
-1.40226556065263,-6.611491055904394
-1.40442387837575,-6.632394296000455
-1.4060487254576852,-6.65351794497694
-1.4080671705180607,-6.676420692070484
-1.4107461923799476,-6.70160365931538
-1.4136655913075673,-6.726486732653302
-1.4169032902002192,-6.748664058463334
-1.421485817719645,-6.773591123399571
-1.426772074049915,-6.799184281390427
-1.4329978399889371,-6.825566191400282
-1.4389344717576917,-6.852450948491605
-1.4447859737631645,-6.879793825856857
-1.451822321252028,-6.906779297743072
-1.4601269799553653,-6.932026124199951
-1.469894453811762,-6.958044094701921
-1.481185480314585,-6.984995557277297
-1.4937937888475794,-7.01228556097432
-1.507311846953012,-7.039135780253178
-1.521630846960631,-7.0655475373085705
-1.5331279571062117,-7.086175770882348
-1.5470700038473781,-7.109752948207918
-1.5635656964096634,-7.134880798901625
-1.58044573980544,-7.159223070315864
-1.5935665742364182,-7.177094725138541
-1.603586817748625,-7.190002759297759
-1.6137283794758746,-7.202608891005776
-1.6276901561887334,-7.219742854898378
-1.6449761047354754,-7.241755384029112
-1.6620992875360932,-7.2658447076240895
-1.6778801145639746,-7.2909859915160125
-1.6926334519482484,-7.316747227730212
-1.7074435816309068,-7.34282459245012
-1.7224854452322884,-7.368642590427457
-1.7384983440765969,-7.393425402781483
-1.7547141048216772,-7.416973497048583
-1.7715419284109206,-7.441547718875571
-1.7882003472135066,-7.466451435785139
-1.803558310601265,-7.491461602901938
-1.817147849985234,-7.517027472319984
-1.8294754461814102,-7.544187684995551
-1.839804243498403,-7.57207002000268
-1.848135998201116,-7.599883796791599
-1.8560790117218187,-7.628781510254225
-1.8635401333981267,-7.656726921738164
-1.8699949197204078,-7.678972071299158
-1.8764828068815724,-7.7007563877453835
-1.8828278128434197,-7.721754121750624
-1.8909332842893,-7.748457681712996
-1.8991500644578654,-7.777284722709185
-1.9063897577259759,-7.8032408288689705
-1.9128037531869349,-7.827604865055512
-1.9189820695618947,-7.855598970423567
-1.9236687377393558,-7.879104620748436
-1.9288002764818601,-7.908619564342642
-1.9336493546759068,-7.938227246344971
-1.9385043236492168,-7.9678158326709125
-1.9429286717228644,-7.997440389382363
-1.9463856966318895,-8.027181720450551
-1.9490634623101257,-8.057012935624789
-1.9515240284365623,-8.086872238453667
-1.954166424086093,-8.116738433718906
-1.956886111805405,-8.146574880938026
-1.9586512049255296,-8.174774645273283
-1.9599098120571954,-8.199592280983765
-1.9620828493832012,-8.224614331870466
-1.9662486012297362,-8.253968832138531
-1.9706563337408736,-8.281854700240869
-1.975463297437228,-8.31110006747833
-1.9808465090286265,-8.340578389589494
-1.9869956570960803,-8.369063270881563
-1.993076660540328,-8.39529628554679
-1.9995882936968226,-8.423990513935788
-2.0060436939779995,-8.453268849961324
-2.0120131317667926,-8.482604318949205
-2.016782651441516,-8.512169369517402
-2.0209620689306402,-8.538867772062055
-2.0245784668618763,-8.562786410140529
-2.0269796392921413,-8.580416027874582
-2.0287404633137727,-8.595398001569677
-2.031154722605546,-8.616982140270194
-2.034291700202705,-8.647044468525909
-2.036378365222908,-8.66885102479928
-2.0386154509744596,-8.698554584599288
-2.0401655227579276,-8.728464439124595
-2.0407650552588628,-8.75837260700602
-2.0403170960018335,-8.788346158703375
-2.039915085684431,-8.818346842518535
-2.0389727210723945,-8.848273674266215
-2.03678198902751,-8.877604337502158
-2.0328619866718993,-8.904656102745502
-2.0279567693840765,-8.92715375962172
-2.0217044716172294,-8.949154559995877
-2.014056061779069,-8.972479007556847
-2.0035212663507247,-8.998934114704538
-1.991083330732569,-9.023854902785791
-1.9767237590050182,-9.04638696429458
-1.9586422074925405,-9.069460228476162
-1.93830346966344,-9.091253798626486
-1.916363809517105,-9.110824338788325
-1.8927607978303134,-9.127333929493878
-1.8713523654330935,-9.138041163015743
-1.8520415962807775,-9.145028737366319
-1.8292673773836499,-9.151345817904486
-1.803139162194808,-9.156422141244908
-1.7757328270755084,-9.160725194530263
-1.7463708573766725,-9.16518752963157
-1.7167589912420436,-9.170180967778474
-1.6874592466136578,-9.175302850185478
-1.6596920770213999,-9.179271584898489
-1.6306171281517956,-9.183038527070861
-1.604325432309015,-9.185934537628093
-1.5795490835504753,-9.188495391224517
-1.5532062185271431,-9.191599335389018
-1.5262130424236962,-9.195736266072924
-1.501951715367332,-9.200591198949713
-1.4827445652226543,-9.204982022088686
-1.4574819067397966,-9.211606356033665
-1.43542000904981,-9.21831469063791
-1.4181315135194763,-9.224331790895784
-1.3975745047776331,-9.231675285546244
-1.3731751886220782,-9.240247281744011
-1.3530813159082604,-9.247371958603607
-1.3390887302198524,-9.252240082418357
-1.321385236245504,-9.258342270125082
-1.299281082559916,-9.265879938663673
-1.2774200777711966,-9.2733159123953
-1.2552552222259663,-9.280749848474105
-1.233558442766037,-9.287673736671712
-1.2134781035392699,-9.293803855452566
-1.1968685737198625,-9.2986515861512
-1.1784101449007498,-9.30404811474515
-1.1569893910375784,-9.310962892185856
-1.1379507733225913,-9.317046271464417
-1.1157477572817087,-9.323645127931753
-1.0944090856212072,-9.329407204096805
-1.0745230416906446,-9.33461831666464
-1.052238972739971,-9.340938263553507
-1.02773504964466,-9.348684394132276
-1.0065322709790483,-9.356084348638493
-0.983676949432447,-9.364497111563818
-0.9621905176887657,-9.372821985080224
-0.9456263725067873,-9.379928525189207
-0.9289131318229249,-9.38772841513017
-0.9113264676501336,-9.395845111993806
-0.8918639851487139,-9.404748378892377
-0.8735738996564822,-9.412622752301708
-0.8580200456352873,-9.418393943443217
-0.8313386530401011,-9.42675712969595
-0.8023943010376359,-9.434229850200191
-0.7730426647968935,-9.439343825011084
-0.7435316902092972,-9.441747664229403
-0.71372277914642,-9.442869058556044
-0.6838972022089828,-9.443468831818702
-0.6547191401979373,-9.44380690627275
-0.6250247166184999,-9.443612138579509
-0.5952389468140128,-9.442005306031964
-0.5654382219175185,-9.439029169537427
-0.535699713470413,-9.435526589233168
-0.5074151514457433,-9.430475713801973
-0.4818345519937448,-9.422755214369081
-0.45577029523133517,-9.409712428770671
-0.43205426689739185,-9.39189259366048
-0.4106868235444712,-9.371095773462656
-0.3936908993340075,-9.352080673117756
-0.3779027231613184,-9.332879865881274
-0.36197077212536927,-9.311619857378655
-0.34536859479250814,-9.288711206888525
-0.33004238333701763,-9.2678809437326
-0.31632037617724224,-9.24918501210352
-0.30471267841703575,-9.23347652637967
-0.2915014880879534,-9.21487497431498
-0.2786901924147674,-9.194751296809613
-0.26699251977594074,-9.174587559504586
-0.2526347093532319,-9.148351055339424
-0.23886258758338583,-9.123091620344022
-0.2259990740066808,-9.09916667995378
-0.2127476955529893,-9.075049135557668
-0.19923586910392035,-9.051332962995517
-0.18403313216140169,-9.026233404540598
-0.16742155104180997,-9.001176563596063
-0.1516134528007383,-8.978398829826386
-0.1350326570369084,-8.955168138882756
-0.11752810276086444,-8.931811934058688
-0.10152435364572679,-8.911163485606995
-0.08579076104524262,-8.890633276778813
-0.06986358541428798,-8.867442616096614
-0.05555439078026513,-8.8423625382434
-0.043487982912104345,-8.815745332583433
-0.034219074426734164,-8.788211970706758
-0.02801734696184582,-8.763509124167674
-0.02291723009956741,-8.739556672871633
-0.016631972282777522,-8.713123897237722
-0.00794598904746189,-8.685336166955466
0.0006814299691965109,-8.663626410175807
0.011293534372122759,-8.640362664225632
0.02342238126178146,-8.61544232767379
0.035336319272873645,-8.590654236638459
0.04702493888104177,-8.567025714316667
0.059629221834719984,-8.541015094583319
0.07169303526434614,-8.513620975513776
0.08274659981415278,-8.487794023209718
0.09339553769114634,-8.46332542512091
0.1030210669384548,-8.438434940591398
0.10973708622815145,-8.413161035007175
0.11270196693914734,-8.387453942626149
0.11238951982032007,-8.36302691409686
0.10762339079719252,-8.33582332549419
0.09877707212563072,-8.307918305659308
0.08759805337510057,-8.280329726897538
0.0781534926459305,-8.258400659702344
0.06496854377204628,-8.224927227301855
0.05462950491042753,-8.19685362107577
0.04463351880325176,-8.168875333566328
0.03416430131949506,-8.140839289100972
0.025612306869204866,-8.118836353323639
0.014596835039307452,-8.090980526118202
0.004304961630624356,-8.063194665871862
-0.004959314955638352,-8.037736464678757
-0.014560173921980038,-8.009446081897337
-0.023591060339977304,-7.980847741037256
-0.03238459414610067,-7.9521582089990055
-0.040248416897526236,-7.926164528853156
-0.04738257575408389,-7.901333655224014
-0.05359045735796273,-7.876057246739931
-0.06025075083277889,-7.8478362128169685
-0.06800441894073198,-7.819007788879883
-0.0766036838694831,-7.790547442047648
-0.08591437303373772,-7.762617935041981
-0.09600636008891071,-7.734589825362023
-0.10662774407242563,-7.706985831341135
-0.11642631585929748,-7.682849603546718
-0.12658905017264943,-7.65988548011229
-0.13637246090811248,-7.638750573704084
-0.14615839638830025,-7.618234935659057
-0.15970200015215014,-7.591967761638667
-0.17464823305475796,-7.566272793208616
-0.19100746261849727,-7.541241271898132
-0.20862153575474532,-7.517761245631177
-0.22629460482000419,-7.496682574698241
-0.2430849027121194,-7.4774414992638025
-0.26210381534254334,-7.4570179900306925
-0.2820533825261778,-7.437025483573848
-0.3029320073227949,-7.416910977112538
-0.3229114070040715,-7.398583814679394
-0.3441951867043062,-7.379421997727984
-0.36306328492583767,-7.362629241297525
-0.3817549942173757,-7.346690781531837
-0.4010560714256962,-7.33126104643607
-0.4167394464853476,-7.318966356047101
-0.4325043157773084,-7.30592147439289
-0.4521935127418323,-7.288836043838037
-0.47410098252346256,-7.269244360326376
-0.4966284158363088,-7.249774968650594
-0.5197784449276219,-7.230863483828813
-0.5432732392261194,-7.212403428692874
-0.5641382355321763,-7.195765329798114
-0.5860569143308604,-7.177629497272112
-0.6088701238399954,-7.158118124063515
-0.6316635446431921,-7.138666818919261
-0.6539705528259274,-7.120434256198554
-0.6702642244098832,-7.108010996337218
-0.6904879966507034,-7.093495227540963
-0.7087825622527397,-7.080950419660341
-0.7315157968436411,-7.06585521909257
-0.7559513794537407,-7.0490240260593655
-0.7767350673993823,-7.032914057382745
-0.7931306113152089,-7.01821411610569
-0.8081626872983785,-7.0034682648159405
-0.8279685636630026,-6.983955866703041
-0.8489026894252933,-6.962353774712804
-0.8688584174181535,-6.939836324598201
-0.887783323080802,-6.916477239631117
-0.906204784639423,-6.892788075141788
-0.9238161071454614,-6.8699317231303185
-0.9409764913218848,-6.847177069007728
-0.9583895139660652,-6.822665544367512
-0.9741630806718846,-6.798815344728191
-0.9899614432494246,-6.773909051210688
-1.0051013578906225,-6.747983486694825
-1.0190137019787673,-6.723459432233129
-1.0321830526070461,-6.7016106256272945
-1.0464290808471182,-6.678552593950566
-1.0613133576962657,-6.652959292684365
-1.072695767751955,-6.632278086318082
-1.0854830771170243,-6.609650011083945
-1.0975787180909282,-6.5884048563600714
-1.1097986162038187,-6.56655689735799
-1.1235922714023658,-6.542125926724539
-1.1386226605010763,-6.516697945960596
-1.153199467159389,-6.493032737970491
-1.1691102515467635,-6.468007025526786
-1.1854683863942121,-6.442879143192208
-1.2020457991435671,-6.417908816717099
-1.2193121733454118,-6.393433891797616
-1.236932455734213,-6.369180072919359
-1.2546720683145849,-6.3449755671517565
-1.2725575082534706,-6.320942704303865
-1.2904972177545613,-6.29786684483706
-1.3045091315296609,-6.2800604916055445
-1.3206596646304976,-6.257961640676173
-1.335428931537371,-6.235424222755815
-1.3504718042037163,-6.210094100919831
-1.364246358854,-6.183315046133783
-1.3764910413643339,-6.156305205903012
-1.3879279903775539,-6.129528473693897
-1.3984496370115969,-6.102778065846543
-1.4081370258594639,-6.076024119446049
-1.4175864807689353,-6.048752322740465
-1.4276556067558916,-6.021274774115916
-1.4383511694952078,-5.993702441175811
-1.4497006122412373,-5.966484108105093
-1.4629913984265455,-5.9406466356377114
-1.4783227190959378,-5.9158053607512295
