-8.24621475383777,2.7821845809396475
-8.246702588011969,2.782503888727645
-8.24656557973788,2.7824142801470613
-8.246566114543016,2.7824145978199404
-8.24656644426526,2.782414773703495
1.5529984539159204e-05,2.152212966973972e-07
6.874911830267736e-05,2.678964762776413e-07
0.00010505431382998103,2.7525020367966514e-07
0.00012309899853980193,2.4286840176696687e-07
0.00011999889447813559,1.9575636352910823e-07
9.699623567229065e-05,1.5761663985930467e-07
5.7599849509215565e-05,8.02597860816068e-08
3.653967598782387e-05,4.499917794284789e-09
5.330678952017841e-05,1.2177500168253021e-08
7.83600139242405e-05,5.954338400608508e-07
7.85086216082023e-05,8.522479236709341e-07
5.7953228255829106e-05,5.047490057652189e-07
5.33348961709667e-05,-2.22074278322317e-07
6.243079602726393e-05,3.4803907257377885e-07
6.611557314940284e-05,8.240045391579554e-08
6.123142559150676e-05,5.285525852548868e-08
5.940894633618586e-05,5.325690952355611e-07
6.237852810913484e-05,2.041280998563942e-07
6.317302298025581e-05,5.717753584287378e-08
6.198183677701153e-05,2.3350946364329036e-07
6.129659959897662e-05,3.509136464919903e-07
6.208269747663446e-05,1.3019065753161014e-07
0.00022255826684311133,1.2348535519932708e-06
0.0009409394859656342,9.943434235128879e-06
9.478166342440318e-05,-0.00014327922280367092
-0.0077683421851850905,-0.002194024190810901
-0.018661273372196113,-0.006438966082545523
-0.035248149874625115,-0.015870993945467135
-0.05158565674755118,-0.029725693319937595
-0.06048490394861258,-0.040288066335739364
-0.06526479372258291,-0.04822513234951234
-0.0656436658068475,-0.04922319856680159
-0.0648938623952472,-0.04343521088640338
-0.06551422374181787,-0.029686405081303793
-0.0701008496953132,-0.009846777224515393
-0.08020680465989993,0.01376810836385935
-0.09568788913591371,0.03912519230165511
-0.11018048726817058,0.0580051307697176
-0.1302814988138638,0.08004912055616833
-0.15211227087637,0.10040508562682118
-0.1753395999287843,0.11918482755981319
-0.1997452840171707,0.13641051187367217
-0.2252438265098907,0.15195234405517724
-0.251770783026327,0.1656628108889093
-0.27364432098887354,0.17527144414505103
-0.3016852784668228,0.1855607775205474
-0.33034225712160314,0.19399206169972466
-0.3594903374476524,0.2005030356408527
-0.38901537219226595,0.20504866380775183
-0.41877361632431637,0.20768880399259732
-0.44864783481053194,0.20851865970509995
-0.47852400978034654,0.20760461485066048
-0.5023928158541121,0.20580367790795653
-0.5321731855523444,0.20264028048901042
-0.5618985795641049,0.19882574242378354
-0.591589174489223,0.1946540336211018
-0.6153186444703124,0.19113770756840778
-0.6449598388145847,0.18657334476008283
-0.6745834912116182,0.18188546307425418
-0.7041993252284803,0.1771138297529832
-0.7278950997262706,0.1732987159165325
-0.7575281292597902,0.16858005651997984
-0.7871842243283326,0.1639973452148988
-0.8168476287561853,0.15949747715679488
-0.8465111452835994,0.1550230724097292
-0.8761517696676184,0.1504662869257928
-0.9057747646930752,0.14576076462877643
-0.9353738666641925,0.1409472607914007
-0.9590136568593642,0.13690807138970817
-0.9885089365204924,0.1315436024595846
-1.0179689799307314,0.12593931825506197
-1.0474025277167893,0.12018923724241996
-1.0709206942859233,0.11546393022985688
-1.1002587898154315,0.10930284668371092
-1.1295381787863519,0.10285088307767792
-1.158768402201762,0.09616559053669366
-1.18795396337113,0.08927692645210292
-1.2171135643134419,0.08225453024723701
-1.24587471092956,0.0743214100100947
-1.274602558449924,0.06572380979246839
-1.2977813059045458,0.059345722668003115
-1.3269518329975718,0.05209974995842131
-1.3562913313567786,0.045650218462464226
-1.3857581308768159,0.03982734107972084
-1.415317865914947,0.034532847555178686
-1.4449713465426612,0.029739633823125788
-1.4747447603588615,0.025672685105955342
-1.5046068681771412,0.022362154451958303
-1.5285549126122422,0.020261010941182763
-1.5585500099119869,0.018387198447453956
-1.588578541316978,0.017350150061922753
-1.618630832532195,0.017107516398944683
-1.6486741120683794,0.017733970886060022
-1.672680932163417,0.018723625670004226
-1.7026699388809525,0.020450715509792956
-1.732613058863769,0.022850410898090902
-1.762499109444386,0.025832110765961293
-1.7923224375558595,0.029265959167802405
-1.8221077910321768,0.032950299946305835
-1.8459170639227003,0.036022372867792564
-1.8756644995374545,0.03991813580405599
-1.9054068651040057,0.04371938647171071
-1.935184712150061,0.04723783292376315
-1.9590254372585434,0.04990461072953072
-1.9888468026929207,0.05304352835870064
-2.0186897137383895,0.05597105400316612
-2.0485554566816733,0.05871000724884944
-2.0784299429040285,0.06132426930364247
-2.1083093564240616,0.06349159613567959
-2.1322441014441846,0.0647682503253225
-2.162191603261724,0.06582470771512973
-2.1921578564980924,0.06639604155168582
-2.222135996738352,0.06658477193377389
-2.252117730654738,0.06646340689440636
-2.2821018727824693,0.06609341833367255
-2.312087978863116,0.06556411194176291
-2.3420621159254273,0.06481226420303234
-2.3720328454409265,0.06382310250832914
-2.4020017400169236,0.06267634433533824
-2.4259711820369936,0.061638102632599986
